[2020-07-22 15:40:31,878] {taskinstance.py:669} INFO - Dependencies all met for <TaskInstance: submit_data.spark_submit 2020-07-20T05:13:00+00:00 [queued]>
[2020-07-22 15:40:31,891] {taskinstance.py:669} INFO - Dependencies all met for <TaskInstance: submit_data.spark_submit 2020-07-20T05:13:00+00:00 [queued]>
[2020-07-22 15:40:31,891] {taskinstance.py:879} INFO - 
--------------------------------------------------------------------------------
[2020-07-22 15:40:31,891] {taskinstance.py:880} INFO - Starting attempt 1 of 1
[2020-07-22 15:40:31,891] {taskinstance.py:881} INFO - 
--------------------------------------------------------------------------------
[2020-07-22 15:40:32,019] {taskinstance.py:900} INFO - Executing <Task(SparkSubmitOperator): spark_submit> on 2020-07-20T05:13:00+00:00
[2020-07-22 15:40:32,024] {standard_task_runner.py:53} INFO - Started process 520310 to run task
[2020-07-22 15:40:32,224] {logging_mixin.py:112} INFO - Running %s on host %s <TaskInstance: submit_data.spark_submit 2020-07-20T05:13:00+00:00 [running]> bhakti-Vostro-3558
[2020-07-22 15:40:32,269] {logging_mixin.py:112} INFO - [2020-07-22 15:40:32,269] {base_hook.py:87} INFO - Using connection to: id: spark_local. Host: local, Port: None, Schema: None, Login: None, Password: None, extra: None
[2020-07-22 15:40:32,272] {logging_mixin.py:112} INFO - [2020-07-22 15:40:32,271] {spark_submit_hook.py:325} INFO - Spark-Submit cmd: spark-submit --master local --name airflow-spark /home/bhakti/airflow/spark_jobs/python/spark_test.py
[2020-07-22 15:40:35,741] {logging_mixin.py:112} INFO - [2020-07-22 15:40:35,740] {spark_submit_hook.py:479} INFO - 20/07/22 15:40:35 WARN Utils: Your hostname, bhakti-Vostro-3558 resolves to a loopback address: 127.0.1.1; using 192.168.43.94 instead (on interface wlp6s0)
[2020-07-22 15:40:35,741] {logging_mixin.py:112} INFO - [2020-07-22 15:40:35,741] {spark_submit_hook.py:479} INFO - 20/07/22 15:40:35 WARN Utils: Set SPARK_LOCAL_IP if you need to bind to another address
[2020-07-22 15:40:37,777] {logging_mixin.py:112} INFO - [2020-07-22 15:40:37,776] {spark_submit_hook.py:479} INFO - 20/07/22 15:40:37 WARN NativeCodeLoader: Unable to load native-hadoop library for your platform... using builtin-java classes where applicable
[2020-07-22 15:40:41,127] {logging_mixin.py:112} INFO - [2020-07-22 15:40:41,127] {spark_submit_hook.py:479} INFO - Using Spark's default log4j profile: org/apache/spark/log4j-defaults.properties
[2020-07-22 15:40:41,161] {logging_mixin.py:112} INFO - [2020-07-22 15:40:41,161] {spark_submit_hook.py:479} INFO - 20/07/22 15:40:41 INFO SparkContext: Running Spark version 3.0.0
[2020-07-22 15:40:41,266] {logging_mixin.py:112} INFO - [2020-07-22 15:40:41,266] {spark_submit_hook.py:479} INFO - 20/07/22 15:40:41 INFO ResourceUtils: ==============================================================
[2020-07-22 15:40:41,270] {logging_mixin.py:112} INFO - [2020-07-22 15:40:41,270] {spark_submit_hook.py:479} INFO - 20/07/22 15:40:41 INFO ResourceUtils: Resources for spark.driver:
[2020-07-22 15:40:41,270] {logging_mixin.py:112} INFO - [2020-07-22 15:40:41,270] {spark_submit_hook.py:479} INFO - 
[2020-07-22 15:40:41,271] {logging_mixin.py:112} INFO - [2020-07-22 15:40:41,271] {spark_submit_hook.py:479} INFO - 20/07/22 15:40:41 INFO ResourceUtils: ==============================================================
[2020-07-22 15:40:41,272] {logging_mixin.py:112} INFO - [2020-07-22 15:40:41,272] {spark_submit_hook.py:479} INFO - 20/07/22 15:40:41 INFO SparkContext: Submitted application: Spark_Test_Python
[2020-07-22 15:40:41,394] {logging_mixin.py:112} INFO - [2020-07-22 15:40:41,394] {spark_submit_hook.py:479} INFO - 20/07/22 15:40:41 INFO SecurityManager: Changing view acls to: bhakti
[2020-07-22 15:40:41,395] {logging_mixin.py:112} INFO - [2020-07-22 15:40:41,395] {spark_submit_hook.py:479} INFO - 20/07/22 15:40:41 INFO SecurityManager: Changing modify acls to: bhakti
[2020-07-22 15:40:41,395] {logging_mixin.py:112} INFO - [2020-07-22 15:40:41,395] {spark_submit_hook.py:479} INFO - 20/07/22 15:40:41 INFO SecurityManager: Changing view acls groups to:
[2020-07-22 15:40:41,396] {logging_mixin.py:112} INFO - [2020-07-22 15:40:41,395] {spark_submit_hook.py:479} INFO - 20/07/22 15:40:41 INFO SecurityManager: Changing modify acls groups to:
[2020-07-22 15:40:41,396] {logging_mixin.py:112} INFO - [2020-07-22 15:40:41,396] {spark_submit_hook.py:479} INFO - 20/07/22 15:40:41 INFO SecurityManager: SecurityManager: authentication disabled; ui acls disabled; users  with view permissions: Set(bhakti); groups with view permissions: Set(); users  with modify permissions: Set(bhakti); groups with modify permissions: Set()
[2020-07-22 15:40:42,093] {logging_mixin.py:112} INFO - [2020-07-22 15:40:42,092] {spark_submit_hook.py:479} INFO - 20/07/22 15:40:42 INFO Utils: Successfully started service 'sparkDriver' on port 42339.
[2020-07-22 15:40:42,150] {logging_mixin.py:112} INFO - [2020-07-22 15:40:42,149] {spark_submit_hook.py:479} INFO - 20/07/22 15:40:42 INFO SparkEnv: Registering MapOutputTracker
[2020-07-22 15:40:42,224] {logging_mixin.py:112} INFO - [2020-07-22 15:40:42,224] {spark_submit_hook.py:479} INFO - 20/07/22 15:40:42 INFO SparkEnv: Registering BlockManagerMaster
[2020-07-22 15:40:42,281] {logging_mixin.py:112} INFO - [2020-07-22 15:40:42,280] {spark_submit_hook.py:479} INFO - 20/07/22 15:40:42 INFO BlockManagerMasterEndpoint: Using org.apache.spark.storage.DefaultTopologyMapper for getting topology information
[2020-07-22 15:40:42,282] {logging_mixin.py:112} INFO - [2020-07-22 15:40:42,282] {spark_submit_hook.py:479} INFO - 20/07/22 15:40:42 INFO BlockManagerMasterEndpoint: BlockManagerMasterEndpoint up
[2020-07-22 15:40:42,293] {logging_mixin.py:112} INFO - [2020-07-22 15:40:42,293] {spark_submit_hook.py:479} INFO - 20/07/22 15:40:42 INFO SparkEnv: Registering BlockManagerMasterHeartbeat
[2020-07-22 15:40:42,324] {logging_mixin.py:112} INFO - [2020-07-22 15:40:42,324] {spark_submit_hook.py:479} INFO - 20/07/22 15:40:42 INFO DiskBlockManager: Created local directory at /tmp/blockmgr-8c4c88a3-fe80-45df-b96d-ec7bb002c69b
[2020-07-22 15:40:42,379] {logging_mixin.py:112} INFO - [2020-07-22 15:40:42,379] {spark_submit_hook.py:479} INFO - 20/07/22 15:40:42 INFO MemoryStore: MemoryStore started with capacity 366.3 MiB
[2020-07-22 15:40:42,411] {logging_mixin.py:112} INFO - [2020-07-22 15:40:42,411] {spark_submit_hook.py:479} INFO - 20/07/22 15:40:42 INFO SparkEnv: Registering OutputCommitCoordinator
[2020-07-22 15:40:42,956] {logging_mixin.py:112} INFO - [2020-07-22 15:40:42,955] {spark_submit_hook.py:479} INFO - 20/07/22 15:40:42 WARN Utils: Service 'SparkUI' could not bind on port 4040. Attempting port 4041.
[2020-07-22 15:40:42,956] {logging_mixin.py:112} INFO - [2020-07-22 15:40:42,956] {spark_submit_hook.py:479} INFO - 20/07/22 15:40:42 WARN Utils: Service 'SparkUI' could not bind on port 4041. Attempting port 4042.
[2020-07-22 15:40:42,957] {logging_mixin.py:112} INFO - [2020-07-22 15:40:42,957] {spark_submit_hook.py:479} INFO - 20/07/22 15:40:42 WARN Utils: Service 'SparkUI' could not bind on port 4042. Attempting port 4043.
[2020-07-22 15:40:42,971] {logging_mixin.py:112} INFO - [2020-07-22 15:40:42,971] {spark_submit_hook.py:479} INFO - 20/07/22 15:40:42 INFO Utils: Successfully started service 'SparkUI' on port 4043.
[2020-07-22 15:40:43,087] {logging_mixin.py:112} INFO - [2020-07-22 15:40:43,087] {spark_submit_hook.py:479} INFO - 20/07/22 15:40:43 INFO SparkUI: Bound SparkUI to 0.0.0.0, and started at http://192.168.43.94:4043
[2020-07-22 15:40:43,779] {logging_mixin.py:112} INFO - [2020-07-22 15:40:43,779] {spark_submit_hook.py:479} INFO - 20/07/22 15:40:43 INFO Executor: Starting executor ID driver on host 192.168.43.94
[2020-07-22 15:40:43,861] {logging_mixin.py:112} INFO - [2020-07-22 15:40:43,860] {spark_submit_hook.py:479} INFO - 20/07/22 15:40:43 INFO Utils: Successfully started service 'org.apache.spark.network.netty.NettyBlockTransferService' on port 42073.
[2020-07-22 15:40:43,862] {logging_mixin.py:112} INFO - [2020-07-22 15:40:43,862] {spark_submit_hook.py:479} INFO - 20/07/22 15:40:43 INFO NettyBlockTransferService: Server created on 192.168.43.94:42073
[2020-07-22 15:40:43,865] {logging_mixin.py:112} INFO - [2020-07-22 15:40:43,865] {spark_submit_hook.py:479} INFO - 20/07/22 15:40:43 INFO BlockManager: Using org.apache.spark.storage.RandomBlockReplicationPolicy for block replication policy
[2020-07-22 15:40:43,884] {logging_mixin.py:112} INFO - [2020-07-22 15:40:43,884] {spark_submit_hook.py:479} INFO - 20/07/22 15:40:43 INFO BlockManagerMaster: Registering BlockManager BlockManagerId(driver, 192.168.43.94, 42073, None)
[2020-07-22 15:40:43,892] {logging_mixin.py:112} INFO - [2020-07-22 15:40:43,892] {spark_submit_hook.py:479} INFO - 20/07/22 15:40:43 INFO BlockManagerMasterEndpoint: Registering block manager 192.168.43.94:42073 with 366.3 MiB RAM, BlockManagerId(driver, 192.168.43.94, 42073, None)
[2020-07-22 15:40:43,904] {logging_mixin.py:112} INFO - [2020-07-22 15:40:43,904] {spark_submit_hook.py:479} INFO - 20/07/22 15:40:43 INFO BlockManagerMaster: Registered BlockManager BlockManagerId(driver, 192.168.43.94, 42073, None)
[2020-07-22 15:40:43,907] {logging_mixin.py:112} INFO - [2020-07-22 15:40:43,907] {spark_submit_hook.py:479} INFO - 20/07/22 15:40:43 INFO BlockManager: Initialized BlockManager: BlockManagerId(driver, 192.168.43.94, 42073, None)
[2020-07-22 15:40:46,942] {logging_mixin.py:112} INFO - [2020-07-22 15:40:46,941] {spark_submit_hook.py:479} INFO - 20/07/22 15:40:46 INFO MemoryStore: Block broadcast_0 stored as values in memory (estimated size 241.5 KiB, free 366.1 MiB)
[2020-07-22 15:40:47,184] {logging_mixin.py:112} INFO - [2020-07-22 15:40:47,183] {spark_submit_hook.py:479} INFO - 20/07/22 15:40:47 INFO MemoryStore: Block broadcast_0_piece0 stored as bytes in memory (estimated size 23.4 KiB, free 366.0 MiB)
[2020-07-22 15:40:47,189] {logging_mixin.py:112} INFO - [2020-07-22 15:40:47,189] {spark_submit_hook.py:479} INFO - 20/07/22 15:40:47 INFO BlockManagerInfo: Added broadcast_0_piece0 in memory on 192.168.43.94:42073 (size: 23.4 KiB, free: 366.3 MiB)
[2020-07-22 15:40:47,203] {logging_mixin.py:112} INFO - [2020-07-22 15:40:47,203] {spark_submit_hook.py:479} INFO - 20/07/22 15:40:47 INFO SparkContext: Created broadcast 0 from textFile at NativeMethodAccessorImpl.java:0
[2020-07-22 15:40:47,729] {logging_mixin.py:112} INFO - [2020-07-22 15:40:47,729] {spark_submit_hook.py:479} INFO - 20/07/22 15:40:47 INFO FileInputFormat: Total input paths to process : 1
[2020-07-22 15:40:48,046] {logging_mixin.py:112} INFO - [2020-07-22 15:40:48,045] {spark_submit_hook.py:479} INFO - 20/07/22 15:40:48 INFO SparkContext: Starting job: collect at /home/bhakti/airflow/spark_jobs/python/spark_test.py:5
[2020-07-22 15:40:48,098] {logging_mixin.py:112} INFO - [2020-07-22 15:40:48,098] {spark_submit_hook.py:479} INFO - 20/07/22 15:40:48 INFO DAGScheduler: Got job 0 (collect at /home/bhakti/airflow/spark_jobs/python/spark_test.py:5) with 1 output partitions
[2020-07-22 15:40:48,103] {logging_mixin.py:112} INFO - [2020-07-22 15:40:48,103] {spark_submit_hook.py:479} INFO - 20/07/22 15:40:48 INFO DAGScheduler: Final stage: ResultStage 0 (collect at /home/bhakti/airflow/spark_jobs/python/spark_test.py:5)
[2020-07-22 15:40:48,113] {logging_mixin.py:112} INFO - [2020-07-22 15:40:48,110] {spark_submit_hook.py:479} INFO - 20/07/22 15:40:48 INFO DAGScheduler: Parents of final stage: List()
[2020-07-22 15:40:48,116] {logging_mixin.py:112} INFO - [2020-07-22 15:40:48,116] {spark_submit_hook.py:479} INFO - 20/07/22 15:40:48 INFO DAGScheduler: Missing parents: List()
[2020-07-22 15:40:48,175] {logging_mixin.py:112} INFO - [2020-07-22 15:40:48,174] {spark_submit_hook.py:479} INFO - 20/07/22 15:40:48 INFO DAGScheduler: Submitting ResultStage 0 (PythonRDD[2] at collect at /home/bhakti/airflow/spark_jobs/python/spark_test.py:5), which has no missing parents
[2020-07-22 15:40:48,335] {logging_mixin.py:112} INFO - [2020-07-22 15:40:48,335] {spark_submit_hook.py:479} INFO - 20/07/22 15:40:48 INFO MemoryStore: Block broadcast_1 stored as values in memory (estimated size 7.4 KiB, free 366.0 MiB)
[2020-07-22 15:40:48,341] {logging_mixin.py:112} INFO - [2020-07-22 15:40:48,341] {spark_submit_hook.py:479} INFO - 20/07/22 15:40:48 INFO MemoryStore: Block broadcast_1_piece0 stored as bytes in memory (estimated size 4.4 KiB, free 366.0 MiB)
[2020-07-22 15:40:48,342] {logging_mixin.py:112} INFO - [2020-07-22 15:40:48,342] {spark_submit_hook.py:479} INFO - 20/07/22 15:40:48 INFO BlockManagerInfo: Added broadcast_1_piece0 in memory on 192.168.43.94:42073 (size: 4.4 KiB, free: 366.3 MiB)
[2020-07-22 15:40:48,342] {logging_mixin.py:112} INFO - [2020-07-22 15:40:48,342] {spark_submit_hook.py:479} INFO - 20/07/22 15:40:48 INFO SparkContext: Created broadcast 1 from broadcast at DAGScheduler.scala:1200
[2020-07-22 15:40:48,431] {logging_mixin.py:112} INFO - [2020-07-22 15:40:48,430] {spark_submit_hook.py:479} INFO - 20/07/22 15:40:48 INFO DAGScheduler: Submitting 1 missing tasks from ResultStage 0 (PythonRDD[2] at collect at /home/bhakti/airflow/spark_jobs/python/spark_test.py:5) (first 15 tasks are for partitions Vector(0))
[2020-07-22 15:40:48,444] {logging_mixin.py:112} INFO - [2020-07-22 15:40:48,443] {spark_submit_hook.py:479} INFO - 20/07/22 15:40:48 INFO TaskSchedulerImpl: Adding task set 0.0 with 1 tasks
[2020-07-22 15:40:48,763] {logging_mixin.py:112} INFO - [2020-07-22 15:40:48,763] {spark_submit_hook.py:479} INFO - 20/07/22 15:40:48 INFO TaskSetManager: Starting task 0.0 in stage 0.0 (TID 0, 192.168.43.94, executor driver, partition 0, PROCESS_LOCAL, 7388 bytes)
[2020-07-22 15:40:48,895] {logging_mixin.py:112} INFO - [2020-07-22 15:40:48,895] {spark_submit_hook.py:479} INFO - 20/07/22 15:40:48 INFO Executor: Running task 0.0 in stage 0.0 (TID 0)
[2020-07-22 15:40:50,240] {logging_mixin.py:112} INFO - [2020-07-22 15:40:50,239] {spark_submit_hook.py:479} INFO - 20/07/22 15:40:50 INFO HadoopRDD: Input split: file:/home/bhakti/airflow/input_data/sample.csv:0+93
[2020-07-22 15:40:52,015] {logging_mixin.py:112} INFO - [2020-07-22 15:40:52,014] {spark_submit_hook.py:479} INFO - 20/07/22 15:40:52 INFO PythonRunner: Times: total = 1654, boot = 1525, init = 128, finish = 1
[2020-07-22 15:40:52,101] {logging_mixin.py:112} INFO - [2020-07-22 15:40:52,101] {spark_submit_hook.py:479} INFO - 20/07/22 15:40:52 INFO Executor: Finished task 0.0 in stage 0.0 (TID 0). 1732 bytes result sent to driver
[2020-07-22 15:40:52,128] {logging_mixin.py:112} INFO - [2020-07-22 15:40:52,128] {spark_submit_hook.py:479} INFO - 20/07/22 15:40:52 INFO TaskSetManager: Finished task 0.0 in stage 0.0 (TID 0) in 3509 ms on 192.168.43.94 (executor driver) (1/1)
[2020-07-22 15:40:52,138] {logging_mixin.py:112} INFO - [2020-07-22 15:40:52,138] {spark_submit_hook.py:479} INFO - 20/07/22 15:40:52 INFO TaskSchedulerImpl: Removed TaskSet 0.0, whose tasks have all completed, from pool
[2020-07-22 15:40:52,141] {logging_mixin.py:112} INFO - [2020-07-22 15:40:52,141] {spark_submit_hook.py:479} INFO - 20/07/22 15:40:52 INFO PythonAccumulatorV2: Connected to AccumulatorServer at host: 127.0.0.1 port: 35303
[2020-07-22 15:40:52,165] {logging_mixin.py:112} INFO - [2020-07-22 15:40:52,165] {spark_submit_hook.py:479} INFO - 20/07/22 15:40:52 INFO DAGScheduler: ResultStage 0 (collect at /home/bhakti/airflow/spark_jobs/python/spark_test.py:5) finished in 3.892 s
[2020-07-22 15:40:52,200] {logging_mixin.py:112} INFO - [2020-07-22 15:40:52,199] {spark_submit_hook.py:479} INFO - 20/07/22 15:40:52 INFO DAGScheduler: Job 0 is finished. Cancelling potential speculative or zombie tasks for this job
[2020-07-22 15:40:52,214] {logging_mixin.py:112} INFO - [2020-07-22 15:40:52,214] {spark_submit_hook.py:479} INFO - 20/07/22 15:40:52 INFO TaskSchedulerImpl: Killing all running tasks in stage 0: Stage finished
[2020-07-22 15:40:52,227] {logging_mixin.py:112} INFO - [2020-07-22 15:40:52,227] {spark_submit_hook.py:479} INFO - 20/07/22 15:40:52 INFO DAGScheduler: Job 0 finished: collect at /home/bhakti/airflow/spark_jobs/python/spark_test.py:5, took 4.173288 s
[2020-07-22 15:40:52,295] {logging_mixin.py:112} INFO - [2020-07-22 15:40:52,295] {spark_submit_hook.py:479} INFO - [('PERSON', 'JOINING_YEAR'), ('John', '2018'), ('Sam', '2017'), ('Jeff', '2014'), ('Allen', '2015')]
[2020-07-22 15:40:52,435] {logging_mixin.py:112} INFO - [2020-07-22 15:40:52,435] {spark_submit_hook.py:479} INFO - 20/07/22 15:40:52 INFO SparkContext: Invoking stop() from shutdown hook
[2020-07-22 15:40:52,474] {logging_mixin.py:112} INFO - [2020-07-22 15:40:52,474] {spark_submit_hook.py:479} INFO - 20/07/22 15:40:52 INFO SparkUI: Stopped Spark web UI at http://192.168.43.94:4043
[2020-07-22 15:40:52,573] {logging_mixin.py:112} INFO - [2020-07-22 15:40:52,572] {spark_submit_hook.py:479} INFO - 20/07/22 15:40:52 INFO BlockManagerInfo: Removed broadcast_0_piece0 on 192.168.43.94:42073 in memory (size: 23.4 KiB, free: 366.3 MiB)
[2020-07-22 15:40:52,615] {logging_mixin.py:112} INFO - [2020-07-22 15:40:52,615] {spark_submit_hook.py:479} INFO - 20/07/22 15:40:52 INFO MapOutputTrackerMasterEndpoint: MapOutputTrackerMasterEndpoint stopped!
[2020-07-22 15:40:52,704] {logging_mixin.py:112} INFO - [2020-07-22 15:40:52,704] {spark_submit_hook.py:479} INFO - 20/07/22 15:40:52 INFO MemoryStore: MemoryStore cleared
[2020-07-22 15:40:52,710] {logging_mixin.py:112} INFO - [2020-07-22 15:40:52,710] {spark_submit_hook.py:479} INFO - 20/07/22 15:40:52 INFO BlockManager: BlockManager stopped
[2020-07-22 15:40:52,724] {logging_mixin.py:112} INFO - [2020-07-22 15:40:52,724] {spark_submit_hook.py:479} INFO - 20/07/22 15:40:52 INFO BlockManagerMaster: BlockManagerMaster stopped
[2020-07-22 15:40:52,741] {logging_mixin.py:112} INFO - [2020-07-22 15:40:52,740] {spark_submit_hook.py:479} INFO - 20/07/22 15:40:52 INFO OutputCommitCoordinator$OutputCommitCoordinatorEndpoint: OutputCommitCoordinator stopped!
[2020-07-22 15:40:52,765] {logging_mixin.py:112} INFO - [2020-07-22 15:40:52,765] {spark_submit_hook.py:479} INFO - 20/07/22 15:40:52 INFO SparkContext: Successfully stopped SparkContext
[2020-07-22 15:40:52,766] {logging_mixin.py:112} INFO - [2020-07-22 15:40:52,766] {spark_submit_hook.py:479} INFO - 20/07/22 15:40:52 INFO ShutdownHookManager: Shutdown hook called
[2020-07-22 15:40:52,769] {logging_mixin.py:112} INFO - [2020-07-22 15:40:52,769] {spark_submit_hook.py:479} INFO - 20/07/22 15:40:52 INFO ShutdownHookManager: Deleting directory /tmp/spark-aed8a360-e5ee-4485-839c-9419c2131832
[2020-07-22 15:40:52,773] {logging_mixin.py:112} INFO - [2020-07-22 15:40:52,773] {spark_submit_hook.py:479} INFO - 20/07/22 15:40:52 INFO ShutdownHookManager: Deleting directory /tmp/spark-0fefa4a4-9f64-4607-8398-4223c32d8112
[2020-07-22 15:40:52,778] {logging_mixin.py:112} INFO - [2020-07-22 15:40:52,778] {spark_submit_hook.py:479} INFO - 20/07/22 15:40:52 INFO ShutdownHookManager: Deleting directory /tmp/spark-0fefa4a4-9f64-4607-8398-4223c32d8112/pyspark-e502c835-b210-4a56-8585-e784f92bef1b
[2020-07-22 15:40:52,836] {taskinstance.py:1052} INFO - Marking task as SUCCESS.dag_id=submit_data, task_id=spark_submit, execution_date=20200720T051300, start_date=20200722T101031, end_date=20200722T101052
[2020-07-22 15:40:57,399] {logging_mixin.py:112} INFO - [2020-07-22 15:40:57,399] {local_task_job.py:103} INFO - Task exited with return code 0
