[2020-07-22 15:38:50,976] {taskinstance.py:669} INFO - Dependencies all met for <TaskInstance: submit_data.spark_submit 2020-07-20T05:10:00+00:00 [queued]>
[2020-07-22 15:38:50,986] {taskinstance.py:669} INFO - Dependencies all met for <TaskInstance: submit_data.spark_submit 2020-07-20T05:10:00+00:00 [queued]>
[2020-07-22 15:38:50,986] {taskinstance.py:879} INFO - 
--------------------------------------------------------------------------------
[2020-07-22 15:38:50,986] {taskinstance.py:880} INFO - Starting attempt 1 of 1
[2020-07-22 15:38:50,986] {taskinstance.py:881} INFO - 
--------------------------------------------------------------------------------
[2020-07-22 15:38:51,112] {taskinstance.py:900} INFO - Executing <Task(SparkSubmitOperator): spark_submit> on 2020-07-20T05:10:00+00:00
[2020-07-22 15:38:51,119] {standard_task_runner.py:53} INFO - Started process 518067 to run task
[2020-07-22 15:38:51,358] {logging_mixin.py:112} INFO - Running %s on host %s <TaskInstance: submit_data.spark_submit 2020-07-20T05:10:00+00:00 [running]> bhakti-Vostro-3558
[2020-07-22 15:38:51,398] {logging_mixin.py:112} INFO - [2020-07-22 15:38:51,398] {base_hook.py:87} INFO - Using connection to: id: spark_local. Host: local, Port: None, Schema: None, Login: None, Password: None, extra: None
[2020-07-22 15:38:51,399] {logging_mixin.py:112} INFO - [2020-07-22 15:38:51,399] {spark_submit_hook.py:325} INFO - Spark-Submit cmd: spark-submit --master local --name airflow-spark /home/bhakti/airflow/spark_jobs/python/spark_test.py
[2020-07-22 15:38:54,555] {logging_mixin.py:112} INFO - [2020-07-22 15:38:54,555] {spark_submit_hook.py:479} INFO - 20/07/22 15:38:54 WARN Utils: Your hostname, bhakti-Vostro-3558 resolves to a loopback address: 127.0.1.1; using 192.168.43.94 instead (on interface wlp6s0)
[2020-07-22 15:38:54,557] {logging_mixin.py:112} INFO - [2020-07-22 15:38:54,557] {spark_submit_hook.py:479} INFO - 20/07/22 15:38:54 WARN Utils: Set SPARK_LOCAL_IP if you need to bind to another address
[2020-07-22 15:38:56,131] {logging_mixin.py:112} INFO - [2020-07-22 15:38:56,131] {spark_submit_hook.py:479} INFO - 20/07/22 15:38:56 WARN NativeCodeLoader: Unable to load native-hadoop library for your platform... using builtin-java classes where applicable
[2020-07-22 15:38:57,901] {logging_mixin.py:112} INFO - [2020-07-22 15:38:57,901] {spark_submit_hook.py:479} INFO - Using Spark's default log4j profile: org/apache/spark/log4j-defaults.properties
[2020-07-22 15:38:57,924] {logging_mixin.py:112} INFO - [2020-07-22 15:38:57,923] {spark_submit_hook.py:479} INFO - 20/07/22 15:38:57 INFO SparkContext: Running Spark version 3.0.0
[2020-07-22 15:38:58,024] {logging_mixin.py:112} INFO - [2020-07-22 15:38:58,024] {spark_submit_hook.py:479} INFO - 20/07/22 15:38:58 INFO ResourceUtils: ==============================================================
[2020-07-22 15:38:58,027] {logging_mixin.py:112} INFO - [2020-07-22 15:38:58,027] {spark_submit_hook.py:479} INFO - 20/07/22 15:38:58 INFO ResourceUtils: Resources for spark.driver:
[2020-07-22 15:38:58,027] {logging_mixin.py:112} INFO - [2020-07-22 15:38:58,027] {spark_submit_hook.py:479} INFO - 
[2020-07-22 15:38:58,028] {logging_mixin.py:112} INFO - [2020-07-22 15:38:58,028] {spark_submit_hook.py:479} INFO - 20/07/22 15:38:58 INFO ResourceUtils: ==============================================================
[2020-07-22 15:38:58,029] {logging_mixin.py:112} INFO - [2020-07-22 15:38:58,028] {spark_submit_hook.py:479} INFO - 20/07/22 15:38:58 INFO SparkContext: Submitted application: Spark_Test_Python
[2020-07-22 15:38:58,150] {logging_mixin.py:112} INFO - [2020-07-22 15:38:58,150] {spark_submit_hook.py:479} INFO - 20/07/22 15:38:58 INFO SecurityManager: Changing view acls to: bhakti
[2020-07-22 15:38:58,151] {logging_mixin.py:112} INFO - [2020-07-22 15:38:58,150] {spark_submit_hook.py:479} INFO - 20/07/22 15:38:58 INFO SecurityManager: Changing modify acls to: bhakti
[2020-07-22 15:38:58,151] {logging_mixin.py:112} INFO - [2020-07-22 15:38:58,151] {spark_submit_hook.py:479} INFO - 20/07/22 15:38:58 INFO SecurityManager: Changing view acls groups to:
[2020-07-22 15:38:58,151] {logging_mixin.py:112} INFO - [2020-07-22 15:38:58,151] {spark_submit_hook.py:479} INFO - 20/07/22 15:38:58 INFO SecurityManager: Changing modify acls groups to:
[2020-07-22 15:38:58,152] {logging_mixin.py:112} INFO - [2020-07-22 15:38:58,152] {spark_submit_hook.py:479} INFO - 20/07/22 15:38:58 INFO SecurityManager: SecurityManager: authentication disabled; ui acls disabled; users  with view permissions: Set(bhakti); groups with view permissions: Set(); users  with modify permissions: Set(bhakti); groups with modify permissions: Set()
[2020-07-22 15:38:58,581] {logging_mixin.py:112} INFO - [2020-07-22 15:38:58,581] {spark_submit_hook.py:479} INFO - 20/07/22 15:38:58 INFO Utils: Successfully started service 'sparkDriver' on port 38559.
[2020-07-22 15:38:58,627] {logging_mixin.py:112} INFO - [2020-07-22 15:38:58,627] {spark_submit_hook.py:479} INFO - 20/07/22 15:38:58 INFO SparkEnv: Registering MapOutputTracker
[2020-07-22 15:38:58,699] {logging_mixin.py:112} INFO - [2020-07-22 15:38:58,698] {spark_submit_hook.py:479} INFO - 20/07/22 15:38:58 INFO SparkEnv: Registering BlockManagerMaster
[2020-07-22 15:38:58,762] {logging_mixin.py:112} INFO - [2020-07-22 15:38:58,761] {spark_submit_hook.py:479} INFO - 20/07/22 15:38:58 INFO BlockManagerMasterEndpoint: Using org.apache.spark.storage.DefaultTopologyMapper for getting topology information
[2020-07-22 15:38:58,763] {logging_mixin.py:112} INFO - [2020-07-22 15:38:58,763] {spark_submit_hook.py:479} INFO - 20/07/22 15:38:58 INFO BlockManagerMasterEndpoint: BlockManagerMasterEndpoint up
[2020-07-22 15:38:58,774] {logging_mixin.py:112} INFO - [2020-07-22 15:38:58,774] {spark_submit_hook.py:479} INFO - 20/07/22 15:38:58 INFO SparkEnv: Registering BlockManagerMasterHeartbeat
[2020-07-22 15:38:58,798] {logging_mixin.py:112} INFO - [2020-07-22 15:38:58,798] {spark_submit_hook.py:479} INFO - 20/07/22 15:38:58 INFO DiskBlockManager: Created local directory at /tmp/blockmgr-239b9c05-b0ce-4811-a497-7c3deb0fdf45
[2020-07-22 15:38:58,840] {logging_mixin.py:112} INFO - [2020-07-22 15:38:58,840] {spark_submit_hook.py:479} INFO - 20/07/22 15:38:58 INFO MemoryStore: MemoryStore started with capacity 366.3 MiB
[2020-07-22 15:38:58,875] {logging_mixin.py:112} INFO - [2020-07-22 15:38:58,874] {spark_submit_hook.py:479} INFO - 20/07/22 15:38:58 INFO SparkEnv: Registering OutputCommitCoordinator
[2020-07-22 15:38:59,247] {logging_mixin.py:112} INFO - [2020-07-22 15:38:59,246] {spark_submit_hook.py:479} INFO - 20/07/22 15:38:59 WARN Utils: Service 'SparkUI' could not bind on port 4040. Attempting port 4041.
[2020-07-22 15:38:59,248] {logging_mixin.py:112} INFO - [2020-07-22 15:38:59,248] {spark_submit_hook.py:479} INFO - 20/07/22 15:38:59 WARN Utils: Service 'SparkUI' could not bind on port 4041. Attempting port 4042.
[2020-07-22 15:38:59,249] {logging_mixin.py:112} INFO - [2020-07-22 15:38:59,249] {spark_submit_hook.py:479} INFO - 20/07/22 15:38:59 WARN Utils: Service 'SparkUI' could not bind on port 4042. Attempting port 4043.
[2020-07-22 15:38:59,249] {logging_mixin.py:112} INFO - [2020-07-22 15:38:59,249] {spark_submit_hook.py:479} INFO - 20/07/22 15:38:59 WARN Utils: Service 'SparkUI' could not bind on port 4043. Attempting port 4044.
[2020-07-22 15:38:59,261] {logging_mixin.py:112} INFO - [2020-07-22 15:38:59,261] {spark_submit_hook.py:479} INFO - 20/07/22 15:38:59 INFO Utils: Successfully started service 'SparkUI' on port 4044.
[2020-07-22 15:38:59,358] {logging_mixin.py:112} INFO - [2020-07-22 15:38:59,358] {spark_submit_hook.py:479} INFO - 20/07/22 15:38:59 INFO SparkUI: Bound SparkUI to 0.0.0.0, and started at http://192.168.43.94:4044
[2020-07-22 15:38:59,808] {logging_mixin.py:112} INFO - [2020-07-22 15:38:59,808] {spark_submit_hook.py:479} INFO - 20/07/22 15:38:59 INFO Executor: Starting executor ID driver on host 192.168.43.94
[2020-07-22 15:38:59,856] {logging_mixin.py:112} INFO - [2020-07-22 15:38:59,856] {spark_submit_hook.py:479} INFO - 20/07/22 15:38:59 INFO Utils: Successfully started service 'org.apache.spark.network.netty.NettyBlockTransferService' on port 42221.
[2020-07-22 15:38:59,857] {logging_mixin.py:112} INFO - [2020-07-22 15:38:59,857] {spark_submit_hook.py:479} INFO - 20/07/22 15:38:59 INFO NettyBlockTransferService: Server created on 192.168.43.94:42221
[2020-07-22 15:38:59,860] {logging_mixin.py:112} INFO - [2020-07-22 15:38:59,859] {spark_submit_hook.py:479} INFO - 20/07/22 15:38:59 INFO BlockManager: Using org.apache.spark.storage.RandomBlockReplicationPolicy for block replication policy
[2020-07-22 15:38:59,878] {logging_mixin.py:112} INFO - [2020-07-22 15:38:59,878] {spark_submit_hook.py:479} INFO - 20/07/22 15:38:59 INFO BlockManagerMaster: Registering BlockManager BlockManagerId(driver, 192.168.43.94, 42221, None)
[2020-07-22 15:38:59,885] {logging_mixin.py:112} INFO - [2020-07-22 15:38:59,885] {spark_submit_hook.py:479} INFO - 20/07/22 15:38:59 INFO BlockManagerMasterEndpoint: Registering block manager 192.168.43.94:42221 with 366.3 MiB RAM, BlockManagerId(driver, 192.168.43.94, 42221, None)
[2020-07-22 15:38:59,891] {logging_mixin.py:112} INFO - [2020-07-22 15:38:59,891] {spark_submit_hook.py:479} INFO - 20/07/22 15:38:59 INFO BlockManagerMaster: Registered BlockManager BlockManagerId(driver, 192.168.43.94, 42221, None)
[2020-07-22 15:38:59,893] {logging_mixin.py:112} INFO - [2020-07-22 15:38:59,893] {spark_submit_hook.py:479} INFO - 20/07/22 15:38:59 INFO BlockManager: Initialized BlockManager: BlockManagerId(driver, 192.168.43.94, 42221, None)
[2020-07-22 15:39:01,302] {logging_mixin.py:112} INFO - [2020-07-22 15:39:01,302] {spark_submit_hook.py:479} INFO - 20/07/22 15:39:01 INFO MemoryStore: Block broadcast_0 stored as values in memory (estimated size 241.5 KiB, free 366.1 MiB)
[2020-07-22 15:39:01,453] {logging_mixin.py:112} INFO - [2020-07-22 15:39:01,453] {spark_submit_hook.py:479} INFO - 20/07/22 15:39:01 INFO MemoryStore: Block broadcast_0_piece0 stored as bytes in memory (estimated size 23.4 KiB, free 366.0 MiB)
[2020-07-22 15:39:01,458] {logging_mixin.py:112} INFO - [2020-07-22 15:39:01,458] {spark_submit_hook.py:479} INFO - 20/07/22 15:39:01 INFO BlockManagerInfo: Added broadcast_0_piece0 in memory on 192.168.43.94:42221 (size: 23.4 KiB, free: 366.3 MiB)
[2020-07-22 15:39:01,468] {logging_mixin.py:112} INFO - [2020-07-22 15:39:01,468] {spark_submit_hook.py:479} INFO - 20/07/22 15:39:01 INFO SparkContext: Created broadcast 0 from textFile at NativeMethodAccessorImpl.java:0
[2020-07-22 15:39:01,887] {logging_mixin.py:112} INFO - [2020-07-22 15:39:01,887] {spark_submit_hook.py:479} INFO - 20/07/22 15:39:01 INFO FileInputFormat: Total input paths to process : 1
[2020-07-22 15:39:02,057] {logging_mixin.py:112} INFO - [2020-07-22 15:39:02,056] {spark_submit_hook.py:479} INFO - 20/07/22 15:39:02 INFO SparkContext: Starting job: collect at /home/bhakti/airflow/spark_jobs/python/spark_test.py:5
[2020-07-22 15:39:02,088] {logging_mixin.py:112} INFO - [2020-07-22 15:39:02,088] {spark_submit_hook.py:479} INFO - 20/07/22 15:39:02 INFO DAGScheduler: Got job 0 (collect at /home/bhakti/airflow/spark_jobs/python/spark_test.py:5) with 1 output partitions
[2020-07-22 15:39:02,089] {logging_mixin.py:112} INFO - [2020-07-22 15:39:02,089] {spark_submit_hook.py:479} INFO - 20/07/22 15:39:02 INFO DAGScheduler: Final stage: ResultStage 0 (collect at /home/bhakti/airflow/spark_jobs/python/spark_test.py:5)
[2020-07-22 15:39:02,090] {logging_mixin.py:112} INFO - [2020-07-22 15:39:02,089] {spark_submit_hook.py:479} INFO - 20/07/22 15:39:02 INFO DAGScheduler: Parents of final stage: List()
[2020-07-22 15:39:02,093] {logging_mixin.py:112} INFO - [2020-07-22 15:39:02,093] {spark_submit_hook.py:479} INFO - 20/07/22 15:39:02 INFO DAGScheduler: Missing parents: List()
[2020-07-22 15:39:02,115] {logging_mixin.py:112} INFO - [2020-07-22 15:39:02,115] {spark_submit_hook.py:479} INFO - 20/07/22 15:39:02 INFO DAGScheduler: Submitting ResultStage 0 (PythonRDD[2] at collect at /home/bhakti/airflow/spark_jobs/python/spark_test.py:5), which has no missing parents
[2020-07-22 15:39:02,196] {logging_mixin.py:112} INFO - [2020-07-22 15:39:02,196] {spark_submit_hook.py:479} INFO - 20/07/22 15:39:02 INFO MemoryStore: Block broadcast_1 stored as values in memory (estimated size 7.4 KiB, free 366.0 MiB)
[2020-07-22 15:39:02,206] {logging_mixin.py:112} INFO - [2020-07-22 15:39:02,206] {spark_submit_hook.py:479} INFO - 20/07/22 15:39:02 INFO MemoryStore: Block broadcast_1_piece0 stored as bytes in memory (estimated size 4.4 KiB, free 366.0 MiB)
[2020-07-22 15:39:02,212] {logging_mixin.py:112} INFO - [2020-07-22 15:39:02,212] {spark_submit_hook.py:479} INFO - 20/07/22 15:39:02 INFO BlockManagerInfo: Added broadcast_1_piece0 in memory on 192.168.43.94:42221 (size: 4.4 KiB, free: 366.3 MiB)
[2020-07-22 15:39:02,214] {logging_mixin.py:112} INFO - [2020-07-22 15:39:02,214] {spark_submit_hook.py:479} INFO - 20/07/22 15:39:02 INFO SparkContext: Created broadcast 1 from broadcast at DAGScheduler.scala:1200
[2020-07-22 15:39:02,257] {logging_mixin.py:112} INFO - [2020-07-22 15:39:02,257] {spark_submit_hook.py:479} INFO - 20/07/22 15:39:02 INFO DAGScheduler: Submitting 1 missing tasks from ResultStage 0 (PythonRDD[2] at collect at /home/bhakti/airflow/spark_jobs/python/spark_test.py:5) (first 15 tasks are for partitions Vector(0))
[2020-07-22 15:39:02,260] {logging_mixin.py:112} INFO - [2020-07-22 15:39:02,260] {spark_submit_hook.py:479} INFO - 20/07/22 15:39:02 INFO TaskSchedulerImpl: Adding task set 0.0 with 1 tasks
[2020-07-22 15:39:02,406] {logging_mixin.py:112} INFO - [2020-07-22 15:39:02,406] {spark_submit_hook.py:479} INFO - 20/07/22 15:39:02 INFO TaskSetManager: Starting task 0.0 in stage 0.0 (TID 0, 192.168.43.94, executor driver, partition 0, PROCESS_LOCAL, 7388 bytes)
[2020-07-22 15:39:02,437] {logging_mixin.py:112} INFO - [2020-07-22 15:39:02,436] {spark_submit_hook.py:479} INFO - 20/07/22 15:39:02 INFO Executor: Running task 0.0 in stage 0.0 (TID 0)
[2020-07-22 15:39:03,202] {logging_mixin.py:112} INFO - [2020-07-22 15:39:03,201] {spark_submit_hook.py:479} INFO - 20/07/22 15:39:03 INFO HadoopRDD: Input split: file:/home/bhakti/airflow/input_data/sample.csv:0+93
[2020-07-22 15:39:04,109] {logging_mixin.py:112} INFO - [2020-07-22 15:39:04,109] {spark_submit_hook.py:479} INFO - 20/07/22 15:39:04 INFO PythonRunner: Times: total = 860, boot = 840, init = 20, finish = 0
[2020-07-22 15:39:04,146] {logging_mixin.py:112} INFO - [2020-07-22 15:39:04,146] {spark_submit_hook.py:479} INFO - 20/07/22 15:39:04 INFO Executor: Finished task 0.0 in stage 0.0 (TID 0). 1732 bytes result sent to driver
[2020-07-22 15:39:04,163] {logging_mixin.py:112} INFO - [2020-07-22 15:39:04,163] {spark_submit_hook.py:479} INFO - 20/07/22 15:39:04 INFO TaskSetManager: Finished task 0.0 in stage 0.0 (TID 0) in 1803 ms on 192.168.43.94 (executor driver) (1/1)
[2020-07-22 15:39:04,167] {logging_mixin.py:112} INFO - [2020-07-22 15:39:04,167] {spark_submit_hook.py:479} INFO - 20/07/22 15:39:04 INFO TaskSchedulerImpl: Removed TaskSet 0.0, whose tasks have all completed, from pool
[2020-07-22 15:39:04,172] {logging_mixin.py:112} INFO - [2020-07-22 15:39:04,171] {spark_submit_hook.py:479} INFO - 20/07/22 15:39:04 INFO PythonAccumulatorV2: Connected to AccumulatorServer at host: 127.0.0.1 port: 51709
[2020-07-22 15:39:04,179] {logging_mixin.py:112} INFO - [2020-07-22 15:39:04,178] {spark_submit_hook.py:479} INFO - 20/07/22 15:39:04 INFO DAGScheduler: ResultStage 0 (collect at /home/bhakti/airflow/spark_jobs/python/spark_test.py:5) finished in 2.002 s
[2020-07-22 15:39:04,191] {logging_mixin.py:112} INFO - [2020-07-22 15:39:04,191] {spark_submit_hook.py:479} INFO - 20/07/22 15:39:04 INFO DAGScheduler: Job 0 is finished. Cancelling potential speculative or zombie tasks for this job
[2020-07-22 15:39:04,192] {logging_mixin.py:112} INFO - [2020-07-22 15:39:04,192] {spark_submit_hook.py:479} INFO - 20/07/22 15:39:04 INFO TaskSchedulerImpl: Killing all running tasks in stage 0: Stage finished
[2020-07-22 15:39:04,197] {logging_mixin.py:112} INFO - [2020-07-22 15:39:04,196] {spark_submit_hook.py:479} INFO - 20/07/22 15:39:04 INFO DAGScheduler: Job 0 finished: collect at /home/bhakti/airflow/spark_jobs/python/spark_test.py:5, took 2.142390 s
[2020-07-22 15:39:04,217] {logging_mixin.py:112} INFO - [2020-07-22 15:39:04,216] {spark_submit_hook.py:479} INFO - [('PERSON', 'JOINING_YEAR'), ('John', '2018'), ('Sam', '2017'), ('Jeff', '2014'), ('Allen', '2015')]
[2020-07-22 15:39:04,271] {logging_mixin.py:112} INFO - [2020-07-22 15:39:04,271] {spark_submit_hook.py:479} INFO - 20/07/22 15:39:04 INFO SparkContext: Invoking stop() from shutdown hook
[2020-07-22 15:39:04,282] {logging_mixin.py:112} INFO - [2020-07-22 15:39:04,282] {spark_submit_hook.py:479} INFO - 20/07/22 15:39:04 INFO SparkUI: Stopped Spark web UI at http://192.168.43.94:4044
[2020-07-22 15:39:04,307] {logging_mixin.py:112} INFO - [2020-07-22 15:39:04,306] {spark_submit_hook.py:479} INFO - 20/07/22 15:39:04 INFO MapOutputTrackerMasterEndpoint: MapOutputTrackerMasterEndpoint stopped!
[2020-07-22 15:39:04,330] {logging_mixin.py:112} INFO - [2020-07-22 15:39:04,329] {spark_submit_hook.py:479} INFO - 20/07/22 15:39:04 INFO MemoryStore: MemoryStore cleared
[2020-07-22 15:39:04,331] {logging_mixin.py:112} INFO - [2020-07-22 15:39:04,330] {spark_submit_hook.py:479} INFO - 20/07/22 15:39:04 INFO BlockManager: BlockManager stopped
[2020-07-22 15:39:04,370] {logging_mixin.py:112} INFO - [2020-07-22 15:39:04,370] {spark_submit_hook.py:479} INFO - 20/07/22 15:39:04 INFO BlockManagerMaster: BlockManagerMaster stopped
[2020-07-22 15:39:04,376] {logging_mixin.py:112} INFO - [2020-07-22 15:39:04,376] {spark_submit_hook.py:479} INFO - 20/07/22 15:39:04 INFO OutputCommitCoordinator$OutputCommitCoordinatorEndpoint: OutputCommitCoordinator stopped!
[2020-07-22 15:39:04,382] {logging_mixin.py:112} INFO - [2020-07-22 15:39:04,382] {spark_submit_hook.py:479} INFO - 20/07/22 15:39:04 INFO SparkContext: Successfully stopped SparkContext
[2020-07-22 15:39:04,383] {logging_mixin.py:112} INFO - [2020-07-22 15:39:04,383] {spark_submit_hook.py:479} INFO - 20/07/22 15:39:04 INFO ShutdownHookManager: Shutdown hook called
[2020-07-22 15:39:04,385] {logging_mixin.py:112} INFO - [2020-07-22 15:39:04,384] {spark_submit_hook.py:479} INFO - 20/07/22 15:39:04 INFO ShutdownHookManager: Deleting directory /tmp/spark-1f03389f-59b5-4c01-a0dd-3842e8f704fc
[2020-07-22 15:39:04,388] {logging_mixin.py:112} INFO - [2020-07-22 15:39:04,387] {spark_submit_hook.py:479} INFO - 20/07/22 15:39:04 INFO ShutdownHookManager: Deleting directory /tmp/spark-b27fc81e-c1e5-4620-bcca-284528e9b65f
[2020-07-22 15:39:04,391] {logging_mixin.py:112} INFO - [2020-07-22 15:39:04,391] {spark_submit_hook.py:479} INFO - 20/07/22 15:39:04 INFO ShutdownHookManager: Deleting directory /tmp/spark-b27fc81e-c1e5-4620-bcca-284528e9b65f/pyspark-7aed6ede-fd14-4954-9bd3-26cae933084b
[2020-07-22 15:39:04,464] {taskinstance.py:1052} INFO - Marking task as SUCCESS.dag_id=submit_data, task_id=spark_submit, execution_date=20200720T051000, start_date=20200722T100850, end_date=20200722T100904
[2020-07-22 15:39:06,023] {logging_mixin.py:112} INFO - [2020-07-22 15:39:06,023] {local_task_job.py:103} INFO - Task exited with return code 0
