[2020-07-22 14:35:04,634] {taskinstance.py:669} INFO - Dependencies all met for <TaskInstance: submit_data.spark_submit 2020-07-20T03:30:00+00:00 [queued]>
[2020-07-22 14:35:04,646] {taskinstance.py:669} INFO - Dependencies all met for <TaskInstance: submit_data.spark_submit 2020-07-20T03:30:00+00:00 [queued]>
[2020-07-22 14:35:04,646] {taskinstance.py:879} INFO - 
--------------------------------------------------------------------------------
[2020-07-22 14:35:04,646] {taskinstance.py:880} INFO - Starting attempt 1 of 1
[2020-07-22 14:35:04,646] {taskinstance.py:881} INFO - 
--------------------------------------------------------------------------------
[2020-07-22 14:35:04,799] {taskinstance.py:900} INFO - Executing <Task(SparkSubmitOperator): spark_submit> on 2020-07-20T03:30:00+00:00
[2020-07-22 14:35:04,805] {standard_task_runner.py:53} INFO - Started process 435206 to run task
[2020-07-22 14:35:05,096] {logging_mixin.py:112} INFO - Running %s on host %s <TaskInstance: submit_data.spark_submit 2020-07-20T03:30:00+00:00 [running]> bhakti-Vostro-3558
[2020-07-22 14:35:05,139] {logging_mixin.py:112} INFO - [2020-07-22 14:35:05,138] {base_hook.py:87} INFO - Using connection to: id: spark_local. Host: local, Port: 4041, Schema: None, Login: None, Password: None, extra: None
[2020-07-22 14:35:05,142] {logging_mixin.py:112} INFO - [2020-07-22 14:35:05,141] {spark_submit_hook.py:325} INFO - Spark-Submit cmd: spark-submit --master local:4041 --name airflow-spark /home/bhakti/airflow/spark_jobs/python/spark_test.py
[2020-07-22 14:35:07,648] {logging_mixin.py:112} INFO - [2020-07-22 14:35:07,648] {spark_submit_hook.py:479} INFO - 20/07/22 14:35:07 WARN Utils: Your hostname, bhakti-Vostro-3558 resolves to a loopback address: 127.0.1.1; using 192.168.43.94 instead (on interface wlp6s0)
[2020-07-22 14:35:07,650] {logging_mixin.py:112} INFO - [2020-07-22 14:35:07,649] {spark_submit_hook.py:479} INFO - 20/07/22 14:35:07 WARN Utils: Set SPARK_LOCAL_IP if you need to bind to another address
[2020-07-22 14:35:09,345] {logging_mixin.py:112} INFO - [2020-07-22 14:35:09,344] {spark_submit_hook.py:479} INFO - 20/07/22 14:35:09 WARN NativeCodeLoader: Unable to load native-hadoop library for your platform... using builtin-java classes where applicable
[2020-07-22 14:35:11,638] {logging_mixin.py:112} INFO - [2020-07-22 14:35:11,638] {spark_submit_hook.py:479} INFO - Using Spark's default log4j profile: org/apache/spark/log4j-defaults.properties
[2020-07-22 14:35:11,657] {logging_mixin.py:112} INFO - [2020-07-22 14:35:11,656] {spark_submit_hook.py:479} INFO - 20/07/22 14:35:11 INFO SparkContext: Running Spark version 3.0.0
[2020-07-22 14:35:11,722] {logging_mixin.py:112} INFO - [2020-07-22 14:35:11,722] {spark_submit_hook.py:479} INFO - 20/07/22 14:35:11 INFO ResourceUtils: ==============================================================
[2020-07-22 14:35:11,725] {logging_mixin.py:112} INFO - [2020-07-22 14:35:11,725] {spark_submit_hook.py:479} INFO - 20/07/22 14:35:11 INFO ResourceUtils: Resources for spark.driver:
[2020-07-22 14:35:11,725] {logging_mixin.py:112} INFO - [2020-07-22 14:35:11,725] {spark_submit_hook.py:479} INFO - 
[2020-07-22 14:35:11,726] {logging_mixin.py:112} INFO - [2020-07-22 14:35:11,726] {spark_submit_hook.py:479} INFO - 20/07/22 14:35:11 INFO ResourceUtils: ==============================================================
[2020-07-22 14:35:11,727] {logging_mixin.py:112} INFO - [2020-07-22 14:35:11,726] {spark_submit_hook.py:479} INFO - 20/07/22 14:35:11 INFO SparkContext: Submitted application: Spark_Test_Python
[2020-07-22 14:35:11,870] {logging_mixin.py:112} INFO - [2020-07-22 14:35:11,870] {spark_submit_hook.py:479} INFO - 20/07/22 14:35:11 INFO SecurityManager: Changing view acls to: bhakti
[2020-07-22 14:35:11,870] {logging_mixin.py:112} INFO - [2020-07-22 14:35:11,870] {spark_submit_hook.py:479} INFO - 20/07/22 14:35:11 INFO SecurityManager: Changing modify acls to: bhakti
[2020-07-22 14:35:11,871] {logging_mixin.py:112} INFO - [2020-07-22 14:35:11,871] {spark_submit_hook.py:479} INFO - 20/07/22 14:35:11 INFO SecurityManager: Changing view acls groups to:
[2020-07-22 14:35:11,871] {logging_mixin.py:112} INFO - [2020-07-22 14:35:11,871] {spark_submit_hook.py:479} INFO - 20/07/22 14:35:11 INFO SecurityManager: Changing modify acls groups to:
[2020-07-22 14:35:11,872] {logging_mixin.py:112} INFO - [2020-07-22 14:35:11,871] {spark_submit_hook.py:479} INFO - 20/07/22 14:35:11 INFO SecurityManager: SecurityManager: authentication disabled; ui acls disabled; users  with view permissions: Set(bhakti); groups with view permissions: Set(); users  with modify permissions: Set(bhakti); groups with modify permissions: Set()
[2020-07-22 14:35:12,858] {logging_mixin.py:112} INFO - [2020-07-22 14:35:12,857] {spark_submit_hook.py:479} INFO - 20/07/22 14:35:12 INFO Utils: Successfully started service 'sparkDriver' on port 40855.
[2020-07-22 14:35:12,995] {logging_mixin.py:112} INFO - [2020-07-22 14:35:12,995] {spark_submit_hook.py:479} INFO - 20/07/22 14:35:12 INFO SparkEnv: Registering MapOutputTracker
[2020-07-22 14:35:13,091] {logging_mixin.py:112} INFO - [2020-07-22 14:35:13,091] {spark_submit_hook.py:479} INFO - 20/07/22 14:35:13 INFO SparkEnv: Registering BlockManagerMaster
[2020-07-22 14:35:13,147] {logging_mixin.py:112} INFO - [2020-07-22 14:35:13,147] {spark_submit_hook.py:479} INFO - 20/07/22 14:35:13 INFO BlockManagerMasterEndpoint: Using org.apache.spark.storage.DefaultTopologyMapper for getting topology information
[2020-07-22 14:35:13,151] {logging_mixin.py:112} INFO - [2020-07-22 14:35:13,151] {spark_submit_hook.py:479} INFO - 20/07/22 14:35:13 INFO BlockManagerMasterEndpoint: BlockManagerMasterEndpoint up
[2020-07-22 14:35:13,159] {logging_mixin.py:112} INFO - [2020-07-22 14:35:13,158] {spark_submit_hook.py:479} INFO - 20/07/22 14:35:13 INFO SparkEnv: Registering BlockManagerMasterHeartbeat
[2020-07-22 14:35:13,198] {logging_mixin.py:112} INFO - [2020-07-22 14:35:13,198] {spark_submit_hook.py:479} INFO - 20/07/22 14:35:13 INFO DiskBlockManager: Created local directory at /tmp/blockmgr-6fb1e010-e25e-4990-8588-04b43964a3af
[2020-07-22 14:35:13,262] {logging_mixin.py:112} INFO - [2020-07-22 14:35:13,262] {spark_submit_hook.py:479} INFO - 20/07/22 14:35:13 INFO MemoryStore: MemoryStore started with capacity 366.3 MiB
[2020-07-22 14:35:13,307] {logging_mixin.py:112} INFO - [2020-07-22 14:35:13,307] {spark_submit_hook.py:479} INFO - 20/07/22 14:35:13 INFO SparkEnv: Registering OutputCommitCoordinator
[2020-07-22 14:35:13,827] {logging_mixin.py:112} INFO - [2020-07-22 14:35:13,827] {spark_submit_hook.py:479} INFO - 20/07/22 14:35:13 WARN Utils: Service 'SparkUI' could not bind on port 4040. Attempting port 4041.
[2020-07-22 14:35:13,846] {logging_mixin.py:112} INFO - [2020-07-22 14:35:13,846] {spark_submit_hook.py:479} INFO - 20/07/22 14:35:13 INFO Utils: Successfully started service 'SparkUI' on port 4041.
[2020-07-22 14:35:13,993] {logging_mixin.py:112} INFO - [2020-07-22 14:35:13,993] {spark_submit_hook.py:479} INFO - 20/07/22 14:35:13 INFO SparkUI: Bound SparkUI to 0.0.0.0, and started at http://192.168.43.94:4041
[2020-07-22 14:35:14,293] {logging_mixin.py:112} INFO - [2020-07-22 14:35:14,293] {spark_submit_hook.py:479} INFO - 20/07/22 14:35:14 ERROR SparkContext: Error initializing SparkContext.
[2020-07-22 14:35:14,294] {logging_mixin.py:112} INFO - [2020-07-22 14:35:14,293] {spark_submit_hook.py:479} INFO - org.apache.spark.SparkException: Could not parse Master URL: 'local:4041'
[2020-07-22 14:35:14,294] {logging_mixin.py:112} INFO - [2020-07-22 14:35:14,294] {spark_submit_hook.py:479} INFO - at org.apache.spark.SparkContext$.org$apache$spark$SparkContext$$createTaskScheduler(SparkContext.scala:2924)
[2020-07-22 14:35:14,294] {logging_mixin.py:112} INFO - [2020-07-22 14:35:14,294] {spark_submit_hook.py:479} INFO - at org.apache.spark.SparkContext.<init>(SparkContext.scala:528)
[2020-07-22 14:35:14,294] {logging_mixin.py:112} INFO - [2020-07-22 14:35:14,294] {spark_submit_hook.py:479} INFO - at org.apache.spark.api.java.JavaSparkContext.<init>(JavaSparkContext.scala:58)
[2020-07-22 14:35:14,295] {logging_mixin.py:112} INFO - [2020-07-22 14:35:14,294] {spark_submit_hook.py:479} INFO - at sun.reflect.NativeConstructorAccessorImpl.newInstance0(Native Method)
[2020-07-22 14:35:14,295] {logging_mixin.py:112} INFO - [2020-07-22 14:35:14,295] {spark_submit_hook.py:479} INFO - at sun.reflect.NativeConstructorAccessorImpl.newInstance(NativeConstructorAccessorImpl.java:62)
[2020-07-22 14:35:14,295] {logging_mixin.py:112} INFO - [2020-07-22 14:35:14,295] {spark_submit_hook.py:479} INFO - at sun.reflect.DelegatingConstructorAccessorImpl.newInstance(DelegatingConstructorAccessorImpl.java:45)
[2020-07-22 14:35:14,295] {logging_mixin.py:112} INFO - [2020-07-22 14:35:14,295] {spark_submit_hook.py:479} INFO - at java.lang.reflect.Constructor.newInstance(Constructor.java:423)
[2020-07-22 14:35:14,296] {logging_mixin.py:112} INFO - [2020-07-22 14:35:14,295] {spark_submit_hook.py:479} INFO - at py4j.reflection.MethodInvoker.invoke(MethodInvoker.java:247)
[2020-07-22 14:35:14,296] {logging_mixin.py:112} INFO - [2020-07-22 14:35:14,296] {spark_submit_hook.py:479} INFO - at py4j.reflection.ReflectionEngine.invoke(ReflectionEngine.java:357)
[2020-07-22 14:35:14,296] {logging_mixin.py:112} INFO - [2020-07-22 14:35:14,296] {spark_submit_hook.py:479} INFO - at py4j.Gateway.invoke(Gateway.java:238)
[2020-07-22 14:35:14,296] {logging_mixin.py:112} INFO - [2020-07-22 14:35:14,296] {spark_submit_hook.py:479} INFO - at py4j.commands.ConstructorCommand.invokeConstructor(ConstructorCommand.java:80)
[2020-07-22 14:35:14,297] {logging_mixin.py:112} INFO - [2020-07-22 14:35:14,297] {spark_submit_hook.py:479} INFO - at py4j.commands.ConstructorCommand.execute(ConstructorCommand.java:69)
[2020-07-22 14:35:14,297] {logging_mixin.py:112} INFO - [2020-07-22 14:35:14,297] {spark_submit_hook.py:479} INFO - at py4j.GatewayConnection.run(GatewayConnection.java:238)
[2020-07-22 14:35:14,297] {logging_mixin.py:112} INFO - [2020-07-22 14:35:14,297] {spark_submit_hook.py:479} INFO - at java.lang.Thread.run(Thread.java:748)
[2020-07-22 14:35:14,313] {logging_mixin.py:112} INFO - [2020-07-22 14:35:14,313] {spark_submit_hook.py:479} INFO - 20/07/22 14:35:14 INFO SparkUI: Stopped Spark web UI at http://192.168.43.94:4041
[2020-07-22 14:35:14,345] {logging_mixin.py:112} INFO - [2020-07-22 14:35:14,345] {spark_submit_hook.py:479} INFO - 20/07/22 14:35:14 INFO MapOutputTrackerMasterEndpoint: MapOutputTrackerMasterEndpoint stopped!
[2020-07-22 14:35:14,386] {logging_mixin.py:112} INFO - [2020-07-22 14:35:14,386] {spark_submit_hook.py:479} INFO - 20/07/22 14:35:14 INFO MemoryStore: MemoryStore cleared
[2020-07-22 14:35:14,387] {logging_mixin.py:112} INFO - [2020-07-22 14:35:14,387] {spark_submit_hook.py:479} INFO - 20/07/22 14:35:14 INFO BlockManager: BlockManager stopped
[2020-07-22 14:35:14,410] {logging_mixin.py:112} INFO - [2020-07-22 14:35:14,410] {spark_submit_hook.py:479} INFO - 20/07/22 14:35:14 INFO BlockManagerMaster: BlockManagerMaster stopped
[2020-07-22 14:35:14,410] {logging_mixin.py:112} INFO - [2020-07-22 14:35:14,410] {spark_submit_hook.py:479} INFO - 20/07/22 14:35:14 WARN MetricsSystem: Stopping a MetricsSystem that is not running
[2020-07-22 14:35:14,448] {logging_mixin.py:112} INFO - [2020-07-22 14:35:14,447] {spark_submit_hook.py:479} INFO - 20/07/22 14:35:14 INFO OutputCommitCoordinator$OutputCommitCoordinatorEndpoint: OutputCommitCoordinator stopped!
[2020-07-22 14:35:14,600] {logging_mixin.py:112} INFO - [2020-07-22 14:35:14,600] {spark_submit_hook.py:479} INFO - 20/07/22 14:35:14 INFO SparkContext: Successfully stopped SparkContext
[2020-07-22 14:35:14,788] {logging_mixin.py:112} INFO - [2020-07-22 14:35:14,788] {spark_submit_hook.py:479} INFO - Traceback (most recent call last):
[2020-07-22 14:35:14,788] {logging_mixin.py:112} INFO - [2020-07-22 14:35:14,788] {spark_submit_hook.py:479} INFO - File "/home/bhakti/airflow/spark_jobs/python/spark_test.py", line 6, in <module>
[2020-07-22 14:35:14,789] {logging_mixin.py:112} INFO - [2020-07-22 14:35:14,789] {spark_submit_hook.py:479} INFO - sc = SparkContext(conf=conf)
[2020-07-22 14:35:14,789] {logging_mixin.py:112} INFO - [2020-07-22 14:35:14,789] {spark_submit_hook.py:479} INFO - File "/opt/spark/python/lib/pyspark.zip/pyspark/context.py", line 130, in __init__
[2020-07-22 14:35:14,789] {logging_mixin.py:112} INFO - [2020-07-22 14:35:14,789] {spark_submit_hook.py:479} INFO - File "/opt/spark/python/lib/pyspark.zip/pyspark/context.py", line 193, in _do_init
[2020-07-22 14:35:14,789] {logging_mixin.py:112} INFO - [2020-07-22 14:35:14,789] {spark_submit_hook.py:479} INFO - File "/opt/spark/python/lib/pyspark.zip/pyspark/context.py", line 310, in _initialize_context
[2020-07-22 14:35:14,790] {logging_mixin.py:112} INFO - [2020-07-22 14:35:14,790] {spark_submit_hook.py:479} INFO - File "/opt/spark/python/lib/py4j-0.10.9-src.zip/py4j/java_gateway.py", line 1568, in __call__
[2020-07-22 14:35:14,790] {logging_mixin.py:112} INFO - [2020-07-22 14:35:14,790] {spark_submit_hook.py:479} INFO - File "/opt/spark/python/lib/py4j-0.10.9-src.zip/py4j/protocol.py", line 326, in get_return_value
[2020-07-22 14:35:14,791] {logging_mixin.py:112} INFO - [2020-07-22 14:35:14,790] {spark_submit_hook.py:479} INFO - py4j.protocol.Py4JJavaError: An error occurred while calling None.org.apache.spark.api.java.JavaSparkContext.
[2020-07-22 14:35:14,791] {logging_mixin.py:112} INFO - [2020-07-22 14:35:14,791] {spark_submit_hook.py:479} INFO - : org.apache.spark.SparkException: Could not parse Master URL: 'local:4041'
[2020-07-22 14:35:14,791] {logging_mixin.py:112} INFO - [2020-07-22 14:35:14,791] {spark_submit_hook.py:479} INFO - at org.apache.spark.SparkContext$.org$apache$spark$SparkContext$$createTaskScheduler(SparkContext.scala:2924)
[2020-07-22 14:35:14,791] {logging_mixin.py:112} INFO - [2020-07-22 14:35:14,791] {spark_submit_hook.py:479} INFO - at org.apache.spark.SparkContext.<init>(SparkContext.scala:528)
[2020-07-22 14:35:14,792] {logging_mixin.py:112} INFO - [2020-07-22 14:35:14,791] {spark_submit_hook.py:479} INFO - at org.apache.spark.api.java.JavaSparkContext.<init>(JavaSparkContext.scala:58)
[2020-07-22 14:35:14,792] {logging_mixin.py:112} INFO - [2020-07-22 14:35:14,792] {spark_submit_hook.py:479} INFO - at sun.reflect.NativeConstructorAccessorImpl.newInstance0(Native Method)
[2020-07-22 14:35:14,792] {logging_mixin.py:112} INFO - [2020-07-22 14:35:14,792] {spark_submit_hook.py:479} INFO - at sun.reflect.NativeConstructorAccessorImpl.newInstance(NativeConstructorAccessorImpl.java:62)
[2020-07-22 14:35:14,792] {logging_mixin.py:112} INFO - [2020-07-22 14:35:14,792] {spark_submit_hook.py:479} INFO - at sun.reflect.DelegatingConstructorAccessorImpl.newInstance(DelegatingConstructorAccessorImpl.java:45)
[2020-07-22 14:35:14,792] {logging_mixin.py:112} INFO - [2020-07-22 14:35:14,792] {spark_submit_hook.py:479} INFO - at java.lang.reflect.Constructor.newInstance(Constructor.java:423)
[2020-07-22 14:35:14,793] {logging_mixin.py:112} INFO - [2020-07-22 14:35:14,793] {spark_submit_hook.py:479} INFO - at py4j.reflection.MethodInvoker.invoke(MethodInvoker.java:247)
[2020-07-22 14:35:14,793] {logging_mixin.py:112} INFO - [2020-07-22 14:35:14,793] {spark_submit_hook.py:479} INFO - at py4j.reflection.ReflectionEngine.invoke(ReflectionEngine.java:357)
[2020-07-22 14:35:14,793] {logging_mixin.py:112} INFO - [2020-07-22 14:35:14,793] {spark_submit_hook.py:479} INFO - at py4j.Gateway.invoke(Gateway.java:238)
[2020-07-22 14:35:14,793] {logging_mixin.py:112} INFO - [2020-07-22 14:35:14,793] {spark_submit_hook.py:479} INFO - at py4j.commands.ConstructorCommand.invokeConstructor(ConstructorCommand.java:80)
[2020-07-22 14:35:14,794] {logging_mixin.py:112} INFO - [2020-07-22 14:35:14,793] {spark_submit_hook.py:479} INFO - at py4j.commands.ConstructorCommand.execute(ConstructorCommand.java:69)
[2020-07-22 14:35:14,794] {logging_mixin.py:112} INFO - [2020-07-22 14:35:14,794] {spark_submit_hook.py:479} INFO - at py4j.GatewayConnection.run(GatewayConnection.java:238)
[2020-07-22 14:35:14,794] {logging_mixin.py:112} INFO - [2020-07-22 14:35:14,794] {spark_submit_hook.py:479} INFO - at java.lang.Thread.run(Thread.java:748)
[2020-07-22 14:35:14,794] {logging_mixin.py:112} INFO - [2020-07-22 14:35:14,794] {spark_submit_hook.py:479} INFO - 
[2020-07-22 14:35:14,965] {logging_mixin.py:112} INFO - [2020-07-22 14:35:14,964] {spark_submit_hook.py:479} INFO - 20/07/22 14:35:14 INFO ShutdownHookManager: Shutdown hook called
[2020-07-22 14:35:14,965] {logging_mixin.py:112} INFO - [2020-07-22 14:35:14,965] {spark_submit_hook.py:479} INFO - 20/07/22 14:35:14 INFO ShutdownHookManager: Deleting directory /tmp/spark-c5e3c204-d2f1-4197-9509-72b8fdfc5580
[2020-07-22 14:35:14,982] {logging_mixin.py:112} INFO - [2020-07-22 14:35:14,982] {spark_submit_hook.py:479} INFO - 20/07/22 14:35:14 INFO ShutdownHookManager: Deleting directory /tmp/spark-8cf2c755-a7f0-4d0e-b48b-bb6f56a3c450
[2020-07-22 14:35:15,153] {taskinstance.py:1145} ERROR - Cannot execute: spark-submit --master local:4041 --name airflow-spark /home/bhakti/airflow/spark_jobs/python/spark_test.py. Error code is: 1.
Traceback (most recent call last):
  File "/usr/local/lib/python3.8/dist-packages/airflow/models/taskinstance.py", line 983, in _run_raw_task
    result = task_copy.execute(context=context)
  File "/usr/local/lib/python3.8/dist-packages/airflow/contrib/operators/spark_submit_operator.py", line 187, in execute
    self._hook.submit(self._application)
  File "/usr/local/lib/python3.8/dist-packages/airflow/contrib/hooks/spark_submit_hook.py", line 403, in submit
    raise AirflowException(
airflow.exceptions.AirflowException: Cannot execute: spark-submit --master local:4041 --name airflow-spark /home/bhakti/airflow/spark_jobs/python/spark_test.py. Error code is: 1.
[2020-07-22 14:35:15,156] {taskinstance.py:1189} INFO - Marking task as FAILED.dag_id=submit_data, task_id=spark_submit, execution_date=20200720T033000, start_date=20200722T090504, end_date=20200722T090515
[2020-07-22 14:35:19,652] {logging_mixin.py:112} INFO - [2020-07-22 14:35:19,651] {local_task_job.py:103} INFO - Task exited with return code 1
