[2020-07-22 15:48:58,031] {taskinstance.py:669} INFO - Dependencies all met for <TaskInstance: submit_data.spark_submit 2020-07-20T05:26:00+00:00 [queued]>
[2020-07-22 15:48:58,055] {taskinstance.py:669} INFO - Dependencies all met for <TaskInstance: submit_data.spark_submit 2020-07-20T05:26:00+00:00 [queued]>
[2020-07-22 15:48:58,056] {taskinstance.py:879} INFO - 
--------------------------------------------------------------------------------
[2020-07-22 15:48:58,056] {taskinstance.py:880} INFO - Starting attempt 1 of 1
[2020-07-22 15:48:58,056] {taskinstance.py:881} INFO - 
--------------------------------------------------------------------------------
[2020-07-22 15:48:58,193] {taskinstance.py:900} INFO - Executing <Task(SparkSubmitOperator): spark_submit> on 2020-07-20T05:26:00+00:00
[2020-07-22 15:48:58,198] {standard_task_runner.py:53} INFO - Started process 531050 to run task
[2020-07-22 15:48:58,474] {logging_mixin.py:112} INFO - Running %s on host %s <TaskInstance: submit_data.spark_submit 2020-07-20T05:26:00+00:00 [running]> bhakti-Vostro-3558
[2020-07-22 15:48:58,520] {logging_mixin.py:112} INFO - [2020-07-22 15:48:58,520] {base_hook.py:87} INFO - Using connection to: id: spark_local. Host: local, Port: None, Schema: None, Login: None, Password: None, extra: None
[2020-07-22 15:48:58,522] {logging_mixin.py:112} INFO - [2020-07-22 15:48:58,521] {spark_submit_hook.py:325} INFO - Spark-Submit cmd: spark-submit --master local --name airflow-spark /home/bhakti/airflow/spark_jobs/python/spark_test.py
[2020-07-22 15:49:01,797] {logging_mixin.py:112} INFO - [2020-07-22 15:49:01,797] {spark_submit_hook.py:479} INFO - 20/07/22 15:49:01 WARN Utils: Your hostname, bhakti-Vostro-3558 resolves to a loopback address: 127.0.1.1; using 192.168.43.94 instead (on interface wlp6s0)
[2020-07-22 15:49:01,809] {logging_mixin.py:112} INFO - [2020-07-22 15:49:01,809] {spark_submit_hook.py:479} INFO - 20/07/22 15:49:01 WARN Utils: Set SPARK_LOCAL_IP if you need to bind to another address
[2020-07-22 15:49:04,988] {logging_mixin.py:112} INFO - [2020-07-22 15:49:04,987] {spark_submit_hook.py:479} INFO - 20/07/22 15:49:04 WARN NativeCodeLoader: Unable to load native-hadoop library for your platform... using builtin-java classes where applicable
[2020-07-22 15:49:08,736] {logging_mixin.py:112} INFO - [2020-07-22 15:49:08,736] {spark_submit_hook.py:479} INFO - Using Spark's default log4j profile: org/apache/spark/log4j-defaults.properties
[2020-07-22 15:49:08,761] {logging_mixin.py:112} INFO - [2020-07-22 15:49:08,760] {spark_submit_hook.py:479} INFO - 20/07/22 15:49:08 INFO SparkContext: Running Spark version 3.0.0
[2020-07-22 15:49:08,837] {logging_mixin.py:112} INFO - [2020-07-22 15:49:08,836] {spark_submit_hook.py:479} INFO - 20/07/22 15:49:08 INFO ResourceUtils: ==============================================================
[2020-07-22 15:49:08,839] {logging_mixin.py:112} INFO - [2020-07-22 15:49:08,839] {spark_submit_hook.py:479} INFO - 20/07/22 15:49:08 INFO ResourceUtils: Resources for spark.driver:
[2020-07-22 15:49:08,840] {logging_mixin.py:112} INFO - [2020-07-22 15:49:08,839] {spark_submit_hook.py:479} INFO - 
[2020-07-22 15:49:08,840] {logging_mixin.py:112} INFO - [2020-07-22 15:49:08,840] {spark_submit_hook.py:479} INFO - 20/07/22 15:49:08 INFO ResourceUtils: ==============================================================
[2020-07-22 15:49:08,841] {logging_mixin.py:112} INFO - [2020-07-22 15:49:08,841] {spark_submit_hook.py:479} INFO - 20/07/22 15:49:08 INFO SparkContext: Submitted application: Spark_Test_Python
[2020-07-22 15:49:08,952] {logging_mixin.py:112} INFO - [2020-07-22 15:49:08,951] {spark_submit_hook.py:479} INFO - 20/07/22 15:49:08 INFO SecurityManager: Changing view acls to: bhakti
[2020-07-22 15:49:08,952] {logging_mixin.py:112} INFO - [2020-07-22 15:49:08,952] {spark_submit_hook.py:479} INFO - 20/07/22 15:49:08 INFO SecurityManager: Changing modify acls to: bhakti
[2020-07-22 15:49:08,953] {logging_mixin.py:112} INFO - [2020-07-22 15:49:08,952] {spark_submit_hook.py:479} INFO - 20/07/22 15:49:08 INFO SecurityManager: Changing view acls groups to:
[2020-07-22 15:49:08,953] {logging_mixin.py:112} INFO - [2020-07-22 15:49:08,953] {spark_submit_hook.py:479} INFO - 20/07/22 15:49:08 INFO SecurityManager: Changing modify acls groups to:
[2020-07-22 15:49:08,953] {logging_mixin.py:112} INFO - [2020-07-22 15:49:08,953] {spark_submit_hook.py:479} INFO - 20/07/22 15:49:08 INFO SecurityManager: SecurityManager: authentication disabled; ui acls disabled; users  with view permissions: Set(bhakti); groups with view permissions: Set(); users  with modify permissions: Set(bhakti); groups with modify permissions: Set()
[2020-07-22 15:49:09,774] {logging_mixin.py:112} INFO - [2020-07-22 15:49:09,774] {spark_submit_hook.py:479} INFO - 20/07/22 15:49:09 INFO Utils: Successfully started service 'sparkDriver' on port 43537.
[2020-07-22 15:49:09,924] {logging_mixin.py:112} INFO - [2020-07-22 15:49:09,924] {spark_submit_hook.py:479} INFO - 20/07/22 15:49:09 INFO SparkEnv: Registering MapOutputTracker
[2020-07-22 15:49:10,061] {logging_mixin.py:112} INFO - [2020-07-22 15:49:10,061] {spark_submit_hook.py:479} INFO - 20/07/22 15:49:10 INFO SparkEnv: Registering BlockManagerMaster
[2020-07-22 15:49:10,143] {logging_mixin.py:112} INFO - [2020-07-22 15:49:10,143] {spark_submit_hook.py:479} INFO - 20/07/22 15:49:10 INFO BlockManagerMasterEndpoint: Using org.apache.spark.storage.DefaultTopologyMapper for getting topology information
[2020-07-22 15:49:10,145] {logging_mixin.py:112} INFO - [2020-07-22 15:49:10,145] {spark_submit_hook.py:479} INFO - 20/07/22 15:49:10 INFO BlockManagerMasterEndpoint: BlockManagerMasterEndpoint up
[2020-07-22 15:49:10,157] {logging_mixin.py:112} INFO - [2020-07-22 15:49:10,156] {spark_submit_hook.py:479} INFO - 20/07/22 15:49:10 INFO SparkEnv: Registering BlockManagerMasterHeartbeat
[2020-07-22 15:49:10,186] {logging_mixin.py:112} INFO - [2020-07-22 15:49:10,185] {spark_submit_hook.py:479} INFO - 20/07/22 15:49:10 INFO DiskBlockManager: Created local directory at /tmp/blockmgr-7d1b7316-9857-4074-ad8c-a6c89cb49a91
[2020-07-22 15:49:10,235] {logging_mixin.py:112} INFO - [2020-07-22 15:49:10,235] {spark_submit_hook.py:479} INFO - 20/07/22 15:49:10 INFO MemoryStore: MemoryStore started with capacity 366.3 MiB
[2020-07-22 15:49:10,271] {logging_mixin.py:112} INFO - [2020-07-22 15:49:10,271] {spark_submit_hook.py:479} INFO - 20/07/22 15:49:10 INFO SparkEnv: Registering OutputCommitCoordinator
[2020-07-22 15:49:11,094] {logging_mixin.py:112} INFO - [2020-07-22 15:49:11,094] {spark_submit_hook.py:479} INFO - 20/07/22 15:49:11 WARN Utils: Service 'SparkUI' could not bind on port 4040. Attempting port 4041.
[2020-07-22 15:49:11,094] {logging_mixin.py:112} INFO - [2020-07-22 15:49:11,094] {spark_submit_hook.py:479} INFO - 20/07/22 15:49:11 WARN Utils: Service 'SparkUI' could not bind on port 4041. Attempting port 4042.
[2020-07-22 15:49:11,094] {logging_mixin.py:112} INFO - [2020-07-22 15:49:11,094] {spark_submit_hook.py:479} INFO - 20/07/22 15:49:11 WARN Utils: Service 'SparkUI' could not bind on port 4042. Attempting port 4043.
[2020-07-22 15:49:11,096] {logging_mixin.py:112} INFO - [2020-07-22 15:49:11,096] {spark_submit_hook.py:479} INFO - 20/07/22 15:49:11 WARN Utils: Service 'SparkUI' could not bind on port 4043. Attempting port 4044.
[2020-07-22 15:49:11,110] {logging_mixin.py:112} INFO - [2020-07-22 15:49:11,110] {spark_submit_hook.py:479} INFO - 20/07/22 15:49:11 INFO Utils: Successfully started service 'SparkUI' on port 4044.
[2020-07-22 15:49:11,271] {logging_mixin.py:112} INFO - [2020-07-22 15:49:11,270] {spark_submit_hook.py:479} INFO - 20/07/22 15:49:11 INFO SparkUI: Bound SparkUI to 0.0.0.0, and started at http://192.168.43.94:4044
[2020-07-22 15:49:11,924] {logging_mixin.py:112} INFO - [2020-07-22 15:49:11,923] {spark_submit_hook.py:479} INFO - 20/07/22 15:49:11 INFO Executor: Starting executor ID driver on host 192.168.43.94
[2020-07-22 15:49:12,006] {logging_mixin.py:112} INFO - [2020-07-22 15:49:12,005] {spark_submit_hook.py:479} INFO - 20/07/22 15:49:12 INFO Utils: Successfully started service 'org.apache.spark.network.netty.NettyBlockTransferService' on port 35201.
[2020-07-22 15:49:12,008] {logging_mixin.py:112} INFO - [2020-07-22 15:49:12,008] {spark_submit_hook.py:479} INFO - 20/07/22 15:49:12 INFO NettyBlockTransferService: Server created on 192.168.43.94:35201
[2020-07-22 15:49:12,012] {logging_mixin.py:112} INFO - [2020-07-22 15:49:12,011] {spark_submit_hook.py:479} INFO - 20/07/22 15:49:12 INFO BlockManager: Using org.apache.spark.storage.RandomBlockReplicationPolicy for block replication policy
[2020-07-22 15:49:12,041] {logging_mixin.py:112} INFO - [2020-07-22 15:49:12,040] {spark_submit_hook.py:479} INFO - 20/07/22 15:49:12 INFO BlockManagerMaster: Registering BlockManager BlockManagerId(driver, 192.168.43.94, 35201, None)
[2020-07-22 15:49:12,065] {logging_mixin.py:112} INFO - [2020-07-22 15:49:12,065] {spark_submit_hook.py:479} INFO - 20/07/22 15:49:12 INFO BlockManagerMasterEndpoint: Registering block manager 192.168.43.94:35201 with 366.3 MiB RAM, BlockManagerId(driver, 192.168.43.94, 35201, None)
[2020-07-22 15:49:12,080] {logging_mixin.py:112} INFO - [2020-07-22 15:49:12,080] {spark_submit_hook.py:479} INFO - 20/07/22 15:49:12 INFO BlockManagerMaster: Registered BlockManager BlockManagerId(driver, 192.168.43.94, 35201, None)
[2020-07-22 15:49:12,083] {logging_mixin.py:112} INFO - [2020-07-22 15:49:12,083] {spark_submit_hook.py:479} INFO - 20/07/22 15:49:12 INFO BlockManager: Initialized BlockManager: BlockManagerId(driver, 192.168.43.94, 35201, None)
[2020-07-22 15:49:15,604] {logging_mixin.py:112} INFO - [2020-07-22 15:49:15,604] {spark_submit_hook.py:479} INFO - 20/07/22 15:49:15 INFO MemoryStore: Block broadcast_0 stored as values in memory (estimated size 241.5 KiB, free 366.1 MiB)
[2020-07-22 15:49:16,289] {logging_mixin.py:112} INFO - [2020-07-22 15:49:16,289] {spark_submit_hook.py:479} INFO - 20/07/22 15:49:16 INFO MemoryStore: Block broadcast_0_piece0 stored as bytes in memory (estimated size 23.4 KiB, free 366.0 MiB)
[2020-07-22 15:49:16,332] {logging_mixin.py:112} INFO - [2020-07-22 15:49:16,332] {spark_submit_hook.py:479} INFO - 20/07/22 15:49:16 INFO BlockManagerInfo: Added broadcast_0_piece0 in memory on 192.168.43.94:35201 (size: 23.4 KiB, free: 366.3 MiB)
[2020-07-22 15:49:16,431] {logging_mixin.py:112} INFO - [2020-07-22 15:49:16,431] {spark_submit_hook.py:479} INFO - 20/07/22 15:49:16 INFO SparkContext: Created broadcast 0 from textFile at NativeMethodAccessorImpl.java:0
[2020-07-22 15:49:17,331] {logging_mixin.py:112} INFO - [2020-07-22 15:49:17,330] {spark_submit_hook.py:479} INFO - 20/07/22 15:49:17 INFO FileInputFormat: Total input paths to process : 1
[2020-07-22 15:49:17,992] {logging_mixin.py:112} INFO - [2020-07-22 15:49:17,991] {spark_submit_hook.py:479} INFO - 20/07/22 15:49:17 INFO SparkContext: Starting job: collect at /home/bhakti/airflow/spark_jobs/python/spark_test.py:5
[2020-07-22 15:49:18,045] {logging_mixin.py:112} INFO - [2020-07-22 15:49:18,045] {spark_submit_hook.py:479} INFO - 20/07/22 15:49:18 INFO DAGScheduler: Got job 0 (collect at /home/bhakti/airflow/spark_jobs/python/spark_test.py:5) with 1 output partitions
[2020-07-22 15:49:18,050] {logging_mixin.py:112} INFO - [2020-07-22 15:49:18,050] {spark_submit_hook.py:479} INFO - 20/07/22 15:49:18 INFO DAGScheduler: Final stage: ResultStage 0 (collect at /home/bhakti/airflow/spark_jobs/python/spark_test.py:5)
[2020-07-22 15:49:18,052] {logging_mixin.py:112} INFO - [2020-07-22 15:49:18,052] {spark_submit_hook.py:479} INFO - 20/07/22 15:49:18 INFO DAGScheduler: Parents of final stage: List()
[2020-07-22 15:49:18,060] {logging_mixin.py:112} INFO - [2020-07-22 15:49:18,060] {spark_submit_hook.py:479} INFO - 20/07/22 15:49:18 INFO DAGScheduler: Missing parents: List()
[2020-07-22 15:49:18,091] {logging_mixin.py:112} INFO - [2020-07-22 15:49:18,091] {spark_submit_hook.py:479} INFO - 20/07/22 15:49:18 INFO DAGScheduler: Submitting ResultStage 0 (PythonRDD[2] at collect at /home/bhakti/airflow/spark_jobs/python/spark_test.py:5), which has no missing parents
[2020-07-22 15:49:18,191] {logging_mixin.py:112} INFO - [2020-07-22 15:49:18,190] {spark_submit_hook.py:479} INFO - 20/07/22 15:49:18 INFO MemoryStore: Block broadcast_1 stored as values in memory (estimated size 7.4 KiB, free 366.0 MiB)
[2020-07-22 15:49:18,201] {logging_mixin.py:112} INFO - [2020-07-22 15:49:18,201] {spark_submit_hook.py:479} INFO - 20/07/22 15:49:18 INFO MemoryStore: Block broadcast_1_piece0 stored as bytes in memory (estimated size 4.4 KiB, free 366.0 MiB)
[2020-07-22 15:49:18,203] {logging_mixin.py:112} INFO - [2020-07-22 15:49:18,203] {spark_submit_hook.py:479} INFO - 20/07/22 15:49:18 INFO BlockManagerInfo: Added broadcast_1_piece0 in memory on 192.168.43.94:35201 (size: 4.4 KiB, free: 366.3 MiB)
[2020-07-22 15:49:18,211] {logging_mixin.py:112} INFO - [2020-07-22 15:49:18,211] {spark_submit_hook.py:479} INFO - 20/07/22 15:49:18 INFO SparkContext: Created broadcast 1 from broadcast at DAGScheduler.scala:1200
[2020-07-22 15:49:18,263] {logging_mixin.py:112} INFO - [2020-07-22 15:49:18,262] {spark_submit_hook.py:479} INFO - 20/07/22 15:49:18 INFO DAGScheduler: Submitting 1 missing tasks from ResultStage 0 (PythonRDD[2] at collect at /home/bhakti/airflow/spark_jobs/python/spark_test.py:5) (first 15 tasks are for partitions Vector(0))
[2020-07-22 15:49:18,273] {logging_mixin.py:112} INFO - [2020-07-22 15:49:18,273] {spark_submit_hook.py:479} INFO - 20/07/22 15:49:18 INFO TaskSchedulerImpl: Adding task set 0.0 with 1 tasks
[2020-07-22 15:49:18,552] {logging_mixin.py:112} INFO - [2020-07-22 15:49:18,552] {spark_submit_hook.py:479} INFO - 20/07/22 15:49:18 INFO TaskSetManager: Starting task 0.0 in stage 0.0 (TID 0, 192.168.43.94, executor driver, partition 0, PROCESS_LOCAL, 7388 bytes)
[2020-07-22 15:49:18,668] {logging_mixin.py:112} INFO - [2020-07-22 15:49:18,668] {spark_submit_hook.py:479} INFO - 20/07/22 15:49:18 INFO Executor: Running task 0.0 in stage 0.0 (TID 0)
[2020-07-22 15:49:19,985] {logging_mixin.py:112} INFO - [2020-07-22 15:49:19,985] {spark_submit_hook.py:479} INFO - 20/07/22 15:49:19 INFO HadoopRDD: Input split: file:/home/bhakti/airflow/input_data/sample.csv:0+93
[2020-07-22 15:49:21,750] {logging_mixin.py:112} INFO - [2020-07-22 15:49:21,750] {spark_submit_hook.py:479} INFO - 20/07/22 15:49:21 INFO PythonRunner: Times: total = 1573, boot = 1547, init = 26, finish = 0
[2020-07-22 15:49:21,842] {logging_mixin.py:112} INFO - [2020-07-22 15:49:21,842] {spark_submit_hook.py:479} INFO - 20/07/22 15:49:21 INFO Executor: Finished task 0.0 in stage 0.0 (TID 0). 1775 bytes result sent to driver
[2020-07-22 15:49:21,866] {logging_mixin.py:112} INFO - [2020-07-22 15:49:21,866] {spark_submit_hook.py:479} INFO - 20/07/22 15:49:21 INFO TaskSetManager: Finished task 0.0 in stage 0.0 (TID 0) in 3371 ms on 192.168.43.94 (executor driver) (1/1)
[2020-07-22 15:49:21,877] {logging_mixin.py:112} INFO - [2020-07-22 15:49:21,876] {spark_submit_hook.py:479} INFO - 20/07/22 15:49:21 INFO TaskSchedulerImpl: Removed TaskSet 0.0, whose tasks have all completed, from pool
[2020-07-22 15:49:21,879] {logging_mixin.py:112} INFO - [2020-07-22 15:49:21,878] {spark_submit_hook.py:479} INFO - 20/07/22 15:49:21 INFO PythonAccumulatorV2: Connected to AccumulatorServer at host: 127.0.0.1 port: 54917
[2020-07-22 15:49:21,902] {logging_mixin.py:112} INFO - [2020-07-22 15:49:21,899] {spark_submit_hook.py:479} INFO - 20/07/22 15:49:21 INFO DAGScheduler: ResultStage 0 (collect at /home/bhakti/airflow/spark_jobs/python/spark_test.py:5) finished in 3.730 s
[2020-07-22 15:49:21,943] {logging_mixin.py:112} INFO - [2020-07-22 15:49:21,941] {spark_submit_hook.py:479} INFO - 20/07/22 15:49:21 INFO DAGScheduler: Job 0 is finished. Cancelling potential speculative or zombie tasks for this job
[2020-07-22 15:49:21,945] {logging_mixin.py:112} INFO - [2020-07-22 15:49:21,945] {spark_submit_hook.py:479} INFO - 20/07/22 15:49:21 INFO TaskSchedulerImpl: Killing all running tasks in stage 0: Stage finished
[2020-07-22 15:49:21,953] {logging_mixin.py:112} INFO - [2020-07-22 15:49:21,953] {spark_submit_hook.py:479} INFO - 20/07/22 15:49:21 INFO DAGScheduler: Job 0 finished: collect at /home/bhakti/airflow/spark_jobs/python/spark_test.py:5, took 3.957843 s
[2020-07-22 15:49:21,983] {logging_mixin.py:112} INFO - [2020-07-22 15:49:21,983] {spark_submit_hook.py:479} INFO - [('PERSON', 'JOINING_YEAR'), ('John', '2018'), ('Sam', '2017'), ('Jeff', '2014'), ('Allen', '2015')]
[2020-07-22 15:49:22,059] {logging_mixin.py:112} INFO - [2020-07-22 15:49:22,058] {spark_submit_hook.py:479} INFO - 20/07/22 15:49:22 INFO SparkContext: Invoking stop() from shutdown hook
[2020-07-22 15:49:22,075] {logging_mixin.py:112} INFO - [2020-07-22 15:49:22,075] {spark_submit_hook.py:479} INFO - 20/07/22 15:49:22 INFO SparkUI: Stopped Spark web UI at http://192.168.43.94:4044
[2020-07-22 15:49:22,107] {logging_mixin.py:112} INFO - [2020-07-22 15:49:22,106] {spark_submit_hook.py:479} INFO - 20/07/22 15:49:22 INFO MapOutputTrackerMasterEndpoint: MapOutputTrackerMasterEndpoint stopped!
[2020-07-22 15:49:22,141] {logging_mixin.py:112} INFO - [2020-07-22 15:49:22,141] {spark_submit_hook.py:479} INFO - 20/07/22 15:49:22 INFO MemoryStore: MemoryStore cleared
[2020-07-22 15:49:22,142] {logging_mixin.py:112} INFO - [2020-07-22 15:49:22,142] {spark_submit_hook.py:479} INFO - 20/07/22 15:49:22 INFO BlockManager: BlockManager stopped
[2020-07-22 15:49:22,165] {logging_mixin.py:112} INFO - [2020-07-22 15:49:22,164] {spark_submit_hook.py:479} INFO - 20/07/22 15:49:22 INFO BlockManagerMaster: BlockManagerMaster stopped
[2020-07-22 15:49:22,170] {logging_mixin.py:112} INFO - [2020-07-22 15:49:22,170] {spark_submit_hook.py:479} INFO - 20/07/22 15:49:22 INFO OutputCommitCoordinator$OutputCommitCoordinatorEndpoint: OutputCommitCoordinator stopped!
[2020-07-22 15:49:22,179] {logging_mixin.py:112} INFO - [2020-07-22 15:49:22,179] {spark_submit_hook.py:479} INFO - 20/07/22 15:49:22 INFO SparkContext: Successfully stopped SparkContext
[2020-07-22 15:49:22,180] {logging_mixin.py:112} INFO - [2020-07-22 15:49:22,180] {spark_submit_hook.py:479} INFO - 20/07/22 15:49:22 INFO ShutdownHookManager: Shutdown hook called
[2020-07-22 15:49:22,181] {logging_mixin.py:112} INFO - [2020-07-22 15:49:22,181] {spark_submit_hook.py:479} INFO - 20/07/22 15:49:22 INFO ShutdownHookManager: Deleting directory /tmp/spark-a6df17f4-28d3-4e6b-ad9e-9ebeb525ed50
[2020-07-22 15:49:22,186] {logging_mixin.py:112} INFO - [2020-07-22 15:49:22,185] {spark_submit_hook.py:479} INFO - 20/07/22 15:49:22 INFO ShutdownHookManager: Deleting directory /tmp/spark-8ecb6c42-910e-453f-87eb-893b9aaa0bce/pyspark-be3ba8a1-04b8-484c-b763-2b4f99b6bb1f
[2020-07-22 15:49:22,189] {logging_mixin.py:112} INFO - [2020-07-22 15:49:22,189] {spark_submit_hook.py:479} INFO - 20/07/22 15:49:22 INFO ShutdownHookManager: Deleting directory /tmp/spark-8ecb6c42-910e-453f-87eb-893b9aaa0bce
[2020-07-22 15:49:22,252] {taskinstance.py:1052} INFO - Marking task as SUCCESS.dag_id=submit_data, task_id=spark_submit, execution_date=20200720T052600, start_date=20200722T101858, end_date=20200722T101922
[2020-07-22 15:49:23,199] {logging_mixin.py:112} INFO - [2020-07-22 15:49:23,199] {local_task_job.py:103} INFO - Task exited with return code 0
