[2020-07-22 15:10:19,093] {taskinstance.py:669} INFO - Dependencies all met for <TaskInstance: submit_data.spark_submit 2020-07-20T04:24:00+00:00 [queued]>
[2020-07-22 15:10:19,110] {taskinstance.py:669} INFO - Dependencies all met for <TaskInstance: submit_data.spark_submit 2020-07-20T04:24:00+00:00 [queued]>
[2020-07-22 15:10:19,111] {taskinstance.py:879} INFO - 
--------------------------------------------------------------------------------
[2020-07-22 15:10:19,111] {taskinstance.py:880} INFO - Starting attempt 1 of 1
[2020-07-22 15:10:19,111] {taskinstance.py:881} INFO - 
--------------------------------------------------------------------------------
[2020-07-22 15:10:19,233] {taskinstance.py:900} INFO - Executing <Task(SparkSubmitOperator): spark_submit> on 2020-07-20T04:24:00+00:00
[2020-07-22 15:10:19,239] {standard_task_runner.py:53} INFO - Started process 481380 to run task
[2020-07-22 15:10:19,461] {logging_mixin.py:112} INFO - Running %s on host %s <TaskInstance: submit_data.spark_submit 2020-07-20T04:24:00+00:00 [running]> bhakti-Vostro-3558
[2020-07-22 15:10:19,503] {logging_mixin.py:112} INFO - [2020-07-22 15:10:19,502] {base_hook.py:87} INFO - Using connection to: id: spark_local. Host: local, Port: None, Schema: None, Login: None, Password: None, extra: None
[2020-07-22 15:10:19,504] {logging_mixin.py:112} INFO - [2020-07-22 15:10:19,504] {spark_submit_hook.py:325} INFO - Spark-Submit cmd: spark-submit --master local --name airflow-spark /home/bhakti/airflow/spark_jobs/python/spark_test.py
[2020-07-22 15:10:23,365] {logging_mixin.py:112} INFO - [2020-07-22 15:10:23,365] {spark_submit_hook.py:479} INFO - 20/07/22 15:10:23 WARN Utils: Your hostname, bhakti-Vostro-3558 resolves to a loopback address: 127.0.1.1; using 192.168.43.94 instead (on interface wlp6s0)
[2020-07-22 15:10:23,371] {logging_mixin.py:112} INFO - [2020-07-22 15:10:23,371] {spark_submit_hook.py:479} INFO - 20/07/22 15:10:23 WARN Utils: Set SPARK_LOCAL_IP if you need to bind to another address
[2020-07-22 15:10:25,239] {logging_mixin.py:112} INFO - [2020-07-22 15:10:25,239] {spark_submit_hook.py:479} INFO - 20/07/22 15:10:25 WARN NativeCodeLoader: Unable to load native-hadoop library for your platform... using builtin-java classes where applicable
[2020-07-22 15:10:27,625] {logging_mixin.py:112} INFO - [2020-07-22 15:10:27,624] {spark_submit_hook.py:479} INFO - Using Spark's default log4j profile: org/apache/spark/log4j-defaults.properties
[2020-07-22 15:10:27,642] {logging_mixin.py:112} INFO - [2020-07-22 15:10:27,642] {spark_submit_hook.py:479} INFO - 20/07/22 15:10:27 INFO SparkContext: Running Spark version 3.0.0
[2020-07-22 15:10:27,713] {logging_mixin.py:112} INFO - [2020-07-22 15:10:27,712] {spark_submit_hook.py:479} INFO - 20/07/22 15:10:27 INFO ResourceUtils: ==============================================================
[2020-07-22 15:10:27,715] {logging_mixin.py:112} INFO - [2020-07-22 15:10:27,715] {spark_submit_hook.py:479} INFO - 20/07/22 15:10:27 INFO ResourceUtils: Resources for spark.driver:
[2020-07-22 15:10:27,715] {logging_mixin.py:112} INFO - [2020-07-22 15:10:27,715] {spark_submit_hook.py:479} INFO - 
[2020-07-22 15:10:27,716] {logging_mixin.py:112} INFO - [2020-07-22 15:10:27,716] {spark_submit_hook.py:479} INFO - 20/07/22 15:10:27 INFO ResourceUtils: ==============================================================
[2020-07-22 15:10:27,717] {logging_mixin.py:112} INFO - [2020-07-22 15:10:27,716] {spark_submit_hook.py:479} INFO - 20/07/22 15:10:27 INFO SparkContext: Submitted application: Spark_Test_Python
[2020-07-22 15:10:27,857] {logging_mixin.py:112} INFO - [2020-07-22 15:10:27,857] {spark_submit_hook.py:479} INFO - 20/07/22 15:10:27 INFO SecurityManager: Changing view acls to: bhakti
[2020-07-22 15:10:27,858] {logging_mixin.py:112} INFO - [2020-07-22 15:10:27,857] {spark_submit_hook.py:479} INFO - 20/07/22 15:10:27 INFO SecurityManager: Changing modify acls to: bhakti
[2020-07-22 15:10:27,861] {logging_mixin.py:112} INFO - [2020-07-22 15:10:27,860] {spark_submit_hook.py:479} INFO - 20/07/22 15:10:27 INFO SecurityManager: Changing view acls groups to:
[2020-07-22 15:10:27,861] {logging_mixin.py:112} INFO - [2020-07-22 15:10:27,861] {spark_submit_hook.py:479} INFO - 20/07/22 15:10:27 INFO SecurityManager: Changing modify acls groups to:
[2020-07-22 15:10:27,861] {logging_mixin.py:112} INFO - [2020-07-22 15:10:27,861] {spark_submit_hook.py:479} INFO - 20/07/22 15:10:27 INFO SecurityManager: SecurityManager: authentication disabled; ui acls disabled; users  with view permissions: Set(bhakti); groups with view permissions: Set(); users  with modify permissions: Set(bhakti); groups with modify permissions: Set()
[2020-07-22 15:10:28,554] {logging_mixin.py:112} INFO - [2020-07-22 15:10:28,554] {spark_submit_hook.py:479} INFO - 20/07/22 15:10:28 INFO Utils: Successfully started service 'sparkDriver' on port 33323.
[2020-07-22 15:10:28,608] {logging_mixin.py:112} INFO - [2020-07-22 15:10:28,607] {spark_submit_hook.py:479} INFO - 20/07/22 15:10:28 INFO SparkEnv: Registering MapOutputTracker
[2020-07-22 15:10:28,676] {logging_mixin.py:112} INFO - [2020-07-22 15:10:28,676] {spark_submit_hook.py:479} INFO - 20/07/22 15:10:28 INFO SparkEnv: Registering BlockManagerMaster
[2020-07-22 15:10:28,712] {logging_mixin.py:112} INFO - [2020-07-22 15:10:28,711] {spark_submit_hook.py:479} INFO - 20/07/22 15:10:28 INFO BlockManagerMasterEndpoint: Using org.apache.spark.storage.DefaultTopologyMapper for getting topology information
[2020-07-22 15:10:28,713] {logging_mixin.py:112} INFO - [2020-07-22 15:10:28,713] {spark_submit_hook.py:479} INFO - 20/07/22 15:10:28 INFO BlockManagerMasterEndpoint: BlockManagerMasterEndpoint up
[2020-07-22 15:10:28,720] {logging_mixin.py:112} INFO - [2020-07-22 15:10:28,720] {spark_submit_hook.py:479} INFO - 20/07/22 15:10:28 INFO SparkEnv: Registering BlockManagerMasterHeartbeat
[2020-07-22 15:10:28,741] {logging_mixin.py:112} INFO - [2020-07-22 15:10:28,741] {spark_submit_hook.py:479} INFO - 20/07/22 15:10:28 INFO DiskBlockManager: Created local directory at /tmp/blockmgr-b47a1b0a-5b66-40c8-8312-4ffae044d38b
[2020-07-22 15:10:28,791] {logging_mixin.py:112} INFO - [2020-07-22 15:10:28,790] {spark_submit_hook.py:479} INFO - 20/07/22 15:10:28 INFO MemoryStore: MemoryStore started with capacity 366.3 MiB
[2020-07-22 15:10:28,841] {logging_mixin.py:112} INFO - [2020-07-22 15:10:28,841] {spark_submit_hook.py:479} INFO - 20/07/22 15:10:28 INFO SparkEnv: Registering OutputCommitCoordinator
[2020-07-22 15:10:29,322] {logging_mixin.py:112} INFO - [2020-07-22 15:10:29,321] {spark_submit_hook.py:479} INFO - 20/07/22 15:10:29 WARN Utils: Service 'SparkUI' could not bind on port 4040. Attempting port 4041.
[2020-07-22 15:10:29,322] {logging_mixin.py:112} INFO - [2020-07-22 15:10:29,322] {spark_submit_hook.py:479} INFO - 20/07/22 15:10:29 WARN Utils: Service 'SparkUI' could not bind on port 4041. Attempting port 4042.
[2020-07-22 15:10:29,323] {logging_mixin.py:112} INFO - [2020-07-22 15:10:29,323] {spark_submit_hook.py:479} INFO - 20/07/22 15:10:29 WARN Utils: Service 'SparkUI' could not bind on port 4042. Attempting port 4043.
[2020-07-22 15:10:29,323] {logging_mixin.py:112} INFO - [2020-07-22 15:10:29,323] {spark_submit_hook.py:479} INFO - 20/07/22 15:10:29 WARN Utils: Service 'SparkUI' could not bind on port 4043. Attempting port 4044.
[2020-07-22 15:10:29,336] {logging_mixin.py:112} INFO - [2020-07-22 15:10:29,336] {spark_submit_hook.py:479} INFO - 20/07/22 15:10:29 INFO Utils: Successfully started service 'SparkUI' on port 4044.
[2020-07-22 15:10:29,473] {logging_mixin.py:112} INFO - [2020-07-22 15:10:29,473] {spark_submit_hook.py:479} INFO - 20/07/22 15:10:29 INFO SparkUI: Bound SparkUI to 0.0.0.0, and started at http://192.168.43.94:4044
[2020-07-22 15:10:30,092] {logging_mixin.py:112} INFO - [2020-07-22 15:10:30,091] {spark_submit_hook.py:479} INFO - 20/07/22 15:10:30 INFO Executor: Starting executor ID driver on host 192.168.43.94
[2020-07-22 15:10:30,136] {logging_mixin.py:112} INFO - [2020-07-22 15:10:30,135] {spark_submit_hook.py:479} INFO - 20/07/22 15:10:30 INFO Utils: Successfully started service 'org.apache.spark.network.netty.NettyBlockTransferService' on port 35873.
[2020-07-22 15:10:30,136] {logging_mixin.py:112} INFO - [2020-07-22 15:10:30,136] {spark_submit_hook.py:479} INFO - 20/07/22 15:10:30 INFO NettyBlockTransferService: Server created on 192.168.43.94:35873
[2020-07-22 15:10:30,139] {logging_mixin.py:112} INFO - [2020-07-22 15:10:30,138] {spark_submit_hook.py:479} INFO - 20/07/22 15:10:30 INFO BlockManager: Using org.apache.spark.storage.RandomBlockReplicationPolicy for block replication policy
[2020-07-22 15:10:30,150] {logging_mixin.py:112} INFO - [2020-07-22 15:10:30,149] {spark_submit_hook.py:479} INFO - 20/07/22 15:10:30 INFO BlockManagerMaster: Registering BlockManager BlockManagerId(driver, 192.168.43.94, 35873, None)
[2020-07-22 15:10:30,158] {logging_mixin.py:112} INFO - [2020-07-22 15:10:30,158] {spark_submit_hook.py:479} INFO - 20/07/22 15:10:30 INFO BlockManagerMasterEndpoint: Registering block manager 192.168.43.94:35873 with 366.3 MiB RAM, BlockManagerId(driver, 192.168.43.94, 35873, None)
[2020-07-22 15:10:30,163] {logging_mixin.py:112} INFO - [2020-07-22 15:10:30,163] {spark_submit_hook.py:479} INFO - 20/07/22 15:10:30 INFO BlockManagerMaster: Registered BlockManager BlockManagerId(driver, 192.168.43.94, 35873, None)
[2020-07-22 15:10:30,165] {logging_mixin.py:112} INFO - [2020-07-22 15:10:30,165] {spark_submit_hook.py:479} INFO - 20/07/22 15:10:30 INFO BlockManager: Initialized BlockManager: BlockManagerId(driver, 192.168.43.94, 35873, None)
[2020-07-22 15:10:32,530] {logging_mixin.py:112} INFO - [2020-07-22 15:10:32,529] {spark_submit_hook.py:479} INFO - 20/07/22 15:10:32 INFO MemoryStore: Block broadcast_0 stored as values in memory (estimated size 241.5 KiB, free 366.1 MiB)
[2020-07-22 15:10:32,653] {logging_mixin.py:112} INFO - [2020-07-22 15:10:32,652] {spark_submit_hook.py:479} INFO - 20/07/22 15:10:32 INFO MemoryStore: Block broadcast_0_piece0 stored as bytes in memory (estimated size 23.4 KiB, free 366.0 MiB)
[2020-07-22 15:10:32,658] {logging_mixin.py:112} INFO - [2020-07-22 15:10:32,658] {spark_submit_hook.py:479} INFO - 20/07/22 15:10:32 INFO BlockManagerInfo: Added broadcast_0_piece0 in memory on 192.168.43.94:35873 (size: 23.4 KiB, free: 366.3 MiB)
[2020-07-22 15:10:32,667] {logging_mixin.py:112} INFO - [2020-07-22 15:10:32,666] {spark_submit_hook.py:479} INFO - 20/07/22 15:10:32 INFO SparkContext: Created broadcast 0 from textFile at NativeMethodAccessorImpl.java:0
[2020-07-22 15:10:33,154] {logging_mixin.py:112} INFO - [2020-07-22 15:10:33,154] {spark_submit_hook.py:479} INFO - 20/07/22 15:10:33 INFO FileInputFormat: Total input paths to process : 1
[2020-07-22 15:10:33,298] {logging_mixin.py:112} INFO - [2020-07-22 15:10:33,298] {spark_submit_hook.py:479} INFO - 20/07/22 15:10:33 INFO SparkContext: Starting job: collect at /home/bhakti/airflow/spark_jobs/python/spark_test.py:10
[2020-07-22 15:10:33,331] {logging_mixin.py:112} INFO - [2020-07-22 15:10:33,330] {spark_submit_hook.py:479} INFO - 20/07/22 15:10:33 INFO DAGScheduler: Got job 0 (collect at /home/bhakti/airflow/spark_jobs/python/spark_test.py:10) with 1 output partitions
[2020-07-22 15:10:33,332] {logging_mixin.py:112} INFO - [2020-07-22 15:10:33,332] {spark_submit_hook.py:479} INFO - 20/07/22 15:10:33 INFO DAGScheduler: Final stage: ResultStage 0 (collect at /home/bhakti/airflow/spark_jobs/python/spark_test.py:10)
[2020-07-22 15:10:33,334] {logging_mixin.py:112} INFO - [2020-07-22 15:10:33,333] {spark_submit_hook.py:479} INFO - 20/07/22 15:10:33 INFO DAGScheduler: Parents of final stage: List()
[2020-07-22 15:10:33,337] {logging_mixin.py:112} INFO - [2020-07-22 15:10:33,337] {spark_submit_hook.py:479} INFO - 20/07/22 15:10:33 INFO DAGScheduler: Missing parents: List()
[2020-07-22 15:10:33,353] {logging_mixin.py:112} INFO - [2020-07-22 15:10:33,353] {spark_submit_hook.py:479} INFO - 20/07/22 15:10:33 INFO DAGScheduler: Submitting ResultStage 0 (PythonRDD[2] at collect at /home/bhakti/airflow/spark_jobs/python/spark_test.py:10), which has no missing parents
[2020-07-22 15:10:33,421] {logging_mixin.py:112} INFO - [2020-07-22 15:10:33,421] {spark_submit_hook.py:479} INFO - 20/07/22 15:10:33 INFO MemoryStore: Block broadcast_1 stored as values in memory (estimated size 7.4 KiB, free 366.0 MiB)
[2020-07-22 15:10:33,432] {logging_mixin.py:112} INFO - [2020-07-22 15:10:33,431] {spark_submit_hook.py:479} INFO - 20/07/22 15:10:33 INFO MemoryStore: Block broadcast_1_piece0 stored as bytes in memory (estimated size 4.4 KiB, free 366.0 MiB)
[2020-07-22 15:10:33,434] {logging_mixin.py:112} INFO - [2020-07-22 15:10:33,434] {spark_submit_hook.py:479} INFO - 20/07/22 15:10:33 INFO BlockManagerInfo: Added broadcast_1_piece0 in memory on 192.168.43.94:35873 (size: 4.4 KiB, free: 366.3 MiB)
[2020-07-22 15:10:33,437] {logging_mixin.py:112} INFO - [2020-07-22 15:10:33,436] {spark_submit_hook.py:479} INFO - 20/07/22 15:10:33 INFO SparkContext: Created broadcast 1 from broadcast at DAGScheduler.scala:1200
[2020-07-22 15:10:33,472] {logging_mixin.py:112} INFO - [2020-07-22 15:10:33,471] {spark_submit_hook.py:479} INFO - 20/07/22 15:10:33 INFO DAGScheduler: Submitting 1 missing tasks from ResultStage 0 (PythonRDD[2] at collect at /home/bhakti/airflow/spark_jobs/python/spark_test.py:10) (first 15 tasks are for partitions Vector(0))
[2020-07-22 15:10:33,475] {logging_mixin.py:112} INFO - [2020-07-22 15:10:33,474] {spark_submit_hook.py:479} INFO - 20/07/22 15:10:33 INFO TaskSchedulerImpl: Adding task set 0.0 with 1 tasks
[2020-07-22 15:10:33,612] {logging_mixin.py:112} INFO - [2020-07-22 15:10:33,612] {spark_submit_hook.py:479} INFO - 20/07/22 15:10:33 INFO TaskSetManager: Starting task 0.0 in stage 0.0 (TID 0, 192.168.43.94, executor driver, partition 0, PROCESS_LOCAL, 7388 bytes)
[2020-07-22 15:10:33,646] {logging_mixin.py:112} INFO - [2020-07-22 15:10:33,646] {spark_submit_hook.py:479} INFO - 20/07/22 15:10:33 INFO Executor: Running task 0.0 in stage 0.0 (TID 0)
[2020-07-22 15:10:34,334] {logging_mixin.py:112} INFO - [2020-07-22 15:10:34,334] {spark_submit_hook.py:479} INFO - 20/07/22 15:10:34 INFO HadoopRDD: Input split: file:/home/bhakti/airflow/input_data/sample.csv:0+93
[2020-07-22 15:10:35,358] {logging_mixin.py:112} INFO - [2020-07-22 15:10:35,357] {spark_submit_hook.py:479} INFO - 20/07/22 15:10:35 INFO PythonRunner: Times: total = 979, boot = 924, init = 55, finish = 0
[2020-07-22 15:10:35,429] {logging_mixin.py:112} INFO - [2020-07-22 15:10:35,428] {spark_submit_hook.py:479} INFO - 20/07/22 15:10:35 INFO Executor: Finished task 0.0 in stage 0.0 (TID 0). 1732 bytes result sent to driver
[2020-07-22 15:10:35,452] {logging_mixin.py:112} INFO - [2020-07-22 15:10:35,452] {spark_submit_hook.py:479} INFO - 20/07/22 15:10:35 INFO TaskSetManager: Finished task 0.0 in stage 0.0 (TID 0) in 1869 ms on 192.168.43.94 (executor driver) (1/1)
[2020-07-22 15:10:35,457] {logging_mixin.py:112} INFO - [2020-07-22 15:10:35,457] {spark_submit_hook.py:479} INFO - 20/07/22 15:10:35 INFO TaskSchedulerImpl: Removed TaskSet 0.0, whose tasks have all completed, from pool
[2020-07-22 15:10:35,468] {logging_mixin.py:112} INFO - [2020-07-22 15:10:35,468] {spark_submit_hook.py:479} INFO - 20/07/22 15:10:35 INFO PythonAccumulatorV2: Connected to AccumulatorServer at host: 127.0.0.1 port: 44543
[2020-07-22 15:10:35,480] {logging_mixin.py:112} INFO - [2020-07-22 15:10:35,480] {spark_submit_hook.py:479} INFO - 20/07/22 15:10:35 INFO DAGScheduler: ResultStage 0 (collect at /home/bhakti/airflow/spark_jobs/python/spark_test.py:10) finished in 2.072 s
[2020-07-22 15:10:35,496] {logging_mixin.py:112} INFO - [2020-07-22 15:10:35,496] {spark_submit_hook.py:479} INFO - 20/07/22 15:10:35 INFO DAGScheduler: Job 0 is finished. Cancelling potential speculative or zombie tasks for this job
[2020-07-22 15:10:35,498] {logging_mixin.py:112} INFO - [2020-07-22 15:10:35,498] {spark_submit_hook.py:479} INFO - 20/07/22 15:10:35 INFO TaskSchedulerImpl: Killing all running tasks in stage 0: Stage finished
[2020-07-22 15:10:35,511] {logging_mixin.py:112} INFO - [2020-07-22 15:10:35,511] {spark_submit_hook.py:479} INFO - 20/07/22 15:10:35 INFO DAGScheduler: Job 0 finished: collect at /home/bhakti/airflow/spark_jobs/python/spark_test.py:10, took 2.205728 s
[2020-07-22 15:10:35,531] {logging_mixin.py:112} INFO - [2020-07-22 15:10:35,531] {spark_submit_hook.py:479} INFO - [('PERSON', 'JOINING_YEAR'), ('John', '2018'), ('Sam', '2017'), ('Jeff', '2014'), ('Allen', '2015')]
[2020-07-22 15:10:35,592] {logging_mixin.py:112} INFO - [2020-07-22 15:10:35,591] {spark_submit_hook.py:479} INFO - 20/07/22 15:10:35 INFO SparkContext: Invoking stop() from shutdown hook
[2020-07-22 15:10:35,610] {logging_mixin.py:112} INFO - [2020-07-22 15:10:35,610] {spark_submit_hook.py:479} INFO - 20/07/22 15:10:35 INFO SparkUI: Stopped Spark web UI at http://192.168.43.94:4044
[2020-07-22 15:10:35,733] {logging_mixin.py:112} INFO - [2020-07-22 15:10:35,733] {spark_submit_hook.py:479} INFO - 20/07/22 15:10:35 INFO MapOutputTrackerMasterEndpoint: MapOutputTrackerMasterEndpoint stopped!
[2020-07-22 15:10:35,795] {logging_mixin.py:112} INFO - [2020-07-22 15:10:35,795] {spark_submit_hook.py:479} INFO - 20/07/22 15:10:35 INFO MemoryStore: MemoryStore cleared
[2020-07-22 15:10:35,807] {logging_mixin.py:112} INFO - [2020-07-22 15:10:35,807] {spark_submit_hook.py:479} INFO - 20/07/22 15:10:35 INFO BlockManager: BlockManager stopped
[2020-07-22 15:10:35,825] {logging_mixin.py:112} INFO - [2020-07-22 15:10:35,824] {spark_submit_hook.py:479} INFO - 20/07/22 15:10:35 INFO BlockManagerMaster: BlockManagerMaster stopped
[2020-07-22 15:10:35,829] {logging_mixin.py:112} INFO - [2020-07-22 15:10:35,829] {spark_submit_hook.py:479} INFO - 20/07/22 15:10:35 INFO OutputCommitCoordinator$OutputCommitCoordinatorEndpoint: OutputCommitCoordinator stopped!
[2020-07-22 15:10:35,835] {logging_mixin.py:112} INFO - [2020-07-22 15:10:35,835] {spark_submit_hook.py:479} INFO - 20/07/22 15:10:35 INFO SparkContext: Successfully stopped SparkContext
[2020-07-22 15:10:35,836] {logging_mixin.py:112} INFO - [2020-07-22 15:10:35,835] {spark_submit_hook.py:479} INFO - 20/07/22 15:10:35 INFO ShutdownHookManager: Shutdown hook called
[2020-07-22 15:10:35,837] {logging_mixin.py:112} INFO - [2020-07-22 15:10:35,837] {spark_submit_hook.py:479} INFO - 20/07/22 15:10:35 INFO ShutdownHookManager: Deleting directory /tmp/spark-d8d60ca2-8816-40cd-9319-f55dfadf128a
[2020-07-22 15:10:35,841] {logging_mixin.py:112} INFO - [2020-07-22 15:10:35,841] {spark_submit_hook.py:479} INFO - 20/07/22 15:10:35 INFO ShutdownHookManager: Deleting directory /tmp/spark-a7adb17a-a5f9-4dbb-944d-62c304e9ff44
[2020-07-22 15:10:35,844] {logging_mixin.py:112} INFO - [2020-07-22 15:10:35,843] {spark_submit_hook.py:479} INFO - 20/07/22 15:10:35 INFO ShutdownHookManager: Deleting directory /tmp/spark-a7adb17a-a5f9-4dbb-944d-62c304e9ff44/pyspark-e651de62-589a-43c1-a36c-07d66a2f9d5a
[2020-07-22 15:10:35,949] {taskinstance.py:1052} INFO - Marking task as SUCCESS.dag_id=submit_data, task_id=spark_submit, execution_date=20200720T042400, start_date=20200722T094019, end_date=20200722T094035
[2020-07-22 15:10:39,235] {logging_mixin.py:112} INFO - [2020-07-22 15:10:39,235] {local_task_job.py:103} INFO - Task exited with return code 0
