[2020-07-23 15:44:36,529] {taskinstance.py:669} INFO - Dependencies all met for <TaskInstance: submit_data.spark_submit 2020-07-21T01:26:00+00:00 [queued]>
[2020-07-23 15:44:36,541] {taskinstance.py:669} INFO - Dependencies all met for <TaskInstance: submit_data.spark_submit 2020-07-21T01:26:00+00:00 [queued]>
[2020-07-23 15:44:36,541] {taskinstance.py:879} INFO - 
--------------------------------------------------------------------------------
[2020-07-23 15:44:36,541] {taskinstance.py:880} INFO - Starting attempt 1 of 1
[2020-07-23 15:44:36,541] {taskinstance.py:881} INFO - 
--------------------------------------------------------------------------------
[2020-07-23 15:44:36,698] {taskinstance.py:900} INFO - Executing <Task(SparkSubmitOperator): spark_submit> on 2020-07-21T01:26:00+00:00
[2020-07-23 15:44:36,703] {standard_task_runner.py:53} INFO - Started process 291030 to run task
[2020-07-23 15:44:36,861] {logging_mixin.py:112} INFO - Running %s on host %s <TaskInstance: submit_data.spark_submit 2020-07-21T01:26:00+00:00 [running]> bhakti-Vostro-3558
[2020-07-23 15:44:36,884] {logging_mixin.py:112} INFO - [2020-07-23 15:44:36,884] {base_hook.py:87} INFO - Using connection to: id: spark_local. Host: local, Port: None, Schema: None, Login: None, Password: None, extra: None
[2020-07-23 15:44:36,885] {logging_mixin.py:112} INFO - [2020-07-23 15:44:36,885] {spark_submit_hook.py:325} INFO - Spark-Submit cmd: spark-submit --master local --name airflow-spark /home/bhakti/airflow/spark_jobs/spark_test.py
[2020-07-23 15:44:38,586] {logging_mixin.py:112} INFO - [2020-07-23 15:44:38,586] {spark_submit_hook.py:479} INFO - 20/07/23 15:44:38 WARN Utils: Your hostname, bhakti-Vostro-3558 resolves to a loopback address: 127.0.1.1; using 192.168.43.94 instead (on interface wlp6s0)
[2020-07-23 15:44:38,588] {logging_mixin.py:112} INFO - [2020-07-23 15:44:38,588] {spark_submit_hook.py:479} INFO - 20/07/23 15:44:38 WARN Utils: Set SPARK_LOCAL_IP if you need to bind to another address
[2020-07-23 15:44:39,680] {logging_mixin.py:112} INFO - [2020-07-23 15:44:39,680] {spark_submit_hook.py:479} INFO - 20/07/23 15:44:39 WARN NativeCodeLoader: Unable to load native-hadoop library for your platform... using builtin-java classes where applicable
[2020-07-23 15:44:41,256] {logging_mixin.py:112} INFO - [2020-07-23 15:44:41,256] {spark_submit_hook.py:479} INFO - Using Spark's default log4j profile: org/apache/spark/log4j-defaults.properties
[2020-07-23 15:44:41,278] {logging_mixin.py:112} INFO - [2020-07-23 15:44:41,277] {spark_submit_hook.py:479} INFO - 20/07/23 15:44:41 INFO SparkContext: Running Spark version 3.0.0
[2020-07-23 15:44:41,397] {logging_mixin.py:112} INFO - [2020-07-23 15:44:41,397] {spark_submit_hook.py:479} INFO - 20/07/23 15:44:41 INFO ResourceUtils: ==============================================================
[2020-07-23 15:44:41,401] {logging_mixin.py:112} INFO - [2020-07-23 15:44:41,400] {spark_submit_hook.py:479} INFO - 20/07/23 15:44:41 INFO ResourceUtils: Resources for spark.driver:
[2020-07-23 15:44:41,401] {logging_mixin.py:112} INFO - [2020-07-23 15:44:41,401] {spark_submit_hook.py:479} INFO - 
[2020-07-23 15:44:41,401] {logging_mixin.py:112} INFO - [2020-07-23 15:44:41,401] {spark_submit_hook.py:479} INFO - 20/07/23 15:44:41 INFO ResourceUtils: ==============================================================
[2020-07-23 15:44:41,403] {logging_mixin.py:112} INFO - [2020-07-23 15:44:41,402] {spark_submit_hook.py:479} INFO - 20/07/23 15:44:41 INFO SparkContext: Submitted application: Spark_Test_Python
[2020-07-23 15:44:41,543] {logging_mixin.py:112} INFO - [2020-07-23 15:44:41,543] {spark_submit_hook.py:479} INFO - 20/07/23 15:44:41 INFO SecurityManager: Changing view acls to: bhakti
[2020-07-23 15:44:41,544] {logging_mixin.py:112} INFO - [2020-07-23 15:44:41,544] {spark_submit_hook.py:479} INFO - 20/07/23 15:44:41 INFO SecurityManager: Changing modify acls to: bhakti
[2020-07-23 15:44:41,544] {logging_mixin.py:112} INFO - [2020-07-23 15:44:41,544] {spark_submit_hook.py:479} INFO - 20/07/23 15:44:41 INFO SecurityManager: Changing view acls groups to:
[2020-07-23 15:44:41,545] {logging_mixin.py:112} INFO - [2020-07-23 15:44:41,545] {spark_submit_hook.py:479} INFO - 20/07/23 15:44:41 INFO SecurityManager: Changing modify acls groups to:
[2020-07-23 15:44:41,545] {logging_mixin.py:112} INFO - [2020-07-23 15:44:41,545] {spark_submit_hook.py:479} INFO - 20/07/23 15:44:41 INFO SecurityManager: SecurityManager: authentication disabled; ui acls disabled; users  with view permissions: Set(bhakti); groups with view permissions: Set(); users  with modify permissions: Set(bhakti); groups with modify permissions: Set()
[2020-07-23 15:44:42,369] {logging_mixin.py:112} INFO - [2020-07-23 15:44:42,369] {spark_submit_hook.py:479} INFO - 20/07/23 15:44:42 INFO Utils: Successfully started service 'sparkDriver' on port 37535.
[2020-07-23 15:44:42,452] {logging_mixin.py:112} INFO - [2020-07-23 15:44:42,452] {spark_submit_hook.py:479} INFO - 20/07/23 15:44:42 INFO SparkEnv: Registering MapOutputTracker
[2020-07-23 15:44:42,564] {logging_mixin.py:112} INFO - [2020-07-23 15:44:42,564] {spark_submit_hook.py:479} INFO - 20/07/23 15:44:42 INFO SparkEnv: Registering BlockManagerMaster
[2020-07-23 15:44:42,612] {logging_mixin.py:112} INFO - [2020-07-23 15:44:42,612] {spark_submit_hook.py:479} INFO - 20/07/23 15:44:42 INFO BlockManagerMasterEndpoint: Using org.apache.spark.storage.DefaultTopologyMapper for getting topology information
[2020-07-23 15:44:42,615] {logging_mixin.py:112} INFO - [2020-07-23 15:44:42,615] {spark_submit_hook.py:479} INFO - 20/07/23 15:44:42 INFO BlockManagerMasterEndpoint: BlockManagerMasterEndpoint up
[2020-07-23 15:44:42,628] {logging_mixin.py:112} INFO - [2020-07-23 15:44:42,628] {spark_submit_hook.py:479} INFO - 20/07/23 15:44:42 INFO SparkEnv: Registering BlockManagerMasterHeartbeat
[2020-07-23 15:44:42,653] {logging_mixin.py:112} INFO - [2020-07-23 15:44:42,653] {spark_submit_hook.py:479} INFO - 20/07/23 15:44:42 INFO DiskBlockManager: Created local directory at /tmp/blockmgr-aaf53a58-7a13-4014-b29d-26173caabb84
[2020-07-23 15:44:42,693] {logging_mixin.py:112} INFO - [2020-07-23 15:44:42,693] {spark_submit_hook.py:479} INFO - 20/07/23 15:44:42 INFO MemoryStore: MemoryStore started with capacity 366.3 MiB
[2020-07-23 15:44:42,724] {logging_mixin.py:112} INFO - [2020-07-23 15:44:42,724] {spark_submit_hook.py:479} INFO - 20/07/23 15:44:42 INFO SparkEnv: Registering OutputCommitCoordinator
[2020-07-23 15:44:43,115] {logging_mixin.py:112} INFO - [2020-07-23 15:44:43,115] {spark_submit_hook.py:479} INFO - 20/07/23 15:44:43 WARN Utils: Service 'SparkUI' could not bind on port 4040. Attempting port 4041.
[2020-07-23 15:44:43,116] {logging_mixin.py:112} INFO - [2020-07-23 15:44:43,116] {spark_submit_hook.py:479} INFO - 20/07/23 15:44:43 WARN Utils: Service 'SparkUI' could not bind on port 4041. Attempting port 4042.
[2020-07-23 15:44:43,117] {logging_mixin.py:112} INFO - [2020-07-23 15:44:43,116] {spark_submit_hook.py:479} INFO - 20/07/23 15:44:43 WARN Utils: Service 'SparkUI' could not bind on port 4042. Attempting port 4043.
[2020-07-23 15:44:43,128] {logging_mixin.py:112} INFO - [2020-07-23 15:44:43,127] {spark_submit_hook.py:479} INFO - 20/07/23 15:44:43 INFO Utils: Successfully started service 'SparkUI' on port 4043.
[2020-07-23 15:44:43,209] {logging_mixin.py:112} INFO - [2020-07-23 15:44:43,208] {spark_submit_hook.py:479} INFO - 20/07/23 15:44:43 INFO SparkUI: Bound SparkUI to 0.0.0.0, and started at http://192.168.43.94:4043
[2020-07-23 15:44:43,680] {logging_mixin.py:112} INFO - [2020-07-23 15:44:43,679] {spark_submit_hook.py:479} INFO - 20/07/23 15:44:43 INFO Executor: Starting executor ID driver on host 192.168.43.94
[2020-07-23 15:44:43,715] {logging_mixin.py:112} INFO - [2020-07-23 15:44:43,715] {spark_submit_hook.py:479} INFO - 20/07/23 15:44:43 INFO Utils: Successfully started service 'org.apache.spark.network.netty.NettyBlockTransferService' on port 40423.
[2020-07-23 15:44:43,716] {logging_mixin.py:112} INFO - [2020-07-23 15:44:43,716] {spark_submit_hook.py:479} INFO - 20/07/23 15:44:43 INFO NettyBlockTransferService: Server created on 192.168.43.94:40423
[2020-07-23 15:44:43,718] {logging_mixin.py:112} INFO - [2020-07-23 15:44:43,718] {spark_submit_hook.py:479} INFO - 20/07/23 15:44:43 INFO BlockManager: Using org.apache.spark.storage.RandomBlockReplicationPolicy for block replication policy
[2020-07-23 15:44:43,731] {logging_mixin.py:112} INFO - [2020-07-23 15:44:43,730] {spark_submit_hook.py:479} INFO - 20/07/23 15:44:43 INFO BlockManagerMaster: Registering BlockManager BlockManagerId(driver, 192.168.43.94, 40423, None)
[2020-07-23 15:44:43,744] {logging_mixin.py:112} INFO - [2020-07-23 15:44:43,744] {spark_submit_hook.py:479} INFO - 20/07/23 15:44:43 INFO BlockManagerMasterEndpoint: Registering block manager 192.168.43.94:40423 with 366.3 MiB RAM, BlockManagerId(driver, 192.168.43.94, 40423, None)
[2020-07-23 15:44:43,751] {logging_mixin.py:112} INFO - [2020-07-23 15:44:43,751] {spark_submit_hook.py:479} INFO - 20/07/23 15:44:43 INFO BlockManagerMaster: Registered BlockManager BlockManagerId(driver, 192.168.43.94, 40423, None)
[2020-07-23 15:44:43,753] {logging_mixin.py:112} INFO - [2020-07-23 15:44:43,753] {spark_submit_hook.py:479} INFO - 20/07/23 15:44:43 INFO BlockManager: Initialized BlockManager: BlockManagerId(driver, 192.168.43.94, 40423, None)
[2020-07-23 15:44:45,482] {logging_mixin.py:112} INFO - [2020-07-23 15:44:45,482] {spark_submit_hook.py:479} INFO - 20/07/23 15:44:45 INFO MemoryStore: Block broadcast_0 stored as values in memory (estimated size 241.5 KiB, free 366.1 MiB)
[2020-07-23 15:44:45,725] {logging_mixin.py:112} INFO - [2020-07-23 15:44:45,725] {spark_submit_hook.py:479} INFO - 20/07/23 15:44:45 INFO MemoryStore: Block broadcast_0_piece0 stored as bytes in memory (estimated size 23.4 KiB, free 366.0 MiB)
[2020-07-23 15:44:45,735] {logging_mixin.py:112} INFO - [2020-07-23 15:44:45,734] {spark_submit_hook.py:479} INFO - 20/07/23 15:44:45 INFO BlockManagerInfo: Added broadcast_0_piece0 in memory on 192.168.43.94:40423 (size: 23.4 KiB, free: 366.3 MiB)
[2020-07-23 15:44:45,754] {logging_mixin.py:112} INFO - [2020-07-23 15:44:45,754] {spark_submit_hook.py:479} INFO - 20/07/23 15:44:45 INFO SparkContext: Created broadcast 0 from textFile at NativeMethodAccessorImpl.java:0
[2020-07-23 15:44:46,362] {logging_mixin.py:112} INFO - [2020-07-23 15:44:46,361] {spark_submit_hook.py:479} INFO - 20/07/23 15:44:46 INFO FileInputFormat: Total input paths to process : 1
[2020-07-23 15:44:46,632] {logging_mixin.py:112} INFO - [2020-07-23 15:44:46,632] {spark_submit_hook.py:479} INFO - 20/07/23 15:44:46 INFO SparkContext: Starting job: collect at /home/bhakti/airflow/spark_jobs/spark_test.py:8
[2020-07-23 15:44:46,675] {logging_mixin.py:112} INFO - [2020-07-23 15:44:46,675] {spark_submit_hook.py:479} INFO - 20/07/23 15:44:46 INFO DAGScheduler: Got job 0 (collect at /home/bhakti/airflow/spark_jobs/spark_test.py:8) with 1 output partitions
[2020-07-23 15:44:46,695] {logging_mixin.py:112} INFO - [2020-07-23 15:44:46,695] {spark_submit_hook.py:479} INFO - 20/07/23 15:44:46 INFO DAGScheduler: Final stage: ResultStage 0 (collect at /home/bhakti/airflow/spark_jobs/spark_test.py:8)
[2020-07-23 15:44:46,702] {logging_mixin.py:112} INFO - [2020-07-23 15:44:46,701] {spark_submit_hook.py:479} INFO - 20/07/23 15:44:46 INFO DAGScheduler: Parents of final stage: List()
[2020-07-23 15:44:46,702] {logging_mixin.py:112} INFO - [2020-07-23 15:44:46,702] {spark_submit_hook.py:479} INFO - 20/07/23 15:44:46 INFO DAGScheduler: Missing parents: List()
[2020-07-23 15:44:46,714] {logging_mixin.py:112} INFO - [2020-07-23 15:44:46,714] {spark_submit_hook.py:479} INFO - 20/07/23 15:44:46 INFO DAGScheduler: Submitting ResultStage 0 (PythonRDD[2] at collect at /home/bhakti/airflow/spark_jobs/spark_test.py:8), which has no missing parents
[2020-07-23 15:44:46,810] {logging_mixin.py:112} INFO - [2020-07-23 15:44:46,809] {spark_submit_hook.py:479} INFO - 20/07/23 15:44:46 INFO MemoryStore: Block broadcast_1 stored as values in memory (estimated size 7.4 KiB, free 366.0 MiB)
[2020-07-23 15:44:46,810] {logging_mixin.py:112} INFO - [2020-07-23 15:44:46,810] {spark_submit_hook.py:479} INFO - 20/07/23 15:44:46 INFO MemoryStore: Block broadcast_1_piece0 stored as bytes in memory (estimated size 4.4 KiB, free 366.0 MiB)
[2020-07-23 15:44:46,811] {logging_mixin.py:112} INFO - [2020-07-23 15:44:46,810] {spark_submit_hook.py:479} INFO - 20/07/23 15:44:46 INFO BlockManagerInfo: Added broadcast_1_piece0 in memory on 192.168.43.94:40423 (size: 4.4 KiB, free: 366.3 MiB)
[2020-07-23 15:44:46,811] {logging_mixin.py:112} INFO - [2020-07-23 15:44:46,811] {spark_submit_hook.py:479} INFO - 20/07/23 15:44:46 INFO SparkContext: Created broadcast 1 from broadcast at DAGScheduler.scala:1200
[2020-07-23 15:44:46,860] {logging_mixin.py:112} INFO - [2020-07-23 15:44:46,860] {spark_submit_hook.py:479} INFO - 20/07/23 15:44:46 INFO DAGScheduler: Submitting 1 missing tasks from ResultStage 0 (PythonRDD[2] at collect at /home/bhakti/airflow/spark_jobs/spark_test.py:8) (first 15 tasks are for partitions Vector(0))
[2020-07-23 15:44:46,867] {logging_mixin.py:112} INFO - [2020-07-23 15:44:46,866] {spark_submit_hook.py:479} INFO - 20/07/23 15:44:46 INFO TaskSchedulerImpl: Adding task set 0.0 with 1 tasks
[2020-07-23 15:44:46,996] {logging_mixin.py:112} INFO - [2020-07-23 15:44:46,995] {spark_submit_hook.py:479} INFO - 20/07/23 15:44:46 INFO TaskSetManager: Starting task 0.0 in stage 0.0 (TID 0, 192.168.43.94, executor driver, partition 0, PROCESS_LOCAL, 7388 bytes)
[2020-07-23 15:44:47,027] {logging_mixin.py:112} INFO - [2020-07-23 15:44:47,026] {spark_submit_hook.py:479} INFO - 20/07/23 15:44:47 INFO Executor: Running task 0.0 in stage 0.0 (TID 0)
[2020-07-23 15:44:47,666] {logging_mixin.py:112} INFO - [2020-07-23 15:44:47,665] {spark_submit_hook.py:479} INFO - 20/07/23 15:44:47 INFO HadoopRDD: Input split: file:/home/bhakti/airflow/input_data/sample.csv:0+93
[2020-07-23 15:44:49,132] {logging_mixin.py:112} INFO - [2020-07-23 15:44:49,132] {spark_submit_hook.py:479} INFO - 20/07/23 15:44:49 INFO PythonRunner: Times: total = 1413, boot = 1357, init = 56, finish = 0
[2020-07-23 15:44:49,221] {logging_mixin.py:112} INFO - [2020-07-23 15:44:49,221] {spark_submit_hook.py:479} INFO - 20/07/23 15:44:49 INFO Executor: Finished task 0.0 in stage 0.0 (TID 0). 1779 bytes result sent to driver
[2020-07-23 15:44:49,254] {logging_mixin.py:112} INFO - [2020-07-23 15:44:49,254] {spark_submit_hook.py:479} INFO - 20/07/23 15:44:49 INFO TaskSetManager: Finished task 0.0 in stage 0.0 (TID 0) in 2286 ms on 192.168.43.94 (executor driver) (1/1)
[2020-07-23 15:44:49,265] {logging_mixin.py:112} INFO - [2020-07-23 15:44:49,265] {spark_submit_hook.py:479} INFO - 20/07/23 15:44:49 INFO TaskSchedulerImpl: Removed TaskSet 0.0, whose tasks have all completed, from pool
[2020-07-23 15:44:49,272] {logging_mixin.py:112} INFO - [2020-07-23 15:44:49,272] {spark_submit_hook.py:479} INFO - 20/07/23 15:44:49 INFO PythonAccumulatorV2: Connected to AccumulatorServer at host: 127.0.0.1 port: 41415
[2020-07-23 15:44:49,285] {logging_mixin.py:112} INFO - [2020-07-23 15:44:49,285] {spark_submit_hook.py:479} INFO - 20/07/23 15:44:49 INFO DAGScheduler: ResultStage 0 (collect at /home/bhakti/airflow/spark_jobs/spark_test.py:8) finished in 2.520 s
[2020-07-23 15:44:49,317] {logging_mixin.py:112} INFO - [2020-07-23 15:44:49,317] {spark_submit_hook.py:479} INFO - 20/07/23 15:44:49 INFO DAGScheduler: Job 0 is finished. Cancelling potential speculative or zombie tasks for this job
[2020-07-23 15:44:49,318] {logging_mixin.py:112} INFO - [2020-07-23 15:44:49,317] {spark_submit_hook.py:479} INFO - 20/07/23 15:44:49 INFO TaskSchedulerImpl: Killing all running tasks in stage 0: Stage finished
[2020-07-23 15:44:49,346] {logging_mixin.py:112} INFO - [2020-07-23 15:44:49,345] {spark_submit_hook.py:479} INFO - 20/07/23 15:44:49 INFO DAGScheduler: Job 0 finished: collect at /home/bhakti/airflow/spark_jobs/spark_test.py:8, took 2.693196 s
[2020-07-23 15:44:49,380] {logging_mixin.py:112} INFO - [2020-07-23 15:44:49,380] {spark_submit_hook.py:479} INFO - [('PERSON', 'JOINING_YEAR', 'COMPANY'), ('John', '2018', 'Google'), ('Sam', '2017', 'IBM'), ('Jeff', '2014', 'Yahoo'), ('Allen', '2015', 'Facebook')]
[2020-07-23 15:44:49,526] {logging_mixin.py:112} INFO - [2020-07-23 15:44:49,526] {spark_submit_hook.py:479} INFO - 20/07/23 15:44:49 INFO BlockManagerInfo: Removed broadcast_1_piece0 on 192.168.43.94:40423 in memory (size: 4.4 KiB, free: 366.3 MiB)
[2020-07-23 15:44:50,608] {logging_mixin.py:112} INFO - [2020-07-23 15:44:50,608] {spark_submit_hook.py:479} INFO - 20/07/23 15:44:50 INFO SharedState: Setting hive.metastore.warehouse.dir ('null') to the value of spark.sql.warehouse.dir ('file:/home/bhakti/airflow/spark-warehouse').
[2020-07-23 15:44:50,608] {logging_mixin.py:112} INFO - [2020-07-23 15:44:50,608] {spark_submit_hook.py:479} INFO - 20/07/23 15:44:50 INFO SharedState: Warehouse path is 'file:/home/bhakti/airflow/spark-warehouse'.
[2020-07-23 15:44:55,787] {logging_mixin.py:112} INFO - [2020-07-23 15:44:55,787] {spark_submit_hook.py:479} INFO - 20/07/23 15:44:55 INFO CodeGenerator: Code generated in 389.592846 ms
[2020-07-23 15:44:55,859] {logging_mixin.py:112} INFO - [2020-07-23 15:44:55,859] {spark_submit_hook.py:479} INFO - 20/07/23 15:44:55 INFO SparkContext: Starting job: showString at NativeMethodAccessorImpl.java:0
[2020-07-23 15:44:55,862] {logging_mixin.py:112} INFO - [2020-07-23 15:44:55,861] {spark_submit_hook.py:479} INFO - 20/07/23 15:44:55 INFO DAGScheduler: Got job 1 (showString at NativeMethodAccessorImpl.java:0) with 1 output partitions
[2020-07-23 15:44:55,862] {logging_mixin.py:112} INFO - [2020-07-23 15:44:55,862] {spark_submit_hook.py:479} INFO - 20/07/23 15:44:55 INFO DAGScheduler: Final stage: ResultStage 1 (showString at NativeMethodAccessorImpl.java:0)
[2020-07-23 15:44:55,862] {logging_mixin.py:112} INFO - [2020-07-23 15:44:55,862] {spark_submit_hook.py:479} INFO - 20/07/23 15:44:55 INFO DAGScheduler: Parents of final stage: List()
[2020-07-23 15:44:55,863] {logging_mixin.py:112} INFO - [2020-07-23 15:44:55,863] {spark_submit_hook.py:479} INFO - 20/07/23 15:44:55 INFO DAGScheduler: Missing parents: List()
[2020-07-23 15:44:55,869] {logging_mixin.py:112} INFO - [2020-07-23 15:44:55,869] {spark_submit_hook.py:479} INFO - 20/07/23 15:44:55 INFO DAGScheduler: Submitting ResultStage 1 (MapPartitionsRDD[9] at showString at NativeMethodAccessorImpl.java:0), which has no missing parents
[2020-07-23 15:44:55,907] {logging_mixin.py:112} INFO - [2020-07-23 15:44:55,907] {spark_submit_hook.py:479} INFO - 20/07/23 15:44:55 INFO MemoryStore: Block broadcast_2 stored as values in memory (estimated size 11.2 KiB, free 366.0 MiB)
[2020-07-23 15:44:55,913] {logging_mixin.py:112} INFO - [2020-07-23 15:44:55,913] {spark_submit_hook.py:479} INFO - 20/07/23 15:44:55 INFO MemoryStore: Block broadcast_2_piece0 stored as bytes in memory (estimated size 5.8 KiB, free 366.0 MiB)
[2020-07-23 15:44:55,914] {logging_mixin.py:112} INFO - [2020-07-23 15:44:55,914] {spark_submit_hook.py:479} INFO - 20/07/23 15:44:55 INFO BlockManagerInfo: Added broadcast_2_piece0 in memory on 192.168.43.94:40423 (size: 5.8 KiB, free: 366.3 MiB)
[2020-07-23 15:44:55,916] {logging_mixin.py:112} INFO - [2020-07-23 15:44:55,915] {spark_submit_hook.py:479} INFO - 20/07/23 15:44:55 INFO SparkContext: Created broadcast 2 from broadcast at DAGScheduler.scala:1200
[2020-07-23 15:44:55,917] {logging_mixin.py:112} INFO - [2020-07-23 15:44:55,917] {spark_submit_hook.py:479} INFO - 20/07/23 15:44:55 INFO DAGScheduler: Submitting 1 missing tasks from ResultStage 1 (MapPartitionsRDD[9] at showString at NativeMethodAccessorImpl.java:0) (first 15 tasks are for partitions Vector(0))
[2020-07-23 15:44:55,917] {logging_mixin.py:112} INFO - [2020-07-23 15:44:55,917] {spark_submit_hook.py:479} INFO - 20/07/23 15:44:55 INFO TaskSchedulerImpl: Adding task set 1.0 with 1 tasks
[2020-07-23 15:44:55,938] {logging_mixin.py:112} INFO - [2020-07-23 15:44:55,937] {spark_submit_hook.py:479} INFO - 20/07/23 15:44:55 INFO TaskSetManager: Starting task 0.0 in stage 1.0 (TID 1, 192.168.43.94, executor driver, partition 0, PROCESS_LOCAL, 7493 bytes)
[2020-07-23 15:44:55,938] {logging_mixin.py:112} INFO - [2020-07-23 15:44:55,938] {spark_submit_hook.py:479} INFO - 20/07/23 15:44:55 INFO Executor: Running task 0.0 in stage 1.0 (TID 1)
[2020-07-23 15:44:56,056] {logging_mixin.py:112} INFO - [2020-07-23 15:44:56,055] {spark_submit_hook.py:479} INFO - 20/07/23 15:44:56 INFO PythonRunner: Times: total = 3, boot = -6851, init = 6854, finish = 0
[2020-07-23 15:44:56,061] {logging_mixin.py:112} INFO - [2020-07-23 15:44:56,061] {spark_submit_hook.py:479} INFO - 20/07/23 15:44:56 INFO Executor: Finished task 0.0 in stage 1.0 (TID 1). 2235 bytes result sent to driver
[2020-07-23 15:44:56,081] {logging_mixin.py:112} INFO - [2020-07-23 15:44:56,080] {spark_submit_hook.py:479} INFO - 20/07/23 15:44:56 INFO TaskSetManager: Finished task 0.0 in stage 1.0 (TID 1) in 161 ms on 192.168.43.94 (executor driver) (1/1)
[2020-07-23 15:44:56,081] {logging_mixin.py:112} INFO - [2020-07-23 15:44:56,081] {spark_submit_hook.py:479} INFO - 20/07/23 15:44:56 INFO TaskSchedulerImpl: Removed TaskSet 1.0, whose tasks have all completed, from pool
[2020-07-23 15:44:56,083] {logging_mixin.py:112} INFO - [2020-07-23 15:44:56,083] {spark_submit_hook.py:479} INFO - 20/07/23 15:44:56 INFO DAGScheduler: ResultStage 1 (showString at NativeMethodAccessorImpl.java:0) finished in 0.210 s
[2020-07-23 15:44:56,084] {logging_mixin.py:112} INFO - [2020-07-23 15:44:56,083] {spark_submit_hook.py:479} INFO - 20/07/23 15:44:56 INFO DAGScheduler: Job 1 is finished. Cancelling potential speculative or zombie tasks for this job
[2020-07-23 15:44:56,084] {logging_mixin.py:112} INFO - [2020-07-23 15:44:56,084] {spark_submit_hook.py:479} INFO - 20/07/23 15:44:56 INFO TaskSchedulerImpl: Killing all running tasks in stage 1: Stage finished
[2020-07-23 15:44:56,084] {logging_mixin.py:112} INFO - [2020-07-23 15:44:56,084] {spark_submit_hook.py:479} INFO - 20/07/23 15:44:56 INFO DAGScheduler: Job 1 finished: showString at NativeMethodAccessorImpl.java:0, took 0.225281 s
[2020-07-23 15:44:56,296] {logging_mixin.py:112} INFO - [2020-07-23 15:44:56,296] {spark_submit_hook.py:479} INFO - 20/07/23 15:44:56 INFO CodeGenerator: Code generated in 120.687643 ms
[2020-07-23 15:44:56,372] {logging_mixin.py:112} INFO - [2020-07-23 15:44:56,372] {spark_submit_hook.py:479} INFO - +------+------------+--------+
[2020-07-23 15:44:56,372] {logging_mixin.py:112} INFO - [2020-07-23 15:44:56,372] {spark_submit_hook.py:479} INFO - |    _1|          _2|      _3|
[2020-07-23 15:44:56,373] {logging_mixin.py:112} INFO - [2020-07-23 15:44:56,372] {spark_submit_hook.py:479} INFO - +------+------------+--------+
[2020-07-23 15:44:56,373] {logging_mixin.py:112} INFO - [2020-07-23 15:44:56,373] {spark_submit_hook.py:479} INFO - |PERSON|JOINING_YEAR| COMPANY|
[2020-07-23 15:44:56,373] {logging_mixin.py:112} INFO - [2020-07-23 15:44:56,373] {spark_submit_hook.py:479} INFO - |  John|        2018|  Google|
[2020-07-23 15:44:56,373] {logging_mixin.py:112} INFO - [2020-07-23 15:44:56,373] {spark_submit_hook.py:479} INFO - |   Sam|        2017|     IBM|
[2020-07-23 15:44:56,374] {logging_mixin.py:112} INFO - [2020-07-23 15:44:56,373] {spark_submit_hook.py:479} INFO - |  Jeff|        2014|   Yahoo|
[2020-07-23 15:44:56,374] {logging_mixin.py:112} INFO - [2020-07-23 15:44:56,374] {spark_submit_hook.py:479} INFO - | Allen|        2015|Facebook|
[2020-07-23 15:44:56,374] {logging_mixin.py:112} INFO - [2020-07-23 15:44:56,374] {spark_submit_hook.py:479} INFO - +------+------------+--------+
[2020-07-23 15:44:56,374] {logging_mixin.py:112} INFO - [2020-07-23 15:44:56,374] {spark_submit_hook.py:479} INFO - 
[2020-07-23 15:44:56,686] {logging_mixin.py:112} INFO - [2020-07-23 15:44:56,685] {spark_submit_hook.py:479} INFO - 20/07/23 15:44:56 INFO SparkContext: Invoking stop() from shutdown hook
[2020-07-23 15:44:56,720] {logging_mixin.py:112} INFO - [2020-07-23 15:44:56,719] {spark_submit_hook.py:479} INFO - 20/07/23 15:44:56 INFO SparkUI: Stopped Spark web UI at http://192.168.43.94:4043
[2020-07-23 15:44:56,883] {logging_mixin.py:112} INFO - [2020-07-23 15:44:56,883] {spark_submit_hook.py:479} INFO - 20/07/23 15:44:56 INFO MapOutputTrackerMasterEndpoint: MapOutputTrackerMasterEndpoint stopped!
[2020-07-23 15:44:56,926] {logging_mixin.py:112} INFO - [2020-07-23 15:44:56,925] {spark_submit_hook.py:479} INFO - 20/07/23 15:44:56 INFO MemoryStore: MemoryStore cleared
[2020-07-23 15:44:56,932] {logging_mixin.py:112} INFO - [2020-07-23 15:44:56,931] {spark_submit_hook.py:479} INFO - 20/07/23 15:44:56 INFO BlockManager: BlockManager stopped
[2020-07-23 15:44:56,936] {logging_mixin.py:112} INFO - [2020-07-23 15:44:56,935] {spark_submit_hook.py:479} INFO - 20/07/23 15:44:56 INFO BlockManagerMaster: BlockManagerMaster stopped
[2020-07-23 15:44:56,946] {logging_mixin.py:112} INFO - [2020-07-23 15:44:56,945] {spark_submit_hook.py:479} INFO - 20/07/23 15:44:56 INFO OutputCommitCoordinator$OutputCommitCoordinatorEndpoint: OutputCommitCoordinator stopped!
[2020-07-23 15:44:56,984] {logging_mixin.py:112} INFO - [2020-07-23 15:44:56,984] {spark_submit_hook.py:479} INFO - 20/07/23 15:44:56 INFO SparkContext: Successfully stopped SparkContext
[2020-07-23 15:44:56,985] {logging_mixin.py:112} INFO - [2020-07-23 15:44:56,985] {spark_submit_hook.py:479} INFO - 20/07/23 15:44:56 INFO ShutdownHookManager: Shutdown hook called
[2020-07-23 15:44:56,985] {logging_mixin.py:112} INFO - [2020-07-23 15:44:56,985] {spark_submit_hook.py:479} INFO - 20/07/23 15:44:56 INFO ShutdownHookManager: Deleting directory /tmp/spark-405306d3-ed15-48dd-bc8f-63420b435f1a
[2020-07-23 15:44:56,997] {logging_mixin.py:112} INFO - [2020-07-23 15:44:56,997] {spark_submit_hook.py:479} INFO - 20/07/23 15:44:56 INFO ShutdownHookManager: Deleting directory /tmp/spark-94233694-6218-4ea6-8f04-b889bb8d7523/pyspark-c05e7bf4-3006-4ab8-9fa0-a0b11b0c7049
[2020-07-23 15:44:57,012] {logging_mixin.py:112} INFO - [2020-07-23 15:44:57,012] {spark_submit_hook.py:479} INFO - 20/07/23 15:44:57 INFO ShutdownHookManager: Deleting directory /tmp/spark-94233694-6218-4ea6-8f04-b889bb8d7523
[2020-07-23 15:44:57,250] {taskinstance.py:1052} INFO - Marking task as SUCCESS.dag_id=submit_data, task_id=spark_submit, execution_date=20200721T012600, start_date=20200723T101436, end_date=20200723T101457
[2020-07-23 15:45:02,088] {logging_mixin.py:112} INFO - [2020-07-23 15:45:02,087] {local_task_job.py:103} INFO - Task exited with return code 0
