[2020-07-22 16:52:25,886] {taskinstance.py:669} INFO - Dependencies all met for <TaskInstance: submit_data.spark_submit 2020-07-20T06:53:00+00:00 [queued]>
[2020-07-22 16:52:25,905] {taskinstance.py:669} INFO - Dependencies all met for <TaskInstance: submit_data.spark_submit 2020-07-20T06:53:00+00:00 [queued]>
[2020-07-22 16:52:25,905] {taskinstance.py:879} INFO - 
--------------------------------------------------------------------------------
[2020-07-22 16:52:25,906] {taskinstance.py:880} INFO - Starting attempt 1 of 1
[2020-07-22 16:52:25,906] {taskinstance.py:881} INFO - 
--------------------------------------------------------------------------------
[2020-07-22 16:52:26,118] {taskinstance.py:900} INFO - Executing <Task(SparkSubmitOperator): spark_submit> on 2020-07-20T06:53:00+00:00
[2020-07-22 16:52:26,121] {standard_task_runner.py:53} INFO - Started process 608683 to run task
[2020-07-22 16:52:26,363] {logging_mixin.py:112} INFO - Running %s on host %s <TaskInstance: submit_data.spark_submit 2020-07-20T06:53:00+00:00 [running]> bhakti-Vostro-3558
[2020-07-22 16:52:26,538] {logging_mixin.py:112} INFO - [2020-07-22 16:52:26,535] {base_hook.py:87} INFO - Using connection to: id: spark_local. Host: local, Port: None, Schema: None, Login: None, Password: None, extra: None
[2020-07-22 16:52:26,541] {logging_mixin.py:112} INFO - [2020-07-22 16:52:26,541] {spark_submit_hook.py:325} INFO - Spark-Submit cmd: spark-submit --master local --name airflow-spark /home/bhakti/airflow/spark_jobs/python/spark_test.py
[2020-07-22 16:52:32,146] {logging_mixin.py:112} INFO - [2020-07-22 16:52:32,145] {spark_submit_hook.py:479} INFO - 20/07/22 16:52:32 WARN Utils: Your hostname, bhakti-Vostro-3558 resolves to a loopback address: 127.0.1.1; using 192.168.43.94 instead (on interface wlp6s0)
[2020-07-22 16:52:32,152] {logging_mixin.py:112} INFO - [2020-07-22 16:52:32,152] {spark_submit_hook.py:479} INFO - 20/07/22 16:52:32 WARN Utils: Set SPARK_LOCAL_IP if you need to bind to another address
[2020-07-22 16:52:34,577] {logging_mixin.py:112} INFO - [2020-07-22 16:52:34,576] {spark_submit_hook.py:479} INFO - 20/07/22 16:52:34 WARN NativeCodeLoader: Unable to load native-hadoop library for your platform... using builtin-java classes where applicable
[2020-07-22 16:52:39,639] {logging_mixin.py:112} INFO - [2020-07-22 16:52:39,639] {spark_submit_hook.py:479} INFO - Using Spark's default log4j profile: org/apache/spark/log4j-defaults.properties
[2020-07-22 16:52:39,690] {logging_mixin.py:112} INFO - [2020-07-22 16:52:39,690] {spark_submit_hook.py:479} INFO - 20/07/22 16:52:39 INFO SparkContext: Running Spark version 3.0.0
[2020-07-22 16:52:39,814] {logging_mixin.py:112} INFO - [2020-07-22 16:52:39,814] {spark_submit_hook.py:479} INFO - 20/07/22 16:52:39 INFO ResourceUtils: ==============================================================
[2020-07-22 16:52:39,820] {logging_mixin.py:112} INFO - [2020-07-22 16:52:39,820] {spark_submit_hook.py:479} INFO - 20/07/22 16:52:39 INFO ResourceUtils: Resources for spark.driver:
[2020-07-22 16:52:39,821] {logging_mixin.py:112} INFO - [2020-07-22 16:52:39,820] {spark_submit_hook.py:479} INFO - 
[2020-07-22 16:52:39,821] {logging_mixin.py:112} INFO - [2020-07-22 16:52:39,821] {spark_submit_hook.py:479} INFO - 20/07/22 16:52:39 INFO ResourceUtils: ==============================================================
[2020-07-22 16:52:39,825] {logging_mixin.py:112} INFO - [2020-07-22 16:52:39,825] {spark_submit_hook.py:479} INFO - 20/07/22 16:52:39 INFO SparkContext: Submitted application: Spark_Test_Python
[2020-07-22 16:52:39,966] {logging_mixin.py:112} INFO - [2020-07-22 16:52:39,966] {spark_submit_hook.py:479} INFO - 20/07/22 16:52:39 INFO SecurityManager: Changing view acls to: bhakti
[2020-07-22 16:52:39,967] {logging_mixin.py:112} INFO - [2020-07-22 16:52:39,966] {spark_submit_hook.py:479} INFO - 20/07/22 16:52:39 INFO SecurityManager: Changing modify acls to: bhakti
[2020-07-22 16:52:39,967] {logging_mixin.py:112} INFO - [2020-07-22 16:52:39,967] {spark_submit_hook.py:479} INFO - 20/07/22 16:52:39 INFO SecurityManager: Changing view acls groups to:
[2020-07-22 16:52:39,968] {logging_mixin.py:112} INFO - [2020-07-22 16:52:39,967] {spark_submit_hook.py:479} INFO - 20/07/22 16:52:39 INFO SecurityManager: Changing modify acls groups to:
[2020-07-22 16:52:39,968] {logging_mixin.py:112} INFO - [2020-07-22 16:52:39,968] {spark_submit_hook.py:479} INFO - 20/07/22 16:52:39 INFO SecurityManager: SecurityManager: authentication disabled; ui acls disabled; users  with view permissions: Set(bhakti); groups with view permissions: Set(); users  with modify permissions: Set(bhakti); groups with modify permissions: Set()
[2020-07-22 16:52:41,365] {logging_mixin.py:112} INFO - [2020-07-22 16:52:41,365] {spark_submit_hook.py:479} INFO - 20/07/22 16:52:41 INFO Utils: Successfully started service 'sparkDriver' on port 44087.
[2020-07-22 16:52:41,441] {logging_mixin.py:112} INFO - [2020-07-22 16:52:41,440] {spark_submit_hook.py:479} INFO - 20/07/22 16:52:41 INFO SparkEnv: Registering MapOutputTracker
[2020-07-22 16:52:41,567] {logging_mixin.py:112} INFO - [2020-07-22 16:52:41,567] {spark_submit_hook.py:479} INFO - 20/07/22 16:52:41 INFO SparkEnv: Registering BlockManagerMaster
[2020-07-22 16:52:41,655] {logging_mixin.py:112} INFO - [2020-07-22 16:52:41,655] {spark_submit_hook.py:479} INFO - 20/07/22 16:52:41 INFO BlockManagerMasterEndpoint: Using org.apache.spark.storage.DefaultTopologyMapper for getting topology information
[2020-07-22 16:52:41,659] {logging_mixin.py:112} INFO - [2020-07-22 16:52:41,658] {spark_submit_hook.py:479} INFO - 20/07/22 16:52:41 INFO BlockManagerMasterEndpoint: BlockManagerMasterEndpoint up
[2020-07-22 16:52:41,674] {logging_mixin.py:112} INFO - [2020-07-22 16:52:41,673] {spark_submit_hook.py:479} INFO - 20/07/22 16:52:41 INFO SparkEnv: Registering BlockManagerMasterHeartbeat
[2020-07-22 16:52:41,709] {logging_mixin.py:112} INFO - [2020-07-22 16:52:41,708] {spark_submit_hook.py:479} INFO - 20/07/22 16:52:41 INFO DiskBlockManager: Created local directory at /tmp/blockmgr-b8153851-f70c-41a6-8392-ced0f540fbf5
[2020-07-22 16:52:41,766] {logging_mixin.py:112} INFO - [2020-07-22 16:52:41,765] {spark_submit_hook.py:479} INFO - 20/07/22 16:52:41 INFO MemoryStore: MemoryStore started with capacity 366.3 MiB
[2020-07-22 16:52:41,881] {logging_mixin.py:112} INFO - [2020-07-22 16:52:41,881] {spark_submit_hook.py:479} INFO - 20/07/22 16:52:41 INFO SparkEnv: Registering OutputCommitCoordinator
[2020-07-22 16:52:42,864] {logging_mixin.py:112} INFO - [2020-07-22 16:52:42,864] {spark_submit_hook.py:479} INFO - 20/07/22 16:52:42 WARN Utils: Service 'SparkUI' could not bind on port 4040. Attempting port 4041.
[2020-07-22 16:52:42,864] {logging_mixin.py:112} INFO - [2020-07-22 16:52:42,864] {spark_submit_hook.py:479} INFO - 20/07/22 16:52:42 WARN Utils: Service 'SparkUI' could not bind on port 4041. Attempting port 4042.
[2020-07-22 16:52:42,865] {logging_mixin.py:112} INFO - [2020-07-22 16:52:42,865] {spark_submit_hook.py:479} INFO - 20/07/22 16:52:42 WARN Utils: Service 'SparkUI' could not bind on port 4042. Attempting port 4043.
[2020-07-22 16:52:42,866] {logging_mixin.py:112} INFO - [2020-07-22 16:52:42,865] {spark_submit_hook.py:479} INFO - 20/07/22 16:52:42 WARN Utils: Service 'SparkUI' could not bind on port 4043. Attempting port 4044.
[2020-07-22 16:52:42,915] {logging_mixin.py:112} INFO - [2020-07-22 16:52:42,915] {spark_submit_hook.py:479} INFO - 20/07/22 16:52:42 INFO Utils: Successfully started service 'SparkUI' on port 4044.
[2020-07-22 16:52:43,171] {logging_mixin.py:112} INFO - [2020-07-22 16:52:43,170] {spark_submit_hook.py:479} INFO - 20/07/22 16:52:43 INFO SparkUI: Bound SparkUI to 0.0.0.0, and started at http://192.168.43.94:4044
[2020-07-22 16:52:43,782] {logging_mixin.py:112} INFO - [2020-07-22 16:52:43,782] {spark_submit_hook.py:479} INFO - 20/07/22 16:52:43 INFO Executor: Starting executor ID driver on host 192.168.43.94
[2020-07-22 16:52:43,849] {logging_mixin.py:112} INFO - [2020-07-22 16:52:43,849] {spark_submit_hook.py:479} INFO - 20/07/22 16:52:43 INFO Utils: Successfully started service 'org.apache.spark.network.netty.NettyBlockTransferService' on port 34347.
[2020-07-22 16:52:43,854] {logging_mixin.py:112} INFO - [2020-07-22 16:52:43,854] {spark_submit_hook.py:479} INFO - 20/07/22 16:52:43 INFO NettyBlockTransferService: Server created on 192.168.43.94:34347
[2020-07-22 16:52:43,855] {logging_mixin.py:112} INFO - [2020-07-22 16:52:43,855] {spark_submit_hook.py:479} INFO - 20/07/22 16:52:43 INFO BlockManager: Using org.apache.spark.storage.RandomBlockReplicationPolicy for block replication policy
[2020-07-22 16:52:43,880] {logging_mixin.py:112} INFO - [2020-07-22 16:52:43,880] {spark_submit_hook.py:479} INFO - 20/07/22 16:52:43 INFO BlockManagerMaster: Registering BlockManager BlockManagerId(driver, 192.168.43.94, 34347, None)
[2020-07-22 16:52:43,899] {logging_mixin.py:112} INFO - [2020-07-22 16:52:43,898] {spark_submit_hook.py:479} INFO - 20/07/22 16:52:43 INFO BlockManagerMasterEndpoint: Registering block manager 192.168.43.94:34347 with 366.3 MiB RAM, BlockManagerId(driver, 192.168.43.94, 34347, None)
[2020-07-22 16:52:43,905] {logging_mixin.py:112} INFO - [2020-07-22 16:52:43,905] {spark_submit_hook.py:479} INFO - 20/07/22 16:52:43 INFO BlockManagerMaster: Registered BlockManager BlockManagerId(driver, 192.168.43.94, 34347, None)
[2020-07-22 16:52:43,908] {logging_mixin.py:112} INFO - [2020-07-22 16:52:43,908] {spark_submit_hook.py:479} INFO - 20/07/22 16:52:43 INFO BlockManager: Initialized BlockManager: BlockManagerId(driver, 192.168.43.94, 34347, None)
[2020-07-22 16:52:46,874] {logging_mixin.py:112} INFO - [2020-07-22 16:52:46,873] {spark_submit_hook.py:479} INFO - 20/07/22 16:52:46 INFO MemoryStore: Block broadcast_0 stored as values in memory (estimated size 241.5 KiB, free 366.1 MiB)
[2020-07-22 16:52:47,012] {logging_mixin.py:112} INFO - [2020-07-22 16:52:47,012] {spark_submit_hook.py:479} INFO - 20/07/22 16:52:47 INFO MemoryStore: Block broadcast_0_piece0 stored as bytes in memory (estimated size 23.4 KiB, free 366.0 MiB)
[2020-07-22 16:52:47,018] {logging_mixin.py:112} INFO - [2020-07-22 16:52:47,017] {spark_submit_hook.py:479} INFO - 20/07/22 16:52:47 INFO BlockManagerInfo: Added broadcast_0_piece0 in memory on 192.168.43.94:34347 (size: 23.4 KiB, free: 366.3 MiB)
[2020-07-22 16:52:47,029] {logging_mixin.py:112} INFO - [2020-07-22 16:52:47,029] {spark_submit_hook.py:479} INFO - 20/07/22 16:52:47 INFO SparkContext: Created broadcast 0 from textFile at NativeMethodAccessorImpl.java:0
[2020-07-22 16:52:47,389] {logging_mixin.py:112} INFO - [2020-07-22 16:52:47,388] {spark_submit_hook.py:479} INFO - 20/07/22 16:52:47 INFO FileInputFormat: Total input paths to process : 1
[2020-07-22 16:52:47,553] {logging_mixin.py:112} INFO - [2020-07-22 16:52:47,553] {spark_submit_hook.py:479} INFO - 20/07/22 16:52:47 INFO SparkContext: Starting job: collect at /home/bhakti/airflow/spark_jobs/python/spark_test.py:8
[2020-07-22 16:52:47,618] {logging_mixin.py:112} INFO - [2020-07-22 16:52:47,617] {spark_submit_hook.py:479} INFO - 20/07/22 16:52:47 INFO DAGScheduler: Got job 0 (collect at /home/bhakti/airflow/spark_jobs/python/spark_test.py:8) with 1 output partitions
[2020-07-22 16:52:47,618] {logging_mixin.py:112} INFO - [2020-07-22 16:52:47,618] {spark_submit_hook.py:479} INFO - 20/07/22 16:52:47 INFO DAGScheduler: Final stage: ResultStage 0 (collect at /home/bhakti/airflow/spark_jobs/python/spark_test.py:8)
[2020-07-22 16:52:47,618] {logging_mixin.py:112} INFO - [2020-07-22 16:52:47,618] {spark_submit_hook.py:479} INFO - 20/07/22 16:52:47 INFO DAGScheduler: Parents of final stage: List()
[2020-07-22 16:52:47,644] {logging_mixin.py:112} INFO - [2020-07-22 16:52:47,643] {spark_submit_hook.py:479} INFO - 20/07/22 16:52:47 INFO DAGScheduler: Missing parents: List()
[2020-07-22 16:52:47,681] {logging_mixin.py:112} INFO - [2020-07-22 16:52:47,681] {spark_submit_hook.py:479} INFO - 20/07/22 16:52:47 INFO DAGScheduler: Submitting ResultStage 0 (PythonRDD[2] at collect at /home/bhakti/airflow/spark_jobs/python/spark_test.py:8), which has no missing parents
[2020-07-22 16:52:47,730] {logging_mixin.py:112} INFO - [2020-07-22 16:52:47,730] {spark_submit_hook.py:479} INFO - 20/07/22 16:52:47 INFO MemoryStore: Block broadcast_1 stored as values in memory (estimated size 7.4 KiB, free 366.0 MiB)
[2020-07-22 16:52:47,746] {logging_mixin.py:112} INFO - [2020-07-22 16:52:47,746] {spark_submit_hook.py:479} INFO - 20/07/22 16:52:47 INFO MemoryStore: Block broadcast_1_piece0 stored as bytes in memory (estimated size 4.4 KiB, free 366.0 MiB)
[2020-07-22 16:52:47,749] {logging_mixin.py:112} INFO - [2020-07-22 16:52:47,749] {spark_submit_hook.py:479} INFO - 20/07/22 16:52:47 INFO BlockManagerInfo: Added broadcast_1_piece0 in memory on 192.168.43.94:34347 (size: 4.4 KiB, free: 366.3 MiB)
[2020-07-22 16:52:47,759] {logging_mixin.py:112} INFO - [2020-07-22 16:52:47,758] {spark_submit_hook.py:479} INFO - 20/07/22 16:52:47 INFO SparkContext: Created broadcast 1 from broadcast at DAGScheduler.scala:1200
[2020-07-22 16:52:47,802] {logging_mixin.py:112} INFO - [2020-07-22 16:52:47,802] {spark_submit_hook.py:479} INFO - 20/07/22 16:52:47 INFO DAGScheduler: Submitting 1 missing tasks from ResultStage 0 (PythonRDD[2] at collect at /home/bhakti/airflow/spark_jobs/python/spark_test.py:8) (first 15 tasks are for partitions Vector(0))
[2020-07-22 16:52:47,805] {logging_mixin.py:112} INFO - [2020-07-22 16:52:47,805] {spark_submit_hook.py:479} INFO - 20/07/22 16:52:47 INFO TaskSchedulerImpl: Adding task set 0.0 with 1 tasks
[2020-07-22 16:52:47,992] {logging_mixin.py:112} INFO - [2020-07-22 16:52:47,992] {spark_submit_hook.py:479} INFO - 20/07/22 16:52:47 INFO TaskSetManager: Starting task 0.0 in stage 0.0 (TID 0, 192.168.43.94, executor driver, partition 0, PROCESS_LOCAL, 7388 bytes)
[2020-07-22 16:52:48,062] {logging_mixin.py:112} INFO - [2020-07-22 16:52:48,061] {spark_submit_hook.py:479} INFO - 20/07/22 16:52:48 INFO Executor: Running task 0.0 in stage 0.0 (TID 0)
[2020-07-22 16:52:50,099] {logging_mixin.py:112} INFO - [2020-07-22 16:52:50,099] {spark_submit_hook.py:479} INFO - 20/07/22 16:52:50 INFO HadoopRDD: Input split: file:/home/bhakti/airflow/input_data/sample.csv:0+93
[2020-07-22 16:52:51,702] {logging_mixin.py:112} INFO - [2020-07-22 16:52:51,702] {spark_submit_hook.py:479} INFO - 20/07/22 16:52:51 INFO PythonRunner: Times: total = 1538, boot = 1500, init = 37, finish = 1
[2020-07-22 16:52:51,759] {logging_mixin.py:112} INFO - [2020-07-22 16:52:51,758] {spark_submit_hook.py:479} INFO - 20/07/22 16:52:51 INFO Executor: Finished task 0.0 in stage 0.0 (TID 0). 1775 bytes result sent to driver
[2020-07-22 16:52:51,811] {logging_mixin.py:112} INFO - [2020-07-22 16:52:51,811] {spark_submit_hook.py:479} INFO - 20/07/22 16:52:51 INFO TaskSetManager: Finished task 0.0 in stage 0.0 (TID 0) in 3866 ms on 192.168.43.94 (executor driver) (1/1)
[2020-07-22 16:52:51,818] {logging_mixin.py:112} INFO - [2020-07-22 16:52:51,818] {spark_submit_hook.py:479} INFO - 20/07/22 16:52:51 INFO TaskSchedulerImpl: Removed TaskSet 0.0, whose tasks have all completed, from pool
[2020-07-22 16:52:51,834] {logging_mixin.py:112} INFO - [2020-07-22 16:52:51,833] {spark_submit_hook.py:479} INFO - 20/07/22 16:52:51 INFO PythonAccumulatorV2: Connected to AccumulatorServer at host: 127.0.0.1 port: 42021
[2020-07-22 16:52:51,919] {logging_mixin.py:112} INFO - [2020-07-22 16:52:51,919] {spark_submit_hook.py:479} INFO - 20/07/22 16:52:51 INFO DAGScheduler: ResultStage 0 (collect at /home/bhakti/airflow/spark_jobs/python/spark_test.py:8) finished in 4.176 s
[2020-07-22 16:52:52,009] {logging_mixin.py:112} INFO - [2020-07-22 16:52:52,009] {spark_submit_hook.py:479} INFO - 20/07/22 16:52:52 INFO DAGScheduler: Job 0 is finished. Cancelling potential speculative or zombie tasks for this job
[2020-07-22 16:52:52,013] {logging_mixin.py:112} INFO - [2020-07-22 16:52:52,013] {spark_submit_hook.py:479} INFO - 20/07/22 16:52:52 INFO TaskSchedulerImpl: Killing all running tasks in stage 0: Stage finished
[2020-07-22 16:52:52,044] {logging_mixin.py:112} INFO - [2020-07-22 16:52:52,043] {spark_submit_hook.py:479} INFO - 20/07/22 16:52:52 INFO DAGScheduler: Job 0 finished: collect at /home/bhakti/airflow/spark_jobs/python/spark_test.py:8, took 4.483717 s
[2020-07-22 16:52:52,119] {logging_mixin.py:112} INFO - [2020-07-22 16:52:52,118] {spark_submit_hook.py:479} INFO - [('PERSON', 'JOINING_YEAR'), ('John', '2018'), ('Sam', '2017'), ('Jeff', '2014'), ('Allen', '2015')]
[2020-07-22 16:52:54,152] {logging_mixin.py:112} INFO - [2020-07-22 16:52:54,151] {spark_submit_hook.py:479} INFO - 20/07/22 16:52:54 INFO BlockManagerInfo: Removed broadcast_1_piece0 on 192.168.43.94:34347 in memory (size: 4.4 KiB, free: 366.3 MiB)
[2020-07-22 16:52:54,270] {logging_mixin.py:112} INFO - [2020-07-22 16:52:54,270] {spark_submit_hook.py:479} INFO - 20/07/22 16:52:54 INFO BlockManagerInfo: Removed broadcast_0_piece0 on 192.168.43.94:34347 in memory (size: 23.4 KiB, free: 366.3 MiB)
[2020-07-22 16:52:54,593] {logging_mixin.py:112} INFO - [2020-07-22 16:52:54,593] {spark_submit_hook.py:479} INFO - 20/07/22 16:52:54 INFO SharedState: Setting hive.metastore.warehouse.dir ('null') to the value of spark.sql.warehouse.dir ('file:/home/bhakti/airflow/spark-warehouse').
[2020-07-22 16:52:54,594] {logging_mixin.py:112} INFO - [2020-07-22 16:52:54,594] {spark_submit_hook.py:479} INFO - 20/07/22 16:52:54 INFO SharedState: Warehouse path is 'file:/home/bhakti/airflow/spark-warehouse'.
[2020-07-22 16:53:05,376] {logging_mixin.py:112} INFO - [2020-07-22 16:53:05,376] {spark_submit_hook.py:479} INFO - 20/07/22 16:53:05 INFO CodeGenerator: Code generated in 1034.509853 ms
[2020-07-22 16:53:05,726] {logging_mixin.py:112} INFO - [2020-07-22 16:53:05,726] {spark_submit_hook.py:479} INFO - 20/07/22 16:53:05 INFO SparkContext: Starting job: showString at NativeMethodAccessorImpl.java:0
[2020-07-22 16:53:05,729] {logging_mixin.py:112} INFO - [2020-07-22 16:53:05,729] {spark_submit_hook.py:479} INFO - 20/07/22 16:53:05 INFO DAGScheduler: Got job 1 (showString at NativeMethodAccessorImpl.java:0) with 1 output partitions
[2020-07-22 16:53:05,730] {logging_mixin.py:112} INFO - [2020-07-22 16:53:05,729] {spark_submit_hook.py:479} INFO - 20/07/22 16:53:05 INFO DAGScheduler: Final stage: ResultStage 1 (showString at NativeMethodAccessorImpl.java:0)
[2020-07-22 16:53:05,730] {logging_mixin.py:112} INFO - [2020-07-22 16:53:05,730] {spark_submit_hook.py:479} INFO - 20/07/22 16:53:05 INFO DAGScheduler: Parents of final stage: List()
[2020-07-22 16:53:05,733] {logging_mixin.py:112} INFO - [2020-07-22 16:53:05,732] {spark_submit_hook.py:479} INFO - 20/07/22 16:53:05 INFO DAGScheduler: Missing parents: List()
[2020-07-22 16:53:05,745] {logging_mixin.py:112} INFO - [2020-07-22 16:53:05,745] {spark_submit_hook.py:479} INFO - 20/07/22 16:53:05 INFO DAGScheduler: Submitting ResultStage 1 (MapPartitionsRDD[9] at showString at NativeMethodAccessorImpl.java:0), which has no missing parents
[2020-07-22 16:53:05,851] {logging_mixin.py:112} INFO - [2020-07-22 16:53:05,850] {spark_submit_hook.py:479} INFO - 20/07/22 16:53:05 INFO MemoryStore: Block broadcast_2 stored as values in memory (estimated size 10.9 KiB, free 366.3 MiB)
[2020-07-22 16:53:05,863] {logging_mixin.py:112} INFO - [2020-07-22 16:53:05,863] {spark_submit_hook.py:479} INFO - 20/07/22 16:53:05 INFO MemoryStore: Block broadcast_2_piece0 stored as bytes in memory (estimated size 5.8 KiB, free 366.3 MiB)
[2020-07-22 16:53:05,866] {logging_mixin.py:112} INFO - [2020-07-22 16:53:05,866] {spark_submit_hook.py:479} INFO - 20/07/22 16:53:05 INFO BlockManagerInfo: Added broadcast_2_piece0 in memory on 192.168.43.94:34347 (size: 5.8 KiB, free: 366.3 MiB)
[2020-07-22 16:53:05,868] {logging_mixin.py:112} INFO - [2020-07-22 16:53:05,867] {spark_submit_hook.py:479} INFO - 20/07/22 16:53:05 INFO SparkContext: Created broadcast 2 from broadcast at DAGScheduler.scala:1200
[2020-07-22 16:53:05,882] {logging_mixin.py:112} INFO - [2020-07-22 16:53:05,882] {spark_submit_hook.py:479} INFO - 20/07/22 16:53:05 INFO DAGScheduler: Submitting 1 missing tasks from ResultStage 1 (MapPartitionsRDD[9] at showString at NativeMethodAccessorImpl.java:0) (first 15 tasks are for partitions Vector(0))
[2020-07-22 16:53:05,884] {logging_mixin.py:112} INFO - [2020-07-22 16:53:05,884] {spark_submit_hook.py:479} INFO - 20/07/22 16:53:05 INFO TaskSchedulerImpl: Adding task set 1.0 with 1 tasks
[2020-07-22 16:53:06,039] {logging_mixin.py:112} INFO - [2020-07-22 16:53:06,039] {spark_submit_hook.py:479} INFO - 20/07/22 16:53:06 INFO TaskSetManager: Starting task 0.0 in stage 1.0 (TID 1, 192.168.43.94, executor driver, partition 0, PROCESS_LOCAL, 7449 bytes)
[2020-07-22 16:53:06,043] {logging_mixin.py:112} INFO - [2020-07-22 16:53:06,042] {spark_submit_hook.py:479} INFO - 20/07/22 16:53:06 INFO Executor: Running task 0.0 in stage 1.0 (TID 1)
[2020-07-22 16:53:06,620] {logging_mixin.py:112} INFO - [2020-07-22 16:53:06,619] {spark_submit_hook.py:479} INFO - 20/07/22 16:53:06 INFO PythonRunner: Times: total = 15, boot = -14769, init = 14784, finish = 0
[2020-07-22 16:53:06,675] {logging_mixin.py:112} INFO - [2020-07-22 16:53:06,674] {spark_submit_hook.py:479} INFO - 20/07/22 16:53:06 INFO Executor: Finished task 0.0 in stage 1.0 (TID 1). 2154 bytes result sent to driver
[2020-07-22 16:53:06,713] {logging_mixin.py:112} INFO - [2020-07-22 16:53:06,713] {spark_submit_hook.py:479} INFO - 20/07/22 16:53:06 INFO TaskSetManager: Finished task 0.0 in stage 1.0 (TID 1) in 820 ms on 192.168.43.94 (executor driver) (1/1)
[2020-07-22 16:53:06,717] {logging_mixin.py:112} INFO - [2020-07-22 16:53:06,716] {spark_submit_hook.py:479} INFO - 20/07/22 16:53:06 INFO TaskSchedulerImpl: Removed TaskSet 1.0, whose tasks have all completed, from pool
[2020-07-22 16:53:06,725] {logging_mixin.py:112} INFO - [2020-07-22 16:53:06,725] {spark_submit_hook.py:479} INFO - 20/07/22 16:53:06 INFO DAGScheduler: ResultStage 1 (showString at NativeMethodAccessorImpl.java:0) finished in 0.957 s
[2020-07-22 16:53:06,726] {logging_mixin.py:112} INFO - [2020-07-22 16:53:06,726] {spark_submit_hook.py:479} INFO - 20/07/22 16:53:06 INFO DAGScheduler: Job 1 is finished. Cancelling potential speculative or zombie tasks for this job
[2020-07-22 16:53:06,727] {logging_mixin.py:112} INFO - [2020-07-22 16:53:06,727] {spark_submit_hook.py:479} INFO - 20/07/22 16:53:06 INFO TaskSchedulerImpl: Killing all running tasks in stage 1: Stage finished
[2020-07-22 16:53:06,733] {logging_mixin.py:112} INFO - [2020-07-22 16:53:06,732] {spark_submit_hook.py:479} INFO - 20/07/22 16:53:06 INFO DAGScheduler: Job 1 finished: showString at NativeMethodAccessorImpl.java:0, took 1.002616 s
[2020-07-22 16:53:07,016] {logging_mixin.py:112} INFO - [2020-07-22 16:53:07,016] {spark_submit_hook.py:479} INFO - 20/07/22 16:53:07 INFO CodeGenerator: Code generated in 130.005562 ms
[2020-07-22 16:53:07,131] {logging_mixin.py:112} INFO - [2020-07-22 16:53:07,131] {spark_submit_hook.py:479} INFO - +------+------------+
[2020-07-22 16:53:07,132] {logging_mixin.py:112} INFO - [2020-07-22 16:53:07,132] {spark_submit_hook.py:479} INFO - |    _1|          _2|
[2020-07-22 16:53:07,132] {logging_mixin.py:112} INFO - [2020-07-22 16:53:07,132] {spark_submit_hook.py:479} INFO - +------+------------+
[2020-07-22 16:53:07,133] {logging_mixin.py:112} INFO - [2020-07-22 16:53:07,133] {spark_submit_hook.py:479} INFO - |PERSON|JOINING_YEAR|
[2020-07-22 16:53:07,133] {logging_mixin.py:112} INFO - [2020-07-22 16:53:07,133] {spark_submit_hook.py:479} INFO - |  John|        2018|
[2020-07-22 16:53:07,133] {logging_mixin.py:112} INFO - [2020-07-22 16:53:07,133] {spark_submit_hook.py:479} INFO - |   Sam|        2017|
[2020-07-22 16:53:07,134] {logging_mixin.py:112} INFO - [2020-07-22 16:53:07,134] {spark_submit_hook.py:479} INFO - |  Jeff|        2014|
[2020-07-22 16:53:07,134] {logging_mixin.py:112} INFO - [2020-07-22 16:53:07,134] {spark_submit_hook.py:479} INFO - | Allen|        2015|
[2020-07-22 16:53:07,134] {logging_mixin.py:112} INFO - [2020-07-22 16:53:07,134] {spark_submit_hook.py:479} INFO - +------+------------+
[2020-07-22 16:53:07,135] {logging_mixin.py:112} INFO - [2020-07-22 16:53:07,134] {spark_submit_hook.py:479} INFO - 
[2020-07-22 16:53:07,818] {logging_mixin.py:112} INFO - [2020-07-22 16:53:07,818] {spark_submit_hook.py:479} INFO - 20/07/22 16:53:07 INFO SparkContext: Invoking stop() from shutdown hook
[2020-07-22 16:53:07,889] {logging_mixin.py:112} INFO - [2020-07-22 16:53:07,889] {spark_submit_hook.py:479} INFO - 20/07/22 16:53:07 INFO SparkUI: Stopped Spark web UI at http://192.168.43.94:4044
[2020-07-22 16:53:07,972] {logging_mixin.py:112} INFO - [2020-07-22 16:53:07,972] {spark_submit_hook.py:479} INFO - 20/07/22 16:53:07 INFO MapOutputTrackerMasterEndpoint: MapOutputTrackerMasterEndpoint stopped!
[2020-07-22 16:53:08,000] {logging_mixin.py:112} INFO - [2020-07-22 16:53:08,000] {spark_submit_hook.py:479} INFO - 20/07/22 16:53:08 INFO MemoryStore: MemoryStore cleared
[2020-07-22 16:53:08,008] {logging_mixin.py:112} INFO - [2020-07-22 16:53:08,007] {spark_submit_hook.py:479} INFO - 20/07/22 16:53:08 INFO BlockManager: BlockManager stopped
[2020-07-22 16:53:08,013] {logging_mixin.py:112} INFO - [2020-07-22 16:53:08,013] {spark_submit_hook.py:479} INFO - 20/07/22 16:53:08 INFO BlockManagerMaster: BlockManagerMaster stopped
[2020-07-22 16:53:08,019] {logging_mixin.py:112} INFO - [2020-07-22 16:53:08,019] {spark_submit_hook.py:479} INFO - 20/07/22 16:53:08 INFO OutputCommitCoordinator$OutputCommitCoordinatorEndpoint: OutputCommitCoordinator stopped!
[2020-07-22 16:53:08,057] {logging_mixin.py:112} INFO - [2020-07-22 16:53:08,056] {spark_submit_hook.py:479} INFO - 20/07/22 16:53:08 INFO SparkContext: Successfully stopped SparkContext
[2020-07-22 16:53:08,058] {logging_mixin.py:112} INFO - [2020-07-22 16:53:08,058] {spark_submit_hook.py:479} INFO - 20/07/22 16:53:08 INFO ShutdownHookManager: Shutdown hook called
[2020-07-22 16:53:08,060] {logging_mixin.py:112} INFO - [2020-07-22 16:53:08,060] {spark_submit_hook.py:479} INFO - 20/07/22 16:53:08 INFO ShutdownHookManager: Deleting directory /tmp/spark-df750a64-e82b-44d5-b94d-400a5bd89dc6
[2020-07-22 16:53:08,077] {logging_mixin.py:112} INFO - [2020-07-22 16:53:08,076] {spark_submit_hook.py:479} INFO - 20/07/22 16:53:08 INFO ShutdownHookManager: Deleting directory /tmp/spark-4b1366f5-0899-4a49-bfa9-38cc3d92671f/pyspark-80ce9a65-424e-4a4b-9ad8-7ddef4c95e03
[2020-07-22 16:53:08,077] {logging_mixin.py:112} INFO - [2020-07-22 16:53:08,077] {spark_submit_hook.py:479} INFO - 20/07/22 16:53:08 INFO ShutdownHookManager: Deleting directory /tmp/spark-4b1366f5-0899-4a49-bfa9-38cc3d92671f
[2020-07-22 16:53:08,254] {taskinstance.py:1052} INFO - Marking task as SUCCESS.dag_id=submit_data, task_id=spark_submit, execution_date=20200720T065300, start_date=20200722T112225, end_date=20200722T112308
[2020-07-22 16:53:11,799] {logging_mixin.py:112} INFO - [2020-07-22 16:53:11,799] {local_task_job.py:103} INFO - Task exited with return code 0
