[2020-07-22 13:37:32,962] {taskinstance.py:669} INFO - Dependencies all met for <TaskInstance: submit_data.spark_submit 2020-07-20T01:28:00+00:00 [queued]>
[2020-07-22 13:37:32,979] {taskinstance.py:669} INFO - Dependencies all met for <TaskInstance: submit_data.spark_submit 2020-07-20T01:28:00+00:00 [queued]>
[2020-07-22 13:37:32,980] {taskinstance.py:879} INFO - 
--------------------------------------------------------------------------------
[2020-07-22 13:37:32,980] {taskinstance.py:880} INFO - Starting attempt 1 of 1
[2020-07-22 13:37:32,980] {taskinstance.py:881} INFO - 
--------------------------------------------------------------------------------
[2020-07-22 13:37:33,232] {taskinstance.py:900} INFO - Executing <Task(SparkSubmitOperator): spark_submit> on 2020-07-20T01:28:00+00:00
[2020-07-22 13:37:33,236] {standard_task_runner.py:53} INFO - Started process 356253 to run task
[2020-07-22 13:37:33,541] {logging_mixin.py:112} INFO - Running %s on host %s <TaskInstance: submit_data.spark_submit 2020-07-20T01:28:00+00:00 [running]> bhakti-Vostro-3558
[2020-07-22 13:37:33,604] {logging_mixin.py:112} INFO - [2020-07-22 13:37:33,603] {base_hook.py:87} INFO - Using connection to: id: spark_local. Host: localhost, Port: 4040, Schema: None, Login: None, Password: None, extra: None
[2020-07-22 13:37:33,605] {logging_mixin.py:112} INFO - [2020-07-22 13:37:33,605] {spark_submit_hook.py:325} INFO - Spark-Submit cmd: spark-submit --master localhost:4040 --name airflow-spark /home/bhakti/airflow/spark_jobs/python/spark_test.py
[2020-07-22 13:37:37,863] {logging_mixin.py:112} INFO - [2020-07-22 13:37:37,863] {spark_submit_hook.py:479} INFO - 20/07/22 13:37:37 WARN Utils: Your hostname, bhakti-Vostro-3558 resolves to a loopback address: 127.0.1.1; using 192.168.43.94 instead (on interface wlp6s0)
[2020-07-22 13:37:37,876] {logging_mixin.py:112} INFO - [2020-07-22 13:37:37,876] {spark_submit_hook.py:479} INFO - 20/07/22 13:37:37 WARN Utils: Set SPARK_LOCAL_IP if you need to bind to another address
[2020-07-22 13:37:44,210] {logging_mixin.py:112} INFO - [2020-07-22 13:37:44,210] {spark_submit_hook.py:479} INFO - 20/07/22 13:37:44 WARN NativeCodeLoader: Unable to load native-hadoop library for your platform... using builtin-java classes where applicable
[2020-07-22 13:37:45,682] {logging_mixin.py:112} INFO - [2020-07-22 13:37:45,682] {spark_submit_hook.py:479} INFO - Spark_Test_Python
[2020-07-22 13:37:45,682] {logging_mixin.py:112} INFO - [2020-07-22 13:37:45,682] {spark_submit_hook.py:479} INFO - Number of arguments: 0 arguments.
[2020-07-22 13:37:45,682] {logging_mixin.py:112} INFO - [2020-07-22 13:37:45,682] {spark_submit_hook.py:479} INFO - Argument List: []
[2020-07-22 13:37:45,781] {logging_mixin.py:112} INFO - [2020-07-22 13:37:45,781] {spark_submit_hook.py:479} INFO - Using Spark's default log4j profile: org/apache/spark/log4j-defaults.properties
[2020-07-22 13:37:45,796] {logging_mixin.py:112} INFO - [2020-07-22 13:37:45,796] {spark_submit_hook.py:479} INFO - 20/07/22 13:37:45 INFO SparkContext: Running Spark version 3.0.0
[2020-07-22 13:37:45,871] {logging_mixin.py:112} INFO - [2020-07-22 13:37:45,871] {spark_submit_hook.py:479} INFO - 20/07/22 13:37:45 INFO ResourceUtils: ==============================================================
[2020-07-22 13:37:45,873] {logging_mixin.py:112} INFO - [2020-07-22 13:37:45,873] {spark_submit_hook.py:479} INFO - 20/07/22 13:37:45 INFO ResourceUtils: Resources for spark.driver:
[2020-07-22 13:37:45,873] {logging_mixin.py:112} INFO - [2020-07-22 13:37:45,873] {spark_submit_hook.py:479} INFO - 
[2020-07-22 13:37:45,874] {logging_mixin.py:112} INFO - [2020-07-22 13:37:45,874] {spark_submit_hook.py:479} INFO - 20/07/22 13:37:45 INFO ResourceUtils: ==============================================================
[2020-07-22 13:37:45,875] {logging_mixin.py:112} INFO - [2020-07-22 13:37:45,874] {spark_submit_hook.py:479} INFO - 20/07/22 13:37:45 INFO SparkContext: Submitted application: Spark_Test_Python
[2020-07-22 13:37:45,976] {logging_mixin.py:112} INFO - [2020-07-22 13:37:45,976] {spark_submit_hook.py:479} INFO - 20/07/22 13:37:45 INFO SecurityManager: Changing view acls to: bhakti
[2020-07-22 13:37:45,977] {logging_mixin.py:112} INFO - [2020-07-22 13:37:45,976] {spark_submit_hook.py:479} INFO - 20/07/22 13:37:45 INFO SecurityManager: Changing modify acls to: bhakti
[2020-07-22 13:37:45,977] {logging_mixin.py:112} INFO - [2020-07-22 13:37:45,977] {spark_submit_hook.py:479} INFO - 20/07/22 13:37:45 INFO SecurityManager: Changing view acls groups to:
[2020-07-22 13:37:45,977] {logging_mixin.py:112} INFO - [2020-07-22 13:37:45,977] {spark_submit_hook.py:479} INFO - 20/07/22 13:37:45 INFO SecurityManager: Changing modify acls groups to:
[2020-07-22 13:37:45,977] {logging_mixin.py:112} INFO - [2020-07-22 13:37:45,977] {spark_submit_hook.py:479} INFO - 20/07/22 13:37:45 INFO SecurityManager: SecurityManager: authentication disabled; ui acls disabled; users  with view permissions: Set(bhakti); groups with view permissions: Set(); users  with modify permissions: Set(bhakti); groups with modify permissions: Set()
[2020-07-22 13:37:46,499] {logging_mixin.py:112} INFO - [2020-07-22 13:37:46,499] {spark_submit_hook.py:479} INFO - 20/07/22 13:37:46 INFO Utils: Successfully started service 'sparkDriver' on port 44167.
[2020-07-22 13:37:46,551] {logging_mixin.py:112} INFO - [2020-07-22 13:37:46,551] {spark_submit_hook.py:479} INFO - 20/07/22 13:37:46 INFO SparkEnv: Registering MapOutputTracker
[2020-07-22 13:37:46,626] {logging_mixin.py:112} INFO - [2020-07-22 13:37:46,626] {spark_submit_hook.py:479} INFO - 20/07/22 13:37:46 INFO SparkEnv: Registering BlockManagerMaster
[2020-07-22 13:37:46,670] {logging_mixin.py:112} INFO - [2020-07-22 13:37:46,670] {spark_submit_hook.py:479} INFO - 20/07/22 13:37:46 INFO BlockManagerMasterEndpoint: Using org.apache.spark.storage.DefaultTopologyMapper for getting topology information
[2020-07-22 13:37:46,671] {logging_mixin.py:112} INFO - [2020-07-22 13:37:46,671] {spark_submit_hook.py:479} INFO - 20/07/22 13:37:46 INFO BlockManagerMasterEndpoint: BlockManagerMasterEndpoint up
[2020-07-22 13:37:46,684] {logging_mixin.py:112} INFO - [2020-07-22 13:37:46,684] {spark_submit_hook.py:479} INFO - 20/07/22 13:37:46 INFO SparkEnv: Registering BlockManagerMasterHeartbeat
[2020-07-22 13:37:46,706] {logging_mixin.py:112} INFO - [2020-07-22 13:37:46,705] {spark_submit_hook.py:479} INFO - 20/07/22 13:37:46 INFO DiskBlockManager: Created local directory at /tmp/blockmgr-e414d275-76c4-473f-b9a0-e5f60334e8fb
[2020-07-22 13:37:46,740] {logging_mixin.py:112} INFO - [2020-07-22 13:37:46,740] {spark_submit_hook.py:479} INFO - 20/07/22 13:37:46 INFO MemoryStore: MemoryStore started with capacity 366.3 MiB
[2020-07-22 13:37:46,766] {logging_mixin.py:112} INFO - [2020-07-22 13:37:46,765] {spark_submit_hook.py:479} INFO - 20/07/22 13:37:46 INFO SparkEnv: Registering OutputCommitCoordinator
[2020-07-22 13:37:47,121] {logging_mixin.py:112} INFO - [2020-07-22 13:37:47,120] {spark_submit_hook.py:479} INFO - 20/07/22 13:37:47 WARN Utils: Service 'SparkUI' could not bind on port 4040. Attempting port 4041.
[2020-07-22 13:37:47,121] {logging_mixin.py:112} INFO - [2020-07-22 13:37:47,121] {spark_submit_hook.py:479} INFO - 20/07/22 13:37:47 WARN Utils: Service 'SparkUI' could not bind on port 4041. Attempting port 4042.
[2020-07-22 13:37:47,121] {logging_mixin.py:112} INFO - [2020-07-22 13:37:47,121] {spark_submit_hook.py:479} INFO - 20/07/22 13:37:47 WARN Utils: Service 'SparkUI' could not bind on port 4042. Attempting port 4043.
[2020-07-22 13:37:47,135] {logging_mixin.py:112} INFO - [2020-07-22 13:37:47,134] {spark_submit_hook.py:479} INFO - 20/07/22 13:37:47 INFO Utils: Successfully started service 'SparkUI' on port 4043.
[2020-07-22 13:37:47,269] {logging_mixin.py:112} INFO - [2020-07-22 13:37:47,268] {spark_submit_hook.py:479} INFO - 20/07/22 13:37:47 INFO SparkUI: Bound SparkUI to 0.0.0.0, and started at http://192.168.43.94:4043
[2020-07-22 13:37:47,417] {logging_mixin.py:112} INFO - [2020-07-22 13:37:47,417] {spark_submit_hook.py:479} INFO - 20/07/22 13:37:47 ERROR SparkContext: Error initializing SparkContext.
[2020-07-22 13:37:47,418] {logging_mixin.py:112} INFO - [2020-07-22 13:37:47,417] {spark_submit_hook.py:479} INFO - org.apache.spark.SparkException: Could not parse Master URL: 'localhost:4040'
[2020-07-22 13:37:47,418] {logging_mixin.py:112} INFO - [2020-07-22 13:37:47,418] {spark_submit_hook.py:479} INFO - at org.apache.spark.SparkContext$.org$apache$spark$SparkContext$$createTaskScheduler(SparkContext.scala:2924)
[2020-07-22 13:37:47,418] {logging_mixin.py:112} INFO - [2020-07-22 13:37:47,418] {spark_submit_hook.py:479} INFO - at org.apache.spark.SparkContext.<init>(SparkContext.scala:528)
[2020-07-22 13:37:47,418] {logging_mixin.py:112} INFO - [2020-07-22 13:37:47,418] {spark_submit_hook.py:479} INFO - at org.apache.spark.api.java.JavaSparkContext.<init>(JavaSparkContext.scala:58)
[2020-07-22 13:37:47,418] {logging_mixin.py:112} INFO - [2020-07-22 13:37:47,418] {spark_submit_hook.py:479} INFO - at sun.reflect.NativeConstructorAccessorImpl.newInstance0(Native Method)
[2020-07-22 13:37:47,419] {logging_mixin.py:112} INFO - [2020-07-22 13:37:47,419] {spark_submit_hook.py:479} INFO - at sun.reflect.NativeConstructorAccessorImpl.newInstance(NativeConstructorAccessorImpl.java:62)
[2020-07-22 13:37:47,419] {logging_mixin.py:112} INFO - [2020-07-22 13:37:47,419] {spark_submit_hook.py:479} INFO - at sun.reflect.DelegatingConstructorAccessorImpl.newInstance(DelegatingConstructorAccessorImpl.java:45)
[2020-07-22 13:37:47,419] {logging_mixin.py:112} INFO - [2020-07-22 13:37:47,419] {spark_submit_hook.py:479} INFO - at java.lang.reflect.Constructor.newInstance(Constructor.java:423)
[2020-07-22 13:37:47,419] {logging_mixin.py:112} INFO - [2020-07-22 13:37:47,419] {spark_submit_hook.py:479} INFO - at py4j.reflection.MethodInvoker.invoke(MethodInvoker.java:247)
[2020-07-22 13:37:47,419] {logging_mixin.py:112} INFO - [2020-07-22 13:37:47,419] {spark_submit_hook.py:479} INFO - at py4j.reflection.ReflectionEngine.invoke(ReflectionEngine.java:357)
[2020-07-22 13:37:47,420] {logging_mixin.py:112} INFO - [2020-07-22 13:37:47,420] {spark_submit_hook.py:479} INFO - at py4j.Gateway.invoke(Gateway.java:238)
[2020-07-22 13:37:47,420] {logging_mixin.py:112} INFO - [2020-07-22 13:37:47,420] {spark_submit_hook.py:479} INFO - at py4j.commands.ConstructorCommand.invokeConstructor(ConstructorCommand.java:80)
[2020-07-22 13:37:47,420] {logging_mixin.py:112} INFO - [2020-07-22 13:37:47,420] {spark_submit_hook.py:479} INFO - at py4j.commands.ConstructorCommand.execute(ConstructorCommand.java:69)
[2020-07-22 13:37:47,421] {logging_mixin.py:112} INFO - [2020-07-22 13:37:47,420] {spark_submit_hook.py:479} INFO - at py4j.GatewayConnection.run(GatewayConnection.java:238)
[2020-07-22 13:37:47,421] {logging_mixin.py:112} INFO - [2020-07-22 13:37:47,421] {spark_submit_hook.py:479} INFO - at java.lang.Thread.run(Thread.java:748)
[2020-07-22 13:37:47,435] {logging_mixin.py:112} INFO - [2020-07-22 13:37:47,435] {spark_submit_hook.py:479} INFO - 20/07/22 13:37:47 INFO SparkUI: Stopped Spark web UI at http://192.168.43.94:4043
[2020-07-22 13:37:47,461] {logging_mixin.py:112} INFO - [2020-07-22 13:37:47,460] {spark_submit_hook.py:479} INFO - 20/07/22 13:37:47 INFO MapOutputTrackerMasterEndpoint: MapOutputTrackerMasterEndpoint stopped!
[2020-07-22 13:37:47,481] {logging_mixin.py:112} INFO - [2020-07-22 13:37:47,480] {spark_submit_hook.py:479} INFO - 20/07/22 13:37:47 INFO MemoryStore: MemoryStore cleared
[2020-07-22 13:37:47,481] {logging_mixin.py:112} INFO - [2020-07-22 13:37:47,481] {spark_submit_hook.py:479} INFO - 20/07/22 13:37:47 INFO BlockManager: BlockManager stopped
[2020-07-22 13:37:47,497] {logging_mixin.py:112} INFO - [2020-07-22 13:37:47,497] {spark_submit_hook.py:479} INFO - 20/07/22 13:37:47 INFO BlockManagerMaster: BlockManagerMaster stopped
[2020-07-22 13:37:47,498] {logging_mixin.py:112} INFO - [2020-07-22 13:37:47,498] {spark_submit_hook.py:479} INFO - 20/07/22 13:37:47 WARN MetricsSystem: Stopping a MetricsSystem that is not running
[2020-07-22 13:37:47,504] {logging_mixin.py:112} INFO - [2020-07-22 13:37:47,504] {spark_submit_hook.py:479} INFO - 20/07/22 13:37:47 INFO OutputCommitCoordinator$OutputCommitCoordinatorEndpoint: OutputCommitCoordinator stopped!
[2020-07-22 13:37:47,518] {logging_mixin.py:112} INFO - [2020-07-22 13:37:47,518] {spark_submit_hook.py:479} INFO - 20/07/22 13:37:47 INFO SparkContext: Successfully stopped SparkContext
[2020-07-22 13:37:47,606] {logging_mixin.py:112} INFO - [2020-07-22 13:37:47,606] {spark_submit_hook.py:479} INFO - Traceback (most recent call last):
[2020-07-22 13:37:47,607] {logging_mixin.py:112} INFO - [2020-07-22 13:37:47,607] {spark_submit_hook.py:479} INFO - File "/home/bhakti/airflow/spark_jobs/python/spark_test.py", line 12, in <module>
[2020-07-22 13:37:47,607] {logging_mixin.py:112} INFO - [2020-07-22 13:37:47,607] {spark_submit_hook.py:479} INFO - sc = SparkContext(conf=conf)
[2020-07-22 13:37:47,607] {logging_mixin.py:112} INFO - [2020-07-22 13:37:47,607] {spark_submit_hook.py:479} INFO - File "/opt/spark/python/lib/pyspark.zip/pyspark/context.py", line 130, in __init__
[2020-07-22 13:37:47,608] {logging_mixin.py:112} INFO - [2020-07-22 13:37:47,607] {spark_submit_hook.py:479} INFO - File "/opt/spark/python/lib/pyspark.zip/pyspark/context.py", line 193, in _do_init
[2020-07-22 13:37:47,608] {logging_mixin.py:112} INFO - [2020-07-22 13:37:47,608] {spark_submit_hook.py:479} INFO - File "/opt/spark/python/lib/pyspark.zip/pyspark/context.py", line 310, in _initialize_context
[2020-07-22 13:37:47,608] {logging_mixin.py:112} INFO - [2020-07-22 13:37:47,608] {spark_submit_hook.py:479} INFO - File "/opt/spark/python/lib/py4j-0.10.9-src.zip/py4j/java_gateway.py", line 1568, in __call__
[2020-07-22 13:37:47,608] {logging_mixin.py:112} INFO - [2020-07-22 13:37:47,608] {spark_submit_hook.py:479} INFO - File "/opt/spark/python/lib/py4j-0.10.9-src.zip/py4j/protocol.py", line 326, in get_return_value
[2020-07-22 13:37:47,609] {logging_mixin.py:112} INFO - [2020-07-22 13:37:47,608] {spark_submit_hook.py:479} INFO - py4j.protocol.Py4JJavaError: An error occurred while calling None.org.apache.spark.api.java.JavaSparkContext.
[2020-07-22 13:37:47,609] {logging_mixin.py:112} INFO - [2020-07-22 13:37:47,609] {spark_submit_hook.py:479} INFO - : org.apache.spark.SparkException: Could not parse Master URL: 'localhost:4040'
[2020-07-22 13:37:47,609] {logging_mixin.py:112} INFO - [2020-07-22 13:37:47,609] {spark_submit_hook.py:479} INFO - at org.apache.spark.SparkContext$.org$apache$spark$SparkContext$$createTaskScheduler(SparkContext.scala:2924)
[2020-07-22 13:37:47,610] {logging_mixin.py:112} INFO - [2020-07-22 13:37:47,609] {spark_submit_hook.py:479} INFO - at org.apache.spark.SparkContext.<init>(SparkContext.scala:528)
[2020-07-22 13:37:47,610] {logging_mixin.py:112} INFO - [2020-07-22 13:37:47,610] {spark_submit_hook.py:479} INFO - at org.apache.spark.api.java.JavaSparkContext.<init>(JavaSparkContext.scala:58)
[2020-07-22 13:37:47,610] {logging_mixin.py:112} INFO - [2020-07-22 13:37:47,610] {spark_submit_hook.py:479} INFO - at sun.reflect.NativeConstructorAccessorImpl.newInstance0(Native Method)
[2020-07-22 13:37:47,610] {logging_mixin.py:112} INFO - [2020-07-22 13:37:47,610] {spark_submit_hook.py:479} INFO - at sun.reflect.NativeConstructorAccessorImpl.newInstance(NativeConstructorAccessorImpl.java:62)
[2020-07-22 13:37:47,610] {logging_mixin.py:112} INFO - [2020-07-22 13:37:47,610] {spark_submit_hook.py:479} INFO - at sun.reflect.DelegatingConstructorAccessorImpl.newInstance(DelegatingConstructorAccessorImpl.java:45)
[2020-07-22 13:37:47,611] {logging_mixin.py:112} INFO - [2020-07-22 13:37:47,611] {spark_submit_hook.py:479} INFO - at java.lang.reflect.Constructor.newInstance(Constructor.java:423)
[2020-07-22 13:37:47,611] {logging_mixin.py:112} INFO - [2020-07-22 13:37:47,611] {spark_submit_hook.py:479} INFO - at py4j.reflection.MethodInvoker.invoke(MethodInvoker.java:247)
[2020-07-22 13:37:47,611] {logging_mixin.py:112} INFO - [2020-07-22 13:37:47,611] {spark_submit_hook.py:479} INFO - at py4j.reflection.ReflectionEngine.invoke(ReflectionEngine.java:357)
[2020-07-22 13:37:47,611] {logging_mixin.py:112} INFO - [2020-07-22 13:37:47,611] {spark_submit_hook.py:479} INFO - at py4j.Gateway.invoke(Gateway.java:238)
[2020-07-22 13:37:47,612] {logging_mixin.py:112} INFO - [2020-07-22 13:37:47,611] {spark_submit_hook.py:479} INFO - at py4j.commands.ConstructorCommand.invokeConstructor(ConstructorCommand.java:80)
[2020-07-22 13:37:47,612] {logging_mixin.py:112} INFO - [2020-07-22 13:37:47,612] {spark_submit_hook.py:479} INFO - at py4j.commands.ConstructorCommand.execute(ConstructorCommand.java:69)
[2020-07-22 13:37:47,612] {logging_mixin.py:112} INFO - [2020-07-22 13:37:47,612] {spark_submit_hook.py:479} INFO - at py4j.GatewayConnection.run(GatewayConnection.java:238)
[2020-07-22 13:37:47,612] {logging_mixin.py:112} INFO - [2020-07-22 13:37:47,612] {spark_submit_hook.py:479} INFO - at java.lang.Thread.run(Thread.java:748)
[2020-07-22 13:37:47,613] {logging_mixin.py:112} INFO - [2020-07-22 13:37:47,612] {spark_submit_hook.py:479} INFO - 
[2020-07-22 13:37:47,735] {logging_mixin.py:112} INFO - [2020-07-22 13:37:47,735] {spark_submit_hook.py:479} INFO - 20/07/22 13:37:47 INFO ShutdownHookManager: Shutdown hook called
[2020-07-22 13:37:47,737] {logging_mixin.py:112} INFO - [2020-07-22 13:37:47,737] {spark_submit_hook.py:479} INFO - 20/07/22 13:37:47 INFO ShutdownHookManager: Deleting directory /tmp/spark-76362a0b-a98d-41aa-9d37-ad29b0de3a18
[2020-07-22 13:37:47,742] {logging_mixin.py:112} INFO - [2020-07-22 13:37:47,742] {spark_submit_hook.py:479} INFO - 20/07/22 13:37:47 INFO ShutdownHookManager: Deleting directory /tmp/spark-f7c939bf-6647-4a53-a43e-5a2b3a83db27
[2020-07-22 13:37:47,803] {taskinstance.py:1145} ERROR - Cannot execute: spark-submit --master localhost:4040 --name airflow-spark /home/bhakti/airflow/spark_jobs/python/spark_test.py. Error code is: 1.
Traceback (most recent call last):
  File "/usr/local/lib/python3.8/dist-packages/airflow/models/taskinstance.py", line 983, in _run_raw_task
    result = task_copy.execute(context=context)
  File "/usr/local/lib/python3.8/dist-packages/airflow/contrib/operators/spark_submit_operator.py", line 187, in execute
    self._hook.submit(self._application)
  File "/usr/local/lib/python3.8/dist-packages/airflow/contrib/hooks/spark_submit_hook.py", line 403, in submit
    raise AirflowException(
airflow.exceptions.AirflowException: Cannot execute: spark-submit --master localhost:4040 --name airflow-spark /home/bhakti/airflow/spark_jobs/python/spark_test.py. Error code is: 1.
[2020-07-22 13:37:47,805] {taskinstance.py:1189} INFO - Marking task as FAILED.dag_id=submit_data, task_id=spark_submit, execution_date=20200720T012800, start_date=20200722T080732, end_date=20200722T080747
[2020-07-22 13:37:53,089] {logging_mixin.py:112} INFO - [2020-07-22 13:37:53,088] {local_task_job.py:103} INFO - Task exited with return code 1
