[2020-07-22 14:35:23,913] {taskinstance.py:669} INFO - Dependencies all met for <TaskInstance: submit_data.spark_submit 2020-07-22T09:04:32.760234+00:00 [queued]>
[2020-07-22 14:35:23,933] {taskinstance.py:669} INFO - Dependencies all met for <TaskInstance: submit_data.spark_submit 2020-07-22T09:04:32.760234+00:00 [queued]>
[2020-07-22 14:35:23,933] {taskinstance.py:879} INFO - 
--------------------------------------------------------------------------------
[2020-07-22 14:35:23,933] {taskinstance.py:880} INFO - Starting attempt 1 of 1
[2020-07-22 14:35:23,934] {taskinstance.py:881} INFO - 
--------------------------------------------------------------------------------
[2020-07-22 14:35:24,089] {taskinstance.py:900} INFO - Executing <Task(SparkSubmitOperator): spark_submit> on 2020-07-22T09:04:32.760234+00:00
[2020-07-22 14:35:24,096] {standard_task_runner.py:53} INFO - Started process 435672 to run task
[2020-07-22 14:35:24,449] {logging_mixin.py:112} INFO - Running %s on host %s <TaskInstance: submit_data.spark_submit 2020-07-22T09:04:32.760234+00:00 [running]> bhakti-Vostro-3558
[2020-07-22 14:35:24,479] {logging_mixin.py:112} INFO - [2020-07-22 14:35:24,479] {base_hook.py:87} INFO - Using connection to: id: spark_local. Host: local, Port: 4041, Schema: None, Login: None, Password: None, extra: None
[2020-07-22 14:35:24,481] {logging_mixin.py:112} INFO - [2020-07-22 14:35:24,481] {spark_submit_hook.py:325} INFO - Spark-Submit cmd: spark-submit --master local:4041 --name airflow-spark /home/bhakti/airflow/spark_jobs/python/spark_test.py
[2020-07-22 14:35:27,864] {logging_mixin.py:112} INFO - [2020-07-22 14:35:27,864] {spark_submit_hook.py:479} INFO - 20/07/22 14:35:27 WARN Utils: Your hostname, bhakti-Vostro-3558 resolves to a loopback address: 127.0.1.1; using 192.168.43.94 instead (on interface wlp6s0)
[2020-07-22 14:35:27,865] {logging_mixin.py:112} INFO - [2020-07-22 14:35:27,865] {spark_submit_hook.py:479} INFO - 20/07/22 14:35:27 WARN Utils: Set SPARK_LOCAL_IP if you need to bind to another address
[2020-07-22 14:35:29,259] {logging_mixin.py:112} INFO - [2020-07-22 14:35:29,259] {spark_submit_hook.py:479} INFO - 20/07/22 14:35:29 WARN NativeCodeLoader: Unable to load native-hadoop library for your platform... using builtin-java classes where applicable
[2020-07-22 14:35:31,030] {logging_mixin.py:112} INFO - [2020-07-22 14:35:31,030] {spark_submit_hook.py:479} INFO - Using Spark's default log4j profile: org/apache/spark/log4j-defaults.properties
[2020-07-22 14:35:31,046] {logging_mixin.py:112} INFO - [2020-07-22 14:35:31,045] {spark_submit_hook.py:479} INFO - 20/07/22 14:35:31 INFO SparkContext: Running Spark version 3.0.0
[2020-07-22 14:35:31,128] {logging_mixin.py:112} INFO - [2020-07-22 14:35:31,128] {spark_submit_hook.py:479} INFO - 20/07/22 14:35:31 INFO ResourceUtils: ==============================================================
[2020-07-22 14:35:31,131] {logging_mixin.py:112} INFO - [2020-07-22 14:35:31,131] {spark_submit_hook.py:479} INFO - 20/07/22 14:35:31 INFO ResourceUtils: Resources for spark.driver:
[2020-07-22 14:35:31,132] {logging_mixin.py:112} INFO - [2020-07-22 14:35:31,132] {spark_submit_hook.py:479} INFO - 
[2020-07-22 14:35:31,132] {logging_mixin.py:112} INFO - [2020-07-22 14:35:31,132] {spark_submit_hook.py:479} INFO - 20/07/22 14:35:31 INFO ResourceUtils: ==============================================================
[2020-07-22 14:35:31,133] {logging_mixin.py:112} INFO - [2020-07-22 14:35:31,133] {spark_submit_hook.py:479} INFO - 20/07/22 14:35:31 INFO SparkContext: Submitted application: Spark_Test_Python
[2020-07-22 14:35:31,293] {logging_mixin.py:112} INFO - [2020-07-22 14:35:31,293] {spark_submit_hook.py:479} INFO - 20/07/22 14:35:31 INFO SecurityManager: Changing view acls to: bhakti
[2020-07-22 14:35:31,294] {logging_mixin.py:112} INFO - [2020-07-22 14:35:31,294] {spark_submit_hook.py:479} INFO - 20/07/22 14:35:31 INFO SecurityManager: Changing modify acls to: bhakti
[2020-07-22 14:35:31,294] {logging_mixin.py:112} INFO - [2020-07-22 14:35:31,294] {spark_submit_hook.py:479} INFO - 20/07/22 14:35:31 INFO SecurityManager: Changing view acls groups to:
[2020-07-22 14:35:31,295] {logging_mixin.py:112} INFO - [2020-07-22 14:35:31,294] {spark_submit_hook.py:479} INFO - 20/07/22 14:35:31 INFO SecurityManager: Changing modify acls groups to:
[2020-07-22 14:35:31,296] {logging_mixin.py:112} INFO - [2020-07-22 14:35:31,295] {spark_submit_hook.py:479} INFO - 20/07/22 14:35:31 INFO SecurityManager: SecurityManager: authentication disabled; ui acls disabled; users  with view permissions: Set(bhakti); groups with view permissions: Set(); users  with modify permissions: Set(bhakti); groups with modify permissions: Set()
[2020-07-22 14:35:31,914] {logging_mixin.py:112} INFO - [2020-07-22 14:35:31,914] {spark_submit_hook.py:479} INFO - 20/07/22 14:35:31 INFO Utils: Successfully started service 'sparkDriver' on port 41177.
[2020-07-22 14:35:31,982] {logging_mixin.py:112} INFO - [2020-07-22 14:35:31,981] {spark_submit_hook.py:479} INFO - 20/07/22 14:35:31 INFO SparkEnv: Registering MapOutputTracker
[2020-07-22 14:35:32,072] {logging_mixin.py:112} INFO - [2020-07-22 14:35:32,072] {spark_submit_hook.py:479} INFO - 20/07/22 14:35:32 INFO SparkEnv: Registering BlockManagerMaster
[2020-07-22 14:35:32,145] {logging_mixin.py:112} INFO - [2020-07-22 14:35:32,145] {spark_submit_hook.py:479} INFO - 20/07/22 14:35:32 INFO BlockManagerMasterEndpoint: Using org.apache.spark.storage.DefaultTopologyMapper for getting topology information
[2020-07-22 14:35:32,147] {logging_mixin.py:112} INFO - [2020-07-22 14:35:32,147] {spark_submit_hook.py:479} INFO - 20/07/22 14:35:32 INFO BlockManagerMasterEndpoint: BlockManagerMasterEndpoint up
[2020-07-22 14:35:32,156] {logging_mixin.py:112} INFO - [2020-07-22 14:35:32,155] {spark_submit_hook.py:479} INFO - 20/07/22 14:35:32 INFO SparkEnv: Registering BlockManagerMasterHeartbeat
[2020-07-22 14:35:32,197] {logging_mixin.py:112} INFO - [2020-07-22 14:35:32,196] {spark_submit_hook.py:479} INFO - 20/07/22 14:35:32 INFO DiskBlockManager: Created local directory at /tmp/blockmgr-17ca2b79-81f6-4fc2-bab1-2da151ec9025
[2020-07-22 14:35:32,245] {logging_mixin.py:112} INFO - [2020-07-22 14:35:32,244] {spark_submit_hook.py:479} INFO - 20/07/22 14:35:32 INFO MemoryStore: MemoryStore started with capacity 366.3 MiB
[2020-07-22 14:35:32,277] {logging_mixin.py:112} INFO - [2020-07-22 14:35:32,277] {spark_submit_hook.py:479} INFO - 20/07/22 14:35:32 INFO SparkEnv: Registering OutputCommitCoordinator
[2020-07-22 14:35:32,830] {logging_mixin.py:112} INFO - [2020-07-22 14:35:32,829] {spark_submit_hook.py:479} INFO - 20/07/22 14:35:32 WARN Utils: Service 'SparkUI' could not bind on port 4040. Attempting port 4041.
[2020-07-22 14:35:32,831] {logging_mixin.py:112} INFO - [2020-07-22 14:35:32,831] {spark_submit_hook.py:479} INFO - 20/07/22 14:35:32 WARN Utils: Service 'SparkUI' could not bind on port 4041. Attempting port 4042.
[2020-07-22 14:35:32,851] {logging_mixin.py:112} INFO - [2020-07-22 14:35:32,851] {spark_submit_hook.py:479} INFO - 20/07/22 14:35:32 INFO Utils: Successfully started service 'SparkUI' on port 4042.
[2020-07-22 14:35:32,986] {logging_mixin.py:112} INFO - [2020-07-22 14:35:32,986] {spark_submit_hook.py:479} INFO - 20/07/22 14:35:32 INFO SparkUI: Bound SparkUI to 0.0.0.0, and started at http://192.168.43.94:4042
[2020-07-22 14:35:33,166] {logging_mixin.py:112} INFO - [2020-07-22 14:35:33,165] {spark_submit_hook.py:479} INFO - 20/07/22 14:35:33 ERROR SparkContext: Error initializing SparkContext.
[2020-07-22 14:35:33,166] {logging_mixin.py:112} INFO - [2020-07-22 14:35:33,166] {spark_submit_hook.py:479} INFO - org.apache.spark.SparkException: Could not parse Master URL: 'local:4041'
[2020-07-22 14:35:33,166] {logging_mixin.py:112} INFO - [2020-07-22 14:35:33,166] {spark_submit_hook.py:479} INFO - at org.apache.spark.SparkContext$.org$apache$spark$SparkContext$$createTaskScheduler(SparkContext.scala:2924)
[2020-07-22 14:35:33,167] {logging_mixin.py:112} INFO - [2020-07-22 14:35:33,167] {spark_submit_hook.py:479} INFO - at org.apache.spark.SparkContext.<init>(SparkContext.scala:528)
[2020-07-22 14:35:33,167] {logging_mixin.py:112} INFO - [2020-07-22 14:35:33,167] {spark_submit_hook.py:479} INFO - at org.apache.spark.api.java.JavaSparkContext.<init>(JavaSparkContext.scala:58)
[2020-07-22 14:35:33,167] {logging_mixin.py:112} INFO - [2020-07-22 14:35:33,167] {spark_submit_hook.py:479} INFO - at sun.reflect.NativeConstructorAccessorImpl.newInstance0(Native Method)
[2020-07-22 14:35:33,167] {logging_mixin.py:112} INFO - [2020-07-22 14:35:33,167] {spark_submit_hook.py:479} INFO - at sun.reflect.NativeConstructorAccessorImpl.newInstance(NativeConstructorAccessorImpl.java:62)
[2020-07-22 14:35:33,168] {logging_mixin.py:112} INFO - [2020-07-22 14:35:33,168] {spark_submit_hook.py:479} INFO - at sun.reflect.DelegatingConstructorAccessorImpl.newInstance(DelegatingConstructorAccessorImpl.java:45)
[2020-07-22 14:35:33,168] {logging_mixin.py:112} INFO - [2020-07-22 14:35:33,168] {spark_submit_hook.py:479} INFO - at java.lang.reflect.Constructor.newInstance(Constructor.java:423)
[2020-07-22 14:35:33,168] {logging_mixin.py:112} INFO - [2020-07-22 14:35:33,168] {spark_submit_hook.py:479} INFO - at py4j.reflection.MethodInvoker.invoke(MethodInvoker.java:247)
[2020-07-22 14:35:33,168] {logging_mixin.py:112} INFO - [2020-07-22 14:35:33,168] {spark_submit_hook.py:479} INFO - at py4j.reflection.ReflectionEngine.invoke(ReflectionEngine.java:357)
[2020-07-22 14:35:33,169] {logging_mixin.py:112} INFO - [2020-07-22 14:35:33,169] {spark_submit_hook.py:479} INFO - at py4j.Gateway.invoke(Gateway.java:238)
[2020-07-22 14:35:33,169] {logging_mixin.py:112} INFO - [2020-07-22 14:35:33,169] {spark_submit_hook.py:479} INFO - at py4j.commands.ConstructorCommand.invokeConstructor(ConstructorCommand.java:80)
[2020-07-22 14:35:33,169] {logging_mixin.py:112} INFO - [2020-07-22 14:35:33,169] {spark_submit_hook.py:479} INFO - at py4j.commands.ConstructorCommand.execute(ConstructorCommand.java:69)
[2020-07-22 14:35:33,169] {logging_mixin.py:112} INFO - [2020-07-22 14:35:33,169] {spark_submit_hook.py:479} INFO - at py4j.GatewayConnection.run(GatewayConnection.java:238)
[2020-07-22 14:35:33,169] {logging_mixin.py:112} INFO - [2020-07-22 14:35:33,169] {spark_submit_hook.py:479} INFO - at java.lang.Thread.run(Thread.java:748)
[2020-07-22 14:35:33,180] {logging_mixin.py:112} INFO - [2020-07-22 14:35:33,180] {spark_submit_hook.py:479} INFO - 20/07/22 14:35:33 INFO SparkUI: Stopped Spark web UI at http://192.168.43.94:4042
[2020-07-22 14:35:33,208] {logging_mixin.py:112} INFO - [2020-07-22 14:35:33,208] {spark_submit_hook.py:479} INFO - 20/07/22 14:35:33 INFO MapOutputTrackerMasterEndpoint: MapOutputTrackerMasterEndpoint stopped!
[2020-07-22 14:35:33,222] {logging_mixin.py:112} INFO - [2020-07-22 14:35:33,222] {spark_submit_hook.py:479} INFO - 20/07/22 14:35:33 INFO MemoryStore: MemoryStore cleared
[2020-07-22 14:35:33,223] {logging_mixin.py:112} INFO - [2020-07-22 14:35:33,222] {spark_submit_hook.py:479} INFO - 20/07/22 14:35:33 INFO BlockManager: BlockManager stopped
[2020-07-22 14:35:33,250] {logging_mixin.py:112} INFO - [2020-07-22 14:35:33,250] {spark_submit_hook.py:479} INFO - 20/07/22 14:35:33 INFO BlockManagerMaster: BlockManagerMaster stopped
[2020-07-22 14:35:33,252] {logging_mixin.py:112} INFO - [2020-07-22 14:35:33,251] {spark_submit_hook.py:479} INFO - 20/07/22 14:35:33 WARN MetricsSystem: Stopping a MetricsSystem that is not running
[2020-07-22 14:35:33,259] {logging_mixin.py:112} INFO - [2020-07-22 14:35:33,259] {spark_submit_hook.py:479} INFO - 20/07/22 14:35:33 INFO OutputCommitCoordinator$OutputCommitCoordinatorEndpoint: OutputCommitCoordinator stopped!
[2020-07-22 14:35:33,305] {logging_mixin.py:112} INFO - [2020-07-22 14:35:33,304] {spark_submit_hook.py:479} INFO - 20/07/22 14:35:33 INFO SparkContext: Successfully stopped SparkContext
[2020-07-22 14:35:33,527] {logging_mixin.py:112} INFO - [2020-07-22 14:35:33,527] {spark_submit_hook.py:479} INFO - Traceback (most recent call last):
[2020-07-22 14:35:33,527] {logging_mixin.py:112} INFO - [2020-07-22 14:35:33,527] {spark_submit_hook.py:479} INFO - File "/home/bhakti/airflow/spark_jobs/python/spark_test.py", line 6, in <module>
[2020-07-22 14:35:33,528] {logging_mixin.py:112} INFO - [2020-07-22 14:35:33,528] {spark_submit_hook.py:479} INFO - sc = SparkContext(conf=conf)
[2020-07-22 14:35:33,528] {logging_mixin.py:112} INFO - [2020-07-22 14:35:33,528] {spark_submit_hook.py:479} INFO - File "/opt/spark/python/lib/pyspark.zip/pyspark/context.py", line 130, in __init__
[2020-07-22 14:35:33,528] {logging_mixin.py:112} INFO - [2020-07-22 14:35:33,528] {spark_submit_hook.py:479} INFO - File "/opt/spark/python/lib/pyspark.zip/pyspark/context.py", line 193, in _do_init
[2020-07-22 14:35:33,529] {logging_mixin.py:112} INFO - [2020-07-22 14:35:33,529] {spark_submit_hook.py:479} INFO - File "/opt/spark/python/lib/pyspark.zip/pyspark/context.py", line 310, in _initialize_context
[2020-07-22 14:35:33,529] {logging_mixin.py:112} INFO - [2020-07-22 14:35:33,529] {spark_submit_hook.py:479} INFO - File "/opt/spark/python/lib/py4j-0.10.9-src.zip/py4j/java_gateway.py", line 1568, in __call__
[2020-07-22 14:35:33,529] {logging_mixin.py:112} INFO - [2020-07-22 14:35:33,529] {spark_submit_hook.py:479} INFO - File "/opt/spark/python/lib/py4j-0.10.9-src.zip/py4j/protocol.py", line 326, in get_return_value
[2020-07-22 14:35:33,532] {logging_mixin.py:112} INFO - [2020-07-22 14:35:33,532] {spark_submit_hook.py:479} INFO - py4j.protocol.Py4JJavaError: An error occurred while calling None.org.apache.spark.api.java.JavaSparkContext.
[2020-07-22 14:35:33,533] {logging_mixin.py:112} INFO - [2020-07-22 14:35:33,532] {spark_submit_hook.py:479} INFO - : org.apache.spark.SparkException: Could not parse Master URL: 'local:4041'
[2020-07-22 14:35:33,533] {logging_mixin.py:112} INFO - [2020-07-22 14:35:33,533] {spark_submit_hook.py:479} INFO - at org.apache.spark.SparkContext$.org$apache$spark$SparkContext$$createTaskScheduler(SparkContext.scala:2924)
[2020-07-22 14:35:33,533] {logging_mixin.py:112} INFO - [2020-07-22 14:35:33,533] {spark_submit_hook.py:479} INFO - at org.apache.spark.SparkContext.<init>(SparkContext.scala:528)
[2020-07-22 14:35:33,534] {logging_mixin.py:112} INFO - [2020-07-22 14:35:33,534] {spark_submit_hook.py:479} INFO - at org.apache.spark.api.java.JavaSparkContext.<init>(JavaSparkContext.scala:58)
[2020-07-22 14:35:33,534] {logging_mixin.py:112} INFO - [2020-07-22 14:35:33,534] {spark_submit_hook.py:479} INFO - at sun.reflect.NativeConstructorAccessorImpl.newInstance0(Native Method)
[2020-07-22 14:35:33,534] {logging_mixin.py:112} INFO - [2020-07-22 14:35:33,534] {spark_submit_hook.py:479} INFO - at sun.reflect.NativeConstructorAccessorImpl.newInstance(NativeConstructorAccessorImpl.java:62)
[2020-07-22 14:35:33,534] {logging_mixin.py:112} INFO - [2020-07-22 14:35:33,534] {spark_submit_hook.py:479} INFO - at sun.reflect.DelegatingConstructorAccessorImpl.newInstance(DelegatingConstructorAccessorImpl.java:45)
[2020-07-22 14:35:33,535] {logging_mixin.py:112} INFO - [2020-07-22 14:35:33,535] {spark_submit_hook.py:479} INFO - at java.lang.reflect.Constructor.newInstance(Constructor.java:423)
[2020-07-22 14:35:33,535] {logging_mixin.py:112} INFO - [2020-07-22 14:35:33,535] {spark_submit_hook.py:479} INFO - at py4j.reflection.MethodInvoker.invoke(MethodInvoker.java:247)
[2020-07-22 14:35:33,535] {logging_mixin.py:112} INFO - [2020-07-22 14:35:33,535] {spark_submit_hook.py:479} INFO - at py4j.reflection.ReflectionEngine.invoke(ReflectionEngine.java:357)
[2020-07-22 14:35:33,535] {logging_mixin.py:112} INFO - [2020-07-22 14:35:33,535] {spark_submit_hook.py:479} INFO - at py4j.Gateway.invoke(Gateway.java:238)
[2020-07-22 14:35:33,536] {logging_mixin.py:112} INFO - [2020-07-22 14:35:33,535] {spark_submit_hook.py:479} INFO - at py4j.commands.ConstructorCommand.invokeConstructor(ConstructorCommand.java:80)
[2020-07-22 14:35:33,536] {logging_mixin.py:112} INFO - [2020-07-22 14:35:33,536] {spark_submit_hook.py:479} INFO - at py4j.commands.ConstructorCommand.execute(ConstructorCommand.java:69)
[2020-07-22 14:35:33,536] {logging_mixin.py:112} INFO - [2020-07-22 14:35:33,536] {spark_submit_hook.py:479} INFO - at py4j.GatewayConnection.run(GatewayConnection.java:238)
[2020-07-22 14:35:33,536] {logging_mixin.py:112} INFO - [2020-07-22 14:35:33,536] {spark_submit_hook.py:479} INFO - at java.lang.Thread.run(Thread.java:748)
[2020-07-22 14:35:33,537] {logging_mixin.py:112} INFO - [2020-07-22 14:35:33,537] {spark_submit_hook.py:479} INFO - 
[2020-07-22 14:35:33,888] {logging_mixin.py:112} INFO - [2020-07-22 14:35:33,888] {spark_submit_hook.py:479} INFO - 20/07/22 14:35:33 INFO ShutdownHookManager: Shutdown hook called
[2020-07-22 14:35:33,890] {logging_mixin.py:112} INFO - [2020-07-22 14:35:33,889] {spark_submit_hook.py:479} INFO - 20/07/22 14:35:33 INFO ShutdownHookManager: Deleting directory /tmp/spark-3cc53212-36d8-4da9-85ee-1241c60e0156
[2020-07-22 14:35:33,894] {logging_mixin.py:112} INFO - [2020-07-22 14:35:33,894] {spark_submit_hook.py:479} INFO - 20/07/22 14:35:33 INFO ShutdownHookManager: Deleting directory /tmp/spark-664ec910-c96b-43ea-8b09-a82e21732f3e
[2020-07-22 14:35:33,980] {taskinstance.py:1145} ERROR - Cannot execute: spark-submit --master local:4041 --name airflow-spark /home/bhakti/airflow/spark_jobs/python/spark_test.py. Error code is: 1.
Traceback (most recent call last):
  File "/usr/local/lib/python3.8/dist-packages/airflow/models/taskinstance.py", line 983, in _run_raw_task
    result = task_copy.execute(context=context)
  File "/usr/local/lib/python3.8/dist-packages/airflow/contrib/operators/spark_submit_operator.py", line 187, in execute
    self._hook.submit(self._application)
  File "/usr/local/lib/python3.8/dist-packages/airflow/contrib/hooks/spark_submit_hook.py", line 403, in submit
    raise AirflowException(
airflow.exceptions.AirflowException: Cannot execute: spark-submit --master local:4041 --name airflow-spark /home/bhakti/airflow/spark_jobs/python/spark_test.py. Error code is: 1.
[2020-07-22 14:35:33,986] {taskinstance.py:1189} INFO - Marking task as FAILED.dag_id=submit_data, task_id=spark_submit, execution_date=20200722T090432, start_date=20200722T090523, end_date=20200722T090533
[2020-07-22 14:35:38,927] {logging_mixin.py:112} INFO - [2020-07-22 14:35:38,926] {local_task_job.py:103} INFO - Task exited with return code 1
