[2020-07-22 16:54:43,647] {taskinstance.py:669} INFO - Dependencies all met for <TaskInstance: submit_data.spark_submit 2020-07-20T06:55:00+00:00 [queued]>
[2020-07-22 16:54:43,664] {taskinstance.py:669} INFO - Dependencies all met for <TaskInstance: submit_data.spark_submit 2020-07-20T06:55:00+00:00 [queued]>
[2020-07-22 16:54:43,664] {taskinstance.py:879} INFO - 
--------------------------------------------------------------------------------
[2020-07-22 16:54:43,664] {taskinstance.py:880} INFO - Starting attempt 1 of 1
[2020-07-22 16:54:43,664] {taskinstance.py:881} INFO - 
--------------------------------------------------------------------------------
[2020-07-22 16:54:43,894] {taskinstance.py:900} INFO - Executing <Task(SparkSubmitOperator): spark_submit> on 2020-07-20T06:55:00+00:00
[2020-07-22 16:54:43,899] {standard_task_runner.py:53} INFO - Started process 611158 to run task
[2020-07-22 16:54:44,103] {logging_mixin.py:112} INFO - Running %s on host %s <TaskInstance: submit_data.spark_submit 2020-07-20T06:55:00+00:00 [running]> bhakti-Vostro-3558
[2020-07-22 16:54:44,143] {logging_mixin.py:112} INFO - [2020-07-22 16:54:44,143] {base_hook.py:87} INFO - Using connection to: id: spark_local. Host: local, Port: None, Schema: None, Login: None, Password: None, extra: None
[2020-07-22 16:54:44,145] {logging_mixin.py:112} INFO - [2020-07-22 16:54:44,145] {spark_submit_hook.py:325} INFO - Spark-Submit cmd: spark-submit --master local --name airflow-spark /home/bhakti/airflow/spark_jobs/python/spark_test.py
[2020-07-22 16:54:49,344] {logging_mixin.py:112} INFO - [2020-07-22 16:54:49,344] {spark_submit_hook.py:479} INFO - 20/07/22 16:54:49 WARN Utils: Your hostname, bhakti-Vostro-3558 resolves to a loopback address: 127.0.1.1; using 192.168.43.94 instead (on interface wlp6s0)
[2020-07-22 16:54:49,351] {logging_mixin.py:112} INFO - [2020-07-22 16:54:49,351] {spark_submit_hook.py:479} INFO - 20/07/22 16:54:49 WARN Utils: Set SPARK_LOCAL_IP if you need to bind to another address
[2020-07-22 16:54:53,072] {logging_mixin.py:112} INFO - [2020-07-22 16:54:53,072] {spark_submit_hook.py:479} INFO - 20/07/22 16:54:53 WARN NativeCodeLoader: Unable to load native-hadoop library for your platform... using builtin-java classes where applicable
[2020-07-22 16:54:58,240] {logging_mixin.py:112} INFO - [2020-07-22 16:54:58,240] {spark_submit_hook.py:479} INFO - Using Spark's default log4j profile: org/apache/spark/log4j-defaults.properties
[2020-07-22 16:54:58,267] {logging_mixin.py:112} INFO - [2020-07-22 16:54:58,267] {spark_submit_hook.py:479} INFO - 20/07/22 16:54:58 INFO SparkContext: Running Spark version 3.0.0
[2020-07-22 16:54:58,495] {logging_mixin.py:112} INFO - [2020-07-22 16:54:58,495] {spark_submit_hook.py:479} INFO - 20/07/22 16:54:58 INFO ResourceUtils: ==============================================================
[2020-07-22 16:54:58,515] {logging_mixin.py:112} INFO - [2020-07-22 16:54:58,515] {spark_submit_hook.py:479} INFO - 20/07/22 16:54:58 INFO ResourceUtils: Resources for spark.driver:
[2020-07-22 16:54:58,516] {logging_mixin.py:112} INFO - [2020-07-22 16:54:58,515] {spark_submit_hook.py:479} INFO - 
[2020-07-22 16:54:58,517] {logging_mixin.py:112} INFO - [2020-07-22 16:54:58,517] {spark_submit_hook.py:479} INFO - 20/07/22 16:54:58 INFO ResourceUtils: ==============================================================
[2020-07-22 16:54:58,521] {logging_mixin.py:112} INFO - [2020-07-22 16:54:58,521] {spark_submit_hook.py:479} INFO - 20/07/22 16:54:58 INFO SparkContext: Submitted application: Spark_Test_Python
[2020-07-22 16:54:59,031] {logging_mixin.py:112} INFO - [2020-07-22 16:54:59,031] {spark_submit_hook.py:479} INFO - 20/07/22 16:54:59 INFO SecurityManager: Changing view acls to: bhakti
[2020-07-22 16:54:59,032] {logging_mixin.py:112} INFO - [2020-07-22 16:54:59,032] {spark_submit_hook.py:479} INFO - 20/07/22 16:54:59 INFO SecurityManager: Changing modify acls to: bhakti
[2020-07-22 16:54:59,032] {logging_mixin.py:112} INFO - [2020-07-22 16:54:59,032] {spark_submit_hook.py:479} INFO - 20/07/22 16:54:59 INFO SecurityManager: Changing view acls groups to:
[2020-07-22 16:54:59,033] {logging_mixin.py:112} INFO - [2020-07-22 16:54:59,032] {spark_submit_hook.py:479} INFO - 20/07/22 16:54:59 INFO SecurityManager: Changing modify acls groups to:
[2020-07-22 16:54:59,033] {logging_mixin.py:112} INFO - [2020-07-22 16:54:59,033] {spark_submit_hook.py:479} INFO - 20/07/22 16:54:59 INFO SecurityManager: SecurityManager: authentication disabled; ui acls disabled; users  with view permissions: Set(bhakti); groups with view permissions: Set(); users  with modify permissions: Set(bhakti); groups with modify permissions: Set()
[2020-07-22 16:54:59,970] {logging_mixin.py:112} INFO - [2020-07-22 16:54:59,970] {spark_submit_hook.py:479} INFO - 20/07/22 16:54:59 INFO Utils: Successfully started service 'sparkDriver' on port 36359.
[2020-07-22 16:55:00,159] {logging_mixin.py:112} INFO - [2020-07-22 16:55:00,159] {spark_submit_hook.py:479} INFO - 20/07/22 16:55:00 INFO SparkEnv: Registering MapOutputTracker
[2020-07-22 16:55:00,431] {logging_mixin.py:112} INFO - [2020-07-22 16:55:00,431] {spark_submit_hook.py:479} INFO - 20/07/22 16:55:00 INFO SparkEnv: Registering BlockManagerMaster
[2020-07-22 16:55:00,649] {logging_mixin.py:112} INFO - [2020-07-22 16:55:00,648] {spark_submit_hook.py:479} INFO - 20/07/22 16:55:00 INFO BlockManagerMasterEndpoint: Using org.apache.spark.storage.DefaultTopologyMapper for getting topology information
[2020-07-22 16:55:00,670] {logging_mixin.py:112} INFO - [2020-07-22 16:55:00,670] {spark_submit_hook.py:479} INFO - 20/07/22 16:55:00 INFO BlockManagerMasterEndpoint: BlockManagerMasterEndpoint up
[2020-07-22 16:55:00,704] {logging_mixin.py:112} INFO - [2020-07-22 16:55:00,704] {spark_submit_hook.py:479} INFO - 20/07/22 16:55:00 INFO SparkEnv: Registering BlockManagerMasterHeartbeat
[2020-07-22 16:55:00,770] {logging_mixin.py:112} INFO - [2020-07-22 16:55:00,770] {spark_submit_hook.py:479} INFO - 20/07/22 16:55:00 INFO DiskBlockManager: Created local directory at /tmp/blockmgr-0c8ff3ee-3e10-497d-8eea-58b0965b7e8f
[2020-07-22 16:55:00,898] {logging_mixin.py:112} INFO - [2020-07-22 16:55:00,898] {spark_submit_hook.py:479} INFO - 20/07/22 16:55:00 INFO MemoryStore: MemoryStore started with capacity 366.3 MiB
[2020-07-22 16:55:00,990] {logging_mixin.py:112} INFO - [2020-07-22 16:55:00,990] {spark_submit_hook.py:479} INFO - 20/07/22 16:55:00 INFO SparkEnv: Registering OutputCommitCoordinator
[2020-07-22 16:55:02,516] {logging_mixin.py:112} INFO - [2020-07-22 16:55:02,516] {spark_submit_hook.py:479} INFO - 20/07/22 16:55:02 WARN Utils: Service 'SparkUI' could not bind on port 4040. Attempting port 4041.
[2020-07-22 16:55:02,518] {logging_mixin.py:112} INFO - [2020-07-22 16:55:02,518] {spark_submit_hook.py:479} INFO - 20/07/22 16:55:02 WARN Utils: Service 'SparkUI' could not bind on port 4041. Attempting port 4042.
[2020-07-22 16:55:02,552] {logging_mixin.py:112} INFO - [2020-07-22 16:55:02,552] {spark_submit_hook.py:479} INFO - 20/07/22 16:55:02 INFO Utils: Successfully started service 'SparkUI' on port 4042.
[2020-07-22 16:55:02,745] {logging_mixin.py:112} INFO - [2020-07-22 16:55:02,745] {spark_submit_hook.py:479} INFO - 20/07/22 16:55:02 INFO SparkUI: Bound SparkUI to 0.0.0.0, and started at http://192.168.43.94:4042
[2020-07-22 16:55:04,274] {logging_mixin.py:112} INFO - [2020-07-22 16:55:04,273] {spark_submit_hook.py:479} INFO - 20/07/22 16:55:04 INFO Executor: Starting executor ID driver on host 192.168.43.94
[2020-07-22 16:55:04,356] {logging_mixin.py:112} INFO - [2020-07-22 16:55:04,355] {spark_submit_hook.py:479} INFO - 20/07/22 16:55:04 INFO Utils: Successfully started service 'org.apache.spark.network.netty.NettyBlockTransferService' on port 44177.
[2020-07-22 16:55:04,357] {logging_mixin.py:112} INFO - [2020-07-22 16:55:04,357] {spark_submit_hook.py:479} INFO - 20/07/22 16:55:04 INFO NettyBlockTransferService: Server created on 192.168.43.94:44177
[2020-07-22 16:55:04,360] {logging_mixin.py:112} INFO - [2020-07-22 16:55:04,359] {spark_submit_hook.py:479} INFO - 20/07/22 16:55:04 INFO BlockManager: Using org.apache.spark.storage.RandomBlockReplicationPolicy for block replication policy
[2020-07-22 16:55:04,376] {logging_mixin.py:112} INFO - [2020-07-22 16:55:04,375] {spark_submit_hook.py:479} INFO - 20/07/22 16:55:04 INFO BlockManagerMaster: Registering BlockManager BlockManagerId(driver, 192.168.43.94, 44177, None)
[2020-07-22 16:55:04,400] {logging_mixin.py:112} INFO - [2020-07-22 16:55:04,400] {spark_submit_hook.py:479} INFO - 20/07/22 16:55:04 INFO BlockManagerMasterEndpoint: Registering block manager 192.168.43.94:44177 with 366.3 MiB RAM, BlockManagerId(driver, 192.168.43.94, 44177, None)
[2020-07-22 16:55:04,423] {logging_mixin.py:112} INFO - [2020-07-22 16:55:04,423] {spark_submit_hook.py:479} INFO - 20/07/22 16:55:04 INFO BlockManagerMaster: Registered BlockManager BlockManagerId(driver, 192.168.43.94, 44177, None)
[2020-07-22 16:55:04,426] {logging_mixin.py:112} INFO - [2020-07-22 16:55:04,426] {spark_submit_hook.py:479} INFO - 20/07/22 16:55:04 INFO BlockManager: Initialized BlockManager: BlockManagerId(driver, 192.168.43.94, 44177, None)
[2020-07-22 16:55:08,631] {logging_mixin.py:112} INFO - [2020-07-22 16:55:08,630] {spark_submit_hook.py:479} INFO - 20/07/22 16:55:08 INFO MemoryStore: Block broadcast_0 stored as values in memory (estimated size 241.5 KiB, free 366.1 MiB)
[2020-07-22 16:55:09,552] {logging_mixin.py:112} INFO - [2020-07-22 16:55:09,552] {spark_submit_hook.py:479} INFO - 20/07/22 16:55:09 INFO MemoryStore: Block broadcast_0_piece0 stored as bytes in memory (estimated size 23.4 KiB, free 366.0 MiB)
[2020-07-22 16:55:09,558] {logging_mixin.py:112} INFO - [2020-07-22 16:55:09,558] {spark_submit_hook.py:479} INFO - 20/07/22 16:55:09 INFO BlockManagerInfo: Added broadcast_0_piece0 in memory on 192.168.43.94:44177 (size: 23.4 KiB, free: 366.3 MiB)
[2020-07-22 16:55:09,644] {logging_mixin.py:112} INFO - [2020-07-22 16:55:09,644] {spark_submit_hook.py:479} INFO - 20/07/22 16:55:09 INFO SparkContext: Created broadcast 0 from textFile at NativeMethodAccessorImpl.java:0
[2020-07-22 16:55:10,292] {logging_mixin.py:112} INFO - [2020-07-22 16:55:10,292] {spark_submit_hook.py:479} INFO - 20/07/22 16:55:10 INFO FileInputFormat: Total input paths to process : 1
[2020-07-22 16:55:10,792] {logging_mixin.py:112} INFO - [2020-07-22 16:55:10,792] {spark_submit_hook.py:479} INFO - 20/07/22 16:55:10 INFO SparkContext: Starting job: collect at /home/bhakti/airflow/spark_jobs/python/spark_test.py:8
[2020-07-22 16:55:10,874] {logging_mixin.py:112} INFO - [2020-07-22 16:55:10,874] {spark_submit_hook.py:479} INFO - 20/07/22 16:55:10 INFO DAGScheduler: Got job 0 (collect at /home/bhakti/airflow/spark_jobs/python/spark_test.py:8) with 1 output partitions
[2020-07-22 16:55:10,876] {logging_mixin.py:112} INFO - [2020-07-22 16:55:10,876] {spark_submit_hook.py:479} INFO - 20/07/22 16:55:10 INFO DAGScheduler: Final stage: ResultStage 0 (collect at /home/bhakti/airflow/spark_jobs/python/spark_test.py:8)
[2020-07-22 16:55:10,915] {logging_mixin.py:112} INFO - [2020-07-22 16:55:10,915] {spark_submit_hook.py:479} INFO - 20/07/22 16:55:10 INFO DAGScheduler: Parents of final stage: List()
[2020-07-22 16:55:10,934] {logging_mixin.py:112} INFO - [2020-07-22 16:55:10,934] {spark_submit_hook.py:479} INFO - 20/07/22 16:55:10 INFO DAGScheduler: Missing parents: List()
[2020-07-22 16:55:10,985] {logging_mixin.py:112} INFO - [2020-07-22 16:55:10,984] {spark_submit_hook.py:479} INFO - 20/07/22 16:55:10 INFO DAGScheduler: Submitting ResultStage 0 (PythonRDD[2] at collect at /home/bhakti/airflow/spark_jobs/python/spark_test.py:8), which has no missing parents
[2020-07-22 16:55:11,168] {logging_mixin.py:112} INFO - [2020-07-22 16:55:11,167] {spark_submit_hook.py:479} INFO - 20/07/22 16:55:11 INFO MemoryStore: Block broadcast_1 stored as values in memory (estimated size 7.4 KiB, free 366.0 MiB)
[2020-07-22 16:55:11,187] {logging_mixin.py:112} INFO - [2020-07-22 16:55:11,187] {spark_submit_hook.py:479} INFO - 20/07/22 16:55:11 INFO MemoryStore: Block broadcast_1_piece0 stored as bytes in memory (estimated size 4.4 KiB, free 366.0 MiB)
[2020-07-22 16:55:11,191] {logging_mixin.py:112} INFO - [2020-07-22 16:55:11,190] {spark_submit_hook.py:479} INFO - 20/07/22 16:55:11 INFO BlockManagerInfo: Added broadcast_1_piece0 in memory on 192.168.43.94:44177 (size: 4.4 KiB, free: 366.3 MiB)
[2020-07-22 16:55:11,194] {logging_mixin.py:112} INFO - [2020-07-22 16:55:11,194] {spark_submit_hook.py:479} INFO - 20/07/22 16:55:11 INFO SparkContext: Created broadcast 1 from broadcast at DAGScheduler.scala:1200
[2020-07-22 16:55:11,335] {logging_mixin.py:112} INFO - [2020-07-22 16:55:11,335] {spark_submit_hook.py:479} INFO - 20/07/22 16:55:11 INFO DAGScheduler: Submitting 1 missing tasks from ResultStage 0 (PythonRDD[2] at collect at /home/bhakti/airflow/spark_jobs/python/spark_test.py:8) (first 15 tasks are for partitions Vector(0))
[2020-07-22 16:55:11,355] {logging_mixin.py:112} INFO - [2020-07-22 16:55:11,355] {spark_submit_hook.py:479} INFO - 20/07/22 16:55:11 INFO TaskSchedulerImpl: Adding task set 0.0 with 1 tasks
[2020-07-22 16:55:11,834] {logging_mixin.py:112} INFO - [2020-07-22 16:55:11,834] {spark_submit_hook.py:479} INFO - 20/07/22 16:55:11 INFO TaskSetManager: Starting task 0.0 in stage 0.0 (TID 0, 192.168.43.94, executor driver, partition 0, PROCESS_LOCAL, 7388 bytes)
[2020-07-22 16:55:11,907] {logging_mixin.py:112} INFO - [2020-07-22 16:55:11,907] {spark_submit_hook.py:479} INFO - 20/07/22 16:55:11 INFO Executor: Running task 0.0 in stage 0.0 (TID 0)
[2020-07-22 16:55:14,562] {logging_mixin.py:112} INFO - [2020-07-22 16:55:14,562] {spark_submit_hook.py:479} INFO - 20/07/22 16:55:14 INFO HadoopRDD: Input split: file:/home/bhakti/airflow/input_data/sample.csv:0+93
[2020-07-22 16:55:16,616] {logging_mixin.py:112} INFO - [2020-07-22 16:55:16,616] {spark_submit_hook.py:479} INFO - 20/07/22 16:55:16 INFO PythonRunner: Times: total = 1997, boot = 1979, init = 18, finish = 0
[2020-07-22 16:55:16,649] {logging_mixin.py:112} INFO - [2020-07-22 16:55:16,649] {spark_submit_hook.py:479} INFO - 20/07/22 16:55:16 INFO Executor: Finished task 0.0 in stage 0.0 (TID 0). 1775 bytes result sent to driver
[2020-07-22 16:55:16,666] {logging_mixin.py:112} INFO - [2020-07-22 16:55:16,666] {spark_submit_hook.py:479} INFO - 20/07/22 16:55:16 INFO TaskSetManager: Finished task 0.0 in stage 0.0 (TID 0) in 4893 ms on 192.168.43.94 (executor driver) (1/1)
[2020-07-22 16:55:16,670] {logging_mixin.py:112} INFO - [2020-07-22 16:55:16,670] {spark_submit_hook.py:479} INFO - 20/07/22 16:55:16 INFO TaskSchedulerImpl: Removed TaskSet 0.0, whose tasks have all completed, from pool
[2020-07-22 16:55:16,674] {logging_mixin.py:112} INFO - [2020-07-22 16:55:16,674] {spark_submit_hook.py:479} INFO - 20/07/22 16:55:16 INFO PythonAccumulatorV2: Connected to AccumulatorServer at host: 127.0.0.1 port: 36433
[2020-07-22 16:55:16,681] {logging_mixin.py:112} INFO - [2020-07-22 16:55:16,681] {spark_submit_hook.py:479} INFO - 20/07/22 16:55:16 INFO DAGScheduler: ResultStage 0 (collect at /home/bhakti/airflow/spark_jobs/python/spark_test.py:8) finished in 5.570 s
[2020-07-22 16:55:16,754] {logging_mixin.py:112} INFO - [2020-07-22 16:55:16,754] {spark_submit_hook.py:479} INFO - 20/07/22 16:55:16 INFO DAGScheduler: Job 0 is finished. Cancelling potential speculative or zombie tasks for this job
[2020-07-22 16:55:16,756] {logging_mixin.py:112} INFO - [2020-07-22 16:55:16,756] {spark_submit_hook.py:479} INFO - 20/07/22 16:55:16 INFO TaskSchedulerImpl: Killing all running tasks in stage 0: Stage finished
[2020-07-22 16:55:16,767] {logging_mixin.py:112} INFO - [2020-07-22 16:55:16,767] {spark_submit_hook.py:479} INFO - 20/07/22 16:55:16 INFO DAGScheduler: Job 0 finished: collect at /home/bhakti/airflow/spark_jobs/python/spark_test.py:8, took 5.968448 s
[2020-07-22 16:55:16,791] {logging_mixin.py:112} INFO - [2020-07-22 16:55:16,791] {spark_submit_hook.py:479} INFO - [('PERSON', 'JOINING_YEAR'), ('John', '2018'), ('Sam', '2017'), ('Jeff', '2014'), ('Allen', '2015')]
[2020-07-22 16:55:17,373] {logging_mixin.py:112} INFO - [2020-07-22 16:55:17,373] {spark_submit_hook.py:479} INFO - 20/07/22 16:55:17 INFO BlockManagerInfo: Removed broadcast_1_piece0 on 192.168.43.94:44177 in memory (size: 4.4 KiB, free: 366.3 MiB)
[2020-07-22 16:55:18,439] {logging_mixin.py:112} INFO - [2020-07-22 16:55:18,439] {spark_submit_hook.py:479} INFO - 20/07/22 16:55:18 INFO SharedState: Setting hive.metastore.warehouse.dir ('null') to the value of spark.sql.warehouse.dir ('file:/home/bhakti/airflow/spark-warehouse').
[2020-07-22 16:55:18,441] {logging_mixin.py:112} INFO - [2020-07-22 16:55:18,440] {spark_submit_hook.py:479} INFO - 20/07/22 16:55:18 INFO SharedState: Warehouse path is 'file:/home/bhakti/airflow/spark-warehouse'.
[2020-07-22 16:55:26,434] {logging_mixin.py:112} INFO - [2020-07-22 16:55:26,433] {spark_submit_hook.py:479} INFO - 20/07/22 16:55:26 INFO CodeGenerator: Code generated in 876.10506 ms
[2020-07-22 16:55:26,538] {logging_mixin.py:112} INFO - [2020-07-22 16:55:26,538] {spark_submit_hook.py:479} INFO - 20/07/22 16:55:26 INFO SparkContext: Starting job: showString at NativeMethodAccessorImpl.java:0
[2020-07-22 16:55:26,542] {logging_mixin.py:112} INFO - [2020-07-22 16:55:26,542] {spark_submit_hook.py:479} INFO - 20/07/22 16:55:26 INFO DAGScheduler: Got job 1 (showString at NativeMethodAccessorImpl.java:0) with 1 output partitions
[2020-07-22 16:55:26,542] {logging_mixin.py:112} INFO - [2020-07-22 16:55:26,542] {spark_submit_hook.py:479} INFO - 20/07/22 16:55:26 INFO DAGScheduler: Final stage: ResultStage 1 (showString at NativeMethodAccessorImpl.java:0)
[2020-07-22 16:55:26,542] {logging_mixin.py:112} INFO - [2020-07-22 16:55:26,542] {spark_submit_hook.py:479} INFO - 20/07/22 16:55:26 INFO DAGScheduler: Parents of final stage: List()
[2020-07-22 16:55:26,544] {logging_mixin.py:112} INFO - [2020-07-22 16:55:26,544] {spark_submit_hook.py:479} INFO - 20/07/22 16:55:26 INFO DAGScheduler: Missing parents: List()
[2020-07-22 16:55:26,547] {logging_mixin.py:112} INFO - [2020-07-22 16:55:26,547] {spark_submit_hook.py:479} INFO - 20/07/22 16:55:26 INFO DAGScheduler: Submitting ResultStage 1 (MapPartitionsRDD[9] at showString at NativeMethodAccessorImpl.java:0), which has no missing parents
[2020-07-22 16:55:26,590] {logging_mixin.py:112} INFO - [2020-07-22 16:55:26,590] {spark_submit_hook.py:479} INFO - 20/07/22 16:55:26 INFO MemoryStore: Block broadcast_2 stored as values in memory (estimated size 10.9 KiB, free 366.0 MiB)
[2020-07-22 16:55:26,594] {logging_mixin.py:112} INFO - [2020-07-22 16:55:26,594] {spark_submit_hook.py:479} INFO - 20/07/22 16:55:26 INFO MemoryStore: Block broadcast_2_piece0 stored as bytes in memory (estimated size 5.8 KiB, free 366.0 MiB)
[2020-07-22 16:55:26,597] {logging_mixin.py:112} INFO - [2020-07-22 16:55:26,596] {spark_submit_hook.py:479} INFO - 20/07/22 16:55:26 INFO BlockManagerInfo: Added broadcast_2_piece0 in memory on 192.168.43.94:44177 (size: 5.8 KiB, free: 366.3 MiB)
[2020-07-22 16:55:26,603] {logging_mixin.py:112} INFO - [2020-07-22 16:55:26,603] {spark_submit_hook.py:479} INFO - 20/07/22 16:55:26 INFO SparkContext: Created broadcast 2 from broadcast at DAGScheduler.scala:1200
[2020-07-22 16:55:26,604] {logging_mixin.py:112} INFO - [2020-07-22 16:55:26,603] {spark_submit_hook.py:479} INFO - 20/07/22 16:55:26 INFO DAGScheduler: Submitting 1 missing tasks from ResultStage 1 (MapPartitionsRDD[9] at showString at NativeMethodAccessorImpl.java:0) (first 15 tasks are for partitions Vector(0))
[2020-07-22 16:55:26,604] {logging_mixin.py:112} INFO - [2020-07-22 16:55:26,604] {spark_submit_hook.py:479} INFO - 20/07/22 16:55:26 INFO TaskSchedulerImpl: Adding task set 1.0 with 1 tasks
[2020-07-22 16:55:26,635] {logging_mixin.py:112} INFO - [2020-07-22 16:55:26,635] {spark_submit_hook.py:479} INFO - 20/07/22 16:55:26 INFO TaskSetManager: Starting task 0.0 in stage 1.0 (TID 1, 192.168.43.94, executor driver, partition 0, PROCESS_LOCAL, 7449 bytes)
[2020-07-22 16:55:26,638] {logging_mixin.py:112} INFO - [2020-07-22 16:55:26,638] {spark_submit_hook.py:479} INFO - 20/07/22 16:55:26 INFO Executor: Running task 0.0 in stage 1.0 (TID 1)
[2020-07-22 16:55:26,760] {logging_mixin.py:112} INFO - [2020-07-22 16:55:26,760] {spark_submit_hook.py:479} INFO - 20/07/22 16:55:26 INFO PythonRunner: Times: total = 4, boot = -10090, init = 10093, finish = 1
[2020-07-22 16:55:26,767] {logging_mixin.py:112} INFO - [2020-07-22 16:55:26,767] {spark_submit_hook.py:479} INFO - 20/07/22 16:55:26 INFO Executor: Finished task 0.0 in stage 1.0 (TID 1). 2154 bytes result sent to driver
[2020-07-22 16:55:26,772] {logging_mixin.py:112} INFO - [2020-07-22 16:55:26,771] {spark_submit_hook.py:479} INFO - 20/07/22 16:55:26 INFO TaskSetManager: Finished task 0.0 in stage 1.0 (TID 1) in 165 ms on 192.168.43.94 (executor driver) (1/1)
[2020-07-22 16:55:26,773] {logging_mixin.py:112} INFO - [2020-07-22 16:55:26,772] {spark_submit_hook.py:479} INFO - 20/07/22 16:55:26 INFO TaskSchedulerImpl: Removed TaskSet 1.0, whose tasks have all completed, from pool
[2020-07-22 16:55:26,775] {logging_mixin.py:112} INFO - [2020-07-22 16:55:26,775] {spark_submit_hook.py:479} INFO - 20/07/22 16:55:26 INFO DAGScheduler: ResultStage 1 (showString at NativeMethodAccessorImpl.java:0) finished in 0.218 s
[2020-07-22 16:55:26,776] {logging_mixin.py:112} INFO - [2020-07-22 16:55:26,775] {spark_submit_hook.py:479} INFO - 20/07/22 16:55:26 INFO DAGScheduler: Job 1 is finished. Cancelling potential speculative or zombie tasks for this job
[2020-07-22 16:55:26,776] {logging_mixin.py:112} INFO - [2020-07-22 16:55:26,776] {spark_submit_hook.py:479} INFO - 20/07/22 16:55:26 INFO TaskSchedulerImpl: Killing all running tasks in stage 1: Stage finished
[2020-07-22 16:55:26,776] {logging_mixin.py:112} INFO - [2020-07-22 16:55:26,776] {spark_submit_hook.py:479} INFO - 20/07/22 16:55:26 INFO DAGScheduler: Job 1 finished: showString at NativeMethodAccessorImpl.java:0, took 0.236570 s
[2020-07-22 16:55:26,891] {logging_mixin.py:112} INFO - [2020-07-22 16:55:26,891] {spark_submit_hook.py:479} INFO - 20/07/22 16:55:26 INFO CodeGenerator: Code generated in 54.504559 ms
[2020-07-22 16:55:26,927] {logging_mixin.py:112} INFO - [2020-07-22 16:55:26,927] {spark_submit_hook.py:479} INFO - +------+------------+
[2020-07-22 16:55:26,927] {logging_mixin.py:112} INFO - [2020-07-22 16:55:26,927] {spark_submit_hook.py:479} INFO - |    _1|          _2|
[2020-07-22 16:55:26,928] {logging_mixin.py:112} INFO - [2020-07-22 16:55:26,928] {spark_submit_hook.py:479} INFO - +------+------------+
[2020-07-22 16:55:26,928] {logging_mixin.py:112} INFO - [2020-07-22 16:55:26,928] {spark_submit_hook.py:479} INFO - |PERSON|JOINING_YEAR|
[2020-07-22 16:55:26,928] {logging_mixin.py:112} INFO - [2020-07-22 16:55:26,928] {spark_submit_hook.py:479} INFO - |  John|        2018|
[2020-07-22 16:55:26,928] {logging_mixin.py:112} INFO - [2020-07-22 16:55:26,928] {spark_submit_hook.py:479} INFO - |   Sam|        2017|
[2020-07-22 16:55:26,929] {logging_mixin.py:112} INFO - [2020-07-22 16:55:26,929] {spark_submit_hook.py:479} INFO - |  Jeff|        2014|
[2020-07-22 16:55:26,929] {logging_mixin.py:112} INFO - [2020-07-22 16:55:26,929] {spark_submit_hook.py:479} INFO - | Allen|        2015|
[2020-07-22 16:55:26,929] {logging_mixin.py:112} INFO - [2020-07-22 16:55:26,929] {spark_submit_hook.py:479} INFO - +------+------------+
[2020-07-22 16:55:26,929] {logging_mixin.py:112} INFO - [2020-07-22 16:55:26,929] {spark_submit_hook.py:479} INFO - 
[2020-07-22 16:55:27,056] {logging_mixin.py:112} INFO - [2020-07-22 16:55:27,055] {spark_submit_hook.py:479} INFO - 20/07/22 16:55:27 INFO SparkContext: Invoking stop() from shutdown hook
[2020-07-22 16:55:27,087] {logging_mixin.py:112} INFO - [2020-07-22 16:55:27,087] {spark_submit_hook.py:479} INFO - 20/07/22 16:55:27 INFO SparkUI: Stopped Spark web UI at http://192.168.43.94:4042
[2020-07-22 16:55:27,116] {logging_mixin.py:112} INFO - [2020-07-22 16:55:27,116] {spark_submit_hook.py:479} INFO - 20/07/22 16:55:27 INFO MapOutputTrackerMasterEndpoint: MapOutputTrackerMasterEndpoint stopped!
[2020-07-22 16:55:27,194] {logging_mixin.py:112} INFO - [2020-07-22 16:55:27,194] {spark_submit_hook.py:479} INFO - 20/07/22 16:55:27 INFO MemoryStore: MemoryStore cleared
[2020-07-22 16:55:27,209] {logging_mixin.py:112} INFO - [2020-07-22 16:55:27,209] {spark_submit_hook.py:479} INFO - 20/07/22 16:55:27 INFO BlockManager: BlockManager stopped
[2020-07-22 16:55:27,217] {logging_mixin.py:112} INFO - [2020-07-22 16:55:27,217] {spark_submit_hook.py:479} INFO - 20/07/22 16:55:27 INFO BlockManagerMaster: BlockManagerMaster stopped
[2020-07-22 16:55:27,228] {logging_mixin.py:112} INFO - [2020-07-22 16:55:27,228] {spark_submit_hook.py:479} INFO - 20/07/22 16:55:27 INFO OutputCommitCoordinator$OutputCommitCoordinatorEndpoint: OutputCommitCoordinator stopped!
[2020-07-22 16:55:27,261] {logging_mixin.py:112} INFO - [2020-07-22 16:55:27,261] {spark_submit_hook.py:479} INFO - 20/07/22 16:55:27 INFO SparkContext: Successfully stopped SparkContext
[2020-07-22 16:55:27,262] {logging_mixin.py:112} INFO - [2020-07-22 16:55:27,262] {spark_submit_hook.py:479} INFO - 20/07/22 16:55:27 INFO ShutdownHookManager: Shutdown hook called
[2020-07-22 16:55:27,269] {logging_mixin.py:112} INFO - [2020-07-22 16:55:27,268] {spark_submit_hook.py:479} INFO - 20/07/22 16:55:27 INFO ShutdownHookManager: Deleting directory /tmp/spark-e33f0326-3375-40cb-abb4-ad1db0383878
[2020-07-22 16:55:27,273] {logging_mixin.py:112} INFO - [2020-07-22 16:55:27,273] {spark_submit_hook.py:479} INFO - 20/07/22 16:55:27 INFO ShutdownHookManager: Deleting directory /tmp/spark-e33f0326-3375-40cb-abb4-ad1db0383878/pyspark-26ed3f80-e2a3-49b1-8a15-12ccfc4df72c
[2020-07-22 16:55:27,278] {logging_mixin.py:112} INFO - [2020-07-22 16:55:27,278] {spark_submit_hook.py:479} INFO - 20/07/22 16:55:27 INFO ShutdownHookManager: Deleting directory /tmp/spark-6876a37f-8d4a-4569-b69e-3fefb59c66a7
[2020-07-22 16:55:27,375] {taskinstance.py:1052} INFO - Marking task as SUCCESS.dag_id=submit_data, task_id=spark_submit, execution_date=20200720T065500, start_date=20200722T112443, end_date=20200722T112527
[2020-07-22 16:55:29,715] {logging_mixin.py:112} INFO - [2020-07-22 16:55:29,715] {local_task_job.py:103} INFO - Task exited with return code 0
