[2020-07-13 10:56:02,682] {taskinstance.py:669} INFO - Dependencies all met for <TaskInstance: employees_dag.create_mysql_table 2020-07-13T05:25:41.635815+00:00 [queued]>
[2020-07-13 10:56:02,691] {taskinstance.py:669} INFO - Dependencies all met for <TaskInstance: employees_dag.create_mysql_table 2020-07-13T05:25:41.635815+00:00 [queued]>
[2020-07-13 10:56:02,691] {taskinstance.py:879} INFO - 
--------------------------------------------------------------------------------
[2020-07-13 10:56:02,691] {taskinstance.py:880} INFO - Starting attempt 1 of 2
[2020-07-13 10:56:02,691] {taskinstance.py:881} INFO - 
--------------------------------------------------------------------------------
[2020-07-13 10:56:02,823] {taskinstance.py:900} INFO - Executing <Task(MySqlOperator): create_mysql_table> on 2020-07-13T05:25:41.635815+00:00
[2020-07-13 10:56:02,827] {standard_task_runner.py:53} INFO - Started process 17263 to run task
[2020-07-13 10:56:03,001] {logging_mixin.py:112} INFO - Running %s on host %s <TaskInstance: employees_dag.create_mysql_table 2020-07-13T05:25:41.635815+00:00 [running]> bhakti-Vostro-3558
[2020-07-13 10:56:03,013] {mysql_operator.py:61} INFO - Executing: CREATE TABLE employees_data(PERSON VARCHAR(30),JOINING_YEAR DOUBLE, COMPANY VARCHAR(30));
[2020-07-13 10:56:03,060] {logging_mixin.py:112} INFO - [2020-07-13 10:56:03,060] {base_hook.py:87} INFO - Using connection to: id: mysql_conn. Host: localhost, Port: None, Schema: mysql, Login: root, Password: XXXXXXXX, extra: None
[2020-07-13 10:56:03,062] {logging_mixin.py:112} INFO - [2020-07-13 10:56:03,062] {dbapi_hook.py:174} INFO - CREATE TABLE employees_data(PERSON VARCHAR(30),JOINING_YEAR DOUBLE, COMPANY VARCHAR(30));
[2020-07-13 10:56:03,064] {taskinstance.py:1145} ERROR - (1050, "Table 'employees_data' already exists")
Traceback (most recent call last):
  File "/usr/local/lib/python3.8/dist-packages/airflow/models/taskinstance.py", line 983, in _run_raw_task
    result = task_copy.execute(context=context)
  File "/usr/local/lib/python3.8/dist-packages/airflow/operators/mysql_operator.py", line 64, in execute
    hook.run(
  File "/usr/local/lib/python3.8/dist-packages/airflow/hooks/dbapi_hook.py", line 175, in run
    cur.execute(s)
  File "/usr/local/lib/python3.8/dist-packages/pymysql/cursors.py", line 170, in execute
    result = self._query(query)
  File "/usr/local/lib/python3.8/dist-packages/pymysql/cursors.py", line 328, in _query
    conn.query(q)
  File "/usr/local/lib/python3.8/dist-packages/pymysql/connections.py", line 517, in query
    self._affected_rows = self._read_query_result(unbuffered=unbuffered)
  File "/usr/local/lib/python3.8/dist-packages/pymysql/connections.py", line 732, in _read_query_result
    result.read()
  File "/usr/local/lib/python3.8/dist-packages/pymysql/connections.py", line 1075, in read
    first_packet = self.connection._read_packet()
  File "/usr/local/lib/python3.8/dist-packages/pymysql/connections.py", line 684, in _read_packet
    packet.check_error()
  File "/usr/local/lib/python3.8/dist-packages/pymysql/protocol.py", line 220, in check_error
    err.raise_mysql_exception(self._data)
  File "/usr/local/lib/python3.8/dist-packages/pymysql/err.py", line 109, in raise_mysql_exception
    raise errorclass(errno, errval)
pymysql.err.InternalError: (1050, "Table 'employees_data' already exists")
[2020-07-13 10:56:03,066] {taskinstance.py:1168} INFO - Marking task as UP_FOR_RETRY
[2020-07-13 10:56:12,542] {logging_mixin.py:112} INFO - [2020-07-13 10:56:12,542] {local_task_job.py:103} INFO - Task exited with return code 1
