[2020-07-22 16:44:07,465] {taskinstance.py:669} INFO - Dependencies all met for <TaskInstance: submit_data.spark_submit 2020-07-20T06:44:00+00:00 [queued]>
[2020-07-22 16:44:07,475] {taskinstance.py:669} INFO - Dependencies all met for <TaskInstance: submit_data.spark_submit 2020-07-20T06:44:00+00:00 [queued]>
[2020-07-22 16:44:07,476] {taskinstance.py:879} INFO - 
--------------------------------------------------------------------------------
[2020-07-22 16:44:07,476] {taskinstance.py:880} INFO - Starting attempt 1 of 1
[2020-07-22 16:44:07,476] {taskinstance.py:881} INFO - 
--------------------------------------------------------------------------------
[2020-07-22 16:44:07,627] {taskinstance.py:900} INFO - Executing <Task(SparkSubmitOperator): spark_submit> on 2020-07-20T06:44:00+00:00
[2020-07-22 16:44:07,632] {standard_task_runner.py:53} INFO - Started process 598894 to run task
[2020-07-22 16:44:07,886] {logging_mixin.py:112} INFO - Running %s on host %s <TaskInstance: submit_data.spark_submit 2020-07-20T06:44:00+00:00 [running]> bhakti-Vostro-3558
[2020-07-22 16:44:07,921] {logging_mixin.py:112} INFO - [2020-07-22 16:44:07,921] {base_hook.py:87} INFO - Using connection to: id: spark_local. Host: local, Port: None, Schema: None, Login: None, Password: None, extra: None
[2020-07-22 16:44:07,923] {logging_mixin.py:112} INFO - [2020-07-22 16:44:07,923] {spark_submit_hook.py:325} INFO - Spark-Submit cmd: spark-submit --master local --name airflow-spark /home/bhakti/airflow/spark_jobs/python/spark_test.py
[2020-07-22 16:44:10,919] {logging_mixin.py:112} INFO - [2020-07-22 16:44:10,919] {spark_submit_hook.py:479} INFO - 20/07/22 16:44:10 WARN Utils: Your hostname, bhakti-Vostro-3558 resolves to a loopback address: 127.0.1.1; using 192.168.43.94 instead (on interface wlp6s0)
[2020-07-22 16:44:10,921] {logging_mixin.py:112} INFO - [2020-07-22 16:44:10,921] {spark_submit_hook.py:479} INFO - 20/07/22 16:44:10 WARN Utils: Set SPARK_LOCAL_IP if you need to bind to another address
[2020-07-22 16:44:12,476] {logging_mixin.py:112} INFO - [2020-07-22 16:44:12,476] {spark_submit_hook.py:479} INFO - 20/07/22 16:44:12 WARN NativeCodeLoader: Unable to load native-hadoop library for your platform... using builtin-java classes where applicable
[2020-07-22 16:44:14,265] {logging_mixin.py:112} INFO - [2020-07-22 16:44:14,265] {spark_submit_hook.py:479} INFO - Using Spark's default log4j profile: org/apache/spark/log4j-defaults.properties
[2020-07-22 16:44:14,286] {logging_mixin.py:112} INFO - [2020-07-22 16:44:14,285] {spark_submit_hook.py:479} INFO - 20/07/22 16:44:14 INFO SparkContext: Running Spark version 3.0.0
[2020-07-22 16:44:14,386] {logging_mixin.py:112} INFO - [2020-07-22 16:44:14,386] {spark_submit_hook.py:479} INFO - 20/07/22 16:44:14 INFO ResourceUtils: ==============================================================
[2020-07-22 16:44:14,389] {logging_mixin.py:112} INFO - [2020-07-22 16:44:14,389] {spark_submit_hook.py:479} INFO - 20/07/22 16:44:14 INFO ResourceUtils: Resources for spark.driver:
[2020-07-22 16:44:14,390] {logging_mixin.py:112} INFO - [2020-07-22 16:44:14,389] {spark_submit_hook.py:479} INFO - 
[2020-07-22 16:44:14,390] {logging_mixin.py:112} INFO - [2020-07-22 16:44:14,390] {spark_submit_hook.py:479} INFO - 20/07/22 16:44:14 INFO ResourceUtils: ==============================================================
[2020-07-22 16:44:14,391] {logging_mixin.py:112} INFO - [2020-07-22 16:44:14,391] {spark_submit_hook.py:479} INFO - 20/07/22 16:44:14 INFO SparkContext: Submitted application: Spark_Test_Python
[2020-07-22 16:44:14,527] {logging_mixin.py:112} INFO - [2020-07-22 16:44:14,527] {spark_submit_hook.py:479} INFO - 20/07/22 16:44:14 INFO SecurityManager: Changing view acls to: bhakti
[2020-07-22 16:44:14,528] {logging_mixin.py:112} INFO - [2020-07-22 16:44:14,528] {spark_submit_hook.py:479} INFO - 20/07/22 16:44:14 INFO SecurityManager: Changing modify acls to: bhakti
[2020-07-22 16:44:14,528] {logging_mixin.py:112} INFO - [2020-07-22 16:44:14,528] {spark_submit_hook.py:479} INFO - 20/07/22 16:44:14 INFO SecurityManager: Changing view acls groups to:
[2020-07-22 16:44:14,529] {logging_mixin.py:112} INFO - [2020-07-22 16:44:14,529] {spark_submit_hook.py:479} INFO - 20/07/22 16:44:14 INFO SecurityManager: Changing modify acls groups to:
[2020-07-22 16:44:14,529] {logging_mixin.py:112} INFO - [2020-07-22 16:44:14,529] {spark_submit_hook.py:479} INFO - 20/07/22 16:44:14 INFO SecurityManager: SecurityManager: authentication disabled; ui acls disabled; users  with view permissions: Set(bhakti); groups with view permissions: Set(); users  with modify permissions: Set(bhakti); groups with modify permissions: Set()
[2020-07-22 16:44:15,024] {logging_mixin.py:112} INFO - [2020-07-22 16:44:15,023] {spark_submit_hook.py:479} INFO - 20/07/22 16:44:15 INFO Utils: Successfully started service 'sparkDriver' on port 42695.
[2020-07-22 16:44:15,075] {logging_mixin.py:112} INFO - [2020-07-22 16:44:15,075] {spark_submit_hook.py:479} INFO - 20/07/22 16:44:15 INFO SparkEnv: Registering MapOutputTracker
[2020-07-22 16:44:15,185] {logging_mixin.py:112} INFO - [2020-07-22 16:44:15,184] {spark_submit_hook.py:479} INFO - 20/07/22 16:44:15 INFO SparkEnv: Registering BlockManagerMaster
[2020-07-22 16:44:15,229] {logging_mixin.py:112} INFO - [2020-07-22 16:44:15,228] {spark_submit_hook.py:479} INFO - 20/07/22 16:44:15 INFO BlockManagerMasterEndpoint: Using org.apache.spark.storage.DefaultTopologyMapper for getting topology information
[2020-07-22 16:44:15,231] {logging_mixin.py:112} INFO - [2020-07-22 16:44:15,230] {spark_submit_hook.py:479} INFO - 20/07/22 16:44:15 INFO BlockManagerMasterEndpoint: BlockManagerMasterEndpoint up
[2020-07-22 16:44:15,246] {logging_mixin.py:112} INFO - [2020-07-22 16:44:15,246] {spark_submit_hook.py:479} INFO - 20/07/22 16:44:15 INFO SparkEnv: Registering BlockManagerMasterHeartbeat
[2020-07-22 16:44:15,272] {logging_mixin.py:112} INFO - [2020-07-22 16:44:15,272] {spark_submit_hook.py:479} INFO - 20/07/22 16:44:15 INFO DiskBlockManager: Created local directory at /tmp/blockmgr-cb72e02d-6719-4d3a-b9e3-cde9450ee7a5
[2020-07-22 16:44:15,311] {logging_mixin.py:112} INFO - [2020-07-22 16:44:15,311] {spark_submit_hook.py:479} INFO - 20/07/22 16:44:15 INFO MemoryStore: MemoryStore started with capacity 366.3 MiB
[2020-07-22 16:44:15,338] {logging_mixin.py:112} INFO - [2020-07-22 16:44:15,337] {spark_submit_hook.py:479} INFO - 20/07/22 16:44:15 INFO SparkEnv: Registering OutputCommitCoordinator
[2020-07-22 16:44:15,712] {logging_mixin.py:112} INFO - [2020-07-22 16:44:15,712] {spark_submit_hook.py:479} INFO - 20/07/22 16:44:15 WARN Utils: Service 'SparkUI' could not bind on port 4040. Attempting port 4041.
[2020-07-22 16:44:15,712] {logging_mixin.py:112} INFO - [2020-07-22 16:44:15,712] {spark_submit_hook.py:479} INFO - 20/07/22 16:44:15 WARN Utils: Service 'SparkUI' could not bind on port 4041. Attempting port 4042.
[2020-07-22 16:44:15,713] {logging_mixin.py:112} INFO - [2020-07-22 16:44:15,713] {spark_submit_hook.py:479} INFO - 20/07/22 16:44:15 WARN Utils: Service 'SparkUI' could not bind on port 4042. Attempting port 4043.
[2020-07-22 16:44:15,714] {logging_mixin.py:112} INFO - [2020-07-22 16:44:15,713] {spark_submit_hook.py:479} INFO - 20/07/22 16:44:15 WARN Utils: Service 'SparkUI' could not bind on port 4043. Attempting port 4044.
[2020-07-22 16:44:15,726] {logging_mixin.py:112} INFO - [2020-07-22 16:44:15,726] {spark_submit_hook.py:479} INFO - 20/07/22 16:44:15 INFO Utils: Successfully started service 'SparkUI' on port 4044.
[2020-07-22 16:44:15,813] {logging_mixin.py:112} INFO - [2020-07-22 16:44:15,813] {spark_submit_hook.py:479} INFO - 20/07/22 16:44:15 INFO SparkUI: Bound SparkUI to 0.0.0.0, and started at http://192.168.43.94:4044
[2020-07-22 16:44:16,304] {logging_mixin.py:112} INFO - [2020-07-22 16:44:16,303] {spark_submit_hook.py:479} INFO - 20/07/22 16:44:16 INFO Executor: Starting executor ID driver on host 192.168.43.94
[2020-07-22 16:44:16,353] {logging_mixin.py:112} INFO - [2020-07-22 16:44:16,353] {spark_submit_hook.py:479} INFO - 20/07/22 16:44:16 INFO Utils: Successfully started service 'org.apache.spark.network.netty.NettyBlockTransferService' on port 41097.
[2020-07-22 16:44:16,355] {logging_mixin.py:112} INFO - [2020-07-22 16:44:16,354] {spark_submit_hook.py:479} INFO - 20/07/22 16:44:16 INFO NettyBlockTransferService: Server created on 192.168.43.94:41097
[2020-07-22 16:44:16,358] {logging_mixin.py:112} INFO - [2020-07-22 16:44:16,357] {spark_submit_hook.py:479} INFO - 20/07/22 16:44:16 INFO BlockManager: Using org.apache.spark.storage.RandomBlockReplicationPolicy for block replication policy
[2020-07-22 16:44:16,374] {logging_mixin.py:112} INFO - [2020-07-22 16:44:16,373] {spark_submit_hook.py:479} INFO - 20/07/22 16:44:16 INFO BlockManagerMaster: Registering BlockManager BlockManagerId(driver, 192.168.43.94, 41097, None)
[2020-07-22 16:44:16,386] {logging_mixin.py:112} INFO - [2020-07-22 16:44:16,385] {spark_submit_hook.py:479} INFO - 20/07/22 16:44:16 INFO BlockManagerMasterEndpoint: Registering block manager 192.168.43.94:41097 with 366.3 MiB RAM, BlockManagerId(driver, 192.168.43.94, 41097, None)
[2020-07-22 16:44:16,397] {logging_mixin.py:112} INFO - [2020-07-22 16:44:16,396] {spark_submit_hook.py:479} INFO - 20/07/22 16:44:16 INFO BlockManagerMaster: Registered BlockManager BlockManagerId(driver, 192.168.43.94, 41097, None)
[2020-07-22 16:44:16,399] {logging_mixin.py:112} INFO - [2020-07-22 16:44:16,399] {spark_submit_hook.py:479} INFO - 20/07/22 16:44:16 INFO BlockManager: Initialized BlockManager: BlockManagerId(driver, 192.168.43.94, 41097, None)
[2020-07-22 16:44:17,986] {logging_mixin.py:112} INFO - [2020-07-22 16:44:17,986] {spark_submit_hook.py:479} INFO - 20/07/22 16:44:17 INFO MemoryStore: Block broadcast_0 stored as values in memory (estimated size 241.5 KiB, free 366.1 MiB)
[2020-07-22 16:44:18,115] {logging_mixin.py:112} INFO - [2020-07-22 16:44:18,114] {spark_submit_hook.py:479} INFO - 20/07/22 16:44:18 INFO MemoryStore: Block broadcast_0_piece0 stored as bytes in memory (estimated size 23.4 KiB, free 366.0 MiB)
[2020-07-22 16:44:18,120] {logging_mixin.py:112} INFO - [2020-07-22 16:44:18,120] {spark_submit_hook.py:479} INFO - 20/07/22 16:44:18 INFO BlockManagerInfo: Added broadcast_0_piece0 in memory on 192.168.43.94:41097 (size: 23.4 KiB, free: 366.3 MiB)
[2020-07-22 16:44:18,135] {logging_mixin.py:112} INFO - [2020-07-22 16:44:18,135] {spark_submit_hook.py:479} INFO - 20/07/22 16:44:18 INFO SparkContext: Created broadcast 0 from textFile at NativeMethodAccessorImpl.java:0
[2020-07-22 16:44:18,605] {logging_mixin.py:112} INFO - [2020-07-22 16:44:18,605] {spark_submit_hook.py:479} INFO - 20/07/22 16:44:18 INFO FileInputFormat: Total input paths to process : 1
[2020-07-22 16:44:18,773] {logging_mixin.py:112} INFO - [2020-07-22 16:44:18,773] {spark_submit_hook.py:479} INFO - 20/07/22 16:44:18 INFO SparkContext: Starting job: collect at /home/bhakti/airflow/spark_jobs/python/spark_test.py:7
[2020-07-22 16:44:18,825] {logging_mixin.py:112} INFO - [2020-07-22 16:44:18,825] {spark_submit_hook.py:479} INFO - 20/07/22 16:44:18 INFO DAGScheduler: Got job 0 (collect at /home/bhakti/airflow/spark_jobs/python/spark_test.py:7) with 1 output partitions
[2020-07-22 16:44:18,827] {logging_mixin.py:112} INFO - [2020-07-22 16:44:18,826] {spark_submit_hook.py:479} INFO - 20/07/22 16:44:18 INFO DAGScheduler: Final stage: ResultStage 0 (collect at /home/bhakti/airflow/spark_jobs/python/spark_test.py:7)
[2020-07-22 16:44:18,828] {logging_mixin.py:112} INFO - [2020-07-22 16:44:18,828] {spark_submit_hook.py:479} INFO - 20/07/22 16:44:18 INFO DAGScheduler: Parents of final stage: List()
[2020-07-22 16:44:18,833] {logging_mixin.py:112} INFO - [2020-07-22 16:44:18,832] {spark_submit_hook.py:479} INFO - 20/07/22 16:44:18 INFO DAGScheduler: Missing parents: List()
[2020-07-22 16:44:18,852] {logging_mixin.py:112} INFO - [2020-07-22 16:44:18,851] {spark_submit_hook.py:479} INFO - 20/07/22 16:44:18 INFO DAGScheduler: Submitting ResultStage 0 (PythonRDD[2] at collect at /home/bhakti/airflow/spark_jobs/python/spark_test.py:7), which has no missing parents
[2020-07-22 16:44:18,941] {logging_mixin.py:112} INFO - [2020-07-22 16:44:18,941] {spark_submit_hook.py:479} INFO - 20/07/22 16:44:18 INFO MemoryStore: Block broadcast_1 stored as values in memory (estimated size 7.4 KiB, free 366.0 MiB)
[2020-07-22 16:44:18,955] {logging_mixin.py:112} INFO - [2020-07-22 16:44:18,954] {spark_submit_hook.py:479} INFO - 20/07/22 16:44:18 INFO MemoryStore: Block broadcast_1_piece0 stored as bytes in memory (estimated size 4.4 KiB, free 366.0 MiB)
[2020-07-22 16:44:18,957] {logging_mixin.py:112} INFO - [2020-07-22 16:44:18,957] {spark_submit_hook.py:479} INFO - 20/07/22 16:44:18 INFO BlockManagerInfo: Added broadcast_1_piece0 in memory on 192.168.43.94:41097 (size: 4.4 KiB, free: 366.3 MiB)
[2020-07-22 16:44:18,964] {logging_mixin.py:112} INFO - [2020-07-22 16:44:18,964] {spark_submit_hook.py:479} INFO - 20/07/22 16:44:18 INFO SparkContext: Created broadcast 1 from broadcast at DAGScheduler.scala:1200
[2020-07-22 16:44:18,993] {logging_mixin.py:112} INFO - [2020-07-22 16:44:18,992] {spark_submit_hook.py:479} INFO - 20/07/22 16:44:18 INFO DAGScheduler: Submitting 1 missing tasks from ResultStage 0 (PythonRDD[2] at collect at /home/bhakti/airflow/spark_jobs/python/spark_test.py:7) (first 15 tasks are for partitions Vector(0))
[2020-07-22 16:44:18,995] {logging_mixin.py:112} INFO - [2020-07-22 16:44:18,995] {spark_submit_hook.py:479} INFO - 20/07/22 16:44:18 INFO TaskSchedulerImpl: Adding task set 0.0 with 1 tasks
[2020-07-22 16:44:19,126] {logging_mixin.py:112} INFO - [2020-07-22 16:44:19,126] {spark_submit_hook.py:479} INFO - 20/07/22 16:44:19 INFO TaskSetManager: Starting task 0.0 in stage 0.0 (TID 0, 192.168.43.94, executor driver, partition 0, PROCESS_LOCAL, 7388 bytes)
[2020-07-22 16:44:19,167] {logging_mixin.py:112} INFO - [2020-07-22 16:44:19,167] {spark_submit_hook.py:479} INFO - 20/07/22 16:44:19 INFO Executor: Running task 0.0 in stage 0.0 (TID 0)
[2020-07-22 16:44:20,007] {logging_mixin.py:112} INFO - [2020-07-22 16:44:20,006] {spark_submit_hook.py:479} INFO - 20/07/22 16:44:20 INFO HadoopRDD: Input split: file:/home/bhakti/airflow/input_data/sample.csv:0+93
[2020-07-22 16:44:20,885] {logging_mixin.py:112} INFO - [2020-07-22 16:44:20,884] {spark_submit_hook.py:479} INFO - 20/07/22 16:44:20 INFO PythonRunner: Times: total = 841, boot = 818, init = 23, finish = 0
[2020-07-22 16:44:20,917] {logging_mixin.py:112} INFO - [2020-07-22 16:44:20,917] {spark_submit_hook.py:479} INFO - 20/07/22 16:44:20 INFO Executor: Finished task 0.0 in stage 0.0 (TID 0). 1732 bytes result sent to driver
[2020-07-22 16:44:20,937] {logging_mixin.py:112} INFO - [2020-07-22 16:44:20,937] {spark_submit_hook.py:479} INFO - 20/07/22 16:44:20 INFO TaskSetManager: Finished task 0.0 in stage 0.0 (TID 0) in 1847 ms on 192.168.43.94 (executor driver) (1/1)
[2020-07-22 16:44:20,943] {logging_mixin.py:112} INFO - [2020-07-22 16:44:20,943] {spark_submit_hook.py:479} INFO - 20/07/22 16:44:20 INFO TaskSchedulerImpl: Removed TaskSet 0.0, whose tasks have all completed, from pool
[2020-07-22 16:44:20,948] {logging_mixin.py:112} INFO - [2020-07-22 16:44:20,948] {spark_submit_hook.py:479} INFO - 20/07/22 16:44:20 INFO PythonAccumulatorV2: Connected to AccumulatorServer at host: 127.0.0.1 port: 52791
[2020-07-22 16:44:20,958] {logging_mixin.py:112} INFO - [2020-07-22 16:44:20,957] {spark_submit_hook.py:479} INFO - 20/07/22 16:44:20 INFO DAGScheduler: ResultStage 0 (collect at /home/bhakti/airflow/spark_jobs/python/spark_test.py:7) finished in 2.042 s
[2020-07-22 16:44:20,974] {logging_mixin.py:112} INFO - [2020-07-22 16:44:20,974] {spark_submit_hook.py:479} INFO - 20/07/22 16:44:20 INFO DAGScheduler: Job 0 is finished. Cancelling potential speculative or zombie tasks for this job
[2020-07-22 16:44:20,975] {logging_mixin.py:112} INFO - [2020-07-22 16:44:20,975] {spark_submit_hook.py:479} INFO - 20/07/22 16:44:20 INFO TaskSchedulerImpl: Killing all running tasks in stage 0: Stage finished
[2020-07-22 16:44:20,982] {logging_mixin.py:112} INFO - [2020-07-22 16:44:20,982] {spark_submit_hook.py:479} INFO - 20/07/22 16:44:20 INFO DAGScheduler: Job 0 finished: collect at /home/bhakti/airflow/spark_jobs/python/spark_test.py:7, took 2.207310 s
[2020-07-22 16:44:21,001] {logging_mixin.py:112} INFO - [2020-07-22 16:44:21,000] {spark_submit_hook.py:479} INFO - [('PERSON', 'JOINING_YEAR'), ('John', '2018'), ('Sam', '2017'), ('Jeff', '2014'), ('Allen', '2015')]
[2020-07-22 16:44:21,438] {logging_mixin.py:112} INFO - [2020-07-22 16:44:21,437] {spark_submit_hook.py:479} INFO - 20/07/22 16:44:21 INFO SharedState: Setting hive.metastore.warehouse.dir ('null') to the value of spark.sql.warehouse.dir ('file:/home/bhakti/airflow/spark-warehouse').
[2020-07-22 16:44:21,439] {logging_mixin.py:112} INFO - [2020-07-22 16:44:21,439] {spark_submit_hook.py:479} INFO - 20/07/22 16:44:21 INFO SharedState: Warehouse path is 'file:/home/bhakti/airflow/spark-warehouse'.
[2020-07-22 16:44:21,510] {logging_mixin.py:112} INFO - [2020-07-22 16:44:21,509] {spark_submit_hook.py:479} INFO - 20/07/22 16:44:21 INFO BlockManagerInfo: Removed broadcast_1_piece0 on 192.168.43.94:41097 in memory (size: 4.4 KiB, free: 366.3 MiB)
[2020-07-22 16:44:28,885] {logging_mixin.py:112} INFO - [2020-07-22 16:44:28,885] {spark_submit_hook.py:479} INFO - 20/07/22 16:44:28 INFO CodeGenerator: Code generated in 831.494428 ms
[2020-07-22 16:44:29,004] {logging_mixin.py:112} INFO - [2020-07-22 16:44:29,003] {spark_submit_hook.py:479} INFO - 20/07/22 16:44:29 INFO SparkContext: Starting job: showString at NativeMethodAccessorImpl.java:0
[2020-07-22 16:44:29,009] {logging_mixin.py:112} INFO - [2020-07-22 16:44:29,009] {spark_submit_hook.py:479} INFO - 20/07/22 16:44:29 INFO DAGScheduler: Got job 1 (showString at NativeMethodAccessorImpl.java:0) with 1 output partitions
[2020-07-22 16:44:29,009] {logging_mixin.py:112} INFO - [2020-07-22 16:44:29,009] {spark_submit_hook.py:479} INFO - 20/07/22 16:44:29 INFO DAGScheduler: Final stage: ResultStage 1 (showString at NativeMethodAccessorImpl.java:0)
[2020-07-22 16:44:29,010] {logging_mixin.py:112} INFO - [2020-07-22 16:44:29,010] {spark_submit_hook.py:479} INFO - 20/07/22 16:44:29 INFO DAGScheduler: Parents of final stage: List()
[2020-07-22 16:44:29,010] {logging_mixin.py:112} INFO - [2020-07-22 16:44:29,010] {spark_submit_hook.py:479} INFO - 20/07/22 16:44:29 INFO DAGScheduler: Missing parents: List()
[2020-07-22 16:44:29,013] {logging_mixin.py:112} INFO - [2020-07-22 16:44:29,013] {spark_submit_hook.py:479} INFO - 20/07/22 16:44:29 INFO DAGScheduler: Submitting ResultStage 1 (MapPartitionsRDD[9] at showString at NativeMethodAccessorImpl.java:0), which has no missing parents
[2020-07-22 16:44:29,057] {logging_mixin.py:112} INFO - [2020-07-22 16:44:29,056] {spark_submit_hook.py:479} INFO - 20/07/22 16:44:29 INFO MemoryStore: Block broadcast_2 stored as values in memory (estimated size 10.9 KiB, free 366.0 MiB)
[2020-07-22 16:44:29,061] {logging_mixin.py:112} INFO - [2020-07-22 16:44:29,061] {spark_submit_hook.py:479} INFO - 20/07/22 16:44:29 INFO MemoryStore: Block broadcast_2_piece0 stored as bytes in memory (estimated size 5.8 KiB, free 366.0 MiB)
[2020-07-22 16:44:29,073] {logging_mixin.py:112} INFO - [2020-07-22 16:44:29,072] {spark_submit_hook.py:479} INFO - 20/07/22 16:44:29 INFO BlockManagerInfo: Added broadcast_2_piece0 in memory on 192.168.43.94:41097 (size: 5.8 KiB, free: 366.3 MiB)
[2020-07-22 16:44:29,078] {logging_mixin.py:112} INFO - [2020-07-22 16:44:29,078] {spark_submit_hook.py:479} INFO - 20/07/22 16:44:29 INFO SparkContext: Created broadcast 2 from broadcast at DAGScheduler.scala:1200
[2020-07-22 16:44:29,078] {logging_mixin.py:112} INFO - [2020-07-22 16:44:29,078] {spark_submit_hook.py:479} INFO - 20/07/22 16:44:29 INFO DAGScheduler: Submitting 1 missing tasks from ResultStage 1 (MapPartitionsRDD[9] at showString at NativeMethodAccessorImpl.java:0) (first 15 tasks are for partitions Vector(0))
[2020-07-22 16:44:29,078] {logging_mixin.py:112} INFO - [2020-07-22 16:44:29,078] {spark_submit_hook.py:479} INFO - 20/07/22 16:44:29 INFO TaskSchedulerImpl: Adding task set 1.0 with 1 tasks
[2020-07-22 16:44:29,114] {logging_mixin.py:112} INFO - [2020-07-22 16:44:29,114] {spark_submit_hook.py:479} INFO - 20/07/22 16:44:29 INFO TaskSetManager: Starting task 0.0 in stage 1.0 (TID 1, 192.168.43.94, executor driver, partition 0, PROCESS_LOCAL, 7449 bytes)
[2020-07-22 16:44:29,116] {logging_mixin.py:112} INFO - [2020-07-22 16:44:29,116] {spark_submit_hook.py:479} INFO - 20/07/22 16:44:29 INFO Executor: Running task 0.0 in stage 1.0 (TID 1)
[2020-07-22 16:44:29,407] {logging_mixin.py:112} INFO - [2020-07-22 16:44:29,407] {spark_submit_hook.py:479} INFO - 20/07/22 16:44:29 INFO PythonRunner: Times: total = 28, boot = -8418, init = 8446, finish = 0
[2020-07-22 16:44:29,423] {logging_mixin.py:112} INFO - [2020-07-22 16:44:29,423] {spark_submit_hook.py:479} INFO - 20/07/22 16:44:29 INFO Executor: Finished task 0.0 in stage 1.0 (TID 1). 2154 bytes result sent to driver
[2020-07-22 16:44:29,442] {logging_mixin.py:112} INFO - [2020-07-22 16:44:29,442] {spark_submit_hook.py:479} INFO - 20/07/22 16:44:29 INFO TaskSetManager: Finished task 0.0 in stage 1.0 (TID 1) in 363 ms on 192.168.43.94 (executor driver) (1/1)
[2020-07-22 16:44:29,450] {logging_mixin.py:112} INFO - [2020-07-22 16:44:29,449] {spark_submit_hook.py:479} INFO - 20/07/22 16:44:29 INFO TaskSchedulerImpl: Removed TaskSet 1.0, whose tasks have all completed, from pool
[2020-07-22 16:44:29,452] {logging_mixin.py:112} INFO - [2020-07-22 16:44:29,452] {spark_submit_hook.py:479} INFO - 20/07/22 16:44:29 INFO DAGScheduler: ResultStage 1 (showString at NativeMethodAccessorImpl.java:0) finished in 0.434 s
[2020-07-22 16:44:29,453] {logging_mixin.py:112} INFO - [2020-07-22 16:44:29,452] {spark_submit_hook.py:479} INFO - 20/07/22 16:44:29 INFO DAGScheduler: Job 1 is finished. Cancelling potential speculative or zombie tasks for this job
[2020-07-22 16:44:29,453] {logging_mixin.py:112} INFO - [2020-07-22 16:44:29,453] {spark_submit_hook.py:479} INFO - 20/07/22 16:44:29 INFO TaskSchedulerImpl: Killing all running tasks in stage 1: Stage finished
[2020-07-22 16:44:29,454] {logging_mixin.py:112} INFO - [2020-07-22 16:44:29,453] {spark_submit_hook.py:479} INFO - 20/07/22 16:44:29 INFO DAGScheduler: Job 1 finished: showString at NativeMethodAccessorImpl.java:0, took 0.448672 s
[2020-07-22 16:44:29,736] {logging_mixin.py:112} INFO - [2020-07-22 16:44:29,736] {spark_submit_hook.py:479} INFO - 20/07/22 16:44:29 INFO CodeGenerator: Code generated in 173.341146 ms
[2020-07-22 16:44:29,883] {logging_mixin.py:112} INFO - [2020-07-22 16:44:29,883] {spark_submit_hook.py:479} INFO - +------+------------+
[2020-07-22 16:44:29,884] {logging_mixin.py:112} INFO - [2020-07-22 16:44:29,883] {spark_submit_hook.py:479} INFO - |    _1|          _2|
[2020-07-22 16:44:29,884] {logging_mixin.py:112} INFO - [2020-07-22 16:44:29,884] {spark_submit_hook.py:479} INFO - +------+------------+
[2020-07-22 16:44:29,884] {logging_mixin.py:112} INFO - [2020-07-22 16:44:29,884] {spark_submit_hook.py:479} INFO - |PERSON|JOINING_YEAR|
[2020-07-22 16:44:29,884] {logging_mixin.py:112} INFO - [2020-07-22 16:44:29,884] {spark_submit_hook.py:479} INFO - |  John|        2018|
[2020-07-22 16:44:29,885] {logging_mixin.py:112} INFO - [2020-07-22 16:44:29,884] {spark_submit_hook.py:479} INFO - |   Sam|        2017|
[2020-07-22 16:44:29,885] {logging_mixin.py:112} INFO - [2020-07-22 16:44:29,885] {spark_submit_hook.py:479} INFO - |  Jeff|        2014|
[2020-07-22 16:44:29,885] {logging_mixin.py:112} INFO - [2020-07-22 16:44:29,885] {spark_submit_hook.py:479} INFO - | Allen|        2015|
[2020-07-22 16:44:29,885] {logging_mixin.py:112} INFO - [2020-07-22 16:44:29,885] {spark_submit_hook.py:479} INFO - +------+------------+
[2020-07-22 16:44:29,885] {logging_mixin.py:112} INFO - [2020-07-22 16:44:29,885] {spark_submit_hook.py:479} INFO - 
[2020-07-22 16:44:30,083] {logging_mixin.py:112} INFO - [2020-07-22 16:44:30,083] {spark_submit_hook.py:479} INFO - 20/07/22 16:44:30 INFO SparkContext: Invoking stop() from shutdown hook
[2020-07-22 16:44:30,096] {logging_mixin.py:112} INFO - [2020-07-22 16:44:30,096] {spark_submit_hook.py:479} INFO - 20/07/22 16:44:30 INFO SparkUI: Stopped Spark web UI at http://192.168.43.94:4044
[2020-07-22 16:44:30,135] {logging_mixin.py:112} INFO - [2020-07-22 16:44:30,135] {spark_submit_hook.py:479} INFO - 20/07/22 16:44:30 INFO MapOutputTrackerMasterEndpoint: MapOutputTrackerMasterEndpoint stopped!
[2020-07-22 16:44:30,169] {logging_mixin.py:112} INFO - [2020-07-22 16:44:30,168] {spark_submit_hook.py:479} INFO - 20/07/22 16:44:30 INFO MemoryStore: MemoryStore cleared
[2020-07-22 16:44:30,170] {logging_mixin.py:112} INFO - [2020-07-22 16:44:30,170] {spark_submit_hook.py:479} INFO - 20/07/22 16:44:30 INFO BlockManager: BlockManager stopped
[2020-07-22 16:44:30,179] {logging_mixin.py:112} INFO - [2020-07-22 16:44:30,179] {spark_submit_hook.py:479} INFO - 20/07/22 16:44:30 INFO BlockManagerMaster: BlockManagerMaster stopped
[2020-07-22 16:44:30,190] {logging_mixin.py:112} INFO - [2020-07-22 16:44:30,190] {spark_submit_hook.py:479} INFO - 20/07/22 16:44:30 INFO OutputCommitCoordinator$OutputCommitCoordinatorEndpoint: OutputCommitCoordinator stopped!
[2020-07-22 16:44:30,196] {logging_mixin.py:112} INFO - [2020-07-22 16:44:30,195] {spark_submit_hook.py:479} INFO - 20/07/22 16:44:30 INFO SparkContext: Successfully stopped SparkContext
[2020-07-22 16:44:30,197] {logging_mixin.py:112} INFO - [2020-07-22 16:44:30,196] {spark_submit_hook.py:479} INFO - 20/07/22 16:44:30 INFO ShutdownHookManager: Shutdown hook called
[2020-07-22 16:44:30,198] {logging_mixin.py:112} INFO - [2020-07-22 16:44:30,198] {spark_submit_hook.py:479} INFO - 20/07/22 16:44:30 INFO ShutdownHookManager: Deleting directory /tmp/spark-0343d75f-5be5-4c3a-9902-23caaa0f1e6c/pyspark-26434789-f6db-445d-9c1e-2e0b2140a7cb
[2020-07-22 16:44:30,203] {logging_mixin.py:112} INFO - [2020-07-22 16:44:30,203] {spark_submit_hook.py:479} INFO - 20/07/22 16:44:30 INFO ShutdownHookManager: Deleting directory /tmp/spark-227c587b-ce70-4b47-84f8-3abd789ac373
[2020-07-22 16:44:30,206] {logging_mixin.py:112} INFO - [2020-07-22 16:44:30,206] {spark_submit_hook.py:479} INFO - 20/07/22 16:44:30 INFO ShutdownHookManager: Deleting directory /tmp/spark-0343d75f-5be5-4c3a-9902-23caaa0f1e6c
[2020-07-22 16:44:30,312] {taskinstance.py:1052} INFO - Marking task as SUCCESS.dag_id=submit_data, task_id=spark_submit, execution_date=20200720T064400, start_date=20200722T111407, end_date=20200722T111430
[2020-07-22 16:44:32,656] {logging_mixin.py:112} INFO - [2020-07-22 16:44:32,656] {local_task_job.py:103} INFO - Task exited with return code 0
