[2020-07-22 15:31:02,120] {taskinstance.py:669} INFO - Dependencies all met for <TaskInstance: submit_data.spark_submit 2020-07-20T04:56:00+00:00 [queued]>
[2020-07-22 15:31:02,134] {taskinstance.py:669} INFO - Dependencies all met for <TaskInstance: submit_data.spark_submit 2020-07-20T04:56:00+00:00 [queued]>
[2020-07-22 15:31:02,135] {taskinstance.py:879} INFO - 
--------------------------------------------------------------------------------
[2020-07-22 15:31:02,135] {taskinstance.py:880} INFO - Starting attempt 1 of 1
[2020-07-22 15:31:02,135] {taskinstance.py:881} INFO - 
--------------------------------------------------------------------------------
[2020-07-22 15:31:02,459] {taskinstance.py:900} INFO - Executing <Task(SparkSubmitOperator): spark_submit> on 2020-07-20T04:56:00+00:00
[2020-07-22 15:31:02,464] {standard_task_runner.py:53} INFO - Started process 507608 to run task
[2020-07-22 15:31:02,687] {logging_mixin.py:112} INFO - Running %s on host %s <TaskInstance: submit_data.spark_submit 2020-07-20T04:56:00+00:00 [running]> bhakti-Vostro-3558
[2020-07-22 15:31:02,728] {logging_mixin.py:112} INFO - [2020-07-22 15:31:02,728] {base_hook.py:87} INFO - Using connection to: id: spark_local. Host: local, Port: None, Schema: None, Login: None, Password: None, extra: None
[2020-07-22 15:31:02,730] {logging_mixin.py:112} INFO - [2020-07-22 15:31:02,730] {spark_submit_hook.py:325} INFO - Spark-Submit cmd: spark-submit --master local --name airflow-spark /home/bhakti/airflow/spark_jobs/python/spark_test.py
[2020-07-22 15:31:05,424] {logging_mixin.py:112} INFO - [2020-07-22 15:31:05,423] {spark_submit_hook.py:479} INFO - 20/07/22 15:31:05 WARN Utils: Your hostname, bhakti-Vostro-3558 resolves to a loopback address: 127.0.1.1; using 192.168.43.94 instead (on interface wlp6s0)
[2020-07-22 15:31:05,425] {logging_mixin.py:112} INFO - [2020-07-22 15:31:05,425] {spark_submit_hook.py:479} INFO - 20/07/22 15:31:05 WARN Utils: Set SPARK_LOCAL_IP if you need to bind to another address
[2020-07-22 15:31:06,631] {logging_mixin.py:112} INFO - [2020-07-22 15:31:06,631] {spark_submit_hook.py:479} INFO - 20/07/22 15:31:06 WARN NativeCodeLoader: Unable to load native-hadoop library for your platform... using builtin-java classes where applicable
[2020-07-22 15:31:08,288] {logging_mixin.py:112} INFO - [2020-07-22 15:31:08,288] {spark_submit_hook.py:479} INFO - Using Spark's default log4j profile: org/apache/spark/log4j-defaults.properties
[2020-07-22 15:31:08,313] {logging_mixin.py:112} INFO - [2020-07-22 15:31:08,312] {spark_submit_hook.py:479} INFO - 20/07/22 15:31:08 INFO SparkContext: Running Spark version 3.0.0
[2020-07-22 15:31:08,396] {logging_mixin.py:112} INFO - [2020-07-22 15:31:08,396] {spark_submit_hook.py:479} INFO - 20/07/22 15:31:08 INFO ResourceUtils: ==============================================================
[2020-07-22 15:31:08,399] {logging_mixin.py:112} INFO - [2020-07-22 15:31:08,399] {spark_submit_hook.py:479} INFO - 20/07/22 15:31:08 INFO ResourceUtils: Resources for spark.driver:
[2020-07-22 15:31:08,400] {logging_mixin.py:112} INFO - [2020-07-22 15:31:08,400] {spark_submit_hook.py:479} INFO - 
[2020-07-22 15:31:08,400] {logging_mixin.py:112} INFO - [2020-07-22 15:31:08,400] {spark_submit_hook.py:479} INFO - 20/07/22 15:31:08 INFO ResourceUtils: ==============================================================
[2020-07-22 15:31:08,401] {logging_mixin.py:112} INFO - [2020-07-22 15:31:08,401] {spark_submit_hook.py:479} INFO - 20/07/22 15:31:08 INFO SparkContext: Submitted application: Spark_Test_Python
[2020-07-22 15:31:08,505] {logging_mixin.py:112} INFO - [2020-07-22 15:31:08,505] {spark_submit_hook.py:479} INFO - 20/07/22 15:31:08 INFO SecurityManager: Changing view acls to: bhakti
[2020-07-22 15:31:08,505] {logging_mixin.py:112} INFO - [2020-07-22 15:31:08,505] {spark_submit_hook.py:479} INFO - 20/07/22 15:31:08 INFO SecurityManager: Changing modify acls to: bhakti
[2020-07-22 15:31:08,506] {logging_mixin.py:112} INFO - [2020-07-22 15:31:08,506] {spark_submit_hook.py:479} INFO - 20/07/22 15:31:08 INFO SecurityManager: Changing view acls groups to:
[2020-07-22 15:31:08,506] {logging_mixin.py:112} INFO - [2020-07-22 15:31:08,506] {spark_submit_hook.py:479} INFO - 20/07/22 15:31:08 INFO SecurityManager: Changing modify acls groups to:
[2020-07-22 15:31:08,507] {logging_mixin.py:112} INFO - [2020-07-22 15:31:08,506] {spark_submit_hook.py:479} INFO - 20/07/22 15:31:08 INFO SecurityManager: SecurityManager: authentication disabled; ui acls disabled; users  with view permissions: Set(bhakti); groups with view permissions: Set(); users  with modify permissions: Set(bhakti); groups with modify permissions: Set()
[2020-07-22 15:31:09,219] {logging_mixin.py:112} INFO - [2020-07-22 15:31:09,218] {spark_submit_hook.py:479} INFO - 20/07/22 15:31:09 INFO Utils: Successfully started service 'sparkDriver' on port 44433.
[2020-07-22 15:31:09,322] {logging_mixin.py:112} INFO - [2020-07-22 15:31:09,321] {spark_submit_hook.py:479} INFO - 20/07/22 15:31:09 INFO SparkEnv: Registering MapOutputTracker
[2020-07-22 15:31:09,432] {logging_mixin.py:112} INFO - [2020-07-22 15:31:09,431] {spark_submit_hook.py:479} INFO - 20/07/22 15:31:09 INFO SparkEnv: Registering BlockManagerMaster
[2020-07-22 15:31:09,471] {logging_mixin.py:112} INFO - [2020-07-22 15:31:09,471] {spark_submit_hook.py:479} INFO - 20/07/22 15:31:09 INFO BlockManagerMasterEndpoint: Using org.apache.spark.storage.DefaultTopologyMapper for getting topology information
[2020-07-22 15:31:09,473] {logging_mixin.py:112} INFO - [2020-07-22 15:31:09,473] {spark_submit_hook.py:479} INFO - 20/07/22 15:31:09 INFO BlockManagerMasterEndpoint: BlockManagerMasterEndpoint up
[2020-07-22 15:31:09,486] {logging_mixin.py:112} INFO - [2020-07-22 15:31:09,485] {spark_submit_hook.py:479} INFO - 20/07/22 15:31:09 INFO SparkEnv: Registering BlockManagerMasterHeartbeat
[2020-07-22 15:31:09,510] {logging_mixin.py:112} INFO - [2020-07-22 15:31:09,510] {spark_submit_hook.py:479} INFO - 20/07/22 15:31:09 INFO DiskBlockManager: Created local directory at /tmp/blockmgr-b6682dab-1f86-4eb8-aa45-0f89f3c8d2d6
[2020-07-22 15:31:09,550] {logging_mixin.py:112} INFO - [2020-07-22 15:31:09,550] {spark_submit_hook.py:479} INFO - 20/07/22 15:31:09 INFO MemoryStore: MemoryStore started with capacity 366.3 MiB
[2020-07-22 15:31:09,586] {logging_mixin.py:112} INFO - [2020-07-22 15:31:09,586] {spark_submit_hook.py:479} INFO - 20/07/22 15:31:09 INFO SparkEnv: Registering OutputCommitCoordinator
[2020-07-22 15:31:10,185] {logging_mixin.py:112} INFO - [2020-07-22 15:31:10,185] {spark_submit_hook.py:479} INFO - 20/07/22 15:31:10 WARN Utils: Service 'SparkUI' could not bind on port 4040. Attempting port 4041.
[2020-07-22 15:31:10,186] {logging_mixin.py:112} INFO - [2020-07-22 15:31:10,185] {spark_submit_hook.py:479} INFO - 20/07/22 15:31:10 WARN Utils: Service 'SparkUI' could not bind on port 4041. Attempting port 4042.
[2020-07-22 15:31:10,186] {logging_mixin.py:112} INFO - [2020-07-22 15:31:10,186] {spark_submit_hook.py:479} INFO - 20/07/22 15:31:10 WARN Utils: Service 'SparkUI' could not bind on port 4042. Attempting port 4043.
[2020-07-22 15:31:10,210] {logging_mixin.py:112} INFO - [2020-07-22 15:31:10,210] {spark_submit_hook.py:479} INFO - 20/07/22 15:31:10 INFO Utils: Successfully started service 'SparkUI' on port 4043.
[2020-07-22 15:31:10,307] {logging_mixin.py:112} INFO - [2020-07-22 15:31:10,307] {spark_submit_hook.py:479} INFO - 20/07/22 15:31:10 INFO SparkUI: Bound SparkUI to 0.0.0.0, and started at http://192.168.43.94:4043
[2020-07-22 15:31:11,053] {logging_mixin.py:112} INFO - [2020-07-22 15:31:11,052] {spark_submit_hook.py:479} INFO - 20/07/22 15:31:11 INFO Executor: Starting executor ID driver on host 192.168.43.94
[2020-07-22 15:31:11,165] {logging_mixin.py:112} INFO - [2020-07-22 15:31:11,164] {spark_submit_hook.py:479} INFO - 20/07/22 15:31:11 INFO Utils: Successfully started service 'org.apache.spark.network.netty.NettyBlockTransferService' on port 45207.
[2020-07-22 15:31:11,166] {logging_mixin.py:112} INFO - [2020-07-22 15:31:11,166] {spark_submit_hook.py:479} INFO - 20/07/22 15:31:11 INFO NettyBlockTransferService: Server created on 192.168.43.94:45207
[2020-07-22 15:31:11,170] {logging_mixin.py:112} INFO - [2020-07-22 15:31:11,170] {spark_submit_hook.py:479} INFO - 20/07/22 15:31:11 INFO BlockManager: Using org.apache.spark.storage.RandomBlockReplicationPolicy for block replication policy
[2020-07-22 15:31:11,194] {logging_mixin.py:112} INFO - [2020-07-22 15:31:11,193] {spark_submit_hook.py:479} INFO - 20/07/22 15:31:11 INFO BlockManagerMaster: Registering BlockManager BlockManagerId(driver, 192.168.43.94, 45207, None)
[2020-07-22 15:31:11,209] {logging_mixin.py:112} INFO - [2020-07-22 15:31:11,209] {spark_submit_hook.py:479} INFO - 20/07/22 15:31:11 INFO BlockManagerMasterEndpoint: Registering block manager 192.168.43.94:45207 with 366.3 MiB RAM, BlockManagerId(driver, 192.168.43.94, 45207, None)
[2020-07-22 15:31:11,232] {logging_mixin.py:112} INFO - [2020-07-22 15:31:11,232] {spark_submit_hook.py:479} INFO - 20/07/22 15:31:11 INFO BlockManagerMaster: Registered BlockManager BlockManagerId(driver, 192.168.43.94, 45207, None)
[2020-07-22 15:31:11,235] {logging_mixin.py:112} INFO - [2020-07-22 15:31:11,235] {spark_submit_hook.py:479} INFO - 20/07/22 15:31:11 INFO BlockManager: Initialized BlockManager: BlockManagerId(driver, 192.168.43.94, 45207, None)
[2020-07-22 15:31:13,650] {logging_mixin.py:112} INFO - [2020-07-22 15:31:13,649] {spark_submit_hook.py:479} INFO - 20/07/22 15:31:13 INFO MemoryStore: Block broadcast_0 stored as values in memory (estimated size 241.5 KiB, free 366.1 MiB)
[2020-07-22 15:31:13,824] {logging_mixin.py:112} INFO - [2020-07-22 15:31:13,824] {spark_submit_hook.py:479} INFO - 20/07/22 15:31:13 INFO MemoryStore: Block broadcast_0_piece0 stored as bytes in memory (estimated size 23.4 KiB, free 366.0 MiB)
[2020-07-22 15:31:13,834] {logging_mixin.py:112} INFO - [2020-07-22 15:31:13,834] {spark_submit_hook.py:479} INFO - 20/07/22 15:31:13 INFO BlockManagerInfo: Added broadcast_0_piece0 in memory on 192.168.43.94:45207 (size: 23.4 KiB, free: 366.3 MiB)
[2020-07-22 15:31:13,874] {logging_mixin.py:112} INFO - [2020-07-22 15:31:13,873] {spark_submit_hook.py:479} INFO - 20/07/22 15:31:13 INFO SparkContext: Created broadcast 0 from textFile at NativeMethodAccessorImpl.java:0
[2020-07-22 15:31:14,354] {logging_mixin.py:112} INFO - [2020-07-22 15:31:14,354] {spark_submit_hook.py:479} INFO - 20/07/22 15:31:14 INFO FileInputFormat: Total input paths to process : 1
[2020-07-22 15:31:14,583] {logging_mixin.py:112} INFO - [2020-07-22 15:31:14,583] {spark_submit_hook.py:479} INFO - 20/07/22 15:31:14 INFO SparkContext: Starting job: collect at /home/bhakti/airflow/spark_jobs/python/spark_test.py:5
[2020-07-22 15:31:14,621] {logging_mixin.py:112} INFO - [2020-07-22 15:31:14,621] {spark_submit_hook.py:479} INFO - 20/07/22 15:31:14 INFO DAGScheduler: Got job 0 (collect at /home/bhakti/airflow/spark_jobs/python/spark_test.py:5) with 1 output partitions
[2020-07-22 15:31:14,632] {logging_mixin.py:112} INFO - [2020-07-22 15:31:14,632] {spark_submit_hook.py:479} INFO - 20/07/22 15:31:14 INFO DAGScheduler: Final stage: ResultStage 0 (collect at /home/bhakti/airflow/spark_jobs/python/spark_test.py:5)
[2020-07-22 15:31:14,633] {logging_mixin.py:112} INFO - [2020-07-22 15:31:14,633] {spark_submit_hook.py:479} INFO - 20/07/22 15:31:14 INFO DAGScheduler: Parents of final stage: List()
[2020-07-22 15:31:14,641] {logging_mixin.py:112} INFO - [2020-07-22 15:31:14,641] {spark_submit_hook.py:479} INFO - 20/07/22 15:31:14 INFO DAGScheduler: Missing parents: List()
[2020-07-22 15:31:14,667] {logging_mixin.py:112} INFO - [2020-07-22 15:31:14,667] {spark_submit_hook.py:479} INFO - 20/07/22 15:31:14 INFO DAGScheduler: Submitting ResultStage 0 (PythonRDD[2] at collect at /home/bhakti/airflow/spark_jobs/python/spark_test.py:5), which has no missing parents
[2020-07-22 15:31:14,709] {logging_mixin.py:112} INFO - [2020-07-22 15:31:14,708] {spark_submit_hook.py:479} INFO - 20/07/22 15:31:14 INFO MemoryStore: Block broadcast_1 stored as values in memory (estimated size 7.4 KiB, free 366.0 MiB)
[2020-07-22 15:31:14,726] {logging_mixin.py:112} INFO - [2020-07-22 15:31:14,726] {spark_submit_hook.py:479} INFO - 20/07/22 15:31:14 INFO MemoryStore: Block broadcast_1_piece0 stored as bytes in memory (estimated size 4.4 KiB, free 366.0 MiB)
[2020-07-22 15:31:14,728] {logging_mixin.py:112} INFO - [2020-07-22 15:31:14,727] {spark_submit_hook.py:479} INFO - 20/07/22 15:31:14 INFO BlockManagerInfo: Added broadcast_1_piece0 in memory on 192.168.43.94:45207 (size: 4.4 KiB, free: 366.3 MiB)
[2020-07-22 15:31:14,730] {logging_mixin.py:112} INFO - [2020-07-22 15:31:14,730] {spark_submit_hook.py:479} INFO - 20/07/22 15:31:14 INFO SparkContext: Created broadcast 1 from broadcast at DAGScheduler.scala:1200
[2020-07-22 15:31:14,776] {logging_mixin.py:112} INFO - [2020-07-22 15:31:14,776] {spark_submit_hook.py:479} INFO - 20/07/22 15:31:14 INFO DAGScheduler: Submitting 1 missing tasks from ResultStage 0 (PythonRDD[2] at collect at /home/bhakti/airflow/spark_jobs/python/spark_test.py:5) (first 15 tasks are for partitions Vector(0))
[2020-07-22 15:31:14,779] {logging_mixin.py:112} INFO - [2020-07-22 15:31:14,778] {spark_submit_hook.py:479} INFO - 20/07/22 15:31:14 INFO TaskSchedulerImpl: Adding task set 0.0 with 1 tasks
[2020-07-22 15:31:14,946] {logging_mixin.py:112} INFO - [2020-07-22 15:31:14,946] {spark_submit_hook.py:479} INFO - 20/07/22 15:31:14 INFO TaskSetManager: Starting task 0.0 in stage 0.0 (TID 0, 192.168.43.94, executor driver, partition 0, PROCESS_LOCAL, 7388 bytes)
[2020-07-22 15:31:15,002] {logging_mixin.py:112} INFO - [2020-07-22 15:31:15,001] {spark_submit_hook.py:479} INFO - 20/07/22 15:31:14 INFO Executor: Running task 0.0 in stage 0.0 (TID 0)
[2020-07-22 15:31:16,150] {logging_mixin.py:112} INFO - [2020-07-22 15:31:16,150] {spark_submit_hook.py:479} INFO - 20/07/22 15:31:16 INFO HadoopRDD: Input split: file:/home/bhakti/airflow/input_data/sample.csv:0+93
[2020-07-22 15:31:17,510] {logging_mixin.py:112} INFO - [2020-07-22 15:31:17,510] {spark_submit_hook.py:479} INFO - 20/07/22 15:31:17 INFO PythonRunner: Times: total = 1300, boot = 1245, init = 55, finish = 0
[2020-07-22 15:31:17,576] {logging_mixin.py:112} INFO - [2020-07-22 15:31:17,576] {spark_submit_hook.py:479} INFO - 20/07/22 15:31:17 INFO Executor: Finished task 0.0 in stage 0.0 (TID 0). 1732 bytes result sent to driver
[2020-07-22 15:31:17,627] {logging_mixin.py:112} INFO - [2020-07-22 15:31:17,627] {spark_submit_hook.py:479} INFO - 20/07/22 15:31:17 INFO TaskSetManager: Finished task 0.0 in stage 0.0 (TID 0) in 2729 ms on 192.168.43.94 (executor driver) (1/1)
[2020-07-22 15:31:17,635] {logging_mixin.py:112} INFO - [2020-07-22 15:31:17,635] {spark_submit_hook.py:479} INFO - 20/07/22 15:31:17 INFO TaskSchedulerImpl: Removed TaskSet 0.0, whose tasks have all completed, from pool
[2020-07-22 15:31:17,643] {logging_mixin.py:112} INFO - [2020-07-22 15:31:17,643] {spark_submit_hook.py:479} INFO - 20/07/22 15:31:17 INFO PythonAccumulatorV2: Connected to AccumulatorServer at host: 127.0.0.1 port: 42897
[2020-07-22 15:31:17,663] {logging_mixin.py:112} INFO - [2020-07-22 15:31:17,663] {spark_submit_hook.py:479} INFO - 20/07/22 15:31:17 INFO DAGScheduler: ResultStage 0 (collect at /home/bhakti/airflow/spark_jobs/python/spark_test.py:5) finished in 2.958 s
[2020-07-22 15:31:17,695] {logging_mixin.py:112} INFO - [2020-07-22 15:31:17,694] {spark_submit_hook.py:479} INFO - 20/07/22 15:31:17 INFO DAGScheduler: Job 0 is finished. Cancelling potential speculative or zombie tasks for this job
[2020-07-22 15:31:17,698] {logging_mixin.py:112} INFO - [2020-07-22 15:31:17,698] {spark_submit_hook.py:479} INFO - 20/07/22 15:31:17 INFO TaskSchedulerImpl: Killing all running tasks in stage 0: Stage finished
[2020-07-22 15:31:17,707] {logging_mixin.py:112} INFO - [2020-07-22 15:31:17,707] {spark_submit_hook.py:479} INFO - 20/07/22 15:31:17 INFO DAGScheduler: Job 0 finished: collect at /home/bhakti/airflow/spark_jobs/python/spark_test.py:5, took 3.119213 s
[2020-07-22 15:31:17,737] {logging_mixin.py:112} INFO - [2020-07-22 15:31:17,737] {spark_submit_hook.py:479} INFO - [('PERSON', 'JOINING_YEAR'), ('John', '2018'), ('Sam', '2017'), ('Jeff', '2014'), ('Allen', '2015')]
[2020-07-22 15:31:17,820] {logging_mixin.py:112} INFO - [2020-07-22 15:31:17,820] {spark_submit_hook.py:479} INFO - 20/07/22 15:31:17 INFO SparkContext: Invoking stop() from shutdown hook
[2020-07-22 15:31:17,881] {logging_mixin.py:112} INFO - [2020-07-22 15:31:17,881] {spark_submit_hook.py:479} INFO - 20/07/22 15:31:17 INFO SparkUI: Stopped Spark web UI at http://192.168.43.94:4043
[2020-07-22 15:31:17,975] {logging_mixin.py:112} INFO - [2020-07-22 15:31:17,974] {spark_submit_hook.py:479} INFO - 20/07/22 15:31:17 INFO MapOutputTrackerMasterEndpoint: MapOutputTrackerMasterEndpoint stopped!
[2020-07-22 15:31:18,024] {logging_mixin.py:112} INFO - [2020-07-22 15:31:18,023] {spark_submit_hook.py:479} INFO - 20/07/22 15:31:18 INFO MemoryStore: MemoryStore cleared
[2020-07-22 15:31:18,025] {logging_mixin.py:112} INFO - [2020-07-22 15:31:18,025] {spark_submit_hook.py:479} INFO - 20/07/22 15:31:18 INFO BlockManager: BlockManager stopped
[2020-07-22 15:31:18,069] {logging_mixin.py:112} INFO - [2020-07-22 15:31:18,069] {spark_submit_hook.py:479} INFO - 20/07/22 15:31:18 INFO BlockManagerMaster: BlockManagerMaster stopped
[2020-07-22 15:31:18,076] {logging_mixin.py:112} INFO - [2020-07-22 15:31:18,076] {spark_submit_hook.py:479} INFO - 20/07/22 15:31:18 INFO OutputCommitCoordinator$OutputCommitCoordinatorEndpoint: OutputCommitCoordinator stopped!
[2020-07-22 15:31:18,124] {logging_mixin.py:112} INFO - [2020-07-22 15:31:18,124] {spark_submit_hook.py:479} INFO - 20/07/22 15:31:18 INFO SparkContext: Successfully stopped SparkContext
[2020-07-22 15:31:18,125] {logging_mixin.py:112} INFO - [2020-07-22 15:31:18,125] {spark_submit_hook.py:479} INFO - 20/07/22 15:31:18 INFO ShutdownHookManager: Shutdown hook called
[2020-07-22 15:31:18,127] {logging_mixin.py:112} INFO - [2020-07-22 15:31:18,127] {spark_submit_hook.py:479} INFO - 20/07/22 15:31:18 INFO ShutdownHookManager: Deleting directory /tmp/spark-73e34782-77e3-48a2-94c4-577e5e8b4ad3/pyspark-21c539af-5821-42c2-890f-75a45be3fd67
[2020-07-22 15:31:18,132] {logging_mixin.py:112} INFO - [2020-07-22 15:31:18,132] {spark_submit_hook.py:479} INFO - 20/07/22 15:31:18 INFO ShutdownHookManager: Deleting directory /tmp/spark-fd6cf705-c446-4a59-85e2-df9af808c7b5
[2020-07-22 15:31:18,143] {logging_mixin.py:112} INFO - [2020-07-22 15:31:18,143] {spark_submit_hook.py:479} INFO - 20/07/22 15:31:18 INFO ShutdownHookManager: Deleting directory /tmp/spark-73e34782-77e3-48a2-94c4-577e5e8b4ad3
[2020-07-22 15:31:18,229] {taskinstance.py:1052} INFO - Marking task as SUCCESS.dag_id=submit_data, task_id=spark_submit, execution_date=20200720T045600, start_date=20200722T100102, end_date=20200722T100118
[2020-07-22 15:31:22,104] {logging_mixin.py:112} INFO - [2020-07-22 15:31:22,103] {local_task_job.py:103} INFO - Task exited with return code 0
