[2020-07-23 16:10:04,024] {taskinstance.py:669} INFO - Dependencies all met for <TaskInstance: MYSQLDAG.first_db_to_csv 2020-07-23T10:37:59.123736+00:00 [queued]>
[2020-07-23 16:10:04,063] {taskinstance.py:669} INFO - Dependencies all met for <TaskInstance: MYSQLDAG.first_db_to_csv 2020-07-23T10:37:59.123736+00:00 [queued]>
[2020-07-23 16:10:04,064] {taskinstance.py:879} INFO - 
--------------------------------------------------------------------------------
[2020-07-23 16:10:04,064] {taskinstance.py:880} INFO - Starting attempt 1 of 2
[2020-07-23 16:10:04,064] {taskinstance.py:881} INFO - 
--------------------------------------------------------------------------------
[2020-07-23 16:10:04,596] {taskinstance.py:900} INFO - Executing <Task(BashOperator): first_db_to_csv> on 2020-07-23T10:37:59.123736+00:00
[2020-07-23 16:10:04,599] {standard_task_runner.py:53} INFO - Started process 323784 to run task
[2020-07-23 16:10:05,248] {logging_mixin.py:112} INFO - Running %s on host %s <TaskInstance: MYSQLDAG.first_db_to_csv 2020-07-23T10:37:59.123736+00:00 [running]> bhakti-Vostro-3558
[2020-07-23 16:10:05,322] {bash_operator.py:82} INFO - Tmp dir root location: 
 /tmp
[2020-07-23 16:10:05,337] {bash_operator.py:103} INFO - Temporary script location: /tmp/airflowtmpo39siv5y/first_db_to_csv38e0jsw9
[2020-07-23 16:10:05,338] {bash_operator.py:115} INFO - Running command: #!/bin/bash -x
user=root
password=root
dbname=airflow_db1
host=mysql
port=3306
if [ $password != " " ]
then
docker exec -it mysqlCon \
mysql -D$dbname -h$host -p$port -u$user -p$password -e'SELECT * FROM employees INTO OUTFILE "/input_files_mysql/sample1.csv" FIELDS TERMINATED BY "," LINES TERMINATED BY "\n";'
echo "Task run successfully"
fi
[2020-07-23 16:10:05,438] {bash_operator.py:122} INFO - Output:
[2020-07-23 16:10:08,391] {bash_operator.py:126} INFO - mysql: [Warning] Using a password on the command line interface can be insecure.
[2020-07-23 16:10:08,897] {bash_operator.py:126} INFO - ERROR 1086 (HY000) at line 1: File '/input_files_mysql/sample1.csv' already exists
[2020-07-23 16:10:09,365] {bash_operator.py:126} INFO - Task run successfully
[2020-07-23 16:10:09,365] {bash_operator.py:128} INFO - Command exited with return code 0
[2020-07-23 16:10:09,383] {taskinstance.py:1052} INFO - Marking task as SUCCESS.dag_id=MYSQLDAG, task_id=first_db_to_csv, execution_date=20200723T103759, start_date=20200723T104004, end_date=20200723T104009
[2020-07-23 16:10:13,546] {logging_mixin.py:112} INFO - [2020-07-23 16:10:13,545] {local_task_job.py:103} INFO - Task exited with return code 0
