[2020-07-23 16:33:13,581] {taskinstance.py:669} INFO - Dependencies all met for <TaskInstance: submit_data.spark_submit 2020-07-21T02:27:00+00:00 [queued]>
[2020-07-23 16:33:13,600] {taskinstance.py:669} INFO - Dependencies all met for <TaskInstance: submit_data.spark_submit 2020-07-21T02:27:00+00:00 [queued]>
[2020-07-23 16:33:13,601] {taskinstance.py:879} INFO - 
--------------------------------------------------------------------------------
[2020-07-23 16:33:13,601] {taskinstance.py:880} INFO - Starting attempt 1 of 1
[2020-07-23 16:33:13,601] {taskinstance.py:881} INFO - 
--------------------------------------------------------------------------------
[2020-07-23 16:33:13,857] {taskinstance.py:900} INFO - Executing <Task(SparkSubmitOperator): spark_submit> on 2020-07-21T02:27:00+00:00
[2020-07-23 16:33:13,862] {standard_task_runner.py:53} INFO - Started process 353672 to run task
[2020-07-23 16:33:14,121] {logging_mixin.py:112} INFO - Running %s on host %s <TaskInstance: submit_data.spark_submit 2020-07-21T02:27:00+00:00 [running]> bhakti-Vostro-3558
[2020-07-23 16:33:14,157] {logging_mixin.py:112} INFO - [2020-07-23 16:33:14,156] {base_hook.py:87} INFO - Using connection to: id: spark_local. Host: local, Port: None, Schema: None, Login: None, Password: None, extra: None
[2020-07-23 16:33:14,159] {logging_mixin.py:112} INFO - [2020-07-23 16:33:14,158] {spark_submit_hook.py:325} INFO - Spark-Submit cmd: spark-submit --master local --name airflow-spark /home/bhakti/airflow/spark_jobs/spark_test.py
[2020-07-23 16:33:18,688] {logging_mixin.py:112} INFO - [2020-07-23 16:33:18,687] {spark_submit_hook.py:479} INFO - 20/07/23 16:33:18 WARN Utils: Your hostname, bhakti-Vostro-3558 resolves to a loopback address: 127.0.1.1; using 192.168.43.94 instead (on interface wlp6s0)
[2020-07-23 16:33:18,690] {logging_mixin.py:112} INFO - [2020-07-23 16:33:18,690] {spark_submit_hook.py:479} INFO - 20/07/23 16:33:18 WARN Utils: Set SPARK_LOCAL_IP if you need to bind to another address
[2020-07-23 16:33:19,847] {logging_mixin.py:112} INFO - [2020-07-23 16:33:19,847] {spark_submit_hook.py:479} INFO - 20/07/23 16:33:19 WARN NativeCodeLoader: Unable to load native-hadoop library for your platform... using builtin-java classes where applicable
[2020-07-23 16:33:21,386] {logging_mixin.py:112} INFO - [2020-07-23 16:33:21,386] {spark_submit_hook.py:479} INFO - Using Spark's default log4j profile: org/apache/spark/log4j-defaults.properties
[2020-07-23 16:33:21,399] {logging_mixin.py:112} INFO - [2020-07-23 16:33:21,399] {spark_submit_hook.py:479} INFO - 20/07/23 16:33:21 INFO SparkContext: Running Spark version 3.0.0
[2020-07-23 16:33:21,462] {logging_mixin.py:112} INFO - [2020-07-23 16:33:21,462] {spark_submit_hook.py:479} INFO - 20/07/23 16:33:21 INFO ResourceUtils: ==============================================================
[2020-07-23 16:33:21,465] {logging_mixin.py:112} INFO - [2020-07-23 16:33:21,465] {spark_submit_hook.py:479} INFO - 20/07/23 16:33:21 INFO ResourceUtils: Resources for spark.driver:
[2020-07-23 16:33:21,466] {logging_mixin.py:112} INFO - [2020-07-23 16:33:21,465] {spark_submit_hook.py:479} INFO - 
[2020-07-23 16:33:21,466] {logging_mixin.py:112} INFO - [2020-07-23 16:33:21,466] {spark_submit_hook.py:479} INFO - 20/07/23 16:33:21 INFO ResourceUtils: ==============================================================
[2020-07-23 16:33:21,467] {logging_mixin.py:112} INFO - [2020-07-23 16:33:21,467] {spark_submit_hook.py:479} INFO - 20/07/23 16:33:21 INFO SparkContext: Submitted application: Spark_Test_Python
[2020-07-23 16:33:21,561] {logging_mixin.py:112} INFO - [2020-07-23 16:33:21,560] {spark_submit_hook.py:479} INFO - 20/07/23 16:33:21 INFO SecurityManager: Changing view acls to: bhakti
[2020-07-23 16:33:21,561] {logging_mixin.py:112} INFO - [2020-07-23 16:33:21,561] {spark_submit_hook.py:479} INFO - 20/07/23 16:33:21 INFO SecurityManager: Changing modify acls to: bhakti
[2020-07-23 16:33:21,562] {logging_mixin.py:112} INFO - [2020-07-23 16:33:21,561] {spark_submit_hook.py:479} INFO - 20/07/23 16:33:21 INFO SecurityManager: Changing view acls groups to:
[2020-07-23 16:33:21,562] {logging_mixin.py:112} INFO - [2020-07-23 16:33:21,562] {spark_submit_hook.py:479} INFO - 20/07/23 16:33:21 INFO SecurityManager: Changing modify acls groups to:
[2020-07-23 16:33:21,562] {logging_mixin.py:112} INFO - [2020-07-23 16:33:21,562] {spark_submit_hook.py:479} INFO - 20/07/23 16:33:21 INFO SecurityManager: SecurityManager: authentication disabled; ui acls disabled; users  with view permissions: Set(bhakti); groups with view permissions: Set(); users  with modify permissions: Set(bhakti); groups with modify permissions: Set()
[2020-07-23 16:33:22,063] {logging_mixin.py:112} INFO - [2020-07-23 16:33:22,062] {spark_submit_hook.py:479} INFO - 20/07/23 16:33:22 INFO Utils: Successfully started service 'sparkDriver' on port 37469.
[2020-07-23 16:33:22,141] {logging_mixin.py:112} INFO - [2020-07-23 16:33:22,140] {spark_submit_hook.py:479} INFO - 20/07/23 16:33:22 INFO SparkEnv: Registering MapOutputTracker
[2020-07-23 16:33:22,203] {logging_mixin.py:112} INFO - [2020-07-23 16:33:22,202] {spark_submit_hook.py:479} INFO - 20/07/23 16:33:22 INFO SparkEnv: Registering BlockManagerMaster
[2020-07-23 16:33:22,238] {logging_mixin.py:112} INFO - [2020-07-23 16:33:22,238] {spark_submit_hook.py:479} INFO - 20/07/23 16:33:22 INFO BlockManagerMasterEndpoint: Using org.apache.spark.storage.DefaultTopologyMapper for getting topology information
[2020-07-23 16:33:22,239] {logging_mixin.py:112} INFO - [2020-07-23 16:33:22,239] {spark_submit_hook.py:479} INFO - 20/07/23 16:33:22 INFO BlockManagerMasterEndpoint: BlockManagerMasterEndpoint up
[2020-07-23 16:33:22,246] {logging_mixin.py:112} INFO - [2020-07-23 16:33:22,246] {spark_submit_hook.py:479} INFO - 20/07/23 16:33:22 INFO SparkEnv: Registering BlockManagerMasterHeartbeat
[2020-07-23 16:33:22,270] {logging_mixin.py:112} INFO - [2020-07-23 16:33:22,270] {spark_submit_hook.py:479} INFO - 20/07/23 16:33:22 INFO DiskBlockManager: Created local directory at /tmp/blockmgr-3adef345-ceae-44e6-9b68-ea92ff4d927f
[2020-07-23 16:33:22,304] {logging_mixin.py:112} INFO - [2020-07-23 16:33:22,304] {spark_submit_hook.py:479} INFO - 20/07/23 16:33:22 INFO MemoryStore: MemoryStore started with capacity 366.3 MiB
[2020-07-23 16:33:22,330] {logging_mixin.py:112} INFO - [2020-07-23 16:33:22,330] {spark_submit_hook.py:479} INFO - 20/07/23 16:33:22 INFO SparkEnv: Registering OutputCommitCoordinator
[2020-07-23 16:33:22,814] {logging_mixin.py:112} INFO - [2020-07-23 16:33:22,814] {spark_submit_hook.py:479} INFO - 20/07/23 16:33:22 WARN Utils: Service 'SparkUI' could not bind on port 4040. Attempting port 4041.
[2020-07-23 16:33:22,815] {logging_mixin.py:112} INFO - [2020-07-23 16:33:22,815] {spark_submit_hook.py:479} INFO - 20/07/23 16:33:22 WARN Utils: Service 'SparkUI' could not bind on port 4041. Attempting port 4042.
[2020-07-23 16:33:22,837] {logging_mixin.py:112} INFO - [2020-07-23 16:33:22,836] {spark_submit_hook.py:479} INFO - 20/07/23 16:33:22 INFO Utils: Successfully started service 'SparkUI' on port 4042.
[2020-07-23 16:33:22,972] {logging_mixin.py:112} INFO - [2020-07-23 16:33:22,972] {spark_submit_hook.py:479} INFO - 20/07/23 16:33:22 INFO SparkUI: Bound SparkUI to 0.0.0.0, and started at http://192.168.43.94:4042
[2020-07-23 16:33:23,535] {logging_mixin.py:112} INFO - [2020-07-23 16:33:23,535] {spark_submit_hook.py:479} INFO - 20/07/23 16:33:23 INFO Executor: Starting executor ID driver on host 192.168.43.94
[2020-07-23 16:33:23,579] {logging_mixin.py:112} INFO - [2020-07-23 16:33:23,579] {spark_submit_hook.py:479} INFO - 20/07/23 16:33:23 INFO Utils: Successfully started service 'org.apache.spark.network.netty.NettyBlockTransferService' on port 36897.
[2020-07-23 16:33:23,580] {logging_mixin.py:112} INFO - [2020-07-23 16:33:23,580] {spark_submit_hook.py:479} INFO - 20/07/23 16:33:23 INFO NettyBlockTransferService: Server created on 192.168.43.94:36897
[2020-07-23 16:33:23,583] {logging_mixin.py:112} INFO - [2020-07-23 16:33:23,583] {spark_submit_hook.py:479} INFO - 20/07/23 16:33:23 INFO BlockManager: Using org.apache.spark.storage.RandomBlockReplicationPolicy for block replication policy
[2020-07-23 16:33:23,596] {logging_mixin.py:112} INFO - [2020-07-23 16:33:23,596] {spark_submit_hook.py:479} INFO - 20/07/23 16:33:23 INFO BlockManagerMaster: Registering BlockManager BlockManagerId(driver, 192.168.43.94, 36897, None)
[2020-07-23 16:33:23,607] {logging_mixin.py:112} INFO - [2020-07-23 16:33:23,607] {spark_submit_hook.py:479} INFO - 20/07/23 16:33:23 INFO BlockManagerMasterEndpoint: Registering block manager 192.168.43.94:36897 with 366.3 MiB RAM, BlockManagerId(driver, 192.168.43.94, 36897, None)
[2020-07-23 16:33:23,614] {logging_mixin.py:112} INFO - [2020-07-23 16:33:23,614] {spark_submit_hook.py:479} INFO - 20/07/23 16:33:23 INFO BlockManagerMaster: Registered BlockManager BlockManagerId(driver, 192.168.43.94, 36897, None)
[2020-07-23 16:33:23,617] {logging_mixin.py:112} INFO - [2020-07-23 16:33:23,617] {spark_submit_hook.py:479} INFO - 20/07/23 16:33:23 INFO BlockManager: Initialized BlockManager: BlockManagerId(driver, 192.168.43.94, 36897, None)
[2020-07-23 16:33:25,967] {logging_mixin.py:112} INFO - [2020-07-23 16:33:25,966] {spark_submit_hook.py:479} INFO - 20/07/23 16:33:25 INFO MemoryStore: Block broadcast_0 stored as values in memory (estimated size 241.5 KiB, free 366.1 MiB)
[2020-07-23 16:33:26,228] {logging_mixin.py:112} INFO - [2020-07-23 16:33:26,228] {spark_submit_hook.py:479} INFO - 20/07/23 16:33:26 INFO MemoryStore: Block broadcast_0_piece0 stored as bytes in memory (estimated size 23.4 KiB, free 366.0 MiB)
[2020-07-23 16:33:26,233] {logging_mixin.py:112} INFO - [2020-07-23 16:33:26,233] {spark_submit_hook.py:479} INFO - 20/07/23 16:33:26 INFO BlockManagerInfo: Added broadcast_0_piece0 in memory on 192.168.43.94:36897 (size: 23.4 KiB, free: 366.3 MiB)
[2020-07-23 16:33:26,267] {logging_mixin.py:112} INFO - [2020-07-23 16:33:26,266] {spark_submit_hook.py:479} INFO - 20/07/23 16:33:26 INFO SparkContext: Created broadcast 0 from textFile at NativeMethodAccessorImpl.java:0
[2020-07-23 16:33:26,848] {logging_mixin.py:112} INFO - [2020-07-23 16:33:26,847] {spark_submit_hook.py:479} INFO - 20/07/23 16:33:26 INFO FileInputFormat: Total input paths to process : 1
[2020-07-23 16:33:27,119] {logging_mixin.py:112} INFO - [2020-07-23 16:33:27,118] {spark_submit_hook.py:479} INFO - 20/07/23 16:33:27 INFO SparkContext: Starting job: collect at /home/bhakti/airflow/spark_jobs/spark_test.py:8
[2020-07-23 16:33:27,165] {logging_mixin.py:112} INFO - [2020-07-23 16:33:27,164] {spark_submit_hook.py:479} INFO - 20/07/23 16:33:27 INFO DAGScheduler: Got job 0 (collect at /home/bhakti/airflow/spark_jobs/spark_test.py:8) with 1 output partitions
[2020-07-23 16:33:27,166] {logging_mixin.py:112} INFO - [2020-07-23 16:33:27,166] {spark_submit_hook.py:479} INFO - 20/07/23 16:33:27 INFO DAGScheduler: Final stage: ResultStage 0 (collect at /home/bhakti/airflow/spark_jobs/spark_test.py:8)
[2020-07-23 16:33:27,167] {logging_mixin.py:112} INFO - [2020-07-23 16:33:27,167] {spark_submit_hook.py:479} INFO - 20/07/23 16:33:27 INFO DAGScheduler: Parents of final stage: List()
[2020-07-23 16:33:27,171] {logging_mixin.py:112} INFO - [2020-07-23 16:33:27,170] {spark_submit_hook.py:479} INFO - 20/07/23 16:33:27 INFO DAGScheduler: Missing parents: List()
[2020-07-23 16:33:27,210] {logging_mixin.py:112} INFO - [2020-07-23 16:33:27,209] {spark_submit_hook.py:479} INFO - 20/07/23 16:33:27 INFO DAGScheduler: Submitting ResultStage 0 (PythonRDD[2] at collect at /home/bhakti/airflow/spark_jobs/spark_test.py:8), which has no missing parents
[2020-07-23 16:33:27,355] {logging_mixin.py:112} INFO - [2020-07-23 16:33:27,355] {spark_submit_hook.py:479} INFO - 20/07/23 16:33:27 INFO MemoryStore: Block broadcast_1 stored as values in memory (estimated size 7.4 KiB, free 366.0 MiB)
[2020-07-23 16:33:27,396] {logging_mixin.py:112} INFO - [2020-07-23 16:33:27,395] {spark_submit_hook.py:479} INFO - 20/07/23 16:33:27 INFO MemoryStore: Block broadcast_1_piece0 stored as bytes in memory (estimated size 4.4 KiB, free 366.0 MiB)
[2020-07-23 16:33:27,414] {logging_mixin.py:112} INFO - [2020-07-23 16:33:27,414] {spark_submit_hook.py:479} INFO - 20/07/23 16:33:27 INFO BlockManagerInfo: Added broadcast_1_piece0 in memory on 192.168.43.94:36897 (size: 4.4 KiB, free: 366.3 MiB)
[2020-07-23 16:33:27,423] {logging_mixin.py:112} INFO - [2020-07-23 16:33:27,423] {spark_submit_hook.py:479} INFO - 20/07/23 16:33:27 INFO SparkContext: Created broadcast 1 from broadcast at DAGScheduler.scala:1200
[2020-07-23 16:33:27,495] {logging_mixin.py:112} INFO - [2020-07-23 16:33:27,495] {spark_submit_hook.py:479} INFO - 20/07/23 16:33:27 INFO DAGScheduler: Submitting 1 missing tasks from ResultStage 0 (PythonRDD[2] at collect at /home/bhakti/airflow/spark_jobs/spark_test.py:8) (first 15 tasks are for partitions Vector(0))
[2020-07-23 16:33:27,498] {logging_mixin.py:112} INFO - [2020-07-23 16:33:27,498] {spark_submit_hook.py:479} INFO - 20/07/23 16:33:27 INFO TaskSchedulerImpl: Adding task set 0.0 with 1 tasks
[2020-07-23 16:33:27,822] {logging_mixin.py:112} INFO - [2020-07-23 16:33:27,822] {spark_submit_hook.py:479} INFO - 20/07/23 16:33:27 INFO TaskSetManager: Starting task 0.0 in stage 0.0 (TID 0, 192.168.43.94, executor driver, partition 0, PROCESS_LOCAL, 7388 bytes)
[2020-07-23 16:33:27,900] {logging_mixin.py:112} INFO - [2020-07-23 16:33:27,899] {spark_submit_hook.py:479} INFO - 20/07/23 16:33:27 INFO Executor: Running task 0.0 in stage 0.0 (TID 0)
[2020-07-23 16:33:29,092] {logging_mixin.py:112} INFO - [2020-07-23 16:33:29,091] {spark_submit_hook.py:479} INFO - 20/07/23 16:33:29 INFO HadoopRDD: Input split: file:/home/bhakti/airflow/input_data/sample.csv:0+93
[2020-07-23 16:33:30,887] {logging_mixin.py:112} INFO - [2020-07-23 16:33:30,887] {spark_submit_hook.py:479} INFO - 20/07/23 16:33:30 INFO PythonRunner: Times: total = 1731, boot = 1664, init = 67, finish = 0
[2020-07-23 16:33:31,069] {logging_mixin.py:112} INFO - [2020-07-23 16:33:31,069] {spark_submit_hook.py:479} INFO - 20/07/23 16:33:31 INFO Executor: Finished task 0.0 in stage 0.0 (TID 0). 1822 bytes result sent to driver
[2020-07-23 16:33:31,127] {logging_mixin.py:112} INFO - [2020-07-23 16:33:31,127] {spark_submit_hook.py:479} INFO - 20/07/23 16:33:31 INFO TaskSetManager: Finished task 0.0 in stage 0.0 (TID 0) in 3429 ms on 192.168.43.94 (executor driver) (1/1)
[2020-07-23 16:33:31,138] {logging_mixin.py:112} INFO - [2020-07-23 16:33:31,137] {spark_submit_hook.py:479} INFO - 20/07/23 16:33:31 INFO TaskSchedulerImpl: Removed TaskSet 0.0, whose tasks have all completed, from pool
[2020-07-23 16:33:31,146] {logging_mixin.py:112} INFO - [2020-07-23 16:33:31,146] {spark_submit_hook.py:479} INFO - 20/07/23 16:33:31 INFO PythonAccumulatorV2: Connected to AccumulatorServer at host: 127.0.0.1 port: 54415
[2020-07-23 16:33:31,184] {logging_mixin.py:112} INFO - [2020-07-23 16:33:31,184] {spark_submit_hook.py:479} INFO - 20/07/23 16:33:31 INFO DAGScheduler: ResultStage 0 (collect at /home/bhakti/airflow/spark_jobs/spark_test.py:8) finished in 3.845 s
[2020-07-23 16:33:31,238] {logging_mixin.py:112} INFO - [2020-07-23 16:33:31,237] {spark_submit_hook.py:479} INFO - 20/07/23 16:33:31 INFO DAGScheduler: Job 0 is finished. Cancelling potential speculative or zombie tasks for this job
[2020-07-23 16:33:31,249] {logging_mixin.py:112} INFO - [2020-07-23 16:33:31,248] {spark_submit_hook.py:479} INFO - 20/07/23 16:33:31 INFO TaskSchedulerImpl: Killing all running tasks in stage 0: Stage finished
[2020-07-23 16:33:31,254] {logging_mixin.py:112} INFO - [2020-07-23 16:33:31,253] {spark_submit_hook.py:479} INFO - 20/07/23 16:33:31 INFO DAGScheduler: Job 0 finished: collect at /home/bhakti/airflow/spark_jobs/spark_test.py:8, took 4.134018 s
[2020-07-23 16:33:31,323] {logging_mixin.py:112} INFO - [2020-07-23 16:33:31,321] {spark_submit_hook.py:479} INFO - [('PERSON', 'JOINING_YEAR', 'COMPANY'), ('John', '2018', 'Google'), ('Sam', '2017', 'IBM'), ('Jeff', '2014', 'Yahoo'), ('Allen', '2015', 'Facebook')]
[2020-07-23 16:33:33,306] {logging_mixin.py:112} INFO - [2020-07-23 16:33:33,305] {spark_submit_hook.py:479} INFO - 20/07/23 16:33:33 INFO BlockManagerInfo: Removed broadcast_0_piece0 on 192.168.43.94:36897 in memory (size: 23.4 KiB, free: 366.3 MiB)
[2020-07-23 16:33:33,400] {logging_mixin.py:112} INFO - [2020-07-23 16:33:33,400] {spark_submit_hook.py:479} INFO - 20/07/23 16:33:33 INFO BlockManagerInfo: Removed broadcast_1_piece0 on 192.168.43.94:36897 in memory (size: 4.4 KiB, free: 366.3 MiB)
[2020-07-23 16:33:33,885] {logging_mixin.py:112} INFO - [2020-07-23 16:33:33,885] {spark_submit_hook.py:479} INFO - 20/07/23 16:33:33 INFO SharedState: Setting hive.metastore.warehouse.dir ('null') to the value of spark.sql.warehouse.dir ('file:/home/bhakti/airflow/spark-warehouse').
[2020-07-23 16:33:33,887] {logging_mixin.py:112} INFO - [2020-07-23 16:33:33,886] {spark_submit_hook.py:479} INFO - 20/07/23 16:33:33 INFO SharedState: Warehouse path is 'file:/home/bhakti/airflow/spark-warehouse'.
[2020-07-23 16:33:45,092] {logging_mixin.py:112} INFO - [2020-07-23 16:33:45,092] {spark_submit_hook.py:479} INFO - 20/07/23 16:33:45 INFO CodeGenerator: Code generated in 1143.807374 ms
[2020-07-23 16:33:45,395] {logging_mixin.py:112} INFO - [2020-07-23 16:33:45,394] {spark_submit_hook.py:479} INFO - 20/07/23 16:33:45 INFO SparkContext: Starting job: showString at NativeMethodAccessorImpl.java:0
[2020-07-23 16:33:45,404] {logging_mixin.py:112} INFO - [2020-07-23 16:33:45,403] {spark_submit_hook.py:479} INFO - 20/07/23 16:33:45 INFO DAGScheduler: Got job 1 (showString at NativeMethodAccessorImpl.java:0) with 1 output partitions
[2020-07-23 16:33:45,404] {logging_mixin.py:112} INFO - [2020-07-23 16:33:45,404] {spark_submit_hook.py:479} INFO - 20/07/23 16:33:45 INFO DAGScheduler: Final stage: ResultStage 1 (showString at NativeMethodAccessorImpl.java:0)
[2020-07-23 16:33:45,405] {logging_mixin.py:112} INFO - [2020-07-23 16:33:45,404] {spark_submit_hook.py:479} INFO - 20/07/23 16:33:45 INFO DAGScheduler: Parents of final stage: List()
[2020-07-23 16:33:45,411] {logging_mixin.py:112} INFO - [2020-07-23 16:33:45,411] {spark_submit_hook.py:479} INFO - 20/07/23 16:33:45 INFO DAGScheduler: Missing parents: List()
[2020-07-23 16:33:45,432] {logging_mixin.py:112} INFO - [2020-07-23 16:33:45,432] {spark_submit_hook.py:479} INFO - 20/07/23 16:33:45 INFO DAGScheduler: Submitting ResultStage 1 (MapPartitionsRDD[9] at showString at NativeMethodAccessorImpl.java:0), which has no missing parents
[2020-07-23 16:33:45,596] {logging_mixin.py:112} INFO - [2020-07-23 16:33:45,595] {spark_submit_hook.py:479} INFO - 20/07/23 16:33:45 INFO MemoryStore: Block broadcast_2 stored as values in memory (estimated size 11.2 KiB, free 366.3 MiB)
[2020-07-23 16:33:45,615] {logging_mixin.py:112} INFO - [2020-07-23 16:33:45,614] {spark_submit_hook.py:479} INFO - 20/07/23 16:33:45 INFO MemoryStore: Block broadcast_2_piece0 stored as bytes in memory (estimated size 5.8 KiB, free 366.3 MiB)
[2020-07-23 16:33:45,617] {logging_mixin.py:112} INFO - [2020-07-23 16:33:45,617] {spark_submit_hook.py:479} INFO - 20/07/23 16:33:45 INFO BlockManagerInfo: Added broadcast_2_piece0 in memory on 192.168.43.94:36897 (size: 5.8 KiB, free: 366.3 MiB)
[2020-07-23 16:33:45,627] {logging_mixin.py:112} INFO - [2020-07-23 16:33:45,626] {spark_submit_hook.py:479} INFO - 20/07/23 16:33:45 INFO SparkContext: Created broadcast 2 from broadcast at DAGScheduler.scala:1200
[2020-07-23 16:33:45,650] {logging_mixin.py:112} INFO - [2020-07-23 16:33:45,650] {spark_submit_hook.py:479} INFO - 20/07/23 16:33:45 INFO DAGScheduler: Submitting 1 missing tasks from ResultStage 1 (MapPartitionsRDD[9] at showString at NativeMethodAccessorImpl.java:0) (first 15 tasks are for partitions Vector(0))
[2020-07-23 16:33:45,651] {logging_mixin.py:112} INFO - [2020-07-23 16:33:45,651] {spark_submit_hook.py:479} INFO - 20/07/23 16:33:45 INFO TaskSchedulerImpl: Adding task set 1.0 with 1 tasks
[2020-07-23 16:33:45,748] {logging_mixin.py:112} INFO - [2020-07-23 16:33:45,748] {spark_submit_hook.py:479} INFO - 20/07/23 16:33:45 INFO TaskSetManager: Starting task 0.0 in stage 1.0 (TID 1, 192.168.43.94, executor driver, partition 0, PROCESS_LOCAL, 7493 bytes)
[2020-07-23 16:33:45,748] {logging_mixin.py:112} INFO - [2020-07-23 16:33:45,748] {spark_submit_hook.py:479} INFO - 20/07/23 16:33:45 INFO Executor: Running task 0.0 in stage 1.0 (TID 1)
[2020-07-23 16:33:46,094] {logging_mixin.py:112} INFO - [2020-07-23 16:33:46,092] {spark_submit_hook.py:479} INFO - 20/07/23 16:33:46 INFO PythonRunner: Times: total = 8, boot = -15026, init = 15034, finish = 0
[2020-07-23 16:33:46,100] {logging_mixin.py:112} INFO - [2020-07-23 16:33:46,100] {spark_submit_hook.py:479} INFO - 20/07/23 16:33:46 INFO Executor: Finished task 0.0 in stage 1.0 (TID 1). 2235 bytes result sent to driver
[2020-07-23 16:33:46,124] {logging_mixin.py:112} INFO - [2020-07-23 16:33:46,124] {spark_submit_hook.py:479} INFO - 20/07/23 16:33:46 INFO TaskSetManager: Finished task 0.0 in stage 1.0 (TID 1) in 470 ms on 192.168.43.94 (executor driver) (1/1)
[2020-07-23 16:33:46,125] {logging_mixin.py:112} INFO - [2020-07-23 16:33:46,125] {spark_submit_hook.py:479} INFO - 20/07/23 16:33:46 INFO TaskSchedulerImpl: Removed TaskSet 1.0, whose tasks have all completed, from pool
[2020-07-23 16:33:46,130] {logging_mixin.py:112} INFO - [2020-07-23 16:33:46,130] {spark_submit_hook.py:479} INFO - 20/07/23 16:33:46 INFO DAGScheduler: ResultStage 1 (showString at NativeMethodAccessorImpl.java:0) finished in 0.679 s
[2020-07-23 16:33:46,131] {logging_mixin.py:112} INFO - [2020-07-23 16:33:46,130] {spark_submit_hook.py:479} INFO - 20/07/23 16:33:46 INFO DAGScheduler: Job 1 is finished. Cancelling potential speculative or zombie tasks for this job
[2020-07-23 16:33:46,132] {logging_mixin.py:112} INFO - [2020-07-23 16:33:46,131] {spark_submit_hook.py:479} INFO - 20/07/23 16:33:46 INFO TaskSchedulerImpl: Killing all running tasks in stage 1: Stage finished
[2020-07-23 16:33:46,133] {logging_mixin.py:112} INFO - [2020-07-23 16:33:46,132] {spark_submit_hook.py:479} INFO - 20/07/23 16:33:46 INFO DAGScheduler: Job 1 finished: showString at NativeMethodAccessorImpl.java:0, took 0.733257 s
[2020-07-23 16:33:46,546] {logging_mixin.py:112} INFO - [2020-07-23 16:33:46,546] {spark_submit_hook.py:479} INFO - 20/07/23 16:33:46 INFO CodeGenerator: Code generated in 177.944646 ms
[2020-07-23 16:33:46,612] {logging_mixin.py:112} INFO - [2020-07-23 16:33:46,611] {spark_submit_hook.py:479} INFO - +------+------------+--------+
[2020-07-23 16:33:46,612] {logging_mixin.py:112} INFO - [2020-07-23 16:33:46,612] {spark_submit_hook.py:479} INFO - |    _1|          _2|      _3|
[2020-07-23 16:33:46,613] {logging_mixin.py:112} INFO - [2020-07-23 16:33:46,613] {spark_submit_hook.py:479} INFO - +------+------------+--------+
[2020-07-23 16:33:46,616] {logging_mixin.py:112} INFO - [2020-07-23 16:33:46,613] {spark_submit_hook.py:479} INFO - |PERSON|JOINING_YEAR| COMPANY|
[2020-07-23 16:33:46,617] {logging_mixin.py:112} INFO - [2020-07-23 16:33:46,617] {spark_submit_hook.py:479} INFO - |  John|        2018|  Google|
[2020-07-23 16:33:46,617] {logging_mixin.py:112} INFO - [2020-07-23 16:33:46,617] {spark_submit_hook.py:479} INFO - |   Sam|        2017|     IBM|
[2020-07-23 16:33:46,630] {logging_mixin.py:112} INFO - [2020-07-23 16:33:46,629] {spark_submit_hook.py:479} INFO - |  Jeff|        2014|   Yahoo|
[2020-07-23 16:33:46,630] {logging_mixin.py:112} INFO - [2020-07-23 16:33:46,630] {spark_submit_hook.py:479} INFO - | Allen|        2015|Facebook|
[2020-07-23 16:33:46,630] {logging_mixin.py:112} INFO - [2020-07-23 16:33:46,630] {spark_submit_hook.py:479} INFO - +------+------------+--------+
[2020-07-23 16:33:46,630] {logging_mixin.py:112} INFO - [2020-07-23 16:33:46,630] {spark_submit_hook.py:479} INFO - 
[2020-07-23 16:33:46,817] {logging_mixin.py:112} INFO - [2020-07-23 16:33:46,817] {spark_submit_hook.py:479} INFO - 20/07/23 16:33:46 INFO SparkContext: Invoking stop() from shutdown hook
[2020-07-23 16:33:46,869] {logging_mixin.py:112} INFO - [2020-07-23 16:33:46,868] {spark_submit_hook.py:479} INFO - 20/07/23 16:33:46 INFO SparkUI: Stopped Spark web UI at http://192.168.43.94:4042
[2020-07-23 16:33:46,964] {logging_mixin.py:112} INFO - [2020-07-23 16:33:46,963] {spark_submit_hook.py:479} INFO - 20/07/23 16:33:46 INFO MapOutputTrackerMasterEndpoint: MapOutputTrackerMasterEndpoint stopped!
[2020-07-23 16:33:47,026] {logging_mixin.py:112} INFO - [2020-07-23 16:33:47,026] {spark_submit_hook.py:479} INFO - 20/07/23 16:33:47 INFO MemoryStore: MemoryStore cleared
[2020-07-23 16:33:47,034] {logging_mixin.py:112} INFO - [2020-07-23 16:33:47,033] {spark_submit_hook.py:479} INFO - 20/07/23 16:33:47 INFO BlockManager: BlockManager stopped
[2020-07-23 16:33:47,043] {logging_mixin.py:112} INFO - [2020-07-23 16:33:47,043] {spark_submit_hook.py:479} INFO - 20/07/23 16:33:47 INFO BlockManagerMaster: BlockManagerMaster stopped
[2020-07-23 16:33:47,077] {logging_mixin.py:112} INFO - [2020-07-23 16:33:47,077] {spark_submit_hook.py:479} INFO - 20/07/23 16:33:47 INFO OutputCommitCoordinator$OutputCommitCoordinatorEndpoint: OutputCommitCoordinator stopped!
[2020-07-23 16:33:47,258] {logging_mixin.py:112} INFO - [2020-07-23 16:33:47,257] {spark_submit_hook.py:479} INFO - 20/07/23 16:33:47 INFO SparkContext: Successfully stopped SparkContext
[2020-07-23 16:33:47,280] {logging_mixin.py:112} INFO - [2020-07-23 16:33:47,279] {spark_submit_hook.py:479} INFO - 20/07/23 16:33:47 INFO ShutdownHookManager: Shutdown hook called
[2020-07-23 16:33:47,298] {logging_mixin.py:112} INFO - [2020-07-23 16:33:47,297] {spark_submit_hook.py:479} INFO - 20/07/23 16:33:47 INFO ShutdownHookManager: Deleting directory /tmp/spark-40590fa5-3272-4ab4-abd9-24737f2b9c77
[2020-07-23 16:33:47,314] {logging_mixin.py:112} INFO - [2020-07-23 16:33:47,314] {spark_submit_hook.py:479} INFO - 20/07/23 16:33:47 INFO ShutdownHookManager: Deleting directory /tmp/spark-1e368d7d-db7f-41f5-87c5-13ee916f8993
[2020-07-23 16:33:47,340] {logging_mixin.py:112} INFO - [2020-07-23 16:33:47,340] {spark_submit_hook.py:479} INFO - 20/07/23 16:33:47 INFO ShutdownHookManager: Deleting directory /tmp/spark-40590fa5-3272-4ab4-abd9-24737f2b9c77/pyspark-644c9771-c68e-4853-b2f7-32ffd9a2f648
[2020-07-23 16:33:47,576] {taskinstance.py:1052} INFO - Marking task as SUCCESS.dag_id=submit_data, task_id=spark_submit, execution_date=20200721T022700, start_date=20200723T110313, end_date=20200723T110347
[2020-07-23 16:33:49,834] {logging_mixin.py:112} INFO - [2020-07-23 16:33:49,833] {local_task_job.py:103} INFO - Task exited with return code 0
