[2020-07-22 17:01:25,861] {taskinstance.py:669} INFO - Dependencies all met for <TaskInstance: submit_data.spark_submit 2020-07-20T07:07:00+00:00 [queued]>
[2020-07-22 17:01:25,898] {taskinstance.py:669} INFO - Dependencies all met for <TaskInstance: submit_data.spark_submit 2020-07-20T07:07:00+00:00 [queued]>
[2020-07-22 17:01:25,898] {taskinstance.py:879} INFO - 
--------------------------------------------------------------------------------
[2020-07-22 17:01:25,899] {taskinstance.py:880} INFO - Starting attempt 1 of 1
[2020-07-22 17:01:25,899] {taskinstance.py:881} INFO - 
--------------------------------------------------------------------------------
[2020-07-22 17:01:26,042] {taskinstance.py:900} INFO - Executing <Task(SparkSubmitOperator): spark_submit> on 2020-07-20T07:07:00+00:00
[2020-07-22 17:01:26,047] {standard_task_runner.py:53} INFO - Started process 619361 to run task
[2020-07-22 17:01:26,446] {logging_mixin.py:112} INFO - Running %s on host %s <TaskInstance: submit_data.spark_submit 2020-07-20T07:07:00+00:00 [running]> bhakti-Vostro-3558
[2020-07-22 17:01:26,529] {logging_mixin.py:112} INFO - [2020-07-22 17:01:26,528] {base_hook.py:87} INFO - Using connection to: id: spark_local. Host: local, Port: None, Schema: None, Login: None, Password: None, extra: None
[2020-07-22 17:01:26,531] {logging_mixin.py:112} INFO - [2020-07-22 17:01:26,531] {spark_submit_hook.py:325} INFO - Spark-Submit cmd: spark-submit --master local --name airflow-spark /home/bhakti/airflow/spark_jobs/spark_test.py
[2020-07-22 17:01:31,597] {logging_mixin.py:112} INFO - [2020-07-22 17:01:31,590] {spark_submit_hook.py:479} INFO - 20/07/22 17:01:31 WARN Utils: Your hostname, bhakti-Vostro-3558 resolves to a loopback address: 127.0.1.1; using 192.168.43.94 instead (on interface wlp6s0)
[2020-07-22 17:01:31,599] {logging_mixin.py:112} INFO - [2020-07-22 17:01:31,599] {spark_submit_hook.py:479} INFO - 20/07/22 17:01:31 WARN Utils: Set SPARK_LOCAL_IP if you need to bind to another address
[2020-07-22 17:01:33,546] {logging_mixin.py:112} INFO - [2020-07-22 17:01:33,545] {spark_submit_hook.py:479} INFO - 20/07/22 17:01:33 WARN NativeCodeLoader: Unable to load native-hadoop library for your platform... using builtin-java classes where applicable
[2020-07-22 17:01:36,044] {logging_mixin.py:112} INFO - [2020-07-22 17:01:36,044] {spark_submit_hook.py:479} INFO - File "/home/bhakti/airflow/spark_jobs/spark_test.py", line 14
[2020-07-22 17:01:36,045] {logging_mixin.py:112} INFO - [2020-07-22 17:01:36,044] {spark_submit_hook.py:479} INFO - print(rdd_data)
[2020-07-22 17:01:36,045] {logging_mixin.py:112} INFO - [2020-07-22 17:01:36,045] {spark_submit_hook.py:479} INFO - ^
[2020-07-22 17:01:36,045] {logging_mixin.py:112} INFO - [2020-07-22 17:01:36,045] {spark_submit_hook.py:479} INFO - SyntaxError: invalid syntax
[2020-07-22 17:01:36,179] {logging_mixin.py:112} INFO - [2020-07-22 17:01:36,178] {spark_submit_hook.py:479} INFO - log4j:WARN No appenders could be found for logger (org.apache.spark.util.ShutdownHookManager).
[2020-07-22 17:01:36,179] {logging_mixin.py:112} INFO - [2020-07-22 17:01:36,179] {spark_submit_hook.py:479} INFO - log4j:WARN Please initialize the log4j system properly.
[2020-07-22 17:01:36,180] {logging_mixin.py:112} INFO - [2020-07-22 17:01:36,180] {spark_submit_hook.py:479} INFO - log4j:WARN See http://logging.apache.org/log4j/1.2/faq.html#noconfig for more info.
[2020-07-22 17:01:36,269] {taskinstance.py:1145} ERROR - Cannot execute: spark-submit --master local --name airflow-spark /home/bhakti/airflow/spark_jobs/spark_test.py. Error code is: 1.
Traceback (most recent call last):
  File "/usr/local/lib/python3.8/dist-packages/airflow/models/taskinstance.py", line 983, in _run_raw_task
    result = task_copy.execute(context=context)
  File "/usr/local/lib/python3.8/dist-packages/airflow/contrib/operators/spark_submit_operator.py", line 187, in execute
    self._hook.submit(self._application)
  File "/usr/local/lib/python3.8/dist-packages/airflow/contrib/hooks/spark_submit_hook.py", line 403, in submit
    raise AirflowException(
airflow.exceptions.AirflowException: Cannot execute: spark-submit --master local --name airflow-spark /home/bhakti/airflow/spark_jobs/spark_test.py. Error code is: 1.
[2020-07-22 17:01:36,280] {taskinstance.py:1189} INFO - Marking task as FAILED.dag_id=submit_data, task_id=spark_submit, execution_date=20200720T070700, start_date=20200722T113125, end_date=20200722T113136
[2020-07-22 17:01:40,819] {logging_mixin.py:112} INFO - [2020-07-22 17:01:40,819] {local_task_job.py:103} INFO - Task exited with return code 1
