[2020-07-18 18:18:44,784] {taskinstance.py:669} INFO - Dependencies all met for <TaskInstance: storing_data.csv_to_db2 2020-07-18T12:47:38.829179+00:00 [queued]>
[2020-07-18 18:18:44,796] {taskinstance.py:669} INFO - Dependencies all met for <TaskInstance: storing_data.csv_to_db2 2020-07-18T12:47:38.829179+00:00 [queued]>
[2020-07-18 18:18:44,796] {taskinstance.py:879} INFO - 
--------------------------------------------------------------------------------
[2020-07-18 18:18:44,796] {taskinstance.py:880} INFO - Starting attempt 1 of 2
[2020-07-18 18:18:44,796] {taskinstance.py:881} INFO - 
--------------------------------------------------------------------------------
[2020-07-18 18:18:45,060] {taskinstance.py:900} INFO - Executing <Task(BashOperator): csv_to_db2> on 2020-07-18T12:47:38.829179+00:00
[2020-07-18 18:18:45,063] {standard_task_runner.py:53} INFO - Started process 230366 to run task
[2020-07-18 18:18:45,306] {logging_mixin.py:112} INFO - Running %s on host %s <TaskInstance: storing_data.csv_to_db2 2020-07-18T12:47:38.829179+00:00 [running]> bhakti-Vostro-3558
[2020-07-18 18:18:45,344] {bash_operator.py:82} INFO - Tmp dir root location: 
 /tmp
[2020-07-18 18:18:45,346] {bash_operator.py:103} INFO - Temporary script location: /tmp/airflowtmp93s1ck_t/csv_to_db29fi3s_lk
[2020-07-18 18:18:45,347] {bash_operator.py:115} INFO - Running command: #!/bin/bash -x
user=root
password=root
dbname=airflow_db2
host=mysql
port=3306
null=" "
if [ $password -ne $null ] && [ $dbname -ne $null ]
then
docker exec -it mysqlCon \
mysql -D$dbname -h$host -p$port -u$user -p$password -e'CREATE TABLE IF NOT EXISTS employees2(PERSON TEXT,JOINING_YEAR BIGINT, COMPANY TEXT);' -e'LOAD DATA INFILE "/input_files_mysql/sample.csv" INTO TABLE employees2 FIELDS TERMINATED BY "," LINES TERMINATED BY "\n" IGNORE 1 ROWS;'
echo "Task run successfully"
fi
[2020-07-18 18:18:45,358] {bash_operator.py:122} INFO - Output:
[2020-07-18 18:18:45,363] {bash_operator.py:126} INFO - /tmp/airflowtmp93s1ck_t/csv_to_db29fi3s_lk: line 8: [: root: unary operator expected
[2020-07-18 18:18:45,364] {bash_operator.py:128} INFO - Command exited with return code 0
[2020-07-18 18:18:45,375] {taskinstance.py:1052} INFO - Marking task as SUCCESS.dag_id=storing_data, task_id=csv_to_db2, execution_date=20200718T124738, start_date=20200718T124844, end_date=20200718T124845
[2020-07-18 18:18:54,627] {logging_mixin.py:112} INFO - [2020-07-18 18:18:54,626] {local_task_job.py:103} INFO - Task exited with return code 0
