[2020-07-22 17:59:59,330] {taskinstance.py:669} INFO - Dependencies all met for <TaskInstance: submit_data.spark_submit 2020-07-20T08:30:00+00:00 [queued]>
[2020-07-22 17:59:59,352] {taskinstance.py:669} INFO - Dependencies all met for <TaskInstance: submit_data.spark_submit 2020-07-20T08:30:00+00:00 [queued]>
[2020-07-22 17:59:59,352] {taskinstance.py:879} INFO - 
--------------------------------------------------------------------------------
[2020-07-22 17:59:59,352] {taskinstance.py:880} INFO - Starting attempt 1 of 1
[2020-07-22 17:59:59,353] {taskinstance.py:881} INFO - 
--------------------------------------------------------------------------------
[2020-07-22 17:59:59,558] {taskinstance.py:900} INFO - Executing <Task(SparkSubmitOperator): spark_submit> on 2020-07-20T08:30:00+00:00
[2020-07-22 17:59:59,572] {standard_task_runner.py:53} INFO - Started process 694372 to run task
[2020-07-22 17:59:59,860] {logging_mixin.py:112} INFO - Running %s on host %s <TaskInstance: submit_data.spark_submit 2020-07-20T08:30:00+00:00 [running]> bhakti-Vostro-3558
[2020-07-22 17:59:59,908] {logging_mixin.py:112} INFO - [2020-07-22 17:59:59,907] {base_hook.py:87} INFO - Using connection to: id: spark_local. Host: local, Port: None, Schema: None, Login: None, Password: None, extra: None
[2020-07-22 17:59:59,909] {logging_mixin.py:112} INFO - [2020-07-22 17:59:59,909] {spark_submit_hook.py:325} INFO - Spark-Submit cmd: spark-submit --master local --name airflow-spark /home/bhakti/airflow/spark_jobs/spark_test.py
[2020-07-22 18:00:02,452] {logging_mixin.py:112} INFO - [2020-07-22 18:00:02,451] {spark_submit_hook.py:479} INFO - 20/07/22 18:00:02 WARN Utils: Your hostname, bhakti-Vostro-3558 resolves to a loopback address: 127.0.1.1; using 192.168.43.94 instead (on interface wlp6s0)
[2020-07-22 18:00:02,452] {logging_mixin.py:112} INFO - [2020-07-22 18:00:02,452] {spark_submit_hook.py:479} INFO - 20/07/22 18:00:02 WARN Utils: Set SPARK_LOCAL_IP if you need to bind to another address
[2020-07-22 18:00:03,900] {logging_mixin.py:112} INFO - [2020-07-22 18:00:03,900] {spark_submit_hook.py:479} INFO - 20/07/22 18:00:03 WARN NativeCodeLoader: Unable to load native-hadoop library for your platform... using builtin-java classes where applicable
[2020-07-22 18:00:05,781] {logging_mixin.py:112} INFO - [2020-07-22 18:00:05,781] {spark_submit_hook.py:479} INFO - Using Spark's default log4j profile: org/apache/spark/log4j-defaults.properties
[2020-07-22 18:00:05,797] {logging_mixin.py:112} INFO - [2020-07-22 18:00:05,796] {spark_submit_hook.py:479} INFO - 20/07/22 18:00:05 INFO SparkContext: Running Spark version 3.0.0
[2020-07-22 18:00:05,871] {logging_mixin.py:112} INFO - [2020-07-22 18:00:05,870] {spark_submit_hook.py:479} INFO - 20/07/22 18:00:05 INFO ResourceUtils: ==============================================================
[2020-07-22 18:00:05,873] {logging_mixin.py:112} INFO - [2020-07-22 18:00:05,873] {spark_submit_hook.py:479} INFO - 20/07/22 18:00:05 INFO ResourceUtils: Resources for spark.driver:
[2020-07-22 18:00:05,873] {logging_mixin.py:112} INFO - [2020-07-22 18:00:05,873] {spark_submit_hook.py:479} INFO - 
[2020-07-22 18:00:05,874] {logging_mixin.py:112} INFO - [2020-07-22 18:00:05,874] {spark_submit_hook.py:479} INFO - 20/07/22 18:00:05 INFO ResourceUtils: ==============================================================
[2020-07-22 18:00:05,875] {logging_mixin.py:112} INFO - [2020-07-22 18:00:05,875] {spark_submit_hook.py:479} INFO - 20/07/22 18:00:05 INFO SparkContext: Submitted application: Spark_Test_Python
[2020-07-22 18:00:05,960] {logging_mixin.py:112} INFO - [2020-07-22 18:00:05,960] {spark_submit_hook.py:479} INFO - 20/07/22 18:00:05 INFO SecurityManager: Changing view acls to: bhakti
[2020-07-22 18:00:05,960] {logging_mixin.py:112} INFO - [2020-07-22 18:00:05,960] {spark_submit_hook.py:479} INFO - 20/07/22 18:00:05 INFO SecurityManager: Changing modify acls to: bhakti
[2020-07-22 18:00:05,961] {logging_mixin.py:112} INFO - [2020-07-22 18:00:05,961] {spark_submit_hook.py:479} INFO - 20/07/22 18:00:05 INFO SecurityManager: Changing view acls groups to:
[2020-07-22 18:00:05,961] {logging_mixin.py:112} INFO - [2020-07-22 18:00:05,961] {spark_submit_hook.py:479} INFO - 20/07/22 18:00:05 INFO SecurityManager: Changing modify acls groups to:
[2020-07-22 18:00:05,962] {logging_mixin.py:112} INFO - [2020-07-22 18:00:05,961] {spark_submit_hook.py:479} INFO - 20/07/22 18:00:05 INFO SecurityManager: SecurityManager: authentication disabled; ui acls disabled; users  with view permissions: Set(bhakti); groups with view permissions: Set(); users  with modify permissions: Set(bhakti); groups with modify permissions: Set()
[2020-07-22 18:00:06,370] {logging_mixin.py:112} INFO - [2020-07-22 18:00:06,370] {spark_submit_hook.py:479} INFO - 20/07/22 18:00:06 INFO Utils: Successfully started service 'sparkDriver' on port 45809.
[2020-07-22 18:00:06,435] {logging_mixin.py:112} INFO - [2020-07-22 18:00:06,435] {spark_submit_hook.py:479} INFO - 20/07/22 18:00:06 INFO SparkEnv: Registering MapOutputTracker
[2020-07-22 18:00:06,528] {logging_mixin.py:112} INFO - [2020-07-22 18:00:06,528] {spark_submit_hook.py:479} INFO - 20/07/22 18:00:06 INFO SparkEnv: Registering BlockManagerMaster
[2020-07-22 18:00:06,593] {logging_mixin.py:112} INFO - [2020-07-22 18:00:06,593] {spark_submit_hook.py:479} INFO - 20/07/22 18:00:06 INFO BlockManagerMasterEndpoint: Using org.apache.spark.storage.DefaultTopologyMapper for getting topology information
[2020-07-22 18:00:06,595] {logging_mixin.py:112} INFO - [2020-07-22 18:00:06,595] {spark_submit_hook.py:479} INFO - 20/07/22 18:00:06 INFO BlockManagerMasterEndpoint: BlockManagerMasterEndpoint up
[2020-07-22 18:00:06,604] {logging_mixin.py:112} INFO - [2020-07-22 18:00:06,604] {spark_submit_hook.py:479} INFO - 20/07/22 18:00:06 INFO SparkEnv: Registering BlockManagerMasterHeartbeat
[2020-07-22 18:00:06,637] {logging_mixin.py:112} INFO - [2020-07-22 18:00:06,637] {spark_submit_hook.py:479} INFO - 20/07/22 18:00:06 INFO DiskBlockManager: Created local directory at /tmp/blockmgr-f6ce0917-3047-45fd-98d2-1182a81f7bfd
[2020-07-22 18:00:06,697] {logging_mixin.py:112} INFO - [2020-07-22 18:00:06,697] {spark_submit_hook.py:479} INFO - 20/07/22 18:00:06 INFO MemoryStore: MemoryStore started with capacity 366.3 MiB
[2020-07-22 18:00:06,734] {logging_mixin.py:112} INFO - [2020-07-22 18:00:06,734] {spark_submit_hook.py:479} INFO - 20/07/22 18:00:06 INFO SparkEnv: Registering OutputCommitCoordinator
[2020-07-22 18:00:07,201] {logging_mixin.py:112} INFO - [2020-07-22 18:00:07,201] {spark_submit_hook.py:479} INFO - 20/07/22 18:00:07 INFO Utils: Successfully started service 'SparkUI' on port 4040.
[2020-07-22 18:00:07,289] {logging_mixin.py:112} INFO - [2020-07-22 18:00:07,289] {spark_submit_hook.py:479} INFO - 20/07/22 18:00:07 INFO SparkUI: Bound SparkUI to 0.0.0.0, and started at http://192.168.43.94:4040
[2020-07-22 18:00:07,778] {logging_mixin.py:112} INFO - [2020-07-22 18:00:07,778] {spark_submit_hook.py:479} INFO - 20/07/22 18:00:07 INFO Executor: Starting executor ID driver on host 192.168.43.94
[2020-07-22 18:00:07,835] {logging_mixin.py:112} INFO - [2020-07-22 18:00:07,834] {spark_submit_hook.py:479} INFO - 20/07/22 18:00:07 INFO Utils: Successfully started service 'org.apache.spark.network.netty.NettyBlockTransferService' on port 42113.
[2020-07-22 18:00:07,836] {logging_mixin.py:112} INFO - [2020-07-22 18:00:07,835] {spark_submit_hook.py:479} INFO - 20/07/22 18:00:07 INFO NettyBlockTransferService: Server created on 192.168.43.94:42113
[2020-07-22 18:00:07,839] {logging_mixin.py:112} INFO - [2020-07-22 18:00:07,839] {spark_submit_hook.py:479} INFO - 20/07/22 18:00:07 INFO BlockManager: Using org.apache.spark.storage.RandomBlockReplicationPolicy for block replication policy
[2020-07-22 18:00:07,857] {logging_mixin.py:112} INFO - [2020-07-22 18:00:07,857] {spark_submit_hook.py:479} INFO - 20/07/22 18:00:07 INFO BlockManagerMaster: Registering BlockManager BlockManagerId(driver, 192.168.43.94, 42113, None)
[2020-07-22 18:00:07,869] {logging_mixin.py:112} INFO - [2020-07-22 18:00:07,869] {spark_submit_hook.py:479} INFO - 20/07/22 18:00:07 INFO BlockManagerMasterEndpoint: Registering block manager 192.168.43.94:42113 with 366.3 MiB RAM, BlockManagerId(driver, 192.168.43.94, 42113, None)
[2020-07-22 18:00:07,875] {logging_mixin.py:112} INFO - [2020-07-22 18:00:07,874] {spark_submit_hook.py:479} INFO - 20/07/22 18:00:07 INFO BlockManagerMaster: Registered BlockManager BlockManagerId(driver, 192.168.43.94, 42113, None)
[2020-07-22 18:00:07,877] {logging_mixin.py:112} INFO - [2020-07-22 18:00:07,877] {spark_submit_hook.py:479} INFO - 20/07/22 18:00:07 INFO BlockManager: Initialized BlockManager: BlockManagerId(driver, 192.168.43.94, 42113, None)
[2020-07-22 18:00:09,465] {logging_mixin.py:112} INFO - [2020-07-22 18:00:09,465] {spark_submit_hook.py:479} INFO - 20/07/22 18:00:09 INFO MemoryStore: Block broadcast_0 stored as values in memory (estimated size 241.5 KiB, free 366.1 MiB)
[2020-07-22 18:00:09,656] {logging_mixin.py:112} INFO - [2020-07-22 18:00:09,656] {spark_submit_hook.py:479} INFO - 20/07/22 18:00:09 INFO MemoryStore: Block broadcast_0_piece0 stored as bytes in memory (estimated size 23.4 KiB, free 366.0 MiB)
[2020-07-22 18:00:09,662] {logging_mixin.py:112} INFO - [2020-07-22 18:00:09,661] {spark_submit_hook.py:479} INFO - 20/07/22 18:00:09 INFO BlockManagerInfo: Added broadcast_0_piece0 in memory on 192.168.43.94:42113 (size: 23.4 KiB, free: 366.3 MiB)
[2020-07-22 18:00:09,674] {logging_mixin.py:112} INFO - [2020-07-22 18:00:09,674] {spark_submit_hook.py:479} INFO - 20/07/22 18:00:09 INFO SparkContext: Created broadcast 0 from textFile at NativeMethodAccessorImpl.java:0
[2020-07-22 18:00:09,974] {logging_mixin.py:112} INFO - [2020-07-22 18:00:09,973] {spark_submit_hook.py:479} INFO - 20/07/22 18:00:09 INFO FileInputFormat: Total input paths to process : 1
[2020-07-22 18:00:10,106] {logging_mixin.py:112} INFO - [2020-07-22 18:00:10,106] {spark_submit_hook.py:479} INFO - 20/07/22 18:00:10 INFO SparkContext: Starting job: collect at /home/bhakti/airflow/spark_jobs/spark_test.py:8
[2020-07-22 18:00:10,136] {logging_mixin.py:112} INFO - [2020-07-22 18:00:10,136] {spark_submit_hook.py:479} INFO - 20/07/22 18:00:10 INFO DAGScheduler: Got job 0 (collect at /home/bhakti/airflow/spark_jobs/spark_test.py:8) with 1 output partitions
[2020-07-22 18:00:10,137] {logging_mixin.py:112} INFO - [2020-07-22 18:00:10,137] {spark_submit_hook.py:479} INFO - 20/07/22 18:00:10 INFO DAGScheduler: Final stage: ResultStage 0 (collect at /home/bhakti/airflow/spark_jobs/spark_test.py:8)
[2020-07-22 18:00:10,138] {logging_mixin.py:112} INFO - [2020-07-22 18:00:10,138] {spark_submit_hook.py:479} INFO - 20/07/22 18:00:10 INFO DAGScheduler: Parents of final stage: List()
[2020-07-22 18:00:10,142] {logging_mixin.py:112} INFO - [2020-07-22 18:00:10,141] {spark_submit_hook.py:479} INFO - 20/07/22 18:00:10 INFO DAGScheduler: Missing parents: List()
[2020-07-22 18:00:10,154] {logging_mixin.py:112} INFO - [2020-07-22 18:00:10,154] {spark_submit_hook.py:479} INFO - 20/07/22 18:00:10 INFO DAGScheduler: Submitting ResultStage 0 (PythonRDD[2] at collect at /home/bhakti/airflow/spark_jobs/spark_test.py:8), which has no missing parents
[2020-07-22 18:00:10,215] {logging_mixin.py:112} INFO - [2020-07-22 18:00:10,215] {spark_submit_hook.py:479} INFO - 20/07/22 18:00:10 INFO MemoryStore: Block broadcast_1 stored as values in memory (estimated size 7.4 KiB, free 366.0 MiB)
[2020-07-22 18:00:10,228] {logging_mixin.py:112} INFO - [2020-07-22 18:00:10,227] {spark_submit_hook.py:479} INFO - 20/07/22 18:00:10 INFO MemoryStore: Block broadcast_1_piece0 stored as bytes in memory (estimated size 4.4 KiB, free 366.0 MiB)
[2020-07-22 18:00:10,229] {logging_mixin.py:112} INFO - [2020-07-22 18:00:10,229] {spark_submit_hook.py:479} INFO - 20/07/22 18:00:10 INFO BlockManagerInfo: Added broadcast_1_piece0 in memory on 192.168.43.94:42113 (size: 4.4 KiB, free: 366.3 MiB)
[2020-07-22 18:00:10,231] {logging_mixin.py:112} INFO - [2020-07-22 18:00:10,231] {spark_submit_hook.py:479} INFO - 20/07/22 18:00:10 INFO SparkContext: Created broadcast 1 from broadcast at DAGScheduler.scala:1200
[2020-07-22 18:00:10,263] {logging_mixin.py:112} INFO - [2020-07-22 18:00:10,263] {spark_submit_hook.py:479} INFO - 20/07/22 18:00:10 INFO DAGScheduler: Submitting 1 missing tasks from ResultStage 0 (PythonRDD[2] at collect at /home/bhakti/airflow/spark_jobs/spark_test.py:8) (first 15 tasks are for partitions Vector(0))
[2020-07-22 18:00:10,267] {logging_mixin.py:112} INFO - [2020-07-22 18:00:10,266] {spark_submit_hook.py:479} INFO - 20/07/22 18:00:10 INFO TaskSchedulerImpl: Adding task set 0.0 with 1 tasks
[2020-07-22 18:00:10,397] {logging_mixin.py:112} INFO - [2020-07-22 18:00:10,397] {spark_submit_hook.py:479} INFO - 20/07/22 18:00:10 INFO TaskSetManager: Starting task 0.0 in stage 0.0 (TID 0, 192.168.43.94, executor driver, partition 0, PROCESS_LOCAL, 7388 bytes)
[2020-07-22 18:00:10,429] {logging_mixin.py:112} INFO - [2020-07-22 18:00:10,428] {spark_submit_hook.py:479} INFO - 20/07/22 18:00:10 INFO Executor: Running task 0.0 in stage 0.0 (TID 0)
[2020-07-22 18:00:11,243] {logging_mixin.py:112} INFO - [2020-07-22 18:00:11,243] {spark_submit_hook.py:479} INFO - 20/07/22 18:00:11 INFO HadoopRDD: Input split: file:/home/bhakti/airflow/input_data/sample.csv:0+93
[2020-07-22 18:00:12,017] {logging_mixin.py:112} INFO - [2020-07-22 18:00:12,016] {spark_submit_hook.py:479} INFO - 20/07/22 18:00:12 INFO PythonRunner: Times: total = 734, boot = 715, init = 18, finish = 1
[2020-07-22 18:00:12,061] {logging_mixin.py:112} INFO - [2020-07-22 18:00:12,061] {spark_submit_hook.py:479} INFO - 20/07/22 18:00:12 INFO Executor: Finished task 0.0 in stage 0.0 (TID 0). 1822 bytes result sent to driver
[2020-07-22 18:00:12,091] {logging_mixin.py:112} INFO - [2020-07-22 18:00:12,090] {spark_submit_hook.py:479} INFO - 20/07/22 18:00:12 INFO TaskSetManager: Finished task 0.0 in stage 0.0 (TID 0) in 1726 ms on 192.168.43.94 (executor driver) (1/1)
[2020-07-22 18:00:12,099] {logging_mixin.py:112} INFO - [2020-07-22 18:00:12,099] {spark_submit_hook.py:479} INFO - 20/07/22 18:00:12 INFO TaskSchedulerImpl: Removed TaskSet 0.0, whose tasks have all completed, from pool
[2020-07-22 18:00:12,104] {logging_mixin.py:112} INFO - [2020-07-22 18:00:12,103] {spark_submit_hook.py:479} INFO - 20/07/22 18:00:12 INFO PythonAccumulatorV2: Connected to AccumulatorServer at host: 127.0.0.1 port: 58761
[2020-07-22 18:00:12,114] {logging_mixin.py:112} INFO - [2020-07-22 18:00:12,114] {spark_submit_hook.py:479} INFO - 20/07/22 18:00:12 INFO DAGScheduler: ResultStage 0 (collect at /home/bhakti/airflow/spark_jobs/spark_test.py:8) finished in 1.918 s
[2020-07-22 18:00:12,125] {logging_mixin.py:112} INFO - [2020-07-22 18:00:12,124] {spark_submit_hook.py:479} INFO - 20/07/22 18:00:12 INFO DAGScheduler: Job 0 is finished. Cancelling potential speculative or zombie tasks for this job
[2020-07-22 18:00:12,126] {logging_mixin.py:112} INFO - [2020-07-22 18:00:12,125] {spark_submit_hook.py:479} INFO - 20/07/22 18:00:12 INFO TaskSchedulerImpl: Killing all running tasks in stage 0: Stage finished
[2020-07-22 18:00:12,130] {logging_mixin.py:112} INFO - [2020-07-22 18:00:12,130] {spark_submit_hook.py:479} INFO - 20/07/22 18:00:12 INFO DAGScheduler: Job 0 finished: collect at /home/bhakti/airflow/spark_jobs/spark_test.py:8, took 2.022746 s
[2020-07-22 18:00:12,146] {logging_mixin.py:112} INFO - [2020-07-22 18:00:12,146] {spark_submit_hook.py:479} INFO - [('PERSON', 'JOINING_YEAR', 'COMPANY'), ('John', '2018', 'Google'), ('Sam', '2017', 'IBM'), ('Jeff', '2014', 'Yahoo'), ('Allen', '2015', 'Facebook')]
[2020-07-22 18:00:12,863] {logging_mixin.py:112} INFO - [2020-07-22 18:00:12,862] {spark_submit_hook.py:479} INFO - 20/07/22 18:00:12 INFO BlockManagerInfo: Removed broadcast_1_piece0 on 192.168.43.94:42113 in memory (size: 4.4 KiB, free: 366.3 MiB)
[2020-07-22 18:00:12,880] {logging_mixin.py:112} INFO - [2020-07-22 18:00:12,880] {spark_submit_hook.py:479} INFO - 20/07/22 18:00:12 INFO BlockManagerInfo: Removed broadcast_0_piece0 on 192.168.43.94:42113 in memory (size: 23.4 KiB, free: 366.3 MiB)
[2020-07-22 18:00:13,010] {logging_mixin.py:112} INFO - [2020-07-22 18:00:13,009] {spark_submit_hook.py:479} INFO - 20/07/22 18:00:13 INFO SharedState: Setting hive.metastore.warehouse.dir ('null') to the value of spark.sql.warehouse.dir ('file:/home/bhakti/airflow/spark-warehouse').
[2020-07-22 18:00:13,011] {logging_mixin.py:112} INFO - [2020-07-22 18:00:13,010] {spark_submit_hook.py:479} INFO - 20/07/22 18:00:13 INFO SharedState: Warehouse path is 'file:/home/bhakti/airflow/spark-warehouse'.
[2020-07-22 18:00:17,540] {logging_mixin.py:112} INFO - [2020-07-22 18:00:17,539] {spark_submit_hook.py:479} INFO - 20/07/22 18:00:17 INFO CodeGenerator: Code generated in 329.156423 ms
[2020-07-22 18:00:17,654] {logging_mixin.py:112} INFO - [2020-07-22 18:00:17,653] {spark_submit_hook.py:479} INFO - 20/07/22 18:00:17 INFO SparkContext: Starting job: showString at NativeMethodAccessorImpl.java:0
[2020-07-22 18:00:17,658] {logging_mixin.py:112} INFO - [2020-07-22 18:00:17,658] {spark_submit_hook.py:479} INFO - 20/07/22 18:00:17 INFO DAGScheduler: Got job 1 (showString at NativeMethodAccessorImpl.java:0) with 1 output partitions
[2020-07-22 18:00:17,659] {logging_mixin.py:112} INFO - [2020-07-22 18:00:17,659] {spark_submit_hook.py:479} INFO - 20/07/22 18:00:17 INFO DAGScheduler: Final stage: ResultStage 1 (showString at NativeMethodAccessorImpl.java:0)
[2020-07-22 18:00:17,659] {logging_mixin.py:112} INFO - [2020-07-22 18:00:17,659] {spark_submit_hook.py:479} INFO - 20/07/22 18:00:17 INFO DAGScheduler: Parents of final stage: List()
[2020-07-22 18:00:17,660] {logging_mixin.py:112} INFO - [2020-07-22 18:00:17,659] {spark_submit_hook.py:479} INFO - 20/07/22 18:00:17 INFO DAGScheduler: Missing parents: List()
[2020-07-22 18:00:17,668] {logging_mixin.py:112} INFO - [2020-07-22 18:00:17,667] {spark_submit_hook.py:479} INFO - 20/07/22 18:00:17 INFO DAGScheduler: Submitting ResultStage 1 (MapPartitionsRDD[9] at showString at NativeMethodAccessorImpl.java:0), which has no missing parents
[2020-07-22 18:00:17,717] {logging_mixin.py:112} INFO - [2020-07-22 18:00:17,717] {spark_submit_hook.py:479} INFO - 20/07/22 18:00:17 INFO MemoryStore: Block broadcast_2 stored as values in memory (estimated size 11.2 KiB, free 366.3 MiB)
[2020-07-22 18:00:17,726] {logging_mixin.py:112} INFO - [2020-07-22 18:00:17,726] {spark_submit_hook.py:479} INFO - 20/07/22 18:00:17 INFO MemoryStore: Block broadcast_2_piece0 stored as bytes in memory (estimated size 5.8 KiB, free 366.3 MiB)
[2020-07-22 18:00:17,728] {logging_mixin.py:112} INFO - [2020-07-22 18:00:17,727] {spark_submit_hook.py:479} INFO - 20/07/22 18:00:17 INFO BlockManagerInfo: Added broadcast_2_piece0 in memory on 192.168.43.94:42113 (size: 5.8 KiB, free: 366.3 MiB)
[2020-07-22 18:00:17,730] {logging_mixin.py:112} INFO - [2020-07-22 18:00:17,729] {spark_submit_hook.py:479} INFO - 20/07/22 18:00:17 INFO SparkContext: Created broadcast 2 from broadcast at DAGScheduler.scala:1200
[2020-07-22 18:00:17,733] {logging_mixin.py:112} INFO - [2020-07-22 18:00:17,733] {spark_submit_hook.py:479} INFO - 20/07/22 18:00:17 INFO DAGScheduler: Submitting 1 missing tasks from ResultStage 1 (MapPartitionsRDD[9] at showString at NativeMethodAccessorImpl.java:0) (first 15 tasks are for partitions Vector(0))
[2020-07-22 18:00:17,734] {logging_mixin.py:112} INFO - [2020-07-22 18:00:17,733] {spark_submit_hook.py:479} INFO - 20/07/22 18:00:17 INFO TaskSchedulerImpl: Adding task set 1.0 with 1 tasks
[2020-07-22 18:00:17,765] {logging_mixin.py:112} INFO - [2020-07-22 18:00:17,765] {spark_submit_hook.py:479} INFO - 20/07/22 18:00:17 INFO TaskSetManager: Starting task 0.0 in stage 1.0 (TID 1, 192.168.43.94, executor driver, partition 0, PROCESS_LOCAL, 7493 bytes)
[2020-07-22 18:00:17,766] {logging_mixin.py:112} INFO - [2020-07-22 18:00:17,766] {spark_submit_hook.py:479} INFO - 20/07/22 18:00:17 INFO Executor: Running task 0.0 in stage 1.0 (TID 1)
[2020-07-22 18:00:17,860] {logging_mixin.py:112} INFO - [2020-07-22 18:00:17,860] {spark_submit_hook.py:479} INFO - 20/07/22 18:00:17 INFO PythonRunner: Times: total = 3, boot = -5802, init = 5804, finish = 1
[2020-07-22 18:00:17,865] {logging_mixin.py:112} INFO - [2020-07-22 18:00:17,865] {spark_submit_hook.py:479} INFO - 20/07/22 18:00:17 INFO Executor: Finished task 0.0 in stage 1.0 (TID 1). 2192 bytes result sent to driver
[2020-07-22 18:00:17,868] {logging_mixin.py:112} INFO - [2020-07-22 18:00:17,868] {spark_submit_hook.py:479} INFO - 20/07/22 18:00:17 INFO TaskSetManager: Finished task 0.0 in stage 1.0 (TID 1) in 132 ms on 192.168.43.94 (executor driver) (1/1)
[2020-07-22 18:00:17,868] {logging_mixin.py:112} INFO - [2020-07-22 18:00:17,868] {spark_submit_hook.py:479} INFO - 20/07/22 18:00:17 INFO TaskSchedulerImpl: Removed TaskSet 1.0, whose tasks have all completed, from pool
[2020-07-22 18:00:17,875] {logging_mixin.py:112} INFO - [2020-07-22 18:00:17,874] {spark_submit_hook.py:479} INFO - 20/07/22 18:00:17 INFO DAGScheduler: ResultStage 1 (showString at NativeMethodAccessorImpl.java:0) finished in 0.199 s
[2020-07-22 18:00:17,875] {logging_mixin.py:112} INFO - [2020-07-22 18:00:17,875] {spark_submit_hook.py:479} INFO - 20/07/22 18:00:17 INFO DAGScheduler: Job 1 is finished. Cancelling potential speculative or zombie tasks for this job
[2020-07-22 18:00:17,875] {logging_mixin.py:112} INFO - [2020-07-22 18:00:17,875] {spark_submit_hook.py:479} INFO - 20/07/22 18:00:17 INFO TaskSchedulerImpl: Killing all running tasks in stage 1: Stage finished
[2020-07-22 18:00:17,876] {logging_mixin.py:112} INFO - [2020-07-22 18:00:17,876] {spark_submit_hook.py:479} INFO - 20/07/22 18:00:17 INFO DAGScheduler: Job 1 finished: showString at NativeMethodAccessorImpl.java:0, took 0.221392 s
[2020-07-22 18:00:17,956] {logging_mixin.py:112} INFO - [2020-07-22 18:00:17,956] {spark_submit_hook.py:479} INFO - 20/07/22 18:00:17 INFO CodeGenerator: Code generated in 40.912287 ms
[2020-07-22 18:00:17,979] {logging_mixin.py:112} INFO - [2020-07-22 18:00:17,979] {spark_submit_hook.py:479} INFO - +------+------------+--------+
[2020-07-22 18:00:17,980] {logging_mixin.py:112} INFO - [2020-07-22 18:00:17,979] {spark_submit_hook.py:479} INFO - |    _1|          _2|      _3|
[2020-07-22 18:00:17,980] {logging_mixin.py:112} INFO - [2020-07-22 18:00:17,980] {spark_submit_hook.py:479} INFO - +------+------------+--------+
[2020-07-22 18:00:17,980] {logging_mixin.py:112} INFO - [2020-07-22 18:00:17,980] {spark_submit_hook.py:479} INFO - |PERSON|JOINING_YEAR| COMPANY|
[2020-07-22 18:00:17,981] {logging_mixin.py:112} INFO - [2020-07-22 18:00:17,980] {spark_submit_hook.py:479} INFO - |  John|        2018|  Google|
[2020-07-22 18:00:17,981] {logging_mixin.py:112} INFO - [2020-07-22 18:00:17,981] {spark_submit_hook.py:479} INFO - |   Sam|        2017|     IBM|
[2020-07-22 18:00:17,981] {logging_mixin.py:112} INFO - [2020-07-22 18:00:17,981] {spark_submit_hook.py:479} INFO - |  Jeff|        2014|   Yahoo|
[2020-07-22 18:00:17,982] {logging_mixin.py:112} INFO - [2020-07-22 18:00:17,981] {spark_submit_hook.py:479} INFO - | Allen|        2015|Facebook|
[2020-07-22 18:00:17,982] {logging_mixin.py:112} INFO - [2020-07-22 18:00:17,982] {spark_submit_hook.py:479} INFO - +------+------------+--------+
[2020-07-22 18:00:17,982] {logging_mixin.py:112} INFO - [2020-07-22 18:00:17,982] {spark_submit_hook.py:479} INFO - 
[2020-07-22 18:00:18,085] {logging_mixin.py:112} INFO - [2020-07-22 18:00:18,085] {spark_submit_hook.py:479} INFO - 20/07/22 18:00:18 INFO SparkContext: Invoking stop() from shutdown hook
[2020-07-22 18:00:18,097] {logging_mixin.py:112} INFO - [2020-07-22 18:00:18,097] {spark_submit_hook.py:479} INFO - 20/07/22 18:00:18 INFO SparkUI: Stopped Spark web UI at http://192.168.43.94:4040
[2020-07-22 18:00:18,122] {logging_mixin.py:112} INFO - [2020-07-22 18:00:18,122] {spark_submit_hook.py:479} INFO - 20/07/22 18:00:18 INFO MapOutputTrackerMasterEndpoint: MapOutputTrackerMasterEndpoint stopped!
[2020-07-22 18:00:18,141] {logging_mixin.py:112} INFO - [2020-07-22 18:00:18,140] {spark_submit_hook.py:479} INFO - 20/07/22 18:00:18 INFO MemoryStore: MemoryStore cleared
[2020-07-22 18:00:18,143] {logging_mixin.py:112} INFO - [2020-07-22 18:00:18,143] {spark_submit_hook.py:479} INFO - 20/07/22 18:00:18 INFO BlockManager: BlockManager stopped
[2020-07-22 18:00:18,159] {logging_mixin.py:112} INFO - [2020-07-22 18:00:18,159] {spark_submit_hook.py:479} INFO - 20/07/22 18:00:18 INFO BlockManagerMaster: BlockManagerMaster stopped
[2020-07-22 18:00:18,162] {logging_mixin.py:112} INFO - [2020-07-22 18:00:18,162] {spark_submit_hook.py:479} INFO - 20/07/22 18:00:18 INFO OutputCommitCoordinator$OutputCommitCoordinatorEndpoint: OutputCommitCoordinator stopped!
[2020-07-22 18:00:18,203] {logging_mixin.py:112} INFO - [2020-07-22 18:00:18,203] {spark_submit_hook.py:479} INFO - 20/07/22 18:00:18 INFO SparkContext: Successfully stopped SparkContext
[2020-07-22 18:00:18,204] {logging_mixin.py:112} INFO - [2020-07-22 18:00:18,203] {spark_submit_hook.py:479} INFO - 20/07/22 18:00:18 INFO ShutdownHookManager: Shutdown hook called
[2020-07-22 18:00:18,208] {logging_mixin.py:112} INFO - [2020-07-22 18:00:18,208] {spark_submit_hook.py:479} INFO - 20/07/22 18:00:18 INFO ShutdownHookManager: Deleting directory /tmp/spark-a52c2e6d-e847-4a9e-adee-5aff0390faaa
[2020-07-22 18:00:18,216] {logging_mixin.py:112} INFO - [2020-07-22 18:00:18,216] {spark_submit_hook.py:479} INFO - 20/07/22 18:00:18 INFO ShutdownHookManager: Deleting directory /tmp/spark-a52c2e6d-e847-4a9e-adee-5aff0390faaa/pyspark-989e2f80-b971-43f5-b57a-7b4eedd3b634
[2020-07-22 18:00:18,219] {logging_mixin.py:112} INFO - [2020-07-22 18:00:18,219] {spark_submit_hook.py:479} INFO - 20/07/22 18:00:18 INFO ShutdownHookManager: Deleting directory /tmp/spark-44d04aac-d903-4a0b-967d-ed8d9dd11ebb
[2020-07-22 18:00:18,270] {taskinstance.py:1052} INFO - Marking task as SUCCESS.dag_id=submit_data, task_id=spark_submit, execution_date=20200720T083000, start_date=20200722T122959, end_date=20200722T123018
[2020-07-22 18:00:19,487] {logging_mixin.py:112} INFO - [2020-07-22 18:00:19,487] {local_task_job.py:103} INFO - Task exited with return code 0
