[2020-07-22 16:30:41,375] {taskinstance.py:669} INFO - Dependencies all met for <TaskInstance: submit_data.spark_submit 2020-07-20T06:27:00+00:00 [queued]>
[2020-07-22 16:30:41,398] {taskinstance.py:669} INFO - Dependencies all met for <TaskInstance: submit_data.spark_submit 2020-07-20T06:27:00+00:00 [queued]>
[2020-07-22 16:30:41,399] {taskinstance.py:879} INFO - 
--------------------------------------------------------------------------------
[2020-07-22 16:30:41,399] {taskinstance.py:880} INFO - Starting attempt 1 of 1
[2020-07-22 16:30:41,399] {taskinstance.py:881} INFO - 
--------------------------------------------------------------------------------
[2020-07-22 16:30:41,547] {taskinstance.py:900} INFO - Executing <Task(SparkSubmitOperator): spark_submit> on 2020-07-20T06:27:00+00:00
[2020-07-22 16:30:41,552] {standard_task_runner.py:53} INFO - Started process 582253 to run task
[2020-07-22 16:30:41,791] {logging_mixin.py:112} INFO - Running %s on host %s <TaskInstance: submit_data.spark_submit 2020-07-20T06:27:00+00:00 [running]> bhakti-Vostro-3558
[2020-07-22 16:30:41,901] {logging_mixin.py:112} INFO - [2020-07-22 16:30:41,901] {base_hook.py:87} INFO - Using connection to: id: spark_local. Host: local, Port: None, Schema: None, Login: None, Password: None, extra: None
[2020-07-22 16:30:41,904] {logging_mixin.py:112} INFO - [2020-07-22 16:30:41,904] {spark_submit_hook.py:325} INFO - Spark-Submit cmd: spark-submit --master local --name airflow-spark /home/bhakti/airflow/spark_jobs/python/spark_test.py
[2020-07-22 16:30:45,458] {logging_mixin.py:112} INFO - [2020-07-22 16:30:45,457] {spark_submit_hook.py:479} INFO - 20/07/22 16:30:45 WARN Utils: Your hostname, bhakti-Vostro-3558 resolves to a loopback address: 127.0.1.1; using 192.168.43.94 instead (on interface wlp6s0)
[2020-07-22 16:30:45,461] {logging_mixin.py:112} INFO - [2020-07-22 16:30:45,461] {spark_submit_hook.py:479} INFO - 20/07/22 16:30:45 WARN Utils: Set SPARK_LOCAL_IP if you need to bind to another address
[2020-07-22 16:30:47,444] {logging_mixin.py:112} INFO - [2020-07-22 16:30:47,444] {spark_submit_hook.py:479} INFO - 20/07/22 16:30:47 WARN NativeCodeLoader: Unable to load native-hadoop library for your platform... using builtin-java classes where applicable
[2020-07-22 16:30:49,487] {logging_mixin.py:112} INFO - [2020-07-22 16:30:49,487] {spark_submit_hook.py:479} INFO - Using Spark's default log4j profile: org/apache/spark/log4j-defaults.properties
[2020-07-22 16:30:49,502] {logging_mixin.py:112} INFO - [2020-07-22 16:30:49,502] {spark_submit_hook.py:479} INFO - 20/07/22 16:30:49 INFO SparkContext: Running Spark version 3.0.0
[2020-07-22 16:30:49,572] {logging_mixin.py:112} INFO - [2020-07-22 16:30:49,571] {spark_submit_hook.py:479} INFO - 20/07/22 16:30:49 INFO ResourceUtils: ==============================================================
[2020-07-22 16:30:49,574] {logging_mixin.py:112} INFO - [2020-07-22 16:30:49,573] {spark_submit_hook.py:479} INFO - 20/07/22 16:30:49 INFO ResourceUtils: Resources for spark.driver:
[2020-07-22 16:30:49,574] {logging_mixin.py:112} INFO - [2020-07-22 16:30:49,574] {spark_submit_hook.py:479} INFO - 
[2020-07-22 16:30:49,574] {logging_mixin.py:112} INFO - [2020-07-22 16:30:49,574] {spark_submit_hook.py:479} INFO - 20/07/22 16:30:49 INFO ResourceUtils: ==============================================================
[2020-07-22 16:30:49,576] {logging_mixin.py:112} INFO - [2020-07-22 16:30:49,576] {spark_submit_hook.py:479} INFO - 20/07/22 16:30:49 INFO SparkContext: Submitted application: Spark_Test_Python
[2020-07-22 16:30:49,665] {logging_mixin.py:112} INFO - [2020-07-22 16:30:49,665] {spark_submit_hook.py:479} INFO - 20/07/22 16:30:49 INFO SecurityManager: Changing view acls to: bhakti
[2020-07-22 16:30:49,665] {logging_mixin.py:112} INFO - [2020-07-22 16:30:49,665] {spark_submit_hook.py:479} INFO - 20/07/22 16:30:49 INFO SecurityManager: Changing modify acls to: bhakti
[2020-07-22 16:30:49,666] {logging_mixin.py:112} INFO - [2020-07-22 16:30:49,665] {spark_submit_hook.py:479} INFO - 20/07/22 16:30:49 INFO SecurityManager: Changing view acls groups to:
[2020-07-22 16:30:49,666] {logging_mixin.py:112} INFO - [2020-07-22 16:30:49,666] {spark_submit_hook.py:479} INFO - 20/07/22 16:30:49 INFO SecurityManager: Changing modify acls groups to:
[2020-07-22 16:30:49,666] {logging_mixin.py:112} INFO - [2020-07-22 16:30:49,666] {spark_submit_hook.py:479} INFO - 20/07/22 16:30:49 INFO SecurityManager: SecurityManager: authentication disabled; ui acls disabled; users  with view permissions: Set(bhakti); groups with view permissions: Set(); users  with modify permissions: Set(bhakti); groups with modify permissions: Set()
[2020-07-22 16:30:50,147] {logging_mixin.py:112} INFO - [2020-07-22 16:30:50,146] {spark_submit_hook.py:479} INFO - 20/07/22 16:30:50 INFO Utils: Successfully started service 'sparkDriver' on port 35205.
[2020-07-22 16:30:50,190] {logging_mixin.py:112} INFO - [2020-07-22 16:30:50,190] {spark_submit_hook.py:479} INFO - 20/07/22 16:30:50 INFO SparkEnv: Registering MapOutputTracker
[2020-07-22 16:30:50,285] {logging_mixin.py:112} INFO - [2020-07-22 16:30:50,285] {spark_submit_hook.py:479} INFO - 20/07/22 16:30:50 INFO SparkEnv: Registering BlockManagerMaster
[2020-07-22 16:30:50,325] {logging_mixin.py:112} INFO - [2020-07-22 16:30:50,325] {spark_submit_hook.py:479} INFO - 20/07/22 16:30:50 INFO BlockManagerMasterEndpoint: Using org.apache.spark.storage.DefaultTopologyMapper for getting topology information
[2020-07-22 16:30:50,326] {logging_mixin.py:112} INFO - [2020-07-22 16:30:50,326] {spark_submit_hook.py:479} INFO - 20/07/22 16:30:50 INFO BlockManagerMasterEndpoint: BlockManagerMasterEndpoint up
[2020-07-22 16:30:50,334] {logging_mixin.py:112} INFO - [2020-07-22 16:30:50,334] {spark_submit_hook.py:479} INFO - 20/07/22 16:30:50 INFO SparkEnv: Registering BlockManagerMasterHeartbeat
[2020-07-22 16:30:50,365] {logging_mixin.py:112} INFO - [2020-07-22 16:30:50,364] {spark_submit_hook.py:479} INFO - 20/07/22 16:30:50 INFO DiskBlockManager: Created local directory at /tmp/blockmgr-1a6c1105-84a4-43fb-ae1c-c159d3a01fbf
[2020-07-22 16:30:50,403] {logging_mixin.py:112} INFO - [2020-07-22 16:30:50,403] {spark_submit_hook.py:479} INFO - 20/07/22 16:30:50 INFO MemoryStore: MemoryStore started with capacity 366.3 MiB
[2020-07-22 16:30:50,431] {logging_mixin.py:112} INFO - [2020-07-22 16:30:50,430] {spark_submit_hook.py:479} INFO - 20/07/22 16:30:50 INFO SparkEnv: Registering OutputCommitCoordinator
[2020-07-22 16:30:50,807] {logging_mixin.py:112} INFO - [2020-07-22 16:30:50,807] {spark_submit_hook.py:479} INFO - 20/07/22 16:30:50 WARN Utils: Service 'SparkUI' could not bind on port 4040. Attempting port 4041.
[2020-07-22 16:30:50,807] {logging_mixin.py:112} INFO - [2020-07-22 16:30:50,807] {spark_submit_hook.py:479} INFO - 20/07/22 16:30:50 WARN Utils: Service 'SparkUI' could not bind on port 4041. Attempting port 4042.
[2020-07-22 16:30:50,808] {logging_mixin.py:112} INFO - [2020-07-22 16:30:50,808] {spark_submit_hook.py:479} INFO - 20/07/22 16:30:50 WARN Utils: Service 'SparkUI' could not bind on port 4042. Attempting port 4043.
[2020-07-22 16:30:50,808] {logging_mixin.py:112} INFO - [2020-07-22 16:30:50,808] {spark_submit_hook.py:479} INFO - 20/07/22 16:30:50 WARN Utils: Service 'SparkUI' could not bind on port 4043. Attempting port 4044.
[2020-07-22 16:30:50,822] {logging_mixin.py:112} INFO - [2020-07-22 16:30:50,822] {spark_submit_hook.py:479} INFO - 20/07/22 16:30:50 INFO Utils: Successfully started service 'SparkUI' on port 4044.
[2020-07-22 16:30:50,923] {logging_mixin.py:112} INFO - [2020-07-22 16:30:50,923] {spark_submit_hook.py:479} INFO - 20/07/22 16:30:50 INFO SparkUI: Bound SparkUI to 0.0.0.0, and started at http://192.168.43.94:4044
[2020-07-22 16:30:51,427] {logging_mixin.py:112} INFO - [2020-07-22 16:30:51,427] {spark_submit_hook.py:479} INFO - 20/07/22 16:30:51 INFO Executor: Starting executor ID driver on host 192.168.43.94
[2020-07-22 16:30:51,468] {logging_mixin.py:112} INFO - [2020-07-22 16:30:51,467] {spark_submit_hook.py:479} INFO - 20/07/22 16:30:51 INFO Utils: Successfully started service 'org.apache.spark.network.netty.NettyBlockTransferService' on port 34217.
[2020-07-22 16:30:51,468] {logging_mixin.py:112} INFO - [2020-07-22 16:30:51,468] {spark_submit_hook.py:479} INFO - 20/07/22 16:30:51 INFO NettyBlockTransferService: Server created on 192.168.43.94:34217
[2020-07-22 16:30:51,471] {logging_mixin.py:112} INFO - [2020-07-22 16:30:51,471] {spark_submit_hook.py:479} INFO - 20/07/22 16:30:51 INFO BlockManager: Using org.apache.spark.storage.RandomBlockReplicationPolicy for block replication policy
[2020-07-22 16:30:51,484] {logging_mixin.py:112} INFO - [2020-07-22 16:30:51,484] {spark_submit_hook.py:479} INFO - 20/07/22 16:30:51 INFO BlockManagerMaster: Registering BlockManager BlockManagerId(driver, 192.168.43.94, 34217, None)
[2020-07-22 16:30:51,493] {logging_mixin.py:112} INFO - [2020-07-22 16:30:51,493] {spark_submit_hook.py:479} INFO - 20/07/22 16:30:51 INFO BlockManagerMasterEndpoint: Registering block manager 192.168.43.94:34217 with 366.3 MiB RAM, BlockManagerId(driver, 192.168.43.94, 34217, None)
[2020-07-22 16:30:51,499] {logging_mixin.py:112} INFO - [2020-07-22 16:30:51,499] {spark_submit_hook.py:479} INFO - 20/07/22 16:30:51 INFO BlockManagerMaster: Registered BlockManager BlockManagerId(driver, 192.168.43.94, 34217, None)
[2020-07-22 16:30:51,501] {logging_mixin.py:112} INFO - [2020-07-22 16:30:51,501] {spark_submit_hook.py:479} INFO - 20/07/22 16:30:51 INFO BlockManager: Initialized BlockManager: BlockManagerId(driver, 192.168.43.94, 34217, None)
[2020-07-22 16:30:53,046] {logging_mixin.py:112} INFO - [2020-07-22 16:30:53,045] {spark_submit_hook.py:479} INFO - 20/07/22 16:30:53 INFO MemoryStore: Block broadcast_0 stored as values in memory (estimated size 241.5 KiB, free 366.1 MiB)
[2020-07-22 16:30:53,231] {logging_mixin.py:112} INFO - [2020-07-22 16:30:53,231] {spark_submit_hook.py:479} INFO - 20/07/22 16:30:53 INFO MemoryStore: Block broadcast_0_piece0 stored as bytes in memory (estimated size 23.4 KiB, free 366.0 MiB)
[2020-07-22 16:30:53,237] {logging_mixin.py:112} INFO - [2020-07-22 16:30:53,237] {spark_submit_hook.py:479} INFO - 20/07/22 16:30:53 INFO BlockManagerInfo: Added broadcast_0_piece0 in memory on 192.168.43.94:34217 (size: 23.4 KiB, free: 366.3 MiB)
[2020-07-22 16:30:53,257] {logging_mixin.py:112} INFO - [2020-07-22 16:30:53,257] {spark_submit_hook.py:479} INFO - 20/07/22 16:30:53 INFO SparkContext: Created broadcast 0 from textFile at NativeMethodAccessorImpl.java:0
[2020-07-22 16:30:53,764] {logging_mixin.py:112} INFO - [2020-07-22 16:30:53,764] {spark_submit_hook.py:479} INFO - 20/07/22 16:30:53 INFO FileInputFormat: Total input paths to process : 1
[2020-07-22 16:30:54,011] {logging_mixin.py:112} INFO - [2020-07-22 16:30:54,010] {spark_submit_hook.py:479} INFO - 20/07/22 16:30:54 INFO SparkContext: Starting job: collect at /home/bhakti/airflow/spark_jobs/python/spark_test.py:7
[2020-07-22 16:30:54,041] {logging_mixin.py:112} INFO - [2020-07-22 16:30:54,041] {spark_submit_hook.py:479} INFO - 20/07/22 16:30:54 INFO DAGScheduler: Got job 0 (collect at /home/bhakti/airflow/spark_jobs/python/spark_test.py:7) with 1 output partitions
[2020-07-22 16:30:54,042] {logging_mixin.py:112} INFO - [2020-07-22 16:30:54,042] {spark_submit_hook.py:479} INFO - 20/07/22 16:30:54 INFO DAGScheduler: Final stage: ResultStage 0 (collect at /home/bhakti/airflow/spark_jobs/python/spark_test.py:7)
[2020-07-22 16:30:54,044] {logging_mixin.py:112} INFO - [2020-07-22 16:30:54,043] {spark_submit_hook.py:479} INFO - 20/07/22 16:30:54 INFO DAGScheduler: Parents of final stage: List()
[2020-07-22 16:30:54,046] {logging_mixin.py:112} INFO - [2020-07-22 16:30:54,046] {spark_submit_hook.py:479} INFO - 20/07/22 16:30:54 INFO DAGScheduler: Missing parents: List()
[2020-07-22 16:30:54,075] {logging_mixin.py:112} INFO - [2020-07-22 16:30:54,075] {spark_submit_hook.py:479} INFO - 20/07/22 16:30:54 INFO DAGScheduler: Submitting ResultStage 0 (PythonRDD[2] at collect at /home/bhakti/airflow/spark_jobs/python/spark_test.py:7), which has no missing parents
[2020-07-22 16:30:54,128] {logging_mixin.py:112} INFO - [2020-07-22 16:30:54,127] {spark_submit_hook.py:479} INFO - 20/07/22 16:30:54 INFO MemoryStore: Block broadcast_1 stored as values in memory (estimated size 7.4 KiB, free 366.0 MiB)
[2020-07-22 16:30:54,134] {logging_mixin.py:112} INFO - [2020-07-22 16:30:54,133] {spark_submit_hook.py:479} INFO - 20/07/22 16:30:54 INFO MemoryStore: Block broadcast_1_piece0 stored as bytes in memory (estimated size 4.4 KiB, free 366.0 MiB)
[2020-07-22 16:30:54,137] {logging_mixin.py:112} INFO - [2020-07-22 16:30:54,136] {spark_submit_hook.py:479} INFO - 20/07/22 16:30:54 INFO BlockManagerInfo: Added broadcast_1_piece0 in memory on 192.168.43.94:34217 (size: 4.4 KiB, free: 366.3 MiB)
[2020-07-22 16:30:54,140] {logging_mixin.py:112} INFO - [2020-07-22 16:30:54,139] {spark_submit_hook.py:479} INFO - 20/07/22 16:30:54 INFO SparkContext: Created broadcast 1 from broadcast at DAGScheduler.scala:1200
[2020-07-22 16:30:54,197] {logging_mixin.py:112} INFO - [2020-07-22 16:30:54,197] {spark_submit_hook.py:479} INFO - 20/07/22 16:30:54 INFO DAGScheduler: Submitting 1 missing tasks from ResultStage 0 (PythonRDD[2] at collect at /home/bhakti/airflow/spark_jobs/python/spark_test.py:7) (first 15 tasks are for partitions Vector(0))
[2020-07-22 16:30:54,199] {logging_mixin.py:112} INFO - [2020-07-22 16:30:54,199] {spark_submit_hook.py:479} INFO - 20/07/22 16:30:54 INFO TaskSchedulerImpl: Adding task set 0.0 with 1 tasks
[2020-07-22 16:30:54,502] {logging_mixin.py:112} INFO - [2020-07-22 16:30:54,501] {spark_submit_hook.py:479} INFO - 20/07/22 16:30:54 INFO TaskSetManager: Starting task 0.0 in stage 0.0 (TID 0, 192.168.43.94, executor driver, partition 0, PROCESS_LOCAL, 7388 bytes)
[2020-07-22 16:30:54,563] {logging_mixin.py:112} INFO - [2020-07-22 16:30:54,562] {spark_submit_hook.py:479} INFO - 20/07/22 16:30:54 INFO Executor: Running task 0.0 in stage 0.0 (TID 0)
[2020-07-22 16:30:56,022] {logging_mixin.py:112} INFO - [2020-07-22 16:30:56,021] {spark_submit_hook.py:479} INFO - 20/07/22 16:30:56 INFO HadoopRDD: Input split: file:/home/bhakti/airflow/input_data/sample.csv:0+93
[2020-07-22 16:30:57,197] {logging_mixin.py:112} INFO - [2020-07-22 16:30:57,197] {spark_submit_hook.py:479} INFO - 20/07/22 16:30:57 INFO PythonRunner: Times: total = 1115, boot = 1077, init = 37, finish = 1
[2020-07-22 16:30:57,369] {logging_mixin.py:112} INFO - [2020-07-22 16:30:57,369] {spark_submit_hook.py:479} INFO - 20/07/22 16:30:57 INFO Executor: Finished task 0.0 in stage 0.0 (TID 0). 1775 bytes result sent to driver
[2020-07-22 16:30:57,438] {logging_mixin.py:112} INFO - [2020-07-22 16:30:57,437] {spark_submit_hook.py:479} INFO - 20/07/22 16:30:57 INFO TaskSetManager: Finished task 0.0 in stage 0.0 (TID 0) in 3005 ms on 192.168.43.94 (executor driver) (1/1)
[2020-07-22 16:30:57,479] {logging_mixin.py:112} INFO - [2020-07-22 16:30:57,479] {spark_submit_hook.py:479} INFO - 20/07/22 16:30:57 INFO TaskSchedulerImpl: Removed TaskSet 0.0, whose tasks have all completed, from pool
[2020-07-22 16:30:57,480] {logging_mixin.py:112} INFO - [2020-07-22 16:30:57,479] {spark_submit_hook.py:479} INFO - 20/07/22 16:30:57 INFO PythonAccumulatorV2: Connected to AccumulatorServer at host: 127.0.0.1 port: 45131
[2020-07-22 16:30:57,485] {logging_mixin.py:112} INFO - [2020-07-22 16:30:57,484] {spark_submit_hook.py:479} INFO - 20/07/22 16:30:57 INFO DAGScheduler: ResultStage 0 (collect at /home/bhakti/airflow/spark_jobs/python/spark_test.py:7) finished in 3.372 s
[2020-07-22 16:30:57,528] {logging_mixin.py:112} INFO - [2020-07-22 16:30:57,526] {spark_submit_hook.py:479} INFO - 20/07/22 16:30:57 INFO DAGScheduler: Job 0 is finished. Cancelling potential speculative or zombie tasks for this job
[2020-07-22 16:30:57,535] {logging_mixin.py:112} INFO - [2020-07-22 16:30:57,535] {spark_submit_hook.py:479} INFO - 20/07/22 16:30:57 INFO TaskSchedulerImpl: Killing all running tasks in stage 0: Stage finished
[2020-07-22 16:30:57,549] {logging_mixin.py:112} INFO - [2020-07-22 16:30:57,548] {spark_submit_hook.py:479} INFO - 20/07/22 16:30:57 INFO DAGScheduler: Job 0 finished: collect at /home/bhakti/airflow/spark_jobs/python/spark_test.py:7, took 3.531040 s
[2020-07-22 16:30:57,595] {logging_mixin.py:112} INFO - [2020-07-22 16:30:57,595] {spark_submit_hook.py:479} INFO - [('PERSON', 'JOINING_YEAR'), ('John', '2018'), ('Sam', '2017'), ('Jeff', '2014'), ('Allen', '2015')]
[2020-07-22 16:30:57,665] {logging_mixin.py:112} INFO - [2020-07-22 16:30:57,664] {spark_submit_hook.py:479} INFO - 20/07/22 16:30:57 INFO SparkContext: Invoking stop() from shutdown hook
[2020-07-22 16:30:57,680] {logging_mixin.py:112} INFO - [2020-07-22 16:30:57,679] {spark_submit_hook.py:479} INFO - 20/07/22 16:30:57 INFO SparkUI: Stopped Spark web UI at http://192.168.43.94:4044
[2020-07-22 16:30:57,705] {logging_mixin.py:112} INFO - [2020-07-22 16:30:57,705] {spark_submit_hook.py:479} INFO - 20/07/22 16:30:57 INFO MapOutputTrackerMasterEndpoint: MapOutputTrackerMasterEndpoint stopped!
[2020-07-22 16:30:57,754] {logging_mixin.py:112} INFO - [2020-07-22 16:30:57,754] {spark_submit_hook.py:479} INFO - 20/07/22 16:30:57 INFO MemoryStore: MemoryStore cleared
[2020-07-22 16:30:57,755] {logging_mixin.py:112} INFO - [2020-07-22 16:30:57,754] {spark_submit_hook.py:479} INFO - 20/07/22 16:30:57 INFO BlockManager: BlockManager stopped
[2020-07-22 16:30:57,770] {logging_mixin.py:112} INFO - [2020-07-22 16:30:57,770] {spark_submit_hook.py:479} INFO - 20/07/22 16:30:57 INFO BlockManagerMaster: BlockManagerMaster stopped
[2020-07-22 16:30:57,776] {logging_mixin.py:112} INFO - [2020-07-22 16:30:57,776] {spark_submit_hook.py:479} INFO - 20/07/22 16:30:57 INFO OutputCommitCoordinator$OutputCommitCoordinatorEndpoint: OutputCommitCoordinator stopped!
[2020-07-22 16:30:57,792] {logging_mixin.py:112} INFO - [2020-07-22 16:30:57,792] {spark_submit_hook.py:479} INFO - 20/07/22 16:30:57 INFO SparkContext: Successfully stopped SparkContext
[2020-07-22 16:30:57,793] {logging_mixin.py:112} INFO - [2020-07-22 16:30:57,792] {spark_submit_hook.py:479} INFO - 20/07/22 16:30:57 INFO ShutdownHookManager: Shutdown hook called
[2020-07-22 16:30:57,794] {logging_mixin.py:112} INFO - [2020-07-22 16:30:57,794] {spark_submit_hook.py:479} INFO - 20/07/22 16:30:57 INFO ShutdownHookManager: Deleting directory /tmp/spark-ae53fea6-41d5-4582-bc6e-b21b8c358d33
[2020-07-22 16:30:57,812] {logging_mixin.py:112} INFO - [2020-07-22 16:30:57,812] {spark_submit_hook.py:479} INFO - 20/07/22 16:30:57 INFO ShutdownHookManager: Deleting directory /tmp/spark-c60be2b2-3d85-4fb8-82f9-883ea8226a66/pyspark-7ec418ec-cf5a-4dc9-a9a7-bf179f890d36
[2020-07-22 16:30:57,814] {logging_mixin.py:112} INFO - [2020-07-22 16:30:57,813] {spark_submit_hook.py:479} INFO - 20/07/22 16:30:57 INFO ShutdownHookManager: Deleting directory /tmp/spark-c60be2b2-3d85-4fb8-82f9-883ea8226a66
[2020-07-22 16:30:57,909] {taskinstance.py:1052} INFO - Marking task as SUCCESS.dag_id=submit_data, task_id=spark_submit, execution_date=20200720T062700, start_date=20200722T110041, end_date=20200722T110057
[2020-07-22 16:31:01,539] {logging_mixin.py:112} INFO - [2020-07-22 16:31:01,539] {local_task_job.py:103} INFO - Task exited with return code 0
