[2020-07-22 15:33:45,911] {taskinstance.py:669} INFO - Dependencies all met for <TaskInstance: submit_data.spark_submit 2020-07-20T05:01:00+00:00 [queued]>
[2020-07-22 15:33:45,921] {taskinstance.py:669} INFO - Dependencies all met for <TaskInstance: submit_data.spark_submit 2020-07-20T05:01:00+00:00 [queued]>
[2020-07-22 15:33:45,921] {taskinstance.py:879} INFO - 
--------------------------------------------------------------------------------
[2020-07-22 15:33:45,921] {taskinstance.py:880} INFO - Starting attempt 1 of 1
[2020-07-22 15:33:45,921] {taskinstance.py:881} INFO - 
--------------------------------------------------------------------------------
[2020-07-22 15:33:46,048] {taskinstance.py:900} INFO - Executing <Task(SparkSubmitOperator): spark_submit> on 2020-07-20T05:01:00+00:00
[2020-07-22 15:33:46,052] {standard_task_runner.py:53} INFO - Started process 511263 to run task
[2020-07-22 15:33:46,255] {logging_mixin.py:112} INFO - Running %s on host %s <TaskInstance: submit_data.spark_submit 2020-07-20T05:01:00+00:00 [running]> bhakti-Vostro-3558
[2020-07-22 15:33:46,303] {logging_mixin.py:112} INFO - [2020-07-22 15:33:46,302] {base_hook.py:87} INFO - Using connection to: id: spark_local. Host: local, Port: None, Schema: None, Login: None, Password: None, extra: None
[2020-07-22 15:33:46,305] {logging_mixin.py:112} INFO - [2020-07-22 15:33:46,305] {spark_submit_hook.py:325} INFO - Spark-Submit cmd: spark-submit --master local --name airflow-spark /home/bhakti/airflow/spark_jobs/python/spark_test.py
[2020-07-22 15:33:49,767] {logging_mixin.py:112} INFO - [2020-07-22 15:33:49,766] {spark_submit_hook.py:479} INFO - 20/07/22 15:33:49 WARN Utils: Your hostname, bhakti-Vostro-3558 resolves to a loopback address: 127.0.1.1; using 192.168.43.94 instead (on interface wlp6s0)
[2020-07-22 15:33:49,770] {logging_mixin.py:112} INFO - [2020-07-22 15:33:49,770] {spark_submit_hook.py:479} INFO - 20/07/22 15:33:49 WARN Utils: Set SPARK_LOCAL_IP if you need to bind to another address
[2020-07-22 15:33:51,373] {logging_mixin.py:112} INFO - [2020-07-22 15:33:51,373] {spark_submit_hook.py:479} INFO - 20/07/22 15:33:51 WARN NativeCodeLoader: Unable to load native-hadoop library for your platform... using builtin-java classes where applicable
[2020-07-22 15:33:53,370] {logging_mixin.py:112} INFO - [2020-07-22 15:33:53,370] {spark_submit_hook.py:479} INFO - Using Spark's default log4j profile: org/apache/spark/log4j-defaults.properties
[2020-07-22 15:33:53,384] {logging_mixin.py:112} INFO - [2020-07-22 15:33:53,383] {spark_submit_hook.py:479} INFO - 20/07/22 15:33:53 INFO SparkContext: Running Spark version 3.0.0
[2020-07-22 15:33:53,460] {logging_mixin.py:112} INFO - [2020-07-22 15:33:53,460] {spark_submit_hook.py:479} INFO - 20/07/22 15:33:53 INFO ResourceUtils: ==============================================================
[2020-07-22 15:33:53,463] {logging_mixin.py:112} INFO - [2020-07-22 15:33:53,462] {spark_submit_hook.py:479} INFO - 20/07/22 15:33:53 INFO ResourceUtils: Resources for spark.driver:
[2020-07-22 15:33:53,463] {logging_mixin.py:112} INFO - [2020-07-22 15:33:53,463] {spark_submit_hook.py:479} INFO - 
[2020-07-22 15:33:53,466] {logging_mixin.py:112} INFO - [2020-07-22 15:33:53,463] {spark_submit_hook.py:479} INFO - 20/07/22 15:33:53 INFO ResourceUtils: ==============================================================
[2020-07-22 15:33:53,468] {logging_mixin.py:112} INFO - [2020-07-22 15:33:53,468] {spark_submit_hook.py:479} INFO - 20/07/22 15:33:53 INFO SparkContext: Submitted application: Spark_Test_Python
[2020-07-22 15:33:53,613] {logging_mixin.py:112} INFO - [2020-07-22 15:33:53,613] {spark_submit_hook.py:479} INFO - 20/07/22 15:33:53 INFO SecurityManager: Changing view acls to: bhakti
[2020-07-22 15:33:53,613] {logging_mixin.py:112} INFO - [2020-07-22 15:33:53,613] {spark_submit_hook.py:479} INFO - 20/07/22 15:33:53 INFO SecurityManager: Changing modify acls to: bhakti
[2020-07-22 15:33:53,614] {logging_mixin.py:112} INFO - [2020-07-22 15:33:53,614] {spark_submit_hook.py:479} INFO - 20/07/22 15:33:53 INFO SecurityManager: Changing view acls groups to:
[2020-07-22 15:33:53,614] {logging_mixin.py:112} INFO - [2020-07-22 15:33:53,614] {spark_submit_hook.py:479} INFO - 20/07/22 15:33:53 INFO SecurityManager: Changing modify acls groups to:
[2020-07-22 15:33:53,614] {logging_mixin.py:112} INFO - [2020-07-22 15:33:53,614] {spark_submit_hook.py:479} INFO - 20/07/22 15:33:53 INFO SecurityManager: SecurityManager: authentication disabled; ui acls disabled; users  with view permissions: Set(bhakti); groups with view permissions: Set(); users  with modify permissions: Set(bhakti); groups with modify permissions: Set()
[2020-07-22 15:33:54,071] {logging_mixin.py:112} INFO - [2020-07-22 15:33:54,070] {spark_submit_hook.py:479} INFO - 20/07/22 15:33:54 INFO Utils: Successfully started service 'sparkDriver' on port 36745.
[2020-07-22 15:33:54,121] {logging_mixin.py:112} INFO - [2020-07-22 15:33:54,121] {spark_submit_hook.py:479} INFO - 20/07/22 15:33:54 INFO SparkEnv: Registering MapOutputTracker
[2020-07-22 15:33:54,175] {logging_mixin.py:112} INFO - [2020-07-22 15:33:54,175] {spark_submit_hook.py:479} INFO - 20/07/22 15:33:54 INFO SparkEnv: Registering BlockManagerMaster
[2020-07-22 15:33:54,212] {logging_mixin.py:112} INFO - [2020-07-22 15:33:54,212] {spark_submit_hook.py:479} INFO - 20/07/22 15:33:54 INFO BlockManagerMasterEndpoint: Using org.apache.spark.storage.DefaultTopologyMapper for getting topology information
[2020-07-22 15:33:54,213] {logging_mixin.py:112} INFO - [2020-07-22 15:33:54,213] {spark_submit_hook.py:479} INFO - 20/07/22 15:33:54 INFO BlockManagerMasterEndpoint: BlockManagerMasterEndpoint up
[2020-07-22 15:33:54,221] {logging_mixin.py:112} INFO - [2020-07-22 15:33:54,221] {spark_submit_hook.py:479} INFO - 20/07/22 15:33:54 INFO SparkEnv: Registering BlockManagerMasterHeartbeat
[2020-07-22 15:33:54,245] {logging_mixin.py:112} INFO - [2020-07-22 15:33:54,245] {spark_submit_hook.py:479} INFO - 20/07/22 15:33:54 INFO DiskBlockManager: Created local directory at /tmp/blockmgr-bca57013-9638-4b69-ac34-dfca3abd3ee2
[2020-07-22 15:33:54,279] {logging_mixin.py:112} INFO - [2020-07-22 15:33:54,278] {spark_submit_hook.py:479} INFO - 20/07/22 15:33:54 INFO MemoryStore: MemoryStore started with capacity 366.3 MiB
[2020-07-22 15:33:54,304] {logging_mixin.py:112} INFO - [2020-07-22 15:33:54,304] {spark_submit_hook.py:479} INFO - 20/07/22 15:33:54 INFO SparkEnv: Registering OutputCommitCoordinator
[2020-07-22 15:33:54,718] {logging_mixin.py:112} INFO - [2020-07-22 15:33:54,717] {spark_submit_hook.py:479} INFO - 20/07/22 15:33:54 WARN Utils: Service 'SparkUI' could not bind on port 4040. Attempting port 4041.
[2020-07-22 15:33:54,718] {logging_mixin.py:112} INFO - [2020-07-22 15:33:54,718] {spark_submit_hook.py:479} INFO - 20/07/22 15:33:54 WARN Utils: Service 'SparkUI' could not bind on port 4041. Attempting port 4042.
[2020-07-22 15:33:54,731] {logging_mixin.py:112} INFO - [2020-07-22 15:33:54,731] {spark_submit_hook.py:479} INFO - 20/07/22 15:33:54 INFO Utils: Successfully started service 'SparkUI' on port 4042.
[2020-07-22 15:33:54,849] {logging_mixin.py:112} INFO - [2020-07-22 15:33:54,849] {spark_submit_hook.py:479} INFO - 20/07/22 15:33:54 INFO SparkUI: Bound SparkUI to 0.0.0.0, and started at http://192.168.43.94:4042
[2020-07-22 15:33:55,378] {logging_mixin.py:112} INFO - [2020-07-22 15:33:55,378] {spark_submit_hook.py:479} INFO - 20/07/22 15:33:55 INFO Executor: Starting executor ID driver on host 192.168.43.94
[2020-07-22 15:33:55,426] {logging_mixin.py:112} INFO - [2020-07-22 15:33:55,425] {spark_submit_hook.py:479} INFO - 20/07/22 15:33:55 INFO Utils: Successfully started service 'org.apache.spark.network.netty.NettyBlockTransferService' on port 40125.
[2020-07-22 15:33:55,426] {logging_mixin.py:112} INFO - [2020-07-22 15:33:55,426] {spark_submit_hook.py:479} INFO - 20/07/22 15:33:55 INFO NettyBlockTransferService: Server created on 192.168.43.94:40125
[2020-07-22 15:33:55,429] {logging_mixin.py:112} INFO - [2020-07-22 15:33:55,428] {spark_submit_hook.py:479} INFO - 20/07/22 15:33:55 INFO BlockManager: Using org.apache.spark.storage.RandomBlockReplicationPolicy for block replication policy
[2020-07-22 15:33:55,443] {logging_mixin.py:112} INFO - [2020-07-22 15:33:55,443] {spark_submit_hook.py:479} INFO - 20/07/22 15:33:55 INFO BlockManagerMaster: Registering BlockManager BlockManagerId(driver, 192.168.43.94, 40125, None)
[2020-07-22 15:33:55,453] {logging_mixin.py:112} INFO - [2020-07-22 15:33:55,453] {spark_submit_hook.py:479} INFO - 20/07/22 15:33:55 INFO BlockManagerMasterEndpoint: Registering block manager 192.168.43.94:40125 with 366.3 MiB RAM, BlockManagerId(driver, 192.168.43.94, 40125, None)
[2020-07-22 15:33:55,460] {logging_mixin.py:112} INFO - [2020-07-22 15:33:55,459] {spark_submit_hook.py:479} INFO - 20/07/22 15:33:55 INFO BlockManagerMaster: Registered BlockManager BlockManagerId(driver, 192.168.43.94, 40125, None)
[2020-07-22 15:33:55,463] {logging_mixin.py:112} INFO - [2020-07-22 15:33:55,463] {spark_submit_hook.py:479} INFO - 20/07/22 15:33:55 INFO BlockManager: Initialized BlockManager: BlockManagerId(driver, 192.168.43.94, 40125, None)
[2020-07-22 15:33:56,955] {logging_mixin.py:112} INFO - [2020-07-22 15:33:56,955] {spark_submit_hook.py:479} INFO - 20/07/22 15:33:56 INFO MemoryStore: Block broadcast_0 stored as values in memory (estimated size 241.5 KiB, free 366.1 MiB)
[2020-07-22 15:33:57,065] {logging_mixin.py:112} INFO - [2020-07-22 15:33:57,065] {spark_submit_hook.py:479} INFO - 20/07/22 15:33:57 INFO MemoryStore: Block broadcast_0_piece0 stored as bytes in memory (estimated size 23.4 KiB, free 366.0 MiB)
[2020-07-22 15:33:57,070] {logging_mixin.py:112} INFO - [2020-07-22 15:33:57,070] {spark_submit_hook.py:479} INFO - 20/07/22 15:33:57 INFO BlockManagerInfo: Added broadcast_0_piece0 in memory on 192.168.43.94:40125 (size: 23.4 KiB, free: 366.3 MiB)
[2020-07-22 15:33:57,078] {logging_mixin.py:112} INFO - [2020-07-22 15:33:57,077] {spark_submit_hook.py:479} INFO - 20/07/22 15:33:57 INFO SparkContext: Created broadcast 0 from textFile at NativeMethodAccessorImpl.java:0
[2020-07-22 15:33:57,362] {logging_mixin.py:112} INFO - [2020-07-22 15:33:57,362] {spark_submit_hook.py:479} INFO - 20/07/22 15:33:57 INFO FileInputFormat: Total input paths to process : 1
[2020-07-22 15:33:57,479] {logging_mixin.py:112} INFO - [2020-07-22 15:33:57,479] {spark_submit_hook.py:479} INFO - 20/07/22 15:33:57 INFO SparkContext: Starting job: collect at /home/bhakti/airflow/spark_jobs/python/spark_test.py:5
[2020-07-22 15:33:57,515] {logging_mixin.py:112} INFO - [2020-07-22 15:33:57,514] {spark_submit_hook.py:479} INFO - 20/07/22 15:33:57 INFO DAGScheduler: Got job 0 (collect at /home/bhakti/airflow/spark_jobs/python/spark_test.py:5) with 1 output partitions
[2020-07-22 15:33:57,516] {logging_mixin.py:112} INFO - [2020-07-22 15:33:57,516] {spark_submit_hook.py:479} INFO - 20/07/22 15:33:57 INFO DAGScheduler: Final stage: ResultStage 0 (collect at /home/bhakti/airflow/spark_jobs/python/spark_test.py:5)
[2020-07-22 15:33:57,518] {logging_mixin.py:112} INFO - [2020-07-22 15:33:57,518] {spark_submit_hook.py:479} INFO - 20/07/22 15:33:57 INFO DAGScheduler: Parents of final stage: List()
[2020-07-22 15:33:57,525] {logging_mixin.py:112} INFO - [2020-07-22 15:33:57,525] {spark_submit_hook.py:479} INFO - 20/07/22 15:33:57 INFO DAGScheduler: Missing parents: List()
[2020-07-22 15:33:57,541] {logging_mixin.py:112} INFO - [2020-07-22 15:33:57,541] {spark_submit_hook.py:479} INFO - 20/07/22 15:33:57 INFO DAGScheduler: Submitting ResultStage 0 (PythonRDD[2] at collect at /home/bhakti/airflow/spark_jobs/python/spark_test.py:5), which has no missing parents
[2020-07-22 15:33:57,662] {logging_mixin.py:112} INFO - [2020-07-22 15:33:57,661] {spark_submit_hook.py:479} INFO - 20/07/22 15:33:57 INFO MemoryStore: Block broadcast_1 stored as values in memory (estimated size 7.4 KiB, free 366.0 MiB)
[2020-07-22 15:33:57,669] {logging_mixin.py:112} INFO - [2020-07-22 15:33:57,669] {spark_submit_hook.py:479} INFO - 20/07/22 15:33:57 INFO MemoryStore: Block broadcast_1_piece0 stored as bytes in memory (estimated size 4.4 KiB, free 366.0 MiB)
[2020-07-22 15:33:57,674] {logging_mixin.py:112} INFO - [2020-07-22 15:33:57,674] {spark_submit_hook.py:479} INFO - 20/07/22 15:33:57 INFO BlockManagerInfo: Added broadcast_1_piece0 in memory on 192.168.43.94:40125 (size: 4.4 KiB, free: 366.3 MiB)
[2020-07-22 15:33:57,676] {logging_mixin.py:112} INFO - [2020-07-22 15:33:57,676] {spark_submit_hook.py:479} INFO - 20/07/22 15:33:57 INFO SparkContext: Created broadcast 1 from broadcast at DAGScheduler.scala:1200
[2020-07-22 15:33:57,751] {logging_mixin.py:112} INFO - [2020-07-22 15:33:57,751] {spark_submit_hook.py:479} INFO - 20/07/22 15:33:57 INFO DAGScheduler: Submitting 1 missing tasks from ResultStage 0 (PythonRDD[2] at collect at /home/bhakti/airflow/spark_jobs/python/spark_test.py:5) (first 15 tasks are for partitions Vector(0))
[2020-07-22 15:33:57,756] {logging_mixin.py:112} INFO - [2020-07-22 15:33:57,755] {spark_submit_hook.py:479} INFO - 20/07/22 15:33:57 INFO TaskSchedulerImpl: Adding task set 0.0 with 1 tasks
[2020-07-22 15:33:57,903] {logging_mixin.py:112} INFO - [2020-07-22 15:33:57,903] {spark_submit_hook.py:479} INFO - 20/07/22 15:33:57 INFO TaskSetManager: Starting task 0.0 in stage 0.0 (TID 0, 192.168.43.94, executor driver, partition 0, PROCESS_LOCAL, 7388 bytes)
[2020-07-22 15:33:57,934] {logging_mixin.py:112} INFO - [2020-07-22 15:33:57,933] {spark_submit_hook.py:479} INFO - 20/07/22 15:33:57 INFO Executor: Running task 0.0 in stage 0.0 (TID 0)
[2020-07-22 15:33:58,673] {logging_mixin.py:112} INFO - [2020-07-22 15:33:58,673] {spark_submit_hook.py:479} INFO - 20/07/22 15:33:58 INFO HadoopRDD: Input split: file:/home/bhakti/airflow/input_data/sample.csv:0+93
[2020-07-22 15:33:59,791] {logging_mixin.py:112} INFO - [2020-07-22 15:33:59,790] {spark_submit_hook.py:479} INFO - 20/07/22 15:33:59 INFO PythonRunner: Times: total = 1070, boot = 1051, init = 19, finish = 0
[2020-07-22 15:33:59,838] {logging_mixin.py:112} INFO - [2020-07-22 15:33:59,837] {spark_submit_hook.py:479} INFO - 20/07/22 15:33:59 INFO Executor: Finished task 0.0 in stage 0.0 (TID 0). 1732 bytes result sent to driver
[2020-07-22 15:33:59,854] {logging_mixin.py:112} INFO - [2020-07-22 15:33:59,853] {spark_submit_hook.py:479} INFO - 20/07/22 15:33:59 INFO TaskSetManager: Finished task 0.0 in stage 0.0 (TID 0) in 1981 ms on 192.168.43.94 (executor driver) (1/1)
[2020-07-22 15:33:59,860] {logging_mixin.py:112} INFO - [2020-07-22 15:33:59,859] {spark_submit_hook.py:479} INFO - 20/07/22 15:33:59 INFO TaskSchedulerImpl: Removed TaskSet 0.0, whose tasks have all completed, from pool
[2020-07-22 15:33:59,863] {logging_mixin.py:112} INFO - [2020-07-22 15:33:59,863] {spark_submit_hook.py:479} INFO - 20/07/22 15:33:59 INFO PythonAccumulatorV2: Connected to AccumulatorServer at host: 127.0.0.1 port: 47481
[2020-07-22 15:33:59,873] {logging_mixin.py:112} INFO - [2020-07-22 15:33:59,873] {spark_submit_hook.py:479} INFO - 20/07/22 15:33:59 INFO DAGScheduler: ResultStage 0 (collect at /home/bhakti/airflow/spark_jobs/python/spark_test.py:5) finished in 2.237 s
[2020-07-22 15:33:59,886] {logging_mixin.py:112} INFO - [2020-07-22 15:33:59,886] {spark_submit_hook.py:479} INFO - 20/07/22 15:33:59 INFO DAGScheduler: Job 0 is finished. Cancelling potential speculative or zombie tasks for this job
[2020-07-22 15:33:59,887] {logging_mixin.py:112} INFO - [2020-07-22 15:33:59,887] {spark_submit_hook.py:479} INFO - 20/07/22 15:33:59 INFO TaskSchedulerImpl: Killing all running tasks in stage 0: Stage finished
[2020-07-22 15:33:59,893] {logging_mixin.py:112} INFO - [2020-07-22 15:33:59,892] {spark_submit_hook.py:479} INFO - 20/07/22 15:33:59 INFO DAGScheduler: Job 0 finished: collect at /home/bhakti/airflow/spark_jobs/python/spark_test.py:5, took 2.425999 s
[2020-07-22 15:33:59,911] {logging_mixin.py:112} INFO - [2020-07-22 15:33:59,911] {spark_submit_hook.py:479} INFO - [('PERSON', 'JOINING_YEAR'), ('John', '2018'), ('Sam', '2017'), ('Jeff', '2014'), ('Allen', '2015')]
[2020-07-22 15:33:59,989] {logging_mixin.py:112} INFO - [2020-07-22 15:33:59,989] {spark_submit_hook.py:479} INFO - 20/07/22 15:33:59 INFO SparkContext: Invoking stop() from shutdown hook
[2020-07-22 15:34:00,001] {logging_mixin.py:112} INFO - [2020-07-22 15:34:00,001] {spark_submit_hook.py:479} INFO - 20/07/22 15:33:59 INFO SparkUI: Stopped Spark web UI at http://192.168.43.94:4042
[2020-07-22 15:34:00,031] {logging_mixin.py:112} INFO - [2020-07-22 15:34:00,031] {spark_submit_hook.py:479} INFO - 20/07/22 15:34:00 INFO BlockManagerInfo: Removed broadcast_0_piece0 on 192.168.43.94:40125 in memory (size: 23.4 KiB, free: 366.3 MiB)
[2020-07-22 15:34:00,075] {logging_mixin.py:112} INFO - [2020-07-22 15:34:00,075] {spark_submit_hook.py:479} INFO - 20/07/22 15:34:00 INFO MapOutputTrackerMasterEndpoint: MapOutputTrackerMasterEndpoint stopped!
[2020-07-22 15:34:00,115] {logging_mixin.py:112} INFO - [2020-07-22 15:34:00,115] {spark_submit_hook.py:479} INFO - 20/07/22 15:34:00 INFO MemoryStore: MemoryStore cleared
[2020-07-22 15:34:00,118] {logging_mixin.py:112} INFO - [2020-07-22 15:34:00,117] {spark_submit_hook.py:479} INFO - 20/07/22 15:34:00 INFO BlockManager: BlockManager stopped
[2020-07-22 15:34:00,125] {logging_mixin.py:112} INFO - [2020-07-22 15:34:00,125] {spark_submit_hook.py:479} INFO - 20/07/22 15:34:00 INFO BlockManagerMaster: BlockManagerMaster stopped
[2020-07-22 15:34:00,134] {logging_mixin.py:112} INFO - [2020-07-22 15:34:00,134] {spark_submit_hook.py:479} INFO - 20/07/22 15:34:00 INFO OutputCommitCoordinator$OutputCommitCoordinatorEndpoint: OutputCommitCoordinator stopped!
[2020-07-22 15:34:00,183] {logging_mixin.py:112} INFO - [2020-07-22 15:34:00,183] {spark_submit_hook.py:479} INFO - 20/07/22 15:34:00 INFO SparkContext: Successfully stopped SparkContext
[2020-07-22 15:34:00,184] {logging_mixin.py:112} INFO - [2020-07-22 15:34:00,184] {spark_submit_hook.py:479} INFO - 20/07/22 15:34:00 INFO ShutdownHookManager: Shutdown hook called
[2020-07-22 15:34:00,185] {logging_mixin.py:112} INFO - [2020-07-22 15:34:00,185] {spark_submit_hook.py:479} INFO - 20/07/22 15:34:00 INFO ShutdownHookManager: Deleting directory /tmp/spark-fe74e248-03c6-4cf2-9eb2-e402057043f4
[2020-07-22 15:34:00,194] {logging_mixin.py:112} INFO - [2020-07-22 15:34:00,193] {spark_submit_hook.py:479} INFO - 20/07/22 15:34:00 INFO ShutdownHookManager: Deleting directory /tmp/spark-fe74e248-03c6-4cf2-9eb2-e402057043f4/pyspark-03ce68c2-3a81-495e-8412-0d269bfed572
[2020-07-22 15:34:00,202] {logging_mixin.py:112} INFO - [2020-07-22 15:34:00,201] {spark_submit_hook.py:479} INFO - 20/07/22 15:34:00 INFO ShutdownHookManager: Deleting directory /tmp/spark-650d2a22-362d-4257-ba88-47c72c18e828
[2020-07-22 15:34:00,310] {taskinstance.py:1052} INFO - Marking task as SUCCESS.dag_id=submit_data, task_id=spark_submit, execution_date=20200720T050100, start_date=20200722T100345, end_date=20200722T100400
[2020-07-22 15:34:00,971] {logging_mixin.py:112} INFO - [2020-07-22 15:34:00,971] {local_task_job.py:103} INFO - Task exited with return code 0
