[2020-07-22 17:30:29,555] {taskinstance.py:669} INFO - Dependencies all met for <TaskInstance: submit_data.spark_submit 2020-07-20T07:46:00+00:00 [queued]>
[2020-07-22 17:30:29,565] {taskinstance.py:669} INFO - Dependencies all met for <TaskInstance: submit_data.spark_submit 2020-07-20T07:46:00+00:00 [queued]>
[2020-07-22 17:30:29,566] {taskinstance.py:879} INFO - 
--------------------------------------------------------------------------------
[2020-07-22 17:30:29,566] {taskinstance.py:880} INFO - Starting attempt 1 of 1
[2020-07-22 17:30:29,566] {taskinstance.py:881} INFO - 
--------------------------------------------------------------------------------
[2020-07-22 17:30:29,708] {taskinstance.py:900} INFO - Executing <Task(SparkSubmitOperator): spark_submit> on 2020-07-20T07:46:00+00:00
[2020-07-22 17:30:29,712] {standard_task_runner.py:53} INFO - Started process 656808 to run task
[2020-07-22 17:30:29,896] {logging_mixin.py:112} INFO - Running %s on host %s <TaskInstance: submit_data.spark_submit 2020-07-20T07:46:00+00:00 [running]> bhakti-Vostro-3558
[2020-07-22 17:30:29,932] {logging_mixin.py:112} INFO - [2020-07-22 17:30:29,931] {base_hook.py:87} INFO - Using connection to: id: spark_local. Host: local, Port: None, Schema: None, Login: None, Password: None, extra: None
[2020-07-22 17:30:29,933] {logging_mixin.py:112} INFO - [2020-07-22 17:30:29,933] {spark_submit_hook.py:325} INFO - Spark-Submit cmd: spark-submit --master local --name airflow-spark /home/bhakti/airflow/spark_jobs/spark_test.py
[2020-07-22 17:30:32,460] {logging_mixin.py:112} INFO - [2020-07-22 17:30:32,460] {spark_submit_hook.py:479} INFO - 20/07/22 17:30:32 WARN Utils: Your hostname, bhakti-Vostro-3558 resolves to a loopback address: 127.0.1.1; using 192.168.43.94 instead (on interface wlp6s0)
[2020-07-22 17:30:32,461] {logging_mixin.py:112} INFO - [2020-07-22 17:30:32,461] {spark_submit_hook.py:479} INFO - 20/07/22 17:30:32 WARN Utils: Set SPARK_LOCAL_IP if you need to bind to another address
[2020-07-22 17:30:33,741] {logging_mixin.py:112} INFO - [2020-07-22 17:30:33,740] {spark_submit_hook.py:479} INFO - 20/07/22 17:30:33 WARN NativeCodeLoader: Unable to load native-hadoop library for your platform... using builtin-java classes where applicable
[2020-07-22 17:30:35,588] {logging_mixin.py:112} INFO - [2020-07-22 17:30:35,587] {spark_submit_hook.py:479} INFO - Using Spark's default log4j profile: org/apache/spark/log4j-defaults.properties
[2020-07-22 17:30:35,603] {logging_mixin.py:112} INFO - [2020-07-22 17:30:35,603] {spark_submit_hook.py:479} INFO - 20/07/22 17:30:35 INFO SparkContext: Running Spark version 3.0.0
[2020-07-22 17:30:35,685] {logging_mixin.py:112} INFO - [2020-07-22 17:30:35,685] {spark_submit_hook.py:479} INFO - 20/07/22 17:30:35 INFO ResourceUtils: ==============================================================
[2020-07-22 17:30:35,688] {logging_mixin.py:112} INFO - [2020-07-22 17:30:35,688] {spark_submit_hook.py:479} INFO - 20/07/22 17:30:35 INFO ResourceUtils: Resources for spark.driver:
[2020-07-22 17:30:35,689] {logging_mixin.py:112} INFO - [2020-07-22 17:30:35,689] {spark_submit_hook.py:479} INFO - 
[2020-07-22 17:30:35,689] {logging_mixin.py:112} INFO - [2020-07-22 17:30:35,689] {spark_submit_hook.py:479} INFO - 20/07/22 17:30:35 INFO ResourceUtils: ==============================================================
[2020-07-22 17:30:35,690] {logging_mixin.py:112} INFO - [2020-07-22 17:30:35,690] {spark_submit_hook.py:479} INFO - 20/07/22 17:30:35 INFO SparkContext: Submitted application: Spark_Test_Python
[2020-07-22 17:30:35,819] {logging_mixin.py:112} INFO - [2020-07-22 17:30:35,819] {spark_submit_hook.py:479} INFO - 20/07/22 17:30:35 INFO SecurityManager: Changing view acls to: bhakti
[2020-07-22 17:30:35,820] {logging_mixin.py:112} INFO - [2020-07-22 17:30:35,820] {spark_submit_hook.py:479} INFO - 20/07/22 17:30:35 INFO SecurityManager: Changing modify acls to: bhakti
[2020-07-22 17:30:35,821] {logging_mixin.py:112} INFO - [2020-07-22 17:30:35,821] {spark_submit_hook.py:479} INFO - 20/07/22 17:30:35 INFO SecurityManager: Changing view acls groups to:
[2020-07-22 17:30:35,822] {logging_mixin.py:112} INFO - [2020-07-22 17:30:35,822] {spark_submit_hook.py:479} INFO - 20/07/22 17:30:35 INFO SecurityManager: Changing modify acls groups to:
[2020-07-22 17:30:35,823] {logging_mixin.py:112} INFO - [2020-07-22 17:30:35,823] {spark_submit_hook.py:479} INFO - 20/07/22 17:30:35 INFO SecurityManager: SecurityManager: authentication disabled; ui acls disabled; users  with view permissions: Set(bhakti); groups with view permissions: Set(); users  with modify permissions: Set(bhakti); groups with modify permissions: Set()
[2020-07-22 17:30:36,362] {logging_mixin.py:112} INFO - [2020-07-22 17:30:36,362] {spark_submit_hook.py:479} INFO - 20/07/22 17:30:36 INFO Utils: Successfully started service 'sparkDriver' on port 39831.
[2020-07-22 17:30:36,412] {logging_mixin.py:112} INFO - [2020-07-22 17:30:36,412] {spark_submit_hook.py:479} INFO - 20/07/22 17:30:36 INFO SparkEnv: Registering MapOutputTracker
[2020-07-22 17:30:36,484] {logging_mixin.py:112} INFO - [2020-07-22 17:30:36,483] {spark_submit_hook.py:479} INFO - 20/07/22 17:30:36 INFO SparkEnv: Registering BlockManagerMaster
[2020-07-22 17:30:36,546] {logging_mixin.py:112} INFO - [2020-07-22 17:30:36,546] {spark_submit_hook.py:479} INFO - 20/07/22 17:30:36 INFO BlockManagerMasterEndpoint: Using org.apache.spark.storage.DefaultTopologyMapper for getting topology information
[2020-07-22 17:30:36,548] {logging_mixin.py:112} INFO - [2020-07-22 17:30:36,548] {spark_submit_hook.py:479} INFO - 20/07/22 17:30:36 INFO BlockManagerMasterEndpoint: BlockManagerMasterEndpoint up
[2020-07-22 17:30:36,580] {logging_mixin.py:112} INFO - [2020-07-22 17:30:36,579] {spark_submit_hook.py:479} INFO - 20/07/22 17:30:36 INFO SparkEnv: Registering BlockManagerMasterHeartbeat
[2020-07-22 17:30:36,625] {logging_mixin.py:112} INFO - [2020-07-22 17:30:36,625] {spark_submit_hook.py:479} INFO - 20/07/22 17:30:36 INFO DiskBlockManager: Created local directory at /tmp/blockmgr-130ef2f2-30d2-45d3-90f5-8ce4e6e65cc2
[2020-07-22 17:30:36,683] {logging_mixin.py:112} INFO - [2020-07-22 17:30:36,683] {spark_submit_hook.py:479} INFO - 20/07/22 17:30:36 INFO MemoryStore: MemoryStore started with capacity 366.3 MiB
[2020-07-22 17:30:36,721] {logging_mixin.py:112} INFO - [2020-07-22 17:30:36,721] {spark_submit_hook.py:479} INFO - 20/07/22 17:30:36 INFO SparkEnv: Registering OutputCommitCoordinator
[2020-07-22 17:30:37,131] {logging_mixin.py:112} INFO - [2020-07-22 17:30:37,131] {spark_submit_hook.py:479} INFO - 20/07/22 17:30:37 WARN Utils: Service 'SparkUI' could not bind on port 4040. Attempting port 4041.
[2020-07-22 17:30:37,132] {logging_mixin.py:112} INFO - [2020-07-22 17:30:37,132] {spark_submit_hook.py:479} INFO - 20/07/22 17:30:37 WARN Utils: Service 'SparkUI' could not bind on port 4041. Attempting port 4042.
[2020-07-22 17:30:37,144] {logging_mixin.py:112} INFO - [2020-07-22 17:30:37,144] {spark_submit_hook.py:479} INFO - 20/07/22 17:30:37 INFO Utils: Successfully started service 'SparkUI' on port 4042.
[2020-07-22 17:30:37,241] {logging_mixin.py:112} INFO - [2020-07-22 17:30:37,241] {spark_submit_hook.py:479} INFO - 20/07/22 17:30:37 INFO SparkUI: Bound SparkUI to 0.0.0.0, and started at http://192.168.43.94:4042
[2020-07-22 17:30:37,797] {logging_mixin.py:112} INFO - [2020-07-22 17:30:37,796] {spark_submit_hook.py:479} INFO - 20/07/22 17:30:37 INFO Executor: Starting executor ID driver on host 192.168.43.94
[2020-07-22 17:30:37,857] {logging_mixin.py:112} INFO - [2020-07-22 17:30:37,856] {spark_submit_hook.py:479} INFO - 20/07/22 17:30:37 INFO Utils: Successfully started service 'org.apache.spark.network.netty.NettyBlockTransferService' on port 33909.
[2020-07-22 17:30:37,858] {logging_mixin.py:112} INFO - [2020-07-22 17:30:37,858] {spark_submit_hook.py:479} INFO - 20/07/22 17:30:37 INFO NettyBlockTransferService: Server created on 192.168.43.94:33909
[2020-07-22 17:30:37,862] {logging_mixin.py:112} INFO - [2020-07-22 17:30:37,862] {spark_submit_hook.py:479} INFO - 20/07/22 17:30:37 INFO BlockManager: Using org.apache.spark.storage.RandomBlockReplicationPolicy for block replication policy
[2020-07-22 17:30:37,883] {logging_mixin.py:112} INFO - [2020-07-22 17:30:37,882] {spark_submit_hook.py:479} INFO - 20/07/22 17:30:37 INFO BlockManagerMaster: Registering BlockManager BlockManagerId(driver, 192.168.43.94, 33909, None)
[2020-07-22 17:30:37,898] {logging_mixin.py:112} INFO - [2020-07-22 17:30:37,898] {spark_submit_hook.py:479} INFO - 20/07/22 17:30:37 INFO BlockManagerMasterEndpoint: Registering block manager 192.168.43.94:33909 with 366.3 MiB RAM, BlockManagerId(driver, 192.168.43.94, 33909, None)
[2020-07-22 17:30:37,905] {logging_mixin.py:112} INFO - [2020-07-22 17:30:37,904] {spark_submit_hook.py:479} INFO - 20/07/22 17:30:37 INFO BlockManagerMaster: Registered BlockManager BlockManagerId(driver, 192.168.43.94, 33909, None)
[2020-07-22 17:30:37,909] {logging_mixin.py:112} INFO - [2020-07-22 17:30:37,908] {spark_submit_hook.py:479} INFO - 20/07/22 17:30:37 INFO BlockManager: Initialized BlockManager: BlockManagerId(driver, 192.168.43.94, 33909, None)
[2020-07-22 17:30:39,611] {logging_mixin.py:112} INFO - [2020-07-22 17:30:39,611] {spark_submit_hook.py:479} INFO - 20/07/22 17:30:39 INFO MemoryStore: Block broadcast_0 stored as values in memory (estimated size 241.5 KiB, free 366.1 MiB)
[2020-07-22 17:30:39,889] {logging_mixin.py:112} INFO - [2020-07-22 17:30:39,889] {spark_submit_hook.py:479} INFO - 20/07/22 17:30:39 INFO MemoryStore: Block broadcast_0_piece0 stored as bytes in memory (estimated size 23.4 KiB, free 366.0 MiB)
[2020-07-22 17:30:39,896] {logging_mixin.py:112} INFO - [2020-07-22 17:30:39,896] {spark_submit_hook.py:479} INFO - 20/07/22 17:30:39 INFO BlockManagerInfo: Added broadcast_0_piece0 in memory on 192.168.43.94:33909 (size: 23.4 KiB, free: 366.3 MiB)
[2020-07-22 17:30:39,912] {logging_mixin.py:112} INFO - [2020-07-22 17:30:39,912] {spark_submit_hook.py:479} INFO - 20/07/22 17:30:39 INFO SparkContext: Created broadcast 0 from textFile at NativeMethodAccessorImpl.java:0
[2020-07-22 17:30:40,352] {logging_mixin.py:112} INFO - [2020-07-22 17:30:40,351] {spark_submit_hook.py:479} INFO - 20/07/22 17:30:40 INFO FileInputFormat: Total input paths to process : 1
[2020-07-22 17:30:40,466] {logging_mixin.py:112} INFO - [2020-07-22 17:30:40,465] {spark_submit_hook.py:479} INFO - 20/07/22 17:30:40 INFO SparkContext: Starting job: collect at /home/bhakti/airflow/spark_jobs/spark_test.py:8
[2020-07-22 17:30:40,496] {logging_mixin.py:112} INFO - [2020-07-22 17:30:40,496] {spark_submit_hook.py:479} INFO - 20/07/22 17:30:40 INFO DAGScheduler: Got job 0 (collect at /home/bhakti/airflow/spark_jobs/spark_test.py:8) with 1 output partitions
[2020-07-22 17:30:40,497] {logging_mixin.py:112} INFO - [2020-07-22 17:30:40,497] {spark_submit_hook.py:479} INFO - 20/07/22 17:30:40 INFO DAGScheduler: Final stage: ResultStage 0 (collect at /home/bhakti/airflow/spark_jobs/spark_test.py:8)
[2020-07-22 17:30:40,499] {logging_mixin.py:112} INFO - [2020-07-22 17:30:40,499] {spark_submit_hook.py:479} INFO - 20/07/22 17:30:40 INFO DAGScheduler: Parents of final stage: List()
[2020-07-22 17:30:40,503] {logging_mixin.py:112} INFO - [2020-07-22 17:30:40,502] {spark_submit_hook.py:479} INFO - 20/07/22 17:30:40 INFO DAGScheduler: Missing parents: List()
[2020-07-22 17:30:40,517] {logging_mixin.py:112} INFO - [2020-07-22 17:30:40,517] {spark_submit_hook.py:479} INFO - 20/07/22 17:30:40 INFO DAGScheduler: Submitting ResultStage 0 (PythonRDD[2] at collect at /home/bhakti/airflow/spark_jobs/spark_test.py:8), which has no missing parents
[2020-07-22 17:30:40,692] {logging_mixin.py:112} INFO - [2020-07-22 17:30:40,691] {spark_submit_hook.py:479} INFO - 20/07/22 17:30:40 INFO MemoryStore: Block broadcast_1 stored as values in memory (estimated size 7.4 KiB, free 366.0 MiB)
[2020-07-22 17:30:40,706] {logging_mixin.py:112} INFO - [2020-07-22 17:30:40,705] {spark_submit_hook.py:479} INFO - 20/07/22 17:30:40 INFO MemoryStore: Block broadcast_1_piece0 stored as bytes in memory (estimated size 4.4 KiB, free 366.0 MiB)
[2020-07-22 17:30:40,721] {logging_mixin.py:112} INFO - [2020-07-22 17:30:40,721] {spark_submit_hook.py:479} INFO - 20/07/22 17:30:40 INFO BlockManagerInfo: Added broadcast_1_piece0 in memory on 192.168.43.94:33909 (size: 4.4 KiB, free: 366.3 MiB)
[2020-07-22 17:30:40,735] {logging_mixin.py:112} INFO - [2020-07-22 17:30:40,734] {spark_submit_hook.py:479} INFO - 20/07/22 17:30:40 INFO SparkContext: Created broadcast 1 from broadcast at DAGScheduler.scala:1200
[2020-07-22 17:30:40,795] {logging_mixin.py:112} INFO - [2020-07-22 17:30:40,795] {spark_submit_hook.py:479} INFO - 20/07/22 17:30:40 INFO DAGScheduler: Submitting 1 missing tasks from ResultStage 0 (PythonRDD[2] at collect at /home/bhakti/airflow/spark_jobs/spark_test.py:8) (first 15 tasks are for partitions Vector(0))
[2020-07-22 17:30:40,798] {logging_mixin.py:112} INFO - [2020-07-22 17:30:40,798] {spark_submit_hook.py:479} INFO - 20/07/22 17:30:40 INFO TaskSchedulerImpl: Adding task set 0.0 with 1 tasks
[2020-07-22 17:30:40,978] {logging_mixin.py:112} INFO - [2020-07-22 17:30:40,978] {spark_submit_hook.py:479} INFO - 20/07/22 17:30:40 INFO TaskSetManager: Starting task 0.0 in stage 0.0 (TID 0, 192.168.43.94, executor driver, partition 0, PROCESS_LOCAL, 7388 bytes)
[2020-07-22 17:30:41,016] {logging_mixin.py:112} INFO - [2020-07-22 17:30:41,016] {spark_submit_hook.py:479} INFO - 20/07/22 17:30:41 INFO Executor: Running task 0.0 in stage 0.0 (TID 0)
[2020-07-22 17:30:41,924] {logging_mixin.py:112} INFO - [2020-07-22 17:30:41,924] {spark_submit_hook.py:479} INFO - 20/07/22 17:30:41 INFO HadoopRDD: Input split: file:/home/bhakti/airflow/input_data/sample.csv:0+93
[2020-07-22 17:30:42,857] {logging_mixin.py:112} INFO - [2020-07-22 17:30:42,856] {spark_submit_hook.py:479} INFO - 20/07/22 17:30:42 INFO PythonRunner: Times: total = 882, boot = 855, init = 27, finish = 0
[2020-07-22 17:30:42,894] {logging_mixin.py:112} INFO - [2020-07-22 17:30:42,894] {spark_submit_hook.py:479} INFO - 20/07/22 17:30:42 INFO Executor: Finished task 0.0 in stage 0.0 (TID 0). 1779 bytes result sent to driver
[2020-07-22 17:30:42,927] {logging_mixin.py:112} INFO - [2020-07-22 17:30:42,924] {spark_submit_hook.py:479} INFO - 20/07/22 17:30:42 INFO TaskSetManager: Finished task 0.0 in stage 0.0 (TID 0) in 1971 ms on 192.168.43.94 (executor driver) (1/1)
[2020-07-22 17:30:42,935] {logging_mixin.py:112} INFO - [2020-07-22 17:30:42,935] {spark_submit_hook.py:479} INFO - 20/07/22 17:30:42 INFO TaskSchedulerImpl: Removed TaskSet 0.0, whose tasks have all completed, from pool
[2020-07-22 17:30:42,940] {logging_mixin.py:112} INFO - [2020-07-22 17:30:42,940] {spark_submit_hook.py:479} INFO - 20/07/22 17:30:42 INFO PythonAccumulatorV2: Connected to AccumulatorServer at host: 127.0.0.1 port: 35501
[2020-07-22 17:30:42,960] {logging_mixin.py:112} INFO - [2020-07-22 17:30:42,959] {spark_submit_hook.py:479} INFO - 20/07/22 17:30:42 INFO DAGScheduler: ResultStage 0 (collect at /home/bhakti/airflow/spark_jobs/spark_test.py:8) finished in 2.303 s
[2020-07-22 17:30:42,979] {logging_mixin.py:112} INFO - [2020-07-22 17:30:42,979] {spark_submit_hook.py:479} INFO - 20/07/22 17:30:42 INFO DAGScheduler: Job 0 is finished. Cancelling potential speculative or zombie tasks for this job
[2020-07-22 17:30:42,980] {logging_mixin.py:112} INFO - [2020-07-22 17:30:42,980] {spark_submit_hook.py:479} INFO - 20/07/22 17:30:42 INFO TaskSchedulerImpl: Killing all running tasks in stage 0: Stage finished
[2020-07-22 17:30:42,987] {logging_mixin.py:112} INFO - [2020-07-22 17:30:42,987] {spark_submit_hook.py:479} INFO - 20/07/22 17:30:42 INFO DAGScheduler: Job 0 finished: collect at /home/bhakti/airflow/spark_jobs/spark_test.py:8, took 2.517376 s
[2020-07-22 17:30:43,002] {logging_mixin.py:112} INFO - [2020-07-22 17:30:43,002] {spark_submit_hook.py:479} INFO - [('PERSON', 'JOINING_YEAR', 'COMPANY'), ('John', '2018', 'Google'), ('Sam', '2017', 'IBM'), ('Jeff', '2014', 'Yahoo'), ('Allen', '2015', 'Facebook')]
[2020-07-22 17:30:43,947] {logging_mixin.py:112} INFO - [2020-07-22 17:30:43,947] {spark_submit_hook.py:479} INFO - 20/07/22 17:30:43 INFO BlockManagerInfo: Removed broadcast_1_piece0 on 192.168.43.94:33909 in memory (size: 4.4 KiB, free: 366.3 MiB)
[2020-07-22 17:30:43,983] {logging_mixin.py:112} INFO - [2020-07-22 17:30:43,983] {spark_submit_hook.py:479} INFO - 20/07/22 17:30:43 INFO BlockManagerInfo: Removed broadcast_0_piece0 on 192.168.43.94:33909 in memory (size: 23.4 KiB, free: 366.3 MiB)
[2020-07-22 17:30:44,204] {logging_mixin.py:112} INFO - [2020-07-22 17:30:44,204] {spark_submit_hook.py:479} INFO - 20/07/22 17:30:44 INFO SharedState: Setting hive.metastore.warehouse.dir ('null') to the value of spark.sql.warehouse.dir ('file:/home/bhakti/airflow/spark-warehouse').
[2020-07-22 17:30:44,205] {logging_mixin.py:112} INFO - [2020-07-22 17:30:44,205] {spark_submit_hook.py:479} INFO - 20/07/22 17:30:44 INFO SharedState: Warehouse path is 'file:/home/bhakti/airflow/spark-warehouse'.
[2020-07-22 17:30:54,106] {logging_mixin.py:112} INFO - [2020-07-22 17:30:54,105] {spark_submit_hook.py:479} INFO - 20/07/22 17:30:54 INFO CodeGenerator: Code generated in 902.153989 ms
[2020-07-22 17:30:54,255] {logging_mixin.py:112} INFO - [2020-07-22 17:30:54,255] {spark_submit_hook.py:479} INFO - 20/07/22 17:30:54 INFO SparkContext: Starting job: showString at NativeMethodAccessorImpl.java:0
[2020-07-22 17:30:54,259] {logging_mixin.py:112} INFO - [2020-07-22 17:30:54,259] {spark_submit_hook.py:479} INFO - 20/07/22 17:30:54 INFO DAGScheduler: Got job 1 (showString at NativeMethodAccessorImpl.java:0) with 1 output partitions
[2020-07-22 17:30:54,259] {logging_mixin.py:112} INFO - [2020-07-22 17:30:54,259] {spark_submit_hook.py:479} INFO - 20/07/22 17:30:54 INFO DAGScheduler: Final stage: ResultStage 1 (showString at NativeMethodAccessorImpl.java:0)
[2020-07-22 17:30:54,260] {logging_mixin.py:112} INFO - [2020-07-22 17:30:54,259] {spark_submit_hook.py:479} INFO - 20/07/22 17:30:54 INFO DAGScheduler: Parents of final stage: List()
[2020-07-22 17:30:54,261] {logging_mixin.py:112} INFO - [2020-07-22 17:30:54,260] {spark_submit_hook.py:479} INFO - 20/07/22 17:30:54 INFO DAGScheduler: Missing parents: List()
[2020-07-22 17:30:54,275] {logging_mixin.py:112} INFO - [2020-07-22 17:30:54,273] {spark_submit_hook.py:479} INFO - 20/07/22 17:30:54 INFO DAGScheduler: Submitting ResultStage 1 (MapPartitionsRDD[9] at showString at NativeMethodAccessorImpl.java:0), which has no missing parents
[2020-07-22 17:30:54,352] {logging_mixin.py:112} INFO - [2020-07-22 17:30:54,351] {spark_submit_hook.py:479} INFO - 20/07/22 17:30:54 INFO MemoryStore: Block broadcast_2 stored as values in memory (estimated size 11.2 KiB, free 366.3 MiB)
[2020-07-22 17:30:54,373] {logging_mixin.py:112} INFO - [2020-07-22 17:30:54,372] {spark_submit_hook.py:479} INFO - 20/07/22 17:30:54 INFO MemoryStore: Block broadcast_2_piece0 stored as bytes in memory (estimated size 5.8 KiB, free 366.3 MiB)
[2020-07-22 17:30:54,375] {logging_mixin.py:112} INFO - [2020-07-22 17:30:54,374] {spark_submit_hook.py:479} INFO - 20/07/22 17:30:54 INFO BlockManagerInfo: Added broadcast_2_piece0 in memory on 192.168.43.94:33909 (size: 5.8 KiB, free: 366.3 MiB)
[2020-07-22 17:30:54,377] {logging_mixin.py:112} INFO - [2020-07-22 17:30:54,376] {spark_submit_hook.py:479} INFO - 20/07/22 17:30:54 INFO SparkContext: Created broadcast 2 from broadcast at DAGScheduler.scala:1200
[2020-07-22 17:30:54,380] {logging_mixin.py:112} INFO - [2020-07-22 17:30:54,380] {spark_submit_hook.py:479} INFO - 20/07/22 17:30:54 INFO DAGScheduler: Submitting 1 missing tasks from ResultStage 1 (MapPartitionsRDD[9] at showString at NativeMethodAccessorImpl.java:0) (first 15 tasks are for partitions Vector(0))
[2020-07-22 17:30:54,381] {logging_mixin.py:112} INFO - [2020-07-22 17:30:54,381] {spark_submit_hook.py:479} INFO - 20/07/22 17:30:54 INFO TaskSchedulerImpl: Adding task set 1.0 with 1 tasks
[2020-07-22 17:30:54,453] {logging_mixin.py:112} INFO - [2020-07-22 17:30:54,453] {spark_submit_hook.py:479} INFO - 20/07/22 17:30:54 INFO TaskSetManager: Starting task 0.0 in stage 1.0 (TID 1, 192.168.43.94, executor driver, partition 0, PROCESS_LOCAL, 7493 bytes)
[2020-07-22 17:30:54,465] {logging_mixin.py:112} INFO - [2020-07-22 17:30:54,464] {spark_submit_hook.py:479} INFO - 20/07/22 17:30:54 INFO Executor: Running task 0.0 in stage 1.0 (TID 1)
[2020-07-22 17:30:54,939] {logging_mixin.py:112} INFO - [2020-07-22 17:30:54,938] {spark_submit_hook.py:479} INFO - 20/07/22 17:30:54 INFO PythonRunner: Times: total = 34, boot = -11833, init = 11867, finish = 0
[2020-07-22 17:30:54,984] {logging_mixin.py:112} INFO - [2020-07-22 17:30:54,984] {spark_submit_hook.py:479} INFO - 20/07/22 17:30:54 INFO Executor: Finished task 0.0 in stage 1.0 (TID 1). 2235 bytes result sent to driver
[2020-07-22 17:30:55,012] {logging_mixin.py:112} INFO - [2020-07-22 17:30:55,012] {spark_submit_hook.py:479} INFO - 20/07/22 17:30:55 INFO TaskSetManager: Finished task 0.0 in stage 1.0 (TID 1) in 629 ms on 192.168.43.94 (executor driver) (1/1)
[2020-07-22 17:30:55,017] {logging_mixin.py:112} INFO - [2020-07-22 17:30:55,016] {spark_submit_hook.py:479} INFO - 20/07/22 17:30:55 INFO TaskSchedulerImpl: Removed TaskSet 1.0, whose tasks have all completed, from pool
[2020-07-22 17:30:55,035] {logging_mixin.py:112} INFO - [2020-07-22 17:30:55,035] {spark_submit_hook.py:479} INFO - 20/07/22 17:30:55 INFO DAGScheduler: ResultStage 1 (showString at NativeMethodAccessorImpl.java:0) finished in 0.722 s
[2020-07-22 17:30:55,035] {logging_mixin.py:112} INFO - [2020-07-22 17:30:55,035] {spark_submit_hook.py:479} INFO - 20/07/22 17:30:55 INFO DAGScheduler: Job 1 is finished. Cancelling potential speculative or zombie tasks for this job
[2020-07-22 17:30:55,036] {logging_mixin.py:112} INFO - [2020-07-22 17:30:55,036] {spark_submit_hook.py:479} INFO - 20/07/22 17:30:55 INFO TaskSchedulerImpl: Killing all running tasks in stage 1: Stage finished
[2020-07-22 17:30:55,037] {logging_mixin.py:112} INFO - [2020-07-22 17:30:55,036] {spark_submit_hook.py:479} INFO - 20/07/22 17:30:55 INFO DAGScheduler: Job 1 finished: showString at NativeMethodAccessorImpl.java:0, took 0.771278 s
[2020-07-22 17:30:55,401] {logging_mixin.py:112} INFO - [2020-07-22 17:30:55,400] {spark_submit_hook.py:479} INFO - 20/07/22 17:30:55 INFO CodeGenerator: Code generated in 216.060737 ms
[2020-07-22 17:30:55,478] {logging_mixin.py:112} INFO - [2020-07-22 17:30:55,477] {spark_submit_hook.py:479} INFO - +------+------------+--------+
[2020-07-22 17:30:55,480] {logging_mixin.py:112} INFO - [2020-07-22 17:30:55,479] {spark_submit_hook.py:479} INFO - |    _1|          _2|      _3|
[2020-07-22 17:30:55,480] {logging_mixin.py:112} INFO - [2020-07-22 17:30:55,480] {spark_submit_hook.py:479} INFO - +------+------------+--------+
[2020-07-22 17:30:55,481] {logging_mixin.py:112} INFO - [2020-07-22 17:30:55,481] {spark_submit_hook.py:479} INFO - |PERSON|JOINING_YEAR| COMPANY|
[2020-07-22 17:30:55,481] {logging_mixin.py:112} INFO - [2020-07-22 17:30:55,481] {spark_submit_hook.py:479} INFO - |  John|        2018|  Google|
[2020-07-22 17:30:55,482] {logging_mixin.py:112} INFO - [2020-07-22 17:30:55,481] {spark_submit_hook.py:479} INFO - |   Sam|        2017|     IBM|
[2020-07-22 17:30:55,482] {logging_mixin.py:112} INFO - [2020-07-22 17:30:55,482] {spark_submit_hook.py:479} INFO - |  Jeff|        2014|   Yahoo|
[2020-07-22 17:30:55,482] {logging_mixin.py:112} INFO - [2020-07-22 17:30:55,482] {spark_submit_hook.py:479} INFO - | Allen|        2015|Facebook|
[2020-07-22 17:30:55,482] {logging_mixin.py:112} INFO - [2020-07-22 17:30:55,482] {spark_submit_hook.py:479} INFO - +------+------------+--------+
[2020-07-22 17:30:55,482] {logging_mixin.py:112} INFO - [2020-07-22 17:30:55,482] {spark_submit_hook.py:479} INFO - 
[2020-07-22 17:30:55,733] {logging_mixin.py:112} INFO - [2020-07-22 17:30:55,733] {spark_submit_hook.py:479} INFO - 20/07/22 17:30:55 INFO SparkContext: Invoking stop() from shutdown hook
[2020-07-22 17:30:55,771] {logging_mixin.py:112} INFO - [2020-07-22 17:30:55,770] {spark_submit_hook.py:479} INFO - 20/07/22 17:30:55 INFO SparkUI: Stopped Spark web UI at http://192.168.43.94:4042
[2020-07-22 17:30:55,963] {logging_mixin.py:112} INFO - [2020-07-22 17:30:55,963] {spark_submit_hook.py:479} INFO - 20/07/22 17:30:55 INFO MapOutputTrackerMasterEndpoint: MapOutputTrackerMasterEndpoint stopped!
[2020-07-22 17:30:56,029] {logging_mixin.py:112} INFO - [2020-07-22 17:30:56,029] {spark_submit_hook.py:479} INFO - 20/07/22 17:30:56 INFO MemoryStore: MemoryStore cleared
[2020-07-22 17:30:56,046] {logging_mixin.py:112} INFO - [2020-07-22 17:30:56,046] {spark_submit_hook.py:479} INFO - 20/07/22 17:30:56 INFO BlockManager: BlockManager stopped
[2020-07-22 17:30:56,061] {logging_mixin.py:112} INFO - [2020-07-22 17:30:56,061] {spark_submit_hook.py:479} INFO - 20/07/22 17:30:56 INFO BlockManagerMaster: BlockManagerMaster stopped
[2020-07-22 17:30:56,080] {logging_mixin.py:112} INFO - [2020-07-22 17:30:56,078] {spark_submit_hook.py:479} INFO - 20/07/22 17:30:56 INFO OutputCommitCoordinator$OutputCommitCoordinatorEndpoint: OutputCommitCoordinator stopped!
[2020-07-22 17:30:56,113] {logging_mixin.py:112} INFO - [2020-07-22 17:30:56,112] {spark_submit_hook.py:479} INFO - 20/07/22 17:30:56 INFO SparkContext: Successfully stopped SparkContext
[2020-07-22 17:30:56,114] {logging_mixin.py:112} INFO - [2020-07-22 17:30:56,113] {spark_submit_hook.py:479} INFO - 20/07/22 17:30:56 INFO ShutdownHookManager: Shutdown hook called
[2020-07-22 17:30:56,115] {logging_mixin.py:112} INFO - [2020-07-22 17:30:56,114] {spark_submit_hook.py:479} INFO - 20/07/22 17:30:56 INFO ShutdownHookManager: Deleting directory /tmp/spark-80113a86-fad2-42ee-9604-e1f99e42ffa0
[2020-07-22 17:30:56,129] {logging_mixin.py:112} INFO - [2020-07-22 17:30:56,128] {spark_submit_hook.py:479} INFO - 20/07/22 17:30:56 INFO ShutdownHookManager: Deleting directory /tmp/spark-c2798739-5429-4923-9d25-07890860902e/pyspark-d5a69049-706d-440b-bd40-3b714971c608
[2020-07-22 17:30:56,138] {logging_mixin.py:112} INFO - [2020-07-22 17:30:56,138] {spark_submit_hook.py:479} INFO - 20/07/22 17:30:56 INFO ShutdownHookManager: Deleting directory /tmp/spark-c2798739-5429-4923-9d25-07890860902e
[2020-07-22 17:30:56,283] {taskinstance.py:1052} INFO - Marking task as SUCCESS.dag_id=submit_data, task_id=spark_submit, execution_date=20200720T074600, start_date=20200722T120029, end_date=20200722T120056
[2020-07-22 17:31:00,223] {logging_mixin.py:112} INFO - [2020-07-22 17:31:00,223] {local_task_job.py:103} INFO - Task exited with return code 0
