[2020-07-22 14:32:51,657] {taskinstance.py:669} INFO - Dependencies all met for <TaskInstance: submit_data.spark_submit 2020-07-22T09:02:09.135038+00:00 [queued]>
[2020-07-22 14:32:51,666] {taskinstance.py:669} INFO - Dependencies all met for <TaskInstance: submit_data.spark_submit 2020-07-22T09:02:09.135038+00:00 [queued]>
[2020-07-22 14:32:51,666] {taskinstance.py:879} INFO - 
--------------------------------------------------------------------------------
[2020-07-22 14:32:51,666] {taskinstance.py:880} INFO - Starting attempt 1 of 1
[2020-07-22 14:32:51,666] {taskinstance.py:881} INFO - 
--------------------------------------------------------------------------------
[2020-07-22 14:32:51,850] {taskinstance.py:900} INFO - Executing <Task(SparkSubmitOperator): spark_submit> on 2020-07-22T09:02:09.135038+00:00
[2020-07-22 14:32:51,857] {standard_task_runner.py:53} INFO - Started process 432347 to run task
[2020-07-22 14:32:52,029] {logging_mixin.py:112} INFO - Running %s on host %s <TaskInstance: submit_data.spark_submit 2020-07-22T09:02:09.135038+00:00 [running]> bhakti-Vostro-3558
[2020-07-22 14:32:52,047] {logging_mixin.py:112} INFO - [2020-07-22 14:32:52,047] {base_hook.py:87} INFO - Using connection to: id: spark_local. Host: localhost, Port: 4041, Schema: None, Login: None, Password: None, extra: None
[2020-07-22 14:32:52,048] {logging_mixin.py:112} INFO - [2020-07-22 14:32:52,048] {spark_submit_hook.py:325} INFO - Spark-Submit cmd: spark-submit --master localhost:4041 --name airflow-spark /home/bhakti/airflow/spark_jobs/python/spark_test.py
[2020-07-22 14:32:53,980] {logging_mixin.py:112} INFO - [2020-07-22 14:32:53,979] {spark_submit_hook.py:479} INFO - 20/07/22 14:32:53 WARN Utils: Your hostname, bhakti-Vostro-3558 resolves to a loopback address: 127.0.1.1; using 192.168.43.94 instead (on interface wlp6s0)
[2020-07-22 14:32:53,981] {logging_mixin.py:112} INFO - [2020-07-22 14:32:53,980] {spark_submit_hook.py:479} INFO - 20/07/22 14:32:53 WARN Utils: Set SPARK_LOCAL_IP if you need to bind to another address
[2020-07-22 14:32:58,513] {logging_mixin.py:112} INFO - [2020-07-22 14:32:58,513] {spark_submit_hook.py:479} INFO - 20/07/22 14:32:58 WARN NativeCodeLoader: Unable to load native-hadoop library for your platform... using builtin-java classes where applicable
[2020-07-22 14:33:01,864] {logging_mixin.py:112} INFO - [2020-07-22 14:33:01,864] {spark_submit_hook.py:479} INFO - Using Spark's default log4j profile: org/apache/spark/log4j-defaults.properties
[2020-07-22 14:33:01,892] {logging_mixin.py:112} INFO - [2020-07-22 14:33:01,891] {spark_submit_hook.py:479} INFO - 20/07/22 14:33:01 INFO SparkContext: Running Spark version 3.0.0
[2020-07-22 14:33:02,046] {logging_mixin.py:112} INFO - [2020-07-22 14:33:02,046] {spark_submit_hook.py:479} INFO - 20/07/22 14:33:02 INFO ResourceUtils: ==============================================================
[2020-07-22 14:33:02,050] {logging_mixin.py:112} INFO - [2020-07-22 14:33:02,050] {spark_submit_hook.py:479} INFO - 20/07/22 14:33:02 INFO ResourceUtils: Resources for spark.driver:
[2020-07-22 14:33:02,051] {logging_mixin.py:112} INFO - [2020-07-22 14:33:02,051] {spark_submit_hook.py:479} INFO - 
[2020-07-22 14:33:02,051] {logging_mixin.py:112} INFO - [2020-07-22 14:33:02,051] {spark_submit_hook.py:479} INFO - 20/07/22 14:33:02 INFO ResourceUtils: ==============================================================
[2020-07-22 14:33:02,052] {logging_mixin.py:112} INFO - [2020-07-22 14:33:02,052] {spark_submit_hook.py:479} INFO - 20/07/22 14:33:02 INFO SparkContext: Submitted application: Spark_Test_Python
[2020-07-22 14:33:02,199] {logging_mixin.py:112} INFO - [2020-07-22 14:33:02,199] {spark_submit_hook.py:479} INFO - 20/07/22 14:33:02 INFO SecurityManager: Changing view acls to: bhakti
[2020-07-22 14:33:02,199] {logging_mixin.py:112} INFO - [2020-07-22 14:33:02,199] {spark_submit_hook.py:479} INFO - 20/07/22 14:33:02 INFO SecurityManager: Changing modify acls to: bhakti
[2020-07-22 14:33:02,200] {logging_mixin.py:112} INFO - [2020-07-22 14:33:02,199] {spark_submit_hook.py:479} INFO - 20/07/22 14:33:02 INFO SecurityManager: Changing view acls groups to:
[2020-07-22 14:33:02,200] {logging_mixin.py:112} INFO - [2020-07-22 14:33:02,200] {spark_submit_hook.py:479} INFO - 20/07/22 14:33:02 INFO SecurityManager: Changing modify acls groups to:
[2020-07-22 14:33:02,200] {logging_mixin.py:112} INFO - [2020-07-22 14:33:02,200] {spark_submit_hook.py:479} INFO - 20/07/22 14:33:02 INFO SecurityManager: SecurityManager: authentication disabled; ui acls disabled; users  with view permissions: Set(bhakti); groups with view permissions: Set(); users  with modify permissions: Set(bhakti); groups with modify permissions: Set()
[2020-07-22 14:33:03,088] {logging_mixin.py:112} INFO - [2020-07-22 14:33:03,088] {spark_submit_hook.py:479} INFO - 20/07/22 14:33:03 INFO Utils: Successfully started service 'sparkDriver' on port 36953.
[2020-07-22 14:33:03,200] {logging_mixin.py:112} INFO - [2020-07-22 14:33:03,200] {spark_submit_hook.py:479} INFO - 20/07/22 14:33:03 INFO SparkEnv: Registering MapOutputTracker
[2020-07-22 14:33:03,318] {logging_mixin.py:112} INFO - [2020-07-22 14:33:03,317] {spark_submit_hook.py:479} INFO - 20/07/22 14:33:03 INFO SparkEnv: Registering BlockManagerMaster
[2020-07-22 14:33:03,393] {logging_mixin.py:112} INFO - [2020-07-22 14:33:03,392] {spark_submit_hook.py:479} INFO - 20/07/22 14:33:03 INFO BlockManagerMasterEndpoint: Using org.apache.spark.storage.DefaultTopologyMapper for getting topology information
[2020-07-22 14:33:03,398] {logging_mixin.py:112} INFO - [2020-07-22 14:33:03,398] {spark_submit_hook.py:479} INFO - 20/07/22 14:33:03 INFO BlockManagerMasterEndpoint: BlockManagerMasterEndpoint up
[2020-07-22 14:33:03,434] {logging_mixin.py:112} INFO - [2020-07-22 14:33:03,430] {spark_submit_hook.py:479} INFO - 20/07/22 14:33:03 INFO SparkEnv: Registering BlockManagerMasterHeartbeat
[2020-07-22 14:33:03,496] {logging_mixin.py:112} INFO - [2020-07-22 14:33:03,495] {spark_submit_hook.py:479} INFO - 20/07/22 14:33:03 INFO DiskBlockManager: Created local directory at /tmp/blockmgr-84c701a3-87d3-4e4e-87a2-f2b777245f5c
[2020-07-22 14:33:03,567] {logging_mixin.py:112} INFO - [2020-07-22 14:33:03,567] {spark_submit_hook.py:479} INFO - 20/07/22 14:33:03 INFO MemoryStore: MemoryStore started with capacity 366.3 MiB
[2020-07-22 14:33:03,626] {logging_mixin.py:112} INFO - [2020-07-22 14:33:03,626] {spark_submit_hook.py:479} INFO - 20/07/22 14:33:03 INFO SparkEnv: Registering OutputCommitCoordinator
[2020-07-22 14:33:04,264] {logging_mixin.py:112} INFO - [2020-07-22 14:33:04,264] {spark_submit_hook.py:479} INFO - 20/07/22 14:33:04 WARN Utils: Service 'SparkUI' could not bind on port 4040. Attempting port 4041.
[2020-07-22 14:33:04,265] {logging_mixin.py:112} INFO - [2020-07-22 14:33:04,264] {spark_submit_hook.py:479} INFO - 20/07/22 14:33:04 WARN Utils: Service 'SparkUI' could not bind on port 4041. Attempting port 4042.
[2020-07-22 14:33:04,265] {logging_mixin.py:112} INFO - [2020-07-22 14:33:04,265] {spark_submit_hook.py:479} INFO - 20/07/22 14:33:04 WARN Utils: Service 'SparkUI' could not bind on port 4042. Attempting port 4043.
[2020-07-22 14:33:04,282] {logging_mixin.py:112} INFO - [2020-07-22 14:33:04,282] {spark_submit_hook.py:479} INFO - 20/07/22 14:33:04 INFO Utils: Successfully started service 'SparkUI' on port 4043.
[2020-07-22 14:33:04,498] {logging_mixin.py:112} INFO - [2020-07-22 14:33:04,498] {spark_submit_hook.py:479} INFO - 20/07/22 14:33:04 INFO SparkUI: Bound SparkUI to 0.0.0.0, and started at http://192.168.43.94:4043
[2020-07-22 14:33:04,979] {logging_mixin.py:112} INFO - [2020-07-22 14:33:04,979] {spark_submit_hook.py:479} INFO - 20/07/22 14:33:04 ERROR SparkContext: Error initializing SparkContext.
[2020-07-22 14:33:04,980] {logging_mixin.py:112} INFO - [2020-07-22 14:33:04,979] {spark_submit_hook.py:479} INFO - org.apache.spark.SparkException: Could not parse Master URL: 'localhost:4041'
[2020-07-22 14:33:04,980] {logging_mixin.py:112} INFO - [2020-07-22 14:33:04,980] {spark_submit_hook.py:479} INFO - at org.apache.spark.SparkContext$.org$apache$spark$SparkContext$$createTaskScheduler(SparkContext.scala:2924)
[2020-07-22 14:33:04,980] {logging_mixin.py:112} INFO - [2020-07-22 14:33:04,980] {spark_submit_hook.py:479} INFO - at org.apache.spark.SparkContext.<init>(SparkContext.scala:528)
[2020-07-22 14:33:04,980] {logging_mixin.py:112} INFO - [2020-07-22 14:33:04,980] {spark_submit_hook.py:479} INFO - at org.apache.spark.api.java.JavaSparkContext.<init>(JavaSparkContext.scala:58)
[2020-07-22 14:33:04,981] {logging_mixin.py:112} INFO - [2020-07-22 14:33:04,981] {spark_submit_hook.py:479} INFO - at sun.reflect.NativeConstructorAccessorImpl.newInstance0(Native Method)
[2020-07-22 14:33:04,981] {logging_mixin.py:112} INFO - [2020-07-22 14:33:04,981] {spark_submit_hook.py:479} INFO - at sun.reflect.NativeConstructorAccessorImpl.newInstance(NativeConstructorAccessorImpl.java:62)
[2020-07-22 14:33:04,981] {logging_mixin.py:112} INFO - [2020-07-22 14:33:04,981] {spark_submit_hook.py:479} INFO - at sun.reflect.DelegatingConstructorAccessorImpl.newInstance(DelegatingConstructorAccessorImpl.java:45)
[2020-07-22 14:33:04,982] {logging_mixin.py:112} INFO - [2020-07-22 14:33:04,981] {spark_submit_hook.py:479} INFO - at java.lang.reflect.Constructor.newInstance(Constructor.java:423)
[2020-07-22 14:33:04,982] {logging_mixin.py:112} INFO - [2020-07-22 14:33:04,982] {spark_submit_hook.py:479} INFO - at py4j.reflection.MethodInvoker.invoke(MethodInvoker.java:247)
[2020-07-22 14:33:04,982] {logging_mixin.py:112} INFO - [2020-07-22 14:33:04,982] {spark_submit_hook.py:479} INFO - at py4j.reflection.ReflectionEngine.invoke(ReflectionEngine.java:357)
[2020-07-22 14:33:04,982] {logging_mixin.py:112} INFO - [2020-07-22 14:33:04,982] {spark_submit_hook.py:479} INFO - at py4j.Gateway.invoke(Gateway.java:238)
[2020-07-22 14:33:04,983] {logging_mixin.py:112} INFO - [2020-07-22 14:33:04,982] {spark_submit_hook.py:479} INFO - at py4j.commands.ConstructorCommand.invokeConstructor(ConstructorCommand.java:80)
[2020-07-22 14:33:04,983] {logging_mixin.py:112} INFO - [2020-07-22 14:33:04,983] {spark_submit_hook.py:479} INFO - at py4j.commands.ConstructorCommand.execute(ConstructorCommand.java:69)
[2020-07-22 14:33:04,983] {logging_mixin.py:112} INFO - [2020-07-22 14:33:04,983] {spark_submit_hook.py:479} INFO - at py4j.GatewayConnection.run(GatewayConnection.java:238)
[2020-07-22 14:33:04,984] {logging_mixin.py:112} INFO - [2020-07-22 14:33:04,983] {spark_submit_hook.py:479} INFO - at java.lang.Thread.run(Thread.java:748)
[2020-07-22 14:33:05,003] {logging_mixin.py:112} INFO - [2020-07-22 14:33:05,003] {spark_submit_hook.py:479} INFO - 20/07/22 14:33:05 INFO SparkUI: Stopped Spark web UI at http://192.168.43.94:4043
[2020-07-22 14:33:05,086] {logging_mixin.py:112} INFO - [2020-07-22 14:33:05,085] {spark_submit_hook.py:479} INFO - 20/07/22 14:33:05 INFO MapOutputTrackerMasterEndpoint: MapOutputTrackerMasterEndpoint stopped!
[2020-07-22 14:33:05,129] {logging_mixin.py:112} INFO - [2020-07-22 14:33:05,129] {spark_submit_hook.py:479} INFO - 20/07/22 14:33:05 INFO MemoryStore: MemoryStore cleared
[2020-07-22 14:33:05,130] {logging_mixin.py:112} INFO - [2020-07-22 14:33:05,129] {spark_submit_hook.py:479} INFO - 20/07/22 14:33:05 INFO BlockManager: BlockManager stopped
[2020-07-22 14:33:05,160] {logging_mixin.py:112} INFO - [2020-07-22 14:33:05,160] {spark_submit_hook.py:479} INFO - 20/07/22 14:33:05 INFO BlockManagerMaster: BlockManagerMaster stopped
[2020-07-22 14:33:05,161] {logging_mixin.py:112} INFO - [2020-07-22 14:33:05,161] {spark_submit_hook.py:479} INFO - 20/07/22 14:33:05 WARN MetricsSystem: Stopping a MetricsSystem that is not running
[2020-07-22 14:33:05,169] {logging_mixin.py:112} INFO - [2020-07-22 14:33:05,168] {spark_submit_hook.py:479} INFO - 20/07/22 14:33:05 INFO OutputCommitCoordinator$OutputCommitCoordinatorEndpoint: OutputCommitCoordinator stopped!
[2020-07-22 14:33:05,454] {logging_mixin.py:112} INFO - [2020-07-22 14:33:05,454] {spark_submit_hook.py:479} INFO - 20/07/22 14:33:05 INFO SparkContext: Successfully stopped SparkContext
[2020-07-22 14:33:05,613] {logging_mixin.py:112} INFO - [2020-07-22 14:33:05,612] {spark_submit_hook.py:479} INFO - Traceback (most recent call last):
[2020-07-22 14:33:05,613] {logging_mixin.py:112} INFO - [2020-07-22 14:33:05,613] {spark_submit_hook.py:479} INFO - File "/home/bhakti/airflow/spark_jobs/python/spark_test.py", line 6, in <module>
[2020-07-22 14:33:05,613] {logging_mixin.py:112} INFO - [2020-07-22 14:33:05,613] {spark_submit_hook.py:479} INFO - sc = SparkContext(conf=conf)
[2020-07-22 14:33:05,614] {logging_mixin.py:112} INFO - [2020-07-22 14:33:05,614] {spark_submit_hook.py:479} INFO - File "/opt/spark/python/lib/pyspark.zip/pyspark/context.py", line 130, in __init__
[2020-07-22 14:33:05,614] {logging_mixin.py:112} INFO - [2020-07-22 14:33:05,614] {spark_submit_hook.py:479} INFO - File "/opt/spark/python/lib/pyspark.zip/pyspark/context.py", line 193, in _do_init
[2020-07-22 14:33:05,614] {logging_mixin.py:112} INFO - [2020-07-22 14:33:05,614] {spark_submit_hook.py:479} INFO - File "/opt/spark/python/lib/pyspark.zip/pyspark/context.py", line 310, in _initialize_context
[2020-07-22 14:33:05,617] {logging_mixin.py:112} INFO - [2020-07-22 14:33:05,614] {spark_submit_hook.py:479} INFO - File "/opt/spark/python/lib/py4j-0.10.9-src.zip/py4j/java_gateway.py", line 1568, in __call__
[2020-07-22 14:33:05,618] {logging_mixin.py:112} INFO - [2020-07-22 14:33:05,618] {spark_submit_hook.py:479} INFO - File "/opt/spark/python/lib/py4j-0.10.9-src.zip/py4j/protocol.py", line 326, in get_return_value
[2020-07-22 14:33:05,620] {logging_mixin.py:112} INFO - [2020-07-22 14:33:05,619] {spark_submit_hook.py:479} INFO - py4j.protocol.Py4JJavaError: An error occurred while calling None.org.apache.spark.api.java.JavaSparkContext.
[2020-07-22 14:33:05,620] {logging_mixin.py:112} INFO - [2020-07-22 14:33:05,620] {spark_submit_hook.py:479} INFO - : org.apache.spark.SparkException: Could not parse Master URL: 'localhost:4041'
[2020-07-22 14:33:05,620] {logging_mixin.py:112} INFO - [2020-07-22 14:33:05,620] {spark_submit_hook.py:479} INFO - at org.apache.spark.SparkContext$.org$apache$spark$SparkContext$$createTaskScheduler(SparkContext.scala:2924)
[2020-07-22 14:33:05,621] {logging_mixin.py:112} INFO - [2020-07-22 14:33:05,621] {spark_submit_hook.py:479} INFO - at org.apache.spark.SparkContext.<init>(SparkContext.scala:528)
[2020-07-22 14:33:05,621] {logging_mixin.py:112} INFO - [2020-07-22 14:33:05,621] {spark_submit_hook.py:479} INFO - at org.apache.spark.api.java.JavaSparkContext.<init>(JavaSparkContext.scala:58)
[2020-07-22 14:33:05,621] {logging_mixin.py:112} INFO - [2020-07-22 14:33:05,621] {spark_submit_hook.py:479} INFO - at sun.reflect.NativeConstructorAccessorImpl.newInstance0(Native Method)
[2020-07-22 14:33:05,622] {logging_mixin.py:112} INFO - [2020-07-22 14:33:05,621] {spark_submit_hook.py:479} INFO - at sun.reflect.NativeConstructorAccessorImpl.newInstance(NativeConstructorAccessorImpl.java:62)
[2020-07-22 14:33:05,622] {logging_mixin.py:112} INFO - [2020-07-22 14:33:05,622] {spark_submit_hook.py:479} INFO - at sun.reflect.DelegatingConstructorAccessorImpl.newInstance(DelegatingConstructorAccessorImpl.java:45)
[2020-07-22 14:33:05,622] {logging_mixin.py:112} INFO - [2020-07-22 14:33:05,622] {spark_submit_hook.py:479} INFO - at java.lang.reflect.Constructor.newInstance(Constructor.java:423)
[2020-07-22 14:33:05,623] {logging_mixin.py:112} INFO - [2020-07-22 14:33:05,622] {spark_submit_hook.py:479} INFO - at py4j.reflection.MethodInvoker.invoke(MethodInvoker.java:247)
[2020-07-22 14:33:05,623] {logging_mixin.py:112} INFO - [2020-07-22 14:33:05,623] {spark_submit_hook.py:479} INFO - at py4j.reflection.ReflectionEngine.invoke(ReflectionEngine.java:357)
[2020-07-22 14:33:05,623] {logging_mixin.py:112} INFO - [2020-07-22 14:33:05,623] {spark_submit_hook.py:479} INFO - at py4j.Gateway.invoke(Gateway.java:238)
[2020-07-22 14:33:05,623] {logging_mixin.py:112} INFO - [2020-07-22 14:33:05,623] {spark_submit_hook.py:479} INFO - at py4j.commands.ConstructorCommand.invokeConstructor(ConstructorCommand.java:80)
[2020-07-22 14:33:05,624] {logging_mixin.py:112} INFO - [2020-07-22 14:33:05,624] {spark_submit_hook.py:479} INFO - at py4j.commands.ConstructorCommand.execute(ConstructorCommand.java:69)
[2020-07-22 14:33:05,625] {logging_mixin.py:112} INFO - [2020-07-22 14:33:05,625] {spark_submit_hook.py:479} INFO - at py4j.GatewayConnection.run(GatewayConnection.java:238)
[2020-07-22 14:33:05,630] {logging_mixin.py:112} INFO - [2020-07-22 14:33:05,626] {spark_submit_hook.py:479} INFO - at java.lang.Thread.run(Thread.java:748)
[2020-07-22 14:33:05,631] {logging_mixin.py:112} INFO - [2020-07-22 14:33:05,631] {spark_submit_hook.py:479} INFO - 
[2020-07-22 14:33:05,892] {logging_mixin.py:112} INFO - [2020-07-22 14:33:05,892] {spark_submit_hook.py:479} INFO - 20/07/22 14:33:05 INFO ShutdownHookManager: Shutdown hook called
[2020-07-22 14:33:05,897] {logging_mixin.py:112} INFO - [2020-07-22 14:33:05,897] {spark_submit_hook.py:479} INFO - 20/07/22 14:33:05 INFO ShutdownHookManager: Deleting directory /tmp/spark-03906059-49eb-46c7-9314-4eebcd267ca0
[2020-07-22 14:33:05,905] {logging_mixin.py:112} INFO - [2020-07-22 14:33:05,904] {spark_submit_hook.py:479} INFO - 20/07/22 14:33:05 INFO ShutdownHookManager: Deleting directory /tmp/spark-c566a9ce-23eb-4e00-9bab-c1f3ba0b2134
[2020-07-22 14:33:06,084] {taskinstance.py:1145} ERROR - Cannot execute: spark-submit --master localhost:4041 --name airflow-spark /home/bhakti/airflow/spark_jobs/python/spark_test.py. Error code is: 1.
Traceback (most recent call last):
  File "/usr/local/lib/python3.8/dist-packages/airflow/models/taskinstance.py", line 983, in _run_raw_task
    result = task_copy.execute(context=context)
  File "/usr/local/lib/python3.8/dist-packages/airflow/contrib/operators/spark_submit_operator.py", line 187, in execute
    self._hook.submit(self._application)
  File "/usr/local/lib/python3.8/dist-packages/airflow/contrib/hooks/spark_submit_hook.py", line 403, in submit
    raise AirflowException(
airflow.exceptions.AirflowException: Cannot execute: spark-submit --master localhost:4041 --name airflow-spark /home/bhakti/airflow/spark_jobs/python/spark_test.py. Error code is: 1.
[2020-07-22 14:33:06,098] {taskinstance.py:1189} INFO - Marking task as FAILED.dag_id=submit_data, task_id=spark_submit, execution_date=20200722T090209, start_date=20200722T090251, end_date=20200722T090306
[2020-07-22 14:33:12,323] {logging_mixin.py:112} INFO - [2020-07-22 14:33:12,323] {local_task_job.py:103} INFO - Task exited with return code 1
