[2020-07-22 14:29:27,033] {taskinstance.py:669} INFO - Dependencies all met for <TaskInstance: submit_data.spark_submit 2020-07-20T03:20:00+00:00 [queued]>
[2020-07-22 14:29:27,049] {taskinstance.py:669} INFO - Dependencies all met for <TaskInstance: submit_data.spark_submit 2020-07-20T03:20:00+00:00 [queued]>
[2020-07-22 14:29:27,049] {taskinstance.py:879} INFO - 
--------------------------------------------------------------------------------
[2020-07-22 14:29:27,049] {taskinstance.py:880} INFO - Starting attempt 1 of 1
[2020-07-22 14:29:27,049] {taskinstance.py:881} INFO - 
--------------------------------------------------------------------------------
[2020-07-22 14:29:27,242] {taskinstance.py:900} INFO - Executing <Task(SparkSubmitOperator): spark_submit> on 2020-07-20T03:20:00+00:00
[2020-07-22 14:29:27,255] {standard_task_runner.py:53} INFO - Started process 427765 to run task
[2020-07-22 14:29:27,551] {logging_mixin.py:112} INFO - Running %s on host %s <TaskInstance: submit_data.spark_submit 2020-07-20T03:20:00+00:00 [running]> bhakti-Vostro-3558
[2020-07-22 14:29:27,773] {logging_mixin.py:112} INFO - [2020-07-22 14:29:27,772] {connection.py:342} ERROR - Extra data: line 1 column 15 (char 14)
Traceback (most recent call last):
  File "/usr/local/lib/python3.8/dist-packages/airflow/models/connection.py", line 340, in extra_dejson
    obj = json.loads(self.extra)
  File "/usr/lib/python3.8/json/__init__.py", line 357, in loads
    return _default_decoder.decode(s)
  File "/usr/lib/python3.8/json/decoder.py", line 340, in decode
    raise JSONDecodeError("Extra data", s, end)
json.decoder.JSONDecodeError: Extra data: line 1 column 15 (char 14)
[2020-07-22 14:29:27,774] {logging_mixin.py:112} INFO - [2020-07-22 14:29:27,773] {connection.py:343} ERROR - Failed parsing the json for conn_id spark_local
[2020-07-22 14:29:27,775] {logging_mixin.py:112} INFO - [2020-07-22 14:29:27,774] {base_hook.py:87} INFO - Using connection to: id: spark_local. Host: localhost, Port: 4041, Schema: None, Login: None, Password: None, extra: None
[2020-07-22 14:29:27,776] {logging_mixin.py:112} INFO - [2020-07-22 14:29:27,776] {connection.py:342} ERROR - Extra data: line 1 column 15 (char 14)
Traceback (most recent call last):
  File "/usr/local/lib/python3.8/dist-packages/airflow/models/connection.py", line 340, in extra_dejson
    obj = json.loads(self.extra)
  File "/usr/lib/python3.8/json/__init__.py", line 357, in loads
    return _default_decoder.decode(s)
  File "/usr/lib/python3.8/json/decoder.py", line 340, in decode
    raise JSONDecodeError("Extra data", s, end)
json.decoder.JSONDecodeError: Extra data: line 1 column 15 (char 14)
[2020-07-22 14:29:27,776] {logging_mixin.py:112} INFO - [2020-07-22 14:29:27,776] {connection.py:343} ERROR - Failed parsing the json for conn_id spark_local
[2020-07-22 14:29:27,778] {logging_mixin.py:112} INFO - [2020-07-22 14:29:27,778] {spark_submit_hook.py:325} INFO - Spark-Submit cmd: spark-submit --master localhost:4041 --name airflow-spark /home/bhakti/airflow/spark_jobs/python/spark_test.py
[2020-07-22 14:29:31,116] {logging_mixin.py:112} INFO - [2020-07-22 14:29:31,115] {spark_submit_hook.py:479} INFO - 20/07/22 14:29:31 WARN Utils: Your hostname, bhakti-Vostro-3558 resolves to a loopback address: 127.0.1.1; using 192.168.43.94 instead (on interface wlp6s0)
[2020-07-22 14:29:31,117] {logging_mixin.py:112} INFO - [2020-07-22 14:29:31,117] {spark_submit_hook.py:479} INFO - 20/07/22 14:29:31 WARN Utils: Set SPARK_LOCAL_IP if you need to bind to another address
[2020-07-22 14:29:33,218] {logging_mixin.py:112} INFO - [2020-07-22 14:29:33,218] {spark_submit_hook.py:479} INFO - 20/07/22 14:29:33 WARN NativeCodeLoader: Unable to load native-hadoop library for your platform... using builtin-java classes where applicable
[2020-07-22 14:29:36,235] {logging_mixin.py:112} INFO - [2020-07-22 14:29:36,235] {spark_submit_hook.py:479} INFO - Using Spark's default log4j profile: org/apache/spark/log4j-defaults.properties
[2020-07-22 14:29:36,255] {logging_mixin.py:112} INFO - [2020-07-22 14:29:36,255] {spark_submit_hook.py:479} INFO - 20/07/22 14:29:36 INFO SparkContext: Running Spark version 3.0.0
[2020-07-22 14:29:36,356] {logging_mixin.py:112} INFO - [2020-07-22 14:29:36,356] {spark_submit_hook.py:479} INFO - 20/07/22 14:29:36 INFO ResourceUtils: ==============================================================
[2020-07-22 14:29:36,359] {logging_mixin.py:112} INFO - [2020-07-22 14:29:36,359] {spark_submit_hook.py:479} INFO - 20/07/22 14:29:36 INFO ResourceUtils: Resources for spark.driver:
[2020-07-22 14:29:36,360] {logging_mixin.py:112} INFO - [2020-07-22 14:29:36,360] {spark_submit_hook.py:479} INFO - 
[2020-07-22 14:29:36,361] {logging_mixin.py:112} INFO - [2020-07-22 14:29:36,361] {spark_submit_hook.py:479} INFO - 20/07/22 14:29:36 INFO ResourceUtils: ==============================================================
[2020-07-22 14:29:36,362] {logging_mixin.py:112} INFO - [2020-07-22 14:29:36,361] {spark_submit_hook.py:479} INFO - 20/07/22 14:29:36 INFO SparkContext: Submitted application: Spark_Test_Python
[2020-07-22 14:29:36,479] {logging_mixin.py:112} INFO - [2020-07-22 14:29:36,479] {spark_submit_hook.py:479} INFO - 20/07/22 14:29:36 INFO SecurityManager: Changing view acls to: bhakti
[2020-07-22 14:29:36,480] {logging_mixin.py:112} INFO - [2020-07-22 14:29:36,479] {spark_submit_hook.py:479} INFO - 20/07/22 14:29:36 INFO SecurityManager: Changing modify acls to: bhakti
[2020-07-22 14:29:36,480] {logging_mixin.py:112} INFO - [2020-07-22 14:29:36,480] {spark_submit_hook.py:479} INFO - 20/07/22 14:29:36 INFO SecurityManager: Changing view acls groups to:
[2020-07-22 14:29:36,481] {logging_mixin.py:112} INFO - [2020-07-22 14:29:36,480] {spark_submit_hook.py:479} INFO - 20/07/22 14:29:36 INFO SecurityManager: Changing modify acls groups to:
[2020-07-22 14:29:36,481] {logging_mixin.py:112} INFO - [2020-07-22 14:29:36,481] {spark_submit_hook.py:479} INFO - 20/07/22 14:29:36 INFO SecurityManager: SecurityManager: authentication disabled; ui acls disabled; users  with view permissions: Set(bhakti); groups with view permissions: Set(); users  with modify permissions: Set(bhakti); groups with modify permissions: Set()
[2020-07-22 14:29:36,954] {logging_mixin.py:112} INFO - [2020-07-22 14:29:36,953] {spark_submit_hook.py:479} INFO - 20/07/22 14:29:36 INFO Utils: Successfully started service 'sparkDriver' on port 42425.
[2020-07-22 14:29:37,000] {logging_mixin.py:112} INFO - [2020-07-22 14:29:37,000] {spark_submit_hook.py:479} INFO - 20/07/22 14:29:37 INFO SparkEnv: Registering MapOutputTracker
[2020-07-22 14:29:37,072] {logging_mixin.py:112} INFO - [2020-07-22 14:29:37,072] {spark_submit_hook.py:479} INFO - 20/07/22 14:29:37 INFO SparkEnv: Registering BlockManagerMaster
[2020-07-22 14:29:37,121] {logging_mixin.py:112} INFO - [2020-07-22 14:29:37,120] {spark_submit_hook.py:479} INFO - 20/07/22 14:29:37 INFO BlockManagerMasterEndpoint: Using org.apache.spark.storage.DefaultTopologyMapper for getting topology information
[2020-07-22 14:29:37,122] {logging_mixin.py:112} INFO - [2020-07-22 14:29:37,122] {spark_submit_hook.py:479} INFO - 20/07/22 14:29:37 INFO BlockManagerMasterEndpoint: BlockManagerMasterEndpoint up
[2020-07-22 14:29:37,130] {logging_mixin.py:112} INFO - [2020-07-22 14:29:37,130] {spark_submit_hook.py:479} INFO - 20/07/22 14:29:37 INFO SparkEnv: Registering BlockManagerMasterHeartbeat
[2020-07-22 14:29:37,159] {logging_mixin.py:112} INFO - [2020-07-22 14:29:37,159] {spark_submit_hook.py:479} INFO - 20/07/22 14:29:37 INFO DiskBlockManager: Created local directory at /tmp/blockmgr-23c922a7-11b9-4e7a-9d84-bed436488970
[2020-07-22 14:29:37,198] {logging_mixin.py:112} INFO - [2020-07-22 14:29:37,198] {spark_submit_hook.py:479} INFO - 20/07/22 14:29:37 INFO MemoryStore: MemoryStore started with capacity 366.3 MiB
[2020-07-22 14:29:37,225] {logging_mixin.py:112} INFO - [2020-07-22 14:29:37,225] {spark_submit_hook.py:479} INFO - 20/07/22 14:29:37 INFO SparkEnv: Registering OutputCommitCoordinator
[2020-07-22 14:29:37,796] {logging_mixin.py:112} INFO - [2020-07-22 14:29:37,795] {spark_submit_hook.py:479} INFO - 20/07/22 14:29:37 WARN Utils: Service 'SparkUI' could not bind on port 4040. Attempting port 4041.
[2020-07-22 14:29:37,797] {logging_mixin.py:112} INFO - [2020-07-22 14:29:37,796] {spark_submit_hook.py:479} INFO - 20/07/22 14:29:37 WARN Utils: Service 'SparkUI' could not bind on port 4041. Attempting port 4042.
[2020-07-22 14:29:37,797] {logging_mixin.py:112} INFO - [2020-07-22 14:29:37,797] {spark_submit_hook.py:479} INFO - 20/07/22 14:29:37 WARN Utils: Service 'SparkUI' could not bind on port 4042. Attempting port 4043.
[2020-07-22 14:29:37,798] {logging_mixin.py:112} INFO - [2020-07-22 14:29:37,797] {spark_submit_hook.py:479} INFO - 20/07/22 14:29:37 WARN Utils: Service 'SparkUI' could not bind on port 4043. Attempting port 4044.
[2020-07-22 14:29:37,798] {logging_mixin.py:112} INFO - [2020-07-22 14:29:37,798] {spark_submit_hook.py:479} INFO - 20/07/22 14:29:37 WARN Utils: Service 'SparkUI' could not bind on port 4044. Attempting port 4045.
[2020-07-22 14:29:37,820] {logging_mixin.py:112} INFO - [2020-07-22 14:29:37,820] {spark_submit_hook.py:479} INFO - 20/07/22 14:29:37 INFO Utils: Successfully started service 'SparkUI' on port 4045.
[2020-07-22 14:29:37,925] {logging_mixin.py:112} INFO - [2020-07-22 14:29:37,925] {spark_submit_hook.py:479} INFO - 20/07/22 14:29:37 INFO SparkUI: Bound SparkUI to 0.0.0.0, and started at http://192.168.43.94:4045
[2020-07-22 14:29:38,270] {logging_mixin.py:112} INFO - [2020-07-22 14:29:38,269] {spark_submit_hook.py:479} INFO - 20/07/22 14:29:38 ERROR SparkContext: Error initializing SparkContext.
[2020-07-22 14:29:38,270] {logging_mixin.py:112} INFO - [2020-07-22 14:29:38,270] {spark_submit_hook.py:479} INFO - org.apache.spark.SparkException: Could not parse Master URL: 'localhost:4041'
[2020-07-22 14:29:38,270] {logging_mixin.py:112} INFO - [2020-07-22 14:29:38,270] {spark_submit_hook.py:479} INFO - at org.apache.spark.SparkContext$.org$apache$spark$SparkContext$$createTaskScheduler(SparkContext.scala:2924)
[2020-07-22 14:29:38,271] {logging_mixin.py:112} INFO - [2020-07-22 14:29:38,270] {spark_submit_hook.py:479} INFO - at org.apache.spark.SparkContext.<init>(SparkContext.scala:528)
[2020-07-22 14:29:38,271] {logging_mixin.py:112} INFO - [2020-07-22 14:29:38,271] {spark_submit_hook.py:479} INFO - at org.apache.spark.api.java.JavaSparkContext.<init>(JavaSparkContext.scala:58)
[2020-07-22 14:29:38,271] {logging_mixin.py:112} INFO - [2020-07-22 14:29:38,271] {spark_submit_hook.py:479} INFO - at sun.reflect.NativeConstructorAccessorImpl.newInstance0(Native Method)
[2020-07-22 14:29:38,271] {logging_mixin.py:112} INFO - [2020-07-22 14:29:38,271] {spark_submit_hook.py:479} INFO - at sun.reflect.NativeConstructorAccessorImpl.newInstance(NativeConstructorAccessorImpl.java:62)
[2020-07-22 14:29:38,272] {logging_mixin.py:112} INFO - [2020-07-22 14:29:38,271] {spark_submit_hook.py:479} INFO - at sun.reflect.DelegatingConstructorAccessorImpl.newInstance(DelegatingConstructorAccessorImpl.java:45)
[2020-07-22 14:29:38,272] {logging_mixin.py:112} INFO - [2020-07-22 14:29:38,272] {spark_submit_hook.py:479} INFO - at java.lang.reflect.Constructor.newInstance(Constructor.java:423)
[2020-07-22 14:29:38,272] {logging_mixin.py:112} INFO - [2020-07-22 14:29:38,272] {spark_submit_hook.py:479} INFO - at py4j.reflection.MethodInvoker.invoke(MethodInvoker.java:247)
[2020-07-22 14:29:38,272] {logging_mixin.py:112} INFO - [2020-07-22 14:29:38,272] {spark_submit_hook.py:479} INFO - at py4j.reflection.ReflectionEngine.invoke(ReflectionEngine.java:357)
[2020-07-22 14:29:38,273] {logging_mixin.py:112} INFO - [2020-07-22 14:29:38,272] {spark_submit_hook.py:479} INFO - at py4j.Gateway.invoke(Gateway.java:238)
[2020-07-22 14:29:38,273] {logging_mixin.py:112} INFO - [2020-07-22 14:29:38,273] {spark_submit_hook.py:479} INFO - at py4j.commands.ConstructorCommand.invokeConstructor(ConstructorCommand.java:80)
[2020-07-22 14:29:38,273] {logging_mixin.py:112} INFO - [2020-07-22 14:29:38,273] {spark_submit_hook.py:479} INFO - at py4j.commands.ConstructorCommand.execute(ConstructorCommand.java:69)
[2020-07-22 14:29:38,273] {logging_mixin.py:112} INFO - [2020-07-22 14:29:38,273] {spark_submit_hook.py:479} INFO - at py4j.GatewayConnection.run(GatewayConnection.java:238)
[2020-07-22 14:29:38,274] {logging_mixin.py:112} INFO - [2020-07-22 14:29:38,273] {spark_submit_hook.py:479} INFO - at java.lang.Thread.run(Thread.java:748)
[2020-07-22 14:29:38,309] {logging_mixin.py:112} INFO - [2020-07-22 14:29:38,308] {spark_submit_hook.py:479} INFO - 20/07/22 14:29:38 INFO SparkUI: Stopped Spark web UI at http://192.168.43.94:4045
[2020-07-22 14:29:38,390] {logging_mixin.py:112} INFO - [2020-07-22 14:29:38,390] {spark_submit_hook.py:479} INFO - 20/07/22 14:29:38 INFO MapOutputTrackerMasterEndpoint: MapOutputTrackerMasterEndpoint stopped!
[2020-07-22 14:29:38,420] {logging_mixin.py:112} INFO - [2020-07-22 14:29:38,419] {spark_submit_hook.py:479} INFO - 20/07/22 14:29:38 INFO MemoryStore: MemoryStore cleared
[2020-07-22 14:29:38,420] {logging_mixin.py:112} INFO - [2020-07-22 14:29:38,420] {spark_submit_hook.py:479} INFO - 20/07/22 14:29:38 INFO BlockManager: BlockManager stopped
[2020-07-22 14:29:38,447] {logging_mixin.py:112} INFO - [2020-07-22 14:29:38,446] {spark_submit_hook.py:479} INFO - 20/07/22 14:29:38 INFO BlockManagerMaster: BlockManagerMaster stopped
[2020-07-22 14:29:38,450] {logging_mixin.py:112} INFO - [2020-07-22 14:29:38,449] {spark_submit_hook.py:479} INFO - 20/07/22 14:29:38 WARN MetricsSystem: Stopping a MetricsSystem that is not running
[2020-07-22 14:29:38,466] {logging_mixin.py:112} INFO - [2020-07-22 14:29:38,465] {spark_submit_hook.py:479} INFO - 20/07/22 14:29:38 INFO OutputCommitCoordinator$OutputCommitCoordinatorEndpoint: OutputCommitCoordinator stopped!
[2020-07-22 14:29:38,617] {logging_mixin.py:112} INFO - [2020-07-22 14:29:38,616] {spark_submit_hook.py:479} INFO - 20/07/22 14:29:38 INFO SparkContext: Successfully stopped SparkContext
[2020-07-22 14:29:38,735] {logging_mixin.py:112} INFO - [2020-07-22 14:29:38,735] {spark_submit_hook.py:479} INFO - Traceback (most recent call last):
[2020-07-22 14:29:38,736] {logging_mixin.py:112} INFO - [2020-07-22 14:29:38,736] {spark_submit_hook.py:479} INFO - File "/home/bhakti/airflow/spark_jobs/python/spark_test.py", line 6, in <module>
[2020-07-22 14:29:38,736] {logging_mixin.py:112} INFO - [2020-07-22 14:29:38,736] {spark_submit_hook.py:479} INFO - sc = SparkContext(conf=conf)
[2020-07-22 14:29:38,736] {logging_mixin.py:112} INFO - [2020-07-22 14:29:38,736] {spark_submit_hook.py:479} INFO - File "/opt/spark/python/lib/pyspark.zip/pyspark/context.py", line 130, in __init__
[2020-07-22 14:29:38,737] {logging_mixin.py:112} INFO - [2020-07-22 14:29:38,736] {spark_submit_hook.py:479} INFO - File "/opt/spark/python/lib/pyspark.zip/pyspark/context.py", line 193, in _do_init
[2020-07-22 14:29:38,737] {logging_mixin.py:112} INFO - [2020-07-22 14:29:38,737] {spark_submit_hook.py:479} INFO - File "/opt/spark/python/lib/pyspark.zip/pyspark/context.py", line 310, in _initialize_context
[2020-07-22 14:29:38,737] {logging_mixin.py:112} INFO - [2020-07-22 14:29:38,737] {spark_submit_hook.py:479} INFO - File "/opt/spark/python/lib/py4j-0.10.9-src.zip/py4j/java_gateway.py", line 1568, in __call__
[2020-07-22 14:29:38,737] {logging_mixin.py:112} INFO - [2020-07-22 14:29:38,737] {spark_submit_hook.py:479} INFO - File "/opt/spark/python/lib/py4j-0.10.9-src.zip/py4j/protocol.py", line 326, in get_return_value
[2020-07-22 14:29:38,738] {logging_mixin.py:112} INFO - [2020-07-22 14:29:38,738] {spark_submit_hook.py:479} INFO - py4j.protocol.Py4JJavaError: An error occurred while calling None.org.apache.spark.api.java.JavaSparkContext.
[2020-07-22 14:29:38,739] {logging_mixin.py:112} INFO - [2020-07-22 14:29:38,739] {spark_submit_hook.py:479} INFO - : org.apache.spark.SparkException: Could not parse Master URL: 'localhost:4041'
[2020-07-22 14:29:38,739] {logging_mixin.py:112} INFO - [2020-07-22 14:29:38,739] {spark_submit_hook.py:479} INFO - at org.apache.spark.SparkContext$.org$apache$spark$SparkContext$$createTaskScheduler(SparkContext.scala:2924)
[2020-07-22 14:29:38,740] {logging_mixin.py:112} INFO - [2020-07-22 14:29:38,739] {spark_submit_hook.py:479} INFO - at org.apache.spark.SparkContext.<init>(SparkContext.scala:528)
[2020-07-22 14:29:38,740] {logging_mixin.py:112} INFO - [2020-07-22 14:29:38,740] {spark_submit_hook.py:479} INFO - at org.apache.spark.api.java.JavaSparkContext.<init>(JavaSparkContext.scala:58)
[2020-07-22 14:29:38,740] {logging_mixin.py:112} INFO - [2020-07-22 14:29:38,740] {spark_submit_hook.py:479} INFO - at sun.reflect.NativeConstructorAccessorImpl.newInstance0(Native Method)
[2020-07-22 14:29:38,740] {logging_mixin.py:112} INFO - [2020-07-22 14:29:38,740] {spark_submit_hook.py:479} INFO - at sun.reflect.NativeConstructorAccessorImpl.newInstance(NativeConstructorAccessorImpl.java:62)
[2020-07-22 14:29:38,741] {logging_mixin.py:112} INFO - [2020-07-22 14:29:38,741] {spark_submit_hook.py:479} INFO - at sun.reflect.DelegatingConstructorAccessorImpl.newInstance(DelegatingConstructorAccessorImpl.java:45)
[2020-07-22 14:29:38,741] {logging_mixin.py:112} INFO - [2020-07-22 14:29:38,741] {spark_submit_hook.py:479} INFO - at java.lang.reflect.Constructor.newInstance(Constructor.java:423)
[2020-07-22 14:29:38,741] {logging_mixin.py:112} INFO - [2020-07-22 14:29:38,741] {spark_submit_hook.py:479} INFO - at py4j.reflection.MethodInvoker.invoke(MethodInvoker.java:247)
[2020-07-22 14:29:38,742] {logging_mixin.py:112} INFO - [2020-07-22 14:29:38,741] {spark_submit_hook.py:479} INFO - at py4j.reflection.ReflectionEngine.invoke(ReflectionEngine.java:357)
[2020-07-22 14:29:38,742] {logging_mixin.py:112} INFO - [2020-07-22 14:29:38,742] {spark_submit_hook.py:479} INFO - at py4j.Gateway.invoke(Gateway.java:238)
[2020-07-22 14:29:38,742] {logging_mixin.py:112} INFO - [2020-07-22 14:29:38,742] {spark_submit_hook.py:479} INFO - at py4j.commands.ConstructorCommand.invokeConstructor(ConstructorCommand.java:80)
[2020-07-22 14:29:38,743] {logging_mixin.py:112} INFO - [2020-07-22 14:29:38,742] {spark_submit_hook.py:479} INFO - at py4j.commands.ConstructorCommand.execute(ConstructorCommand.java:69)
[2020-07-22 14:29:38,743] {logging_mixin.py:112} INFO - [2020-07-22 14:29:38,743] {spark_submit_hook.py:479} INFO - at py4j.GatewayConnection.run(GatewayConnection.java:238)
[2020-07-22 14:29:38,743] {logging_mixin.py:112} INFO - [2020-07-22 14:29:38,743] {spark_submit_hook.py:479} INFO - at java.lang.Thread.run(Thread.java:748)
[2020-07-22 14:29:38,744] {logging_mixin.py:112} INFO - [2020-07-22 14:29:38,743] {spark_submit_hook.py:479} INFO - 
[2020-07-22 14:29:38,821] {logging_mixin.py:112} INFO - [2020-07-22 14:29:38,820] {spark_submit_hook.py:479} INFO - 20/07/22 14:29:38 INFO ShutdownHookManager: Shutdown hook called
[2020-07-22 14:29:38,823] {logging_mixin.py:112} INFO - [2020-07-22 14:29:38,823] {spark_submit_hook.py:479} INFO - 20/07/22 14:29:38 INFO ShutdownHookManager: Deleting directory /tmp/spark-0c3c1d5c-7784-4f27-9329-b394ccb327d3
[2020-07-22 14:29:38,828] {logging_mixin.py:112} INFO - [2020-07-22 14:29:38,827] {spark_submit_hook.py:479} INFO - 20/07/22 14:29:38 INFO ShutdownHookManager: Deleting directory /tmp/spark-24e6a494-6b1b-4f1d-9887-8bfa6c83d0a1
[2020-07-22 14:29:38,867] {taskinstance.py:1145} ERROR - Cannot execute: spark-submit --master localhost:4041 --name airflow-spark /home/bhakti/airflow/spark_jobs/python/spark_test.py. Error code is: 1.
Traceback (most recent call last):
  File "/usr/local/lib/python3.8/dist-packages/airflow/models/taskinstance.py", line 983, in _run_raw_task
    result = task_copy.execute(context=context)
  File "/usr/local/lib/python3.8/dist-packages/airflow/contrib/operators/spark_submit_operator.py", line 187, in execute
    self._hook.submit(self._application)
  File "/usr/local/lib/python3.8/dist-packages/airflow/contrib/hooks/spark_submit_hook.py", line 403, in submit
    raise AirflowException(
airflow.exceptions.AirflowException: Cannot execute: spark-submit --master localhost:4041 --name airflow-spark /home/bhakti/airflow/spark_jobs/python/spark_test.py. Error code is: 1.
[2020-07-22 14:29:38,870] {taskinstance.py:1189} INFO - Marking task as FAILED.dag_id=submit_data, task_id=spark_submit, execution_date=20200720T032000, start_date=20200722T085927, end_date=20200722T085938
[2020-07-22 14:29:42,068] {logging_mixin.py:112} INFO - [2020-07-22 14:29:42,068] {local_task_job.py:103} INFO - Task exited with return code 1
