[2020-07-22 15:29:44,904] {taskinstance.py:669} INFO - Dependencies all met for <TaskInstance: submit_data.spark_submit 2020-07-20T04:54:00+00:00 [queued]>
[2020-07-22 15:29:44,921] {taskinstance.py:669} INFO - Dependencies all met for <TaskInstance: submit_data.spark_submit 2020-07-20T04:54:00+00:00 [queued]>
[2020-07-22 15:29:44,922] {taskinstance.py:879} INFO - 
--------------------------------------------------------------------------------
[2020-07-22 15:29:44,922] {taskinstance.py:880} INFO - Starting attempt 1 of 1
[2020-07-22 15:29:44,922] {taskinstance.py:881} INFO - 
--------------------------------------------------------------------------------
[2020-07-22 15:29:45,054] {taskinstance.py:900} INFO - Executing <Task(SparkSubmitOperator): spark_submit> on 2020-07-20T04:54:00+00:00
[2020-07-22 15:29:45,062] {standard_task_runner.py:53} INFO - Started process 505966 to run task
[2020-07-22 15:29:45,341] {logging_mixin.py:112} INFO - Running %s on host %s <TaskInstance: submit_data.spark_submit 2020-07-20T04:54:00+00:00 [running]> bhakti-Vostro-3558
[2020-07-22 15:29:45,437] {logging_mixin.py:112} INFO - [2020-07-22 15:29:45,436] {base_hook.py:87} INFO - Using connection to: id: spark_local. Host: local, Port: None, Schema: None, Login: None, Password: None, extra: None
[2020-07-22 15:29:45,439] {logging_mixin.py:112} INFO - [2020-07-22 15:29:45,438] {spark_submit_hook.py:325} INFO - Spark-Submit cmd: spark-submit --master local --name airflow-spark /home/bhakti/airflow/spark_jobs/python/spark_test.py
[2020-07-22 15:29:50,015] {logging_mixin.py:112} INFO - [2020-07-22 15:29:50,014] {spark_submit_hook.py:479} INFO - 20/07/22 15:29:50 WARN Utils: Your hostname, bhakti-Vostro-3558 resolves to a loopback address: 127.0.1.1; using 192.168.43.94 instead (on interface wlp6s0)
[2020-07-22 15:29:50,016] {logging_mixin.py:112} INFO - [2020-07-22 15:29:50,015] {spark_submit_hook.py:479} INFO - 20/07/22 15:29:50 WARN Utils: Set SPARK_LOCAL_IP if you need to bind to another address
[2020-07-22 15:29:52,475] {logging_mixin.py:112} INFO - [2020-07-22 15:29:52,474] {spark_submit_hook.py:479} INFO - 20/07/22 15:29:52 WARN NativeCodeLoader: Unable to load native-hadoop library for your platform... using builtin-java classes where applicable
[2020-07-22 15:29:54,826] {logging_mixin.py:112} INFO - [2020-07-22 15:29:54,826] {spark_submit_hook.py:479} INFO - Using Spark's default log4j profile: org/apache/spark/log4j-defaults.properties
[2020-07-22 15:29:54,838] {logging_mixin.py:112} INFO - [2020-07-22 15:29:54,838] {spark_submit_hook.py:479} INFO - 20/07/22 15:29:54 INFO SparkContext: Running Spark version 3.0.0
[2020-07-22 15:29:54,906] {logging_mixin.py:112} INFO - [2020-07-22 15:29:54,905] {spark_submit_hook.py:479} INFO - 20/07/22 15:29:54 INFO ResourceUtils: ==============================================================
[2020-07-22 15:29:54,910] {logging_mixin.py:112} INFO - [2020-07-22 15:29:54,910] {spark_submit_hook.py:479} INFO - 20/07/22 15:29:54 INFO ResourceUtils: Resources for spark.driver:
[2020-07-22 15:29:54,910] {logging_mixin.py:112} INFO - [2020-07-22 15:29:54,910] {spark_submit_hook.py:479} INFO - 
[2020-07-22 15:29:54,910] {logging_mixin.py:112} INFO - [2020-07-22 15:29:54,910] {spark_submit_hook.py:479} INFO - 20/07/22 15:29:54 INFO ResourceUtils: ==============================================================
[2020-07-22 15:29:54,912] {logging_mixin.py:112} INFO - [2020-07-22 15:29:54,911] {spark_submit_hook.py:479} INFO - 20/07/22 15:29:54 INFO SparkContext: Submitted application: Spark_Test_Python
[2020-07-22 15:29:55,002] {logging_mixin.py:112} INFO - [2020-07-22 15:29:55,002] {spark_submit_hook.py:479} INFO - 20/07/22 15:29:55 INFO SecurityManager: Changing view acls to: bhakti
[2020-07-22 15:29:55,002] {logging_mixin.py:112} INFO - [2020-07-22 15:29:55,002] {spark_submit_hook.py:479} INFO - 20/07/22 15:29:55 INFO SecurityManager: Changing modify acls to: bhakti
[2020-07-22 15:29:55,003] {logging_mixin.py:112} INFO - [2020-07-22 15:29:55,003] {spark_submit_hook.py:479} INFO - 20/07/22 15:29:55 INFO SecurityManager: Changing view acls groups to:
[2020-07-22 15:29:55,003] {logging_mixin.py:112} INFO - [2020-07-22 15:29:55,003] {spark_submit_hook.py:479} INFO - 20/07/22 15:29:55 INFO SecurityManager: Changing modify acls groups to:
[2020-07-22 15:29:55,003] {logging_mixin.py:112} INFO - [2020-07-22 15:29:55,003] {spark_submit_hook.py:479} INFO - 20/07/22 15:29:55 INFO SecurityManager: SecurityManager: authentication disabled; ui acls disabled; users  with view permissions: Set(bhakti); groups with view permissions: Set(); users  with modify permissions: Set(bhakti); groups with modify permissions: Set()
[2020-07-22 15:29:55,414] {logging_mixin.py:112} INFO - [2020-07-22 15:29:55,414] {spark_submit_hook.py:479} INFO - 20/07/22 15:29:55 INFO Utils: Successfully started service 'sparkDriver' on port 37457.
[2020-07-22 15:29:55,469] {logging_mixin.py:112} INFO - [2020-07-22 15:29:55,469] {spark_submit_hook.py:479} INFO - 20/07/22 15:29:55 INFO SparkEnv: Registering MapOutputTracker
[2020-07-22 15:29:55,559] {logging_mixin.py:112} INFO - [2020-07-22 15:29:55,559] {spark_submit_hook.py:479} INFO - 20/07/22 15:29:55 INFO SparkEnv: Registering BlockManagerMaster
[2020-07-22 15:29:55,607] {logging_mixin.py:112} INFO - [2020-07-22 15:29:55,607] {spark_submit_hook.py:479} INFO - 20/07/22 15:29:55 INFO BlockManagerMasterEndpoint: Using org.apache.spark.storage.DefaultTopologyMapper for getting topology information
[2020-07-22 15:29:55,609] {logging_mixin.py:112} INFO - [2020-07-22 15:29:55,608] {spark_submit_hook.py:479} INFO - 20/07/22 15:29:55 INFO BlockManagerMasterEndpoint: BlockManagerMasterEndpoint up
[2020-07-22 15:29:55,615] {logging_mixin.py:112} INFO - [2020-07-22 15:29:55,615] {spark_submit_hook.py:479} INFO - 20/07/22 15:29:55 INFO SparkEnv: Registering BlockManagerMasterHeartbeat
[2020-07-22 15:29:55,636] {logging_mixin.py:112} INFO - [2020-07-22 15:29:55,636] {spark_submit_hook.py:479} INFO - 20/07/22 15:29:55 INFO DiskBlockManager: Created local directory at /tmp/blockmgr-31a17fca-7b34-4248-a16d-cf5250db7391
[2020-07-22 15:29:55,670] {logging_mixin.py:112} INFO - [2020-07-22 15:29:55,670] {spark_submit_hook.py:479} INFO - 20/07/22 15:29:55 INFO MemoryStore: MemoryStore started with capacity 366.3 MiB
[2020-07-22 15:29:55,696] {logging_mixin.py:112} INFO - [2020-07-22 15:29:55,696] {spark_submit_hook.py:479} INFO - 20/07/22 15:29:55 INFO SparkEnv: Registering OutputCommitCoordinator
[2020-07-22 15:29:56,061] {logging_mixin.py:112} INFO - [2020-07-22 15:29:56,061] {spark_submit_hook.py:479} INFO - 20/07/22 15:29:56 WARN Utils: Service 'SparkUI' could not bind on port 4040. Attempting port 4041.
[2020-07-22 15:29:56,061] {logging_mixin.py:112} INFO - [2020-07-22 15:29:56,061] {spark_submit_hook.py:479} INFO - 20/07/22 15:29:56 WARN Utils: Service 'SparkUI' could not bind on port 4041. Attempting port 4042.
[2020-07-22 15:29:56,062] {logging_mixin.py:112} INFO - [2020-07-22 15:29:56,062] {spark_submit_hook.py:479} INFO - 20/07/22 15:29:56 WARN Utils: Service 'SparkUI' could not bind on port 4042. Attempting port 4043.
[2020-07-22 15:29:56,074] {logging_mixin.py:112} INFO - [2020-07-22 15:29:56,073] {spark_submit_hook.py:479} INFO - 20/07/22 15:29:56 INFO Utils: Successfully started service 'SparkUI' on port 4043.
[2020-07-22 15:29:56,167] {logging_mixin.py:112} INFO - [2020-07-22 15:29:56,167] {spark_submit_hook.py:479} INFO - 20/07/22 15:29:56 INFO SparkUI: Bound SparkUI to 0.0.0.0, and started at http://192.168.43.94:4043
[2020-07-22 15:29:56,604] {logging_mixin.py:112} INFO - [2020-07-22 15:29:56,604] {spark_submit_hook.py:479} INFO - 20/07/22 15:29:56 INFO Executor: Starting executor ID driver on host 192.168.43.94
[2020-07-22 15:29:56,649] {logging_mixin.py:112} INFO - [2020-07-22 15:29:56,649] {spark_submit_hook.py:479} INFO - 20/07/22 15:29:56 INFO Utils: Successfully started service 'org.apache.spark.network.netty.NettyBlockTransferService' on port 40725.
[2020-07-22 15:29:56,650] {logging_mixin.py:112} INFO - [2020-07-22 15:29:56,650] {spark_submit_hook.py:479} INFO - 20/07/22 15:29:56 INFO NettyBlockTransferService: Server created on 192.168.43.94:40725
[2020-07-22 15:29:56,652] {logging_mixin.py:112} INFO - [2020-07-22 15:29:56,652] {spark_submit_hook.py:479} INFO - 20/07/22 15:29:56 INFO BlockManager: Using org.apache.spark.storage.RandomBlockReplicationPolicy for block replication policy
[2020-07-22 15:29:56,671] {logging_mixin.py:112} INFO - [2020-07-22 15:29:56,670] {spark_submit_hook.py:479} INFO - 20/07/22 15:29:56 INFO BlockManagerMaster: Registering BlockManager BlockManagerId(driver, 192.168.43.94, 40725, None)
[2020-07-22 15:29:56,678] {logging_mixin.py:112} INFO - [2020-07-22 15:29:56,678] {spark_submit_hook.py:479} INFO - 20/07/22 15:29:56 INFO BlockManagerMasterEndpoint: Registering block manager 192.168.43.94:40725 with 366.3 MiB RAM, BlockManagerId(driver, 192.168.43.94, 40725, None)
[2020-07-22 15:29:56,683] {logging_mixin.py:112} INFO - [2020-07-22 15:29:56,683] {spark_submit_hook.py:479} INFO - 20/07/22 15:29:56 INFO BlockManagerMaster: Registered BlockManager BlockManagerId(driver, 192.168.43.94, 40725, None)
[2020-07-22 15:29:56,687] {logging_mixin.py:112} INFO - [2020-07-22 15:29:56,686] {spark_submit_hook.py:479} INFO - 20/07/22 15:29:56 INFO BlockManager: Initialized BlockManager: BlockManagerId(driver, 192.168.43.94, 40725, None)
[2020-07-22 15:29:58,290] {logging_mixin.py:112} INFO - [2020-07-22 15:29:58,290] {spark_submit_hook.py:479} INFO - 20/07/22 15:29:58 INFO MemoryStore: Block broadcast_0 stored as values in memory (estimated size 241.5 KiB, free 366.1 MiB)
[2020-07-22 15:29:58,405] {logging_mixin.py:112} INFO - [2020-07-22 15:29:58,405] {spark_submit_hook.py:479} INFO - 20/07/22 15:29:58 INFO MemoryStore: Block broadcast_0_piece0 stored as bytes in memory (estimated size 23.4 KiB, free 366.0 MiB)
[2020-07-22 15:29:58,411] {logging_mixin.py:112} INFO - [2020-07-22 15:29:58,410] {spark_submit_hook.py:479} INFO - 20/07/22 15:29:58 INFO BlockManagerInfo: Added broadcast_0_piece0 in memory on 192.168.43.94:40725 (size: 23.4 KiB, free: 366.3 MiB)
[2020-07-22 15:29:58,417] {logging_mixin.py:112} INFO - [2020-07-22 15:29:58,417] {spark_submit_hook.py:479} INFO - 20/07/22 15:29:58 INFO SparkContext: Created broadcast 0 from textFile at NativeMethodAccessorImpl.java:0
[2020-07-22 15:29:58,831] {logging_mixin.py:112} INFO - [2020-07-22 15:29:58,831] {spark_submit_hook.py:479} INFO - 20/07/22 15:29:58 INFO FileInputFormat: Total input paths to process : 1
[2020-07-22 15:29:59,004] {logging_mixin.py:112} INFO - [2020-07-22 15:29:59,003] {spark_submit_hook.py:479} INFO - 20/07/22 15:29:59 INFO SparkContext: Starting job: collect at /home/bhakti/airflow/spark_jobs/python/spark_test.py:5
[2020-07-22 15:29:59,032] {logging_mixin.py:112} INFO - [2020-07-22 15:29:59,032] {spark_submit_hook.py:479} INFO - 20/07/22 15:29:59 INFO DAGScheduler: Got job 0 (collect at /home/bhakti/airflow/spark_jobs/python/spark_test.py:5) with 1 output partitions
[2020-07-22 15:29:59,033] {logging_mixin.py:112} INFO - [2020-07-22 15:29:59,033] {spark_submit_hook.py:479} INFO - 20/07/22 15:29:59 INFO DAGScheduler: Final stage: ResultStage 0 (collect at /home/bhakti/airflow/spark_jobs/python/spark_test.py:5)
[2020-07-22 15:29:59,035] {logging_mixin.py:112} INFO - [2020-07-22 15:29:59,034] {spark_submit_hook.py:479} INFO - 20/07/22 15:29:59 INFO DAGScheduler: Parents of final stage: List()
[2020-07-22 15:29:59,038] {logging_mixin.py:112} INFO - [2020-07-22 15:29:59,038] {spark_submit_hook.py:479} INFO - 20/07/22 15:29:59 INFO DAGScheduler: Missing parents: List()
[2020-07-22 15:29:59,061] {logging_mixin.py:112} INFO - [2020-07-22 15:29:59,060] {spark_submit_hook.py:479} INFO - 20/07/22 15:29:59 INFO DAGScheduler: Submitting ResultStage 0 (PythonRDD[2] at collect at /home/bhakti/airflow/spark_jobs/python/spark_test.py:5), which has no missing parents
[2020-07-22 15:29:59,132] {logging_mixin.py:112} INFO - [2020-07-22 15:29:59,131] {spark_submit_hook.py:479} INFO - 20/07/22 15:29:59 INFO MemoryStore: Block broadcast_1 stored as values in memory (estimated size 7.4 KiB, free 366.0 MiB)
[2020-07-22 15:29:59,137] {logging_mixin.py:112} INFO - [2020-07-22 15:29:59,137] {spark_submit_hook.py:479} INFO - 20/07/22 15:29:59 INFO MemoryStore: Block broadcast_1_piece0 stored as bytes in memory (estimated size 4.4 KiB, free 366.0 MiB)
[2020-07-22 15:29:59,139] {logging_mixin.py:112} INFO - [2020-07-22 15:29:59,138] {spark_submit_hook.py:479} INFO - 20/07/22 15:29:59 INFO BlockManagerInfo: Added broadcast_1_piece0 in memory on 192.168.43.94:40725 (size: 4.4 KiB, free: 366.3 MiB)
[2020-07-22 15:29:59,147] {logging_mixin.py:112} INFO - [2020-07-22 15:29:59,147] {spark_submit_hook.py:479} INFO - 20/07/22 15:29:59 INFO SparkContext: Created broadcast 1 from broadcast at DAGScheduler.scala:1200
[2020-07-22 15:29:59,174] {logging_mixin.py:112} INFO - [2020-07-22 15:29:59,173] {spark_submit_hook.py:479} INFO - 20/07/22 15:29:59 INFO DAGScheduler: Submitting 1 missing tasks from ResultStage 0 (PythonRDD[2] at collect at /home/bhakti/airflow/spark_jobs/python/spark_test.py:5) (first 15 tasks are for partitions Vector(0))
[2020-07-22 15:29:59,177] {logging_mixin.py:112} INFO - [2020-07-22 15:29:59,177] {spark_submit_hook.py:479} INFO - 20/07/22 15:29:59 INFO TaskSchedulerImpl: Adding task set 0.0 with 1 tasks
[2020-07-22 15:29:59,320] {logging_mixin.py:112} INFO - [2020-07-22 15:29:59,320] {spark_submit_hook.py:479} INFO - 20/07/22 15:29:59 INFO TaskSetManager: Starting task 0.0 in stage 0.0 (TID 0, 192.168.43.94, executor driver, partition 0, PROCESS_LOCAL, 7388 bytes)
[2020-07-22 15:29:59,367] {logging_mixin.py:112} INFO - [2020-07-22 15:29:59,367] {spark_submit_hook.py:479} INFO - 20/07/22 15:29:59 INFO Executor: Running task 0.0 in stage 0.0 (TID 0)
[2020-07-22 15:30:00,142] {logging_mixin.py:112} INFO - [2020-07-22 15:30:00,142] {spark_submit_hook.py:479} INFO - 20/07/22 15:30:00 INFO HadoopRDD: Input split: file:/home/bhakti/airflow/input_data/sample.csv:0+93
[2020-07-22 15:30:01,046] {logging_mixin.py:112} INFO - [2020-07-22 15:30:01,045] {spark_submit_hook.py:479} INFO - 20/07/22 15:30:01 INFO PythonRunner: Times: total = 856, boot = 836, init = 20, finish = 0
[2020-07-22 15:30:01,082] {logging_mixin.py:112} INFO - [2020-07-22 15:30:01,082] {spark_submit_hook.py:479} INFO - 20/07/22 15:30:01 INFO Executor: Finished task 0.0 in stage 0.0 (TID 0). 1732 bytes result sent to driver
[2020-07-22 15:30:01,100] {logging_mixin.py:112} INFO - [2020-07-22 15:30:01,100] {spark_submit_hook.py:479} INFO - 20/07/22 15:30:01 INFO TaskSetManager: Finished task 0.0 in stage 0.0 (TID 0) in 1808 ms on 192.168.43.94 (executor driver) (1/1)
[2020-07-22 15:30:01,104] {logging_mixin.py:112} INFO - [2020-07-22 15:30:01,104] {spark_submit_hook.py:479} INFO - 20/07/22 15:30:01 INFO TaskSchedulerImpl: Removed TaskSet 0.0, whose tasks have all completed, from pool
[2020-07-22 15:30:01,110] {logging_mixin.py:112} INFO - [2020-07-22 15:30:01,110] {spark_submit_hook.py:479} INFO - 20/07/22 15:30:01 INFO PythonAccumulatorV2: Connected to AccumulatorServer at host: 127.0.0.1 port: 59741
[2020-07-22 15:30:01,119] {logging_mixin.py:112} INFO - [2020-07-22 15:30:01,118] {spark_submit_hook.py:479} INFO - 20/07/22 15:30:01 INFO DAGScheduler: ResultStage 0 (collect at /home/bhakti/airflow/spark_jobs/python/spark_test.py:5) finished in 2.008 s
[2020-07-22 15:30:01,131] {logging_mixin.py:112} INFO - [2020-07-22 15:30:01,130] {spark_submit_hook.py:479} INFO - 20/07/22 15:30:01 INFO DAGScheduler: Job 0 is finished. Cancelling potential speculative or zombie tasks for this job
[2020-07-22 15:30:01,131] {logging_mixin.py:112} INFO - [2020-07-22 15:30:01,131] {spark_submit_hook.py:479} INFO - 20/07/22 15:30:01 INFO TaskSchedulerImpl: Killing all running tasks in stage 0: Stage finished
[2020-07-22 15:30:01,136] {logging_mixin.py:112} INFO - [2020-07-22 15:30:01,135] {spark_submit_hook.py:479} INFO - 20/07/22 15:30:01 INFO DAGScheduler: Job 0 finished: collect at /home/bhakti/airflow/spark_jobs/python/spark_test.py:5, took 2.131216 s
[2020-07-22 15:30:01,159] {logging_mixin.py:112} INFO - [2020-07-22 15:30:01,159] {spark_submit_hook.py:479} INFO - [('PERSON', 'JOINING_YEAR'), ('John', '2018'), ('Sam', '2017'), ('Jeff', '2014'), ('Allen', '2015')]
[2020-07-22 15:30:01,241] {logging_mixin.py:112} INFO - [2020-07-22 15:30:01,241] {spark_submit_hook.py:479} INFO - 20/07/22 15:30:01 INFO SparkContext: Invoking stop() from shutdown hook
[2020-07-22 15:30:01,257] {logging_mixin.py:112} INFO - [2020-07-22 15:30:01,256] {spark_submit_hook.py:479} INFO - 20/07/22 15:30:01 INFO SparkUI: Stopped Spark web UI at http://192.168.43.94:4043
[2020-07-22 15:30:01,302] {logging_mixin.py:112} INFO - [2020-07-22 15:30:01,302] {spark_submit_hook.py:479} INFO - 20/07/22 15:30:01 INFO MapOutputTrackerMasterEndpoint: MapOutputTrackerMasterEndpoint stopped!
[2020-07-22 15:30:01,319] {logging_mixin.py:112} INFO - [2020-07-22 15:30:01,319] {spark_submit_hook.py:479} INFO - 20/07/22 15:30:01 INFO MemoryStore: MemoryStore cleared
[2020-07-22 15:30:01,320] {logging_mixin.py:112} INFO - [2020-07-22 15:30:01,320] {spark_submit_hook.py:479} INFO - 20/07/22 15:30:01 INFO BlockManager: BlockManager stopped
[2020-07-22 15:30:01,332] {logging_mixin.py:112} INFO - [2020-07-22 15:30:01,332] {spark_submit_hook.py:479} INFO - 20/07/22 15:30:01 INFO BlockManagerMaster: BlockManagerMaster stopped
[2020-07-22 15:30:01,340] {logging_mixin.py:112} INFO - [2020-07-22 15:30:01,340] {spark_submit_hook.py:479} INFO - 20/07/22 15:30:01 INFO OutputCommitCoordinator$OutputCommitCoordinatorEndpoint: OutputCommitCoordinator stopped!
[2020-07-22 15:30:01,346] {logging_mixin.py:112} INFO - [2020-07-22 15:30:01,346] {spark_submit_hook.py:479} INFO - 20/07/22 15:30:01 INFO SparkContext: Successfully stopped SparkContext
[2020-07-22 15:30:01,347] {logging_mixin.py:112} INFO - [2020-07-22 15:30:01,347] {spark_submit_hook.py:479} INFO - 20/07/22 15:30:01 INFO ShutdownHookManager: Shutdown hook called
[2020-07-22 15:30:01,348] {logging_mixin.py:112} INFO - [2020-07-22 15:30:01,348] {spark_submit_hook.py:479} INFO - 20/07/22 15:30:01 INFO ShutdownHookManager: Deleting directory /tmp/spark-e855c6c8-82ca-4d88-9481-74d950120c30/pyspark-376fd6ad-17c7-4d76-94c4-7e9250174397
[2020-07-22 15:30:01,369] {logging_mixin.py:112} INFO - [2020-07-22 15:30:01,369] {spark_submit_hook.py:479} INFO - 20/07/22 15:30:01 INFO ShutdownHookManager: Deleting directory /tmp/spark-72f96541-630e-4de3-9a01-50965e95a8a1
[2020-07-22 15:30:01,394] {logging_mixin.py:112} INFO - [2020-07-22 15:30:01,393] {spark_submit_hook.py:479} INFO - 20/07/22 15:30:01 INFO ShutdownHookManager: Deleting directory /tmp/spark-e855c6c8-82ca-4d88-9481-74d950120c30
[2020-07-22 15:30:01,499] {taskinstance.py:1052} INFO - Marking task as SUCCESS.dag_id=submit_data, task_id=spark_submit, execution_date=20200720T045400, start_date=20200722T095944, end_date=20200722T100001
[2020-07-22 15:30:04,923] {logging_mixin.py:112} INFO - [2020-07-22 15:30:04,923] {local_task_job.py:103} INFO - Task exited with return code 0
