[2020-07-22 15:18:28,017] {taskinstance.py:669} INFO - Dependencies all met for <TaskInstance: submit_data.spark_submit 2020-07-20T04:36:00+00:00 [queued]>
[2020-07-22 15:18:28,038] {taskinstance.py:669} INFO - Dependencies all met for <TaskInstance: submit_data.spark_submit 2020-07-20T04:36:00+00:00 [queued]>
[2020-07-22 15:18:28,039] {taskinstance.py:879} INFO - 
--------------------------------------------------------------------------------
[2020-07-22 15:18:28,039] {taskinstance.py:880} INFO - Starting attempt 1 of 1
[2020-07-22 15:18:28,039] {taskinstance.py:881} INFO - 
--------------------------------------------------------------------------------
[2020-07-22 15:18:28,165] {taskinstance.py:900} INFO - Executing <Task(SparkSubmitOperator): spark_submit> on 2020-07-20T04:36:00+00:00
[2020-07-22 15:18:28,170] {standard_task_runner.py:53} INFO - Started process 491611 to run task
[2020-07-22 15:18:28,406] {logging_mixin.py:112} INFO - Running %s on host %s <TaskInstance: submit_data.spark_submit 2020-07-20T04:36:00+00:00 [running]> bhakti-Vostro-3558
[2020-07-22 15:18:28,437] {logging_mixin.py:112} INFO - [2020-07-22 15:18:28,436] {base_hook.py:87} INFO - Using connection to: id: spark_local. Host: local, Port: None, Schema: None, Login: None, Password: None, extra: None
[2020-07-22 15:18:28,438] {logging_mixin.py:112} INFO - [2020-07-22 15:18:28,438] {spark_submit_hook.py:325} INFO - Spark-Submit cmd: spark-submit --master local --name airflow-spark /home/bhakti/airflow/spark_jobs/python/spark_test.py
[2020-07-22 15:18:32,607] {logging_mixin.py:112} INFO - [2020-07-22 15:18:32,607] {spark_submit_hook.py:479} INFO - 20/07/22 15:18:32 WARN Utils: Your hostname, bhakti-Vostro-3558 resolves to a loopback address: 127.0.1.1; using 192.168.43.94 instead (on interface wlp6s0)
[2020-07-22 15:18:32,610] {logging_mixin.py:112} INFO - [2020-07-22 15:18:32,610] {spark_submit_hook.py:479} INFO - 20/07/22 15:18:32 WARN Utils: Set SPARK_LOCAL_IP if you need to bind to another address
[2020-07-22 15:18:34,733] {logging_mixin.py:112} INFO - [2020-07-22 15:18:34,732] {spark_submit_hook.py:479} INFO - 20/07/22 15:18:34 WARN NativeCodeLoader: Unable to load native-hadoop library for your platform... using builtin-java classes where applicable
[2020-07-22 15:18:37,091] {logging_mixin.py:112} INFO - [2020-07-22 15:18:37,091] {spark_submit_hook.py:479} INFO - Using Spark's default log4j profile: org/apache/spark/log4j-defaults.properties
[2020-07-22 15:18:37,114] {logging_mixin.py:112} INFO - [2020-07-22 15:18:37,114] {spark_submit_hook.py:479} INFO - 20/07/22 15:18:37 INFO SparkContext: Running Spark version 3.0.0
[2020-07-22 15:18:37,195] {logging_mixin.py:112} INFO - [2020-07-22 15:18:37,195] {spark_submit_hook.py:479} INFO - 20/07/22 15:18:37 INFO ResourceUtils: ==============================================================
[2020-07-22 15:18:37,198] {logging_mixin.py:112} INFO - [2020-07-22 15:18:37,197] {spark_submit_hook.py:479} INFO - 20/07/22 15:18:37 INFO ResourceUtils: Resources for spark.driver:
[2020-07-22 15:18:37,198] {logging_mixin.py:112} INFO - [2020-07-22 15:18:37,198] {spark_submit_hook.py:479} INFO - 
[2020-07-22 15:18:37,199] {logging_mixin.py:112} INFO - [2020-07-22 15:18:37,199] {spark_submit_hook.py:479} INFO - 20/07/22 15:18:37 INFO ResourceUtils: ==============================================================
[2020-07-22 15:18:37,200] {logging_mixin.py:112} INFO - [2020-07-22 15:18:37,200] {spark_submit_hook.py:479} INFO - 20/07/22 15:18:37 INFO SparkContext: Submitted application: Spark_Test_Python
[2020-07-22 15:18:37,330] {logging_mixin.py:112} INFO - [2020-07-22 15:18:37,330] {spark_submit_hook.py:479} INFO - 20/07/22 15:18:37 INFO SecurityManager: Changing view acls to: bhakti
[2020-07-22 15:18:37,330] {logging_mixin.py:112} INFO - [2020-07-22 15:18:37,330] {spark_submit_hook.py:479} INFO - 20/07/22 15:18:37 INFO SecurityManager: Changing modify acls to: bhakti
[2020-07-22 15:18:37,333] {logging_mixin.py:112} INFO - [2020-07-22 15:18:37,332] {spark_submit_hook.py:479} INFO - 20/07/22 15:18:37 INFO SecurityManager: Changing view acls groups to:
[2020-07-22 15:18:37,333] {logging_mixin.py:112} INFO - [2020-07-22 15:18:37,333] {spark_submit_hook.py:479} INFO - 20/07/22 15:18:37 INFO SecurityManager: Changing modify acls groups to:
[2020-07-22 15:18:37,333] {logging_mixin.py:112} INFO - [2020-07-22 15:18:37,333] {spark_submit_hook.py:479} INFO - 20/07/22 15:18:37 INFO SecurityManager: SecurityManager: authentication disabled; ui acls disabled; users  with view permissions: Set(bhakti); groups with view permissions: Set(); users  with modify permissions: Set(bhakti); groups with modify permissions: Set()
[2020-07-22 15:18:37,935] {logging_mixin.py:112} INFO - [2020-07-22 15:18:37,935] {spark_submit_hook.py:479} INFO - 20/07/22 15:18:37 INFO Utils: Successfully started service 'sparkDriver' on port 42201.
[2020-07-22 15:18:38,031] {logging_mixin.py:112} INFO - [2020-07-22 15:18:38,031] {spark_submit_hook.py:479} INFO - 20/07/22 15:18:38 INFO SparkEnv: Registering MapOutputTracker
[2020-07-22 15:18:38,143] {logging_mixin.py:112} INFO - [2020-07-22 15:18:38,143] {spark_submit_hook.py:479} INFO - 20/07/22 15:18:38 INFO SparkEnv: Registering BlockManagerMaster
[2020-07-22 15:18:38,187] {logging_mixin.py:112} INFO - [2020-07-22 15:18:38,187] {spark_submit_hook.py:479} INFO - 20/07/22 15:18:38 INFO BlockManagerMasterEndpoint: Using org.apache.spark.storage.DefaultTopologyMapper for getting topology information
[2020-07-22 15:18:38,187] {logging_mixin.py:112} INFO - [2020-07-22 15:18:38,187] {spark_submit_hook.py:479} INFO - 20/07/22 15:18:38 INFO BlockManagerMasterEndpoint: BlockManagerMasterEndpoint up
[2020-07-22 15:18:38,205] {logging_mixin.py:112} INFO - [2020-07-22 15:18:38,204] {spark_submit_hook.py:479} INFO - 20/07/22 15:18:38 INFO SparkEnv: Registering BlockManagerMasterHeartbeat
[2020-07-22 15:18:38,235] {logging_mixin.py:112} INFO - [2020-07-22 15:18:38,234] {spark_submit_hook.py:479} INFO - 20/07/22 15:18:38 INFO DiskBlockManager: Created local directory at /tmp/blockmgr-8ff0a775-29ed-4503-9782-6a3a36e752b8
[2020-07-22 15:18:38,282] {logging_mixin.py:112} INFO - [2020-07-22 15:18:38,282] {spark_submit_hook.py:479} INFO - 20/07/22 15:18:38 INFO MemoryStore: MemoryStore started with capacity 366.3 MiB
[2020-07-22 15:18:38,310] {logging_mixin.py:112} INFO - [2020-07-22 15:18:38,310] {spark_submit_hook.py:479} INFO - 20/07/22 15:18:38 INFO SparkEnv: Registering OutputCommitCoordinator
[2020-07-22 15:18:38,736] {logging_mixin.py:112} INFO - [2020-07-22 15:18:38,736] {spark_submit_hook.py:479} INFO - 20/07/22 15:18:38 WARN Utils: Service 'SparkUI' could not bind on port 4040. Attempting port 4041.
[2020-07-22 15:18:38,736] {logging_mixin.py:112} INFO - [2020-07-22 15:18:38,736] {spark_submit_hook.py:479} INFO - 20/07/22 15:18:38 WARN Utils: Service 'SparkUI' could not bind on port 4041. Attempting port 4042.
[2020-07-22 15:18:38,738] {logging_mixin.py:112} INFO - [2020-07-22 15:18:38,738] {spark_submit_hook.py:479} INFO - 20/07/22 15:18:38 WARN Utils: Service 'SparkUI' could not bind on port 4042. Attempting port 4043.
[2020-07-22 15:18:38,738] {logging_mixin.py:112} INFO - [2020-07-22 15:18:38,738] {spark_submit_hook.py:479} INFO - 20/07/22 15:18:38 WARN Utils: Service 'SparkUI' could not bind on port 4043. Attempting port 4044.
[2020-07-22 15:18:38,760] {logging_mixin.py:112} INFO - [2020-07-22 15:18:38,759] {spark_submit_hook.py:479} INFO - 20/07/22 15:18:38 INFO Utils: Successfully started service 'SparkUI' on port 4044.
[2020-07-22 15:18:38,880] {logging_mixin.py:112} INFO - [2020-07-22 15:18:38,880] {spark_submit_hook.py:479} INFO - 20/07/22 15:18:38 INFO SparkUI: Bound SparkUI to 0.0.0.0, and started at http://192.168.43.94:4044
[2020-07-22 15:18:39,605] {logging_mixin.py:112} INFO - [2020-07-22 15:18:39,605] {spark_submit_hook.py:479} INFO - 20/07/22 15:18:39 INFO Executor: Starting executor ID driver on host 192.168.43.94
[2020-07-22 15:18:39,672] {logging_mixin.py:112} INFO - [2020-07-22 15:18:39,672] {spark_submit_hook.py:479} INFO - 20/07/22 15:18:39 INFO Utils: Successfully started service 'org.apache.spark.network.netty.NettyBlockTransferService' on port 36933.
[2020-07-22 15:18:39,673] {logging_mixin.py:112} INFO - [2020-07-22 15:18:39,673] {spark_submit_hook.py:479} INFO - 20/07/22 15:18:39 INFO NettyBlockTransferService: Server created on 192.168.43.94:36933
[2020-07-22 15:18:39,677] {logging_mixin.py:112} INFO - [2020-07-22 15:18:39,677] {spark_submit_hook.py:479} INFO - 20/07/22 15:18:39 INFO BlockManager: Using org.apache.spark.storage.RandomBlockReplicationPolicy for block replication policy
[2020-07-22 15:18:39,700] {logging_mixin.py:112} INFO - [2020-07-22 15:18:39,699] {spark_submit_hook.py:479} INFO - 20/07/22 15:18:39 INFO BlockManagerMaster: Registering BlockManager BlockManagerId(driver, 192.168.43.94, 36933, None)
[2020-07-22 15:18:39,722] {logging_mixin.py:112} INFO - [2020-07-22 15:18:39,722] {spark_submit_hook.py:479} INFO - 20/07/22 15:18:39 INFO BlockManagerMasterEndpoint: Registering block manager 192.168.43.94:36933 with 366.3 MiB RAM, BlockManagerId(driver, 192.168.43.94, 36933, None)
[2020-07-22 15:18:39,740] {logging_mixin.py:112} INFO - [2020-07-22 15:18:39,739] {spark_submit_hook.py:479} INFO - 20/07/22 15:18:39 INFO BlockManagerMaster: Registered BlockManager BlockManagerId(driver, 192.168.43.94, 36933, None)
[2020-07-22 15:18:39,744] {logging_mixin.py:112} INFO - [2020-07-22 15:18:39,743] {spark_submit_hook.py:479} INFO - 20/07/22 15:18:39 INFO BlockManager: Initialized BlockManager: BlockManagerId(driver, 192.168.43.94, 36933, None)
[2020-07-22 15:18:41,739] {logging_mixin.py:112} INFO - [2020-07-22 15:18:41,739] {spark_submit_hook.py:479} INFO - 20/07/22 15:18:41 INFO MemoryStore: Block broadcast_0 stored as values in memory (estimated size 241.5 KiB, free 366.1 MiB)
[2020-07-22 15:18:41,977] {logging_mixin.py:112} INFO - [2020-07-22 15:18:41,977] {spark_submit_hook.py:479} INFO - 20/07/22 15:18:41 INFO MemoryStore: Block broadcast_0_piece0 stored as bytes in memory (estimated size 23.4 KiB, free 366.0 MiB)
[2020-07-22 15:18:41,988] {logging_mixin.py:112} INFO - [2020-07-22 15:18:41,988] {spark_submit_hook.py:479} INFO - 20/07/22 15:18:41 INFO BlockManagerInfo: Added broadcast_0_piece0 in memory on 192.168.43.94:36933 (size: 23.4 KiB, free: 366.3 MiB)
[2020-07-22 15:18:42,004] {logging_mixin.py:112} INFO - [2020-07-22 15:18:42,004] {spark_submit_hook.py:479} INFO - 20/07/22 15:18:42 INFO SparkContext: Created broadcast 0 from textFile at NativeMethodAccessorImpl.java:0
[2020-07-22 15:18:42,577] {logging_mixin.py:112} INFO - [2020-07-22 15:18:42,577] {spark_submit_hook.py:479} INFO - 20/07/22 15:18:42 INFO FileInputFormat: Total input paths to process : 1
[2020-07-22 15:18:42,714] {logging_mixin.py:112} INFO - [2020-07-22 15:18:42,714] {spark_submit_hook.py:479} INFO - 20/07/22 15:18:42 INFO SparkContext: Starting job: collect at /home/bhakti/airflow/spark_jobs/python/spark_test.py:10
[2020-07-22 15:18:42,748] {logging_mixin.py:112} INFO - [2020-07-22 15:18:42,748] {spark_submit_hook.py:479} INFO - 20/07/22 15:18:42 INFO DAGScheduler: Got job 0 (collect at /home/bhakti/airflow/spark_jobs/python/spark_test.py:10) with 1 output partitions
[2020-07-22 15:18:42,750] {logging_mixin.py:112} INFO - [2020-07-22 15:18:42,749] {spark_submit_hook.py:479} INFO - 20/07/22 15:18:42 INFO DAGScheduler: Final stage: ResultStage 0 (collect at /home/bhakti/airflow/spark_jobs/python/spark_test.py:10)
[2020-07-22 15:18:42,751] {logging_mixin.py:112} INFO - [2020-07-22 15:18:42,750] {spark_submit_hook.py:479} INFO - 20/07/22 15:18:42 INFO DAGScheduler: Parents of final stage: List()
[2020-07-22 15:18:42,754] {logging_mixin.py:112} INFO - [2020-07-22 15:18:42,754] {spark_submit_hook.py:479} INFO - 20/07/22 15:18:42 INFO DAGScheduler: Missing parents: List()
[2020-07-22 15:18:42,767] {logging_mixin.py:112} INFO - [2020-07-22 15:18:42,766] {spark_submit_hook.py:479} INFO - 20/07/22 15:18:42 INFO DAGScheduler: Submitting ResultStage 0 (PythonRDD[2] at collect at /home/bhakti/airflow/spark_jobs/python/spark_test.py:10), which has no missing parents
[2020-07-22 15:18:42,879] {logging_mixin.py:112} INFO - [2020-07-22 15:18:42,879] {spark_submit_hook.py:479} INFO - 20/07/22 15:18:42 INFO MemoryStore: Block broadcast_1 stored as values in memory (estimated size 7.4 KiB, free 366.0 MiB)
[2020-07-22 15:18:42,910] {logging_mixin.py:112} INFO - [2020-07-22 15:18:42,910] {spark_submit_hook.py:479} INFO - 20/07/22 15:18:42 INFO MemoryStore: Block broadcast_1_piece0 stored as bytes in memory (estimated size 4.4 KiB, free 366.0 MiB)
[2020-07-22 15:18:42,919] {logging_mixin.py:112} INFO - [2020-07-22 15:18:42,919] {spark_submit_hook.py:479} INFO - 20/07/22 15:18:42 INFO BlockManagerInfo: Added broadcast_1_piece0 in memory on 192.168.43.94:36933 (size: 4.4 KiB, free: 366.3 MiB)
[2020-07-22 15:18:42,919] {logging_mixin.py:112} INFO - [2020-07-22 15:18:42,919] {spark_submit_hook.py:479} INFO - 20/07/22 15:18:42 INFO SparkContext: Created broadcast 1 from broadcast at DAGScheduler.scala:1200
[2020-07-22 15:18:42,959] {logging_mixin.py:112} INFO - [2020-07-22 15:18:42,959] {spark_submit_hook.py:479} INFO - 20/07/22 15:18:42 INFO DAGScheduler: Submitting 1 missing tasks from ResultStage 0 (PythonRDD[2] at collect at /home/bhakti/airflow/spark_jobs/python/spark_test.py:10) (first 15 tasks are for partitions Vector(0))
[2020-07-22 15:18:42,962] {logging_mixin.py:112} INFO - [2020-07-22 15:18:42,962] {spark_submit_hook.py:479} INFO - 20/07/22 15:18:42 INFO TaskSchedulerImpl: Adding task set 0.0 with 1 tasks
[2020-07-22 15:18:43,112] {logging_mixin.py:112} INFO - [2020-07-22 15:18:43,111] {spark_submit_hook.py:479} INFO - 20/07/22 15:18:43 INFO TaskSetManager: Starting task 0.0 in stage 0.0 (TID 0, 192.168.43.94, executor driver, partition 0, PROCESS_LOCAL, 7388 bytes)
[2020-07-22 15:18:43,141] {logging_mixin.py:112} INFO - [2020-07-22 15:18:43,140] {spark_submit_hook.py:479} INFO - 20/07/22 15:18:43 INFO Executor: Running task 0.0 in stage 0.0 (TID 0)
[2020-07-22 15:18:43,940] {logging_mixin.py:112} INFO - [2020-07-22 15:18:43,939] {spark_submit_hook.py:479} INFO - 20/07/22 15:18:43 INFO HadoopRDD: Input split: file:/home/bhakti/airflow/input_data/sample.csv:0+93
[2020-07-22 15:18:45,103] {logging_mixin.py:112} INFO - [2020-07-22 15:18:45,102] {spark_submit_hook.py:479} INFO - 20/07/22 15:18:45 INFO PythonRunner: Times: total = 1095, boot = 1068, init = 27, finish = 0
[2020-07-22 15:18:45,163] {logging_mixin.py:112} INFO - [2020-07-22 15:18:45,163] {spark_submit_hook.py:479} INFO - 20/07/22 15:18:45 INFO Executor: Finished task 0.0 in stage 0.0 (TID 0). 1732 bytes result sent to driver
[2020-07-22 15:18:45,197] {logging_mixin.py:112} INFO - [2020-07-22 15:18:45,196] {spark_submit_hook.py:479} INFO - 20/07/22 15:18:45 INFO TaskSetManager: Finished task 0.0 in stage 0.0 (TID 0) in 2118 ms on 192.168.43.94 (executor driver) (1/1)
[2020-07-22 15:18:45,203] {logging_mixin.py:112} INFO - [2020-07-22 15:18:45,203] {spark_submit_hook.py:479} INFO - 20/07/22 15:18:45 INFO TaskSchedulerImpl: Removed TaskSet 0.0, whose tasks have all completed, from pool
[2020-07-22 15:18:45,210] {logging_mixin.py:112} INFO - [2020-07-22 15:18:45,209] {spark_submit_hook.py:479} INFO - 20/07/22 15:18:45 INFO PythonAccumulatorV2: Connected to AccumulatorServer at host: 127.0.0.1 port: 54903
[2020-07-22 15:18:45,223] {logging_mixin.py:112} INFO - [2020-07-22 15:18:45,222] {spark_submit_hook.py:479} INFO - 20/07/22 15:18:45 INFO DAGScheduler: ResultStage 0 (collect at /home/bhakti/airflow/spark_jobs/python/spark_test.py:10) finished in 2.364 s
[2020-07-22 15:18:45,258] {logging_mixin.py:112} INFO - [2020-07-22 15:18:45,258] {spark_submit_hook.py:479} INFO - 20/07/22 15:18:45 INFO DAGScheduler: Job 0 is finished. Cancelling potential speculative or zombie tasks for this job
[2020-07-22 15:18:45,263] {logging_mixin.py:112} INFO - [2020-07-22 15:18:45,263] {spark_submit_hook.py:479} INFO - 20/07/22 15:18:45 INFO TaskSchedulerImpl: Killing all running tasks in stage 0: Stage finished
[2020-07-22 15:18:45,279] {logging_mixin.py:112} INFO - [2020-07-22 15:18:45,279] {spark_submit_hook.py:479} INFO - 20/07/22 15:18:45 INFO DAGScheduler: Job 0 finished: collect at /home/bhakti/airflow/spark_jobs/python/spark_test.py:10, took 2.557809 s
[2020-07-22 15:18:45,302] {logging_mixin.py:112} INFO - [2020-07-22 15:18:45,301] {spark_submit_hook.py:479} INFO - [('PERSON', 'JOINING_YEAR'), ('John', '2018'), ('Sam', '2017'), ('Jeff', '2014'), ('Allen', '2015')]
[2020-07-22 15:18:45,405] {logging_mixin.py:112} INFO - [2020-07-22 15:18:45,405] {spark_submit_hook.py:479} INFO - 20/07/22 15:18:45 INFO SparkContext: Invoking stop() from shutdown hook
[2020-07-22 15:18:45,423] {logging_mixin.py:112} INFO - [2020-07-22 15:18:45,423] {spark_submit_hook.py:479} INFO - 20/07/22 15:18:45 INFO SparkUI: Stopped Spark web UI at http://192.168.43.94:4044
[2020-07-22 15:18:45,457] {logging_mixin.py:112} INFO - [2020-07-22 15:18:45,456] {spark_submit_hook.py:479} INFO - 20/07/22 15:18:45 INFO MapOutputTrackerMasterEndpoint: MapOutputTrackerMasterEndpoint stopped!
[2020-07-22 15:18:45,482] {logging_mixin.py:112} INFO - [2020-07-22 15:18:45,482] {spark_submit_hook.py:479} INFO - 20/07/22 15:18:45 INFO MemoryStore: MemoryStore cleared
[2020-07-22 15:18:45,484] {logging_mixin.py:112} INFO - [2020-07-22 15:18:45,483] {spark_submit_hook.py:479} INFO - 20/07/22 15:18:45 INFO BlockManager: BlockManager stopped
[2020-07-22 15:18:45,512] {logging_mixin.py:112} INFO - [2020-07-22 15:18:45,512] {spark_submit_hook.py:479} INFO - 20/07/22 15:18:45 INFO BlockManagerMaster: BlockManagerMaster stopped
[2020-07-22 15:18:45,524] {logging_mixin.py:112} INFO - [2020-07-22 15:18:45,523] {spark_submit_hook.py:479} INFO - 20/07/22 15:18:45 INFO OutputCommitCoordinator$OutputCommitCoordinatorEndpoint: OutputCommitCoordinator stopped!
[2020-07-22 15:18:45,552] {logging_mixin.py:112} INFO - [2020-07-22 15:18:45,552] {spark_submit_hook.py:479} INFO - 20/07/22 15:18:45 INFO SparkContext: Successfully stopped SparkContext
[2020-07-22 15:18:45,554] {logging_mixin.py:112} INFO - [2020-07-22 15:18:45,553] {spark_submit_hook.py:479} INFO - 20/07/22 15:18:45 INFO ShutdownHookManager: Shutdown hook called
[2020-07-22 15:18:45,557] {logging_mixin.py:112} INFO - [2020-07-22 15:18:45,557] {spark_submit_hook.py:479} INFO - 20/07/22 15:18:45 INFO ShutdownHookManager: Deleting directory /tmp/spark-bef278a1-7e0c-4901-a0ea-d7bde6e8b8ec
[2020-07-22 15:18:45,567] {logging_mixin.py:112} INFO - [2020-07-22 15:18:45,567] {spark_submit_hook.py:479} INFO - 20/07/22 15:18:45 INFO ShutdownHookManager: Deleting directory /tmp/spark-bef278a1-7e0c-4901-a0ea-d7bde6e8b8ec/pyspark-3748778f-1f54-4280-962e-d1bbe9995268
[2020-07-22 15:18:45,577] {logging_mixin.py:112} INFO - [2020-07-22 15:18:45,577] {spark_submit_hook.py:479} INFO - 20/07/22 15:18:45 INFO ShutdownHookManager: Deleting directory /tmp/spark-0fdd07a2-8422-44ab-b71d-61cfe04c977e
[2020-07-22 15:18:45,706] {taskinstance.py:1052} INFO - Marking task as SUCCESS.dag_id=submit_data, task_id=spark_submit, execution_date=20200720T043600, start_date=20200722T094828, end_date=20200722T094845
[2020-07-22 15:18:48,348] {logging_mixin.py:112} INFO - [2020-07-22 15:18:48,348] {local_task_job.py:103} INFO - Task exited with return code 0
