[2020-07-22 17:06:48,080] {taskinstance.py:669} INFO - Dependencies all met for <TaskInstance: submit_data.spark_submit 2020-07-20T07:13:00+00:00 [queued]>
[2020-07-22 17:06:48,109] {taskinstance.py:669} INFO - Dependencies all met for <TaskInstance: submit_data.spark_submit 2020-07-20T07:13:00+00:00 [queued]>
[2020-07-22 17:06:48,110] {taskinstance.py:879} INFO - 
--------------------------------------------------------------------------------
[2020-07-22 17:06:48,110] {taskinstance.py:880} INFO - Starting attempt 1 of 1
[2020-07-22 17:06:48,110] {taskinstance.py:881} INFO - 
--------------------------------------------------------------------------------
[2020-07-22 17:06:48,389] {taskinstance.py:900} INFO - Executing <Task(SparkSubmitOperator): spark_submit> on 2020-07-20T07:13:00+00:00
[2020-07-22 17:06:48,400] {standard_task_runner.py:53} INFO - Started process 625964 to run task
[2020-07-22 17:06:48,867] {logging_mixin.py:112} INFO - Running %s on host %s <TaskInstance: submit_data.spark_submit 2020-07-20T07:13:00+00:00 [running]> bhakti-Vostro-3558
[2020-07-22 17:06:48,920] {logging_mixin.py:112} INFO - [2020-07-22 17:06:48,920] {base_hook.py:87} INFO - Using connection to: id: spark_local. Host: local, Port: None, Schema: None, Login: None, Password: None, extra: None
[2020-07-22 17:06:48,923] {logging_mixin.py:112} INFO - [2020-07-22 17:06:48,922] {spark_submit_hook.py:325} INFO - Spark-Submit cmd: spark-submit --master local --name airflow-spark /home/bhakti/airflow/spark_jobs/spark_test.py
[2020-07-22 17:06:55,901] {logging_mixin.py:112} INFO - [2020-07-22 17:06:55,900] {spark_submit_hook.py:479} INFO - 20/07/22 17:06:55 WARN Utils: Your hostname, bhakti-Vostro-3558 resolves to a loopback address: 127.0.1.1; using 192.168.43.94 instead (on interface wlp6s0)
[2020-07-22 17:06:55,903] {logging_mixin.py:112} INFO - [2020-07-22 17:06:55,903] {spark_submit_hook.py:479} INFO - 20/07/22 17:06:55 WARN Utils: Set SPARK_LOCAL_IP if you need to bind to another address
[2020-07-22 17:07:00,223] {logging_mixin.py:112} INFO - [2020-07-22 17:07:00,223] {spark_submit_hook.py:479} INFO - 20/07/22 17:07:00 WARN NativeCodeLoader: Unable to load native-hadoop library for your platform... using builtin-java classes where applicable
[2020-07-22 17:07:07,429] {logging_mixin.py:112} INFO - [2020-07-22 17:07:07,429] {spark_submit_hook.py:479} INFO - Using Spark's default log4j profile: org/apache/spark/log4j-defaults.properties
[2020-07-22 17:07:07,456] {logging_mixin.py:112} INFO - [2020-07-22 17:07:07,456] {spark_submit_hook.py:479} INFO - 20/07/22 17:07:07 INFO SparkContext: Running Spark version 3.0.0
[2020-07-22 17:07:07,605] {logging_mixin.py:112} INFO - [2020-07-22 17:07:07,604] {spark_submit_hook.py:479} INFO - 20/07/22 17:07:07 INFO ResourceUtils: ==============================================================
[2020-07-22 17:07:07,610] {logging_mixin.py:112} INFO - [2020-07-22 17:07:07,610] {spark_submit_hook.py:479} INFO - 20/07/22 17:07:07 INFO ResourceUtils: Resources for spark.driver:
[2020-07-22 17:07:07,611] {logging_mixin.py:112} INFO - [2020-07-22 17:07:07,611] {spark_submit_hook.py:479} INFO - 
[2020-07-22 17:07:07,611] {logging_mixin.py:112} INFO - [2020-07-22 17:07:07,611] {spark_submit_hook.py:479} INFO - 20/07/22 17:07:07 INFO ResourceUtils: ==============================================================
[2020-07-22 17:07:07,612] {logging_mixin.py:112} INFO - [2020-07-22 17:07:07,611] {spark_submit_hook.py:479} INFO - 20/07/22 17:07:07 INFO SparkContext: Submitted application: Spark_Test_Python
[2020-07-22 17:07:07,941] {logging_mixin.py:112} INFO - [2020-07-22 17:07:07,940] {spark_submit_hook.py:479} INFO - 20/07/22 17:07:07 INFO SecurityManager: Changing view acls to: bhakti
[2020-07-22 17:07:07,943] {logging_mixin.py:112} INFO - [2020-07-22 17:07:07,943] {spark_submit_hook.py:479} INFO - 20/07/22 17:07:07 INFO SecurityManager: Changing modify acls to: bhakti
[2020-07-22 17:07:07,946] {logging_mixin.py:112} INFO - [2020-07-22 17:07:07,946] {spark_submit_hook.py:479} INFO - 20/07/22 17:07:07 INFO SecurityManager: Changing view acls groups to:
[2020-07-22 17:07:07,947] {logging_mixin.py:112} INFO - [2020-07-22 17:07:07,947] {spark_submit_hook.py:479} INFO - 20/07/22 17:07:07 INFO SecurityManager: Changing modify acls groups to:
[2020-07-22 17:07:07,948] {logging_mixin.py:112} INFO - [2020-07-22 17:07:07,948] {spark_submit_hook.py:479} INFO - 20/07/22 17:07:07 INFO SecurityManager: SecurityManager: authentication disabled; ui acls disabled; users  with view permissions: Set(bhakti); groups with view permissions: Set(); users  with modify permissions: Set(bhakti); groups with modify permissions: Set()
[2020-07-22 17:07:08,823] {logging_mixin.py:112} INFO - [2020-07-22 17:07:08,823] {spark_submit_hook.py:479} INFO - 20/07/22 17:07:08 INFO Utils: Successfully started service 'sparkDriver' on port 33737.
[2020-07-22 17:07:08,905] {logging_mixin.py:112} INFO - [2020-07-22 17:07:08,904] {spark_submit_hook.py:479} INFO - 20/07/22 17:07:08 INFO SparkEnv: Registering MapOutputTracker
[2020-07-22 17:07:08,969] {logging_mixin.py:112} INFO - [2020-07-22 17:07:08,968] {spark_submit_hook.py:479} INFO - 20/07/22 17:07:08 INFO SparkEnv: Registering BlockManagerMaster
[2020-07-22 17:07:09,024] {logging_mixin.py:112} INFO - [2020-07-22 17:07:09,024] {spark_submit_hook.py:479} INFO - 20/07/22 17:07:09 INFO BlockManagerMasterEndpoint: Using org.apache.spark.storage.DefaultTopologyMapper for getting topology information
[2020-07-22 17:07:09,025] {logging_mixin.py:112} INFO - [2020-07-22 17:07:09,025] {spark_submit_hook.py:479} INFO - 20/07/22 17:07:09 INFO BlockManagerMasterEndpoint: BlockManagerMasterEndpoint up
[2020-07-22 17:07:09,046] {logging_mixin.py:112} INFO - [2020-07-22 17:07:09,045] {spark_submit_hook.py:479} INFO - 20/07/22 17:07:09 INFO SparkEnv: Registering BlockManagerMasterHeartbeat
[2020-07-22 17:07:09,095] {logging_mixin.py:112} INFO - [2020-07-22 17:07:09,094] {spark_submit_hook.py:479} INFO - 20/07/22 17:07:09 INFO DiskBlockManager: Created local directory at /tmp/blockmgr-eaff76d5-b789-409a-81b8-17b70467d052
[2020-07-22 17:07:09,174] {logging_mixin.py:112} INFO - [2020-07-22 17:07:09,173] {spark_submit_hook.py:479} INFO - 20/07/22 17:07:09 INFO MemoryStore: MemoryStore started with capacity 366.3 MiB
[2020-07-22 17:07:09,226] {logging_mixin.py:112} INFO - [2020-07-22 17:07:09,226] {spark_submit_hook.py:479} INFO - 20/07/22 17:07:09 INFO SparkEnv: Registering OutputCommitCoordinator
[2020-07-22 17:07:10,108] {logging_mixin.py:112} INFO - [2020-07-22 17:07:10,108] {spark_submit_hook.py:479} INFO - 20/07/22 17:07:10 WARN Utils: Service 'SparkUI' could not bind on port 4040. Attempting port 4041.
[2020-07-22 17:07:10,109] {logging_mixin.py:112} INFO - [2020-07-22 17:07:10,108] {spark_submit_hook.py:479} INFO - 20/07/22 17:07:10 WARN Utils: Service 'SparkUI' could not bind on port 4041. Attempting port 4042.
[2020-07-22 17:07:10,112] {logging_mixin.py:112} INFO - [2020-07-22 17:07:10,112] {spark_submit_hook.py:479} INFO - 20/07/22 17:07:10 WARN Utils: Service 'SparkUI' could not bind on port 4042. Attempting port 4043.
[2020-07-22 17:07:10,148] {logging_mixin.py:112} INFO - [2020-07-22 17:07:10,147] {spark_submit_hook.py:479} INFO - 20/07/22 17:07:10 INFO Utils: Successfully started service 'SparkUI' on port 4043.
[2020-07-22 17:07:10,370] {logging_mixin.py:112} INFO - [2020-07-22 17:07:10,370] {spark_submit_hook.py:479} INFO - 20/07/22 17:07:10 INFO SparkUI: Bound SparkUI to 0.0.0.0, and started at http://192.168.43.94:4043
[2020-07-22 17:07:11,261] {logging_mixin.py:112} INFO - [2020-07-22 17:07:11,261] {spark_submit_hook.py:479} INFO - 20/07/22 17:07:11 INFO Executor: Starting executor ID driver on host 192.168.43.94
[2020-07-22 17:07:11,363] {logging_mixin.py:112} INFO - [2020-07-22 17:07:11,362] {spark_submit_hook.py:479} INFO - 20/07/22 17:07:11 INFO Utils: Successfully started service 'org.apache.spark.network.netty.NettyBlockTransferService' on port 43481.
[2020-07-22 17:07:11,365] {logging_mixin.py:112} INFO - [2020-07-22 17:07:11,364] {spark_submit_hook.py:479} INFO - 20/07/22 17:07:11 INFO NettyBlockTransferService: Server created on 192.168.43.94:43481
[2020-07-22 17:07:11,373] {logging_mixin.py:112} INFO - [2020-07-22 17:07:11,372] {spark_submit_hook.py:479} INFO - 20/07/22 17:07:11 INFO BlockManager: Using org.apache.spark.storage.RandomBlockReplicationPolicy for block replication policy
[2020-07-22 17:07:11,402] {logging_mixin.py:112} INFO - [2020-07-22 17:07:11,401] {spark_submit_hook.py:479} INFO - 20/07/22 17:07:11 INFO BlockManagerMaster: Registering BlockManager BlockManagerId(driver, 192.168.43.94, 43481, None)
[2020-07-22 17:07:11,436] {logging_mixin.py:112} INFO - [2020-07-22 17:07:11,436] {spark_submit_hook.py:479} INFO - 20/07/22 17:07:11 INFO BlockManagerMasterEndpoint: Registering block manager 192.168.43.94:43481 with 366.3 MiB RAM, BlockManagerId(driver, 192.168.43.94, 43481, None)
[2020-07-22 17:07:11,449] {logging_mixin.py:112} INFO - [2020-07-22 17:07:11,449] {spark_submit_hook.py:479} INFO - 20/07/22 17:07:11 INFO BlockManagerMaster: Registered BlockManager BlockManagerId(driver, 192.168.43.94, 43481, None)
[2020-07-22 17:07:11,453] {logging_mixin.py:112} INFO - [2020-07-22 17:07:11,452] {spark_submit_hook.py:479} INFO - 20/07/22 17:07:11 INFO BlockManager: Initialized BlockManager: BlockManagerId(driver, 192.168.43.94, 43481, None)
[2020-07-22 17:07:15,125] {logging_mixin.py:112} INFO - [2020-07-22 17:07:15,125] {spark_submit_hook.py:479} INFO - 20/07/22 17:07:15 INFO MemoryStore: Block broadcast_0 stored as values in memory (estimated size 241.5 KiB, free 366.1 MiB)
[2020-07-22 17:07:15,524] {logging_mixin.py:112} INFO - [2020-07-22 17:07:15,524] {spark_submit_hook.py:479} INFO - 20/07/22 17:07:15 INFO MemoryStore: Block broadcast_0_piece0 stored as bytes in memory (estimated size 23.4 KiB, free 366.0 MiB)
[2020-07-22 17:07:15,544] {logging_mixin.py:112} INFO - [2020-07-22 17:07:15,543] {spark_submit_hook.py:479} INFO - 20/07/22 17:07:15 INFO BlockManagerInfo: Added broadcast_0_piece0 in memory on 192.168.43.94:43481 (size: 23.4 KiB, free: 366.3 MiB)
[2020-07-22 17:07:15,566] {logging_mixin.py:112} INFO - [2020-07-22 17:07:15,565] {spark_submit_hook.py:479} INFO - 20/07/22 17:07:15 INFO SparkContext: Created broadcast 0 from textFile at NativeMethodAccessorImpl.java:0
[2020-07-22 17:07:16,410] {logging_mixin.py:112} INFO - [2020-07-22 17:07:16,409] {spark_submit_hook.py:479} INFO - 20/07/22 17:07:16 INFO FileInputFormat: Total input paths to process : 1
[2020-07-22 17:07:16,615] {logging_mixin.py:112} INFO - [2020-07-22 17:07:16,615] {spark_submit_hook.py:479} INFO - 20/07/22 17:07:16 INFO SparkContext: Starting job: collect at /home/bhakti/airflow/spark_jobs/spark_test.py:8
[2020-07-22 17:07:16,668] {logging_mixin.py:112} INFO - [2020-07-22 17:07:16,668] {spark_submit_hook.py:479} INFO - 20/07/22 17:07:16 INFO DAGScheduler: Got job 0 (collect at /home/bhakti/airflow/spark_jobs/spark_test.py:8) with 1 output partitions
[2020-07-22 17:07:16,680] {logging_mixin.py:112} INFO - [2020-07-22 17:07:16,680] {spark_submit_hook.py:479} INFO - 20/07/22 17:07:16 INFO DAGScheduler: Final stage: ResultStage 0 (collect at /home/bhakti/airflow/spark_jobs/spark_test.py:8)
[2020-07-22 17:07:16,682] {logging_mixin.py:112} INFO - [2020-07-22 17:07:16,681] {spark_submit_hook.py:479} INFO - 20/07/22 17:07:16 INFO DAGScheduler: Parents of final stage: List()
[2020-07-22 17:07:16,706] {logging_mixin.py:112} INFO - [2020-07-22 17:07:16,706] {spark_submit_hook.py:479} INFO - 20/07/22 17:07:16 INFO DAGScheduler: Missing parents: List()
[2020-07-22 17:07:16,754] {logging_mixin.py:112} INFO - [2020-07-22 17:07:16,754] {spark_submit_hook.py:479} INFO - 20/07/22 17:07:16 INFO DAGScheduler: Submitting ResultStage 0 (PythonRDD[2] at collect at /home/bhakti/airflow/spark_jobs/spark_test.py:8), which has no missing parents
[2020-07-22 17:07:16,977] {logging_mixin.py:112} INFO - [2020-07-22 17:07:16,976] {spark_submit_hook.py:479} INFO - 20/07/22 17:07:16 INFO MemoryStore: Block broadcast_1 stored as values in memory (estimated size 7.4 KiB, free 366.0 MiB)
[2020-07-22 17:07:17,010] {logging_mixin.py:112} INFO - [2020-07-22 17:07:17,009] {spark_submit_hook.py:479} INFO - 20/07/22 17:07:17 INFO MemoryStore: Block broadcast_1_piece0 stored as bytes in memory (estimated size 4.4 KiB, free 366.0 MiB)
[2020-07-22 17:07:17,012] {logging_mixin.py:112} INFO - [2020-07-22 17:07:17,012] {spark_submit_hook.py:479} INFO - 20/07/22 17:07:17 INFO BlockManagerInfo: Added broadcast_1_piece0 in memory on 192.168.43.94:43481 (size: 4.4 KiB, free: 366.3 MiB)
[2020-07-22 17:07:17,023] {logging_mixin.py:112} INFO - [2020-07-22 17:07:17,023] {spark_submit_hook.py:479} INFO - 20/07/22 17:07:17 INFO SparkContext: Created broadcast 1 from broadcast at DAGScheduler.scala:1200
[2020-07-22 17:07:17,050] {logging_mixin.py:112} INFO - [2020-07-22 17:07:17,050] {spark_submit_hook.py:479} INFO - 20/07/22 17:07:17 INFO DAGScheduler: Submitting 1 missing tasks from ResultStage 0 (PythonRDD[2] at collect at /home/bhakti/airflow/spark_jobs/spark_test.py:8) (first 15 tasks are for partitions Vector(0))
[2020-07-22 17:07:17,053] {logging_mixin.py:112} INFO - [2020-07-22 17:07:17,053] {spark_submit_hook.py:479} INFO - 20/07/22 17:07:17 INFO TaskSchedulerImpl: Adding task set 0.0 with 1 tasks
[2020-07-22 17:07:17,235] {logging_mixin.py:112} INFO - [2020-07-22 17:07:17,235] {spark_submit_hook.py:479} INFO - 20/07/22 17:07:17 INFO TaskSetManager: Starting task 0.0 in stage 0.0 (TID 0, 192.168.43.94, executor driver, partition 0, PROCESS_LOCAL, 7388 bytes)
[2020-07-22 17:07:17,343] {logging_mixin.py:112} INFO - [2020-07-22 17:07:17,343] {spark_submit_hook.py:479} INFO - 20/07/22 17:07:17 INFO Executor: Running task 0.0 in stage 0.0 (TID 0)
[2020-07-22 17:07:18,759] {logging_mixin.py:112} INFO - [2020-07-22 17:07:18,759] {spark_submit_hook.py:479} INFO - 20/07/22 17:07:18 INFO HadoopRDD: Input split: file:/home/bhakti/airflow/input_data/sample.csv:0+93
[2020-07-22 17:07:19,940] {logging_mixin.py:112} INFO - [2020-07-22 17:07:19,939] {spark_submit_hook.py:479} INFO - 20/07/22 17:07:19 INFO PythonRunner: Times: total = 1028, boot = 1001, init = 27, finish = 0
[2020-07-22 17:07:19,980] {logging_mixin.py:112} INFO - [2020-07-22 17:07:19,980] {spark_submit_hook.py:479} INFO - 20/07/22 17:07:19 INFO Executor: Finished task 0.0 in stage 0.0 (TID 0). 1779 bytes result sent to driver
[2020-07-22 17:07:19,997] {logging_mixin.py:112} INFO - [2020-07-22 17:07:19,996] {spark_submit_hook.py:479} INFO - 20/07/22 17:07:19 INFO TaskSetManager: Finished task 0.0 in stage 0.0 (TID 0) in 2828 ms on 192.168.43.94 (executor driver) (1/1)
[2020-07-22 17:07:20,004] {logging_mixin.py:112} INFO - [2020-07-22 17:07:20,004] {spark_submit_hook.py:479} INFO - 20/07/22 17:07:20 INFO TaskSchedulerImpl: Removed TaskSet 0.0, whose tasks have all completed, from pool
[2020-07-22 17:07:20,008] {logging_mixin.py:112} INFO - [2020-07-22 17:07:20,008] {spark_submit_hook.py:479} INFO - 20/07/22 17:07:20 INFO PythonAccumulatorV2: Connected to AccumulatorServer at host: 127.0.0.1 port: 53369
[2020-07-22 17:07:20,016] {logging_mixin.py:112} INFO - [2020-07-22 17:07:20,015] {spark_submit_hook.py:479} INFO - 20/07/22 17:07:20 INFO DAGScheduler: ResultStage 0 (collect at /home/bhakti/airflow/spark_jobs/spark_test.py:8) finished in 3.089 s
[2020-07-22 17:07:20,029] {logging_mixin.py:112} INFO - [2020-07-22 17:07:20,028] {spark_submit_hook.py:479} INFO - 20/07/22 17:07:20 INFO DAGScheduler: Job 0 is finished. Cancelling potential speculative or zombie tasks for this job
[2020-07-22 17:07:20,030] {logging_mixin.py:112} INFO - [2020-07-22 17:07:20,030] {spark_submit_hook.py:479} INFO - 20/07/22 17:07:20 INFO TaskSchedulerImpl: Killing all running tasks in stage 0: Stage finished
[2020-07-22 17:07:20,039] {logging_mixin.py:112} INFO - [2020-07-22 17:07:20,039] {spark_submit_hook.py:479} INFO - 20/07/22 17:07:20 INFO DAGScheduler: Job 0 finished: collect at /home/bhakti/airflow/spark_jobs/spark_test.py:8, took 3.418201 s
[2020-07-22 17:07:20,058] {logging_mixin.py:112} INFO - [2020-07-22 17:07:20,058] {spark_submit_hook.py:479} INFO - [('PERSON', 'JOINING_YEAR', 'COMPANY'), ('John', '2018', 'Google'), ('Sam', '2017', 'IBM'), ('Jeff', '2014', 'Yahoo'), ('Allen', '2015', 'Facebook')]
[2020-07-22 17:07:21,469] {logging_mixin.py:112} INFO - [2020-07-22 17:07:21,469] {spark_submit_hook.py:479} INFO - 20/07/22 17:07:21 INFO BlockManagerInfo: Removed broadcast_1_piece0 on 192.168.43.94:43481 in memory (size: 4.4 KiB, free: 366.3 MiB)
[2020-07-22 17:07:21,493] {logging_mixin.py:112} INFO - [2020-07-22 17:07:21,493] {spark_submit_hook.py:479} INFO - 20/07/22 17:07:21 INFO BlockManagerInfo: Removed broadcast_0_piece0 on 192.168.43.94:43481 in memory (size: 23.4 KiB, free: 366.3 MiB)
[2020-07-22 17:07:21,655] {logging_mixin.py:112} INFO - [2020-07-22 17:07:21,655] {spark_submit_hook.py:479} INFO - 20/07/22 17:07:21 INFO SharedState: Setting hive.metastore.warehouse.dir ('null') to the value of spark.sql.warehouse.dir ('file:/home/bhakti/airflow/spark-warehouse').
[2020-07-22 17:07:21,657] {logging_mixin.py:112} INFO - [2020-07-22 17:07:21,657] {spark_submit_hook.py:479} INFO - 20/07/22 17:07:21 INFO SharedState: Warehouse path is 'file:/home/bhakti/airflow/spark-warehouse'.
[2020-07-22 17:07:27,878] {logging_mixin.py:112} INFO - [2020-07-22 17:07:27,878] {spark_submit_hook.py:479} INFO - 20/07/22 17:07:27 INFO CodeGenerator: Code generated in 527.523835 ms
[2020-07-22 17:07:27,961] {logging_mixin.py:112} INFO - [2020-07-22 17:07:27,961] {spark_submit_hook.py:479} INFO - 20/07/22 17:07:27 INFO SparkContext: Starting job: showString at NativeMethodAccessorImpl.java:0
[2020-07-22 17:07:27,978] {logging_mixin.py:112} INFO - [2020-07-22 17:07:27,978] {spark_submit_hook.py:479} INFO - 20/07/22 17:07:27 INFO DAGScheduler: Got job 1 (showString at NativeMethodAccessorImpl.java:0) with 1 output partitions
[2020-07-22 17:07:27,979] {logging_mixin.py:112} INFO - [2020-07-22 17:07:27,979] {spark_submit_hook.py:479} INFO - 20/07/22 17:07:27 INFO DAGScheduler: Final stage: ResultStage 1 (showString at NativeMethodAccessorImpl.java:0)
[2020-07-22 17:07:27,979] {logging_mixin.py:112} INFO - [2020-07-22 17:07:27,979] {spark_submit_hook.py:479} INFO - 20/07/22 17:07:27 INFO DAGScheduler: Parents of final stage: List()
[2020-07-22 17:07:27,980] {logging_mixin.py:112} INFO - [2020-07-22 17:07:27,980] {spark_submit_hook.py:479} INFO - 20/07/22 17:07:27 INFO DAGScheduler: Missing parents: List()
[2020-07-22 17:07:27,993] {logging_mixin.py:112} INFO - [2020-07-22 17:07:27,992] {spark_submit_hook.py:479} INFO - 20/07/22 17:07:27 INFO DAGScheduler: Submitting ResultStage 1 (MapPartitionsRDD[9] at showString at NativeMethodAccessorImpl.java:0), which has no missing parents
[2020-07-22 17:07:28,034] {logging_mixin.py:112} INFO - [2020-07-22 17:07:28,033] {spark_submit_hook.py:479} INFO - 20/07/22 17:07:28 INFO MemoryStore: Block broadcast_2 stored as values in memory (estimated size 11.2 KiB, free 366.3 MiB)
[2020-07-22 17:07:28,039] {logging_mixin.py:112} INFO - [2020-07-22 17:07:28,038] {spark_submit_hook.py:479} INFO - 20/07/22 17:07:28 INFO MemoryStore: Block broadcast_2_piece0 stored as bytes in memory (estimated size 5.8 KiB, free 366.3 MiB)
[2020-07-22 17:07:28,041] {logging_mixin.py:112} INFO - [2020-07-22 17:07:28,041] {spark_submit_hook.py:479} INFO - 20/07/22 17:07:28 INFO BlockManagerInfo: Added broadcast_2_piece0 in memory on 192.168.43.94:43481 (size: 5.8 KiB, free: 366.3 MiB)
[2020-07-22 17:07:28,042] {logging_mixin.py:112} INFO - [2020-07-22 17:07:28,042] {spark_submit_hook.py:479} INFO - 20/07/22 17:07:28 INFO SparkContext: Created broadcast 2 from broadcast at DAGScheduler.scala:1200
[2020-07-22 17:07:28,044] {logging_mixin.py:112} INFO - [2020-07-22 17:07:28,043] {spark_submit_hook.py:479} INFO - 20/07/22 17:07:28 INFO DAGScheduler: Submitting 1 missing tasks from ResultStage 1 (MapPartitionsRDD[9] at showString at NativeMethodAccessorImpl.java:0) (first 15 tasks are for partitions Vector(0))
[2020-07-22 17:07:28,044] {logging_mixin.py:112} INFO - [2020-07-22 17:07:28,044] {spark_submit_hook.py:479} INFO - 20/07/22 17:07:28 INFO TaskSchedulerImpl: Adding task set 1.0 with 1 tasks
[2020-07-22 17:07:28,067] {logging_mixin.py:112} INFO - [2020-07-22 17:07:28,066] {spark_submit_hook.py:479} INFO - 20/07/22 17:07:28 INFO TaskSetManager: Starting task 0.0 in stage 1.0 (TID 1, 192.168.43.94, executor driver, partition 0, PROCESS_LOCAL, 7493 bytes)
[2020-07-22 17:07:28,068] {logging_mixin.py:112} INFO - [2020-07-22 17:07:28,068] {spark_submit_hook.py:479} INFO - 20/07/22 17:07:28 INFO Executor: Running task 0.0 in stage 1.0 (TID 1)
[2020-07-22 17:07:28,181] {logging_mixin.py:112} INFO - [2020-07-22 17:07:28,180] {spark_submit_hook.py:479} INFO - 20/07/22 17:07:28 INFO PythonRunner: Times: total = 9, boot = -8185, init = 8194, finish = 0
[2020-07-22 17:07:28,187] {logging_mixin.py:112} INFO - [2020-07-22 17:07:28,186] {spark_submit_hook.py:479} INFO - 20/07/22 17:07:28 INFO Executor: Finished task 0.0 in stage 1.0 (TID 1). 2235 bytes result sent to driver
[2020-07-22 17:07:28,195] {logging_mixin.py:112} INFO - [2020-07-22 17:07:28,195] {spark_submit_hook.py:479} INFO - 20/07/22 17:07:28 INFO TaskSetManager: Finished task 0.0 in stage 1.0 (TID 1) in 148 ms on 192.168.43.94 (executor driver) (1/1)
[2020-07-22 17:07:28,199] {logging_mixin.py:112} INFO - [2020-07-22 17:07:28,199] {spark_submit_hook.py:479} INFO - 20/07/22 17:07:28 INFO DAGScheduler: ResultStage 1 (showString at NativeMethodAccessorImpl.java:0) finished in 0.200 s
[2020-07-22 17:07:28,200] {logging_mixin.py:112} INFO - [2020-07-22 17:07:28,199] {spark_submit_hook.py:479} INFO - 20/07/22 17:07:28 INFO DAGScheduler: Job 1 is finished. Cancelling potential speculative or zombie tasks for this job
[2020-07-22 17:07:28,200] {logging_mixin.py:112} INFO - [2020-07-22 17:07:28,200] {spark_submit_hook.py:479} INFO - 20/07/22 17:07:28 INFO TaskSchedulerImpl: Removed TaskSet 1.0, whose tasks have all completed, from pool
[2020-07-22 17:07:28,201] {logging_mixin.py:112} INFO - [2020-07-22 17:07:28,201] {spark_submit_hook.py:479} INFO - 20/07/22 17:07:28 INFO TaskSchedulerImpl: Killing all running tasks in stage 1: Stage finished
[2020-07-22 17:07:28,201] {logging_mixin.py:112} INFO - [2020-07-22 17:07:28,201] {spark_submit_hook.py:479} INFO - 20/07/22 17:07:28 INFO DAGScheduler: Job 1 finished: showString at NativeMethodAccessorImpl.java:0, took 0.240034 s
[2020-07-22 17:07:28,331] {logging_mixin.py:112} INFO - [2020-07-22 17:07:28,331] {spark_submit_hook.py:479} INFO - 20/07/22 17:07:28 INFO CodeGenerator: Code generated in 82.138787 ms
[2020-07-22 17:07:28,367] {logging_mixin.py:112} INFO - [2020-07-22 17:07:28,367] {spark_submit_hook.py:479} INFO - +------+------------+--------+
[2020-07-22 17:07:28,368] {logging_mixin.py:112} INFO - [2020-07-22 17:07:28,367] {spark_submit_hook.py:479} INFO - |    _1|          _2|      _3|
[2020-07-22 17:07:28,368] {logging_mixin.py:112} INFO - [2020-07-22 17:07:28,368] {spark_submit_hook.py:479} INFO - +------+------------+--------+
[2020-07-22 17:07:28,368] {logging_mixin.py:112} INFO - [2020-07-22 17:07:28,368] {spark_submit_hook.py:479} INFO - |PERSON|JOINING_YEAR| COMPANY|
[2020-07-22 17:07:28,368] {logging_mixin.py:112} INFO - [2020-07-22 17:07:28,368] {spark_submit_hook.py:479} INFO - |  John|        2018|  Google|
[2020-07-22 17:07:28,369] {logging_mixin.py:112} INFO - [2020-07-22 17:07:28,369] {spark_submit_hook.py:479} INFO - |   Sam|        2017|     IBM|
[2020-07-22 17:07:28,369] {logging_mixin.py:112} INFO - [2020-07-22 17:07:28,369] {spark_submit_hook.py:479} INFO - |  Jeff|        2014|   Yahoo|
[2020-07-22 17:07:28,369] {logging_mixin.py:112} INFO - [2020-07-22 17:07:28,369] {spark_submit_hook.py:479} INFO - | Allen|        2015|Facebook|
[2020-07-22 17:07:28,370] {logging_mixin.py:112} INFO - [2020-07-22 17:07:28,369] {spark_submit_hook.py:479} INFO - +------+------------+--------+
[2020-07-22 17:07:28,370] {logging_mixin.py:112} INFO - [2020-07-22 17:07:28,370] {spark_submit_hook.py:479} INFO - 
[2020-07-22 17:07:28,534] {logging_mixin.py:112} INFO - [2020-07-22 17:07:28,534] {spark_submit_hook.py:479} INFO - 20/07/22 17:07:28 INFO SparkContext: Invoking stop() from shutdown hook
[2020-07-22 17:07:28,555] {logging_mixin.py:112} INFO - [2020-07-22 17:07:28,554] {spark_submit_hook.py:479} INFO - 20/07/22 17:07:28 INFO SparkUI: Stopped Spark web UI at http://192.168.43.94:4043
[2020-07-22 17:07:28,597] {logging_mixin.py:112} INFO - [2020-07-22 17:07:28,597] {spark_submit_hook.py:479} INFO - 20/07/22 17:07:28 INFO MapOutputTrackerMasterEndpoint: MapOutputTrackerMasterEndpoint stopped!
[2020-07-22 17:07:28,623] {logging_mixin.py:112} INFO - [2020-07-22 17:07:28,622] {spark_submit_hook.py:479} INFO - 20/07/22 17:07:28 INFO MemoryStore: MemoryStore cleared
[2020-07-22 17:07:28,624] {logging_mixin.py:112} INFO - [2020-07-22 17:07:28,624] {spark_submit_hook.py:479} INFO - 20/07/22 17:07:28 INFO BlockManager: BlockManager stopped
[2020-07-22 17:07:28,631] {logging_mixin.py:112} INFO - [2020-07-22 17:07:28,630] {spark_submit_hook.py:479} INFO - 20/07/22 17:07:28 INFO BlockManagerMaster: BlockManagerMaster stopped
[2020-07-22 17:07:28,635] {logging_mixin.py:112} INFO - [2020-07-22 17:07:28,635] {spark_submit_hook.py:479} INFO - 20/07/22 17:07:28 INFO OutputCommitCoordinator$OutputCommitCoordinatorEndpoint: OutputCommitCoordinator stopped!
[2020-07-22 17:07:28,643] {logging_mixin.py:112} INFO - [2020-07-22 17:07:28,642] {spark_submit_hook.py:479} INFO - 20/07/22 17:07:28 INFO SparkContext: Successfully stopped SparkContext
[2020-07-22 17:07:28,643] {logging_mixin.py:112} INFO - [2020-07-22 17:07:28,643] {spark_submit_hook.py:479} INFO - 20/07/22 17:07:28 INFO ShutdownHookManager: Shutdown hook called
[2020-07-22 17:07:28,644] {logging_mixin.py:112} INFO - [2020-07-22 17:07:28,644] {spark_submit_hook.py:479} INFO - 20/07/22 17:07:28 INFO ShutdownHookManager: Deleting directory /tmp/spark-34346eae-96ae-489c-afbf-91e07a830749
[2020-07-22 17:07:28,648] {logging_mixin.py:112} INFO - [2020-07-22 17:07:28,648] {spark_submit_hook.py:479} INFO - 20/07/22 17:07:28 INFO ShutdownHookManager: Deleting directory /tmp/spark-483341f0-ec42-41b2-a315-d9a3f1b3d781
[2020-07-22 17:07:28,651] {logging_mixin.py:112} INFO - [2020-07-22 17:07:28,651] {spark_submit_hook.py:479} INFO - 20/07/22 17:07:28 INFO ShutdownHookManager: Deleting directory /tmp/spark-34346eae-96ae-489c-afbf-91e07a830749/pyspark-477d0c9b-7da6-4b5d-b9a6-ca48ab5bba3f
[2020-07-22 17:07:28,716] {taskinstance.py:1052} INFO - Marking task as SUCCESS.dag_id=submit_data, task_id=spark_submit, execution_date=20200720T071300, start_date=20200722T113648, end_date=20200722T113728
[2020-07-22 17:07:29,479] {logging_mixin.py:112} INFO - [2020-07-22 17:07:29,479] {local_task_job.py:103} INFO - Task exited with return code 0
