[2020-07-23 14:58:38,557] {taskinstance.py:669} INFO - Dependencies all met for <TaskInstance: submit_data.spark_submit 2020-07-21T00:20:00+00:00 [queued]>
[2020-07-23 14:58:38,581] {taskinstance.py:669} INFO - Dependencies all met for <TaskInstance: submit_data.spark_submit 2020-07-21T00:20:00+00:00 [queued]>
[2020-07-23 14:58:38,581] {taskinstance.py:879} INFO - 
--------------------------------------------------------------------------------
[2020-07-23 14:58:38,581] {taskinstance.py:880} INFO - Starting attempt 1 of 1
[2020-07-23 14:58:38,581] {taskinstance.py:881} INFO - 
--------------------------------------------------------------------------------
[2020-07-23 14:58:38,763] {taskinstance.py:900} INFO - Executing <Task(SparkSubmitOperator): spark_submit> on 2020-07-21T00:20:00+00:00
[2020-07-23 14:58:38,768] {standard_task_runner.py:53} INFO - Started process 230135 to run task
[2020-07-23 14:58:38,993] {logging_mixin.py:112} INFO - Running %s on host %s <TaskInstance: submit_data.spark_submit 2020-07-21T00:20:00+00:00 [running]> bhakti-Vostro-3558
[2020-07-23 14:58:39,020] {logging_mixin.py:112} INFO - [2020-07-23 14:58:39,019] {base_hook.py:87} INFO - Using connection to: id: spark_local. Host: local, Port: None, Schema: None, Login: None, Password: None, extra: None
[2020-07-23 14:58:39,020] {logging_mixin.py:112} INFO - [2020-07-23 14:58:39,020] {spark_submit_hook.py:325} INFO - Spark-Submit cmd: spark-submit --master local --name airflow-spark /home/bhakti/airflow/spark_jobs/spark_test.py
[2020-07-23 14:58:41,791] {logging_mixin.py:112} INFO - [2020-07-23 14:58:41,791] {spark_submit_hook.py:479} INFO - 20/07/23 14:58:41 WARN Utils: Your hostname, bhakti-Vostro-3558 resolves to a loopback address: 127.0.1.1; using 192.168.43.94 instead (on interface wlp6s0)
[2020-07-23 14:58:41,794] {logging_mixin.py:112} INFO - [2020-07-23 14:58:41,794] {spark_submit_hook.py:479} INFO - 20/07/23 14:58:41 WARN Utils: Set SPARK_LOCAL_IP if you need to bind to another address
[2020-07-23 14:58:43,251] {logging_mixin.py:112} INFO - [2020-07-23 14:58:43,251] {spark_submit_hook.py:479} INFO - 20/07/23 14:58:43 WARN NativeCodeLoader: Unable to load native-hadoop library for your platform... using builtin-java classes where applicable
[2020-07-23 14:58:45,026] {logging_mixin.py:112} INFO - [2020-07-23 14:58:45,026] {spark_submit_hook.py:479} INFO - Using Spark's default log4j profile: org/apache/spark/log4j-defaults.properties
[2020-07-23 14:58:45,047] {logging_mixin.py:112} INFO - [2020-07-23 14:58:45,047] {spark_submit_hook.py:479} INFO - 20/07/23 14:58:45 INFO SparkContext: Running Spark version 3.0.0
[2020-07-23 14:58:45,135] {logging_mixin.py:112} INFO - [2020-07-23 14:58:45,135] {spark_submit_hook.py:479} INFO - 20/07/23 14:58:45 INFO ResourceUtils: ==============================================================
[2020-07-23 14:58:45,137] {logging_mixin.py:112} INFO - [2020-07-23 14:58:45,137] {spark_submit_hook.py:479} INFO - 20/07/23 14:58:45 INFO ResourceUtils: Resources for spark.driver:
[2020-07-23 14:58:45,137] {logging_mixin.py:112} INFO - [2020-07-23 14:58:45,137] {spark_submit_hook.py:479} INFO - 
[2020-07-23 14:58:45,138] {logging_mixin.py:112} INFO - [2020-07-23 14:58:45,137] {spark_submit_hook.py:479} INFO - 20/07/23 14:58:45 INFO ResourceUtils: ==============================================================
[2020-07-23 14:58:45,141] {logging_mixin.py:112} INFO - [2020-07-23 14:58:45,140] {spark_submit_hook.py:479} INFO - 20/07/23 14:58:45 INFO SparkContext: Submitted application: Spark_Test_Python
[2020-07-23 14:58:45,255] {logging_mixin.py:112} INFO - [2020-07-23 14:58:45,255] {spark_submit_hook.py:479} INFO - 20/07/23 14:58:45 INFO SecurityManager: Changing view acls to: bhakti
[2020-07-23 14:58:45,255] {logging_mixin.py:112} INFO - [2020-07-23 14:58:45,255] {spark_submit_hook.py:479} INFO - 20/07/23 14:58:45 INFO SecurityManager: Changing modify acls to: bhakti
[2020-07-23 14:58:45,256] {logging_mixin.py:112} INFO - [2020-07-23 14:58:45,256] {spark_submit_hook.py:479} INFO - 20/07/23 14:58:45 INFO SecurityManager: Changing view acls groups to:
[2020-07-23 14:58:45,256] {logging_mixin.py:112} INFO - [2020-07-23 14:58:45,256] {spark_submit_hook.py:479} INFO - 20/07/23 14:58:45 INFO SecurityManager: Changing modify acls groups to:
[2020-07-23 14:58:45,256] {logging_mixin.py:112} INFO - [2020-07-23 14:58:45,256] {spark_submit_hook.py:479} INFO - 20/07/23 14:58:45 INFO SecurityManager: SecurityManager: authentication disabled; ui acls disabled; users  with view permissions: Set(bhakti); groups with view permissions: Set(); users  with modify permissions: Set(bhakti); groups with modify permissions: Set()
[2020-07-23 14:58:45,885] {logging_mixin.py:112} INFO - [2020-07-23 14:58:45,884] {spark_submit_hook.py:479} INFO - 20/07/23 14:58:45 INFO Utils: Successfully started service 'sparkDriver' on port 40347.
[2020-07-23 14:58:45,976] {logging_mixin.py:112} INFO - [2020-07-23 14:58:45,976] {spark_submit_hook.py:479} INFO - 20/07/23 14:58:45 INFO SparkEnv: Registering MapOutputTracker
[2020-07-23 14:58:46,097] {logging_mixin.py:112} INFO - [2020-07-23 14:58:46,097] {spark_submit_hook.py:479} INFO - 20/07/23 14:58:46 INFO SparkEnv: Registering BlockManagerMaster
[2020-07-23 14:58:46,161] {logging_mixin.py:112} INFO - [2020-07-23 14:58:46,161] {spark_submit_hook.py:479} INFO - 20/07/23 14:58:46 INFO BlockManagerMasterEndpoint: Using org.apache.spark.storage.DefaultTopologyMapper for getting topology information
[2020-07-23 14:58:46,163] {logging_mixin.py:112} INFO - [2020-07-23 14:58:46,163] {spark_submit_hook.py:479} INFO - 20/07/23 14:58:46 INFO BlockManagerMasterEndpoint: BlockManagerMasterEndpoint up
[2020-07-23 14:58:46,174] {logging_mixin.py:112} INFO - [2020-07-23 14:58:46,174] {spark_submit_hook.py:479} INFO - 20/07/23 14:58:46 INFO SparkEnv: Registering BlockManagerMasterHeartbeat
[2020-07-23 14:58:46,203] {logging_mixin.py:112} INFO - [2020-07-23 14:58:46,203] {spark_submit_hook.py:479} INFO - 20/07/23 14:58:46 INFO DiskBlockManager: Created local directory at /tmp/blockmgr-447354b9-a684-44ac-8c60-ccbcd695d35d
[2020-07-23 14:58:46,254] {logging_mixin.py:112} INFO - [2020-07-23 14:58:46,254] {spark_submit_hook.py:479} INFO - 20/07/23 14:58:46 INFO MemoryStore: MemoryStore started with capacity 366.3 MiB
[2020-07-23 14:58:46,286] {logging_mixin.py:112} INFO - [2020-07-23 14:58:46,286] {spark_submit_hook.py:479} INFO - 20/07/23 14:58:46 INFO SparkEnv: Registering OutputCommitCoordinator
[2020-07-23 14:58:46,772] {logging_mixin.py:112} INFO - [2020-07-23 14:58:46,772] {spark_submit_hook.py:479} INFO - 20/07/23 14:58:46 WARN Utils: Service 'SparkUI' could not bind on port 4040. Attempting port 4041.
[2020-07-23 14:58:46,775] {logging_mixin.py:112} INFO - [2020-07-23 14:58:46,775] {spark_submit_hook.py:479} INFO - 20/07/23 14:58:46 WARN Utils: Service 'SparkUI' could not bind on port 4041. Attempting port 4042.
[2020-07-23 14:58:46,788] {logging_mixin.py:112} INFO - [2020-07-23 14:58:46,788] {spark_submit_hook.py:479} INFO - 20/07/23 14:58:46 INFO Utils: Successfully started service 'SparkUI' on port 4042.
[2020-07-23 14:58:46,899] {logging_mixin.py:112} INFO - [2020-07-23 14:58:46,899] {spark_submit_hook.py:479} INFO - 20/07/23 14:58:46 INFO SparkUI: Bound SparkUI to 0.0.0.0, and started at http://192.168.43.94:4042
[2020-07-23 14:58:47,434] {logging_mixin.py:112} INFO - [2020-07-23 14:58:47,433] {spark_submit_hook.py:479} INFO - 20/07/23 14:58:47 INFO Executor: Starting executor ID driver on host 192.168.43.94
[2020-07-23 14:58:47,495] {logging_mixin.py:112} INFO - [2020-07-23 14:58:47,495] {spark_submit_hook.py:479} INFO - 20/07/23 14:58:47 INFO Utils: Successfully started service 'org.apache.spark.network.netty.NettyBlockTransferService' on port 36319.
[2020-07-23 14:58:47,496] {logging_mixin.py:112} INFO - [2020-07-23 14:58:47,496] {spark_submit_hook.py:479} INFO - 20/07/23 14:58:47 INFO NettyBlockTransferService: Server created on 192.168.43.94:36319
[2020-07-23 14:58:47,500] {logging_mixin.py:112} INFO - [2020-07-23 14:58:47,499] {spark_submit_hook.py:479} INFO - 20/07/23 14:58:47 INFO BlockManager: Using org.apache.spark.storage.RandomBlockReplicationPolicy for block replication policy
[2020-07-23 14:58:47,520] {logging_mixin.py:112} INFO - [2020-07-23 14:58:47,520] {spark_submit_hook.py:479} INFO - 20/07/23 14:58:47 INFO BlockManagerMaster: Registering BlockManager BlockManagerId(driver, 192.168.43.94, 36319, None)
[2020-07-23 14:58:47,533] {logging_mixin.py:112} INFO - [2020-07-23 14:58:47,532] {spark_submit_hook.py:479} INFO - 20/07/23 14:58:47 INFO BlockManagerMasterEndpoint: Registering block manager 192.168.43.94:36319 with 366.3 MiB RAM, BlockManagerId(driver, 192.168.43.94, 36319, None)
[2020-07-23 14:58:47,544] {logging_mixin.py:112} INFO - [2020-07-23 14:58:47,542] {spark_submit_hook.py:479} INFO - 20/07/23 14:58:47 INFO BlockManagerMaster: Registered BlockManager BlockManagerId(driver, 192.168.43.94, 36319, None)
[2020-07-23 14:58:47,547] {logging_mixin.py:112} INFO - [2020-07-23 14:58:47,547] {spark_submit_hook.py:479} INFO - 20/07/23 14:58:47 INFO BlockManager: Initialized BlockManager: BlockManagerId(driver, 192.168.43.94, 36319, None)
[2020-07-23 14:58:49,701] {logging_mixin.py:112} INFO - [2020-07-23 14:58:49,701] {spark_submit_hook.py:479} INFO - 20/07/23 14:58:49 INFO MemoryStore: Block broadcast_0 stored as values in memory (estimated size 241.5 KiB, free 366.1 MiB)
[2020-07-23 14:58:50,060] {logging_mixin.py:112} INFO - [2020-07-23 14:58:50,060] {spark_submit_hook.py:479} INFO - 20/07/23 14:58:50 INFO MemoryStore: Block broadcast_0_piece0 stored as bytes in memory (estimated size 23.4 KiB, free 366.0 MiB)
[2020-07-23 14:58:50,066] {logging_mixin.py:112} INFO - [2020-07-23 14:58:50,066] {spark_submit_hook.py:479} INFO - 20/07/23 14:58:50 INFO BlockManagerInfo: Added broadcast_0_piece0 in memory on 192.168.43.94:36319 (size: 23.4 KiB, free: 366.3 MiB)
[2020-07-23 14:58:50,098] {logging_mixin.py:112} INFO - [2020-07-23 14:58:50,097] {spark_submit_hook.py:479} INFO - 20/07/23 14:58:50 INFO SparkContext: Created broadcast 0 from textFile at NativeMethodAccessorImpl.java:0
[2020-07-23 14:58:50,649] {logging_mixin.py:112} INFO - [2020-07-23 14:58:50,649] {spark_submit_hook.py:479} INFO - 20/07/23 14:58:50 INFO FileInputFormat: Total input paths to process : 1
[2020-07-23 14:58:50,916] {logging_mixin.py:112} INFO - [2020-07-23 14:58:50,915] {spark_submit_hook.py:479} INFO - 20/07/23 14:58:50 INFO SparkContext: Starting job: collect at /home/bhakti/airflow/spark_jobs/spark_test.py:8
[2020-07-23 14:58:50,947] {logging_mixin.py:112} INFO - [2020-07-23 14:58:50,947] {spark_submit_hook.py:479} INFO - 20/07/23 14:58:50 INFO DAGScheduler: Got job 0 (collect at /home/bhakti/airflow/spark_jobs/spark_test.py:8) with 1 output partitions
[2020-07-23 14:58:50,948] {logging_mixin.py:112} INFO - [2020-07-23 14:58:50,948] {spark_submit_hook.py:479} INFO - 20/07/23 14:58:50 INFO DAGScheduler: Final stage: ResultStage 0 (collect at /home/bhakti/airflow/spark_jobs/spark_test.py:8)
[2020-07-23 14:58:50,951] {logging_mixin.py:112} INFO - [2020-07-23 14:58:50,951] {spark_submit_hook.py:479} INFO - 20/07/23 14:58:50 INFO DAGScheduler: Parents of final stage: List()
[2020-07-23 14:58:50,954] {logging_mixin.py:112} INFO - [2020-07-23 14:58:50,953] {spark_submit_hook.py:479} INFO - 20/07/23 14:58:50 INFO DAGScheduler: Missing parents: List()
[2020-07-23 14:58:50,983] {logging_mixin.py:112} INFO - [2020-07-23 14:58:50,982] {spark_submit_hook.py:479} INFO - 20/07/23 14:58:50 INFO DAGScheduler: Submitting ResultStage 0 (PythonRDD[2] at collect at /home/bhakti/airflow/spark_jobs/spark_test.py:8), which has no missing parents
[2020-07-23 14:58:51,034] {logging_mixin.py:112} INFO - [2020-07-23 14:58:51,034] {spark_submit_hook.py:479} INFO - 20/07/23 14:58:51 INFO MemoryStore: Block broadcast_1 stored as values in memory (estimated size 7.4 KiB, free 366.0 MiB)
[2020-07-23 14:58:51,044] {logging_mixin.py:112} INFO - [2020-07-23 14:58:51,044] {spark_submit_hook.py:479} INFO - 20/07/23 14:58:51 INFO MemoryStore: Block broadcast_1_piece0 stored as bytes in memory (estimated size 4.4 KiB, free 366.0 MiB)
[2020-07-23 14:58:51,046] {logging_mixin.py:112} INFO - [2020-07-23 14:58:51,046] {spark_submit_hook.py:479} INFO - 20/07/23 14:58:51 INFO BlockManagerInfo: Added broadcast_1_piece0 in memory on 192.168.43.94:36319 (size: 4.4 KiB, free: 366.3 MiB)
[2020-07-23 14:58:51,048] {logging_mixin.py:112} INFO - [2020-07-23 14:58:51,048] {spark_submit_hook.py:479} INFO - 20/07/23 14:58:51 INFO SparkContext: Created broadcast 1 from broadcast at DAGScheduler.scala:1200
[2020-07-23 14:58:51,084] {logging_mixin.py:112} INFO - [2020-07-23 14:58:51,084] {spark_submit_hook.py:479} INFO - 20/07/23 14:58:51 INFO DAGScheduler: Submitting 1 missing tasks from ResultStage 0 (PythonRDD[2] at collect at /home/bhakti/airflow/spark_jobs/spark_test.py:8) (first 15 tasks are for partitions Vector(0))
[2020-07-23 14:58:51,087] {logging_mixin.py:112} INFO - [2020-07-23 14:58:51,087] {spark_submit_hook.py:479} INFO - 20/07/23 14:58:51 INFO TaskSchedulerImpl: Adding task set 0.0 with 1 tasks
[2020-07-23 14:58:51,244] {logging_mixin.py:112} INFO - [2020-07-23 14:58:51,243] {spark_submit_hook.py:479} INFO - 20/07/23 14:58:51 INFO TaskSetManager: Starting task 0.0 in stage 0.0 (TID 0, 192.168.43.94, executor driver, partition 0, PROCESS_LOCAL, 7388 bytes)
[2020-07-23 14:58:51,292] {logging_mixin.py:112} INFO - [2020-07-23 14:58:51,292] {spark_submit_hook.py:479} INFO - 20/07/23 14:58:51 INFO Executor: Running task 0.0 in stage 0.0 (TID 0)
[2020-07-23 14:58:52,383] {logging_mixin.py:112} INFO - [2020-07-23 14:58:52,383] {spark_submit_hook.py:479} INFO - 20/07/23 14:58:52 INFO HadoopRDD: Input split: file:/home/bhakti/airflow/input_data/sample.csv:0+93
[2020-07-23 14:58:53,430] {logging_mixin.py:112} INFO - [2020-07-23 14:58:53,430] {spark_submit_hook.py:479} INFO - 20/07/23 14:58:53 INFO PythonRunner: Times: total = 992, boot = 962, init = 30, finish = 0
[2020-07-23 14:58:53,479] {logging_mixin.py:112} INFO - [2020-07-23 14:58:53,479] {spark_submit_hook.py:479} INFO - 20/07/23 14:58:53 INFO Executor: Finished task 0.0 in stage 0.0 (TID 0). 1779 bytes result sent to driver
[2020-07-23 14:58:53,501] {logging_mixin.py:112} INFO - [2020-07-23 14:58:53,501] {spark_submit_hook.py:479} INFO - 20/07/23 14:58:53 INFO TaskSetManager: Finished task 0.0 in stage 0.0 (TID 0) in 2288 ms on 192.168.43.94 (executor driver) (1/1)
[2020-07-23 14:58:53,508] {logging_mixin.py:112} INFO - [2020-07-23 14:58:53,507] {spark_submit_hook.py:479} INFO - 20/07/23 14:58:53 INFO TaskSchedulerImpl: Removed TaskSet 0.0, whose tasks have all completed, from pool
[2020-07-23 14:58:53,514] {logging_mixin.py:112} INFO - [2020-07-23 14:58:53,514] {spark_submit_hook.py:479} INFO - 20/07/23 14:58:53 INFO PythonAccumulatorV2: Connected to AccumulatorServer at host: 127.0.0.1 port: 37599
[2020-07-23 14:58:53,525] {logging_mixin.py:112} INFO - [2020-07-23 14:58:53,524] {spark_submit_hook.py:479} INFO - 20/07/23 14:58:53 INFO DAGScheduler: ResultStage 0 (collect at /home/bhakti/airflow/spark_jobs/spark_test.py:8) finished in 2.499 s
[2020-07-23 14:58:53,542] {logging_mixin.py:112} INFO - [2020-07-23 14:58:53,541] {spark_submit_hook.py:479} INFO - 20/07/23 14:58:53 INFO DAGScheduler: Job 0 is finished. Cancelling potential speculative or zombie tasks for this job
[2020-07-23 14:58:53,543] {logging_mixin.py:112} INFO - [2020-07-23 14:58:53,543] {spark_submit_hook.py:479} INFO - 20/07/23 14:58:53 INFO TaskSchedulerImpl: Killing all running tasks in stage 0: Stage finished
[2020-07-23 14:58:53,549] {logging_mixin.py:112} INFO - [2020-07-23 14:58:53,548] {spark_submit_hook.py:479} INFO - 20/07/23 14:58:53 INFO DAGScheduler: Job 0 finished: collect at /home/bhakti/airflow/spark_jobs/spark_test.py:8, took 2.632065 s
[2020-07-23 14:58:53,573] {logging_mixin.py:112} INFO - [2020-07-23 14:58:53,572] {spark_submit_hook.py:479} INFO - [('PERSON', 'JOINING_YEAR', 'COMPANY'), ('John', '2018', 'Google'), ('Sam', '2017', 'IBM'), ('Jeff', '2014', 'Yahoo'), ('Allen', '2015', 'Facebook')]
[2020-07-23 14:58:54,581] {logging_mixin.py:112} INFO - [2020-07-23 14:58:54,580] {spark_submit_hook.py:479} INFO - 20/07/23 14:58:54 INFO BlockManagerInfo: Removed broadcast_1_piece0 on 192.168.43.94:36319 in memory (size: 4.4 KiB, free: 366.3 MiB)
[2020-07-23 14:58:54,611] {logging_mixin.py:112} INFO - [2020-07-23 14:58:54,611] {spark_submit_hook.py:479} INFO - 20/07/23 14:58:54 INFO BlockManagerInfo: Removed broadcast_0_piece0 on 192.168.43.94:36319 in memory (size: 23.4 KiB, free: 366.3 MiB)
[2020-07-23 14:58:54,733] {logging_mixin.py:112} INFO - [2020-07-23 14:58:54,733] {spark_submit_hook.py:479} INFO - 20/07/23 14:58:54 INFO SharedState: Setting hive.metastore.warehouse.dir ('null') to the value of spark.sql.warehouse.dir ('file:/home/bhakti/airflow/spark-warehouse').
[2020-07-23 14:58:54,734] {logging_mixin.py:112} INFO - [2020-07-23 14:58:54,734] {spark_submit_hook.py:479} INFO - 20/07/23 14:58:54 INFO SharedState: Warehouse path is 'file:/home/bhakti/airflow/spark-warehouse'.
[2020-07-23 14:59:01,396] {logging_mixin.py:112} INFO - [2020-07-23 14:59:01,395] {spark_submit_hook.py:479} INFO - 20/07/23 14:59:01 INFO CodeGenerator: Code generated in 672.419946 ms
[2020-07-23 14:59:01,496] {logging_mixin.py:112} INFO - [2020-07-23 14:59:01,495] {spark_submit_hook.py:479} INFO - 20/07/23 14:59:01 INFO SparkContext: Starting job: showString at NativeMethodAccessorImpl.java:0
[2020-07-23 14:59:01,499] {logging_mixin.py:112} INFO - [2020-07-23 14:59:01,499] {spark_submit_hook.py:479} INFO - 20/07/23 14:59:01 INFO DAGScheduler: Got job 1 (showString at NativeMethodAccessorImpl.java:0) with 1 output partitions
[2020-07-23 14:59:01,500] {logging_mixin.py:112} INFO - [2020-07-23 14:59:01,500] {spark_submit_hook.py:479} INFO - 20/07/23 14:59:01 INFO DAGScheduler: Final stage: ResultStage 1 (showString at NativeMethodAccessorImpl.java:0)
[2020-07-23 14:59:01,500] {logging_mixin.py:112} INFO - [2020-07-23 14:59:01,500] {spark_submit_hook.py:479} INFO - 20/07/23 14:59:01 INFO DAGScheduler: Parents of final stage: List()
[2020-07-23 14:59:01,501] {logging_mixin.py:112} INFO - [2020-07-23 14:59:01,500] {spark_submit_hook.py:479} INFO - 20/07/23 14:59:01 INFO DAGScheduler: Missing parents: List()
[2020-07-23 14:59:01,505] {logging_mixin.py:112} INFO - [2020-07-23 14:59:01,505] {spark_submit_hook.py:479} INFO - 20/07/23 14:59:01 INFO DAGScheduler: Submitting ResultStage 1 (MapPartitionsRDD[9] at showString at NativeMethodAccessorImpl.java:0), which has no missing parents
[2020-07-23 14:59:01,544] {logging_mixin.py:112} INFO - [2020-07-23 14:59:01,543] {spark_submit_hook.py:479} INFO - 20/07/23 14:59:01 INFO MemoryStore: Block broadcast_2 stored as values in memory (estimated size 11.2 KiB, free 366.3 MiB)
[2020-07-23 14:59:01,549] {logging_mixin.py:112} INFO - [2020-07-23 14:59:01,549] {spark_submit_hook.py:479} INFO - 20/07/23 14:59:01 INFO MemoryStore: Block broadcast_2_piece0 stored as bytes in memory (estimated size 5.8 KiB, free 366.3 MiB)
[2020-07-23 14:59:01,551] {logging_mixin.py:112} INFO - [2020-07-23 14:59:01,550] {spark_submit_hook.py:479} INFO - 20/07/23 14:59:01 INFO BlockManagerInfo: Added broadcast_2_piece0 in memory on 192.168.43.94:36319 (size: 5.8 KiB, free: 366.3 MiB)
[2020-07-23 14:59:01,556] {logging_mixin.py:112} INFO - [2020-07-23 14:59:01,556] {spark_submit_hook.py:479} INFO - 20/07/23 14:59:01 INFO SparkContext: Created broadcast 2 from broadcast at DAGScheduler.scala:1200
[2020-07-23 14:59:01,558] {logging_mixin.py:112} INFO - [2020-07-23 14:59:01,557] {spark_submit_hook.py:479} INFO - 20/07/23 14:59:01 INFO DAGScheduler: Submitting 1 missing tasks from ResultStage 1 (MapPartitionsRDD[9] at showString at NativeMethodAccessorImpl.java:0) (first 15 tasks are for partitions Vector(0))
[2020-07-23 14:59:01,558] {logging_mixin.py:112} INFO - [2020-07-23 14:59:01,558] {spark_submit_hook.py:479} INFO - 20/07/23 14:59:01 INFO TaskSchedulerImpl: Adding task set 1.0 with 1 tasks
[2020-07-23 14:59:01,586] {logging_mixin.py:112} INFO - [2020-07-23 14:59:01,584] {spark_submit_hook.py:479} INFO - 20/07/23 14:59:01 INFO TaskSetManager: Starting task 0.0 in stage 1.0 (TID 1, 192.168.43.94, executor driver, partition 0, PROCESS_LOCAL, 7493 bytes)
[2020-07-23 14:59:01,586] {logging_mixin.py:112} INFO - [2020-07-23 14:59:01,586] {spark_submit_hook.py:479} INFO - 20/07/23 14:59:01 INFO Executor: Running task 0.0 in stage 1.0 (TID 1)
[2020-07-23 14:59:01,730] {logging_mixin.py:112} INFO - [2020-07-23 14:59:01,729] {spark_submit_hook.py:479} INFO - 20/07/23 14:59:01 INFO PythonRunner: Times: total = 8, boot = -8237, init = 8245, finish = 0
[2020-07-23 14:59:01,742] {logging_mixin.py:112} INFO - [2020-07-23 14:59:01,742] {spark_submit_hook.py:479} INFO - 20/07/23 14:59:01 INFO Executor: Finished task 0.0 in stage 1.0 (TID 1). 2235 bytes result sent to driver
[2020-07-23 14:59:01,748] {logging_mixin.py:112} INFO - [2020-07-23 14:59:01,748] {spark_submit_hook.py:479} INFO - 20/07/23 14:59:01 INFO TaskSetManager: Finished task 0.0 in stage 1.0 (TID 1) in 187 ms on 192.168.43.94 (executor driver) (1/1)
[2020-07-23 14:59:01,749] {logging_mixin.py:112} INFO - [2020-07-23 14:59:01,749] {spark_submit_hook.py:479} INFO - 20/07/23 14:59:01 INFO TaskSchedulerImpl: Removed TaskSet 1.0, whose tasks have all completed, from pool
[2020-07-23 14:59:01,752] {logging_mixin.py:112} INFO - [2020-07-23 14:59:01,751] {spark_submit_hook.py:479} INFO - 20/07/23 14:59:01 INFO DAGScheduler: ResultStage 1 (showString at NativeMethodAccessorImpl.java:0) finished in 0.241 s
[2020-07-23 14:59:01,752] {logging_mixin.py:112} INFO - [2020-07-23 14:59:01,752] {spark_submit_hook.py:479} INFO - 20/07/23 14:59:01 INFO DAGScheduler: Job 1 is finished. Cancelling potential speculative or zombie tasks for this job
[2020-07-23 14:59:01,753] {logging_mixin.py:112} INFO - [2020-07-23 14:59:01,752] {spark_submit_hook.py:479} INFO - 20/07/23 14:59:01 INFO TaskSchedulerImpl: Killing all running tasks in stage 1: Stage finished
[2020-07-23 14:59:01,753] {logging_mixin.py:112} INFO - [2020-07-23 14:59:01,753] {spark_submit_hook.py:479} INFO - 20/07/23 14:59:01 INFO DAGScheduler: Job 1 finished: showString at NativeMethodAccessorImpl.java:0, took 0.256894 s
[2020-07-23 14:59:01,869] {logging_mixin.py:112} INFO - [2020-07-23 14:59:01,868] {spark_submit_hook.py:479} INFO - 20/07/23 14:59:01 INFO CodeGenerator: Code generated in 55.167673 ms
[2020-07-23 14:59:01,920] {logging_mixin.py:112} INFO - [2020-07-23 14:59:01,920] {spark_submit_hook.py:479} INFO - +------+------------+--------+
[2020-07-23 14:59:01,920] {logging_mixin.py:112} INFO - [2020-07-23 14:59:01,920] {spark_submit_hook.py:479} INFO - |    _1|          _2|      _3|
[2020-07-23 14:59:01,921] {logging_mixin.py:112} INFO - [2020-07-23 14:59:01,920] {spark_submit_hook.py:479} INFO - +------+------------+--------+
[2020-07-23 14:59:01,921] {logging_mixin.py:112} INFO - [2020-07-23 14:59:01,921] {spark_submit_hook.py:479} INFO - |PERSON|JOINING_YEAR| COMPANY|
[2020-07-23 14:59:01,921] {logging_mixin.py:112} INFO - [2020-07-23 14:59:01,921] {spark_submit_hook.py:479} INFO - |  John|        2018|  Google|
[2020-07-23 14:59:01,921] {logging_mixin.py:112} INFO - [2020-07-23 14:59:01,921] {spark_submit_hook.py:479} INFO - |   Sam|        2017|     IBM|
[2020-07-23 14:59:01,921] {logging_mixin.py:112} INFO - [2020-07-23 14:59:01,921] {spark_submit_hook.py:479} INFO - |  Jeff|        2014|   Yahoo|
[2020-07-23 14:59:01,922] {logging_mixin.py:112} INFO - [2020-07-23 14:59:01,922] {spark_submit_hook.py:479} INFO - | Allen|        2015|Facebook|
[2020-07-23 14:59:01,923] {logging_mixin.py:112} INFO - [2020-07-23 14:59:01,923] {spark_submit_hook.py:479} INFO - +------+------------+--------+
[2020-07-23 14:59:01,923] {logging_mixin.py:112} INFO - [2020-07-23 14:59:01,923] {spark_submit_hook.py:479} INFO - 
[2020-07-23 14:59:02,091] {logging_mixin.py:112} INFO - [2020-07-23 14:59:02,091] {spark_submit_hook.py:479} INFO - 20/07/23 14:59:02 INFO SparkContext: Invoking stop() from shutdown hook
[2020-07-23 14:59:02,115] {logging_mixin.py:112} INFO - [2020-07-23 14:59:02,115] {spark_submit_hook.py:479} INFO - 20/07/23 14:59:02 INFO SparkUI: Stopped Spark web UI at http://192.168.43.94:4042
[2020-07-23 14:59:02,156] {logging_mixin.py:112} INFO - [2020-07-23 14:59:02,155] {spark_submit_hook.py:479} INFO - 20/07/23 14:59:02 INFO MapOutputTrackerMasterEndpoint: MapOutputTrackerMasterEndpoint stopped!
[2020-07-23 14:59:02,195] {logging_mixin.py:112} INFO - [2020-07-23 14:59:02,195] {spark_submit_hook.py:479} INFO - 20/07/23 14:59:02 INFO MemoryStore: MemoryStore cleared
[2020-07-23 14:59:02,196] {logging_mixin.py:112} INFO - [2020-07-23 14:59:02,196] {spark_submit_hook.py:479} INFO - 20/07/23 14:59:02 INFO BlockManager: BlockManager stopped
[2020-07-23 14:59:02,252] {logging_mixin.py:112} INFO - [2020-07-23 14:59:02,252] {spark_submit_hook.py:479} INFO - 20/07/23 14:59:02 INFO BlockManagerMaster: BlockManagerMaster stopped
[2020-07-23 14:59:02,259] {logging_mixin.py:112} INFO - [2020-07-23 14:59:02,258] {spark_submit_hook.py:479} INFO - 20/07/23 14:59:02 INFO OutputCommitCoordinator$OutputCommitCoordinatorEndpoint: OutputCommitCoordinator stopped!
[2020-07-23 14:59:02,266] {logging_mixin.py:112} INFO - [2020-07-23 14:59:02,266] {spark_submit_hook.py:479} INFO - 20/07/23 14:59:02 INFO SparkContext: Successfully stopped SparkContext
[2020-07-23 14:59:02,269] {logging_mixin.py:112} INFO - [2020-07-23 14:59:02,268] {spark_submit_hook.py:479} INFO - 20/07/23 14:59:02 INFO ShutdownHookManager: Shutdown hook called
[2020-07-23 14:59:02,271] {logging_mixin.py:112} INFO - [2020-07-23 14:59:02,271] {spark_submit_hook.py:479} INFO - 20/07/23 14:59:02 INFO ShutdownHookManager: Deleting directory /tmp/spark-8ffacc44-b5fa-4e77-ac75-e3679a76430a
[2020-07-23 14:59:02,276] {logging_mixin.py:112} INFO - [2020-07-23 14:59:02,275] {spark_submit_hook.py:479} INFO - 20/07/23 14:59:02 INFO ShutdownHookManager: Deleting directory /tmp/spark-8ffacc44-b5fa-4e77-ac75-e3679a76430a/pyspark-90ece042-af84-4837-a841-532ad4ebbb3a
[2020-07-23 14:59:02,280] {logging_mixin.py:112} INFO - [2020-07-23 14:59:02,279] {spark_submit_hook.py:479} INFO - 20/07/23 14:59:02 INFO ShutdownHookManager: Deleting directory /tmp/spark-54ad2b74-defe-4737-8605-ad4dee52f582
[2020-07-23 14:59:02,365] {taskinstance.py:1052} INFO - Marking task as SUCCESS.dag_id=submit_data, task_id=spark_submit, execution_date=20200721T002000, start_date=20200723T092838, end_date=20200723T092902
[2020-07-23 14:59:03,903] {logging_mixin.py:112} INFO - [2020-07-23 14:59:03,902] {local_task_job.py:103} INFO - Task exited with return code 0
