[2020-07-22 18:26:08,756] {taskinstance.py:669} INFO - Dependencies all met for <TaskInstance: submit_data.spark_submit 2020-07-20T09:11:00+00:00 [queued]>
[2020-07-22 18:26:08,771] {taskinstance.py:669} INFO - Dependencies all met for <TaskInstance: submit_data.spark_submit 2020-07-20T09:11:00+00:00 [queued]>
[2020-07-22 18:26:08,771] {taskinstance.py:879} INFO - 
--------------------------------------------------------------------------------
[2020-07-22 18:26:08,771] {taskinstance.py:880} INFO - Starting attempt 1 of 1
[2020-07-22 18:26:08,771] {taskinstance.py:881} INFO - 
--------------------------------------------------------------------------------
[2020-07-22 18:26:08,927] {taskinstance.py:900} INFO - Executing <Task(SparkSubmitOperator): spark_submit> on 2020-07-20T09:11:00+00:00
[2020-07-22 18:26:08,932] {standard_task_runner.py:53} INFO - Started process 728498 to run task
[2020-07-22 18:26:09,180] {logging_mixin.py:112} INFO - Running %s on host %s <TaskInstance: submit_data.spark_submit 2020-07-20T09:11:00+00:00 [running]> bhakti-Vostro-3558
[2020-07-22 18:26:09,238] {logging_mixin.py:112} INFO - [2020-07-22 18:26:09,237] {base_hook.py:87} INFO - Using connection to: id: spark_local. Host: local, Port: None, Schema: None, Login: None, Password: None, extra: None
[2020-07-22 18:26:09,240] {logging_mixin.py:112} INFO - [2020-07-22 18:26:09,239] {spark_submit_hook.py:325} INFO - Spark-Submit cmd: spark-submit --master local --name airflow-spark /home/bhakti/airflow/spark_jobs/spark_test.py
[2020-07-22 18:26:11,647] {logging_mixin.py:112} INFO - [2020-07-22 18:26:11,647] {spark_submit_hook.py:479} INFO - 20/07/22 18:26:11 WARN Utils: Your hostname, bhakti-Vostro-3558 resolves to a loopback address: 127.0.1.1; using 192.168.43.94 instead (on interface wlp6s0)
[2020-07-22 18:26:11,649] {logging_mixin.py:112} INFO - [2020-07-22 18:26:11,649] {spark_submit_hook.py:479} INFO - 20/07/22 18:26:11 WARN Utils: Set SPARK_LOCAL_IP if you need to bind to another address
[2020-07-22 18:26:13,820] {logging_mixin.py:112} INFO - [2020-07-22 18:26:13,820] {spark_submit_hook.py:479} INFO - 20/07/22 18:26:13 WARN NativeCodeLoader: Unable to load native-hadoop library for your platform... using builtin-java classes where applicable
[2020-07-22 18:26:15,831] {logging_mixin.py:112} INFO - [2020-07-22 18:26:15,830] {spark_submit_hook.py:479} INFO - Using Spark's default log4j profile: org/apache/spark/log4j-defaults.properties
[2020-07-22 18:26:15,845] {logging_mixin.py:112} INFO - [2020-07-22 18:26:15,844] {spark_submit_hook.py:479} INFO - 20/07/22 18:26:15 INFO SparkContext: Running Spark version 3.0.0
[2020-07-22 18:26:15,920] {logging_mixin.py:112} INFO - [2020-07-22 18:26:15,920] {spark_submit_hook.py:479} INFO - 20/07/22 18:26:15 INFO ResourceUtils: ==============================================================
[2020-07-22 18:26:15,923] {logging_mixin.py:112} INFO - [2020-07-22 18:26:15,922] {spark_submit_hook.py:479} INFO - 20/07/22 18:26:15 INFO ResourceUtils: Resources for spark.driver:
[2020-07-22 18:26:15,923] {logging_mixin.py:112} INFO - [2020-07-22 18:26:15,923] {spark_submit_hook.py:479} INFO - 
[2020-07-22 18:26:15,923] {logging_mixin.py:112} INFO - [2020-07-22 18:26:15,923] {spark_submit_hook.py:479} INFO - 20/07/22 18:26:15 INFO ResourceUtils: ==============================================================
[2020-07-22 18:26:15,925] {logging_mixin.py:112} INFO - [2020-07-22 18:26:15,924] {spark_submit_hook.py:479} INFO - 20/07/22 18:26:15 INFO SparkContext: Submitted application: Spark_Test_Python
[2020-07-22 18:26:16,031] {logging_mixin.py:112} INFO - [2020-07-22 18:26:16,030] {spark_submit_hook.py:479} INFO - 20/07/22 18:26:16 INFO SecurityManager: Changing view acls to: bhakti
[2020-07-22 18:26:16,031] {logging_mixin.py:112} INFO - [2020-07-22 18:26:16,031] {spark_submit_hook.py:479} INFO - 20/07/22 18:26:16 INFO SecurityManager: Changing modify acls to: bhakti
[2020-07-22 18:26:16,031] {logging_mixin.py:112} INFO - [2020-07-22 18:26:16,031] {spark_submit_hook.py:479} INFO - 20/07/22 18:26:16 INFO SecurityManager: Changing view acls groups to:
[2020-07-22 18:26:16,032] {logging_mixin.py:112} INFO - [2020-07-22 18:26:16,031] {spark_submit_hook.py:479} INFO - 20/07/22 18:26:16 INFO SecurityManager: Changing modify acls groups to:
[2020-07-22 18:26:16,032] {logging_mixin.py:112} INFO - [2020-07-22 18:26:16,032] {spark_submit_hook.py:479} INFO - 20/07/22 18:26:16 INFO SecurityManager: SecurityManager: authentication disabled; ui acls disabled; users  with view permissions: Set(bhakti); groups with view permissions: Set(); users  with modify permissions: Set(bhakti); groups with modify permissions: Set()
[2020-07-22 18:26:16,500] {logging_mixin.py:112} INFO - [2020-07-22 18:26:16,499] {spark_submit_hook.py:479} INFO - 20/07/22 18:26:16 INFO Utils: Successfully started service 'sparkDriver' on port 36705.
[2020-07-22 18:26:16,541] {logging_mixin.py:112} INFO - [2020-07-22 18:26:16,541] {spark_submit_hook.py:479} INFO - 20/07/22 18:26:16 INFO SparkEnv: Registering MapOutputTracker
[2020-07-22 18:26:16,599] {logging_mixin.py:112} INFO - [2020-07-22 18:26:16,598] {spark_submit_hook.py:479} INFO - 20/07/22 18:26:16 INFO SparkEnv: Registering BlockManagerMaster
[2020-07-22 18:26:16,635] {logging_mixin.py:112} INFO - [2020-07-22 18:26:16,635] {spark_submit_hook.py:479} INFO - 20/07/22 18:26:16 INFO BlockManagerMasterEndpoint: Using org.apache.spark.storage.DefaultTopologyMapper for getting topology information
[2020-07-22 18:26:16,637] {logging_mixin.py:112} INFO - [2020-07-22 18:26:16,636] {spark_submit_hook.py:479} INFO - 20/07/22 18:26:16 INFO BlockManagerMasterEndpoint: BlockManagerMasterEndpoint up
[2020-07-22 18:26:16,645] {logging_mixin.py:112} INFO - [2020-07-22 18:26:16,644] {spark_submit_hook.py:479} INFO - 20/07/22 18:26:16 INFO SparkEnv: Registering BlockManagerMasterHeartbeat
[2020-07-22 18:26:16,669] {logging_mixin.py:112} INFO - [2020-07-22 18:26:16,669] {spark_submit_hook.py:479} INFO - 20/07/22 18:26:16 INFO DiskBlockManager: Created local directory at /tmp/blockmgr-26e67331-c355-4bfa-92ee-504f6bf23902
[2020-07-22 18:26:16,704] {logging_mixin.py:112} INFO - [2020-07-22 18:26:16,704] {spark_submit_hook.py:479} INFO - 20/07/22 18:26:16 INFO MemoryStore: MemoryStore started with capacity 366.3 MiB
[2020-07-22 18:26:16,732] {logging_mixin.py:112} INFO - [2020-07-22 18:26:16,732] {spark_submit_hook.py:479} INFO - 20/07/22 18:26:16 INFO SparkEnv: Registering OutputCommitCoordinator
[2020-07-22 18:26:17,101] {logging_mixin.py:112} INFO - [2020-07-22 18:26:17,100] {spark_submit_hook.py:479} INFO - 20/07/22 18:26:17 INFO Utils: Successfully started service 'SparkUI' on port 4040.
[2020-07-22 18:26:17,209] {logging_mixin.py:112} INFO - [2020-07-22 18:26:17,209] {spark_submit_hook.py:479} INFO - 20/07/22 18:26:17 INFO SparkUI: Bound SparkUI to 0.0.0.0, and started at http://192.168.43.94:4040
[2020-07-22 18:26:17,742] {logging_mixin.py:112} INFO - [2020-07-22 18:26:17,741] {spark_submit_hook.py:479} INFO - 20/07/22 18:26:17 INFO Executor: Starting executor ID driver on host 192.168.43.94
[2020-07-22 18:26:17,808] {logging_mixin.py:112} INFO - [2020-07-22 18:26:17,808] {spark_submit_hook.py:479} INFO - 20/07/22 18:26:17 INFO Utils: Successfully started service 'org.apache.spark.network.netty.NettyBlockTransferService' on port 46497.
[2020-07-22 18:26:17,810] {logging_mixin.py:112} INFO - [2020-07-22 18:26:17,810] {spark_submit_hook.py:479} INFO - 20/07/22 18:26:17 INFO NettyBlockTransferService: Server created on 192.168.43.94:46497
[2020-07-22 18:26:17,813] {logging_mixin.py:112} INFO - [2020-07-22 18:26:17,813] {spark_submit_hook.py:479} INFO - 20/07/22 18:26:17 INFO BlockManager: Using org.apache.spark.storage.RandomBlockReplicationPolicy for block replication policy
[2020-07-22 18:26:17,831] {logging_mixin.py:112} INFO - [2020-07-22 18:26:17,831] {spark_submit_hook.py:479} INFO - 20/07/22 18:26:17 INFO BlockManagerMaster: Registering BlockManager BlockManagerId(driver, 192.168.43.94, 46497, None)
[2020-07-22 18:26:17,841] {logging_mixin.py:112} INFO - [2020-07-22 18:26:17,841] {spark_submit_hook.py:479} INFO - 20/07/22 18:26:17 INFO BlockManagerMasterEndpoint: Registering block manager 192.168.43.94:46497 with 366.3 MiB RAM, BlockManagerId(driver, 192.168.43.94, 46497, None)
[2020-07-22 18:26:17,847] {logging_mixin.py:112} INFO - [2020-07-22 18:26:17,847] {spark_submit_hook.py:479} INFO - 20/07/22 18:26:17 INFO BlockManagerMaster: Registered BlockManager BlockManagerId(driver, 192.168.43.94, 46497, None)
[2020-07-22 18:26:17,850] {logging_mixin.py:112} INFO - [2020-07-22 18:26:17,850] {spark_submit_hook.py:479} INFO - 20/07/22 18:26:17 INFO BlockManager: Initialized BlockManager: BlockManagerId(driver, 192.168.43.94, 46497, None)
[2020-07-22 18:26:19,468] {logging_mixin.py:112} INFO - [2020-07-22 18:26:19,468] {spark_submit_hook.py:479} INFO - 20/07/22 18:26:19 INFO MemoryStore: Block broadcast_0 stored as values in memory (estimated size 241.5 KiB, free 366.1 MiB)
[2020-07-22 18:26:19,626] {logging_mixin.py:112} INFO - [2020-07-22 18:26:19,626] {spark_submit_hook.py:479} INFO - 20/07/22 18:26:19 INFO MemoryStore: Block broadcast_0_piece0 stored as bytes in memory (estimated size 23.4 KiB, free 366.0 MiB)
[2020-07-22 18:26:19,634] {logging_mixin.py:112} INFO - [2020-07-22 18:26:19,634] {spark_submit_hook.py:479} INFO - 20/07/22 18:26:19 INFO BlockManagerInfo: Added broadcast_0_piece0 in memory on 192.168.43.94:46497 (size: 23.4 KiB, free: 366.3 MiB)
[2020-07-22 18:26:19,643] {logging_mixin.py:112} INFO - [2020-07-22 18:26:19,643] {spark_submit_hook.py:479} INFO - 20/07/22 18:26:19 INFO SparkContext: Created broadcast 0 from textFile at NativeMethodAccessorImpl.java:0
[2020-07-22 18:26:19,947] {logging_mixin.py:112} INFO - [2020-07-22 18:26:19,947] {spark_submit_hook.py:479} INFO - 20/07/22 18:26:19 INFO FileInputFormat: Total input paths to process : 1
[2020-07-22 18:26:20,092] {logging_mixin.py:112} INFO - [2020-07-22 18:26:20,092] {spark_submit_hook.py:479} INFO - 20/07/22 18:26:20 INFO SparkContext: Starting job: collect at /home/bhakti/airflow/spark_jobs/spark_test.py:8
[2020-07-22 18:26:20,112] {logging_mixin.py:112} INFO - [2020-07-22 18:26:20,112] {spark_submit_hook.py:479} INFO - 20/07/22 18:26:20 INFO DAGScheduler: Got job 0 (collect at /home/bhakti/airflow/spark_jobs/spark_test.py:8) with 1 output partitions
[2020-07-22 18:26:20,113] {logging_mixin.py:112} INFO - [2020-07-22 18:26:20,113] {spark_submit_hook.py:479} INFO - 20/07/22 18:26:20 INFO DAGScheduler: Final stage: ResultStage 0 (collect at /home/bhakti/airflow/spark_jobs/spark_test.py:8)
[2020-07-22 18:26:20,114] {logging_mixin.py:112} INFO - [2020-07-22 18:26:20,114] {spark_submit_hook.py:479} INFO - 20/07/22 18:26:20 INFO DAGScheduler: Parents of final stage: List()
[2020-07-22 18:26:20,116] {logging_mixin.py:112} INFO - [2020-07-22 18:26:20,116] {spark_submit_hook.py:479} INFO - 20/07/22 18:26:20 INFO DAGScheduler: Missing parents: List()
[2020-07-22 18:26:20,125] {logging_mixin.py:112} INFO - [2020-07-22 18:26:20,125] {spark_submit_hook.py:479} INFO - 20/07/22 18:26:20 INFO DAGScheduler: Submitting ResultStage 0 (PythonRDD[2] at collect at /home/bhakti/airflow/spark_jobs/spark_test.py:8), which has no missing parents
[2020-07-22 18:26:20,160] {logging_mixin.py:112} INFO - [2020-07-22 18:26:20,160] {spark_submit_hook.py:479} INFO - 20/07/22 18:26:20 INFO MemoryStore: Block broadcast_1 stored as values in memory (estimated size 7.4 KiB, free 366.0 MiB)
[2020-07-22 18:26:20,164] {logging_mixin.py:112} INFO - [2020-07-22 18:26:20,164] {spark_submit_hook.py:479} INFO - 20/07/22 18:26:20 INFO MemoryStore: Block broadcast_1_piece0 stored as bytes in memory (estimated size 4.4 KiB, free 366.0 MiB)
[2020-07-22 18:26:20,165] {logging_mixin.py:112} INFO - [2020-07-22 18:26:20,165] {spark_submit_hook.py:479} INFO - 20/07/22 18:26:20 INFO BlockManagerInfo: Added broadcast_1_piece0 in memory on 192.168.43.94:46497 (size: 4.4 KiB, free: 366.3 MiB)
[2020-07-22 18:26:20,167] {logging_mixin.py:112} INFO - [2020-07-22 18:26:20,167] {spark_submit_hook.py:479} INFO - 20/07/22 18:26:20 INFO SparkContext: Created broadcast 1 from broadcast at DAGScheduler.scala:1200
[2020-07-22 18:26:20,190] {logging_mixin.py:112} INFO - [2020-07-22 18:26:20,189] {spark_submit_hook.py:479} INFO - 20/07/22 18:26:20 INFO DAGScheduler: Submitting 1 missing tasks from ResultStage 0 (PythonRDD[2] at collect at /home/bhakti/airflow/spark_jobs/spark_test.py:8) (first 15 tasks are for partitions Vector(0))
[2020-07-22 18:26:20,192] {logging_mixin.py:112} INFO - [2020-07-22 18:26:20,191] {spark_submit_hook.py:479} INFO - 20/07/22 18:26:20 INFO TaskSchedulerImpl: Adding task set 0.0 with 1 tasks
[2020-07-22 18:26:20,318] {logging_mixin.py:112} INFO - [2020-07-22 18:26:20,317] {spark_submit_hook.py:479} INFO - 20/07/22 18:26:20 INFO TaskSetManager: Starting task 0.0 in stage 0.0 (TID 0, 192.168.43.94, executor driver, partition 0, PROCESS_LOCAL, 7388 bytes)
[2020-07-22 18:26:20,353] {logging_mixin.py:112} INFO - [2020-07-22 18:26:20,353] {spark_submit_hook.py:479} INFO - 20/07/22 18:26:20 INFO Executor: Running task 0.0 in stage 0.0 (TID 0)
[2020-07-22 18:26:21,081] {logging_mixin.py:112} INFO - [2020-07-22 18:26:21,081] {spark_submit_hook.py:479} INFO - 20/07/22 18:26:21 INFO HadoopRDD: Input split: file:/home/bhakti/airflow/input_data/sample.csv:0+93
[2020-07-22 18:26:21,849] {logging_mixin.py:112} INFO - [2020-07-22 18:26:21,849] {spark_submit_hook.py:479} INFO - 20/07/22 18:26:21 INFO PythonRunner: Times: total = 731, boot = 712, init = 19, finish = 0
[2020-07-22 18:26:21,887] {logging_mixin.py:112} INFO - [2020-07-22 18:26:21,886] {spark_submit_hook.py:479} INFO - 20/07/22 18:26:21 INFO Executor: Finished task 0.0 in stage 0.0 (TID 0). 1779 bytes result sent to driver
[2020-07-22 18:26:21,905] {logging_mixin.py:112} INFO - [2020-07-22 18:26:21,904] {spark_submit_hook.py:479} INFO - 20/07/22 18:26:21 INFO TaskSetManager: Finished task 0.0 in stage 0.0 (TID 0) in 1618 ms on 192.168.43.94 (executor driver) (1/1)
[2020-07-22 18:26:21,909] {logging_mixin.py:112} INFO - [2020-07-22 18:26:21,909] {spark_submit_hook.py:479} INFO - 20/07/22 18:26:21 INFO TaskSchedulerImpl: Removed TaskSet 0.0, whose tasks have all completed, from pool
[2020-07-22 18:26:21,914] {logging_mixin.py:112} INFO - [2020-07-22 18:26:21,913] {spark_submit_hook.py:479} INFO - 20/07/22 18:26:21 INFO PythonAccumulatorV2: Connected to AccumulatorServer at host: 127.0.0.1 port: 60397
[2020-07-22 18:26:21,921] {logging_mixin.py:112} INFO - [2020-07-22 18:26:21,921] {spark_submit_hook.py:479} INFO - 20/07/22 18:26:21 INFO DAGScheduler: ResultStage 0 (collect at /home/bhakti/airflow/spark_jobs/spark_test.py:8) finished in 1.767 s
[2020-07-22 18:26:21,931] {logging_mixin.py:112} INFO - [2020-07-22 18:26:21,930] {spark_submit_hook.py:479} INFO - 20/07/22 18:26:21 INFO DAGScheduler: Job 0 is finished. Cancelling potential speculative or zombie tasks for this job
[2020-07-22 18:26:21,932] {logging_mixin.py:112} INFO - [2020-07-22 18:26:21,931] {spark_submit_hook.py:479} INFO - 20/07/22 18:26:21 INFO TaskSchedulerImpl: Killing all running tasks in stage 0: Stage finished
[2020-07-22 18:26:21,940] {logging_mixin.py:112} INFO - [2020-07-22 18:26:21,940] {spark_submit_hook.py:479} INFO - 20/07/22 18:26:21 INFO DAGScheduler: Job 0 finished: collect at /home/bhakti/airflow/spark_jobs/spark_test.py:8, took 1.842504 s
[2020-07-22 18:26:21,949] {logging_mixin.py:112} INFO - [2020-07-22 18:26:21,949] {spark_submit_hook.py:479} INFO - [('PERSON', 'JOINING_YEAR', 'COMPANY'), ('John', '2018', 'Google'), ('Sam', '2017', 'IBM'), ('Jeff', '2014', 'Yahoo'), ('Allen', '2015', 'Facebook')]
[2020-07-22 18:26:22,514] {logging_mixin.py:112} INFO - [2020-07-22 18:26:22,513] {spark_submit_hook.py:479} INFO - 20/07/22 18:26:22 INFO BlockManagerInfo: Removed broadcast_1_piece0 on 192.168.43.94:46497 in memory (size: 4.4 KiB, free: 366.3 MiB)
[2020-07-22 18:26:22,529] {logging_mixin.py:112} INFO - [2020-07-22 18:26:22,529] {spark_submit_hook.py:479} INFO - 20/07/22 18:26:22 INFO BlockManagerInfo: Removed broadcast_0_piece0 on 192.168.43.94:46497 in memory (size: 23.4 KiB, free: 366.3 MiB)
[2020-07-22 18:26:22,790] {logging_mixin.py:112} INFO - [2020-07-22 18:26:22,789] {spark_submit_hook.py:479} INFO - 20/07/22 18:26:22 INFO SharedState: Setting hive.metastore.warehouse.dir ('null') to the value of spark.sql.warehouse.dir ('file:/home/bhakti/airflow/spark-warehouse').
[2020-07-22 18:26:22,791] {logging_mixin.py:112} INFO - [2020-07-22 18:26:22,791] {spark_submit_hook.py:479} INFO - 20/07/22 18:26:22 INFO SharedState: Warehouse path is 'file:/home/bhakti/airflow/spark-warehouse'.
[2020-07-22 18:26:27,904] {logging_mixin.py:112} INFO - [2020-07-22 18:26:27,903] {spark_submit_hook.py:479} INFO - 20/07/22 18:26:27 INFO CodeGenerator: Code generated in 622.621188 ms
[2020-07-22 18:26:28,058] {logging_mixin.py:112} INFO - [2020-07-22 18:26:28,057] {spark_submit_hook.py:479} INFO - 20/07/22 18:26:28 INFO SparkContext: Starting job: showString at NativeMethodAccessorImpl.java:0
[2020-07-22 18:26:28,066] {logging_mixin.py:112} INFO - [2020-07-22 18:26:28,065] {spark_submit_hook.py:479} INFO - 20/07/22 18:26:28 INFO DAGScheduler: Got job 1 (showString at NativeMethodAccessorImpl.java:0) with 1 output partitions
[2020-07-22 18:26:28,072] {logging_mixin.py:112} INFO - [2020-07-22 18:26:28,071] {spark_submit_hook.py:479} INFO - 20/07/22 18:26:28 INFO DAGScheduler: Final stage: ResultStage 1 (showString at NativeMethodAccessorImpl.java:0)
[2020-07-22 18:26:28,072] {logging_mixin.py:112} INFO - [2020-07-22 18:26:28,072] {spark_submit_hook.py:479} INFO - 20/07/22 18:26:28 INFO DAGScheduler: Parents of final stage: List()
[2020-07-22 18:26:28,072] {logging_mixin.py:112} INFO - [2020-07-22 18:26:28,072] {spark_submit_hook.py:479} INFO - 20/07/22 18:26:28 INFO DAGScheduler: Missing parents: List()
[2020-07-22 18:26:28,084] {logging_mixin.py:112} INFO - [2020-07-22 18:26:28,075] {spark_submit_hook.py:479} INFO - 20/07/22 18:26:28 INFO DAGScheduler: Submitting ResultStage 1 (MapPartitionsRDD[9] at showString at NativeMethodAccessorImpl.java:0), which has no missing parents
[2020-07-22 18:26:28,177] {logging_mixin.py:112} INFO - [2020-07-22 18:26:28,176] {spark_submit_hook.py:479} INFO - 20/07/22 18:26:28 INFO MemoryStore: Block broadcast_2 stored as values in memory (estimated size 11.2 KiB, free 366.3 MiB)
[2020-07-22 18:26:28,194] {logging_mixin.py:112} INFO - [2020-07-22 18:26:28,193] {spark_submit_hook.py:479} INFO - 20/07/22 18:26:28 INFO MemoryStore: Block broadcast_2_piece0 stored as bytes in memory (estimated size 5.8 KiB, free 366.3 MiB)
[2020-07-22 18:26:28,196] {logging_mixin.py:112} INFO - [2020-07-22 18:26:28,196] {spark_submit_hook.py:479} INFO - 20/07/22 18:26:28 INFO BlockManagerInfo: Added broadcast_2_piece0 in memory on 192.168.43.94:46497 (size: 5.8 KiB, free: 366.3 MiB)
[2020-07-22 18:26:28,201] {logging_mixin.py:112} INFO - [2020-07-22 18:26:28,200] {spark_submit_hook.py:479} INFO - 20/07/22 18:26:28 INFO SparkContext: Created broadcast 2 from broadcast at DAGScheduler.scala:1200
[2020-07-22 18:26:28,218] {logging_mixin.py:112} INFO - [2020-07-22 18:26:28,218] {spark_submit_hook.py:479} INFO - 20/07/22 18:26:28 INFO DAGScheduler: Submitting 1 missing tasks from ResultStage 1 (MapPartitionsRDD[9] at showString at NativeMethodAccessorImpl.java:0) (first 15 tasks are for partitions Vector(0))
[2020-07-22 18:26:28,219] {logging_mixin.py:112} INFO - [2020-07-22 18:26:28,219] {spark_submit_hook.py:479} INFO - 20/07/22 18:26:28 INFO TaskSchedulerImpl: Adding task set 1.0 with 1 tasks
[2020-07-22 18:26:28,296] {logging_mixin.py:112} INFO - [2020-07-22 18:26:28,296] {spark_submit_hook.py:479} INFO - 20/07/22 18:26:28 INFO TaskSetManager: Starting task 0.0 in stage 1.0 (TID 1, 192.168.43.94, executor driver, partition 0, PROCESS_LOCAL, 7493 bytes)
[2020-07-22 18:26:28,308] {logging_mixin.py:112} INFO - [2020-07-22 18:26:28,308] {spark_submit_hook.py:479} INFO - 20/07/22 18:26:28 INFO Executor: Running task 0.0 in stage 1.0 (TID 1)
[2020-07-22 18:26:28,563] {logging_mixin.py:112} INFO - [2020-07-22 18:26:28,563] {spark_submit_hook.py:479} INFO - 20/07/22 18:26:28 INFO PythonRunner: Times: total = 9, boot = -6638, init = 6646, finish = 1
[2020-07-22 18:26:28,571] {logging_mixin.py:112} INFO - [2020-07-22 18:26:28,570] {spark_submit_hook.py:479} INFO - 20/07/22 18:26:28 INFO Executor: Finished task 0.0 in stage 1.0 (TID 1). 2235 bytes result sent to driver
[2020-07-22 18:26:28,585] {logging_mixin.py:112} INFO - [2020-07-22 18:26:28,585] {spark_submit_hook.py:479} INFO - 20/07/22 18:26:28 INFO TaskSetManager: Finished task 0.0 in stage 1.0 (TID 1) in 356 ms on 192.168.43.94 (executor driver) (1/1)
[2020-07-22 18:26:28,586] {logging_mixin.py:112} INFO - [2020-07-22 18:26:28,586] {spark_submit_hook.py:479} INFO - 20/07/22 18:26:28 INFO TaskSchedulerImpl: Removed TaskSet 1.0, whose tasks have all completed, from pool
[2020-07-22 18:26:28,589] {logging_mixin.py:112} INFO - [2020-07-22 18:26:28,588] {spark_submit_hook.py:479} INFO - 20/07/22 18:26:28 INFO DAGScheduler: ResultStage 1 (showString at NativeMethodAccessorImpl.java:0) finished in 0.508 s
[2020-07-22 18:26:28,589] {logging_mixin.py:112} INFO - [2020-07-22 18:26:28,589] {spark_submit_hook.py:479} INFO - 20/07/22 18:26:28 INFO DAGScheduler: Job 1 is finished. Cancelling potential speculative or zombie tasks for this job
[2020-07-22 18:26:28,595] {logging_mixin.py:112} INFO - [2020-07-22 18:26:28,595] {spark_submit_hook.py:479} INFO - 20/07/22 18:26:28 INFO TaskSchedulerImpl: Killing all running tasks in stage 1: Stage finished
[2020-07-22 18:26:28,600] {logging_mixin.py:112} INFO - [2020-07-22 18:26:28,600] {spark_submit_hook.py:479} INFO - 20/07/22 18:26:28 INFO DAGScheduler: Job 1 finished: showString at NativeMethodAccessorImpl.java:0, took 0.540678 s
[2020-07-22 18:26:28,765] {logging_mixin.py:112} INFO - [2020-07-22 18:26:28,765] {spark_submit_hook.py:479} INFO - 20/07/22 18:26:28 INFO CodeGenerator: Code generated in 76.52747 ms
[2020-07-22 18:26:28,791] {logging_mixin.py:112} INFO - [2020-07-22 18:26:28,791] {spark_submit_hook.py:479} INFO - +------+------------+--------+
[2020-07-22 18:26:28,791] {logging_mixin.py:112} INFO - [2020-07-22 18:26:28,791] {spark_submit_hook.py:479} INFO - |    _1|          _2|      _3|
[2020-07-22 18:26:28,792] {logging_mixin.py:112} INFO - [2020-07-22 18:26:28,792] {spark_submit_hook.py:479} INFO - +------+------------+--------+
[2020-07-22 18:26:28,792] {logging_mixin.py:112} INFO - [2020-07-22 18:26:28,792] {spark_submit_hook.py:479} INFO - |PERSON|JOINING_YEAR| COMPANY|
[2020-07-22 18:26:28,792] {logging_mixin.py:112} INFO - [2020-07-22 18:26:28,792] {spark_submit_hook.py:479} INFO - |  John|        2018|  Google|
[2020-07-22 18:26:28,792] {logging_mixin.py:112} INFO - [2020-07-22 18:26:28,792] {spark_submit_hook.py:479} INFO - |   Sam|        2017|     IBM|
[2020-07-22 18:26:28,793] {logging_mixin.py:112} INFO - [2020-07-22 18:26:28,792] {spark_submit_hook.py:479} INFO - |  Jeff|        2014|   Yahoo|
[2020-07-22 18:26:28,793] {logging_mixin.py:112} INFO - [2020-07-22 18:26:28,793] {spark_submit_hook.py:479} INFO - | Allen|        2015|Facebook|
[2020-07-22 18:26:28,793] {logging_mixin.py:112} INFO - [2020-07-22 18:26:28,793] {spark_submit_hook.py:479} INFO - +------+------------+--------+
[2020-07-22 18:26:28,793] {logging_mixin.py:112} INFO - [2020-07-22 18:26:28,793] {spark_submit_hook.py:479} INFO - 
[2020-07-22 18:26:28,914] {logging_mixin.py:112} INFO - [2020-07-22 18:26:28,914] {spark_submit_hook.py:479} INFO - 20/07/22 18:26:28 INFO SparkContext: Invoking stop() from shutdown hook
[2020-07-22 18:26:28,929] {logging_mixin.py:112} INFO - [2020-07-22 18:26:28,929] {spark_submit_hook.py:479} INFO - 20/07/22 18:26:28 INFO SparkUI: Stopped Spark web UI at http://192.168.43.94:4040
[2020-07-22 18:26:28,962] {logging_mixin.py:112} INFO - [2020-07-22 18:26:28,961] {spark_submit_hook.py:479} INFO - 20/07/22 18:26:28 INFO MapOutputTrackerMasterEndpoint: MapOutputTrackerMasterEndpoint stopped!
[2020-07-22 18:26:28,981] {logging_mixin.py:112} INFO - [2020-07-22 18:26:28,981] {spark_submit_hook.py:479} INFO - 20/07/22 18:26:28 INFO MemoryStore: MemoryStore cleared
[2020-07-22 18:26:28,984] {logging_mixin.py:112} INFO - [2020-07-22 18:26:28,983] {spark_submit_hook.py:479} INFO - 20/07/22 18:26:28 INFO BlockManager: BlockManager stopped
[2020-07-22 18:26:28,992] {logging_mixin.py:112} INFO - [2020-07-22 18:26:28,992] {spark_submit_hook.py:479} INFO - 20/07/22 18:26:28 INFO BlockManagerMaster: BlockManagerMaster stopped
[2020-07-22 18:26:28,999] {logging_mixin.py:112} INFO - [2020-07-22 18:26:28,999] {spark_submit_hook.py:479} INFO - 20/07/22 18:26:28 INFO OutputCommitCoordinator$OutputCommitCoordinatorEndpoint: OutputCommitCoordinator stopped!
[2020-07-22 18:26:29,017] {logging_mixin.py:112} INFO - [2020-07-22 18:26:29,017] {spark_submit_hook.py:479} INFO - 20/07/22 18:26:29 INFO SparkContext: Successfully stopped SparkContext
[2020-07-22 18:26:29,017] {logging_mixin.py:112} INFO - [2020-07-22 18:26:29,017] {spark_submit_hook.py:479} INFO - 20/07/22 18:26:29 INFO ShutdownHookManager: Shutdown hook called
[2020-07-22 18:26:29,018] {logging_mixin.py:112} INFO - [2020-07-22 18:26:29,018] {spark_submit_hook.py:479} INFO - 20/07/22 18:26:29 INFO ShutdownHookManager: Deleting directory /tmp/spark-9657d0eb-9541-4d6a-912a-be6a8e7c042e/pyspark-62a88ed8-e2e0-45bd-8a60-f3e48a96d222
[2020-07-22 18:26:29,031] {logging_mixin.py:112} INFO - [2020-07-22 18:26:29,031] {spark_submit_hook.py:479} INFO - 20/07/22 18:26:29 INFO ShutdownHookManager: Deleting directory /tmp/spark-cdfe89b2-88d1-4266-84e2-83cf36f54424
[2020-07-22 18:26:29,038] {logging_mixin.py:112} INFO - [2020-07-22 18:26:29,038] {spark_submit_hook.py:479} INFO - 20/07/22 18:26:29 INFO ShutdownHookManager: Deleting directory /tmp/spark-9657d0eb-9541-4d6a-912a-be6a8e7c042e
[2020-07-22 18:26:29,179] {taskinstance.py:1052} INFO - Marking task as SUCCESS.dag_id=submit_data, task_id=spark_submit, execution_date=20200720T091100, start_date=20200722T125608, end_date=20200722T125629
[2020-07-22 18:26:34,120] {logging_mixin.py:112} INFO - [2020-07-22 18:26:34,119] {local_task_job.py:103} INFO - Task exited with return code 0
