[2020-07-23 15:52:01,818] {taskinstance.py:669} INFO - Dependencies all met for <TaskInstance: submit_data.spark_submit 2020-07-21T01:36:00+00:00 [queued]>
[2020-07-23 15:52:01,834] {taskinstance.py:669} INFO - Dependencies all met for <TaskInstance: submit_data.spark_submit 2020-07-21T01:36:00+00:00 [queued]>
[2020-07-23 15:52:01,834] {taskinstance.py:879} INFO - 
--------------------------------------------------------------------------------
[2020-07-23 15:52:01,834] {taskinstance.py:880} INFO - Starting attempt 1 of 1
[2020-07-23 15:52:01,834] {taskinstance.py:881} INFO - 
--------------------------------------------------------------------------------
[2020-07-23 15:52:02,035] {taskinstance.py:900} INFO - Executing <Task(SparkSubmitOperator): spark_submit> on 2020-07-21T01:36:00+00:00
[2020-07-23 15:52:02,039] {standard_task_runner.py:53} INFO - Started process 300593 to run task
[2020-07-23 15:52:02,274] {logging_mixin.py:112} INFO - Running %s on host %s <TaskInstance: submit_data.spark_submit 2020-07-21T01:36:00+00:00 [running]> bhakti-Vostro-3558
[2020-07-23 15:52:02,314] {logging_mixin.py:112} INFO - [2020-07-23 15:52:02,314] {base_hook.py:87} INFO - Using connection to: id: spark_local. Host: local, Port: None, Schema: None, Login: None, Password: None, extra: None
[2020-07-23 15:52:02,316] {logging_mixin.py:112} INFO - [2020-07-23 15:52:02,316] {spark_submit_hook.py:325} INFO - Spark-Submit cmd: spark-submit --master local --name airflow-spark /home/bhakti/airflow/spark_jobs/spark_test.py
[2020-07-23 15:52:05,356] {logging_mixin.py:112} INFO - [2020-07-23 15:52:05,356] {spark_submit_hook.py:479} INFO - 20/07/23 15:52:05 WARN Utils: Your hostname, bhakti-Vostro-3558 resolves to a loopback address: 127.0.1.1; using 192.168.43.94 instead (on interface wlp6s0)
[2020-07-23 15:52:05,360] {logging_mixin.py:112} INFO - [2020-07-23 15:52:05,359] {spark_submit_hook.py:479} INFO - 20/07/23 15:52:05 WARN Utils: Set SPARK_LOCAL_IP if you need to bind to another address
[2020-07-23 15:52:07,231] {logging_mixin.py:112} INFO - [2020-07-23 15:52:07,231] {spark_submit_hook.py:479} INFO - 20/07/23 15:52:07 WARN NativeCodeLoader: Unable to load native-hadoop library for your platform... using builtin-java classes where applicable
[2020-07-23 15:52:09,320] {logging_mixin.py:112} INFO - [2020-07-23 15:52:09,319] {spark_submit_hook.py:479} INFO - Using Spark's default log4j profile: org/apache/spark/log4j-defaults.properties
[2020-07-23 15:52:09,362] {logging_mixin.py:112} INFO - [2020-07-23 15:52:09,362] {spark_submit_hook.py:479} INFO - 20/07/23 15:52:09 INFO SparkContext: Running Spark version 3.0.0
[2020-07-23 15:52:09,487] {logging_mixin.py:112} INFO - [2020-07-23 15:52:09,486] {spark_submit_hook.py:479} INFO - 20/07/23 15:52:09 INFO ResourceUtils: ==============================================================
[2020-07-23 15:52:09,490] {logging_mixin.py:112} INFO - [2020-07-23 15:52:09,490] {spark_submit_hook.py:479} INFO - 20/07/23 15:52:09 INFO ResourceUtils: Resources for spark.driver:
[2020-07-23 15:52:09,490] {logging_mixin.py:112} INFO - [2020-07-23 15:52:09,490] {spark_submit_hook.py:479} INFO - 
[2020-07-23 15:52:09,491] {logging_mixin.py:112} INFO - [2020-07-23 15:52:09,491] {spark_submit_hook.py:479} INFO - 20/07/23 15:52:09 INFO ResourceUtils: ==============================================================
[2020-07-23 15:52:09,492] {logging_mixin.py:112} INFO - [2020-07-23 15:52:09,492] {spark_submit_hook.py:479} INFO - 20/07/23 15:52:09 INFO SparkContext: Submitted application: Spark_Test_Python
[2020-07-23 15:52:09,661] {logging_mixin.py:112} INFO - [2020-07-23 15:52:09,661] {spark_submit_hook.py:479} INFO - 20/07/23 15:52:09 INFO SecurityManager: Changing view acls to: bhakti
[2020-07-23 15:52:09,662] {logging_mixin.py:112} INFO - [2020-07-23 15:52:09,661] {spark_submit_hook.py:479} INFO - 20/07/23 15:52:09 INFO SecurityManager: Changing modify acls to: bhakti
[2020-07-23 15:52:09,665] {logging_mixin.py:112} INFO - [2020-07-23 15:52:09,665] {spark_submit_hook.py:479} INFO - 20/07/23 15:52:09 INFO SecurityManager: Changing view acls groups to:
[2020-07-23 15:52:09,665] {logging_mixin.py:112} INFO - [2020-07-23 15:52:09,665] {spark_submit_hook.py:479} INFO - 20/07/23 15:52:09 INFO SecurityManager: Changing modify acls groups to:
[2020-07-23 15:52:09,666] {logging_mixin.py:112} INFO - [2020-07-23 15:52:09,666] {spark_submit_hook.py:479} INFO - 20/07/23 15:52:09 INFO SecurityManager: SecurityManager: authentication disabled; ui acls disabled; users  with view permissions: Set(bhakti); groups with view permissions: Set(); users  with modify permissions: Set(bhakti); groups with modify permissions: Set()
[2020-07-23 15:52:10,610] {logging_mixin.py:112} INFO - [2020-07-23 15:52:10,609] {spark_submit_hook.py:479} INFO - 20/07/23 15:52:10 INFO Utils: Successfully started service 'sparkDriver' on port 37153.
[2020-07-23 15:52:10,706] {logging_mixin.py:112} INFO - [2020-07-23 15:52:10,705] {spark_submit_hook.py:479} INFO - 20/07/23 15:52:10 INFO SparkEnv: Registering MapOutputTracker
[2020-07-23 15:52:10,824] {logging_mixin.py:112} INFO - [2020-07-23 15:52:10,823] {spark_submit_hook.py:479} INFO - 20/07/23 15:52:10 INFO SparkEnv: Registering BlockManagerMaster
[2020-07-23 15:52:10,904] {logging_mixin.py:112} INFO - [2020-07-23 15:52:10,904] {spark_submit_hook.py:479} INFO - 20/07/23 15:52:10 INFO BlockManagerMasterEndpoint: Using org.apache.spark.storage.DefaultTopologyMapper for getting topology information
[2020-07-23 15:52:10,918] {logging_mixin.py:112} INFO - [2020-07-23 15:52:10,917] {spark_submit_hook.py:479} INFO - 20/07/23 15:52:10 INFO BlockManagerMasterEndpoint: BlockManagerMasterEndpoint up
[2020-07-23 15:52:10,949] {logging_mixin.py:112} INFO - [2020-07-23 15:52:10,949] {spark_submit_hook.py:479} INFO - 20/07/23 15:52:10 INFO SparkEnv: Registering BlockManagerMasterHeartbeat
[2020-07-23 15:52:10,995] {logging_mixin.py:112} INFO - [2020-07-23 15:52:10,995] {spark_submit_hook.py:479} INFO - 20/07/23 15:52:10 INFO DiskBlockManager: Created local directory at /tmp/blockmgr-9784c5dd-9e83-4749-947c-b4a9681a270c
[2020-07-23 15:52:11,059] {logging_mixin.py:112} INFO - [2020-07-23 15:52:11,058] {spark_submit_hook.py:479} INFO - 20/07/23 15:52:11 INFO MemoryStore: MemoryStore started with capacity 366.3 MiB
[2020-07-23 15:52:11,124] {logging_mixin.py:112} INFO - [2020-07-23 15:52:11,124] {spark_submit_hook.py:479} INFO - 20/07/23 15:52:11 INFO SparkEnv: Registering OutputCommitCoordinator
[2020-07-23 15:52:11,768] {logging_mixin.py:112} INFO - [2020-07-23 15:52:11,768] {spark_submit_hook.py:479} INFO - 20/07/23 15:52:11 WARN Utils: Service 'SparkUI' could not bind on port 4040. Attempting port 4041.
[2020-07-23 15:52:11,769] {logging_mixin.py:112} INFO - [2020-07-23 15:52:11,768] {spark_submit_hook.py:479} INFO - 20/07/23 15:52:11 WARN Utils: Service 'SparkUI' could not bind on port 4041. Attempting port 4042.
[2020-07-23 15:52:11,769] {logging_mixin.py:112} INFO - [2020-07-23 15:52:11,769] {spark_submit_hook.py:479} INFO - 20/07/23 15:52:11 WARN Utils: Service 'SparkUI' could not bind on port 4042. Attempting port 4043.
[2020-07-23 15:52:11,770] {logging_mixin.py:112} INFO - [2020-07-23 15:52:11,770] {spark_submit_hook.py:479} INFO - 20/07/23 15:52:11 WARN Utils: Service 'SparkUI' could not bind on port 4043. Attempting port 4044.
[2020-07-23 15:52:11,771] {logging_mixin.py:112} INFO - [2020-07-23 15:52:11,771] {spark_submit_hook.py:479} INFO - 20/07/23 15:52:11 WARN Utils: Service 'SparkUI' could not bind on port 4044. Attempting port 4045.
[2020-07-23 15:52:11,785] {logging_mixin.py:112} INFO - [2020-07-23 15:52:11,785] {spark_submit_hook.py:479} INFO - 20/07/23 15:52:11 INFO Utils: Successfully started service 'SparkUI' on port 4045.
[2020-07-23 15:52:11,924] {logging_mixin.py:112} INFO - [2020-07-23 15:52:11,923] {spark_submit_hook.py:479} INFO - 20/07/23 15:52:11 INFO SparkUI: Bound SparkUI to 0.0.0.0, and started at http://192.168.43.94:4045
[2020-07-23 15:52:12,664] {logging_mixin.py:112} INFO - [2020-07-23 15:52:12,663] {spark_submit_hook.py:479} INFO - 20/07/23 15:52:12 INFO Executor: Starting executor ID driver on host 192.168.43.94
[2020-07-23 15:52:12,734] {logging_mixin.py:112} INFO - [2020-07-23 15:52:12,734] {spark_submit_hook.py:479} INFO - 20/07/23 15:52:12 INFO Utils: Successfully started service 'org.apache.spark.network.netty.NettyBlockTransferService' on port 42069.
[2020-07-23 15:52:12,735] {logging_mixin.py:112} INFO - [2020-07-23 15:52:12,735] {spark_submit_hook.py:479} INFO - 20/07/23 15:52:12 INFO NettyBlockTransferService: Server created on 192.168.43.94:42069
[2020-07-23 15:52:12,738] {logging_mixin.py:112} INFO - [2020-07-23 15:52:12,738] {spark_submit_hook.py:479} INFO - 20/07/23 15:52:12 INFO BlockManager: Using org.apache.spark.storage.RandomBlockReplicationPolicy for block replication policy
[2020-07-23 15:52:12,752] {logging_mixin.py:112} INFO - [2020-07-23 15:52:12,752] {spark_submit_hook.py:479} INFO - 20/07/23 15:52:12 INFO BlockManagerMaster: Registering BlockManager BlockManagerId(driver, 192.168.43.94, 42069, None)
[2020-07-23 15:52:12,769] {logging_mixin.py:112} INFO - [2020-07-23 15:52:12,769] {spark_submit_hook.py:479} INFO - 20/07/23 15:52:12 INFO BlockManagerMasterEndpoint: Registering block manager 192.168.43.94:42069 with 366.3 MiB RAM, BlockManagerId(driver, 192.168.43.94, 42069, None)
[2020-07-23 15:52:12,774] {logging_mixin.py:112} INFO - [2020-07-23 15:52:12,774] {spark_submit_hook.py:479} INFO - 20/07/23 15:52:12 INFO BlockManagerMaster: Registered BlockManager BlockManagerId(driver, 192.168.43.94, 42069, None)
[2020-07-23 15:52:12,778] {logging_mixin.py:112} INFO - [2020-07-23 15:52:12,777] {spark_submit_hook.py:479} INFO - 20/07/23 15:52:12 INFO BlockManager: Initialized BlockManager: BlockManagerId(driver, 192.168.43.94, 42069, None)
[2020-07-23 15:52:15,316] {logging_mixin.py:112} INFO - [2020-07-23 15:52:15,316] {spark_submit_hook.py:479} INFO - 20/07/23 15:52:15 INFO MemoryStore: Block broadcast_0 stored as values in memory (estimated size 241.5 KiB, free 366.1 MiB)
[2020-07-23 15:52:15,492] {logging_mixin.py:112} INFO - [2020-07-23 15:52:15,491] {spark_submit_hook.py:479} INFO - 20/07/23 15:52:15 INFO MemoryStore: Block broadcast_0_piece0 stored as bytes in memory (estimated size 23.4 KiB, free 366.0 MiB)
[2020-07-23 15:52:15,497] {logging_mixin.py:112} INFO - [2020-07-23 15:52:15,497] {spark_submit_hook.py:479} INFO - 20/07/23 15:52:15 INFO BlockManagerInfo: Added broadcast_0_piece0 in memory on 192.168.43.94:42069 (size: 23.4 KiB, free: 366.3 MiB)
[2020-07-23 15:52:15,505] {logging_mixin.py:112} INFO - [2020-07-23 15:52:15,505] {spark_submit_hook.py:479} INFO - 20/07/23 15:52:15 INFO SparkContext: Created broadcast 0 from textFile at NativeMethodAccessorImpl.java:0
[2020-07-23 15:52:15,858] {logging_mixin.py:112} INFO - [2020-07-23 15:52:15,858] {spark_submit_hook.py:479} INFO - 20/07/23 15:52:15 INFO FileInputFormat: Total input paths to process : 1
[2020-07-23 15:52:16,084] {logging_mixin.py:112} INFO - [2020-07-23 15:52:16,084] {spark_submit_hook.py:479} INFO - 20/07/23 15:52:16 INFO SparkContext: Starting job: collect at /home/bhakti/airflow/spark_jobs/spark_test.py:8
[2020-07-23 15:52:16,114] {logging_mixin.py:112} INFO - [2020-07-23 15:52:16,114] {spark_submit_hook.py:479} INFO - 20/07/23 15:52:16 INFO DAGScheduler: Got job 0 (collect at /home/bhakti/airflow/spark_jobs/spark_test.py:8) with 1 output partitions
[2020-07-23 15:52:16,115] {logging_mixin.py:112} INFO - [2020-07-23 15:52:16,115] {spark_submit_hook.py:479} INFO - 20/07/23 15:52:16 INFO DAGScheduler: Final stage: ResultStage 0 (collect at /home/bhakti/airflow/spark_jobs/spark_test.py:8)
[2020-07-23 15:52:16,116] {logging_mixin.py:112} INFO - [2020-07-23 15:52:16,115] {spark_submit_hook.py:479} INFO - 20/07/23 15:52:16 INFO DAGScheduler: Parents of final stage: List()
[2020-07-23 15:52:16,118] {logging_mixin.py:112} INFO - [2020-07-23 15:52:16,118] {spark_submit_hook.py:479} INFO - 20/07/23 15:52:16 INFO DAGScheduler: Missing parents: List()
[2020-07-23 15:52:16,126] {logging_mixin.py:112} INFO - [2020-07-23 15:52:16,126] {spark_submit_hook.py:479} INFO - 20/07/23 15:52:16 INFO DAGScheduler: Submitting ResultStage 0 (PythonRDD[2] at collect at /home/bhakti/airflow/spark_jobs/spark_test.py:8), which has no missing parents
[2020-07-23 15:52:16,173] {logging_mixin.py:112} INFO - [2020-07-23 15:52:16,172] {spark_submit_hook.py:479} INFO - 20/07/23 15:52:16 INFO MemoryStore: Block broadcast_1 stored as values in memory (estimated size 7.4 KiB, free 366.0 MiB)
[2020-07-23 15:52:16,185] {logging_mixin.py:112} INFO - [2020-07-23 15:52:16,184] {spark_submit_hook.py:479} INFO - 20/07/23 15:52:16 INFO MemoryStore: Block broadcast_1_piece0 stored as bytes in memory (estimated size 4.4 KiB, free 366.0 MiB)
[2020-07-23 15:52:16,193] {logging_mixin.py:112} INFO - [2020-07-23 15:52:16,193] {spark_submit_hook.py:479} INFO - 20/07/23 15:52:16 INFO BlockManagerInfo: Added broadcast_1_piece0 in memory on 192.168.43.94:42069 (size: 4.4 KiB, free: 366.3 MiB)
[2020-07-23 15:52:16,200] {logging_mixin.py:112} INFO - [2020-07-23 15:52:16,200] {spark_submit_hook.py:479} INFO - 20/07/23 15:52:16 INFO SparkContext: Created broadcast 1 from broadcast at DAGScheduler.scala:1200
[2020-07-23 15:52:16,245] {logging_mixin.py:112} INFO - [2020-07-23 15:52:16,244] {spark_submit_hook.py:479} INFO - 20/07/23 15:52:16 INFO DAGScheduler: Submitting 1 missing tasks from ResultStage 0 (PythonRDD[2] at collect at /home/bhakti/airflow/spark_jobs/spark_test.py:8) (first 15 tasks are for partitions Vector(0))
[2020-07-23 15:52:16,251] {logging_mixin.py:112} INFO - [2020-07-23 15:52:16,251] {spark_submit_hook.py:479} INFO - 20/07/23 15:52:16 INFO TaskSchedulerImpl: Adding task set 0.0 with 1 tasks
[2020-07-23 15:52:16,420] {logging_mixin.py:112} INFO - [2020-07-23 15:52:16,419] {spark_submit_hook.py:479} INFO - 20/07/23 15:52:16 INFO TaskSetManager: Starting task 0.0 in stage 0.0 (TID 0, 192.168.43.94, executor driver, partition 0, PROCESS_LOCAL, 7388 bytes)
[2020-07-23 15:52:16,456] {logging_mixin.py:112} INFO - [2020-07-23 15:52:16,456] {spark_submit_hook.py:479} INFO - 20/07/23 15:52:16 INFO Executor: Running task 0.0 in stage 0.0 (TID 0)
[2020-07-23 15:52:17,102] {logging_mixin.py:112} INFO - [2020-07-23 15:52:17,102] {spark_submit_hook.py:479} INFO - 20/07/23 15:52:17 INFO HadoopRDD: Input split: file:/home/bhakti/airflow/input_data/sample.csv:0+93
[2020-07-23 15:52:17,872] {logging_mixin.py:112} INFO - [2020-07-23 15:52:17,871] {spark_submit_hook.py:479} INFO - 20/07/23 15:52:17 INFO PythonRunner: Times: total = 725, boot = 706, init = 19, finish = 0
[2020-07-23 15:52:17,907] {logging_mixin.py:112} INFO - [2020-07-23 15:52:17,906] {spark_submit_hook.py:479} INFO - 20/07/23 15:52:17 INFO Executor: Finished task 0.0 in stage 0.0 (TID 0). 1779 bytes result sent to driver
[2020-07-23 15:52:17,921] {logging_mixin.py:112} INFO - [2020-07-23 15:52:17,920] {spark_submit_hook.py:479} INFO - 20/07/23 15:52:17 INFO TaskSetManager: Finished task 0.0 in stage 0.0 (TID 0) in 1562 ms on 192.168.43.94 (executor driver) (1/1)
[2020-07-23 15:52:17,924] {logging_mixin.py:112} INFO - [2020-07-23 15:52:17,924] {spark_submit_hook.py:479} INFO - 20/07/23 15:52:17 INFO TaskSchedulerImpl: Removed TaskSet 0.0, whose tasks have all completed, from pool
[2020-07-23 15:52:17,929] {logging_mixin.py:112} INFO - [2020-07-23 15:52:17,929] {spark_submit_hook.py:479} INFO - 20/07/23 15:52:17 INFO PythonAccumulatorV2: Connected to AccumulatorServer at host: 127.0.0.1 port: 50203
[2020-07-23 15:52:17,936] {logging_mixin.py:112} INFO - [2020-07-23 15:52:17,936] {spark_submit_hook.py:479} INFO - 20/07/23 15:52:17 INFO DAGScheduler: ResultStage 0 (collect at /home/bhakti/airflow/spark_jobs/spark_test.py:8) finished in 1.784 s
[2020-07-23 15:52:17,947] {logging_mixin.py:112} INFO - [2020-07-23 15:52:17,946] {spark_submit_hook.py:479} INFO - 20/07/23 15:52:17 INFO DAGScheduler: Job 0 is finished. Cancelling potential speculative or zombie tasks for this job
[2020-07-23 15:52:17,948] {logging_mixin.py:112} INFO - [2020-07-23 15:52:17,947] {spark_submit_hook.py:479} INFO - 20/07/23 15:52:17 INFO TaskSchedulerImpl: Killing all running tasks in stage 0: Stage finished
[2020-07-23 15:52:17,951] {logging_mixin.py:112} INFO - [2020-07-23 15:52:17,951] {spark_submit_hook.py:479} INFO - 20/07/23 15:52:17 INFO DAGScheduler: Job 0 finished: collect at /home/bhakti/airflow/spark_jobs/spark_test.py:8, took 1.865305 s
[2020-07-23 15:52:17,967] {logging_mixin.py:112} INFO - [2020-07-23 15:52:17,967] {spark_submit_hook.py:479} INFO - [('PERSON', 'JOINING_YEAR', 'COMPANY'), ('John', '2018', 'Google'), ('Sam', '2017', 'IBM'), ('Jeff', '2014', 'Yahoo'), ('Allen', '2015', 'Facebook')]
[2020-07-23 15:52:18,779] {logging_mixin.py:112} INFO - [2020-07-23 15:52:18,778] {spark_submit_hook.py:479} INFO - 20/07/23 15:52:18 INFO BlockManagerInfo: Removed broadcast_0_piece0 on 192.168.43.94:42069 in memory (size: 23.4 KiB, free: 366.3 MiB)
[2020-07-23 15:52:18,801] {logging_mixin.py:112} INFO - [2020-07-23 15:52:18,800] {spark_submit_hook.py:479} INFO - 20/07/23 15:52:18 INFO BlockManagerInfo: Removed broadcast_1_piece0 on 192.168.43.94:42069 in memory (size: 4.4 KiB, free: 366.3 MiB)
[2020-07-23 15:52:18,909] {logging_mixin.py:112} INFO - [2020-07-23 15:52:18,908] {spark_submit_hook.py:479} INFO - 20/07/23 15:52:18 INFO SharedState: Setting hive.metastore.warehouse.dir ('null') to the value of spark.sql.warehouse.dir ('file:/home/bhakti/airflow/spark-warehouse').
[2020-07-23 15:52:18,909] {logging_mixin.py:112} INFO - [2020-07-23 15:52:18,909] {spark_submit_hook.py:479} INFO - 20/07/23 15:52:18 INFO SharedState: Warehouse path is 'file:/home/bhakti/airflow/spark-warehouse'.
[2020-07-23 15:52:23,282] {logging_mixin.py:112} INFO - [2020-07-23 15:52:23,281] {spark_submit_hook.py:479} INFO - 20/07/23 15:52:23 INFO CodeGenerator: Code generated in 337.718104 ms
[2020-07-23 15:52:23,387] {logging_mixin.py:112} INFO - [2020-07-23 15:52:23,387] {spark_submit_hook.py:479} INFO - 20/07/23 15:52:23 INFO SparkContext: Starting job: showString at NativeMethodAccessorImpl.java:0
[2020-07-23 15:52:23,390] {logging_mixin.py:112} INFO - [2020-07-23 15:52:23,390] {spark_submit_hook.py:479} INFO - 20/07/23 15:52:23 INFO DAGScheduler: Got job 1 (showString at NativeMethodAccessorImpl.java:0) with 1 output partitions
[2020-07-23 15:52:23,391] {logging_mixin.py:112} INFO - [2020-07-23 15:52:23,391] {spark_submit_hook.py:479} INFO - 20/07/23 15:52:23 INFO DAGScheduler: Final stage: ResultStage 1 (showString at NativeMethodAccessorImpl.java:0)
[2020-07-23 15:52:23,391] {logging_mixin.py:112} INFO - [2020-07-23 15:52:23,391] {spark_submit_hook.py:479} INFO - 20/07/23 15:52:23 INFO DAGScheduler: Parents of final stage: List()
[2020-07-23 15:52:23,391] {logging_mixin.py:112} INFO - [2020-07-23 15:52:23,391] {spark_submit_hook.py:479} INFO - 20/07/23 15:52:23 INFO DAGScheduler: Missing parents: List()
[2020-07-23 15:52:23,394] {logging_mixin.py:112} INFO - [2020-07-23 15:52:23,393] {spark_submit_hook.py:479} INFO - 20/07/23 15:52:23 INFO DAGScheduler: Submitting ResultStage 1 (MapPartitionsRDD[9] at showString at NativeMethodAccessorImpl.java:0), which has no missing parents
[2020-07-23 15:52:23,474] {logging_mixin.py:112} INFO - [2020-07-23 15:52:23,474] {spark_submit_hook.py:479} INFO - 20/07/23 15:52:23 INFO MemoryStore: Block broadcast_2 stored as values in memory (estimated size 11.2 KiB, free 366.3 MiB)
[2020-07-23 15:52:23,479] {logging_mixin.py:112} INFO - [2020-07-23 15:52:23,479] {spark_submit_hook.py:479} INFO - 20/07/23 15:52:23 INFO MemoryStore: Block broadcast_2_piece0 stored as bytes in memory (estimated size 5.8 KiB, free 366.3 MiB)
[2020-07-23 15:52:23,481] {logging_mixin.py:112} INFO - [2020-07-23 15:52:23,481] {spark_submit_hook.py:479} INFO - 20/07/23 15:52:23 INFO BlockManagerInfo: Added broadcast_2_piece0 in memory on 192.168.43.94:42069 (size: 5.8 KiB, free: 366.3 MiB)
[2020-07-23 15:52:23,483] {logging_mixin.py:112} INFO - [2020-07-23 15:52:23,483] {spark_submit_hook.py:479} INFO - 20/07/23 15:52:23 INFO SparkContext: Created broadcast 2 from broadcast at DAGScheduler.scala:1200
[2020-07-23 15:52:23,486] {logging_mixin.py:112} INFO - [2020-07-23 15:52:23,486] {spark_submit_hook.py:479} INFO - 20/07/23 15:52:23 INFO DAGScheduler: Submitting 1 missing tasks from ResultStage 1 (MapPartitionsRDD[9] at showString at NativeMethodAccessorImpl.java:0) (first 15 tasks are for partitions Vector(0))
[2020-07-23 15:52:23,486] {logging_mixin.py:112} INFO - [2020-07-23 15:52:23,486] {spark_submit_hook.py:479} INFO - 20/07/23 15:52:23 INFO TaskSchedulerImpl: Adding task set 1.0 with 1 tasks
[2020-07-23 15:52:23,513] {logging_mixin.py:112} INFO - [2020-07-23 15:52:23,513] {spark_submit_hook.py:479} INFO - 20/07/23 15:52:23 INFO TaskSetManager: Starting task 0.0 in stage 1.0 (TID 1, 192.168.43.94, executor driver, partition 0, PROCESS_LOCAL, 7493 bytes)
[2020-07-23 15:52:23,516] {logging_mixin.py:112} INFO - [2020-07-23 15:52:23,516] {spark_submit_hook.py:479} INFO - 20/07/23 15:52:23 INFO Executor: Running task 0.0 in stage 1.0 (TID 1)
[2020-07-23 15:52:23,627] {logging_mixin.py:112} INFO - [2020-07-23 15:52:23,627] {spark_submit_hook.py:479} INFO - 20/07/23 15:52:23 INFO PythonRunner: Times: total = 6, boot = -5712, init = 5718, finish = 0
[2020-07-23 15:52:23,633] {logging_mixin.py:112} INFO - [2020-07-23 15:52:23,632] {spark_submit_hook.py:479} INFO - 20/07/23 15:52:23 INFO Executor: Finished task 0.0 in stage 1.0 (TID 1). 2235 bytes result sent to driver
[2020-07-23 15:52:23,638] {logging_mixin.py:112} INFO - [2020-07-23 15:52:23,637] {spark_submit_hook.py:479} INFO - 20/07/23 15:52:23 INFO TaskSetManager: Finished task 0.0 in stage 1.0 (TID 1) in 149 ms on 192.168.43.94 (executor driver) (1/1)
[2020-07-23 15:52:23,638] {logging_mixin.py:112} INFO - [2020-07-23 15:52:23,638] {spark_submit_hook.py:479} INFO - 20/07/23 15:52:23 INFO TaskSchedulerImpl: Removed TaskSet 1.0, whose tasks have all completed, from pool
[2020-07-23 15:52:23,642] {logging_mixin.py:112} INFO - [2020-07-23 15:52:23,641] {spark_submit_hook.py:479} INFO - 20/07/23 15:52:23 INFO DAGScheduler: ResultStage 1 (showString at NativeMethodAccessorImpl.java:0) finished in 0.234 s
[2020-07-23 15:52:23,642] {logging_mixin.py:112} INFO - [2020-07-23 15:52:23,642] {spark_submit_hook.py:479} INFO - 20/07/23 15:52:23 INFO DAGScheduler: Job 1 is finished. Cancelling potential speculative or zombie tasks for this job
[2020-07-23 15:52:23,642] {logging_mixin.py:112} INFO - [2020-07-23 15:52:23,642] {spark_submit_hook.py:479} INFO - 20/07/23 15:52:23 INFO TaskSchedulerImpl: Killing all running tasks in stage 1: Stage finished
[2020-07-23 15:52:23,643] {logging_mixin.py:112} INFO - [2020-07-23 15:52:23,642] {spark_submit_hook.py:479} INFO - 20/07/23 15:52:23 INFO DAGScheduler: Job 1 finished: showString at NativeMethodAccessorImpl.java:0, took 0.255679 s
[2020-07-23 15:52:23,730] {logging_mixin.py:112} INFO - [2020-07-23 15:52:23,730] {spark_submit_hook.py:479} INFO - 20/07/23 15:52:23 INFO CodeGenerator: Code generated in 45.243091 ms
[2020-07-23 15:52:23,764] {logging_mixin.py:112} INFO - [2020-07-23 15:52:23,764] {spark_submit_hook.py:479} INFO - +------+------------+--------+
[2020-07-23 15:52:23,764] {logging_mixin.py:112} INFO - [2020-07-23 15:52:23,764] {spark_submit_hook.py:479} INFO - |    _1|          _2|      _3|
[2020-07-23 15:52:23,765] {logging_mixin.py:112} INFO - [2020-07-23 15:52:23,765] {spark_submit_hook.py:479} INFO - +------+------------+--------+
[2020-07-23 15:52:23,765] {logging_mixin.py:112} INFO - [2020-07-23 15:52:23,765] {spark_submit_hook.py:479} INFO - |PERSON|JOINING_YEAR| COMPANY|
[2020-07-23 15:52:23,765] {logging_mixin.py:112} INFO - [2020-07-23 15:52:23,765] {spark_submit_hook.py:479} INFO - |  John|        2018|  Google|
[2020-07-23 15:52:23,766] {logging_mixin.py:112} INFO - [2020-07-23 15:52:23,765] {spark_submit_hook.py:479} INFO - |   Sam|        2017|     IBM|
[2020-07-23 15:52:23,766] {logging_mixin.py:112} INFO - [2020-07-23 15:52:23,766] {spark_submit_hook.py:479} INFO - |  Jeff|        2014|   Yahoo|
[2020-07-23 15:52:23,766] {logging_mixin.py:112} INFO - [2020-07-23 15:52:23,766] {spark_submit_hook.py:479} INFO - | Allen|        2015|Facebook|
[2020-07-23 15:52:23,766] {logging_mixin.py:112} INFO - [2020-07-23 15:52:23,766] {spark_submit_hook.py:479} INFO - +------+------------+--------+
[2020-07-23 15:52:23,766] {logging_mixin.py:112} INFO - [2020-07-23 15:52:23,766] {spark_submit_hook.py:479} INFO - 
[2020-07-23 15:52:23,891] {logging_mixin.py:112} INFO - [2020-07-23 15:52:23,890] {spark_submit_hook.py:479} INFO - 20/07/23 15:52:23 INFO SparkContext: Invoking stop() from shutdown hook
[2020-07-23 15:52:23,906] {logging_mixin.py:112} INFO - [2020-07-23 15:52:23,906] {spark_submit_hook.py:479} INFO - 20/07/23 15:52:23 INFO SparkUI: Stopped Spark web UI at http://192.168.43.94:4045
[2020-07-23 15:52:23,938] {logging_mixin.py:112} INFO - [2020-07-23 15:52:23,937] {spark_submit_hook.py:479} INFO - 20/07/23 15:52:23 INFO MapOutputTrackerMasterEndpoint: MapOutputTrackerMasterEndpoint stopped!
[2020-07-23 15:52:23,964] {logging_mixin.py:112} INFO - [2020-07-23 15:52:23,963] {spark_submit_hook.py:479} INFO - 20/07/23 15:52:23 INFO MemoryStore: MemoryStore cleared
[2020-07-23 15:52:23,966] {logging_mixin.py:112} INFO - [2020-07-23 15:52:23,965] {spark_submit_hook.py:479} INFO - 20/07/23 15:52:23 INFO BlockManager: BlockManager stopped
[2020-07-23 15:52:23,973] {logging_mixin.py:112} INFO - [2020-07-23 15:52:23,972] {spark_submit_hook.py:479} INFO - 20/07/23 15:52:23 INFO BlockManagerMaster: BlockManagerMaster stopped
[2020-07-23 15:52:23,982] {logging_mixin.py:112} INFO - [2020-07-23 15:52:23,981] {spark_submit_hook.py:479} INFO - 20/07/23 15:52:23 INFO OutputCommitCoordinator$OutputCommitCoordinatorEndpoint: OutputCommitCoordinator stopped!
[2020-07-23 15:52:23,994] {logging_mixin.py:112} INFO - [2020-07-23 15:52:23,993] {spark_submit_hook.py:479} INFO - 20/07/23 15:52:23 INFO SparkContext: Successfully stopped SparkContext
[2020-07-23 15:52:23,995] {logging_mixin.py:112} INFO - [2020-07-23 15:52:23,995] {spark_submit_hook.py:479} INFO - 20/07/23 15:52:23 INFO ShutdownHookManager: Shutdown hook called
[2020-07-23 15:52:23,997] {logging_mixin.py:112} INFO - [2020-07-23 15:52:23,997] {spark_submit_hook.py:479} INFO - 20/07/23 15:52:23 INFO ShutdownHookManager: Deleting directory /tmp/spark-50d3f900-1063-4197-a969-512492b44dff
[2020-07-23 15:52:24,004] {logging_mixin.py:112} INFO - [2020-07-23 15:52:24,004] {spark_submit_hook.py:479} INFO - 20/07/23 15:52:24 INFO ShutdownHookManager: Deleting directory /tmp/spark-912b3b8b-8aaf-4d24-9959-d49548162d91/pyspark-42c47a85-2bab-4488-9cd8-b3a5d444c205
[2020-07-23 15:52:24,007] {logging_mixin.py:112} INFO - [2020-07-23 15:52:24,007] {spark_submit_hook.py:479} INFO - 20/07/23 15:52:24 INFO ShutdownHookManager: Deleting directory /tmp/spark-912b3b8b-8aaf-4d24-9959-d49548162d91
[2020-07-23 15:52:24,121] {taskinstance.py:1052} INFO - Marking task as SUCCESS.dag_id=submit_data, task_id=spark_submit, execution_date=20200721T013600, start_date=20200723T102201, end_date=20200723T102224
[2020-07-23 15:52:26,470] {logging_mixin.py:112} INFO - [2020-07-23 15:52:26,469] {local_task_job.py:103} INFO - Task exited with return code 0
