[2020-07-22 15:17:52,813] {taskinstance.py:669} INFO - Dependencies all met for <TaskInstance: submit_data.spark_submit 2020-07-20T04:35:00+00:00 [queued]>
[2020-07-22 15:17:52,822] {taskinstance.py:669} INFO - Dependencies all met for <TaskInstance: submit_data.spark_submit 2020-07-20T04:35:00+00:00 [queued]>
[2020-07-22 15:17:52,823] {taskinstance.py:879} INFO - 
--------------------------------------------------------------------------------
[2020-07-22 15:17:52,823] {taskinstance.py:880} INFO - Starting attempt 1 of 1
[2020-07-22 15:17:52,823] {taskinstance.py:881} INFO - 
--------------------------------------------------------------------------------
[2020-07-22 15:17:52,951] {taskinstance.py:900} INFO - Executing <Task(SparkSubmitOperator): spark_submit> on 2020-07-20T04:35:00+00:00
[2020-07-22 15:17:52,956] {standard_task_runner.py:53} INFO - Started process 490825 to run task
[2020-07-22 15:17:53,154] {logging_mixin.py:112} INFO - Running %s on host %s <TaskInstance: submit_data.spark_submit 2020-07-20T04:35:00+00:00 [running]> bhakti-Vostro-3558
[2020-07-22 15:17:53,195] {logging_mixin.py:112} INFO - [2020-07-22 15:17:53,195] {base_hook.py:87} INFO - Using connection to: id: spark_local. Host: local, Port: None, Schema: None, Login: None, Password: None, extra: None
[2020-07-22 15:17:53,197] {logging_mixin.py:112} INFO - [2020-07-22 15:17:53,197] {spark_submit_hook.py:325} INFO - Spark-Submit cmd: spark-submit --master local --name airflow-spark /home/bhakti/airflow/spark_jobs/python/spark_test.py
[2020-07-22 15:17:55,977] {logging_mixin.py:112} INFO - [2020-07-22 15:17:55,977] {spark_submit_hook.py:479} INFO - 20/07/22 15:17:55 WARN Utils: Your hostname, bhakti-Vostro-3558 resolves to a loopback address: 127.0.1.1; using 192.168.43.94 instead (on interface wlp6s0)
[2020-07-22 15:17:55,978] {logging_mixin.py:112} INFO - [2020-07-22 15:17:55,978] {spark_submit_hook.py:479} INFO - 20/07/22 15:17:55 WARN Utils: Set SPARK_LOCAL_IP if you need to bind to another address
[2020-07-22 15:17:57,704] {logging_mixin.py:112} INFO - [2020-07-22 15:17:57,704] {spark_submit_hook.py:479} INFO - 20/07/22 15:17:57 WARN NativeCodeLoader: Unable to load native-hadoop library for your platform... using builtin-java classes where applicable
[2020-07-22 15:18:00,223] {logging_mixin.py:112} INFO - [2020-07-22 15:18:00,222] {spark_submit_hook.py:479} INFO - Using Spark's default log4j profile: org/apache/spark/log4j-defaults.properties
[2020-07-22 15:18:00,243] {logging_mixin.py:112} INFO - [2020-07-22 15:18:00,243] {spark_submit_hook.py:479} INFO - 20/07/22 15:18:00 INFO SparkContext: Running Spark version 3.0.0
[2020-07-22 15:18:00,319] {logging_mixin.py:112} INFO - [2020-07-22 15:18:00,318] {spark_submit_hook.py:479} INFO - 20/07/22 15:18:00 INFO ResourceUtils: ==============================================================
[2020-07-22 15:18:00,321] {logging_mixin.py:112} INFO - [2020-07-22 15:18:00,321] {spark_submit_hook.py:479} INFO - 20/07/22 15:18:00 INFO ResourceUtils: Resources for spark.driver:
[2020-07-22 15:18:00,322] {logging_mixin.py:112} INFO - [2020-07-22 15:18:00,322] {spark_submit_hook.py:479} INFO - 
[2020-07-22 15:18:00,322] {logging_mixin.py:112} INFO - [2020-07-22 15:18:00,322] {spark_submit_hook.py:479} INFO - 20/07/22 15:18:00 INFO ResourceUtils: ==============================================================
[2020-07-22 15:18:00,324] {logging_mixin.py:112} INFO - [2020-07-22 15:18:00,323] {spark_submit_hook.py:479} INFO - 20/07/22 15:18:00 INFO SparkContext: Submitted application: Spark_Test_Python
[2020-07-22 15:18:00,421] {logging_mixin.py:112} INFO - [2020-07-22 15:18:00,421] {spark_submit_hook.py:479} INFO - 20/07/22 15:18:00 INFO SecurityManager: Changing view acls to: bhakti
[2020-07-22 15:18:00,422] {logging_mixin.py:112} INFO - [2020-07-22 15:18:00,422] {spark_submit_hook.py:479} INFO - 20/07/22 15:18:00 INFO SecurityManager: Changing modify acls to: bhakti
[2020-07-22 15:18:00,423] {logging_mixin.py:112} INFO - [2020-07-22 15:18:00,422] {spark_submit_hook.py:479} INFO - 20/07/22 15:18:00 INFO SecurityManager: Changing view acls groups to:
[2020-07-22 15:18:00,423] {logging_mixin.py:112} INFO - [2020-07-22 15:18:00,423] {spark_submit_hook.py:479} INFO - 20/07/22 15:18:00 INFO SecurityManager: Changing modify acls groups to:
[2020-07-22 15:18:00,423] {logging_mixin.py:112} INFO - [2020-07-22 15:18:00,423] {spark_submit_hook.py:479} INFO - 20/07/22 15:18:00 INFO SecurityManager: SecurityManager: authentication disabled; ui acls disabled; users  with view permissions: Set(bhakti); groups with view permissions: Set(); users  with modify permissions: Set(bhakti); groups with modify permissions: Set()
[2020-07-22 15:18:00,880] {logging_mixin.py:112} INFO - [2020-07-22 15:18:00,880] {spark_submit_hook.py:479} INFO - 20/07/22 15:18:00 INFO Utils: Successfully started service 'sparkDriver' on port 44933.
[2020-07-22 15:18:00,935] {logging_mixin.py:112} INFO - [2020-07-22 15:18:00,934] {spark_submit_hook.py:479} INFO - 20/07/22 15:18:00 INFO SparkEnv: Registering MapOutputTracker
[2020-07-22 15:18:01,004] {logging_mixin.py:112} INFO - [2020-07-22 15:18:01,004] {spark_submit_hook.py:479} INFO - 20/07/22 15:18:01 INFO SparkEnv: Registering BlockManagerMaster
[2020-07-22 15:18:01,055] {logging_mixin.py:112} INFO - [2020-07-22 15:18:01,055] {spark_submit_hook.py:479} INFO - 20/07/22 15:18:01 INFO BlockManagerMasterEndpoint: Using org.apache.spark.storage.DefaultTopologyMapper for getting topology information
[2020-07-22 15:18:01,069] {logging_mixin.py:112} INFO - [2020-07-22 15:18:01,066] {spark_submit_hook.py:479} INFO - 20/07/22 15:18:01 INFO BlockManagerMasterEndpoint: BlockManagerMasterEndpoint up
[2020-07-22 15:18:01,119] {logging_mixin.py:112} INFO - [2020-07-22 15:18:01,119] {spark_submit_hook.py:479} INFO - 20/07/22 15:18:01 INFO SparkEnv: Registering BlockManagerMasterHeartbeat
[2020-07-22 15:18:01,219] {logging_mixin.py:112} INFO - [2020-07-22 15:18:01,219] {spark_submit_hook.py:479} INFO - 20/07/22 15:18:01 INFO DiskBlockManager: Created local directory at /tmp/blockmgr-95b7b52c-10b3-48c7-8ed6-a8daaf0e3d03
[2020-07-22 15:18:01,419] {logging_mixin.py:112} INFO - [2020-07-22 15:18:01,419] {spark_submit_hook.py:479} INFO - 20/07/22 15:18:01 INFO MemoryStore: MemoryStore started with capacity 366.3 MiB
[2020-07-22 15:18:01,574] {logging_mixin.py:112} INFO - [2020-07-22 15:18:01,573] {spark_submit_hook.py:479} INFO - 20/07/22 15:18:01 INFO SparkEnv: Registering OutputCommitCoordinator
[2020-07-22 15:18:02,302] {logging_mixin.py:112} INFO - [2020-07-22 15:18:02,302] {spark_submit_hook.py:479} INFO - 20/07/22 15:18:02 WARN Utils: Service 'SparkUI' could not bind on port 4040. Attempting port 4041.
[2020-07-22 15:18:02,303] {logging_mixin.py:112} INFO - [2020-07-22 15:18:02,302] {spark_submit_hook.py:479} INFO - 20/07/22 15:18:02 WARN Utils: Service 'SparkUI' could not bind on port 4041. Attempting port 4042.
[2020-07-22 15:18:02,310] {logging_mixin.py:112} INFO - [2020-07-22 15:18:02,309] {spark_submit_hook.py:479} INFO - 20/07/22 15:18:02 WARN Utils: Service 'SparkUI' could not bind on port 4042. Attempting port 4043.
[2020-07-22 15:18:02,354] {logging_mixin.py:112} INFO - [2020-07-22 15:18:02,354] {spark_submit_hook.py:479} INFO - 20/07/22 15:18:02 INFO Utils: Successfully started service 'SparkUI' on port 4043.
[2020-07-22 15:18:02,478] {logging_mixin.py:112} INFO - [2020-07-22 15:18:02,478] {spark_submit_hook.py:479} INFO - 20/07/22 15:18:02 INFO SparkUI: Bound SparkUI to 0.0.0.0, and started at http://192.168.43.94:4043
[2020-07-22 15:18:03,049] {logging_mixin.py:112} INFO - [2020-07-22 15:18:03,049] {spark_submit_hook.py:479} INFO - 20/07/22 15:18:03 INFO Executor: Starting executor ID driver on host 192.168.43.94
[2020-07-22 15:18:03,146] {logging_mixin.py:112} INFO - [2020-07-22 15:18:03,145] {spark_submit_hook.py:479} INFO - 20/07/22 15:18:03 INFO Utils: Successfully started service 'org.apache.spark.network.netty.NettyBlockTransferService' on port 43611.
[2020-07-22 15:18:03,147] {logging_mixin.py:112} INFO - [2020-07-22 15:18:03,147] {spark_submit_hook.py:479} INFO - 20/07/22 15:18:03 INFO NettyBlockTransferService: Server created on 192.168.43.94:43611
[2020-07-22 15:18:03,152] {logging_mixin.py:112} INFO - [2020-07-22 15:18:03,152] {spark_submit_hook.py:479} INFO - 20/07/22 15:18:03 INFO BlockManager: Using org.apache.spark.storage.RandomBlockReplicationPolicy for block replication policy
[2020-07-22 15:18:03,171] {logging_mixin.py:112} INFO - [2020-07-22 15:18:03,171] {spark_submit_hook.py:479} INFO - 20/07/22 15:18:03 INFO BlockManagerMaster: Registering BlockManager BlockManagerId(driver, 192.168.43.94, 43611, None)
[2020-07-22 15:18:03,188] {logging_mixin.py:112} INFO - [2020-07-22 15:18:03,187] {spark_submit_hook.py:479} INFO - 20/07/22 15:18:03 INFO BlockManagerMasterEndpoint: Registering block manager 192.168.43.94:43611 with 366.3 MiB RAM, BlockManagerId(driver, 192.168.43.94, 43611, None)
[2020-07-22 15:18:03,193] {logging_mixin.py:112} INFO - [2020-07-22 15:18:03,193] {spark_submit_hook.py:479} INFO - 20/07/22 15:18:03 INFO BlockManagerMaster: Registered BlockManager BlockManagerId(driver, 192.168.43.94, 43611, None)
[2020-07-22 15:18:03,195] {logging_mixin.py:112} INFO - [2020-07-22 15:18:03,195] {spark_submit_hook.py:479} INFO - 20/07/22 15:18:03 INFO BlockManager: Initialized BlockManager: BlockManagerId(driver, 192.168.43.94, 43611, None)
[2020-07-22 15:18:04,751] {logging_mixin.py:112} INFO - [2020-07-22 15:18:04,751] {spark_submit_hook.py:479} INFO - 20/07/22 15:18:04 INFO MemoryStore: Block broadcast_0 stored as values in memory (estimated size 241.5 KiB, free 366.1 MiB)
[2020-07-22 15:18:04,850] {logging_mixin.py:112} INFO - [2020-07-22 15:18:04,850] {spark_submit_hook.py:479} INFO - 20/07/22 15:18:04 INFO MemoryStore: Block broadcast_0_piece0 stored as bytes in memory (estimated size 23.4 KiB, free 366.0 MiB)
[2020-07-22 15:18:04,855] {logging_mixin.py:112} INFO - [2020-07-22 15:18:04,854] {spark_submit_hook.py:479} INFO - 20/07/22 15:18:04 INFO BlockManagerInfo: Added broadcast_0_piece0 in memory on 192.168.43.94:43611 (size: 23.4 KiB, free: 366.3 MiB)
[2020-07-22 15:18:04,861] {logging_mixin.py:112} INFO - [2020-07-22 15:18:04,861] {spark_submit_hook.py:479} INFO - 20/07/22 15:18:04 INFO SparkContext: Created broadcast 0 from textFile at NativeMethodAccessorImpl.java:0
[2020-07-22 15:18:05,259] {logging_mixin.py:112} INFO - [2020-07-22 15:18:05,259] {spark_submit_hook.py:479} INFO - 20/07/22 15:18:05 INFO FileInputFormat: Total input paths to process : 1
[2020-07-22 15:18:05,603] {logging_mixin.py:112} INFO - [2020-07-22 15:18:05,603] {spark_submit_hook.py:479} INFO - 20/07/22 15:18:05 INFO SparkContext: Starting job: collect at /home/bhakti/airflow/spark_jobs/python/spark_test.py:10
[2020-07-22 15:18:05,675] {logging_mixin.py:112} INFO - [2020-07-22 15:18:05,675] {spark_submit_hook.py:479} INFO - 20/07/22 15:18:05 INFO DAGScheduler: Got job 0 (collect at /home/bhakti/airflow/spark_jobs/python/spark_test.py:10) with 1 output partitions
[2020-07-22 15:18:05,691] {logging_mixin.py:112} INFO - [2020-07-22 15:18:05,691] {spark_submit_hook.py:479} INFO - 20/07/22 15:18:05 INFO DAGScheduler: Final stage: ResultStage 0 (collect at /home/bhakti/airflow/spark_jobs/python/spark_test.py:10)
[2020-07-22 15:18:05,691] {logging_mixin.py:112} INFO - [2020-07-22 15:18:05,691] {spark_submit_hook.py:479} INFO - 20/07/22 15:18:05 INFO DAGScheduler: Parents of final stage: List()
[2020-07-22 15:18:05,695] {logging_mixin.py:112} INFO - [2020-07-22 15:18:05,695] {spark_submit_hook.py:479} INFO - 20/07/22 15:18:05 INFO DAGScheduler: Missing parents: List()
[2020-07-22 15:18:05,725] {logging_mixin.py:112} INFO - [2020-07-22 15:18:05,725] {spark_submit_hook.py:479} INFO - 20/07/22 15:18:05 INFO DAGScheduler: Submitting ResultStage 0 (PythonRDD[2] at collect at /home/bhakti/airflow/spark_jobs/python/spark_test.py:10), which has no missing parents
[2020-07-22 15:18:05,858] {logging_mixin.py:112} INFO - [2020-07-22 15:18:05,858] {spark_submit_hook.py:479} INFO - 20/07/22 15:18:05 INFO MemoryStore: Block broadcast_1 stored as values in memory (estimated size 7.4 KiB, free 366.0 MiB)
[2020-07-22 15:18:05,870] {logging_mixin.py:112} INFO - [2020-07-22 15:18:05,869] {spark_submit_hook.py:479} INFO - 20/07/22 15:18:05 INFO MemoryStore: Block broadcast_1_piece0 stored as bytes in memory (estimated size 4.4 KiB, free 366.0 MiB)
[2020-07-22 15:18:05,881] {logging_mixin.py:112} INFO - [2020-07-22 15:18:05,881] {spark_submit_hook.py:479} INFO - 20/07/22 15:18:05 INFO BlockManagerInfo: Added broadcast_1_piece0 in memory on 192.168.43.94:43611 (size: 4.4 KiB, free: 366.3 MiB)
[2020-07-22 15:18:05,883] {logging_mixin.py:112} INFO - [2020-07-22 15:18:05,883] {spark_submit_hook.py:479} INFO - 20/07/22 15:18:05 INFO SparkContext: Created broadcast 1 from broadcast at DAGScheduler.scala:1200
[2020-07-22 15:18:05,956] {logging_mixin.py:112} INFO - [2020-07-22 15:18:05,956] {spark_submit_hook.py:479} INFO - 20/07/22 15:18:05 INFO DAGScheduler: Submitting 1 missing tasks from ResultStage 0 (PythonRDD[2] at collect at /home/bhakti/airflow/spark_jobs/python/spark_test.py:10) (first 15 tasks are for partitions Vector(0))
[2020-07-22 15:18:05,968] {logging_mixin.py:112} INFO - [2020-07-22 15:18:05,967] {spark_submit_hook.py:479} INFO - 20/07/22 15:18:05 INFO TaskSchedulerImpl: Adding task set 0.0 with 1 tasks
[2020-07-22 15:18:06,285] {logging_mixin.py:112} INFO - [2020-07-22 15:18:06,285] {spark_submit_hook.py:479} INFO - 20/07/22 15:18:06 INFO TaskSetManager: Starting task 0.0 in stage 0.0 (TID 0, 192.168.43.94, executor driver, partition 0, PROCESS_LOCAL, 7388 bytes)
[2020-07-22 15:18:06,359] {logging_mixin.py:112} INFO - [2020-07-22 15:18:06,358] {spark_submit_hook.py:479} INFO - 20/07/22 15:18:06 INFO Executor: Running task 0.0 in stage 0.0 (TID 0)
[2020-07-22 15:18:07,485] {logging_mixin.py:112} INFO - [2020-07-22 15:18:07,484] {spark_submit_hook.py:479} INFO - 20/07/22 15:18:07 INFO HadoopRDD: Input split: file:/home/bhakti/airflow/input_data/sample.csv:0+93
[2020-07-22 15:18:09,002] {logging_mixin.py:112} INFO - [2020-07-22 15:18:09,002] {spark_submit_hook.py:479} INFO - 20/07/22 15:18:09 INFO PythonRunner: Times: total = 1387, boot = 1367, init = 20, finish = 0
[2020-07-22 15:18:09,065] {logging_mixin.py:112} INFO - [2020-07-22 15:18:09,064] {spark_submit_hook.py:479} INFO - 20/07/22 15:18:09 INFO Executor: Finished task 0.0 in stage 0.0 (TID 0). 1775 bytes result sent to driver
[2020-07-22 15:18:09,093] {logging_mixin.py:112} INFO - [2020-07-22 15:18:09,092] {spark_submit_hook.py:479} INFO - 20/07/22 15:18:09 INFO TaskSetManager: Finished task 0.0 in stage 0.0 (TID 0) in 2886 ms on 192.168.43.94 (executor driver) (1/1)
[2020-07-22 15:18:09,106] {logging_mixin.py:112} INFO - [2020-07-22 15:18:09,105] {spark_submit_hook.py:479} INFO - 20/07/22 15:18:09 INFO PythonAccumulatorV2: Connected to AccumulatorServer at host: 127.0.0.1 port: 54285
[2020-07-22 15:18:09,137] {logging_mixin.py:112} INFO - [2020-07-22 15:18:09,137] {spark_submit_hook.py:479} INFO - 20/07/22 15:18:09 INFO DAGScheduler: ResultStage 0 (collect at /home/bhakti/airflow/spark_jobs/python/spark_test.py:10) finished in 3.313 s
[2020-07-22 15:18:09,140] {logging_mixin.py:112} INFO - [2020-07-22 15:18:09,140] {spark_submit_hook.py:479} INFO - 20/07/22 15:18:09 INFO TaskSchedulerImpl: Removed TaskSet 0.0, whose tasks have all completed, from pool
[2020-07-22 15:18:09,172] {logging_mixin.py:112} INFO - [2020-07-22 15:18:09,171] {spark_submit_hook.py:479} INFO - 20/07/22 15:18:09 INFO DAGScheduler: Job 0 is finished. Cancelling potential speculative or zombie tasks for this job
[2020-07-22 15:18:09,178] {logging_mixin.py:112} INFO - [2020-07-22 15:18:09,178] {spark_submit_hook.py:479} INFO - 20/07/22 15:18:09 INFO TaskSchedulerImpl: Killing all running tasks in stage 0: Stage finished
[2020-07-22 15:18:09,191] {logging_mixin.py:112} INFO - [2020-07-22 15:18:09,191] {spark_submit_hook.py:479} INFO - 20/07/22 15:18:09 INFO DAGScheduler: Job 0 finished: collect at /home/bhakti/airflow/spark_jobs/python/spark_test.py:10, took 3.588945 s
[2020-07-22 15:18:09,215] {logging_mixin.py:112} INFO - [2020-07-22 15:18:09,215] {spark_submit_hook.py:479} INFO - [('PERSON', 'JOINING_YEAR'), ('John', '2018'), ('Sam', '2017'), ('Jeff', '2014'), ('Allen', '2015')]
[2020-07-22 15:18:09,313] {logging_mixin.py:112} INFO - [2020-07-22 15:18:09,313] {spark_submit_hook.py:479} INFO - 20/07/22 15:18:09 INFO SparkContext: Invoking stop() from shutdown hook
[2020-07-22 15:18:09,329] {logging_mixin.py:112} INFO - [2020-07-22 15:18:09,328] {spark_submit_hook.py:479} INFO - 20/07/22 15:18:09 INFO SparkUI: Stopped Spark web UI at http://192.168.43.94:4043
[2020-07-22 15:18:09,396] {logging_mixin.py:112} INFO - [2020-07-22 15:18:09,396] {spark_submit_hook.py:479} INFO - 20/07/22 15:18:09 INFO MapOutputTrackerMasterEndpoint: MapOutputTrackerMasterEndpoint stopped!
[2020-07-22 15:18:09,449] {logging_mixin.py:112} INFO - [2020-07-22 15:18:09,449] {spark_submit_hook.py:479} INFO - 20/07/22 15:18:09 INFO MemoryStore: MemoryStore cleared
[2020-07-22 15:18:09,451] {logging_mixin.py:112} INFO - [2020-07-22 15:18:09,451] {spark_submit_hook.py:479} INFO - 20/07/22 15:18:09 INFO BlockManager: BlockManager stopped
[2020-07-22 15:18:09,480] {logging_mixin.py:112} INFO - [2020-07-22 15:18:09,480] {spark_submit_hook.py:479} INFO - 20/07/22 15:18:09 INFO BlockManagerMaster: BlockManagerMaster stopped
[2020-07-22 15:18:09,486] {logging_mixin.py:112} INFO - [2020-07-22 15:18:09,485] {spark_submit_hook.py:479} INFO - 20/07/22 15:18:09 INFO OutputCommitCoordinator$OutputCommitCoordinatorEndpoint: OutputCommitCoordinator stopped!
[2020-07-22 15:18:09,534] {logging_mixin.py:112} INFO - [2020-07-22 15:18:09,534] {spark_submit_hook.py:479} INFO - 20/07/22 15:18:09 INFO SparkContext: Successfully stopped SparkContext
[2020-07-22 15:18:09,535] {logging_mixin.py:112} INFO - [2020-07-22 15:18:09,534] {spark_submit_hook.py:479} INFO - 20/07/22 15:18:09 INFO ShutdownHookManager: Shutdown hook called
[2020-07-22 15:18:09,537] {logging_mixin.py:112} INFO - [2020-07-22 15:18:09,537] {spark_submit_hook.py:479} INFO - 20/07/22 15:18:09 INFO ShutdownHookManager: Deleting directory /tmp/spark-2a0dcc04-371e-4198-9037-0abb0baa0b04/pyspark-48056afb-dbe2-431f-9678-909a755a173b
[2020-07-22 15:18:09,541] {logging_mixin.py:112} INFO - [2020-07-22 15:18:09,541] {spark_submit_hook.py:479} INFO - 20/07/22 15:18:09 INFO ShutdownHookManager: Deleting directory /tmp/spark-90b8b586-a2d7-4d30-a37c-38809d948bac
[2020-07-22 15:18:09,545] {logging_mixin.py:112} INFO - [2020-07-22 15:18:09,544] {spark_submit_hook.py:479} INFO - 20/07/22 15:18:09 INFO ShutdownHookManager: Deleting directory /tmp/spark-2a0dcc04-371e-4198-9037-0abb0baa0b04
[2020-07-22 15:18:09,608] {taskinstance.py:1052} INFO - Marking task as SUCCESS.dag_id=submit_data, task_id=spark_submit, execution_date=20200720T043500, start_date=20200722T094752, end_date=20200722T094809
[2020-07-22 15:18:13,023] {logging_mixin.py:112} INFO - [2020-07-22 15:18:13,023] {local_task_job.py:103} INFO - Task exited with return code 0
