[2020-07-22 13:45:48,596] {taskinstance.py:669} INFO - Dependencies all met for <TaskInstance: submit_data.spark_submit 2020-07-20T01:45:00+00:00 [queued]>
[2020-07-22 13:45:48,607] {taskinstance.py:669} INFO - Dependencies all met for <TaskInstance: submit_data.spark_submit 2020-07-20T01:45:00+00:00 [queued]>
[2020-07-22 13:45:48,607] {taskinstance.py:879} INFO - 
--------------------------------------------------------------------------------
[2020-07-22 13:45:48,607] {taskinstance.py:880} INFO - Starting attempt 1 of 1
[2020-07-22 13:45:48,607] {taskinstance.py:881} INFO - 
--------------------------------------------------------------------------------
[2020-07-22 13:45:48,821] {taskinstance.py:900} INFO - Executing <Task(SparkSubmitOperator): spark_submit> on 2020-07-20T01:45:00+00:00
[2020-07-22 13:45:48,825] {standard_task_runner.py:53} INFO - Started process 367771 to run task
[2020-07-22 13:45:49,051] {logging_mixin.py:112} INFO - Running %s on host %s <TaskInstance: submit_data.spark_submit 2020-07-20T01:45:00+00:00 [running]> bhakti-Vostro-3558
[2020-07-22 13:45:49,082] {logging_mixin.py:112} INFO - [2020-07-22 13:45:49,081] {base_hook.py:87} INFO - Using connection to: id: spark_local. Host: localhost, Port: 4040, Schema: None, Login: None, Password: None, extra: None
[2020-07-22 13:45:49,083] {logging_mixin.py:112} INFO - [2020-07-22 13:45:49,082] {spark_submit_hook.py:325} INFO - Spark-Submit cmd: spark-submit --master localhost:4040 --name airflow-spark /home/bhakti/airflow/spark_jobs/python/spark_test.py
[2020-07-22 13:45:51,615] {logging_mixin.py:112} INFO - [2020-07-22 13:45:51,614] {spark_submit_hook.py:479} INFO - 20/07/22 13:45:51 WARN Utils: Your hostname, bhakti-Vostro-3558 resolves to a loopback address: 127.0.1.1; using 192.168.43.94 instead (on interface wlp6s0)
[2020-07-22 13:45:51,616] {logging_mixin.py:112} INFO - [2020-07-22 13:45:51,615] {spark_submit_hook.py:479} INFO - 20/07/22 13:45:51 WARN Utils: Set SPARK_LOCAL_IP if you need to bind to another address
[2020-07-22 13:45:53,150] {logging_mixin.py:112} INFO - [2020-07-22 13:45:53,150] {spark_submit_hook.py:479} INFO - 20/07/22 13:45:53 WARN NativeCodeLoader: Unable to load native-hadoop library for your platform... using builtin-java classes where applicable
[2020-07-22 13:45:55,068] {logging_mixin.py:112} INFO - [2020-07-22 13:45:55,067] {spark_submit_hook.py:479} INFO - Spark_Test_Python
[2020-07-22 13:45:55,068] {logging_mixin.py:112} INFO - [2020-07-22 13:45:55,068] {spark_submit_hook.py:479} INFO - Number of arguments: 0 arguments.
[2020-07-22 13:45:55,068] {logging_mixin.py:112} INFO - [2020-07-22 13:45:55,068] {spark_submit_hook.py:479} INFO - Argument List: []
[2020-07-22 13:45:55,164] {logging_mixin.py:112} INFO - [2020-07-22 13:45:55,164] {spark_submit_hook.py:479} INFO - Using Spark's default log4j profile: org/apache/spark/log4j-defaults.properties
[2020-07-22 13:45:55,178] {logging_mixin.py:112} INFO - [2020-07-22 13:45:55,178] {spark_submit_hook.py:479} INFO - 20/07/22 13:45:55 INFO SparkContext: Running Spark version 3.0.0
[2020-07-22 13:45:55,260] {logging_mixin.py:112} INFO - [2020-07-22 13:45:55,260] {spark_submit_hook.py:479} INFO - 20/07/22 13:45:55 INFO ResourceUtils: ==============================================================
[2020-07-22 13:45:55,263] {logging_mixin.py:112} INFO - [2020-07-22 13:45:55,263] {spark_submit_hook.py:479} INFO - 20/07/22 13:45:55 INFO ResourceUtils: Resources for spark.driver:
[2020-07-22 13:45:55,263] {logging_mixin.py:112} INFO - [2020-07-22 13:45:55,263] {spark_submit_hook.py:479} INFO - 
[2020-07-22 13:45:55,264] {logging_mixin.py:112} INFO - [2020-07-22 13:45:55,264] {spark_submit_hook.py:479} INFO - 20/07/22 13:45:55 INFO ResourceUtils: ==============================================================
[2020-07-22 13:45:55,265] {logging_mixin.py:112} INFO - [2020-07-22 13:45:55,265] {spark_submit_hook.py:479} INFO - 20/07/22 13:45:55 INFO SparkContext: Submitted application: Spark_Test_Python
[2020-07-22 13:45:55,375] {logging_mixin.py:112} INFO - [2020-07-22 13:45:55,375] {spark_submit_hook.py:479} INFO - 20/07/22 13:45:55 INFO SecurityManager: Changing view acls to: bhakti
[2020-07-22 13:45:55,376] {logging_mixin.py:112} INFO - [2020-07-22 13:45:55,376] {spark_submit_hook.py:479} INFO - 20/07/22 13:45:55 INFO SecurityManager: Changing modify acls to: bhakti
[2020-07-22 13:45:55,376] {logging_mixin.py:112} INFO - [2020-07-22 13:45:55,376] {spark_submit_hook.py:479} INFO - 20/07/22 13:45:55 INFO SecurityManager: Changing view acls groups to:
[2020-07-22 13:45:55,376] {logging_mixin.py:112} INFO - [2020-07-22 13:45:55,376] {spark_submit_hook.py:479} INFO - 20/07/22 13:45:55 INFO SecurityManager: Changing modify acls groups to:
[2020-07-22 13:45:55,377] {logging_mixin.py:112} INFO - [2020-07-22 13:45:55,377] {spark_submit_hook.py:479} INFO - 20/07/22 13:45:55 INFO SecurityManager: SecurityManager: authentication disabled; ui acls disabled; users  with view permissions: Set(bhakti); groups with view permissions: Set(); users  with modify permissions: Set(bhakti); groups with modify permissions: Set()
[2020-07-22 13:45:55,787] {logging_mixin.py:112} INFO - [2020-07-22 13:45:55,786] {spark_submit_hook.py:479} INFO - 20/07/22 13:45:55 INFO Utils: Successfully started service 'sparkDriver' on port 34205.
[2020-07-22 13:45:55,832] {logging_mixin.py:112} INFO - [2020-07-22 13:45:55,832] {spark_submit_hook.py:479} INFO - 20/07/22 13:45:55 INFO SparkEnv: Registering MapOutputTracker
[2020-07-22 13:45:55,903] {logging_mixin.py:112} INFO - [2020-07-22 13:45:55,902] {spark_submit_hook.py:479} INFO - 20/07/22 13:45:55 INFO SparkEnv: Registering BlockManagerMaster
[2020-07-22 13:45:55,951] {logging_mixin.py:112} INFO - [2020-07-22 13:45:55,951] {spark_submit_hook.py:479} INFO - 20/07/22 13:45:55 INFO BlockManagerMasterEndpoint: Using org.apache.spark.storage.DefaultTopologyMapper for getting topology information
[2020-07-22 13:45:55,952] {logging_mixin.py:112} INFO - [2020-07-22 13:45:55,952] {spark_submit_hook.py:479} INFO - 20/07/22 13:45:55 INFO BlockManagerMasterEndpoint: BlockManagerMasterEndpoint up
[2020-07-22 13:45:55,966] {logging_mixin.py:112} INFO - [2020-07-22 13:45:55,966] {spark_submit_hook.py:479} INFO - 20/07/22 13:45:55 INFO SparkEnv: Registering BlockManagerMasterHeartbeat
[2020-07-22 13:45:55,992] {logging_mixin.py:112} INFO - [2020-07-22 13:45:55,992] {spark_submit_hook.py:479} INFO - 20/07/22 13:45:55 INFO DiskBlockManager: Created local directory at /tmp/blockmgr-221d6f99-51b6-4a24-b972-5e0113a54b6b
[2020-07-22 13:45:56,027] {logging_mixin.py:112} INFO - [2020-07-22 13:45:56,026] {spark_submit_hook.py:479} INFO - 20/07/22 13:45:56 INFO MemoryStore: MemoryStore started with capacity 366.3 MiB
[2020-07-22 13:45:56,052] {logging_mixin.py:112} INFO - [2020-07-22 13:45:56,052] {spark_submit_hook.py:479} INFO - 20/07/22 13:45:56 INFO SparkEnv: Registering OutputCommitCoordinator
[2020-07-22 13:45:56,464] {logging_mixin.py:112} INFO - [2020-07-22 13:45:56,463] {spark_submit_hook.py:479} INFO - 20/07/22 13:45:56 WARN Utils: Service 'SparkUI' could not bind on port 4040. Attempting port 4041.
[2020-07-22 13:45:56,464] {logging_mixin.py:112} INFO - [2020-07-22 13:45:56,464] {spark_submit_hook.py:479} INFO - 20/07/22 13:45:56 WARN Utils: Service 'SparkUI' could not bind on port 4041. Attempting port 4042.
[2020-07-22 13:45:56,464] {logging_mixin.py:112} INFO - [2020-07-22 13:45:56,464] {spark_submit_hook.py:479} INFO - 20/07/22 13:45:56 WARN Utils: Service 'SparkUI' could not bind on port 4042. Attempting port 4043.
[2020-07-22 13:45:56,465] {logging_mixin.py:112} INFO - [2020-07-22 13:45:56,465] {spark_submit_hook.py:479} INFO - 20/07/22 13:45:56 WARN Utils: Service 'SparkUI' could not bind on port 4043. Attempting port 4044.
[2020-07-22 13:45:56,480] {logging_mixin.py:112} INFO - [2020-07-22 13:45:56,480] {spark_submit_hook.py:479} INFO - 20/07/22 13:45:56 INFO Utils: Successfully started service 'SparkUI' on port 4044.
[2020-07-22 13:45:56,603] {logging_mixin.py:112} INFO - [2020-07-22 13:45:56,603] {spark_submit_hook.py:479} INFO - 20/07/22 13:45:56 INFO SparkUI: Bound SparkUI to 0.0.0.0, and started at http://192.168.43.94:4044
[2020-07-22 13:45:56,782] {logging_mixin.py:112} INFO - [2020-07-22 13:45:56,781] {spark_submit_hook.py:479} INFO - 20/07/22 13:45:56 ERROR SparkContext: Error initializing SparkContext.
[2020-07-22 13:45:56,782] {logging_mixin.py:112} INFO - [2020-07-22 13:45:56,782] {spark_submit_hook.py:479} INFO - org.apache.spark.SparkException: Could not parse Master URL: 'localhost:4040'
[2020-07-22 13:45:56,782] {logging_mixin.py:112} INFO - [2020-07-22 13:45:56,782] {spark_submit_hook.py:479} INFO - at org.apache.spark.SparkContext$.org$apache$spark$SparkContext$$createTaskScheduler(SparkContext.scala:2924)
[2020-07-22 13:45:56,783] {logging_mixin.py:112} INFO - [2020-07-22 13:45:56,782] {spark_submit_hook.py:479} INFO - at org.apache.spark.SparkContext.<init>(SparkContext.scala:528)
[2020-07-22 13:45:56,783] {logging_mixin.py:112} INFO - [2020-07-22 13:45:56,783] {spark_submit_hook.py:479} INFO - at org.apache.spark.api.java.JavaSparkContext.<init>(JavaSparkContext.scala:58)
[2020-07-22 13:45:56,783] {logging_mixin.py:112} INFO - [2020-07-22 13:45:56,783] {spark_submit_hook.py:479} INFO - at sun.reflect.NativeConstructorAccessorImpl.newInstance0(Native Method)
[2020-07-22 13:45:56,783] {logging_mixin.py:112} INFO - [2020-07-22 13:45:56,783] {spark_submit_hook.py:479} INFO - at sun.reflect.NativeConstructorAccessorImpl.newInstance(NativeConstructorAccessorImpl.java:62)
[2020-07-22 13:45:56,784] {logging_mixin.py:112} INFO - [2020-07-22 13:45:56,784] {spark_submit_hook.py:479} INFO - at sun.reflect.DelegatingConstructorAccessorImpl.newInstance(DelegatingConstructorAccessorImpl.java:45)
[2020-07-22 13:45:56,784] {logging_mixin.py:112} INFO - [2020-07-22 13:45:56,784] {spark_submit_hook.py:479} INFO - at java.lang.reflect.Constructor.newInstance(Constructor.java:423)
[2020-07-22 13:45:56,784] {logging_mixin.py:112} INFO - [2020-07-22 13:45:56,784] {spark_submit_hook.py:479} INFO - at py4j.reflection.MethodInvoker.invoke(MethodInvoker.java:247)
[2020-07-22 13:45:56,785] {logging_mixin.py:112} INFO - [2020-07-22 13:45:56,784] {spark_submit_hook.py:479} INFO - at py4j.reflection.ReflectionEngine.invoke(ReflectionEngine.java:357)
[2020-07-22 13:45:56,785] {logging_mixin.py:112} INFO - [2020-07-22 13:45:56,785] {spark_submit_hook.py:479} INFO - at py4j.Gateway.invoke(Gateway.java:238)
[2020-07-22 13:45:56,785] {logging_mixin.py:112} INFO - [2020-07-22 13:45:56,785] {spark_submit_hook.py:479} INFO - at py4j.commands.ConstructorCommand.invokeConstructor(ConstructorCommand.java:80)
[2020-07-22 13:45:56,785] {logging_mixin.py:112} INFO - [2020-07-22 13:45:56,785] {spark_submit_hook.py:479} INFO - at py4j.commands.ConstructorCommand.execute(ConstructorCommand.java:69)
[2020-07-22 13:45:56,786] {logging_mixin.py:112} INFO - [2020-07-22 13:45:56,786] {spark_submit_hook.py:479} INFO - at py4j.GatewayConnection.run(GatewayConnection.java:238)
[2020-07-22 13:45:56,786] {logging_mixin.py:112} INFO - [2020-07-22 13:45:56,786] {spark_submit_hook.py:479} INFO - at java.lang.Thread.run(Thread.java:748)
[2020-07-22 13:45:56,798] {logging_mixin.py:112} INFO - [2020-07-22 13:45:56,798] {spark_submit_hook.py:479} INFO - 20/07/22 13:45:56 INFO SparkUI: Stopped Spark web UI at http://192.168.43.94:4044
[2020-07-22 13:45:56,826] {logging_mixin.py:112} INFO - [2020-07-22 13:45:56,826] {spark_submit_hook.py:479} INFO - 20/07/22 13:45:56 INFO MapOutputTrackerMasterEndpoint: MapOutputTrackerMasterEndpoint stopped!
[2020-07-22 13:45:56,842] {logging_mixin.py:112} INFO - [2020-07-22 13:45:56,842] {spark_submit_hook.py:479} INFO - 20/07/22 13:45:56 INFO MemoryStore: MemoryStore cleared
[2020-07-22 13:45:56,843] {logging_mixin.py:112} INFO - [2020-07-22 13:45:56,843] {spark_submit_hook.py:479} INFO - 20/07/22 13:45:56 INFO BlockManager: BlockManager stopped
[2020-07-22 13:45:56,873] {logging_mixin.py:112} INFO - [2020-07-22 13:45:56,873] {spark_submit_hook.py:479} INFO - 20/07/22 13:45:56 INFO BlockManagerMaster: BlockManagerMaster stopped
[2020-07-22 13:45:56,874] {logging_mixin.py:112} INFO - [2020-07-22 13:45:56,874] {spark_submit_hook.py:479} INFO - 20/07/22 13:45:56 WARN MetricsSystem: Stopping a MetricsSystem that is not running
[2020-07-22 13:45:56,879] {logging_mixin.py:112} INFO - [2020-07-22 13:45:56,879] {spark_submit_hook.py:479} INFO - 20/07/22 13:45:56 INFO OutputCommitCoordinator$OutputCommitCoordinatorEndpoint: OutputCommitCoordinator stopped!
[2020-07-22 13:45:56,887] {logging_mixin.py:112} INFO - [2020-07-22 13:45:56,886] {spark_submit_hook.py:479} INFO - 20/07/22 13:45:56 INFO SparkContext: Successfully stopped SparkContext
[2020-07-22 13:45:56,947] {logging_mixin.py:112} INFO - [2020-07-22 13:45:56,947] {spark_submit_hook.py:479} INFO - Traceback (most recent call last):
[2020-07-22 13:45:56,948] {logging_mixin.py:112} INFO - [2020-07-22 13:45:56,948] {spark_submit_hook.py:479} INFO - File "/home/bhakti/airflow/spark_jobs/python/spark_test.py", line 12, in <module>
[2020-07-22 13:45:56,948] {logging_mixin.py:112} INFO - [2020-07-22 13:45:56,948] {spark_submit_hook.py:479} INFO - sc = SparkContext(conf=conf)
[2020-07-22 13:45:56,948] {logging_mixin.py:112} INFO - [2020-07-22 13:45:56,948] {spark_submit_hook.py:479} INFO - File "/opt/spark/python/lib/pyspark.zip/pyspark/context.py", line 130, in __init__
[2020-07-22 13:45:56,948] {logging_mixin.py:112} INFO - [2020-07-22 13:45:56,948] {spark_submit_hook.py:479} INFO - File "/opt/spark/python/lib/pyspark.zip/pyspark/context.py", line 193, in _do_init
[2020-07-22 13:45:56,948] {logging_mixin.py:112} INFO - [2020-07-22 13:45:56,948] {spark_submit_hook.py:479} INFO - File "/opt/spark/python/lib/pyspark.zip/pyspark/context.py", line 310, in _initialize_context
[2020-07-22 13:45:56,948] {logging_mixin.py:112} INFO - [2020-07-22 13:45:56,948] {spark_submit_hook.py:479} INFO - File "/opt/spark/python/lib/py4j-0.10.9-src.zip/py4j/java_gateway.py", line 1568, in __call__
[2020-07-22 13:45:56,949] {logging_mixin.py:112} INFO - [2020-07-22 13:45:56,949] {spark_submit_hook.py:479} INFO - File "/opt/spark/python/lib/py4j-0.10.9-src.zip/py4j/protocol.py", line 326, in get_return_value
[2020-07-22 13:45:56,949] {logging_mixin.py:112} INFO - [2020-07-22 13:45:56,949] {spark_submit_hook.py:479} INFO - py4j.protocol.Py4JJavaError: An error occurred while calling None.org.apache.spark.api.java.JavaSparkContext.
[2020-07-22 13:45:56,949] {logging_mixin.py:112} INFO - [2020-07-22 13:45:56,949] {spark_submit_hook.py:479} INFO - : org.apache.spark.SparkException: Could not parse Master URL: 'localhost:4040'
[2020-07-22 13:45:56,949] {logging_mixin.py:112} INFO - [2020-07-22 13:45:56,949] {spark_submit_hook.py:479} INFO - at org.apache.spark.SparkContext$.org$apache$spark$SparkContext$$createTaskScheduler(SparkContext.scala:2924)
[2020-07-22 13:45:56,950] {logging_mixin.py:112} INFO - [2020-07-22 13:45:56,949] {spark_submit_hook.py:479} INFO - at org.apache.spark.SparkContext.<init>(SparkContext.scala:528)
[2020-07-22 13:45:56,950] {logging_mixin.py:112} INFO - [2020-07-22 13:45:56,950] {spark_submit_hook.py:479} INFO - at org.apache.spark.api.java.JavaSparkContext.<init>(JavaSparkContext.scala:58)
[2020-07-22 13:45:56,950] {logging_mixin.py:112} INFO - [2020-07-22 13:45:56,950] {spark_submit_hook.py:479} INFO - at sun.reflect.NativeConstructorAccessorImpl.newInstance0(Native Method)
[2020-07-22 13:45:56,950] {logging_mixin.py:112} INFO - [2020-07-22 13:45:56,950] {spark_submit_hook.py:479} INFO - at sun.reflect.NativeConstructorAccessorImpl.newInstance(NativeConstructorAccessorImpl.java:62)
[2020-07-22 13:45:56,950] {logging_mixin.py:112} INFO - [2020-07-22 13:45:56,950] {spark_submit_hook.py:479} INFO - at sun.reflect.DelegatingConstructorAccessorImpl.newInstance(DelegatingConstructorAccessorImpl.java:45)
[2020-07-22 13:45:56,951] {logging_mixin.py:112} INFO - [2020-07-22 13:45:56,951] {spark_submit_hook.py:479} INFO - at java.lang.reflect.Constructor.newInstance(Constructor.java:423)
[2020-07-22 13:45:56,951] {logging_mixin.py:112} INFO - [2020-07-22 13:45:56,951] {spark_submit_hook.py:479} INFO - at py4j.reflection.MethodInvoker.invoke(MethodInvoker.java:247)
[2020-07-22 13:45:56,951] {logging_mixin.py:112} INFO - [2020-07-22 13:45:56,951] {spark_submit_hook.py:479} INFO - at py4j.reflection.ReflectionEngine.invoke(ReflectionEngine.java:357)
[2020-07-22 13:45:56,951] {logging_mixin.py:112} INFO - [2020-07-22 13:45:56,951] {spark_submit_hook.py:479} INFO - at py4j.Gateway.invoke(Gateway.java:238)
[2020-07-22 13:45:56,952] {logging_mixin.py:112} INFO - [2020-07-22 13:45:56,952] {spark_submit_hook.py:479} INFO - at py4j.commands.ConstructorCommand.invokeConstructor(ConstructorCommand.java:80)
[2020-07-22 13:45:56,952] {logging_mixin.py:112} INFO - [2020-07-22 13:45:56,952] {spark_submit_hook.py:479} INFO - at py4j.commands.ConstructorCommand.execute(ConstructorCommand.java:69)
[2020-07-22 13:45:56,952] {logging_mixin.py:112} INFO - [2020-07-22 13:45:56,952] {spark_submit_hook.py:479} INFO - at py4j.GatewayConnection.run(GatewayConnection.java:238)
[2020-07-22 13:45:56,952] {logging_mixin.py:112} INFO - [2020-07-22 13:45:56,952] {spark_submit_hook.py:479} INFO - at java.lang.Thread.run(Thread.java:748)
[2020-07-22 13:45:56,953] {logging_mixin.py:112} INFO - [2020-07-22 13:45:56,952] {spark_submit_hook.py:479} INFO - 
[2020-07-22 13:45:57,048] {logging_mixin.py:112} INFO - [2020-07-22 13:45:57,048] {spark_submit_hook.py:479} INFO - 20/07/22 13:45:57 INFO ShutdownHookManager: Shutdown hook called
[2020-07-22 13:45:57,050] {logging_mixin.py:112} INFO - [2020-07-22 13:45:57,050] {spark_submit_hook.py:479} INFO - 20/07/22 13:45:57 INFO ShutdownHookManager: Deleting directory /tmp/spark-0cfb60f4-b9d4-46ce-a0dd-8b1d48c80f73
[2020-07-22 13:45:57,053] {logging_mixin.py:112} INFO - [2020-07-22 13:45:57,053] {spark_submit_hook.py:479} INFO - 20/07/22 13:45:57 INFO ShutdownHookManager: Deleting directory /tmp/spark-aacb4c42-6cb8-4bc7-98a9-a54dbc79bbb6
[2020-07-22 13:45:57,108] {taskinstance.py:1145} ERROR - Cannot execute: spark-submit --master localhost:4040 --name airflow-spark /home/bhakti/airflow/spark_jobs/python/spark_test.py. Error code is: 1.
Traceback (most recent call last):
  File "/usr/local/lib/python3.8/dist-packages/airflow/models/taskinstance.py", line 983, in _run_raw_task
    result = task_copy.execute(context=context)
  File "/usr/local/lib/python3.8/dist-packages/airflow/contrib/operators/spark_submit_operator.py", line 187, in execute
    self._hook.submit(self._application)
  File "/usr/local/lib/python3.8/dist-packages/airflow/contrib/hooks/spark_submit_hook.py", line 403, in submit
    raise AirflowException(
airflow.exceptions.AirflowException: Cannot execute: spark-submit --master localhost:4040 --name airflow-spark /home/bhakti/airflow/spark_jobs/python/spark_test.py. Error code is: 1.
[2020-07-22 13:45:57,112] {taskinstance.py:1189} INFO - Marking task as FAILED.dag_id=submit_data, task_id=spark_submit, execution_date=20200720T014500, start_date=20200722T081548, end_date=20200722T081557
[2020-07-22 13:45:58,453] {logging_mixin.py:112} INFO - [2020-07-22 13:45:58,452] {local_task_job.py:103} INFO - Task exited with return code 1
