[2020-07-18 18:32:47,853] {taskinstance.py:669} INFO - Dependencies all met for <TaskInstance: MYSQLDAG.first_db_to_csv 2020-07-18T13:02:25.907277+00:00 [queued]>
[2020-07-18 18:32:47,862] {taskinstance.py:669} INFO - Dependencies all met for <TaskInstance: MYSQLDAG.first_db_to_csv 2020-07-18T13:02:25.907277+00:00 [queued]>
[2020-07-18 18:32:47,862] {taskinstance.py:879} INFO - 
--------------------------------------------------------------------------------
[2020-07-18 18:32:47,862] {taskinstance.py:880} INFO - Starting attempt 1 of 2
[2020-07-18 18:32:47,862] {taskinstance.py:881} INFO - 
--------------------------------------------------------------------------------
[2020-07-18 18:32:48,007] {taskinstance.py:900} INFO - Executing <Task(BashOperator): first_db_to_csv> on 2020-07-18T13:02:25.907277+00:00
[2020-07-18 18:32:48,012] {standard_task_runner.py:53} INFO - Started process 244346 to run task
[2020-07-18 18:32:48,194] {logging_mixin.py:112} INFO - Running %s on host %s <TaskInstance: MYSQLDAG.first_db_to_csv 2020-07-18T13:02:25.907277+00:00 [running]> bhakti-Vostro-3558
[2020-07-18 18:32:48,207] {bash_operator.py:82} INFO - Tmp dir root location: 
 /tmp
[2020-07-18 18:32:48,208] {bash_operator.py:103} INFO - Temporary script location: /tmp/airflowtmpa7k5knlw/first_db_to_csvoymf9lom
[2020-07-18 18:32:48,208] {bash_operator.py:115} INFO - Running command: #!/bin/bash -x
user=root
password=root
dbname=airflow_db1
host=mysql
port=3306
if [ $password != " " ]
then
docker exec -it mysqlCon \
mysql -D$dbname -h$host -p$port -u$user -p$password -e'SELECT * FROM employees INTO OUTFILE "/input_files_mysql/sample1.csv" FIELDS TERMINATED BY "," LINES TERMINATED BY "\n";'
echo "Task run successfully"
fi
[2020-07-18 18:32:48,215] {bash_operator.py:122} INFO - Output:
[2020-07-18 18:32:48,712] {bash_operator.py:126} INFO - mysql: [Warning] Using a password on the command line interface can be insecure.
[2020-07-18 18:32:48,729] {bash_operator.py:126} INFO - ERROR 1086 (HY000) at line 1: File '/input_files_mysql/sample1.csv' already exists
[2020-07-18 18:32:48,769] {bash_operator.py:126} INFO - Task run successfully
[2020-07-18 18:32:48,770] {bash_operator.py:128} INFO - Command exited with return code 0
[2020-07-18 18:32:48,782] {taskinstance.py:1052} INFO - Marking task as SUCCESS.dag_id=MYSQLDAG, task_id=first_db_to_csv, execution_date=20200718T130225, start_date=20200718T130247, end_date=20200718T130248
[2020-07-18 18:32:57,687] {logging_mixin.py:112} INFO - [2020-07-18 18:32:57,686] {local_task_job.py:103} INFO - Task exited with return code 0
