[2020-08-26 11:48:03,374] {taskinstance.py:669} INFO - Dependencies all met for <TaskInstance: submit_data.spark_submit2 2020-08-24T00:02:00+00:00 [queued]>
[2020-08-26 11:48:03,389] {taskinstance.py:669} INFO - Dependencies all met for <TaskInstance: submit_data.spark_submit2 2020-08-24T00:02:00+00:00 [queued]>
[2020-08-26 11:48:03,389] {taskinstance.py:879} INFO - 
--------------------------------------------------------------------------------
[2020-08-26 11:48:03,389] {taskinstance.py:880} INFO - Starting attempt 1 of 1
[2020-08-26 11:48:03,389] {taskinstance.py:881} INFO - 
--------------------------------------------------------------------------------
[2020-08-26 11:48:03,568] {taskinstance.py:900} INFO - Executing <Task(SparkSubmitOperator): spark_submit2> on 2020-08-24T00:02:00+00:00
[2020-08-26 11:48:03,572] {standard_task_runner.py:53} INFO - Started process 74211 to run task
[2020-08-26 11:48:03,806] {logging_mixin.py:112} INFO - Running %s on host %s <TaskInstance: submit_data.spark_submit2 2020-08-24T00:02:00+00:00 [running]> bhakti-Vostro-3558
[2020-08-26 11:48:03,864] {logging_mixin.py:112} INFO - [2020-08-26 11:48:03,863] {base_hook.py:87} INFO - Using connection to: id: spark_local. Host: local, Port: None, Schema: None, Login: None, Password: None, extra: None
[2020-08-26 11:48:03,867] {logging_mixin.py:112} INFO - [2020-08-26 11:48:03,866] {spark_submit_hook.py:325} INFO - Spark-Submit cmd: spark-submit --master local --jars /home/bhakti/airflow/jars/mysql-connector-java-5.1.47-bin.jar --name airflow-spark /home/bhakti/airflow/spark_jobs/write_mysql.py
[2020-08-26 11:48:03,901] {logging_mixin.py:112} INFO - [2020-08-26 11:48:03,900] {spark_submit_hook.py:479} INFO - /usr/local/bin/find-spark-home: line 40: python: command not found
[2020-08-26 11:48:03,902] {logging_mixin.py:112} INFO - [2020-08-26 11:48:03,902] {spark_submit_hook.py:479} INFO - /usr/local/bin/spark-submit: line 27: /bin/spark-class: No such file or directory
[2020-08-26 11:48:03,915] {taskinstance.py:1145} ERROR - Cannot execute: spark-submit --master local --jars /home/bhakti/airflow/jars/mysql-connector-java-5.1.47-bin.jar --name airflow-spark /home/bhakti/airflow/spark_jobs/write_mysql.py. Error code is: 127.
Traceback (most recent call last):
  File "/usr/local/lib/python3.8/dist-packages/airflow/models/taskinstance.py", line 983, in _run_raw_task
    result = task_copy.execute(context=context)
  File "/usr/local/lib/python3.8/dist-packages/airflow/contrib/operators/spark_submit_operator.py", line 187, in execute
    self._hook.submit(self._application)
  File "/usr/local/lib/python3.8/dist-packages/airflow/contrib/hooks/spark_submit_hook.py", line 403, in submit
    raise AirflowException(
airflow.exceptions.AirflowException: Cannot execute: spark-submit --master local --jars /home/bhakti/airflow/jars/mysql-connector-java-5.1.47-bin.jar --name airflow-spark /home/bhakti/airflow/spark_jobs/write_mysql.py. Error code is: 127.
[2020-08-26 11:48:03,919] {taskinstance.py:1189} INFO - Marking task as FAILED.dag_id=submit_data, task_id=spark_submit2, execution_date=20200824T000200, start_date=20200826T061803, end_date=20200826T061803
[2020-08-26 11:48:13,223] {logging_mixin.py:112} INFO - [2020-08-26 11:48:13,222] {local_task_job.py:103} INFO - Task exited with return code 1
