[2020-07-22 15:57:56,145] {taskinstance.py:669} INFO - Dependencies all met for <TaskInstance: submit_data.spark_submit 2020-07-20T05:39:00+00:00 [queued]>
[2020-07-22 15:57:56,172] {taskinstance.py:669} INFO - Dependencies all met for <TaskInstance: submit_data.spark_submit 2020-07-20T05:39:00+00:00 [queued]>
[2020-07-22 15:57:56,173] {taskinstance.py:879} INFO - 
--------------------------------------------------------------------------------
[2020-07-22 15:57:56,173] {taskinstance.py:880} INFO - Starting attempt 1 of 1
[2020-07-22 15:57:56,173] {taskinstance.py:881} INFO - 
--------------------------------------------------------------------------------
[2020-07-22 15:57:56,331] {taskinstance.py:900} INFO - Executing <Task(SparkSubmitOperator): spark_submit> on 2020-07-20T05:39:00+00:00
[2020-07-22 15:57:56,334] {standard_task_runner.py:53} INFO - Started process 542447 to run task
[2020-07-22 15:57:56,538] {logging_mixin.py:112} INFO - Running %s on host %s <TaskInstance: submit_data.spark_submit 2020-07-20T05:39:00+00:00 [running]> bhakti-Vostro-3558
[2020-07-22 15:57:56,581] {logging_mixin.py:112} INFO - [2020-07-22 15:57:56,580] {base_hook.py:87} INFO - Using connection to: id: spark_local. Host: local, Port: None, Schema: None, Login: None, Password: None, extra: None
[2020-07-22 15:57:56,582] {logging_mixin.py:112} INFO - [2020-07-22 15:57:56,582] {spark_submit_hook.py:325} INFO - Spark-Submit cmd: spark-submit --master local --name airflow-spark /home/bhakti/airflow/spark_jobs/python/spark_test.py
[2020-07-22 15:57:59,452] {logging_mixin.py:112} INFO - [2020-07-22 15:57:59,452] {spark_submit_hook.py:479} INFO - 20/07/22 15:57:59 WARN Utils: Your hostname, bhakti-Vostro-3558 resolves to a loopback address: 127.0.1.1; using 192.168.43.94 instead (on interface wlp6s0)
[2020-07-22 15:57:59,456] {logging_mixin.py:112} INFO - [2020-07-22 15:57:59,455] {spark_submit_hook.py:479} INFO - 20/07/22 15:57:59 WARN Utils: Set SPARK_LOCAL_IP if you need to bind to another address
[2020-07-22 15:58:01,540] {logging_mixin.py:112} INFO - [2020-07-22 15:58:01,540] {spark_submit_hook.py:479} INFO - 20/07/22 15:58:01 WARN NativeCodeLoader: Unable to load native-hadoop library for your platform... using builtin-java classes where applicable
[2020-07-22 15:58:04,144] {logging_mixin.py:112} INFO - [2020-07-22 15:58:04,144] {spark_submit_hook.py:479} INFO - Using Spark's default log4j profile: org/apache/spark/log4j-defaults.properties
[2020-07-22 15:58:04,182] {logging_mixin.py:112} INFO - [2020-07-22 15:58:04,181] {spark_submit_hook.py:479} INFO - 20/07/22 15:58:04 INFO SparkContext: Running Spark version 3.0.0
[2020-07-22 15:58:04,366] {logging_mixin.py:112} INFO - [2020-07-22 15:58:04,366] {spark_submit_hook.py:479} INFO - 20/07/22 15:58:04 INFO ResourceUtils: ==============================================================
[2020-07-22 15:58:04,376] {logging_mixin.py:112} INFO - [2020-07-22 15:58:04,375] {spark_submit_hook.py:479} INFO - 20/07/22 15:58:04 INFO ResourceUtils: Resources for spark.driver:
[2020-07-22 15:58:04,378] {logging_mixin.py:112} INFO - [2020-07-22 15:58:04,377] {spark_submit_hook.py:479} INFO - 
[2020-07-22 15:58:04,378] {logging_mixin.py:112} INFO - [2020-07-22 15:58:04,378] {spark_submit_hook.py:479} INFO - 20/07/22 15:58:04 INFO ResourceUtils: ==============================================================
[2020-07-22 15:58:04,378] {logging_mixin.py:112} INFO - [2020-07-22 15:58:04,378] {spark_submit_hook.py:479} INFO - 20/07/22 15:58:04 INFO SparkContext: Submitted application: Spark_Test_Python
[2020-07-22 15:58:04,486] {logging_mixin.py:112} INFO - [2020-07-22 15:58:04,486] {spark_submit_hook.py:479} INFO - 20/07/22 15:58:04 INFO SecurityManager: Changing view acls to: bhakti
[2020-07-22 15:58:04,487] {logging_mixin.py:112} INFO - [2020-07-22 15:58:04,487] {spark_submit_hook.py:479} INFO - 20/07/22 15:58:04 INFO SecurityManager: Changing modify acls to: bhakti
[2020-07-22 15:58:04,487] {logging_mixin.py:112} INFO - [2020-07-22 15:58:04,487] {spark_submit_hook.py:479} INFO - 20/07/22 15:58:04 INFO SecurityManager: Changing view acls groups to:
[2020-07-22 15:58:04,487] {logging_mixin.py:112} INFO - [2020-07-22 15:58:04,487] {spark_submit_hook.py:479} INFO - 20/07/22 15:58:04 INFO SecurityManager: Changing modify acls groups to:
[2020-07-22 15:58:04,488] {logging_mixin.py:112} INFO - [2020-07-22 15:58:04,488] {spark_submit_hook.py:479} INFO - 20/07/22 15:58:04 INFO SecurityManager: SecurityManager: authentication disabled; ui acls disabled; users  with view permissions: Set(bhakti); groups with view permissions: Set(); users  with modify permissions: Set(bhakti); groups with modify permissions: Set()
[2020-07-22 15:58:04,930] {logging_mixin.py:112} INFO - [2020-07-22 15:58:04,930] {spark_submit_hook.py:479} INFO - 20/07/22 15:58:04 INFO Utils: Successfully started service 'sparkDriver' on port 38461.
[2020-07-22 15:58:04,975] {logging_mixin.py:112} INFO - [2020-07-22 15:58:04,975] {spark_submit_hook.py:479} INFO - 20/07/22 15:58:04 INFO SparkEnv: Registering MapOutputTracker
[2020-07-22 15:58:05,034] {logging_mixin.py:112} INFO - [2020-07-22 15:58:05,034] {spark_submit_hook.py:479} INFO - 20/07/22 15:58:05 INFO SparkEnv: Registering BlockManagerMaster
[2020-07-22 15:58:05,070] {logging_mixin.py:112} INFO - [2020-07-22 15:58:05,069] {spark_submit_hook.py:479} INFO - 20/07/22 15:58:05 INFO BlockManagerMasterEndpoint: Using org.apache.spark.storage.DefaultTopologyMapper for getting topology information
[2020-07-22 15:58:05,071] {logging_mixin.py:112} INFO - [2020-07-22 15:58:05,071] {spark_submit_hook.py:479} INFO - 20/07/22 15:58:05 INFO BlockManagerMasterEndpoint: BlockManagerMasterEndpoint up
[2020-07-22 15:58:05,079] {logging_mixin.py:112} INFO - [2020-07-22 15:58:05,079] {spark_submit_hook.py:479} INFO - 20/07/22 15:58:05 INFO SparkEnv: Registering BlockManagerMasterHeartbeat
[2020-07-22 15:58:05,104] {logging_mixin.py:112} INFO - [2020-07-22 15:58:05,103] {spark_submit_hook.py:479} INFO - 20/07/22 15:58:05 INFO DiskBlockManager: Created local directory at /tmp/blockmgr-e30a923e-f203-44b6-a181-6f5fb6c4e7d1
[2020-07-22 15:58:05,143] {logging_mixin.py:112} INFO - [2020-07-22 15:58:05,142] {spark_submit_hook.py:479} INFO - 20/07/22 15:58:05 INFO MemoryStore: MemoryStore started with capacity 366.3 MiB
[2020-07-22 15:58:05,176] {logging_mixin.py:112} INFO - [2020-07-22 15:58:05,176] {spark_submit_hook.py:479} INFO - 20/07/22 15:58:05 INFO SparkEnv: Registering OutputCommitCoordinator
[2020-07-22 15:58:05,633] {logging_mixin.py:112} INFO - [2020-07-22 15:58:05,633] {spark_submit_hook.py:479} INFO - 20/07/22 15:58:05 WARN Utils: Service 'SparkUI' could not bind on port 4040. Attempting port 4041.
[2020-07-22 15:58:05,634] {logging_mixin.py:112} INFO - [2020-07-22 15:58:05,634] {spark_submit_hook.py:479} INFO - 20/07/22 15:58:05 WARN Utils: Service 'SparkUI' could not bind on port 4041. Attempting port 4042.
[2020-07-22 15:58:05,649] {logging_mixin.py:112} INFO - [2020-07-22 15:58:05,649] {spark_submit_hook.py:479} INFO - 20/07/22 15:58:05 INFO Utils: Successfully started service 'SparkUI' on port 4042.
[2020-07-22 15:58:05,765] {logging_mixin.py:112} INFO - [2020-07-22 15:58:05,765] {spark_submit_hook.py:479} INFO - 20/07/22 15:58:05 INFO SparkUI: Bound SparkUI to 0.0.0.0, and started at http://192.168.43.94:4042
[2020-07-22 15:58:06,344] {logging_mixin.py:112} INFO - [2020-07-22 15:58:06,343] {spark_submit_hook.py:479} INFO - 20/07/22 15:58:06 INFO Executor: Starting executor ID driver on host 192.168.43.94
[2020-07-22 15:58:06,433] {logging_mixin.py:112} INFO - [2020-07-22 15:58:06,433] {spark_submit_hook.py:479} INFO - 20/07/22 15:58:06 INFO Utils: Successfully started service 'org.apache.spark.network.netty.NettyBlockTransferService' on port 41465.
[2020-07-22 15:58:06,434] {logging_mixin.py:112} INFO - [2020-07-22 15:58:06,434] {spark_submit_hook.py:479} INFO - 20/07/22 15:58:06 INFO NettyBlockTransferService: Server created on 192.168.43.94:41465
[2020-07-22 15:58:06,438] {logging_mixin.py:112} INFO - [2020-07-22 15:58:06,438] {spark_submit_hook.py:479} INFO - 20/07/22 15:58:06 INFO BlockManager: Using org.apache.spark.storage.RandomBlockReplicationPolicy for block replication policy
[2020-07-22 15:58:06,460] {logging_mixin.py:112} INFO - [2020-07-22 15:58:06,460] {spark_submit_hook.py:479} INFO - 20/07/22 15:58:06 INFO BlockManagerMaster: Registering BlockManager BlockManagerId(driver, 192.168.43.94, 41465, None)
[2020-07-22 15:58:06,488] {logging_mixin.py:112} INFO - [2020-07-22 15:58:06,487] {spark_submit_hook.py:479} INFO - 20/07/22 15:58:06 INFO BlockManagerMasterEndpoint: Registering block manager 192.168.43.94:41465 with 366.3 MiB RAM, BlockManagerId(driver, 192.168.43.94, 41465, None)
[2020-07-22 15:58:06,494] {logging_mixin.py:112} INFO - [2020-07-22 15:58:06,493] {spark_submit_hook.py:479} INFO - 20/07/22 15:58:06 INFO BlockManagerMaster: Registered BlockManager BlockManagerId(driver, 192.168.43.94, 41465, None)
[2020-07-22 15:58:06,496] {logging_mixin.py:112} INFO - [2020-07-22 15:58:06,496] {spark_submit_hook.py:479} INFO - 20/07/22 15:58:06 INFO BlockManager: Initialized BlockManager: BlockManagerId(driver, 192.168.43.94, 41465, None)
[2020-07-22 15:58:08,893] {logging_mixin.py:112} INFO - [2020-07-22 15:58:08,892] {spark_submit_hook.py:479} INFO - 20/07/22 15:58:08 INFO MemoryStore: Block broadcast_0 stored as values in memory (estimated size 241.5 KiB, free 366.1 MiB)
[2020-07-22 15:58:09,384] {logging_mixin.py:112} INFO - [2020-07-22 15:58:09,384] {spark_submit_hook.py:479} INFO - 20/07/22 15:58:09 INFO MemoryStore: Block broadcast_0_piece0 stored as bytes in memory (estimated size 23.4 KiB, free 366.0 MiB)
[2020-07-22 15:58:09,415] {logging_mixin.py:112} INFO - [2020-07-22 15:58:09,415] {spark_submit_hook.py:479} INFO - 20/07/22 15:58:09 INFO BlockManagerInfo: Added broadcast_0_piece0 in memory on 192.168.43.94:41465 (size: 23.4 KiB, free: 366.3 MiB)
[2020-07-22 15:58:09,435] {logging_mixin.py:112} INFO - [2020-07-22 15:58:09,435] {spark_submit_hook.py:479} INFO - 20/07/22 15:58:09 INFO SparkContext: Created broadcast 0 from textFile at NativeMethodAccessorImpl.java:0
[2020-07-22 15:58:10,566] {logging_mixin.py:112} INFO - [2020-07-22 15:58:10,565] {spark_submit_hook.py:479} INFO - 20/07/22 15:58:10 INFO FileInputFormat: Total input paths to process : 1
[2020-07-22 15:58:11,004] {logging_mixin.py:112} INFO - [2020-07-22 15:58:11,003] {spark_submit_hook.py:479} INFO - 20/07/22 15:58:11 INFO SparkContext: Starting job: collect at /home/bhakti/airflow/spark_jobs/python/spark_test.py:5
[2020-07-22 15:58:11,041] {logging_mixin.py:112} INFO - [2020-07-22 15:58:11,041] {spark_submit_hook.py:479} INFO - 20/07/22 15:58:11 INFO DAGScheduler: Got job 0 (collect at /home/bhakti/airflow/spark_jobs/python/spark_test.py:5) with 1 output partitions
[2020-07-22 15:58:11,042] {logging_mixin.py:112} INFO - [2020-07-22 15:58:11,042] {spark_submit_hook.py:479} INFO - 20/07/22 15:58:11 INFO DAGScheduler: Final stage: ResultStage 0 (collect at /home/bhakti/airflow/spark_jobs/python/spark_test.py:5)
[2020-07-22 15:58:11,055] {logging_mixin.py:112} INFO - [2020-07-22 15:58:11,054] {spark_submit_hook.py:479} INFO - 20/07/22 15:58:11 INFO DAGScheduler: Parents of final stage: List()
[2020-07-22 15:58:11,063] {logging_mixin.py:112} INFO - [2020-07-22 15:58:11,063] {spark_submit_hook.py:479} INFO - 20/07/22 15:58:11 INFO DAGScheduler: Missing parents: List()
[2020-07-22 15:58:11,087] {logging_mixin.py:112} INFO - [2020-07-22 15:58:11,086] {spark_submit_hook.py:479} INFO - 20/07/22 15:58:11 INFO DAGScheduler: Submitting ResultStage 0 (PythonRDD[2] at collect at /home/bhakti/airflow/spark_jobs/python/spark_test.py:5), which has no missing parents
[2020-07-22 15:58:11,191] {logging_mixin.py:112} INFO - [2020-07-22 15:58:11,191] {spark_submit_hook.py:479} INFO - 20/07/22 15:58:11 INFO MemoryStore: Block broadcast_1 stored as values in memory (estimated size 7.4 KiB, free 366.0 MiB)
[2020-07-22 15:58:11,204] {logging_mixin.py:112} INFO - [2020-07-22 15:58:11,204] {spark_submit_hook.py:479} INFO - 20/07/22 15:58:11 INFO MemoryStore: Block broadcast_1_piece0 stored as bytes in memory (estimated size 4.4 KiB, free 366.0 MiB)
[2020-07-22 15:58:11,207] {logging_mixin.py:112} INFO - [2020-07-22 15:58:11,207] {spark_submit_hook.py:479} INFO - 20/07/22 15:58:11 INFO BlockManagerInfo: Added broadcast_1_piece0 in memory on 192.168.43.94:41465 (size: 4.4 KiB, free: 366.3 MiB)
[2020-07-22 15:58:11,210] {logging_mixin.py:112} INFO - [2020-07-22 15:58:11,210] {spark_submit_hook.py:479} INFO - 20/07/22 15:58:11 INFO SparkContext: Created broadcast 1 from broadcast at DAGScheduler.scala:1200
[2020-07-22 15:58:11,263] {logging_mixin.py:112} INFO - [2020-07-22 15:58:11,263] {spark_submit_hook.py:479} INFO - 20/07/22 15:58:11 INFO DAGScheduler: Submitting 1 missing tasks from ResultStage 0 (PythonRDD[2] at collect at /home/bhakti/airflow/spark_jobs/python/spark_test.py:5) (first 15 tasks are for partitions Vector(0))
[2020-07-22 15:58:11,266] {logging_mixin.py:112} INFO - [2020-07-22 15:58:11,266] {spark_submit_hook.py:479} INFO - 20/07/22 15:58:11 INFO TaskSchedulerImpl: Adding task set 0.0 with 1 tasks
[2020-07-22 15:58:11,493] {logging_mixin.py:112} INFO - [2020-07-22 15:58:11,487] {spark_submit_hook.py:479} INFO - 20/07/22 15:58:11 INFO TaskSetManager: Starting task 0.0 in stage 0.0 (TID 0, 192.168.43.94, executor driver, partition 0, PROCESS_LOCAL, 7388 bytes)
[2020-07-22 15:58:11,548] {logging_mixin.py:112} INFO - [2020-07-22 15:58:11,548] {spark_submit_hook.py:479} INFO - 20/07/22 15:58:11 INFO Executor: Running task 0.0 in stage 0.0 (TID 0)
[2020-07-22 15:58:12,100] {logging_mixin.py:112} INFO - [2020-07-22 15:58:12,100] {spark_submit_hook.py:479} INFO - 20/07/22 15:58:12 INFO HadoopRDD: Input split: file:/home/bhakti/airflow/input_data/sample.csv:0+93
[2020-07-22 15:58:13,041] {logging_mixin.py:112} INFO - [2020-07-22 15:58:13,040] {spark_submit_hook.py:479} INFO - 20/07/22 15:58:13 INFO PythonRunner: Times: total = 907, boot = 885, init = 21, finish = 1
[2020-07-22 15:58:13,077] {logging_mixin.py:112} INFO - [2020-07-22 15:58:13,077] {spark_submit_hook.py:479} INFO - 20/07/22 15:58:13 INFO Executor: Finished task 0.0 in stage 0.0 (TID 0). 1732 bytes result sent to driver
[2020-07-22 15:58:13,092] {logging_mixin.py:112} INFO - [2020-07-22 15:58:13,092] {spark_submit_hook.py:479} INFO - 20/07/22 15:58:13 INFO TaskSetManager: Finished task 0.0 in stage 0.0 (TID 0) in 1701 ms on 192.168.43.94 (executor driver) (1/1)
[2020-07-22 15:58:13,096] {logging_mixin.py:112} INFO - [2020-07-22 15:58:13,095] {spark_submit_hook.py:479} INFO - 20/07/22 15:58:13 INFO TaskSchedulerImpl: Removed TaskSet 0.0, whose tasks have all completed, from pool
[2020-07-22 15:58:13,101] {logging_mixin.py:112} INFO - [2020-07-22 15:58:13,100] {spark_submit_hook.py:479} INFO - 20/07/22 15:58:13 INFO PythonAccumulatorV2: Connected to AccumulatorServer at host: 127.0.0.1 port: 38107
[2020-07-22 15:58:13,111] {logging_mixin.py:112} INFO - [2020-07-22 15:58:13,111] {spark_submit_hook.py:479} INFO - 20/07/22 15:58:13 INFO DAGScheduler: ResultStage 0 (collect at /home/bhakti/airflow/spark_jobs/python/spark_test.py:5) finished in 1.939 s
[2020-07-22 15:58:13,118] {logging_mixin.py:112} INFO - [2020-07-22 15:58:13,118] {spark_submit_hook.py:479} INFO - 20/07/22 15:58:13 INFO DAGScheduler: Job 0 is finished. Cancelling potential speculative or zombie tasks for this job
[2020-07-22 15:58:13,119] {logging_mixin.py:112} INFO - [2020-07-22 15:58:13,119] {spark_submit_hook.py:479} INFO - 20/07/22 15:58:13 INFO TaskSchedulerImpl: Killing all running tasks in stage 0: Stage finished
[2020-07-22 15:58:13,126] {logging_mixin.py:112} INFO - [2020-07-22 15:58:13,125] {spark_submit_hook.py:479} INFO - 20/07/22 15:58:13 INFO DAGScheduler: Job 0 finished: collect at /home/bhakti/airflow/spark_jobs/python/spark_test.py:5, took 2.118864 s
[2020-07-22 15:58:13,143] {logging_mixin.py:112} INFO - [2020-07-22 15:58:13,142] {spark_submit_hook.py:479} INFO - [('PERSON', 'JOINING_YEAR'), ('John', '2018'), ('Sam', '2017'), ('Jeff', '2014'), ('Allen', '2015')]
[2020-07-22 15:58:13,216] {logging_mixin.py:112} INFO - [2020-07-22 15:58:13,216] {spark_submit_hook.py:479} INFO - 20/07/22 15:58:13 INFO SparkContext: Invoking stop() from shutdown hook
[2020-07-22 15:58:13,229] {logging_mixin.py:112} INFO - [2020-07-22 15:58:13,229] {spark_submit_hook.py:479} INFO - 20/07/22 15:58:13 INFO SparkUI: Stopped Spark web UI at http://192.168.43.94:4042
[2020-07-22 15:58:13,257] {logging_mixin.py:112} INFO - [2020-07-22 15:58:13,257] {spark_submit_hook.py:479} INFO - 20/07/22 15:58:13 INFO MapOutputTrackerMasterEndpoint: MapOutputTrackerMasterEndpoint stopped!
[2020-07-22 15:58:13,305] {logging_mixin.py:112} INFO - [2020-07-22 15:58:13,304] {spark_submit_hook.py:479} INFO - 20/07/22 15:58:13 INFO MemoryStore: MemoryStore cleared
[2020-07-22 15:58:13,309] {logging_mixin.py:112} INFO - [2020-07-22 15:58:13,308] {spark_submit_hook.py:479} INFO - 20/07/22 15:58:13 INFO BlockManager: BlockManager stopped
[2020-07-22 15:58:13,324] {logging_mixin.py:112} INFO - [2020-07-22 15:58:13,324] {spark_submit_hook.py:479} INFO - 20/07/22 15:58:13 INFO BlockManagerMaster: BlockManagerMaster stopped
[2020-07-22 15:58:13,328] {logging_mixin.py:112} INFO - [2020-07-22 15:58:13,328] {spark_submit_hook.py:479} INFO - 20/07/22 15:58:13 INFO OutputCommitCoordinator$OutputCommitCoordinatorEndpoint: OutputCommitCoordinator stopped!
[2020-07-22 15:58:13,334] {logging_mixin.py:112} INFO - [2020-07-22 15:58:13,333] {spark_submit_hook.py:479} INFO - 20/07/22 15:58:13 INFO SparkContext: Successfully stopped SparkContext
[2020-07-22 15:58:13,334] {logging_mixin.py:112} INFO - [2020-07-22 15:58:13,334] {spark_submit_hook.py:479} INFO - 20/07/22 15:58:13 INFO ShutdownHookManager: Shutdown hook called
[2020-07-22 15:58:13,335] {logging_mixin.py:112} INFO - [2020-07-22 15:58:13,335] {spark_submit_hook.py:479} INFO - 20/07/22 15:58:13 INFO ShutdownHookManager: Deleting directory /tmp/spark-eb9e598c-3bba-4221-abe0-3dfdfd6a3f03
[2020-07-22 15:58:13,339] {logging_mixin.py:112} INFO - [2020-07-22 15:58:13,339] {spark_submit_hook.py:479} INFO - 20/07/22 15:58:13 INFO ShutdownHookManager: Deleting directory /tmp/spark-8cbae7e0-5d61-442c-9cf3-9e55de796f69/pyspark-2197739a-178e-46db-a5d5-4a4f6c803893
[2020-07-22 15:58:13,343] {logging_mixin.py:112} INFO - [2020-07-22 15:58:13,342] {spark_submit_hook.py:479} INFO - 20/07/22 15:58:13 INFO ShutdownHookManager: Deleting directory /tmp/spark-8cbae7e0-5d61-442c-9cf3-9e55de796f69
[2020-07-22 15:58:13,394] {taskinstance.py:1052} INFO - Marking task as SUCCESS.dag_id=submit_data, task_id=spark_submit, execution_date=20200720T053900, start_date=20200722T102756, end_date=20200722T102813
[2020-07-22 15:58:16,367] {logging_mixin.py:112} INFO - [2020-07-22 15:58:16,367] {local_task_job.py:103} INFO - Task exited with return code 0
