[2020-07-23 15:11:46,585] {taskinstance.py:669} INFO - Dependencies all met for <TaskInstance: submit_data.spark_submit 2020-07-21T00:37:00+00:00 [queued]>
[2020-07-23 15:11:46,599] {taskinstance.py:669} INFO - Dependencies all met for <TaskInstance: submit_data.spark_submit 2020-07-21T00:37:00+00:00 [queued]>
[2020-07-23 15:11:46,599] {taskinstance.py:879} INFO - 
--------------------------------------------------------------------------------
[2020-07-23 15:11:46,599] {taskinstance.py:880} INFO - Starting attempt 1 of 1
[2020-07-23 15:11:46,599] {taskinstance.py:881} INFO - 
--------------------------------------------------------------------------------
[2020-07-23 15:11:47,159] {taskinstance.py:900} INFO - Executing <Task(SparkSubmitOperator): spark_submit> on 2020-07-21T00:37:00+00:00
[2020-07-23 15:11:47,164] {standard_task_runner.py:53} INFO - Started process 246918 to run task
[2020-07-23 15:11:47,903] {logging_mixin.py:112} INFO - Running %s on host %s <TaskInstance: submit_data.spark_submit 2020-07-21T00:37:00+00:00 [running]> bhakti-Vostro-3558
[2020-07-23 15:11:47,924] {logging_mixin.py:112} INFO - [2020-07-23 15:11:47,924] {base_hook.py:87} INFO - Using connection to: id: spark_local. Host: local, Port: None, Schema: None, Login: None, Password: None, extra: None
[2020-07-23 15:11:47,925] {logging_mixin.py:112} INFO - [2020-07-23 15:11:47,925] {spark_submit_hook.py:325} INFO - Spark-Submit cmd: spark-submit --master local --name airflow-spark /home/bhakti/airflow/spark_jobs/spark_test.py
[2020-07-23 15:11:49,763] {logging_mixin.py:112} INFO - [2020-07-23 15:11:49,763] {spark_submit_hook.py:479} INFO - 20/07/23 15:11:49 WARN Utils: Your hostname, bhakti-Vostro-3558 resolves to a loopback address: 127.0.1.1; using 192.168.43.94 instead (on interface wlp6s0)
[2020-07-23 15:11:49,765] {logging_mixin.py:112} INFO - [2020-07-23 15:11:49,765] {spark_submit_hook.py:479} INFO - 20/07/23 15:11:49 WARN Utils: Set SPARK_LOCAL_IP if you need to bind to another address
[2020-07-23 15:11:51,108] {logging_mixin.py:112} INFO - [2020-07-23 15:11:51,107] {spark_submit_hook.py:479} INFO - 20/07/23 15:11:51 WARN NativeCodeLoader: Unable to load native-hadoop library for your platform... using builtin-java classes where applicable
[2020-07-23 15:11:52,519] {logging_mixin.py:112} INFO - [2020-07-23 15:11:52,518] {spark_submit_hook.py:479} INFO - Using Spark's default log4j profile: org/apache/spark/log4j-defaults.properties
[2020-07-23 15:11:52,532] {logging_mixin.py:112} INFO - [2020-07-23 15:11:52,532] {spark_submit_hook.py:479} INFO - 20/07/23 15:11:52 INFO SparkContext: Running Spark version 3.0.0
[2020-07-23 15:11:52,598] {logging_mixin.py:112} INFO - [2020-07-23 15:11:52,598] {spark_submit_hook.py:479} INFO - 20/07/23 15:11:52 INFO ResourceUtils: ==============================================================
[2020-07-23 15:11:52,601] {logging_mixin.py:112} INFO - [2020-07-23 15:11:52,601] {spark_submit_hook.py:479} INFO - 20/07/23 15:11:52 INFO ResourceUtils: Resources for spark.driver:
[2020-07-23 15:11:52,746] {logging_mixin.py:112} INFO - [2020-07-23 15:11:52,746] {spark_submit_hook.py:479} INFO - 
[2020-07-23 15:11:52,746] {logging_mixin.py:112} INFO - [2020-07-23 15:11:52,746] {spark_submit_hook.py:479} INFO - 20/07/23 15:11:52 INFO ResourceUtils: ==============================================================
[2020-07-23 15:11:52,747] {logging_mixin.py:112} INFO - [2020-07-23 15:11:52,747] {spark_submit_hook.py:479} INFO - 20/07/23 15:11:52 INFO SparkContext: Submitted application: Spark_Test_Python
[2020-07-23 15:11:52,747] {logging_mixin.py:112} INFO - [2020-07-23 15:11:52,747] {spark_submit_hook.py:479} INFO - 20/07/23 15:11:52 INFO SecurityManager: Changing view acls to: bhakti
[2020-07-23 15:11:52,747] {logging_mixin.py:112} INFO - [2020-07-23 15:11:52,747] {spark_submit_hook.py:479} INFO - 20/07/23 15:11:52 INFO SecurityManager: Changing modify acls to: bhakti
[2020-07-23 15:11:52,747] {logging_mixin.py:112} INFO - [2020-07-23 15:11:52,747] {spark_submit_hook.py:479} INFO - 20/07/23 15:11:52 INFO SecurityManager: Changing view acls groups to:
[2020-07-23 15:11:52,748] {logging_mixin.py:112} INFO - [2020-07-23 15:11:52,747] {spark_submit_hook.py:479} INFO - 20/07/23 15:11:52 INFO SecurityManager: Changing modify acls groups to:
[2020-07-23 15:11:52,748] {logging_mixin.py:112} INFO - [2020-07-23 15:11:52,748] {spark_submit_hook.py:479} INFO - 20/07/23 15:11:52 INFO SecurityManager: SecurityManager: authentication disabled; ui acls disabled; users  with view permissions: Set(bhakti); groups with view permissions: Set(); users  with modify permissions: Set(bhakti); groups with modify permissions: Set()
[2020-07-23 15:11:53,245] {logging_mixin.py:112} INFO - [2020-07-23 15:11:53,243] {spark_submit_hook.py:479} INFO - 20/07/23 15:11:53 INFO Utils: Successfully started service 'sparkDriver' on port 37947.
[2020-07-23 15:11:53,288] {logging_mixin.py:112} INFO - [2020-07-23 15:11:53,288] {spark_submit_hook.py:479} INFO - 20/07/23 15:11:53 INFO SparkEnv: Registering MapOutputTracker
[2020-07-23 15:11:53,353] {logging_mixin.py:112} INFO - [2020-07-23 15:11:53,352] {spark_submit_hook.py:479} INFO - 20/07/23 15:11:53 INFO SparkEnv: Registering BlockManagerMaster
[2020-07-23 15:11:53,391] {logging_mixin.py:112} INFO - [2020-07-23 15:11:53,390] {spark_submit_hook.py:479} INFO - 20/07/23 15:11:53 INFO BlockManagerMasterEndpoint: Using org.apache.spark.storage.DefaultTopologyMapper for getting topology information
[2020-07-23 15:11:53,392] {logging_mixin.py:112} INFO - [2020-07-23 15:11:53,392] {spark_submit_hook.py:479} INFO - 20/07/23 15:11:53 INFO BlockManagerMasterEndpoint: BlockManagerMasterEndpoint up
[2020-07-23 15:11:53,400] {logging_mixin.py:112} INFO - [2020-07-23 15:11:53,400] {spark_submit_hook.py:479} INFO - 20/07/23 15:11:53 INFO SparkEnv: Registering BlockManagerMasterHeartbeat
[2020-07-23 15:11:53,424] {logging_mixin.py:112} INFO - [2020-07-23 15:11:53,424] {spark_submit_hook.py:479} INFO - 20/07/23 15:11:53 INFO DiskBlockManager: Created local directory at /tmp/blockmgr-b5c1f325-ab0a-4871-a104-eeb43c1597d3
[2020-07-23 15:11:53,461] {logging_mixin.py:112} INFO - [2020-07-23 15:11:53,461] {spark_submit_hook.py:479} INFO - 20/07/23 15:11:53 INFO MemoryStore: MemoryStore started with capacity 366.3 MiB
[2020-07-23 15:11:53,488] {logging_mixin.py:112} INFO - [2020-07-23 15:11:53,488] {spark_submit_hook.py:479} INFO - 20/07/23 15:11:53 INFO SparkEnv: Registering OutputCommitCoordinator
[2020-07-23 15:11:53,901] {logging_mixin.py:112} INFO - [2020-07-23 15:11:53,900] {spark_submit_hook.py:479} INFO - 20/07/23 15:11:53 WARN Utils: Service 'SparkUI' could not bind on port 4040. Attempting port 4041.
[2020-07-23 15:11:53,901] {logging_mixin.py:112} INFO - [2020-07-23 15:11:53,901] {spark_submit_hook.py:479} INFO - 20/07/23 15:11:53 WARN Utils: Service 'SparkUI' could not bind on port 4041. Attempting port 4042.
[2020-07-23 15:11:53,901] {logging_mixin.py:112} INFO - [2020-07-23 15:11:53,901] {spark_submit_hook.py:479} INFO - 20/07/23 15:11:53 WARN Utils: Service 'SparkUI' could not bind on port 4042. Attempting port 4043.
[2020-07-23 15:11:53,913] {logging_mixin.py:112} INFO - [2020-07-23 15:11:53,912] {spark_submit_hook.py:479} INFO - 20/07/23 15:11:53 INFO Utils: Successfully started service 'SparkUI' on port 4043.
[2020-07-23 15:11:54,007] {logging_mixin.py:112} INFO - [2020-07-23 15:11:54,006] {spark_submit_hook.py:479} INFO - 20/07/23 15:11:54 INFO SparkUI: Bound SparkUI to 0.0.0.0, and started at http://192.168.43.94:4043
[2020-07-23 15:11:54,428] {logging_mixin.py:112} INFO - [2020-07-23 15:11:54,427] {spark_submit_hook.py:479} INFO - 20/07/23 15:11:54 INFO Executor: Starting executor ID driver on host 192.168.43.94
[2020-07-23 15:11:54,478] {logging_mixin.py:112} INFO - [2020-07-23 15:11:54,477] {spark_submit_hook.py:479} INFO - 20/07/23 15:11:54 INFO Utils: Successfully started service 'org.apache.spark.network.netty.NettyBlockTransferService' on port 42217.
[2020-07-23 15:11:54,479] {logging_mixin.py:112} INFO - [2020-07-23 15:11:54,479] {spark_submit_hook.py:479} INFO - 20/07/23 15:11:54 INFO NettyBlockTransferService: Server created on 192.168.43.94:42217
[2020-07-23 15:11:54,482] {logging_mixin.py:112} INFO - [2020-07-23 15:11:54,482] {spark_submit_hook.py:479} INFO - 20/07/23 15:11:54 INFO BlockManager: Using org.apache.spark.storage.RandomBlockReplicationPolicy for block replication policy
[2020-07-23 15:11:54,500] {logging_mixin.py:112} INFO - [2020-07-23 15:11:54,500] {spark_submit_hook.py:479} INFO - 20/07/23 15:11:54 INFO BlockManagerMaster: Registering BlockManager BlockManagerId(driver, 192.168.43.94, 42217, None)
[2020-07-23 15:11:54,510] {logging_mixin.py:112} INFO - [2020-07-23 15:11:54,509] {spark_submit_hook.py:479} INFO - 20/07/23 15:11:54 INFO BlockManagerMasterEndpoint: Registering block manager 192.168.43.94:42217 with 366.3 MiB RAM, BlockManagerId(driver, 192.168.43.94, 42217, None)
[2020-07-23 15:11:54,516] {logging_mixin.py:112} INFO - [2020-07-23 15:11:54,515] {spark_submit_hook.py:479} INFO - 20/07/23 15:11:54 INFO BlockManagerMaster: Registered BlockManager BlockManagerId(driver, 192.168.43.94, 42217, None)
[2020-07-23 15:11:54,519] {logging_mixin.py:112} INFO - [2020-07-23 15:11:54,518] {spark_submit_hook.py:479} INFO - 20/07/23 15:11:54 INFO BlockManager: Initialized BlockManager: BlockManagerId(driver, 192.168.43.94, 42217, None)
[2020-07-23 15:11:56,233] {logging_mixin.py:112} INFO - [2020-07-23 15:11:56,233] {spark_submit_hook.py:479} INFO - 20/07/23 15:11:56 INFO MemoryStore: Block broadcast_0 stored as values in memory (estimated size 241.5 KiB, free 366.1 MiB)
[2020-07-23 15:11:56,350] {logging_mixin.py:112} INFO - [2020-07-23 15:11:56,350] {spark_submit_hook.py:479} INFO - 20/07/23 15:11:56 INFO MemoryStore: Block broadcast_0_piece0 stored as bytes in memory (estimated size 23.4 KiB, free 366.0 MiB)
[2020-07-23 15:11:56,357] {logging_mixin.py:112} INFO - [2020-07-23 15:11:56,356] {spark_submit_hook.py:479} INFO - 20/07/23 15:11:56 INFO BlockManagerInfo: Added broadcast_0_piece0 in memory on 192.168.43.94:42217 (size: 23.4 KiB, free: 366.3 MiB)
[2020-07-23 15:11:56,368] {logging_mixin.py:112} INFO - [2020-07-23 15:11:56,368] {spark_submit_hook.py:479} INFO - 20/07/23 15:11:56 INFO SparkContext: Created broadcast 0 from textFile at NativeMethodAccessorImpl.java:0
[2020-07-23 15:11:56,696] {logging_mixin.py:112} INFO - [2020-07-23 15:11:56,695] {spark_submit_hook.py:479} INFO - 20/07/23 15:11:56 INFO FileInputFormat: Total input paths to process : 1
[2020-07-23 15:11:56,906] {logging_mixin.py:112} INFO - [2020-07-23 15:11:56,905] {spark_submit_hook.py:479} INFO - 20/07/23 15:11:56 INFO SparkContext: Starting job: collect at /home/bhakti/airflow/spark_jobs/spark_test.py:8
[2020-07-23 15:11:56,968] {logging_mixin.py:112} INFO - [2020-07-23 15:11:56,968] {spark_submit_hook.py:479} INFO - 20/07/23 15:11:56 INFO DAGScheduler: Got job 0 (collect at /home/bhakti/airflow/spark_jobs/spark_test.py:8) with 1 output partitions
[2020-07-23 15:11:56,969] {logging_mixin.py:112} INFO - [2020-07-23 15:11:56,968] {spark_submit_hook.py:479} INFO - 20/07/23 15:11:56 INFO DAGScheduler: Final stage: ResultStage 0 (collect at /home/bhakti/airflow/spark_jobs/spark_test.py:8)
[2020-07-23 15:11:56,969] {logging_mixin.py:112} INFO - [2020-07-23 15:11:56,969] {spark_submit_hook.py:479} INFO - 20/07/23 15:11:56 INFO DAGScheduler: Parents of final stage: List()
[2020-07-23 15:11:56,973] {logging_mixin.py:112} INFO - [2020-07-23 15:11:56,973] {spark_submit_hook.py:479} INFO - 20/07/23 15:11:56 INFO DAGScheduler: Missing parents: List()
[2020-07-23 15:11:57,026] {logging_mixin.py:112} INFO - [2020-07-23 15:11:57,025] {spark_submit_hook.py:479} INFO - 20/07/23 15:11:57 INFO DAGScheduler: Submitting ResultStage 0 (PythonRDD[2] at collect at /home/bhakti/airflow/spark_jobs/spark_test.py:8), which has no missing parents
[2020-07-23 15:11:57,140] {logging_mixin.py:112} INFO - [2020-07-23 15:11:57,140] {spark_submit_hook.py:479} INFO - 20/07/23 15:11:57 INFO MemoryStore: Block broadcast_1 stored as values in memory (estimated size 7.4 KiB, free 366.0 MiB)
[2020-07-23 15:11:57,147] {logging_mixin.py:112} INFO - [2020-07-23 15:11:57,147] {spark_submit_hook.py:479} INFO - 20/07/23 15:11:57 INFO MemoryStore: Block broadcast_1_piece0 stored as bytes in memory (estimated size 4.4 KiB, free 366.0 MiB)
[2020-07-23 15:11:57,154] {logging_mixin.py:112} INFO - [2020-07-23 15:11:57,153] {spark_submit_hook.py:479} INFO - 20/07/23 15:11:57 INFO BlockManagerInfo: Added broadcast_1_piece0 in memory on 192.168.43.94:42217 (size: 4.4 KiB, free: 366.3 MiB)
[2020-07-23 15:11:57,154] {logging_mixin.py:112} INFO - [2020-07-23 15:11:57,154] {spark_submit_hook.py:479} INFO - 20/07/23 15:11:57 INFO SparkContext: Created broadcast 1 from broadcast at DAGScheduler.scala:1200
[2020-07-23 15:11:57,190] {logging_mixin.py:112} INFO - [2020-07-23 15:11:57,190] {spark_submit_hook.py:479} INFO - 20/07/23 15:11:57 INFO DAGScheduler: Submitting 1 missing tasks from ResultStage 0 (PythonRDD[2] at collect at /home/bhakti/airflow/spark_jobs/spark_test.py:8) (first 15 tasks are for partitions Vector(0))
[2020-07-23 15:11:57,210] {logging_mixin.py:112} INFO - [2020-07-23 15:11:57,209] {spark_submit_hook.py:479} INFO - 20/07/23 15:11:57 INFO TaskSchedulerImpl: Adding task set 0.0 with 1 tasks
[2020-07-23 15:11:57,369] {logging_mixin.py:112} INFO - [2020-07-23 15:11:57,368] {spark_submit_hook.py:479} INFO - 20/07/23 15:11:57 INFO TaskSetManager: Starting task 0.0 in stage 0.0 (TID 0, 192.168.43.94, executor driver, partition 0, PROCESS_LOCAL, 7388 bytes)
[2020-07-23 15:11:57,428] {logging_mixin.py:112} INFO - [2020-07-23 15:11:57,428] {spark_submit_hook.py:479} INFO - 20/07/23 15:11:57 INFO Executor: Running task 0.0 in stage 0.0 (TID 0)
[2020-07-23 15:11:58,141] {logging_mixin.py:112} INFO - [2020-07-23 15:11:58,141] {spark_submit_hook.py:479} INFO - 20/07/23 15:11:58 INFO HadoopRDD: Input split: file:/home/bhakti/airflow/input_data/sample.csv:0+93
[2020-07-23 15:11:59,100] {logging_mixin.py:112} INFO - [2020-07-23 15:11:59,100] {spark_submit_hook.py:479} INFO - 20/07/23 15:11:59 INFO PythonRunner: Times: total = 908, boot = 883, init = 24, finish = 1
[2020-07-23 15:11:59,151] {logging_mixin.py:112} INFO - [2020-07-23 15:11:59,151] {spark_submit_hook.py:479} INFO - 20/07/23 15:11:59 INFO Executor: Finished task 0.0 in stage 0.0 (TID 0). 1779 bytes result sent to driver
[2020-07-23 15:11:59,191] {logging_mixin.py:112} INFO - [2020-07-23 15:11:59,190] {spark_submit_hook.py:479} INFO - 20/07/23 15:11:59 INFO TaskSetManager: Finished task 0.0 in stage 0.0 (TID 0) in 1869 ms on 192.168.43.94 (executor driver) (1/1)
[2020-07-23 15:11:59,207] {logging_mixin.py:112} INFO - [2020-07-23 15:11:59,206] {spark_submit_hook.py:479} INFO - 20/07/23 15:11:59 INFO TaskSchedulerImpl: Removed TaskSet 0.0, whose tasks have all completed, from pool
[2020-07-23 15:11:59,208] {logging_mixin.py:112} INFO - [2020-07-23 15:11:59,208] {spark_submit_hook.py:479} INFO - 20/07/23 15:11:59 INFO PythonAccumulatorV2: Connected to AccumulatorServer at host: 127.0.0.1 port: 49865
[2020-07-23 15:11:59,220] {logging_mixin.py:112} INFO - [2020-07-23 15:11:59,219] {spark_submit_hook.py:479} INFO - 20/07/23 15:11:59 INFO DAGScheduler: ResultStage 0 (collect at /home/bhakti/airflow/spark_jobs/spark_test.py:8) finished in 2.111 s
[2020-07-23 15:11:59,237] {logging_mixin.py:112} INFO - [2020-07-23 15:11:59,237] {spark_submit_hook.py:479} INFO - 20/07/23 15:11:59 INFO DAGScheduler: Job 0 is finished. Cancelling potential speculative or zombie tasks for this job
[2020-07-23 15:11:59,238] {logging_mixin.py:112} INFO - [2020-07-23 15:11:59,238] {spark_submit_hook.py:479} INFO - 20/07/23 15:11:59 INFO TaskSchedulerImpl: Killing all running tasks in stage 0: Stage finished
[2020-07-23 15:11:59,242] {logging_mixin.py:112} INFO - [2020-07-23 15:11:59,242] {spark_submit_hook.py:479} INFO - 20/07/23 15:11:59 INFO DAGScheduler: Job 0 finished: collect at /home/bhakti/airflow/spark_jobs/spark_test.py:8, took 2.337123 s
[2020-07-23 15:11:59,258] {logging_mixin.py:112} INFO - [2020-07-23 15:11:59,258] {spark_submit_hook.py:479} INFO - [('PERSON', 'JOINING_YEAR', 'COMPANY'), ('John', '2018', 'Google'), ('Sam', '2017', 'IBM'), ('Jeff', '2014', 'Yahoo'), ('Allen', '2015', 'Facebook')]
[2020-07-23 15:11:59,390] {logging_mixin.py:112} INFO - [2020-07-23 15:11:59,390] {spark_submit_hook.py:479} INFO - 20/07/23 15:11:59 INFO BlockManagerInfo: Removed broadcast_1_piece0 on 192.168.43.94:42217 in memory (size: 4.4 KiB, free: 366.3 MiB)
[2020-07-23 15:12:00,236] {logging_mixin.py:112} INFO - [2020-07-23 15:12:00,235] {spark_submit_hook.py:479} INFO - 20/07/23 15:12:00 INFO SharedState: Setting hive.metastore.warehouse.dir ('null') to the value of spark.sql.warehouse.dir ('file:/home/bhakti/airflow/spark-warehouse').
[2020-07-23 15:12:00,236] {logging_mixin.py:112} INFO - [2020-07-23 15:12:00,236] {spark_submit_hook.py:479} INFO - 20/07/23 15:12:00 INFO SharedState: Warehouse path is 'file:/home/bhakti/airflow/spark-warehouse'.
[2020-07-23 15:12:05,373] {logging_mixin.py:112} INFO - [2020-07-23 15:12:05,372] {spark_submit_hook.py:479} INFO - 20/07/23 15:12:05 INFO CodeGenerator: Code generated in 428.30044 ms
[2020-07-23 15:12:05,446] {logging_mixin.py:112} INFO - [2020-07-23 15:12:05,446] {spark_submit_hook.py:479} INFO - 20/07/23 15:12:05 INFO SparkContext: Starting job: showString at NativeMethodAccessorImpl.java:0
[2020-07-23 15:12:05,450] {logging_mixin.py:112} INFO - [2020-07-23 15:12:05,449] {spark_submit_hook.py:479} INFO - 20/07/23 15:12:05 INFO DAGScheduler: Got job 1 (showString at NativeMethodAccessorImpl.java:0) with 1 output partitions
[2020-07-23 15:12:05,450] {logging_mixin.py:112} INFO - [2020-07-23 15:12:05,450] {spark_submit_hook.py:479} INFO - 20/07/23 15:12:05 INFO DAGScheduler: Final stage: ResultStage 1 (showString at NativeMethodAccessorImpl.java:0)
[2020-07-23 15:12:05,450] {logging_mixin.py:112} INFO - [2020-07-23 15:12:05,450] {spark_submit_hook.py:479} INFO - 20/07/23 15:12:05 INFO DAGScheduler: Parents of final stage: List()
[2020-07-23 15:12:05,451] {logging_mixin.py:112} INFO - [2020-07-23 15:12:05,451] {spark_submit_hook.py:479} INFO - 20/07/23 15:12:05 INFO DAGScheduler: Missing parents: List()
[2020-07-23 15:12:05,464] {logging_mixin.py:112} INFO - [2020-07-23 15:12:05,464] {spark_submit_hook.py:479} INFO - 20/07/23 15:12:05 INFO DAGScheduler: Submitting ResultStage 1 (MapPartitionsRDD[9] at showString at NativeMethodAccessorImpl.java:0), which has no missing parents
[2020-07-23 15:12:05,485] {logging_mixin.py:112} INFO - [2020-07-23 15:12:05,484] {spark_submit_hook.py:479} INFO - 20/07/23 15:12:05 INFO MemoryStore: Block broadcast_2 stored as values in memory (estimated size 11.2 KiB, free 366.0 MiB)
[2020-07-23 15:12:05,488] {logging_mixin.py:112} INFO - [2020-07-23 15:12:05,488] {spark_submit_hook.py:479} INFO - 20/07/23 15:12:05 INFO MemoryStore: Block broadcast_2_piece0 stored as bytes in memory (estimated size 5.8 KiB, free 366.0 MiB)
[2020-07-23 15:12:05,489] {logging_mixin.py:112} INFO - [2020-07-23 15:12:05,489] {spark_submit_hook.py:479} INFO - 20/07/23 15:12:05 INFO BlockManagerInfo: Added broadcast_2_piece0 in memory on 192.168.43.94:42217 (size: 5.8 KiB, free: 366.3 MiB)
[2020-07-23 15:12:05,490] {logging_mixin.py:112} INFO - [2020-07-23 15:12:05,490] {spark_submit_hook.py:479} INFO - 20/07/23 15:12:05 INFO SparkContext: Created broadcast 2 from broadcast at DAGScheduler.scala:1200
[2020-07-23 15:12:05,492] {logging_mixin.py:112} INFO - [2020-07-23 15:12:05,492] {spark_submit_hook.py:479} INFO - 20/07/23 15:12:05 INFO DAGScheduler: Submitting 1 missing tasks from ResultStage 1 (MapPartitionsRDD[9] at showString at NativeMethodAccessorImpl.java:0) (first 15 tasks are for partitions Vector(0))
[2020-07-23 15:12:05,493] {logging_mixin.py:112} INFO - [2020-07-23 15:12:05,492] {spark_submit_hook.py:479} INFO - 20/07/23 15:12:05 INFO TaskSchedulerImpl: Adding task set 1.0 with 1 tasks
[2020-07-23 15:12:05,522] {logging_mixin.py:112} INFO - [2020-07-23 15:12:05,521] {spark_submit_hook.py:479} INFO - 20/07/23 15:12:05 INFO TaskSetManager: Starting task 0.0 in stage 1.0 (TID 1, 192.168.43.94, executor driver, partition 0, PROCESS_LOCAL, 7493 bytes)
[2020-07-23 15:12:05,523] {logging_mixin.py:112} INFO - [2020-07-23 15:12:05,522] {spark_submit_hook.py:479} INFO - 20/07/23 15:12:05 INFO Executor: Running task 0.0 in stage 1.0 (TID 1)
[2020-07-23 15:12:05,622] {logging_mixin.py:112} INFO - [2020-07-23 15:12:05,622] {spark_submit_hook.py:479} INFO - 20/07/23 15:12:05 INFO PythonRunner: Times: total = 3, boot = -6482, init = 6485, finish = 0
[2020-07-23 15:12:05,627] {logging_mixin.py:112} INFO - [2020-07-23 15:12:05,627] {spark_submit_hook.py:479} INFO - 20/07/23 15:12:05 INFO Executor: Finished task 0.0 in stage 1.0 (TID 1). 2235 bytes result sent to driver
[2020-07-23 15:12:05,632] {logging_mixin.py:112} INFO - [2020-07-23 15:12:05,632] {spark_submit_hook.py:479} INFO - 20/07/23 15:12:05 INFO TaskSetManager: Finished task 0.0 in stage 1.0 (TID 1) in 132 ms on 192.168.43.94 (executor driver) (1/1)
[2020-07-23 15:12:05,634] {logging_mixin.py:112} INFO - [2020-07-23 15:12:05,634] {spark_submit_hook.py:479} INFO - 20/07/23 15:12:05 INFO TaskSchedulerImpl: Removed TaskSet 1.0, whose tasks have all completed, from pool
[2020-07-23 15:12:05,637] {logging_mixin.py:112} INFO - [2020-07-23 15:12:05,637] {spark_submit_hook.py:479} INFO - 20/07/23 15:12:05 INFO DAGScheduler: ResultStage 1 (showString at NativeMethodAccessorImpl.java:0) finished in 0.165 s
[2020-07-23 15:12:05,638] {logging_mixin.py:112} INFO - [2020-07-23 15:12:05,637] {spark_submit_hook.py:479} INFO - 20/07/23 15:12:05 INFO DAGScheduler: Job 1 is finished. Cancelling potential speculative or zombie tasks for this job
[2020-07-23 15:12:05,638] {logging_mixin.py:112} INFO - [2020-07-23 15:12:05,638] {spark_submit_hook.py:479} INFO - 20/07/23 15:12:05 INFO TaskSchedulerImpl: Killing all running tasks in stage 1: Stage finished
[2020-07-23 15:12:05,640] {logging_mixin.py:112} INFO - [2020-07-23 15:12:05,640] {spark_submit_hook.py:479} INFO - 20/07/23 15:12:05 INFO DAGScheduler: Job 1 finished: showString at NativeMethodAccessorImpl.java:0, took 0.193396 s
[2020-07-23 15:12:05,724] {logging_mixin.py:112} INFO - [2020-07-23 15:12:05,724] {spark_submit_hook.py:479} INFO - 20/07/23 15:12:05 INFO CodeGenerator: Code generated in 40.137441 ms
[2020-07-23 15:12:05,747] {logging_mixin.py:112} INFO - [2020-07-23 15:12:05,747] {spark_submit_hook.py:479} INFO - +------+------------+--------+
[2020-07-23 15:12:05,748] {logging_mixin.py:112} INFO - [2020-07-23 15:12:05,748] {spark_submit_hook.py:479} INFO - |    _1|          _2|      _3|
[2020-07-23 15:12:05,748] {logging_mixin.py:112} INFO - [2020-07-23 15:12:05,748] {spark_submit_hook.py:479} INFO - +------+------------+--------+
[2020-07-23 15:12:05,749] {logging_mixin.py:112} INFO - [2020-07-23 15:12:05,748] {spark_submit_hook.py:479} INFO - |PERSON|JOINING_YEAR| COMPANY|
[2020-07-23 15:12:05,749] {logging_mixin.py:112} INFO - [2020-07-23 15:12:05,749] {spark_submit_hook.py:479} INFO - |  John|        2018|  Google|
[2020-07-23 15:12:05,749] {logging_mixin.py:112} INFO - [2020-07-23 15:12:05,749] {spark_submit_hook.py:479} INFO - |   Sam|        2017|     IBM|
[2020-07-23 15:12:05,750] {logging_mixin.py:112} INFO - [2020-07-23 15:12:05,749] {spark_submit_hook.py:479} INFO - |  Jeff|        2014|   Yahoo|
[2020-07-23 15:12:05,750] {logging_mixin.py:112} INFO - [2020-07-23 15:12:05,750] {spark_submit_hook.py:479} INFO - | Allen|        2015|Facebook|
[2020-07-23 15:12:05,750] {logging_mixin.py:112} INFO - [2020-07-23 15:12:05,750] {spark_submit_hook.py:479} INFO - +------+------------+--------+
[2020-07-23 15:12:05,750] {logging_mixin.py:112} INFO - [2020-07-23 15:12:05,750] {spark_submit_hook.py:479} INFO - 
[2020-07-23 15:12:05,842] {logging_mixin.py:112} INFO - [2020-07-23 15:12:05,842] {spark_submit_hook.py:479} INFO - 20/07/23 15:12:05 INFO SparkContext: Invoking stop() from shutdown hook
[2020-07-23 15:12:05,854] {logging_mixin.py:112} INFO - [2020-07-23 15:12:05,853] {spark_submit_hook.py:479} INFO - 20/07/23 15:12:05 INFO SparkUI: Stopped Spark web UI at http://192.168.43.94:4043
[2020-07-23 15:12:05,872] {logging_mixin.py:112} INFO - [2020-07-23 15:12:05,871] {spark_submit_hook.py:479} INFO - 20/07/23 15:12:05 INFO MapOutputTrackerMasterEndpoint: MapOutputTrackerMasterEndpoint stopped!
[2020-07-23 15:12:05,896] {logging_mixin.py:112} INFO - [2020-07-23 15:12:05,896] {spark_submit_hook.py:479} INFO - 20/07/23 15:12:05 INFO MemoryStore: MemoryStore cleared
[2020-07-23 15:12:05,899] {logging_mixin.py:112} INFO - [2020-07-23 15:12:05,899] {spark_submit_hook.py:479} INFO - 20/07/23 15:12:05 INFO BlockManager: BlockManager stopped
[2020-07-23 15:12:05,967] {logging_mixin.py:112} INFO - [2020-07-23 15:12:05,967] {spark_submit_hook.py:479} INFO - 20/07/23 15:12:05 INFO BlockManagerMaster: BlockManagerMaster stopped
[2020-07-23 15:12:05,973] {logging_mixin.py:112} INFO - [2020-07-23 15:12:05,972] {spark_submit_hook.py:479} INFO - 20/07/23 15:12:05 INFO OutputCommitCoordinator$OutputCommitCoordinatorEndpoint: OutputCommitCoordinator stopped!
[2020-07-23 15:12:05,980] {logging_mixin.py:112} INFO - [2020-07-23 15:12:05,980] {spark_submit_hook.py:479} INFO - 20/07/23 15:12:05 INFO SparkContext: Successfully stopped SparkContext
[2020-07-23 15:12:05,980] {logging_mixin.py:112} INFO - [2020-07-23 15:12:05,980] {spark_submit_hook.py:479} INFO - 20/07/23 15:12:05 INFO ShutdownHookManager: Shutdown hook called
[2020-07-23 15:12:05,982] {logging_mixin.py:112} INFO - [2020-07-23 15:12:05,982] {spark_submit_hook.py:479} INFO - 20/07/23 15:12:05 INFO ShutdownHookManager: Deleting directory /tmp/spark-02801dbd-ab5a-4d85-8b8e-d054217bc4ff
[2020-07-23 15:12:05,985] {logging_mixin.py:112} INFO - [2020-07-23 15:12:05,985] {spark_submit_hook.py:479} INFO - 20/07/23 15:12:05 INFO ShutdownHookManager: Deleting directory /tmp/spark-067bc648-6947-4040-a9d7-a3bcecd9d29b
[2020-07-23 15:12:05,988] {logging_mixin.py:112} INFO - [2020-07-23 15:12:05,988] {spark_submit_hook.py:479} INFO - 20/07/23 15:12:05 INFO ShutdownHookManager: Deleting directory /tmp/spark-067bc648-6947-4040-a9d7-a3bcecd9d29b/pyspark-3860972e-de77-4568-a906-41d5e8f541ae
[2020-07-23 15:12:06,074] {taskinstance.py:1052} INFO - Marking task as SUCCESS.dag_id=submit_data, task_id=spark_submit, execution_date=20200721T003700, start_date=20200723T094146, end_date=20200723T094206
[2020-07-23 15:12:07,646] {logging_mixin.py:112} INFO - [2020-07-23 15:12:07,645] {local_task_job.py:103} INFO - Task exited with return code 0
