[2020-07-23 16:22:18,032] {taskinstance.py:669} INFO - Dependencies all met for <TaskInstance: submit_data.spark_submit 2020-07-21T02:10:00+00:00 [queued]>
[2020-07-23 16:22:18,041] {taskinstance.py:669} INFO - Dependencies all met for <TaskInstance: submit_data.spark_submit 2020-07-21T02:10:00+00:00 [queued]>
[2020-07-23 16:22:18,041] {taskinstance.py:879} INFO - 
--------------------------------------------------------------------------------
[2020-07-23 16:22:18,042] {taskinstance.py:880} INFO - Starting attempt 1 of 1
[2020-07-23 16:22:18,042] {taskinstance.py:881} INFO - 
--------------------------------------------------------------------------------
[2020-07-23 16:22:18,682] {taskinstance.py:900} INFO - Executing <Task(SparkSubmitOperator): spark_submit> on 2020-07-21T02:10:00+00:00
[2020-07-23 16:22:18,687] {standard_task_runner.py:53} INFO - Started process 338424 to run task
[2020-07-23 16:22:19,010] {logging_mixin.py:112} INFO - Running %s on host %s <TaskInstance: submit_data.spark_submit 2020-07-21T02:10:00+00:00 [running]> bhakti-Vostro-3558
[2020-07-23 16:22:19,036] {logging_mixin.py:112} INFO - [2020-07-23 16:22:19,035] {base_hook.py:87} INFO - Using connection to: id: spark_local. Host: local, Port: None, Schema: None, Login: None, Password: None, extra: None
[2020-07-23 16:22:19,037] {logging_mixin.py:112} INFO - [2020-07-23 16:22:19,036] {spark_submit_hook.py:325} INFO - Spark-Submit cmd: spark-submit --master local --name airflow-spark /home/bhakti/airflow/spark_jobs/spark_test.py
[2020-07-23 16:22:20,930] {logging_mixin.py:112} INFO - [2020-07-23 16:22:20,929] {spark_submit_hook.py:479} INFO - 20/07/23 16:22:20 WARN Utils: Your hostname, bhakti-Vostro-3558 resolves to a loopback address: 127.0.1.1; using 192.168.43.94 instead (on interface wlp6s0)
[2020-07-23 16:22:20,932] {logging_mixin.py:112} INFO - [2020-07-23 16:22:20,932] {spark_submit_hook.py:479} INFO - 20/07/23 16:22:20 WARN Utils: Set SPARK_LOCAL_IP if you need to bind to another address
[2020-07-23 16:22:22,044] {logging_mixin.py:112} INFO - [2020-07-23 16:22:22,044] {spark_submit_hook.py:479} INFO - 20/07/23 16:22:22 WARN NativeCodeLoader: Unable to load native-hadoop library for your platform... using builtin-java classes where applicable
[2020-07-23 16:22:23,954] {logging_mixin.py:112} INFO - [2020-07-23 16:22:23,954] {spark_submit_hook.py:479} INFO - Using Spark's default log4j profile: org/apache/spark/log4j-defaults.properties
[2020-07-23 16:22:23,968] {logging_mixin.py:112} INFO - [2020-07-23 16:22:23,968] {spark_submit_hook.py:479} INFO - 20/07/23 16:22:23 INFO SparkContext: Running Spark version 3.0.0
[2020-07-23 16:22:24,040] {logging_mixin.py:112} INFO - [2020-07-23 16:22:24,040] {spark_submit_hook.py:479} INFO - 20/07/23 16:22:24 INFO ResourceUtils: ==============================================================
[2020-07-23 16:22:24,043] {logging_mixin.py:112} INFO - [2020-07-23 16:22:24,043] {spark_submit_hook.py:479} INFO - 20/07/23 16:22:24 INFO ResourceUtils: Resources for spark.driver:
[2020-07-23 16:22:24,043] {logging_mixin.py:112} INFO - [2020-07-23 16:22:24,043] {spark_submit_hook.py:479} INFO - 
[2020-07-23 16:22:24,044] {logging_mixin.py:112} INFO - [2020-07-23 16:22:24,043] {spark_submit_hook.py:479} INFO - 20/07/23 16:22:24 INFO ResourceUtils: ==============================================================
[2020-07-23 16:22:24,045] {logging_mixin.py:112} INFO - [2020-07-23 16:22:24,044] {spark_submit_hook.py:479} INFO - 20/07/23 16:22:24 INFO SparkContext: Submitted application: Spark_Test_Python
[2020-07-23 16:22:24,137] {logging_mixin.py:112} INFO - [2020-07-23 16:22:24,137] {spark_submit_hook.py:479} INFO - 20/07/23 16:22:24 INFO SecurityManager: Changing view acls to: bhakti
[2020-07-23 16:22:24,138] {logging_mixin.py:112} INFO - [2020-07-23 16:22:24,138] {spark_submit_hook.py:479} INFO - 20/07/23 16:22:24 INFO SecurityManager: Changing modify acls to: bhakti
[2020-07-23 16:22:24,138] {logging_mixin.py:112} INFO - [2020-07-23 16:22:24,138] {spark_submit_hook.py:479} INFO - 20/07/23 16:22:24 INFO SecurityManager: Changing view acls groups to:
[2020-07-23 16:22:24,138] {logging_mixin.py:112} INFO - [2020-07-23 16:22:24,138] {spark_submit_hook.py:479} INFO - 20/07/23 16:22:24 INFO SecurityManager: Changing modify acls groups to:
[2020-07-23 16:22:24,139] {logging_mixin.py:112} INFO - [2020-07-23 16:22:24,139] {spark_submit_hook.py:479} INFO - 20/07/23 16:22:24 INFO SecurityManager: SecurityManager: authentication disabled; ui acls disabled; users  with view permissions: Set(bhakti); groups with view permissions: Set(); users  with modify permissions: Set(bhakti); groups with modify permissions: Set()
[2020-07-23 16:22:24,820] {logging_mixin.py:112} INFO - [2020-07-23 16:22:24,820] {spark_submit_hook.py:479} INFO - 20/07/23 16:22:24 INFO Utils: Successfully started service 'sparkDriver' on port 45631.
[2020-07-23 16:22:24,868] {logging_mixin.py:112} INFO - [2020-07-23 16:22:24,867] {spark_submit_hook.py:479} INFO - 20/07/23 16:22:24 INFO SparkEnv: Registering MapOutputTracker
[2020-07-23 16:22:24,943] {logging_mixin.py:112} INFO - [2020-07-23 16:22:24,942] {spark_submit_hook.py:479} INFO - 20/07/23 16:22:24 INFO SparkEnv: Registering BlockManagerMaster
[2020-07-23 16:22:24,979] {logging_mixin.py:112} INFO - [2020-07-23 16:22:24,978] {spark_submit_hook.py:479} INFO - 20/07/23 16:22:24 INFO BlockManagerMasterEndpoint: Using org.apache.spark.storage.DefaultTopologyMapper for getting topology information
[2020-07-23 16:22:24,980] {logging_mixin.py:112} INFO - [2020-07-23 16:22:24,980] {spark_submit_hook.py:479} INFO - 20/07/23 16:22:24 INFO BlockManagerMasterEndpoint: BlockManagerMasterEndpoint up
[2020-07-23 16:22:24,987] {logging_mixin.py:112} INFO - [2020-07-23 16:22:24,987] {spark_submit_hook.py:479} INFO - 20/07/23 16:22:24 INFO SparkEnv: Registering BlockManagerMasterHeartbeat
[2020-07-23 16:22:25,010] {logging_mixin.py:112} INFO - [2020-07-23 16:22:25,009] {spark_submit_hook.py:479} INFO - 20/07/23 16:22:25 INFO DiskBlockManager: Created local directory at /tmp/blockmgr-513435c6-8c3d-4247-8014-d86f3e1b9211
[2020-07-23 16:22:25,050] {logging_mixin.py:112} INFO - [2020-07-23 16:22:25,049] {spark_submit_hook.py:479} INFO - 20/07/23 16:22:25 INFO MemoryStore: MemoryStore started with capacity 366.3 MiB
[2020-07-23 16:22:25,079] {logging_mixin.py:112} INFO - [2020-07-23 16:22:25,079] {spark_submit_hook.py:479} INFO - 20/07/23 16:22:25 INFO SparkEnv: Registering OutputCommitCoordinator
[2020-07-23 16:22:25,561] {logging_mixin.py:112} INFO - [2020-07-23 16:22:25,561] {spark_submit_hook.py:479} INFO - 20/07/23 16:22:25 WARN Utils: Service 'SparkUI' could not bind on port 4040. Attempting port 4041.
[2020-07-23 16:22:25,577] {logging_mixin.py:112} INFO - [2020-07-23 16:22:25,576] {spark_submit_hook.py:479} INFO - 20/07/23 16:22:25 INFO Utils: Successfully started service 'SparkUI' on port 4041.
[2020-07-23 16:22:25,684] {logging_mixin.py:112} INFO - [2020-07-23 16:22:25,683] {spark_submit_hook.py:479} INFO - 20/07/23 16:22:25 INFO SparkUI: Bound SparkUI to 0.0.0.0, and started at http://192.168.43.94:4041
[2020-07-23 16:22:26,189] {logging_mixin.py:112} INFO - [2020-07-23 16:22:26,189] {spark_submit_hook.py:479} INFO - 20/07/23 16:22:26 INFO Executor: Starting executor ID driver on host 192.168.43.94
[2020-07-23 16:22:26,299] {logging_mixin.py:112} INFO - [2020-07-23 16:22:26,298] {spark_submit_hook.py:479} INFO - 20/07/23 16:22:26 INFO Utils: Successfully started service 'org.apache.spark.network.netty.NettyBlockTransferService' on port 39651.
[2020-07-23 16:22:26,299] {logging_mixin.py:112} INFO - [2020-07-23 16:22:26,299] {spark_submit_hook.py:479} INFO - 20/07/23 16:22:26 INFO NettyBlockTransferService: Server created on 192.168.43.94:39651
[2020-07-23 16:22:26,304] {logging_mixin.py:112} INFO - [2020-07-23 16:22:26,304] {spark_submit_hook.py:479} INFO - 20/07/23 16:22:26 INFO BlockManager: Using org.apache.spark.storage.RandomBlockReplicationPolicy for block replication policy
[2020-07-23 16:22:26,343] {logging_mixin.py:112} INFO - [2020-07-23 16:22:26,342] {spark_submit_hook.py:479} INFO - 20/07/23 16:22:26 INFO BlockManagerMaster: Registering BlockManager BlockManagerId(driver, 192.168.43.94, 39651, None)
[2020-07-23 16:22:26,361] {logging_mixin.py:112} INFO - [2020-07-23 16:22:26,360] {spark_submit_hook.py:479} INFO - 20/07/23 16:22:26 INFO BlockManagerMasterEndpoint: Registering block manager 192.168.43.94:39651 with 366.3 MiB RAM, BlockManagerId(driver, 192.168.43.94, 39651, None)
[2020-07-23 16:22:26,367] {logging_mixin.py:112} INFO - [2020-07-23 16:22:26,366] {spark_submit_hook.py:479} INFO - 20/07/23 16:22:26 INFO BlockManagerMaster: Registered BlockManager BlockManagerId(driver, 192.168.43.94, 39651, None)
[2020-07-23 16:22:26,369] {logging_mixin.py:112} INFO - [2020-07-23 16:22:26,369] {spark_submit_hook.py:479} INFO - 20/07/23 16:22:26 INFO BlockManager: Initialized BlockManager: BlockManagerId(driver, 192.168.43.94, 39651, None)
[2020-07-23 16:22:29,203] {logging_mixin.py:112} INFO - [2020-07-23 16:22:29,202] {spark_submit_hook.py:479} INFO - 20/07/23 16:22:29 INFO MemoryStore: Block broadcast_0 stored as values in memory (estimated size 241.5 KiB, free 366.1 MiB)
[2020-07-23 16:22:29,393] {logging_mixin.py:112} INFO - [2020-07-23 16:22:29,393] {spark_submit_hook.py:479} INFO - 20/07/23 16:22:29 INFO MemoryStore: Block broadcast_0_piece0 stored as bytes in memory (estimated size 23.4 KiB, free 366.0 MiB)
[2020-07-23 16:22:29,401] {logging_mixin.py:112} INFO - [2020-07-23 16:22:29,400] {spark_submit_hook.py:479} INFO - 20/07/23 16:22:29 INFO BlockManagerInfo: Added broadcast_0_piece0 in memory on 192.168.43.94:39651 (size: 23.4 KiB, free: 366.3 MiB)
[2020-07-23 16:22:29,438] {logging_mixin.py:112} INFO - [2020-07-23 16:22:29,437] {spark_submit_hook.py:479} INFO - 20/07/23 16:22:29 INFO SparkContext: Created broadcast 0 from textFile at NativeMethodAccessorImpl.java:0
[2020-07-23 16:22:29,858] {logging_mixin.py:112} INFO - [2020-07-23 16:22:29,858] {spark_submit_hook.py:479} INFO - 20/07/23 16:22:29 INFO FileInputFormat: Total input paths to process : 1
[2020-07-23 16:22:30,018] {logging_mixin.py:112} INFO - [2020-07-23 16:22:30,018] {spark_submit_hook.py:479} INFO - 20/07/23 16:22:30 INFO SparkContext: Starting job: collect at /home/bhakti/airflow/spark_jobs/spark_test.py:8
[2020-07-23 16:22:30,055] {logging_mixin.py:112} INFO - [2020-07-23 16:22:30,055] {spark_submit_hook.py:479} INFO - 20/07/23 16:22:30 INFO DAGScheduler: Got job 0 (collect at /home/bhakti/airflow/spark_jobs/spark_test.py:8) with 1 output partitions
[2020-07-23 16:22:30,057] {logging_mixin.py:112} INFO - [2020-07-23 16:22:30,057] {spark_submit_hook.py:479} INFO - 20/07/23 16:22:30 INFO DAGScheduler: Final stage: ResultStage 0 (collect at /home/bhakti/airflow/spark_jobs/spark_test.py:8)
[2020-07-23 16:22:30,058] {logging_mixin.py:112} INFO - [2020-07-23 16:22:30,058] {spark_submit_hook.py:479} INFO - 20/07/23 16:22:30 INFO DAGScheduler: Parents of final stage: List()
[2020-07-23 16:22:30,074] {logging_mixin.py:112} INFO - [2020-07-23 16:22:30,074] {spark_submit_hook.py:479} INFO - 20/07/23 16:22:30 INFO DAGScheduler: Missing parents: List()
[2020-07-23 16:22:30,113] {logging_mixin.py:112} INFO - [2020-07-23 16:22:30,113] {spark_submit_hook.py:479} INFO - 20/07/23 16:22:30 INFO DAGScheduler: Submitting ResultStage 0 (PythonRDD[2] at collect at /home/bhakti/airflow/spark_jobs/spark_test.py:8), which has no missing parents
[2020-07-23 16:22:30,167] {logging_mixin.py:112} INFO - [2020-07-23 16:22:30,167] {spark_submit_hook.py:479} INFO - 20/07/23 16:22:30 INFO MemoryStore: Block broadcast_1 stored as values in memory (estimated size 7.4 KiB, free 366.0 MiB)
[2020-07-23 16:22:30,174] {logging_mixin.py:112} INFO - [2020-07-23 16:22:30,174] {spark_submit_hook.py:479} INFO - 20/07/23 16:22:30 INFO MemoryStore: Block broadcast_1_piece0 stored as bytes in memory (estimated size 4.4 KiB, free 366.0 MiB)
[2020-07-23 16:22:30,176] {logging_mixin.py:112} INFO - [2020-07-23 16:22:30,176] {spark_submit_hook.py:479} INFO - 20/07/23 16:22:30 INFO BlockManagerInfo: Added broadcast_1_piece0 in memory on 192.168.43.94:39651 (size: 4.4 KiB, free: 366.3 MiB)
[2020-07-23 16:22:30,179] {logging_mixin.py:112} INFO - [2020-07-23 16:22:30,178] {spark_submit_hook.py:479} INFO - 20/07/23 16:22:30 INFO SparkContext: Created broadcast 1 from broadcast at DAGScheduler.scala:1200
[2020-07-23 16:22:30,204] {logging_mixin.py:112} INFO - [2020-07-23 16:22:30,204] {spark_submit_hook.py:479} INFO - 20/07/23 16:22:30 INFO DAGScheduler: Submitting 1 missing tasks from ResultStage 0 (PythonRDD[2] at collect at /home/bhakti/airflow/spark_jobs/spark_test.py:8) (first 15 tasks are for partitions Vector(0))
[2020-07-23 16:22:30,207] {logging_mixin.py:112} INFO - [2020-07-23 16:22:30,207] {spark_submit_hook.py:479} INFO - 20/07/23 16:22:30 INFO TaskSchedulerImpl: Adding task set 0.0 with 1 tasks
[2020-07-23 16:22:30,319] {logging_mixin.py:112} INFO - [2020-07-23 16:22:30,319] {spark_submit_hook.py:479} INFO - 20/07/23 16:22:30 INFO TaskSetManager: Starting task 0.0 in stage 0.0 (TID 0, 192.168.43.94, executor driver, partition 0, PROCESS_LOCAL, 7388 bytes)
[2020-07-23 16:22:30,364] {logging_mixin.py:112} INFO - [2020-07-23 16:22:30,363] {spark_submit_hook.py:479} INFO - 20/07/23 16:22:30 INFO Executor: Running task 0.0 in stage 0.0 (TID 0)
[2020-07-23 16:22:31,057] {logging_mixin.py:112} INFO - [2020-07-23 16:22:31,057] {spark_submit_hook.py:479} INFO - 20/07/23 16:22:31 INFO HadoopRDD: Input split: file:/home/bhakti/airflow/input_data/sample.csv:0+93
[2020-07-23 16:22:31,909] {logging_mixin.py:112} INFO - [2020-07-23 16:22:31,909] {spark_submit_hook.py:479} INFO - 20/07/23 16:22:31 INFO PythonRunner: Times: total = 821, boot = 798, init = 23, finish = 0
[2020-07-23 16:22:31,953] {logging_mixin.py:112} INFO - [2020-07-23 16:22:31,953] {spark_submit_hook.py:479} INFO - 20/07/23 16:22:31 INFO Executor: Finished task 0.0 in stage 0.0 (TID 0). 1822 bytes result sent to driver
[2020-07-23 16:22:31,981] {logging_mixin.py:112} INFO - [2020-07-23 16:22:31,980] {spark_submit_hook.py:479} INFO - 20/07/23 16:22:31 INFO TaskSetManager: Finished task 0.0 in stage 0.0 (TID 0) in 1694 ms on 192.168.43.94 (executor driver) (1/1)
[2020-07-23 16:22:31,986] {logging_mixin.py:112} INFO - [2020-07-23 16:22:31,985] {spark_submit_hook.py:479} INFO - 20/07/23 16:22:31 INFO TaskSchedulerImpl: Removed TaskSet 0.0, whose tasks have all completed, from pool
[2020-07-23 16:22:31,992] {logging_mixin.py:112} INFO - [2020-07-23 16:22:31,992] {spark_submit_hook.py:479} INFO - 20/07/23 16:22:31 INFO PythonAccumulatorV2: Connected to AccumulatorServer at host: 127.0.0.1 port: 46815
[2020-07-23 16:22:32,003] {logging_mixin.py:112} INFO - [2020-07-23 16:22:32,002] {spark_submit_hook.py:479} INFO - 20/07/23 16:22:32 INFO DAGScheduler: ResultStage 0 (collect at /home/bhakti/airflow/spark_jobs/spark_test.py:8) finished in 1.841 s
[2020-07-23 16:22:32,020] {logging_mixin.py:112} INFO - [2020-07-23 16:22:32,019] {spark_submit_hook.py:479} INFO - 20/07/23 16:22:32 INFO DAGScheduler: Job 0 is finished. Cancelling potential speculative or zombie tasks for this job
[2020-07-23 16:22:32,025] {logging_mixin.py:112} INFO - [2020-07-23 16:22:32,025] {spark_submit_hook.py:479} INFO - 20/07/23 16:22:32 INFO TaskSchedulerImpl: Killing all running tasks in stage 0: Stage finished
[2020-07-23 16:22:32,026] {logging_mixin.py:112} INFO - [2020-07-23 16:22:32,025] {spark_submit_hook.py:479} INFO - 20/07/23 16:22:32 INFO DAGScheduler: Job 0 finished: collect at /home/bhakti/airflow/spark_jobs/spark_test.py:8, took 2.006576 s
[2020-07-23 16:22:32,050] {logging_mixin.py:112} INFO - [2020-07-23 16:22:32,050] {spark_submit_hook.py:479} INFO - [('PERSON', 'JOINING_YEAR', 'COMPANY'), ('John', '2018', 'Google'), ('Sam', '2017', 'IBM'), ('Jeff', '2014', 'Yahoo'), ('Allen', '2015', 'Facebook')]
[2020-07-23 16:22:33,114] {logging_mixin.py:112} INFO - [2020-07-23 16:22:33,114] {spark_submit_hook.py:479} INFO - 20/07/23 16:22:33 INFO BlockManagerInfo: Removed broadcast_0_piece0 on 192.168.43.94:39651 in memory (size: 23.4 KiB, free: 366.3 MiB)
[2020-07-23 16:22:33,186] {logging_mixin.py:112} INFO - [2020-07-23 16:22:33,186] {spark_submit_hook.py:479} INFO - 20/07/23 16:22:33 INFO BlockManagerInfo: Removed broadcast_1_piece0 on 192.168.43.94:39651 in memory (size: 4.4 KiB, free: 366.3 MiB)
[2020-07-23 16:22:33,262] {logging_mixin.py:112} INFO - [2020-07-23 16:22:33,262] {spark_submit_hook.py:479} INFO - 20/07/23 16:22:33 INFO SharedState: Setting hive.metastore.warehouse.dir ('null') to the value of spark.sql.warehouse.dir ('file:/home/bhakti/airflow/spark-warehouse').
[2020-07-23 16:22:33,264] {logging_mixin.py:112} INFO - [2020-07-23 16:22:33,263] {spark_submit_hook.py:479} INFO - 20/07/23 16:22:33 INFO SharedState: Warehouse path is 'file:/home/bhakti/airflow/spark-warehouse'.
[2020-07-23 16:22:39,800] {logging_mixin.py:112} INFO - [2020-07-23 16:22:39,799] {spark_submit_hook.py:479} INFO - 20/07/23 16:22:39 INFO CodeGenerator: Code generated in 562.264632 ms
[2020-07-23 16:22:39,931] {logging_mixin.py:112} INFO - [2020-07-23 16:22:39,931] {spark_submit_hook.py:479} INFO - 20/07/23 16:22:39 INFO SparkContext: Starting job: showString at NativeMethodAccessorImpl.java:0
[2020-07-23 16:22:39,944] {logging_mixin.py:112} INFO - [2020-07-23 16:22:39,943] {spark_submit_hook.py:479} INFO - 20/07/23 16:22:39 INFO DAGScheduler: Got job 1 (showString at NativeMethodAccessorImpl.java:0) with 1 output partitions
[2020-07-23 16:22:39,944] {logging_mixin.py:112} INFO - [2020-07-23 16:22:39,944] {spark_submit_hook.py:479} INFO - 20/07/23 16:22:39 INFO DAGScheduler: Final stage: ResultStage 1 (showString at NativeMethodAccessorImpl.java:0)
[2020-07-23 16:22:39,944] {logging_mixin.py:112} INFO - [2020-07-23 16:22:39,944] {spark_submit_hook.py:479} INFO - 20/07/23 16:22:39 INFO DAGScheduler: Parents of final stage: List()
[2020-07-23 16:22:39,945] {logging_mixin.py:112} INFO - [2020-07-23 16:22:39,945] {spark_submit_hook.py:479} INFO - 20/07/23 16:22:39 INFO DAGScheduler: Missing parents: List()
[2020-07-23 16:22:39,958] {logging_mixin.py:112} INFO - [2020-07-23 16:22:39,957] {spark_submit_hook.py:479} INFO - 20/07/23 16:22:39 INFO DAGScheduler: Submitting ResultStage 1 (MapPartitionsRDD[9] at showString at NativeMethodAccessorImpl.java:0), which has no missing parents
[2020-07-23 16:22:39,990] {logging_mixin.py:112} INFO - [2020-07-23 16:22:39,990] {spark_submit_hook.py:479} INFO - 20/07/23 16:22:39 INFO MemoryStore: Block broadcast_2 stored as values in memory (estimated size 11.2 KiB, free 366.3 MiB)
[2020-07-23 16:22:39,995] {logging_mixin.py:112} INFO - [2020-07-23 16:22:39,995] {spark_submit_hook.py:479} INFO - 20/07/23 16:22:39 INFO MemoryStore: Block broadcast_2_piece0 stored as bytes in memory (estimated size 5.8 KiB, free 366.3 MiB)
[2020-07-23 16:22:39,998] {logging_mixin.py:112} INFO - [2020-07-23 16:22:39,998] {spark_submit_hook.py:479} INFO - 20/07/23 16:22:39 INFO BlockManagerInfo: Added broadcast_2_piece0 in memory on 192.168.43.94:39651 (size: 5.8 KiB, free: 366.3 MiB)
[2020-07-23 16:22:40,001] {logging_mixin.py:112} INFO - [2020-07-23 16:22:40,000] {spark_submit_hook.py:479} INFO - 20/07/23 16:22:40 INFO SparkContext: Created broadcast 2 from broadcast at DAGScheduler.scala:1200
[2020-07-23 16:22:40,004] {logging_mixin.py:112} INFO - [2020-07-23 16:22:40,003] {spark_submit_hook.py:479} INFO - 20/07/23 16:22:40 INFO DAGScheduler: Submitting 1 missing tasks from ResultStage 1 (MapPartitionsRDD[9] at showString at NativeMethodAccessorImpl.java:0) (first 15 tasks are for partitions Vector(0))
[2020-07-23 16:22:40,005] {logging_mixin.py:112} INFO - [2020-07-23 16:22:40,004] {spark_submit_hook.py:479} INFO - 20/07/23 16:22:40 INFO TaskSchedulerImpl: Adding task set 1.0 with 1 tasks
[2020-07-23 16:22:40,037] {logging_mixin.py:112} INFO - [2020-07-23 16:22:40,036] {spark_submit_hook.py:479} INFO - 20/07/23 16:22:40 INFO TaskSetManager: Starting task 0.0 in stage 1.0 (TID 1, 192.168.43.94, executor driver, partition 0, PROCESS_LOCAL, 7493 bytes)
[2020-07-23 16:22:40,042] {logging_mixin.py:112} INFO - [2020-07-23 16:22:40,042] {spark_submit_hook.py:479} INFO - 20/07/23 16:22:40 INFO Executor: Running task 0.0 in stage 1.0 (TID 1)
[2020-07-23 16:22:40,213] {logging_mixin.py:112} INFO - [2020-07-23 16:22:40,212] {spark_submit_hook.py:479} INFO - 20/07/23 16:22:40 INFO PythonRunner: Times: total = 3, boot = -8244, init = 8247, finish = 0
[2020-07-23 16:22:40,222] {logging_mixin.py:112} INFO - [2020-07-23 16:22:40,221] {spark_submit_hook.py:479} INFO - 20/07/23 16:22:40 INFO Executor: Finished task 0.0 in stage 1.0 (TID 1). 2235 bytes result sent to driver
[2020-07-23 16:22:40,244] {logging_mixin.py:112} INFO - [2020-07-23 16:22:40,244] {spark_submit_hook.py:479} INFO - 20/07/23 16:22:40 INFO TaskSetManager: Finished task 0.0 in stage 1.0 (TID 1) in 236 ms on 192.168.43.94 (executor driver) (1/1)
[2020-07-23 16:22:40,248] {logging_mixin.py:112} INFO - [2020-07-23 16:22:40,248] {spark_submit_hook.py:479} INFO - 20/07/23 16:22:40 INFO DAGScheduler: ResultStage 1 (showString at NativeMethodAccessorImpl.java:0) finished in 0.281 s
[2020-07-23 16:22:40,249] {logging_mixin.py:112} INFO - [2020-07-23 16:22:40,248] {spark_submit_hook.py:479} INFO - 20/07/23 16:22:40 INFO DAGScheduler: Job 1 is finished. Cancelling potential speculative or zombie tasks for this job
[2020-07-23 16:22:40,250] {logging_mixin.py:112} INFO - [2020-07-23 16:22:40,250] {spark_submit_hook.py:479} INFO - 20/07/23 16:22:40 INFO TaskSchedulerImpl: Removed TaskSet 1.0, whose tasks have all completed, from pool
[2020-07-23 16:22:40,251] {logging_mixin.py:112} INFO - [2020-07-23 16:22:40,251] {spark_submit_hook.py:479} INFO - 20/07/23 16:22:40 INFO TaskSchedulerImpl: Killing all running tasks in stage 1: Stage finished
[2020-07-23 16:22:40,252] {logging_mixin.py:112} INFO - [2020-07-23 16:22:40,252] {spark_submit_hook.py:479} INFO - 20/07/23 16:22:40 INFO DAGScheduler: Job 1 finished: showString at NativeMethodAccessorImpl.java:0, took 0.319396 s
[2020-07-23 16:22:40,411] {logging_mixin.py:112} INFO - [2020-07-23 16:22:40,411] {spark_submit_hook.py:479} INFO - 20/07/23 16:22:40 INFO CodeGenerator: Code generated in 91.730437 ms
[2020-07-23 16:22:40,475] {logging_mixin.py:112} INFO - [2020-07-23 16:22:40,475] {spark_submit_hook.py:479} INFO - +------+------------+--------+
[2020-07-23 16:22:40,475] {logging_mixin.py:112} INFO - [2020-07-23 16:22:40,475] {spark_submit_hook.py:479} INFO - |    _1|          _2|      _3|
[2020-07-23 16:22:40,476] {logging_mixin.py:112} INFO - [2020-07-23 16:22:40,476] {spark_submit_hook.py:479} INFO - +------+------------+--------+
[2020-07-23 16:22:40,476] {logging_mixin.py:112} INFO - [2020-07-23 16:22:40,476] {spark_submit_hook.py:479} INFO - |PERSON|JOINING_YEAR| COMPANY|
[2020-07-23 16:22:40,476] {logging_mixin.py:112} INFO - [2020-07-23 16:22:40,476] {spark_submit_hook.py:479} INFO - |  John|        2018|  Google|
[2020-07-23 16:22:40,476] {logging_mixin.py:112} INFO - [2020-07-23 16:22:40,476] {spark_submit_hook.py:479} INFO - |   Sam|        2017|     IBM|
[2020-07-23 16:22:40,477] {logging_mixin.py:112} INFO - [2020-07-23 16:22:40,476] {spark_submit_hook.py:479} INFO - |  Jeff|        2014|   Yahoo|
[2020-07-23 16:22:40,477] {logging_mixin.py:112} INFO - [2020-07-23 16:22:40,477] {spark_submit_hook.py:479} INFO - | Allen|        2015|Facebook|
[2020-07-23 16:22:40,477] {logging_mixin.py:112} INFO - [2020-07-23 16:22:40,477] {spark_submit_hook.py:479} INFO - +------+------------+--------+
[2020-07-23 16:22:40,477] {logging_mixin.py:112} INFO - [2020-07-23 16:22:40,477] {spark_submit_hook.py:479} INFO - 
[2020-07-23 16:22:40,668] {logging_mixin.py:112} INFO - [2020-07-23 16:22:40,667] {spark_submit_hook.py:479} INFO - 20/07/23 16:22:40 INFO SparkContext: Invoking stop() from shutdown hook
[2020-07-23 16:22:40,697] {logging_mixin.py:112} INFO - [2020-07-23 16:22:40,697] {spark_submit_hook.py:479} INFO - 20/07/23 16:22:40 INFO SparkUI: Stopped Spark web UI at http://192.168.43.94:4041
[2020-07-23 16:22:40,758] {logging_mixin.py:112} INFO - [2020-07-23 16:22:40,758] {spark_submit_hook.py:479} INFO - 20/07/23 16:22:40 INFO MapOutputTrackerMasterEndpoint: MapOutputTrackerMasterEndpoint stopped!
[2020-07-23 16:22:40,818] {logging_mixin.py:112} INFO - [2020-07-23 16:22:40,818] {spark_submit_hook.py:479} INFO - 20/07/23 16:22:40 INFO MemoryStore: MemoryStore cleared
[2020-07-23 16:22:40,820] {logging_mixin.py:112} INFO - [2020-07-23 16:22:40,820] {spark_submit_hook.py:479} INFO - 20/07/23 16:22:40 INFO BlockManager: BlockManager stopped
[2020-07-23 16:22:40,825] {logging_mixin.py:112} INFO - [2020-07-23 16:22:40,825] {spark_submit_hook.py:479} INFO - 20/07/23 16:22:40 INFO BlockManagerMaster: BlockManagerMaster stopped
[2020-07-23 16:22:40,840] {logging_mixin.py:112} INFO - [2020-07-23 16:22:40,840] {spark_submit_hook.py:479} INFO - 20/07/23 16:22:40 INFO OutputCommitCoordinator$OutputCommitCoordinatorEndpoint: OutputCommitCoordinator stopped!
[2020-07-23 16:22:40,879] {logging_mixin.py:112} INFO - [2020-07-23 16:22:40,879] {spark_submit_hook.py:479} INFO - 20/07/23 16:22:40 INFO SparkContext: Successfully stopped SparkContext
[2020-07-23 16:22:40,880] {logging_mixin.py:112} INFO - [2020-07-23 16:22:40,879] {spark_submit_hook.py:479} INFO - 20/07/23 16:22:40 INFO ShutdownHookManager: Shutdown hook called
[2020-07-23 16:22:40,880] {logging_mixin.py:112} INFO - [2020-07-23 16:22:40,880] {spark_submit_hook.py:479} INFO - 20/07/23 16:22:40 INFO ShutdownHookManager: Deleting directory /tmp/spark-43acdb58-0696-4cd7-83f0-e3d5d98840c9
[2020-07-23 16:22:40,885] {logging_mixin.py:112} INFO - [2020-07-23 16:22:40,884] {spark_submit_hook.py:479} INFO - 20/07/23 16:22:40 INFO ShutdownHookManager: Deleting directory /tmp/spark-ee21887a-e3e9-451a-862c-360f2de47bdb
[2020-07-23 16:22:40,897] {logging_mixin.py:112} INFO - [2020-07-23 16:22:40,897] {spark_submit_hook.py:479} INFO - 20/07/23 16:22:40 INFO ShutdownHookManager: Deleting directory /tmp/spark-43acdb58-0696-4cd7-83f0-e3d5d98840c9/pyspark-2e820e9a-d425-428c-9d0d-d7f91c494606
[2020-07-23 16:22:41,038] {taskinstance.py:1052} INFO - Marking task as SUCCESS.dag_id=submit_data, task_id=spark_submit, execution_date=20200721T021000, start_date=20200723T105218, end_date=20200723T105241
[2020-07-23 16:22:43,322] {logging_mixin.py:112} INFO - [2020-07-23 16:22:43,321] {local_task_job.py:103} INFO - Task exited with return code 0
