[2020-07-22 13:25:48,978] {taskinstance.py:669} INFO - Dependencies all met for <TaskInstance: submit_data.spark_submit 2020-07-20T01:04:00+00:00 [queued]>
[2020-07-22 13:25:48,992] {taskinstance.py:669} INFO - Dependencies all met for <TaskInstance: submit_data.spark_submit 2020-07-20T01:04:00+00:00 [queued]>
[2020-07-22 13:25:48,992] {taskinstance.py:879} INFO - 
--------------------------------------------------------------------------------
[2020-07-22 13:25:48,992] {taskinstance.py:880} INFO - Starting attempt 1 of 1
[2020-07-22 13:25:48,992] {taskinstance.py:881} INFO - 
--------------------------------------------------------------------------------
[2020-07-22 13:25:49,321] {taskinstance.py:900} INFO - Executing <Task(SparkSubmitOperator): spark_submit> on 2020-07-20T01:04:00+00:00
[2020-07-22 13:25:49,327] {standard_task_runner.py:53} INFO - Started process 339915 to run task
[2020-07-22 13:25:49,640] {logging_mixin.py:112} INFO - Running %s on host %s <TaskInstance: submit_data.spark_submit 2020-07-20T01:04:00+00:00 [running]> bhakti-Vostro-3558
[2020-07-22 13:25:49,676] {logging_mixin.py:112} INFO - [2020-07-22 13:25:49,675] {base_hook.py:87} INFO - Using connection to: id: spark_local. Host: localhost, Port: 4040, Schema: None, Login: None, Password: None, extra: None
[2020-07-22 13:25:49,678] {logging_mixin.py:112} INFO - [2020-07-22 13:25:49,677] {spark_submit_hook.py:325} INFO - Spark-Submit cmd: spark-submit --master localhost:4040 --name airflow-spark /home/bhakti/airflow/spark_jobs/python/spark_test.py
[2020-07-22 13:25:52,100] {logging_mixin.py:112} INFO - [2020-07-22 13:25:52,099] {spark_submit_hook.py:479} INFO - 20/07/22 13:25:52 WARN Utils: Your hostname, bhakti-Vostro-3558 resolves to a loopback address: 127.0.1.1; using 192.168.43.94 instead (on interface wlp6s0)
[2020-07-22 13:25:52,102] {logging_mixin.py:112} INFO - [2020-07-22 13:25:52,102] {spark_submit_hook.py:479} INFO - 20/07/22 13:25:52 WARN Utils: Set SPARK_LOCAL_IP if you need to bind to another address
[2020-07-22 13:25:53,810] {logging_mixin.py:112} INFO - [2020-07-22 13:25:53,810] {spark_submit_hook.py:479} INFO - 20/07/22 13:25:53 WARN NativeCodeLoader: Unable to load native-hadoop library for your platform... using builtin-java classes where applicable
[2020-07-22 13:25:55,999] {logging_mixin.py:112} INFO - [2020-07-22 13:25:55,998] {spark_submit_hook.py:479} INFO - Spark_Test_Python
[2020-07-22 13:25:55,999] {logging_mixin.py:112} INFO - [2020-07-22 13:25:55,999] {spark_submit_hook.py:479} INFO - Number of arguments: 0 arguments.
[2020-07-22 13:25:55,999] {logging_mixin.py:112} INFO - [2020-07-22 13:25:55,999] {spark_submit_hook.py:479} INFO - Argument List: []
[2020-07-22 13:25:56,132] {logging_mixin.py:112} INFO - [2020-07-22 13:25:56,131] {spark_submit_hook.py:479} INFO - Using Spark's default log4j profile: org/apache/spark/log4j-defaults.properties
[2020-07-22 13:25:56,154] {logging_mixin.py:112} INFO - [2020-07-22 13:25:56,154] {spark_submit_hook.py:479} INFO - 20/07/22 13:25:56 INFO SparkContext: Running Spark version 3.0.0
[2020-07-22 13:25:56,277] {logging_mixin.py:112} INFO - [2020-07-22 13:25:56,276] {spark_submit_hook.py:479} INFO - 20/07/22 13:25:56 INFO ResourceUtils: ==============================================================
[2020-07-22 13:25:56,281] {logging_mixin.py:112} INFO - [2020-07-22 13:25:56,280] {spark_submit_hook.py:479} INFO - 20/07/22 13:25:56 INFO ResourceUtils: Resources for spark.driver:
[2020-07-22 13:25:56,281] {logging_mixin.py:112} INFO - [2020-07-22 13:25:56,281] {spark_submit_hook.py:479} INFO - 
[2020-07-22 13:25:56,285] {logging_mixin.py:112} INFO - [2020-07-22 13:25:56,282] {spark_submit_hook.py:479} INFO - 20/07/22 13:25:56 INFO ResourceUtils: ==============================================================
[2020-07-22 13:25:56,290] {logging_mixin.py:112} INFO - [2020-07-22 13:25:56,290] {spark_submit_hook.py:479} INFO - 20/07/22 13:25:56 INFO SparkContext: Submitted application: Spark_Test_Python
[2020-07-22 13:25:56,475] {logging_mixin.py:112} INFO - [2020-07-22 13:25:56,475] {spark_submit_hook.py:479} INFO - 20/07/22 13:25:56 INFO SecurityManager: Changing view acls to: bhakti
[2020-07-22 13:25:56,475] {logging_mixin.py:112} INFO - [2020-07-22 13:25:56,475] {spark_submit_hook.py:479} INFO - 20/07/22 13:25:56 INFO SecurityManager: Changing modify acls to: bhakti
[2020-07-22 13:25:56,476] {logging_mixin.py:112} INFO - [2020-07-22 13:25:56,475] {spark_submit_hook.py:479} INFO - 20/07/22 13:25:56 INFO SecurityManager: Changing view acls groups to:
[2020-07-22 13:25:56,476] {logging_mixin.py:112} INFO - [2020-07-22 13:25:56,476] {spark_submit_hook.py:479} INFO - 20/07/22 13:25:56 INFO SecurityManager: Changing modify acls groups to:
[2020-07-22 13:25:56,476] {logging_mixin.py:112} INFO - [2020-07-22 13:25:56,476] {spark_submit_hook.py:479} INFO - 20/07/22 13:25:56 INFO SecurityManager: SecurityManager: authentication disabled; ui acls disabled; users  with view permissions: Set(bhakti); groups with view permissions: Set(); users  with modify permissions: Set(bhakti); groups with modify permissions: Set()
[2020-07-22 13:25:57,042] {logging_mixin.py:112} INFO - [2020-07-22 13:25:57,042] {spark_submit_hook.py:479} INFO - 20/07/22 13:25:57 INFO Utils: Successfully started service 'sparkDriver' on port 44023.
[2020-07-22 13:25:57,110] {logging_mixin.py:112} INFO - [2020-07-22 13:25:57,109] {spark_submit_hook.py:479} INFO - 20/07/22 13:25:57 INFO SparkEnv: Registering MapOutputTracker
[2020-07-22 13:25:57,196] {logging_mixin.py:112} INFO - [2020-07-22 13:25:57,196] {spark_submit_hook.py:479} INFO - 20/07/22 13:25:57 INFO SparkEnv: Registering BlockManagerMaster
[2020-07-22 13:25:57,252] {logging_mixin.py:112} INFO - [2020-07-22 13:25:57,251] {spark_submit_hook.py:479} INFO - 20/07/22 13:25:57 INFO BlockManagerMasterEndpoint: Using org.apache.spark.storage.DefaultTopologyMapper for getting topology information
[2020-07-22 13:25:57,255] {logging_mixin.py:112} INFO - [2020-07-22 13:25:57,255] {spark_submit_hook.py:479} INFO - 20/07/22 13:25:57 INFO BlockManagerMasterEndpoint: BlockManagerMasterEndpoint up
[2020-07-22 13:25:57,274] {logging_mixin.py:112} INFO - [2020-07-22 13:25:57,273] {spark_submit_hook.py:479} INFO - 20/07/22 13:25:57 INFO SparkEnv: Registering BlockManagerMasterHeartbeat
[2020-07-22 13:25:57,323] {logging_mixin.py:112} INFO - [2020-07-22 13:25:57,323] {spark_submit_hook.py:479} INFO - 20/07/22 13:25:57 INFO DiskBlockManager: Created local directory at /tmp/blockmgr-0b88ce8f-576d-4ca9-bb10-428dcf19309e
[2020-07-22 13:25:57,409] {logging_mixin.py:112} INFO - [2020-07-22 13:25:57,408] {spark_submit_hook.py:479} INFO - 20/07/22 13:25:57 INFO MemoryStore: MemoryStore started with capacity 366.3 MiB
[2020-07-22 13:25:57,454] {logging_mixin.py:112} INFO - [2020-07-22 13:25:57,453] {spark_submit_hook.py:479} INFO - 20/07/22 13:25:57 INFO SparkEnv: Registering OutputCommitCoordinator
[2020-07-22 13:25:58,077] {logging_mixin.py:112} INFO - [2020-07-22 13:25:58,077] {spark_submit_hook.py:479} INFO - 20/07/22 13:25:58 WARN Utils: Service 'SparkUI' could not bind on port 4040. Attempting port 4041.
[2020-07-22 13:25:58,089] {logging_mixin.py:112} INFO - [2020-07-22 13:25:58,089] {spark_submit_hook.py:479} INFO - 20/07/22 13:25:58 INFO Utils: Successfully started service 'SparkUI' on port 4041.
[2020-07-22 13:25:58,217] {logging_mixin.py:112} INFO - [2020-07-22 13:25:58,217] {spark_submit_hook.py:479} INFO - 20/07/22 13:25:58 INFO SparkUI: Bound SparkUI to 0.0.0.0, and started at http://192.168.43.94:4041
[2020-07-22 13:25:58,451] {logging_mixin.py:112} INFO - [2020-07-22 13:25:58,451] {spark_submit_hook.py:479} INFO - 20/07/22 13:25:58 ERROR SparkContext: Error initializing SparkContext.
[2020-07-22 13:25:58,466] {logging_mixin.py:112} INFO - [2020-07-22 13:25:58,466] {spark_submit_hook.py:479} INFO - org.apache.spark.SparkException: Could not parse Master URL: 'localhost:4040'
[2020-07-22 13:25:58,467] {logging_mixin.py:112} INFO - [2020-07-22 13:25:58,466] {spark_submit_hook.py:479} INFO - at org.apache.spark.SparkContext$.org$apache$spark$SparkContext$$createTaskScheduler(SparkContext.scala:2924)
[2020-07-22 13:25:58,467] {logging_mixin.py:112} INFO - [2020-07-22 13:25:58,467] {spark_submit_hook.py:479} INFO - at org.apache.spark.SparkContext.<init>(SparkContext.scala:528)
[2020-07-22 13:25:58,467] {logging_mixin.py:112} INFO - [2020-07-22 13:25:58,467] {spark_submit_hook.py:479} INFO - at org.apache.spark.api.java.JavaSparkContext.<init>(JavaSparkContext.scala:58)
[2020-07-22 13:25:58,468] {logging_mixin.py:112} INFO - [2020-07-22 13:25:58,468] {spark_submit_hook.py:479} INFO - at sun.reflect.NativeConstructorAccessorImpl.newInstance0(Native Method)
[2020-07-22 13:25:58,468] {logging_mixin.py:112} INFO - [2020-07-22 13:25:58,468] {spark_submit_hook.py:479} INFO - at sun.reflect.NativeConstructorAccessorImpl.newInstance(NativeConstructorAccessorImpl.java:62)
[2020-07-22 13:25:58,468] {logging_mixin.py:112} INFO - [2020-07-22 13:25:58,468] {spark_submit_hook.py:479} INFO - at sun.reflect.DelegatingConstructorAccessorImpl.newInstance(DelegatingConstructorAccessorImpl.java:45)
[2020-07-22 13:25:58,469] {logging_mixin.py:112} INFO - [2020-07-22 13:25:58,469] {spark_submit_hook.py:479} INFO - at java.lang.reflect.Constructor.newInstance(Constructor.java:423)
[2020-07-22 13:25:58,469] {logging_mixin.py:112} INFO - [2020-07-22 13:25:58,469] {spark_submit_hook.py:479} INFO - at py4j.reflection.MethodInvoker.invoke(MethodInvoker.java:247)
[2020-07-22 13:25:58,469] {logging_mixin.py:112} INFO - [2020-07-22 13:25:58,469] {spark_submit_hook.py:479} INFO - at py4j.reflection.ReflectionEngine.invoke(ReflectionEngine.java:357)
[2020-07-22 13:25:58,470] {logging_mixin.py:112} INFO - [2020-07-22 13:25:58,469] {spark_submit_hook.py:479} INFO - at py4j.Gateway.invoke(Gateway.java:238)
[2020-07-22 13:25:58,470] {logging_mixin.py:112} INFO - [2020-07-22 13:25:58,470] {spark_submit_hook.py:479} INFO - at py4j.commands.ConstructorCommand.invokeConstructor(ConstructorCommand.java:80)
[2020-07-22 13:25:58,470] {logging_mixin.py:112} INFO - [2020-07-22 13:25:58,470] {spark_submit_hook.py:479} INFO - at py4j.commands.ConstructorCommand.execute(ConstructorCommand.java:69)
[2020-07-22 13:25:58,470] {logging_mixin.py:112} INFO - [2020-07-22 13:25:58,470] {spark_submit_hook.py:479} INFO - at py4j.GatewayConnection.run(GatewayConnection.java:238)
[2020-07-22 13:25:58,471] {logging_mixin.py:112} INFO - [2020-07-22 13:25:58,471] {spark_submit_hook.py:479} INFO - at java.lang.Thread.run(Thread.java:748)
[2020-07-22 13:25:58,496] {logging_mixin.py:112} INFO - [2020-07-22 13:25:58,496] {spark_submit_hook.py:479} INFO - 20/07/22 13:25:58 INFO SparkUI: Stopped Spark web UI at http://192.168.43.94:4041
[2020-07-22 13:25:58,535] {logging_mixin.py:112} INFO - [2020-07-22 13:25:58,535] {spark_submit_hook.py:479} INFO - 20/07/22 13:25:58 INFO MapOutputTrackerMasterEndpoint: MapOutputTrackerMasterEndpoint stopped!
[2020-07-22 13:25:58,548] {logging_mixin.py:112} INFO - [2020-07-22 13:25:58,548] {spark_submit_hook.py:479} INFO - 20/07/22 13:25:58 INFO MemoryStore: MemoryStore cleared
[2020-07-22 13:25:58,549] {logging_mixin.py:112} INFO - [2020-07-22 13:25:58,549] {spark_submit_hook.py:479} INFO - 20/07/22 13:25:58 INFO BlockManager: BlockManager stopped
[2020-07-22 13:25:58,583] {logging_mixin.py:112} INFO - [2020-07-22 13:25:58,583] {spark_submit_hook.py:479} INFO - 20/07/22 13:25:58 INFO BlockManagerMaster: BlockManagerMaster stopped
[2020-07-22 13:25:58,583] {logging_mixin.py:112} INFO - [2020-07-22 13:25:58,583] {spark_submit_hook.py:479} INFO - 20/07/22 13:25:58 WARN MetricsSystem: Stopping a MetricsSystem that is not running
[2020-07-22 13:25:58,591] {logging_mixin.py:112} INFO - [2020-07-22 13:25:58,591] {spark_submit_hook.py:479} INFO - 20/07/22 13:25:58 INFO OutputCommitCoordinator$OutputCommitCoordinatorEndpoint: OutputCommitCoordinator stopped!
[2020-07-22 13:25:58,765] {logging_mixin.py:112} INFO - [2020-07-22 13:25:58,765] {spark_submit_hook.py:479} INFO - 20/07/22 13:25:58 INFO SparkContext: Successfully stopped SparkContext
[2020-07-22 13:25:58,886] {logging_mixin.py:112} INFO - [2020-07-22 13:25:58,885] {spark_submit_hook.py:479} INFO - Traceback (most recent call last):
[2020-07-22 13:25:58,886] {logging_mixin.py:112} INFO - [2020-07-22 13:25:58,886] {spark_submit_hook.py:479} INFO - File "/home/bhakti/airflow/spark_jobs/python/spark_test.py", line 12, in <module>
[2020-07-22 13:25:58,886] {logging_mixin.py:112} INFO - [2020-07-22 13:25:58,886] {spark_submit_hook.py:479} INFO - sc = SparkContext(conf=conf)
[2020-07-22 13:25:58,887] {logging_mixin.py:112} INFO - [2020-07-22 13:25:58,886] {spark_submit_hook.py:479} INFO - File "/opt/spark/python/lib/pyspark.zip/pyspark/context.py", line 130, in __init__
[2020-07-22 13:25:58,887] {logging_mixin.py:112} INFO - [2020-07-22 13:25:58,887] {spark_submit_hook.py:479} INFO - File "/opt/spark/python/lib/pyspark.zip/pyspark/context.py", line 193, in _do_init
[2020-07-22 13:25:58,887] {logging_mixin.py:112} INFO - [2020-07-22 13:25:58,887] {spark_submit_hook.py:479} INFO - File "/opt/spark/python/lib/pyspark.zip/pyspark/context.py", line 310, in _initialize_context
[2020-07-22 13:25:58,887] {logging_mixin.py:112} INFO - [2020-07-22 13:25:58,887] {spark_submit_hook.py:479} INFO - File "/opt/spark/python/lib/py4j-0.10.9-src.zip/py4j/java_gateway.py", line 1568, in __call__
[2020-07-22 13:25:58,888] {logging_mixin.py:112} INFO - [2020-07-22 13:25:58,888] {spark_submit_hook.py:479} INFO - File "/opt/spark/python/lib/py4j-0.10.9-src.zip/py4j/protocol.py", line 326, in get_return_value
[2020-07-22 13:25:58,889] {logging_mixin.py:112} INFO - [2020-07-22 13:25:58,889] {spark_submit_hook.py:479} INFO - py4j.protocol.Py4JJavaError: An error occurred while calling None.org.apache.spark.api.java.JavaSparkContext.
[2020-07-22 13:25:58,889] {logging_mixin.py:112} INFO - [2020-07-22 13:25:58,889] {spark_submit_hook.py:479} INFO - : org.apache.spark.SparkException: Could not parse Master URL: 'localhost:4040'
[2020-07-22 13:25:58,890] {logging_mixin.py:112} INFO - [2020-07-22 13:25:58,889] {spark_submit_hook.py:479} INFO - at org.apache.spark.SparkContext$.org$apache$spark$SparkContext$$createTaskScheduler(SparkContext.scala:2924)
[2020-07-22 13:25:58,890] {logging_mixin.py:112} INFO - [2020-07-22 13:25:58,890] {spark_submit_hook.py:479} INFO - at org.apache.spark.SparkContext.<init>(SparkContext.scala:528)
[2020-07-22 13:25:58,890] {logging_mixin.py:112} INFO - [2020-07-22 13:25:58,890] {spark_submit_hook.py:479} INFO - at org.apache.spark.api.java.JavaSparkContext.<init>(JavaSparkContext.scala:58)
[2020-07-22 13:25:58,890] {logging_mixin.py:112} INFO - [2020-07-22 13:25:58,890] {spark_submit_hook.py:479} INFO - at sun.reflect.NativeConstructorAccessorImpl.newInstance0(Native Method)
[2020-07-22 13:25:58,891] {logging_mixin.py:112} INFO - [2020-07-22 13:25:58,890] {spark_submit_hook.py:479} INFO - at sun.reflect.NativeConstructorAccessorImpl.newInstance(NativeConstructorAccessorImpl.java:62)
[2020-07-22 13:25:58,892] {logging_mixin.py:112} INFO - [2020-07-22 13:25:58,891] {spark_submit_hook.py:479} INFO - at sun.reflect.DelegatingConstructorAccessorImpl.newInstance(DelegatingConstructorAccessorImpl.java:45)
[2020-07-22 13:25:58,893] {logging_mixin.py:112} INFO - [2020-07-22 13:25:58,892] {spark_submit_hook.py:479} INFO - at java.lang.reflect.Constructor.newInstance(Constructor.java:423)
[2020-07-22 13:25:58,893] {logging_mixin.py:112} INFO - [2020-07-22 13:25:58,893] {spark_submit_hook.py:479} INFO - at py4j.reflection.MethodInvoker.invoke(MethodInvoker.java:247)
[2020-07-22 13:25:58,893] {logging_mixin.py:112} INFO - [2020-07-22 13:25:58,893] {spark_submit_hook.py:479} INFO - at py4j.reflection.ReflectionEngine.invoke(ReflectionEngine.java:357)
[2020-07-22 13:25:58,893] {logging_mixin.py:112} INFO - [2020-07-22 13:25:58,893] {spark_submit_hook.py:479} INFO - at py4j.Gateway.invoke(Gateway.java:238)
[2020-07-22 13:25:58,897] {logging_mixin.py:112} INFO - [2020-07-22 13:25:58,894] {spark_submit_hook.py:479} INFO - at py4j.commands.ConstructorCommand.invokeConstructor(ConstructorCommand.java:80)
[2020-07-22 13:25:58,899] {logging_mixin.py:112} INFO - [2020-07-22 13:25:58,897] {spark_submit_hook.py:479} INFO - at py4j.commands.ConstructorCommand.execute(ConstructorCommand.java:69)
[2020-07-22 13:25:58,899] {logging_mixin.py:112} INFO - [2020-07-22 13:25:58,899] {spark_submit_hook.py:479} INFO - at py4j.GatewayConnection.run(GatewayConnection.java:238)
[2020-07-22 13:25:58,900] {logging_mixin.py:112} INFO - [2020-07-22 13:25:58,900] {spark_submit_hook.py:479} INFO - at java.lang.Thread.run(Thread.java:748)
[2020-07-22 13:25:58,900] {logging_mixin.py:112} INFO - [2020-07-22 13:25:58,900] {spark_submit_hook.py:479} INFO - 
[2020-07-22 13:25:58,992] {logging_mixin.py:112} INFO - [2020-07-22 13:25:58,991] {spark_submit_hook.py:479} INFO - 20/07/22 13:25:58 INFO ShutdownHookManager: Shutdown hook called
[2020-07-22 13:25:58,993] {logging_mixin.py:112} INFO - [2020-07-22 13:25:58,993] {spark_submit_hook.py:479} INFO - 20/07/22 13:25:58 INFO ShutdownHookManager: Deleting directory /tmp/spark-49963c8e-e423-4a6e-9b89-49eff4213f9e
[2020-07-22 13:25:59,013] {logging_mixin.py:112} INFO - [2020-07-22 13:25:59,013] {spark_submit_hook.py:479} INFO - 20/07/22 13:25:59 INFO ShutdownHookManager: Deleting directory /tmp/spark-c6df7922-e425-41e7-837a-7835b9686eb1
[2020-07-22 13:25:59,059] {taskinstance.py:1145} ERROR - Cannot execute: spark-submit --master localhost:4040 --name airflow-spark /home/bhakti/airflow/spark_jobs/python/spark_test.py. Error code is: 1.
Traceback (most recent call last):
  File "/usr/local/lib/python3.8/dist-packages/airflow/models/taskinstance.py", line 983, in _run_raw_task
    result = task_copy.execute(context=context)
  File "/usr/local/lib/python3.8/dist-packages/airflow/contrib/operators/spark_submit_operator.py", line 187, in execute
    self._hook.submit(self._application)
  File "/usr/local/lib/python3.8/dist-packages/airflow/contrib/hooks/spark_submit_hook.py", line 403, in submit
    raise AirflowException(
airflow.exceptions.AirflowException: Cannot execute: spark-submit --master localhost:4040 --name airflow-spark /home/bhakti/airflow/spark_jobs/python/spark_test.py. Error code is: 1.
[2020-07-22 13:25:59,061] {taskinstance.py:1189} INFO - Marking task as FAILED.dag_id=submit_data, task_id=spark_submit, execution_date=20200720T010400, start_date=20200722T075548, end_date=20200722T075559
[2020-07-22 13:26:04,034] {logging_mixin.py:112} INFO - [2020-07-22 13:26:04,034] {local_task_job.py:103} INFO - Task exited with return code 1
