[2020-07-23 15:29:36,530] {taskinstance.py:669} INFO - Dependencies all met for <TaskInstance: submit_data.spark_submit 2020-07-21T01:03:00+00:00 [queued]>
[2020-07-23 15:29:36,543] {taskinstance.py:669} INFO - Dependencies all met for <TaskInstance: submit_data.spark_submit 2020-07-21T01:03:00+00:00 [queued]>
[2020-07-23 15:29:36,543] {taskinstance.py:879} INFO - 
--------------------------------------------------------------------------------
[2020-07-23 15:29:36,543] {taskinstance.py:880} INFO - Starting attempt 1 of 1
[2020-07-23 15:29:36,543] {taskinstance.py:881} INFO - 
--------------------------------------------------------------------------------
[2020-07-23 15:29:36,713] {taskinstance.py:900} INFO - Executing <Task(SparkSubmitOperator): spark_submit> on 2020-07-21T01:03:00+00:00
[2020-07-23 15:29:36,717] {standard_task_runner.py:53} INFO - Started process 270723 to run task
[2020-07-23 15:29:36,935] {logging_mixin.py:112} INFO - Running %s on host %s <TaskInstance: submit_data.spark_submit 2020-07-21T01:03:00+00:00 [running]> bhakti-Vostro-3558
[2020-07-23 15:29:37,019] {logging_mixin.py:112} INFO - [2020-07-23 15:29:37,018] {base_hook.py:87} INFO - Using connection to: id: spark_local. Host: local, Port: None, Schema: None, Login: None, Password: None, extra: None
[2020-07-23 15:29:37,021] {logging_mixin.py:112} INFO - [2020-07-23 15:29:37,021] {spark_submit_hook.py:325} INFO - Spark-Submit cmd: spark-submit --master local --name airflow-spark /home/bhakti/airflow/spark_jobs/spark_test.py
[2020-07-23 15:29:40,256] {logging_mixin.py:112} INFO - [2020-07-23 15:29:40,255] {spark_submit_hook.py:479} INFO - 20/07/23 15:29:40 WARN Utils: Your hostname, bhakti-Vostro-3558 resolves to a loopback address: 127.0.1.1; using 192.168.43.94 instead (on interface wlp6s0)
[2020-07-23 15:29:40,259] {logging_mixin.py:112} INFO - [2020-07-23 15:29:40,258] {spark_submit_hook.py:479} INFO - 20/07/23 15:29:40 WARN Utils: Set SPARK_LOCAL_IP if you need to bind to another address
[2020-07-23 15:29:42,853] {logging_mixin.py:112} INFO - [2020-07-23 15:29:42,853] {spark_submit_hook.py:479} INFO - 20/07/23 15:29:42 WARN NativeCodeLoader: Unable to load native-hadoop library for your platform... using builtin-java classes where applicable
[2020-07-23 15:29:44,880] {logging_mixin.py:112} INFO - [2020-07-23 15:29:44,880] {spark_submit_hook.py:479} INFO - Using Spark's default log4j profile: org/apache/spark/log4j-defaults.properties
[2020-07-23 15:29:44,902] {logging_mixin.py:112} INFO - [2020-07-23 15:29:44,902] {spark_submit_hook.py:479} INFO - 20/07/23 15:29:44 INFO SparkContext: Running Spark version 3.0.0
[2020-07-23 15:29:45,029] {logging_mixin.py:112} INFO - [2020-07-23 15:29:45,029] {spark_submit_hook.py:479} INFO - 20/07/23 15:29:45 INFO ResourceUtils: ==============================================================
[2020-07-23 15:29:45,034] {logging_mixin.py:112} INFO - [2020-07-23 15:29:45,034] {spark_submit_hook.py:479} INFO - 20/07/23 15:29:45 INFO ResourceUtils: Resources for spark.driver:
[2020-07-23 15:29:45,034] {logging_mixin.py:112} INFO - [2020-07-23 15:29:45,034] {spark_submit_hook.py:479} INFO - 
[2020-07-23 15:29:45,035] {logging_mixin.py:112} INFO - [2020-07-23 15:29:45,035] {spark_submit_hook.py:479} INFO - 20/07/23 15:29:45 INFO ResourceUtils: ==============================================================
[2020-07-23 15:29:45,037] {logging_mixin.py:112} INFO - [2020-07-23 15:29:45,036] {spark_submit_hook.py:479} INFO - 20/07/23 15:29:45 INFO SparkContext: Submitted application: Spark_Test_Python
[2020-07-23 15:29:45,201] {logging_mixin.py:112} INFO - [2020-07-23 15:29:45,201] {spark_submit_hook.py:479} INFO - 20/07/23 15:29:45 INFO SecurityManager: Changing view acls to: bhakti
[2020-07-23 15:29:45,202] {logging_mixin.py:112} INFO - [2020-07-23 15:29:45,202] {spark_submit_hook.py:479} INFO - 20/07/23 15:29:45 INFO SecurityManager: Changing modify acls to: bhakti
[2020-07-23 15:29:45,203] {logging_mixin.py:112} INFO - [2020-07-23 15:29:45,203] {spark_submit_hook.py:479} INFO - 20/07/23 15:29:45 INFO SecurityManager: Changing view acls groups to:
[2020-07-23 15:29:45,204] {logging_mixin.py:112} INFO - [2020-07-23 15:29:45,204] {spark_submit_hook.py:479} INFO - 20/07/23 15:29:45 INFO SecurityManager: Changing modify acls groups to:
[2020-07-23 15:29:45,205] {logging_mixin.py:112} INFO - [2020-07-23 15:29:45,205] {spark_submit_hook.py:479} INFO - 20/07/23 15:29:45 INFO SecurityManager: SecurityManager: authentication disabled; ui acls disabled; users  with view permissions: Set(bhakti); groups with view permissions: Set(); users  with modify permissions: Set(bhakti); groups with modify permissions: Set()
[2020-07-23 15:29:45,942] {logging_mixin.py:112} INFO - [2020-07-23 15:29:45,942] {spark_submit_hook.py:479} INFO - 20/07/23 15:29:45 INFO Utils: Successfully started service 'sparkDriver' on port 34045.
[2020-07-23 15:29:46,014] {logging_mixin.py:112} INFO - [2020-07-23 15:29:46,014] {spark_submit_hook.py:479} INFO - 20/07/23 15:29:46 INFO SparkEnv: Registering MapOutputTracker
[2020-07-23 15:29:46,106] {logging_mixin.py:112} INFO - [2020-07-23 15:29:46,105] {spark_submit_hook.py:479} INFO - 20/07/23 15:29:46 INFO SparkEnv: Registering BlockManagerMaster
[2020-07-23 15:29:46,170] {logging_mixin.py:112} INFO - [2020-07-23 15:29:46,169] {spark_submit_hook.py:479} INFO - 20/07/23 15:29:46 INFO BlockManagerMasterEndpoint: Using org.apache.spark.storage.DefaultTopologyMapper for getting topology information
[2020-07-23 15:29:46,171] {logging_mixin.py:112} INFO - [2020-07-23 15:29:46,171] {spark_submit_hook.py:479} INFO - 20/07/23 15:29:46 INFO BlockManagerMasterEndpoint: BlockManagerMasterEndpoint up
[2020-07-23 15:29:46,187] {logging_mixin.py:112} INFO - [2020-07-23 15:29:46,187] {spark_submit_hook.py:479} INFO - 20/07/23 15:29:46 INFO SparkEnv: Registering BlockManagerMasterHeartbeat
[2020-07-23 15:29:46,231] {logging_mixin.py:112} INFO - [2020-07-23 15:29:46,231] {spark_submit_hook.py:479} INFO - 20/07/23 15:29:46 INFO DiskBlockManager: Created local directory at /tmp/blockmgr-0068257a-25df-4d51-b32e-3d74fba24f07
[2020-07-23 15:29:46,289] {logging_mixin.py:112} INFO - [2020-07-23 15:29:46,289] {spark_submit_hook.py:479} INFO - 20/07/23 15:29:46 INFO MemoryStore: MemoryStore started with capacity 366.3 MiB
[2020-07-23 15:29:46,342] {logging_mixin.py:112} INFO - [2020-07-23 15:29:46,341] {spark_submit_hook.py:479} INFO - 20/07/23 15:29:46 INFO SparkEnv: Registering OutputCommitCoordinator
[2020-07-23 15:29:46,931] {logging_mixin.py:112} INFO - [2020-07-23 15:29:46,931] {spark_submit_hook.py:479} INFO - 20/07/23 15:29:46 WARN Utils: Service 'SparkUI' could not bind on port 4040. Attempting port 4041.
[2020-07-23 15:29:46,933] {logging_mixin.py:112} INFO - [2020-07-23 15:29:46,932] {spark_submit_hook.py:479} INFO - 20/07/23 15:29:46 WARN Utils: Service 'SparkUI' could not bind on port 4041. Attempting port 4042.
[2020-07-23 15:29:46,934] {logging_mixin.py:112} INFO - [2020-07-23 15:29:46,934] {spark_submit_hook.py:479} INFO - 20/07/23 15:29:46 WARN Utils: Service 'SparkUI' could not bind on port 4042. Attempting port 4043.
[2020-07-23 15:29:46,951] {logging_mixin.py:112} INFO - [2020-07-23 15:29:46,951] {spark_submit_hook.py:479} INFO - 20/07/23 15:29:46 INFO Utils: Successfully started service 'SparkUI' on port 4043.
[2020-07-23 15:29:47,075] {logging_mixin.py:112} INFO - [2020-07-23 15:29:47,074] {spark_submit_hook.py:479} INFO - 20/07/23 15:29:47 INFO SparkUI: Bound SparkUI to 0.0.0.0, and started at http://192.168.43.94:4043
[2020-07-23 15:29:47,659] {logging_mixin.py:112} INFO - [2020-07-23 15:29:47,659] {spark_submit_hook.py:479} INFO - 20/07/23 15:29:47 INFO Executor: Starting executor ID driver on host 192.168.43.94
[2020-07-23 15:29:47,808] {logging_mixin.py:112} INFO - [2020-07-23 15:29:47,808] {spark_submit_hook.py:479} INFO - 20/07/23 15:29:47 INFO Utils: Successfully started service 'org.apache.spark.network.netty.NettyBlockTransferService' on port 43869.
[2020-07-23 15:29:47,809] {logging_mixin.py:112} INFO - [2020-07-23 15:29:47,809] {spark_submit_hook.py:479} INFO - 20/07/23 15:29:47 INFO NettyBlockTransferService: Server created on 192.168.43.94:43869
[2020-07-23 15:29:47,812] {logging_mixin.py:112} INFO - [2020-07-23 15:29:47,812] {spark_submit_hook.py:479} INFO - 20/07/23 15:29:47 INFO BlockManager: Using org.apache.spark.storage.RandomBlockReplicationPolicy for block replication policy
[2020-07-23 15:29:47,872] {logging_mixin.py:112} INFO - [2020-07-23 15:29:47,872] {spark_submit_hook.py:479} INFO - 20/07/23 15:29:47 INFO BlockManagerMaster: Registering BlockManager BlockManagerId(driver, 192.168.43.94, 43869, None)
[2020-07-23 15:29:47,881] {logging_mixin.py:112} INFO - [2020-07-23 15:29:47,880] {spark_submit_hook.py:479} INFO - 20/07/23 15:29:47 INFO BlockManagerMasterEndpoint: Registering block manager 192.168.43.94:43869 with 366.3 MiB RAM, BlockManagerId(driver, 192.168.43.94, 43869, None)
[2020-07-23 15:29:47,922] {logging_mixin.py:112} INFO - [2020-07-23 15:29:47,921] {spark_submit_hook.py:479} INFO - 20/07/23 15:29:47 INFO BlockManagerMaster: Registered BlockManager BlockManagerId(driver, 192.168.43.94, 43869, None)
[2020-07-23 15:29:47,925] {logging_mixin.py:112} INFO - [2020-07-23 15:29:47,925] {spark_submit_hook.py:479} INFO - 20/07/23 15:29:47 INFO BlockManager: Initialized BlockManager: BlockManagerId(driver, 192.168.43.94, 43869, None)
[2020-07-23 15:29:50,853] {logging_mixin.py:112} INFO - [2020-07-23 15:29:50,853] {spark_submit_hook.py:479} INFO - 20/07/23 15:29:50 INFO MemoryStore: Block broadcast_0 stored as values in memory (estimated size 241.5 KiB, free 366.1 MiB)
[2020-07-23 15:29:51,034] {logging_mixin.py:112} INFO - [2020-07-23 15:29:51,034] {spark_submit_hook.py:479} INFO - 20/07/23 15:29:51 INFO MemoryStore: Block broadcast_0_piece0 stored as bytes in memory (estimated size 23.4 KiB, free 366.0 MiB)
[2020-07-23 15:29:51,041] {logging_mixin.py:112} INFO - [2020-07-23 15:29:51,041] {spark_submit_hook.py:479} INFO - 20/07/23 15:29:51 INFO BlockManagerInfo: Added broadcast_0_piece0 in memory on 192.168.43.94:43869 (size: 23.4 KiB, free: 366.3 MiB)
[2020-07-23 15:29:51,066] {logging_mixin.py:112} INFO - [2020-07-23 15:29:51,066] {spark_submit_hook.py:479} INFO - 20/07/23 15:29:51 INFO SparkContext: Created broadcast 0 from textFile at NativeMethodAccessorImpl.java:0
[2020-07-23 15:29:51,543] {logging_mixin.py:112} INFO - [2020-07-23 15:29:51,542] {spark_submit_hook.py:479} INFO - 20/07/23 15:29:51 INFO FileInputFormat: Total input paths to process : 1
[2020-07-23 15:29:51,724] {logging_mixin.py:112} INFO - [2020-07-23 15:29:51,723] {spark_submit_hook.py:479} INFO - 20/07/23 15:29:51 INFO SparkContext: Starting job: collect at /home/bhakti/airflow/spark_jobs/spark_test.py:8
[2020-07-23 15:29:51,767] {logging_mixin.py:112} INFO - [2020-07-23 15:29:51,767] {spark_submit_hook.py:479} INFO - 20/07/23 15:29:51 INFO DAGScheduler: Got job 0 (collect at /home/bhakti/airflow/spark_jobs/spark_test.py:8) with 1 output partitions
[2020-07-23 15:29:51,771] {logging_mixin.py:112} INFO - [2020-07-23 15:29:51,771] {spark_submit_hook.py:479} INFO - 20/07/23 15:29:51 INFO DAGScheduler: Final stage: ResultStage 0 (collect at /home/bhakti/airflow/spark_jobs/spark_test.py:8)
[2020-07-23 15:29:51,773] {logging_mixin.py:112} INFO - [2020-07-23 15:29:51,773] {spark_submit_hook.py:479} INFO - 20/07/23 15:29:51 INFO DAGScheduler: Parents of final stage: List()
[2020-07-23 15:29:51,778] {logging_mixin.py:112} INFO - [2020-07-23 15:29:51,778] {spark_submit_hook.py:479} INFO - 20/07/23 15:29:51 INFO DAGScheduler: Missing parents: List()
[2020-07-23 15:29:51,798] {logging_mixin.py:112} INFO - [2020-07-23 15:29:51,798] {spark_submit_hook.py:479} INFO - 20/07/23 15:29:51 INFO DAGScheduler: Submitting ResultStage 0 (PythonRDD[2] at collect at /home/bhakti/airflow/spark_jobs/spark_test.py:8), which has no missing parents
[2020-07-23 15:29:51,893] {logging_mixin.py:112} INFO - [2020-07-23 15:29:51,892] {spark_submit_hook.py:479} INFO - 20/07/23 15:29:51 INFO MemoryStore: Block broadcast_1 stored as values in memory (estimated size 7.4 KiB, free 366.0 MiB)
[2020-07-23 15:29:51,910] {logging_mixin.py:112} INFO - [2020-07-23 15:29:51,909] {spark_submit_hook.py:479} INFO - 20/07/23 15:29:51 INFO MemoryStore: Block broadcast_1_piece0 stored as bytes in memory (estimated size 4.4 KiB, free 366.0 MiB)
[2020-07-23 15:29:51,912] {logging_mixin.py:112} INFO - [2020-07-23 15:29:51,911] {spark_submit_hook.py:479} INFO - 20/07/23 15:29:51 INFO BlockManagerInfo: Added broadcast_1_piece0 in memory on 192.168.43.94:43869 (size: 4.4 KiB, free: 366.3 MiB)
[2020-07-23 15:29:51,915] {logging_mixin.py:112} INFO - [2020-07-23 15:29:51,914] {spark_submit_hook.py:479} INFO - 20/07/23 15:29:51 INFO SparkContext: Created broadcast 1 from broadcast at DAGScheduler.scala:1200
[2020-07-23 15:29:51,952] {logging_mixin.py:112} INFO - [2020-07-23 15:29:51,951] {spark_submit_hook.py:479} INFO - 20/07/23 15:29:51 INFO DAGScheduler: Submitting 1 missing tasks from ResultStage 0 (PythonRDD[2] at collect at /home/bhakti/airflow/spark_jobs/spark_test.py:8) (first 15 tasks are for partitions Vector(0))
[2020-07-23 15:29:51,957] {logging_mixin.py:112} INFO - [2020-07-23 15:29:51,956] {spark_submit_hook.py:479} INFO - 20/07/23 15:29:51 INFO TaskSchedulerImpl: Adding task set 0.0 with 1 tasks
[2020-07-23 15:29:52,080] {logging_mixin.py:112} INFO - [2020-07-23 15:29:52,080] {spark_submit_hook.py:479} INFO - 20/07/23 15:29:52 INFO TaskSetManager: Starting task 0.0 in stage 0.0 (TID 0, 192.168.43.94, executor driver, partition 0, PROCESS_LOCAL, 7388 bytes)
[2020-07-23 15:29:52,108] {logging_mixin.py:112} INFO - [2020-07-23 15:29:52,108] {spark_submit_hook.py:479} INFO - 20/07/23 15:29:52 INFO Executor: Running task 0.0 in stage 0.0 (TID 0)
[2020-07-23 15:29:53,131] {logging_mixin.py:112} INFO - [2020-07-23 15:29:53,130] {spark_submit_hook.py:479} INFO - 20/07/23 15:29:53 INFO HadoopRDD: Input split: file:/home/bhakti/airflow/input_data/sample.csv:0+93
[2020-07-23 15:29:53,966] {logging_mixin.py:112} INFO - [2020-07-23 15:29:53,966] {spark_submit_hook.py:479} INFO - 20/07/23 15:29:53 INFO PythonRunner: Times: total = 790, boot = 768, init = 22, finish = 0
[2020-07-23 15:29:54,011] {logging_mixin.py:112} INFO - [2020-07-23 15:29:54,011] {spark_submit_hook.py:479} INFO - 20/07/23 15:29:54 INFO Executor: Finished task 0.0 in stage 0.0 (TID 0). 1822 bytes result sent to driver
[2020-07-23 15:29:54,026] {logging_mixin.py:112} INFO - [2020-07-23 15:29:54,026] {spark_submit_hook.py:479} INFO - 20/07/23 15:29:54 INFO TaskSetManager: Finished task 0.0 in stage 0.0 (TID 0) in 1970 ms on 192.168.43.94 (executor driver) (1/1)
[2020-07-23 15:29:54,030] {logging_mixin.py:112} INFO - [2020-07-23 15:29:54,030] {spark_submit_hook.py:479} INFO - 20/07/23 15:29:54 INFO TaskSchedulerImpl: Removed TaskSet 0.0, whose tasks have all completed, from pool
[2020-07-23 15:29:54,035] {logging_mixin.py:112} INFO - [2020-07-23 15:29:54,034] {spark_submit_hook.py:479} INFO - 20/07/23 15:29:54 INFO PythonAccumulatorV2: Connected to AccumulatorServer at host: 127.0.0.1 port: 57177
[2020-07-23 15:29:54,044] {logging_mixin.py:112} INFO - [2020-07-23 15:29:54,044] {spark_submit_hook.py:479} INFO - 20/07/23 15:29:54 INFO DAGScheduler: ResultStage 0 (collect at /home/bhakti/airflow/spark_jobs/spark_test.py:8) finished in 2.192 s
[2020-07-23 15:29:54,057] {logging_mixin.py:112} INFO - [2020-07-23 15:29:54,057] {spark_submit_hook.py:479} INFO - 20/07/23 15:29:54 INFO DAGScheduler: Job 0 is finished. Cancelling potential speculative or zombie tasks for this job
[2020-07-23 15:29:54,058] {logging_mixin.py:112} INFO - [2020-07-23 15:29:54,058] {spark_submit_hook.py:479} INFO - 20/07/23 15:29:54 INFO TaskSchedulerImpl: Killing all running tasks in stage 0: Stage finished
[2020-07-23 15:29:54,066] {logging_mixin.py:112} INFO - [2020-07-23 15:29:54,065] {spark_submit_hook.py:479} INFO - 20/07/23 15:29:54 INFO DAGScheduler: Job 0 finished: collect at /home/bhakti/airflow/spark_jobs/spark_test.py:8, took 2.337825 s
[2020-07-23 15:29:54,087] {logging_mixin.py:112} INFO - [2020-07-23 15:29:54,086] {spark_submit_hook.py:479} INFO - [('PERSON', 'JOINING_YEAR', 'COMPANY'), ('John', '2018', 'Google'), ('Sam', '2017', 'IBM'), ('Jeff', '2014', 'Yahoo'), ('Allen', '2015', 'Facebook')]
[2020-07-23 15:29:54,862] {logging_mixin.py:112} INFO - [2020-07-23 15:29:54,862] {spark_submit_hook.py:479} INFO - 20/07/23 15:29:54 INFO BlockManagerInfo: Removed broadcast_0_piece0 on 192.168.43.94:43869 in memory (size: 23.4 KiB, free: 366.3 MiB)
[2020-07-23 15:29:54,880] {logging_mixin.py:112} INFO - [2020-07-23 15:29:54,880] {spark_submit_hook.py:479} INFO - 20/07/23 15:29:54 INFO BlockManagerInfo: Removed broadcast_1_piece0 on 192.168.43.94:43869 in memory (size: 4.4 KiB, free: 366.3 MiB)
[2020-07-23 15:29:54,999] {logging_mixin.py:112} INFO - [2020-07-23 15:29:54,999] {spark_submit_hook.py:479} INFO - 20/07/23 15:29:54 INFO SharedState: Setting hive.metastore.warehouse.dir ('null') to the value of spark.sql.warehouse.dir ('file:/home/bhakti/airflow/spark-warehouse').
[2020-07-23 15:29:55,000] {logging_mixin.py:112} INFO - [2020-07-23 15:29:55,000] {spark_submit_hook.py:479} INFO - 20/07/23 15:29:55 INFO SharedState: Warehouse path is 'file:/home/bhakti/airflow/spark-warehouse'.
[2020-07-23 15:30:00,122] {logging_mixin.py:112} INFO - [2020-07-23 15:30:00,122] {spark_submit_hook.py:479} INFO - 20/07/23 15:30:00 INFO CodeGenerator: Code generated in 433.995212 ms
[2020-07-23 15:30:00,277] {logging_mixin.py:112} INFO - [2020-07-23 15:30:00,277] {spark_submit_hook.py:479} INFO - 20/07/23 15:30:00 INFO SparkContext: Starting job: showString at NativeMethodAccessorImpl.java:0
[2020-07-23 15:30:00,282] {logging_mixin.py:112} INFO - [2020-07-23 15:30:00,282] {spark_submit_hook.py:479} INFO - 20/07/23 15:30:00 INFO DAGScheduler: Got job 1 (showString at NativeMethodAccessorImpl.java:0) with 1 output partitions
[2020-07-23 15:30:00,282] {logging_mixin.py:112} INFO - [2020-07-23 15:30:00,282] {spark_submit_hook.py:479} INFO - 20/07/23 15:30:00 INFO DAGScheduler: Final stage: ResultStage 1 (showString at NativeMethodAccessorImpl.java:0)
[2020-07-23 15:30:00,283] {logging_mixin.py:112} INFO - [2020-07-23 15:30:00,282] {spark_submit_hook.py:479} INFO - 20/07/23 15:30:00 INFO DAGScheduler: Parents of final stage: List()
[2020-07-23 15:30:00,283] {logging_mixin.py:112} INFO - [2020-07-23 15:30:00,283] {spark_submit_hook.py:479} INFO - 20/07/23 15:30:00 INFO DAGScheduler: Missing parents: List()
[2020-07-23 15:30:00,287] {logging_mixin.py:112} INFO - [2020-07-23 15:30:00,287] {spark_submit_hook.py:479} INFO - 20/07/23 15:30:00 INFO DAGScheduler: Submitting ResultStage 1 (MapPartitionsRDD[9] at showString at NativeMethodAccessorImpl.java:0), which has no missing parents
[2020-07-23 15:30:00,319] {logging_mixin.py:112} INFO - [2020-07-23 15:30:00,319] {spark_submit_hook.py:479} INFO - 20/07/23 15:30:00 INFO MemoryStore: Block broadcast_2 stored as values in memory (estimated size 11.2 KiB, free 366.3 MiB)
[2020-07-23 15:30:00,324] {logging_mixin.py:112} INFO - [2020-07-23 15:30:00,323] {spark_submit_hook.py:479} INFO - 20/07/23 15:30:00 INFO MemoryStore: Block broadcast_2_piece0 stored as bytes in memory (estimated size 5.8 KiB, free 366.3 MiB)
[2020-07-23 15:30:00,325] {logging_mixin.py:112} INFO - [2020-07-23 15:30:00,325] {spark_submit_hook.py:479} INFO - 20/07/23 15:30:00 INFO BlockManagerInfo: Added broadcast_2_piece0 in memory on 192.168.43.94:43869 (size: 5.8 KiB, free: 366.3 MiB)
[2020-07-23 15:30:00,327] {logging_mixin.py:112} INFO - [2020-07-23 15:30:00,327] {spark_submit_hook.py:479} INFO - 20/07/23 15:30:00 INFO SparkContext: Created broadcast 2 from broadcast at DAGScheduler.scala:1200
[2020-07-23 15:30:00,329] {logging_mixin.py:112} INFO - [2020-07-23 15:30:00,329] {spark_submit_hook.py:479} INFO - 20/07/23 15:30:00 INFO DAGScheduler: Submitting 1 missing tasks from ResultStage 1 (MapPartitionsRDD[9] at showString at NativeMethodAccessorImpl.java:0) (first 15 tasks are for partitions Vector(0))
[2020-07-23 15:30:00,331] {logging_mixin.py:112} INFO - [2020-07-23 15:30:00,330] {spark_submit_hook.py:479} INFO - 20/07/23 15:30:00 INFO TaskSchedulerImpl: Adding task set 1.0 with 1 tasks
[2020-07-23 15:30:00,361] {logging_mixin.py:112} INFO - [2020-07-23 15:30:00,360] {spark_submit_hook.py:479} INFO - 20/07/23 15:30:00 INFO TaskSetManager: Starting task 0.0 in stage 1.0 (TID 1, 192.168.43.94, executor driver, partition 0, PROCESS_LOCAL, 7493 bytes)
[2020-07-23 15:30:00,362] {logging_mixin.py:112} INFO - [2020-07-23 15:30:00,361] {spark_submit_hook.py:479} INFO - 20/07/23 15:30:00 INFO Executor: Running task 0.0 in stage 1.0 (TID 1)
[2020-07-23 15:30:00,450] {logging_mixin.py:112} INFO - [2020-07-23 15:30:00,449] {spark_submit_hook.py:479} INFO - 20/07/23 15:30:00 INFO PythonRunner: Times: total = 2, boot = -6440, init = 6442, finish = 0
[2020-07-23 15:30:00,455] {logging_mixin.py:112} INFO - [2020-07-23 15:30:00,455] {spark_submit_hook.py:479} INFO - 20/07/23 15:30:00 INFO Executor: Finished task 0.0 in stage 1.0 (TID 1). 2235 bytes result sent to driver
[2020-07-23 15:30:00,459] {logging_mixin.py:112} INFO - [2020-07-23 15:30:00,459] {spark_submit_hook.py:479} INFO - 20/07/23 15:30:00 INFO TaskSetManager: Finished task 0.0 in stage 1.0 (TID 1) in 125 ms on 192.168.43.94 (executor driver) (1/1)
[2020-07-23 15:30:00,464] {logging_mixin.py:112} INFO - [2020-07-23 15:30:00,463] {spark_submit_hook.py:479} INFO - 20/07/23 15:30:00 INFO TaskSchedulerImpl: Removed TaskSet 1.0, whose tasks have all completed, from pool
[2020-07-23 15:30:00,464] {logging_mixin.py:112} INFO - [2020-07-23 15:30:00,464] {spark_submit_hook.py:479} INFO - 20/07/23 15:30:00 INFO DAGScheduler: ResultStage 1 (showString at NativeMethodAccessorImpl.java:0) finished in 0.170 s
[2020-07-23 15:30:00,464] {logging_mixin.py:112} INFO - [2020-07-23 15:30:00,464] {spark_submit_hook.py:479} INFO - 20/07/23 15:30:00 INFO DAGScheduler: Job 1 is finished. Cancelling potential speculative or zombie tasks for this job
[2020-07-23 15:30:00,464] {logging_mixin.py:112} INFO - [2020-07-23 15:30:00,464] {spark_submit_hook.py:479} INFO - 20/07/23 15:30:00 INFO TaskSchedulerImpl: Killing all running tasks in stage 1: Stage finished
[2020-07-23 15:30:00,465] {logging_mixin.py:112} INFO - [2020-07-23 15:30:00,465] {spark_submit_hook.py:479} INFO - 20/07/23 15:30:00 INFO DAGScheduler: Job 1 finished: showString at NativeMethodAccessorImpl.java:0, took 0.186227 s
[2020-07-23 15:30:00,562] {logging_mixin.py:112} INFO - [2020-07-23 15:30:00,562] {spark_submit_hook.py:479} INFO - 20/07/23 15:30:00 INFO CodeGenerator: Code generated in 50.175369 ms
[2020-07-23 15:30:00,590] {logging_mixin.py:112} INFO - [2020-07-23 15:30:00,590] {spark_submit_hook.py:479} INFO - +------+------------+--------+
[2020-07-23 15:30:00,591] {logging_mixin.py:112} INFO - [2020-07-23 15:30:00,591] {spark_submit_hook.py:479} INFO - |    _1|          _2|      _3|
[2020-07-23 15:30:00,591] {logging_mixin.py:112} INFO - [2020-07-23 15:30:00,591] {spark_submit_hook.py:479} INFO - +------+------------+--------+
[2020-07-23 15:30:00,591] {logging_mixin.py:112} INFO - [2020-07-23 15:30:00,591] {spark_submit_hook.py:479} INFO - |PERSON|JOINING_YEAR| COMPANY|
[2020-07-23 15:30:00,592] {logging_mixin.py:112} INFO - [2020-07-23 15:30:00,591] {spark_submit_hook.py:479} INFO - |  John|        2018|  Google|
[2020-07-23 15:30:00,592] {logging_mixin.py:112} INFO - [2020-07-23 15:30:00,592] {spark_submit_hook.py:479} INFO - |   Sam|        2017|     IBM|
[2020-07-23 15:30:00,592] {logging_mixin.py:112} INFO - [2020-07-23 15:30:00,592] {spark_submit_hook.py:479} INFO - |  Jeff|        2014|   Yahoo|
[2020-07-23 15:30:00,592] {logging_mixin.py:112} INFO - [2020-07-23 15:30:00,592] {spark_submit_hook.py:479} INFO - | Allen|        2015|Facebook|
[2020-07-23 15:30:00,592] {logging_mixin.py:112} INFO - [2020-07-23 15:30:00,592] {spark_submit_hook.py:479} INFO - +------+------------+--------+
[2020-07-23 15:30:00,593] {logging_mixin.py:112} INFO - [2020-07-23 15:30:00,593] {spark_submit_hook.py:479} INFO - 
[2020-07-23 15:30:00,792] {logging_mixin.py:112} INFO - [2020-07-23 15:30:00,791] {spark_submit_hook.py:479} INFO - 20/07/23 15:30:00 INFO SparkContext: Invoking stop() from shutdown hook
[2020-07-23 15:30:00,806] {logging_mixin.py:112} INFO - [2020-07-23 15:30:00,805] {spark_submit_hook.py:479} INFO - 20/07/23 15:30:00 INFO SparkUI: Stopped Spark web UI at http://192.168.43.94:4043
[2020-07-23 15:30:00,827] {logging_mixin.py:112} INFO - [2020-07-23 15:30:00,827] {spark_submit_hook.py:479} INFO - 20/07/23 15:30:00 INFO MapOutputTrackerMasterEndpoint: MapOutputTrackerMasterEndpoint stopped!
[2020-07-23 15:30:00,843] {logging_mixin.py:112} INFO - [2020-07-23 15:30:00,843] {spark_submit_hook.py:479} INFO - 20/07/23 15:30:00 INFO MemoryStore: MemoryStore cleared
[2020-07-23 15:30:00,845] {logging_mixin.py:112} INFO - [2020-07-23 15:30:00,844] {spark_submit_hook.py:479} INFO - 20/07/23 15:30:00 INFO BlockManager: BlockManager stopped
[2020-07-23 15:30:00,850] {logging_mixin.py:112} INFO - [2020-07-23 15:30:00,850] {spark_submit_hook.py:479} INFO - 20/07/23 15:30:00 INFO BlockManagerMaster: BlockManagerMaster stopped
[2020-07-23 15:30:00,856] {logging_mixin.py:112} INFO - [2020-07-23 15:30:00,856] {spark_submit_hook.py:479} INFO - 20/07/23 15:30:00 INFO OutputCommitCoordinator$OutputCommitCoordinatorEndpoint: OutputCommitCoordinator stopped!
[2020-07-23 15:30:00,885] {logging_mixin.py:112} INFO - [2020-07-23 15:30:00,885] {spark_submit_hook.py:479} INFO - 20/07/23 15:30:00 INFO SparkContext: Successfully stopped SparkContext
[2020-07-23 15:30:00,885] {logging_mixin.py:112} INFO - [2020-07-23 15:30:00,885] {spark_submit_hook.py:479} INFO - 20/07/23 15:30:00 INFO ShutdownHookManager: Shutdown hook called
[2020-07-23 15:30:00,886] {logging_mixin.py:112} INFO - [2020-07-23 15:30:00,885] {spark_submit_hook.py:479} INFO - 20/07/23 15:30:00 INFO ShutdownHookManager: Deleting directory /tmp/spark-8c84c90c-9f7d-464e-b743-770e3f6ce226
[2020-07-23 15:30:00,890] {logging_mixin.py:112} INFO - [2020-07-23 15:30:00,890] {spark_submit_hook.py:479} INFO - 20/07/23 15:30:00 INFO ShutdownHookManager: Deleting directory /tmp/spark-8c84c90c-9f7d-464e-b743-770e3f6ce226/pyspark-b7610899-15e9-483a-80d1-44fe2f30221b
[2020-07-23 15:30:00,898] {logging_mixin.py:112} INFO - [2020-07-23 15:30:00,897] {spark_submit_hook.py:479} INFO - 20/07/23 15:30:00 INFO ShutdownHookManager: Deleting directory /tmp/spark-281bd137-5361-4cb1-805b-09e07efb49c9
[2020-07-23 15:30:01,058] {taskinstance.py:1052} INFO - Marking task as SUCCESS.dag_id=submit_data, task_id=spark_submit, execution_date=20200721T010300, start_date=20200723T095936, end_date=20200723T100001
[2020-07-23 15:30:02,019] {logging_mixin.py:112} INFO - [2020-07-23 15:30:02,018] {local_task_job.py:103} INFO - Task exited with return code 0
