[2020-07-23 15:25:36,706] {taskinstance.py:669} INFO - Dependencies all met for <TaskInstance: submit_data.spark_submit 2020-07-21T00:57:00+00:00 [queued]>
[2020-07-23 15:25:36,734] {taskinstance.py:669} INFO - Dependencies all met for <TaskInstance: submit_data.spark_submit 2020-07-21T00:57:00+00:00 [queued]>
[2020-07-23 15:25:36,734] {taskinstance.py:879} INFO - 
--------------------------------------------------------------------------------
[2020-07-23 15:25:36,735] {taskinstance.py:880} INFO - Starting attempt 1 of 1
[2020-07-23 15:25:36,735] {taskinstance.py:881} INFO - 
--------------------------------------------------------------------------------
[2020-07-23 15:25:36,932] {taskinstance.py:900} INFO - Executing <Task(SparkSubmitOperator): spark_submit> on 2020-07-21T00:57:00+00:00
[2020-07-23 15:25:36,938] {standard_task_runner.py:53} INFO - Started process 265491 to run task
[2020-07-23 15:25:37,420] {logging_mixin.py:112} INFO - Running %s on host %s <TaskInstance: submit_data.spark_submit 2020-07-21T00:57:00+00:00 [running]> bhakti-Vostro-3558
[2020-07-23 15:25:37,550] {logging_mixin.py:112} INFO - [2020-07-23 15:25:37,550] {base_hook.py:87} INFO - Using connection to: id: spark_local. Host: local, Port: None, Schema: None, Login: None, Password: None, extra: None
[2020-07-23 15:25:37,552] {logging_mixin.py:112} INFO - [2020-07-23 15:25:37,552] {spark_submit_hook.py:325} INFO - Spark-Submit cmd: spark-submit --master local --name airflow-spark /home/bhakti/airflow/spark_jobs/spark_test.py
[2020-07-23 15:25:43,394] {logging_mixin.py:112} INFO - [2020-07-23 15:25:43,392] {spark_submit_hook.py:479} INFO - 20/07/23 15:25:43 WARN Utils: Your hostname, bhakti-Vostro-3558 resolves to a loopback address: 127.0.1.1; using 192.168.43.94 instead (on interface wlp6s0)
[2020-07-23 15:25:43,407] {logging_mixin.py:112} INFO - [2020-07-23 15:25:43,406] {spark_submit_hook.py:479} INFO - 20/07/23 15:25:43 WARN Utils: Set SPARK_LOCAL_IP if you need to bind to another address
[2020-07-23 15:25:45,882] {logging_mixin.py:112} INFO - [2020-07-23 15:25:45,882] {spark_submit_hook.py:479} INFO - 20/07/23 15:25:45 WARN NativeCodeLoader: Unable to load native-hadoop library for your platform... using builtin-java classes where applicable
[2020-07-23 15:25:50,171] {logging_mixin.py:112} INFO - [2020-07-23 15:25:50,170] {spark_submit_hook.py:479} INFO - Using Spark's default log4j profile: org/apache/spark/log4j-defaults.properties
[2020-07-23 15:25:50,259] {logging_mixin.py:112} INFO - [2020-07-23 15:25:50,258] {spark_submit_hook.py:479} INFO - 20/07/23 15:25:50 INFO SparkContext: Running Spark version 3.0.0
[2020-07-23 15:25:50,498] {logging_mixin.py:112} INFO - [2020-07-23 15:25:50,497] {spark_submit_hook.py:479} INFO - 20/07/23 15:25:50 INFO ResourceUtils: ==============================================================
[2020-07-23 15:25:50,503] {logging_mixin.py:112} INFO - [2020-07-23 15:25:50,503] {spark_submit_hook.py:479} INFO - 20/07/23 15:25:50 INFO ResourceUtils: Resources for spark.driver:
[2020-07-23 15:25:50,503] {logging_mixin.py:112} INFO - [2020-07-23 15:25:50,503] {spark_submit_hook.py:479} INFO - 
[2020-07-23 15:25:50,505] {logging_mixin.py:112} INFO - [2020-07-23 15:25:50,505] {spark_submit_hook.py:479} INFO - 20/07/23 15:25:50 INFO ResourceUtils: ==============================================================
[2020-07-23 15:25:50,508] {logging_mixin.py:112} INFO - [2020-07-23 15:25:50,508] {spark_submit_hook.py:479} INFO - 20/07/23 15:25:50 INFO SparkContext: Submitted application: Spark_Test_Python
[2020-07-23 15:25:50,775] {logging_mixin.py:112} INFO - [2020-07-23 15:25:50,774] {spark_submit_hook.py:479} INFO - 20/07/23 15:25:50 INFO SecurityManager: Changing view acls to: bhakti
[2020-07-23 15:25:50,802] {logging_mixin.py:112} INFO - [2020-07-23 15:25:50,801] {spark_submit_hook.py:479} INFO - 20/07/23 15:25:50 INFO SecurityManager: Changing modify acls to: bhakti
[2020-07-23 15:25:50,804] {logging_mixin.py:112} INFO - [2020-07-23 15:25:50,803] {spark_submit_hook.py:479} INFO - 20/07/23 15:25:50 INFO SecurityManager: Changing view acls groups to:
[2020-07-23 15:25:50,804] {logging_mixin.py:112} INFO - [2020-07-23 15:25:50,804] {spark_submit_hook.py:479} INFO - 20/07/23 15:25:50 INFO SecurityManager: Changing modify acls groups to:
[2020-07-23 15:25:50,805] {logging_mixin.py:112} INFO - [2020-07-23 15:25:50,805] {spark_submit_hook.py:479} INFO - 20/07/23 15:25:50 INFO SecurityManager: SecurityManager: authentication disabled; ui acls disabled; users  with view permissions: Set(bhakti); groups with view permissions: Set(); users  with modify permissions: Set(bhakti); groups with modify permissions: Set()
[2020-07-23 15:25:52,255] {logging_mixin.py:112} INFO - [2020-07-23 15:25:52,254] {spark_submit_hook.py:479} INFO - 20/07/23 15:25:52 INFO Utils: Successfully started service 'sparkDriver' on port 44001.
[2020-07-23 15:25:52,423] {logging_mixin.py:112} INFO - [2020-07-23 15:25:52,422] {spark_submit_hook.py:479} INFO - 20/07/23 15:25:52 INFO SparkEnv: Registering MapOutputTracker
[2020-07-23 15:25:52,541] {logging_mixin.py:112} INFO - [2020-07-23 15:25:52,540] {spark_submit_hook.py:479} INFO - 20/07/23 15:25:52 INFO SparkEnv: Registering BlockManagerMaster
[2020-07-23 15:25:52,583] {logging_mixin.py:112} INFO - [2020-07-23 15:25:52,582] {spark_submit_hook.py:479} INFO - 20/07/23 15:25:52 INFO BlockManagerMasterEndpoint: Using org.apache.spark.storage.DefaultTopologyMapper for getting topology information
[2020-07-23 15:25:52,584] {logging_mixin.py:112} INFO - [2020-07-23 15:25:52,584] {spark_submit_hook.py:479} INFO - 20/07/23 15:25:52 INFO BlockManagerMasterEndpoint: BlockManagerMasterEndpoint up
[2020-07-23 15:25:52,595] {logging_mixin.py:112} INFO - [2020-07-23 15:25:52,594] {spark_submit_hook.py:479} INFO - 20/07/23 15:25:52 INFO SparkEnv: Registering BlockManagerMasterHeartbeat
[2020-07-23 15:25:52,627] {logging_mixin.py:112} INFO - [2020-07-23 15:25:52,627] {spark_submit_hook.py:479} INFO - 20/07/23 15:25:52 INFO DiskBlockManager: Created local directory at /tmp/blockmgr-27ab8cdb-3497-466a-a246-932fd0c7ce65
[2020-07-23 15:25:52,691] {logging_mixin.py:112} INFO - [2020-07-23 15:25:52,691] {spark_submit_hook.py:479} INFO - 20/07/23 15:25:52 INFO MemoryStore: MemoryStore started with capacity 366.3 MiB
[2020-07-23 15:25:52,731] {logging_mixin.py:112} INFO - [2020-07-23 15:25:52,731] {spark_submit_hook.py:479} INFO - 20/07/23 15:25:52 INFO SparkEnv: Registering OutputCommitCoordinator
[2020-07-23 15:25:53,405] {logging_mixin.py:112} INFO - [2020-07-23 15:25:53,404] {spark_submit_hook.py:479} INFO - 20/07/23 15:25:53 WARN Utils: Service 'SparkUI' could not bind on port 4040. Attempting port 4041.
[2020-07-23 15:25:53,405] {logging_mixin.py:112} INFO - [2020-07-23 15:25:53,405] {spark_submit_hook.py:479} INFO - 20/07/23 15:25:53 WARN Utils: Service 'SparkUI' could not bind on port 4041. Attempting port 4042.
[2020-07-23 15:25:53,406] {logging_mixin.py:112} INFO - [2020-07-23 15:25:53,406] {spark_submit_hook.py:479} INFO - 20/07/23 15:25:53 WARN Utils: Service 'SparkUI' could not bind on port 4042. Attempting port 4043.
[2020-07-23 15:25:53,406] {logging_mixin.py:112} INFO - [2020-07-23 15:25:53,406] {spark_submit_hook.py:479} INFO - 20/07/23 15:25:53 WARN Utils: Service 'SparkUI' could not bind on port 4043. Attempting port 4044.
[2020-07-23 15:25:53,421] {logging_mixin.py:112} INFO - [2020-07-23 15:25:53,420] {spark_submit_hook.py:479} INFO - 20/07/23 15:25:53 INFO Utils: Successfully started service 'SparkUI' on port 4044.
[2020-07-23 15:25:53,516] {logging_mixin.py:112} INFO - [2020-07-23 15:25:53,516] {spark_submit_hook.py:479} INFO - 20/07/23 15:25:53 INFO SparkUI: Bound SparkUI to 0.0.0.0, and started at http://192.168.43.94:4044
[2020-07-23 15:25:54,031] {logging_mixin.py:112} INFO - [2020-07-23 15:25:54,030] {spark_submit_hook.py:479} INFO - 20/07/23 15:25:54 INFO Executor: Starting executor ID driver on host 192.168.43.94
[2020-07-23 15:25:54,083] {logging_mixin.py:112} INFO - [2020-07-23 15:25:54,082] {spark_submit_hook.py:479} INFO - 20/07/23 15:25:54 INFO Utils: Successfully started service 'org.apache.spark.network.netty.NettyBlockTransferService' on port 34243.
[2020-07-23 15:25:54,084] {logging_mixin.py:112} INFO - [2020-07-23 15:25:54,084] {spark_submit_hook.py:479} INFO - 20/07/23 15:25:54 INFO NettyBlockTransferService: Server created on 192.168.43.94:34243
[2020-07-23 15:25:54,087] {logging_mixin.py:112} INFO - [2020-07-23 15:25:54,087] {spark_submit_hook.py:479} INFO - 20/07/23 15:25:54 INFO BlockManager: Using org.apache.spark.storage.RandomBlockReplicationPolicy for block replication policy
[2020-07-23 15:25:54,107] {logging_mixin.py:112} INFO - [2020-07-23 15:25:54,107] {spark_submit_hook.py:479} INFO - 20/07/23 15:25:54 INFO BlockManagerMaster: Registering BlockManager BlockManagerId(driver, 192.168.43.94, 34243, None)
[2020-07-23 15:25:54,125] {logging_mixin.py:112} INFO - [2020-07-23 15:25:54,125] {spark_submit_hook.py:479} INFO - 20/07/23 15:25:54 INFO BlockManagerMasterEndpoint: Registering block manager 192.168.43.94:34243 with 366.3 MiB RAM, BlockManagerId(driver, 192.168.43.94, 34243, None)
[2020-07-23 15:25:54,132] {logging_mixin.py:112} INFO - [2020-07-23 15:25:54,132] {spark_submit_hook.py:479} INFO - 20/07/23 15:25:54 INFO BlockManagerMaster: Registered BlockManager BlockManagerId(driver, 192.168.43.94, 34243, None)
[2020-07-23 15:25:54,136] {logging_mixin.py:112} INFO - [2020-07-23 15:25:54,136] {spark_submit_hook.py:479} INFO - 20/07/23 15:25:54 INFO BlockManager: Initialized BlockManager: BlockManagerId(driver, 192.168.43.94, 34243, None)
[2020-07-23 15:25:55,608] {logging_mixin.py:112} INFO - [2020-07-23 15:25:55,608] {spark_submit_hook.py:479} INFO - 20/07/23 15:25:55 INFO MemoryStore: Block broadcast_0 stored as values in memory (estimated size 241.5 KiB, free 366.1 MiB)
[2020-07-23 15:25:55,726] {logging_mixin.py:112} INFO - [2020-07-23 15:25:55,725] {spark_submit_hook.py:479} INFO - 20/07/23 15:25:55 INFO MemoryStore: Block broadcast_0_piece0 stored as bytes in memory (estimated size 23.4 KiB, free 366.0 MiB)
[2020-07-23 15:25:55,732] {logging_mixin.py:112} INFO - [2020-07-23 15:25:55,731] {spark_submit_hook.py:479} INFO - 20/07/23 15:25:55 INFO BlockManagerInfo: Added broadcast_0_piece0 in memory on 192.168.43.94:34243 (size: 23.4 KiB, free: 366.3 MiB)
[2020-07-23 15:25:55,740] {logging_mixin.py:112} INFO - [2020-07-23 15:25:55,739] {spark_submit_hook.py:479} INFO - 20/07/23 15:25:55 INFO SparkContext: Created broadcast 0 from textFile at NativeMethodAccessorImpl.java:0
[2020-07-23 15:25:56,202] {logging_mixin.py:112} INFO - [2020-07-23 15:25:56,202] {spark_submit_hook.py:479} INFO - 20/07/23 15:25:56 INFO FileInputFormat: Total input paths to process : 1
[2020-07-23 15:25:56,350] {logging_mixin.py:112} INFO - [2020-07-23 15:25:56,350] {spark_submit_hook.py:479} INFO - 20/07/23 15:25:56 INFO SparkContext: Starting job: collect at /home/bhakti/airflow/spark_jobs/spark_test.py:8
[2020-07-23 15:25:56,385] {logging_mixin.py:112} INFO - [2020-07-23 15:25:56,385] {spark_submit_hook.py:479} INFO - 20/07/23 15:25:56 INFO DAGScheduler: Got job 0 (collect at /home/bhakti/airflow/spark_jobs/spark_test.py:8) with 1 output partitions
[2020-07-23 15:25:56,386] {logging_mixin.py:112} INFO - [2020-07-23 15:25:56,386] {spark_submit_hook.py:479} INFO - 20/07/23 15:25:56 INFO DAGScheduler: Final stage: ResultStage 0 (collect at /home/bhakti/airflow/spark_jobs/spark_test.py:8)
[2020-07-23 15:25:56,388] {logging_mixin.py:112} INFO - [2020-07-23 15:25:56,387] {spark_submit_hook.py:479} INFO - 20/07/23 15:25:56 INFO DAGScheduler: Parents of final stage: List()
[2020-07-23 15:25:56,392] {logging_mixin.py:112} INFO - [2020-07-23 15:25:56,391] {spark_submit_hook.py:479} INFO - 20/07/23 15:25:56 INFO DAGScheduler: Missing parents: List()
[2020-07-23 15:25:56,410] {logging_mixin.py:112} INFO - [2020-07-23 15:25:56,410] {spark_submit_hook.py:479} INFO - 20/07/23 15:25:56 INFO DAGScheduler: Submitting ResultStage 0 (PythonRDD[2] at collect at /home/bhakti/airflow/spark_jobs/spark_test.py:8), which has no missing parents
[2020-07-23 15:25:56,459] {logging_mixin.py:112} INFO - [2020-07-23 15:25:56,458] {spark_submit_hook.py:479} INFO - 20/07/23 15:25:56 INFO MemoryStore: Block broadcast_1 stored as values in memory (estimated size 7.4 KiB, free 366.0 MiB)
[2020-07-23 15:25:56,474] {logging_mixin.py:112} INFO - [2020-07-23 15:25:56,474] {spark_submit_hook.py:479} INFO - 20/07/23 15:25:56 INFO MemoryStore: Block broadcast_1_piece0 stored as bytes in memory (estimated size 4.4 KiB, free 366.0 MiB)
[2020-07-23 15:25:56,476] {logging_mixin.py:112} INFO - [2020-07-23 15:25:56,476] {spark_submit_hook.py:479} INFO - 20/07/23 15:25:56 INFO BlockManagerInfo: Added broadcast_1_piece0 in memory on 192.168.43.94:34243 (size: 4.4 KiB, free: 366.3 MiB)
[2020-07-23 15:25:56,479] {logging_mixin.py:112} INFO - [2020-07-23 15:25:56,479] {spark_submit_hook.py:479} INFO - 20/07/23 15:25:56 INFO SparkContext: Created broadcast 1 from broadcast at DAGScheduler.scala:1200
[2020-07-23 15:25:56,512] {logging_mixin.py:112} INFO - [2020-07-23 15:25:56,512] {spark_submit_hook.py:479} INFO - 20/07/23 15:25:56 INFO DAGScheduler: Submitting 1 missing tasks from ResultStage 0 (PythonRDD[2] at collect at /home/bhakti/airflow/spark_jobs/spark_test.py:8) (first 15 tasks are for partitions Vector(0))
[2020-07-23 15:25:56,515] {logging_mixin.py:112} INFO - [2020-07-23 15:25:56,515] {spark_submit_hook.py:479} INFO - 20/07/23 15:25:56 INFO TaskSchedulerImpl: Adding task set 0.0 with 1 tasks
[2020-07-23 15:25:56,668] {logging_mixin.py:112} INFO - [2020-07-23 15:25:56,668] {spark_submit_hook.py:479} INFO - 20/07/23 15:25:56 INFO TaskSetManager: Starting task 0.0 in stage 0.0 (TID 0, 192.168.43.94, executor driver, partition 0, PROCESS_LOCAL, 7388 bytes)
[2020-07-23 15:25:56,701] {logging_mixin.py:112} INFO - [2020-07-23 15:25:56,701] {spark_submit_hook.py:479} INFO - 20/07/23 15:25:56 INFO Executor: Running task 0.0 in stage 0.0 (TID 0)
[2020-07-23 15:25:57,471] {logging_mixin.py:112} INFO - [2020-07-23 15:25:57,470] {spark_submit_hook.py:479} INFO - 20/07/23 15:25:57 INFO HadoopRDD: Input split: file:/home/bhakti/airflow/input_data/sample.csv:0+93
[2020-07-23 15:25:58,405] {logging_mixin.py:112} INFO - [2020-07-23 15:25:58,405] {spark_submit_hook.py:479} INFO - 20/07/23 15:25:58 INFO PythonRunner: Times: total = 898, boot = 878, init = 20, finish = 0
[2020-07-23 15:25:58,443] {logging_mixin.py:112} INFO - [2020-07-23 15:25:58,442] {spark_submit_hook.py:479} INFO - 20/07/23 15:25:58 INFO Executor: Finished task 0.0 in stage 0.0 (TID 0). 1779 bytes result sent to driver
[2020-07-23 15:25:58,462] {logging_mixin.py:112} INFO - [2020-07-23 15:25:58,462] {spark_submit_hook.py:479} INFO - 20/07/23 15:25:58 INFO TaskSetManager: Finished task 0.0 in stage 0.0 (TID 0) in 1825 ms on 192.168.43.94 (executor driver) (1/1)
[2020-07-23 15:25:58,469] {logging_mixin.py:112} INFO - [2020-07-23 15:25:58,469] {spark_submit_hook.py:479} INFO - 20/07/23 15:25:58 INFO TaskSchedulerImpl: Removed TaskSet 0.0, whose tasks have all completed, from pool
[2020-07-23 15:25:58,473] {logging_mixin.py:112} INFO - [2020-07-23 15:25:58,473] {spark_submit_hook.py:479} INFO - 20/07/23 15:25:58 INFO PythonAccumulatorV2: Connected to AccumulatorServer at host: 127.0.0.1 port: 47115
[2020-07-23 15:25:58,481] {logging_mixin.py:112} INFO - [2020-07-23 15:25:58,480] {spark_submit_hook.py:479} INFO - 20/07/23 15:25:58 INFO DAGScheduler: ResultStage 0 (collect at /home/bhakti/airflow/spark_jobs/spark_test.py:8) finished in 2.032 s
[2020-07-23 15:25:58,494] {logging_mixin.py:112} INFO - [2020-07-23 15:25:58,493] {spark_submit_hook.py:479} INFO - 20/07/23 15:25:58 INFO DAGScheduler: Job 0 is finished. Cancelling potential speculative or zombie tasks for this job
[2020-07-23 15:25:58,494] {logging_mixin.py:112} INFO - [2020-07-23 15:25:58,494] {spark_submit_hook.py:479} INFO - 20/07/23 15:25:58 INFO TaskSchedulerImpl: Killing all running tasks in stage 0: Stage finished
[2020-07-23 15:25:58,498] {logging_mixin.py:112} INFO - [2020-07-23 15:25:58,497] {spark_submit_hook.py:479} INFO - 20/07/23 15:25:58 INFO DAGScheduler: Job 0 finished: collect at /home/bhakti/airflow/spark_jobs/spark_test.py:8, took 2.146266 s
[2020-07-23 15:25:58,515] {logging_mixin.py:112} INFO - [2020-07-23 15:25:58,514] {spark_submit_hook.py:479} INFO - [('PERSON', 'JOINING_YEAR', 'COMPANY'), ('John', '2018', 'Google'), ('Sam', '2017', 'IBM'), ('Jeff', '2014', 'Yahoo'), ('Allen', '2015', 'Facebook')]
[2020-07-23 15:25:59,370] {logging_mixin.py:112} INFO - [2020-07-23 15:25:59,370] {spark_submit_hook.py:479} INFO - 20/07/23 15:25:59 INFO BlockManagerInfo: Removed broadcast_1_piece0 on 192.168.43.94:34243 in memory (size: 4.4 KiB, free: 366.3 MiB)
[2020-07-23 15:25:59,380] {logging_mixin.py:112} INFO - [2020-07-23 15:25:59,380] {spark_submit_hook.py:479} INFO - 20/07/23 15:25:59 INFO BlockManagerInfo: Removed broadcast_0_piece0 on 192.168.43.94:34243 in memory (size: 23.4 KiB, free: 366.3 MiB)
[2020-07-23 15:25:59,489] {logging_mixin.py:112} INFO - [2020-07-23 15:25:59,489] {spark_submit_hook.py:479} INFO - 20/07/23 15:25:59 INFO SharedState: Setting hive.metastore.warehouse.dir ('null') to the value of spark.sql.warehouse.dir ('file:/home/bhakti/airflow/spark-warehouse').
[2020-07-23 15:25:59,490] {logging_mixin.py:112} INFO - [2020-07-23 15:25:59,489] {spark_submit_hook.py:479} INFO - 20/07/23 15:25:59 INFO SharedState: Warehouse path is 'file:/home/bhakti/airflow/spark-warehouse'.
[2020-07-23 15:26:05,400] {logging_mixin.py:112} INFO - [2020-07-23 15:26:05,400] {spark_submit_hook.py:479} INFO - 20/07/23 15:26:05 INFO CodeGenerator: Code generated in 948.286647 ms
[2020-07-23 15:26:05,592] {logging_mixin.py:112} INFO - [2020-07-23 15:26:05,592] {spark_submit_hook.py:479} INFO - 20/07/23 15:26:05 INFO SparkContext: Starting job: showString at NativeMethodAccessorImpl.java:0
[2020-07-23 15:26:05,600] {logging_mixin.py:112} INFO - [2020-07-23 15:26:05,600] {spark_submit_hook.py:479} INFO - 20/07/23 15:26:05 INFO DAGScheduler: Got job 1 (showString at NativeMethodAccessorImpl.java:0) with 1 output partitions
[2020-07-23 15:26:05,601] {logging_mixin.py:112} INFO - [2020-07-23 15:26:05,600] {spark_submit_hook.py:479} INFO - 20/07/23 15:26:05 INFO DAGScheduler: Final stage: ResultStage 1 (showString at NativeMethodAccessorImpl.java:0)
[2020-07-23 15:26:05,601] {logging_mixin.py:112} INFO - [2020-07-23 15:26:05,601] {spark_submit_hook.py:479} INFO - 20/07/23 15:26:05 INFO DAGScheduler: Parents of final stage: List()
[2020-07-23 15:26:05,611] {logging_mixin.py:112} INFO - [2020-07-23 15:26:05,611] {spark_submit_hook.py:479} INFO - 20/07/23 15:26:05 INFO DAGScheduler: Missing parents: List()
[2020-07-23 15:26:05,618] {logging_mixin.py:112} INFO - [2020-07-23 15:26:05,618] {spark_submit_hook.py:479} INFO - 20/07/23 15:26:05 INFO DAGScheduler: Submitting ResultStage 1 (MapPartitionsRDD[9] at showString at NativeMethodAccessorImpl.java:0), which has no missing parents
[2020-07-23 15:26:05,719] {logging_mixin.py:112} INFO - [2020-07-23 15:26:05,719] {spark_submit_hook.py:479} INFO - 20/07/23 15:26:05 INFO MemoryStore: Block broadcast_2 stored as values in memory (estimated size 11.2 KiB, free 366.3 MiB)
[2020-07-23 15:26:05,720] {logging_mixin.py:112} INFO - [2020-07-23 15:26:05,720] {spark_submit_hook.py:479} INFO - 20/07/23 15:26:05 INFO MemoryStore: Block broadcast_2_piece0 stored as bytes in memory (estimated size 5.8 KiB, free 366.3 MiB)
[2020-07-23 15:26:05,724] {logging_mixin.py:112} INFO - [2020-07-23 15:26:05,724] {spark_submit_hook.py:479} INFO - 20/07/23 15:26:05 INFO BlockManagerInfo: Added broadcast_2_piece0 in memory on 192.168.43.94:34243 (size: 5.8 KiB, free: 366.3 MiB)
[2020-07-23 15:26:05,726] {logging_mixin.py:112} INFO - [2020-07-23 15:26:05,726] {spark_submit_hook.py:479} INFO - 20/07/23 15:26:05 INFO SparkContext: Created broadcast 2 from broadcast at DAGScheduler.scala:1200
[2020-07-23 15:26:05,729] {logging_mixin.py:112} INFO - [2020-07-23 15:26:05,729] {spark_submit_hook.py:479} INFO - 20/07/23 15:26:05 INFO DAGScheduler: Submitting 1 missing tasks from ResultStage 1 (MapPartitionsRDD[9] at showString at NativeMethodAccessorImpl.java:0) (first 15 tasks are for partitions Vector(0))
[2020-07-23 15:26:05,730] {logging_mixin.py:112} INFO - [2020-07-23 15:26:05,729] {spark_submit_hook.py:479} INFO - 20/07/23 15:26:05 INFO TaskSchedulerImpl: Adding task set 1.0 with 1 tasks
[2020-07-23 15:26:05,767] {logging_mixin.py:112} INFO - [2020-07-23 15:26:05,766] {spark_submit_hook.py:479} INFO - 20/07/23 15:26:05 INFO TaskSetManager: Starting task 0.0 in stage 1.0 (TID 1, 192.168.43.94, executor driver, partition 0, PROCESS_LOCAL, 7493 bytes)
[2020-07-23 15:26:05,767] {logging_mixin.py:112} INFO - [2020-07-23 15:26:05,767] {spark_submit_hook.py:479} INFO - 20/07/23 15:26:05 INFO Executor: Running task 0.0 in stage 1.0 (TID 1)
[2020-07-23 15:26:06,214] {logging_mixin.py:112} INFO - [2020-07-23 15:26:06,214] {spark_submit_hook.py:479} INFO - 20/07/23 15:26:06 INFO PythonRunner: Times: total = 12, boot = -7616, init = 7628, finish = 0
[2020-07-23 15:26:06,220] {logging_mixin.py:112} INFO - [2020-07-23 15:26:06,220] {spark_submit_hook.py:479} INFO - 20/07/23 15:26:06 INFO Executor: Finished task 0.0 in stage 1.0 (TID 1). 2235 bytes result sent to driver
[2020-07-23 15:26:06,248] {logging_mixin.py:112} INFO - [2020-07-23 15:26:06,247] {spark_submit_hook.py:479} INFO - 20/07/23 15:26:06 INFO TaskSetManager: Finished task 0.0 in stage 1.0 (TID 1) in 515 ms on 192.168.43.94 (executor driver) (1/1)
[2020-07-23 15:26:06,249] {logging_mixin.py:112} INFO - [2020-07-23 15:26:06,249] {spark_submit_hook.py:479} INFO - 20/07/23 15:26:06 INFO TaskSchedulerImpl: Removed TaskSet 1.0, whose tasks have all completed, from pool
[2020-07-23 15:26:06,261] {logging_mixin.py:112} INFO - [2020-07-23 15:26:06,261] {spark_submit_hook.py:479} INFO - 20/07/23 15:26:06 INFO DAGScheduler: ResultStage 1 (showString at NativeMethodAccessorImpl.java:0) finished in 0.614 s
[2020-07-23 15:26:06,266] {logging_mixin.py:112} INFO - [2020-07-23 15:26:06,266] {spark_submit_hook.py:479} INFO - 20/07/23 15:26:06 INFO DAGScheduler: Job 1 is finished. Cancelling potential speculative or zombie tasks for this job
[2020-07-23 15:26:06,267] {logging_mixin.py:112} INFO - [2020-07-23 15:26:06,267] {spark_submit_hook.py:479} INFO - 20/07/23 15:26:06 INFO TaskSchedulerImpl: Killing all running tasks in stage 1: Stage finished
[2020-07-23 15:26:06,276] {logging_mixin.py:112} INFO - [2020-07-23 15:26:06,275] {spark_submit_hook.py:479} INFO - 20/07/23 15:26:06 INFO DAGScheduler: Job 1 finished: showString at NativeMethodAccessorImpl.java:0, took 0.678598 s
[2020-07-23 15:26:06,568] {logging_mixin.py:112} INFO - [2020-07-23 15:26:06,568] {spark_submit_hook.py:479} INFO - 20/07/23 15:26:06 INFO CodeGenerator: Code generated in 164.756902 ms
[2020-07-23 15:26:06,721] {logging_mixin.py:112} INFO - [2020-07-23 15:26:06,721] {spark_submit_hook.py:479} INFO - +------+------------+--------+
[2020-07-23 15:26:06,722] {logging_mixin.py:112} INFO - [2020-07-23 15:26:06,721] {spark_submit_hook.py:479} INFO - |    _1|          _2|      _3|
[2020-07-23 15:26:06,722] {logging_mixin.py:112} INFO - [2020-07-23 15:26:06,722] {spark_submit_hook.py:479} INFO - +------+------------+--------+
[2020-07-23 15:26:06,722] {logging_mixin.py:112} INFO - [2020-07-23 15:26:06,722] {spark_submit_hook.py:479} INFO - |PERSON|JOINING_YEAR| COMPANY|
[2020-07-23 15:26:06,723] {logging_mixin.py:112} INFO - [2020-07-23 15:26:06,722] {spark_submit_hook.py:479} INFO - |  John|        2018|  Google|
[2020-07-23 15:26:06,723] {logging_mixin.py:112} INFO - [2020-07-23 15:26:06,723] {spark_submit_hook.py:479} INFO - |   Sam|        2017|     IBM|
[2020-07-23 15:26:06,723] {logging_mixin.py:112} INFO - [2020-07-23 15:26:06,723] {spark_submit_hook.py:479} INFO - |  Jeff|        2014|   Yahoo|
[2020-07-23 15:26:06,723] {logging_mixin.py:112} INFO - [2020-07-23 15:26:06,723] {spark_submit_hook.py:479} INFO - | Allen|        2015|Facebook|
[2020-07-23 15:26:06,724] {logging_mixin.py:112} INFO - [2020-07-23 15:26:06,724] {spark_submit_hook.py:479} INFO - +------+------------+--------+
[2020-07-23 15:26:06,724] {logging_mixin.py:112} INFO - [2020-07-23 15:26:06,724] {spark_submit_hook.py:479} INFO - 
[2020-07-23 15:26:07,013] {logging_mixin.py:112} INFO - [2020-07-23 15:26:07,013] {spark_submit_hook.py:479} INFO - 20/07/23 15:26:07 INFO SparkContext: Invoking stop() from shutdown hook
[2020-07-23 15:26:07,089] {logging_mixin.py:112} INFO - [2020-07-23 15:26:07,089] {spark_submit_hook.py:479} INFO - 20/07/23 15:26:07 INFO SparkUI: Stopped Spark web UI at http://192.168.43.94:4044
[2020-07-23 15:26:07,181] {logging_mixin.py:112} INFO - [2020-07-23 15:26:07,180] {spark_submit_hook.py:479} INFO - 20/07/23 15:26:07 INFO MapOutputTrackerMasterEndpoint: MapOutputTrackerMasterEndpoint stopped!
[2020-07-23 15:26:07,250] {logging_mixin.py:112} INFO - [2020-07-23 15:26:07,250] {spark_submit_hook.py:479} INFO - 20/07/23 15:26:07 INFO MemoryStore: MemoryStore cleared
[2020-07-23 15:26:07,258] {logging_mixin.py:112} INFO - [2020-07-23 15:26:07,256] {spark_submit_hook.py:479} INFO - 20/07/23 15:26:07 INFO BlockManager: BlockManager stopped
[2020-07-23 15:26:07,278] {logging_mixin.py:112} INFO - [2020-07-23 15:26:07,277] {spark_submit_hook.py:479} INFO - 20/07/23 15:26:07 INFO BlockManagerMaster: BlockManagerMaster stopped
[2020-07-23 15:26:07,297] {logging_mixin.py:112} INFO - [2020-07-23 15:26:07,296] {spark_submit_hook.py:479} INFO - 20/07/23 15:26:07 INFO OutputCommitCoordinator$OutputCommitCoordinatorEndpoint: OutputCommitCoordinator stopped!
[2020-07-23 15:26:07,328] {logging_mixin.py:112} INFO - [2020-07-23 15:26:07,328] {spark_submit_hook.py:479} INFO - 20/07/23 15:26:07 INFO SparkContext: Successfully stopped SparkContext
[2020-07-23 15:26:07,329] {logging_mixin.py:112} INFO - [2020-07-23 15:26:07,329] {spark_submit_hook.py:479} INFO - 20/07/23 15:26:07 INFO ShutdownHookManager: Shutdown hook called
[2020-07-23 15:26:07,331] {logging_mixin.py:112} INFO - [2020-07-23 15:26:07,331] {spark_submit_hook.py:479} INFO - 20/07/23 15:26:07 INFO ShutdownHookManager: Deleting directory /tmp/spark-ffd31c74-6948-4f49-bbad-9d9d455fc8d2/pyspark-ce45132f-d11f-458a-a7d9-242b84d00f8a
[2020-07-23 15:26:07,337] {logging_mixin.py:112} INFO - [2020-07-23 15:26:07,337] {spark_submit_hook.py:479} INFO - 20/07/23 15:26:07 INFO ShutdownHookManager: Deleting directory /tmp/spark-ffd31c74-6948-4f49-bbad-9d9d455fc8d2
[2020-07-23 15:26:07,342] {logging_mixin.py:112} INFO - [2020-07-23 15:26:07,341] {spark_submit_hook.py:479} INFO - 20/07/23 15:26:07 INFO ShutdownHookManager: Deleting directory /tmp/spark-94e8aa4e-e90d-4d01-ae8b-2f5abe7d461f
[2020-07-23 15:26:07,453] {taskinstance.py:1052} INFO - Marking task as SUCCESS.dag_id=submit_data, task_id=spark_submit, execution_date=20200721T005700, start_date=20200723T095536, end_date=20200723T095607
[2020-07-23 15:26:12,452] {logging_mixin.py:112} INFO - [2020-07-23 15:26:12,452] {local_task_job.py:103} INFO - Task exited with return code 0
