[2020-07-23 15:17:10,413] {taskinstance.py:669} INFO - Dependencies all met for <TaskInstance: submit_data.spark_submit 2020-07-21T00:45:00+00:00 [queued]>
[2020-07-23 15:17:10,422] {taskinstance.py:669} INFO - Dependencies all met for <TaskInstance: submit_data.spark_submit 2020-07-21T00:45:00+00:00 [queued]>
[2020-07-23 15:17:10,422] {taskinstance.py:879} INFO - 
--------------------------------------------------------------------------------
[2020-07-23 15:17:10,422] {taskinstance.py:880} INFO - Starting attempt 1 of 1
[2020-07-23 15:17:10,422] {taskinstance.py:881} INFO - 
--------------------------------------------------------------------------------
[2020-07-23 15:17:10,576] {taskinstance.py:900} INFO - Executing <Task(SparkSubmitOperator): spark_submit> on 2020-07-21T00:45:00+00:00
[2020-07-23 15:17:10,581] {standard_task_runner.py:53} INFO - Started process 253989 to run task
[2020-07-23 15:17:10,735] {logging_mixin.py:112} INFO - Running %s on host %s <TaskInstance: submit_data.spark_submit 2020-07-21T00:45:00+00:00 [running]> bhakti-Vostro-3558
[2020-07-23 15:17:10,756] {logging_mixin.py:112} INFO - [2020-07-23 15:17:10,756] {base_hook.py:87} INFO - Using connection to: id: spark_local. Host: local, Port: None, Schema: None, Login: None, Password: None, extra: None
[2020-07-23 15:17:10,757] {logging_mixin.py:112} INFO - [2020-07-23 15:17:10,757] {spark_submit_hook.py:325} INFO - Spark-Submit cmd: spark-submit --master local --name airflow-spark /home/bhakti/airflow/spark_jobs/spark_test.py
[2020-07-23 15:17:13,729] {logging_mixin.py:112} INFO - [2020-07-23 15:17:13,728] {spark_submit_hook.py:479} INFO - 20/07/23 15:17:13 WARN Utils: Your hostname, bhakti-Vostro-3558 resolves to a loopback address: 127.0.1.1; using 192.168.43.94 instead (on interface wlp6s0)
[2020-07-23 15:17:13,731] {logging_mixin.py:112} INFO - [2020-07-23 15:17:13,731] {spark_submit_hook.py:479} INFO - 20/07/23 15:17:13 WARN Utils: Set SPARK_LOCAL_IP if you need to bind to another address
[2020-07-23 15:17:15,114] {logging_mixin.py:112} INFO - [2020-07-23 15:17:15,112] {spark_submit_hook.py:479} INFO - 20/07/23 15:17:15 WARN NativeCodeLoader: Unable to load native-hadoop library for your platform... using builtin-java classes where applicable
[2020-07-23 15:17:17,518] {logging_mixin.py:112} INFO - [2020-07-23 15:17:17,518] {spark_submit_hook.py:479} INFO - Using Spark's default log4j profile: org/apache/spark/log4j-defaults.properties
[2020-07-23 15:17:17,541] {logging_mixin.py:112} INFO - [2020-07-23 15:17:17,541] {spark_submit_hook.py:479} INFO - 20/07/23 15:17:17 INFO SparkContext: Running Spark version 3.0.0
[2020-07-23 15:17:17,638] {logging_mixin.py:112} INFO - [2020-07-23 15:17:17,638] {spark_submit_hook.py:479} INFO - 20/07/23 15:17:17 INFO ResourceUtils: ==============================================================
[2020-07-23 15:17:17,642] {logging_mixin.py:112} INFO - [2020-07-23 15:17:17,642] {spark_submit_hook.py:479} INFO - 20/07/23 15:17:17 INFO ResourceUtils: Resources for spark.driver:
[2020-07-23 15:17:17,642] {logging_mixin.py:112} INFO - [2020-07-23 15:17:17,642] {spark_submit_hook.py:479} INFO - 
[2020-07-23 15:17:17,643] {logging_mixin.py:112} INFO - [2020-07-23 15:17:17,643] {spark_submit_hook.py:479} INFO - 20/07/23 15:17:17 INFO ResourceUtils: ==============================================================
[2020-07-23 15:17:17,644] {logging_mixin.py:112} INFO - [2020-07-23 15:17:17,644] {spark_submit_hook.py:479} INFO - 20/07/23 15:17:17 INFO SparkContext: Submitted application: Spark_Test_Python
[2020-07-23 15:17:17,742] {logging_mixin.py:112} INFO - [2020-07-23 15:17:17,742] {spark_submit_hook.py:479} INFO - 20/07/23 15:17:17 INFO SecurityManager: Changing view acls to: bhakti
[2020-07-23 15:17:17,743] {logging_mixin.py:112} INFO - [2020-07-23 15:17:17,742] {spark_submit_hook.py:479} INFO - 20/07/23 15:17:17 INFO SecurityManager: Changing modify acls to: bhakti
[2020-07-23 15:17:17,743] {logging_mixin.py:112} INFO - [2020-07-23 15:17:17,743] {spark_submit_hook.py:479} INFO - 20/07/23 15:17:17 INFO SecurityManager: Changing view acls groups to:
[2020-07-23 15:17:17,743] {logging_mixin.py:112} INFO - [2020-07-23 15:17:17,743] {spark_submit_hook.py:479} INFO - 20/07/23 15:17:17 INFO SecurityManager: Changing modify acls groups to:
[2020-07-23 15:17:17,744] {logging_mixin.py:112} INFO - [2020-07-23 15:17:17,744] {spark_submit_hook.py:479} INFO - 20/07/23 15:17:17 INFO SecurityManager: SecurityManager: authentication disabled; ui acls disabled; users  with view permissions: Set(bhakti); groups with view permissions: Set(); users  with modify permissions: Set(bhakti); groups with modify permissions: Set()
[2020-07-23 15:17:18,477] {logging_mixin.py:112} INFO - [2020-07-23 15:17:18,476] {spark_submit_hook.py:479} INFO - 20/07/23 15:17:18 INFO Utils: Successfully started service 'sparkDriver' on port 41295.
[2020-07-23 15:17:18,534] {logging_mixin.py:112} INFO - [2020-07-23 15:17:18,534] {spark_submit_hook.py:479} INFO - 20/07/23 15:17:18 INFO SparkEnv: Registering MapOutputTracker
[2020-07-23 15:17:18,721] {logging_mixin.py:112} INFO - [2020-07-23 15:17:18,721] {spark_submit_hook.py:479} INFO - 20/07/23 15:17:18 INFO SparkEnv: Registering BlockManagerMaster
[2020-07-23 15:17:18,781] {logging_mixin.py:112} INFO - [2020-07-23 15:17:18,781] {spark_submit_hook.py:479} INFO - 20/07/23 15:17:18 INFO BlockManagerMasterEndpoint: Using org.apache.spark.storage.DefaultTopologyMapper for getting topology information
[2020-07-23 15:17:18,798] {logging_mixin.py:112} INFO - [2020-07-23 15:17:18,798] {spark_submit_hook.py:479} INFO - 20/07/23 15:17:18 INFO BlockManagerMasterEndpoint: BlockManagerMasterEndpoint up
[2020-07-23 15:17:18,823] {logging_mixin.py:112} INFO - [2020-07-23 15:17:18,822] {spark_submit_hook.py:479} INFO - 20/07/23 15:17:18 INFO SparkEnv: Registering BlockManagerMasterHeartbeat
[2020-07-23 15:17:18,852] {logging_mixin.py:112} INFO - [2020-07-23 15:17:18,851] {spark_submit_hook.py:479} INFO - 20/07/23 15:17:18 INFO DiskBlockManager: Created local directory at /tmp/blockmgr-d40efe6a-024c-4be2-9428-c982110b940d
[2020-07-23 15:17:18,892] {logging_mixin.py:112} INFO - [2020-07-23 15:17:18,892] {spark_submit_hook.py:479} INFO - 20/07/23 15:17:18 INFO MemoryStore: MemoryStore started with capacity 366.3 MiB
[2020-07-23 15:17:18,936] {logging_mixin.py:112} INFO - [2020-07-23 15:17:18,936] {spark_submit_hook.py:479} INFO - 20/07/23 15:17:18 INFO SparkEnv: Registering OutputCommitCoordinator
[2020-07-23 15:17:19,553] {logging_mixin.py:112} INFO - [2020-07-23 15:17:19,553] {spark_submit_hook.py:479} INFO - 20/07/23 15:17:19 WARN Utils: Service 'SparkUI' could not bind on port 4040. Attempting port 4041.
[2020-07-23 15:17:19,554] {logging_mixin.py:112} INFO - [2020-07-23 15:17:19,554] {spark_submit_hook.py:479} INFO - 20/07/23 15:17:19 WARN Utils: Service 'SparkUI' could not bind on port 4041. Attempting port 4042.
[2020-07-23 15:17:19,554] {logging_mixin.py:112} INFO - [2020-07-23 15:17:19,554] {spark_submit_hook.py:479} INFO - 20/07/23 15:17:19 WARN Utils: Service 'SparkUI' could not bind on port 4042. Attempting port 4043.
[2020-07-23 15:17:19,555] {logging_mixin.py:112} INFO - [2020-07-23 15:17:19,554] {spark_submit_hook.py:479} INFO - 20/07/23 15:17:19 WARN Utils: Service 'SparkUI' could not bind on port 4043. Attempting port 4044.
[2020-07-23 15:17:19,555] {logging_mixin.py:112} INFO - [2020-07-23 15:17:19,555] {spark_submit_hook.py:479} INFO - 20/07/23 15:17:19 WARN Utils: Service 'SparkUI' could not bind on port 4044. Attempting port 4045.
[2020-07-23 15:17:19,572] {logging_mixin.py:112} INFO - [2020-07-23 15:17:19,572] {spark_submit_hook.py:479} INFO - 20/07/23 15:17:19 INFO Utils: Successfully started service 'SparkUI' on port 4045.
[2020-07-23 15:17:19,743] {logging_mixin.py:112} INFO - [2020-07-23 15:17:19,742] {spark_submit_hook.py:479} INFO - 20/07/23 15:17:19 INFO SparkUI: Bound SparkUI to 0.0.0.0, and started at http://192.168.43.94:4045
[2020-07-23 15:17:20,834] {logging_mixin.py:112} INFO - [2020-07-23 15:17:20,833] {spark_submit_hook.py:479} INFO - 20/07/23 15:17:20 INFO Executor: Starting executor ID driver on host 192.168.43.94
[2020-07-23 15:17:20,955] {logging_mixin.py:112} INFO - [2020-07-23 15:17:20,955] {spark_submit_hook.py:479} INFO - 20/07/23 15:17:20 INFO Utils: Successfully started service 'org.apache.spark.network.netty.NettyBlockTransferService' on port 43913.
[2020-07-23 15:17:20,956] {logging_mixin.py:112} INFO - [2020-07-23 15:17:20,956] {spark_submit_hook.py:479} INFO - 20/07/23 15:17:20 INFO NettyBlockTransferService: Server created on 192.168.43.94:43913
[2020-07-23 15:17:20,959] {logging_mixin.py:112} INFO - [2020-07-23 15:17:20,959] {spark_submit_hook.py:479} INFO - 20/07/23 15:17:20 INFO BlockManager: Using org.apache.spark.storage.RandomBlockReplicationPolicy for block replication policy
[2020-07-23 15:17:20,994] {logging_mixin.py:112} INFO - [2020-07-23 15:17:20,994] {spark_submit_hook.py:479} INFO - 20/07/23 15:17:20 INFO BlockManagerMaster: Registering BlockManager BlockManagerId(driver, 192.168.43.94, 43913, None)
[2020-07-23 15:17:21,008] {logging_mixin.py:112} INFO - [2020-07-23 15:17:21,008] {spark_submit_hook.py:479} INFO - 20/07/23 15:17:21 INFO BlockManagerMasterEndpoint: Registering block manager 192.168.43.94:43913 with 366.3 MiB RAM, BlockManagerId(driver, 192.168.43.94, 43913, None)
[2020-07-23 15:17:21,023] {logging_mixin.py:112} INFO - [2020-07-23 15:17:21,022] {spark_submit_hook.py:479} INFO - 20/07/23 15:17:21 INFO BlockManagerMaster: Registered BlockManager BlockManagerId(driver, 192.168.43.94, 43913, None)
[2020-07-23 15:17:21,026] {logging_mixin.py:112} INFO - [2020-07-23 15:17:21,025] {spark_submit_hook.py:479} INFO - 20/07/23 15:17:21 INFO BlockManager: Initialized BlockManager: BlockManagerId(driver, 192.168.43.94, 43913, None)
[2020-07-23 15:17:23,125] {logging_mixin.py:112} INFO - [2020-07-23 15:17:23,125] {spark_submit_hook.py:479} INFO - 20/07/23 15:17:23 INFO MemoryStore: Block broadcast_0 stored as values in memory (estimated size 241.5 KiB, free 366.1 MiB)
[2020-07-23 15:17:23,415] {logging_mixin.py:112} INFO - [2020-07-23 15:17:23,415] {spark_submit_hook.py:479} INFO - 20/07/23 15:17:23 INFO MemoryStore: Block broadcast_0_piece0 stored as bytes in memory (estimated size 23.4 KiB, free 366.0 MiB)
[2020-07-23 15:17:23,422] {logging_mixin.py:112} INFO - [2020-07-23 15:17:23,422] {spark_submit_hook.py:479} INFO - 20/07/23 15:17:23 INFO BlockManagerInfo: Added broadcast_0_piece0 in memory on 192.168.43.94:43913 (size: 23.4 KiB, free: 366.3 MiB)
[2020-07-23 15:17:23,462] {logging_mixin.py:112} INFO - [2020-07-23 15:17:23,462] {spark_submit_hook.py:479} INFO - 20/07/23 15:17:23 INFO SparkContext: Created broadcast 0 from textFile at NativeMethodAccessorImpl.java:0
[2020-07-23 15:17:23,806] {logging_mixin.py:112} INFO - [2020-07-23 15:17:23,806] {spark_submit_hook.py:479} INFO - 20/07/23 15:17:23 INFO FileInputFormat: Total input paths to process : 1
[2020-07-23 15:17:23,918] {logging_mixin.py:112} INFO - [2020-07-23 15:17:23,918] {spark_submit_hook.py:479} INFO - 20/07/23 15:17:23 INFO SparkContext: Starting job: collect at /home/bhakti/airflow/spark_jobs/spark_test.py:8
[2020-07-23 15:17:23,952] {logging_mixin.py:112} INFO - [2020-07-23 15:17:23,952] {spark_submit_hook.py:479} INFO - 20/07/23 15:17:23 INFO DAGScheduler: Got job 0 (collect at /home/bhakti/airflow/spark_jobs/spark_test.py:8) with 1 output partitions
[2020-07-23 15:17:23,953] {logging_mixin.py:112} INFO - [2020-07-23 15:17:23,953] {spark_submit_hook.py:479} INFO - 20/07/23 15:17:23 INFO DAGScheduler: Final stage: ResultStage 0 (collect at /home/bhakti/airflow/spark_jobs/spark_test.py:8)
[2020-07-23 15:17:23,954] {logging_mixin.py:112} INFO - [2020-07-23 15:17:23,954] {spark_submit_hook.py:479} INFO - 20/07/23 15:17:23 INFO DAGScheduler: Parents of final stage: List()
[2020-07-23 15:17:23,958] {logging_mixin.py:112} INFO - [2020-07-23 15:17:23,957] {spark_submit_hook.py:479} INFO - 20/07/23 15:17:23 INFO DAGScheduler: Missing parents: List()
[2020-07-23 15:17:23,971] {logging_mixin.py:112} INFO - [2020-07-23 15:17:23,970] {spark_submit_hook.py:479} INFO - 20/07/23 15:17:23 INFO DAGScheduler: Submitting ResultStage 0 (PythonRDD[2] at collect at /home/bhakti/airflow/spark_jobs/spark_test.py:8), which has no missing parents
[2020-07-23 15:17:24,038] {logging_mixin.py:112} INFO - [2020-07-23 15:17:24,038] {spark_submit_hook.py:479} INFO - 20/07/23 15:17:24 INFO MemoryStore: Block broadcast_1 stored as values in memory (estimated size 7.4 KiB, free 366.0 MiB)
[2020-07-23 15:17:24,050] {logging_mixin.py:112} INFO - [2020-07-23 15:17:24,049] {spark_submit_hook.py:479} INFO - 20/07/23 15:17:24 INFO MemoryStore: Block broadcast_1_piece0 stored as bytes in memory (estimated size 4.4 KiB, free 366.0 MiB)
[2020-07-23 15:17:24,051] {logging_mixin.py:112} INFO - [2020-07-23 15:17:24,051] {spark_submit_hook.py:479} INFO - 20/07/23 15:17:24 INFO BlockManagerInfo: Added broadcast_1_piece0 in memory on 192.168.43.94:43913 (size: 4.4 KiB, free: 366.3 MiB)
[2020-07-23 15:17:24,060] {logging_mixin.py:112} INFO - [2020-07-23 15:17:24,060] {spark_submit_hook.py:479} INFO - 20/07/23 15:17:24 INFO SparkContext: Created broadcast 1 from broadcast at DAGScheduler.scala:1200
[2020-07-23 15:17:24,085] {logging_mixin.py:112} INFO - [2020-07-23 15:17:24,085] {spark_submit_hook.py:479} INFO - 20/07/23 15:17:24 INFO DAGScheduler: Submitting 1 missing tasks from ResultStage 0 (PythonRDD[2] at collect at /home/bhakti/airflow/spark_jobs/spark_test.py:8) (first 15 tasks are for partitions Vector(0))
[2020-07-23 15:17:24,088] {logging_mixin.py:112} INFO - [2020-07-23 15:17:24,087] {spark_submit_hook.py:479} INFO - 20/07/23 15:17:24 INFO TaskSchedulerImpl: Adding task set 0.0 with 1 tasks
[2020-07-23 15:17:24,228] {logging_mixin.py:112} INFO - [2020-07-23 15:17:24,228] {spark_submit_hook.py:479} INFO - 20/07/23 15:17:24 INFO TaskSetManager: Starting task 0.0 in stage 0.0 (TID 0, 192.168.43.94, executor driver, partition 0, PROCESS_LOCAL, 7388 bytes)
[2020-07-23 15:17:24,288] {logging_mixin.py:112} INFO - [2020-07-23 15:17:24,287] {spark_submit_hook.py:479} INFO - 20/07/23 15:17:24 INFO Executor: Running task 0.0 in stage 0.0 (TID 0)
[2020-07-23 15:17:25,013] {logging_mixin.py:112} INFO - [2020-07-23 15:17:25,012] {spark_submit_hook.py:479} INFO - 20/07/23 15:17:25 INFO HadoopRDD: Input split: file:/home/bhakti/airflow/input_data/sample.csv:0+93
[2020-07-23 15:17:25,864] {logging_mixin.py:112} INFO - [2020-07-23 15:17:25,864] {spark_submit_hook.py:479} INFO - 20/07/23 15:17:25 INFO PythonRunner: Times: total = 819, boot = 801, init = 18, finish = 0
[2020-07-23 15:17:25,907] {logging_mixin.py:112} INFO - [2020-07-23 15:17:25,907] {spark_submit_hook.py:479} INFO - 20/07/23 15:17:25 INFO Executor: Finished task 0.0 in stage 0.0 (TID 0). 1779 bytes result sent to driver
[2020-07-23 15:17:25,929] {logging_mixin.py:112} INFO - [2020-07-23 15:17:25,928] {spark_submit_hook.py:479} INFO - 20/07/23 15:17:25 INFO TaskSetManager: Finished task 0.0 in stage 0.0 (TID 0) in 1747 ms on 192.168.43.94 (executor driver) (1/1)
[2020-07-23 15:17:25,940] {logging_mixin.py:112} INFO - [2020-07-23 15:17:25,940] {spark_submit_hook.py:479} INFO - 20/07/23 15:17:25 INFO TaskSchedulerImpl: Removed TaskSet 0.0, whose tasks have all completed, from pool
[2020-07-23 15:17:25,941] {logging_mixin.py:112} INFO - [2020-07-23 15:17:25,941] {spark_submit_hook.py:479} INFO - 20/07/23 15:17:25 INFO PythonAccumulatorV2: Connected to AccumulatorServer at host: 127.0.0.1 port: 36535
[2020-07-23 15:17:25,954] {logging_mixin.py:112} INFO - [2020-07-23 15:17:25,954] {spark_submit_hook.py:479} INFO - 20/07/23 15:17:25 INFO DAGScheduler: ResultStage 0 (collect at /home/bhakti/airflow/spark_jobs/spark_test.py:8) finished in 1.931 s
[2020-07-23 15:17:25,963] {logging_mixin.py:112} INFO - [2020-07-23 15:17:25,962] {spark_submit_hook.py:479} INFO - 20/07/23 15:17:25 INFO DAGScheduler: Job 0 is finished. Cancelling potential speculative or zombie tasks for this job
[2020-07-23 15:17:25,964] {logging_mixin.py:112} INFO - [2020-07-23 15:17:25,963] {spark_submit_hook.py:479} INFO - 20/07/23 15:17:25 INFO TaskSchedulerImpl: Killing all running tasks in stage 0: Stage finished
[2020-07-23 15:17:25,968] {logging_mixin.py:112} INFO - [2020-07-23 15:17:25,968] {spark_submit_hook.py:479} INFO - 20/07/23 15:17:25 INFO DAGScheduler: Job 0 finished: collect at /home/bhakti/airflow/spark_jobs/spark_test.py:8, took 2.048884 s
[2020-07-23 15:17:25,987] {logging_mixin.py:112} INFO - [2020-07-23 15:17:25,986] {spark_submit_hook.py:479} INFO - [('PERSON', 'JOINING_YEAR', 'COMPANY'), ('John', '2018', 'Google'), ('Sam', '2017', 'IBM'), ('Jeff', '2014', 'Yahoo'), ('Allen', '2015', 'Facebook')]
[2020-07-23 15:17:26,910] {logging_mixin.py:112} INFO - [2020-07-23 15:17:26,910] {spark_submit_hook.py:479} INFO - 20/07/23 15:17:26 INFO BlockManagerInfo: Removed broadcast_1_piece0 on 192.168.43.94:43913 in memory (size: 4.4 KiB, free: 366.3 MiB)
[2020-07-23 15:17:26,925] {logging_mixin.py:112} INFO - [2020-07-23 15:17:26,925] {spark_submit_hook.py:479} INFO - 20/07/23 15:17:26 INFO BlockManagerInfo: Removed broadcast_0_piece0 on 192.168.43.94:43913 in memory (size: 23.4 KiB, free: 366.3 MiB)
[2020-07-23 15:17:27,050] {logging_mixin.py:112} INFO - [2020-07-23 15:17:27,050] {spark_submit_hook.py:479} INFO - 20/07/23 15:17:27 INFO SharedState: Setting hive.metastore.warehouse.dir ('null') to the value of spark.sql.warehouse.dir ('file:/home/bhakti/airflow/spark-warehouse').
[2020-07-23 15:17:27,051] {logging_mixin.py:112} INFO - [2020-07-23 15:17:27,051] {spark_submit_hook.py:479} INFO - 20/07/23 15:17:27 INFO SharedState: Warehouse path is 'file:/home/bhakti/airflow/spark-warehouse'.
[2020-07-23 15:17:31,469] {logging_mixin.py:112} INFO - [2020-07-23 15:17:31,468] {spark_submit_hook.py:479} INFO - 20/07/23 15:17:31 INFO CodeGenerator: Code generated in 372.271076 ms
[2020-07-23 15:17:31,532] {logging_mixin.py:112} INFO - [2020-07-23 15:17:31,532] {spark_submit_hook.py:479} INFO - 20/07/23 15:17:31 INFO SparkContext: Starting job: showString at NativeMethodAccessorImpl.java:0
[2020-07-23 15:17:31,535] {logging_mixin.py:112} INFO - [2020-07-23 15:17:31,535] {spark_submit_hook.py:479} INFO - 20/07/23 15:17:31 INFO DAGScheduler: Got job 1 (showString at NativeMethodAccessorImpl.java:0) with 1 output partitions
[2020-07-23 15:17:31,535] {logging_mixin.py:112} INFO - [2020-07-23 15:17:31,535] {spark_submit_hook.py:479} INFO - 20/07/23 15:17:31 INFO DAGScheduler: Final stage: ResultStage 1 (showString at NativeMethodAccessorImpl.java:0)
[2020-07-23 15:17:31,535] {logging_mixin.py:112} INFO - [2020-07-23 15:17:31,535] {spark_submit_hook.py:479} INFO - 20/07/23 15:17:31 INFO DAGScheduler: Parents of final stage: List()
[2020-07-23 15:17:31,536] {logging_mixin.py:112} INFO - [2020-07-23 15:17:31,536] {spark_submit_hook.py:479} INFO - 20/07/23 15:17:31 INFO DAGScheduler: Missing parents: List()
[2020-07-23 15:17:31,538] {logging_mixin.py:112} INFO - [2020-07-23 15:17:31,538] {spark_submit_hook.py:479} INFO - 20/07/23 15:17:31 INFO DAGScheduler: Submitting ResultStage 1 (MapPartitionsRDD[9] at showString at NativeMethodAccessorImpl.java:0), which has no missing parents
[2020-07-23 15:17:31,561] {logging_mixin.py:112} INFO - [2020-07-23 15:17:31,560] {spark_submit_hook.py:479} INFO - 20/07/23 15:17:31 INFO MemoryStore: Block broadcast_2 stored as values in memory (estimated size 11.2 KiB, free 366.3 MiB)
[2020-07-23 15:17:31,565] {logging_mixin.py:112} INFO - [2020-07-23 15:17:31,564] {spark_submit_hook.py:479} INFO - 20/07/23 15:17:31 INFO MemoryStore: Block broadcast_2_piece0 stored as bytes in memory (estimated size 5.8 KiB, free 366.3 MiB)
[2020-07-23 15:17:31,568] {logging_mixin.py:112} INFO - [2020-07-23 15:17:31,567] {spark_submit_hook.py:479} INFO - 20/07/23 15:17:31 INFO BlockManagerInfo: Added broadcast_2_piece0 in memory on 192.168.43.94:43913 (size: 5.8 KiB, free: 366.3 MiB)
[2020-07-23 15:17:31,569] {logging_mixin.py:112} INFO - [2020-07-23 15:17:31,569] {spark_submit_hook.py:479} INFO - 20/07/23 15:17:31 INFO SparkContext: Created broadcast 2 from broadcast at DAGScheduler.scala:1200
[2020-07-23 15:17:31,572] {logging_mixin.py:112} INFO - [2020-07-23 15:17:31,571] {spark_submit_hook.py:479} INFO - 20/07/23 15:17:31 INFO DAGScheduler: Submitting 1 missing tasks from ResultStage 1 (MapPartitionsRDD[9] at showString at NativeMethodAccessorImpl.java:0) (first 15 tasks are for partitions Vector(0))
[2020-07-23 15:17:31,572] {logging_mixin.py:112} INFO - [2020-07-23 15:17:31,572] {spark_submit_hook.py:479} INFO - 20/07/23 15:17:31 INFO TaskSchedulerImpl: Adding task set 1.0 with 1 tasks
[2020-07-23 15:17:31,597] {logging_mixin.py:112} INFO - [2020-07-23 15:17:31,597] {spark_submit_hook.py:479} INFO - 20/07/23 15:17:31 INFO TaskSetManager: Starting task 0.0 in stage 1.0 (TID 1, 192.168.43.94, executor driver, partition 0, PROCESS_LOCAL, 7493 bytes)
[2020-07-23 15:17:31,599] {logging_mixin.py:112} INFO - [2020-07-23 15:17:31,599] {spark_submit_hook.py:479} INFO - 20/07/23 15:17:31 INFO Executor: Running task 0.0 in stage 1.0 (TID 1)
[2020-07-23 15:17:31,705] {logging_mixin.py:112} INFO - [2020-07-23 15:17:31,705] {spark_submit_hook.py:479} INFO - 20/07/23 15:17:31 INFO PythonRunner: Times: total = 3, boot = -5798, init = 5801, finish = 0
[2020-07-23 15:17:31,715] {logging_mixin.py:112} INFO - [2020-07-23 15:17:31,715] {spark_submit_hook.py:479} INFO - 20/07/23 15:17:31 INFO Executor: Finished task 0.0 in stage 1.0 (TID 1). 2235 bytes result sent to driver
[2020-07-23 15:17:31,716] {logging_mixin.py:112} INFO - [2020-07-23 15:17:31,715] {spark_submit_hook.py:479} INFO - 20/07/23 15:17:31 INFO TaskSetManager: Finished task 0.0 in stage 1.0 (TID 1) in 140 ms on 192.168.43.94 (executor driver) (1/1)
[2020-07-23 15:17:31,716] {logging_mixin.py:112} INFO - [2020-07-23 15:17:31,716] {spark_submit_hook.py:479} INFO - 20/07/23 15:17:31 INFO TaskSchedulerImpl: Removed TaskSet 1.0, whose tasks have all completed, from pool
[2020-07-23 15:17:31,718] {logging_mixin.py:112} INFO - [2020-07-23 15:17:31,718] {spark_submit_hook.py:479} INFO - 20/07/23 15:17:31 INFO DAGScheduler: ResultStage 1 (showString at NativeMethodAccessorImpl.java:0) finished in 0.176 s
[2020-07-23 15:17:31,719] {logging_mixin.py:112} INFO - [2020-07-23 15:17:31,719] {spark_submit_hook.py:479} INFO - 20/07/23 15:17:31 INFO DAGScheduler: Job 1 is finished. Cancelling potential speculative or zombie tasks for this job
[2020-07-23 15:17:31,719] {logging_mixin.py:112} INFO - [2020-07-23 15:17:31,719] {spark_submit_hook.py:479} INFO - 20/07/23 15:17:31 INFO TaskSchedulerImpl: Killing all running tasks in stage 1: Stage finished
[2020-07-23 15:17:31,721] {logging_mixin.py:112} INFO - [2020-07-23 15:17:31,720] {spark_submit_hook.py:479} INFO - 20/07/23 15:17:31 INFO DAGScheduler: Job 1 finished: showString at NativeMethodAccessorImpl.java:0, took 0.187811 s
[2020-07-23 15:17:31,803] {logging_mixin.py:112} INFO - [2020-07-23 15:17:31,803] {spark_submit_hook.py:479} INFO - 20/07/23 15:17:31 INFO CodeGenerator: Code generated in 41.858994 ms
[2020-07-23 15:17:31,833] {logging_mixin.py:112} INFO - [2020-07-23 15:17:31,833] {spark_submit_hook.py:479} INFO - +------+------------+--------+
[2020-07-23 15:17:31,834] {logging_mixin.py:112} INFO - [2020-07-23 15:17:31,833] {spark_submit_hook.py:479} INFO - |    _1|          _2|      _3|
[2020-07-23 15:17:31,834] {logging_mixin.py:112} INFO - [2020-07-23 15:17:31,834] {spark_submit_hook.py:479} INFO - +------+------------+--------+
[2020-07-23 15:17:31,834] {logging_mixin.py:112} INFO - [2020-07-23 15:17:31,834] {spark_submit_hook.py:479} INFO - |PERSON|JOINING_YEAR| COMPANY|
[2020-07-23 15:17:31,835] {logging_mixin.py:112} INFO - [2020-07-23 15:17:31,834] {spark_submit_hook.py:479} INFO - |  John|        2018|  Google|
[2020-07-23 15:17:31,835] {logging_mixin.py:112} INFO - [2020-07-23 15:17:31,835] {spark_submit_hook.py:479} INFO - |   Sam|        2017|     IBM|
[2020-07-23 15:17:31,835] {logging_mixin.py:112} INFO - [2020-07-23 15:17:31,835] {spark_submit_hook.py:479} INFO - |  Jeff|        2014|   Yahoo|
[2020-07-23 15:17:31,835] {logging_mixin.py:112} INFO - [2020-07-23 15:17:31,835] {spark_submit_hook.py:479} INFO - | Allen|        2015|Facebook|
[2020-07-23 15:17:31,836] {logging_mixin.py:112} INFO - [2020-07-23 15:17:31,835] {spark_submit_hook.py:479} INFO - +------+------------+--------+
[2020-07-23 15:17:31,836] {logging_mixin.py:112} INFO - [2020-07-23 15:17:31,836] {spark_submit_hook.py:479} INFO - 
[2020-07-23 15:17:31,925] {logging_mixin.py:112} INFO - [2020-07-23 15:17:31,924] {spark_submit_hook.py:479} INFO - 20/07/23 15:17:31 INFO SparkContext: Invoking stop() from shutdown hook
[2020-07-23 15:17:31,936] {logging_mixin.py:112} INFO - [2020-07-23 15:17:31,935] {spark_submit_hook.py:479} INFO - 20/07/23 15:17:31 INFO SparkUI: Stopped Spark web UI at http://192.168.43.94:4045
[2020-07-23 15:17:31,954] {logging_mixin.py:112} INFO - [2020-07-23 15:17:31,954] {spark_submit_hook.py:479} INFO - 20/07/23 15:17:31 INFO MapOutputTrackerMasterEndpoint: MapOutputTrackerMasterEndpoint stopped!
[2020-07-23 15:17:31,975] {logging_mixin.py:112} INFO - [2020-07-23 15:17:31,975] {spark_submit_hook.py:479} INFO - 20/07/23 15:17:31 INFO MemoryStore: MemoryStore cleared
[2020-07-23 15:17:31,976] {logging_mixin.py:112} INFO - [2020-07-23 15:17:31,976] {spark_submit_hook.py:479} INFO - 20/07/23 15:17:31 INFO BlockManager: BlockManager stopped
[2020-07-23 15:17:31,982] {logging_mixin.py:112} INFO - [2020-07-23 15:17:31,982] {spark_submit_hook.py:479} INFO - 20/07/23 15:17:31 INFO BlockManagerMaster: BlockManagerMaster stopped
[2020-07-23 15:17:31,988] {logging_mixin.py:112} INFO - [2020-07-23 15:17:31,988] {spark_submit_hook.py:479} INFO - 20/07/23 15:17:31 INFO OutputCommitCoordinator$OutputCommitCoordinatorEndpoint: OutputCommitCoordinator stopped!
[2020-07-23 15:17:31,994] {logging_mixin.py:112} INFO - [2020-07-23 15:17:31,994] {spark_submit_hook.py:479} INFO - 20/07/23 15:17:31 INFO SparkContext: Successfully stopped SparkContext
[2020-07-23 15:17:31,995] {logging_mixin.py:112} INFO - [2020-07-23 15:17:31,994] {spark_submit_hook.py:479} INFO - 20/07/23 15:17:31 INFO ShutdownHookManager: Shutdown hook called
[2020-07-23 15:17:31,996] {logging_mixin.py:112} INFO - [2020-07-23 15:17:31,996] {spark_submit_hook.py:479} INFO - 20/07/23 15:17:31 INFO ShutdownHookManager: Deleting directory /tmp/spark-efe4d03c-c1d4-4e35-a535-83c97712b65d
[2020-07-23 15:17:32,006] {logging_mixin.py:112} INFO - [2020-07-23 15:17:32,005] {spark_submit_hook.py:479} INFO - 20/07/23 15:17:32 INFO ShutdownHookManager: Deleting directory /tmp/spark-130457c3-3853-4845-b5f4-3bd75b25652f
[2020-07-23 15:17:32,012] {logging_mixin.py:112} INFO - [2020-07-23 15:17:32,012] {spark_submit_hook.py:479} INFO - 20/07/23 15:17:32 INFO ShutdownHookManager: Deleting directory /tmp/spark-130457c3-3853-4845-b5f4-3bd75b25652f/pyspark-296b975b-7524-40f5-9a4f-db05c4656f66
[2020-07-23 15:17:32,065] {taskinstance.py:1052} INFO - Marking task as SUCCESS.dag_id=submit_data, task_id=spark_submit, execution_date=20200721T004500, start_date=20200723T094710, end_date=20200723T094732
[2020-07-23 15:17:35,738] {logging_mixin.py:112} INFO - [2020-07-23 15:17:35,737] {local_task_job.py:103} INFO - Task exited with return code 0
