[2020-07-23 16:02:15,864] {taskinstance.py:669} INFO - Dependencies all met for <TaskInstance: submit_data.spark_submit 2020-07-21T01:51:00+00:00 [queued]>
[2020-07-23 16:02:15,873] {taskinstance.py:669} INFO - Dependencies all met for <TaskInstance: submit_data.spark_submit 2020-07-21T01:51:00+00:00 [queued]>
[2020-07-23 16:02:15,873] {taskinstance.py:879} INFO - 
--------------------------------------------------------------------------------
[2020-07-23 16:02:15,873] {taskinstance.py:880} INFO - Starting attempt 1 of 1
[2020-07-23 16:02:15,873] {taskinstance.py:881} INFO - 
--------------------------------------------------------------------------------
[2020-07-23 16:02:16,058] {taskinstance.py:900} INFO - Executing <Task(SparkSubmitOperator): spark_submit> on 2020-07-21T01:51:00+00:00
[2020-07-23 16:02:16,062] {standard_task_runner.py:53} INFO - Started process 314435 to run task
[2020-07-23 16:02:16,894] {logging_mixin.py:112} INFO - Running %s on host %s <TaskInstance: submit_data.spark_submit 2020-07-21T01:51:00+00:00 [running]> bhakti-Vostro-3558
[2020-07-23 16:02:16,922] {logging_mixin.py:112} INFO - [2020-07-23 16:02:16,922] {base_hook.py:87} INFO - Using connection to: id: spark_local. Host: local, Port: None, Schema: None, Login: None, Password: None, extra: None
[2020-07-23 16:02:16,923] {logging_mixin.py:112} INFO - [2020-07-23 16:02:16,923] {spark_submit_hook.py:325} INFO - Spark-Submit cmd: spark-submit --master local --name airflow-spark /home/bhakti/airflow/spark_jobs/spark_test.py
[2020-07-23 16:02:18,591] {logging_mixin.py:112} INFO - [2020-07-23 16:02:18,590] {spark_submit_hook.py:479} INFO - 20/07/23 16:02:18 WARN Utils: Your hostname, bhakti-Vostro-3558 resolves to a loopback address: 127.0.1.1; using 192.168.43.94 instead (on interface wlp6s0)
[2020-07-23 16:02:18,591] {logging_mixin.py:112} INFO - [2020-07-23 16:02:18,591] {spark_submit_hook.py:479} INFO - 20/07/23 16:02:18 WARN Utils: Set SPARK_LOCAL_IP if you need to bind to another address
[2020-07-23 16:02:19,692] {logging_mixin.py:112} INFO - [2020-07-23 16:02:19,692] {spark_submit_hook.py:479} INFO - 20/07/23 16:02:19 WARN NativeCodeLoader: Unable to load native-hadoop library for your platform... using builtin-java classes where applicable
[2020-07-23 16:02:21,222] {logging_mixin.py:112} INFO - [2020-07-23 16:02:21,222] {spark_submit_hook.py:479} INFO - Using Spark's default log4j profile: org/apache/spark/log4j-defaults.properties
[2020-07-23 16:02:21,240] {logging_mixin.py:112} INFO - [2020-07-23 16:02:21,240] {spark_submit_hook.py:479} INFO - 20/07/23 16:02:21 INFO SparkContext: Running Spark version 3.0.0
[2020-07-23 16:02:21,320] {logging_mixin.py:112} INFO - [2020-07-23 16:02:21,320] {spark_submit_hook.py:479} INFO - 20/07/23 16:02:21 INFO ResourceUtils: ==============================================================
[2020-07-23 16:02:21,323] {logging_mixin.py:112} INFO - [2020-07-23 16:02:21,323] {spark_submit_hook.py:479} INFO - 20/07/23 16:02:21 INFO ResourceUtils: Resources for spark.driver:
[2020-07-23 16:02:21,323] {logging_mixin.py:112} INFO - [2020-07-23 16:02:21,323] {spark_submit_hook.py:479} INFO - 
[2020-07-23 16:02:21,324] {logging_mixin.py:112} INFO - [2020-07-23 16:02:21,324] {spark_submit_hook.py:479} INFO - 20/07/23 16:02:21 INFO ResourceUtils: ==============================================================
[2020-07-23 16:02:21,325] {logging_mixin.py:112} INFO - [2020-07-23 16:02:21,325] {spark_submit_hook.py:479} INFO - 20/07/23 16:02:21 INFO SparkContext: Submitted application: Spark_Test_Python
[2020-07-23 16:02:21,445] {logging_mixin.py:112} INFO - [2020-07-23 16:02:21,445] {spark_submit_hook.py:479} INFO - 20/07/23 16:02:21 INFO SecurityManager: Changing view acls to: bhakti
[2020-07-23 16:02:21,445] {logging_mixin.py:112} INFO - [2020-07-23 16:02:21,445] {spark_submit_hook.py:479} INFO - 20/07/23 16:02:21 INFO SecurityManager: Changing modify acls to: bhakti
[2020-07-23 16:02:21,446] {logging_mixin.py:112} INFO - [2020-07-23 16:02:21,445] {spark_submit_hook.py:479} INFO - 20/07/23 16:02:21 INFO SecurityManager: Changing view acls groups to:
[2020-07-23 16:02:21,446] {logging_mixin.py:112} INFO - [2020-07-23 16:02:21,446] {spark_submit_hook.py:479} INFO - 20/07/23 16:02:21 INFO SecurityManager: Changing modify acls groups to:
[2020-07-23 16:02:21,446] {logging_mixin.py:112} INFO - [2020-07-23 16:02:21,446] {spark_submit_hook.py:479} INFO - 20/07/23 16:02:21 INFO SecurityManager: SecurityManager: authentication disabled; ui acls disabled; users  with view permissions: Set(bhakti); groups with view permissions: Set(); users  with modify permissions: Set(bhakti); groups with modify permissions: Set()
[2020-07-23 16:02:21,936] {logging_mixin.py:112} INFO - [2020-07-23 16:02:21,936] {spark_submit_hook.py:479} INFO - 20/07/23 16:02:21 INFO Utils: Successfully started service 'sparkDriver' on port 45885.
[2020-07-23 16:02:21,998] {logging_mixin.py:112} INFO - [2020-07-23 16:02:21,998] {spark_submit_hook.py:479} INFO - 20/07/23 16:02:21 INFO SparkEnv: Registering MapOutputTracker
[2020-07-23 16:02:22,060] {logging_mixin.py:112} INFO - [2020-07-23 16:02:22,059] {spark_submit_hook.py:479} INFO - 20/07/23 16:02:22 INFO SparkEnv: Registering BlockManagerMaster
[2020-07-23 16:02:22,098] {logging_mixin.py:112} INFO - [2020-07-23 16:02:22,098] {spark_submit_hook.py:479} INFO - 20/07/23 16:02:22 INFO BlockManagerMasterEndpoint: Using org.apache.spark.storage.DefaultTopologyMapper for getting topology information
[2020-07-23 16:02:22,099] {logging_mixin.py:112} INFO - [2020-07-23 16:02:22,099] {spark_submit_hook.py:479} INFO - 20/07/23 16:02:22 INFO BlockManagerMasterEndpoint: BlockManagerMasterEndpoint up
[2020-07-23 16:02:22,108] {logging_mixin.py:112} INFO - [2020-07-23 16:02:22,107] {spark_submit_hook.py:479} INFO - 20/07/23 16:02:22 INFO SparkEnv: Registering BlockManagerMasterHeartbeat
[2020-07-23 16:02:22,135] {logging_mixin.py:112} INFO - [2020-07-23 16:02:22,135] {spark_submit_hook.py:479} INFO - 20/07/23 16:02:22 INFO DiskBlockManager: Created local directory at /tmp/blockmgr-bb3174e1-7cc4-458e-8dd1-16882648782d
[2020-07-23 16:02:22,175] {logging_mixin.py:112} INFO - [2020-07-23 16:02:22,174] {spark_submit_hook.py:479} INFO - 20/07/23 16:02:22 INFO MemoryStore: MemoryStore started with capacity 366.3 MiB
[2020-07-23 16:02:22,200] {logging_mixin.py:112} INFO - [2020-07-23 16:02:22,200] {spark_submit_hook.py:479} INFO - 20/07/23 16:02:22 INFO SparkEnv: Registering OutputCommitCoordinator
[2020-07-23 16:02:22,548] {logging_mixin.py:112} INFO - [2020-07-23 16:02:22,548] {spark_submit_hook.py:479} INFO - 20/07/23 16:02:22 WARN Utils: Service 'SparkUI' could not bind on port 4040. Attempting port 4041.
[2020-07-23 16:02:22,548] {logging_mixin.py:112} INFO - [2020-07-23 16:02:22,548] {spark_submit_hook.py:479} INFO - 20/07/23 16:02:22 WARN Utils: Service 'SparkUI' could not bind on port 4041. Attempting port 4042.
[2020-07-23 16:02:22,560] {logging_mixin.py:112} INFO - [2020-07-23 16:02:22,560] {spark_submit_hook.py:479} INFO - 20/07/23 16:02:22 INFO Utils: Successfully started service 'SparkUI' on port 4042.
[2020-07-23 16:02:22,651] {logging_mixin.py:112} INFO - [2020-07-23 16:02:22,650] {spark_submit_hook.py:479} INFO - 20/07/23 16:02:22 INFO SparkUI: Bound SparkUI to 0.0.0.0, and started at http://192.168.43.94:4042
[2020-07-23 16:02:23,149] {logging_mixin.py:112} INFO - [2020-07-23 16:02:23,149] {spark_submit_hook.py:479} INFO - 20/07/23 16:02:23 INFO Executor: Starting executor ID driver on host 192.168.43.94
[2020-07-23 16:02:23,264] {logging_mixin.py:112} INFO - [2020-07-23 16:02:23,263] {spark_submit_hook.py:479} INFO - 20/07/23 16:02:23 INFO Utils: Successfully started service 'org.apache.spark.network.netty.NettyBlockTransferService' on port 43515.
[2020-07-23 16:02:23,264] {logging_mixin.py:112} INFO - [2020-07-23 16:02:23,264] {spark_submit_hook.py:479} INFO - 20/07/23 16:02:23 INFO NettyBlockTransferService: Server created on 192.168.43.94:43515
[2020-07-23 16:02:23,264] {logging_mixin.py:112} INFO - [2020-07-23 16:02:23,264] {spark_submit_hook.py:479} INFO - 20/07/23 16:02:23 INFO BlockManager: Using org.apache.spark.storage.RandomBlockReplicationPolicy for block replication policy
[2020-07-23 16:02:23,282] {logging_mixin.py:112} INFO - [2020-07-23 16:02:23,281] {spark_submit_hook.py:479} INFO - 20/07/23 16:02:23 INFO BlockManagerMaster: Registering BlockManager BlockManagerId(driver, 192.168.43.94, 43515, None)
[2020-07-23 16:02:23,302] {logging_mixin.py:112} INFO - [2020-07-23 16:02:23,302] {spark_submit_hook.py:479} INFO - 20/07/23 16:02:23 INFO BlockManagerMasterEndpoint: Registering block manager 192.168.43.94:43515 with 366.3 MiB RAM, BlockManagerId(driver, 192.168.43.94, 43515, None)
[2020-07-23 16:02:23,330] {logging_mixin.py:112} INFO - [2020-07-23 16:02:23,329] {spark_submit_hook.py:479} INFO - 20/07/23 16:02:23 INFO BlockManagerMaster: Registered BlockManager BlockManagerId(driver, 192.168.43.94, 43515, None)
[2020-07-23 16:02:23,333] {logging_mixin.py:112} INFO - [2020-07-23 16:02:23,332] {spark_submit_hook.py:479} INFO - 20/07/23 16:02:23 INFO BlockManager: Initialized BlockManager: BlockManagerId(driver, 192.168.43.94, 43515, None)
[2020-07-23 16:02:24,899] {logging_mixin.py:112} INFO - [2020-07-23 16:02:24,898] {spark_submit_hook.py:479} INFO - 20/07/23 16:02:24 INFO MemoryStore: Block broadcast_0 stored as values in memory (estimated size 241.5 KiB, free 366.1 MiB)
[2020-07-23 16:02:25,182] {logging_mixin.py:112} INFO - [2020-07-23 16:02:25,182] {spark_submit_hook.py:479} INFO - 20/07/23 16:02:25 INFO MemoryStore: Block broadcast_0_piece0 stored as bytes in memory (estimated size 23.4 KiB, free 366.0 MiB)
[2020-07-23 16:02:25,191] {logging_mixin.py:112} INFO - [2020-07-23 16:02:25,190] {spark_submit_hook.py:479} INFO - 20/07/23 16:02:25 INFO BlockManagerInfo: Added broadcast_0_piece0 in memory on 192.168.43.94:43515 (size: 23.4 KiB, free: 366.3 MiB)
[2020-07-23 16:02:25,215] {logging_mixin.py:112} INFO - [2020-07-23 16:02:25,215] {spark_submit_hook.py:479} INFO - 20/07/23 16:02:25 INFO SparkContext: Created broadcast 0 from textFile at NativeMethodAccessorImpl.java:0
[2020-07-23 16:02:25,653] {logging_mixin.py:112} INFO - [2020-07-23 16:02:25,652] {spark_submit_hook.py:479} INFO - 20/07/23 16:02:25 INFO FileInputFormat: Total input paths to process : 1
[2020-07-23 16:02:25,810] {logging_mixin.py:112} INFO - [2020-07-23 16:02:25,809] {spark_submit_hook.py:479} INFO - 20/07/23 16:02:25 INFO SparkContext: Starting job: collect at /home/bhakti/airflow/spark_jobs/spark_test.py:8
[2020-07-23 16:02:25,839] {logging_mixin.py:112} INFO - [2020-07-23 16:02:25,839] {spark_submit_hook.py:479} INFO - 20/07/23 16:02:25 INFO DAGScheduler: Got job 0 (collect at /home/bhakti/airflow/spark_jobs/spark_test.py:8) with 1 output partitions
[2020-07-23 16:02:25,840] {logging_mixin.py:112} INFO - [2020-07-23 16:02:25,840] {spark_submit_hook.py:479} INFO - 20/07/23 16:02:25 INFO DAGScheduler: Final stage: ResultStage 0 (collect at /home/bhakti/airflow/spark_jobs/spark_test.py:8)
[2020-07-23 16:02:25,841] {logging_mixin.py:112} INFO - [2020-07-23 16:02:25,841] {spark_submit_hook.py:479} INFO - 20/07/23 16:02:25 INFO DAGScheduler: Parents of final stage: List()
[2020-07-23 16:02:25,845] {logging_mixin.py:112} INFO - [2020-07-23 16:02:25,845] {spark_submit_hook.py:479} INFO - 20/07/23 16:02:25 INFO DAGScheduler: Missing parents: List()
[2020-07-23 16:02:25,857] {logging_mixin.py:112} INFO - [2020-07-23 16:02:25,856] {spark_submit_hook.py:479} INFO - 20/07/23 16:02:25 INFO DAGScheduler: Submitting ResultStage 0 (PythonRDD[2] at collect at /home/bhakti/airflow/spark_jobs/spark_test.py:8), which has no missing parents
[2020-07-23 16:02:25,927] {logging_mixin.py:112} INFO - [2020-07-23 16:02:25,927] {spark_submit_hook.py:479} INFO - 20/07/23 16:02:25 INFO MemoryStore: Block broadcast_1 stored as values in memory (estimated size 7.4 KiB, free 366.0 MiB)
[2020-07-23 16:02:25,948] {logging_mixin.py:112} INFO - [2020-07-23 16:02:25,948] {spark_submit_hook.py:479} INFO - 20/07/23 16:02:25 INFO MemoryStore: Block broadcast_1_piece0 stored as bytes in memory (estimated size 4.4 KiB, free 366.0 MiB)
[2020-07-23 16:02:25,954] {logging_mixin.py:112} INFO - [2020-07-23 16:02:25,954] {spark_submit_hook.py:479} INFO - 20/07/23 16:02:25 INFO BlockManagerInfo: Added broadcast_1_piece0 in memory on 192.168.43.94:43515 (size: 4.4 KiB, free: 366.3 MiB)
[2020-07-23 16:02:25,956] {logging_mixin.py:112} INFO - [2020-07-23 16:02:25,956] {spark_submit_hook.py:479} INFO - 20/07/23 16:02:25 INFO SparkContext: Created broadcast 1 from broadcast at DAGScheduler.scala:1200
[2020-07-23 16:02:26,010] {logging_mixin.py:112} INFO - [2020-07-23 16:02:26,009] {spark_submit_hook.py:479} INFO - 20/07/23 16:02:26 INFO DAGScheduler: Submitting 1 missing tasks from ResultStage 0 (PythonRDD[2] at collect at /home/bhakti/airflow/spark_jobs/spark_test.py:8) (first 15 tasks are for partitions Vector(0))
[2020-07-23 16:02:26,019] {logging_mixin.py:112} INFO - [2020-07-23 16:02:26,018] {spark_submit_hook.py:479} INFO - 20/07/23 16:02:26 INFO TaskSchedulerImpl: Adding task set 0.0 with 1 tasks
[2020-07-23 16:02:26,163] {logging_mixin.py:112} INFO - [2020-07-23 16:02:26,163] {spark_submit_hook.py:479} INFO - 20/07/23 16:02:26 INFO TaskSetManager: Starting task 0.0 in stage 0.0 (TID 0, 192.168.43.94, executor driver, partition 0, PROCESS_LOCAL, 7388 bytes)
[2020-07-23 16:02:26,195] {logging_mixin.py:112} INFO - [2020-07-23 16:02:26,195] {spark_submit_hook.py:479} INFO - 20/07/23 16:02:26 INFO Executor: Running task 0.0 in stage 0.0 (TID 0)
[2020-07-23 16:02:26,935] {logging_mixin.py:112} INFO - [2020-07-23 16:02:26,934] {spark_submit_hook.py:479} INFO - 20/07/23 16:02:26 INFO HadoopRDD: Input split: file:/home/bhakti/airflow/input_data/sample.csv:0+93
[2020-07-23 16:02:28,194] {logging_mixin.py:112} INFO - [2020-07-23 16:02:28,194] {spark_submit_hook.py:479} INFO - 20/07/23 16:02:28 INFO PythonRunner: Times: total = 1180, boot = 1135, init = 45, finish = 0
[2020-07-23 16:02:28,240] {logging_mixin.py:112} INFO - [2020-07-23 16:02:28,240] {spark_submit_hook.py:479} INFO - 20/07/23 16:02:28 INFO Executor: Finished task 0.0 in stage 0.0 (TID 0). 1779 bytes result sent to driver
[2020-07-23 16:02:28,327] {logging_mixin.py:112} INFO - [2020-07-23 16:02:28,327] {spark_submit_hook.py:479} INFO - 20/07/23 16:02:28 INFO TaskSetManager: Finished task 0.0 in stage 0.0 (TID 0) in 2184 ms on 192.168.43.94 (executor driver) (1/1)
[2020-07-23 16:02:28,338] {logging_mixin.py:112} INFO - [2020-07-23 16:02:28,338] {spark_submit_hook.py:479} INFO - 20/07/23 16:02:28 INFO PythonAccumulatorV2: Connected to AccumulatorServer at host: 127.0.0.1 port: 45941
[2020-07-23 16:02:28,343] {logging_mixin.py:112} INFO - [2020-07-23 16:02:28,343] {spark_submit_hook.py:479} INFO - 20/07/23 16:02:28 INFO TaskSchedulerImpl: Removed TaskSet 0.0, whose tasks have all completed, from pool
[2020-07-23 16:02:28,354] {logging_mixin.py:112} INFO - [2020-07-23 16:02:28,353] {spark_submit_hook.py:479} INFO - 20/07/23 16:02:28 INFO DAGScheduler: ResultStage 0 (collect at /home/bhakti/airflow/spark_jobs/spark_test.py:8) finished in 2.458 s
[2020-07-23 16:02:28,365] {logging_mixin.py:112} INFO - [2020-07-23 16:02:28,364] {spark_submit_hook.py:479} INFO - 20/07/23 16:02:28 INFO DAGScheduler: Job 0 is finished. Cancelling potential speculative or zombie tasks for this job
[2020-07-23 16:02:28,366] {logging_mixin.py:112} INFO - [2020-07-23 16:02:28,366] {spark_submit_hook.py:479} INFO - 20/07/23 16:02:28 INFO TaskSchedulerImpl: Killing all running tasks in stage 0: Stage finished
[2020-07-23 16:02:28,371] {logging_mixin.py:112} INFO - [2020-07-23 16:02:28,370] {spark_submit_hook.py:479} INFO - 20/07/23 16:02:28 INFO DAGScheduler: Job 0 finished: collect at /home/bhakti/airflow/spark_jobs/spark_test.py:8, took 2.560084 s
[2020-07-23 16:02:28,394] {logging_mixin.py:112} INFO - [2020-07-23 16:02:28,394] {spark_submit_hook.py:479} INFO - [('PERSON', 'JOINING_YEAR', 'COMPANY'), ('John', '2018', 'Google'), ('Sam', '2017', 'IBM'), ('Jeff', '2014', 'Yahoo'), ('Allen', '2015', 'Facebook')]
[2020-07-23 16:02:29,544] {logging_mixin.py:112} INFO - [2020-07-23 16:02:29,544] {spark_submit_hook.py:479} INFO - 20/07/23 16:02:29 INFO BlockManagerInfo: Removed broadcast_1_piece0 on 192.168.43.94:43515 in memory (size: 4.4 KiB, free: 366.3 MiB)
[2020-07-23 16:02:29,556] {logging_mixin.py:112} INFO - [2020-07-23 16:02:29,555] {spark_submit_hook.py:479} INFO - 20/07/23 16:02:29 INFO BlockManagerInfo: Removed broadcast_0_piece0 on 192.168.43.94:43515 in memory (size: 23.4 KiB, free: 366.3 MiB)
[2020-07-23 16:02:29,733] {logging_mixin.py:112} INFO - [2020-07-23 16:02:29,733] {spark_submit_hook.py:479} INFO - 20/07/23 16:02:29 INFO SharedState: Setting hive.metastore.warehouse.dir ('null') to the value of spark.sql.warehouse.dir ('file:/home/bhakti/airflow/spark-warehouse').
[2020-07-23 16:02:29,734] {logging_mixin.py:112} INFO - [2020-07-23 16:02:29,734] {spark_submit_hook.py:479} INFO - 20/07/23 16:02:29 INFO SharedState: Warehouse path is 'file:/home/bhakti/airflow/spark-warehouse'.
[2020-07-23 16:02:37,118] {logging_mixin.py:112} INFO - [2020-07-23 16:02:37,117] {spark_submit_hook.py:479} INFO - 20/07/23 16:02:37 INFO CodeGenerator: Code generated in 554.201771 ms
[2020-07-23 16:02:37,247] {logging_mixin.py:112} INFO - [2020-07-23 16:02:37,246] {spark_submit_hook.py:479} INFO - 20/07/23 16:02:37 INFO SparkContext: Starting job: showString at NativeMethodAccessorImpl.java:0
[2020-07-23 16:02:37,253] {logging_mixin.py:112} INFO - [2020-07-23 16:02:37,253] {spark_submit_hook.py:479} INFO - 20/07/23 16:02:37 INFO DAGScheduler: Got job 1 (showString at NativeMethodAccessorImpl.java:0) with 1 output partitions
[2020-07-23 16:02:37,254] {logging_mixin.py:112} INFO - [2020-07-23 16:02:37,253] {spark_submit_hook.py:479} INFO - 20/07/23 16:02:37 INFO DAGScheduler: Final stage: ResultStage 1 (showString at NativeMethodAccessorImpl.java:0)
[2020-07-23 16:02:37,254] {logging_mixin.py:112} INFO - [2020-07-23 16:02:37,254] {spark_submit_hook.py:479} INFO - 20/07/23 16:02:37 INFO DAGScheduler: Parents of final stage: List()
[2020-07-23 16:02:37,254] {logging_mixin.py:112} INFO - [2020-07-23 16:02:37,254] {spark_submit_hook.py:479} INFO - 20/07/23 16:02:37 INFO DAGScheduler: Missing parents: List()
[2020-07-23 16:02:37,275] {logging_mixin.py:112} INFO - [2020-07-23 16:02:37,275] {spark_submit_hook.py:479} INFO - 20/07/23 16:02:37 INFO DAGScheduler: Submitting ResultStage 1 (MapPartitionsRDD[9] at showString at NativeMethodAccessorImpl.java:0), which has no missing parents
[2020-07-23 16:02:37,346] {logging_mixin.py:112} INFO - [2020-07-23 16:02:37,345] {spark_submit_hook.py:479} INFO - 20/07/23 16:02:37 INFO MemoryStore: Block broadcast_2 stored as values in memory (estimated size 11.2 KiB, free 366.3 MiB)
[2020-07-23 16:02:37,355] {logging_mixin.py:112} INFO - [2020-07-23 16:02:37,354] {spark_submit_hook.py:479} INFO - 20/07/23 16:02:37 INFO MemoryStore: Block broadcast_2_piece0 stored as bytes in memory (estimated size 5.8 KiB, free 366.3 MiB)
[2020-07-23 16:02:37,356] {logging_mixin.py:112} INFO - [2020-07-23 16:02:37,356] {spark_submit_hook.py:479} INFO - 20/07/23 16:02:37 INFO BlockManagerInfo: Added broadcast_2_piece0 in memory on 192.168.43.94:43515 (size: 5.8 KiB, free: 366.3 MiB)
[2020-07-23 16:02:37,358] {logging_mixin.py:112} INFO - [2020-07-23 16:02:37,358] {spark_submit_hook.py:479} INFO - 20/07/23 16:02:37 INFO SparkContext: Created broadcast 2 from broadcast at DAGScheduler.scala:1200
[2020-07-23 16:02:37,361] {logging_mixin.py:112} INFO - [2020-07-23 16:02:37,361] {spark_submit_hook.py:479} INFO - 20/07/23 16:02:37 INFO DAGScheduler: Submitting 1 missing tasks from ResultStage 1 (MapPartitionsRDD[9] at showString at NativeMethodAccessorImpl.java:0) (first 15 tasks are for partitions Vector(0))
[2020-07-23 16:02:37,361] {logging_mixin.py:112} INFO - [2020-07-23 16:02:37,361] {spark_submit_hook.py:479} INFO - 20/07/23 16:02:37 INFO TaskSchedulerImpl: Adding task set 1.0 with 1 tasks
[2020-07-23 16:02:37,391] {logging_mixin.py:112} INFO - [2020-07-23 16:02:37,390] {spark_submit_hook.py:479} INFO - 20/07/23 16:02:37 INFO TaskSetManager: Starting task 0.0 in stage 1.0 (TID 1, 192.168.43.94, executor driver, partition 0, PROCESS_LOCAL, 7493 bytes)
[2020-07-23 16:02:37,391] {logging_mixin.py:112} INFO - [2020-07-23 16:02:37,391] {spark_submit_hook.py:479} INFO - 20/07/23 16:02:37 INFO Executor: Running task 0.0 in stage 1.0 (TID 1)
[2020-07-23 16:02:37,682] {logging_mixin.py:112} INFO - [2020-07-23 16:02:37,682] {spark_submit_hook.py:479} INFO - 20/07/23 16:02:37 INFO PythonRunner: Times: total = 3, boot = -9378, init = 9381, finish = 0
[2020-07-23 16:02:37,794] {logging_mixin.py:112} INFO - [2020-07-23 16:02:37,792] {spark_submit_hook.py:479} INFO - 20/07/23 16:02:37 INFO Executor: Finished task 0.0 in stage 1.0 (TID 1). 2278 bytes result sent to driver
[2020-07-23 16:02:37,812] {logging_mixin.py:112} INFO - [2020-07-23 16:02:37,812] {spark_submit_hook.py:479} INFO - 20/07/23 16:02:37 INFO TaskSetManager: Finished task 0.0 in stage 1.0 (TID 1) in 445 ms on 192.168.43.94 (executor driver) (1/1)
[2020-07-23 16:02:37,813] {logging_mixin.py:112} INFO - [2020-07-23 16:02:37,812] {spark_submit_hook.py:479} INFO - 20/07/23 16:02:37 INFO TaskSchedulerImpl: Removed TaskSet 1.0, whose tasks have all completed, from pool
[2020-07-23 16:02:37,817] {logging_mixin.py:112} INFO - [2020-07-23 16:02:37,816] {spark_submit_hook.py:479} INFO - 20/07/23 16:02:37 INFO DAGScheduler: ResultStage 1 (showString at NativeMethodAccessorImpl.java:0) finished in 0.534 s
[2020-07-23 16:02:37,817] {logging_mixin.py:112} INFO - [2020-07-23 16:02:37,817] {spark_submit_hook.py:479} INFO - 20/07/23 16:02:37 INFO DAGScheduler: Job 1 is finished. Cancelling potential speculative or zombie tasks for this job
[2020-07-23 16:02:37,818] {logging_mixin.py:112} INFO - [2020-07-23 16:02:37,817] {spark_submit_hook.py:479} INFO - 20/07/23 16:02:37 INFO TaskSchedulerImpl: Killing all running tasks in stage 1: Stage finished
[2020-07-23 16:02:37,818] {logging_mixin.py:112} INFO - [2020-07-23 16:02:37,818] {spark_submit_hook.py:479} INFO - 20/07/23 16:02:37 INFO DAGScheduler: Job 1 finished: showString at NativeMethodAccessorImpl.java:0, took 0.568693 s
[2020-07-23 16:02:38,010] {logging_mixin.py:112} INFO - [2020-07-23 16:02:38,009] {spark_submit_hook.py:479} INFO - 20/07/23 16:02:38 INFO CodeGenerator: Code generated in 112.270824 ms
[2020-07-23 16:02:38,064] {logging_mixin.py:112} INFO - [2020-07-23 16:02:38,063] {spark_submit_hook.py:479} INFO - +------+------------+--------+
[2020-07-23 16:02:38,064] {logging_mixin.py:112} INFO - [2020-07-23 16:02:38,064] {spark_submit_hook.py:479} INFO - |    _1|          _2|      _3|
[2020-07-23 16:02:38,064] {logging_mixin.py:112} INFO - [2020-07-23 16:02:38,064] {spark_submit_hook.py:479} INFO - +------+------------+--------+
[2020-07-23 16:02:38,064] {logging_mixin.py:112} INFO - [2020-07-23 16:02:38,064] {spark_submit_hook.py:479} INFO - |PERSON|JOINING_YEAR| COMPANY|
[2020-07-23 16:02:38,065] {logging_mixin.py:112} INFO - [2020-07-23 16:02:38,065] {spark_submit_hook.py:479} INFO - |  John|        2018|  Google|
[2020-07-23 16:02:38,065] {logging_mixin.py:112} INFO - [2020-07-23 16:02:38,065] {spark_submit_hook.py:479} INFO - |   Sam|        2017|     IBM|
[2020-07-23 16:02:38,065] {logging_mixin.py:112} INFO - [2020-07-23 16:02:38,065] {spark_submit_hook.py:479} INFO - |  Jeff|        2014|   Yahoo|
[2020-07-23 16:02:38,065] {logging_mixin.py:112} INFO - [2020-07-23 16:02:38,065] {spark_submit_hook.py:479} INFO - | Allen|        2015|Facebook|
[2020-07-23 16:02:38,066] {logging_mixin.py:112} INFO - [2020-07-23 16:02:38,066] {spark_submit_hook.py:479} INFO - +------+------------+--------+
[2020-07-23 16:02:38,066] {logging_mixin.py:112} INFO - [2020-07-23 16:02:38,066] {spark_submit_hook.py:479} INFO - 
[2020-07-23 16:02:38,258] {logging_mixin.py:112} INFO - [2020-07-23 16:02:38,258] {spark_submit_hook.py:479} INFO - 20/07/23 16:02:38 INFO SparkContext: Invoking stop() from shutdown hook
[2020-07-23 16:02:38,285] {logging_mixin.py:112} INFO - [2020-07-23 16:02:38,284] {spark_submit_hook.py:479} INFO - 20/07/23 16:02:38 INFO SparkUI: Stopped Spark web UI at http://192.168.43.94:4042
[2020-07-23 16:02:38,354] {logging_mixin.py:112} INFO - [2020-07-23 16:02:38,354] {spark_submit_hook.py:479} INFO - 20/07/23 16:02:38 INFO MapOutputTrackerMasterEndpoint: MapOutputTrackerMasterEndpoint stopped!
[2020-07-23 16:02:38,403] {logging_mixin.py:112} INFO - [2020-07-23 16:02:38,403] {spark_submit_hook.py:479} INFO - 20/07/23 16:02:38 INFO MemoryStore: MemoryStore cleared
[2020-07-23 16:02:38,415] {logging_mixin.py:112} INFO - [2020-07-23 16:02:38,414] {spark_submit_hook.py:479} INFO - 20/07/23 16:02:38 INFO BlockManager: BlockManager stopped
[2020-07-23 16:02:38,423] {logging_mixin.py:112} INFO - [2020-07-23 16:02:38,423] {spark_submit_hook.py:479} INFO - 20/07/23 16:02:38 INFO BlockManagerMaster: BlockManagerMaster stopped
[2020-07-23 16:02:38,430] {logging_mixin.py:112} INFO - [2020-07-23 16:02:38,429] {spark_submit_hook.py:479} INFO - 20/07/23 16:02:38 INFO OutputCommitCoordinator$OutputCommitCoordinatorEndpoint: OutputCommitCoordinator stopped!
[2020-07-23 16:02:38,472] {logging_mixin.py:112} INFO - [2020-07-23 16:02:38,472] {spark_submit_hook.py:479} INFO - 20/07/23 16:02:38 INFO SparkContext: Successfully stopped SparkContext
[2020-07-23 16:02:38,473] {logging_mixin.py:112} INFO - [2020-07-23 16:02:38,472] {spark_submit_hook.py:479} INFO - 20/07/23 16:02:38 INFO ShutdownHookManager: Shutdown hook called
[2020-07-23 16:02:38,473] {logging_mixin.py:112} INFO - [2020-07-23 16:02:38,473] {spark_submit_hook.py:479} INFO - 20/07/23 16:02:38 INFO ShutdownHookManager: Deleting directory /tmp/spark-bf654d08-0353-42f1-b7c5-206b1e03e04a/pyspark-869a52b9-bca5-4a37-bd6e-95ad734829be
[2020-07-23 16:02:38,481] {logging_mixin.py:112} INFO - [2020-07-23 16:02:38,481] {spark_submit_hook.py:479} INFO - 20/07/23 16:02:38 INFO ShutdownHookManager: Deleting directory /tmp/spark-bf654d08-0353-42f1-b7c5-206b1e03e04a
[2020-07-23 16:02:38,489] {logging_mixin.py:112} INFO - [2020-07-23 16:02:38,489] {spark_submit_hook.py:479} INFO - 20/07/23 16:02:38 INFO ShutdownHookManager: Deleting directory /tmp/spark-aee7c138-42df-46fe-b86a-166d35241f6c
[2020-07-23 16:02:38,574] {taskinstance.py:1052} INFO - Marking task as SUCCESS.dag_id=submit_data, task_id=spark_submit, execution_date=20200721T015100, start_date=20200723T103215, end_date=20200723T103238
[2020-07-23 16:02:41,402] {logging_mixin.py:112} INFO - [2020-07-23 16:02:41,401] {local_task_job.py:103} INFO - Task exited with return code 0
