[2020-07-22 14:38:20,247] {taskinstance.py:669} INFO - Dependencies all met for <TaskInstance: submit_data.spark_submit 2020-07-20T03:36:00+00:00 [queued]>
[2020-07-22 14:38:20,258] {taskinstance.py:669} INFO - Dependencies all met for <TaskInstance: submit_data.spark_submit 2020-07-20T03:36:00+00:00 [queued]>
[2020-07-22 14:38:20,258] {taskinstance.py:879} INFO - 
--------------------------------------------------------------------------------
[2020-07-22 14:38:20,258] {taskinstance.py:880} INFO - Starting attempt 1 of 1
[2020-07-22 14:38:20,258] {taskinstance.py:881} INFO - 
--------------------------------------------------------------------------------
[2020-07-22 14:38:21,034] {taskinstance.py:900} INFO - Executing <Task(SparkSubmitOperator): spark_submit> on 2020-07-20T03:36:00+00:00
[2020-07-22 14:38:21,041] {standard_task_runner.py:53} INFO - Started process 439681 to run task
[2020-07-22 14:38:21,323] {logging_mixin.py:112} INFO - Running %s on host %s <TaskInstance: submit_data.spark_submit 2020-07-20T03:36:00+00:00 [running]> bhakti-Vostro-3558
[2020-07-22 14:38:21,362] {logging_mixin.py:112} INFO - [2020-07-22 14:38:21,361] {base_hook.py:87} INFO - Using connection to: id: spark_local. Host: local, Port: None, Schema: None, Login: None, Password: None, extra: None
[2020-07-22 14:38:21,363] {logging_mixin.py:112} INFO - [2020-07-22 14:38:21,363] {spark_submit_hook.py:325} INFO - Spark-Submit cmd: spark-submit --master local --name airflow-spark /home/bhakti/airflow/spark_jobs/python/spark_test.py
[2020-07-22 14:38:24,218] {logging_mixin.py:112} INFO - [2020-07-22 14:38:24,218] {spark_submit_hook.py:479} INFO - 20/07/22 14:38:24 WARN Utils: Your hostname, bhakti-Vostro-3558 resolves to a loopback address: 127.0.1.1; using 172.19.0.1 instead (on interface br-4e1dccf60737)
[2020-07-22 14:38:24,219] {logging_mixin.py:112} INFO - [2020-07-22 14:38:24,218] {spark_submit_hook.py:479} INFO - 20/07/22 14:38:24 WARN Utils: Set SPARK_LOCAL_IP if you need to bind to another address
[2020-07-22 14:38:26,531] {logging_mixin.py:112} INFO - [2020-07-22 14:38:26,531] {spark_submit_hook.py:479} INFO - 20/07/22 14:38:26 WARN NativeCodeLoader: Unable to load native-hadoop library for your platform... using builtin-java classes where applicable
[2020-07-22 14:38:29,848] {logging_mixin.py:112} INFO - [2020-07-22 14:38:29,848] {spark_submit_hook.py:479} INFO - Using Spark's default log4j profile: org/apache/spark/log4j-defaults.properties
[2020-07-22 14:38:29,877] {logging_mixin.py:112} INFO - [2020-07-22 14:38:29,877] {spark_submit_hook.py:479} INFO - 20/07/22 14:38:29 INFO SparkContext: Running Spark version 3.0.0
[2020-07-22 14:38:29,983] {logging_mixin.py:112} INFO - [2020-07-22 14:38:29,982] {spark_submit_hook.py:479} INFO - 20/07/22 14:38:29 INFO ResourceUtils: ==============================================================
[2020-07-22 14:38:29,987] {logging_mixin.py:112} INFO - [2020-07-22 14:38:29,986] {spark_submit_hook.py:479} INFO - 20/07/22 14:38:29 INFO ResourceUtils: Resources for spark.driver:
[2020-07-22 14:38:29,987] {logging_mixin.py:112} INFO - [2020-07-22 14:38:29,987] {spark_submit_hook.py:479} INFO - 
[2020-07-22 14:38:29,988] {logging_mixin.py:112} INFO - [2020-07-22 14:38:29,987] {spark_submit_hook.py:479} INFO - 20/07/22 14:38:29 INFO ResourceUtils: ==============================================================
[2020-07-22 14:38:29,991] {logging_mixin.py:112} INFO - [2020-07-22 14:38:29,990] {spark_submit_hook.py:479} INFO - 20/07/22 14:38:29 INFO SparkContext: Submitted application: Spark_Test_Python
[2020-07-22 14:38:30,081] {logging_mixin.py:112} INFO - [2020-07-22 14:38:30,081] {spark_submit_hook.py:479} INFO - 20/07/22 14:38:30 INFO SecurityManager: Changing view acls to: bhakti
[2020-07-22 14:38:30,081] {logging_mixin.py:112} INFO - [2020-07-22 14:38:30,081] {spark_submit_hook.py:479} INFO - 20/07/22 14:38:30 INFO SecurityManager: Changing modify acls to: bhakti
[2020-07-22 14:38:30,082] {logging_mixin.py:112} INFO - [2020-07-22 14:38:30,081] {spark_submit_hook.py:479} INFO - 20/07/22 14:38:30 INFO SecurityManager: Changing view acls groups to:
[2020-07-22 14:38:30,082] {logging_mixin.py:112} INFO - [2020-07-22 14:38:30,082] {spark_submit_hook.py:479} INFO - 20/07/22 14:38:30 INFO SecurityManager: Changing modify acls groups to:
[2020-07-22 14:38:30,082] {logging_mixin.py:112} INFO - [2020-07-22 14:38:30,082] {spark_submit_hook.py:479} INFO - 20/07/22 14:38:30 INFO SecurityManager: SecurityManager: authentication disabled; ui acls disabled; users  with view permissions: Set(bhakti); groups with view permissions: Set(); users  with modify permissions: Set(bhakti); groups with modify permissions: Set()
[2020-07-22 14:38:30,504] {logging_mixin.py:112} INFO - [2020-07-22 14:38:30,504] {spark_submit_hook.py:479} INFO - 20/07/22 14:38:30 INFO Utils: Successfully started service 'sparkDriver' on port 46345.
[2020-07-22 14:38:30,558] {logging_mixin.py:112} INFO - [2020-07-22 14:38:30,558] {spark_submit_hook.py:479} INFO - 20/07/22 14:38:30 INFO SparkEnv: Registering MapOutputTracker
[2020-07-22 14:38:30,621] {logging_mixin.py:112} INFO - [2020-07-22 14:38:30,620] {spark_submit_hook.py:479} INFO - 20/07/22 14:38:30 INFO SparkEnv: Registering BlockManagerMaster
[2020-07-22 14:38:30,657] {logging_mixin.py:112} INFO - [2020-07-22 14:38:30,656] {spark_submit_hook.py:479} INFO - 20/07/22 14:38:30 INFO BlockManagerMasterEndpoint: Using org.apache.spark.storage.DefaultTopologyMapper for getting topology information
[2020-07-22 14:38:30,658] {logging_mixin.py:112} INFO - [2020-07-22 14:38:30,657] {spark_submit_hook.py:479} INFO - 20/07/22 14:38:30 INFO BlockManagerMasterEndpoint: BlockManagerMasterEndpoint up
[2020-07-22 14:38:30,664] {logging_mixin.py:112} INFO - [2020-07-22 14:38:30,663] {spark_submit_hook.py:479} INFO - 20/07/22 14:38:30 INFO SparkEnv: Registering BlockManagerMasterHeartbeat
[2020-07-22 14:38:30,687] {logging_mixin.py:112} INFO - [2020-07-22 14:38:30,687] {spark_submit_hook.py:479} INFO - 20/07/22 14:38:30 INFO DiskBlockManager: Created local directory at /tmp/blockmgr-bc9dcc23-de1e-4ca9-a51b-c4a7e9eee928
[2020-07-22 14:38:30,742] {logging_mixin.py:112} INFO - [2020-07-22 14:38:30,741] {spark_submit_hook.py:479} INFO - 20/07/22 14:38:30 INFO MemoryStore: MemoryStore started with capacity 366.3 MiB
[2020-07-22 14:38:30,782] {logging_mixin.py:112} INFO - [2020-07-22 14:38:30,781] {spark_submit_hook.py:479} INFO - 20/07/22 14:38:30 INFO SparkEnv: Registering OutputCommitCoordinator
[2020-07-22 14:38:31,168] {logging_mixin.py:112} INFO - [2020-07-22 14:38:31,167] {spark_submit_hook.py:479} INFO - 20/07/22 14:38:31 WARN Utils: Service 'SparkUI' could not bind on port 4040. Attempting port 4041.
[2020-07-22 14:38:31,178] {logging_mixin.py:112} INFO - [2020-07-22 14:38:31,178] {spark_submit_hook.py:479} INFO - 20/07/22 14:38:31 INFO Utils: Successfully started service 'SparkUI' on port 4041.
[2020-07-22 14:38:31,281] {logging_mixin.py:112} INFO - [2020-07-22 14:38:31,280] {spark_submit_hook.py:479} INFO - 20/07/22 14:38:31 INFO SparkUI: Bound SparkUI to 0.0.0.0, and started at http://172.19.0.1:4041
[2020-07-22 14:38:31,823] {logging_mixin.py:112} INFO - [2020-07-22 14:38:31,823] {spark_submit_hook.py:479} INFO - 20/07/22 14:38:31 INFO Executor: Starting executor ID driver on host 172.19.0.1
[2020-07-22 14:38:31,937] {logging_mixin.py:112} INFO - [2020-07-22 14:38:31,937] {spark_submit_hook.py:479} INFO - 20/07/22 14:38:31 INFO Utils: Successfully started service 'org.apache.spark.network.netty.NettyBlockTransferService' on port 45205.
[2020-07-22 14:38:31,938] {logging_mixin.py:112} INFO - [2020-07-22 14:38:31,938] {spark_submit_hook.py:479} INFO - 20/07/22 14:38:31 INFO NettyBlockTransferService: Server created on 172.19.0.1:45205
[2020-07-22 14:38:31,941] {logging_mixin.py:112} INFO - [2020-07-22 14:38:31,941] {spark_submit_hook.py:479} INFO - 20/07/22 14:38:31 INFO BlockManager: Using org.apache.spark.storage.RandomBlockReplicationPolicy for block replication policy
[2020-07-22 14:38:31,956] {logging_mixin.py:112} INFO - [2020-07-22 14:38:31,955] {spark_submit_hook.py:479} INFO - 20/07/22 14:38:31 INFO BlockManagerMaster: Registering BlockManager BlockManagerId(driver, 172.19.0.1, 45205, None)
[2020-07-22 14:38:31,968] {logging_mixin.py:112} INFO - [2020-07-22 14:38:31,967] {spark_submit_hook.py:479} INFO - 20/07/22 14:38:31 INFO BlockManagerMasterEndpoint: Registering block manager 172.19.0.1:45205 with 366.3 MiB RAM, BlockManagerId(driver, 172.19.0.1, 45205, None)
[2020-07-22 14:38:31,973] {logging_mixin.py:112} INFO - [2020-07-22 14:38:31,973] {spark_submit_hook.py:479} INFO - 20/07/22 14:38:31 INFO BlockManagerMaster: Registered BlockManager BlockManagerId(driver, 172.19.0.1, 45205, None)
[2020-07-22 14:38:31,977] {logging_mixin.py:112} INFO - [2020-07-22 14:38:31,976] {spark_submit_hook.py:479} INFO - 20/07/22 14:38:31 INFO BlockManager: Initialized BlockManager: BlockManagerId(driver, 172.19.0.1, 45205, None)
[2020-07-22 14:38:34,110] {logging_mixin.py:112} INFO - [2020-07-22 14:38:34,110] {spark_submit_hook.py:479} INFO - 20/07/22 14:38:34 INFO SparkContext: Starting job: collect at /home/bhakti/airflow/spark_jobs/python/spark_test.py:10
[2020-07-22 14:38:34,148] {logging_mixin.py:112} INFO - [2020-07-22 14:38:34,148] {spark_submit_hook.py:479} INFO - 20/07/22 14:38:34 INFO DAGScheduler: Got job 0 (collect at /home/bhakti/airflow/spark_jobs/python/spark_test.py:10) with 1 output partitions
[2020-07-22 14:38:34,150] {logging_mixin.py:112} INFO - [2020-07-22 14:38:34,150] {spark_submit_hook.py:479} INFO - 20/07/22 14:38:34 INFO DAGScheduler: Final stage: ResultStage 0 (collect at /home/bhakti/airflow/spark_jobs/python/spark_test.py:10)
[2020-07-22 14:38:34,151] {logging_mixin.py:112} INFO - [2020-07-22 14:38:34,151] {spark_submit_hook.py:479} INFO - 20/07/22 14:38:34 INFO DAGScheduler: Parents of final stage: List()
[2020-07-22 14:38:34,158] {logging_mixin.py:112} INFO - [2020-07-22 14:38:34,158] {spark_submit_hook.py:479} INFO - 20/07/22 14:38:34 INFO DAGScheduler: Missing parents: List()
[2020-07-22 14:38:34,173] {logging_mixin.py:112} INFO - [2020-07-22 14:38:34,172] {spark_submit_hook.py:479} INFO - 20/07/22 14:38:34 INFO DAGScheduler: Submitting ResultStage 0 (PythonRDD[1] at collect at /home/bhakti/airflow/spark_jobs/python/spark_test.py:10), which has no missing parents
[2020-07-22 14:38:34,346] {logging_mixin.py:112} INFO - [2020-07-22 14:38:34,346] {spark_submit_hook.py:479} INFO - 20/07/22 14:38:34 INFO MemoryStore: Block broadcast_0 stored as values in memory (estimated size 4.8 KiB, free 366.3 MiB)
[2020-07-22 14:38:34,430] {logging_mixin.py:112} INFO - [2020-07-22 14:38:34,430] {spark_submit_hook.py:479} INFO - 20/07/22 14:38:34 INFO MemoryStore: Block broadcast_0_piece0 stored as bytes in memory (estimated size 3.1 KiB, free 366.3 MiB)
[2020-07-22 14:38:34,433] {logging_mixin.py:112} INFO - [2020-07-22 14:38:34,433] {spark_submit_hook.py:479} INFO - 20/07/22 14:38:34 INFO BlockManagerInfo: Added broadcast_0_piece0 in memory on 172.19.0.1:45205 (size: 3.1 KiB, free: 366.3 MiB)
[2020-07-22 14:38:34,438] {logging_mixin.py:112} INFO - [2020-07-22 14:38:34,438] {spark_submit_hook.py:479} INFO - 20/07/22 14:38:34 INFO SparkContext: Created broadcast 0 from broadcast at DAGScheduler.scala:1200
[2020-07-22 14:38:34,492] {logging_mixin.py:112} INFO - [2020-07-22 14:38:34,492] {spark_submit_hook.py:479} INFO - 20/07/22 14:38:34 INFO DAGScheduler: Submitting 1 missing tasks from ResultStage 0 (PythonRDD[1] at collect at /home/bhakti/airflow/spark_jobs/python/spark_test.py:10) (first 15 tasks are for partitions Vector(0))
[2020-07-22 14:38:34,495] {logging_mixin.py:112} INFO - [2020-07-22 14:38:34,495] {spark_submit_hook.py:479} INFO - 20/07/22 14:38:34 INFO TaskSchedulerImpl: Adding task set 0.0 with 1 tasks
[2020-07-22 14:38:34,689] {logging_mixin.py:112} INFO - [2020-07-22 14:38:34,689] {spark_submit_hook.py:479} INFO - 20/07/22 14:38:34 INFO TaskSetManager: Starting task 0.0 in stage 0.0 (TID 0, 172.19.0.1, executor driver, partition 0, PROCESS_LOCAL, 7369 bytes)
[2020-07-22 14:38:34,767] {logging_mixin.py:112} INFO - [2020-07-22 14:38:34,766] {spark_submit_hook.py:479} INFO - 20/07/22 14:38:34 INFO Executor: Running task 0.0 in stage 0.0 (TID 0)
[2020-07-22 14:38:36,838] {logging_mixin.py:112} INFO - [2020-07-22 14:38:36,838] {spark_submit_hook.py:479} INFO - 20/07/22 14:38:36 INFO PythonRunner: Times: total = 1153, boot = 1123, init = 30, finish = 0
[2020-07-22 14:38:36,911] {logging_mixin.py:112} INFO - [2020-07-22 14:38:36,911] {spark_submit_hook.py:479} INFO - 20/07/22 14:38:36 INFO Executor: Finished task 0.0 in stage 0.0 (TID 0). 1533 bytes result sent to driver
[2020-07-22 14:38:36,951] {logging_mixin.py:112} INFO - [2020-07-22 14:38:36,951] {spark_submit_hook.py:479} INFO - 20/07/22 14:38:36 INFO TaskSetManager: Finished task 0.0 in stage 0.0 (TID 0) in 2339 ms on 172.19.0.1 (executor driver) (1/1)
[2020-07-22 14:38:36,957] {logging_mixin.py:112} INFO - [2020-07-22 14:38:36,956] {spark_submit_hook.py:479} INFO - 20/07/22 14:38:36 INFO TaskSchedulerImpl: Removed TaskSet 0.0, whose tasks have all completed, from pool
[2020-07-22 14:38:36,964] {logging_mixin.py:112} INFO - [2020-07-22 14:38:36,963] {spark_submit_hook.py:479} INFO - 20/07/22 14:38:36 INFO PythonAccumulatorV2: Connected to AccumulatorServer at host: 127.0.0.1 port: 51829
[2020-07-22 14:38:36,973] {logging_mixin.py:112} INFO - [2020-07-22 14:38:36,973] {spark_submit_hook.py:479} INFO - 20/07/22 14:38:36 INFO DAGScheduler: ResultStage 0 (collect at /home/bhakti/airflow/spark_jobs/python/spark_test.py:10) finished in 2.756 s
[2020-07-22 14:38:36,985] {logging_mixin.py:112} INFO - [2020-07-22 14:38:36,984] {spark_submit_hook.py:479} INFO - 20/07/22 14:38:36 INFO DAGScheduler: Job 0 is finished. Cancelling potential speculative or zombie tasks for this job
[2020-07-22 14:38:36,986] {logging_mixin.py:112} INFO - [2020-07-22 14:38:36,985] {spark_submit_hook.py:479} INFO - 20/07/22 14:38:36 INFO TaskSchedulerImpl: Killing all running tasks in stage 0: Stage finished
[2020-07-22 14:38:36,989] {logging_mixin.py:112} INFO - [2020-07-22 14:38:36,988] {spark_submit_hook.py:479} INFO - 20/07/22 14:38:36 INFO DAGScheduler: Job 0 finished: collect at /home/bhakti/airflow/spark_jobs/python/spark_test.py:10, took 2.875433 s
[2020-07-22 14:38:37,015] {logging_mixin.py:112} INFO - [2020-07-22 14:38:37,015] {spark_submit_hook.py:479} INFO - [4, 5]
[2020-07-22 14:38:37,089] {logging_mixin.py:112} INFO - [2020-07-22 14:38:37,088] {spark_submit_hook.py:479} INFO - 20/07/22 14:38:37 INFO SparkContext: Invoking stop() from shutdown hook
[2020-07-22 14:38:37,102] {logging_mixin.py:112} INFO - [2020-07-22 14:38:37,102] {spark_submit_hook.py:479} INFO - 20/07/22 14:38:37 INFO SparkUI: Stopped Spark web UI at http://172.19.0.1:4041
[2020-07-22 14:38:37,144] {logging_mixin.py:112} INFO - [2020-07-22 14:38:37,144] {spark_submit_hook.py:479} INFO - 20/07/22 14:38:37 INFO MapOutputTrackerMasterEndpoint: MapOutputTrackerMasterEndpoint stopped!
[2020-07-22 14:38:37,157] {logging_mixin.py:112} INFO - [2020-07-22 14:38:37,156] {spark_submit_hook.py:479} INFO - 20/07/22 14:38:37 INFO MemoryStore: MemoryStore cleared
[2020-07-22 14:38:37,158] {logging_mixin.py:112} INFO - [2020-07-22 14:38:37,158] {spark_submit_hook.py:479} INFO - 20/07/22 14:38:37 INFO BlockManager: BlockManager stopped
[2020-07-22 14:38:37,171] {logging_mixin.py:112} INFO - [2020-07-22 14:38:37,170] {spark_submit_hook.py:479} INFO - 20/07/22 14:38:37 INFO BlockManagerMaster: BlockManagerMaster stopped
[2020-07-22 14:38:37,176] {logging_mixin.py:112} INFO - [2020-07-22 14:38:37,175] {spark_submit_hook.py:479} INFO - 20/07/22 14:38:37 INFO OutputCommitCoordinator$OutputCommitCoordinatorEndpoint: OutputCommitCoordinator stopped!
[2020-07-22 14:38:37,184] {logging_mixin.py:112} INFO - [2020-07-22 14:38:37,183] {spark_submit_hook.py:479} INFO - 20/07/22 14:38:37 INFO SparkContext: Successfully stopped SparkContext
[2020-07-22 14:38:37,184] {logging_mixin.py:112} INFO - [2020-07-22 14:38:37,184] {spark_submit_hook.py:479} INFO - 20/07/22 14:38:37 INFO ShutdownHookManager: Shutdown hook called
[2020-07-22 14:38:37,186] {logging_mixin.py:112} INFO - [2020-07-22 14:38:37,186] {spark_submit_hook.py:479} INFO - 20/07/22 14:38:37 INFO ShutdownHookManager: Deleting directory /tmp/spark-a2e99b49-f0e3-42e0-a295-5893bc4c6405
[2020-07-22 14:38:37,191] {logging_mixin.py:112} INFO - [2020-07-22 14:38:37,190] {spark_submit_hook.py:479} INFO - 20/07/22 14:38:37 INFO ShutdownHookManager: Deleting directory /tmp/spark-a2e99b49-f0e3-42e0-a295-5893bc4c6405/pyspark-379f290a-e1d4-46e9-84de-1b8d5d2d93d2
[2020-07-22 14:38:37,197] {logging_mixin.py:112} INFO - [2020-07-22 14:38:37,197] {spark_submit_hook.py:479} INFO - 20/07/22 14:38:37 INFO ShutdownHookManager: Deleting directory /tmp/spark-4abc4b28-8b21-4605-b697-e6ce5c25350f
[2020-07-22 14:38:37,304] {taskinstance.py:1052} INFO - Marking task as SUCCESS.dag_id=submit_data, task_id=spark_submit, execution_date=20200720T033600, start_date=20200722T090820, end_date=20200722T090837
[2020-07-22 14:38:40,443] {logging_mixin.py:112} INFO - [2020-07-22 14:38:40,443] {local_task_job.py:103} INFO - Task exited with return code 0
