[2020-07-23 16:11:38,208] {taskinstance.py:669} INFO - Dependencies all met for <TaskInstance: MYSQLDAG.csv_to_second_db 2020-07-23T10:37:59.123736+00:00 [queued]>
[2020-07-23 16:11:38,229] {taskinstance.py:669} INFO - Dependencies all met for <TaskInstance: MYSQLDAG.csv_to_second_db 2020-07-23T10:37:59.123736+00:00 [queued]>
[2020-07-23 16:11:38,230] {taskinstance.py:879} INFO - 
--------------------------------------------------------------------------------
[2020-07-23 16:11:38,230] {taskinstance.py:880} INFO - Starting attempt 1 of 2
[2020-07-23 16:11:38,230] {taskinstance.py:881} INFO - 
--------------------------------------------------------------------------------
[2020-07-23 16:11:38,431] {taskinstance.py:900} INFO - Executing <Task(BashOperator): csv_to_second_db> on 2020-07-23T10:37:59.123736+00:00
[2020-07-23 16:11:38,453] {standard_task_runner.py:53} INFO - Started process 325646 to run task
[2020-07-23 16:11:39,024] {logging_mixin.py:112} INFO - Running %s on host %s <TaskInstance: MYSQLDAG.csv_to_second_db 2020-07-23T10:37:59.123736+00:00 [running]> bhakti-Vostro-3558
[2020-07-23 16:11:39,101] {bash_operator.py:82} INFO - Tmp dir root location: 
 /tmp
[2020-07-23 16:11:39,103] {bash_operator.py:103} INFO - Temporary script location: /tmp/airflowtmpdivd9awg/csv_to_second_db_o23uo02
[2020-07-23 16:11:39,104] {bash_operator.py:115} INFO - Running command: #!/bin/bash -x
user=root
password=root
dbname=airflow_db2
host=mysql
port=3306
if [ $password != " " ]
then
docker exec -it mysqlCon \
mysql -D$dbname -h$host -p$port -u$user -p$password -e'CREATE TABLE IF NOT EXISTS employees2(PERSON TEXT,JOINING_YEAR BIGINT, COMPANY TEXT);' -e'LOAD DATA INFILE "/input_files_mysql/sample1.csv" INTO TABLE employees2 FIELDS TERMINATED BY "," LINES TERMINATED BY "\n" IGNORE 1 ROWS;'
echo "Task run successfully"
fi
[2020-07-23 16:11:39,129] {bash_operator.py:122} INFO - Output:
[2020-07-23 16:11:40,136] {bash_operator.py:126} INFO - mysql: [Warning] Using a password on the command line interface can be insecure.
[2020-07-23 16:11:40,944] {bash_operator.py:126} INFO - Task run successfully
[2020-07-23 16:11:40,945] {bash_operator.py:128} INFO - Command exited with return code 0
[2020-07-23 16:11:40,998] {taskinstance.py:1052} INFO - Marking task as SUCCESS.dag_id=MYSQLDAG, task_id=csv_to_second_db, execution_date=20200723T103759, start_date=20200723T104138, end_date=20200723T104140
[2020-07-23 16:11:47,999] {logging_mixin.py:112} INFO - [2020-07-23 16:11:47,998] {local_task_job.py:103} INFO - Task exited with return code 0
