[2020-07-16 18:05:55,696] {taskinstance.py:669} INFO - Dependencies all met for <TaskInstance: storing_data.db1_to_csv 2020-07-16T12:33:37.684772+00:00 [queued]>
[2020-07-16 18:05:55,706] {taskinstance.py:669} INFO - Dependencies all met for <TaskInstance: storing_data.db1_to_csv 2020-07-16T12:33:37.684772+00:00 [queued]>
[2020-07-16 18:05:55,707] {taskinstance.py:879} INFO - 
--------------------------------------------------------------------------------
[2020-07-16 18:05:55,707] {taskinstance.py:880} INFO - Starting attempt 2 of 2
[2020-07-16 18:05:55,707] {taskinstance.py:881} INFO - 
--------------------------------------------------------------------------------
[2020-07-16 18:05:55,825] {taskinstance.py:900} INFO - Executing <Task(BashOperator): db1_to_csv> on 2020-07-16T12:33:37.684772+00:00
[2020-07-16 18:05:55,828] {standard_task_runner.py:53} INFO - Started process 837630 to run task
[2020-07-16 18:05:56,130] {logging_mixin.py:112} INFO - Running %s on host %s <TaskInstance: storing_data.db1_to_csv 2020-07-16T12:33:37.684772+00:00 [running]> bhakti-Vostro-3558
[2020-07-16 18:05:56,147] {bash_operator.py:82} INFO - Tmp dir root location: 
 /tmp
[2020-07-16 18:05:56,149] {bash_operator.py:103} INFO - Temporary script location: /tmp/airflowtmp_5oilpfh/db1_to_csvxu_cvz9l
[2020-07-16 18:05:56,149] {bash_operator.py:115} INFO - Running command: #!/bin/bash -x
user=root
password=root
dbname=airflow_db1
host=mysql
port=3306
docker exec -it mysqlCon \
mysql -D$dbname -h$host -p$port -u$user -p$password -e'SELECT * FROM employees INTO OUTFILE "/input_files_mysql/sample3.csv"
FIELDS ENCLOSED BY '"' TERMINATED BY "," ESCAPED BY '"' LINES TERMINATED BY "\n";'
[2020-07-16 18:05:56,160] {bash_operator.py:122} INFO - Output:
[2020-07-16 18:05:56,665] {bash_operator.py:126} INFO - mysql: [Warning] Using a password on the command line interface can be insecure.
[2020-07-16 18:05:56,681] {bash_operator.py:126} INFO - ERROR 1086 (HY000) at line 1: File '/input_files_mysql/sample3.csv' already exists
[2020-07-16 18:05:56,729] {bash_operator.py:128} INFO - Command exited with return code 1
[2020-07-16 18:05:56,737] {taskinstance.py:1145} ERROR - Bash command failed
Traceback (most recent call last):
  File "/usr/local/lib/python3.8/dist-packages/airflow/models/taskinstance.py", line 983, in _run_raw_task
    result = task_copy.execute(context=context)
  File "/usr/local/lib/python3.8/dist-packages/airflow/operators/bash_operator.py", line 134, in execute
    raise AirflowException("Bash command failed")
airflow.exceptions.AirflowException: Bash command failed
[2020-07-16 18:05:56,739] {taskinstance.py:1174} INFO - All retries failed; marking task as FAILED.dag_id=storing_data, task_id=db1_to_csv, execution_date=20200716T123337, start_date=20200716T123555, end_date=20200716T123556
[2020-07-16 18:06:05,540] {logging_mixin.py:112} INFO - [2020-07-16 18:06:05,540] {local_task_job.py:103} INFO - Task exited with return code 1
