[2020-07-22 13:33:00,605] {taskinstance.py:669} INFO - Dependencies all met for <TaskInstance: submit_data.spark_submit 2020-07-20T01:19:00+00:00 [queued]>
[2020-07-22 13:33:00,622] {taskinstance.py:669} INFO - Dependencies all met for <TaskInstance: submit_data.spark_submit 2020-07-20T01:19:00+00:00 [queued]>
[2020-07-22 13:33:00,622] {taskinstance.py:879} INFO - 
--------------------------------------------------------------------------------
[2020-07-22 13:33:00,622] {taskinstance.py:880} INFO - Starting attempt 1 of 1
[2020-07-22 13:33:00,622] {taskinstance.py:881} INFO - 
--------------------------------------------------------------------------------
[2020-07-22 13:33:00,867] {taskinstance.py:900} INFO - Executing <Task(SparkSubmitOperator): spark_submit> on 2020-07-20T01:19:00+00:00
[2020-07-22 13:33:00,872] {standard_task_runner.py:53} INFO - Started process 349719 to run task
[2020-07-22 13:33:01,376] {logging_mixin.py:112} INFO - Running %s on host %s <TaskInstance: submit_data.spark_submit 2020-07-20T01:19:00+00:00 [running]> bhakti-Vostro-3558
[2020-07-22 13:33:01,418] {logging_mixin.py:112} INFO - [2020-07-22 13:33:01,417] {base_hook.py:87} INFO - Using connection to: id: spark_local. Host: localhost, Port: 4040, Schema: None, Login: None, Password: None, extra: None
[2020-07-22 13:33:01,420] {logging_mixin.py:112} INFO - [2020-07-22 13:33:01,419] {spark_submit_hook.py:325} INFO - Spark-Submit cmd: spark-submit --master localhost:4040 --name airflow-spark /home/bhakti/airflow/spark_jobs/python/spark_test.py
[2020-07-22 13:33:04,109] {logging_mixin.py:112} INFO - [2020-07-22 13:33:04,109] {spark_submit_hook.py:479} INFO - 20/07/22 13:33:04 WARN Utils: Your hostname, bhakti-Vostro-3558 resolves to a loopback address: 127.0.1.1; using 192.168.43.94 instead (on interface wlp6s0)
[2020-07-22 13:33:04,111] {logging_mixin.py:112} INFO - [2020-07-22 13:33:04,111] {spark_submit_hook.py:479} INFO - 20/07/22 13:33:04 WARN Utils: Set SPARK_LOCAL_IP if you need to bind to another address
[2020-07-22 13:33:06,093] {logging_mixin.py:112} INFO - [2020-07-22 13:33:06,092] {spark_submit_hook.py:479} INFO - 20/07/22 13:33:06 WARN NativeCodeLoader: Unable to load native-hadoop library for your platform... using builtin-java classes where applicable
[2020-07-22 13:33:07,354] {logging_mixin.py:112} INFO - [2020-07-22 13:33:07,354] {spark_submit_hook.py:479} INFO - Spark_Test_Python
[2020-07-22 13:33:07,354] {logging_mixin.py:112} INFO - [2020-07-22 13:33:07,354] {spark_submit_hook.py:479} INFO - Number of arguments: 0 arguments.
[2020-07-22 13:33:07,354] {logging_mixin.py:112} INFO - [2020-07-22 13:33:07,354] {spark_submit_hook.py:479} INFO - Argument List: []
[2020-07-22 13:33:07,457] {logging_mixin.py:112} INFO - [2020-07-22 13:33:07,457] {spark_submit_hook.py:479} INFO - Using Spark's default log4j profile: org/apache/spark/log4j-defaults.properties
[2020-07-22 13:33:07,472] {logging_mixin.py:112} INFO - [2020-07-22 13:33:07,472] {spark_submit_hook.py:479} INFO - 20/07/22 13:33:07 INFO SparkContext: Running Spark version 3.0.0
[2020-07-22 13:33:07,545] {logging_mixin.py:112} INFO - [2020-07-22 13:33:07,544] {spark_submit_hook.py:479} INFO - 20/07/22 13:33:07 INFO ResourceUtils: ==============================================================
[2020-07-22 13:33:07,547] {logging_mixin.py:112} INFO - [2020-07-22 13:33:07,547] {spark_submit_hook.py:479} INFO - 20/07/22 13:33:07 INFO ResourceUtils: Resources for spark.driver:
[2020-07-22 13:33:07,548] {logging_mixin.py:112} INFO - [2020-07-22 13:33:07,547] {spark_submit_hook.py:479} INFO - 
[2020-07-22 13:33:07,548] {logging_mixin.py:112} INFO - [2020-07-22 13:33:07,548] {spark_submit_hook.py:479} INFO - 20/07/22 13:33:07 INFO ResourceUtils: ==============================================================
[2020-07-22 13:33:07,549] {logging_mixin.py:112} INFO - [2020-07-22 13:33:07,549] {spark_submit_hook.py:479} INFO - 20/07/22 13:33:07 INFO SparkContext: Submitted application: Spark_Test_Python
[2020-07-22 13:33:07,648] {logging_mixin.py:112} INFO - [2020-07-22 13:33:07,648] {spark_submit_hook.py:479} INFO - 20/07/22 13:33:07 INFO SecurityManager: Changing view acls to: bhakti
[2020-07-22 13:33:07,648] {logging_mixin.py:112} INFO - [2020-07-22 13:33:07,648] {spark_submit_hook.py:479} INFO - 20/07/22 13:33:07 INFO SecurityManager: Changing modify acls to: bhakti
[2020-07-22 13:33:07,649] {logging_mixin.py:112} INFO - [2020-07-22 13:33:07,649] {spark_submit_hook.py:479} INFO - 20/07/22 13:33:07 INFO SecurityManager: Changing view acls groups to:
[2020-07-22 13:33:07,649] {logging_mixin.py:112} INFO - [2020-07-22 13:33:07,649] {spark_submit_hook.py:479} INFO - 20/07/22 13:33:07 INFO SecurityManager: Changing modify acls groups to:
[2020-07-22 13:33:07,649] {logging_mixin.py:112} INFO - [2020-07-22 13:33:07,649] {spark_submit_hook.py:479} INFO - 20/07/22 13:33:07 INFO SecurityManager: SecurityManager: authentication disabled; ui acls disabled; users  with view permissions: Set(bhakti); groups with view permissions: Set(); users  with modify permissions: Set(bhakti); groups with modify permissions: Set()
[2020-07-22 13:33:08,086] {logging_mixin.py:112} INFO - [2020-07-22 13:33:08,086] {spark_submit_hook.py:479} INFO - 20/07/22 13:33:08 INFO Utils: Successfully started service 'sparkDriver' on port 34975.
[2020-07-22 13:33:08,165] {logging_mixin.py:112} INFO - [2020-07-22 13:33:08,165] {spark_submit_hook.py:479} INFO - 20/07/22 13:33:08 INFO SparkEnv: Registering MapOutputTracker
[2020-07-22 13:33:08,233] {logging_mixin.py:112} INFO - [2020-07-22 13:33:08,233] {spark_submit_hook.py:479} INFO - 20/07/22 13:33:08 INFO SparkEnv: Registering BlockManagerMaster
[2020-07-22 13:33:08,268] {logging_mixin.py:112} INFO - [2020-07-22 13:33:08,268] {spark_submit_hook.py:479} INFO - 20/07/22 13:33:08 INFO BlockManagerMasterEndpoint: Using org.apache.spark.storage.DefaultTopologyMapper for getting topology information
[2020-07-22 13:33:08,270] {logging_mixin.py:112} INFO - [2020-07-22 13:33:08,269] {spark_submit_hook.py:479} INFO - 20/07/22 13:33:08 INFO BlockManagerMasterEndpoint: BlockManagerMasterEndpoint up
[2020-07-22 13:33:08,281] {logging_mixin.py:112} INFO - [2020-07-22 13:33:08,279] {spark_submit_hook.py:479} INFO - 20/07/22 13:33:08 INFO SparkEnv: Registering BlockManagerMasterHeartbeat
[2020-07-22 13:33:08,314] {logging_mixin.py:112} INFO - [2020-07-22 13:33:08,314] {spark_submit_hook.py:479} INFO - 20/07/22 13:33:08 INFO DiskBlockManager: Created local directory at /tmp/blockmgr-a297e156-8ffb-4f1d-89d7-332b7d3b361a
[2020-07-22 13:33:08,352] {logging_mixin.py:112} INFO - [2020-07-22 13:33:08,352] {spark_submit_hook.py:479} INFO - 20/07/22 13:33:08 INFO MemoryStore: MemoryStore started with capacity 366.3 MiB
[2020-07-22 13:33:08,377] {logging_mixin.py:112} INFO - [2020-07-22 13:33:08,377] {spark_submit_hook.py:479} INFO - 20/07/22 13:33:08 INFO SparkEnv: Registering OutputCommitCoordinator
[2020-07-22 13:33:08,767] {logging_mixin.py:112} INFO - [2020-07-22 13:33:08,767] {spark_submit_hook.py:479} INFO - 20/07/22 13:33:08 WARN Utils: Service 'SparkUI' could not bind on port 4040. Attempting port 4041.
[2020-07-22 13:33:08,780] {logging_mixin.py:112} INFO - [2020-07-22 13:33:08,780] {spark_submit_hook.py:479} INFO - 20/07/22 13:33:08 INFO Utils: Successfully started service 'SparkUI' on port 4041.
[2020-07-22 13:33:08,889] {logging_mixin.py:112} INFO - [2020-07-22 13:33:08,889] {spark_submit_hook.py:479} INFO - 20/07/22 13:33:08 INFO SparkUI: Bound SparkUI to 0.0.0.0, and started at http://192.168.43.94:4041
[2020-07-22 13:33:09,115] {logging_mixin.py:112} INFO - [2020-07-22 13:33:09,114] {spark_submit_hook.py:479} INFO - 20/07/22 13:33:09 ERROR SparkContext: Error initializing SparkContext.
[2020-07-22 13:33:09,115] {logging_mixin.py:112} INFO - [2020-07-22 13:33:09,115] {spark_submit_hook.py:479} INFO - org.apache.spark.SparkException: Could not parse Master URL: 'localhost:4040'
[2020-07-22 13:33:09,116] {logging_mixin.py:112} INFO - [2020-07-22 13:33:09,116] {spark_submit_hook.py:479} INFO - at org.apache.spark.SparkContext$.org$apache$spark$SparkContext$$createTaskScheduler(SparkContext.scala:2924)
[2020-07-22 13:33:09,116] {logging_mixin.py:112} INFO - [2020-07-22 13:33:09,116] {spark_submit_hook.py:479} INFO - at org.apache.spark.SparkContext.<init>(SparkContext.scala:528)
[2020-07-22 13:33:09,117] {logging_mixin.py:112} INFO - [2020-07-22 13:33:09,116] {spark_submit_hook.py:479} INFO - at org.apache.spark.api.java.JavaSparkContext.<init>(JavaSparkContext.scala:58)
[2020-07-22 13:33:09,117] {logging_mixin.py:112} INFO - [2020-07-22 13:33:09,117] {spark_submit_hook.py:479} INFO - at sun.reflect.NativeConstructorAccessorImpl.newInstance0(Native Method)
[2020-07-22 13:33:09,117] {logging_mixin.py:112} INFO - [2020-07-22 13:33:09,117] {spark_submit_hook.py:479} INFO - at sun.reflect.NativeConstructorAccessorImpl.newInstance(NativeConstructorAccessorImpl.java:62)
[2020-07-22 13:33:09,118] {logging_mixin.py:112} INFO - [2020-07-22 13:33:09,118] {spark_submit_hook.py:479} INFO - at sun.reflect.DelegatingConstructorAccessorImpl.newInstance(DelegatingConstructorAccessorImpl.java:45)
[2020-07-22 13:33:09,118] {logging_mixin.py:112} INFO - [2020-07-22 13:33:09,118] {spark_submit_hook.py:479} INFO - at java.lang.reflect.Constructor.newInstance(Constructor.java:423)
[2020-07-22 13:33:09,119] {logging_mixin.py:112} INFO - [2020-07-22 13:33:09,118] {spark_submit_hook.py:479} INFO - at py4j.reflection.MethodInvoker.invoke(MethodInvoker.java:247)
[2020-07-22 13:33:09,119] {logging_mixin.py:112} INFO - [2020-07-22 13:33:09,119] {spark_submit_hook.py:479} INFO - at py4j.reflection.ReflectionEngine.invoke(ReflectionEngine.java:357)
[2020-07-22 13:33:09,119] {logging_mixin.py:112} INFO - [2020-07-22 13:33:09,119] {spark_submit_hook.py:479} INFO - at py4j.Gateway.invoke(Gateway.java:238)
[2020-07-22 13:33:09,120] {logging_mixin.py:112} INFO - [2020-07-22 13:33:09,120] {spark_submit_hook.py:479} INFO - at py4j.commands.ConstructorCommand.invokeConstructor(ConstructorCommand.java:80)
[2020-07-22 13:33:09,120] {logging_mixin.py:112} INFO - [2020-07-22 13:33:09,120] {spark_submit_hook.py:479} INFO - at py4j.commands.ConstructorCommand.execute(ConstructorCommand.java:69)
[2020-07-22 13:33:09,120] {logging_mixin.py:112} INFO - [2020-07-22 13:33:09,120] {spark_submit_hook.py:479} INFO - at py4j.GatewayConnection.run(GatewayConnection.java:238)
[2020-07-22 13:33:09,121] {logging_mixin.py:112} INFO - [2020-07-22 13:33:09,120] {spark_submit_hook.py:479} INFO - at java.lang.Thread.run(Thread.java:748)
[2020-07-22 13:33:09,144] {logging_mixin.py:112} INFO - [2020-07-22 13:33:09,144] {spark_submit_hook.py:479} INFO - 20/07/22 13:33:09 INFO SparkUI: Stopped Spark web UI at http://192.168.43.94:4041
[2020-07-22 13:33:09,179] {logging_mixin.py:112} INFO - [2020-07-22 13:33:09,179] {spark_submit_hook.py:479} INFO - 20/07/22 13:33:09 INFO MapOutputTrackerMasterEndpoint: MapOutputTrackerMasterEndpoint stopped!
[2020-07-22 13:33:09,227] {logging_mixin.py:112} INFO - [2020-07-22 13:33:09,227] {spark_submit_hook.py:479} INFO - 20/07/22 13:33:09 INFO MemoryStore: MemoryStore cleared
[2020-07-22 13:33:09,233] {logging_mixin.py:112} INFO - [2020-07-22 13:33:09,233] {spark_submit_hook.py:479} INFO - 20/07/22 13:33:09 INFO BlockManager: BlockManager stopped
[2020-07-22 13:33:09,252] {logging_mixin.py:112} INFO - [2020-07-22 13:33:09,252] {spark_submit_hook.py:479} INFO - 20/07/22 13:33:09 INFO BlockManagerMaster: BlockManagerMaster stopped
[2020-07-22 13:33:09,254] {logging_mixin.py:112} INFO - [2020-07-22 13:33:09,253] {spark_submit_hook.py:479} INFO - 20/07/22 13:33:09 WARN MetricsSystem: Stopping a MetricsSystem that is not running
[2020-07-22 13:33:09,260] {logging_mixin.py:112} INFO - [2020-07-22 13:33:09,260] {spark_submit_hook.py:479} INFO - 20/07/22 13:33:09 INFO OutputCommitCoordinator$OutputCommitCoordinatorEndpoint: OutputCommitCoordinator stopped!
[2020-07-22 13:33:09,297] {logging_mixin.py:112} INFO - [2020-07-22 13:33:09,296] {spark_submit_hook.py:479} INFO - 20/07/22 13:33:09 INFO SparkContext: Successfully stopped SparkContext
[2020-07-22 13:33:09,424] {logging_mixin.py:112} INFO - [2020-07-22 13:33:09,424] {spark_submit_hook.py:479} INFO - Traceback (most recent call last):
[2020-07-22 13:33:09,425] {logging_mixin.py:112} INFO - [2020-07-22 13:33:09,424] {spark_submit_hook.py:479} INFO - File "/home/bhakti/airflow/spark_jobs/python/spark_test.py", line 12, in <module>
[2020-07-22 13:33:09,425] {logging_mixin.py:112} INFO - [2020-07-22 13:33:09,425] {spark_submit_hook.py:479} INFO - sc = SparkContext(conf=conf)
[2020-07-22 13:33:09,426] {logging_mixin.py:112} INFO - [2020-07-22 13:33:09,426] {spark_submit_hook.py:479} INFO - File "/opt/spark/python/lib/pyspark.zip/pyspark/context.py", line 130, in __init__
[2020-07-22 13:33:09,426] {logging_mixin.py:112} INFO - [2020-07-22 13:33:09,426] {spark_submit_hook.py:479} INFO - File "/opt/spark/python/lib/pyspark.zip/pyspark/context.py", line 193, in _do_init
[2020-07-22 13:33:09,428] {logging_mixin.py:112} INFO - [2020-07-22 13:33:09,427] {spark_submit_hook.py:479} INFO - File "/opt/spark/python/lib/pyspark.zip/pyspark/context.py", line 310, in _initialize_context
[2020-07-22 13:33:09,429] {logging_mixin.py:112} INFO - [2020-07-22 13:33:09,429] {spark_submit_hook.py:479} INFO - File "/opt/spark/python/lib/py4j-0.10.9-src.zip/py4j/java_gateway.py", line 1568, in __call__
[2020-07-22 13:33:09,430] {logging_mixin.py:112} INFO - [2020-07-22 13:33:09,429] {spark_submit_hook.py:479} INFO - File "/opt/spark/python/lib/py4j-0.10.9-src.zip/py4j/protocol.py", line 326, in get_return_value
[2020-07-22 13:33:09,432] {logging_mixin.py:112} INFO - [2020-07-22 13:33:09,431] {spark_submit_hook.py:479} INFO - py4j.protocol.Py4JJavaError: An error occurred while calling None.org.apache.spark.api.java.JavaSparkContext.
[2020-07-22 13:33:09,433] {logging_mixin.py:112} INFO - [2020-07-22 13:33:09,433] {spark_submit_hook.py:479} INFO - : org.apache.spark.SparkException: Could not parse Master URL: 'localhost:4040'
[2020-07-22 13:33:09,433] {logging_mixin.py:112} INFO - [2020-07-22 13:33:09,433] {spark_submit_hook.py:479} INFO - at org.apache.spark.SparkContext$.org$apache$spark$SparkContext$$createTaskScheduler(SparkContext.scala:2924)
[2020-07-22 13:33:09,433] {logging_mixin.py:112} INFO - [2020-07-22 13:33:09,433] {spark_submit_hook.py:479} INFO - at org.apache.spark.SparkContext.<init>(SparkContext.scala:528)
[2020-07-22 13:33:09,434] {logging_mixin.py:112} INFO - [2020-07-22 13:33:09,434] {spark_submit_hook.py:479} INFO - at org.apache.spark.api.java.JavaSparkContext.<init>(JavaSparkContext.scala:58)
[2020-07-22 13:33:09,434] {logging_mixin.py:112} INFO - [2020-07-22 13:33:09,434] {spark_submit_hook.py:479} INFO - at sun.reflect.NativeConstructorAccessorImpl.newInstance0(Native Method)
[2020-07-22 13:33:09,434] {logging_mixin.py:112} INFO - [2020-07-22 13:33:09,434] {spark_submit_hook.py:479} INFO - at sun.reflect.NativeConstructorAccessorImpl.newInstance(NativeConstructorAccessorImpl.java:62)
[2020-07-22 13:33:09,435] {logging_mixin.py:112} INFO - [2020-07-22 13:33:09,434] {spark_submit_hook.py:479} INFO - at sun.reflect.DelegatingConstructorAccessorImpl.newInstance(DelegatingConstructorAccessorImpl.java:45)
[2020-07-22 13:33:09,435] {logging_mixin.py:112} INFO - [2020-07-22 13:33:09,435] {spark_submit_hook.py:479} INFO - at java.lang.reflect.Constructor.newInstance(Constructor.java:423)
[2020-07-22 13:33:09,435] {logging_mixin.py:112} INFO - [2020-07-22 13:33:09,435] {spark_submit_hook.py:479} INFO - at py4j.reflection.MethodInvoker.invoke(MethodInvoker.java:247)
[2020-07-22 13:33:09,436] {logging_mixin.py:112} INFO - [2020-07-22 13:33:09,435] {spark_submit_hook.py:479} INFO - at py4j.reflection.ReflectionEngine.invoke(ReflectionEngine.java:357)
[2020-07-22 13:33:09,436] {logging_mixin.py:112} INFO - [2020-07-22 13:33:09,436] {spark_submit_hook.py:479} INFO - at py4j.Gateway.invoke(Gateway.java:238)
[2020-07-22 13:33:09,436] {logging_mixin.py:112} INFO - [2020-07-22 13:33:09,436] {spark_submit_hook.py:479} INFO - at py4j.commands.ConstructorCommand.invokeConstructor(ConstructorCommand.java:80)
[2020-07-22 13:33:09,436] {logging_mixin.py:112} INFO - [2020-07-22 13:33:09,436] {spark_submit_hook.py:479} INFO - at py4j.commands.ConstructorCommand.execute(ConstructorCommand.java:69)
[2020-07-22 13:33:09,437] {logging_mixin.py:112} INFO - [2020-07-22 13:33:09,436] {spark_submit_hook.py:479} INFO - at py4j.GatewayConnection.run(GatewayConnection.java:238)
[2020-07-22 13:33:09,437] {logging_mixin.py:112} INFO - [2020-07-22 13:33:09,437] {spark_submit_hook.py:479} INFO - at java.lang.Thread.run(Thread.java:748)
[2020-07-22 13:33:09,437] {logging_mixin.py:112} INFO - [2020-07-22 13:33:09,437] {spark_submit_hook.py:479} INFO - 
[2020-07-22 13:33:09,615] {logging_mixin.py:112} INFO - [2020-07-22 13:33:09,615] {spark_submit_hook.py:479} INFO - 20/07/22 13:33:09 INFO ShutdownHookManager: Shutdown hook called
[2020-07-22 13:33:09,615] {logging_mixin.py:112} INFO - [2020-07-22 13:33:09,615] {spark_submit_hook.py:479} INFO - 20/07/22 13:33:09 INFO ShutdownHookManager: Deleting directory /tmp/spark-94961814-4749-4dbc-b021-054cb17a53fd
[2020-07-22 13:33:09,619] {logging_mixin.py:112} INFO - [2020-07-22 13:33:09,619] {spark_submit_hook.py:479} INFO - 20/07/22 13:33:09 INFO ShutdownHookManager: Deleting directory /tmp/spark-28aae04d-1023-474a-bc6b-8e1315916347
[2020-07-22 13:33:09,658] {taskinstance.py:1145} ERROR - Cannot execute: spark-submit --master localhost:4040 --name airflow-spark /home/bhakti/airflow/spark_jobs/python/spark_test.py. Error code is: 1.
Traceback (most recent call last):
  File "/usr/local/lib/python3.8/dist-packages/airflow/models/taskinstance.py", line 983, in _run_raw_task
    result = task_copy.execute(context=context)
  File "/usr/local/lib/python3.8/dist-packages/airflow/contrib/operators/spark_submit_operator.py", line 187, in execute
    self._hook.submit(self._application)
  File "/usr/local/lib/python3.8/dist-packages/airflow/contrib/hooks/spark_submit_hook.py", line 403, in submit
    raise AirflowException(
airflow.exceptions.AirflowException: Cannot execute: spark-submit --master localhost:4040 --name airflow-spark /home/bhakti/airflow/spark_jobs/python/spark_test.py. Error code is: 1.
[2020-07-22 13:33:09,660] {taskinstance.py:1189} INFO - Marking task as FAILED.dag_id=submit_data, task_id=spark_submit, execution_date=20200720T011900, start_date=20200722T080300, end_date=20200722T080309
[2020-07-22 13:33:10,415] {logging_mixin.py:112} INFO - [2020-07-22 13:33:10,415] {local_task_job.py:103} INFO - Task exited with return code 1
