[2020-07-23 15:30:07,802] {taskinstance.py:669} INFO - Dependencies all met for <TaskInstance: submit_data.spark_submit 2020-07-21T01:04:00+00:00 [queued]>
[2020-07-23 15:30:07,817] {taskinstance.py:669} INFO - Dependencies all met for <TaskInstance: submit_data.spark_submit 2020-07-21T01:04:00+00:00 [queued]>
[2020-07-23 15:30:07,817] {taskinstance.py:879} INFO - 
--------------------------------------------------------------------------------
[2020-07-23 15:30:07,817] {taskinstance.py:880} INFO - Starting attempt 1 of 1
[2020-07-23 15:30:07,817] {taskinstance.py:881} INFO - 
--------------------------------------------------------------------------------
[2020-07-23 15:30:07,994] {taskinstance.py:900} INFO - Executing <Task(SparkSubmitOperator): spark_submit> on 2020-07-21T01:04:00+00:00
[2020-07-23 15:30:07,998] {standard_task_runner.py:53} INFO - Started process 271435 to run task
[2020-07-23 15:30:08,180] {logging_mixin.py:112} INFO - Running %s on host %s <TaskInstance: submit_data.spark_submit 2020-07-21T01:04:00+00:00 [running]> bhakti-Vostro-3558
[2020-07-23 15:30:08,203] {logging_mixin.py:112} INFO - [2020-07-23 15:30:08,202] {base_hook.py:87} INFO - Using connection to: id: spark_local. Host: local, Port: None, Schema: None, Login: None, Password: None, extra: None
[2020-07-23 15:30:08,203] {logging_mixin.py:112} INFO - [2020-07-23 15:30:08,203] {spark_submit_hook.py:325} INFO - Spark-Submit cmd: spark-submit --master local --name airflow-spark /home/bhakti/airflow/spark_jobs/spark_test.py
[2020-07-23 15:30:09,897] {logging_mixin.py:112} INFO - [2020-07-23 15:30:09,897] {spark_submit_hook.py:479} INFO - 20/07/23 15:30:09 WARN Utils: Your hostname, bhakti-Vostro-3558 resolves to a loopback address: 127.0.1.1; using 192.168.43.94 instead (on interface wlp6s0)
[2020-07-23 15:30:09,899] {logging_mixin.py:112} INFO - [2020-07-23 15:30:09,899] {spark_submit_hook.py:479} INFO - 20/07/23 15:30:09 WARN Utils: Set SPARK_LOCAL_IP if you need to bind to another address
[2020-07-23 15:30:11,067] {logging_mixin.py:112} INFO - [2020-07-23 15:30:11,066] {spark_submit_hook.py:479} INFO - 20/07/23 15:30:11 WARN NativeCodeLoader: Unable to load native-hadoop library for your platform... using builtin-java classes where applicable
[2020-07-23 15:30:12,316] {logging_mixin.py:112} INFO - [2020-07-23 15:30:12,316] {spark_submit_hook.py:479} INFO - Using Spark's default log4j profile: org/apache/spark/log4j-defaults.properties
[2020-07-23 15:30:12,331] {logging_mixin.py:112} INFO - [2020-07-23 15:30:12,330] {spark_submit_hook.py:479} INFO - 20/07/23 15:30:12 INFO SparkContext: Running Spark version 3.0.0
[2020-07-23 15:30:12,401] {logging_mixin.py:112} INFO - [2020-07-23 15:30:12,400] {spark_submit_hook.py:479} INFO - 20/07/23 15:30:12 INFO ResourceUtils: ==============================================================
[2020-07-23 15:30:12,403] {logging_mixin.py:112} INFO - [2020-07-23 15:30:12,403] {spark_submit_hook.py:479} INFO - 20/07/23 15:30:12 INFO ResourceUtils: Resources for spark.driver:
[2020-07-23 15:30:12,404] {logging_mixin.py:112} INFO - [2020-07-23 15:30:12,403] {spark_submit_hook.py:479} INFO - 
[2020-07-23 15:30:12,404] {logging_mixin.py:112} INFO - [2020-07-23 15:30:12,404] {spark_submit_hook.py:479} INFO - 20/07/23 15:30:12 INFO ResourceUtils: ==============================================================
[2020-07-23 15:30:12,405] {logging_mixin.py:112} INFO - [2020-07-23 15:30:12,405] {spark_submit_hook.py:479} INFO - 20/07/23 15:30:12 INFO SparkContext: Submitted application: Spark_Test_Python
[2020-07-23 15:30:12,495] {logging_mixin.py:112} INFO - [2020-07-23 15:30:12,495] {spark_submit_hook.py:479} INFO - 20/07/23 15:30:12 INFO SecurityManager: Changing view acls to: bhakti
[2020-07-23 15:30:12,496] {logging_mixin.py:112} INFO - [2020-07-23 15:30:12,495] {spark_submit_hook.py:479} INFO - 20/07/23 15:30:12 INFO SecurityManager: Changing modify acls to: bhakti
[2020-07-23 15:30:12,496] {logging_mixin.py:112} INFO - [2020-07-23 15:30:12,496] {spark_submit_hook.py:479} INFO - 20/07/23 15:30:12 INFO SecurityManager: Changing view acls groups to:
[2020-07-23 15:30:12,496] {logging_mixin.py:112} INFO - [2020-07-23 15:30:12,496] {spark_submit_hook.py:479} INFO - 20/07/23 15:30:12 INFO SecurityManager: Changing modify acls groups to:
[2020-07-23 15:30:12,497] {logging_mixin.py:112} INFO - [2020-07-23 15:30:12,497] {spark_submit_hook.py:479} INFO - 20/07/23 15:30:12 INFO SecurityManager: SecurityManager: authentication disabled; ui acls disabled; users  with view permissions: Set(bhakti); groups with view permissions: Set(); users  with modify permissions: Set(bhakti); groups with modify permissions: Set()
[2020-07-23 15:30:12,963] {logging_mixin.py:112} INFO - [2020-07-23 15:30:12,963] {spark_submit_hook.py:479} INFO - 20/07/23 15:30:12 INFO Utils: Successfully started service 'sparkDriver' on port 46293.
[2020-07-23 15:30:13,016] {logging_mixin.py:112} INFO - [2020-07-23 15:30:13,015] {spark_submit_hook.py:479} INFO - 20/07/23 15:30:13 INFO SparkEnv: Registering MapOutputTracker
[2020-07-23 15:30:13,068] {logging_mixin.py:112} INFO - [2020-07-23 15:30:13,067] {spark_submit_hook.py:479} INFO - 20/07/23 15:30:13 INFO SparkEnv: Registering BlockManagerMaster
[2020-07-23 15:30:13,102] {logging_mixin.py:112} INFO - [2020-07-23 15:30:13,102] {spark_submit_hook.py:479} INFO - 20/07/23 15:30:13 INFO BlockManagerMasterEndpoint: Using org.apache.spark.storage.DefaultTopologyMapper for getting topology information
[2020-07-23 15:30:13,104] {logging_mixin.py:112} INFO - [2020-07-23 15:30:13,103] {spark_submit_hook.py:479} INFO - 20/07/23 15:30:13 INFO BlockManagerMasterEndpoint: BlockManagerMasterEndpoint up
[2020-07-23 15:30:13,111] {logging_mixin.py:112} INFO - [2020-07-23 15:30:13,111] {spark_submit_hook.py:479} INFO - 20/07/23 15:30:13 INFO SparkEnv: Registering BlockManagerMasterHeartbeat
[2020-07-23 15:30:13,133] {logging_mixin.py:112} INFO - [2020-07-23 15:30:13,133] {spark_submit_hook.py:479} INFO - 20/07/23 15:30:13 INFO DiskBlockManager: Created local directory at /tmp/blockmgr-17d0a5a3-9d62-4e65-80c6-bec54d757d96
[2020-07-23 15:30:13,168] {logging_mixin.py:112} INFO - [2020-07-23 15:30:13,167] {spark_submit_hook.py:479} INFO - 20/07/23 15:30:13 INFO MemoryStore: MemoryStore started with capacity 366.3 MiB
[2020-07-23 15:30:13,193] {logging_mixin.py:112} INFO - [2020-07-23 15:30:13,193] {spark_submit_hook.py:479} INFO - 20/07/23 15:30:13 INFO SparkEnv: Registering OutputCommitCoordinator
[2020-07-23 15:30:13,538] {logging_mixin.py:112} INFO - [2020-07-23 15:30:13,537] {spark_submit_hook.py:479} INFO - 20/07/23 15:30:13 WARN Utils: Service 'SparkUI' could not bind on port 4040. Attempting port 4041.
[2020-07-23 15:30:13,538] {logging_mixin.py:112} INFO - [2020-07-23 15:30:13,538] {spark_submit_hook.py:479} INFO - 20/07/23 15:30:13 WARN Utils: Service 'SparkUI' could not bind on port 4041. Attempting port 4042.
[2020-07-23 15:30:13,538] {logging_mixin.py:112} INFO - [2020-07-23 15:30:13,538] {spark_submit_hook.py:479} INFO - 20/07/23 15:30:13 WARN Utils: Service 'SparkUI' could not bind on port 4042. Attempting port 4043.
[2020-07-23 15:30:13,550] {logging_mixin.py:112} INFO - [2020-07-23 15:30:13,549] {spark_submit_hook.py:479} INFO - 20/07/23 15:30:13 INFO Utils: Successfully started service 'SparkUI' on port 4043.
[2020-07-23 15:30:13,641] {logging_mixin.py:112} INFO - [2020-07-23 15:30:13,640] {spark_submit_hook.py:479} INFO - 20/07/23 15:30:13 INFO SparkUI: Bound SparkUI to 0.0.0.0, and started at http://192.168.43.94:4043
[2020-07-23 15:30:14,158] {logging_mixin.py:112} INFO - [2020-07-23 15:30:14,157] {spark_submit_hook.py:479} INFO - 20/07/23 15:30:14 INFO Executor: Starting executor ID driver on host 192.168.43.94
[2020-07-23 15:30:14,214] {logging_mixin.py:112} INFO - [2020-07-23 15:30:14,214] {spark_submit_hook.py:479} INFO - 20/07/23 15:30:14 INFO Utils: Successfully started service 'org.apache.spark.network.netty.NettyBlockTransferService' on port 41141.
[2020-07-23 15:30:14,216] {logging_mixin.py:112} INFO - [2020-07-23 15:30:14,216] {spark_submit_hook.py:479} INFO - 20/07/23 15:30:14 INFO NettyBlockTransferService: Server created on 192.168.43.94:41141
[2020-07-23 15:30:14,220] {logging_mixin.py:112} INFO - [2020-07-23 15:30:14,220] {spark_submit_hook.py:479} INFO - 20/07/23 15:30:14 INFO BlockManager: Using org.apache.spark.storage.RandomBlockReplicationPolicy for block replication policy
[2020-07-23 15:30:14,239] {logging_mixin.py:112} INFO - [2020-07-23 15:30:14,239] {spark_submit_hook.py:479} INFO - 20/07/23 15:30:14 INFO BlockManagerMaster: Registering BlockManager BlockManagerId(driver, 192.168.43.94, 41141, None)
[2020-07-23 15:30:14,248] {logging_mixin.py:112} INFO - [2020-07-23 15:30:14,248] {spark_submit_hook.py:479} INFO - 20/07/23 15:30:14 INFO BlockManagerMasterEndpoint: Registering block manager 192.168.43.94:41141 with 366.3 MiB RAM, BlockManagerId(driver, 192.168.43.94, 41141, None)
[2020-07-23 15:30:14,262] {logging_mixin.py:112} INFO - [2020-07-23 15:30:14,262] {spark_submit_hook.py:479} INFO - 20/07/23 15:30:14 INFO BlockManagerMaster: Registered BlockManager BlockManagerId(driver, 192.168.43.94, 41141, None)
[2020-07-23 15:30:14,265] {logging_mixin.py:112} INFO - [2020-07-23 15:30:14,265] {spark_submit_hook.py:479} INFO - 20/07/23 15:30:14 INFO BlockManager: Initialized BlockManager: BlockManagerId(driver, 192.168.43.94, 41141, None)
[2020-07-23 15:30:15,694] {logging_mixin.py:112} INFO - [2020-07-23 15:30:15,694] {spark_submit_hook.py:479} INFO - 20/07/23 15:30:15 INFO MemoryStore: Block broadcast_0 stored as values in memory (estimated size 241.5 KiB, free 366.1 MiB)
[2020-07-23 15:30:15,823] {logging_mixin.py:112} INFO - [2020-07-23 15:30:15,823] {spark_submit_hook.py:479} INFO - 20/07/23 15:30:15 INFO MemoryStore: Block broadcast_0_piece0 stored as bytes in memory (estimated size 23.4 KiB, free 366.0 MiB)
[2020-07-23 15:30:15,829] {logging_mixin.py:112} INFO - [2020-07-23 15:30:15,829] {spark_submit_hook.py:479} INFO - 20/07/23 15:30:15 INFO BlockManagerInfo: Added broadcast_0_piece0 in memory on 192.168.43.94:41141 (size: 23.4 KiB, free: 366.3 MiB)
[2020-07-23 15:30:15,846] {logging_mixin.py:112} INFO - [2020-07-23 15:30:15,845] {spark_submit_hook.py:479} INFO - 20/07/23 15:30:15 INFO SparkContext: Created broadcast 0 from textFile at NativeMethodAccessorImpl.java:0
[2020-07-23 15:30:16,229] {logging_mixin.py:112} INFO - [2020-07-23 15:30:16,228] {spark_submit_hook.py:479} INFO - 20/07/23 15:30:16 INFO FileInputFormat: Total input paths to process : 1
[2020-07-23 15:30:16,420] {logging_mixin.py:112} INFO - [2020-07-23 15:30:16,420] {spark_submit_hook.py:479} INFO - 20/07/23 15:30:16 INFO SparkContext: Starting job: collect at /home/bhakti/airflow/spark_jobs/spark_test.py:8
[2020-07-23 15:30:16,451] {logging_mixin.py:112} INFO - [2020-07-23 15:30:16,451] {spark_submit_hook.py:479} INFO - 20/07/23 15:30:16 INFO DAGScheduler: Got job 0 (collect at /home/bhakti/airflow/spark_jobs/spark_test.py:8) with 1 output partitions
[2020-07-23 15:30:16,452] {logging_mixin.py:112} INFO - [2020-07-23 15:30:16,452] {spark_submit_hook.py:479} INFO - 20/07/23 15:30:16 INFO DAGScheduler: Final stage: ResultStage 0 (collect at /home/bhakti/airflow/spark_jobs/spark_test.py:8)
[2020-07-23 15:30:16,453] {logging_mixin.py:112} INFO - [2020-07-23 15:30:16,453] {spark_submit_hook.py:479} INFO - 20/07/23 15:30:16 INFO DAGScheduler: Parents of final stage: List()
[2020-07-23 15:30:16,456] {logging_mixin.py:112} INFO - [2020-07-23 15:30:16,456] {spark_submit_hook.py:479} INFO - 20/07/23 15:30:16 INFO DAGScheduler: Missing parents: List()
[2020-07-23 15:30:16,476] {logging_mixin.py:112} INFO - [2020-07-23 15:30:16,476] {spark_submit_hook.py:479} INFO - 20/07/23 15:30:16 INFO DAGScheduler: Submitting ResultStage 0 (PythonRDD[2] at collect at /home/bhakti/airflow/spark_jobs/spark_test.py:8), which has no missing parents
[2020-07-23 15:30:16,515] {logging_mixin.py:112} INFO - [2020-07-23 15:30:16,515] {spark_submit_hook.py:479} INFO - 20/07/23 15:30:16 INFO MemoryStore: Block broadcast_1 stored as values in memory (estimated size 7.4 KiB, free 366.0 MiB)
[2020-07-23 15:30:16,521] {logging_mixin.py:112} INFO - [2020-07-23 15:30:16,521] {spark_submit_hook.py:479} INFO - 20/07/23 15:30:16 INFO MemoryStore: Block broadcast_1_piece0 stored as bytes in memory (estimated size 4.4 KiB, free 366.0 MiB)
[2020-07-23 15:30:16,523] {logging_mixin.py:112} INFO - [2020-07-23 15:30:16,523] {spark_submit_hook.py:479} INFO - 20/07/23 15:30:16 INFO BlockManagerInfo: Added broadcast_1_piece0 in memory on 192.168.43.94:41141 (size: 4.4 KiB, free: 366.3 MiB)
[2020-07-23 15:30:16,525] {logging_mixin.py:112} INFO - [2020-07-23 15:30:16,525] {spark_submit_hook.py:479} INFO - 20/07/23 15:30:16 INFO SparkContext: Created broadcast 1 from broadcast at DAGScheduler.scala:1200
[2020-07-23 15:30:16,550] {logging_mixin.py:112} INFO - [2020-07-23 15:30:16,550] {spark_submit_hook.py:479} INFO - 20/07/23 15:30:16 INFO DAGScheduler: Submitting 1 missing tasks from ResultStage 0 (PythonRDD[2] at collect at /home/bhakti/airflow/spark_jobs/spark_test.py:8) (first 15 tasks are for partitions Vector(0))
[2020-07-23 15:30:16,553] {logging_mixin.py:112} INFO - [2020-07-23 15:30:16,553] {spark_submit_hook.py:479} INFO - 20/07/23 15:30:16 INFO TaskSchedulerImpl: Adding task set 0.0 with 1 tasks
[2020-07-23 15:30:16,683] {logging_mixin.py:112} INFO - [2020-07-23 15:30:16,682] {spark_submit_hook.py:479} INFO - 20/07/23 15:30:16 INFO TaskSetManager: Starting task 0.0 in stage 0.0 (TID 0, 192.168.43.94, executor driver, partition 0, PROCESS_LOCAL, 7388 bytes)
[2020-07-23 15:30:16,715] {logging_mixin.py:112} INFO - [2020-07-23 15:30:16,714] {spark_submit_hook.py:479} INFO - 20/07/23 15:30:16 INFO Executor: Running task 0.0 in stage 0.0 (TID 0)
[2020-07-23 15:30:17,344] {logging_mixin.py:112} INFO - [2020-07-23 15:30:17,344] {spark_submit_hook.py:479} INFO - 20/07/23 15:30:17 INFO HadoopRDD: Input split: file:/home/bhakti/airflow/input_data/sample.csv:0+93
[2020-07-23 15:30:18,258] {logging_mixin.py:112} INFO - [2020-07-23 15:30:18,258] {spark_submit_hook.py:479} INFO - 20/07/23 15:30:18 INFO PythonRunner: Times: total = 881, boot = 850, init = 30, finish = 1
[2020-07-23 15:30:18,318] {logging_mixin.py:112} INFO - [2020-07-23 15:30:18,317] {spark_submit_hook.py:479} INFO - 20/07/23 15:30:18 INFO Executor: Finished task 0.0 in stage 0.0 (TID 0). 1779 bytes result sent to driver
[2020-07-23 15:30:18,341] {logging_mixin.py:112} INFO - [2020-07-23 15:30:18,341] {spark_submit_hook.py:479} INFO - 20/07/23 15:30:18 INFO TaskSetManager: Finished task 0.0 in stage 0.0 (TID 0) in 1687 ms on 192.168.43.94 (executor driver) (1/1)
[2020-07-23 15:30:18,352] {logging_mixin.py:112} INFO - [2020-07-23 15:30:18,352] {spark_submit_hook.py:479} INFO - 20/07/23 15:30:18 INFO TaskSchedulerImpl: Removed TaskSet 0.0, whose tasks have all completed, from pool
[2020-07-23 15:30:18,354] {logging_mixin.py:112} INFO - [2020-07-23 15:30:18,354] {spark_submit_hook.py:479} INFO - 20/07/23 15:30:18 INFO PythonAccumulatorV2: Connected to AccumulatorServer at host: 127.0.0.1 port: 42145
[2020-07-23 15:30:18,363] {logging_mixin.py:112} INFO - [2020-07-23 15:30:18,362] {spark_submit_hook.py:479} INFO - 20/07/23 15:30:18 INFO DAGScheduler: ResultStage 0 (collect at /home/bhakti/airflow/spark_jobs/spark_test.py:8) finished in 1.856 s
[2020-07-23 15:30:18,389] {logging_mixin.py:112} INFO - [2020-07-23 15:30:18,389] {spark_submit_hook.py:479} INFO - 20/07/23 15:30:18 INFO DAGScheduler: Job 0 is finished. Cancelling potential speculative or zombie tasks for this job
[2020-07-23 15:30:18,398] {logging_mixin.py:112} INFO - [2020-07-23 15:30:18,398] {spark_submit_hook.py:479} INFO - 20/07/23 15:30:18 INFO TaskSchedulerImpl: Killing all running tasks in stage 0: Stage finished
[2020-07-23 15:30:18,408] {logging_mixin.py:112} INFO - [2020-07-23 15:30:18,407] {spark_submit_hook.py:479} INFO - 20/07/23 15:30:18 INFO DAGScheduler: Job 0 finished: collect at /home/bhakti/airflow/spark_jobs/spark_test.py:8, took 1.984506 s
[2020-07-23 15:30:18,426] {logging_mixin.py:112} INFO - [2020-07-23 15:30:18,426] {spark_submit_hook.py:479} INFO - [('PERSON', 'JOINING_YEAR', 'COMPANY'), ('John', '2018', 'Google'), ('Sam', '2017', 'IBM'), ('Jeff', '2014', 'Yahoo'), ('Allen', '2015', 'Facebook')]
[2020-07-23 15:30:18,982] {logging_mixin.py:112} INFO - [2020-07-23 15:30:18,982] {spark_submit_hook.py:479} INFO - 20/07/23 15:30:18 INFO BlockManagerInfo: Removed broadcast_1_piece0 on 192.168.43.94:41141 in memory (size: 4.4 KiB, free: 366.3 MiB)
[2020-07-23 15:30:19,046] {logging_mixin.py:112} INFO - [2020-07-23 15:30:19,046] {spark_submit_hook.py:479} INFO - 20/07/23 15:30:19 INFO BlockManagerInfo: Removed broadcast_0_piece0 on 192.168.43.94:41141 in memory (size: 23.4 KiB, free: 366.3 MiB)
[2020-07-23 15:30:19,295] {logging_mixin.py:112} INFO - [2020-07-23 15:30:19,295] {spark_submit_hook.py:479} INFO - 20/07/23 15:30:19 INFO SharedState: Setting hive.metastore.warehouse.dir ('null') to the value of spark.sql.warehouse.dir ('file:/home/bhakti/airflow/spark-warehouse').
[2020-07-23 15:30:19,296] {logging_mixin.py:112} INFO - [2020-07-23 15:30:19,296] {spark_submit_hook.py:479} INFO - 20/07/23 15:30:19 INFO SharedState: Warehouse path is 'file:/home/bhakti/airflow/spark-warehouse'.
[2020-07-23 15:30:24,002] {logging_mixin.py:112} INFO - [2020-07-23 15:30:24,001] {spark_submit_hook.py:479} INFO - 20/07/23 15:30:23 INFO CodeGenerator: Code generated in 494.688116 ms
[2020-07-23 15:30:24,134] {logging_mixin.py:112} INFO - [2020-07-23 15:30:24,134] {spark_submit_hook.py:479} INFO - 20/07/23 15:30:24 INFO SparkContext: Starting job: showString at NativeMethodAccessorImpl.java:0
[2020-07-23 15:30:24,138] {logging_mixin.py:112} INFO - [2020-07-23 15:30:24,137] {spark_submit_hook.py:479} INFO - 20/07/23 15:30:24 INFO DAGScheduler: Got job 1 (showString at NativeMethodAccessorImpl.java:0) with 1 output partitions
[2020-07-23 15:30:24,138] {logging_mixin.py:112} INFO - [2020-07-23 15:30:24,138] {spark_submit_hook.py:479} INFO - 20/07/23 15:30:24 INFO DAGScheduler: Final stage: ResultStage 1 (showString at NativeMethodAccessorImpl.java:0)
[2020-07-23 15:30:24,138] {logging_mixin.py:112} INFO - [2020-07-23 15:30:24,138] {spark_submit_hook.py:479} INFO - 20/07/23 15:30:24 INFO DAGScheduler: Parents of final stage: List()
[2020-07-23 15:30:24,139] {logging_mixin.py:112} INFO - [2020-07-23 15:30:24,139] {spark_submit_hook.py:479} INFO - 20/07/23 15:30:24 INFO DAGScheduler: Missing parents: List()
[2020-07-23 15:30:24,147] {logging_mixin.py:112} INFO - [2020-07-23 15:30:24,147] {spark_submit_hook.py:479} INFO - 20/07/23 15:30:24 INFO DAGScheduler: Submitting ResultStage 1 (MapPartitionsRDD[9] at showString at NativeMethodAccessorImpl.java:0), which has no missing parents
[2020-07-23 15:30:24,207] {logging_mixin.py:112} INFO - [2020-07-23 15:30:24,206] {spark_submit_hook.py:479} INFO - 20/07/23 15:30:24 INFO MemoryStore: Block broadcast_2 stored as values in memory (estimated size 11.2 KiB, free 366.3 MiB)
[2020-07-23 15:30:24,214] {logging_mixin.py:112} INFO - [2020-07-23 15:30:24,214] {spark_submit_hook.py:479} INFO - 20/07/23 15:30:24 INFO MemoryStore: Block broadcast_2_piece0 stored as bytes in memory (estimated size 5.8 KiB, free 366.3 MiB)
[2020-07-23 15:30:24,217] {logging_mixin.py:112} INFO - [2020-07-23 15:30:24,217] {spark_submit_hook.py:479} INFO - 20/07/23 15:30:24 INFO BlockManagerInfo: Added broadcast_2_piece0 in memory on 192.168.43.94:41141 (size: 5.8 KiB, free: 366.3 MiB)
[2020-07-23 15:30:24,218] {logging_mixin.py:112} INFO - [2020-07-23 15:30:24,218] {spark_submit_hook.py:479} INFO - 20/07/23 15:30:24 INFO SparkContext: Created broadcast 2 from broadcast at DAGScheduler.scala:1200
[2020-07-23 15:30:24,221] {logging_mixin.py:112} INFO - [2020-07-23 15:30:24,221] {spark_submit_hook.py:479} INFO - 20/07/23 15:30:24 INFO DAGScheduler: Submitting 1 missing tasks from ResultStage 1 (MapPartitionsRDD[9] at showString at NativeMethodAccessorImpl.java:0) (first 15 tasks are for partitions Vector(0))
[2020-07-23 15:30:24,222] {logging_mixin.py:112} INFO - [2020-07-23 15:30:24,222] {spark_submit_hook.py:479} INFO - 20/07/23 15:30:24 INFO TaskSchedulerImpl: Adding task set 1.0 with 1 tasks
[2020-07-23 15:30:24,252] {logging_mixin.py:112} INFO - [2020-07-23 15:30:24,251] {spark_submit_hook.py:479} INFO - 20/07/23 15:30:24 INFO TaskSetManager: Starting task 0.0 in stage 1.0 (TID 1, 192.168.43.94, executor driver, partition 0, PROCESS_LOCAL, 7493 bytes)
[2020-07-23 15:30:24,256] {logging_mixin.py:112} INFO - [2020-07-23 15:30:24,255] {spark_submit_hook.py:479} INFO - 20/07/23 15:30:24 INFO Executor: Running task 0.0 in stage 1.0 (TID 1)
[2020-07-23 15:30:24,486] {logging_mixin.py:112} INFO - [2020-07-23 15:30:24,485] {spark_submit_hook.py:479} INFO - 20/07/23 15:30:24 INFO PythonRunner: Times: total = 2, boot = -6132, init = 6134, finish = 0
[2020-07-23 15:30:24,494] {logging_mixin.py:112} INFO - [2020-07-23 15:30:24,494] {spark_submit_hook.py:479} INFO - 20/07/23 15:30:24 INFO Executor: Finished task 0.0 in stage 1.0 (TID 1). 2235 bytes result sent to driver
[2020-07-23 15:30:24,513] {logging_mixin.py:112} INFO - [2020-07-23 15:30:24,512] {spark_submit_hook.py:479} INFO - 20/07/23 15:30:24 INFO TaskSetManager: Finished task 0.0 in stage 1.0 (TID 1) in 288 ms on 192.168.43.94 (executor driver) (1/1)
[2020-07-23 15:30:24,513] {logging_mixin.py:112} INFO - [2020-07-23 15:30:24,513] {spark_submit_hook.py:479} INFO - 20/07/23 15:30:24 INFO TaskSchedulerImpl: Removed TaskSet 1.0, whose tasks have all completed, from pool
[2020-07-23 15:30:24,520] {logging_mixin.py:112} INFO - [2020-07-23 15:30:24,519] {spark_submit_hook.py:479} INFO - 20/07/23 15:30:24 INFO DAGScheduler: ResultStage 1 (showString at NativeMethodAccessorImpl.java:0) finished in 0.367 s
[2020-07-23 15:30:24,520] {logging_mixin.py:112} INFO - [2020-07-23 15:30:24,520] {spark_submit_hook.py:479} INFO - 20/07/23 15:30:24 INFO DAGScheduler: Job 1 is finished. Cancelling potential speculative or zombie tasks for this job
[2020-07-23 15:30:24,521] {logging_mixin.py:112} INFO - [2020-07-23 15:30:24,521] {spark_submit_hook.py:479} INFO - 20/07/23 15:30:24 INFO TaskSchedulerImpl: Killing all running tasks in stage 1: Stage finished
[2020-07-23 15:30:24,521] {logging_mixin.py:112} INFO - [2020-07-23 15:30:24,521] {spark_submit_hook.py:479} INFO - 20/07/23 15:30:24 INFO DAGScheduler: Job 1 finished: showString at NativeMethodAccessorImpl.java:0, took 0.384887 s
[2020-07-23 15:30:24,628] {logging_mixin.py:112} INFO - [2020-07-23 15:30:24,627] {spark_submit_hook.py:479} INFO - 20/07/23 15:30:24 INFO CodeGenerator: Code generated in 45.856823 ms
[2020-07-23 15:30:24,660] {logging_mixin.py:112} INFO - [2020-07-23 15:30:24,660] {spark_submit_hook.py:479} INFO - +------+------------+--------+
[2020-07-23 15:30:24,661] {logging_mixin.py:112} INFO - [2020-07-23 15:30:24,661] {spark_submit_hook.py:479} INFO - |    _1|          _2|      _3|
[2020-07-23 15:30:24,661] {logging_mixin.py:112} INFO - [2020-07-23 15:30:24,661] {spark_submit_hook.py:479} INFO - +------+------------+--------+
[2020-07-23 15:30:24,661] {logging_mixin.py:112} INFO - [2020-07-23 15:30:24,661] {spark_submit_hook.py:479} INFO - |PERSON|JOINING_YEAR| COMPANY|
[2020-07-23 15:30:24,661] {logging_mixin.py:112} INFO - [2020-07-23 15:30:24,661] {spark_submit_hook.py:479} INFO - |  John|        2018|  Google|
[2020-07-23 15:30:24,662] {logging_mixin.py:112} INFO - [2020-07-23 15:30:24,661] {spark_submit_hook.py:479} INFO - |   Sam|        2017|     IBM|
[2020-07-23 15:30:24,662] {logging_mixin.py:112} INFO - [2020-07-23 15:30:24,662] {spark_submit_hook.py:479} INFO - |  Jeff|        2014|   Yahoo|
[2020-07-23 15:30:24,662] {logging_mixin.py:112} INFO - [2020-07-23 15:30:24,662] {spark_submit_hook.py:479} INFO - | Allen|        2015|Facebook|
[2020-07-23 15:30:24,662] {logging_mixin.py:112} INFO - [2020-07-23 15:30:24,662] {spark_submit_hook.py:479} INFO - +------+------------+--------+
[2020-07-23 15:30:24,662] {logging_mixin.py:112} INFO - [2020-07-23 15:30:24,662] {spark_submit_hook.py:479} INFO - 
[2020-07-23 15:30:24,789] {logging_mixin.py:112} INFO - [2020-07-23 15:30:24,789] {spark_submit_hook.py:479} INFO - 20/07/23 15:30:24 INFO SparkContext: Invoking stop() from shutdown hook
[2020-07-23 15:30:24,805] {logging_mixin.py:112} INFO - [2020-07-23 15:30:24,805] {spark_submit_hook.py:479} INFO - 20/07/23 15:30:24 INFO SparkUI: Stopped Spark web UI at http://192.168.43.94:4043
[2020-07-23 15:30:24,833] {logging_mixin.py:112} INFO - [2020-07-23 15:30:24,833] {spark_submit_hook.py:479} INFO - 20/07/23 15:30:24 INFO MapOutputTrackerMasterEndpoint: MapOutputTrackerMasterEndpoint stopped!
[2020-07-23 15:30:24,865] {logging_mixin.py:112} INFO - [2020-07-23 15:30:24,864] {spark_submit_hook.py:479} INFO - 20/07/23 15:30:24 INFO MemoryStore: MemoryStore cleared
[2020-07-23 15:30:24,871] {logging_mixin.py:112} INFO - [2020-07-23 15:30:24,871] {spark_submit_hook.py:479} INFO - 20/07/23 15:30:24 INFO BlockManager: BlockManager stopped
[2020-07-23 15:30:24,875] {logging_mixin.py:112} INFO - [2020-07-23 15:30:24,875] {spark_submit_hook.py:479} INFO - 20/07/23 15:30:24 INFO BlockManagerMaster: BlockManagerMaster stopped
[2020-07-23 15:30:24,885] {logging_mixin.py:112} INFO - [2020-07-23 15:30:24,885] {spark_submit_hook.py:479} INFO - 20/07/23 15:30:24 INFO OutputCommitCoordinator$OutputCommitCoordinatorEndpoint: OutputCommitCoordinator stopped!
[2020-07-23 15:30:24,916] {logging_mixin.py:112} INFO - [2020-07-23 15:30:24,915] {spark_submit_hook.py:479} INFO - 20/07/23 15:30:24 INFO SparkContext: Successfully stopped SparkContext
[2020-07-23 15:30:24,923] {logging_mixin.py:112} INFO - [2020-07-23 15:30:24,923] {spark_submit_hook.py:479} INFO - 20/07/23 15:30:24 INFO ShutdownHookManager: Shutdown hook called
[2020-07-23 15:30:24,924] {logging_mixin.py:112} INFO - [2020-07-23 15:30:24,924] {spark_submit_hook.py:479} INFO - 20/07/23 15:30:24 INFO ShutdownHookManager: Deleting directory /tmp/spark-ff5b0b7c-480e-44fe-9983-061e66bc3d4f
[2020-07-23 15:30:24,936] {logging_mixin.py:112} INFO - [2020-07-23 15:30:24,935] {spark_submit_hook.py:479} INFO - 20/07/23 15:30:24 INFO ShutdownHookManager: Deleting directory /tmp/spark-5f785835-7c63-4eee-a749-ae2927991add/pyspark-6df6ea89-ac8a-4aae-91bb-fdfc79482483
[2020-07-23 15:30:24,940] {logging_mixin.py:112} INFO - [2020-07-23 15:30:24,940] {spark_submit_hook.py:479} INFO - 20/07/23 15:30:24 INFO ShutdownHookManager: Deleting directory /tmp/spark-5f785835-7c63-4eee-a749-ae2927991add
[2020-07-23 15:30:25,033] {taskinstance.py:1052} INFO - Marking task as SUCCESS.dag_id=submit_data, task_id=spark_submit, execution_date=20200721T010400, start_date=20200723T100007, end_date=20200723T100025
[2020-07-23 15:30:28,398] {logging_mixin.py:112} INFO - [2020-07-23 15:30:28,397] {local_task_job.py:103} INFO - Task exited with return code 0
