[2020-07-22 15:27:33,941] {taskinstance.py:669} INFO - Dependencies all met for <TaskInstance: submit_data.spark_submit 2020-07-20T04:50:00+00:00 [queued]>
[2020-07-22 15:27:33,963] {taskinstance.py:669} INFO - Dependencies all met for <TaskInstance: submit_data.spark_submit 2020-07-20T04:50:00+00:00 [queued]>
[2020-07-22 15:27:33,964] {taskinstance.py:879} INFO - 
--------------------------------------------------------------------------------
[2020-07-22 15:27:33,964] {taskinstance.py:880} INFO - Starting attempt 1 of 1
[2020-07-22 15:27:33,964] {taskinstance.py:881} INFO - 
--------------------------------------------------------------------------------
[2020-07-22 15:27:34,142] {taskinstance.py:900} INFO - Executing <Task(SparkSubmitOperator): spark_submit> on 2020-07-20T04:50:00+00:00
[2020-07-22 15:27:34,147] {standard_task_runner.py:53} INFO - Started process 503111 to run task
[2020-07-22 15:27:34,478] {logging_mixin.py:112} INFO - Running %s on host %s <TaskInstance: submit_data.spark_submit 2020-07-20T04:50:00+00:00 [running]> bhakti-Vostro-3558
[2020-07-22 15:27:34,559] {logging_mixin.py:112} INFO - [2020-07-22 15:27:34,559] {base_hook.py:87} INFO - Using connection to: id: spark_local. Host: local, Port: None, Schema: None, Login: None, Password: None, extra: None
[2020-07-22 15:27:34,561] {logging_mixin.py:112} INFO - [2020-07-22 15:27:34,561] {spark_submit_hook.py:325} INFO - Spark-Submit cmd: spark-submit --master local --name airflow-spark /home/bhakti/airflow/spark_jobs/python/spark_test.py
[2020-07-22 15:27:37,607] {logging_mixin.py:112} INFO - [2020-07-22 15:27:37,607] {spark_submit_hook.py:479} INFO - 20/07/22 15:27:37 WARN Utils: Your hostname, bhakti-Vostro-3558 resolves to a loopback address: 127.0.1.1; using 192.168.43.94 instead (on interface wlp6s0)
[2020-07-22 15:27:37,609] {logging_mixin.py:112} INFO - [2020-07-22 15:27:37,609] {spark_submit_hook.py:479} INFO - 20/07/22 15:27:37 WARN Utils: Set SPARK_LOCAL_IP if you need to bind to another address
[2020-07-22 15:27:39,582] {logging_mixin.py:112} INFO - [2020-07-22 15:27:39,582] {spark_submit_hook.py:479} INFO - 20/07/22 15:27:39 WARN NativeCodeLoader: Unable to load native-hadoop library for your platform... using builtin-java classes where applicable
[2020-07-22 15:27:41,475] {logging_mixin.py:112} INFO - [2020-07-22 15:27:41,475] {spark_submit_hook.py:479} INFO - Using Spark's default log4j profile: org/apache/spark/log4j-defaults.properties
[2020-07-22 15:27:41,503] {logging_mixin.py:112} INFO - [2020-07-22 15:27:41,503] {spark_submit_hook.py:479} INFO - 20/07/22 15:27:41 INFO SparkContext: Running Spark version 3.0.0
[2020-07-22 15:27:41,607] {logging_mixin.py:112} INFO - [2020-07-22 15:27:41,606] {spark_submit_hook.py:479} INFO - 20/07/22 15:27:41 INFO ResourceUtils: ==============================================================
[2020-07-22 15:27:41,607] {logging_mixin.py:112} INFO - [2020-07-22 15:27:41,607] {spark_submit_hook.py:479} INFO - 20/07/22 15:27:41 INFO ResourceUtils: Resources for spark.driver:
[2020-07-22 15:27:41,608] {logging_mixin.py:112} INFO - [2020-07-22 15:27:41,608] {spark_submit_hook.py:479} INFO - 
[2020-07-22 15:27:41,608] {logging_mixin.py:112} INFO - [2020-07-22 15:27:41,608] {spark_submit_hook.py:479} INFO - 20/07/22 15:27:41 INFO ResourceUtils: ==============================================================
[2020-07-22 15:27:41,615] {logging_mixin.py:112} INFO - [2020-07-22 15:27:41,615] {spark_submit_hook.py:479} INFO - 20/07/22 15:27:41 INFO SparkContext: Submitted application: Spark_Test_Python
[2020-07-22 15:27:41,747] {logging_mixin.py:112} INFO - [2020-07-22 15:27:41,747] {spark_submit_hook.py:479} INFO - 20/07/22 15:27:41 INFO SecurityManager: Changing view acls to: bhakti
[2020-07-22 15:27:41,748] {logging_mixin.py:112} INFO - [2020-07-22 15:27:41,747] {spark_submit_hook.py:479} INFO - 20/07/22 15:27:41 INFO SecurityManager: Changing modify acls to: bhakti
[2020-07-22 15:27:41,748] {logging_mixin.py:112} INFO - [2020-07-22 15:27:41,748] {spark_submit_hook.py:479} INFO - 20/07/22 15:27:41 INFO SecurityManager: Changing view acls groups to:
[2020-07-22 15:27:41,748] {logging_mixin.py:112} INFO - [2020-07-22 15:27:41,748] {spark_submit_hook.py:479} INFO - 20/07/22 15:27:41 INFO SecurityManager: Changing modify acls groups to:
[2020-07-22 15:27:41,749] {logging_mixin.py:112} INFO - [2020-07-22 15:27:41,749] {spark_submit_hook.py:479} INFO - 20/07/22 15:27:41 INFO SecurityManager: SecurityManager: authentication disabled; ui acls disabled; users  with view permissions: Set(bhakti); groups with view permissions: Set(); users  with modify permissions: Set(bhakti); groups with modify permissions: Set()
[2020-07-22 15:27:42,541] {logging_mixin.py:112} INFO - [2020-07-22 15:27:42,541] {spark_submit_hook.py:479} INFO - 20/07/22 15:27:42 INFO Utils: Successfully started service 'sparkDriver' on port 38649.
[2020-07-22 15:27:42,603] {logging_mixin.py:112} INFO - [2020-07-22 15:27:42,603] {spark_submit_hook.py:479} INFO - 20/07/22 15:27:42 INFO SparkEnv: Registering MapOutputTracker
[2020-07-22 15:27:42,692] {logging_mixin.py:112} INFO - [2020-07-22 15:27:42,692] {spark_submit_hook.py:479} INFO - 20/07/22 15:27:42 INFO SparkEnv: Registering BlockManagerMaster
[2020-07-22 15:27:42,740] {logging_mixin.py:112} INFO - [2020-07-22 15:27:42,740] {spark_submit_hook.py:479} INFO - 20/07/22 15:27:42 INFO BlockManagerMasterEndpoint: Using org.apache.spark.storage.DefaultTopologyMapper for getting topology information
[2020-07-22 15:27:42,741] {logging_mixin.py:112} INFO - [2020-07-22 15:27:42,741] {spark_submit_hook.py:479} INFO - 20/07/22 15:27:42 INFO BlockManagerMasterEndpoint: BlockManagerMasterEndpoint up
[2020-07-22 15:27:42,761] {logging_mixin.py:112} INFO - [2020-07-22 15:27:42,761] {spark_submit_hook.py:479} INFO - 20/07/22 15:27:42 INFO SparkEnv: Registering BlockManagerMasterHeartbeat
[2020-07-22 15:27:42,799] {logging_mixin.py:112} INFO - [2020-07-22 15:27:42,799] {spark_submit_hook.py:479} INFO - 20/07/22 15:27:42 INFO DiskBlockManager: Created local directory at /tmp/blockmgr-2cab7a9b-1f38-4ace-8949-67c4fc2733c2
[2020-07-22 15:27:42,855] {logging_mixin.py:112} INFO - [2020-07-22 15:27:42,854] {spark_submit_hook.py:479} INFO - 20/07/22 15:27:42 INFO MemoryStore: MemoryStore started with capacity 366.3 MiB
[2020-07-22 15:27:42,912] {logging_mixin.py:112} INFO - [2020-07-22 15:27:42,911] {spark_submit_hook.py:479} INFO - 20/07/22 15:27:42 INFO SparkEnv: Registering OutputCommitCoordinator
[2020-07-22 15:27:43,718] {logging_mixin.py:112} INFO - [2020-07-22 15:27:43,718] {spark_submit_hook.py:479} INFO - 20/07/22 15:27:43 WARN Utils: Service 'SparkUI' could not bind on port 4040. Attempting port 4041.
[2020-07-22 15:27:43,719] {logging_mixin.py:112} INFO - [2020-07-22 15:27:43,719] {spark_submit_hook.py:479} INFO - 20/07/22 15:27:43 WARN Utils: Service 'SparkUI' could not bind on port 4041. Attempting port 4042.
[2020-07-22 15:27:43,721] {logging_mixin.py:112} INFO - [2020-07-22 15:27:43,720] {spark_submit_hook.py:479} INFO - 20/07/22 15:27:43 WARN Utils: Service 'SparkUI' could not bind on port 4042. Attempting port 4043.
[2020-07-22 15:27:43,721] {logging_mixin.py:112} INFO - [2020-07-22 15:27:43,721] {spark_submit_hook.py:479} INFO - 20/07/22 15:27:43 WARN Utils: Service 'SparkUI' could not bind on port 4043. Attempting port 4044.
[2020-07-22 15:27:43,723] {logging_mixin.py:112} INFO - [2020-07-22 15:27:43,723] {spark_submit_hook.py:479} INFO - 20/07/22 15:27:43 WARN Utils: Service 'SparkUI' could not bind on port 4044. Attempting port 4045.
[2020-07-22 15:27:43,725] {logging_mixin.py:112} INFO - [2020-07-22 15:27:43,725] {spark_submit_hook.py:479} INFO - 20/07/22 15:27:43 WARN Utils: Service 'SparkUI' could not bind on port 4045. Attempting port 4046.
[2020-07-22 15:27:43,752] {logging_mixin.py:112} INFO - [2020-07-22 15:27:43,752] {spark_submit_hook.py:479} INFO - 20/07/22 15:27:43 INFO Utils: Successfully started service 'SparkUI' on port 4046.
[2020-07-22 15:27:43,912] {logging_mixin.py:112} INFO - [2020-07-22 15:27:43,911] {spark_submit_hook.py:479} INFO - 20/07/22 15:27:43 INFO SparkUI: Bound SparkUI to 0.0.0.0, and started at http://192.168.43.94:4046
[2020-07-22 15:27:44,541] {logging_mixin.py:112} INFO - [2020-07-22 15:27:44,541] {spark_submit_hook.py:479} INFO - 20/07/22 15:27:44 INFO Executor: Starting executor ID driver on host 192.168.43.94
[2020-07-22 15:27:44,593] {logging_mixin.py:112} INFO - [2020-07-22 15:27:44,593] {spark_submit_hook.py:479} INFO - 20/07/22 15:27:44 INFO Utils: Successfully started service 'org.apache.spark.network.netty.NettyBlockTransferService' on port 34977.
[2020-07-22 15:27:44,595] {logging_mixin.py:112} INFO - [2020-07-22 15:27:44,595] {spark_submit_hook.py:479} INFO - 20/07/22 15:27:44 INFO NettyBlockTransferService: Server created on 192.168.43.94:34977
[2020-07-22 15:27:44,598] {logging_mixin.py:112} INFO - [2020-07-22 15:27:44,598] {spark_submit_hook.py:479} INFO - 20/07/22 15:27:44 INFO BlockManager: Using org.apache.spark.storage.RandomBlockReplicationPolicy for block replication policy
[2020-07-22 15:27:44,616] {logging_mixin.py:112} INFO - [2020-07-22 15:27:44,616] {spark_submit_hook.py:479} INFO - 20/07/22 15:27:44 INFO BlockManagerMaster: Registering BlockManager BlockManagerId(driver, 192.168.43.94, 34977, None)
[2020-07-22 15:27:44,630] {logging_mixin.py:112} INFO - [2020-07-22 15:27:44,630] {spark_submit_hook.py:479} INFO - 20/07/22 15:27:44 INFO BlockManagerMasterEndpoint: Registering block manager 192.168.43.94:34977 with 366.3 MiB RAM, BlockManagerId(driver, 192.168.43.94, 34977, None)
[2020-07-22 15:27:44,647] {logging_mixin.py:112} INFO - [2020-07-22 15:27:44,646] {spark_submit_hook.py:479} INFO - 20/07/22 15:27:44 INFO BlockManagerMaster: Registered BlockManager BlockManagerId(driver, 192.168.43.94, 34977, None)
[2020-07-22 15:27:44,647] {logging_mixin.py:112} INFO - [2020-07-22 15:27:44,647] {spark_submit_hook.py:479} INFO - 20/07/22 15:27:44 INFO BlockManager: Initialized BlockManager: BlockManagerId(driver, 192.168.43.94, 34977, None)
[2020-07-22 15:27:46,738] {logging_mixin.py:112} INFO - [2020-07-22 15:27:46,738] {spark_submit_hook.py:479} INFO - 20/07/22 15:27:46 INFO MemoryStore: Block broadcast_0 stored as values in memory (estimated size 241.5 KiB, free 366.1 MiB)
[2020-07-22 15:27:46,873] {logging_mixin.py:112} INFO - [2020-07-22 15:27:46,872] {spark_submit_hook.py:479} INFO - 20/07/22 15:27:46 INFO MemoryStore: Block broadcast_0_piece0 stored as bytes in memory (estimated size 23.4 KiB, free 366.0 MiB)
[2020-07-22 15:27:46,878] {logging_mixin.py:112} INFO - [2020-07-22 15:27:46,877] {spark_submit_hook.py:479} INFO - 20/07/22 15:27:46 INFO BlockManagerInfo: Added broadcast_0_piece0 in memory on 192.168.43.94:34977 (size: 23.4 KiB, free: 366.3 MiB)
[2020-07-22 15:27:46,896] {logging_mixin.py:112} INFO - [2020-07-22 15:27:46,896] {spark_submit_hook.py:479} INFO - 20/07/22 15:27:46 INFO SparkContext: Created broadcast 0 from textFile at NativeMethodAccessorImpl.java:0
[2020-07-22 15:27:47,229] {logging_mixin.py:112} INFO - [2020-07-22 15:27:47,229] {spark_submit_hook.py:479} INFO - 20/07/22 15:27:47 INFO FileInputFormat: Total input paths to process : 1
[2020-07-22 15:27:47,462] {logging_mixin.py:112} INFO - [2020-07-22 15:27:47,462] {spark_submit_hook.py:479} INFO - 20/07/22 15:27:47 INFO SparkContext: Starting job: collect at /home/bhakti/airflow/spark_jobs/python/spark_test.py:5
[2020-07-22 15:27:47,502] {logging_mixin.py:112} INFO - [2020-07-22 15:27:47,502] {spark_submit_hook.py:479} INFO - 20/07/22 15:27:47 INFO DAGScheduler: Got job 0 (collect at /home/bhakti/airflow/spark_jobs/python/spark_test.py:5) with 1 output partitions
[2020-07-22 15:27:47,504] {logging_mixin.py:112} INFO - [2020-07-22 15:27:47,503] {spark_submit_hook.py:479} INFO - 20/07/22 15:27:47 INFO DAGScheduler: Final stage: ResultStage 0 (collect at /home/bhakti/airflow/spark_jobs/python/spark_test.py:5)
[2020-07-22 15:27:47,504] {logging_mixin.py:112} INFO - [2020-07-22 15:27:47,504] {spark_submit_hook.py:479} INFO - 20/07/22 15:27:47 INFO DAGScheduler: Parents of final stage: List()
[2020-07-22 15:27:47,516] {logging_mixin.py:112} INFO - [2020-07-22 15:27:47,516] {spark_submit_hook.py:479} INFO - 20/07/22 15:27:47 INFO DAGScheduler: Missing parents: List()
[2020-07-22 15:27:47,551] {logging_mixin.py:112} INFO - [2020-07-22 15:27:47,551] {spark_submit_hook.py:479} INFO - 20/07/22 15:27:47 INFO DAGScheduler: Submitting ResultStage 0 (PythonRDD[2] at collect at /home/bhakti/airflow/spark_jobs/python/spark_test.py:5), which has no missing parents
[2020-07-22 15:27:47,668] {logging_mixin.py:112} INFO - [2020-07-22 15:27:47,668] {spark_submit_hook.py:479} INFO - 20/07/22 15:27:47 INFO MemoryStore: Block broadcast_1 stored as values in memory (estimated size 7.4 KiB, free 366.0 MiB)
[2020-07-22 15:27:47,684] {logging_mixin.py:112} INFO - [2020-07-22 15:27:47,683] {spark_submit_hook.py:479} INFO - 20/07/22 15:27:47 INFO MemoryStore: Block broadcast_1_piece0 stored as bytes in memory (estimated size 4.4 KiB, free 366.0 MiB)
[2020-07-22 15:27:47,687] {logging_mixin.py:112} INFO - [2020-07-22 15:27:47,687] {spark_submit_hook.py:479} INFO - 20/07/22 15:27:47 INFO BlockManagerInfo: Added broadcast_1_piece0 in memory on 192.168.43.94:34977 (size: 4.4 KiB, free: 366.3 MiB)
[2020-07-22 15:27:47,688] {logging_mixin.py:112} INFO - [2020-07-22 15:27:47,688] {spark_submit_hook.py:479} INFO - 20/07/22 15:27:47 INFO SparkContext: Created broadcast 1 from broadcast at DAGScheduler.scala:1200
[2020-07-22 15:27:47,716] {logging_mixin.py:112} INFO - [2020-07-22 15:27:47,716] {spark_submit_hook.py:479} INFO - 20/07/22 15:27:47 INFO DAGScheduler: Submitting 1 missing tasks from ResultStage 0 (PythonRDD[2] at collect at /home/bhakti/airflow/spark_jobs/python/spark_test.py:5) (first 15 tasks are for partitions Vector(0))
[2020-07-22 15:27:47,718] {logging_mixin.py:112} INFO - [2020-07-22 15:27:47,718] {spark_submit_hook.py:479} INFO - 20/07/22 15:27:47 INFO TaskSchedulerImpl: Adding task set 0.0 with 1 tasks
[2020-07-22 15:27:47,874] {logging_mixin.py:112} INFO - [2020-07-22 15:27:47,874] {spark_submit_hook.py:479} INFO - 20/07/22 15:27:47 INFO TaskSetManager: Starting task 0.0 in stage 0.0 (TID 0, 192.168.43.94, executor driver, partition 0, PROCESS_LOCAL, 7388 bytes)
[2020-07-22 15:27:47,916] {logging_mixin.py:112} INFO - [2020-07-22 15:27:47,915] {spark_submit_hook.py:479} INFO - 20/07/22 15:27:47 INFO Executor: Running task 0.0 in stage 0.0 (TID 0)
[2020-07-22 15:27:48,626] {logging_mixin.py:112} INFO - [2020-07-22 15:27:48,626] {spark_submit_hook.py:479} INFO - 20/07/22 15:27:48 INFO HadoopRDD: Input split: file:/home/bhakti/airflow/input_data/sample.csv:0+93
[2020-07-22 15:27:49,545] {logging_mixin.py:112} INFO - [2020-07-22 15:27:49,545] {spark_submit_hook.py:479} INFO - 20/07/22 15:27:49 INFO PythonRunner: Times: total = 871, boot = 851, init = 20, finish = 0
[2020-07-22 15:27:49,598] {logging_mixin.py:112} INFO - [2020-07-22 15:27:49,598] {spark_submit_hook.py:479} INFO - 20/07/22 15:27:49 INFO Executor: Finished task 0.0 in stage 0.0 (TID 0). 1775 bytes result sent to driver
[2020-07-22 15:27:49,621] {logging_mixin.py:112} INFO - [2020-07-22 15:27:49,621] {spark_submit_hook.py:479} INFO - 20/07/22 15:27:49 INFO TaskSetManager: Finished task 0.0 in stage 0.0 (TID 0) in 1792 ms on 192.168.43.94 (executor driver) (1/1)
[2020-07-22 15:27:49,633] {logging_mixin.py:112} INFO - [2020-07-22 15:27:49,632] {spark_submit_hook.py:479} INFO - 20/07/22 15:27:49 INFO TaskSchedulerImpl: Removed TaskSet 0.0, whose tasks have all completed, from pool
[2020-07-22 15:27:49,639] {logging_mixin.py:112} INFO - [2020-07-22 15:27:49,639] {spark_submit_hook.py:479} INFO - 20/07/22 15:27:49 INFO PythonAccumulatorV2: Connected to AccumulatorServer at host: 127.0.0.1 port: 35243
[2020-07-22 15:27:49,656] {logging_mixin.py:112} INFO - [2020-07-22 15:27:49,656] {spark_submit_hook.py:479} INFO - 20/07/22 15:27:49 INFO DAGScheduler: ResultStage 0 (collect at /home/bhakti/airflow/spark_jobs/python/spark_test.py:5) finished in 2.007 s
[2020-07-22 15:27:49,680] {logging_mixin.py:112} INFO - [2020-07-22 15:27:49,680] {spark_submit_hook.py:479} INFO - 20/07/22 15:27:49 INFO DAGScheduler: Job 0 is finished. Cancelling potential speculative or zombie tasks for this job
[2020-07-22 15:27:49,682] {logging_mixin.py:112} INFO - [2020-07-22 15:27:49,682] {spark_submit_hook.py:479} INFO - 20/07/22 15:27:49 INFO TaskSchedulerImpl: Killing all running tasks in stage 0: Stage finished
[2020-07-22 15:27:49,692] {logging_mixin.py:112} INFO - [2020-07-22 15:27:49,692] {spark_submit_hook.py:479} INFO - 20/07/22 15:27:49 INFO DAGScheduler: Job 0 finished: collect at /home/bhakti/airflow/spark_jobs/python/spark_test.py:5, took 2.226931 s
[2020-07-22 15:27:49,717] {logging_mixin.py:112} INFO - [2020-07-22 15:27:49,717] {spark_submit_hook.py:479} INFO - [('PERSON', 'JOINING_YEAR'), ('John', '2018'), ('Sam', '2017'), ('Jeff', '2014'), ('Allen', '2015')]
[2020-07-22 15:27:49,774] {logging_mixin.py:112} INFO - [2020-07-22 15:27:49,773] {spark_submit_hook.py:479} INFO - 20/07/22 15:27:49 INFO SparkContext: Invoking stop() from shutdown hook
[2020-07-22 15:27:49,794] {logging_mixin.py:112} INFO - [2020-07-22 15:27:49,794] {spark_submit_hook.py:479} INFO - 20/07/22 15:27:49 INFO SparkUI: Stopped Spark web UI at http://192.168.43.94:4046
[2020-07-22 15:27:49,833] {logging_mixin.py:112} INFO - [2020-07-22 15:27:49,833] {spark_submit_hook.py:479} INFO - 20/07/22 15:27:49 INFO MapOutputTrackerMasterEndpoint: MapOutputTrackerMasterEndpoint stopped!
[2020-07-22 15:27:49,855] {logging_mixin.py:112} INFO - [2020-07-22 15:27:49,854] {spark_submit_hook.py:479} INFO - 20/07/22 15:27:49 INFO MemoryStore: MemoryStore cleared
[2020-07-22 15:27:49,855] {logging_mixin.py:112} INFO - [2020-07-22 15:27:49,855] {spark_submit_hook.py:479} INFO - 20/07/22 15:27:49 INFO BlockManager: BlockManager stopped
[2020-07-22 15:27:49,868] {logging_mixin.py:112} INFO - [2020-07-22 15:27:49,868] {spark_submit_hook.py:479} INFO - 20/07/22 15:27:49 INFO BlockManagerMaster: BlockManagerMaster stopped
[2020-07-22 15:27:49,875] {logging_mixin.py:112} INFO - [2020-07-22 15:27:49,875] {spark_submit_hook.py:479} INFO - 20/07/22 15:27:49 INFO OutputCommitCoordinator$OutputCommitCoordinatorEndpoint: OutputCommitCoordinator stopped!
[2020-07-22 15:27:49,881] {logging_mixin.py:112} INFO - [2020-07-22 15:27:49,881] {spark_submit_hook.py:479} INFO - 20/07/22 15:27:49 INFO SparkContext: Successfully stopped SparkContext
[2020-07-22 15:27:49,882] {logging_mixin.py:112} INFO - [2020-07-22 15:27:49,882] {spark_submit_hook.py:479} INFO - 20/07/22 15:27:49 INFO ShutdownHookManager: Shutdown hook called
[2020-07-22 15:27:49,884] {logging_mixin.py:112} INFO - [2020-07-22 15:27:49,884] {spark_submit_hook.py:479} INFO - 20/07/22 15:27:49 INFO ShutdownHookManager: Deleting directory /tmp/spark-f4a819eb-1348-4d09-85d8-54ca6f7cdea0/pyspark-c36fbff3-9358-41d3-a76a-658501c6ad46
[2020-07-22 15:27:49,889] {logging_mixin.py:112} INFO - [2020-07-22 15:27:49,888] {spark_submit_hook.py:479} INFO - 20/07/22 15:27:49 INFO ShutdownHookManager: Deleting directory /tmp/spark-cdc0c7f7-f08e-46d4-9e19-95702283bf23
[2020-07-22 15:27:49,898] {logging_mixin.py:112} INFO - [2020-07-22 15:27:49,898] {spark_submit_hook.py:479} INFO - 20/07/22 15:27:49 INFO ShutdownHookManager: Deleting directory /tmp/spark-f4a819eb-1348-4d09-85d8-54ca6f7cdea0
[2020-07-22 15:27:50,080] {taskinstance.py:1052} INFO - Marking task as SUCCESS.dag_id=submit_data, task_id=spark_submit, execution_date=20200720T045000, start_date=20200722T095733, end_date=20200722T095750
[2020-07-22 15:27:54,095] {logging_mixin.py:112} INFO - [2020-07-22 15:27:54,095] {local_task_job.py:103} INFO - Task exited with return code 0
