[2020-07-20 11:39:28,645] {taskinstance.py:669} INFO - Dependencies all met for <TaskInstance: MYSQLDAG.first_db_to_csv 2020-07-20T06:09:17.457647+00:00 [queued]>
[2020-07-20 11:39:28,653] {taskinstance.py:669} INFO - Dependencies all met for <TaskInstance: MYSQLDAG.first_db_to_csv 2020-07-20T06:09:17.457647+00:00 [queued]>
[2020-07-20 11:39:28,653] {taskinstance.py:879} INFO - 
--------------------------------------------------------------------------------
[2020-07-20 11:39:28,653] {taskinstance.py:880} INFO - Starting attempt 1 of 2
[2020-07-20 11:39:28,654] {taskinstance.py:881} INFO - 
--------------------------------------------------------------------------------
[2020-07-20 11:39:28,813] {taskinstance.py:900} INFO - Executing <Task(BashOperator): first_db_to_csv> on 2020-07-20T06:09:17.457647+00:00
[2020-07-20 11:39:28,819] {standard_task_runner.py:53} INFO - Started process 144826 to run task
[2020-07-20 11:39:29,032] {logging_mixin.py:112} INFO - Running %s on host %s <TaskInstance: MYSQLDAG.first_db_to_csv 2020-07-20T06:09:17.457647+00:00 [running]> bhakti-Vostro-3558
[2020-07-20 11:39:29,045] {bash_operator.py:82} INFO - Tmp dir root location: 
 /tmp
[2020-07-20 11:39:29,046] {bash_operator.py:103} INFO - Temporary script location: /tmp/airflowtmp6r20wg4a/first_db_to_csvx9i8b0rz
[2020-07-20 11:39:29,046] {bash_operator.py:115} INFO - Running command: #!/bin/bash -x
user=root
password=root
dbname=airflow_db1
host=mysql
port=3306
if [ $password != " " ]
then
docker exec -it mysqlCon \
mysql -D$dbname -h$host -p$port -u$user -p$password -e'SELECT * FROM employees INTO OUTFILE "/input_files_mysql/sample2.csv" FIELDS TERMINATED BY "," LINES TERMINATED BY "\n";'
echo "Task run successfully"
fi
[2020-07-20 11:39:29,053] {bash_operator.py:122} INFO - Output:
[2020-07-20 11:39:30,131] {bash_operator.py:126} INFO - mysql: [Warning] Using a password on the command line interface can be insecure.
[2020-07-20 11:39:30,187] {bash_operator.py:126} INFO - Task run successfully
[2020-07-20 11:39:30,187] {bash_operator.py:128} INFO - Command exited with return code 0
[2020-07-20 11:39:30,195] {taskinstance.py:1052} INFO - Marking task as SUCCESS.dag_id=MYSQLDAG, task_id=first_db_to_csv, execution_date=20200720T060917, start_date=20200720T060928, end_date=20200720T060930
[2020-07-20 11:39:38,505] {logging_mixin.py:112} INFO - [2020-07-20 11:39:38,505] {local_task_job.py:103} INFO - Task exited with return code 0
