[2020-07-22 12:57:17,639] {taskinstance.py:669} INFO - Dependencies all met for <TaskInstance: submit_data.spark_submit 2020-07-20T00:03:00+00:00 [queued]>
[2020-07-22 12:57:17,671] {taskinstance.py:669} INFO - Dependencies all met for <TaskInstance: submit_data.spark_submit 2020-07-20T00:03:00+00:00 [queued]>
[2020-07-22 12:57:17,671] {taskinstance.py:879} INFO - 
--------------------------------------------------------------------------------
[2020-07-22 12:57:17,671] {taskinstance.py:880} INFO - Starting attempt 1 of 1
[2020-07-22 12:57:17,671] {taskinstance.py:881} INFO - 
--------------------------------------------------------------------------------
[2020-07-22 12:57:17,879] {taskinstance.py:900} INFO - Executing <Task(SparkSubmitOperator): spark_submit> on 2020-07-20T00:03:00+00:00
[2020-07-22 12:57:17,884] {standard_task_runner.py:53} INFO - Started process 300838 to run task
[2020-07-22 12:57:18,107] {logging_mixin.py:112} INFO - Running %s on host %s <TaskInstance: submit_data.spark_submit 2020-07-20T00:03:00+00:00 [running]> bhakti-Vostro-3558
[2020-07-22 12:57:18,140] {logging_mixin.py:112} INFO - [2020-07-22 12:57:18,139] {base_hook.py:87} INFO - Using connection to: id: spark_local. Host: localhost, Port: 4040, Schema: None, Login: None, Password: None, extra: None
[2020-07-22 12:57:18,141] {logging_mixin.py:112} INFO - [2020-07-22 12:57:18,141] {spark_submit_hook.py:325} INFO - Spark-Submit cmd: spark-submit --master localhost:4040 --name airflow-spark /home/bhakti/airflow/spark_jobs/python/spark_test.py
[2020-07-22 12:57:21,057] {logging_mixin.py:112} INFO - [2020-07-22 12:57:21,056] {spark_submit_hook.py:479} INFO - 20/07/22 12:57:21 WARN Utils: Your hostname, bhakti-Vostro-3558 resolves to a loopback address: 127.0.1.1; using 192.168.43.94 instead (on interface wlp6s0)
[2020-07-22 12:57:21,059] {logging_mixin.py:112} INFO - [2020-07-22 12:57:21,058] {spark_submit_hook.py:479} INFO - 20/07/22 12:57:21 WARN Utils: Set SPARK_LOCAL_IP if you need to bind to another address
[2020-07-22 12:57:22,757] {logging_mixin.py:112} INFO - [2020-07-22 12:57:22,756] {spark_submit_hook.py:479} INFO - 20/07/22 12:57:22 WARN NativeCodeLoader: Unable to load native-hadoop library for your platform... using builtin-java classes where applicable
[2020-07-22 12:57:24,108] {logging_mixin.py:112} INFO - [2020-07-22 12:57:24,108] {spark_submit_hook.py:479} INFO - Spark_Test_Python
[2020-07-22 12:57:24,109] {logging_mixin.py:112} INFO - [2020-07-22 12:57:24,108] {spark_submit_hook.py:479} INFO - Number of arguments: 0 arguments.
[2020-07-22 12:57:24,109] {logging_mixin.py:112} INFO - [2020-07-22 12:57:24,109] {spark_submit_hook.py:479} INFO - Argument List: []
[2020-07-22 12:57:24,205] {logging_mixin.py:112} INFO - [2020-07-22 12:57:24,205] {spark_submit_hook.py:479} INFO - Using Spark's default log4j profile: org/apache/spark/log4j-defaults.properties
[2020-07-22 12:57:24,218] {logging_mixin.py:112} INFO - [2020-07-22 12:57:24,218] {spark_submit_hook.py:479} INFO - 20/07/22 12:57:24 INFO SparkContext: Running Spark version 3.0.0
[2020-07-22 12:57:24,288] {logging_mixin.py:112} INFO - [2020-07-22 12:57:24,288] {spark_submit_hook.py:479} INFO - 20/07/22 12:57:24 INFO ResourceUtils: ==============================================================
[2020-07-22 12:57:24,291] {logging_mixin.py:112} INFO - [2020-07-22 12:57:24,291] {spark_submit_hook.py:479} INFO - 20/07/22 12:57:24 INFO ResourceUtils: Resources for spark.driver:
[2020-07-22 12:57:24,291] {logging_mixin.py:112} INFO - [2020-07-22 12:57:24,291] {spark_submit_hook.py:479} INFO - 
[2020-07-22 12:57:24,292] {logging_mixin.py:112} INFO - [2020-07-22 12:57:24,292] {spark_submit_hook.py:479} INFO - 20/07/22 12:57:24 INFO ResourceUtils: ==============================================================
[2020-07-22 12:57:24,293] {logging_mixin.py:112} INFO - [2020-07-22 12:57:24,293] {spark_submit_hook.py:479} INFO - 20/07/22 12:57:24 INFO SparkContext: Submitted application: Spark_Test_Python
[2020-07-22 12:57:24,384] {logging_mixin.py:112} INFO - [2020-07-22 12:57:24,384] {spark_submit_hook.py:479} INFO - 20/07/22 12:57:24 INFO SecurityManager: Changing view acls to: bhakti
[2020-07-22 12:57:24,385] {logging_mixin.py:112} INFO - [2020-07-22 12:57:24,385] {spark_submit_hook.py:479} INFO - 20/07/22 12:57:24 INFO SecurityManager: Changing modify acls to: bhakti
[2020-07-22 12:57:24,385] {logging_mixin.py:112} INFO - [2020-07-22 12:57:24,385] {spark_submit_hook.py:479} INFO - 20/07/22 12:57:24 INFO SecurityManager: Changing view acls groups to:
[2020-07-22 12:57:24,385] {logging_mixin.py:112} INFO - [2020-07-22 12:57:24,385] {spark_submit_hook.py:479} INFO - 20/07/22 12:57:24 INFO SecurityManager: Changing modify acls groups to:
[2020-07-22 12:57:24,386] {logging_mixin.py:112} INFO - [2020-07-22 12:57:24,386] {spark_submit_hook.py:479} INFO - 20/07/22 12:57:24 INFO SecurityManager: SecurityManager: authentication disabled; ui acls disabled; users  with view permissions: Set(bhakti); groups with view permissions: Set(); users  with modify permissions: Set(bhakti); groups with modify permissions: Set()
[2020-07-22 12:57:24,903] {logging_mixin.py:112} INFO - [2020-07-22 12:57:24,903] {spark_submit_hook.py:479} INFO - 20/07/22 12:57:24 INFO Utils: Successfully started service 'sparkDriver' on port 37751.
[2020-07-22 12:57:24,973] {logging_mixin.py:112} INFO - [2020-07-22 12:57:24,973] {spark_submit_hook.py:479} INFO - 20/07/22 12:57:24 INFO SparkEnv: Registering MapOutputTracker
[2020-07-22 12:57:25,047] {logging_mixin.py:112} INFO - [2020-07-22 12:57:25,046] {spark_submit_hook.py:479} INFO - 20/07/22 12:57:25 INFO SparkEnv: Registering BlockManagerMaster
[2020-07-22 12:57:25,084] {logging_mixin.py:112} INFO - [2020-07-22 12:57:25,084] {spark_submit_hook.py:479} INFO - 20/07/22 12:57:25 INFO BlockManagerMasterEndpoint: Using org.apache.spark.storage.DefaultTopologyMapper for getting topology information
[2020-07-22 12:57:25,086] {logging_mixin.py:112} INFO - [2020-07-22 12:57:25,085] {spark_submit_hook.py:479} INFO - 20/07/22 12:57:25 INFO BlockManagerMasterEndpoint: BlockManagerMasterEndpoint up
[2020-07-22 12:57:25,093] {logging_mixin.py:112} INFO - [2020-07-22 12:57:25,092] {spark_submit_hook.py:479} INFO - 20/07/22 12:57:25 INFO SparkEnv: Registering BlockManagerMasterHeartbeat
[2020-07-22 12:57:25,115] {logging_mixin.py:112} INFO - [2020-07-22 12:57:25,115] {spark_submit_hook.py:479} INFO - 20/07/22 12:57:25 INFO DiskBlockManager: Created local directory at /tmp/blockmgr-c372ee38-e93f-4051-b57e-a3a1ed65a810
[2020-07-22 12:57:25,157] {logging_mixin.py:112} INFO - [2020-07-22 12:57:25,157] {spark_submit_hook.py:479} INFO - 20/07/22 12:57:25 INFO MemoryStore: MemoryStore started with capacity 366.3 MiB
[2020-07-22 12:57:25,191] {logging_mixin.py:112} INFO - [2020-07-22 12:57:25,190] {spark_submit_hook.py:479} INFO - 20/07/22 12:57:25 INFO SparkEnv: Registering OutputCommitCoordinator
[2020-07-22 12:57:25,564] {logging_mixin.py:112} INFO - [2020-07-22 12:57:25,564] {spark_submit_hook.py:479} INFO - 20/07/22 12:57:25 WARN Utils: Service 'SparkUI' could not bind on port 4040. Attempting port 4041.
[2020-07-22 12:57:25,577] {logging_mixin.py:112} INFO - [2020-07-22 12:57:25,577] {spark_submit_hook.py:479} INFO - 20/07/22 12:57:25 INFO Utils: Successfully started service 'SparkUI' on port 4041.
[2020-07-22 12:57:25,721] {logging_mixin.py:112} INFO - [2020-07-22 12:57:25,721] {spark_submit_hook.py:479} INFO - 20/07/22 12:57:25 INFO SparkUI: Bound SparkUI to 0.0.0.0, and started at http://192.168.43.94:4041
[2020-07-22 12:57:25,897] {logging_mixin.py:112} INFO - [2020-07-22 12:57:25,897] {spark_submit_hook.py:479} INFO - 20/07/22 12:57:25 ERROR SparkContext: Error initializing SparkContext.
[2020-07-22 12:57:25,897] {logging_mixin.py:112} INFO - [2020-07-22 12:57:25,897] {spark_submit_hook.py:479} INFO - org.apache.spark.SparkException: Could not parse Master URL: 'localhost:4040'
[2020-07-22 12:57:25,898] {logging_mixin.py:112} INFO - [2020-07-22 12:57:25,898] {spark_submit_hook.py:479} INFO - at org.apache.spark.SparkContext$.org$apache$spark$SparkContext$$createTaskScheduler(SparkContext.scala:2924)
[2020-07-22 12:57:25,898] {logging_mixin.py:112} INFO - [2020-07-22 12:57:25,898] {spark_submit_hook.py:479} INFO - at org.apache.spark.SparkContext.<init>(SparkContext.scala:528)
[2020-07-22 12:57:25,898] {logging_mixin.py:112} INFO - [2020-07-22 12:57:25,898] {spark_submit_hook.py:479} INFO - at org.apache.spark.api.java.JavaSparkContext.<init>(JavaSparkContext.scala:58)
[2020-07-22 12:57:25,899] {logging_mixin.py:112} INFO - [2020-07-22 12:57:25,898] {spark_submit_hook.py:479} INFO - at sun.reflect.NativeConstructorAccessorImpl.newInstance0(Native Method)
[2020-07-22 12:57:25,899] {logging_mixin.py:112} INFO - [2020-07-22 12:57:25,899] {spark_submit_hook.py:479} INFO - at sun.reflect.NativeConstructorAccessorImpl.newInstance(NativeConstructorAccessorImpl.java:62)
[2020-07-22 12:57:25,899] {logging_mixin.py:112} INFO - [2020-07-22 12:57:25,899] {spark_submit_hook.py:479} INFO - at sun.reflect.DelegatingConstructorAccessorImpl.newInstance(DelegatingConstructorAccessorImpl.java:45)
[2020-07-22 12:57:25,899] {logging_mixin.py:112} INFO - [2020-07-22 12:57:25,899] {spark_submit_hook.py:479} INFO - at java.lang.reflect.Constructor.newInstance(Constructor.java:423)
[2020-07-22 12:57:25,900] {logging_mixin.py:112} INFO - [2020-07-22 12:57:25,899] {spark_submit_hook.py:479} INFO - at py4j.reflection.MethodInvoker.invoke(MethodInvoker.java:247)
[2020-07-22 12:57:25,900] {logging_mixin.py:112} INFO - [2020-07-22 12:57:25,900] {spark_submit_hook.py:479} INFO - at py4j.reflection.ReflectionEngine.invoke(ReflectionEngine.java:357)
[2020-07-22 12:57:25,900] {logging_mixin.py:112} INFO - [2020-07-22 12:57:25,900] {spark_submit_hook.py:479} INFO - at py4j.Gateway.invoke(Gateway.java:238)
[2020-07-22 12:57:25,900] {logging_mixin.py:112} INFO - [2020-07-22 12:57:25,900] {spark_submit_hook.py:479} INFO - at py4j.commands.ConstructorCommand.invokeConstructor(ConstructorCommand.java:80)
[2020-07-22 12:57:25,900] {logging_mixin.py:112} INFO - [2020-07-22 12:57:25,900] {spark_submit_hook.py:479} INFO - at py4j.commands.ConstructorCommand.execute(ConstructorCommand.java:69)
[2020-07-22 12:57:25,901] {logging_mixin.py:112} INFO - [2020-07-22 12:57:25,901] {spark_submit_hook.py:479} INFO - at py4j.GatewayConnection.run(GatewayConnection.java:238)
[2020-07-22 12:57:25,901] {logging_mixin.py:112} INFO - [2020-07-22 12:57:25,901] {spark_submit_hook.py:479} INFO - at java.lang.Thread.run(Thread.java:748)
[2020-07-22 12:57:25,914] {logging_mixin.py:112} INFO - [2020-07-22 12:57:25,914] {spark_submit_hook.py:479} INFO - 20/07/22 12:57:25 INFO SparkUI: Stopped Spark web UI at http://192.168.43.94:4041
[2020-07-22 12:57:25,941] {logging_mixin.py:112} INFO - [2020-07-22 12:57:25,940] {spark_submit_hook.py:479} INFO - 20/07/22 12:57:25 INFO MapOutputTrackerMasterEndpoint: MapOutputTrackerMasterEndpoint stopped!
[2020-07-22 12:57:25,982] {logging_mixin.py:112} INFO - [2020-07-22 12:57:25,981] {spark_submit_hook.py:479} INFO - 20/07/22 12:57:25 INFO MemoryStore: MemoryStore cleared
[2020-07-22 12:57:25,983] {logging_mixin.py:112} INFO - [2020-07-22 12:57:25,982] {spark_submit_hook.py:479} INFO - 20/07/22 12:57:25 INFO BlockManager: BlockManager stopped
[2020-07-22 12:57:26,010] {logging_mixin.py:112} INFO - [2020-07-22 12:57:26,010] {spark_submit_hook.py:479} INFO - 20/07/22 12:57:26 INFO BlockManagerMaster: BlockManagerMaster stopped
[2020-07-22 12:57:26,011] {logging_mixin.py:112} INFO - [2020-07-22 12:57:26,010] {spark_submit_hook.py:479} INFO - 20/07/22 12:57:26 WARN MetricsSystem: Stopping a MetricsSystem that is not running
[2020-07-22 12:57:26,020] {logging_mixin.py:112} INFO - [2020-07-22 12:57:26,019] {spark_submit_hook.py:479} INFO - 20/07/22 12:57:26 INFO OutputCommitCoordinator$OutputCommitCoordinatorEndpoint: OutputCommitCoordinator stopped!
[2020-07-22 12:57:26,049] {logging_mixin.py:112} INFO - [2020-07-22 12:57:26,049] {spark_submit_hook.py:479} INFO - 20/07/22 12:57:26 INFO SparkContext: Successfully stopped SparkContext
[2020-07-22 12:57:26,131] {logging_mixin.py:112} INFO - [2020-07-22 12:57:26,131] {spark_submit_hook.py:479} INFO - Traceback (most recent call last):
[2020-07-22 12:57:26,132] {logging_mixin.py:112} INFO - [2020-07-22 12:57:26,132] {spark_submit_hook.py:479} INFO - File "/home/bhakti/airflow/spark_jobs/python/spark_test.py", line 12, in <module>
[2020-07-22 12:57:26,132] {logging_mixin.py:112} INFO - [2020-07-22 12:57:26,132] {spark_submit_hook.py:479} INFO - sc = SparkContext(conf=conf)
[2020-07-22 12:57:26,132] {logging_mixin.py:112} INFO - [2020-07-22 12:57:26,132] {spark_submit_hook.py:479} INFO - File "/opt/spark/python/lib/pyspark.zip/pyspark/context.py", line 130, in __init__
[2020-07-22 12:57:26,133] {logging_mixin.py:112} INFO - [2020-07-22 12:57:26,133] {spark_submit_hook.py:479} INFO - File "/opt/spark/python/lib/pyspark.zip/pyspark/context.py", line 193, in _do_init
[2020-07-22 12:57:26,133] {logging_mixin.py:112} INFO - [2020-07-22 12:57:26,133] {spark_submit_hook.py:479} INFO - File "/opt/spark/python/lib/pyspark.zip/pyspark/context.py", line 310, in _initialize_context
[2020-07-22 12:57:26,133] {logging_mixin.py:112} INFO - [2020-07-22 12:57:26,133] {spark_submit_hook.py:479} INFO - File "/opt/spark/python/lib/py4j-0.10.9-src.zip/py4j/java_gateway.py", line 1568, in __call__
[2020-07-22 12:57:26,133] {logging_mixin.py:112} INFO - [2020-07-22 12:57:26,133] {spark_submit_hook.py:479} INFO - File "/opt/spark/python/lib/py4j-0.10.9-src.zip/py4j/protocol.py", line 326, in get_return_value
[2020-07-22 12:57:26,135] {logging_mixin.py:112} INFO - [2020-07-22 12:57:26,135] {spark_submit_hook.py:479} INFO - py4j.protocol.Py4JJavaError: An error occurred while calling None.org.apache.spark.api.java.JavaSparkContext.
[2020-07-22 12:57:26,135] {logging_mixin.py:112} INFO - [2020-07-22 12:57:26,135] {spark_submit_hook.py:479} INFO - : org.apache.spark.SparkException: Could not parse Master URL: 'localhost:4040'
[2020-07-22 12:57:26,135] {logging_mixin.py:112} INFO - [2020-07-22 12:57:26,135] {spark_submit_hook.py:479} INFO - at org.apache.spark.SparkContext$.org$apache$spark$SparkContext$$createTaskScheduler(SparkContext.scala:2924)
[2020-07-22 12:57:26,135] {logging_mixin.py:112} INFO - [2020-07-22 12:57:26,135] {spark_submit_hook.py:479} INFO - at org.apache.spark.SparkContext.<init>(SparkContext.scala:528)
[2020-07-22 12:57:26,135] {logging_mixin.py:112} INFO - [2020-07-22 12:57:26,135] {spark_submit_hook.py:479} INFO - at org.apache.spark.api.java.JavaSparkContext.<init>(JavaSparkContext.scala:58)
[2020-07-22 12:57:26,136] {logging_mixin.py:112} INFO - [2020-07-22 12:57:26,135] {spark_submit_hook.py:479} INFO - at sun.reflect.NativeConstructorAccessorImpl.newInstance0(Native Method)
[2020-07-22 12:57:26,136] {logging_mixin.py:112} INFO - [2020-07-22 12:57:26,136] {spark_submit_hook.py:479} INFO - at sun.reflect.NativeConstructorAccessorImpl.newInstance(NativeConstructorAccessorImpl.java:62)
[2020-07-22 12:57:26,136] {logging_mixin.py:112} INFO - [2020-07-22 12:57:26,136] {spark_submit_hook.py:479} INFO - at sun.reflect.DelegatingConstructorAccessorImpl.newInstance(DelegatingConstructorAccessorImpl.java:45)
[2020-07-22 12:57:26,136] {logging_mixin.py:112} INFO - [2020-07-22 12:57:26,136] {spark_submit_hook.py:479} INFO - at java.lang.reflect.Constructor.newInstance(Constructor.java:423)
[2020-07-22 12:57:26,136] {logging_mixin.py:112} INFO - [2020-07-22 12:57:26,136] {spark_submit_hook.py:479} INFO - at py4j.reflection.MethodInvoker.invoke(MethodInvoker.java:247)
[2020-07-22 12:57:26,136] {logging_mixin.py:112} INFO - [2020-07-22 12:57:26,136] {spark_submit_hook.py:479} INFO - at py4j.reflection.ReflectionEngine.invoke(ReflectionEngine.java:357)
[2020-07-22 12:57:26,136] {logging_mixin.py:112} INFO - [2020-07-22 12:57:26,136] {spark_submit_hook.py:479} INFO - at py4j.Gateway.invoke(Gateway.java:238)
[2020-07-22 12:57:26,136] {logging_mixin.py:112} INFO - [2020-07-22 12:57:26,136] {spark_submit_hook.py:479} INFO - at py4j.commands.ConstructorCommand.invokeConstructor(ConstructorCommand.java:80)
[2020-07-22 12:57:26,137] {logging_mixin.py:112} INFO - [2020-07-22 12:57:26,137] {spark_submit_hook.py:479} INFO - at py4j.commands.ConstructorCommand.execute(ConstructorCommand.java:69)
[2020-07-22 12:57:26,137] {logging_mixin.py:112} INFO - [2020-07-22 12:57:26,137] {spark_submit_hook.py:479} INFO - at py4j.GatewayConnection.run(GatewayConnection.java:238)
[2020-07-22 12:57:26,137] {logging_mixin.py:112} INFO - [2020-07-22 12:57:26,137] {spark_submit_hook.py:479} INFO - at java.lang.Thread.run(Thread.java:748)
[2020-07-22 12:57:26,137] {logging_mixin.py:112} INFO - [2020-07-22 12:57:26,137] {spark_submit_hook.py:479} INFO - 
[2020-07-22 12:57:26,263] {logging_mixin.py:112} INFO - [2020-07-22 12:57:26,263] {spark_submit_hook.py:479} INFO - 20/07/22 12:57:26 INFO ShutdownHookManager: Shutdown hook called
[2020-07-22 12:57:26,263] {logging_mixin.py:112} INFO - [2020-07-22 12:57:26,263] {spark_submit_hook.py:479} INFO - 20/07/22 12:57:26 INFO ShutdownHookManager: Deleting directory /tmp/spark-c012365b-781a-4e18-acad-3a8acee1abb8
[2020-07-22 12:57:26,268] {logging_mixin.py:112} INFO - [2020-07-22 12:57:26,268] {spark_submit_hook.py:479} INFO - 20/07/22 12:57:26 INFO ShutdownHookManager: Deleting directory /tmp/spark-f1c51895-19ad-4547-8312-7c8c79776252
[2020-07-22 12:57:26,339] {taskinstance.py:1145} ERROR - Cannot execute: spark-submit --master localhost:4040 --name airflow-spark /home/bhakti/airflow/spark_jobs/python/spark_test.py. Error code is: 1.
Traceback (most recent call last):
  File "/usr/local/lib/python3.8/dist-packages/airflow/models/taskinstance.py", line 983, in _run_raw_task
    result = task_copy.execute(context=context)
  File "/usr/local/lib/python3.8/dist-packages/airflow/contrib/operators/spark_submit_operator.py", line 187, in execute
    self._hook.submit(self._application)
  File "/usr/local/lib/python3.8/dist-packages/airflow/contrib/hooks/spark_submit_hook.py", line 403, in submit
    raise AirflowException(
airflow.exceptions.AirflowException: Cannot execute: spark-submit --master localhost:4040 --name airflow-spark /home/bhakti/airflow/spark_jobs/python/spark_test.py. Error code is: 1.
[2020-07-22 12:57:26,341] {taskinstance.py:1189} INFO - Marking task as FAILED.dag_id=submit_data, task_id=spark_submit, execution_date=20200720T000300, start_date=20200722T072717, end_date=20200722T072726
[2020-07-22 12:57:27,459] {logging_mixin.py:112} INFO - [2020-07-22 12:57:27,459] {local_task_job.py:103} INFO - Task exited with return code 1
