[2020-07-22 14:39:55,742] {taskinstance.py:669} INFO - Dependencies all met for <TaskInstance: submit_data.spark_submit 2020-07-22T09:08:51.340020+00:00 [queued]>
[2020-07-22 14:39:55,755] {taskinstance.py:669} INFO - Dependencies all met for <TaskInstance: submit_data.spark_submit 2020-07-22T09:08:51.340020+00:00 [queued]>
[2020-07-22 14:39:55,756] {taskinstance.py:879} INFO - 
--------------------------------------------------------------------------------
[2020-07-22 14:39:55,756] {taskinstance.py:880} INFO - Starting attempt 1 of 1
[2020-07-22 14:39:55,756] {taskinstance.py:881} INFO - 
--------------------------------------------------------------------------------
[2020-07-22 14:39:55,907] {taskinstance.py:900} INFO - Executing <Task(SparkSubmitOperator): spark_submit> on 2020-07-22T09:08:51.340020+00:00
[2020-07-22 14:39:55,913] {standard_task_runner.py:53} INFO - Started process 441727 to run task
[2020-07-22 14:39:56,077] {logging_mixin.py:112} INFO - Running %s on host %s <TaskInstance: submit_data.spark_submit 2020-07-22T09:08:51.340020+00:00 [running]> bhakti-Vostro-3558
[2020-07-22 14:39:56,096] {logging_mixin.py:112} INFO - [2020-07-22 14:39:56,095] {base_hook.py:87} INFO - Using connection to: id: spark_local. Host: local, Port: None, Schema: None, Login: None, Password: None, extra: None
[2020-07-22 14:39:56,097] {logging_mixin.py:112} INFO - [2020-07-22 14:39:56,097] {spark_submit_hook.py:325} INFO - Spark-Submit cmd: spark-submit --master local --name airflow-spark /home/bhakti/airflow/spark_jobs/python/spark_test.py
[2020-07-22 14:39:58,044] {logging_mixin.py:112} INFO - [2020-07-22 14:39:58,043] {spark_submit_hook.py:479} INFO - 20/07/22 14:39:58 WARN Utils: Your hostname, bhakti-Vostro-3558 resolves to a loopback address: 127.0.1.1; using 172.19.0.1 instead (on interface br-4e1dccf60737)
[2020-07-22 14:39:58,044] {logging_mixin.py:112} INFO - [2020-07-22 14:39:58,044] {spark_submit_hook.py:479} INFO - 20/07/22 14:39:58 WARN Utils: Set SPARK_LOCAL_IP if you need to bind to another address
[2020-07-22 14:39:58,926] {logging_mixin.py:112} INFO - [2020-07-22 14:39:58,926] {spark_submit_hook.py:479} INFO - 20/07/22 14:39:58 WARN NativeCodeLoader: Unable to load native-hadoop library for your platform... using builtin-java classes where applicable
[2020-07-22 14:40:00,812] {logging_mixin.py:112} INFO - [2020-07-22 14:40:00,811] {spark_submit_hook.py:479} INFO - Using Spark's default log4j profile: org/apache/spark/log4j-defaults.properties
[2020-07-22 14:40:00,851] {logging_mixin.py:112} INFO - [2020-07-22 14:40:00,850] {spark_submit_hook.py:479} INFO - 20/07/22 14:40:00 INFO SparkContext: Running Spark version 3.0.0
[2020-07-22 14:40:00,964] {logging_mixin.py:112} INFO - [2020-07-22 14:40:00,963] {spark_submit_hook.py:479} INFO - 20/07/22 14:40:00 INFO ResourceUtils: ==============================================================
[2020-07-22 14:40:00,969] {logging_mixin.py:112} INFO - [2020-07-22 14:40:00,969] {spark_submit_hook.py:479} INFO - 20/07/22 14:40:00 INFO ResourceUtils: Resources for spark.driver:
[2020-07-22 14:40:00,970] {logging_mixin.py:112} INFO - [2020-07-22 14:40:00,970] {spark_submit_hook.py:479} INFO - 
[2020-07-22 14:40:00,970] {logging_mixin.py:112} INFO - [2020-07-22 14:40:00,970] {spark_submit_hook.py:479} INFO - 20/07/22 14:40:00 INFO ResourceUtils: ==============================================================
[2020-07-22 14:40:00,971] {logging_mixin.py:112} INFO - [2020-07-22 14:40:00,971] {spark_submit_hook.py:479} INFO - 20/07/22 14:40:00 INFO SparkContext: Submitted application: Spark_Test_Python
[2020-07-22 14:40:01,104] {logging_mixin.py:112} INFO - [2020-07-22 14:40:01,103] {spark_submit_hook.py:479} INFO - 20/07/22 14:40:01 INFO SecurityManager: Changing view acls to: bhakti
[2020-07-22 14:40:01,104] {logging_mixin.py:112} INFO - [2020-07-22 14:40:01,104] {spark_submit_hook.py:479} INFO - 20/07/22 14:40:01 INFO SecurityManager: Changing modify acls to: bhakti
[2020-07-22 14:40:01,104] {logging_mixin.py:112} INFO - [2020-07-22 14:40:01,104] {spark_submit_hook.py:479} INFO - 20/07/22 14:40:01 INFO SecurityManager: Changing view acls groups to:
[2020-07-22 14:40:01,104] {logging_mixin.py:112} INFO - [2020-07-22 14:40:01,104] {spark_submit_hook.py:479} INFO - 20/07/22 14:40:01 INFO SecurityManager: Changing modify acls groups to:
[2020-07-22 14:40:01,105] {logging_mixin.py:112} INFO - [2020-07-22 14:40:01,105] {spark_submit_hook.py:479} INFO - 20/07/22 14:40:01 INFO SecurityManager: SecurityManager: authentication disabled; ui acls disabled; users  with view permissions: Set(bhakti); groups with view permissions: Set(); users  with modify permissions: Set(bhakti); groups with modify permissions: Set()
[2020-07-22 14:40:01,964] {logging_mixin.py:112} INFO - [2020-07-22 14:40:01,963] {spark_submit_hook.py:479} INFO - 20/07/22 14:40:01 INFO Utils: Successfully started service 'sparkDriver' on port 42943.
[2020-07-22 14:40:02,009] {logging_mixin.py:112} INFO - [2020-07-22 14:40:02,008] {spark_submit_hook.py:479} INFO - 20/07/22 14:40:02 INFO SparkEnv: Registering MapOutputTracker
[2020-07-22 14:40:02,072] {logging_mixin.py:112} INFO - [2020-07-22 14:40:02,072] {spark_submit_hook.py:479} INFO - 20/07/22 14:40:02 INFO SparkEnv: Registering BlockManagerMaster
[2020-07-22 14:40:02,108] {logging_mixin.py:112} INFO - [2020-07-22 14:40:02,108] {spark_submit_hook.py:479} INFO - 20/07/22 14:40:02 INFO BlockManagerMasterEndpoint: Using org.apache.spark.storage.DefaultTopologyMapper for getting topology information
[2020-07-22 14:40:02,109] {logging_mixin.py:112} INFO - [2020-07-22 14:40:02,109] {spark_submit_hook.py:479} INFO - 20/07/22 14:40:02 INFO BlockManagerMasterEndpoint: BlockManagerMasterEndpoint up
[2020-07-22 14:40:02,117] {logging_mixin.py:112} INFO - [2020-07-22 14:40:02,116] {spark_submit_hook.py:479} INFO - 20/07/22 14:40:02 INFO SparkEnv: Registering BlockManagerMasterHeartbeat
[2020-07-22 14:40:02,138] {logging_mixin.py:112} INFO - [2020-07-22 14:40:02,138] {spark_submit_hook.py:479} INFO - 20/07/22 14:40:02 INFO DiskBlockManager: Created local directory at /tmp/blockmgr-741d7c6c-f77f-4212-94d5-ae6b4916de62
[2020-07-22 14:40:02,177] {logging_mixin.py:112} INFO - [2020-07-22 14:40:02,176] {spark_submit_hook.py:479} INFO - 20/07/22 14:40:02 INFO MemoryStore: MemoryStore started with capacity 366.3 MiB
[2020-07-22 14:40:02,203] {logging_mixin.py:112} INFO - [2020-07-22 14:40:02,203] {spark_submit_hook.py:479} INFO - 20/07/22 14:40:02 INFO SparkEnv: Registering OutputCommitCoordinator
[2020-07-22 14:40:02,624] {logging_mixin.py:112} INFO - [2020-07-22 14:40:02,624] {spark_submit_hook.py:479} INFO - 20/07/22 14:40:02 WARN Utils: Service 'SparkUI' could not bind on port 4040. Attempting port 4041.
[2020-07-22 14:40:02,625] {logging_mixin.py:112} INFO - [2020-07-22 14:40:02,625] {spark_submit_hook.py:479} INFO - 20/07/22 14:40:02 WARN Utils: Service 'SparkUI' could not bind on port 4041. Attempting port 4042.
[2020-07-22 14:40:02,625] {logging_mixin.py:112} INFO - [2020-07-22 14:40:02,625] {spark_submit_hook.py:479} INFO - 20/07/22 14:40:02 WARN Utils: Service 'SparkUI' could not bind on port 4042. Attempting port 4043.
[2020-07-22 14:40:02,643] {logging_mixin.py:112} INFO - [2020-07-22 14:40:02,642] {spark_submit_hook.py:479} INFO - 20/07/22 14:40:02 INFO Utils: Successfully started service 'SparkUI' on port 4043.
[2020-07-22 14:40:02,793] {logging_mixin.py:112} INFO - [2020-07-22 14:40:02,793] {spark_submit_hook.py:479} INFO - 20/07/22 14:40:02 INFO SparkUI: Bound SparkUI to 0.0.0.0, and started at http://172.19.0.1:4043
[2020-07-22 14:40:03,191] {logging_mixin.py:112} INFO - [2020-07-22 14:40:03,190] {spark_submit_hook.py:479} INFO - 20/07/22 14:40:03 INFO Executor: Starting executor ID driver on host 172.19.0.1
[2020-07-22 14:40:03,227] {logging_mixin.py:112} INFO - [2020-07-22 14:40:03,227] {spark_submit_hook.py:479} INFO - 20/07/22 14:40:03 INFO Utils: Successfully started service 'org.apache.spark.network.netty.NettyBlockTransferService' on port 40229.
[2020-07-22 14:40:03,228] {logging_mixin.py:112} INFO - [2020-07-22 14:40:03,228] {spark_submit_hook.py:479} INFO - 20/07/22 14:40:03 INFO NettyBlockTransferService: Server created on 172.19.0.1:40229
[2020-07-22 14:40:03,230] {logging_mixin.py:112} INFO - [2020-07-22 14:40:03,230] {spark_submit_hook.py:479} INFO - 20/07/22 14:40:03 INFO BlockManager: Using org.apache.spark.storage.RandomBlockReplicationPolicy for block replication policy
[2020-07-22 14:40:03,242] {logging_mixin.py:112} INFO - [2020-07-22 14:40:03,241] {spark_submit_hook.py:479} INFO - 20/07/22 14:40:03 INFO BlockManagerMaster: Registering BlockManager BlockManagerId(driver, 172.19.0.1, 40229, None)
[2020-07-22 14:40:03,250] {logging_mixin.py:112} INFO - [2020-07-22 14:40:03,250] {spark_submit_hook.py:479} INFO - 20/07/22 14:40:03 INFO BlockManagerMasterEndpoint: Registering block manager 172.19.0.1:40229 with 366.3 MiB RAM, BlockManagerId(driver, 172.19.0.1, 40229, None)
[2020-07-22 14:40:03,258] {logging_mixin.py:112} INFO - [2020-07-22 14:40:03,258] {spark_submit_hook.py:479} INFO - 20/07/22 14:40:03 INFO BlockManagerMaster: Registered BlockManager BlockManagerId(driver, 172.19.0.1, 40229, None)
[2020-07-22 14:40:03,261] {logging_mixin.py:112} INFO - [2020-07-22 14:40:03,261] {spark_submit_hook.py:479} INFO - 20/07/22 14:40:03 INFO BlockManager: Initialized BlockManager: BlockManagerId(driver, 172.19.0.1, 40229, None)
[2020-07-22 14:40:05,175] {logging_mixin.py:112} INFO - [2020-07-22 14:40:05,175] {spark_submit_hook.py:479} INFO - 20/07/22 14:40:05 INFO SparkContext: Starting job: collect at /home/bhakti/airflow/spark_jobs/python/spark_test.py:10
[2020-07-22 14:40:05,209] {logging_mixin.py:112} INFO - [2020-07-22 14:40:05,209] {spark_submit_hook.py:479} INFO - 20/07/22 14:40:05 INFO DAGScheduler: Got job 0 (collect at /home/bhakti/airflow/spark_jobs/python/spark_test.py:10) with 1 output partitions
[2020-07-22 14:40:05,210] {logging_mixin.py:112} INFO - [2020-07-22 14:40:05,209] {spark_submit_hook.py:479} INFO - 20/07/22 14:40:05 INFO DAGScheduler: Final stage: ResultStage 0 (collect at /home/bhakti/airflow/spark_jobs/python/spark_test.py:10)
[2020-07-22 14:40:05,210] {logging_mixin.py:112} INFO - [2020-07-22 14:40:05,210] {spark_submit_hook.py:479} INFO - 20/07/22 14:40:05 INFO DAGScheduler: Parents of final stage: List()
[2020-07-22 14:40:05,213] {logging_mixin.py:112} INFO - [2020-07-22 14:40:05,213] {spark_submit_hook.py:479} INFO - 20/07/22 14:40:05 INFO DAGScheduler: Missing parents: List()
[2020-07-22 14:40:05,226] {logging_mixin.py:112} INFO - [2020-07-22 14:40:05,225] {spark_submit_hook.py:479} INFO - 20/07/22 14:40:05 INFO DAGScheduler: Submitting ResultStage 0 (PythonRDD[1] at collect at /home/bhakti/airflow/spark_jobs/python/spark_test.py:10), which has no missing parents
[2020-07-22 14:40:05,390] {logging_mixin.py:112} INFO - [2020-07-22 14:40:05,390] {spark_submit_hook.py:479} INFO - 20/07/22 14:40:05 INFO MemoryStore: Block broadcast_0 stored as values in memory (estimated size 4.8 KiB, free 366.3 MiB)
[2020-07-22 14:40:05,456] {logging_mixin.py:112} INFO - [2020-07-22 14:40:05,455] {spark_submit_hook.py:479} INFO - 20/07/22 14:40:05 INFO MemoryStore: Block broadcast_0_piece0 stored as bytes in memory (estimated size 3.1 KiB, free 366.3 MiB)
[2020-07-22 14:40:05,460] {logging_mixin.py:112} INFO - [2020-07-22 14:40:05,459] {spark_submit_hook.py:479} INFO - 20/07/22 14:40:05 INFO BlockManagerInfo: Added broadcast_0_piece0 in memory on 172.19.0.1:40229 (size: 3.1 KiB, free: 366.3 MiB)
[2020-07-22 14:40:05,466] {logging_mixin.py:112} INFO - [2020-07-22 14:40:05,465] {spark_submit_hook.py:479} INFO - 20/07/22 14:40:05 INFO SparkContext: Created broadcast 0 from broadcast at DAGScheduler.scala:1200
[2020-07-22 14:40:05,501] {logging_mixin.py:112} INFO - [2020-07-22 14:40:05,501] {spark_submit_hook.py:479} INFO - 20/07/22 14:40:05 INFO DAGScheduler: Submitting 1 missing tasks from ResultStage 0 (PythonRDD[1] at collect at /home/bhakti/airflow/spark_jobs/python/spark_test.py:10) (first 15 tasks are for partitions Vector(0))
[2020-07-22 14:40:05,504] {logging_mixin.py:112} INFO - [2020-07-22 14:40:05,504] {spark_submit_hook.py:479} INFO - 20/07/22 14:40:05 INFO TaskSchedulerImpl: Adding task set 0.0 with 1 tasks
[2020-07-22 14:40:05,757] {logging_mixin.py:112} INFO - [2020-07-22 14:40:05,756] {spark_submit_hook.py:479} INFO - 20/07/22 14:40:05 INFO TaskSetManager: Starting task 0.0 in stage 0.0 (TID 0, 172.19.0.1, executor driver, partition 0, PROCESS_LOCAL, 7369 bytes)
[2020-07-22 14:40:05,806] {logging_mixin.py:112} INFO - [2020-07-22 14:40:05,805] {spark_submit_hook.py:479} INFO - 20/07/22 14:40:05 INFO Executor: Running task 0.0 in stage 0.0 (TID 0)
[2020-07-22 14:40:07,378] {logging_mixin.py:112} INFO - [2020-07-22 14:40:07,378] {spark_submit_hook.py:479} INFO - 20/07/22 14:40:07 INFO PythonRunner: Times: total = 726, boot = 703, init = 23, finish = 0
[2020-07-22 14:40:07,414] {logging_mixin.py:112} INFO - [2020-07-22 14:40:07,414] {spark_submit_hook.py:479} INFO - 20/07/22 14:40:07 INFO Executor: Finished task 0.0 in stage 0.0 (TID 0). 1533 bytes result sent to driver
[2020-07-22 14:40:07,431] {logging_mixin.py:112} INFO - [2020-07-22 14:40:07,430] {spark_submit_hook.py:479} INFO - 20/07/22 14:40:07 INFO TaskSetManager: Finished task 0.0 in stage 0.0 (TID 0) in 1761 ms on 172.19.0.1 (executor driver) (1/1)
[2020-07-22 14:40:07,435] {logging_mixin.py:112} INFO - [2020-07-22 14:40:07,435] {spark_submit_hook.py:479} INFO - 20/07/22 14:40:07 INFO TaskSchedulerImpl: Removed TaskSet 0.0, whose tasks have all completed, from pool
[2020-07-22 14:40:07,440] {logging_mixin.py:112} INFO - [2020-07-22 14:40:07,440] {spark_submit_hook.py:479} INFO - 20/07/22 14:40:07 INFO PythonAccumulatorV2: Connected to AccumulatorServer at host: 127.0.0.1 port: 55015
[2020-07-22 14:40:07,451] {logging_mixin.py:112} INFO - [2020-07-22 14:40:07,451] {spark_submit_hook.py:479} INFO - 20/07/22 14:40:07 INFO DAGScheduler: ResultStage 0 (collect at /home/bhakti/airflow/spark_jobs/python/spark_test.py:10) finished in 2.186 s
[2020-07-22 14:40:07,461] {logging_mixin.py:112} INFO - [2020-07-22 14:40:07,461] {spark_submit_hook.py:479} INFO - 20/07/22 14:40:07 INFO DAGScheduler: Job 0 is finished. Cancelling potential speculative or zombie tasks for this job
[2020-07-22 14:40:07,462] {logging_mixin.py:112} INFO - [2020-07-22 14:40:07,462] {spark_submit_hook.py:479} INFO - 20/07/22 14:40:07 INFO TaskSchedulerImpl: Killing all running tasks in stage 0: Stage finished
[2020-07-22 14:40:07,465] {logging_mixin.py:112} INFO - [2020-07-22 14:40:07,465] {spark_submit_hook.py:479} INFO - 20/07/22 14:40:07 INFO DAGScheduler: Job 0 finished: collect at /home/bhakti/airflow/spark_jobs/python/spark_test.py:10, took 2.289537 s
[2020-07-22 14:40:07,482] {logging_mixin.py:112} INFO - [2020-07-22 14:40:07,481] {spark_submit_hook.py:479} INFO - [4, 5]
[2020-07-22 14:40:07,541] {logging_mixin.py:112} INFO - [2020-07-22 14:40:07,541] {spark_submit_hook.py:479} INFO - 20/07/22 14:40:07 INFO SparkContext: Invoking stop() from shutdown hook
[2020-07-22 14:40:07,553] {logging_mixin.py:112} INFO - [2020-07-22 14:40:07,552] {spark_submit_hook.py:479} INFO - 20/07/22 14:40:07 INFO SparkUI: Stopped Spark web UI at http://172.19.0.1:4043
[2020-07-22 14:40:07,589] {logging_mixin.py:112} INFO - [2020-07-22 14:40:07,588] {spark_submit_hook.py:479} INFO - 20/07/22 14:40:07 INFO MapOutputTrackerMasterEndpoint: MapOutputTrackerMasterEndpoint stopped!
[2020-07-22 14:40:07,606] {logging_mixin.py:112} INFO - [2020-07-22 14:40:07,606] {spark_submit_hook.py:479} INFO - 20/07/22 14:40:07 INFO MemoryStore: MemoryStore cleared
[2020-07-22 14:40:07,607] {logging_mixin.py:112} INFO - [2020-07-22 14:40:07,607] {spark_submit_hook.py:479} INFO - 20/07/22 14:40:07 INFO BlockManager: BlockManager stopped
[2020-07-22 14:40:07,632] {logging_mixin.py:112} INFO - [2020-07-22 14:40:07,632] {spark_submit_hook.py:479} INFO - 20/07/22 14:40:07 INFO BlockManagerMaster: BlockManagerMaster stopped
[2020-07-22 14:40:07,636] {logging_mixin.py:112} INFO - [2020-07-22 14:40:07,635] {spark_submit_hook.py:479} INFO - 20/07/22 14:40:07 INFO OutputCommitCoordinator$OutputCommitCoordinatorEndpoint: OutputCommitCoordinator stopped!
[2020-07-22 14:40:07,644] {logging_mixin.py:112} INFO - [2020-07-22 14:40:07,644] {spark_submit_hook.py:479} INFO - 20/07/22 14:40:07 INFO SparkContext: Successfully stopped SparkContext
[2020-07-22 14:40:07,646] {logging_mixin.py:112} INFO - [2020-07-22 14:40:07,646] {spark_submit_hook.py:479} INFO - 20/07/22 14:40:07 INFO ShutdownHookManager: Shutdown hook called
[2020-07-22 14:40:07,647] {logging_mixin.py:112} INFO - [2020-07-22 14:40:07,646] {spark_submit_hook.py:479} INFO - 20/07/22 14:40:07 INFO ShutdownHookManager: Deleting directory /tmp/spark-8d5b55c4-ee82-442b-8939-8e65ade4da17
[2020-07-22 14:40:07,657] {logging_mixin.py:112} INFO - [2020-07-22 14:40:07,657] {spark_submit_hook.py:479} INFO - 20/07/22 14:40:07 INFO ShutdownHookManager: Deleting directory /tmp/spark-f8d23e1f-c7a6-4223-8c39-900a4d22cba0
[2020-07-22 14:40:07,661] {logging_mixin.py:112} INFO - [2020-07-22 14:40:07,660] {spark_submit_hook.py:479} INFO - 20/07/22 14:40:07 INFO ShutdownHookManager: Deleting directory /tmp/spark-f8d23e1f-c7a6-4223-8c39-900a4d22cba0/pyspark-0e303ca3-6531-4837-a291-e87780d3e9b7
[2020-07-22 14:40:07,707] {taskinstance.py:1052} INFO - Marking task as SUCCESS.dag_id=submit_data, task_id=spark_submit, execution_date=20200722T090851, start_date=20200722T090955, end_date=20200722T091007
[2020-07-22 14:40:10,803] {logging_mixin.py:112} INFO - [2020-07-22 14:40:10,803] {local_task_job.py:103} INFO - Task exited with return code 0
