[2020-07-22 15:44:39,585] {taskinstance.py:669} INFO - Dependencies all met for <TaskInstance: submit_data.spark_submit 2020-07-20T05:19:00+00:00 [queued]>
[2020-07-22 15:44:39,605] {taskinstance.py:669} INFO - Dependencies all met for <TaskInstance: submit_data.spark_submit 2020-07-20T05:19:00+00:00 [queued]>
[2020-07-22 15:44:39,626] {taskinstance.py:879} INFO - 
--------------------------------------------------------------------------------
[2020-07-22 15:44:39,627] {taskinstance.py:880} INFO - Starting attempt 1 of 1
[2020-07-22 15:44:39,627] {taskinstance.py:881} INFO - 
--------------------------------------------------------------------------------
[2020-07-22 15:44:39,854] {taskinstance.py:900} INFO - Executing <Task(SparkSubmitOperator): spark_submit> on 2020-07-20T05:19:00+00:00
[2020-07-22 15:44:39,859] {standard_task_runner.py:53} INFO - Started process 525614 to run task
[2020-07-22 15:44:40,217] {logging_mixin.py:112} INFO - Running %s on host %s <TaskInstance: submit_data.spark_submit 2020-07-20T05:19:00+00:00 [running]> bhakti-Vostro-3558
[2020-07-22 15:44:40,301] {logging_mixin.py:112} INFO - [2020-07-22 15:44:40,300] {base_hook.py:87} INFO - Using connection to: id: spark_local. Host: local, Port: None, Schema: None, Login: None, Password: None, extra: None
[2020-07-22 15:44:40,302] {logging_mixin.py:112} INFO - [2020-07-22 15:44:40,302] {spark_submit_hook.py:325} INFO - Spark-Submit cmd: spark-submit --master local --name airflow-spark /home/bhakti/airflow/spark_jobs/python/spark_test.py
[2020-07-22 15:44:43,393] {logging_mixin.py:112} INFO - [2020-07-22 15:44:43,392] {spark_submit_hook.py:479} INFO - 20/07/22 15:44:43 WARN Utils: Your hostname, bhakti-Vostro-3558 resolves to a loopback address: 127.0.1.1; using 192.168.43.94 instead (on interface wlp6s0)
[2020-07-22 15:44:43,394] {logging_mixin.py:112} INFO - [2020-07-22 15:44:43,394] {spark_submit_hook.py:479} INFO - 20/07/22 15:44:43 WARN Utils: Set SPARK_LOCAL_IP if you need to bind to another address
[2020-07-22 15:44:45,085] {logging_mixin.py:112} INFO - [2020-07-22 15:44:45,085] {spark_submit_hook.py:479} INFO - 20/07/22 15:44:45 WARN NativeCodeLoader: Unable to load native-hadoop library for your platform... using builtin-java classes where applicable
[2020-07-22 15:44:47,448] {logging_mixin.py:112} INFO - [2020-07-22 15:44:47,447] {spark_submit_hook.py:479} INFO - Using Spark's default log4j profile: org/apache/spark/log4j-defaults.properties
[2020-07-22 15:44:47,462] {logging_mixin.py:112} INFO - [2020-07-22 15:44:47,462] {spark_submit_hook.py:479} INFO - 20/07/22 15:44:47 INFO SparkContext: Running Spark version 3.0.0
[2020-07-22 15:44:47,537] {logging_mixin.py:112} INFO - [2020-07-22 15:44:47,537] {spark_submit_hook.py:479} INFO - 20/07/22 15:44:47 INFO ResourceUtils: ==============================================================
[2020-07-22 15:44:47,539] {logging_mixin.py:112} INFO - [2020-07-22 15:44:47,539] {spark_submit_hook.py:479} INFO - 20/07/22 15:44:47 INFO ResourceUtils: Resources for spark.driver:
[2020-07-22 15:44:47,539] {logging_mixin.py:112} INFO - [2020-07-22 15:44:47,539] {spark_submit_hook.py:479} INFO - 
[2020-07-22 15:44:47,540] {logging_mixin.py:112} INFO - [2020-07-22 15:44:47,539] {spark_submit_hook.py:479} INFO - 20/07/22 15:44:47 INFO ResourceUtils: ==============================================================
[2020-07-22 15:44:47,540] {logging_mixin.py:112} INFO - [2020-07-22 15:44:47,540] {spark_submit_hook.py:479} INFO - 20/07/22 15:44:47 INFO SparkContext: Submitted application: Spark_Test_Python
[2020-07-22 15:44:47,625] {logging_mixin.py:112} INFO - [2020-07-22 15:44:47,625] {spark_submit_hook.py:479} INFO - 20/07/22 15:44:47 INFO SecurityManager: Changing view acls to: bhakti
[2020-07-22 15:44:47,625] {logging_mixin.py:112} INFO - [2020-07-22 15:44:47,625] {spark_submit_hook.py:479} INFO - 20/07/22 15:44:47 INFO SecurityManager: Changing modify acls to: bhakti
[2020-07-22 15:44:47,625] {logging_mixin.py:112} INFO - [2020-07-22 15:44:47,625] {spark_submit_hook.py:479} INFO - 20/07/22 15:44:47 INFO SecurityManager: Changing view acls groups to:
[2020-07-22 15:44:47,626] {logging_mixin.py:112} INFO - [2020-07-22 15:44:47,625] {spark_submit_hook.py:479} INFO - 20/07/22 15:44:47 INFO SecurityManager: Changing modify acls groups to:
[2020-07-22 15:44:47,626] {logging_mixin.py:112} INFO - [2020-07-22 15:44:47,626] {spark_submit_hook.py:479} INFO - 20/07/22 15:44:47 INFO SecurityManager: SecurityManager: authentication disabled; ui acls disabled; users  with view permissions: Set(bhakti); groups with view permissions: Set(); users  with modify permissions: Set(bhakti); groups with modify permissions: Set()
[2020-07-22 15:44:48,133] {logging_mixin.py:112} INFO - [2020-07-22 15:44:48,133] {spark_submit_hook.py:479} INFO - 20/07/22 15:44:48 INFO Utils: Successfully started service 'sparkDriver' on port 34189.
[2020-07-22 15:44:48,182] {logging_mixin.py:112} INFO - [2020-07-22 15:44:48,182] {spark_submit_hook.py:479} INFO - 20/07/22 15:44:48 INFO SparkEnv: Registering MapOutputTracker
[2020-07-22 15:44:48,251] {logging_mixin.py:112} INFO - [2020-07-22 15:44:48,251] {spark_submit_hook.py:479} INFO - 20/07/22 15:44:48 INFO SparkEnv: Registering BlockManagerMaster
[2020-07-22 15:44:48,294] {logging_mixin.py:112} INFO - [2020-07-22 15:44:48,293] {spark_submit_hook.py:479} INFO - 20/07/22 15:44:48 INFO BlockManagerMasterEndpoint: Using org.apache.spark.storage.DefaultTopologyMapper for getting topology information
[2020-07-22 15:44:48,295] {logging_mixin.py:112} INFO - [2020-07-22 15:44:48,294] {spark_submit_hook.py:479} INFO - 20/07/22 15:44:48 INFO BlockManagerMasterEndpoint: BlockManagerMasterEndpoint up
[2020-07-22 15:44:48,303] {logging_mixin.py:112} INFO - [2020-07-22 15:44:48,303] {spark_submit_hook.py:479} INFO - 20/07/22 15:44:48 INFO SparkEnv: Registering BlockManagerMasterHeartbeat
[2020-07-22 15:44:48,330] {logging_mixin.py:112} INFO - [2020-07-22 15:44:48,330] {spark_submit_hook.py:479} INFO - 20/07/22 15:44:48 INFO DiskBlockManager: Created local directory at /tmp/blockmgr-f8604ecc-dbca-4a68-b513-db308684e00d
[2020-07-22 15:44:48,365] {logging_mixin.py:112} INFO - [2020-07-22 15:44:48,365] {spark_submit_hook.py:479} INFO - 20/07/22 15:44:48 INFO MemoryStore: MemoryStore started with capacity 366.3 MiB
[2020-07-22 15:44:48,390] {logging_mixin.py:112} INFO - [2020-07-22 15:44:48,390] {spark_submit_hook.py:479} INFO - 20/07/22 15:44:48 INFO SparkEnv: Registering OutputCommitCoordinator
[2020-07-22 15:44:48,752] {logging_mixin.py:112} INFO - [2020-07-22 15:44:48,751] {spark_submit_hook.py:479} INFO - 20/07/22 15:44:48 WARN Utils: Service 'SparkUI' could not bind on port 4040. Attempting port 4041.
[2020-07-22 15:44:48,752] {logging_mixin.py:112} INFO - [2020-07-22 15:44:48,752] {spark_submit_hook.py:479} INFO - 20/07/22 15:44:48 WARN Utils: Service 'SparkUI' could not bind on port 4041. Attempting port 4042.
[2020-07-22 15:44:48,753] {logging_mixin.py:112} INFO - [2020-07-22 15:44:48,753] {spark_submit_hook.py:479} INFO - 20/07/22 15:44:48 WARN Utils: Service 'SparkUI' could not bind on port 4042. Attempting port 4043.
[2020-07-22 15:44:48,766] {logging_mixin.py:112} INFO - [2020-07-22 15:44:48,766] {spark_submit_hook.py:479} INFO - 20/07/22 15:44:48 INFO Utils: Successfully started service 'SparkUI' on port 4043.
[2020-07-22 15:44:48,907] {logging_mixin.py:112} INFO - [2020-07-22 15:44:48,906] {spark_submit_hook.py:479} INFO - 20/07/22 15:44:48 INFO SparkUI: Bound SparkUI to 0.0.0.0, and started at http://192.168.43.94:4043
[2020-07-22 15:44:49,353] {logging_mixin.py:112} INFO - [2020-07-22 15:44:49,353] {spark_submit_hook.py:479} INFO - 20/07/22 15:44:49 INFO Executor: Starting executor ID driver on host 192.168.43.94
[2020-07-22 15:44:49,392] {logging_mixin.py:112} INFO - [2020-07-22 15:44:49,392] {spark_submit_hook.py:479} INFO - 20/07/22 15:44:49 INFO Utils: Successfully started service 'org.apache.spark.network.netty.NettyBlockTransferService' on port 42143.
[2020-07-22 15:44:49,393] {logging_mixin.py:112} INFO - [2020-07-22 15:44:49,393] {spark_submit_hook.py:479} INFO - 20/07/22 15:44:49 INFO NettyBlockTransferService: Server created on 192.168.43.94:42143
[2020-07-22 15:44:49,395] {logging_mixin.py:112} INFO - [2020-07-22 15:44:49,395] {spark_submit_hook.py:479} INFO - 20/07/22 15:44:49 INFO BlockManager: Using org.apache.spark.storage.RandomBlockReplicationPolicy for block replication policy
[2020-07-22 15:44:49,408] {logging_mixin.py:112} INFO - [2020-07-22 15:44:49,407] {spark_submit_hook.py:479} INFO - 20/07/22 15:44:49 INFO BlockManagerMaster: Registering BlockManager BlockManagerId(driver, 192.168.43.94, 42143, None)
[2020-07-22 15:44:49,418] {logging_mixin.py:112} INFO - [2020-07-22 15:44:49,417] {spark_submit_hook.py:479} INFO - 20/07/22 15:44:49 INFO BlockManagerMasterEndpoint: Registering block manager 192.168.43.94:42143 with 366.3 MiB RAM, BlockManagerId(driver, 192.168.43.94, 42143, None)
[2020-07-22 15:44:49,426] {logging_mixin.py:112} INFO - [2020-07-22 15:44:49,425] {spark_submit_hook.py:479} INFO - 20/07/22 15:44:49 INFO BlockManagerMaster: Registered BlockManager BlockManagerId(driver, 192.168.43.94, 42143, None)
[2020-07-22 15:44:49,429] {logging_mixin.py:112} INFO - [2020-07-22 15:44:49,428] {spark_submit_hook.py:479} INFO - 20/07/22 15:44:49 INFO BlockManager: Initialized BlockManager: BlockManagerId(driver, 192.168.43.94, 42143, None)
[2020-07-22 15:44:51,144] {logging_mixin.py:112} INFO - [2020-07-22 15:44:51,144] {spark_submit_hook.py:479} INFO - 20/07/22 15:44:51 INFO MemoryStore: Block broadcast_0 stored as values in memory (estimated size 241.5 KiB, free 366.1 MiB)
[2020-07-22 15:44:51,256] {logging_mixin.py:112} INFO - [2020-07-22 15:44:51,255] {spark_submit_hook.py:479} INFO - 20/07/22 15:44:51 INFO MemoryStore: Block broadcast_0_piece0 stored as bytes in memory (estimated size 23.4 KiB, free 366.0 MiB)
[2020-07-22 15:44:51,261] {logging_mixin.py:112} INFO - [2020-07-22 15:44:51,261] {spark_submit_hook.py:479} INFO - 20/07/22 15:44:51 INFO BlockManagerInfo: Added broadcast_0_piece0 in memory on 192.168.43.94:42143 (size: 23.4 KiB, free: 366.3 MiB)
[2020-07-22 15:44:51,269] {logging_mixin.py:112} INFO - [2020-07-22 15:44:51,269] {spark_submit_hook.py:479} INFO - 20/07/22 15:44:51 INFO SparkContext: Created broadcast 0 from textFile at NativeMethodAccessorImpl.java:0
[2020-07-22 15:44:51,613] {logging_mixin.py:112} INFO - [2020-07-22 15:44:51,613] {spark_submit_hook.py:479} INFO - 20/07/22 15:44:51 INFO FileInputFormat: Total input paths to process : 1
[2020-07-22 15:44:51,748] {logging_mixin.py:112} INFO - [2020-07-22 15:44:51,747] {spark_submit_hook.py:479} INFO - 20/07/22 15:44:51 INFO SparkContext: Starting job: collect at /home/bhakti/airflow/spark_jobs/python/spark_test.py:5
[2020-07-22 15:44:51,778] {logging_mixin.py:112} INFO - [2020-07-22 15:44:51,778] {spark_submit_hook.py:479} INFO - 20/07/22 15:44:51 INFO DAGScheduler: Got job 0 (collect at /home/bhakti/airflow/spark_jobs/python/spark_test.py:5) with 1 output partitions
[2020-07-22 15:44:51,779] {logging_mixin.py:112} INFO - [2020-07-22 15:44:51,779] {spark_submit_hook.py:479} INFO - 20/07/22 15:44:51 INFO DAGScheduler: Final stage: ResultStage 0 (collect at /home/bhakti/airflow/spark_jobs/python/spark_test.py:5)
[2020-07-22 15:44:51,780] {logging_mixin.py:112} INFO - [2020-07-22 15:44:51,780] {spark_submit_hook.py:479} INFO - 20/07/22 15:44:51 INFO DAGScheduler: Parents of final stage: List()
[2020-07-22 15:44:51,784] {logging_mixin.py:112} INFO - [2020-07-22 15:44:51,783] {spark_submit_hook.py:479} INFO - 20/07/22 15:44:51 INFO DAGScheduler: Missing parents: List()
[2020-07-22 15:44:51,809] {logging_mixin.py:112} INFO - [2020-07-22 15:44:51,809] {spark_submit_hook.py:479} INFO - 20/07/22 15:44:51 INFO DAGScheduler: Submitting ResultStage 0 (PythonRDD[2] at collect at /home/bhakti/airflow/spark_jobs/python/spark_test.py:5), which has no missing parents
[2020-07-22 15:44:51,911] {logging_mixin.py:112} INFO - [2020-07-22 15:44:51,911] {spark_submit_hook.py:479} INFO - 20/07/22 15:44:51 INFO MemoryStore: Block broadcast_1 stored as values in memory (estimated size 7.4 KiB, free 366.0 MiB)
[2020-07-22 15:44:51,928] {logging_mixin.py:112} INFO - [2020-07-22 15:44:51,928] {spark_submit_hook.py:479} INFO - 20/07/22 15:44:51 INFO MemoryStore: Block broadcast_1_piece0 stored as bytes in memory (estimated size 4.4 KiB, free 366.0 MiB)
[2020-07-22 15:44:51,930] {logging_mixin.py:112} INFO - [2020-07-22 15:44:51,929] {spark_submit_hook.py:479} INFO - 20/07/22 15:44:51 INFO BlockManagerInfo: Added broadcast_1_piece0 in memory on 192.168.43.94:42143 (size: 4.4 KiB, free: 366.3 MiB)
[2020-07-22 15:44:51,934] {logging_mixin.py:112} INFO - [2020-07-22 15:44:51,933] {spark_submit_hook.py:479} INFO - 20/07/22 15:44:51 INFO SparkContext: Created broadcast 1 from broadcast at DAGScheduler.scala:1200
[2020-07-22 15:44:51,982] {logging_mixin.py:112} INFO - [2020-07-22 15:44:51,982] {spark_submit_hook.py:479} INFO - 20/07/22 15:44:51 INFO DAGScheduler: Submitting 1 missing tasks from ResultStage 0 (PythonRDD[2] at collect at /home/bhakti/airflow/spark_jobs/python/spark_test.py:5) (first 15 tasks are for partitions Vector(0))
[2020-07-22 15:44:51,984] {logging_mixin.py:112} INFO - [2020-07-22 15:44:51,984] {spark_submit_hook.py:479} INFO - 20/07/22 15:44:51 INFO TaskSchedulerImpl: Adding task set 0.0 with 1 tasks
[2020-07-22 15:44:52,128] {logging_mixin.py:112} INFO - [2020-07-22 15:44:52,128] {spark_submit_hook.py:479} INFO - 20/07/22 15:44:52 INFO TaskSetManager: Starting task 0.0 in stage 0.0 (TID 0, 192.168.43.94, executor driver, partition 0, PROCESS_LOCAL, 7388 bytes)
[2020-07-22 15:44:52,149] {logging_mixin.py:112} INFO - [2020-07-22 15:44:52,149] {spark_submit_hook.py:479} INFO - 20/07/22 15:44:52 INFO Executor: Running task 0.0 in stage 0.0 (TID 0)
[2020-07-22 15:44:52,810] {logging_mixin.py:112} INFO - [2020-07-22 15:44:52,810] {spark_submit_hook.py:479} INFO - 20/07/22 15:44:52 INFO HadoopRDD: Input split: file:/home/bhakti/airflow/input_data/sample.csv:0+93
[2020-07-22 15:44:53,748] {logging_mixin.py:112} INFO - [2020-07-22 15:44:53,747] {spark_submit_hook.py:479} INFO - 20/07/22 15:44:53 INFO PythonRunner: Times: total = 887, boot = 855, init = 31, finish = 1
[2020-07-22 15:44:53,795] {logging_mixin.py:112} INFO - [2020-07-22 15:44:53,795] {spark_submit_hook.py:479} INFO - 20/07/22 15:44:53 INFO Executor: Finished task 0.0 in stage 0.0 (TID 0). 1775 bytes result sent to driver
[2020-07-22 15:44:53,819] {logging_mixin.py:112} INFO - [2020-07-22 15:44:53,819] {spark_submit_hook.py:479} INFO - 20/07/22 15:44:53 INFO TaskSetManager: Finished task 0.0 in stage 0.0 (TID 0) in 1721 ms on 192.168.43.94 (executor driver) (1/1)
[2020-07-22 15:44:53,824] {logging_mixin.py:112} INFO - [2020-07-22 15:44:53,824] {spark_submit_hook.py:479} INFO - 20/07/22 15:44:53 INFO TaskSchedulerImpl: Removed TaskSet 0.0, whose tasks have all completed, from pool
[2020-07-22 15:44:53,832] {logging_mixin.py:112} INFO - [2020-07-22 15:44:53,832] {spark_submit_hook.py:479} INFO - 20/07/22 15:44:53 INFO PythonAccumulatorV2: Connected to AccumulatorServer at host: 127.0.0.1 port: 41273
[2020-07-22 15:44:53,845] {logging_mixin.py:112} INFO - [2020-07-22 15:44:53,845] {spark_submit_hook.py:479} INFO - 20/07/22 15:44:53 INFO DAGScheduler: ResultStage 0 (collect at /home/bhakti/airflow/spark_jobs/python/spark_test.py:5) finished in 1.970 s
[2020-07-22 15:44:53,859] {logging_mixin.py:112} INFO - [2020-07-22 15:44:53,858] {spark_submit_hook.py:479} INFO - 20/07/22 15:44:53 INFO DAGScheduler: Job 0 is finished. Cancelling potential speculative or zombie tasks for this job
[2020-07-22 15:44:53,860] {logging_mixin.py:112} INFO - [2020-07-22 15:44:53,860] {spark_submit_hook.py:479} INFO - 20/07/22 15:44:53 INFO TaskSchedulerImpl: Killing all running tasks in stage 0: Stage finished
[2020-07-22 15:44:53,864] {logging_mixin.py:112} INFO - [2020-07-22 15:44:53,864] {spark_submit_hook.py:479} INFO - 20/07/22 15:44:53 INFO DAGScheduler: Job 0 finished: collect at /home/bhakti/airflow/spark_jobs/python/spark_test.py:5, took 2.115677 s
[2020-07-22 15:44:53,903] {logging_mixin.py:112} INFO - [2020-07-22 15:44:53,903] {spark_submit_hook.py:479} INFO - [('PERSON', 'JOINING_YEAR'), ('John', '2018'), ('Sam', '2017'), ('Jeff', '2014'), ('Allen', '2015')]
[2020-07-22 15:44:54,018] {logging_mixin.py:112} INFO - [2020-07-22 15:44:54,017] {spark_submit_hook.py:479} INFO - 20/07/22 15:44:54 INFO SparkContext: Invoking stop() from shutdown hook
[2020-07-22 15:44:54,033] {logging_mixin.py:112} INFO - [2020-07-22 15:44:54,033] {spark_submit_hook.py:479} INFO - 20/07/22 15:44:54 INFO SparkUI: Stopped Spark web UI at http://192.168.43.94:4043
[2020-07-22 15:44:54,074] {logging_mixin.py:112} INFO - [2020-07-22 15:44:54,073] {spark_submit_hook.py:479} INFO - 20/07/22 15:44:54 INFO MapOutputTrackerMasterEndpoint: MapOutputTrackerMasterEndpoint stopped!
[2020-07-22 15:44:54,111] {logging_mixin.py:112} INFO - [2020-07-22 15:44:54,111] {spark_submit_hook.py:479} INFO - 20/07/22 15:44:54 INFO MemoryStore: MemoryStore cleared
[2020-07-22 15:44:54,114] {logging_mixin.py:112} INFO - [2020-07-22 15:44:54,113] {spark_submit_hook.py:479} INFO - 20/07/22 15:44:54 INFO BlockManager: BlockManager stopped
[2020-07-22 15:44:54,135] {logging_mixin.py:112} INFO - [2020-07-22 15:44:54,135] {spark_submit_hook.py:479} INFO - 20/07/22 15:44:54 INFO BlockManagerMaster: BlockManagerMaster stopped
[2020-07-22 15:44:54,143] {logging_mixin.py:112} INFO - [2020-07-22 15:44:54,142] {spark_submit_hook.py:479} INFO - 20/07/22 15:44:54 INFO OutputCommitCoordinator$OutputCommitCoordinatorEndpoint: OutputCommitCoordinator stopped!
[2020-07-22 15:44:54,154] {logging_mixin.py:112} INFO - [2020-07-22 15:44:54,154] {spark_submit_hook.py:479} INFO - 20/07/22 15:44:54 INFO SparkContext: Successfully stopped SparkContext
[2020-07-22 15:44:54,155] {logging_mixin.py:112} INFO - [2020-07-22 15:44:54,154] {spark_submit_hook.py:479} INFO - 20/07/22 15:44:54 INFO ShutdownHookManager: Shutdown hook called
[2020-07-22 15:44:54,156] {logging_mixin.py:112} INFO - [2020-07-22 15:44:54,155] {spark_submit_hook.py:479} INFO - 20/07/22 15:44:54 INFO ShutdownHookManager: Deleting directory /tmp/spark-9443148f-2425-438e-b2fb-de2c985e08df
[2020-07-22 15:44:54,159] {logging_mixin.py:112} INFO - [2020-07-22 15:44:54,158] {spark_submit_hook.py:479} INFO - 20/07/22 15:44:54 INFO ShutdownHookManager: Deleting directory /tmp/spark-1f0eef1b-5866-402b-a35e-9b320d5a50d8
[2020-07-22 15:44:54,161] {logging_mixin.py:112} INFO - [2020-07-22 15:44:54,161] {spark_submit_hook.py:479} INFO - 20/07/22 15:44:54 INFO ShutdownHookManager: Deleting directory /tmp/spark-1f0eef1b-5866-402b-a35e-9b320d5a50d8/pyspark-2563b5fc-381b-414e-bac5-2776c7b3258e
[2020-07-22 15:44:54,212] {taskinstance.py:1052} INFO - Marking task as SUCCESS.dag_id=submit_data, task_id=spark_submit, execution_date=20200720T051900, start_date=20200722T101439, end_date=20200722T101454
[2020-07-22 15:44:54,591] {logging_mixin.py:112} INFO - [2020-07-22 15:44:54,591] {local_task_job.py:103} INFO - Task exited with return code 0
