[2020-07-23 15:24:45,899] {taskinstance.py:669} INFO - Dependencies all met for <TaskInstance: submit_data.spark_submit 2020-07-21T00:56:00+00:00 [queued]>
[2020-07-23 15:24:45,918] {taskinstance.py:669} INFO - Dependencies all met for <TaskInstance: submit_data.spark_submit 2020-07-21T00:56:00+00:00 [queued]>
[2020-07-23 15:24:45,919] {taskinstance.py:879} INFO - 
--------------------------------------------------------------------------------
[2020-07-23 15:24:45,920] {taskinstance.py:880} INFO - Starting attempt 1 of 1
[2020-07-23 15:24:45,921] {taskinstance.py:881} INFO - 
--------------------------------------------------------------------------------
[2020-07-23 15:24:46,076] {taskinstance.py:900} INFO - Executing <Task(SparkSubmitOperator): spark_submit> on 2020-07-21T00:56:00+00:00
[2020-07-23 15:24:46,079] {standard_task_runner.py:53} INFO - Started process 264294 to run task
[2020-07-23 15:24:46,274] {logging_mixin.py:112} INFO - Running %s on host %s <TaskInstance: submit_data.spark_submit 2020-07-21T00:56:00+00:00 [running]> bhakti-Vostro-3558
[2020-07-23 15:24:46,310] {logging_mixin.py:112} INFO - [2020-07-23 15:24:46,309] {base_hook.py:87} INFO - Using connection to: id: spark_local. Host: local, Port: None, Schema: None, Login: None, Password: None, extra: None
[2020-07-23 15:24:46,312] {logging_mixin.py:112} INFO - [2020-07-23 15:24:46,311] {spark_submit_hook.py:325} INFO - Spark-Submit cmd: spark-submit --master local --name airflow-spark /home/bhakti/airflow/spark_jobs/spark_test.py
[2020-07-23 15:24:49,389] {logging_mixin.py:112} INFO - [2020-07-23 15:24:49,388] {spark_submit_hook.py:479} INFO - 20/07/23 15:24:49 WARN Utils: Your hostname, bhakti-Vostro-3558 resolves to a loopback address: 127.0.1.1; using 192.168.43.94 instead (on interface wlp6s0)
[2020-07-23 15:24:49,391] {logging_mixin.py:112} INFO - [2020-07-23 15:24:49,391] {spark_submit_hook.py:479} INFO - 20/07/23 15:24:49 WARN Utils: Set SPARK_LOCAL_IP if you need to bind to another address
[2020-07-23 15:24:51,169] {logging_mixin.py:112} INFO - [2020-07-23 15:24:51,168] {spark_submit_hook.py:479} INFO - 20/07/23 15:24:51 WARN NativeCodeLoader: Unable to load native-hadoop library for your platform... using builtin-java classes where applicable
[2020-07-23 15:24:52,921] {logging_mixin.py:112} INFO - [2020-07-23 15:24:52,921] {spark_submit_hook.py:479} INFO - Using Spark's default log4j profile: org/apache/spark/log4j-defaults.properties
[2020-07-23 15:24:52,937] {logging_mixin.py:112} INFO - [2020-07-23 15:24:52,937] {spark_submit_hook.py:479} INFO - 20/07/23 15:24:52 INFO SparkContext: Running Spark version 3.0.0
[2020-07-23 15:24:53,013] {logging_mixin.py:112} INFO - [2020-07-23 15:24:53,013] {spark_submit_hook.py:479} INFO - 20/07/23 15:24:53 INFO ResourceUtils: ==============================================================
[2020-07-23 15:24:53,016] {logging_mixin.py:112} INFO - [2020-07-23 15:24:53,016] {spark_submit_hook.py:479} INFO - 20/07/23 15:24:53 INFO ResourceUtils: Resources for spark.driver:
[2020-07-23 15:24:53,017] {logging_mixin.py:112} INFO - [2020-07-23 15:24:53,016] {spark_submit_hook.py:479} INFO - 
[2020-07-23 15:24:53,017] {logging_mixin.py:112} INFO - [2020-07-23 15:24:53,017] {spark_submit_hook.py:479} INFO - 20/07/23 15:24:53 INFO ResourceUtils: ==============================================================
[2020-07-23 15:24:53,018] {logging_mixin.py:112} INFO - [2020-07-23 15:24:53,018] {spark_submit_hook.py:479} INFO - 20/07/23 15:24:53 INFO SparkContext: Submitted application: Spark_Test_Python
[2020-07-23 15:24:53,124] {logging_mixin.py:112} INFO - [2020-07-23 15:24:53,123] {spark_submit_hook.py:479} INFO - 20/07/23 15:24:53 INFO SecurityManager: Changing view acls to: bhakti
[2020-07-23 15:24:53,124] {logging_mixin.py:112} INFO - [2020-07-23 15:24:53,124] {spark_submit_hook.py:479} INFO - 20/07/23 15:24:53 INFO SecurityManager: Changing modify acls to: bhakti
[2020-07-23 15:24:53,125] {logging_mixin.py:112} INFO - [2020-07-23 15:24:53,124] {spark_submit_hook.py:479} INFO - 20/07/23 15:24:53 INFO SecurityManager: Changing view acls groups to:
[2020-07-23 15:24:53,125] {logging_mixin.py:112} INFO - [2020-07-23 15:24:53,125] {spark_submit_hook.py:479} INFO - 20/07/23 15:24:53 INFO SecurityManager: Changing modify acls groups to:
[2020-07-23 15:24:53,125] {logging_mixin.py:112} INFO - [2020-07-23 15:24:53,125] {spark_submit_hook.py:479} INFO - 20/07/23 15:24:53 INFO SecurityManager: SecurityManager: authentication disabled; ui acls disabled; users  with view permissions: Set(bhakti); groups with view permissions: Set(); users  with modify permissions: Set(bhakti); groups with modify permissions: Set()
[2020-07-23 15:24:53,573] {logging_mixin.py:112} INFO - [2020-07-23 15:24:53,573] {spark_submit_hook.py:479} INFO - 20/07/23 15:24:53 INFO Utils: Successfully started service 'sparkDriver' on port 33161.
[2020-07-23 15:24:53,641] {logging_mixin.py:112} INFO - [2020-07-23 15:24:53,641] {spark_submit_hook.py:479} INFO - 20/07/23 15:24:53 INFO SparkEnv: Registering MapOutputTracker
[2020-07-23 15:24:53,703] {logging_mixin.py:112} INFO - [2020-07-23 15:24:53,703] {spark_submit_hook.py:479} INFO - 20/07/23 15:24:53 INFO SparkEnv: Registering BlockManagerMaster
[2020-07-23 15:24:53,745] {logging_mixin.py:112} INFO - [2020-07-23 15:24:53,744] {spark_submit_hook.py:479} INFO - 20/07/23 15:24:53 INFO BlockManagerMasterEndpoint: Using org.apache.spark.storage.DefaultTopologyMapper for getting topology information
[2020-07-23 15:24:53,746] {logging_mixin.py:112} INFO - [2020-07-23 15:24:53,746] {spark_submit_hook.py:479} INFO - 20/07/23 15:24:53 INFO BlockManagerMasterEndpoint: BlockManagerMasterEndpoint up
[2020-07-23 15:24:53,753] {logging_mixin.py:112} INFO - [2020-07-23 15:24:53,753] {spark_submit_hook.py:479} INFO - 20/07/23 15:24:53 INFO SparkEnv: Registering BlockManagerMasterHeartbeat
[2020-07-23 15:24:53,782] {logging_mixin.py:112} INFO - [2020-07-23 15:24:53,782] {spark_submit_hook.py:479} INFO - 20/07/23 15:24:53 INFO DiskBlockManager: Created local directory at /tmp/blockmgr-ab24f1d1-9da8-4ec3-957a-351e011f2893
[2020-07-23 15:24:53,819] {logging_mixin.py:112} INFO - [2020-07-23 15:24:53,818] {spark_submit_hook.py:479} INFO - 20/07/23 15:24:53 INFO MemoryStore: MemoryStore started with capacity 366.3 MiB
[2020-07-23 15:24:53,850] {logging_mixin.py:112} INFO - [2020-07-23 15:24:53,850] {spark_submit_hook.py:479} INFO - 20/07/23 15:24:53 INFO SparkEnv: Registering OutputCommitCoordinator
[2020-07-23 15:24:54,294] {logging_mixin.py:112} INFO - [2020-07-23 15:24:54,294] {spark_submit_hook.py:479} INFO - 20/07/23 15:24:54 WARN Utils: Service 'SparkUI' could not bind on port 4040. Attempting port 4041.
[2020-07-23 15:24:54,295] {logging_mixin.py:112} INFO - [2020-07-23 15:24:54,294] {spark_submit_hook.py:479} INFO - 20/07/23 15:24:54 WARN Utils: Service 'SparkUI' could not bind on port 4041. Attempting port 4042.
[2020-07-23 15:24:54,295] {logging_mixin.py:112} INFO - [2020-07-23 15:24:54,295] {spark_submit_hook.py:479} INFO - 20/07/23 15:24:54 WARN Utils: Service 'SparkUI' could not bind on port 4042. Attempting port 4043.
[2020-07-23 15:24:54,322] {logging_mixin.py:112} INFO - [2020-07-23 15:24:54,322] {spark_submit_hook.py:479} INFO - 20/07/23 15:24:54 INFO Utils: Successfully started service 'SparkUI' on port 4043.
[2020-07-23 15:24:54,426] {logging_mixin.py:112} INFO - [2020-07-23 15:24:54,426] {spark_submit_hook.py:479} INFO - 20/07/23 15:24:54 INFO SparkUI: Bound SparkUI to 0.0.0.0, and started at http://192.168.43.94:4043
[2020-07-23 15:24:55,081] {logging_mixin.py:112} INFO - [2020-07-23 15:24:55,080] {spark_submit_hook.py:479} INFO - 20/07/23 15:24:55 INFO Executor: Starting executor ID driver on host 192.168.43.94
[2020-07-23 15:24:55,175] {logging_mixin.py:112} INFO - [2020-07-23 15:24:55,175] {spark_submit_hook.py:479} INFO - 20/07/23 15:24:55 INFO Utils: Successfully started service 'org.apache.spark.network.netty.NettyBlockTransferService' on port 33053.
[2020-07-23 15:24:55,176] {logging_mixin.py:112} INFO - [2020-07-23 15:24:55,176] {spark_submit_hook.py:479} INFO - 20/07/23 15:24:55 INFO NettyBlockTransferService: Server created on 192.168.43.94:33053
[2020-07-23 15:24:55,180] {logging_mixin.py:112} INFO - [2020-07-23 15:24:55,179] {spark_submit_hook.py:479} INFO - 20/07/23 15:24:55 INFO BlockManager: Using org.apache.spark.storage.RandomBlockReplicationPolicy for block replication policy
[2020-07-23 15:24:55,200] {logging_mixin.py:112} INFO - [2020-07-23 15:24:55,199] {spark_submit_hook.py:479} INFO - 20/07/23 15:24:55 INFO BlockManagerMaster: Registering BlockManager BlockManagerId(driver, 192.168.43.94, 33053, None)
[2020-07-23 15:24:55,211] {logging_mixin.py:112} INFO - [2020-07-23 15:24:55,211] {spark_submit_hook.py:479} INFO - 20/07/23 15:24:55 INFO BlockManagerMasterEndpoint: Registering block manager 192.168.43.94:33053 with 366.3 MiB RAM, BlockManagerId(driver, 192.168.43.94, 33053, None)
[2020-07-23 15:24:55,218] {logging_mixin.py:112} INFO - [2020-07-23 15:24:55,218] {spark_submit_hook.py:479} INFO - 20/07/23 15:24:55 INFO BlockManagerMaster: Registered BlockManager BlockManagerId(driver, 192.168.43.94, 33053, None)
[2020-07-23 15:24:55,221] {logging_mixin.py:112} INFO - [2020-07-23 15:24:55,220] {spark_submit_hook.py:479} INFO - 20/07/23 15:24:55 INFO BlockManager: Initialized BlockManager: BlockManagerId(driver, 192.168.43.94, 33053, None)
[2020-07-23 15:24:58,623] {logging_mixin.py:112} INFO - [2020-07-23 15:24:58,622] {spark_submit_hook.py:479} INFO - 20/07/23 15:24:58 INFO MemoryStore: Block broadcast_0 stored as values in memory (estimated size 241.5 KiB, free 366.1 MiB)
[2020-07-23 15:24:59,029] {logging_mixin.py:112} INFO - [2020-07-23 15:24:59,029] {spark_submit_hook.py:479} INFO - 20/07/23 15:24:59 INFO MemoryStore: Block broadcast_0_piece0 stored as bytes in memory (estimated size 23.4 KiB, free 366.0 MiB)
[2020-07-23 15:24:59,054] {logging_mixin.py:112} INFO - [2020-07-23 15:24:59,053] {spark_submit_hook.py:479} INFO - 20/07/23 15:24:59 INFO BlockManagerInfo: Added broadcast_0_piece0 in memory on 192.168.43.94:33053 (size: 23.4 KiB, free: 366.3 MiB)
[2020-07-23 15:24:59,070] {logging_mixin.py:112} INFO - [2020-07-23 15:24:59,069] {spark_submit_hook.py:479} INFO - 20/07/23 15:24:59 INFO SparkContext: Created broadcast 0 from textFile at NativeMethodAccessorImpl.java:0
[2020-07-23 15:24:59,664] {logging_mixin.py:112} INFO - [2020-07-23 15:24:59,664] {spark_submit_hook.py:479} INFO - 20/07/23 15:24:59 INFO FileInputFormat: Total input paths to process : 1
[2020-07-23 15:24:59,984] {logging_mixin.py:112} INFO - [2020-07-23 15:24:59,984] {spark_submit_hook.py:479} INFO - 20/07/23 15:24:59 INFO SparkContext: Starting job: collect at /home/bhakti/airflow/spark_jobs/spark_test.py:8
[2020-07-23 15:25:00,090] {logging_mixin.py:112} INFO - [2020-07-23 15:25:00,089] {spark_submit_hook.py:479} INFO - 20/07/23 15:25:00 INFO DAGScheduler: Got job 0 (collect at /home/bhakti/airflow/spark_jobs/spark_test.py:8) with 1 output partitions
[2020-07-23 15:25:00,094] {logging_mixin.py:112} INFO - [2020-07-23 15:25:00,094] {spark_submit_hook.py:479} INFO - 20/07/23 15:25:00 INFO DAGScheduler: Final stage: ResultStage 0 (collect at /home/bhakti/airflow/spark_jobs/spark_test.py:8)
[2020-07-23 15:25:00,096] {logging_mixin.py:112} INFO - [2020-07-23 15:25:00,096] {spark_submit_hook.py:479} INFO - 20/07/23 15:25:00 INFO DAGScheduler: Parents of final stage: List()
[2020-07-23 15:25:00,101] {logging_mixin.py:112} INFO - [2020-07-23 15:25:00,101] {spark_submit_hook.py:479} INFO - 20/07/23 15:25:00 INFO DAGScheduler: Missing parents: List()
[2020-07-23 15:25:00,130] {logging_mixin.py:112} INFO - [2020-07-23 15:25:00,130] {spark_submit_hook.py:479} INFO - 20/07/23 15:25:00 INFO DAGScheduler: Submitting ResultStage 0 (PythonRDD[2] at collect at /home/bhakti/airflow/spark_jobs/spark_test.py:8), which has no missing parents
[2020-07-23 15:25:00,270] {logging_mixin.py:112} INFO - [2020-07-23 15:25:00,269] {spark_submit_hook.py:479} INFO - 20/07/23 15:25:00 INFO MemoryStore: Block broadcast_1 stored as values in memory (estimated size 7.4 KiB, free 366.0 MiB)
[2020-07-23 15:25:00,279] {logging_mixin.py:112} INFO - [2020-07-23 15:25:00,278] {spark_submit_hook.py:479} INFO - 20/07/23 15:25:00 INFO MemoryStore: Block broadcast_1_piece0 stored as bytes in memory (estimated size 4.4 KiB, free 366.0 MiB)
[2020-07-23 15:25:00,280] {logging_mixin.py:112} INFO - [2020-07-23 15:25:00,280] {spark_submit_hook.py:479} INFO - 20/07/23 15:25:00 INFO BlockManagerInfo: Added broadcast_1_piece0 in memory on 192.168.43.94:33053 (size: 4.4 KiB, free: 366.3 MiB)
[2020-07-23 15:25:00,289] {logging_mixin.py:112} INFO - [2020-07-23 15:25:00,289] {spark_submit_hook.py:479} INFO - 20/07/23 15:25:00 INFO SparkContext: Created broadcast 1 from broadcast at DAGScheduler.scala:1200
[2020-07-23 15:25:00,318] {logging_mixin.py:112} INFO - [2020-07-23 15:25:00,317] {spark_submit_hook.py:479} INFO - 20/07/23 15:25:00 INFO DAGScheduler: Submitting 1 missing tasks from ResultStage 0 (PythonRDD[2] at collect at /home/bhakti/airflow/spark_jobs/spark_test.py:8) (first 15 tasks are for partitions Vector(0))
[2020-07-23 15:25:00,320] {logging_mixin.py:112} INFO - [2020-07-23 15:25:00,320] {spark_submit_hook.py:479} INFO - 20/07/23 15:25:00 INFO TaskSchedulerImpl: Adding task set 0.0 with 1 tasks
[2020-07-23 15:25:00,483] {logging_mixin.py:112} INFO - [2020-07-23 15:25:00,482] {spark_submit_hook.py:479} INFO - 20/07/23 15:25:00 INFO TaskSetManager: Starting task 0.0 in stage 0.0 (TID 0, 192.168.43.94, executor driver, partition 0, PROCESS_LOCAL, 7388 bytes)
[2020-07-23 15:25:00,513] {logging_mixin.py:112} INFO - [2020-07-23 15:25:00,513] {spark_submit_hook.py:479} INFO - 20/07/23 15:25:00 INFO Executor: Running task 0.0 in stage 0.0 (TID 0)
[2020-07-23 15:25:01,901] {logging_mixin.py:112} INFO - [2020-07-23 15:25:01,901] {spark_submit_hook.py:479} INFO - 20/07/23 15:25:01 INFO HadoopRDD: Input split: file:/home/bhakti/airflow/input_data/sample.csv:0+93
[2020-07-23 15:25:02,963] {logging_mixin.py:112} INFO - [2020-07-23 15:25:02,963] {spark_submit_hook.py:479} INFO - 20/07/23 15:25:02 INFO PythonRunner: Times: total = 967, boot = 916, init = 51, finish = 0
[2020-07-23 15:25:03,018] {logging_mixin.py:112} INFO - [2020-07-23 15:25:03,017] {spark_submit_hook.py:479} INFO - 20/07/23 15:25:03 INFO Executor: Finished task 0.0 in stage 0.0 (TID 0). 1822 bytes result sent to driver
[2020-07-23 15:25:03,045] {logging_mixin.py:112} INFO - [2020-07-23 15:25:03,045] {spark_submit_hook.py:479} INFO - 20/07/23 15:25:03 INFO TaskSetManager: Finished task 0.0 in stage 0.0 (TID 0) in 2595 ms on 192.168.43.94 (executor driver) (1/1)
[2020-07-23 15:25:03,049] {logging_mixin.py:112} INFO - [2020-07-23 15:25:03,049] {spark_submit_hook.py:479} INFO - 20/07/23 15:25:03 INFO TaskSchedulerImpl: Removed TaskSet 0.0, whose tasks have all completed, from pool
[2020-07-23 15:25:03,061] {logging_mixin.py:112} INFO - [2020-07-23 15:25:03,060] {spark_submit_hook.py:479} INFO - 20/07/23 15:25:03 INFO PythonAccumulatorV2: Connected to AccumulatorServer at host: 127.0.0.1 port: 55745
[2020-07-23 15:25:03,073] {logging_mixin.py:112} INFO - [2020-07-23 15:25:03,073] {spark_submit_hook.py:479} INFO - 20/07/23 15:25:03 INFO DAGScheduler: ResultStage 0 (collect at /home/bhakti/airflow/spark_jobs/spark_test.py:8) finished in 2.848 s
[2020-07-23 15:25:03,102] {logging_mixin.py:112} INFO - [2020-07-23 15:25:03,102] {spark_submit_hook.py:479} INFO - 20/07/23 15:25:03 INFO DAGScheduler: Job 0 is finished. Cancelling potential speculative or zombie tasks for this job
[2020-07-23 15:25:03,103] {logging_mixin.py:112} INFO - [2020-07-23 15:25:03,103] {spark_submit_hook.py:479} INFO - 20/07/23 15:25:03 INFO TaskSchedulerImpl: Killing all running tasks in stage 0: Stage finished
[2020-07-23 15:25:03,111] {logging_mixin.py:112} INFO - [2020-07-23 15:25:03,111] {spark_submit_hook.py:479} INFO - 20/07/23 15:25:03 INFO DAGScheduler: Job 0 finished: collect at /home/bhakti/airflow/spark_jobs/spark_test.py:8, took 3.125828 s
[2020-07-23 15:25:03,137] {logging_mixin.py:112} INFO - [2020-07-23 15:25:03,137] {spark_submit_hook.py:479} INFO - [('PERSON', 'JOINING_YEAR', 'COMPANY'), ('John', '2018', 'Google'), ('Sam', '2017', 'IBM'), ('Jeff', '2014', 'Yahoo'), ('Allen', '2015', 'Facebook')]
[2020-07-23 15:25:04,324] {logging_mixin.py:112} INFO - [2020-07-23 15:25:04,324] {spark_submit_hook.py:479} INFO - 20/07/23 15:25:04 INFO BlockManagerInfo: Removed broadcast_0_piece0 on 192.168.43.94:33053 in memory (size: 23.4 KiB, free: 366.3 MiB)
[2020-07-23 15:25:04,420] {logging_mixin.py:112} INFO - [2020-07-23 15:25:04,420] {spark_submit_hook.py:479} INFO - 20/07/23 15:25:04 INFO BlockManagerInfo: Removed broadcast_1_piece0 on 192.168.43.94:33053 in memory (size: 4.4 KiB, free: 366.3 MiB)
[2020-07-23 15:25:04,572] {logging_mixin.py:112} INFO - [2020-07-23 15:25:04,571] {spark_submit_hook.py:479} INFO - 20/07/23 15:25:04 INFO SharedState: Setting hive.metastore.warehouse.dir ('null') to the value of spark.sql.warehouse.dir ('file:/home/bhakti/airflow/spark-warehouse').
[2020-07-23 15:25:04,573] {logging_mixin.py:112} INFO - [2020-07-23 15:25:04,573] {spark_submit_hook.py:479} INFO - 20/07/23 15:25:04 INFO SharedState: Warehouse path is 'file:/home/bhakti/airflow/spark-warehouse'.
[2020-07-23 15:25:10,780] {logging_mixin.py:112} INFO - [2020-07-23 15:25:10,779] {spark_submit_hook.py:479} INFO - 20/07/23 15:25:10 INFO CodeGenerator: Code generated in 530.759303 ms
[2020-07-23 15:25:10,943] {logging_mixin.py:112} INFO - [2020-07-23 15:25:10,943] {spark_submit_hook.py:479} INFO - 20/07/23 15:25:10 INFO SparkContext: Starting job: showString at NativeMethodAccessorImpl.java:0
[2020-07-23 15:25:10,954] {logging_mixin.py:112} INFO - [2020-07-23 15:25:10,953] {spark_submit_hook.py:479} INFO - 20/07/23 15:25:10 INFO DAGScheduler: Got job 1 (showString at NativeMethodAccessorImpl.java:0) with 1 output partitions
[2020-07-23 15:25:10,954] {logging_mixin.py:112} INFO - [2020-07-23 15:25:10,954] {spark_submit_hook.py:479} INFO - 20/07/23 15:25:10 INFO DAGScheduler: Final stage: ResultStage 1 (showString at NativeMethodAccessorImpl.java:0)
[2020-07-23 15:25:10,954] {logging_mixin.py:112} INFO - [2020-07-23 15:25:10,954] {spark_submit_hook.py:479} INFO - 20/07/23 15:25:10 INFO DAGScheduler: Parents of final stage: List()
[2020-07-23 15:25:10,965] {logging_mixin.py:112} INFO - [2020-07-23 15:25:10,965] {spark_submit_hook.py:479} INFO - 20/07/23 15:25:10 INFO DAGScheduler: Missing parents: List()
[2020-07-23 15:25:10,970] {logging_mixin.py:112} INFO - [2020-07-23 15:25:10,969] {spark_submit_hook.py:479} INFO - 20/07/23 15:25:10 INFO DAGScheduler: Submitting ResultStage 1 (MapPartitionsRDD[9] at showString at NativeMethodAccessorImpl.java:0), which has no missing parents
[2020-07-23 15:25:11,019] {logging_mixin.py:112} INFO - [2020-07-23 15:25:11,019] {spark_submit_hook.py:479} INFO - 20/07/23 15:25:11 INFO MemoryStore: Block broadcast_2 stored as values in memory (estimated size 11.2 KiB, free 366.3 MiB)
[2020-07-23 15:25:11,102] {logging_mixin.py:112} INFO - [2020-07-23 15:25:11,102] {spark_submit_hook.py:479} INFO - 20/07/23 15:25:11 INFO MemoryStore: Block broadcast_2_piece0 stored as bytes in memory (estimated size 5.8 KiB, free 366.3 MiB)
[2020-07-23 15:25:11,105] {logging_mixin.py:112} INFO - [2020-07-23 15:25:11,105] {spark_submit_hook.py:479} INFO - 20/07/23 15:25:11 INFO BlockManagerInfo: Added broadcast_2_piece0 in memory on 192.168.43.94:33053 (size: 5.8 KiB, free: 366.3 MiB)
[2020-07-23 15:25:11,106] {logging_mixin.py:112} INFO - [2020-07-23 15:25:11,106] {spark_submit_hook.py:479} INFO - 20/07/23 15:25:11 INFO SparkContext: Created broadcast 2 from broadcast at DAGScheduler.scala:1200
[2020-07-23 15:25:11,108] {logging_mixin.py:112} INFO - [2020-07-23 15:25:11,107] {spark_submit_hook.py:479} INFO - 20/07/23 15:25:11 INFO DAGScheduler: Submitting 1 missing tasks from ResultStage 1 (MapPartitionsRDD[9] at showString at NativeMethodAccessorImpl.java:0) (first 15 tasks are for partitions Vector(0))
[2020-07-23 15:25:11,108] {logging_mixin.py:112} INFO - [2020-07-23 15:25:11,108] {spark_submit_hook.py:479} INFO - 20/07/23 15:25:11 INFO TaskSchedulerImpl: Adding task set 1.0 with 1 tasks
[2020-07-23 15:25:11,128] {logging_mixin.py:112} INFO - [2020-07-23 15:25:11,128] {spark_submit_hook.py:479} INFO - 20/07/23 15:25:11 INFO TaskSetManager: Starting task 0.0 in stage 1.0 (TID 1, 192.168.43.94, executor driver, partition 0, PROCESS_LOCAL, 7493 bytes)
[2020-07-23 15:25:11,130] {logging_mixin.py:112} INFO - [2020-07-23 15:25:11,129] {spark_submit_hook.py:479} INFO - 20/07/23 15:25:11 INFO Executor: Running task 0.0 in stage 1.0 (TID 1)
[2020-07-23 15:25:11,413] {logging_mixin.py:112} INFO - [2020-07-23 15:25:11,412] {spark_submit_hook.py:479} INFO - 20/07/23 15:25:11 INFO PythonRunner: Times: total = 16, boot = -8342, init = 8358, finish = 0
[2020-07-23 15:25:11,416] {logging_mixin.py:112} INFO - [2020-07-23 15:25:11,415] {spark_submit_hook.py:479} INFO - 20/07/23 15:25:11 INFO Executor: Finished task 0.0 in stage 1.0 (TID 1). 2235 bytes result sent to driver
[2020-07-23 15:25:11,419] {logging_mixin.py:112} INFO - [2020-07-23 15:25:11,419] {spark_submit_hook.py:479} INFO - 20/07/23 15:25:11 INFO TaskSetManager: Finished task 0.0 in stage 1.0 (TID 1) in 309 ms on 192.168.43.94 (executor driver) (1/1)
[2020-07-23 15:25:11,420] {logging_mixin.py:112} INFO - [2020-07-23 15:25:11,420] {spark_submit_hook.py:479} INFO - 20/07/23 15:25:11 INFO TaskSchedulerImpl: Removed TaskSet 1.0, whose tasks have all completed, from pool
[2020-07-23 15:25:11,448] {logging_mixin.py:112} INFO - [2020-07-23 15:25:11,448] {spark_submit_hook.py:479} INFO - 20/07/23 15:25:11 INFO DAGScheduler: ResultStage 1 (showString at NativeMethodAccessorImpl.java:0) finished in 0.446 s
[2020-07-23 15:25:11,449] {logging_mixin.py:112} INFO - [2020-07-23 15:25:11,448] {spark_submit_hook.py:479} INFO - 20/07/23 15:25:11 INFO DAGScheduler: Job 1 is finished. Cancelling potential speculative or zombie tasks for this job
[2020-07-23 15:25:11,449] {logging_mixin.py:112} INFO - [2020-07-23 15:25:11,449] {spark_submit_hook.py:479} INFO - 20/07/23 15:25:11 INFO TaskSchedulerImpl: Killing all running tasks in stage 1: Stage finished
[2020-07-23 15:25:11,449] {logging_mixin.py:112} INFO - [2020-07-23 15:25:11,449] {spark_submit_hook.py:479} INFO - 20/07/23 15:25:11 INFO DAGScheduler: Job 1 finished: showString at NativeMethodAccessorImpl.java:0, took 0.479742 s
[2020-07-23 15:25:11,530] {logging_mixin.py:112} INFO - [2020-07-23 15:25:11,529] {spark_submit_hook.py:479} INFO - 20/07/23 15:25:11 INFO CodeGenerator: Code generated in 61.575824 ms
[2020-07-23 15:25:11,554] {logging_mixin.py:112} INFO - [2020-07-23 15:25:11,554] {spark_submit_hook.py:479} INFO - +------+------------+--------+
[2020-07-23 15:25:11,555] {logging_mixin.py:112} INFO - [2020-07-23 15:25:11,554] {spark_submit_hook.py:479} INFO - |    _1|          _2|      _3|
[2020-07-23 15:25:11,555] {logging_mixin.py:112} INFO - [2020-07-23 15:25:11,555] {spark_submit_hook.py:479} INFO - +------+------------+--------+
[2020-07-23 15:25:11,555] {logging_mixin.py:112} INFO - [2020-07-23 15:25:11,555] {spark_submit_hook.py:479} INFO - |PERSON|JOINING_YEAR| COMPANY|
[2020-07-23 15:25:11,556] {logging_mixin.py:112} INFO - [2020-07-23 15:25:11,556] {spark_submit_hook.py:479} INFO - |  John|        2018|  Google|
[2020-07-23 15:25:11,556] {logging_mixin.py:112} INFO - [2020-07-23 15:25:11,556] {spark_submit_hook.py:479} INFO - |   Sam|        2017|     IBM|
[2020-07-23 15:25:11,556] {logging_mixin.py:112} INFO - [2020-07-23 15:25:11,556] {spark_submit_hook.py:479} INFO - |  Jeff|        2014|   Yahoo|
[2020-07-23 15:25:11,557] {logging_mixin.py:112} INFO - [2020-07-23 15:25:11,556] {spark_submit_hook.py:479} INFO - | Allen|        2015|Facebook|
[2020-07-23 15:25:11,557] {logging_mixin.py:112} INFO - [2020-07-23 15:25:11,557] {spark_submit_hook.py:479} INFO - +------+------------+--------+
[2020-07-23 15:25:11,557] {logging_mixin.py:112} INFO - [2020-07-23 15:25:11,557] {spark_submit_hook.py:479} INFO - 
[2020-07-23 15:25:11,650] {logging_mixin.py:112} INFO - [2020-07-23 15:25:11,649] {spark_submit_hook.py:479} INFO - 20/07/23 15:25:11 INFO SparkContext: Invoking stop() from shutdown hook
[2020-07-23 15:25:11,664] {logging_mixin.py:112} INFO - [2020-07-23 15:25:11,664] {spark_submit_hook.py:479} INFO - 20/07/23 15:25:11 INFO SparkUI: Stopped Spark web UI at http://192.168.43.94:4043
[2020-07-23 15:25:11,698] {logging_mixin.py:112} INFO - [2020-07-23 15:25:11,697] {spark_submit_hook.py:479} INFO - 20/07/23 15:25:11 INFO MapOutputTrackerMasterEndpoint: MapOutputTrackerMasterEndpoint stopped!
[2020-07-23 15:25:11,745] {logging_mixin.py:112} INFO - [2020-07-23 15:25:11,745] {spark_submit_hook.py:479} INFO - 20/07/23 15:25:11 INFO MemoryStore: MemoryStore cleared
[2020-07-23 15:25:11,747] {logging_mixin.py:112} INFO - [2020-07-23 15:25:11,747] {spark_submit_hook.py:479} INFO - 20/07/23 15:25:11 INFO BlockManager: BlockManager stopped
[2020-07-23 15:25:11,756] {logging_mixin.py:112} INFO - [2020-07-23 15:25:11,756] {spark_submit_hook.py:479} INFO - 20/07/23 15:25:11 INFO BlockManagerMaster: BlockManagerMaster stopped
[2020-07-23 15:25:11,764] {logging_mixin.py:112} INFO - [2020-07-23 15:25:11,764] {spark_submit_hook.py:479} INFO - 20/07/23 15:25:11 INFO OutputCommitCoordinator$OutputCommitCoordinatorEndpoint: OutputCommitCoordinator stopped!
[2020-07-23 15:25:11,790] {logging_mixin.py:112} INFO - [2020-07-23 15:25:11,790] {spark_submit_hook.py:479} INFO - 20/07/23 15:25:11 INFO SparkContext: Successfully stopped SparkContext
[2020-07-23 15:25:11,791] {logging_mixin.py:112} INFO - [2020-07-23 15:25:11,790] {spark_submit_hook.py:479} INFO - 20/07/23 15:25:11 INFO ShutdownHookManager: Shutdown hook called
[2020-07-23 15:25:11,793] {logging_mixin.py:112} INFO - [2020-07-23 15:25:11,793] {spark_submit_hook.py:479} INFO - 20/07/23 15:25:11 INFO ShutdownHookManager: Deleting directory /tmp/spark-520b7f29-8bdb-4edd-a436-6c6241975381
[2020-07-23 15:25:11,798] {logging_mixin.py:112} INFO - [2020-07-23 15:25:11,797] {spark_submit_hook.py:479} INFO - 20/07/23 15:25:11 INFO ShutdownHookManager: Deleting directory /tmp/spark-8bb0258a-af90-492f-bc5f-9ac9cee3d700
[2020-07-23 15:25:11,809] {logging_mixin.py:112} INFO - [2020-07-23 15:25:11,808] {spark_submit_hook.py:479} INFO - 20/07/23 15:25:11 INFO ShutdownHookManager: Deleting directory /tmp/spark-8bb0258a-af90-492f-bc5f-9ac9cee3d700/pyspark-5f658de6-a9bc-4ef2-bb1a-96044919a55e
[2020-07-23 15:25:11,962] {taskinstance.py:1052} INFO - Marking task as SUCCESS.dag_id=submit_data, task_id=spark_submit, execution_date=20200721T005600, start_date=20200723T095445, end_date=20200723T095511
[2020-07-23 15:25:16,593] {logging_mixin.py:112} INFO - [2020-07-23 15:25:16,593] {local_task_job.py:103} INFO - Task exited with return code 0
