[2020-07-18 17:08:56,416] {taskinstance.py:669} INFO - Dependencies all met for <TaskInstance: storing_data.db1_to_csv 2020-07-18T11:37:59.216823+00:00 [queued]>
[2020-07-18 17:08:56,427] {taskinstance.py:669} INFO - Dependencies all met for <TaskInstance: storing_data.db1_to_csv 2020-07-18T11:37:59.216823+00:00 [queued]>
[2020-07-18 17:08:56,428] {taskinstance.py:879} INFO - 
--------------------------------------------------------------------------------
[2020-07-18 17:08:56,428] {taskinstance.py:880} INFO - Starting attempt 1 of 2
[2020-07-18 17:08:56,428] {taskinstance.py:881} INFO - 
--------------------------------------------------------------------------------
[2020-07-18 17:08:56,588] {taskinstance.py:900} INFO - Executing <Task(BashOperator): db1_to_csv> on 2020-07-18T11:37:59.216823+00:00
[2020-07-18 17:08:56,591] {standard_task_runner.py:53} INFO - Started process 160949 to run task
[2020-07-18 17:08:56,777] {logging_mixin.py:112} INFO - Running %s on host %s <TaskInstance: storing_data.db1_to_csv 2020-07-18T11:37:59.216823+00:00 [running]> bhakti-Vostro-3558
[2020-07-18 17:08:56,804] {bash_operator.py:82} INFO - Tmp dir root location: 
 /tmp
[2020-07-18 17:08:56,805] {bash_operator.py:103} INFO - Temporary script location: /tmp/airflowtmpnbaw3m2i/db1_to_csvdhyhxvil
[2020-07-18 17:08:56,806] {bash_operator.py:115} INFO - Running command: #!/bin/bash -x
user=root
password=root
dbname=airflow_db1
docker exec -it mysqlCon \
mysql -D$dbname -p$password -u$user -e'SELECT * FROM employees INTO OUTFILE "/input_files_mysql/sample2.csv" FIELDS TERMINATED BY "," LINES TERMINATED BY "\n";'
[2020-07-18 17:08:56,822] {bash_operator.py:122} INFO - Output:
[2020-07-18 17:08:58,272] {bash_operator.py:126} INFO - mysql: [Warning] Using a password on the command line interface can be insecure.
[2020-07-18 17:08:58,693] {bash_operator.py:128} INFO - Command exited with return code 0
[2020-07-18 17:08:58,705] {taskinstance.py:1052} INFO - Marking task as SUCCESS.dag_id=storing_data, task_id=db1_to_csv, execution_date=20200718T113759, start_date=20200718T113856, end_date=20200718T113858
[2020-07-18 17:09:06,291] {logging_mixin.py:112} INFO - [2020-07-18 17:09:06,290] {local_task_job.py:103} INFO - Task exited with return code 0
