[2020-07-22 17:11:26,350] {taskinstance.py:669} INFO - Dependencies all met for <TaskInstance: submit_data.spark_submit 2020-07-20T07:19:00+00:00 [queued]>
[2020-07-22 17:11:26,365] {taskinstance.py:669} INFO - Dependencies all met for <TaskInstance: submit_data.spark_submit 2020-07-20T07:19:00+00:00 [queued]>
[2020-07-22 17:11:26,365] {taskinstance.py:879} INFO - 
--------------------------------------------------------------------------------
[2020-07-22 17:11:26,365] {taskinstance.py:880} INFO - Starting attempt 1 of 1
[2020-07-22 17:11:26,365] {taskinstance.py:881} INFO - 
--------------------------------------------------------------------------------
[2020-07-22 17:11:26,511] {taskinstance.py:900} INFO - Executing <Task(SparkSubmitOperator): spark_submit> on 2020-07-20T07:19:00+00:00
[2020-07-22 17:11:26,515] {standard_task_runner.py:53} INFO - Started process 632158 to run task
[2020-07-22 17:11:26,718] {logging_mixin.py:112} INFO - Running %s on host %s <TaskInstance: submit_data.spark_submit 2020-07-20T07:19:00+00:00 [running]> bhakti-Vostro-3558
[2020-07-22 17:11:26,744] {logging_mixin.py:112} INFO - [2020-07-22 17:11:26,743] {base_hook.py:87} INFO - Using connection to: id: spark_local. Host: local, Port: None, Schema: None, Login: None, Password: None, extra: None
[2020-07-22 17:11:26,745] {logging_mixin.py:112} INFO - [2020-07-22 17:11:26,745] {spark_submit_hook.py:325} INFO - Spark-Submit cmd: spark-submit --master local --name airflow-spark /home/bhakti/airflow/spark_jobs/spark_test.py
[2020-07-22 17:11:29,383] {logging_mixin.py:112} INFO - [2020-07-22 17:11:29,382] {spark_submit_hook.py:479} INFO - 20/07/22 17:11:29 WARN Utils: Your hostname, bhakti-Vostro-3558 resolves to a loopback address: 127.0.1.1; using 192.168.43.94 instead (on interface wlp6s0)
[2020-07-22 17:11:29,383] {logging_mixin.py:112} INFO - [2020-07-22 17:11:29,383] {spark_submit_hook.py:479} INFO - 20/07/22 17:11:29 WARN Utils: Set SPARK_LOCAL_IP if you need to bind to another address
[2020-07-22 17:11:31,050] {logging_mixin.py:112} INFO - [2020-07-22 17:11:31,050] {spark_submit_hook.py:479} INFO - 20/07/22 17:11:31 WARN NativeCodeLoader: Unable to load native-hadoop library for your platform... using builtin-java classes where applicable
[2020-07-22 17:11:33,208] {logging_mixin.py:112} INFO - [2020-07-22 17:11:33,208] {spark_submit_hook.py:479} INFO - Using Spark's default log4j profile: org/apache/spark/log4j-defaults.properties
[2020-07-22 17:11:33,238] {logging_mixin.py:112} INFO - [2020-07-22 17:11:33,237] {spark_submit_hook.py:479} INFO - 20/07/22 17:11:33 INFO SparkContext: Running Spark version 3.0.0
[2020-07-22 17:11:33,328] {logging_mixin.py:112} INFO - [2020-07-22 17:11:33,328] {spark_submit_hook.py:479} INFO - 20/07/22 17:11:33 INFO ResourceUtils: ==============================================================
[2020-07-22 17:11:33,331] {logging_mixin.py:112} INFO - [2020-07-22 17:11:33,331] {spark_submit_hook.py:479} INFO - 20/07/22 17:11:33 INFO ResourceUtils: Resources for spark.driver:
[2020-07-22 17:11:33,332] {logging_mixin.py:112} INFO - [2020-07-22 17:11:33,332] {spark_submit_hook.py:479} INFO - 
[2020-07-22 17:11:33,332] {logging_mixin.py:112} INFO - [2020-07-22 17:11:33,332] {spark_submit_hook.py:479} INFO - 20/07/22 17:11:33 INFO ResourceUtils: ==============================================================
[2020-07-22 17:11:33,333] {logging_mixin.py:112} INFO - [2020-07-22 17:11:33,333] {spark_submit_hook.py:479} INFO - 20/07/22 17:11:33 INFO SparkContext: Submitted application: Spark_Test_Python
[2020-07-22 17:11:33,423] {logging_mixin.py:112} INFO - [2020-07-22 17:11:33,423] {spark_submit_hook.py:479} INFO - 20/07/22 17:11:33 INFO SecurityManager: Changing view acls to: bhakti
[2020-07-22 17:11:33,423] {logging_mixin.py:112} INFO - [2020-07-22 17:11:33,423] {spark_submit_hook.py:479} INFO - 20/07/22 17:11:33 INFO SecurityManager: Changing modify acls to: bhakti
[2020-07-22 17:11:33,424] {logging_mixin.py:112} INFO - [2020-07-22 17:11:33,424] {spark_submit_hook.py:479} INFO - 20/07/22 17:11:33 INFO SecurityManager: Changing view acls groups to:
[2020-07-22 17:11:33,424] {logging_mixin.py:112} INFO - [2020-07-22 17:11:33,424] {spark_submit_hook.py:479} INFO - 20/07/22 17:11:33 INFO SecurityManager: Changing modify acls groups to:
[2020-07-22 17:11:33,425] {logging_mixin.py:112} INFO - [2020-07-22 17:11:33,424] {spark_submit_hook.py:479} INFO - 20/07/22 17:11:33 INFO SecurityManager: SecurityManager: authentication disabled; ui acls disabled; users  with view permissions: Set(bhakti); groups with view permissions: Set(); users  with modify permissions: Set(bhakti); groups with modify permissions: Set()
[2020-07-22 17:11:33,890] {logging_mixin.py:112} INFO - [2020-07-22 17:11:33,890] {spark_submit_hook.py:479} INFO - 20/07/22 17:11:33 INFO Utils: Successfully started service 'sparkDriver' on port 34031.
[2020-07-22 17:11:33,931] {logging_mixin.py:112} INFO - [2020-07-22 17:11:33,931] {spark_submit_hook.py:479} INFO - 20/07/22 17:11:33 INFO SparkEnv: Registering MapOutputTracker
[2020-07-22 17:11:33,990] {logging_mixin.py:112} INFO - [2020-07-22 17:11:33,990] {spark_submit_hook.py:479} INFO - 20/07/22 17:11:33 INFO SparkEnv: Registering BlockManagerMaster
[2020-07-22 17:11:34,030] {logging_mixin.py:112} INFO - [2020-07-22 17:11:34,029] {spark_submit_hook.py:479} INFO - 20/07/22 17:11:34 INFO BlockManagerMasterEndpoint: Using org.apache.spark.storage.DefaultTopologyMapper for getting topology information
[2020-07-22 17:11:34,031] {logging_mixin.py:112} INFO - [2020-07-22 17:11:34,030] {spark_submit_hook.py:479} INFO - 20/07/22 17:11:34 INFO BlockManagerMasterEndpoint: BlockManagerMasterEndpoint up
[2020-07-22 17:11:34,040] {logging_mixin.py:112} INFO - [2020-07-22 17:11:34,039] {spark_submit_hook.py:479} INFO - 20/07/22 17:11:34 INFO SparkEnv: Registering BlockManagerMasterHeartbeat
[2020-07-22 17:11:34,061] {logging_mixin.py:112} INFO - [2020-07-22 17:11:34,060] {spark_submit_hook.py:479} INFO - 20/07/22 17:11:34 INFO DiskBlockManager: Created local directory at /tmp/blockmgr-85bcaeac-fd49-4cdf-ad42-388baf1433c8
[2020-07-22 17:11:34,114] {logging_mixin.py:112} INFO - [2020-07-22 17:11:34,113] {spark_submit_hook.py:479} INFO - 20/07/22 17:11:34 INFO MemoryStore: MemoryStore started with capacity 366.3 MiB
[2020-07-22 17:11:34,148] {logging_mixin.py:112} INFO - [2020-07-22 17:11:34,147] {spark_submit_hook.py:479} INFO - 20/07/22 17:11:34 INFO SparkEnv: Registering OutputCommitCoordinator
[2020-07-22 17:11:34,570] {logging_mixin.py:112} INFO - [2020-07-22 17:11:34,570] {spark_submit_hook.py:479} INFO - 20/07/22 17:11:34 WARN Utils: Service 'SparkUI' could not bind on port 4040. Attempting port 4041.
[2020-07-22 17:11:34,571] {logging_mixin.py:112} INFO - [2020-07-22 17:11:34,571] {spark_submit_hook.py:479} INFO - 20/07/22 17:11:34 WARN Utils: Service 'SparkUI' could not bind on port 4041. Attempting port 4042.
[2020-07-22 17:11:34,583] {logging_mixin.py:112} INFO - [2020-07-22 17:11:34,583] {spark_submit_hook.py:479} INFO - 20/07/22 17:11:34 INFO Utils: Successfully started service 'SparkUI' on port 4042.
[2020-07-22 17:11:34,683] {logging_mixin.py:112} INFO - [2020-07-22 17:11:34,682] {spark_submit_hook.py:479} INFO - 20/07/22 17:11:34 INFO SparkUI: Bound SparkUI to 0.0.0.0, and started at http://192.168.43.94:4042
[2020-07-22 17:11:35,140] {logging_mixin.py:112} INFO - [2020-07-22 17:11:35,140] {spark_submit_hook.py:479} INFO - 20/07/22 17:11:35 INFO Executor: Starting executor ID driver on host 192.168.43.94
[2020-07-22 17:11:35,201] {logging_mixin.py:112} INFO - [2020-07-22 17:11:35,201] {spark_submit_hook.py:479} INFO - 20/07/22 17:11:35 INFO Utils: Successfully started service 'org.apache.spark.network.netty.NettyBlockTransferService' on port 36127.
[2020-07-22 17:11:35,202] {logging_mixin.py:112} INFO - [2020-07-22 17:11:35,202] {spark_submit_hook.py:479} INFO - 20/07/22 17:11:35 INFO NettyBlockTransferService: Server created on 192.168.43.94:36127
[2020-07-22 17:11:35,205] {logging_mixin.py:112} INFO - [2020-07-22 17:11:35,205] {spark_submit_hook.py:479} INFO - 20/07/22 17:11:35 INFO BlockManager: Using org.apache.spark.storage.RandomBlockReplicationPolicy for block replication policy
[2020-07-22 17:11:35,225] {logging_mixin.py:112} INFO - [2020-07-22 17:11:35,225] {spark_submit_hook.py:479} INFO - 20/07/22 17:11:35 INFO BlockManagerMaster: Registering BlockManager BlockManagerId(driver, 192.168.43.94, 36127, None)
[2020-07-22 17:11:35,241] {logging_mixin.py:112} INFO - [2020-07-22 17:11:35,241] {spark_submit_hook.py:479} INFO - 20/07/22 17:11:35 INFO BlockManagerMasterEndpoint: Registering block manager 192.168.43.94:36127 with 366.3 MiB RAM, BlockManagerId(driver, 192.168.43.94, 36127, None)
[2020-07-22 17:11:35,250] {logging_mixin.py:112} INFO - [2020-07-22 17:11:35,249] {spark_submit_hook.py:479} INFO - 20/07/22 17:11:35 INFO BlockManagerMaster: Registered BlockManager BlockManagerId(driver, 192.168.43.94, 36127, None)
[2020-07-22 17:11:35,252] {logging_mixin.py:112} INFO - [2020-07-22 17:11:35,252] {spark_submit_hook.py:479} INFO - 20/07/22 17:11:35 INFO BlockManager: Initialized BlockManager: BlockManagerId(driver, 192.168.43.94, 36127, None)
[2020-07-22 17:11:36,674] {logging_mixin.py:112} INFO - [2020-07-22 17:11:36,674] {spark_submit_hook.py:479} INFO - 20/07/22 17:11:36 INFO MemoryStore: Block broadcast_0 stored as values in memory (estimated size 241.5 KiB, free 366.1 MiB)
[2020-07-22 17:11:36,862] {logging_mixin.py:112} INFO - [2020-07-22 17:11:36,862] {spark_submit_hook.py:479} INFO - 20/07/22 17:11:36 INFO MemoryStore: Block broadcast_0_piece0 stored as bytes in memory (estimated size 23.4 KiB, free 366.0 MiB)
[2020-07-22 17:11:36,871] {logging_mixin.py:112} INFO - [2020-07-22 17:11:36,871] {spark_submit_hook.py:479} INFO - 20/07/22 17:11:36 INFO BlockManagerInfo: Added broadcast_0_piece0 in memory on 192.168.43.94:36127 (size: 23.4 KiB, free: 366.3 MiB)
[2020-07-22 17:11:36,893] {logging_mixin.py:112} INFO - [2020-07-22 17:11:36,893] {spark_submit_hook.py:479} INFO - 20/07/22 17:11:36 INFO SparkContext: Created broadcast 0 from textFile at NativeMethodAccessorImpl.java:0
[2020-07-22 17:11:37,187] {logging_mixin.py:112} INFO - [2020-07-22 17:11:37,187] {spark_submit_hook.py:479} INFO - 20/07/22 17:11:37 INFO FileInputFormat: Total input paths to process : 1
[2020-07-22 17:11:37,354] {logging_mixin.py:112} INFO - [2020-07-22 17:11:37,354] {spark_submit_hook.py:479} INFO - 20/07/22 17:11:37 INFO SparkContext: Starting job: collect at /home/bhakti/airflow/spark_jobs/spark_test.py:8
[2020-07-22 17:11:37,389] {logging_mixin.py:112} INFO - [2020-07-22 17:11:37,389] {spark_submit_hook.py:479} INFO - 20/07/22 17:11:37 INFO DAGScheduler: Got job 0 (collect at /home/bhakti/airflow/spark_jobs/spark_test.py:8) with 1 output partitions
[2020-07-22 17:11:37,390] {logging_mixin.py:112} INFO - [2020-07-22 17:11:37,390] {spark_submit_hook.py:479} INFO - 20/07/22 17:11:37 INFO DAGScheduler: Final stage: ResultStage 0 (collect at /home/bhakti/airflow/spark_jobs/spark_test.py:8)
[2020-07-22 17:11:37,403] {logging_mixin.py:112} INFO - [2020-07-22 17:11:37,403] {spark_submit_hook.py:479} INFO - 20/07/22 17:11:37 INFO DAGScheduler: Parents of final stage: List()
[2020-07-22 17:11:37,407] {logging_mixin.py:112} INFO - [2020-07-22 17:11:37,407] {spark_submit_hook.py:479} INFO - 20/07/22 17:11:37 INFO DAGScheduler: Missing parents: List()
[2020-07-22 17:11:37,421] {logging_mixin.py:112} INFO - [2020-07-22 17:11:37,420] {spark_submit_hook.py:479} INFO - 20/07/22 17:11:37 INFO DAGScheduler: Submitting ResultStage 0 (PythonRDD[2] at collect at /home/bhakti/airflow/spark_jobs/spark_test.py:8), which has no missing parents
[2020-07-22 17:11:37,485] {logging_mixin.py:112} INFO - [2020-07-22 17:11:37,485] {spark_submit_hook.py:479} INFO - 20/07/22 17:11:37 INFO MemoryStore: Block broadcast_1 stored as values in memory (estimated size 7.4 KiB, free 366.0 MiB)
[2020-07-22 17:11:37,503] {logging_mixin.py:112} INFO - [2020-07-22 17:11:37,503] {spark_submit_hook.py:479} INFO - 20/07/22 17:11:37 INFO MemoryStore: Block broadcast_1_piece0 stored as bytes in memory (estimated size 4.4 KiB, free 366.0 MiB)
[2020-07-22 17:11:37,505] {logging_mixin.py:112} INFO - [2020-07-22 17:11:37,504] {spark_submit_hook.py:479} INFO - 20/07/22 17:11:37 INFO BlockManagerInfo: Added broadcast_1_piece0 in memory on 192.168.43.94:36127 (size: 4.4 KiB, free: 366.3 MiB)
[2020-07-22 17:11:37,507] {logging_mixin.py:112} INFO - [2020-07-22 17:11:37,507] {spark_submit_hook.py:479} INFO - 20/07/22 17:11:37 INFO SparkContext: Created broadcast 1 from broadcast at DAGScheduler.scala:1200
[2020-07-22 17:11:37,533] {logging_mixin.py:112} INFO - [2020-07-22 17:11:37,533] {spark_submit_hook.py:479} INFO - 20/07/22 17:11:37 INFO DAGScheduler: Submitting 1 missing tasks from ResultStage 0 (PythonRDD[2] at collect at /home/bhakti/airflow/spark_jobs/spark_test.py:8) (first 15 tasks are for partitions Vector(0))
[2020-07-22 17:11:37,536] {logging_mixin.py:112} INFO - [2020-07-22 17:11:37,535] {spark_submit_hook.py:479} INFO - 20/07/22 17:11:37 INFO TaskSchedulerImpl: Adding task set 0.0 with 1 tasks
[2020-07-22 17:11:37,654] {logging_mixin.py:112} INFO - [2020-07-22 17:11:37,653] {spark_submit_hook.py:479} INFO - 20/07/22 17:11:37 INFO TaskSetManager: Starting task 0.0 in stage 0.0 (TID 0, 192.168.43.94, executor driver, partition 0, PROCESS_LOCAL, 7388 bytes)
[2020-07-22 17:11:37,681] {logging_mixin.py:112} INFO - [2020-07-22 17:11:37,681] {spark_submit_hook.py:479} INFO - 20/07/22 17:11:37 INFO Executor: Running task 0.0 in stage 0.0 (TID 0)
[2020-07-22 17:11:38,478] {logging_mixin.py:112} INFO - [2020-07-22 17:11:38,477] {spark_submit_hook.py:479} INFO - 20/07/22 17:11:38 INFO HadoopRDD: Input split: file:/home/bhakti/airflow/input_data/sample.csv:0+93
[2020-07-22 17:11:39,473] {logging_mixin.py:112} INFO - [2020-07-22 17:11:39,473] {spark_submit_hook.py:479} INFO - 20/07/22 17:11:39 INFO PythonRunner: Times: total = 946, boot = 924, init = 22, finish = 0
[2020-07-22 17:11:39,506] {logging_mixin.py:112} INFO - [2020-07-22 17:11:39,506] {spark_submit_hook.py:479} INFO - 20/07/22 17:11:39 INFO Executor: Finished task 0.0 in stage 0.0 (TID 0). 1779 bytes result sent to driver
[2020-07-22 17:11:39,527] {logging_mixin.py:112} INFO - [2020-07-22 17:11:39,527] {spark_submit_hook.py:479} INFO - 20/07/22 17:11:39 INFO TaskSetManager: Finished task 0.0 in stage 0.0 (TID 0) in 1901 ms on 192.168.43.94 (executor driver) (1/1)
[2020-07-22 17:11:39,535] {logging_mixin.py:112} INFO - [2020-07-22 17:11:39,535] {spark_submit_hook.py:479} INFO - 20/07/22 17:11:39 INFO TaskSchedulerImpl: Removed TaskSet 0.0, whose tasks have all completed, from pool
[2020-07-22 17:11:39,537] {logging_mixin.py:112} INFO - [2020-07-22 17:11:39,537] {spark_submit_hook.py:479} INFO - 20/07/22 17:11:39 INFO PythonAccumulatorV2: Connected to AccumulatorServer at host: 127.0.0.1 port: 60433
[2020-07-22 17:11:39,546] {logging_mixin.py:112} INFO - [2020-07-22 17:11:39,545] {spark_submit_hook.py:479} INFO - 20/07/22 17:11:39 INFO DAGScheduler: ResultStage 0 (collect at /home/bhakti/airflow/spark_jobs/spark_test.py:8) finished in 2.074 s
[2020-07-22 17:11:39,563] {logging_mixin.py:112} INFO - [2020-07-22 17:11:39,563] {spark_submit_hook.py:479} INFO - 20/07/22 17:11:39 INFO DAGScheduler: Job 0 is finished. Cancelling potential speculative or zombie tasks for this job
[2020-07-22 17:11:39,566] {logging_mixin.py:112} INFO - [2020-07-22 17:11:39,566] {spark_submit_hook.py:479} INFO - 20/07/22 17:11:39 INFO TaskSchedulerImpl: Killing all running tasks in stage 0: Stage finished
[2020-07-22 17:11:39,570] {logging_mixin.py:112} INFO - [2020-07-22 17:11:39,570] {spark_submit_hook.py:479} INFO - 20/07/22 17:11:39 INFO DAGScheduler: Job 0 finished: collect at /home/bhakti/airflow/spark_jobs/spark_test.py:8, took 2.215121 s
[2020-07-22 17:11:39,587] {logging_mixin.py:112} INFO - [2020-07-22 17:11:39,587] {spark_submit_hook.py:479} INFO - [('PERSON', 'JOINING_YEAR', 'COMPANY'), ('John', '2018', 'Google'), ('Sam', '2017', 'IBM'), ('Jeff', '2014', 'Yahoo'), ('Allen', '2015', 'Facebook')]
[2020-07-22 17:11:40,024] {logging_mixin.py:112} INFO - [2020-07-22 17:11:40,024] {spark_submit_hook.py:479} INFO - 20/07/22 17:11:40 INFO BlockManagerInfo: Removed broadcast_1_piece0 on 192.168.43.94:36127 in memory (size: 4.4 KiB, free: 366.3 MiB)
[2020-07-22 17:11:40,742] {logging_mixin.py:112} INFO - [2020-07-22 17:11:40,742] {spark_submit_hook.py:479} INFO - 20/07/22 17:11:40 INFO SharedState: Setting hive.metastore.warehouse.dir ('null') to the value of spark.sql.warehouse.dir ('file:/home/bhakti/airflow/spark-warehouse').
[2020-07-22 17:11:40,743] {logging_mixin.py:112} INFO - [2020-07-22 17:11:40,743] {spark_submit_hook.py:479} INFO - 20/07/22 17:11:40 INFO SharedState: Warehouse path is 'file:/home/bhakti/airflow/spark-warehouse'.
[2020-07-22 17:11:49,580] {logging_mixin.py:112} INFO - [2020-07-22 17:11:49,580] {spark_submit_hook.py:479} INFO - 20/07/22 17:11:49 INFO CodeGenerator: Code generated in 840.946623 ms
[2020-07-22 17:11:49,785] {logging_mixin.py:112} INFO - [2020-07-22 17:11:49,785] {spark_submit_hook.py:479} INFO - 20/07/22 17:11:49 INFO SparkContext: Starting job: showString at NativeMethodAccessorImpl.java:0
[2020-07-22 17:11:49,788] {logging_mixin.py:112} INFO - [2020-07-22 17:11:49,788] {spark_submit_hook.py:479} INFO - 20/07/22 17:11:49 INFO DAGScheduler: Got job 1 (showString at NativeMethodAccessorImpl.java:0) with 1 output partitions
[2020-07-22 17:11:49,790] {logging_mixin.py:112} INFO - [2020-07-22 17:11:49,790] {spark_submit_hook.py:479} INFO - 20/07/22 17:11:49 INFO DAGScheduler: Final stage: ResultStage 1 (showString at NativeMethodAccessorImpl.java:0)
[2020-07-22 17:11:49,791] {logging_mixin.py:112} INFO - [2020-07-22 17:11:49,790] {spark_submit_hook.py:479} INFO - 20/07/22 17:11:49 INFO DAGScheduler: Parents of final stage: List()
[2020-07-22 17:11:49,792] {logging_mixin.py:112} INFO - [2020-07-22 17:11:49,791] {spark_submit_hook.py:479} INFO - 20/07/22 17:11:49 INFO DAGScheduler: Missing parents: List()
[2020-07-22 17:11:49,805] {logging_mixin.py:112} INFO - [2020-07-22 17:11:49,805] {spark_submit_hook.py:479} INFO - 20/07/22 17:11:49 INFO DAGScheduler: Submitting ResultStage 1 (MapPartitionsRDD[9] at showString at NativeMethodAccessorImpl.java:0), which has no missing parents
[2020-07-22 17:11:49,884] {logging_mixin.py:112} INFO - [2020-07-22 17:11:49,883] {spark_submit_hook.py:479} INFO - 20/07/22 17:11:49 INFO MemoryStore: Block broadcast_2 stored as values in memory (estimated size 11.2 KiB, free 366.0 MiB)
[2020-07-22 17:11:49,893] {logging_mixin.py:112} INFO - [2020-07-22 17:11:49,893] {spark_submit_hook.py:479} INFO - 20/07/22 17:11:49 INFO MemoryStore: Block broadcast_2_piece0 stored as bytes in memory (estimated size 5.8 KiB, free 366.0 MiB)
[2020-07-22 17:11:49,895] {logging_mixin.py:112} INFO - [2020-07-22 17:11:49,895] {spark_submit_hook.py:479} INFO - 20/07/22 17:11:49 INFO BlockManagerInfo: Added broadcast_2_piece0 in memory on 192.168.43.94:36127 (size: 5.8 KiB, free: 366.3 MiB)
[2020-07-22 17:11:49,901] {logging_mixin.py:112} INFO - [2020-07-22 17:11:49,901] {spark_submit_hook.py:479} INFO - 20/07/22 17:11:49 INFO SparkContext: Created broadcast 2 from broadcast at DAGScheduler.scala:1200
[2020-07-22 17:11:49,903] {logging_mixin.py:112} INFO - [2020-07-22 17:11:49,903] {spark_submit_hook.py:479} INFO - 20/07/22 17:11:49 INFO DAGScheduler: Submitting 1 missing tasks from ResultStage 1 (MapPartitionsRDD[9] at showString at NativeMethodAccessorImpl.java:0) (first 15 tasks are for partitions Vector(0))
[2020-07-22 17:11:49,903] {logging_mixin.py:112} INFO - [2020-07-22 17:11:49,903] {spark_submit_hook.py:479} INFO - 20/07/22 17:11:49 INFO TaskSchedulerImpl: Adding task set 1.0 with 1 tasks
[2020-07-22 17:11:49,951] {logging_mixin.py:112} INFO - [2020-07-22 17:11:49,951] {spark_submit_hook.py:479} INFO - 20/07/22 17:11:49 INFO TaskSetManager: Starting task 0.0 in stage 1.0 (TID 1, 192.168.43.94, executor driver, partition 0, PROCESS_LOCAL, 7493 bytes)
[2020-07-22 17:11:49,954] {logging_mixin.py:112} INFO - [2020-07-22 17:11:49,954] {spark_submit_hook.py:479} INFO - 20/07/22 17:11:49 INFO Executor: Running task 0.0 in stage 1.0 (TID 1)
[2020-07-22 17:11:50,182] {logging_mixin.py:112} INFO - [2020-07-22 17:11:50,182] {spark_submit_hook.py:479} INFO - 20/07/22 17:11:50 INFO PythonRunner: Times: total = 3, boot = -10655, init = 10657, finish = 1
[2020-07-22 17:11:50,191] {logging_mixin.py:112} INFO - [2020-07-22 17:11:50,190] {spark_submit_hook.py:479} INFO - 20/07/22 17:11:50 INFO Executor: Finished task 0.0 in stage 1.0 (TID 1). 2235 bytes result sent to driver
[2020-07-22 17:11:50,212] {logging_mixin.py:112} INFO - [2020-07-22 17:11:50,211] {spark_submit_hook.py:479} INFO - 20/07/22 17:11:50 INFO TaskSetManager: Finished task 0.0 in stage 1.0 (TID 1) in 304 ms on 192.168.43.94 (executor driver) (1/1)
[2020-07-22 17:11:50,212] {logging_mixin.py:112} INFO - [2020-07-22 17:11:50,212] {spark_submit_hook.py:479} INFO - 20/07/22 17:11:50 INFO TaskSchedulerImpl: Removed TaskSet 1.0, whose tasks have all completed, from pool
[2020-07-22 17:11:50,216] {logging_mixin.py:112} INFO - [2020-07-22 17:11:50,215] {spark_submit_hook.py:479} INFO - 20/07/22 17:11:50 INFO DAGScheduler: ResultStage 1 (showString at NativeMethodAccessorImpl.java:0) finished in 0.394 s
[2020-07-22 17:11:50,216] {logging_mixin.py:112} INFO - [2020-07-22 17:11:50,216] {spark_submit_hook.py:479} INFO - 20/07/22 17:11:50 INFO DAGScheduler: Job 1 is finished. Cancelling potential speculative or zombie tasks for this job
[2020-07-22 17:11:50,216] {logging_mixin.py:112} INFO - [2020-07-22 17:11:50,216] {spark_submit_hook.py:479} INFO - 20/07/22 17:11:50 INFO TaskSchedulerImpl: Killing all running tasks in stage 1: Stage finished
[2020-07-22 17:11:50,217] {logging_mixin.py:112} INFO - [2020-07-22 17:11:50,216] {spark_submit_hook.py:479} INFO - 20/07/22 17:11:50 INFO DAGScheduler: Job 1 finished: showString at NativeMethodAccessorImpl.java:0, took 0.430304 s
[2020-07-22 17:11:50,477] {logging_mixin.py:112} INFO - [2020-07-22 17:11:50,477] {spark_submit_hook.py:479} INFO - 20/07/22 17:11:50 INFO CodeGenerator: Code generated in 143.364221 ms
[2020-07-22 17:11:50,552] {logging_mixin.py:112} INFO - [2020-07-22 17:11:50,551] {spark_submit_hook.py:479} INFO - +------+------------+--------+
[2020-07-22 17:11:50,552] {logging_mixin.py:112} INFO - [2020-07-22 17:11:50,552] {spark_submit_hook.py:479} INFO - |    _1|          _2|      _3|
[2020-07-22 17:11:50,552] {logging_mixin.py:112} INFO - [2020-07-22 17:11:50,552] {spark_submit_hook.py:479} INFO - +------+------------+--------+
[2020-07-22 17:11:50,552] {logging_mixin.py:112} INFO - [2020-07-22 17:11:50,552] {spark_submit_hook.py:479} INFO - |PERSON|JOINING_YEAR| COMPANY|
[2020-07-22 17:11:50,553] {logging_mixin.py:112} INFO - [2020-07-22 17:11:50,553] {spark_submit_hook.py:479} INFO - |  John|        2018|  Google|
[2020-07-22 17:11:50,553] {logging_mixin.py:112} INFO - [2020-07-22 17:11:50,553] {spark_submit_hook.py:479} INFO - |   Sam|        2017|     IBM|
[2020-07-22 17:11:50,553] {logging_mixin.py:112} INFO - [2020-07-22 17:11:50,553] {spark_submit_hook.py:479} INFO - |  Jeff|        2014|   Yahoo|
[2020-07-22 17:11:50,553] {logging_mixin.py:112} INFO - [2020-07-22 17:11:50,553] {spark_submit_hook.py:479} INFO - | Allen|        2015|Facebook|
[2020-07-22 17:11:50,554] {logging_mixin.py:112} INFO - [2020-07-22 17:11:50,553] {spark_submit_hook.py:479} INFO - +------+------------+--------+
[2020-07-22 17:11:50,554] {logging_mixin.py:112} INFO - [2020-07-22 17:11:50,554] {spark_submit_hook.py:479} INFO - 
[2020-07-22 17:11:50,829] {logging_mixin.py:112} INFO - [2020-07-22 17:11:50,829] {spark_submit_hook.py:479} INFO - 20/07/22 17:11:50 INFO SparkContext: Invoking stop() from shutdown hook
[2020-07-22 17:11:50,846] {logging_mixin.py:112} INFO - [2020-07-22 17:11:50,845] {spark_submit_hook.py:479} INFO - 20/07/22 17:11:50 INFO SparkUI: Stopped Spark web UI at http://192.168.43.94:4042
[2020-07-22 17:11:50,906] {logging_mixin.py:112} INFO - [2020-07-22 17:11:50,905] {spark_submit_hook.py:479} INFO - 20/07/22 17:11:50 INFO MapOutputTrackerMasterEndpoint: MapOutputTrackerMasterEndpoint stopped!
[2020-07-22 17:11:50,949] {logging_mixin.py:112} INFO - [2020-07-22 17:11:50,949] {spark_submit_hook.py:479} INFO - 20/07/22 17:11:50 INFO MemoryStore: MemoryStore cleared
[2020-07-22 17:11:50,952] {logging_mixin.py:112} INFO - [2020-07-22 17:11:50,952] {spark_submit_hook.py:479} INFO - 20/07/22 17:11:50 INFO BlockManager: BlockManager stopped
[2020-07-22 17:11:50,959] {logging_mixin.py:112} INFO - [2020-07-22 17:11:50,959] {spark_submit_hook.py:479} INFO - 20/07/22 17:11:50 INFO BlockManagerMaster: BlockManagerMaster stopped
[2020-07-22 17:11:50,968] {logging_mixin.py:112} INFO - [2020-07-22 17:11:50,968] {spark_submit_hook.py:479} INFO - 20/07/22 17:11:50 INFO OutputCommitCoordinator$OutputCommitCoordinatorEndpoint: OutputCommitCoordinator stopped!
[2020-07-22 17:11:51,015] {logging_mixin.py:112} INFO - [2020-07-22 17:11:51,015] {spark_submit_hook.py:479} INFO - 20/07/22 17:11:51 INFO SparkContext: Successfully stopped SparkContext
[2020-07-22 17:11:51,016] {logging_mixin.py:112} INFO - [2020-07-22 17:11:51,016] {spark_submit_hook.py:479} INFO - 20/07/22 17:11:51 INFO ShutdownHookManager: Shutdown hook called
[2020-07-22 17:11:51,018] {logging_mixin.py:112} INFO - [2020-07-22 17:11:51,018] {spark_submit_hook.py:479} INFO - 20/07/22 17:11:51 INFO ShutdownHookManager: Deleting directory /tmp/spark-b2eb4bb9-d899-4240-b183-8c651df4632d/pyspark-f1b16902-6cd3-42ac-8afb-fc2537068a8f
[2020-07-22 17:11:51,028] {logging_mixin.py:112} INFO - [2020-07-22 17:11:51,027] {spark_submit_hook.py:479} INFO - 20/07/22 17:11:51 INFO ShutdownHookManager: Deleting directory /tmp/spark-94239704-08c4-46f1-952d-31d6291e747f
[2020-07-22 17:11:51,032] {logging_mixin.py:112} INFO - [2020-07-22 17:11:51,031] {spark_submit_hook.py:479} INFO - 20/07/22 17:11:51 INFO ShutdownHookManager: Deleting directory /tmp/spark-b2eb4bb9-d899-4240-b183-8c651df4632d
[2020-07-22 17:11:51,250] {taskinstance.py:1052} INFO - Marking task as SUCCESS.dag_id=submit_data, task_id=spark_submit, execution_date=20200720T071900, start_date=20200722T114126, end_date=20200722T114151
[2020-07-22 17:11:51,735] {logging_mixin.py:112} INFO - [2020-07-22 17:11:51,735] {local_task_job.py:103} INFO - Task exited with return code 0
