[2020-07-22 15:20:15,485] {taskinstance.py:669} INFO - Dependencies all met for <TaskInstance: submit_data.spark_submit 2020-07-20T04:39:00+00:00 [queued]>
[2020-07-22 15:20:15,501] {taskinstance.py:669} INFO - Dependencies all met for <TaskInstance: submit_data.spark_submit 2020-07-20T04:39:00+00:00 [queued]>
[2020-07-22 15:20:15,501] {taskinstance.py:879} INFO - 
--------------------------------------------------------------------------------
[2020-07-22 15:20:15,502] {taskinstance.py:880} INFO - Starting attempt 1 of 1
[2020-07-22 15:20:15,502] {taskinstance.py:881} INFO - 
--------------------------------------------------------------------------------
[2020-07-22 15:20:15,605] {taskinstance.py:900} INFO - Executing <Task(SparkSubmitOperator): spark_submit> on 2020-07-20T04:39:00+00:00
[2020-07-22 15:20:15,609] {standard_task_runner.py:53} INFO - Started process 493924 to run task
[2020-07-22 15:20:15,775] {logging_mixin.py:112} INFO - Running %s on host %s <TaskInstance: submit_data.spark_submit 2020-07-20T04:39:00+00:00 [running]> bhakti-Vostro-3558
[2020-07-22 15:20:15,806] {logging_mixin.py:112} INFO - [2020-07-22 15:20:15,806] {base_hook.py:87} INFO - Using connection to: id: spark_local. Host: local, Port: None, Schema: None, Login: None, Password: None, extra: None
[2020-07-22 15:20:15,808] {logging_mixin.py:112} INFO - [2020-07-22 15:20:15,808] {spark_submit_hook.py:325} INFO - Spark-Submit cmd: spark-submit --master local --name airflow-spark /home/bhakti/airflow/spark_jobs/python/spark_test.py
[2020-07-22 15:20:18,576] {logging_mixin.py:112} INFO - [2020-07-22 15:20:18,574] {spark_submit_hook.py:479} INFO - 20/07/22 15:20:18 WARN Utils: Your hostname, bhakti-Vostro-3558 resolves to a loopback address: 127.0.1.1; using 192.168.43.94 instead (on interface wlp6s0)
[2020-07-22 15:20:18,578] {logging_mixin.py:112} INFO - [2020-07-22 15:20:18,578] {spark_submit_hook.py:479} INFO - 20/07/22 15:20:18 WARN Utils: Set SPARK_LOCAL_IP if you need to bind to another address
[2020-07-22 15:20:20,443] {logging_mixin.py:112} INFO - [2020-07-22 15:20:20,443] {spark_submit_hook.py:479} INFO - 20/07/22 15:20:20 WARN NativeCodeLoader: Unable to load native-hadoop library for your platform... using builtin-java classes where applicable
[2020-07-22 15:20:23,408] {logging_mixin.py:112} INFO - [2020-07-22 15:20:23,408] {spark_submit_hook.py:479} INFO - Using Spark's default log4j profile: org/apache/spark/log4j-defaults.properties
[2020-07-22 15:20:23,451] {logging_mixin.py:112} INFO - [2020-07-22 15:20:23,450] {spark_submit_hook.py:479} INFO - 20/07/22 15:20:23 INFO SparkContext: Running Spark version 3.0.0
[2020-07-22 15:20:23,810] {logging_mixin.py:112} INFO - [2020-07-22 15:20:23,809] {spark_submit_hook.py:479} INFO - 20/07/22 15:20:23 INFO ResourceUtils: ==============================================================
[2020-07-22 15:20:23,828] {logging_mixin.py:112} INFO - [2020-07-22 15:20:23,828] {spark_submit_hook.py:479} INFO - 20/07/22 15:20:23 INFO ResourceUtils: Resources for spark.driver:
[2020-07-22 15:20:23,829] {logging_mixin.py:112} INFO - [2020-07-22 15:20:23,829] {spark_submit_hook.py:479} INFO - 
[2020-07-22 15:20:23,830] {logging_mixin.py:112} INFO - [2020-07-22 15:20:23,829] {spark_submit_hook.py:479} INFO - 20/07/22 15:20:23 INFO ResourceUtils: ==============================================================
[2020-07-22 15:20:23,847] {logging_mixin.py:112} INFO - [2020-07-22 15:20:23,846] {spark_submit_hook.py:479} INFO - 20/07/22 15:20:23 INFO SparkContext: Submitted application: Spark_Test_Python
[2020-07-22 15:20:24,003] {logging_mixin.py:112} INFO - [2020-07-22 15:20:24,003] {spark_submit_hook.py:479} INFO - 20/07/22 15:20:24 INFO SecurityManager: Changing view acls to: bhakti
[2020-07-22 15:20:24,004] {logging_mixin.py:112} INFO - [2020-07-22 15:20:24,004] {spark_submit_hook.py:479} INFO - 20/07/22 15:20:24 INFO SecurityManager: Changing modify acls to: bhakti
[2020-07-22 15:20:24,004] {logging_mixin.py:112} INFO - [2020-07-22 15:20:24,004] {spark_submit_hook.py:479} INFO - 20/07/22 15:20:24 INFO SecurityManager: Changing view acls groups to:
[2020-07-22 15:20:24,004] {logging_mixin.py:112} INFO - [2020-07-22 15:20:24,004] {spark_submit_hook.py:479} INFO - 20/07/22 15:20:24 INFO SecurityManager: Changing modify acls groups to:
[2020-07-22 15:20:24,004] {logging_mixin.py:112} INFO - [2020-07-22 15:20:24,004] {spark_submit_hook.py:479} INFO - 20/07/22 15:20:24 INFO SecurityManager: SecurityManager: authentication disabled; ui acls disabled; users  with view permissions: Set(bhakti); groups with view permissions: Set(); users  with modify permissions: Set(bhakti); groups with modify permissions: Set()
[2020-07-22 15:20:24,665] {logging_mixin.py:112} INFO - [2020-07-22 15:20:24,665] {spark_submit_hook.py:479} INFO - 20/07/22 15:20:24 INFO Utils: Successfully started service 'sparkDriver' on port 34839.
[2020-07-22 15:20:24,795] {logging_mixin.py:112} INFO - [2020-07-22 15:20:24,793] {spark_submit_hook.py:479} INFO - 20/07/22 15:20:24 INFO SparkEnv: Registering MapOutputTracker
[2020-07-22 15:20:24,893] {logging_mixin.py:112} INFO - [2020-07-22 15:20:24,892] {spark_submit_hook.py:479} INFO - 20/07/22 15:20:24 INFO SparkEnv: Registering BlockManagerMaster
[2020-07-22 15:20:24,942] {logging_mixin.py:112} INFO - [2020-07-22 15:20:24,942] {spark_submit_hook.py:479} INFO - 20/07/22 15:20:24 INFO BlockManagerMasterEndpoint: Using org.apache.spark.storage.DefaultTopologyMapper for getting topology information
[2020-07-22 15:20:24,943] {logging_mixin.py:112} INFO - [2020-07-22 15:20:24,943] {spark_submit_hook.py:479} INFO - 20/07/22 15:20:24 INFO BlockManagerMasterEndpoint: BlockManagerMasterEndpoint up
[2020-07-22 15:20:24,950] {logging_mixin.py:112} INFO - [2020-07-22 15:20:24,950] {spark_submit_hook.py:479} INFO - 20/07/22 15:20:24 INFO SparkEnv: Registering BlockManagerMasterHeartbeat
[2020-07-22 15:20:24,972] {logging_mixin.py:112} INFO - [2020-07-22 15:20:24,972] {spark_submit_hook.py:479} INFO - 20/07/22 15:20:24 INFO DiskBlockManager: Created local directory at /tmp/blockmgr-ededc8ef-6cc0-4a3b-9f46-729a456bbe01
[2020-07-22 15:20:25,034] {logging_mixin.py:112} INFO - [2020-07-22 15:20:25,034] {spark_submit_hook.py:479} INFO - 20/07/22 15:20:25 INFO MemoryStore: MemoryStore started with capacity 366.3 MiB
[2020-07-22 15:20:25,070] {logging_mixin.py:112} INFO - [2020-07-22 15:20:25,070] {spark_submit_hook.py:479} INFO - 20/07/22 15:20:25 INFO SparkEnv: Registering OutputCommitCoordinator
[2020-07-22 15:20:25,853] {logging_mixin.py:112} INFO - [2020-07-22 15:20:25,853] {spark_submit_hook.py:479} INFO - 20/07/22 15:20:25 WARN Utils: Service 'SparkUI' could not bind on port 4040. Attempting port 4041.
[2020-07-22 15:20:25,874] {logging_mixin.py:112} INFO - [2020-07-22 15:20:25,873] {spark_submit_hook.py:479} INFO - 20/07/22 15:20:25 INFO Utils: Successfully started service 'SparkUI' on port 4041.
[2020-07-22 15:20:26,024] {logging_mixin.py:112} INFO - [2020-07-22 15:20:26,024] {spark_submit_hook.py:479} INFO - 20/07/22 15:20:26 INFO SparkUI: Bound SparkUI to 0.0.0.0, and started at http://192.168.43.94:4041
[2020-07-22 15:20:26,699] {logging_mixin.py:112} INFO - [2020-07-22 15:20:26,699] {spark_submit_hook.py:479} INFO - 20/07/22 15:20:26 INFO Executor: Starting executor ID driver on host 192.168.43.94
[2020-07-22 15:20:26,783] {logging_mixin.py:112} INFO - [2020-07-22 15:20:26,783] {spark_submit_hook.py:479} INFO - 20/07/22 15:20:26 INFO Utils: Successfully started service 'org.apache.spark.network.netty.NettyBlockTransferService' on port 33005.
[2020-07-22 15:20:26,785] {logging_mixin.py:112} INFO - [2020-07-22 15:20:26,785] {spark_submit_hook.py:479} INFO - 20/07/22 15:20:26 INFO NettyBlockTransferService: Server created on 192.168.43.94:33005
[2020-07-22 15:20:26,787] {logging_mixin.py:112} INFO - [2020-07-22 15:20:26,787] {spark_submit_hook.py:479} INFO - 20/07/22 15:20:26 INFO BlockManager: Using org.apache.spark.storage.RandomBlockReplicationPolicy for block replication policy
[2020-07-22 15:20:26,804] {logging_mixin.py:112} INFO - [2020-07-22 15:20:26,804] {spark_submit_hook.py:479} INFO - 20/07/22 15:20:26 INFO BlockManagerMaster: Registering BlockManager BlockManagerId(driver, 192.168.43.94, 33005, None)
[2020-07-22 15:20:26,814] {logging_mixin.py:112} INFO - [2020-07-22 15:20:26,814] {spark_submit_hook.py:479} INFO - 20/07/22 15:20:26 INFO BlockManagerMasterEndpoint: Registering block manager 192.168.43.94:33005 with 366.3 MiB RAM, BlockManagerId(driver, 192.168.43.94, 33005, None)
[2020-07-22 15:20:26,818] {logging_mixin.py:112} INFO - [2020-07-22 15:20:26,818] {spark_submit_hook.py:479} INFO - 20/07/22 15:20:26 INFO BlockManagerMaster: Registered BlockManager BlockManagerId(driver, 192.168.43.94, 33005, None)
[2020-07-22 15:20:26,820] {logging_mixin.py:112} INFO - [2020-07-22 15:20:26,820] {spark_submit_hook.py:479} INFO - 20/07/22 15:20:26 INFO BlockManager: Initialized BlockManager: BlockManagerId(driver, 192.168.43.94, 33005, None)
[2020-07-22 15:20:29,115] {logging_mixin.py:112} INFO - [2020-07-22 15:20:29,115] {spark_submit_hook.py:479} INFO - 20/07/22 15:20:29 INFO MemoryStore: Block broadcast_0 stored as values in memory (estimated size 241.5 KiB, free 366.1 MiB)
[2020-07-22 15:20:29,251] {logging_mixin.py:112} INFO - [2020-07-22 15:20:29,250] {spark_submit_hook.py:479} INFO - 20/07/22 15:20:29 INFO MemoryStore: Block broadcast_0_piece0 stored as bytes in memory (estimated size 23.4 KiB, free 366.0 MiB)
[2020-07-22 15:20:29,257] {logging_mixin.py:112} INFO - [2020-07-22 15:20:29,257] {spark_submit_hook.py:479} INFO - 20/07/22 15:20:29 INFO BlockManagerInfo: Added broadcast_0_piece0 in memory on 192.168.43.94:33005 (size: 23.4 KiB, free: 366.3 MiB)
[2020-07-22 15:20:29,262] {logging_mixin.py:112} INFO - [2020-07-22 15:20:29,262] {spark_submit_hook.py:479} INFO - 20/07/22 15:20:29 INFO SparkContext: Created broadcast 0 from textFile at NativeMethodAccessorImpl.java:0
[2020-07-22 15:20:29,833] {logging_mixin.py:112} INFO - [2020-07-22 15:20:29,833] {spark_submit_hook.py:479} INFO - 20/07/22 15:20:29 INFO FileInputFormat: Total input paths to process : 1
[2020-07-22 15:20:30,381] {logging_mixin.py:112} INFO - [2020-07-22 15:20:30,381] {spark_submit_hook.py:479} INFO - 20/07/22 15:20:30 INFO SparkContext: Starting job: collect at /home/bhakti/airflow/spark_jobs/python/spark_test.py:10
[2020-07-22 15:20:30,491] {logging_mixin.py:112} INFO - [2020-07-22 15:20:30,491] {spark_submit_hook.py:479} INFO - 20/07/22 15:20:30 INFO DAGScheduler: Got job 0 (collect at /home/bhakti/airflow/spark_jobs/python/spark_test.py:10) with 1 output partitions
[2020-07-22 15:20:30,493] {logging_mixin.py:112} INFO - [2020-07-22 15:20:30,492] {spark_submit_hook.py:479} INFO - 20/07/22 15:20:30 INFO DAGScheduler: Final stage: ResultStage 0 (collect at /home/bhakti/airflow/spark_jobs/python/spark_test.py:10)
[2020-07-22 15:20:30,496] {logging_mixin.py:112} INFO - [2020-07-22 15:20:30,495] {spark_submit_hook.py:479} INFO - 20/07/22 15:20:30 INFO DAGScheduler: Parents of final stage: List()
[2020-07-22 15:20:30,521] {logging_mixin.py:112} INFO - [2020-07-22 15:20:30,521] {spark_submit_hook.py:479} INFO - 20/07/22 15:20:30 INFO DAGScheduler: Missing parents: List()
[2020-07-22 15:20:30,617] {logging_mixin.py:112} INFO - [2020-07-22 15:20:30,616] {spark_submit_hook.py:479} INFO - 20/07/22 15:20:30 INFO DAGScheduler: Submitting ResultStage 0 (PythonRDD[2] at collect at /home/bhakti/airflow/spark_jobs/python/spark_test.py:10), which has no missing parents
[2020-07-22 15:20:30,797] {logging_mixin.py:112} INFO - [2020-07-22 15:20:30,796] {spark_submit_hook.py:479} INFO - 20/07/22 15:20:30 INFO MemoryStore: Block broadcast_1 stored as values in memory (estimated size 7.4 KiB, free 366.0 MiB)
[2020-07-22 15:20:30,813] {logging_mixin.py:112} INFO - [2020-07-22 15:20:30,812] {spark_submit_hook.py:479} INFO - 20/07/22 15:20:30 INFO MemoryStore: Block broadcast_1_piece0 stored as bytes in memory (estimated size 4.4 KiB, free 366.0 MiB)
[2020-07-22 15:20:30,821] {logging_mixin.py:112} INFO - [2020-07-22 15:20:30,821] {spark_submit_hook.py:479} INFO - 20/07/22 15:20:30 INFO BlockManagerInfo: Added broadcast_1_piece0 in memory on 192.168.43.94:33005 (size: 4.4 KiB, free: 366.3 MiB)
[2020-07-22 15:20:30,826] {logging_mixin.py:112} INFO - [2020-07-22 15:20:30,826] {spark_submit_hook.py:479} INFO - 20/07/22 15:20:30 INFO SparkContext: Created broadcast 1 from broadcast at DAGScheduler.scala:1200
[2020-07-22 15:20:30,882] {logging_mixin.py:112} INFO - [2020-07-22 15:20:30,882] {spark_submit_hook.py:479} INFO - 20/07/22 15:20:30 INFO DAGScheduler: Submitting 1 missing tasks from ResultStage 0 (PythonRDD[2] at collect at /home/bhakti/airflow/spark_jobs/python/spark_test.py:10) (first 15 tasks are for partitions Vector(0))
[2020-07-22 15:20:30,889] {logging_mixin.py:112} INFO - [2020-07-22 15:20:30,889] {spark_submit_hook.py:479} INFO - 20/07/22 15:20:30 INFO TaskSchedulerImpl: Adding task set 0.0 with 1 tasks
[2020-07-22 15:20:31,191] {logging_mixin.py:112} INFO - [2020-07-22 15:20:31,191] {spark_submit_hook.py:479} INFO - 20/07/22 15:20:31 INFO TaskSetManager: Starting task 0.0 in stage 0.0 (TID 0, 192.168.43.94, executor driver, partition 0, PROCESS_LOCAL, 7388 bytes)
[2020-07-22 15:20:31,263] {logging_mixin.py:112} INFO - [2020-07-22 15:20:31,262] {spark_submit_hook.py:479} INFO - 20/07/22 15:20:31 INFO Executor: Running task 0.0 in stage 0.0 (TID 0)
[2020-07-22 15:20:32,369] {logging_mixin.py:112} INFO - [2020-07-22 15:20:32,369] {spark_submit_hook.py:479} INFO - 20/07/22 15:20:32 INFO HadoopRDD: Input split: file:/home/bhakti/airflow/input_data/sample.csv:0+93
[2020-07-22 15:20:34,634] {logging_mixin.py:112} INFO - [2020-07-22 15:20:34,634] {spark_submit_hook.py:479} INFO - 20/07/22 15:20:34 INFO PythonRunner: Times: total = 2187, boot = 2107, init = 80, finish = 0
[2020-07-22 15:20:34,712] {logging_mixin.py:112} INFO - [2020-07-22 15:20:34,712] {spark_submit_hook.py:479} INFO - 20/07/22 15:20:34 INFO Executor: Finished task 0.0 in stage 0.0 (TID 0). 1732 bytes result sent to driver
[2020-07-22 15:20:34,743] {logging_mixin.py:112} INFO - [2020-07-22 15:20:34,742] {spark_submit_hook.py:479} INFO - 20/07/22 15:20:34 INFO TaskSetManager: Finished task 0.0 in stage 0.0 (TID 0) in 3611 ms on 192.168.43.94 (executor driver) (1/1)
[2020-07-22 15:20:34,755] {logging_mixin.py:112} INFO - [2020-07-22 15:20:34,755] {spark_submit_hook.py:479} INFO - 20/07/22 15:20:34 INFO TaskSchedulerImpl: Removed TaskSet 0.0, whose tasks have all completed, from pool
[2020-07-22 15:20:34,758] {logging_mixin.py:112} INFO - [2020-07-22 15:20:34,758] {spark_submit_hook.py:479} INFO - 20/07/22 15:20:34 INFO PythonAccumulatorV2: Connected to AccumulatorServer at host: 127.0.0.1 port: 42677
[2020-07-22 15:20:34,789] {logging_mixin.py:112} INFO - [2020-07-22 15:20:34,789] {spark_submit_hook.py:479} INFO - 20/07/22 15:20:34 INFO DAGScheduler: ResultStage 0 (collect at /home/bhakti/airflow/spark_jobs/python/spark_test.py:10) finished in 4.033 s
[2020-07-22 15:20:34,819] {logging_mixin.py:112} INFO - [2020-07-22 15:20:34,818] {spark_submit_hook.py:479} INFO - 20/07/22 15:20:34 INFO DAGScheduler: Job 0 is finished. Cancelling potential speculative or zombie tasks for this job
[2020-07-22 15:20:34,820] {logging_mixin.py:112} INFO - [2020-07-22 15:20:34,820] {spark_submit_hook.py:479} INFO - 20/07/22 15:20:34 INFO TaskSchedulerImpl: Killing all running tasks in stage 0: Stage finished
[2020-07-22 15:20:34,854] {logging_mixin.py:112} INFO - [2020-07-22 15:20:34,854] {spark_submit_hook.py:479} INFO - 20/07/22 15:20:34 INFO DAGScheduler: Job 0 finished: collect at /home/bhakti/airflow/spark_jobs/python/spark_test.py:10, took 4.454039 s
[2020-07-22 15:20:34,891] {logging_mixin.py:112} INFO - [2020-07-22 15:20:34,891] {spark_submit_hook.py:479} INFO - [('PERSON', 'JOINING_YEAR'), ('John', '2018'), ('Sam', '2017'), ('Jeff', '2014'), ('Allen', '2015')]
[2020-07-22 15:20:34,990] {logging_mixin.py:112} INFO - [2020-07-22 15:20:34,990] {spark_submit_hook.py:479} INFO - 20/07/22 15:20:34 INFO SparkContext: Invoking stop() from shutdown hook
[2020-07-22 15:20:35,044] {logging_mixin.py:112} INFO - [2020-07-22 15:20:35,044] {spark_submit_hook.py:479} INFO - 20/07/22 15:20:35 INFO SparkUI: Stopped Spark web UI at http://192.168.43.94:4041
[2020-07-22 15:20:35,134] {logging_mixin.py:112} INFO - [2020-07-22 15:20:35,134] {spark_submit_hook.py:479} INFO - 20/07/22 15:20:35 INFO BlockManagerInfo: Removed broadcast_0_piece0 on 192.168.43.94:33005 in memory (size: 23.4 KiB, free: 366.3 MiB)
[2020-07-22 15:20:35,189] {logging_mixin.py:112} INFO - [2020-07-22 15:20:35,189] {spark_submit_hook.py:479} INFO - 20/07/22 15:20:35 INFO MapOutputTrackerMasterEndpoint: MapOutputTrackerMasterEndpoint stopped!
[2020-07-22 15:20:35,224] {logging_mixin.py:112} INFO - [2020-07-22 15:20:35,224] {spark_submit_hook.py:479} INFO - 20/07/22 15:20:35 INFO MemoryStore: MemoryStore cleared
[2020-07-22 15:20:35,228] {logging_mixin.py:112} INFO - [2020-07-22 15:20:35,227] {spark_submit_hook.py:479} INFO - 20/07/22 15:20:35 INFO BlockManager: BlockManager stopped
[2020-07-22 15:20:35,235] {logging_mixin.py:112} INFO - [2020-07-22 15:20:35,235] {spark_submit_hook.py:479} INFO - 20/07/22 15:20:35 INFO BlockManagerMaster: BlockManagerMaster stopped
[2020-07-22 15:20:35,253] {logging_mixin.py:112} INFO - [2020-07-22 15:20:35,253] {spark_submit_hook.py:479} INFO - 20/07/22 15:20:35 INFO OutputCommitCoordinator$OutputCommitCoordinatorEndpoint: OutputCommitCoordinator stopped!
[2020-07-22 15:20:35,273] {logging_mixin.py:112} INFO - [2020-07-22 15:20:35,273] {spark_submit_hook.py:479} INFO - 20/07/22 15:20:35 INFO SparkContext: Successfully stopped SparkContext
[2020-07-22 15:20:35,274] {logging_mixin.py:112} INFO - [2020-07-22 15:20:35,274] {spark_submit_hook.py:479} INFO - 20/07/22 15:20:35 INFO ShutdownHookManager: Shutdown hook called
[2020-07-22 15:20:35,277] {logging_mixin.py:112} INFO - [2020-07-22 15:20:35,276] {spark_submit_hook.py:479} INFO - 20/07/22 15:20:35 INFO ShutdownHookManager: Deleting directory /tmp/spark-24a1726e-97ab-40a5-a5b8-af201c8946ff
[2020-07-22 15:20:35,291] {logging_mixin.py:112} INFO - [2020-07-22 15:20:35,291] {spark_submit_hook.py:479} INFO - 20/07/22 15:20:35 INFO ShutdownHookManager: Deleting directory /tmp/spark-6399d3b8-60ee-4556-be1a-9c92e3edb9e0/pyspark-f39313ae-4691-4a8a-b1ab-acb9082d6dfa
[2020-07-22 15:20:35,301] {logging_mixin.py:112} INFO - [2020-07-22 15:20:35,301] {spark_submit_hook.py:479} INFO - 20/07/22 15:20:35 INFO ShutdownHookManager: Deleting directory /tmp/spark-6399d3b8-60ee-4556-be1a-9c92e3edb9e0
[2020-07-22 15:20:35,395] {taskinstance.py:1052} INFO - Marking task as SUCCESS.dag_id=submit_data, task_id=spark_submit, execution_date=20200720T043900, start_date=20200722T095015, end_date=20200722T095035
[2020-07-22 15:20:35,723] {logging_mixin.py:112} INFO - [2020-07-22 15:20:35,723] {local_task_job.py:103} INFO - Task exited with return code 0
