[2020-08-26 11:39:22,192] {scheduler_job.py:153} INFO - Started process (PID=69171) to work on /home/bhakti/airflow/dags/task_3_bash_operator.py
[2020-08-26 11:39:22,195] {scheduler_job.py:1562} INFO - Processing file /home/bhakti/airflow/dags/task_3_bash_operator.py for tasks to queue
[2020-08-26 11:39:22,195] {logging_mixin.py:112} INFO - [2020-08-26 11:39:22,195] {dagbag.py:396} INFO - Filling up the DagBag from /home/bhakti/airflow/dags/task_3_bash_operator.py
[2020-08-26 11:39:22,539] {scheduler_job.py:1574} INFO - DAG(s) dict_keys(['MYSQLDAG']) retrieved from /home/bhakti/airflow/dags/task_3_bash_operator.py
[2020-08-26 11:39:22,670] {scheduler_job.py:1284} INFO - Processing MYSQLDAG
[2020-08-26 11:39:23,362] {scheduler_job.py:1294} INFO - Created <DagRun MYSQLDAG @ 2020-07-27 00:00:00+00:00: scheduled__2020-07-27T00:00:00+00:00, externally triggered: False>
[2020-08-26 11:39:23,367] {scheduler_job.py:759} INFO - Examining DAG run <DagRun MYSQLDAG @ 2020-07-23 00:00:00+00:00: scheduled__2020-07-23T00:00:00+00:00, externally triggered: False>
[2020-08-26 11:39:23,376] {scheduler_job.py:759} INFO - Examining DAG run <DagRun MYSQLDAG @ 2020-07-24 00:00:00+00:00: scheduled__2020-07-24T00:00:00+00:00, externally triggered: False>
[2020-08-26 11:39:23,385] {scheduler_job.py:759} INFO - Examining DAG run <DagRun MYSQLDAG @ 2020-07-25 00:00:00+00:00: scheduled__2020-07-25T00:00:00+00:00, externally triggered: False>
[2020-08-26 11:39:23,394] {scheduler_job.py:759} INFO - Examining DAG run <DagRun MYSQLDAG @ 2020-07-26 00:00:00+00:00: scheduled__2020-07-26T00:00:00+00:00, externally triggered: False>
[2020-08-26 11:39:23,403] {scheduler_job.py:759} INFO - Examining DAG run <DagRun MYSQLDAG @ 2020-07-27 00:00:00+00:00: scheduled__2020-07-27T00:00:00+00:00, externally triggered: False>
[2020-08-26 11:39:23,472] {scheduler_job.py:447} INFO - Skipping SLA check for <DAG: MYSQLDAG> because no tasks in DAG have SLAs
[2020-08-26 11:39:23,476] {scheduler_job.py:1640} INFO - Creating / updating <TaskInstance: MYSQLDAG.first_db_to_csv 2020-07-23 00:00:00+00:00 [scheduled]> in ORM
[2020-08-26 11:39:23,480] {scheduler_job.py:1640} INFO - Creating / updating <TaskInstance: MYSQLDAG.first_db_to_csv 2020-07-24 00:00:00+00:00 [scheduled]> in ORM
[2020-08-26 11:39:23,485] {scheduler_job.py:1640} INFO - Creating / updating <TaskInstance: MYSQLDAG.first_db_to_csv 2020-07-25 00:00:00+00:00 [scheduled]> in ORM
[2020-08-26 11:39:23,489] {scheduler_job.py:1640} INFO - Creating / updating <TaskInstance: MYSQLDAG.first_db_to_csv 2020-07-26 00:00:00+00:00 [scheduled]> in ORM
[2020-08-26 11:39:23,493] {scheduler_job.py:1640} INFO - Creating / updating <TaskInstance: MYSQLDAG.first_db_to_csv 2020-07-27 00:00:00+00:00 [scheduled]> in ORM
[2020-08-26 11:39:23,711] {scheduler_job.py:161} INFO - Processing /home/bhakti/airflow/dags/task_3_bash_operator.py took 1.519 seconds
[2020-08-26 11:43:53,868] {scheduler_job.py:153} INFO - Started process (PID=71939) to work on /home/bhakti/airflow/dags/task_3_bash_operator.py
[2020-08-26 11:43:56,926] {scheduler_job.py:1562} INFO - Processing file /home/bhakti/airflow/dags/task_3_bash_operator.py for tasks to queue
[2020-08-26 11:43:56,928] {logging_mixin.py:112} INFO - [2020-08-26 11:43:56,927] {dagbag.py:396} INFO - Filling up the DagBag from /home/bhakti/airflow/dags/task_3_bash_operator.py
[2020-08-26 11:43:59,432] {scheduler_job.py:1574} INFO - DAG(s) dict_keys(['MYSQLDAG']) retrieved from /home/bhakti/airflow/dags/task_3_bash_operator.py
[2020-08-26 11:43:59,942] {scheduler_job.py:1284} INFO - Processing MYSQLDAG
[2020-08-26 11:44:00,775] {scheduler_job.py:1294} INFO - Created <DagRun MYSQLDAG @ 2020-07-28 00:00:00+00:00: scheduled__2020-07-28T00:00:00+00:00, externally triggered: False>
[2020-08-26 11:44:00,778] {scheduler_job.py:759} INFO - Examining DAG run <DagRun MYSQLDAG @ 2020-07-23 00:00:00+00:00: scheduled__2020-07-23T00:00:00+00:00, externally triggered: False>
[2020-08-26 11:44:00,792] {scheduler_job.py:759} INFO - Examining DAG run <DagRun MYSQLDAG @ 2020-07-24 00:00:00+00:00: scheduled__2020-07-24T00:00:00+00:00, externally triggered: False>
[2020-08-26 11:44:00,807] {scheduler_job.py:759} INFO - Examining DAG run <DagRun MYSQLDAG @ 2020-07-25 00:00:00+00:00: scheduled__2020-07-25T00:00:00+00:00, externally triggered: False>
[2020-08-26 11:44:00,826] {scheduler_job.py:759} INFO - Examining DAG run <DagRun MYSQLDAG @ 2020-07-26 00:00:00+00:00: scheduled__2020-07-26T00:00:00+00:00, externally triggered: False>
[2020-08-26 11:44:00,839] {scheduler_job.py:759} INFO - Examining DAG run <DagRun MYSQLDAG @ 2020-07-27 00:00:00+00:00: scheduled__2020-07-27T00:00:00+00:00, externally triggered: False>
[2020-08-26 11:44:00,852] {scheduler_job.py:759} INFO - Examining DAG run <DagRun MYSQLDAG @ 2020-07-28 00:00:00+00:00: scheduled__2020-07-28T00:00:00+00:00, externally triggered: False>
[2020-08-26 11:44:00,932] {scheduler_job.py:447} INFO - Skipping SLA check for <DAG: MYSQLDAG> because no tasks in DAG have SLAs
[2020-08-26 11:44:00,937] {scheduler_job.py:1640} INFO - Creating / updating <TaskInstance: MYSQLDAG.csv_to_second_db 2020-07-23 00:00:00+00:00 [scheduled]> in ORM
[2020-08-26 11:44:00,944] {scheduler_job.py:1640} INFO - Creating / updating <TaskInstance: MYSQLDAG.csv_to_second_db 2020-07-24 00:00:00+00:00 [scheduled]> in ORM
[2020-08-26 11:44:00,950] {scheduler_job.py:1640} INFO - Creating / updating <TaskInstance: MYSQLDAG.csv_to_second_db 2020-07-25 00:00:00+00:00 [scheduled]> in ORM
[2020-08-26 11:44:00,954] {scheduler_job.py:1640} INFO - Creating / updating <TaskInstance: MYSQLDAG.csv_to_second_db 2020-07-26 00:00:00+00:00 [scheduled]> in ORM
[2020-08-26 11:44:00,957] {scheduler_job.py:1640} INFO - Creating / updating <TaskInstance: MYSQLDAG.csv_to_second_db 2020-07-27 00:00:00+00:00 [scheduled]> in ORM
[2020-08-26 11:44:00,961] {scheduler_job.py:1640} INFO - Creating / updating <TaskInstance: MYSQLDAG.first_db_to_csv 2020-07-28 00:00:00+00:00 [scheduled]> in ORM
[2020-08-26 11:44:01,347] {scheduler_job.py:161} INFO - Processing /home/bhakti/airflow/dags/task_3_bash_operator.py took 7.479 seconds
[2020-08-26 11:47:47,615] {scheduler_job.py:153} INFO - Started process (PID=74068) to work on /home/bhakti/airflow/dags/task_3_bash_operator.py
[2020-08-26 11:47:47,631] {scheduler_job.py:1562} INFO - Processing file /home/bhakti/airflow/dags/task_3_bash_operator.py for tasks to queue
[2020-08-26 11:47:47,631] {logging_mixin.py:112} INFO - [2020-08-26 11:47:47,631] {dagbag.py:396} INFO - Filling up the DagBag from /home/bhakti/airflow/dags/task_3_bash_operator.py
[2020-08-26 11:47:47,861] {scheduler_job.py:1574} INFO - DAG(s) dict_keys(['MYSQLDAG']) retrieved from /home/bhakti/airflow/dags/task_3_bash_operator.py
[2020-08-26 11:47:48,005] {scheduler_job.py:1284} INFO - Processing MYSQLDAG
[2020-08-26 11:47:49,007] {scheduler_job.py:1294} INFO - Created <DagRun MYSQLDAG @ 2020-07-29 00:00:00+00:00: scheduled__2020-07-29T00:00:00+00:00, externally triggered: False>
[2020-08-26 11:47:49,015] {scheduler_job.py:759} INFO - Examining DAG run <DagRun MYSQLDAG @ 2020-07-23 00:00:00+00:00: scheduled__2020-07-23T00:00:00+00:00, externally triggered: False>
[2020-08-26 11:47:49,044] {scheduler_job.py:759} INFO - Examining DAG run <DagRun MYSQLDAG @ 2020-07-24 00:00:00+00:00: scheduled__2020-07-24T00:00:00+00:00, externally triggered: False>
[2020-08-26 11:47:49,097] {scheduler_job.py:759} INFO - Examining DAG run <DagRun MYSQLDAG @ 2020-07-25 00:00:00+00:00: scheduled__2020-07-25T00:00:00+00:00, externally triggered: False>
[2020-08-26 11:47:49,126] {scheduler_job.py:759} INFO - Examining DAG run <DagRun MYSQLDAG @ 2020-07-26 00:00:00+00:00: scheduled__2020-07-26T00:00:00+00:00, externally triggered: False>
[2020-08-26 11:47:49,162] {scheduler_job.py:759} INFO - Examining DAG run <DagRun MYSQLDAG @ 2020-07-27 00:00:00+00:00: scheduled__2020-07-27T00:00:00+00:00, externally triggered: False>
[2020-08-26 11:47:49,195] {scheduler_job.py:759} INFO - Examining DAG run <DagRun MYSQLDAG @ 2020-07-28 00:00:00+00:00: scheduled__2020-07-28T00:00:00+00:00, externally triggered: False>
[2020-08-26 11:47:49,223] {scheduler_job.py:759} INFO - Examining DAG run <DagRun MYSQLDAG @ 2020-07-29 00:00:00+00:00: scheduled__2020-07-29T00:00:00+00:00, externally triggered: False>
[2020-08-26 11:47:49,358] {scheduler_job.py:447} INFO - Skipping SLA check for <DAG: MYSQLDAG> because no tasks in DAG have SLAs
[2020-08-26 11:47:49,379] {scheduler_job.py:1640} INFO - Creating / updating <TaskInstance: MYSQLDAG.dbdump_in_minio 2020-07-23 00:00:00+00:00 [scheduled]> in ORM
[2020-08-26 11:47:49,394] {scheduler_job.py:1640} INFO - Creating / updating <TaskInstance: MYSQLDAG.dbdump_in_minio 2020-07-24 00:00:00+00:00 [scheduled]> in ORM
[2020-08-26 11:47:49,410] {scheduler_job.py:1640} INFO - Creating / updating <TaskInstance: MYSQLDAG.dbdump_in_minio 2020-07-25 00:00:00+00:00 [scheduled]> in ORM
[2020-08-26 11:47:49,423] {scheduler_job.py:1640} INFO - Creating / updating <TaskInstance: MYSQLDAG.dbdump_in_minio 2020-07-26 00:00:00+00:00 [scheduled]> in ORM
[2020-08-26 11:47:49,439] {scheduler_job.py:1640} INFO - Creating / updating <TaskInstance: MYSQLDAG.dbdump_in_minio 2020-07-27 00:00:00+00:00 [scheduled]> in ORM
[2020-08-26 11:47:49,451] {scheduler_job.py:1640} INFO - Creating / updating <TaskInstance: MYSQLDAG.csv_to_second_db 2020-07-28 00:00:00+00:00 [scheduled]> in ORM
[2020-08-26 11:47:49,463] {scheduler_job.py:1640} INFO - Creating / updating <TaskInstance: MYSQLDAG.first_db_to_csv 2020-07-29 00:00:00+00:00 [scheduled]> in ORM
[2020-08-26 11:47:49,714] {scheduler_job.py:161} INFO - Processing /home/bhakti/airflow/dags/task_3_bash_operator.py took 2.098 seconds
[2020-08-26 11:51:33,194] {scheduler_job.py:153} INFO - Started process (PID=76594) to work on /home/bhakti/airflow/dags/task_3_bash_operator.py
[2020-08-26 11:51:33,197] {scheduler_job.py:1562} INFO - Processing file /home/bhakti/airflow/dags/task_3_bash_operator.py for tasks to queue
[2020-08-26 11:51:33,197] {logging_mixin.py:112} INFO - [2020-08-26 11:51:33,197] {dagbag.py:396} INFO - Filling up the DagBag from /home/bhakti/airflow/dags/task_3_bash_operator.py
[2020-08-26 11:51:33,463] {scheduler_job.py:1574} INFO - DAG(s) dict_keys(['MYSQLDAG']) retrieved from /home/bhakti/airflow/dags/task_3_bash_operator.py
[2020-08-26 11:51:33,736] {scheduler_job.py:1284} INFO - Processing MYSQLDAG
[2020-08-26 11:51:34,177] {scheduler_job.py:1294} INFO - Created <DagRun MYSQLDAG @ 2020-07-30 00:00:00+00:00: scheduled__2020-07-30T00:00:00+00:00, externally triggered: False>
[2020-08-26 11:51:34,189] {scheduler_job.py:759} INFO - Examining DAG run <DagRun MYSQLDAG @ 2020-07-23 00:00:00+00:00: scheduled__2020-07-23T00:00:00+00:00, externally triggered: False>
[2020-08-26 11:51:34,216] {logging_mixin.py:112} INFO - [2020-08-26 11:51:34,215] {dagrun.py:318} INFO - Marking run <DagRun MYSQLDAG @ 2020-07-23 00:00:00+00:00: scheduled__2020-07-23T00:00:00+00:00, externally triggered: False> successful
[2020-08-26 11:51:34,342] {scheduler_job.py:759} INFO - Examining DAG run <DagRun MYSQLDAG @ 2020-07-24 00:00:00+00:00: scheduled__2020-07-24T00:00:00+00:00, externally triggered: False>
[2020-08-26 11:51:34,360] {logging_mixin.py:112} INFO - [2020-08-26 11:51:34,360] {dagrun.py:318} INFO - Marking run <DagRun MYSQLDAG @ 2020-07-24 00:00:00+00:00: scheduled__2020-07-24T00:00:00+00:00, externally triggered: False> successful
[2020-08-26 11:51:34,475] {scheduler_job.py:759} INFO - Examining DAG run <DagRun MYSQLDAG @ 2020-07-25 00:00:00+00:00: scheduled__2020-07-25T00:00:00+00:00, externally triggered: False>
[2020-08-26 11:51:34,494] {logging_mixin.py:112} INFO - [2020-08-26 11:51:34,494] {dagrun.py:318} INFO - Marking run <DagRun MYSQLDAG @ 2020-07-25 00:00:00+00:00: scheduled__2020-07-25T00:00:00+00:00, externally triggered: False> successful
[2020-08-26 11:51:34,853] {scheduler_job.py:759} INFO - Examining DAG run <DagRun MYSQLDAG @ 2020-07-26 00:00:00+00:00: scheduled__2020-07-26T00:00:00+00:00, externally triggered: False>
[2020-08-26 11:51:34,873] {logging_mixin.py:112} INFO - [2020-08-26 11:51:34,872] {dagrun.py:318} INFO - Marking run <DagRun MYSQLDAG @ 2020-07-26 00:00:00+00:00: scheduled__2020-07-26T00:00:00+00:00, externally triggered: False> successful
[2020-08-26 11:51:35,131] {scheduler_job.py:759} INFO - Examining DAG run <DagRun MYSQLDAG @ 2020-07-27 00:00:00+00:00: scheduled__2020-07-27T00:00:00+00:00, externally triggered: False>
[2020-08-26 11:51:35,143] {logging_mixin.py:112} INFO - [2020-08-26 11:51:35,143] {dagrun.py:318} INFO - Marking run <DagRun MYSQLDAG @ 2020-07-27 00:00:00+00:00: scheduled__2020-07-27T00:00:00+00:00, externally triggered: False> successful
[2020-08-26 11:51:35,275] {scheduler_job.py:759} INFO - Examining DAG run <DagRun MYSQLDAG @ 2020-07-28 00:00:00+00:00: scheduled__2020-07-28T00:00:00+00:00, externally triggered: False>
[2020-08-26 11:51:35,291] {scheduler_job.py:759} INFO - Examining DAG run <DagRun MYSQLDAG @ 2020-07-29 00:00:00+00:00: scheduled__2020-07-29T00:00:00+00:00, externally triggered: False>
[2020-08-26 11:51:35,315] {scheduler_job.py:759} INFO - Examining DAG run <DagRun MYSQLDAG @ 2020-07-30 00:00:00+00:00: scheduled__2020-07-30T00:00:00+00:00, externally triggered: False>
[2020-08-26 11:51:35,397] {scheduler_job.py:447} INFO - Skipping SLA check for <DAG: MYSQLDAG> because no tasks in DAG have SLAs
[2020-08-26 11:51:35,405] {scheduler_job.py:1640} INFO - Creating / updating <TaskInstance: MYSQLDAG.dbdump_in_minio 2020-07-28 00:00:00+00:00 [scheduled]> in ORM
[2020-08-26 11:51:35,417] {scheduler_job.py:1640} INFO - Creating / updating <TaskInstance: MYSQLDAG.csv_to_second_db 2020-07-29 00:00:00+00:00 [scheduled]> in ORM
[2020-08-26 11:51:35,427] {scheduler_job.py:1640} INFO - Creating / updating <TaskInstance: MYSQLDAG.first_db_to_csv 2020-07-30 00:00:00+00:00 [scheduled]> in ORM
[2020-08-26 11:51:35,593] {scheduler_job.py:161} INFO - Processing /home/bhakti/airflow/dags/task_3_bash_operator.py took 2.399 seconds
[2020-08-26 11:56:35,982] {scheduler_job.py:153} INFO - Started process (PID=79543) to work on /home/bhakti/airflow/dags/task_3_bash_operator.py
[2020-08-26 11:56:35,985] {scheduler_job.py:1562} INFO - Processing file /home/bhakti/airflow/dags/task_3_bash_operator.py for tasks to queue
[2020-08-26 11:56:35,985] {logging_mixin.py:112} INFO - [2020-08-26 11:56:35,985] {dagbag.py:396} INFO - Filling up the DagBag from /home/bhakti/airflow/dags/task_3_bash_operator.py
[2020-08-26 11:56:36,056] {scheduler_job.py:1574} INFO - DAG(s) dict_keys(['MYSQLDAG']) retrieved from /home/bhakti/airflow/dags/task_3_bash_operator.py
[2020-08-26 11:56:36,195] {scheduler_job.py:1284} INFO - Processing MYSQLDAG
[2020-08-26 11:56:36,703] {scheduler_job.py:1294} INFO - Created <DagRun MYSQLDAG @ 2020-07-31 00:00:00+00:00: scheduled__2020-07-31T00:00:00+00:00, externally triggered: False>
[2020-08-26 11:56:36,711] {scheduler_job.py:759} INFO - Examining DAG run <DagRun MYSQLDAG @ 2020-07-28 00:00:00+00:00: scheduled__2020-07-28T00:00:00+00:00, externally triggered: False>
[2020-08-26 11:56:36,730] {logging_mixin.py:112} INFO - [2020-08-26 11:56:36,730] {dagrun.py:318} INFO - Marking run <DagRun MYSQLDAG @ 2020-07-28 00:00:00+00:00: scheduled__2020-07-28T00:00:00+00:00, externally triggered: False> successful
[2020-08-26 11:56:36,867] {scheduler_job.py:759} INFO - Examining DAG run <DagRun MYSQLDAG @ 2020-07-29 00:00:00+00:00: scheduled__2020-07-29T00:00:00+00:00, externally triggered: False>
[2020-08-26 11:56:36,890] {scheduler_job.py:759} INFO - Examining DAG run <DagRun MYSQLDAG @ 2020-07-30 00:00:00+00:00: scheduled__2020-07-30T00:00:00+00:00, externally triggered: False>
[2020-08-26 11:56:36,915] {scheduler_job.py:759} INFO - Examining DAG run <DagRun MYSQLDAG @ 2020-07-31 00:00:00+00:00: scheduled__2020-07-31T00:00:00+00:00, externally triggered: False>
[2020-08-26 11:56:37,176] {scheduler_job.py:447} INFO - Skipping SLA check for <DAG: MYSQLDAG> because no tasks in DAG have SLAs
[2020-08-26 11:56:37,186] {scheduler_job.py:1640} INFO - Creating / updating <TaskInstance: MYSQLDAG.dbdump_in_minio 2020-07-29 00:00:00+00:00 [scheduled]> in ORM
[2020-08-26 11:56:37,200] {scheduler_job.py:1640} INFO - Creating / updating <TaskInstance: MYSQLDAG.csv_to_second_db 2020-07-30 00:00:00+00:00 [scheduled]> in ORM
[2020-08-26 11:56:37,209] {scheduler_job.py:1640} INFO - Creating / updating <TaskInstance: MYSQLDAG.first_db_to_csv 2020-07-31 00:00:00+00:00 [scheduled]> in ORM
[2020-08-26 11:56:37,430] {scheduler_job.py:161} INFO - Processing /home/bhakti/airflow/dags/task_3_bash_operator.py took 1.449 seconds
[2020-08-26 12:01:58,248] {scheduler_job.py:153} INFO - Started process (PID=82501) to work on /home/bhakti/airflow/dags/task_3_bash_operator.py
[2020-08-26 12:01:58,254] {scheduler_job.py:1562} INFO - Processing file /home/bhakti/airflow/dags/task_3_bash_operator.py for tasks to queue
[2020-08-26 12:01:58,256] {logging_mixin.py:112} INFO - [2020-08-26 12:01:58,255] {dagbag.py:396} INFO - Filling up the DagBag from /home/bhakti/airflow/dags/task_3_bash_operator.py
[2020-08-26 12:01:58,504] {scheduler_job.py:1574} INFO - DAG(s) dict_keys(['MYSQLDAG']) retrieved from /home/bhakti/airflow/dags/task_3_bash_operator.py
[2020-08-26 12:01:58,657] {scheduler_job.py:1284} INFO - Processing MYSQLDAG
[2020-08-26 12:01:59,077] {scheduler_job.py:1294} INFO - Created <DagRun MYSQLDAG @ 2020-08-01 00:00:00+00:00: scheduled__2020-08-01T00:00:00+00:00, externally triggered: False>
[2020-08-26 12:01:59,083] {scheduler_job.py:759} INFO - Examining DAG run <DagRun MYSQLDAG @ 2020-07-29 00:00:00+00:00: scheduled__2020-07-29T00:00:00+00:00, externally triggered: False>
[2020-08-26 12:01:59,096] {logging_mixin.py:112} INFO - [2020-08-26 12:01:59,096] {dagrun.py:318} INFO - Marking run <DagRun MYSQLDAG @ 2020-07-29 00:00:00+00:00: scheduled__2020-07-29T00:00:00+00:00, externally triggered: False> successful
[2020-08-26 12:01:59,219] {scheduler_job.py:759} INFO - Examining DAG run <DagRun MYSQLDAG @ 2020-07-30 00:00:00+00:00: scheduled__2020-07-30T00:00:00+00:00, externally triggered: False>
[2020-08-26 12:01:59,235] {scheduler_job.py:759} INFO - Examining DAG run <DagRun MYSQLDAG @ 2020-07-31 00:00:00+00:00: scheduled__2020-07-31T00:00:00+00:00, externally triggered: False>
[2020-08-26 12:01:59,254] {scheduler_job.py:759} INFO - Examining DAG run <DagRun MYSQLDAG @ 2020-08-01 00:00:00+00:00: scheduled__2020-08-01T00:00:00+00:00, externally triggered: False>
[2020-08-26 12:01:59,302] {scheduler_job.py:447} INFO - Skipping SLA check for <DAG: MYSQLDAG> because no tasks in DAG have SLAs
[2020-08-26 12:01:59,307] {scheduler_job.py:1640} INFO - Creating / updating <TaskInstance: MYSQLDAG.dbdump_in_minio 2020-07-30 00:00:00+00:00 [scheduled]> in ORM
[2020-08-26 12:01:59,313] {scheduler_job.py:1640} INFO - Creating / updating <TaskInstance: MYSQLDAG.csv_to_second_db 2020-07-31 00:00:00+00:00 [scheduled]> in ORM
[2020-08-26 12:01:59,319] {scheduler_job.py:1640} INFO - Creating / updating <TaskInstance: MYSQLDAG.first_db_to_csv 2020-08-01 00:00:00+00:00 [scheduled]> in ORM
[2020-08-26 12:01:59,471] {scheduler_job.py:161} INFO - Processing /home/bhakti/airflow/dags/task_3_bash_operator.py took 1.222 seconds
[2020-08-26 12:05:37,582] {scheduler_job.py:153} INFO - Started process (PID=84655) to work on /home/bhakti/airflow/dags/task_3_bash_operator.py
[2020-08-26 12:05:37,588] {scheduler_job.py:1562} INFO - Processing file /home/bhakti/airflow/dags/task_3_bash_operator.py for tasks to queue
[2020-08-26 12:05:37,591] {logging_mixin.py:112} INFO - [2020-08-26 12:05:37,590] {dagbag.py:396} INFO - Filling up the DagBag from /home/bhakti/airflow/dags/task_3_bash_operator.py
[2020-08-26 12:05:38,291] {scheduler_job.py:1574} INFO - DAG(s) dict_keys(['MYSQLDAG']) retrieved from /home/bhakti/airflow/dags/task_3_bash_operator.py
[2020-08-26 12:05:38,433] {scheduler_job.py:1284} INFO - Processing MYSQLDAG
[2020-08-26 12:05:38,956] {scheduler_job.py:1294} INFO - Created <DagRun MYSQLDAG @ 2020-08-02 00:00:00+00:00: scheduled__2020-08-02T00:00:00+00:00, externally triggered: False>
[2020-08-26 12:05:38,960] {scheduler_job.py:759} INFO - Examining DAG run <DagRun MYSQLDAG @ 2020-07-30 00:00:00+00:00: scheduled__2020-07-30T00:00:00+00:00, externally triggered: False>
[2020-08-26 12:05:38,968] {logging_mixin.py:112} INFO - [2020-08-26 12:05:38,968] {dagrun.py:318} INFO - Marking run <DagRun MYSQLDAG @ 2020-07-30 00:00:00+00:00: scheduled__2020-07-30T00:00:00+00:00, externally triggered: False> successful
[2020-08-26 12:05:39,087] {scheduler_job.py:759} INFO - Examining DAG run <DagRun MYSQLDAG @ 2020-07-31 00:00:00+00:00: scheduled__2020-07-31T00:00:00+00:00, externally triggered: False>
[2020-08-26 12:05:39,104] {scheduler_job.py:759} INFO - Examining DAG run <DagRun MYSQLDAG @ 2020-08-01 00:00:00+00:00: scheduled__2020-08-01T00:00:00+00:00, externally triggered: False>
[2020-08-26 12:05:39,120] {scheduler_job.py:759} INFO - Examining DAG run <DagRun MYSQLDAG @ 2020-08-02 00:00:00+00:00: scheduled__2020-08-02T00:00:00+00:00, externally triggered: False>
[2020-08-26 12:05:39,167] {scheduler_job.py:447} INFO - Skipping SLA check for <DAG: MYSQLDAG> because no tasks in DAG have SLAs
[2020-08-26 12:05:39,172] {scheduler_job.py:1640} INFO - Creating / updating <TaskInstance: MYSQLDAG.dbdump_in_minio 2020-07-31 00:00:00+00:00 [scheduled]> in ORM
[2020-08-26 12:05:39,179] {scheduler_job.py:1640} INFO - Creating / updating <TaskInstance: MYSQLDAG.csv_to_second_db 2020-08-01 00:00:00+00:00 [scheduled]> in ORM
[2020-08-26 12:05:39,184] {scheduler_job.py:1640} INFO - Creating / updating <TaskInstance: MYSQLDAG.first_db_to_csv 2020-08-02 00:00:00+00:00 [scheduled]> in ORM
[2020-08-26 12:05:39,382] {scheduler_job.py:161} INFO - Processing /home/bhakti/airflow/dags/task_3_bash_operator.py took 1.799 seconds
[2020-08-26 12:08:40,875] {scheduler_job.py:153} INFO - Started process (PID=86787) to work on /home/bhakti/airflow/dags/task_3_bash_operator.py
[2020-08-26 12:08:40,879] {scheduler_job.py:1562} INFO - Processing file /home/bhakti/airflow/dags/task_3_bash_operator.py for tasks to queue
[2020-08-26 12:08:40,879] {logging_mixin.py:112} INFO - [2020-08-26 12:08:40,879] {dagbag.py:396} INFO - Filling up the DagBag from /home/bhakti/airflow/dags/task_3_bash_operator.py
[2020-08-26 12:08:41,188] {scheduler_job.py:1574} INFO - DAG(s) dict_keys(['MYSQLDAG']) retrieved from /home/bhakti/airflow/dags/task_3_bash_operator.py
[2020-08-26 12:08:41,332] {scheduler_job.py:1284} INFO - Processing MYSQLDAG
[2020-08-26 12:08:41,715] {scheduler_job.py:1294} INFO - Created <DagRun MYSQLDAG @ 2020-08-03 00:00:00+00:00: scheduled__2020-08-03T00:00:00+00:00, externally triggered: False>
[2020-08-26 12:08:41,723] {scheduler_job.py:759} INFO - Examining DAG run <DagRun MYSQLDAG @ 2020-07-31 00:00:00+00:00: scheduled__2020-07-31T00:00:00+00:00, externally triggered: False>
[2020-08-26 12:08:41,742] {logging_mixin.py:112} INFO - [2020-08-26 12:08:41,741] {dagrun.py:318} INFO - Marking run <DagRun MYSQLDAG @ 2020-07-31 00:00:00+00:00: scheduled__2020-07-31T00:00:00+00:00, externally triggered: False> successful
[2020-08-26 12:08:41,900] {scheduler_job.py:759} INFO - Examining DAG run <DagRun MYSQLDAG @ 2020-08-01 00:00:00+00:00: scheduled__2020-08-01T00:00:00+00:00, externally triggered: False>
[2020-08-26 12:08:41,935] {scheduler_job.py:759} INFO - Examining DAG run <DagRun MYSQLDAG @ 2020-08-02 00:00:00+00:00: scheduled__2020-08-02T00:00:00+00:00, externally triggered: False>
[2020-08-26 12:08:41,950] {scheduler_job.py:759} INFO - Examining DAG run <DagRun MYSQLDAG @ 2020-08-03 00:00:00+00:00: scheduled__2020-08-03T00:00:00+00:00, externally triggered: False>
[2020-08-26 12:08:42,005] {scheduler_job.py:447} INFO - Skipping SLA check for <DAG: MYSQLDAG> because no tasks in DAG have SLAs
[2020-08-26 12:08:42,010] {scheduler_job.py:1640} INFO - Creating / updating <TaskInstance: MYSQLDAG.dbdump_in_minio 2020-08-01 00:00:00+00:00 [scheduled]> in ORM
[2020-08-26 12:08:42,015] {scheduler_job.py:1640} INFO - Creating / updating <TaskInstance: MYSQLDAG.csv_to_second_db 2020-08-02 00:00:00+00:00 [scheduled]> in ORM
[2020-08-26 12:08:42,024] {scheduler_job.py:1640} INFO - Creating / updating <TaskInstance: MYSQLDAG.first_db_to_csv 2020-08-03 00:00:00+00:00 [scheduled]> in ORM
[2020-08-26 12:08:42,229] {scheduler_job.py:161} INFO - Processing /home/bhakti/airflow/dags/task_3_bash_operator.py took 1.354 seconds
[2020-08-26 12:11:46,578] {scheduler_job.py:153} INFO - Started process (PID=89184) to work on /home/bhakti/airflow/dags/task_3_bash_operator.py
[2020-08-26 12:11:46,597] {scheduler_job.py:1562} INFO - Processing file /home/bhakti/airflow/dags/task_3_bash_operator.py for tasks to queue
[2020-08-26 12:11:46,598] {logging_mixin.py:112} INFO - [2020-08-26 12:11:46,597] {dagbag.py:396} INFO - Filling up the DagBag from /home/bhakti/airflow/dags/task_3_bash_operator.py
[2020-08-26 12:11:46,742] {scheduler_job.py:1574} INFO - DAG(s) dict_keys(['MYSQLDAG']) retrieved from /home/bhakti/airflow/dags/task_3_bash_operator.py
[2020-08-26 12:11:46,984] {scheduler_job.py:1284} INFO - Processing MYSQLDAG
[2020-08-26 12:11:47,706] {scheduler_job.py:1294} INFO - Created <DagRun MYSQLDAG @ 2020-08-04 00:00:00+00:00: scheduled__2020-08-04T00:00:00+00:00, externally triggered: False>
[2020-08-26 12:11:47,709] {scheduler_job.py:759} INFO - Examining DAG run <DagRun MYSQLDAG @ 2020-08-01 00:00:00+00:00: scheduled__2020-08-01T00:00:00+00:00, externally triggered: False>
[2020-08-26 12:11:47,719] {logging_mixin.py:112} INFO - [2020-08-26 12:11:47,719] {dagrun.py:318} INFO - Marking run <DagRun MYSQLDAG @ 2020-08-01 00:00:00+00:00: scheduled__2020-08-01T00:00:00+00:00, externally triggered: False> successful
[2020-08-26 12:11:48,040] {scheduler_job.py:759} INFO - Examining DAG run <DagRun MYSQLDAG @ 2020-08-02 00:00:00+00:00: scheduled__2020-08-02T00:00:00+00:00, externally triggered: False>
[2020-08-26 12:11:48,058] {scheduler_job.py:759} INFO - Examining DAG run <DagRun MYSQLDAG @ 2020-08-03 00:00:00+00:00: scheduled__2020-08-03T00:00:00+00:00, externally triggered: False>
[2020-08-26 12:11:48,087] {scheduler_job.py:759} INFO - Examining DAG run <DagRun MYSQLDAG @ 2020-08-04 00:00:00+00:00: scheduled__2020-08-04T00:00:00+00:00, externally triggered: False>
[2020-08-26 12:11:48,136] {scheduler_job.py:447} INFO - Skipping SLA check for <DAG: MYSQLDAG> because no tasks in DAG have SLAs
[2020-08-26 12:11:48,140] {scheduler_job.py:1640} INFO - Creating / updating <TaskInstance: MYSQLDAG.dbdump_in_minio 2020-08-02 00:00:00+00:00 [scheduled]> in ORM
[2020-08-26 12:11:48,146] {scheduler_job.py:1640} INFO - Creating / updating <TaskInstance: MYSQLDAG.csv_to_second_db 2020-08-03 00:00:00+00:00 [scheduled]> in ORM
[2020-08-26 12:11:48,151] {scheduler_job.py:1640} INFO - Creating / updating <TaskInstance: MYSQLDAG.first_db_to_csv 2020-08-04 00:00:00+00:00 [scheduled]> in ORM
[2020-08-26 12:11:48,562] {scheduler_job.py:161} INFO - Processing /home/bhakti/airflow/dags/task_3_bash_operator.py took 1.983 seconds
[2020-08-26 12:14:32,694] {scheduler_job.py:153} INFO - Started process (PID=91083) to work on /home/bhakti/airflow/dags/task_3_bash_operator.py
[2020-08-26 12:14:32,698] {scheduler_job.py:1562} INFO - Processing file /home/bhakti/airflow/dags/task_3_bash_operator.py for tasks to queue
[2020-08-26 12:14:32,698] {logging_mixin.py:112} INFO - [2020-08-26 12:14:32,698] {dagbag.py:396} INFO - Filling up the DagBag from /home/bhakti/airflow/dags/task_3_bash_operator.py
[2020-08-26 12:14:32,958] {scheduler_job.py:1574} INFO - DAG(s) dict_keys(['MYSQLDAG']) retrieved from /home/bhakti/airflow/dags/task_3_bash_operator.py
[2020-08-26 12:14:33,100] {scheduler_job.py:1284} INFO - Processing MYSQLDAG
[2020-08-26 12:14:33,718] {scheduler_job.py:1294} INFO - Created <DagRun MYSQLDAG @ 2020-08-05 00:00:00+00:00: scheduled__2020-08-05T00:00:00+00:00, externally triggered: False>
[2020-08-26 12:14:33,721] {scheduler_job.py:759} INFO - Examining DAG run <DagRun MYSQLDAG @ 2020-08-02 00:00:00+00:00: scheduled__2020-08-02T00:00:00+00:00, externally triggered: False>
[2020-08-26 12:14:33,729] {logging_mixin.py:112} INFO - [2020-08-26 12:14:33,728] {dagrun.py:318} INFO - Marking run <DagRun MYSQLDAG @ 2020-08-02 00:00:00+00:00: scheduled__2020-08-02T00:00:00+00:00, externally triggered: False> successful
[2020-08-26 12:14:33,869] {scheduler_job.py:759} INFO - Examining DAG run <DagRun MYSQLDAG @ 2020-08-03 00:00:00+00:00: scheduled__2020-08-03T00:00:00+00:00, externally triggered: False>
[2020-08-26 12:14:33,887] {scheduler_job.py:759} INFO - Examining DAG run <DagRun MYSQLDAG @ 2020-08-04 00:00:00+00:00: scheduled__2020-08-04T00:00:00+00:00, externally triggered: False>
[2020-08-26 12:14:33,901] {scheduler_job.py:759} INFO - Examining DAG run <DagRun MYSQLDAG @ 2020-08-05 00:00:00+00:00: scheduled__2020-08-05T00:00:00+00:00, externally triggered: False>
[2020-08-26 12:14:33,942] {scheduler_job.py:447} INFO - Skipping SLA check for <DAG: MYSQLDAG> because no tasks in DAG have SLAs
[2020-08-26 12:14:33,947] {scheduler_job.py:1640} INFO - Creating / updating <TaskInstance: MYSQLDAG.dbdump_in_minio 2020-08-03 00:00:00+00:00 [scheduled]> in ORM
[2020-08-26 12:14:33,953] {scheduler_job.py:1640} INFO - Creating / updating <TaskInstance: MYSQLDAG.csv_to_second_db 2020-08-04 00:00:00+00:00 [scheduled]> in ORM
[2020-08-26 12:14:33,958] {scheduler_job.py:1640} INFO - Creating / updating <TaskInstance: MYSQLDAG.first_db_to_csv 2020-08-05 00:00:00+00:00 [scheduled]> in ORM
[2020-08-26 12:14:34,231] {scheduler_job.py:161} INFO - Processing /home/bhakti/airflow/dags/task_3_bash_operator.py took 1.537 seconds
[2020-08-26 12:17:09,992] {scheduler_job.py:153} INFO - Started process (PID=93008) to work on /home/bhakti/airflow/dags/task_3_bash_operator.py
[2020-08-26 12:17:09,997] {scheduler_job.py:1562} INFO - Processing file /home/bhakti/airflow/dags/task_3_bash_operator.py for tasks to queue
[2020-08-26 12:17:09,999] {logging_mixin.py:112} INFO - [2020-08-26 12:17:09,998] {dagbag.py:396} INFO - Filling up the DagBag from /home/bhakti/airflow/dags/task_3_bash_operator.py
[2020-08-26 12:17:10,382] {scheduler_job.py:1574} INFO - DAG(s) dict_keys(['MYSQLDAG']) retrieved from /home/bhakti/airflow/dags/task_3_bash_operator.py
[2020-08-26 12:17:11,180] {scheduler_job.py:1284} INFO - Processing MYSQLDAG
[2020-08-26 12:17:11,765] {scheduler_job.py:1294} INFO - Created <DagRun MYSQLDAG @ 2020-08-06 00:00:00+00:00: scheduled__2020-08-06T00:00:00+00:00, externally triggered: False>
[2020-08-26 12:17:11,771] {scheduler_job.py:759} INFO - Examining DAG run <DagRun MYSQLDAG @ 2020-08-03 00:00:00+00:00: scheduled__2020-08-03T00:00:00+00:00, externally triggered: False>
[2020-08-26 12:17:11,793] {logging_mixin.py:112} INFO - [2020-08-26 12:17:11,792] {dagrun.py:318} INFO - Marking run <DagRun MYSQLDAG @ 2020-08-03 00:00:00+00:00: scheduled__2020-08-03T00:00:00+00:00, externally triggered: False> successful
[2020-08-26 12:17:11,939] {scheduler_job.py:759} INFO - Examining DAG run <DagRun MYSQLDAG @ 2020-08-04 00:00:00+00:00: scheduled__2020-08-04T00:00:00+00:00, externally triggered: False>
[2020-08-26 12:17:11,961] {scheduler_job.py:759} INFO - Examining DAG run <DagRun MYSQLDAG @ 2020-08-05 00:00:00+00:00: scheduled__2020-08-05T00:00:00+00:00, externally triggered: False>
[2020-08-26 12:17:11,986] {scheduler_job.py:759} INFO - Examining DAG run <DagRun MYSQLDAG @ 2020-08-06 00:00:00+00:00: scheduled__2020-08-06T00:00:00+00:00, externally triggered: False>
[2020-08-26 12:17:12,073] {scheduler_job.py:447} INFO - Skipping SLA check for <DAG: MYSQLDAG> because no tasks in DAG have SLAs
[2020-08-26 12:17:12,078] {scheduler_job.py:1640} INFO - Creating / updating <TaskInstance: MYSQLDAG.dbdump_in_minio 2020-08-04 00:00:00+00:00 [scheduled]> in ORM
[2020-08-26 12:17:12,084] {scheduler_job.py:1640} INFO - Creating / updating <TaskInstance: MYSQLDAG.csv_to_second_db 2020-08-05 00:00:00+00:00 [scheduled]> in ORM
[2020-08-26 12:17:12,089] {scheduler_job.py:1640} INFO - Creating / updating <TaskInstance: MYSQLDAG.first_db_to_csv 2020-08-06 00:00:00+00:00 [scheduled]> in ORM
[2020-08-26 12:17:12,325] {scheduler_job.py:161} INFO - Processing /home/bhakti/airflow/dags/task_3_bash_operator.py took 2.333 seconds
[2020-08-26 12:19:58,092] {scheduler_job.py:153} INFO - Started process (PID=94946) to work on /home/bhakti/airflow/dags/task_3_bash_operator.py
[2020-08-26 12:19:58,095] {scheduler_job.py:1562} INFO - Processing file /home/bhakti/airflow/dags/task_3_bash_operator.py for tasks to queue
[2020-08-26 12:19:58,096] {logging_mixin.py:112} INFO - [2020-08-26 12:19:58,096] {dagbag.py:396} INFO - Filling up the DagBag from /home/bhakti/airflow/dags/task_3_bash_operator.py
[2020-08-26 12:19:58,188] {scheduler_job.py:1574} INFO - DAG(s) dict_keys(['MYSQLDAG']) retrieved from /home/bhakti/airflow/dags/task_3_bash_operator.py
[2020-08-26 12:19:58,343] {scheduler_job.py:1284} INFO - Processing MYSQLDAG
[2020-08-26 12:19:58,800] {scheduler_job.py:1294} INFO - Created <DagRun MYSQLDAG @ 2020-08-07 00:00:00+00:00: scheduled__2020-08-07T00:00:00+00:00, externally triggered: False>
[2020-08-26 12:19:58,803] {scheduler_job.py:759} INFO - Examining DAG run <DagRun MYSQLDAG @ 2020-08-04 00:00:00+00:00: scheduled__2020-08-04T00:00:00+00:00, externally triggered: False>
[2020-08-26 12:19:58,815] {logging_mixin.py:112} INFO - [2020-08-26 12:19:58,815] {dagrun.py:318} INFO - Marking run <DagRun MYSQLDAG @ 2020-08-04 00:00:00+00:00: scheduled__2020-08-04T00:00:00+00:00, externally triggered: False> successful
[2020-08-26 12:19:58,951] {scheduler_job.py:759} INFO - Examining DAG run <DagRun MYSQLDAG @ 2020-08-05 00:00:00+00:00: scheduled__2020-08-05T00:00:00+00:00, externally triggered: False>
[2020-08-26 12:19:58,973] {scheduler_job.py:759} INFO - Examining DAG run <DagRun MYSQLDAG @ 2020-08-06 00:00:00+00:00: scheduled__2020-08-06T00:00:00+00:00, externally triggered: False>
[2020-08-26 12:19:58,986] {scheduler_job.py:759} INFO - Examining DAG run <DagRun MYSQLDAG @ 2020-08-07 00:00:00+00:00: scheduled__2020-08-07T00:00:00+00:00, externally triggered: False>
[2020-08-26 12:19:59,042] {scheduler_job.py:447} INFO - Skipping SLA check for <DAG: MYSQLDAG> because no tasks in DAG have SLAs
[2020-08-26 12:19:59,050] {scheduler_job.py:1640} INFO - Creating / updating <TaskInstance: MYSQLDAG.dbdump_in_minio 2020-08-05 00:00:00+00:00 [scheduled]> in ORM
[2020-08-26 12:19:59,055] {scheduler_job.py:1640} INFO - Creating / updating <TaskInstance: MYSQLDAG.csv_to_second_db 2020-08-06 00:00:00+00:00 [scheduled]> in ORM
[2020-08-26 12:19:59,065] {scheduler_job.py:1640} INFO - Creating / updating <TaskInstance: MYSQLDAG.first_db_to_csv 2020-08-07 00:00:00+00:00 [scheduled]> in ORM
[2020-08-26 12:19:59,270] {scheduler_job.py:161} INFO - Processing /home/bhakti/airflow/dags/task_3_bash_operator.py took 1.178 seconds
[2020-08-26 12:22:27,771] {scheduler_job.py:153} INFO - Started process (PID=96686) to work on /home/bhakti/airflow/dags/task_3_bash_operator.py
[2020-08-26 12:22:27,775] {scheduler_job.py:1562} INFO - Processing file /home/bhakti/airflow/dags/task_3_bash_operator.py for tasks to queue
[2020-08-26 12:22:27,775] {logging_mixin.py:112} INFO - [2020-08-26 12:22:27,775] {dagbag.py:396} INFO - Filling up the DagBag from /home/bhakti/airflow/dags/task_3_bash_operator.py
[2020-08-26 12:22:28,111] {scheduler_job.py:1574} INFO - DAG(s) dict_keys(['MYSQLDAG']) retrieved from /home/bhakti/airflow/dags/task_3_bash_operator.py
[2020-08-26 12:22:28,249] {scheduler_job.py:1284} INFO - Processing MYSQLDAG
[2020-08-26 12:22:28,675] {scheduler_job.py:1294} INFO - Created <DagRun MYSQLDAG @ 2020-08-08 00:00:00+00:00: scheduled__2020-08-08T00:00:00+00:00, externally triggered: False>
[2020-08-26 12:22:28,679] {scheduler_job.py:759} INFO - Examining DAG run <DagRun MYSQLDAG @ 2020-08-05 00:00:00+00:00: scheduled__2020-08-05T00:00:00+00:00, externally triggered: False>
[2020-08-26 12:22:28,691] {logging_mixin.py:112} INFO - [2020-08-26 12:22:28,691] {dagrun.py:318} INFO - Marking run <DagRun MYSQLDAG @ 2020-08-05 00:00:00+00:00: scheduled__2020-08-05T00:00:00+00:00, externally triggered: False> successful
[2020-08-26 12:22:28,828] {scheduler_job.py:759} INFO - Examining DAG run <DagRun MYSQLDAG @ 2020-08-06 00:00:00+00:00: scheduled__2020-08-06T00:00:00+00:00, externally triggered: False>
[2020-08-26 12:22:28,849] {scheduler_job.py:759} INFO - Examining DAG run <DagRun MYSQLDAG @ 2020-08-07 00:00:00+00:00: scheduled__2020-08-07T00:00:00+00:00, externally triggered: False>
[2020-08-26 12:22:28,864] {scheduler_job.py:759} INFO - Examining DAG run <DagRun MYSQLDAG @ 2020-08-08 00:00:00+00:00: scheduled__2020-08-08T00:00:00+00:00, externally triggered: False>
[2020-08-26 12:22:28,904] {scheduler_job.py:447} INFO - Skipping SLA check for <DAG: MYSQLDAG> because no tasks in DAG have SLAs
[2020-08-26 12:22:28,910] {scheduler_job.py:1640} INFO - Creating / updating <TaskInstance: MYSQLDAG.dbdump_in_minio 2020-08-06 00:00:00+00:00 [scheduled]> in ORM
[2020-08-26 12:22:28,914] {scheduler_job.py:1640} INFO - Creating / updating <TaskInstance: MYSQLDAG.csv_to_second_db 2020-08-07 00:00:00+00:00 [scheduled]> in ORM
[2020-08-26 12:22:28,918] {scheduler_job.py:1640} INFO - Creating / updating <TaskInstance: MYSQLDAG.first_db_to_csv 2020-08-08 00:00:00+00:00 [scheduled]> in ORM
[2020-08-26 12:22:29,091] {scheduler_job.py:161} INFO - Processing /home/bhakti/airflow/dags/task_3_bash_operator.py took 1.320 seconds
[2020-08-26 12:24:58,012] {scheduler_job.py:153} INFO - Started process (PID=98229) to work on /home/bhakti/airflow/dags/task_3_bash_operator.py
[2020-08-26 12:24:58,016] {scheduler_job.py:1562} INFO - Processing file /home/bhakti/airflow/dags/task_3_bash_operator.py for tasks to queue
[2020-08-26 12:24:58,016] {logging_mixin.py:112} INFO - [2020-08-26 12:24:58,016] {dagbag.py:396} INFO - Filling up the DagBag from /home/bhakti/airflow/dags/task_3_bash_operator.py
[2020-08-26 12:24:58,235] {scheduler_job.py:1574} INFO - DAG(s) dict_keys(['MYSQLDAG']) retrieved from /home/bhakti/airflow/dags/task_3_bash_operator.py
[2020-08-26 12:24:58,355] {scheduler_job.py:1284} INFO - Processing MYSQLDAG
[2020-08-26 12:24:58,891] {scheduler_job.py:1294} INFO - Created <DagRun MYSQLDAG @ 2020-08-09 00:00:00+00:00: scheduled__2020-08-09T00:00:00+00:00, externally triggered: False>
[2020-08-26 12:24:58,895] {scheduler_job.py:759} INFO - Examining DAG run <DagRun MYSQLDAG @ 2020-08-06 00:00:00+00:00: scheduled__2020-08-06T00:00:00+00:00, externally triggered: False>
[2020-08-26 12:24:58,904] {logging_mixin.py:112} INFO - [2020-08-26 12:24:58,904] {dagrun.py:318} INFO - Marking run <DagRun MYSQLDAG @ 2020-08-06 00:00:00+00:00: scheduled__2020-08-06T00:00:00+00:00, externally triggered: False> successful
[2020-08-26 12:24:59,048] {scheduler_job.py:759} INFO - Examining DAG run <DagRun MYSQLDAG @ 2020-08-07 00:00:00+00:00: scheduled__2020-08-07T00:00:00+00:00, externally triggered: False>
[2020-08-26 12:24:59,080] {scheduler_job.py:759} INFO - Examining DAG run <DagRun MYSQLDAG @ 2020-08-08 00:00:00+00:00: scheduled__2020-08-08T00:00:00+00:00, externally triggered: False>
[2020-08-26 12:24:59,129] {scheduler_job.py:759} INFO - Examining DAG run <DagRun MYSQLDAG @ 2020-08-09 00:00:00+00:00: scheduled__2020-08-09T00:00:00+00:00, externally triggered: False>
[2020-08-26 12:24:59,207] {scheduler_job.py:447} INFO - Skipping SLA check for <DAG: MYSQLDAG> because no tasks in DAG have SLAs
[2020-08-26 12:24:59,213] {scheduler_job.py:1640} INFO - Creating / updating <TaskInstance: MYSQLDAG.dbdump_in_minio 2020-08-07 00:00:00+00:00 [scheduled]> in ORM
[2020-08-26 12:24:59,221] {scheduler_job.py:1640} INFO - Creating / updating <TaskInstance: MYSQLDAG.csv_to_second_db 2020-08-08 00:00:00+00:00 [scheduled]> in ORM
[2020-08-26 12:24:59,228] {scheduler_job.py:1640} INFO - Creating / updating <TaskInstance: MYSQLDAG.first_db_to_csv 2020-08-09 00:00:00+00:00 [scheduled]> in ORM
[2020-08-26 12:24:59,477] {scheduler_job.py:161} INFO - Processing /home/bhakti/airflow/dags/task_3_bash_operator.py took 1.465 seconds
[2020-08-26 12:27:26,043] {scheduler_job.py:153} INFO - Started process (PID=100036) to work on /home/bhakti/airflow/dags/task_3_bash_operator.py
[2020-08-26 12:27:26,049] {scheduler_job.py:1562} INFO - Processing file /home/bhakti/airflow/dags/task_3_bash_operator.py for tasks to queue
[2020-08-26 12:27:26,050] {logging_mixin.py:112} INFO - [2020-08-26 12:27:26,050] {dagbag.py:396} INFO - Filling up the DagBag from /home/bhakti/airflow/dags/task_3_bash_operator.py
[2020-08-26 12:27:26,223] {scheduler_job.py:1574} INFO - DAG(s) dict_keys(['MYSQLDAG']) retrieved from /home/bhakti/airflow/dags/task_3_bash_operator.py
[2020-08-26 12:27:26,366] {scheduler_job.py:1284} INFO - Processing MYSQLDAG
[2020-08-26 12:27:27,658] {scheduler_job.py:1294} INFO - Created <DagRun MYSQLDAG @ 2020-08-10 00:00:00+00:00: scheduled__2020-08-10T00:00:00+00:00, externally triggered: False>
[2020-08-26 12:27:27,661] {scheduler_job.py:759} INFO - Examining DAG run <DagRun MYSQLDAG @ 2020-08-07 00:00:00+00:00: scheduled__2020-08-07T00:00:00+00:00, externally triggered: False>
[2020-08-26 12:27:27,670] {logging_mixin.py:112} INFO - [2020-08-26 12:27:27,670] {dagrun.py:318} INFO - Marking run <DagRun MYSQLDAG @ 2020-08-07 00:00:00+00:00: scheduled__2020-08-07T00:00:00+00:00, externally triggered: False> successful
[2020-08-26 12:27:27,814] {scheduler_job.py:759} INFO - Examining DAG run <DagRun MYSQLDAG @ 2020-08-08 00:00:00+00:00: scheduled__2020-08-08T00:00:00+00:00, externally triggered: False>
[2020-08-26 12:27:27,962] {scheduler_job.py:759} INFO - Examining DAG run <DagRun MYSQLDAG @ 2020-08-09 00:00:00+00:00: scheduled__2020-08-09T00:00:00+00:00, externally triggered: False>
[2020-08-26 12:27:27,985] {scheduler_job.py:759} INFO - Examining DAG run <DagRun MYSQLDAG @ 2020-08-10 00:00:00+00:00: scheduled__2020-08-10T00:00:00+00:00, externally triggered: False>
[2020-08-26 12:27:28,387] {scheduler_job.py:447} INFO - Skipping SLA check for <DAG: MYSQLDAG> because no tasks in DAG have SLAs
[2020-08-26 12:27:28,522] {scheduler_job.py:1640} INFO - Creating / updating <TaskInstance: MYSQLDAG.dbdump_in_minio 2020-08-08 00:00:00+00:00 [scheduled]> in ORM
[2020-08-26 12:27:28,529] {scheduler_job.py:1640} INFO - Creating / updating <TaskInstance: MYSQLDAG.csv_to_second_db 2020-08-09 00:00:00+00:00 [scheduled]> in ORM
[2020-08-26 12:27:28,536] {scheduler_job.py:1640} INFO - Creating / updating <TaskInstance: MYSQLDAG.first_db_to_csv 2020-08-10 00:00:00+00:00 [scheduled]> in ORM
[2020-08-26 12:27:28,748] {scheduler_job.py:161} INFO - Processing /home/bhakti/airflow/dags/task_3_bash_operator.py took 2.704 seconds
[2020-08-26 12:29:59,742] {scheduler_job.py:153} INFO - Started process (PID=101748) to work on /home/bhakti/airflow/dags/task_3_bash_operator.py
[2020-08-26 12:29:59,745] {scheduler_job.py:1562} INFO - Processing file /home/bhakti/airflow/dags/task_3_bash_operator.py for tasks to queue
[2020-08-26 12:29:59,745] {logging_mixin.py:112} INFO - [2020-08-26 12:29:59,745] {dagbag.py:396} INFO - Filling up the DagBag from /home/bhakti/airflow/dags/task_3_bash_operator.py
[2020-08-26 12:29:59,940] {scheduler_job.py:1574} INFO - DAG(s) dict_keys(['MYSQLDAG']) retrieved from /home/bhakti/airflow/dags/task_3_bash_operator.py
[2020-08-26 12:30:00,088] {scheduler_job.py:1284} INFO - Processing MYSQLDAG
[2020-08-26 12:30:00,549] {scheduler_job.py:1294} INFO - Created <DagRun MYSQLDAG @ 2020-08-11 00:00:00+00:00: scheduled__2020-08-11T00:00:00+00:00, externally triggered: False>
[2020-08-26 12:30:00,555] {scheduler_job.py:759} INFO - Examining DAG run <DagRun MYSQLDAG @ 2020-08-08 00:00:00+00:00: scheduled__2020-08-08T00:00:00+00:00, externally triggered: False>
[2020-08-26 12:30:00,569] {logging_mixin.py:112} INFO - [2020-08-26 12:30:00,568] {dagrun.py:318} INFO - Marking run <DagRun MYSQLDAG @ 2020-08-08 00:00:00+00:00: scheduled__2020-08-08T00:00:00+00:00, externally triggered: False> successful
[2020-08-26 12:30:00,711] {scheduler_job.py:759} INFO - Examining DAG run <DagRun MYSQLDAG @ 2020-08-09 00:00:00+00:00: scheduled__2020-08-09T00:00:00+00:00, externally triggered: False>
[2020-08-26 12:30:00,733] {scheduler_job.py:759} INFO - Examining DAG run <DagRun MYSQLDAG @ 2020-08-10 00:00:00+00:00: scheduled__2020-08-10T00:00:00+00:00, externally triggered: False>
[2020-08-26 12:30:00,754] {scheduler_job.py:759} INFO - Examining DAG run <DagRun MYSQLDAG @ 2020-08-11 00:00:00+00:00: scheduled__2020-08-11T00:00:00+00:00, externally triggered: False>
[2020-08-26 12:30:00,794] {scheduler_job.py:447} INFO - Skipping SLA check for <DAG: MYSQLDAG> because no tasks in DAG have SLAs
[2020-08-26 12:30:00,798] {scheduler_job.py:1640} INFO - Creating / updating <TaskInstance: MYSQLDAG.dbdump_in_minio 2020-08-09 00:00:00+00:00 [scheduled]> in ORM
[2020-08-26 12:30:00,803] {scheduler_job.py:1640} INFO - Creating / updating <TaskInstance: MYSQLDAG.csv_to_second_db 2020-08-10 00:00:00+00:00 [scheduled]> in ORM
[2020-08-26 12:30:00,807] {scheduler_job.py:1640} INFO - Creating / updating <TaskInstance: MYSQLDAG.first_db_to_csv 2020-08-11 00:00:00+00:00 [scheduled]> in ORM
[2020-08-26 12:30:00,989] {scheduler_job.py:161} INFO - Processing /home/bhakti/airflow/dags/task_3_bash_operator.py took 1.247 seconds
[2020-08-26 12:32:23,495] {scheduler_job.py:153} INFO - Started process (PID=103477) to work on /home/bhakti/airflow/dags/task_3_bash_operator.py
[2020-08-26 12:32:23,499] {scheduler_job.py:1562} INFO - Processing file /home/bhakti/airflow/dags/task_3_bash_operator.py for tasks to queue
[2020-08-26 12:32:23,499] {logging_mixin.py:112} INFO - [2020-08-26 12:32:23,499] {dagbag.py:396} INFO - Filling up the DagBag from /home/bhakti/airflow/dags/task_3_bash_operator.py
[2020-08-26 12:32:23,710] {scheduler_job.py:1574} INFO - DAG(s) dict_keys(['MYSQLDAG']) retrieved from /home/bhakti/airflow/dags/task_3_bash_operator.py
[2020-08-26 12:32:23,840] {scheduler_job.py:1284} INFO - Processing MYSQLDAG
[2020-08-26 12:32:24,331] {scheduler_job.py:1294} INFO - Created <DagRun MYSQLDAG @ 2020-08-12 00:00:00+00:00: scheduled__2020-08-12T00:00:00+00:00, externally triggered: False>
[2020-08-26 12:32:24,334] {scheduler_job.py:759} INFO - Examining DAG run <DagRun MYSQLDAG @ 2020-08-09 00:00:00+00:00: scheduled__2020-08-09T00:00:00+00:00, externally triggered: False>
[2020-08-26 12:32:24,344] {logging_mixin.py:112} INFO - [2020-08-26 12:32:24,343] {dagrun.py:318} INFO - Marking run <DagRun MYSQLDAG @ 2020-08-09 00:00:00+00:00: scheduled__2020-08-09T00:00:00+00:00, externally triggered: False> successful
[2020-08-26 12:32:24,476] {scheduler_job.py:759} INFO - Examining DAG run <DagRun MYSQLDAG @ 2020-08-10 00:00:00+00:00: scheduled__2020-08-10T00:00:00+00:00, externally triggered: False>
[2020-08-26 12:32:24,490] {scheduler_job.py:759} INFO - Examining DAG run <DagRun MYSQLDAG @ 2020-08-11 00:00:00+00:00: scheduled__2020-08-11T00:00:00+00:00, externally triggered: False>
[2020-08-26 12:32:24,504] {scheduler_job.py:759} INFO - Examining DAG run <DagRun MYSQLDAG @ 2020-08-12 00:00:00+00:00: scheduled__2020-08-12T00:00:00+00:00, externally triggered: False>
[2020-08-26 12:32:24,543] {scheduler_job.py:447} INFO - Skipping SLA check for <DAG: MYSQLDAG> because no tasks in DAG have SLAs
[2020-08-26 12:32:24,548] {scheduler_job.py:1640} INFO - Creating / updating <TaskInstance: MYSQLDAG.dbdump_in_minio 2020-08-10 00:00:00+00:00 [scheduled]> in ORM
[2020-08-26 12:32:24,553] {scheduler_job.py:1640} INFO - Creating / updating <TaskInstance: MYSQLDAG.csv_to_second_db 2020-08-11 00:00:00+00:00 [scheduled]> in ORM
[2020-08-26 12:32:24,557] {scheduler_job.py:1640} INFO - Creating / updating <TaskInstance: MYSQLDAG.first_db_to_csv 2020-08-12 00:00:00+00:00 [scheduled]> in ORM
[2020-08-26 12:32:24,699] {scheduler_job.py:161} INFO - Processing /home/bhakti/airflow/dags/task_3_bash_operator.py took 1.204 seconds
