[2020-07-16 16:49:40,798] {taskinstance.py:669} INFO - Dependencies all met for <TaskInstance: storing_data.db1_to_csv 2020-07-16T11:19:06.482958+00:00 [queued]>
[2020-07-16 16:49:40,820] {taskinstance.py:669} INFO - Dependencies all met for <TaskInstance: storing_data.db1_to_csv 2020-07-16T11:19:06.482958+00:00 [queued]>
[2020-07-16 16:49:40,820] {taskinstance.py:879} INFO - 
--------------------------------------------------------------------------------
[2020-07-16 16:49:40,821] {taskinstance.py:880} INFO - Starting attempt 1 of 2
[2020-07-16 16:49:40,821] {taskinstance.py:881} INFO - 
--------------------------------------------------------------------------------
[2020-07-16 16:49:40,990] {taskinstance.py:900} INFO - Executing <Task(BashOperator): db1_to_csv> on 2020-07-16T11:19:06.482958+00:00
[2020-07-16 16:49:40,996] {standard_task_runner.py:53} INFO - Started process 714160 to run task
[2020-07-16 16:49:41,189] {logging_mixin.py:112} INFO - Running %s on host %s <TaskInstance: storing_data.db1_to_csv 2020-07-16T11:19:06.482958+00:00 [running]> bhakti-Vostro-3558
[2020-07-16 16:49:41,216] {bash_operator.py:82} INFO - Tmp dir root location: 
 /tmp
[2020-07-16 16:49:41,217] {bash_operator.py:103} INFO - Temporary script location: /tmp/airflowtmp1u44bkwb/db1_to_csv6b3_qzux
[2020-07-16 16:49:41,218] {bash_operator.py:115} INFO - Running command: #!/bin/bash -x
user=root
password=root
dbname=airflow_db1
host=mysql
port=3306
docker exec -u root -it mysqlCon \
mysql -D$dbname -h$host -p$port -u$user -p$password -e'SELECT * FROM employees;'
[2020-07-16 16:49:41,237] {bash_operator.py:122} INFO - Output:
[2020-07-16 16:49:42,033] {bash_operator.py:126} INFO - mysql: [Warning] Using a password on the command line interface can be insecure.
[2020-07-16 16:49:42,057] {bash_operator.py:126} INFO - +--------+--------------+----------+
[2020-07-16 16:49:42,057] {bash_operator.py:126} INFO - | PERSON | JOINING_YEAR | COMPANY  |
[2020-07-16 16:49:42,057] {bash_operator.py:126} INFO - +--------+--------------+----------+
[2020-07-16 16:49:42,057] {bash_operator.py:126} INFO - | John   |         2018 | Google   |
[2020-07-16 16:49:42,058] {bash_operator.py:126} INFO - | Sam    |         2017 | IBM      |
[2020-07-16 16:49:42,058] {bash_operator.py:126} INFO - | Jeff   |         2014 | Yahoo    |
[2020-07-16 16:49:42,058] {bash_operator.py:126} INFO - | Allen  |         2015 | Facebook |
[2020-07-16 16:49:42,058] {bash_operator.py:126} INFO - | John   |         2018 | Google   |
[2020-07-16 16:49:42,058] {bash_operator.py:126} INFO - | Sam    |         2017 | IBM      |
[2020-07-16 16:49:42,058] {bash_operator.py:126} INFO - | Jeff   |         2014 | Yahoo    |
[2020-07-16 16:49:42,058] {bash_operator.py:126} INFO - | Allen  |         2015 | Facebook |
[2020-07-16 16:49:42,058] {bash_operator.py:126} INFO - | John   |         2018 | Google   |
[2020-07-16 16:49:42,058] {bash_operator.py:126} INFO - | Sam    |         2017 | IBM      |
[2020-07-16 16:49:42,059] {bash_operator.py:126} INFO - | Jeff   |         2014 | Yahoo    |
[2020-07-16 16:49:42,059] {bash_operator.py:126} INFO - | Allen  |         2015 | Facebook |
[2020-07-16 16:49:42,059] {bash_operator.py:126} INFO - | John   |         2018 | Google   |
[2020-07-16 16:49:42,059] {bash_operator.py:126} INFO - | Sam    |         2017 | IBM      |
[2020-07-16 16:49:42,059] {bash_operator.py:126} INFO - | Jeff   |         2014 | Yahoo    |
[2020-07-16 16:49:42,059] {bash_operator.py:126} INFO - | Allen  |         2015 | Facebook |
[2020-07-16 16:49:42,059] {bash_operator.py:126} INFO - | John   |         2018 | Google   |
[2020-07-16 16:49:42,059] {bash_operator.py:126} INFO - | Sam    |         2017 | IBM      |
[2020-07-16 16:49:42,059] {bash_operator.py:126} INFO - | Jeff   |         2014 | Yahoo    |
[2020-07-16 16:49:42,060] {bash_operator.py:126} INFO - | Allen  |         2015 | Facebook |
[2020-07-16 16:49:42,060] {bash_operator.py:126} INFO - | John   |         2018 | Google   |
[2020-07-16 16:49:42,060] {bash_operator.py:126} INFO - | Sam    |         2017 | IBM      |
[2020-07-16 16:49:42,060] {bash_operator.py:126} INFO - | Jeff   |         2014 | Yahoo    |
[2020-07-16 16:49:42,060] {bash_operator.py:126} INFO - | Allen  |         2015 | Facebook |
[2020-07-16 16:49:42,060] {bash_operator.py:126} INFO - | John   |         2018 | Google   |
[2020-07-16 16:49:42,060] {bash_operator.py:126} INFO - | Sam    |         2017 | IBM      |
[2020-07-16 16:49:42,061] {bash_operator.py:126} INFO - | Jeff   |         2014 | Yahoo    |
[2020-07-16 16:49:42,061] {bash_operator.py:126} INFO - | Allen  |         2015 | Facebook |
[2020-07-16 16:49:42,061] {bash_operator.py:126} INFO - +--------+--------------+----------+
[2020-07-16 16:49:42,115] {bash_operator.py:128} INFO - Command exited with return code 0
[2020-07-16 16:49:42,129] {taskinstance.py:1052} INFO - Marking task as SUCCESS.dag_id=storing_data, task_id=db1_to_csv, execution_date=20200716T111906, start_date=20200716T111940, end_date=20200716T111942
[2020-07-16 16:49:50,527] {logging_mixin.py:112} INFO - [2020-07-16 16:49:50,526] {local_task_job.py:103} INFO - Task exited with return code 0
