[2020-08-26 12:27:41,250] {taskinstance.py:669} INFO - Dependencies all met for <TaskInstance: submit_data.spark_submit2 2020-08-24T00:14:00+00:00 [queued]>
[2020-08-26 12:27:41,275] {taskinstance.py:669} INFO - Dependencies all met for <TaskInstance: submit_data.spark_submit2 2020-08-24T00:14:00+00:00 [queued]>
[2020-08-26 12:27:41,276] {taskinstance.py:879} INFO - 
--------------------------------------------------------------------------------
[2020-08-26 12:27:41,277] {taskinstance.py:880} INFO - Starting attempt 1 of 1
[2020-08-26 12:27:41,278] {taskinstance.py:881} INFO - 
--------------------------------------------------------------------------------
[2020-08-26 12:27:41,481] {taskinstance.py:900} INFO - Executing <Task(SparkSubmitOperator): spark_submit2> on 2020-08-24T00:14:00+00:00
[2020-08-26 12:27:41,485] {standard_task_runner.py:53} INFO - Started process 100176 to run task
[2020-08-26 12:27:41,792] {logging_mixin.py:112} INFO - Running %s on host %s <TaskInstance: submit_data.spark_submit2 2020-08-24T00:14:00+00:00 [running]> bhakti-Vostro-3558
[2020-08-26 12:27:41,829] {logging_mixin.py:112} INFO - [2020-08-26 12:27:41,828] {base_hook.py:87} INFO - Using connection to: id: spark_local. Host: local, Port: None, Schema: None, Login: None, Password: None, extra: None
[2020-08-26 12:27:41,831] {logging_mixin.py:112} INFO - [2020-08-26 12:27:41,831] {spark_submit_hook.py:325} INFO - Spark-Submit cmd: spark-submit --master local --jars /home/bhakti/airflow/jars/mysql-connector-java-5.1.47-bin.jar --name airflow-spark /home/bhakti/airflow/spark_jobs/write_mysql.py
[2020-08-26 12:27:41,866] {logging_mixin.py:112} INFO - [2020-08-26 12:27:41,865] {spark_submit_hook.py:479} INFO - /usr/local/bin/find-spark-home: line 40: python: command not found
[2020-08-26 12:27:41,868] {logging_mixin.py:112} INFO - [2020-08-26 12:27:41,868] {spark_submit_hook.py:479} INFO - /usr/local/bin/spark-submit: line 27: /bin/spark-class: No such file or directory
[2020-08-26 12:27:41,879] {taskinstance.py:1145} ERROR - Cannot execute: spark-submit --master local --jars /home/bhakti/airflow/jars/mysql-connector-java-5.1.47-bin.jar --name airflow-spark /home/bhakti/airflow/spark_jobs/write_mysql.py. Error code is: 127.
Traceback (most recent call last):
  File "/usr/local/lib/python3.8/dist-packages/airflow/models/taskinstance.py", line 983, in _run_raw_task
    result = task_copy.execute(context=context)
  File "/usr/local/lib/python3.8/dist-packages/airflow/contrib/operators/spark_submit_operator.py", line 187, in execute
    self._hook.submit(self._application)
  File "/usr/local/lib/python3.8/dist-packages/airflow/contrib/hooks/spark_submit_hook.py", line 403, in submit
    raise AirflowException(
airflow.exceptions.AirflowException: Cannot execute: spark-submit --master local --jars /home/bhakti/airflow/jars/mysql-connector-java-5.1.47-bin.jar --name airflow-spark /home/bhakti/airflow/spark_jobs/write_mysql.py. Error code is: 127.
[2020-08-26 12:27:41,882] {taskinstance.py:1189} INFO - Marking task as FAILED.dag_id=submit_data, task_id=spark_submit2, execution_date=20200824T001400, start_date=20200826T065741, end_date=20200826T065741
[2020-08-26 12:27:51,094] {logging_mixin.py:112} INFO - [2020-08-26 12:27:51,093] {local_task_job.py:103} INFO - Task exited with return code 1
