[2020-07-22 18:17:15,738] {taskinstance.py:669} INFO - Dependencies all met for <TaskInstance: submit_data.spark_submit 2020-07-20T08:57:00+00:00 [queued]>
[2020-07-22 18:17:15,755] {taskinstance.py:669} INFO - Dependencies all met for <TaskInstance: submit_data.spark_submit 2020-07-20T08:57:00+00:00 [queued]>
[2020-07-22 18:17:15,755] {taskinstance.py:879} INFO - 
--------------------------------------------------------------------------------
[2020-07-22 18:17:15,755] {taskinstance.py:880} INFO - Starting attempt 1 of 1
[2020-07-22 18:17:15,756] {taskinstance.py:881} INFO - 
--------------------------------------------------------------------------------
[2020-07-22 18:17:16,619] {taskinstance.py:900} INFO - Executing <Task(SparkSubmitOperator): spark_submit> on 2020-07-20T08:57:00+00:00
[2020-07-22 18:17:16,623] {standard_task_runner.py:53} INFO - Started process 718017 to run task
[2020-07-22 18:17:16,884] {logging_mixin.py:112} INFO - Running %s on host %s <TaskInstance: submit_data.spark_submit 2020-07-20T08:57:00+00:00 [running]> bhakti-Vostro-3558
[2020-07-22 18:17:16,914] {logging_mixin.py:112} INFO - [2020-07-22 18:17:16,914] {base_hook.py:87} INFO - Using connection to: id: spark_local. Host: local, Port: None, Schema: None, Login: None, Password: None, extra: None
[2020-07-22 18:17:16,915] {logging_mixin.py:112} INFO - [2020-07-22 18:17:16,915] {spark_submit_hook.py:325} INFO - Spark-Submit cmd: spark-submit --master local --name airflow-spark /home/bhakti/airflow/spark_jobs/spark_test.py
[2020-07-22 18:17:19,427] {logging_mixin.py:112} INFO - [2020-07-22 18:17:19,426] {spark_submit_hook.py:479} INFO - 20/07/22 18:17:19 WARN Utils: Your hostname, bhakti-Vostro-3558 resolves to a loopback address: 127.0.1.1; using 192.168.43.94 instead (on interface wlp6s0)
[2020-07-22 18:17:19,429] {logging_mixin.py:112} INFO - [2020-07-22 18:17:19,428] {spark_submit_hook.py:479} INFO - 20/07/22 18:17:19 WARN Utils: Set SPARK_LOCAL_IP if you need to bind to another address
[2020-07-22 18:17:21,022] {logging_mixin.py:112} INFO - [2020-07-22 18:17:21,022] {spark_submit_hook.py:479} INFO - 20/07/22 18:17:21 WARN NativeCodeLoader: Unable to load native-hadoop library for your platform... using builtin-java classes where applicable
[2020-07-22 18:17:22,499] {logging_mixin.py:112} INFO - [2020-07-22 18:17:22,499] {spark_submit_hook.py:479} INFO - Using Spark's default log4j profile: org/apache/spark/log4j-defaults.properties
[2020-07-22 18:17:22,524] {logging_mixin.py:112} INFO - [2020-07-22 18:17:22,523] {spark_submit_hook.py:479} INFO - 20/07/22 18:17:22 INFO SparkContext: Running Spark version 3.0.0
[2020-07-22 18:17:22,648] {logging_mixin.py:112} INFO - [2020-07-22 18:17:22,648] {spark_submit_hook.py:479} INFO - 20/07/22 18:17:22 INFO ResourceUtils: ==============================================================
[2020-07-22 18:17:22,650] {logging_mixin.py:112} INFO - [2020-07-22 18:17:22,650] {spark_submit_hook.py:479} INFO - 20/07/22 18:17:22 INFO ResourceUtils: Resources for spark.driver:
[2020-07-22 18:17:22,650] {logging_mixin.py:112} INFO - [2020-07-22 18:17:22,650] {spark_submit_hook.py:479} INFO - 
[2020-07-22 18:17:22,651] {logging_mixin.py:112} INFO - [2020-07-22 18:17:22,651] {spark_submit_hook.py:479} INFO - 20/07/22 18:17:22 INFO ResourceUtils: ==============================================================
[2020-07-22 18:17:22,652] {logging_mixin.py:112} INFO - [2020-07-22 18:17:22,652] {spark_submit_hook.py:479} INFO - 20/07/22 18:17:22 INFO SparkContext: Submitted application: Spark_Test_Python
[2020-07-22 18:17:22,741] {logging_mixin.py:112} INFO - [2020-07-22 18:17:22,740] {spark_submit_hook.py:479} INFO - 20/07/22 18:17:22 INFO SecurityManager: Changing view acls to: bhakti
[2020-07-22 18:17:22,741] {logging_mixin.py:112} INFO - [2020-07-22 18:17:22,741] {spark_submit_hook.py:479} INFO - 20/07/22 18:17:22 INFO SecurityManager: Changing modify acls to: bhakti
[2020-07-22 18:17:22,741] {logging_mixin.py:112} INFO - [2020-07-22 18:17:22,741] {spark_submit_hook.py:479} INFO - 20/07/22 18:17:22 INFO SecurityManager: Changing view acls groups to:
[2020-07-22 18:17:22,742] {logging_mixin.py:112} INFO - [2020-07-22 18:17:22,742] {spark_submit_hook.py:479} INFO - 20/07/22 18:17:22 INFO SecurityManager: Changing modify acls groups to:
[2020-07-22 18:17:22,742] {logging_mixin.py:112} INFO - [2020-07-22 18:17:22,742] {spark_submit_hook.py:479} INFO - 20/07/22 18:17:22 INFO SecurityManager: SecurityManager: authentication disabled; ui acls disabled; users  with view permissions: Set(bhakti); groups with view permissions: Set(); users  with modify permissions: Set(bhakti); groups with modify permissions: Set()
[2020-07-22 18:17:23,173] {logging_mixin.py:112} INFO - [2020-07-22 18:17:23,172] {spark_submit_hook.py:479} INFO - 20/07/22 18:17:23 INFO Utils: Successfully started service 'sparkDriver' on port 36571.
[2020-07-22 18:17:23,221] {logging_mixin.py:112} INFO - [2020-07-22 18:17:23,221] {spark_submit_hook.py:479} INFO - 20/07/22 18:17:23 INFO SparkEnv: Registering MapOutputTracker
[2020-07-22 18:17:23,284] {logging_mixin.py:112} INFO - [2020-07-22 18:17:23,283] {spark_submit_hook.py:479} INFO - 20/07/22 18:17:23 INFO SparkEnv: Registering BlockManagerMaster
[2020-07-22 18:17:23,323] {logging_mixin.py:112} INFO - [2020-07-22 18:17:23,323] {spark_submit_hook.py:479} INFO - 20/07/22 18:17:23 INFO BlockManagerMasterEndpoint: Using org.apache.spark.storage.DefaultTopologyMapper for getting topology information
[2020-07-22 18:17:23,324] {logging_mixin.py:112} INFO - [2020-07-22 18:17:23,324] {spark_submit_hook.py:479} INFO - 20/07/22 18:17:23 INFO BlockManagerMasterEndpoint: BlockManagerMasterEndpoint up
[2020-07-22 18:17:23,333] {logging_mixin.py:112} INFO - [2020-07-22 18:17:23,333] {spark_submit_hook.py:479} INFO - 20/07/22 18:17:23 INFO SparkEnv: Registering BlockManagerMasterHeartbeat
[2020-07-22 18:17:23,357] {logging_mixin.py:112} INFO - [2020-07-22 18:17:23,357] {spark_submit_hook.py:479} INFO - 20/07/22 18:17:23 INFO DiskBlockManager: Created local directory at /tmp/blockmgr-688a0bde-58f0-4420-ac95-abf579276ea3
[2020-07-22 18:17:23,393] {logging_mixin.py:112} INFO - [2020-07-22 18:17:23,393] {spark_submit_hook.py:479} INFO - 20/07/22 18:17:23 INFO MemoryStore: MemoryStore started with capacity 366.3 MiB
[2020-07-22 18:17:23,433] {logging_mixin.py:112} INFO - [2020-07-22 18:17:23,433] {spark_submit_hook.py:479} INFO - 20/07/22 18:17:23 INFO SparkEnv: Registering OutputCommitCoordinator
[2020-07-22 18:17:23,951] {logging_mixin.py:112} INFO - [2020-07-22 18:17:23,950] {spark_submit_hook.py:479} INFO - 20/07/22 18:17:23 INFO Utils: Successfully started service 'SparkUI' on port 4040.
[2020-07-22 18:17:24,048] {logging_mixin.py:112} INFO - [2020-07-22 18:17:24,048] {spark_submit_hook.py:479} INFO - 20/07/22 18:17:24 INFO SparkUI: Bound SparkUI to 0.0.0.0, and started at http://192.168.43.94:4040
[2020-07-22 18:17:24,407] {logging_mixin.py:112} INFO - [2020-07-22 18:17:24,407] {spark_submit_hook.py:479} INFO - 20/07/22 18:17:24 INFO Executor: Starting executor ID driver on host 192.168.43.94
[2020-07-22 18:17:24,474] {logging_mixin.py:112} INFO - [2020-07-22 18:17:24,474] {spark_submit_hook.py:479} INFO - 20/07/22 18:17:24 INFO Utils: Successfully started service 'org.apache.spark.network.netty.NettyBlockTransferService' on port 34647.
[2020-07-22 18:17:24,476] {logging_mixin.py:112} INFO - [2020-07-22 18:17:24,475] {spark_submit_hook.py:479} INFO - 20/07/22 18:17:24 INFO NettyBlockTransferService: Server created on 192.168.43.94:34647
[2020-07-22 18:17:24,484] {logging_mixin.py:112} INFO - [2020-07-22 18:17:24,484] {spark_submit_hook.py:479} INFO - 20/07/22 18:17:24 INFO BlockManager: Using org.apache.spark.storage.RandomBlockReplicationPolicy for block replication policy
[2020-07-22 18:17:24,501] {logging_mixin.py:112} INFO - [2020-07-22 18:17:24,500] {spark_submit_hook.py:479} INFO - 20/07/22 18:17:24 INFO BlockManagerMaster: Registering BlockManager BlockManagerId(driver, 192.168.43.94, 34647, None)
[2020-07-22 18:17:24,514] {logging_mixin.py:112} INFO - [2020-07-22 18:17:24,513] {spark_submit_hook.py:479} INFO - 20/07/22 18:17:24 INFO BlockManagerMasterEndpoint: Registering block manager 192.168.43.94:34647 with 366.3 MiB RAM, BlockManagerId(driver, 192.168.43.94, 34647, None)
[2020-07-22 18:17:24,525] {logging_mixin.py:112} INFO - [2020-07-22 18:17:24,524] {spark_submit_hook.py:479} INFO - 20/07/22 18:17:24 INFO BlockManagerMaster: Registered BlockManager BlockManagerId(driver, 192.168.43.94, 34647, None)
[2020-07-22 18:17:24,529] {logging_mixin.py:112} INFO - [2020-07-22 18:17:24,528] {spark_submit_hook.py:479} INFO - 20/07/22 18:17:24 INFO BlockManager: Initialized BlockManager: BlockManagerId(driver, 192.168.43.94, 34647, None)
[2020-07-22 18:17:25,908] {logging_mixin.py:112} INFO - [2020-07-22 18:17:25,908] {spark_submit_hook.py:479} INFO - 20/07/22 18:17:25 INFO MemoryStore: Block broadcast_0 stored as values in memory (estimated size 241.5 KiB, free 366.1 MiB)
[2020-07-22 18:17:26,022] {logging_mixin.py:112} INFO - [2020-07-22 18:17:26,022] {spark_submit_hook.py:479} INFO - 20/07/22 18:17:26 INFO MemoryStore: Block broadcast_0_piece0 stored as bytes in memory (estimated size 23.4 KiB, free 366.0 MiB)
[2020-07-22 18:17:26,027] {logging_mixin.py:112} INFO - [2020-07-22 18:17:26,027] {spark_submit_hook.py:479} INFO - 20/07/22 18:17:26 INFO BlockManagerInfo: Added broadcast_0_piece0 in memory on 192.168.43.94:34647 (size: 23.4 KiB, free: 366.3 MiB)
[2020-07-22 18:17:26,037] {logging_mixin.py:112} INFO - [2020-07-22 18:17:26,037] {spark_submit_hook.py:479} INFO - 20/07/22 18:17:26 INFO SparkContext: Created broadcast 0 from textFile at NativeMethodAccessorImpl.java:0
[2020-07-22 18:17:26,301] {logging_mixin.py:112} INFO - [2020-07-22 18:17:26,300] {spark_submit_hook.py:479} INFO - 20/07/22 18:17:26 INFO FileInputFormat: Total input paths to process : 1
[2020-07-22 18:17:26,430] {logging_mixin.py:112} INFO - [2020-07-22 18:17:26,430] {spark_submit_hook.py:479} INFO - 20/07/22 18:17:26 INFO SparkContext: Starting job: collect at /home/bhakti/airflow/spark_jobs/spark_test.py:8
[2020-07-22 18:17:26,470] {logging_mixin.py:112} INFO - [2020-07-22 18:17:26,470] {spark_submit_hook.py:479} INFO - 20/07/22 18:17:26 INFO DAGScheduler: Got job 0 (collect at /home/bhakti/airflow/spark_jobs/spark_test.py:8) with 1 output partitions
[2020-07-22 18:17:26,472] {logging_mixin.py:112} INFO - [2020-07-22 18:17:26,472] {spark_submit_hook.py:479} INFO - 20/07/22 18:17:26 INFO DAGScheduler: Final stage: ResultStage 0 (collect at /home/bhakti/airflow/spark_jobs/spark_test.py:8)
[2020-07-22 18:17:26,474] {logging_mixin.py:112} INFO - [2020-07-22 18:17:26,474] {spark_submit_hook.py:479} INFO - 20/07/22 18:17:26 INFO DAGScheduler: Parents of final stage: List()
[2020-07-22 18:17:26,483] {logging_mixin.py:112} INFO - [2020-07-22 18:17:26,483] {spark_submit_hook.py:479} INFO - 20/07/22 18:17:26 INFO DAGScheduler: Missing parents: List()
[2020-07-22 18:17:26,522] {logging_mixin.py:112} INFO - [2020-07-22 18:17:26,521] {spark_submit_hook.py:479} INFO - 20/07/22 18:17:26 INFO DAGScheduler: Submitting ResultStage 0 (PythonRDD[2] at collect at /home/bhakti/airflow/spark_jobs/spark_test.py:8), which has no missing parents
[2020-07-22 18:17:26,595] {logging_mixin.py:112} INFO - [2020-07-22 18:17:26,595] {spark_submit_hook.py:479} INFO - 20/07/22 18:17:26 INFO MemoryStore: Block broadcast_1 stored as values in memory (estimated size 7.4 KiB, free 366.0 MiB)
[2020-07-22 18:17:26,610] {logging_mixin.py:112} INFO - [2020-07-22 18:17:26,610] {spark_submit_hook.py:479} INFO - 20/07/22 18:17:26 INFO MemoryStore: Block broadcast_1_piece0 stored as bytes in memory (estimated size 4.4 KiB, free 366.0 MiB)
[2020-07-22 18:17:26,613] {logging_mixin.py:112} INFO - [2020-07-22 18:17:26,612] {spark_submit_hook.py:479} INFO - 20/07/22 18:17:26 INFO BlockManagerInfo: Added broadcast_1_piece0 in memory on 192.168.43.94:34647 (size: 4.4 KiB, free: 366.3 MiB)
[2020-07-22 18:17:26,616] {logging_mixin.py:112} INFO - [2020-07-22 18:17:26,615] {spark_submit_hook.py:479} INFO - 20/07/22 18:17:26 INFO SparkContext: Created broadcast 1 from broadcast at DAGScheduler.scala:1200
[2020-07-22 18:17:26,662] {logging_mixin.py:112} INFO - [2020-07-22 18:17:26,662] {spark_submit_hook.py:479} INFO - 20/07/22 18:17:26 INFO DAGScheduler: Submitting 1 missing tasks from ResultStage 0 (PythonRDD[2] at collect at /home/bhakti/airflow/spark_jobs/spark_test.py:8) (first 15 tasks are for partitions Vector(0))
[2020-07-22 18:17:26,665] {logging_mixin.py:112} INFO - [2020-07-22 18:17:26,664] {spark_submit_hook.py:479} INFO - 20/07/22 18:17:26 INFO TaskSchedulerImpl: Adding task set 0.0 with 1 tasks
[2020-07-22 18:17:26,809] {logging_mixin.py:112} INFO - [2020-07-22 18:17:26,808] {spark_submit_hook.py:479} INFO - 20/07/22 18:17:26 INFO TaskSetManager: Starting task 0.0 in stage 0.0 (TID 0, 192.168.43.94, executor driver, partition 0, PROCESS_LOCAL, 7388 bytes)
[2020-07-22 18:17:26,846] {logging_mixin.py:112} INFO - [2020-07-22 18:17:26,845] {spark_submit_hook.py:479} INFO - 20/07/22 18:17:26 INFO Executor: Running task 0.0 in stage 0.0 (TID 0)
[2020-07-22 18:17:27,439] {logging_mixin.py:112} INFO - [2020-07-22 18:17:27,438] {spark_submit_hook.py:479} INFO - 20/07/22 18:17:27 INFO HadoopRDD: Input split: file:/home/bhakti/airflow/input_data/sample.csv:0+93
[2020-07-22 18:17:28,799] {logging_mixin.py:112} INFO - [2020-07-22 18:17:28,798] {spark_submit_hook.py:479} INFO - 20/07/22 18:17:28 INFO PythonRunner: Times: total = 1316, boot = 1290, init = 26, finish = 0
[2020-07-22 18:17:28,842] {logging_mixin.py:112} INFO - [2020-07-22 18:17:28,842] {spark_submit_hook.py:479} INFO - 20/07/22 18:17:28 INFO Executor: Finished task 0.0 in stage 0.0 (TID 0). 1822 bytes result sent to driver
[2020-07-22 18:17:28,867] {logging_mixin.py:112} INFO - [2020-07-22 18:17:28,867] {spark_submit_hook.py:479} INFO - 20/07/22 18:17:28 INFO TaskSetManager: Finished task 0.0 in stage 0.0 (TID 0) in 2090 ms on 192.168.43.94 (executor driver) (1/1)
[2020-07-22 18:17:28,873] {logging_mixin.py:112} INFO - [2020-07-22 18:17:28,873] {spark_submit_hook.py:479} INFO - 20/07/22 18:17:28 INFO TaskSchedulerImpl: Removed TaskSet 0.0, whose tasks have all completed, from pool
[2020-07-22 18:17:28,880] {logging_mixin.py:112} INFO - [2020-07-22 18:17:28,879] {spark_submit_hook.py:479} INFO - 20/07/22 18:17:28 INFO PythonAccumulatorV2: Connected to AccumulatorServer at host: 127.0.0.1 port: 45805
[2020-07-22 18:17:28,893] {logging_mixin.py:112} INFO - [2020-07-22 18:17:28,893] {spark_submit_hook.py:479} INFO - 20/07/22 18:17:28 INFO DAGScheduler: ResultStage 0 (collect at /home/bhakti/airflow/spark_jobs/spark_test.py:8) finished in 2.314 s
[2020-07-22 18:17:28,910] {logging_mixin.py:112} INFO - [2020-07-22 18:17:28,910] {spark_submit_hook.py:479} INFO - 20/07/22 18:17:28 INFO DAGScheduler: Job 0 is finished. Cancelling potential speculative or zombie tasks for this job
[2020-07-22 18:17:28,912] {logging_mixin.py:112} INFO - [2020-07-22 18:17:28,912] {spark_submit_hook.py:479} INFO - 20/07/22 18:17:28 INFO TaskSchedulerImpl: Killing all running tasks in stage 0: Stage finished
[2020-07-22 18:17:28,919] {logging_mixin.py:112} INFO - [2020-07-22 18:17:28,919] {spark_submit_hook.py:479} INFO - 20/07/22 18:17:28 INFO DAGScheduler: Job 0 finished: collect at /home/bhakti/airflow/spark_jobs/spark_test.py:8, took 2.487626 s
[2020-07-22 18:17:28,938] {logging_mixin.py:112} INFO - [2020-07-22 18:17:28,937] {spark_submit_hook.py:479} INFO - [('PERSON', 'JOINING_YEAR', 'COMPANY'), ('John', '2018', 'Google'), ('Sam', '2017', 'IBM'), ('Jeff', '2014', 'Yahoo'), ('Allen', '2015', 'Facebook')]
[2020-07-22 18:17:29,723] {logging_mixin.py:112} INFO - [2020-07-22 18:17:29,723] {spark_submit_hook.py:479} INFO - 20/07/22 18:17:29 INFO BlockManagerInfo: Removed broadcast_0_piece0 on 192.168.43.94:34647 in memory (size: 23.4 KiB, free: 366.3 MiB)
[2020-07-22 18:17:29,741] {logging_mixin.py:112} INFO - [2020-07-22 18:17:29,740] {spark_submit_hook.py:479} INFO - 20/07/22 18:17:29 INFO BlockManagerInfo: Removed broadcast_1_piece0 on 192.168.43.94:34647 in memory (size: 4.4 KiB, free: 366.3 MiB)
[2020-07-22 18:17:29,848] {logging_mixin.py:112} INFO - [2020-07-22 18:17:29,847] {spark_submit_hook.py:479} INFO - 20/07/22 18:17:29 INFO SharedState: Setting hive.metastore.warehouse.dir ('null') to the value of spark.sql.warehouse.dir ('file:/home/bhakti/airflow/spark-warehouse').
[2020-07-22 18:17:29,848] {logging_mixin.py:112} INFO - [2020-07-22 18:17:29,848] {spark_submit_hook.py:479} INFO - 20/07/22 18:17:29 INFO SharedState: Warehouse path is 'file:/home/bhakti/airflow/spark-warehouse'.
[2020-07-22 18:17:34,616] {logging_mixin.py:112} INFO - [2020-07-22 18:17:34,616] {spark_submit_hook.py:479} INFO - 20/07/22 18:17:34 INFO CodeGenerator: Code generated in 324.332518 ms
[2020-07-22 18:17:34,691] {logging_mixin.py:112} INFO - [2020-07-22 18:17:34,690] {spark_submit_hook.py:479} INFO - 20/07/22 18:17:34 INFO SparkContext: Starting job: showString at NativeMethodAccessorImpl.java:0
[2020-07-22 18:17:34,693] {logging_mixin.py:112} INFO - [2020-07-22 18:17:34,692] {spark_submit_hook.py:479} INFO - 20/07/22 18:17:34 INFO DAGScheduler: Got job 1 (showString at NativeMethodAccessorImpl.java:0) with 1 output partitions
[2020-07-22 18:17:34,693] {logging_mixin.py:112} INFO - [2020-07-22 18:17:34,693] {spark_submit_hook.py:479} INFO - 20/07/22 18:17:34 INFO DAGScheduler: Final stage: ResultStage 1 (showString at NativeMethodAccessorImpl.java:0)
[2020-07-22 18:17:34,693] {logging_mixin.py:112} INFO - [2020-07-22 18:17:34,693] {spark_submit_hook.py:479} INFO - 20/07/22 18:17:34 INFO DAGScheduler: Parents of final stage: List()
[2020-07-22 18:17:34,694] {logging_mixin.py:112} INFO - [2020-07-22 18:17:34,693] {spark_submit_hook.py:479} INFO - 20/07/22 18:17:34 INFO DAGScheduler: Missing parents: List()
[2020-07-22 18:17:34,695] {logging_mixin.py:112} INFO - [2020-07-22 18:17:34,695] {spark_submit_hook.py:479} INFO - 20/07/22 18:17:34 INFO DAGScheduler: Submitting ResultStage 1 (MapPartitionsRDD[9] at showString at NativeMethodAccessorImpl.java:0), which has no missing parents
[2020-07-22 18:17:34,726] {logging_mixin.py:112} INFO - [2020-07-22 18:17:34,726] {spark_submit_hook.py:479} INFO - 20/07/22 18:17:34 INFO MemoryStore: Block broadcast_2 stored as values in memory (estimated size 11.2 KiB, free 366.3 MiB)
[2020-07-22 18:17:34,730] {logging_mixin.py:112} INFO - [2020-07-22 18:17:34,730] {spark_submit_hook.py:479} INFO - 20/07/22 18:17:34 INFO MemoryStore: Block broadcast_2_piece0 stored as bytes in memory (estimated size 5.8 KiB, free 366.3 MiB)
[2020-07-22 18:17:34,732] {logging_mixin.py:112} INFO - [2020-07-22 18:17:34,732] {spark_submit_hook.py:479} INFO - 20/07/22 18:17:34 INFO BlockManagerInfo: Added broadcast_2_piece0 in memory on 192.168.43.94:34647 (size: 5.8 KiB, free: 366.3 MiB)
[2020-07-22 18:17:34,733] {logging_mixin.py:112} INFO - [2020-07-22 18:17:34,733] {spark_submit_hook.py:479} INFO - 20/07/22 18:17:34 INFO SparkContext: Created broadcast 2 from broadcast at DAGScheduler.scala:1200
[2020-07-22 18:17:34,735] {logging_mixin.py:112} INFO - [2020-07-22 18:17:34,735] {spark_submit_hook.py:479} INFO - 20/07/22 18:17:34 INFO DAGScheduler: Submitting 1 missing tasks from ResultStage 1 (MapPartitionsRDD[9] at showString at NativeMethodAccessorImpl.java:0) (first 15 tasks are for partitions Vector(0))
[2020-07-22 18:17:34,736] {logging_mixin.py:112} INFO - [2020-07-22 18:17:34,735] {spark_submit_hook.py:479} INFO - 20/07/22 18:17:34 INFO TaskSchedulerImpl: Adding task set 1.0 with 1 tasks
[2020-07-22 18:17:34,761] {logging_mixin.py:112} INFO - [2020-07-22 18:17:34,761] {spark_submit_hook.py:479} INFO - 20/07/22 18:17:34 INFO TaskSetManager: Starting task 0.0 in stage 1.0 (TID 1, 192.168.43.94, executor driver, partition 0, PROCESS_LOCAL, 7493 bytes)
[2020-07-22 18:17:34,761] {logging_mixin.py:112} INFO - [2020-07-22 18:17:34,761] {spark_submit_hook.py:479} INFO - 20/07/22 18:17:34 INFO Executor: Running task 0.0 in stage 1.0 (TID 1)
[2020-07-22 18:17:34,859] {logging_mixin.py:112} INFO - [2020-07-22 18:17:34,859] {spark_submit_hook.py:479} INFO - 20/07/22 18:17:34 INFO PythonRunner: Times: total = 6, boot = -6019, init = 6025, finish = 0
[2020-07-22 18:17:34,864] {logging_mixin.py:112} INFO - [2020-07-22 18:17:34,864] {spark_submit_hook.py:479} INFO - 20/07/22 18:17:34 INFO Executor: Finished task 0.0 in stage 1.0 (TID 1). 2192 bytes result sent to driver
[2020-07-22 18:17:34,869] {logging_mixin.py:112} INFO - [2020-07-22 18:17:34,869] {spark_submit_hook.py:479} INFO - 20/07/22 18:17:34 INFO TaskSetManager: Finished task 0.0 in stage 1.0 (TID 1) in 130 ms on 192.168.43.94 (executor driver) (1/1)
[2020-07-22 18:17:34,873] {logging_mixin.py:112} INFO - [2020-07-22 18:17:34,873] {spark_submit_hook.py:479} INFO - 20/07/22 18:17:34 INFO DAGScheduler: ResultStage 1 (showString at NativeMethodAccessorImpl.java:0) finished in 0.174 s
[2020-07-22 18:17:34,874] {logging_mixin.py:112} INFO - [2020-07-22 18:17:34,874] {spark_submit_hook.py:479} INFO - 20/07/22 18:17:34 INFO DAGScheduler: Job 1 is finished. Cancelling potential speculative or zombie tasks for this job
[2020-07-22 18:17:34,877] {logging_mixin.py:112} INFO - [2020-07-22 18:17:34,877] {spark_submit_hook.py:479} INFO - 20/07/22 18:17:34 INFO TaskSchedulerImpl: Removed TaskSet 1.0, whose tasks have all completed, from pool
[2020-07-22 18:17:34,878] {logging_mixin.py:112} INFO - [2020-07-22 18:17:34,878] {spark_submit_hook.py:479} INFO - 20/07/22 18:17:34 INFO TaskSchedulerImpl: Killing all running tasks in stage 1: Stage finished
[2020-07-22 18:17:34,880] {logging_mixin.py:112} INFO - [2020-07-22 18:17:34,880] {spark_submit_hook.py:479} INFO - 20/07/22 18:17:34 INFO DAGScheduler: Job 1 finished: showString at NativeMethodAccessorImpl.java:0, took 0.188551 s
[2020-07-22 18:17:34,960] {logging_mixin.py:112} INFO - [2020-07-22 18:17:34,960] {spark_submit_hook.py:479} INFO - 20/07/22 18:17:34 INFO CodeGenerator: Code generated in 42.517414 ms
[2020-07-22 18:17:34,985] {logging_mixin.py:112} INFO - [2020-07-22 18:17:34,985] {spark_submit_hook.py:479} INFO - +------+------------+--------+
[2020-07-22 18:17:34,986] {logging_mixin.py:112} INFO - [2020-07-22 18:17:34,985] {spark_submit_hook.py:479} INFO - |    _1|          _2|      _3|
[2020-07-22 18:17:34,986] {logging_mixin.py:112} INFO - [2020-07-22 18:17:34,986] {spark_submit_hook.py:479} INFO - +------+------------+--------+
[2020-07-22 18:17:34,986] {logging_mixin.py:112} INFO - [2020-07-22 18:17:34,986] {spark_submit_hook.py:479} INFO - |PERSON|JOINING_YEAR| COMPANY|
[2020-07-22 18:17:34,987] {logging_mixin.py:112} INFO - [2020-07-22 18:17:34,987] {spark_submit_hook.py:479} INFO - |  John|        2018|  Google|
[2020-07-22 18:17:34,988] {logging_mixin.py:112} INFO - [2020-07-22 18:17:34,987] {spark_submit_hook.py:479} INFO - |   Sam|        2017|     IBM|
[2020-07-22 18:17:34,988] {logging_mixin.py:112} INFO - [2020-07-22 18:17:34,988] {spark_submit_hook.py:479} INFO - |  Jeff|        2014|   Yahoo|
[2020-07-22 18:17:34,988] {logging_mixin.py:112} INFO - [2020-07-22 18:17:34,988] {spark_submit_hook.py:479} INFO - | Allen|        2015|Facebook|
[2020-07-22 18:17:34,989] {logging_mixin.py:112} INFO - [2020-07-22 18:17:34,989] {spark_submit_hook.py:479} INFO - +------+------------+--------+
[2020-07-22 18:17:34,989] {logging_mixin.py:112} INFO - [2020-07-22 18:17:34,989] {spark_submit_hook.py:479} INFO - 
[2020-07-22 18:17:35,085] {logging_mixin.py:112} INFO - [2020-07-22 18:17:35,085] {spark_submit_hook.py:479} INFO - 20/07/22 18:17:35 INFO SparkContext: Invoking stop() from shutdown hook
[2020-07-22 18:17:35,096] {logging_mixin.py:112} INFO - [2020-07-22 18:17:35,096] {spark_submit_hook.py:479} INFO - 20/07/22 18:17:35 INFO SparkUI: Stopped Spark web UI at http://192.168.43.94:4040
[2020-07-22 18:17:35,113] {logging_mixin.py:112} INFO - [2020-07-22 18:17:35,113] {spark_submit_hook.py:479} INFO - 20/07/22 18:17:35 INFO MapOutputTrackerMasterEndpoint: MapOutputTrackerMasterEndpoint stopped!
[2020-07-22 18:17:35,129] {logging_mixin.py:112} INFO - [2020-07-22 18:17:35,129] {spark_submit_hook.py:479} INFO - 20/07/22 18:17:35 INFO MemoryStore: MemoryStore cleared
[2020-07-22 18:17:35,130] {logging_mixin.py:112} INFO - [2020-07-22 18:17:35,130] {spark_submit_hook.py:479} INFO - 20/07/22 18:17:35 INFO BlockManager: BlockManager stopped
[2020-07-22 18:17:35,136] {logging_mixin.py:112} INFO - [2020-07-22 18:17:35,135] {spark_submit_hook.py:479} INFO - 20/07/22 18:17:35 INFO BlockManagerMaster: BlockManagerMaster stopped
[2020-07-22 18:17:35,141] {logging_mixin.py:112} INFO - [2020-07-22 18:17:35,141] {spark_submit_hook.py:479} INFO - 20/07/22 18:17:35 INFO OutputCommitCoordinator$OutputCommitCoordinatorEndpoint: OutputCommitCoordinator stopped!
[2020-07-22 18:17:35,147] {logging_mixin.py:112} INFO - [2020-07-22 18:17:35,147] {spark_submit_hook.py:479} INFO - 20/07/22 18:17:35 INFO SparkContext: Successfully stopped SparkContext
[2020-07-22 18:17:35,148] {logging_mixin.py:112} INFO - [2020-07-22 18:17:35,147] {spark_submit_hook.py:479} INFO - 20/07/22 18:17:35 INFO ShutdownHookManager: Shutdown hook called
[2020-07-22 18:17:35,149] {logging_mixin.py:112} INFO - [2020-07-22 18:17:35,149] {spark_submit_hook.py:479} INFO - 20/07/22 18:17:35 INFO ShutdownHookManager: Deleting directory /tmp/spark-abe30677-5f6b-4e60-a4d3-d61d3da5049d
[2020-07-22 18:17:35,153] {logging_mixin.py:112} INFO - [2020-07-22 18:17:35,153] {spark_submit_hook.py:479} INFO - 20/07/22 18:17:35 INFO ShutdownHookManager: Deleting directory /tmp/spark-abe30677-5f6b-4e60-a4d3-d61d3da5049d/pyspark-cbae2995-5996-4c2f-b2a4-e685efe6bf4d
[2020-07-22 18:17:35,156] {logging_mixin.py:112} INFO - [2020-07-22 18:17:35,156] {spark_submit_hook.py:479} INFO - 20/07/22 18:17:35 INFO ShutdownHookManager: Deleting directory /tmp/spark-b9ecf796-06f4-462b-83c9-f88d9ad9b23f
[2020-07-22 18:17:35,247] {taskinstance.py:1052} INFO - Marking task as SUCCESS.dag_id=submit_data, task_id=spark_submit, execution_date=20200720T085700, start_date=20200722T124715, end_date=20200722T124735
[2020-07-22 18:17:36,099] {logging_mixin.py:112} INFO - [2020-07-22 18:17:36,099] {local_task_job.py:103} INFO - Task exited with return code 0
