[2020-07-22 15:57:16,701] {taskinstance.py:669} INFO - Dependencies all met for <TaskInstance: submit_data.spark_submit 2020-07-20T05:38:00+00:00 [queued]>
[2020-07-22 15:57:16,798] {taskinstance.py:669} INFO - Dependencies all met for <TaskInstance: submit_data.spark_submit 2020-07-20T05:38:00+00:00 [queued]>
[2020-07-22 15:57:16,799] {taskinstance.py:879} INFO - 
--------------------------------------------------------------------------------
[2020-07-22 15:57:16,799] {taskinstance.py:880} INFO - Starting attempt 1 of 1
[2020-07-22 15:57:16,799] {taskinstance.py:881} INFO - 
--------------------------------------------------------------------------------
[2020-07-22 15:57:17,396] {taskinstance.py:900} INFO - Executing <Task(SparkSubmitOperator): spark_submit> on 2020-07-20T05:38:00+00:00
[2020-07-22 15:57:17,399] {standard_task_runner.py:53} INFO - Started process 541635 to run task
[2020-07-22 15:57:18,030] {logging_mixin.py:112} INFO - Running %s on host %s <TaskInstance: submit_data.spark_submit 2020-07-20T05:38:00+00:00 [running]> bhakti-Vostro-3558
[2020-07-22 15:57:18,342] {logging_mixin.py:112} INFO - [2020-07-22 15:57:18,342] {base_hook.py:87} INFO - Using connection to: id: spark_local. Host: local, Port: None, Schema: None, Login: None, Password: None, extra: None
[2020-07-22 15:57:18,345] {logging_mixin.py:112} INFO - [2020-07-22 15:57:18,345] {spark_submit_hook.py:325} INFO - Spark-Submit cmd: spark-submit --master local --name airflow-spark /home/bhakti/airflow/spark_jobs/python/spark_test.py
[2020-07-22 15:57:23,008] {logging_mixin.py:112} INFO - [2020-07-22 15:57:23,007] {spark_submit_hook.py:479} INFO - 20/07/22 15:57:23 WARN Utils: Your hostname, bhakti-Vostro-3558 resolves to a loopback address: 127.0.1.1; using 192.168.43.94 instead (on interface wlp6s0)
[2020-07-22 15:57:23,010] {logging_mixin.py:112} INFO - [2020-07-22 15:57:23,010] {spark_submit_hook.py:479} INFO - 20/07/22 15:57:23 WARN Utils: Set SPARK_LOCAL_IP if you need to bind to another address
[2020-07-22 15:57:25,051] {logging_mixin.py:112} INFO - [2020-07-22 15:57:25,051] {spark_submit_hook.py:479} INFO - 20/07/22 15:57:25 WARN NativeCodeLoader: Unable to load native-hadoop library for your platform... using builtin-java classes where applicable
[2020-07-22 15:57:30,387] {logging_mixin.py:112} INFO - [2020-07-22 15:57:30,387] {spark_submit_hook.py:479} INFO - Using Spark's default log4j profile: org/apache/spark/log4j-defaults.properties
[2020-07-22 15:57:30,410] {logging_mixin.py:112} INFO - [2020-07-22 15:57:30,410] {spark_submit_hook.py:479} INFO - 20/07/22 15:57:30 INFO SparkContext: Running Spark version 3.0.0
[2020-07-22 15:57:30,500] {logging_mixin.py:112} INFO - [2020-07-22 15:57:30,500] {spark_submit_hook.py:479} INFO - 20/07/22 15:57:30 INFO ResourceUtils: ==============================================================
[2020-07-22 15:57:30,503] {logging_mixin.py:112} INFO - [2020-07-22 15:57:30,503] {spark_submit_hook.py:479} INFO - 20/07/22 15:57:30 INFO ResourceUtils: Resources for spark.driver:
[2020-07-22 15:57:30,504] {logging_mixin.py:112} INFO - [2020-07-22 15:57:30,503] {spark_submit_hook.py:479} INFO - 
[2020-07-22 15:57:30,504] {logging_mixin.py:112} INFO - [2020-07-22 15:57:30,504] {spark_submit_hook.py:479} INFO - 20/07/22 15:57:30 INFO ResourceUtils: ==============================================================
[2020-07-22 15:57:30,505] {logging_mixin.py:112} INFO - [2020-07-22 15:57:30,505] {spark_submit_hook.py:479} INFO - 20/07/22 15:57:30 INFO SparkContext: Submitted application: Spark_Test_Python
[2020-07-22 15:57:30,662] {logging_mixin.py:112} INFO - [2020-07-22 15:57:30,661] {spark_submit_hook.py:479} INFO - 20/07/22 15:57:30 INFO SecurityManager: Changing view acls to: bhakti
[2020-07-22 15:57:30,662] {logging_mixin.py:112} INFO - [2020-07-22 15:57:30,662] {spark_submit_hook.py:479} INFO - 20/07/22 15:57:30 INFO SecurityManager: Changing modify acls to: bhakti
[2020-07-22 15:57:30,662] {logging_mixin.py:112} INFO - [2020-07-22 15:57:30,662] {spark_submit_hook.py:479} INFO - 20/07/22 15:57:30 INFO SecurityManager: Changing view acls groups to:
[2020-07-22 15:57:30,665] {logging_mixin.py:112} INFO - [2020-07-22 15:57:30,664] {spark_submit_hook.py:479} INFO - 20/07/22 15:57:30 INFO SecurityManager: Changing modify acls groups to:
[2020-07-22 15:57:30,665] {logging_mixin.py:112} INFO - [2020-07-22 15:57:30,665] {spark_submit_hook.py:479} INFO - 20/07/22 15:57:30 INFO SecurityManager: SecurityManager: authentication disabled; ui acls disabled; users  with view permissions: Set(bhakti); groups with view permissions: Set(); users  with modify permissions: Set(bhakti); groups with modify permissions: Set()
[2020-07-22 15:57:31,723] {logging_mixin.py:112} INFO - [2020-07-22 15:57:31,723] {spark_submit_hook.py:479} INFO - 20/07/22 15:57:31 INFO Utils: Successfully started service 'sparkDriver' on port 42281.
[2020-07-22 15:57:31,851] {logging_mixin.py:112} INFO - [2020-07-22 15:57:31,851] {spark_submit_hook.py:479} INFO - 20/07/22 15:57:31 INFO SparkEnv: Registering MapOutputTracker
[2020-07-22 15:57:32,012] {logging_mixin.py:112} INFO - [2020-07-22 15:57:32,012] {spark_submit_hook.py:479} INFO - 20/07/22 15:57:32 INFO SparkEnv: Registering BlockManagerMaster
[2020-07-22 15:57:32,074] {logging_mixin.py:112} INFO - [2020-07-22 15:57:32,073] {spark_submit_hook.py:479} INFO - 20/07/22 15:57:32 INFO BlockManagerMasterEndpoint: Using org.apache.spark.storage.DefaultTopologyMapper for getting topology information
[2020-07-22 15:57:32,078] {logging_mixin.py:112} INFO - [2020-07-22 15:57:32,077] {spark_submit_hook.py:479} INFO - 20/07/22 15:57:32 INFO BlockManagerMasterEndpoint: BlockManagerMasterEndpoint up
[2020-07-22 15:57:32,095] {logging_mixin.py:112} INFO - [2020-07-22 15:57:32,095] {spark_submit_hook.py:479} INFO - 20/07/22 15:57:32 INFO SparkEnv: Registering BlockManagerMasterHeartbeat
[2020-07-22 15:57:32,131] {logging_mixin.py:112} INFO - [2020-07-22 15:57:32,131] {spark_submit_hook.py:479} INFO - 20/07/22 15:57:32 INFO DiskBlockManager: Created local directory at /tmp/blockmgr-e0571ead-657b-41ac-af99-ba45743d4a4e
[2020-07-22 15:57:32,177] {logging_mixin.py:112} INFO - [2020-07-22 15:57:32,177] {spark_submit_hook.py:479} INFO - 20/07/22 15:57:32 INFO MemoryStore: MemoryStore started with capacity 366.3 MiB
[2020-07-22 15:57:32,215] {logging_mixin.py:112} INFO - [2020-07-22 15:57:32,214] {spark_submit_hook.py:479} INFO - 20/07/22 15:57:32 INFO SparkEnv: Registering OutputCommitCoordinator
[2020-07-22 15:57:32,754] {logging_mixin.py:112} INFO - [2020-07-22 15:57:32,754] {spark_submit_hook.py:479} INFO - 20/07/22 15:57:32 WARN Utils: Service 'SparkUI' could not bind on port 4040. Attempting port 4041.
[2020-07-22 15:57:32,755] {logging_mixin.py:112} INFO - [2020-07-22 15:57:32,755] {spark_submit_hook.py:479} INFO - 20/07/22 15:57:32 WARN Utils: Service 'SparkUI' could not bind on port 4041. Attempting port 4042.
[2020-07-22 15:57:32,789] {logging_mixin.py:112} INFO - [2020-07-22 15:57:32,789] {spark_submit_hook.py:479} INFO - 20/07/22 15:57:32 INFO Utils: Successfully started service 'SparkUI' on port 4042.
[2020-07-22 15:57:33,022] {logging_mixin.py:112} INFO - [2020-07-22 15:57:33,022] {spark_submit_hook.py:479} INFO - 20/07/22 15:57:33 INFO SparkUI: Bound SparkUI to 0.0.0.0, and started at http://192.168.43.94:4042
[2020-07-22 15:57:33,654] {logging_mixin.py:112} INFO - [2020-07-22 15:57:33,654] {spark_submit_hook.py:479} INFO - 20/07/22 15:57:33 INFO Executor: Starting executor ID driver on host 192.168.43.94
[2020-07-22 15:57:33,722] {logging_mixin.py:112} INFO - [2020-07-22 15:57:33,722] {spark_submit_hook.py:479} INFO - 20/07/22 15:57:33 INFO Utils: Successfully started service 'org.apache.spark.network.netty.NettyBlockTransferService' on port 45131.
[2020-07-22 15:57:33,723] {logging_mixin.py:112} INFO - [2020-07-22 15:57:33,723] {spark_submit_hook.py:479} INFO - 20/07/22 15:57:33 INFO NettyBlockTransferService: Server created on 192.168.43.94:45131
[2020-07-22 15:57:33,726] {logging_mixin.py:112} INFO - [2020-07-22 15:57:33,726] {spark_submit_hook.py:479} INFO - 20/07/22 15:57:33 INFO BlockManager: Using org.apache.spark.storage.RandomBlockReplicationPolicy for block replication policy
[2020-07-22 15:57:33,740] {logging_mixin.py:112} INFO - [2020-07-22 15:57:33,740] {spark_submit_hook.py:479} INFO - 20/07/22 15:57:33 INFO BlockManagerMaster: Registering BlockManager BlockManagerId(driver, 192.168.43.94, 45131, None)
[2020-07-22 15:57:33,755] {logging_mixin.py:112} INFO - [2020-07-22 15:57:33,754] {spark_submit_hook.py:479} INFO - 20/07/22 15:57:33 INFO BlockManagerMasterEndpoint: Registering block manager 192.168.43.94:45131 with 366.3 MiB RAM, BlockManagerId(driver, 192.168.43.94, 45131, None)
[2020-07-22 15:57:33,778] {logging_mixin.py:112} INFO - [2020-07-22 15:57:33,778] {spark_submit_hook.py:479} INFO - 20/07/22 15:57:33 INFO BlockManagerMaster: Registered BlockManager BlockManagerId(driver, 192.168.43.94, 45131, None)
[2020-07-22 15:57:33,778] {logging_mixin.py:112} INFO - [2020-07-22 15:57:33,778] {spark_submit_hook.py:479} INFO - 20/07/22 15:57:33 INFO BlockManager: Initialized BlockManager: BlockManagerId(driver, 192.168.43.94, 45131, None)
[2020-07-22 15:57:36,983] {logging_mixin.py:112} INFO - [2020-07-22 15:57:36,983] {spark_submit_hook.py:479} INFO - 20/07/22 15:57:36 INFO MemoryStore: Block broadcast_0 stored as values in memory (estimated size 241.5 KiB, free 366.1 MiB)
[2020-07-22 15:57:37,251] {logging_mixin.py:112} INFO - [2020-07-22 15:57:37,251] {spark_submit_hook.py:479} INFO - 20/07/22 15:57:37 INFO MemoryStore: Block broadcast_0_piece0 stored as bytes in memory (estimated size 23.4 KiB, free 366.0 MiB)
[2020-07-22 15:57:37,445] {logging_mixin.py:112} INFO - [2020-07-22 15:57:37,445] {spark_submit_hook.py:479} INFO - 20/07/22 15:57:37 INFO BlockManagerInfo: Added broadcast_0_piece0 in memory on 192.168.43.94:45131 (size: 23.4 KiB, free: 366.3 MiB)
[2020-07-22 15:57:37,459] {logging_mixin.py:112} INFO - [2020-07-22 15:57:37,459] {spark_submit_hook.py:479} INFO - 20/07/22 15:57:37 INFO SparkContext: Created broadcast 0 from textFile at NativeMethodAccessorImpl.java:0
[2020-07-22 15:57:38,204] {logging_mixin.py:112} INFO - [2020-07-22 15:57:38,204] {spark_submit_hook.py:479} INFO - 20/07/22 15:57:38 INFO FileInputFormat: Total input paths to process : 1
[2020-07-22 15:57:38,528] {logging_mixin.py:112} INFO - [2020-07-22 15:57:38,528] {spark_submit_hook.py:479} INFO - 20/07/22 15:57:38 INFO SparkContext: Starting job: collect at /home/bhakti/airflow/spark_jobs/python/spark_test.py:5
[2020-07-22 15:57:38,605] {logging_mixin.py:112} INFO - [2020-07-22 15:57:38,605] {spark_submit_hook.py:479} INFO - 20/07/22 15:57:38 INFO DAGScheduler: Got job 0 (collect at /home/bhakti/airflow/spark_jobs/python/spark_test.py:5) with 1 output partitions
[2020-07-22 15:57:38,606] {logging_mixin.py:112} INFO - [2020-07-22 15:57:38,606] {spark_submit_hook.py:479} INFO - 20/07/22 15:57:38 INFO DAGScheduler: Final stage: ResultStage 0 (collect at /home/bhakti/airflow/spark_jobs/python/spark_test.py:5)
[2020-07-22 15:57:38,619] {logging_mixin.py:112} INFO - [2020-07-22 15:57:38,619] {spark_submit_hook.py:479} INFO - 20/07/22 15:57:38 INFO DAGScheduler: Parents of final stage: List()
[2020-07-22 15:57:38,639] {logging_mixin.py:112} INFO - [2020-07-22 15:57:38,638] {spark_submit_hook.py:479} INFO - 20/07/22 15:57:38 INFO DAGScheduler: Missing parents: List()
[2020-07-22 15:57:38,658] {logging_mixin.py:112} INFO - [2020-07-22 15:57:38,658] {spark_submit_hook.py:479} INFO - 20/07/22 15:57:38 INFO DAGScheduler: Submitting ResultStage 0 (PythonRDD[2] at collect at /home/bhakti/airflow/spark_jobs/python/spark_test.py:5), which has no missing parents
[2020-07-22 15:57:38,800] {logging_mixin.py:112} INFO - [2020-07-22 15:57:38,800] {spark_submit_hook.py:479} INFO - 20/07/22 15:57:38 INFO MemoryStore: Block broadcast_1 stored as values in memory (estimated size 7.4 KiB, free 366.0 MiB)
[2020-07-22 15:57:38,815] {logging_mixin.py:112} INFO - [2020-07-22 15:57:38,815] {spark_submit_hook.py:479} INFO - 20/07/22 15:57:38 INFO MemoryStore: Block broadcast_1_piece0 stored as bytes in memory (estimated size 4.4 KiB, free 366.0 MiB)
[2020-07-22 15:57:38,817] {logging_mixin.py:112} INFO - [2020-07-22 15:57:38,817] {spark_submit_hook.py:479} INFO - 20/07/22 15:57:38 INFO BlockManagerInfo: Added broadcast_1_piece0 in memory on 192.168.43.94:45131 (size: 4.4 KiB, free: 366.3 MiB)
[2020-07-22 15:57:38,821] {logging_mixin.py:112} INFO - [2020-07-22 15:57:38,821] {spark_submit_hook.py:479} INFO - 20/07/22 15:57:38 INFO SparkContext: Created broadcast 1 from broadcast at DAGScheduler.scala:1200
[2020-07-22 15:57:38,896] {logging_mixin.py:112} INFO - [2020-07-22 15:57:38,895] {spark_submit_hook.py:479} INFO - 20/07/22 15:57:38 INFO DAGScheduler: Submitting 1 missing tasks from ResultStage 0 (PythonRDD[2] at collect at /home/bhakti/airflow/spark_jobs/python/spark_test.py:5) (first 15 tasks are for partitions Vector(0))
[2020-07-22 15:57:38,901] {logging_mixin.py:112} INFO - [2020-07-22 15:57:38,901] {spark_submit_hook.py:479} INFO - 20/07/22 15:57:38 INFO TaskSchedulerImpl: Adding task set 0.0 with 1 tasks
[2020-07-22 15:57:39,252] {logging_mixin.py:112} INFO - [2020-07-22 15:57:39,252] {spark_submit_hook.py:479} INFO - 20/07/22 15:57:39 INFO TaskSetManager: Starting task 0.0 in stage 0.0 (TID 0, 192.168.43.94, executor driver, partition 0, PROCESS_LOCAL, 7388 bytes)
[2020-07-22 15:57:39,327] {logging_mixin.py:112} INFO - [2020-07-22 15:57:39,327] {spark_submit_hook.py:479} INFO - 20/07/22 15:57:39 INFO Executor: Running task 0.0 in stage 0.0 (TID 0)
[2020-07-22 15:57:40,960] {logging_mixin.py:112} INFO - [2020-07-22 15:57:40,960] {spark_submit_hook.py:479} INFO - 20/07/22 15:57:40 INFO HadoopRDD: Input split: file:/home/bhakti/airflow/input_data/sample.csv:0+93
[2020-07-22 15:57:42,441] {logging_mixin.py:112} INFO - [2020-07-22 15:57:42,441] {spark_submit_hook.py:479} INFO - 20/07/22 15:57:42 INFO PythonRunner: Times: total = 1373, boot = 1338, init = 34, finish = 1
[2020-07-22 15:57:42,501] {logging_mixin.py:112} INFO - [2020-07-22 15:57:42,500] {spark_submit_hook.py:479} INFO - 20/07/22 15:57:42 INFO Executor: Finished task 0.0 in stage 0.0 (TID 0). 1732 bytes result sent to driver
[2020-07-22 15:57:42,551] {logging_mixin.py:112} INFO - [2020-07-22 15:57:42,551] {spark_submit_hook.py:479} INFO - 20/07/22 15:57:42 INFO TaskSetManager: Finished task 0.0 in stage 0.0 (TID 0) in 3370 ms on 192.168.43.94 (executor driver) (1/1)
[2020-07-22 15:57:42,557] {logging_mixin.py:112} INFO - [2020-07-22 15:57:42,556] {spark_submit_hook.py:479} INFO - 20/07/22 15:57:42 INFO TaskSchedulerImpl: Removed TaskSet 0.0, whose tasks have all completed, from pool
[2020-07-22 15:57:42,567] {logging_mixin.py:112} INFO - [2020-07-22 15:57:42,566] {spark_submit_hook.py:479} INFO - 20/07/22 15:57:42 INFO PythonAccumulatorV2: Connected to AccumulatorServer at host: 127.0.0.1 port: 35831
[2020-07-22 15:57:42,604] {logging_mixin.py:112} INFO - [2020-07-22 15:57:42,603] {spark_submit_hook.py:479} INFO - 20/07/22 15:57:42 INFO DAGScheduler: ResultStage 0 (collect at /home/bhakti/airflow/spark_jobs/python/spark_test.py:5) finished in 3.826 s
[2020-07-22 15:57:42,623] {logging_mixin.py:112} INFO - [2020-07-22 15:57:42,622] {spark_submit_hook.py:479} INFO - 20/07/22 15:57:42 INFO DAGScheduler: Job 0 is finished. Cancelling potential speculative or zombie tasks for this job
[2020-07-22 15:57:42,624] {logging_mixin.py:112} INFO - [2020-07-22 15:57:42,623] {spark_submit_hook.py:479} INFO - 20/07/22 15:57:42 INFO TaskSchedulerImpl: Killing all running tasks in stage 0: Stage finished
[2020-07-22 15:57:42,662] {logging_mixin.py:112} INFO - [2020-07-22 15:57:42,662] {spark_submit_hook.py:479} INFO - 20/07/22 15:57:42 INFO DAGScheduler: Job 0 finished: collect at /home/bhakti/airflow/spark_jobs/python/spark_test.py:5, took 4.130380 s
[2020-07-22 15:57:42,708] {logging_mixin.py:112} INFO - [2020-07-22 15:57:42,707] {spark_submit_hook.py:479} INFO - [('PERSON', 'JOINING_YEAR'), ('John', '2018'), ('Sam', '2017'), ('Jeff', '2014'), ('Allen', '2015')]
[2020-07-22 15:57:42,911] {logging_mixin.py:112} INFO - [2020-07-22 15:57:42,910] {spark_submit_hook.py:479} INFO - 20/07/22 15:57:42 INFO SparkContext: Invoking stop() from shutdown hook
[2020-07-22 15:57:42,943] {logging_mixin.py:112} INFO - [2020-07-22 15:57:42,943] {spark_submit_hook.py:479} INFO - 20/07/22 15:57:42 INFO SparkUI: Stopped Spark web UI at http://192.168.43.94:4042
[2020-07-22 15:57:43,074] {logging_mixin.py:112} INFO - [2020-07-22 15:57:43,074] {spark_submit_hook.py:479} INFO - 20/07/22 15:57:43 INFO BlockManagerInfo: Removed broadcast_0_piece0 on 192.168.43.94:45131 in memory (size: 23.4 KiB, free: 366.3 MiB)
[2020-07-22 15:57:43,253] {logging_mixin.py:112} INFO - [2020-07-22 15:57:43,253] {spark_submit_hook.py:479} INFO - 20/07/22 15:57:43 INFO MapOutputTrackerMasterEndpoint: MapOutputTrackerMasterEndpoint stopped!
[2020-07-22 15:57:43,411] {logging_mixin.py:112} INFO - [2020-07-22 15:57:43,411] {spark_submit_hook.py:479} INFO - 20/07/22 15:57:43 INFO MemoryStore: MemoryStore cleared
[2020-07-22 15:57:43,413] {logging_mixin.py:112} INFO - [2020-07-22 15:57:43,413] {spark_submit_hook.py:479} INFO - 20/07/22 15:57:43 INFO BlockManager: BlockManager stopped
[2020-07-22 15:57:43,419] {logging_mixin.py:112} INFO - [2020-07-22 15:57:43,419] {spark_submit_hook.py:479} INFO - 20/07/22 15:57:43 INFO BlockManagerMaster: BlockManagerMaster stopped
[2020-07-22 15:57:43,429] {logging_mixin.py:112} INFO - [2020-07-22 15:57:43,429] {spark_submit_hook.py:479} INFO - 20/07/22 15:57:43 INFO OutputCommitCoordinator$OutputCommitCoordinatorEndpoint: OutputCommitCoordinator stopped!
[2020-07-22 15:57:43,495] {logging_mixin.py:112} INFO - [2020-07-22 15:57:43,495] {spark_submit_hook.py:479} INFO - 20/07/22 15:57:43 INFO SparkContext: Successfully stopped SparkContext
[2020-07-22 15:57:43,499] {logging_mixin.py:112} INFO - [2020-07-22 15:57:43,499] {spark_submit_hook.py:479} INFO - 20/07/22 15:57:43 INFO ShutdownHookManager: Shutdown hook called
[2020-07-22 15:57:43,501] {logging_mixin.py:112} INFO - [2020-07-22 15:57:43,500] {spark_submit_hook.py:479} INFO - 20/07/22 15:57:43 INFO ShutdownHookManager: Deleting directory /tmp/spark-0d7583e6-5251-42ab-bbe2-591ec04c877b/pyspark-d008a6c1-5495-48fc-bd34-16627a47300f
[2020-07-22 15:57:43,518] {logging_mixin.py:112} INFO - [2020-07-22 15:57:43,518] {spark_submit_hook.py:479} INFO - 20/07/22 15:57:43 INFO ShutdownHookManager: Deleting directory /tmp/spark-0d7583e6-5251-42ab-bbe2-591ec04c877b
[2020-07-22 15:57:43,541] {logging_mixin.py:112} INFO - [2020-07-22 15:57:43,541] {spark_submit_hook.py:479} INFO - 20/07/22 15:57:43 INFO ShutdownHookManager: Deleting directory /tmp/spark-7ee4d46d-cd8e-4754-ae93-dc2bed8812fb
[2020-07-22 15:57:45,117] {taskinstance.py:1052} INFO - Marking task as SUCCESS.dag_id=submit_data, task_id=spark_submit, execution_date=20200720T053800, start_date=20200722T102716, end_date=20200722T102745
[2020-07-22 15:57:50,052] {logging_mixin.py:112} INFO - [2020-07-22 15:57:50,051] {local_task_job.py:103} INFO - Task exited with return code 0
