[2020-07-23 15:28:18,556] {taskinstance.py:669} INFO - Dependencies all met for <TaskInstance: submit_data.spark_submit 2020-07-21T01:01:00+00:00 [queued]>
[2020-07-23 15:28:18,575] {taskinstance.py:669} INFO - Dependencies all met for <TaskInstance: submit_data.spark_submit 2020-07-21T01:01:00+00:00 [queued]>
[2020-07-23 15:28:18,576] {taskinstance.py:879} INFO - 
--------------------------------------------------------------------------------
[2020-07-23 15:28:18,576] {taskinstance.py:880} INFO - Starting attempt 1 of 1
[2020-07-23 15:28:18,576] {taskinstance.py:881} INFO - 
--------------------------------------------------------------------------------
[2020-07-23 15:28:18,754] {taskinstance.py:900} INFO - Executing <Task(SparkSubmitOperator): spark_submit> on 2020-07-21T01:01:00+00:00
[2020-07-23 15:28:18,775] {standard_task_runner.py:53} INFO - Started process 268965 to run task
[2020-07-23 15:28:19,028] {logging_mixin.py:112} INFO - Running %s on host %s <TaskInstance: submit_data.spark_submit 2020-07-21T01:01:00+00:00 [running]> bhakti-Vostro-3558
[2020-07-23 15:28:19,128] {logging_mixin.py:112} INFO - [2020-07-23 15:28:19,128] {base_hook.py:87} INFO - Using connection to: id: spark_local. Host: local, Port: None, Schema: None, Login: None, Password: None, extra: None
[2020-07-23 15:28:19,139] {logging_mixin.py:112} INFO - [2020-07-23 15:28:19,138] {spark_submit_hook.py:325} INFO - Spark-Submit cmd: spark-submit --master local --name airflow-spark /home/bhakti/airflow/spark_jobs/spark_test.py
[2020-07-23 15:28:21,912] {logging_mixin.py:112} INFO - [2020-07-23 15:28:21,911] {spark_submit_hook.py:479} INFO - 20/07/23 15:28:21 WARN Utils: Your hostname, bhakti-Vostro-3558 resolves to a loopback address: 127.0.1.1; using 192.168.43.94 instead (on interface wlp6s0)
[2020-07-23 15:28:21,912] {logging_mixin.py:112} INFO - [2020-07-23 15:28:21,912] {spark_submit_hook.py:479} INFO - 20/07/23 15:28:21 WARN Utils: Set SPARK_LOCAL_IP if you need to bind to another address
[2020-07-23 15:28:23,418] {logging_mixin.py:112} INFO - [2020-07-23 15:28:23,418] {spark_submit_hook.py:479} INFO - 20/07/23 15:28:23 WARN NativeCodeLoader: Unable to load native-hadoop library for your platform... using builtin-java classes where applicable
[2020-07-23 15:28:25,330] {logging_mixin.py:112} INFO - [2020-07-23 15:28:25,330] {spark_submit_hook.py:479} INFO - Using Spark's default log4j profile: org/apache/spark/log4j-defaults.properties
[2020-07-23 15:28:25,352] {logging_mixin.py:112} INFO - [2020-07-23 15:28:25,352] {spark_submit_hook.py:479} INFO - 20/07/23 15:28:25 INFO SparkContext: Running Spark version 3.0.0
[2020-07-23 15:28:25,432] {logging_mixin.py:112} INFO - [2020-07-23 15:28:25,432] {spark_submit_hook.py:479} INFO - 20/07/23 15:28:25 INFO ResourceUtils: ==============================================================
[2020-07-23 15:28:25,436] {logging_mixin.py:112} INFO - [2020-07-23 15:28:25,435] {spark_submit_hook.py:479} INFO - 20/07/23 15:28:25 INFO ResourceUtils: Resources for spark.driver:
[2020-07-23 15:28:25,436] {logging_mixin.py:112} INFO - [2020-07-23 15:28:25,436] {spark_submit_hook.py:479} INFO - 
[2020-07-23 15:28:25,437] {logging_mixin.py:112} INFO - [2020-07-23 15:28:25,436] {spark_submit_hook.py:479} INFO - 20/07/23 15:28:25 INFO ResourceUtils: ==============================================================
[2020-07-23 15:28:25,438] {logging_mixin.py:112} INFO - [2020-07-23 15:28:25,437] {spark_submit_hook.py:479} INFO - 20/07/23 15:28:25 INFO SparkContext: Submitted application: Spark_Test_Python
[2020-07-23 15:28:25,580] {logging_mixin.py:112} INFO - [2020-07-23 15:28:25,580] {spark_submit_hook.py:479} INFO - 20/07/23 15:28:25 INFO SecurityManager: Changing view acls to: bhakti
[2020-07-23 15:28:25,581] {logging_mixin.py:112} INFO - [2020-07-23 15:28:25,581] {spark_submit_hook.py:479} INFO - 20/07/23 15:28:25 INFO SecurityManager: Changing modify acls to: bhakti
[2020-07-23 15:28:25,584] {logging_mixin.py:112} INFO - [2020-07-23 15:28:25,583] {spark_submit_hook.py:479} INFO - 20/07/23 15:28:25 INFO SecurityManager: Changing view acls groups to:
[2020-07-23 15:28:25,585] {logging_mixin.py:112} INFO - [2020-07-23 15:28:25,585] {spark_submit_hook.py:479} INFO - 20/07/23 15:28:25 INFO SecurityManager: Changing modify acls groups to:
[2020-07-23 15:28:25,586] {logging_mixin.py:112} INFO - [2020-07-23 15:28:25,586] {spark_submit_hook.py:479} INFO - 20/07/23 15:28:25 INFO SecurityManager: SecurityManager: authentication disabled; ui acls disabled; users  with view permissions: Set(bhakti); groups with view permissions: Set(); users  with modify permissions: Set(bhakti); groups with modify permissions: Set()
[2020-07-23 15:28:26,060] {logging_mixin.py:112} INFO - [2020-07-23 15:28:26,060] {spark_submit_hook.py:479} INFO - 20/07/23 15:28:26 INFO Utils: Successfully started service 'sparkDriver' on port 38439.
[2020-07-23 15:28:26,112] {logging_mixin.py:112} INFO - [2020-07-23 15:28:26,111] {spark_submit_hook.py:479} INFO - 20/07/23 15:28:26 INFO SparkEnv: Registering MapOutputTracker
[2020-07-23 15:28:26,182] {logging_mixin.py:112} INFO - [2020-07-23 15:28:26,182] {spark_submit_hook.py:479} INFO - 20/07/23 15:28:26 INFO SparkEnv: Registering BlockManagerMaster
[2020-07-23 15:28:26,241] {logging_mixin.py:112} INFO - [2020-07-23 15:28:26,241] {spark_submit_hook.py:479} INFO - 20/07/23 15:28:26 INFO BlockManagerMasterEndpoint: Using org.apache.spark.storage.DefaultTopologyMapper for getting topology information
[2020-07-23 15:28:26,243] {logging_mixin.py:112} INFO - [2020-07-23 15:28:26,243] {spark_submit_hook.py:479} INFO - 20/07/23 15:28:26 INFO BlockManagerMasterEndpoint: BlockManagerMasterEndpoint up
[2020-07-23 15:28:26,257] {logging_mixin.py:112} INFO - [2020-07-23 15:28:26,257] {spark_submit_hook.py:479} INFO - 20/07/23 15:28:26 INFO SparkEnv: Registering BlockManagerMasterHeartbeat
[2020-07-23 15:28:26,289] {logging_mixin.py:112} INFO - [2020-07-23 15:28:26,289] {spark_submit_hook.py:479} INFO - 20/07/23 15:28:26 INFO DiskBlockManager: Created local directory at /tmp/blockmgr-280a84cf-7ea8-4d81-b2b5-7c581f2913fa
[2020-07-23 15:28:26,344] {logging_mixin.py:112} INFO - [2020-07-23 15:28:26,343] {spark_submit_hook.py:479} INFO - 20/07/23 15:28:26 INFO MemoryStore: MemoryStore started with capacity 366.3 MiB
[2020-07-23 15:28:26,380] {logging_mixin.py:112} INFO - [2020-07-23 15:28:26,379] {spark_submit_hook.py:479} INFO - 20/07/23 15:28:26 INFO SparkEnv: Registering OutputCommitCoordinator
[2020-07-23 15:28:26,792] {logging_mixin.py:112} INFO - [2020-07-23 15:28:26,792] {spark_submit_hook.py:479} INFO - 20/07/23 15:28:26 WARN Utils: Service 'SparkUI' could not bind on port 4040. Attempting port 4041.
[2020-07-23 15:28:26,793] {logging_mixin.py:112} INFO - [2020-07-23 15:28:26,793] {spark_submit_hook.py:479} INFO - 20/07/23 15:28:26 WARN Utils: Service 'SparkUI' could not bind on port 4041. Attempting port 4042.
[2020-07-23 15:28:26,793] {logging_mixin.py:112} INFO - [2020-07-23 15:28:26,793] {spark_submit_hook.py:479} INFO - 20/07/23 15:28:26 WARN Utils: Service 'SparkUI' could not bind on port 4042. Attempting port 4043.
[2020-07-23 15:28:26,804] {logging_mixin.py:112} INFO - [2020-07-23 15:28:26,804] {spark_submit_hook.py:479} INFO - 20/07/23 15:28:26 INFO Utils: Successfully started service 'SparkUI' on port 4043.
[2020-07-23 15:28:26,893] {logging_mixin.py:112} INFO - [2020-07-23 15:28:26,892] {spark_submit_hook.py:479} INFO - 20/07/23 15:28:26 INFO SparkUI: Bound SparkUI to 0.0.0.0, and started at http://192.168.43.94:4043
[2020-07-23 15:28:27,291] {logging_mixin.py:112} INFO - [2020-07-23 15:28:27,290] {spark_submit_hook.py:479} INFO - 20/07/23 15:28:27 INFO Executor: Starting executor ID driver on host 192.168.43.94
[2020-07-23 15:28:27,335] {logging_mixin.py:112} INFO - [2020-07-23 15:28:27,335] {spark_submit_hook.py:479} INFO - 20/07/23 15:28:27 INFO Utils: Successfully started service 'org.apache.spark.network.netty.NettyBlockTransferService' on port 39221.
[2020-07-23 15:28:27,336] {logging_mixin.py:112} INFO - [2020-07-23 15:28:27,336] {spark_submit_hook.py:479} INFO - 20/07/23 15:28:27 INFO NettyBlockTransferService: Server created on 192.168.43.94:39221
[2020-07-23 15:28:27,339] {logging_mixin.py:112} INFO - [2020-07-23 15:28:27,339] {spark_submit_hook.py:479} INFO - 20/07/23 15:28:27 INFO BlockManager: Using org.apache.spark.storage.RandomBlockReplicationPolicy for block replication policy
[2020-07-23 15:28:27,352] {logging_mixin.py:112} INFO - [2020-07-23 15:28:27,352] {spark_submit_hook.py:479} INFO - 20/07/23 15:28:27 INFO BlockManagerMaster: Registering BlockManager BlockManagerId(driver, 192.168.43.94, 39221, None)
[2020-07-23 15:28:27,363] {logging_mixin.py:112} INFO - [2020-07-23 15:28:27,363] {spark_submit_hook.py:479} INFO - 20/07/23 15:28:27 INFO BlockManagerMasterEndpoint: Registering block manager 192.168.43.94:39221 with 366.3 MiB RAM, BlockManagerId(driver, 192.168.43.94, 39221, None)
[2020-07-23 15:28:27,370] {logging_mixin.py:112} INFO - [2020-07-23 15:28:27,370] {spark_submit_hook.py:479} INFO - 20/07/23 15:28:27 INFO BlockManagerMaster: Registered BlockManager BlockManagerId(driver, 192.168.43.94, 39221, None)
[2020-07-23 15:28:27,374] {logging_mixin.py:112} INFO - [2020-07-23 15:28:27,374] {spark_submit_hook.py:479} INFO - 20/07/23 15:28:27 INFO BlockManager: Initialized BlockManager: BlockManagerId(driver, 192.168.43.94, 39221, None)
[2020-07-23 15:28:28,829] {logging_mixin.py:112} INFO - [2020-07-23 15:28:28,829] {spark_submit_hook.py:479} INFO - 20/07/23 15:28:28 INFO MemoryStore: Block broadcast_0 stored as values in memory (estimated size 241.5 KiB, free 366.1 MiB)
[2020-07-23 15:28:28,968] {logging_mixin.py:112} INFO - [2020-07-23 15:28:28,968] {spark_submit_hook.py:479} INFO - 20/07/23 15:28:28 INFO MemoryStore: Block broadcast_0_piece0 stored as bytes in memory (estimated size 23.4 KiB, free 366.0 MiB)
[2020-07-23 15:28:28,974] {logging_mixin.py:112} INFO - [2020-07-23 15:28:28,973] {spark_submit_hook.py:479} INFO - 20/07/23 15:28:28 INFO BlockManagerInfo: Added broadcast_0_piece0 in memory on 192.168.43.94:39221 (size: 23.4 KiB, free: 366.3 MiB)
[2020-07-23 15:28:28,984] {logging_mixin.py:112} INFO - [2020-07-23 15:28:28,984] {spark_submit_hook.py:479} INFO - 20/07/23 15:28:28 INFO SparkContext: Created broadcast 0 from textFile at NativeMethodAccessorImpl.java:0
[2020-07-23 15:28:29,322] {logging_mixin.py:112} INFO - [2020-07-23 15:28:29,322] {spark_submit_hook.py:479} INFO - 20/07/23 15:28:29 INFO FileInputFormat: Total input paths to process : 1
[2020-07-23 15:28:29,495] {logging_mixin.py:112} INFO - [2020-07-23 15:28:29,495] {spark_submit_hook.py:479} INFO - 20/07/23 15:28:29 INFO SparkContext: Starting job: collect at /home/bhakti/airflow/spark_jobs/spark_test.py:8
[2020-07-23 15:28:29,525] {logging_mixin.py:112} INFO - [2020-07-23 15:28:29,525] {spark_submit_hook.py:479} INFO - 20/07/23 15:28:29 INFO DAGScheduler: Got job 0 (collect at /home/bhakti/airflow/spark_jobs/spark_test.py:8) with 1 output partitions
[2020-07-23 15:28:29,527] {logging_mixin.py:112} INFO - [2020-07-23 15:28:29,526] {spark_submit_hook.py:479} INFO - 20/07/23 15:28:29 INFO DAGScheduler: Final stage: ResultStage 0 (collect at /home/bhakti/airflow/spark_jobs/spark_test.py:8)
[2020-07-23 15:28:29,528] {logging_mixin.py:112} INFO - [2020-07-23 15:28:29,528] {spark_submit_hook.py:479} INFO - 20/07/23 15:28:29 INFO DAGScheduler: Parents of final stage: List()
[2020-07-23 15:28:29,533] {logging_mixin.py:112} INFO - [2020-07-23 15:28:29,532] {spark_submit_hook.py:479} INFO - 20/07/23 15:28:29 INFO DAGScheduler: Missing parents: List()
[2020-07-23 15:28:29,551] {logging_mixin.py:112} INFO - [2020-07-23 15:28:29,551] {spark_submit_hook.py:479} INFO - 20/07/23 15:28:29 INFO DAGScheduler: Submitting ResultStage 0 (PythonRDD[2] at collect at /home/bhakti/airflow/spark_jobs/spark_test.py:8), which has no missing parents
[2020-07-23 15:28:29,613] {logging_mixin.py:112} INFO - [2020-07-23 15:28:29,613] {spark_submit_hook.py:479} INFO - 20/07/23 15:28:29 INFO MemoryStore: Block broadcast_1 stored as values in memory (estimated size 7.4 KiB, free 366.0 MiB)
[2020-07-23 15:28:29,620] {logging_mixin.py:112} INFO - [2020-07-23 15:28:29,619] {spark_submit_hook.py:479} INFO - 20/07/23 15:28:29 INFO MemoryStore: Block broadcast_1_piece0 stored as bytes in memory (estimated size 4.4 KiB, free 366.0 MiB)
[2020-07-23 15:28:29,622] {logging_mixin.py:112} INFO - [2020-07-23 15:28:29,621] {spark_submit_hook.py:479} INFO - 20/07/23 15:28:29 INFO BlockManagerInfo: Added broadcast_1_piece0 in memory on 192.168.43.94:39221 (size: 4.4 KiB, free: 366.3 MiB)
[2020-07-23 15:28:29,624] {logging_mixin.py:112} INFO - [2020-07-23 15:28:29,624] {spark_submit_hook.py:479} INFO - 20/07/23 15:28:29 INFO SparkContext: Created broadcast 1 from broadcast at DAGScheduler.scala:1200
[2020-07-23 15:28:29,649] {logging_mixin.py:112} INFO - [2020-07-23 15:28:29,648] {spark_submit_hook.py:479} INFO - 20/07/23 15:28:29 INFO DAGScheduler: Submitting 1 missing tasks from ResultStage 0 (PythonRDD[2] at collect at /home/bhakti/airflow/spark_jobs/spark_test.py:8) (first 15 tasks are for partitions Vector(0))
[2020-07-23 15:28:29,652] {logging_mixin.py:112} INFO - [2020-07-23 15:28:29,651] {spark_submit_hook.py:479} INFO - 20/07/23 15:28:29 INFO TaskSchedulerImpl: Adding task set 0.0 with 1 tasks
[2020-07-23 15:28:29,781] {logging_mixin.py:112} INFO - [2020-07-23 15:28:29,781] {spark_submit_hook.py:479} INFO - 20/07/23 15:28:29 INFO TaskSetManager: Starting task 0.0 in stage 0.0 (TID 0, 192.168.43.94, executor driver, partition 0, PROCESS_LOCAL, 7388 bytes)
[2020-07-23 15:28:29,810] {logging_mixin.py:112} INFO - [2020-07-23 15:28:29,810] {spark_submit_hook.py:479} INFO - 20/07/23 15:28:29 INFO Executor: Running task 0.0 in stage 0.0 (TID 0)
[2020-07-23 15:28:30,434] {logging_mixin.py:112} INFO - [2020-07-23 15:28:30,433] {spark_submit_hook.py:479} INFO - 20/07/23 15:28:30 INFO HadoopRDD: Input split: file:/home/bhakti/airflow/input_data/sample.csv:0+93
[2020-07-23 15:28:31,200] {logging_mixin.py:112} INFO - [2020-07-23 15:28:31,200] {spark_submit_hook.py:479} INFO - 20/07/23 15:28:31 INFO PythonRunner: Times: total = 725, boot = 703, init = 22, finish = 0
[2020-07-23 15:28:31,272] {logging_mixin.py:112} INFO - [2020-07-23 15:28:31,272] {spark_submit_hook.py:479} INFO - 20/07/23 15:28:31 INFO Executor: Finished task 0.0 in stage 0.0 (TID 0). 1822 bytes result sent to driver
[2020-07-23 15:28:31,304] {logging_mixin.py:112} INFO - [2020-07-23 15:28:31,304] {spark_submit_hook.py:479} INFO - 20/07/23 15:28:31 INFO TaskSetManager: Finished task 0.0 in stage 0.0 (TID 0) in 1555 ms on 192.168.43.94 (executor driver) (1/1)
[2020-07-23 15:28:31,308] {logging_mixin.py:112} INFO - [2020-07-23 15:28:31,307] {spark_submit_hook.py:479} INFO - 20/07/23 15:28:31 INFO TaskSchedulerImpl: Removed TaskSet 0.0, whose tasks have all completed, from pool
[2020-07-23 15:28:31,314] {logging_mixin.py:112} INFO - [2020-07-23 15:28:31,314] {spark_submit_hook.py:479} INFO - 20/07/23 15:28:31 INFO PythonAccumulatorV2: Connected to AccumulatorServer at host: 127.0.0.1 port: 35219
[2020-07-23 15:28:31,321] {logging_mixin.py:112} INFO - [2020-07-23 15:28:31,321] {spark_submit_hook.py:479} INFO - 20/07/23 15:28:31 INFO DAGScheduler: ResultStage 0 (collect at /home/bhakti/airflow/spark_jobs/spark_test.py:8) finished in 1.722 s
[2020-07-23 15:28:31,333] {logging_mixin.py:112} INFO - [2020-07-23 15:28:31,332] {spark_submit_hook.py:479} INFO - 20/07/23 15:28:31 INFO DAGScheduler: Job 0 is finished. Cancelling potential speculative or zombie tasks for this job
[2020-07-23 15:28:31,334] {logging_mixin.py:112} INFO - [2020-07-23 15:28:31,334] {spark_submit_hook.py:479} INFO - 20/07/23 15:28:31 INFO TaskSchedulerImpl: Killing all running tasks in stage 0: Stage finished
[2020-07-23 15:28:31,340] {logging_mixin.py:112} INFO - [2020-07-23 15:28:31,340] {spark_submit_hook.py:479} INFO - 20/07/23 15:28:31 INFO DAGScheduler: Job 0 finished: collect at /home/bhakti/airflow/spark_jobs/spark_test.py:8, took 1.842063 s
[2020-07-23 15:28:31,369] {logging_mixin.py:112} INFO - [2020-07-23 15:28:31,369] {spark_submit_hook.py:479} INFO - [('PERSON', 'JOINING_YEAR', 'COMPANY'), ('John', '2018', 'Google'), ('Sam', '2017', 'IBM'), ('Jeff', '2014', 'Yahoo'), ('Allen', '2015', 'Facebook')]
[2020-07-23 15:28:32,147] {logging_mixin.py:112} INFO - [2020-07-23 15:28:32,147] {spark_submit_hook.py:479} INFO - 20/07/23 15:28:32 INFO BlockManagerInfo: Removed broadcast_1_piece0 on 192.168.43.94:39221 in memory (size: 4.4 KiB, free: 366.3 MiB)
[2020-07-23 15:28:32,164] {logging_mixin.py:112} INFO - [2020-07-23 15:28:32,164] {spark_submit_hook.py:479} INFO - 20/07/23 15:28:32 INFO BlockManagerInfo: Removed broadcast_0_piece0 on 192.168.43.94:39221 in memory (size: 23.4 KiB, free: 366.3 MiB)
[2020-07-23 15:28:32,291] {logging_mixin.py:112} INFO - [2020-07-23 15:28:32,291] {spark_submit_hook.py:479} INFO - 20/07/23 15:28:32 INFO SharedState: Setting hive.metastore.warehouse.dir ('null') to the value of spark.sql.warehouse.dir ('file:/home/bhakti/airflow/spark-warehouse').
[2020-07-23 15:28:32,294] {logging_mixin.py:112} INFO - [2020-07-23 15:28:32,293] {spark_submit_hook.py:479} INFO - 20/07/23 15:28:32 INFO SharedState: Warehouse path is 'file:/home/bhakti/airflow/spark-warehouse'.
[2020-07-23 15:28:36,682] {logging_mixin.py:112} INFO - [2020-07-23 15:28:36,681] {spark_submit_hook.py:479} INFO - 20/07/23 15:28:36 INFO CodeGenerator: Code generated in 420.953516 ms
[2020-07-23 15:28:36,753] {logging_mixin.py:112} INFO - [2020-07-23 15:28:36,752] {spark_submit_hook.py:479} INFO - 20/07/23 15:28:36 INFO SparkContext: Starting job: showString at NativeMethodAccessorImpl.java:0
[2020-07-23 15:28:36,758] {logging_mixin.py:112} INFO - [2020-07-23 15:28:36,758] {spark_submit_hook.py:479} INFO - 20/07/23 15:28:36 INFO DAGScheduler: Got job 1 (showString at NativeMethodAccessorImpl.java:0) with 1 output partitions
[2020-07-23 15:28:36,758] {logging_mixin.py:112} INFO - [2020-07-23 15:28:36,758] {spark_submit_hook.py:479} INFO - 20/07/23 15:28:36 INFO DAGScheduler: Final stage: ResultStage 1 (showString at NativeMethodAccessorImpl.java:0)
[2020-07-23 15:28:36,759] {logging_mixin.py:112} INFO - [2020-07-23 15:28:36,758] {spark_submit_hook.py:479} INFO - 20/07/23 15:28:36 INFO DAGScheduler: Parents of final stage: List()
[2020-07-23 15:28:36,759] {logging_mixin.py:112} INFO - [2020-07-23 15:28:36,759] {spark_submit_hook.py:479} INFO - 20/07/23 15:28:36 INFO DAGScheduler: Missing parents: List()
[2020-07-23 15:28:36,769] {logging_mixin.py:112} INFO - [2020-07-23 15:28:36,769] {spark_submit_hook.py:479} INFO - 20/07/23 15:28:36 INFO DAGScheduler: Submitting ResultStage 1 (MapPartitionsRDD[9] at showString at NativeMethodAccessorImpl.java:0), which has no missing parents
[2020-07-23 15:28:36,810] {logging_mixin.py:112} INFO - [2020-07-23 15:28:36,810] {spark_submit_hook.py:479} INFO - 20/07/23 15:28:36 INFO MemoryStore: Block broadcast_2 stored as values in memory (estimated size 11.2 KiB, free 366.3 MiB)
[2020-07-23 15:28:36,814] {logging_mixin.py:112} INFO - [2020-07-23 15:28:36,814] {spark_submit_hook.py:479} INFO - 20/07/23 15:28:36 INFO MemoryStore: Block broadcast_2_piece0 stored as bytes in memory (estimated size 5.8 KiB, free 366.3 MiB)
[2020-07-23 15:28:36,817] {logging_mixin.py:112} INFO - [2020-07-23 15:28:36,817] {spark_submit_hook.py:479} INFO - 20/07/23 15:28:36 INFO BlockManagerInfo: Added broadcast_2_piece0 in memory on 192.168.43.94:39221 (size: 5.8 KiB, free: 366.3 MiB)
[2020-07-23 15:28:36,819] {logging_mixin.py:112} INFO - [2020-07-23 15:28:36,819] {spark_submit_hook.py:479} INFO - 20/07/23 15:28:36 INFO SparkContext: Created broadcast 2 from broadcast at DAGScheduler.scala:1200
[2020-07-23 15:28:36,822] {logging_mixin.py:112} INFO - [2020-07-23 15:28:36,822] {spark_submit_hook.py:479} INFO - 20/07/23 15:28:36 INFO DAGScheduler: Submitting 1 missing tasks from ResultStage 1 (MapPartitionsRDD[9] at showString at NativeMethodAccessorImpl.java:0) (first 15 tasks are for partitions Vector(0))
[2020-07-23 15:28:36,823] {logging_mixin.py:112} INFO - [2020-07-23 15:28:36,823] {spark_submit_hook.py:479} INFO - 20/07/23 15:28:36 INFO TaskSchedulerImpl: Adding task set 1.0 with 1 tasks
[2020-07-23 15:28:36,854] {logging_mixin.py:112} INFO - [2020-07-23 15:28:36,854] {spark_submit_hook.py:479} INFO - 20/07/23 15:28:36 INFO TaskSetManager: Starting task 0.0 in stage 1.0 (TID 1, 192.168.43.94, executor driver, partition 0, PROCESS_LOCAL, 7493 bytes)
[2020-07-23 15:28:36,856] {logging_mixin.py:112} INFO - [2020-07-23 15:28:36,855] {spark_submit_hook.py:479} INFO - 20/07/23 15:28:36 INFO Executor: Running task 0.0 in stage 1.0 (TID 1)
[2020-07-23 15:28:36,954] {logging_mixin.py:112} INFO - [2020-07-23 15:28:36,954] {spark_submit_hook.py:479} INFO - 20/07/23 15:28:36 INFO PythonRunner: Times: total = 2, boot = -5695, init = 5697, finish = 0
[2020-07-23 15:28:36,959] {logging_mixin.py:112} INFO - [2020-07-23 15:28:36,959] {spark_submit_hook.py:479} INFO - 20/07/23 15:28:36 INFO Executor: Finished task 0.0 in stage 1.0 (TID 1). 2235 bytes result sent to driver
[2020-07-23 15:28:36,964] {logging_mixin.py:112} INFO - [2020-07-23 15:28:36,964] {spark_submit_hook.py:479} INFO - 20/07/23 15:28:36 INFO TaskSetManager: Finished task 0.0 in stage 1.0 (TID 1) in 139 ms on 192.168.43.94 (executor driver) (1/1)
[2020-07-23 15:28:36,967] {logging_mixin.py:112} INFO - [2020-07-23 15:28:36,967] {spark_submit_hook.py:479} INFO - 20/07/23 15:28:36 INFO DAGScheduler: ResultStage 1 (showString at NativeMethodAccessorImpl.java:0) finished in 0.194 s
[2020-07-23 15:28:36,967] {logging_mixin.py:112} INFO - [2020-07-23 15:28:36,967] {spark_submit_hook.py:479} INFO - 20/07/23 15:28:36 INFO DAGScheduler: Job 1 is finished. Cancelling potential speculative or zombie tasks for this job
[2020-07-23 15:28:36,972] {logging_mixin.py:112} INFO - [2020-07-23 15:28:36,972] {spark_submit_hook.py:479} INFO - 20/07/23 15:28:36 INFO TaskSchedulerImpl: Removed TaskSet 1.0, whose tasks have all completed, from pool
[2020-07-23 15:28:36,975] {logging_mixin.py:112} INFO - [2020-07-23 15:28:36,974] {spark_submit_hook.py:479} INFO - 20/07/23 15:28:36 INFO TaskSchedulerImpl: Killing all running tasks in stage 1: Stage finished
[2020-07-23 15:28:36,975] {logging_mixin.py:112} INFO - [2020-07-23 15:28:36,975] {spark_submit_hook.py:479} INFO - 20/07/23 15:28:36 INFO DAGScheduler: Job 1 finished: showString at NativeMethodAccessorImpl.java:0, took 0.221875 s
[2020-07-23 15:28:37,050] {logging_mixin.py:112} INFO - [2020-07-23 15:28:37,050] {spark_submit_hook.py:479} INFO - 20/07/23 15:28:37 INFO CodeGenerator: Code generated in 40.918814 ms
[2020-07-23 15:28:37,072] {logging_mixin.py:112} INFO - [2020-07-23 15:28:37,072] {spark_submit_hook.py:479} INFO - +------+------------+--------+
[2020-07-23 15:28:37,073] {logging_mixin.py:112} INFO - [2020-07-23 15:28:37,072] {spark_submit_hook.py:479} INFO - |    _1|          _2|      _3|
[2020-07-23 15:28:37,073] {logging_mixin.py:112} INFO - [2020-07-23 15:28:37,073] {spark_submit_hook.py:479} INFO - +------+------------+--------+
[2020-07-23 15:28:37,073] {logging_mixin.py:112} INFO - [2020-07-23 15:28:37,073] {spark_submit_hook.py:479} INFO - |PERSON|JOINING_YEAR| COMPANY|
[2020-07-23 15:28:37,074] {logging_mixin.py:112} INFO - [2020-07-23 15:28:37,073] {spark_submit_hook.py:479} INFO - |  John|        2018|  Google|
[2020-07-23 15:28:37,074] {logging_mixin.py:112} INFO - [2020-07-23 15:28:37,074] {spark_submit_hook.py:479} INFO - |   Sam|        2017|     IBM|
[2020-07-23 15:28:37,074] {logging_mixin.py:112} INFO - [2020-07-23 15:28:37,074] {spark_submit_hook.py:479} INFO - |  Jeff|        2014|   Yahoo|
[2020-07-23 15:28:37,074] {logging_mixin.py:112} INFO - [2020-07-23 15:28:37,074] {spark_submit_hook.py:479} INFO - | Allen|        2015|Facebook|
[2020-07-23 15:28:37,075] {logging_mixin.py:112} INFO - [2020-07-23 15:28:37,074] {spark_submit_hook.py:479} INFO - +------+------------+--------+
[2020-07-23 15:28:37,075] {logging_mixin.py:112} INFO - [2020-07-23 15:28:37,075] {spark_submit_hook.py:479} INFO - 
[2020-07-23 15:28:37,202] {logging_mixin.py:112} INFO - [2020-07-23 15:28:37,202] {spark_submit_hook.py:479} INFO - 20/07/23 15:28:37 INFO SparkContext: Invoking stop() from shutdown hook
[2020-07-23 15:28:37,218] {logging_mixin.py:112} INFO - [2020-07-23 15:28:37,218] {spark_submit_hook.py:479} INFO - 20/07/23 15:28:37 INFO SparkUI: Stopped Spark web UI at http://192.168.43.94:4043
[2020-07-23 15:28:37,255] {logging_mixin.py:112} INFO - [2020-07-23 15:28:37,254] {spark_submit_hook.py:479} INFO - 20/07/23 15:28:37 INFO MapOutputTrackerMasterEndpoint: MapOutputTrackerMasterEndpoint stopped!
[2020-07-23 15:28:37,280] {logging_mixin.py:112} INFO - [2020-07-23 15:28:37,280] {spark_submit_hook.py:479} INFO - 20/07/23 15:28:37 INFO MemoryStore: MemoryStore cleared
[2020-07-23 15:28:37,282] {logging_mixin.py:112} INFO - [2020-07-23 15:28:37,281] {spark_submit_hook.py:479} INFO - 20/07/23 15:28:37 INFO BlockManager: BlockManager stopped
[2020-07-23 15:28:37,288] {logging_mixin.py:112} INFO - [2020-07-23 15:28:37,288] {spark_submit_hook.py:479} INFO - 20/07/23 15:28:37 INFO BlockManagerMaster: BlockManagerMaster stopped
[2020-07-23 15:28:37,297] {logging_mixin.py:112} INFO - [2020-07-23 15:28:37,297] {spark_submit_hook.py:479} INFO - 20/07/23 15:28:37 INFO OutputCommitCoordinator$OutputCommitCoordinatorEndpoint: OutputCommitCoordinator stopped!
[2020-07-23 15:28:37,328] {logging_mixin.py:112} INFO - [2020-07-23 15:28:37,327] {spark_submit_hook.py:479} INFO - 20/07/23 15:28:37 INFO SparkContext: Successfully stopped SparkContext
[2020-07-23 15:28:37,328] {logging_mixin.py:112} INFO - [2020-07-23 15:28:37,328] {spark_submit_hook.py:479} INFO - 20/07/23 15:28:37 INFO ShutdownHookManager: Shutdown hook called
[2020-07-23 15:28:37,328] {logging_mixin.py:112} INFO - [2020-07-23 15:28:37,328] {spark_submit_hook.py:479} INFO - 20/07/23 15:28:37 INFO ShutdownHookManager: Deleting directory /tmp/spark-b7254fad-2463-430e-b11b-81c0eb7848c1/pyspark-7bb99bd7-9b0e-4cb6-9e0b-3671cd1cdc1e
[2020-07-23 15:28:37,337] {logging_mixin.py:112} INFO - [2020-07-23 15:28:37,337] {spark_submit_hook.py:479} INFO - 20/07/23 15:28:37 INFO ShutdownHookManager: Deleting directory /tmp/spark-4b2e9242-5d43-4329-88c7-6ff88e77c176
[2020-07-23 15:28:37,342] {logging_mixin.py:112} INFO - [2020-07-23 15:28:37,342] {spark_submit_hook.py:479} INFO - 20/07/23 15:28:37 INFO ShutdownHookManager: Deleting directory /tmp/spark-b7254fad-2463-430e-b11b-81c0eb7848c1
[2020-07-23 15:28:37,550] {taskinstance.py:1052} INFO - Marking task as SUCCESS.dag_id=submit_data, task_id=spark_submit, execution_date=20200721T010100, start_date=20200723T095818, end_date=20200723T095837
[2020-07-23 15:28:38,786] {logging_mixin.py:112} INFO - [2020-07-23 15:28:38,785] {local_task_job.py:103} INFO - Task exited with return code 0
