[2020-07-18 18:09:19,179] {taskinstance.py:669} INFO - Dependencies all met for <TaskInstance: storing_data.csv_to_db2 2020-07-18T12:38:14.487969+00:00 [queued]>
[2020-07-18 18:09:19,195] {taskinstance.py:669} INFO - Dependencies all met for <TaskInstance: storing_data.csv_to_db2 2020-07-18T12:38:14.487969+00:00 [queued]>
[2020-07-18 18:09:19,195] {taskinstance.py:879} INFO - 
--------------------------------------------------------------------------------
[2020-07-18 18:09:19,195] {taskinstance.py:880} INFO - Starting attempt 1 of 2
[2020-07-18 18:09:19,195] {taskinstance.py:881} INFO - 
--------------------------------------------------------------------------------
[2020-07-18 18:09:19,444] {taskinstance.py:900} INFO - Executing <Task(BashOperator): csv_to_db2> on 2020-07-18T12:38:14.487969+00:00
[2020-07-18 18:09:19,449] {standard_task_runner.py:53} INFO - Started process 221045 to run task
[2020-07-18 18:09:19,625] {logging_mixin.py:112} INFO - Running %s on host %s <TaskInstance: storing_data.csv_to_db2 2020-07-18T12:38:14.487969+00:00 [running]> bhakti-Vostro-3558
[2020-07-18 18:09:19,639] {bash_operator.py:82} INFO - Tmp dir root location: 
 /tmp
[2020-07-18 18:09:19,640] {bash_operator.py:103} INFO - Temporary script location: /tmp/airflowtmpceztz3xp/csv_to_db2ujiq_bcf
[2020-07-18 18:09:19,640] {bash_operator.py:115} INFO - Running command: #!/bin/bash -x
user=root
password=root
dbname=airflow_db2
host=mysql
port=3306
if [ $password -ne '' ] && [ $dbname -ne '' ]
then
docker exec -it mysqlCon \
mysql -D$dbname -h$host -p$port -u$user -p$password -e'CREATE TABLE IF NOT EXISTS employees2(PERSON TEXT,JOINING_YEAR BIGINT, COMPANY TEXT);' -e'LOAD DATA INFILE "/input_files_mysql/sample.csv" INTO TABLE employees2 FIELDS TERMINATED BY "," LINES TERMINATED BY "\n" IGNORE 1 ROWS;'
echo "Task run successfully"
fi
[2020-07-18 18:09:19,647] {bash_operator.py:122} INFO - Output:
[2020-07-18 18:09:19,648] {bash_operator.py:126} INFO - /tmp/airflowtmpceztz3xp/csv_to_db2ujiq_bcf: line 7: [: root: integer expression expected
[2020-07-18 18:09:19,648] {bash_operator.py:128} INFO - Command exited with return code 0
[2020-07-18 18:09:19,656] {taskinstance.py:1052} INFO - Marking task as SUCCESS.dag_id=storing_data, task_id=csv_to_db2, execution_date=20200718T123814, start_date=20200718T123919, end_date=20200718T123919
[2020-07-18 18:09:29,028] {logging_mixin.py:112} INFO - [2020-07-18 18:09:29,028] {local_task_job.py:103} INFO - Task exited with return code 0
