[2020-07-22 14:21:12,900] {taskinstance.py:669} INFO - Dependencies all met for <TaskInstance: submit_data.spark_submit 2020-07-20T03:02:00+00:00 [queued]>
[2020-07-22 14:21:12,915] {taskinstance.py:669} INFO - Dependencies all met for <TaskInstance: submit_data.spark_submit 2020-07-20T03:02:00+00:00 [queued]>
[2020-07-22 14:21:12,916] {taskinstance.py:879} INFO - 
--------------------------------------------------------------------------------
[2020-07-22 14:21:12,916] {taskinstance.py:880} INFO - Starting attempt 1 of 1
[2020-07-22 14:21:12,916] {taskinstance.py:881} INFO - 
--------------------------------------------------------------------------------
[2020-07-22 14:21:13,818] {taskinstance.py:900} INFO - Executing <Task(SparkSubmitOperator): spark_submit> on 2020-07-20T03:02:00+00:00
[2020-07-22 14:21:13,823] {standard_task_runner.py:53} INFO - Started process 416486 to run task
[2020-07-22 14:21:14,028] {logging_mixin.py:112} INFO - Running %s on host %s <TaskInstance: submit_data.spark_submit 2020-07-20T03:02:00+00:00 [running]> bhakti-Vostro-3558
[2020-07-22 14:21:14,129] {logging_mixin.py:112} INFO - [2020-07-22 14:21:14,127] {connection.py:342} ERROR - Extra data: line 1 column 15 (char 14)
Traceback (most recent call last):
  File "/usr/local/lib/python3.8/dist-packages/airflow/models/connection.py", line 340, in extra_dejson
    obj = json.loads(self.extra)
  File "/usr/lib/python3.8/json/__init__.py", line 357, in loads
    return _default_decoder.decode(s)
  File "/usr/lib/python3.8/json/decoder.py", line 340, in decode
    raise JSONDecodeError("Extra data", s, end)
json.decoder.JSONDecodeError: Extra data: line 1 column 15 (char 14)
[2020-07-22 14:21:14,130] {logging_mixin.py:112} INFO - [2020-07-22 14:21:14,129] {connection.py:343} ERROR - Failed parsing the json for conn_id spark_local
[2020-07-22 14:21:14,130] {logging_mixin.py:112} INFO - [2020-07-22 14:21:14,130] {base_hook.py:87} INFO - Using connection to: id: spark_local. Host: localhost, Port: 4041, Schema: None, Login: None, Password: None, extra: None
[2020-07-22 14:21:14,132] {logging_mixin.py:112} INFO - [2020-07-22 14:21:14,131] {connection.py:342} ERROR - Extra data: line 1 column 15 (char 14)
Traceback (most recent call last):
  File "/usr/local/lib/python3.8/dist-packages/airflow/models/connection.py", line 340, in extra_dejson
    obj = json.loads(self.extra)
  File "/usr/lib/python3.8/json/__init__.py", line 357, in loads
    return _default_decoder.decode(s)
  File "/usr/lib/python3.8/json/decoder.py", line 340, in decode
    raise JSONDecodeError("Extra data", s, end)
json.decoder.JSONDecodeError: Extra data: line 1 column 15 (char 14)
[2020-07-22 14:21:14,132] {logging_mixin.py:112} INFO - [2020-07-22 14:21:14,132] {connection.py:343} ERROR - Failed parsing the json for conn_id spark_local
[2020-07-22 14:21:14,133] {logging_mixin.py:112} INFO - [2020-07-22 14:21:14,133] {spark_submit_hook.py:325} INFO - Spark-Submit cmd: spark-submit --master localhost:4041 --name airflow-spark /home/bhakti/airflow/spark_jobs/python/spark_test.py
[2020-07-22 14:21:16,600] {logging_mixin.py:112} INFO - [2020-07-22 14:21:16,599] {spark_submit_hook.py:479} INFO - 20/07/22 14:21:16 WARN Utils: Your hostname, bhakti-Vostro-3558 resolves to a loopback address: 127.0.1.1; using 192.168.43.94 instead (on interface wlp6s0)
[2020-07-22 14:21:16,602] {logging_mixin.py:112} INFO - [2020-07-22 14:21:16,602] {spark_submit_hook.py:479} INFO - 20/07/22 14:21:16 WARN Utils: Set SPARK_LOCAL_IP if you need to bind to another address
[2020-07-22 14:21:17,728] {logging_mixin.py:112} INFO - [2020-07-22 14:21:17,727] {spark_submit_hook.py:479} INFO - 20/07/22 14:21:17 WARN NativeCodeLoader: Unable to load native-hadoop library for your platform... using builtin-java classes where applicable
[2020-07-22 14:21:19,017] {logging_mixin.py:112} INFO - [2020-07-22 14:21:19,016] {spark_submit_hook.py:479} INFO - Using Spark's default log4j profile: org/apache/spark/log4j-defaults.properties
[2020-07-22 14:21:19,030] {logging_mixin.py:112} INFO - [2020-07-22 14:21:19,030] {spark_submit_hook.py:479} INFO - 20/07/22 14:21:19 INFO SparkContext: Running Spark version 3.0.0
[2020-07-22 14:21:19,095] {logging_mixin.py:112} INFO - [2020-07-22 14:21:19,095] {spark_submit_hook.py:479} INFO - 20/07/22 14:21:19 INFO ResourceUtils: ==============================================================
[2020-07-22 14:21:19,098] {logging_mixin.py:112} INFO - [2020-07-22 14:21:19,097] {spark_submit_hook.py:479} INFO - 20/07/22 14:21:19 INFO ResourceUtils: Resources for spark.driver:
[2020-07-22 14:21:19,098] {logging_mixin.py:112} INFO - [2020-07-22 14:21:19,098] {spark_submit_hook.py:479} INFO - 
[2020-07-22 14:21:19,098] {logging_mixin.py:112} INFO - [2020-07-22 14:21:19,098] {spark_submit_hook.py:479} INFO - 20/07/22 14:21:19 INFO ResourceUtils: ==============================================================
[2020-07-22 14:21:19,100] {logging_mixin.py:112} INFO - [2020-07-22 14:21:19,099] {spark_submit_hook.py:479} INFO - 20/07/22 14:21:19 INFO SparkContext: Submitted application: Spark_Test_Python
[2020-07-22 14:21:19,181] {logging_mixin.py:112} INFO - [2020-07-22 14:21:19,181] {spark_submit_hook.py:479} INFO - 20/07/22 14:21:19 INFO SecurityManager: Changing view acls to: bhakti
[2020-07-22 14:21:19,182] {logging_mixin.py:112} INFO - [2020-07-22 14:21:19,182] {spark_submit_hook.py:479} INFO - 20/07/22 14:21:19 INFO SecurityManager: Changing modify acls to: bhakti
[2020-07-22 14:21:19,182] {logging_mixin.py:112} INFO - [2020-07-22 14:21:19,182] {spark_submit_hook.py:479} INFO - 20/07/22 14:21:19 INFO SecurityManager: Changing view acls groups to:
[2020-07-22 14:21:19,182] {logging_mixin.py:112} INFO - [2020-07-22 14:21:19,182] {spark_submit_hook.py:479} INFO - 20/07/22 14:21:19 INFO SecurityManager: Changing modify acls groups to:
[2020-07-22 14:21:19,182] {logging_mixin.py:112} INFO - [2020-07-22 14:21:19,182] {spark_submit_hook.py:479} INFO - 20/07/22 14:21:19 INFO SecurityManager: SecurityManager: authentication disabled; ui acls disabled; users  with view permissions: Set(bhakti); groups with view permissions: Set(); users  with modify permissions: Set(bhakti); groups with modify permissions: Set()
[2020-07-22 14:21:19,623] {logging_mixin.py:112} INFO - [2020-07-22 14:21:19,623] {spark_submit_hook.py:479} INFO - 20/07/22 14:21:19 INFO Utils: Successfully started service 'sparkDriver' on port 37157.
[2020-07-22 14:21:19,686] {logging_mixin.py:112} INFO - [2020-07-22 14:21:19,686] {spark_submit_hook.py:479} INFO - 20/07/22 14:21:19 INFO SparkEnv: Registering MapOutputTracker
[2020-07-22 14:21:19,772] {logging_mixin.py:112} INFO - [2020-07-22 14:21:19,771] {spark_submit_hook.py:479} INFO - 20/07/22 14:21:19 INFO SparkEnv: Registering BlockManagerMaster
[2020-07-22 14:21:19,823] {logging_mixin.py:112} INFO - [2020-07-22 14:21:19,823] {spark_submit_hook.py:479} INFO - 20/07/22 14:21:19 INFO BlockManagerMasterEndpoint: Using org.apache.spark.storage.DefaultTopologyMapper for getting topology information
[2020-07-22 14:21:19,825] {logging_mixin.py:112} INFO - [2020-07-22 14:21:19,824] {spark_submit_hook.py:479} INFO - 20/07/22 14:21:19 INFO BlockManagerMasterEndpoint: BlockManagerMasterEndpoint up
[2020-07-22 14:21:19,831] {logging_mixin.py:112} INFO - [2020-07-22 14:21:19,830] {spark_submit_hook.py:479} INFO - 20/07/22 14:21:19 INFO SparkEnv: Registering BlockManagerMasterHeartbeat
[2020-07-22 14:21:19,853] {logging_mixin.py:112} INFO - [2020-07-22 14:21:19,852] {spark_submit_hook.py:479} INFO - 20/07/22 14:21:19 INFO DiskBlockManager: Created local directory at /tmp/blockmgr-7b61e0d8-118d-4d48-a59f-4590177fc6c1
[2020-07-22 14:21:19,893] {logging_mixin.py:112} INFO - [2020-07-22 14:21:19,892] {spark_submit_hook.py:479} INFO - 20/07/22 14:21:19 INFO MemoryStore: MemoryStore started with capacity 366.3 MiB
[2020-07-22 14:21:19,925] {logging_mixin.py:112} INFO - [2020-07-22 14:21:19,925] {spark_submit_hook.py:479} INFO - 20/07/22 14:21:19 INFO SparkEnv: Registering OutputCommitCoordinator
[2020-07-22 14:21:20,309] {logging_mixin.py:112} INFO - [2020-07-22 14:21:20,309] {spark_submit_hook.py:479} INFO - 20/07/22 14:21:20 WARN Utils: Service 'SparkUI' could not bind on port 4040. Attempting port 4041.
[2020-07-22 14:21:20,310] {logging_mixin.py:112} INFO - [2020-07-22 14:21:20,310] {spark_submit_hook.py:479} INFO - 20/07/22 14:21:20 WARN Utils: Service 'SparkUI' could not bind on port 4041. Attempting port 4042.
[2020-07-22 14:21:20,310] {logging_mixin.py:112} INFO - [2020-07-22 14:21:20,310] {spark_submit_hook.py:479} INFO - 20/07/22 14:21:20 WARN Utils: Service 'SparkUI' could not bind on port 4042. Attempting port 4043.
[2020-07-22 14:21:20,311] {logging_mixin.py:112} INFO - [2020-07-22 14:21:20,311] {spark_submit_hook.py:479} INFO - 20/07/22 14:21:20 WARN Utils: Service 'SparkUI' could not bind on port 4043. Attempting port 4044.
[2020-07-22 14:21:20,321] {logging_mixin.py:112} INFO - [2020-07-22 14:21:20,321] {spark_submit_hook.py:479} INFO - 20/07/22 14:21:20 INFO Utils: Successfully started service 'SparkUI' on port 4044.
[2020-07-22 14:21:20,410] {logging_mixin.py:112} INFO - [2020-07-22 14:21:20,410] {spark_submit_hook.py:479} INFO - 20/07/22 14:21:20 INFO SparkUI: Bound SparkUI to 0.0.0.0, and started at http://192.168.43.94:4044
[2020-07-22 14:21:20,581] {logging_mixin.py:112} INFO - [2020-07-22 14:21:20,581] {spark_submit_hook.py:479} INFO - 20/07/22 14:21:20 ERROR SparkContext: Error initializing SparkContext.
[2020-07-22 14:21:20,582] {logging_mixin.py:112} INFO - [2020-07-22 14:21:20,581] {spark_submit_hook.py:479} INFO - org.apache.spark.SparkException: Could not parse Master URL: 'localhost:4041'
[2020-07-22 14:21:20,582] {logging_mixin.py:112} INFO - [2020-07-22 14:21:20,582] {spark_submit_hook.py:479} INFO - at org.apache.spark.SparkContext$.org$apache$spark$SparkContext$$createTaskScheduler(SparkContext.scala:2924)
[2020-07-22 14:21:20,582] {logging_mixin.py:112} INFO - [2020-07-22 14:21:20,582] {spark_submit_hook.py:479} INFO - at org.apache.spark.SparkContext.<init>(SparkContext.scala:528)
[2020-07-22 14:21:20,583] {logging_mixin.py:112} INFO - [2020-07-22 14:21:20,582] {spark_submit_hook.py:479} INFO - at org.apache.spark.api.java.JavaSparkContext.<init>(JavaSparkContext.scala:58)
[2020-07-22 14:21:20,583] {logging_mixin.py:112} INFO - [2020-07-22 14:21:20,583] {spark_submit_hook.py:479} INFO - at sun.reflect.NativeConstructorAccessorImpl.newInstance0(Native Method)
[2020-07-22 14:21:20,583] {logging_mixin.py:112} INFO - [2020-07-22 14:21:20,583] {spark_submit_hook.py:479} INFO - at sun.reflect.NativeConstructorAccessorImpl.newInstance(NativeConstructorAccessorImpl.java:62)
[2020-07-22 14:21:20,584] {logging_mixin.py:112} INFO - [2020-07-22 14:21:20,583] {spark_submit_hook.py:479} INFO - at sun.reflect.DelegatingConstructorAccessorImpl.newInstance(DelegatingConstructorAccessorImpl.java:45)
[2020-07-22 14:21:20,584] {logging_mixin.py:112} INFO - [2020-07-22 14:21:20,584] {spark_submit_hook.py:479} INFO - at java.lang.reflect.Constructor.newInstance(Constructor.java:423)
[2020-07-22 14:21:20,585] {logging_mixin.py:112} INFO - [2020-07-22 14:21:20,584] {spark_submit_hook.py:479} INFO - at py4j.reflection.MethodInvoker.invoke(MethodInvoker.java:247)
[2020-07-22 14:21:20,585] {logging_mixin.py:112} INFO - [2020-07-22 14:21:20,585] {spark_submit_hook.py:479} INFO - at py4j.reflection.ReflectionEngine.invoke(ReflectionEngine.java:357)
[2020-07-22 14:21:20,585] {logging_mixin.py:112} INFO - [2020-07-22 14:21:20,585] {spark_submit_hook.py:479} INFO - at py4j.Gateway.invoke(Gateway.java:238)
[2020-07-22 14:21:20,585] {logging_mixin.py:112} INFO - [2020-07-22 14:21:20,585] {spark_submit_hook.py:479} INFO - at py4j.commands.ConstructorCommand.invokeConstructor(ConstructorCommand.java:80)
[2020-07-22 14:21:20,586] {logging_mixin.py:112} INFO - [2020-07-22 14:21:20,586] {spark_submit_hook.py:479} INFO - at py4j.commands.ConstructorCommand.execute(ConstructorCommand.java:69)
[2020-07-22 14:21:20,586] {logging_mixin.py:112} INFO - [2020-07-22 14:21:20,586] {spark_submit_hook.py:479} INFO - at py4j.GatewayConnection.run(GatewayConnection.java:238)
[2020-07-22 14:21:20,587] {logging_mixin.py:112} INFO - [2020-07-22 14:21:20,586] {spark_submit_hook.py:479} INFO - at java.lang.Thread.run(Thread.java:748)
[2020-07-22 14:21:20,625] {logging_mixin.py:112} INFO - [2020-07-22 14:21:20,624] {spark_submit_hook.py:479} INFO - 20/07/22 14:21:20 INFO SparkUI: Stopped Spark web UI at http://192.168.43.94:4044
[2020-07-22 14:21:20,650] {logging_mixin.py:112} INFO - [2020-07-22 14:21:20,650] {spark_submit_hook.py:479} INFO - 20/07/22 14:21:20 INFO MapOutputTrackerMasterEndpoint: MapOutputTrackerMasterEndpoint stopped!
[2020-07-22 14:21:20,669] {logging_mixin.py:112} INFO - [2020-07-22 14:21:20,669] {spark_submit_hook.py:479} INFO - 20/07/22 14:21:20 INFO MemoryStore: MemoryStore cleared
[2020-07-22 14:21:20,670] {logging_mixin.py:112} INFO - [2020-07-22 14:21:20,670] {spark_submit_hook.py:479} INFO - 20/07/22 14:21:20 INFO BlockManager: BlockManager stopped
[2020-07-22 14:21:20,692] {logging_mixin.py:112} INFO - [2020-07-22 14:21:20,691] {spark_submit_hook.py:479} INFO - 20/07/22 14:21:20 INFO BlockManagerMaster: BlockManagerMaster stopped
[2020-07-22 14:21:20,693] {logging_mixin.py:112} INFO - [2020-07-22 14:21:20,693] {spark_submit_hook.py:479} INFO - 20/07/22 14:21:20 WARN MetricsSystem: Stopping a MetricsSystem that is not running
[2020-07-22 14:21:20,701] {logging_mixin.py:112} INFO - [2020-07-22 14:21:20,701] {spark_submit_hook.py:479} INFO - 20/07/22 14:21:20 INFO OutputCommitCoordinator$OutputCommitCoordinatorEndpoint: OutputCommitCoordinator stopped!
[2020-07-22 14:21:20,721] {logging_mixin.py:112} INFO - [2020-07-22 14:21:20,721] {spark_submit_hook.py:479} INFO - 20/07/22 14:21:20 INFO SparkContext: Successfully stopped SparkContext
[2020-07-22 14:21:20,787] {logging_mixin.py:112} INFO - [2020-07-22 14:21:20,786] {spark_submit_hook.py:479} INFO - Traceback (most recent call last):
[2020-07-22 14:21:20,787] {logging_mixin.py:112} INFO - [2020-07-22 14:21:20,787] {spark_submit_hook.py:479} INFO - File "/home/bhakti/airflow/spark_jobs/python/spark_test.py", line 6, in <module>
[2020-07-22 14:21:20,787] {logging_mixin.py:112} INFO - [2020-07-22 14:21:20,787] {spark_submit_hook.py:479} INFO - sc = SparkContext(conf=conf)
[2020-07-22 14:21:20,788] {logging_mixin.py:112} INFO - [2020-07-22 14:21:20,787] {spark_submit_hook.py:479} INFO - File "/opt/spark/python/lib/pyspark.zip/pyspark/context.py", line 130, in __init__
[2020-07-22 14:21:20,788] {logging_mixin.py:112} INFO - [2020-07-22 14:21:20,788] {spark_submit_hook.py:479} INFO - File "/opt/spark/python/lib/pyspark.zip/pyspark/context.py", line 193, in _do_init
[2020-07-22 14:21:20,788] {logging_mixin.py:112} INFO - [2020-07-22 14:21:20,788] {spark_submit_hook.py:479} INFO - File "/opt/spark/python/lib/pyspark.zip/pyspark/context.py", line 310, in _initialize_context
[2020-07-22 14:21:20,788] {logging_mixin.py:112} INFO - [2020-07-22 14:21:20,788] {spark_submit_hook.py:479} INFO - File "/opt/spark/python/lib/py4j-0.10.9-src.zip/py4j/java_gateway.py", line 1568, in __call__
[2020-07-22 14:21:20,789] {logging_mixin.py:112} INFO - [2020-07-22 14:21:20,788] {spark_submit_hook.py:479} INFO - File "/opt/spark/python/lib/py4j-0.10.9-src.zip/py4j/protocol.py", line 326, in get_return_value
[2020-07-22 14:21:20,789] {logging_mixin.py:112} INFO - [2020-07-22 14:21:20,789] {spark_submit_hook.py:479} INFO - py4j.protocol.Py4JJavaError: An error occurred while calling None.org.apache.spark.api.java.JavaSparkContext.
[2020-07-22 14:21:20,790] {logging_mixin.py:112} INFO - [2020-07-22 14:21:20,789] {spark_submit_hook.py:479} INFO - : org.apache.spark.SparkException: Could not parse Master URL: 'localhost:4041'
[2020-07-22 14:21:20,790] {logging_mixin.py:112} INFO - [2020-07-22 14:21:20,790] {spark_submit_hook.py:479} INFO - at org.apache.spark.SparkContext$.org$apache$spark$SparkContext$$createTaskScheduler(SparkContext.scala:2924)
[2020-07-22 14:21:20,790] {logging_mixin.py:112} INFO - [2020-07-22 14:21:20,790] {spark_submit_hook.py:479} INFO - at org.apache.spark.SparkContext.<init>(SparkContext.scala:528)
[2020-07-22 14:21:20,790] {logging_mixin.py:112} INFO - [2020-07-22 14:21:20,790] {spark_submit_hook.py:479} INFO - at org.apache.spark.api.java.JavaSparkContext.<init>(JavaSparkContext.scala:58)
[2020-07-22 14:21:20,791] {logging_mixin.py:112} INFO - [2020-07-22 14:21:20,790] {spark_submit_hook.py:479} INFO - at sun.reflect.NativeConstructorAccessorImpl.newInstance0(Native Method)
[2020-07-22 14:21:20,791] {logging_mixin.py:112} INFO - [2020-07-22 14:21:20,791] {spark_submit_hook.py:479} INFO - at sun.reflect.NativeConstructorAccessorImpl.newInstance(NativeConstructorAccessorImpl.java:62)
[2020-07-22 14:21:20,791] {logging_mixin.py:112} INFO - [2020-07-22 14:21:20,791] {spark_submit_hook.py:479} INFO - at sun.reflect.DelegatingConstructorAccessorImpl.newInstance(DelegatingConstructorAccessorImpl.java:45)
[2020-07-22 14:21:20,791] {logging_mixin.py:112} INFO - [2020-07-22 14:21:20,791] {spark_submit_hook.py:479} INFO - at java.lang.reflect.Constructor.newInstance(Constructor.java:423)
[2020-07-22 14:21:20,792] {logging_mixin.py:112} INFO - [2020-07-22 14:21:20,792] {spark_submit_hook.py:479} INFO - at py4j.reflection.MethodInvoker.invoke(MethodInvoker.java:247)
[2020-07-22 14:21:20,792] {logging_mixin.py:112} INFO - [2020-07-22 14:21:20,792] {spark_submit_hook.py:479} INFO - at py4j.reflection.ReflectionEngine.invoke(ReflectionEngine.java:357)
[2020-07-22 14:21:20,792] {logging_mixin.py:112} INFO - [2020-07-22 14:21:20,792] {spark_submit_hook.py:479} INFO - at py4j.Gateway.invoke(Gateway.java:238)
[2020-07-22 14:21:20,792] {logging_mixin.py:112} INFO - [2020-07-22 14:21:20,792] {spark_submit_hook.py:479} INFO - at py4j.commands.ConstructorCommand.invokeConstructor(ConstructorCommand.java:80)
[2020-07-22 14:21:20,793] {logging_mixin.py:112} INFO - [2020-07-22 14:21:20,793] {spark_submit_hook.py:479} INFO - at py4j.commands.ConstructorCommand.execute(ConstructorCommand.java:69)
[2020-07-22 14:21:20,793] {logging_mixin.py:112} INFO - [2020-07-22 14:21:20,793] {spark_submit_hook.py:479} INFO - at py4j.GatewayConnection.run(GatewayConnection.java:238)
[2020-07-22 14:21:20,793] {logging_mixin.py:112} INFO - [2020-07-22 14:21:20,793] {spark_submit_hook.py:479} INFO - at java.lang.Thread.run(Thread.java:748)
[2020-07-22 14:21:20,793] {logging_mixin.py:112} INFO - [2020-07-22 14:21:20,793] {spark_submit_hook.py:479} INFO - 
[2020-07-22 14:21:20,923] {logging_mixin.py:112} INFO - [2020-07-22 14:21:20,922] {spark_submit_hook.py:479} INFO - 20/07/22 14:21:20 INFO ShutdownHookManager: Shutdown hook called
[2020-07-22 14:21:20,925] {logging_mixin.py:112} INFO - [2020-07-22 14:21:20,925] {spark_submit_hook.py:479} INFO - 20/07/22 14:21:20 INFO ShutdownHookManager: Deleting directory /tmp/spark-b4f87502-32eb-46b4-a464-f67b19684428
[2020-07-22 14:21:20,928] {logging_mixin.py:112} INFO - [2020-07-22 14:21:20,928] {spark_submit_hook.py:479} INFO - 20/07/22 14:21:20 INFO ShutdownHookManager: Deleting directory /tmp/spark-086d3280-c061-4fb5-af96-b722bd6f3f89
[2020-07-22 14:21:20,986] {taskinstance.py:1145} ERROR - Cannot execute: spark-submit --master localhost:4041 --name airflow-spark /home/bhakti/airflow/spark_jobs/python/spark_test.py. Error code is: 1.
Traceback (most recent call last):
  File "/usr/local/lib/python3.8/dist-packages/airflow/models/taskinstance.py", line 983, in _run_raw_task
    result = task_copy.execute(context=context)
  File "/usr/local/lib/python3.8/dist-packages/airflow/contrib/operators/spark_submit_operator.py", line 187, in execute
    self._hook.submit(self._application)
  File "/usr/local/lib/python3.8/dist-packages/airflow/contrib/hooks/spark_submit_hook.py", line 403, in submit
    raise AirflowException(
airflow.exceptions.AirflowException: Cannot execute: spark-submit --master localhost:4041 --name airflow-spark /home/bhakti/airflow/spark_jobs/python/spark_test.py. Error code is: 1.
[2020-07-22 14:21:20,989] {taskinstance.py:1189} INFO - Marking task as FAILED.dag_id=submit_data, task_id=spark_submit, execution_date=20200720T030200, start_date=20200722T085112, end_date=20200722T085120
[2020-07-22 14:21:22,159] {logging_mixin.py:112} INFO - [2020-07-22 14:21:22,159] {local_task_job.py:103} INFO - Task exited with return code 1
