[2020-07-22 14:15:37,871] {taskinstance.py:669} INFO - Dependencies all met for <TaskInstance: submit_data.spark_submit 2020-07-20T02:49:00+00:00 [queued]>
[2020-07-22 14:15:37,887] {taskinstance.py:669} INFO - Dependencies all met for <TaskInstance: submit_data.spark_submit 2020-07-20T02:49:00+00:00 [queued]>
[2020-07-22 14:15:37,887] {taskinstance.py:879} INFO - 
--------------------------------------------------------------------------------
[2020-07-22 14:15:37,887] {taskinstance.py:880} INFO - Starting attempt 1 of 1
[2020-07-22 14:15:37,888] {taskinstance.py:881} INFO - 
--------------------------------------------------------------------------------
[2020-07-22 14:15:38,050] {taskinstance.py:900} INFO - Executing <Task(SparkSubmitOperator): spark_submit> on 2020-07-20T02:49:00+00:00
[2020-07-22 14:15:38,054] {standard_task_runner.py:53} INFO - Started process 408726 to run task
[2020-07-22 14:15:38,251] {logging_mixin.py:112} INFO - Running %s on host %s <TaskInstance: submit_data.spark_submit 2020-07-20T02:49:00+00:00 [running]> bhakti-Vostro-3558
[2020-07-22 14:15:38,347] {logging_mixin.py:112} INFO - [2020-07-22 14:15:38,345] {connection.py:342} ERROR - Extra data: line 1 column 15 (char 14)
Traceback (most recent call last):
  File "/usr/local/lib/python3.8/dist-packages/airflow/models/connection.py", line 340, in extra_dejson
    obj = json.loads(self.extra)
  File "/usr/lib/python3.8/json/__init__.py", line 357, in loads
    return _default_decoder.decode(s)
  File "/usr/lib/python3.8/json/decoder.py", line 340, in decode
    raise JSONDecodeError("Extra data", s, end)
json.decoder.JSONDecodeError: Extra data: line 1 column 15 (char 14)
[2020-07-22 14:15:38,348] {logging_mixin.py:112} INFO - [2020-07-22 14:15:38,347] {connection.py:343} ERROR - Failed parsing the json for conn_id spark_local
[2020-07-22 14:15:38,349] {logging_mixin.py:112} INFO - [2020-07-22 14:15:38,348] {base_hook.py:87} INFO - Using connection to: id: spark_local. Host: localhost, Port: 4041, Schema: None, Login: None, Password: None, extra: None
[2020-07-22 14:15:38,350] {logging_mixin.py:112} INFO - [2020-07-22 14:15:38,350] {connection.py:342} ERROR - Extra data: line 1 column 15 (char 14)
Traceback (most recent call last):
  File "/usr/local/lib/python3.8/dist-packages/airflow/models/connection.py", line 340, in extra_dejson
    obj = json.loads(self.extra)
  File "/usr/lib/python3.8/json/__init__.py", line 357, in loads
    return _default_decoder.decode(s)
  File "/usr/lib/python3.8/json/decoder.py", line 340, in decode
    raise JSONDecodeError("Extra data", s, end)
json.decoder.JSONDecodeError: Extra data: line 1 column 15 (char 14)
[2020-07-22 14:15:38,351] {logging_mixin.py:112} INFO - [2020-07-22 14:15:38,350] {connection.py:343} ERROR - Failed parsing the json for conn_id spark_local
[2020-07-22 14:15:38,352] {logging_mixin.py:112} INFO - [2020-07-22 14:15:38,352] {spark_submit_hook.py:325} INFO - Spark-Submit cmd: spark-submit --master localhost:4041 --name airflow-spark /home/bhakti/airflow/spark_jobs/python/spark_test.py
[2020-07-22 14:15:40,889] {logging_mixin.py:112} INFO - [2020-07-22 14:15:40,888] {spark_submit_hook.py:479} INFO - 20/07/22 14:15:40 WARN Utils: Your hostname, bhakti-Vostro-3558 resolves to a loopback address: 127.0.1.1; using 192.168.43.94 instead (on interface wlp6s0)
[2020-07-22 14:15:40,889] {logging_mixin.py:112} INFO - [2020-07-22 14:15:40,889] {spark_submit_hook.py:479} INFO - 20/07/22 14:15:40 WARN Utils: Set SPARK_LOCAL_IP if you need to bind to another address
[2020-07-22 14:15:42,160] {logging_mixin.py:112} INFO - [2020-07-22 14:15:42,159] {spark_submit_hook.py:479} INFO - 20/07/22 14:15:42 WARN NativeCodeLoader: Unable to load native-hadoop library for your platform... using builtin-java classes where applicable
[2020-07-22 14:15:43,849] {logging_mixin.py:112} INFO - [2020-07-22 14:15:43,849] {spark_submit_hook.py:479} INFO - Using Spark's default log4j profile: org/apache/spark/log4j-defaults.properties
[2020-07-22 14:15:43,863] {logging_mixin.py:112} INFO - [2020-07-22 14:15:43,863] {spark_submit_hook.py:479} INFO - 20/07/22 14:15:43 INFO SparkContext: Running Spark version 3.0.0
[2020-07-22 14:15:43,932] {logging_mixin.py:112} INFO - [2020-07-22 14:15:43,931] {spark_submit_hook.py:479} INFO - 20/07/22 14:15:43 INFO ResourceUtils: ==============================================================
[2020-07-22 14:15:43,934] {logging_mixin.py:112} INFO - [2020-07-22 14:15:43,934] {spark_submit_hook.py:479} INFO - 20/07/22 14:15:43 INFO ResourceUtils: Resources for spark.driver:
[2020-07-22 14:15:43,934] {logging_mixin.py:112} INFO - [2020-07-22 14:15:43,934] {spark_submit_hook.py:479} INFO - 
[2020-07-22 14:15:43,935] {logging_mixin.py:112} INFO - [2020-07-22 14:15:43,935] {spark_submit_hook.py:479} INFO - 20/07/22 14:15:43 INFO ResourceUtils: ==============================================================
[2020-07-22 14:15:43,936] {logging_mixin.py:112} INFO - [2020-07-22 14:15:43,935] {spark_submit_hook.py:479} INFO - 20/07/22 14:15:43 INFO SparkContext: Submitted application: Spark_Test_Python
[2020-07-22 14:15:44,022] {logging_mixin.py:112} INFO - [2020-07-22 14:15:44,021] {spark_submit_hook.py:479} INFO - 20/07/22 14:15:44 INFO SecurityManager: Changing view acls to: bhakti
[2020-07-22 14:15:44,022] {logging_mixin.py:112} INFO - [2020-07-22 14:15:44,022] {spark_submit_hook.py:479} INFO - 20/07/22 14:15:44 INFO SecurityManager: Changing modify acls to: bhakti
[2020-07-22 14:15:44,022] {logging_mixin.py:112} INFO - [2020-07-22 14:15:44,022] {spark_submit_hook.py:479} INFO - 20/07/22 14:15:44 INFO SecurityManager: Changing view acls groups to:
[2020-07-22 14:15:44,022] {logging_mixin.py:112} INFO - [2020-07-22 14:15:44,022] {spark_submit_hook.py:479} INFO - 20/07/22 14:15:44 INFO SecurityManager: Changing modify acls groups to:
[2020-07-22 14:15:44,023] {logging_mixin.py:112} INFO - [2020-07-22 14:15:44,023] {spark_submit_hook.py:479} INFO - 20/07/22 14:15:44 INFO SecurityManager: SecurityManager: authentication disabled; ui acls disabled; users  with view permissions: Set(bhakti); groups with view permissions: Set(); users  with modify permissions: Set(bhakti); groups with modify permissions: Set()
[2020-07-22 14:15:44,435] {logging_mixin.py:112} INFO - [2020-07-22 14:15:44,435] {spark_submit_hook.py:479} INFO - 20/07/22 14:15:44 INFO Utils: Successfully started service 'sparkDriver' on port 43151.
[2020-07-22 14:15:44,476] {logging_mixin.py:112} INFO - [2020-07-22 14:15:44,475] {spark_submit_hook.py:479} INFO - 20/07/22 14:15:44 INFO SparkEnv: Registering MapOutputTracker
[2020-07-22 14:15:44,531] {logging_mixin.py:112} INFO - [2020-07-22 14:15:44,530] {spark_submit_hook.py:479} INFO - 20/07/22 14:15:44 INFO SparkEnv: Registering BlockManagerMaster
[2020-07-22 14:15:44,570] {logging_mixin.py:112} INFO - [2020-07-22 14:15:44,570] {spark_submit_hook.py:479} INFO - 20/07/22 14:15:44 INFO BlockManagerMasterEndpoint: Using org.apache.spark.storage.DefaultTopologyMapper for getting topology information
[2020-07-22 14:15:44,571] {logging_mixin.py:112} INFO - [2020-07-22 14:15:44,571] {spark_submit_hook.py:479} INFO - 20/07/22 14:15:44 INFO BlockManagerMasterEndpoint: BlockManagerMasterEndpoint up
[2020-07-22 14:15:44,578] {logging_mixin.py:112} INFO - [2020-07-22 14:15:44,578] {spark_submit_hook.py:479} INFO - 20/07/22 14:15:44 INFO SparkEnv: Registering BlockManagerMasterHeartbeat
[2020-07-22 14:15:44,600] {logging_mixin.py:112} INFO - [2020-07-22 14:15:44,600] {spark_submit_hook.py:479} INFO - 20/07/22 14:15:44 INFO DiskBlockManager: Created local directory at /tmp/blockmgr-44294b7a-7186-4fad-8d31-23acc01133a9
[2020-07-22 14:15:44,635] {logging_mixin.py:112} INFO - [2020-07-22 14:15:44,634] {spark_submit_hook.py:479} INFO - 20/07/22 14:15:44 INFO MemoryStore: MemoryStore started with capacity 366.3 MiB
[2020-07-22 14:15:44,673] {logging_mixin.py:112} INFO - [2020-07-22 14:15:44,673] {spark_submit_hook.py:479} INFO - 20/07/22 14:15:44 INFO SparkEnv: Registering OutputCommitCoordinator
[2020-07-22 14:15:45,058] {logging_mixin.py:112} INFO - [2020-07-22 14:15:45,058] {spark_submit_hook.py:479} INFO - 20/07/22 14:15:45 WARN Utils: Service 'SparkUI' could not bind on port 4040. Attempting port 4041.
[2020-07-22 14:15:45,069] {logging_mixin.py:112} INFO - [2020-07-22 14:15:45,068] {spark_submit_hook.py:479} INFO - 20/07/22 14:15:45 INFO Utils: Successfully started service 'SparkUI' on port 4041.
[2020-07-22 14:15:45,163] {logging_mixin.py:112} INFO - [2020-07-22 14:15:45,163] {spark_submit_hook.py:479} INFO - 20/07/22 14:15:45 INFO SparkUI: Bound SparkUI to 0.0.0.0, and started at http://192.168.43.94:4041
[2020-07-22 14:15:45,310] {logging_mixin.py:112} INFO - [2020-07-22 14:15:45,310] {spark_submit_hook.py:479} INFO - 20/07/22 14:15:45 ERROR SparkContext: Error initializing SparkContext.
[2020-07-22 14:15:45,310] {logging_mixin.py:112} INFO - [2020-07-22 14:15:45,310] {spark_submit_hook.py:479} INFO - org.apache.spark.SparkException: Could not parse Master URL: 'localhost:4041'
[2020-07-22 14:15:45,311] {logging_mixin.py:112} INFO - [2020-07-22 14:15:45,310] {spark_submit_hook.py:479} INFO - at org.apache.spark.SparkContext$.org$apache$spark$SparkContext$$createTaskScheduler(SparkContext.scala:2924)
[2020-07-22 14:15:45,311] {logging_mixin.py:112} INFO - [2020-07-22 14:15:45,311] {spark_submit_hook.py:479} INFO - at org.apache.spark.SparkContext.<init>(SparkContext.scala:528)
[2020-07-22 14:15:45,311] {logging_mixin.py:112} INFO - [2020-07-22 14:15:45,311] {spark_submit_hook.py:479} INFO - at org.apache.spark.api.java.JavaSparkContext.<init>(JavaSparkContext.scala:58)
[2020-07-22 14:15:45,311] {logging_mixin.py:112} INFO - [2020-07-22 14:15:45,311] {spark_submit_hook.py:479} INFO - at sun.reflect.NativeConstructorAccessorImpl.newInstance0(Native Method)
[2020-07-22 14:15:45,312] {logging_mixin.py:112} INFO - [2020-07-22 14:15:45,311] {spark_submit_hook.py:479} INFO - at sun.reflect.NativeConstructorAccessorImpl.newInstance(NativeConstructorAccessorImpl.java:62)
[2020-07-22 14:15:45,312] {logging_mixin.py:112} INFO - [2020-07-22 14:15:45,312] {spark_submit_hook.py:479} INFO - at sun.reflect.DelegatingConstructorAccessorImpl.newInstance(DelegatingConstructorAccessorImpl.java:45)
[2020-07-22 14:15:45,312] {logging_mixin.py:112} INFO - [2020-07-22 14:15:45,312] {spark_submit_hook.py:479} INFO - at java.lang.reflect.Constructor.newInstance(Constructor.java:423)
[2020-07-22 14:15:45,312] {logging_mixin.py:112} INFO - [2020-07-22 14:15:45,312] {spark_submit_hook.py:479} INFO - at py4j.reflection.MethodInvoker.invoke(MethodInvoker.java:247)
[2020-07-22 14:15:45,313] {logging_mixin.py:112} INFO - [2020-07-22 14:15:45,313] {spark_submit_hook.py:479} INFO - at py4j.reflection.ReflectionEngine.invoke(ReflectionEngine.java:357)
[2020-07-22 14:15:45,313] {logging_mixin.py:112} INFO - [2020-07-22 14:15:45,313] {spark_submit_hook.py:479} INFO - at py4j.Gateway.invoke(Gateway.java:238)
[2020-07-22 14:15:45,313] {logging_mixin.py:112} INFO - [2020-07-22 14:15:45,313] {spark_submit_hook.py:479} INFO - at py4j.commands.ConstructorCommand.invokeConstructor(ConstructorCommand.java:80)
[2020-07-22 14:15:45,313] {logging_mixin.py:112} INFO - [2020-07-22 14:15:45,313] {spark_submit_hook.py:479} INFO - at py4j.commands.ConstructorCommand.execute(ConstructorCommand.java:69)
[2020-07-22 14:15:45,314] {logging_mixin.py:112} INFO - [2020-07-22 14:15:45,314] {spark_submit_hook.py:479} INFO - at py4j.GatewayConnection.run(GatewayConnection.java:238)
[2020-07-22 14:15:45,314] {logging_mixin.py:112} INFO - [2020-07-22 14:15:45,314] {spark_submit_hook.py:479} INFO - at java.lang.Thread.run(Thread.java:748)
[2020-07-22 14:15:45,342] {logging_mixin.py:112} INFO - [2020-07-22 14:15:45,341] {spark_submit_hook.py:479} INFO - 20/07/22 14:15:45 INFO SparkUI: Stopped Spark web UI at http://192.168.43.94:4041
[2020-07-22 14:15:45,367] {logging_mixin.py:112} INFO - [2020-07-22 14:15:45,367] {spark_submit_hook.py:479} INFO - 20/07/22 14:15:45 INFO MapOutputTrackerMasterEndpoint: MapOutputTrackerMasterEndpoint stopped!
[2020-07-22 14:15:45,379] {logging_mixin.py:112} INFO - [2020-07-22 14:15:45,379] {spark_submit_hook.py:479} INFO - 20/07/22 14:15:45 INFO MemoryStore: MemoryStore cleared
[2020-07-22 14:15:45,380] {logging_mixin.py:112} INFO - [2020-07-22 14:15:45,380] {spark_submit_hook.py:479} INFO - 20/07/22 14:15:45 INFO BlockManager: BlockManager stopped
[2020-07-22 14:15:45,393] {logging_mixin.py:112} INFO - [2020-07-22 14:15:45,393] {spark_submit_hook.py:479} INFO - 20/07/22 14:15:45 INFO BlockManagerMaster: BlockManagerMaster stopped
[2020-07-22 14:15:45,394] {logging_mixin.py:112} INFO - [2020-07-22 14:15:45,394] {spark_submit_hook.py:479} INFO - 20/07/22 14:15:45 WARN MetricsSystem: Stopping a MetricsSystem that is not running
[2020-07-22 14:15:45,400] {logging_mixin.py:112} INFO - [2020-07-22 14:15:45,400] {spark_submit_hook.py:479} INFO - 20/07/22 14:15:45 INFO OutputCommitCoordinator$OutputCommitCoordinatorEndpoint: OutputCommitCoordinator stopped!
[2020-07-22 14:15:45,409] {logging_mixin.py:112} INFO - [2020-07-22 14:15:45,408] {spark_submit_hook.py:479} INFO - 20/07/22 14:15:45 INFO SparkContext: Successfully stopped SparkContext
[2020-07-22 14:15:45,467] {logging_mixin.py:112} INFO - [2020-07-22 14:15:45,467] {spark_submit_hook.py:479} INFO - Traceback (most recent call last):
[2020-07-22 14:15:45,468] {logging_mixin.py:112} INFO - [2020-07-22 14:15:45,468] {spark_submit_hook.py:479} INFO - File "/home/bhakti/airflow/spark_jobs/python/spark_test.py", line 6, in <module>
[2020-07-22 14:15:45,468] {logging_mixin.py:112} INFO - [2020-07-22 14:15:45,468] {spark_submit_hook.py:479} INFO - sc = SparkContext(conf=conf)
[2020-07-22 14:15:45,468] {logging_mixin.py:112} INFO - [2020-07-22 14:15:45,468] {spark_submit_hook.py:479} INFO - File "/opt/spark/python/lib/pyspark.zip/pyspark/context.py", line 130, in __init__
[2020-07-22 14:15:45,468] {logging_mixin.py:112} INFO - [2020-07-22 14:15:45,468] {spark_submit_hook.py:479} INFO - File "/opt/spark/python/lib/pyspark.zip/pyspark/context.py", line 193, in _do_init
[2020-07-22 14:15:45,468] {logging_mixin.py:112} INFO - [2020-07-22 14:15:45,468] {spark_submit_hook.py:479} INFO - File "/opt/spark/python/lib/pyspark.zip/pyspark/context.py", line 310, in _initialize_context
[2020-07-22 14:15:45,468] {logging_mixin.py:112} INFO - [2020-07-22 14:15:45,468] {spark_submit_hook.py:479} INFO - File "/opt/spark/python/lib/py4j-0.10.9-src.zip/py4j/java_gateway.py", line 1568, in __call__
[2020-07-22 14:15:45,469] {logging_mixin.py:112} INFO - [2020-07-22 14:15:45,469] {spark_submit_hook.py:479} INFO - File "/opt/spark/python/lib/py4j-0.10.9-src.zip/py4j/protocol.py", line 326, in get_return_value
[2020-07-22 14:15:45,469] {logging_mixin.py:112} INFO - [2020-07-22 14:15:45,469] {spark_submit_hook.py:479} INFO - py4j.protocol.Py4JJavaError: An error occurred while calling None.org.apache.spark.api.java.JavaSparkContext.
[2020-07-22 14:15:45,469] {logging_mixin.py:112} INFO - [2020-07-22 14:15:45,469] {spark_submit_hook.py:479} INFO - : org.apache.spark.SparkException: Could not parse Master URL: 'localhost:4041'
[2020-07-22 14:15:45,469] {logging_mixin.py:112} INFO - [2020-07-22 14:15:45,469] {spark_submit_hook.py:479} INFO - at org.apache.spark.SparkContext$.org$apache$spark$SparkContext$$createTaskScheduler(SparkContext.scala:2924)
[2020-07-22 14:15:45,470] {logging_mixin.py:112} INFO - [2020-07-22 14:15:45,470] {spark_submit_hook.py:479} INFO - at org.apache.spark.SparkContext.<init>(SparkContext.scala:528)
[2020-07-22 14:15:45,470] {logging_mixin.py:112} INFO - [2020-07-22 14:15:45,470] {spark_submit_hook.py:479} INFO - at org.apache.spark.api.java.JavaSparkContext.<init>(JavaSparkContext.scala:58)
[2020-07-22 14:15:45,470] {logging_mixin.py:112} INFO - [2020-07-22 14:15:45,470] {spark_submit_hook.py:479} INFO - at sun.reflect.NativeConstructorAccessorImpl.newInstance0(Native Method)
[2020-07-22 14:15:45,470] {logging_mixin.py:112} INFO - [2020-07-22 14:15:45,470] {spark_submit_hook.py:479} INFO - at sun.reflect.NativeConstructorAccessorImpl.newInstance(NativeConstructorAccessorImpl.java:62)
[2020-07-22 14:15:45,471] {logging_mixin.py:112} INFO - [2020-07-22 14:15:45,470] {spark_submit_hook.py:479} INFO - at sun.reflect.DelegatingConstructorAccessorImpl.newInstance(DelegatingConstructorAccessorImpl.java:45)
[2020-07-22 14:15:45,471] {logging_mixin.py:112} INFO - [2020-07-22 14:15:45,471] {spark_submit_hook.py:479} INFO - at java.lang.reflect.Constructor.newInstance(Constructor.java:423)
[2020-07-22 14:15:45,471] {logging_mixin.py:112} INFO - [2020-07-22 14:15:45,471] {spark_submit_hook.py:479} INFO - at py4j.reflection.MethodInvoker.invoke(MethodInvoker.java:247)
[2020-07-22 14:15:45,471] {logging_mixin.py:112} INFO - [2020-07-22 14:15:45,471] {spark_submit_hook.py:479} INFO - at py4j.reflection.ReflectionEngine.invoke(ReflectionEngine.java:357)
[2020-07-22 14:15:45,471] {logging_mixin.py:112} INFO - [2020-07-22 14:15:45,471] {spark_submit_hook.py:479} INFO - at py4j.Gateway.invoke(Gateway.java:238)
[2020-07-22 14:15:45,472] {logging_mixin.py:112} INFO - [2020-07-22 14:15:45,472] {spark_submit_hook.py:479} INFO - at py4j.commands.ConstructorCommand.invokeConstructor(ConstructorCommand.java:80)
[2020-07-22 14:15:45,472] {logging_mixin.py:112} INFO - [2020-07-22 14:15:45,472] {spark_submit_hook.py:479} INFO - at py4j.commands.ConstructorCommand.execute(ConstructorCommand.java:69)
[2020-07-22 14:15:45,472] {logging_mixin.py:112} INFO - [2020-07-22 14:15:45,472] {spark_submit_hook.py:479} INFO - at py4j.GatewayConnection.run(GatewayConnection.java:238)
[2020-07-22 14:15:45,472] {logging_mixin.py:112} INFO - [2020-07-22 14:15:45,472] {spark_submit_hook.py:479} INFO - at java.lang.Thread.run(Thread.java:748)
[2020-07-22 14:15:45,473] {logging_mixin.py:112} INFO - [2020-07-22 14:15:45,472] {spark_submit_hook.py:479} INFO - 
[2020-07-22 14:15:45,602] {logging_mixin.py:112} INFO - [2020-07-22 14:15:45,602] {spark_submit_hook.py:479} INFO - 20/07/22 14:15:45 INFO ShutdownHookManager: Shutdown hook called
[2020-07-22 14:15:45,604] {logging_mixin.py:112} INFO - [2020-07-22 14:15:45,603] {spark_submit_hook.py:479} INFO - 20/07/22 14:15:45 INFO ShutdownHookManager: Deleting directory /tmp/spark-4eae0aac-cfd3-4f54-83bb-7b3f1112f612
[2020-07-22 14:15:45,607] {logging_mixin.py:112} INFO - [2020-07-22 14:15:45,607] {spark_submit_hook.py:479} INFO - 20/07/22 14:15:45 INFO ShutdownHookManager: Deleting directory /tmp/spark-57ed287e-9447-47c5-965a-4e865a54fe74
[2020-07-22 14:15:45,650] {taskinstance.py:1145} ERROR - Cannot execute: spark-submit --master localhost:4041 --name airflow-spark /home/bhakti/airflow/spark_jobs/python/spark_test.py. Error code is: 1.
Traceback (most recent call last):
  File "/usr/local/lib/python3.8/dist-packages/airflow/models/taskinstance.py", line 983, in _run_raw_task
    result = task_copy.execute(context=context)
  File "/usr/local/lib/python3.8/dist-packages/airflow/contrib/operators/spark_submit_operator.py", line 187, in execute
    self._hook.submit(self._application)
  File "/usr/local/lib/python3.8/dist-packages/airflow/contrib/hooks/spark_submit_hook.py", line 403, in submit
    raise AirflowException(
airflow.exceptions.AirflowException: Cannot execute: spark-submit --master localhost:4041 --name airflow-spark /home/bhakti/airflow/spark_jobs/python/spark_test.py. Error code is: 1.
[2020-07-22 14:15:45,652] {taskinstance.py:1189} INFO - Marking task as FAILED.dag_id=submit_data, task_id=spark_submit, execution_date=20200720T024900, start_date=20200722T084537, end_date=20200722T084545
[2020-07-22 14:15:47,698] {logging_mixin.py:112} INFO - [2020-07-22 14:15:47,697] {local_task_job.py:103} INFO - Task exited with return code 1
