[2020-07-22 16:20:00,235] {taskinstance.py:669} INFO - Dependencies all met for <TaskInstance: submit_data.spark_submit 2020-07-20T06:09:00+00:00 [queued]>
[2020-07-22 16:20:00,254] {taskinstance.py:669} INFO - Dependencies all met for <TaskInstance: submit_data.spark_submit 2020-07-20T06:09:00+00:00 [queued]>
[2020-07-22 16:20:00,254] {taskinstance.py:879} INFO - 
--------------------------------------------------------------------------------
[2020-07-22 16:20:00,255] {taskinstance.py:880} INFO - Starting attempt 1 of 1
[2020-07-22 16:20:00,255] {taskinstance.py:881} INFO - 
--------------------------------------------------------------------------------
[2020-07-22 16:20:00,409] {taskinstance.py:900} INFO - Executing <Task(SparkSubmitOperator): spark_submit> on 2020-07-20T06:09:00+00:00
[2020-07-22 16:20:00,413] {standard_task_runner.py:53} INFO - Started process 568973 to run task
[2020-07-22 16:20:00,590] {logging_mixin.py:112} INFO - Running %s on host %s <TaskInstance: submit_data.spark_submit 2020-07-20T06:09:00+00:00 [running]> bhakti-Vostro-3558
[2020-07-22 16:20:00,615] {logging_mixin.py:112} INFO - [2020-07-22 16:20:00,614] {base_hook.py:87} INFO - Using connection to: id: spark_local. Host: local, Port: None, Schema: None, Login: None, Password: None, extra: None
[2020-07-22 16:20:00,616] {logging_mixin.py:112} INFO - [2020-07-22 16:20:00,616] {spark_submit_hook.py:325} INFO - Spark-Submit cmd: spark-submit --master local --name airflow-spark /home/bhakti/airflow/spark_jobs/python/spark_test.py
[2020-07-22 16:20:03,575] {logging_mixin.py:112} INFO - [2020-07-22 16:20:03,574] {spark_submit_hook.py:479} INFO - 20/07/22 16:20:03 WARN Utils: Your hostname, bhakti-Vostro-3558 resolves to a loopback address: 127.0.1.1; using 192.168.43.94 instead (on interface wlp6s0)
[2020-07-22 16:20:03,576] {logging_mixin.py:112} INFO - [2020-07-22 16:20:03,576] {spark_submit_hook.py:479} INFO - 20/07/22 16:20:03 WARN Utils: Set SPARK_LOCAL_IP if you need to bind to another address
[2020-07-22 16:20:05,416] {logging_mixin.py:112} INFO - [2020-07-22 16:20:05,416] {spark_submit_hook.py:479} INFO - 20/07/22 16:20:05 WARN NativeCodeLoader: Unable to load native-hadoop library for your platform... using builtin-java classes where applicable
[2020-07-22 16:20:07,829] {logging_mixin.py:112} INFO - [2020-07-22 16:20:07,828] {spark_submit_hook.py:479} INFO - Using Spark's default log4j profile: org/apache/spark/log4j-defaults.properties
[2020-07-22 16:20:07,842] {logging_mixin.py:112} INFO - [2020-07-22 16:20:07,842] {spark_submit_hook.py:479} INFO - 20/07/22 16:20:07 INFO SparkContext: Running Spark version 3.0.0
[2020-07-22 16:20:07,944] {logging_mixin.py:112} INFO - [2020-07-22 16:20:07,944] {spark_submit_hook.py:479} INFO - 20/07/22 16:20:07 INFO ResourceUtils: ==============================================================
[2020-07-22 16:20:07,947] {logging_mixin.py:112} INFO - [2020-07-22 16:20:07,947] {spark_submit_hook.py:479} INFO - 20/07/22 16:20:07 INFO ResourceUtils: Resources for spark.driver:
[2020-07-22 16:20:07,947] {logging_mixin.py:112} INFO - [2020-07-22 16:20:07,947] {spark_submit_hook.py:479} INFO - 
[2020-07-22 16:20:07,948] {logging_mixin.py:112} INFO - [2020-07-22 16:20:07,948] {spark_submit_hook.py:479} INFO - 20/07/22 16:20:07 INFO ResourceUtils: ==============================================================
[2020-07-22 16:20:07,949] {logging_mixin.py:112} INFO - [2020-07-22 16:20:07,949] {spark_submit_hook.py:479} INFO - 20/07/22 16:20:07 INFO SparkContext: Submitted application: Spark_Test_Python
[2020-07-22 16:20:08,063] {logging_mixin.py:112} INFO - [2020-07-22 16:20:08,063] {spark_submit_hook.py:479} INFO - 20/07/22 16:20:08 INFO SecurityManager: Changing view acls to: bhakti
[2020-07-22 16:20:08,063] {logging_mixin.py:112} INFO - [2020-07-22 16:20:08,063] {spark_submit_hook.py:479} INFO - 20/07/22 16:20:08 INFO SecurityManager: Changing modify acls to: bhakti
[2020-07-22 16:20:08,064] {logging_mixin.py:112} INFO - [2020-07-22 16:20:08,064] {spark_submit_hook.py:479} INFO - 20/07/22 16:20:08 INFO SecurityManager: Changing view acls groups to:
[2020-07-22 16:20:08,064] {logging_mixin.py:112} INFO - [2020-07-22 16:20:08,064] {spark_submit_hook.py:479} INFO - 20/07/22 16:20:08 INFO SecurityManager: Changing modify acls groups to:
[2020-07-22 16:20:08,064] {logging_mixin.py:112} INFO - [2020-07-22 16:20:08,064] {spark_submit_hook.py:479} INFO - 20/07/22 16:20:08 INFO SecurityManager: SecurityManager: authentication disabled; ui acls disabled; users  with view permissions: Set(bhakti); groups with view permissions: Set(); users  with modify permissions: Set(bhakti); groups with modify permissions: Set()
[2020-07-22 16:20:08,762] {logging_mixin.py:112} INFO - [2020-07-22 16:20:08,762] {spark_submit_hook.py:479} INFO - 20/07/22 16:20:08 INFO Utils: Successfully started service 'sparkDriver' on port 41177.
[2020-07-22 16:20:08,823] {logging_mixin.py:112} INFO - [2020-07-22 16:20:08,823] {spark_submit_hook.py:479} INFO - 20/07/22 16:20:08 INFO SparkEnv: Registering MapOutputTracker
[2020-07-22 16:20:08,927] {logging_mixin.py:112} INFO - [2020-07-22 16:20:08,927] {spark_submit_hook.py:479} INFO - 20/07/22 16:20:08 INFO SparkEnv: Registering BlockManagerMaster
[2020-07-22 16:20:09,026] {logging_mixin.py:112} INFO - [2020-07-22 16:20:09,025] {spark_submit_hook.py:479} INFO - 20/07/22 16:20:09 INFO BlockManagerMasterEndpoint: Using org.apache.spark.storage.DefaultTopologyMapper for getting topology information
[2020-07-22 16:20:09,027] {logging_mixin.py:112} INFO - [2020-07-22 16:20:09,027] {spark_submit_hook.py:479} INFO - 20/07/22 16:20:09 INFO BlockManagerMasterEndpoint: BlockManagerMasterEndpoint up
[2020-07-22 16:20:09,065] {logging_mixin.py:112} INFO - [2020-07-22 16:20:09,064] {spark_submit_hook.py:479} INFO - 20/07/22 16:20:09 INFO SparkEnv: Registering BlockManagerMasterHeartbeat
[2020-07-22 16:20:09,135] {logging_mixin.py:112} INFO - [2020-07-22 16:20:09,134] {spark_submit_hook.py:479} INFO - 20/07/22 16:20:09 INFO DiskBlockManager: Created local directory at /tmp/blockmgr-346918e1-82ff-42f2-ae80-a988e93be68d
[2020-07-22 16:20:09,204] {logging_mixin.py:112} INFO - [2020-07-22 16:20:09,203] {spark_submit_hook.py:479} INFO - 20/07/22 16:20:09 INFO MemoryStore: MemoryStore started with capacity 366.3 MiB
[2020-07-22 16:20:09,263] {logging_mixin.py:112} INFO - [2020-07-22 16:20:09,262] {spark_submit_hook.py:479} INFO - 20/07/22 16:20:09 INFO SparkEnv: Registering OutputCommitCoordinator
[2020-07-22 16:20:09,886] {logging_mixin.py:112} INFO - [2020-07-22 16:20:09,886] {spark_submit_hook.py:479} INFO - 20/07/22 16:20:09 WARN Utils: Service 'SparkUI' could not bind on port 4040. Attempting port 4041.
[2020-07-22 16:20:09,887] {logging_mixin.py:112} INFO - [2020-07-22 16:20:09,887] {spark_submit_hook.py:479} INFO - 20/07/22 16:20:09 WARN Utils: Service 'SparkUI' could not bind on port 4041. Attempting port 4042.
[2020-07-22 16:20:09,992] {logging_mixin.py:112} INFO - [2020-07-22 16:20:09,992] {spark_submit_hook.py:479} INFO - 20/07/22 16:20:09 INFO Utils: Successfully started service 'SparkUI' on port 4042.
[2020-07-22 16:20:10,184] {logging_mixin.py:112} INFO - [2020-07-22 16:20:10,184] {spark_submit_hook.py:479} INFO - 20/07/22 16:20:10 INFO SparkUI: Bound SparkUI to 0.0.0.0, and started at http://192.168.43.94:4042
[2020-07-22 16:20:11,210] {logging_mixin.py:112} INFO - [2020-07-22 16:20:11,210] {spark_submit_hook.py:479} INFO - 20/07/22 16:20:11 INFO Executor: Starting executor ID driver on host 192.168.43.94
[2020-07-22 16:20:11,353] {logging_mixin.py:112} INFO - [2020-07-22 16:20:11,353] {spark_submit_hook.py:479} INFO - 20/07/22 16:20:11 INFO Utils: Successfully started service 'org.apache.spark.network.netty.NettyBlockTransferService' on port 35863.
[2020-07-22 16:20:11,354] {logging_mixin.py:112} INFO - [2020-07-22 16:20:11,354] {spark_submit_hook.py:479} INFO - 20/07/22 16:20:11 INFO NettyBlockTransferService: Server created on 192.168.43.94:35863
[2020-07-22 16:20:11,357] {logging_mixin.py:112} INFO - [2020-07-22 16:20:11,357] {spark_submit_hook.py:479} INFO - 20/07/22 16:20:11 INFO BlockManager: Using org.apache.spark.storage.RandomBlockReplicationPolicy for block replication policy
[2020-07-22 16:20:11,419] {logging_mixin.py:112} INFO - [2020-07-22 16:20:11,419] {spark_submit_hook.py:479} INFO - 20/07/22 16:20:11 INFO BlockManagerMaster: Registering BlockManager BlockManagerId(driver, 192.168.43.94, 35863, None)
[2020-07-22 16:20:11,472] {logging_mixin.py:112} INFO - [2020-07-22 16:20:11,472] {spark_submit_hook.py:479} INFO - 20/07/22 16:20:11 INFO BlockManagerMasterEndpoint: Registering block manager 192.168.43.94:35863 with 366.3 MiB RAM, BlockManagerId(driver, 192.168.43.94, 35863, None)
[2020-07-22 16:20:11,478] {logging_mixin.py:112} INFO - [2020-07-22 16:20:11,478] {spark_submit_hook.py:479} INFO - 20/07/22 16:20:11 INFO BlockManagerMaster: Registered BlockManager BlockManagerId(driver, 192.168.43.94, 35863, None)
[2020-07-22 16:20:11,497] {logging_mixin.py:112} INFO - [2020-07-22 16:20:11,497] {spark_submit_hook.py:479} INFO - 20/07/22 16:20:11 INFO BlockManager: Initialized BlockManager: BlockManagerId(driver, 192.168.43.94, 35863, None)
[2020-07-22 16:20:17,542] {logging_mixin.py:112} INFO - [2020-07-22 16:20:17,542] {spark_submit_hook.py:479} INFO - 20/07/22 16:20:17 INFO MemoryStore: Block broadcast_0 stored as values in memory (estimated size 241.5 KiB, free 366.1 MiB)
[2020-07-22 16:20:18,120] {logging_mixin.py:112} INFO - [2020-07-22 16:20:18,120] {spark_submit_hook.py:479} INFO - 20/07/22 16:20:18 INFO MemoryStore: Block broadcast_0_piece0 stored as bytes in memory (estimated size 23.4 KiB, free 366.0 MiB)
[2020-07-22 16:20:18,133] {logging_mixin.py:112} INFO - [2020-07-22 16:20:18,133] {spark_submit_hook.py:479} INFO - 20/07/22 16:20:18 INFO BlockManagerInfo: Added broadcast_0_piece0 in memory on 192.168.43.94:35863 (size: 23.4 KiB, free: 366.3 MiB)
[2020-07-22 16:20:18,183] {logging_mixin.py:112} INFO - [2020-07-22 16:20:18,183] {spark_submit_hook.py:479} INFO - 20/07/22 16:20:18 INFO SparkContext: Created broadcast 0 from textFile at NativeMethodAccessorImpl.java:0
[2020-07-22 16:20:18,902] {logging_mixin.py:112} INFO - [2020-07-22 16:20:18,902] {spark_submit_hook.py:479} INFO - 20/07/22 16:20:18 INFO FileInputFormat: Total input paths to process : 1
[2020-07-22 16:20:19,181] {logging_mixin.py:112} INFO - [2020-07-22 16:20:19,181] {spark_submit_hook.py:479} INFO - 20/07/22 16:20:19 INFO SparkContext: Starting job: collect at /home/bhakti/airflow/spark_jobs/python/spark_test.py:5
[2020-07-22 16:20:19,244] {logging_mixin.py:112} INFO - [2020-07-22 16:20:19,244] {spark_submit_hook.py:479} INFO - 20/07/22 16:20:19 INFO DAGScheduler: Got job 0 (collect at /home/bhakti/airflow/spark_jobs/python/spark_test.py:5) with 1 output partitions
[2020-07-22 16:20:19,246] {logging_mixin.py:112} INFO - [2020-07-22 16:20:19,246] {spark_submit_hook.py:479} INFO - 20/07/22 16:20:19 INFO DAGScheduler: Final stage: ResultStage 0 (collect at /home/bhakti/airflow/spark_jobs/python/spark_test.py:5)
[2020-07-22 16:20:19,258] {logging_mixin.py:112} INFO - [2020-07-22 16:20:19,257] {spark_submit_hook.py:479} INFO - 20/07/22 16:20:19 INFO DAGScheduler: Parents of final stage: List()
[2020-07-22 16:20:19,266] {logging_mixin.py:112} INFO - [2020-07-22 16:20:19,265] {spark_submit_hook.py:479} INFO - 20/07/22 16:20:19 INFO DAGScheduler: Missing parents: List()
[2020-07-22 16:20:19,327] {logging_mixin.py:112} INFO - [2020-07-22 16:20:19,327] {spark_submit_hook.py:479} INFO - 20/07/22 16:20:19 INFO DAGScheduler: Submitting ResultStage 0 (PythonRDD[2] at collect at /home/bhakti/airflow/spark_jobs/python/spark_test.py:5), which has no missing parents
[2020-07-22 16:20:19,448] {logging_mixin.py:112} INFO - [2020-07-22 16:20:19,447] {spark_submit_hook.py:479} INFO - 20/07/22 16:20:19 INFO MemoryStore: Block broadcast_1 stored as values in memory (estimated size 7.4 KiB, free 366.0 MiB)
[2020-07-22 16:20:19,462] {logging_mixin.py:112} INFO - [2020-07-22 16:20:19,461] {spark_submit_hook.py:479} INFO - 20/07/22 16:20:19 INFO MemoryStore: Block broadcast_1_piece0 stored as bytes in memory (estimated size 4.4 KiB, free 366.0 MiB)
[2020-07-22 16:20:19,469] {logging_mixin.py:112} INFO - [2020-07-22 16:20:19,469] {spark_submit_hook.py:479} INFO - 20/07/22 16:20:19 INFO BlockManagerInfo: Added broadcast_1_piece0 in memory on 192.168.43.94:35863 (size: 4.4 KiB, free: 366.3 MiB)
[2020-07-22 16:20:19,474] {logging_mixin.py:112} INFO - [2020-07-22 16:20:19,474] {spark_submit_hook.py:479} INFO - 20/07/22 16:20:19 INFO SparkContext: Created broadcast 1 from broadcast at DAGScheduler.scala:1200
[2020-07-22 16:20:19,536] {logging_mixin.py:112} INFO - [2020-07-22 16:20:19,536] {spark_submit_hook.py:479} INFO - 20/07/22 16:20:19 INFO DAGScheduler: Submitting 1 missing tasks from ResultStage 0 (PythonRDD[2] at collect at /home/bhakti/airflow/spark_jobs/python/spark_test.py:5) (first 15 tasks are for partitions Vector(0))
[2020-07-22 16:20:19,541] {logging_mixin.py:112} INFO - [2020-07-22 16:20:19,541] {spark_submit_hook.py:479} INFO - 20/07/22 16:20:19 INFO TaskSchedulerImpl: Adding task set 0.0 with 1 tasks
[2020-07-22 16:20:19,726] {logging_mixin.py:112} INFO - [2020-07-22 16:20:19,726] {spark_submit_hook.py:479} INFO - 20/07/22 16:20:19 INFO TaskSetManager: Starting task 0.0 in stage 0.0 (TID 0, 192.168.43.94, executor driver, partition 0, PROCESS_LOCAL, 7388 bytes)
[2020-07-22 16:20:19,772] {logging_mixin.py:112} INFO - [2020-07-22 16:20:19,772] {spark_submit_hook.py:479} INFO - 20/07/22 16:20:19 INFO Executor: Running task 0.0 in stage 0.0 (TID 0)
[2020-07-22 16:20:21,133] {logging_mixin.py:112} INFO - [2020-07-22 16:20:21,133] {spark_submit_hook.py:479} INFO - 20/07/22 16:20:21 INFO HadoopRDD: Input split: file:/home/bhakti/airflow/input_data/sample.csv:0+93
[2020-07-22 16:20:24,063] {logging_mixin.py:112} INFO - [2020-07-22 16:20:24,063] {spark_submit_hook.py:479} INFO - 20/07/22 16:20:24 INFO PythonRunner: Times: total = 2693, boot = 2638, init = 55, finish = 0
[2020-07-22 16:20:24,279] {logging_mixin.py:112} INFO - [2020-07-22 16:20:24,278] {spark_submit_hook.py:479} INFO - 20/07/22 16:20:24 INFO Executor: Finished task 0.0 in stage 0.0 (TID 0). 1775 bytes result sent to driver
[2020-07-22 16:20:24,386] {logging_mixin.py:112} INFO - [2020-07-22 16:20:24,385] {spark_submit_hook.py:479} INFO - 20/07/22 16:20:24 INFO TaskSetManager: Finished task 0.0 in stage 0.0 (TID 0) in 4713 ms on 192.168.43.94 (executor driver) (1/1)
[2020-07-22 16:20:24,399] {logging_mixin.py:112} INFO - [2020-07-22 16:20:24,398] {spark_submit_hook.py:479} INFO - 20/07/22 16:20:24 INFO TaskSchedulerImpl: Removed TaskSet 0.0, whose tasks have all completed, from pool
[2020-07-22 16:20:24,417] {logging_mixin.py:112} INFO - [2020-07-22 16:20:24,416] {spark_submit_hook.py:479} INFO - 20/07/22 16:20:24 INFO PythonAccumulatorV2: Connected to AccumulatorServer at host: 127.0.0.1 port: 41877
[2020-07-22 16:20:24,458] {logging_mixin.py:112} INFO - [2020-07-22 16:20:24,457] {spark_submit_hook.py:479} INFO - 20/07/22 16:20:24 INFO DAGScheduler: ResultStage 0 (collect at /home/bhakti/airflow/spark_jobs/python/spark_test.py:5) finished in 5.043 s
[2020-07-22 16:20:24,555] {logging_mixin.py:112} INFO - [2020-07-22 16:20:24,555] {spark_submit_hook.py:479} INFO - 20/07/22 16:20:24 INFO DAGScheduler: Job 0 is finished. Cancelling potential speculative or zombie tasks for this job
[2020-07-22 16:20:24,556] {logging_mixin.py:112} INFO - [2020-07-22 16:20:24,556] {spark_submit_hook.py:479} INFO - 20/07/22 16:20:24 INFO TaskSchedulerImpl: Killing all running tasks in stage 0: Stage finished
[2020-07-22 16:20:24,564] {logging_mixin.py:112} INFO - [2020-07-22 16:20:24,564] {spark_submit_hook.py:479} INFO - 20/07/22 16:20:24 INFO DAGScheduler: Job 0 finished: collect at /home/bhakti/airflow/spark_jobs/python/spark_test.py:5, took 5.378670 s
[2020-07-22 16:20:24,584] {logging_mixin.py:112} INFO - [2020-07-22 16:20:24,584] {spark_submit_hook.py:479} INFO - [('PERSON', 'JOINING_YEAR'), ('John', '2018'), ('Sam', '2017'), ('Jeff', '2014'), ('Allen', '2015')]
[2020-07-22 16:20:25,222] {logging_mixin.py:112} INFO - [2020-07-22 16:20:25,222] {spark_submit_hook.py:479} INFO - 20/07/22 16:20:25 INFO SharedState: Setting hive.metastore.warehouse.dir ('null') to the value of spark.sql.warehouse.dir ('file:/home/bhakti/airflow/spark-warehouse').
[2020-07-22 16:20:25,224] {logging_mixin.py:112} INFO - [2020-07-22 16:20:25,224] {spark_submit_hook.py:479} INFO - 20/07/22 16:20:25 INFO SharedState: Warehouse path is 'file:/home/bhakti/airflow/spark-warehouse'.
[2020-07-22 16:20:25,323] {logging_mixin.py:112} INFO - [2020-07-22 16:20:25,323] {spark_submit_hook.py:479} INFO - 20/07/22 16:20:25 INFO BlockManagerInfo: Removed broadcast_1_piece0 on 192.168.43.94:35863 in memory (size: 4.4 KiB, free: 366.3 MiB)
[2020-07-22 16:20:37,174] {logging_mixin.py:112} INFO - [2020-07-22 16:20:37,174] {spark_submit_hook.py:479} INFO - 20/07/22 16:20:37 INFO CodeGenerator: Code generated in 868.758268 ms
[2020-07-22 16:20:37,293] {logging_mixin.py:112} INFO - [2020-07-22 16:20:37,292] {spark_submit_hook.py:479} INFO - 20/07/22 16:20:37 INFO SparkContext: Starting job: showString at NativeMethodAccessorImpl.java:0
[2020-07-22 16:20:37,300] {logging_mixin.py:112} INFO - [2020-07-22 16:20:37,299] {spark_submit_hook.py:479} INFO - 20/07/22 16:20:37 INFO DAGScheduler: Got job 1 (showString at NativeMethodAccessorImpl.java:0) with 1 output partitions
[2020-07-22 16:20:37,300] {logging_mixin.py:112} INFO - [2020-07-22 16:20:37,300] {spark_submit_hook.py:479} INFO - 20/07/22 16:20:37 INFO DAGScheduler: Final stage: ResultStage 1 (showString at NativeMethodAccessorImpl.java:0)
[2020-07-22 16:20:37,301] {logging_mixin.py:112} INFO - [2020-07-22 16:20:37,300] {spark_submit_hook.py:479} INFO - 20/07/22 16:20:37 INFO DAGScheduler: Parents of final stage: List()
[2020-07-22 16:20:37,305] {logging_mixin.py:112} INFO - [2020-07-22 16:20:37,305] {spark_submit_hook.py:479} INFO - 20/07/22 16:20:37 INFO DAGScheduler: Missing parents: List()
[2020-07-22 16:20:37,319] {logging_mixin.py:112} INFO - [2020-07-22 16:20:37,319] {spark_submit_hook.py:479} INFO - 20/07/22 16:20:37 INFO DAGScheduler: Submitting ResultStage 1 (MapPartitionsRDD[9] at showString at NativeMethodAccessorImpl.java:0), which has no missing parents
[2020-07-22 16:20:37,370] {logging_mixin.py:112} INFO - [2020-07-22 16:20:37,370] {spark_submit_hook.py:479} INFO - 20/07/22 16:20:37 INFO MemoryStore: Block broadcast_2 stored as values in memory (estimated size 10.9 KiB, free 366.0 MiB)
[2020-07-22 16:20:37,378] {logging_mixin.py:112} INFO - [2020-07-22 16:20:37,377] {spark_submit_hook.py:479} INFO - 20/07/22 16:20:37 INFO MemoryStore: Block broadcast_2_piece0 stored as bytes in memory (estimated size 5.8 KiB, free 366.0 MiB)
[2020-07-22 16:20:37,401] {logging_mixin.py:112} INFO - [2020-07-22 16:20:37,400] {spark_submit_hook.py:479} INFO - 20/07/22 16:20:37 INFO BlockManagerInfo: Added broadcast_2_piece0 in memory on 192.168.43.94:35863 (size: 5.8 KiB, free: 366.3 MiB)
[2020-07-22 16:20:37,401] {logging_mixin.py:112} INFO - [2020-07-22 16:20:37,401] {spark_submit_hook.py:479} INFO - 20/07/22 16:20:37 INFO SparkContext: Created broadcast 2 from broadcast at DAGScheduler.scala:1200
[2020-07-22 16:20:37,401] {logging_mixin.py:112} INFO - [2020-07-22 16:20:37,401] {spark_submit_hook.py:479} INFO - 20/07/22 16:20:37 INFO DAGScheduler: Submitting 1 missing tasks from ResultStage 1 (MapPartitionsRDD[9] at showString at NativeMethodAccessorImpl.java:0) (first 15 tasks are for partitions Vector(0))
[2020-07-22 16:20:37,402] {logging_mixin.py:112} INFO - [2020-07-22 16:20:37,402] {spark_submit_hook.py:479} INFO - 20/07/22 16:20:37 INFO TaskSchedulerImpl: Adding task set 1.0 with 1 tasks
[2020-07-22 16:20:37,439] {logging_mixin.py:112} INFO - [2020-07-22 16:20:37,438] {spark_submit_hook.py:479} INFO - 20/07/22 16:20:37 INFO TaskSetManager: Starting task 0.0 in stage 1.0 (TID 1, 192.168.43.94, executor driver, partition 0, PROCESS_LOCAL, 7449 bytes)
[2020-07-22 16:20:37,441] {logging_mixin.py:112} INFO - [2020-07-22 16:20:37,441] {spark_submit_hook.py:479} INFO - 20/07/22 16:20:37 INFO Executor: Running task 0.0 in stage 1.0 (TID 1)
[2020-07-22 16:20:37,647] {logging_mixin.py:112} INFO - [2020-07-22 16:20:37,646] {spark_submit_hook.py:479} INFO - 20/07/22 16:20:37 INFO PythonRunner: Times: total = 15, boot = -13465, init = 13480, finish = 0
[2020-07-22 16:20:37,652] {logging_mixin.py:112} INFO - [2020-07-22 16:20:37,652] {spark_submit_hook.py:479} INFO - 20/07/22 16:20:37 INFO Executor: Finished task 0.0 in stage 1.0 (TID 1). 2154 bytes result sent to driver
[2020-07-22 16:20:37,660] {logging_mixin.py:112} INFO - [2020-07-22 16:20:37,660] {spark_submit_hook.py:479} INFO - 20/07/22 16:20:37 INFO TaskSetManager: Finished task 0.0 in stage 1.0 (TID 1) in 265 ms on 192.168.43.94 (executor driver) (1/1)
[2020-07-22 16:20:37,661] {logging_mixin.py:112} INFO - [2020-07-22 16:20:37,660] {spark_submit_hook.py:479} INFO - 20/07/22 16:20:37 INFO TaskSchedulerImpl: Removed TaskSet 1.0, whose tasks have all completed, from pool
[2020-07-22 16:20:37,669] {logging_mixin.py:112} INFO - [2020-07-22 16:20:37,669] {spark_submit_hook.py:479} INFO - 20/07/22 16:20:37 INFO DAGScheduler: ResultStage 1 (showString at NativeMethodAccessorImpl.java:0) finished in 0.337 s
[2020-07-22 16:20:37,669] {logging_mixin.py:112} INFO - [2020-07-22 16:20:37,669] {spark_submit_hook.py:479} INFO - 20/07/22 16:20:37 INFO DAGScheduler: Job 1 is finished. Cancelling potential speculative or zombie tasks for this job
[2020-07-22 16:20:37,670] {logging_mixin.py:112} INFO - [2020-07-22 16:20:37,670] {spark_submit_hook.py:479} INFO - 20/07/22 16:20:37 INFO TaskSchedulerImpl: Killing all running tasks in stage 1: Stage finished
[2020-07-22 16:20:37,685] {logging_mixin.py:112} INFO - [2020-07-22 16:20:37,684] {spark_submit_hook.py:479} INFO - 20/07/22 16:20:37 INFO DAGScheduler: Job 1 finished: showString at NativeMethodAccessorImpl.java:0, took 0.374875 s
[2020-07-22 16:20:37,773] {logging_mixin.py:112} INFO - [2020-07-22 16:20:37,773] {spark_submit_hook.py:479} INFO - 20/07/22 16:20:37 INFO CodeGenerator: Code generated in 52.023447 ms
[2020-07-22 16:20:37,796] {logging_mixin.py:112} INFO - [2020-07-22 16:20:37,796] {spark_submit_hook.py:479} INFO - +------+------------+
[2020-07-22 16:20:37,797] {logging_mixin.py:112} INFO - [2020-07-22 16:20:37,797] {spark_submit_hook.py:479} INFO - |    _1|          _2|
[2020-07-22 16:20:37,797] {logging_mixin.py:112} INFO - [2020-07-22 16:20:37,797] {spark_submit_hook.py:479} INFO - +------+------------+
[2020-07-22 16:20:37,797] {logging_mixin.py:112} INFO - [2020-07-22 16:20:37,797] {spark_submit_hook.py:479} INFO - |PERSON|JOINING_YEAR|
[2020-07-22 16:20:37,798] {logging_mixin.py:112} INFO - [2020-07-22 16:20:37,798] {spark_submit_hook.py:479} INFO - |  John|        2018|
[2020-07-22 16:20:37,798] {logging_mixin.py:112} INFO - [2020-07-22 16:20:37,798] {spark_submit_hook.py:479} INFO - |   Sam|        2017|
[2020-07-22 16:20:37,798] {logging_mixin.py:112} INFO - [2020-07-22 16:20:37,798] {spark_submit_hook.py:479} INFO - |  Jeff|        2014|
[2020-07-22 16:20:37,799] {logging_mixin.py:112} INFO - [2020-07-22 16:20:37,799] {spark_submit_hook.py:479} INFO - | Allen|        2015|
[2020-07-22 16:20:37,799] {logging_mixin.py:112} INFO - [2020-07-22 16:20:37,799] {spark_submit_hook.py:479} INFO - +------+------------+
[2020-07-22 16:20:37,799] {logging_mixin.py:112} INFO - [2020-07-22 16:20:37,799] {spark_submit_hook.py:479} INFO - 
[2020-07-22 16:20:37,914] {logging_mixin.py:112} INFO - [2020-07-22 16:20:37,914] {spark_submit_hook.py:479} INFO - 20/07/22 16:20:37 INFO SparkContext: Invoking stop() from shutdown hook
[2020-07-22 16:20:37,928] {logging_mixin.py:112} INFO - [2020-07-22 16:20:37,927] {spark_submit_hook.py:479} INFO - 20/07/22 16:20:37 INFO SparkUI: Stopped Spark web UI at http://192.168.43.94:4042
[2020-07-22 16:20:37,954] {logging_mixin.py:112} INFO - [2020-07-22 16:20:37,954] {spark_submit_hook.py:479} INFO - 20/07/22 16:20:37 INFO MapOutputTrackerMasterEndpoint: MapOutputTrackerMasterEndpoint stopped!
[2020-07-22 16:20:37,969] {logging_mixin.py:112} INFO - [2020-07-22 16:20:37,969] {spark_submit_hook.py:479} INFO - 20/07/22 16:20:37 INFO MemoryStore: MemoryStore cleared
[2020-07-22 16:20:37,971] {logging_mixin.py:112} INFO - [2020-07-22 16:20:37,971] {spark_submit_hook.py:479} INFO - 20/07/22 16:20:37 INFO BlockManager: BlockManager stopped
[2020-07-22 16:20:37,978] {logging_mixin.py:112} INFO - [2020-07-22 16:20:37,977] {spark_submit_hook.py:479} INFO - 20/07/22 16:20:37 INFO BlockManagerMaster: BlockManagerMaster stopped
[2020-07-22 16:20:37,989] {logging_mixin.py:112} INFO - [2020-07-22 16:20:37,989] {spark_submit_hook.py:479} INFO - 20/07/22 16:20:37 INFO OutputCommitCoordinator$OutputCommitCoordinatorEndpoint: OutputCommitCoordinator stopped!
[2020-07-22 16:20:38,007] {logging_mixin.py:112} INFO - [2020-07-22 16:20:38,007] {spark_submit_hook.py:479} INFO - 20/07/22 16:20:38 INFO SparkContext: Successfully stopped SparkContext
[2020-07-22 16:20:38,008] {logging_mixin.py:112} INFO - [2020-07-22 16:20:38,007] {spark_submit_hook.py:479} INFO - 20/07/22 16:20:38 INFO ShutdownHookManager: Shutdown hook called
[2020-07-22 16:20:38,013] {logging_mixin.py:112} INFO - [2020-07-22 16:20:38,012] {spark_submit_hook.py:479} INFO - 20/07/22 16:20:38 INFO ShutdownHookManager: Deleting directory /tmp/spark-080bc8ae-58ee-4b24-864b-6b7bbd14a742/pyspark-bca3c7f3-ab22-4201-ba03-9f9d0a223238
[2020-07-22 16:20:38,017] {logging_mixin.py:112} INFO - [2020-07-22 16:20:38,016] {spark_submit_hook.py:479} INFO - 20/07/22 16:20:38 INFO ShutdownHookManager: Deleting directory /tmp/spark-080bc8ae-58ee-4b24-864b-6b7bbd14a742
[2020-07-22 16:20:38,022] {logging_mixin.py:112} INFO - [2020-07-22 16:20:38,022] {spark_submit_hook.py:479} INFO - 20/07/22 16:20:38 INFO ShutdownHookManager: Deleting directory /tmp/spark-7f434c15-7e61-4a7d-b74b-3d93f56d4b3f
[2020-07-22 16:20:38,085] {taskinstance.py:1052} INFO - Marking task as SUCCESS.dag_id=submit_data, task_id=spark_submit, execution_date=20200720T060900, start_date=20200722T105000, end_date=20200722T105038
[2020-07-22 16:20:40,791] {logging_mixin.py:112} INFO - [2020-07-22 16:20:40,791] {local_task_job.py:103} INFO - Task exited with return code 0
