[2020-07-22 13:43:29,737] {taskinstance.py:669} INFO - Dependencies all met for <TaskInstance: submit_data.spark_submit 2020-07-20T01:40:00+00:00 [queued]>
[2020-07-22 13:43:29,757] {taskinstance.py:669} INFO - Dependencies all met for <TaskInstance: submit_data.spark_submit 2020-07-20T01:40:00+00:00 [queued]>
[2020-07-22 13:43:29,758] {taskinstance.py:879} INFO - 
--------------------------------------------------------------------------------
[2020-07-22 13:43:29,759] {taskinstance.py:880} INFO - Starting attempt 1 of 1
[2020-07-22 13:43:29,759] {taskinstance.py:881} INFO - 
--------------------------------------------------------------------------------
[2020-07-22 13:43:29,919] {taskinstance.py:900} INFO - Executing <Task(SparkSubmitOperator): spark_submit> on 2020-07-20T01:40:00+00:00
[2020-07-22 13:43:29,927] {standard_task_runner.py:53} INFO - Started process 364626 to run task
[2020-07-22 13:43:30,208] {logging_mixin.py:112} INFO - Running %s on host %s <TaskInstance: submit_data.spark_submit 2020-07-20T01:40:00+00:00 [running]> bhakti-Vostro-3558
[2020-07-22 13:43:30,244] {logging_mixin.py:112} INFO - [2020-07-22 13:43:30,243] {base_hook.py:87} INFO - Using connection to: id: spark_local. Host: localhost, Port: 4040, Schema: None, Login: None, Password: None, extra: None
[2020-07-22 13:43:30,245] {logging_mixin.py:112} INFO - [2020-07-22 13:43:30,245] {spark_submit_hook.py:325} INFO - Spark-Submit cmd: spark-submit --master localhost:4040 --name airflow-spark /home/bhakti/airflow/spark_jobs/python/spark_test.py
[2020-07-22 13:43:32,710] {logging_mixin.py:112} INFO - [2020-07-22 13:43:32,709] {spark_submit_hook.py:479} INFO - 20/07/22 13:43:32 WARN Utils: Your hostname, bhakti-Vostro-3558 resolves to a loopback address: 127.0.1.1; using 192.168.43.94 instead (on interface wlp6s0)
[2020-07-22 13:43:32,710] {logging_mixin.py:112} INFO - [2020-07-22 13:43:32,710] {spark_submit_hook.py:479} INFO - 20/07/22 13:43:32 WARN Utils: Set SPARK_LOCAL_IP if you need to bind to another address
[2020-07-22 13:43:34,535] {logging_mixin.py:112} INFO - [2020-07-22 13:43:34,535] {spark_submit_hook.py:479} INFO - 20/07/22 13:43:34 WARN NativeCodeLoader: Unable to load native-hadoop library for your platform... using builtin-java classes where applicable
[2020-07-22 13:43:35,853] {logging_mixin.py:112} INFO - [2020-07-22 13:43:35,853] {spark_submit_hook.py:479} INFO - Spark_Test_Python
[2020-07-22 13:43:35,853] {logging_mixin.py:112} INFO - [2020-07-22 13:43:35,853] {spark_submit_hook.py:479} INFO - Number of arguments: 0 arguments.
[2020-07-22 13:43:35,853] {logging_mixin.py:112} INFO - [2020-07-22 13:43:35,853] {spark_submit_hook.py:479} INFO - Argument List: []
[2020-07-22 13:43:35,960] {logging_mixin.py:112} INFO - [2020-07-22 13:43:35,959] {spark_submit_hook.py:479} INFO - Using Spark's default log4j profile: org/apache/spark/log4j-defaults.properties
[2020-07-22 13:43:35,973] {logging_mixin.py:112} INFO - [2020-07-22 13:43:35,973] {spark_submit_hook.py:479} INFO - 20/07/22 13:43:35 INFO SparkContext: Running Spark version 3.0.0
[2020-07-22 13:43:36,044] {logging_mixin.py:112} INFO - [2020-07-22 13:43:36,044] {spark_submit_hook.py:479} INFO - 20/07/22 13:43:36 INFO ResourceUtils: ==============================================================
[2020-07-22 13:43:36,046] {logging_mixin.py:112} INFO - [2020-07-22 13:43:36,046] {spark_submit_hook.py:479} INFO - 20/07/22 13:43:36 INFO ResourceUtils: Resources for spark.driver:
[2020-07-22 13:43:36,047] {logging_mixin.py:112} INFO - [2020-07-22 13:43:36,047] {spark_submit_hook.py:479} INFO - 
[2020-07-22 13:43:36,047] {logging_mixin.py:112} INFO - [2020-07-22 13:43:36,047] {spark_submit_hook.py:479} INFO - 20/07/22 13:43:36 INFO ResourceUtils: ==============================================================
[2020-07-22 13:43:36,048] {logging_mixin.py:112} INFO - [2020-07-22 13:43:36,048] {spark_submit_hook.py:479} INFO - 20/07/22 13:43:36 INFO SparkContext: Submitted application: Spark_Test_Python
[2020-07-22 13:43:36,127] {logging_mixin.py:112} INFO - [2020-07-22 13:43:36,127] {spark_submit_hook.py:479} INFO - 20/07/22 13:43:36 INFO SecurityManager: Changing view acls to: bhakti
[2020-07-22 13:43:36,128] {logging_mixin.py:112} INFO - [2020-07-22 13:43:36,127] {spark_submit_hook.py:479} INFO - 20/07/22 13:43:36 INFO SecurityManager: Changing modify acls to: bhakti
[2020-07-22 13:43:36,128] {logging_mixin.py:112} INFO - [2020-07-22 13:43:36,128] {spark_submit_hook.py:479} INFO - 20/07/22 13:43:36 INFO SecurityManager: Changing view acls groups to:
[2020-07-22 13:43:36,128] {logging_mixin.py:112} INFO - [2020-07-22 13:43:36,128] {spark_submit_hook.py:479} INFO - 20/07/22 13:43:36 INFO SecurityManager: Changing modify acls groups to:
[2020-07-22 13:43:36,128] {logging_mixin.py:112} INFO - [2020-07-22 13:43:36,128] {spark_submit_hook.py:479} INFO - 20/07/22 13:43:36 INFO SecurityManager: SecurityManager: authentication disabled; ui acls disabled; users  with view permissions: Set(bhakti); groups with view permissions: Set(); users  with modify permissions: Set(bhakti); groups with modify permissions: Set()
[2020-07-22 13:43:36,543] {logging_mixin.py:112} INFO - [2020-07-22 13:43:36,542] {spark_submit_hook.py:479} INFO - 20/07/22 13:43:36 INFO Utils: Successfully started service 'sparkDriver' on port 39087.
[2020-07-22 13:43:36,592] {logging_mixin.py:112} INFO - [2020-07-22 13:43:36,592] {spark_submit_hook.py:479} INFO - 20/07/22 13:43:36 INFO SparkEnv: Registering MapOutputTracker
[2020-07-22 13:43:36,661] {logging_mixin.py:112} INFO - [2020-07-22 13:43:36,661] {spark_submit_hook.py:479} INFO - 20/07/22 13:43:36 INFO SparkEnv: Registering BlockManagerMaster
[2020-07-22 13:43:36,701] {logging_mixin.py:112} INFO - [2020-07-22 13:43:36,700] {spark_submit_hook.py:479} INFO - 20/07/22 13:43:36 INFO BlockManagerMasterEndpoint: Using org.apache.spark.storage.DefaultTopologyMapper for getting topology information
[2020-07-22 13:43:36,702] {logging_mixin.py:112} INFO - [2020-07-22 13:43:36,702] {spark_submit_hook.py:479} INFO - 20/07/22 13:43:36 INFO BlockManagerMasterEndpoint: BlockManagerMasterEndpoint up
[2020-07-22 13:43:36,718] {logging_mixin.py:112} INFO - [2020-07-22 13:43:36,717] {spark_submit_hook.py:479} INFO - 20/07/22 13:43:36 INFO SparkEnv: Registering BlockManagerMasterHeartbeat
[2020-07-22 13:43:36,764] {logging_mixin.py:112} INFO - [2020-07-22 13:43:36,764] {spark_submit_hook.py:479} INFO - 20/07/22 13:43:36 INFO DiskBlockManager: Created local directory at /tmp/blockmgr-44df7650-5c49-4f31-ac34-ef764e2b6500
[2020-07-22 13:43:36,803] {logging_mixin.py:112} INFO - [2020-07-22 13:43:36,802] {spark_submit_hook.py:479} INFO - 20/07/22 13:43:36 INFO MemoryStore: MemoryStore started with capacity 366.3 MiB
[2020-07-22 13:43:36,831] {logging_mixin.py:112} INFO - [2020-07-22 13:43:36,831] {spark_submit_hook.py:479} INFO - 20/07/22 13:43:36 INFO SparkEnv: Registering OutputCommitCoordinator
[2020-07-22 13:43:37,175] {logging_mixin.py:112} INFO - [2020-07-22 13:43:37,174] {spark_submit_hook.py:479} INFO - 20/07/22 13:43:37 WARN Utils: Service 'SparkUI' could not bind on port 4040. Attempting port 4041.
[2020-07-22 13:43:37,186] {logging_mixin.py:112} INFO - [2020-07-22 13:43:37,185] {spark_submit_hook.py:479} INFO - 20/07/22 13:43:37 INFO Utils: Successfully started service 'SparkUI' on port 4041.
[2020-07-22 13:43:37,278] {logging_mixin.py:112} INFO - [2020-07-22 13:43:37,278] {spark_submit_hook.py:479} INFO - 20/07/22 13:43:37 INFO SparkUI: Bound SparkUI to 0.0.0.0, and started at http://192.168.43.94:4041
[2020-07-22 13:43:37,420] {logging_mixin.py:112} INFO - [2020-07-22 13:43:37,419] {spark_submit_hook.py:479} INFO - 20/07/22 13:43:37 ERROR SparkContext: Error initializing SparkContext.
[2020-07-22 13:43:37,421] {logging_mixin.py:112} INFO - [2020-07-22 13:43:37,421] {spark_submit_hook.py:479} INFO - org.apache.spark.SparkException: Could not parse Master URL: 'localhost:4040'
[2020-07-22 13:43:37,421] {logging_mixin.py:112} INFO - [2020-07-22 13:43:37,421] {spark_submit_hook.py:479} INFO - at org.apache.spark.SparkContext$.org$apache$spark$SparkContext$$createTaskScheduler(SparkContext.scala:2924)
[2020-07-22 13:43:37,421] {logging_mixin.py:112} INFO - [2020-07-22 13:43:37,421] {spark_submit_hook.py:479} INFO - at org.apache.spark.SparkContext.<init>(SparkContext.scala:528)
[2020-07-22 13:43:37,422] {logging_mixin.py:112} INFO - [2020-07-22 13:43:37,421] {spark_submit_hook.py:479} INFO - at org.apache.spark.api.java.JavaSparkContext.<init>(JavaSparkContext.scala:58)
[2020-07-22 13:43:37,422] {logging_mixin.py:112} INFO - [2020-07-22 13:43:37,422] {spark_submit_hook.py:479} INFO - at sun.reflect.NativeConstructorAccessorImpl.newInstance0(Native Method)
[2020-07-22 13:43:37,422] {logging_mixin.py:112} INFO - [2020-07-22 13:43:37,422] {spark_submit_hook.py:479} INFO - at sun.reflect.NativeConstructorAccessorImpl.newInstance(NativeConstructorAccessorImpl.java:62)
[2020-07-22 13:43:37,422] {logging_mixin.py:112} INFO - [2020-07-22 13:43:37,422] {spark_submit_hook.py:479} INFO - at sun.reflect.DelegatingConstructorAccessorImpl.newInstance(DelegatingConstructorAccessorImpl.java:45)
[2020-07-22 13:43:37,423] {logging_mixin.py:112} INFO - [2020-07-22 13:43:37,422] {spark_submit_hook.py:479} INFO - at java.lang.reflect.Constructor.newInstance(Constructor.java:423)
[2020-07-22 13:43:37,423] {logging_mixin.py:112} INFO - [2020-07-22 13:43:37,423] {spark_submit_hook.py:479} INFO - at py4j.reflection.MethodInvoker.invoke(MethodInvoker.java:247)
[2020-07-22 13:43:37,423] {logging_mixin.py:112} INFO - [2020-07-22 13:43:37,423] {spark_submit_hook.py:479} INFO - at py4j.reflection.ReflectionEngine.invoke(ReflectionEngine.java:357)
[2020-07-22 13:43:37,423] {logging_mixin.py:112} INFO - [2020-07-22 13:43:37,423] {spark_submit_hook.py:479} INFO - at py4j.Gateway.invoke(Gateway.java:238)
[2020-07-22 13:43:37,424] {logging_mixin.py:112} INFO - [2020-07-22 13:43:37,423] {spark_submit_hook.py:479} INFO - at py4j.commands.ConstructorCommand.invokeConstructor(ConstructorCommand.java:80)
[2020-07-22 13:43:37,424] {logging_mixin.py:112} INFO - [2020-07-22 13:43:37,424] {spark_submit_hook.py:479} INFO - at py4j.commands.ConstructorCommand.execute(ConstructorCommand.java:69)
[2020-07-22 13:43:37,424] {logging_mixin.py:112} INFO - [2020-07-22 13:43:37,424] {spark_submit_hook.py:479} INFO - at py4j.GatewayConnection.run(GatewayConnection.java:238)
[2020-07-22 13:43:37,424] {logging_mixin.py:112} INFO - [2020-07-22 13:43:37,424] {spark_submit_hook.py:479} INFO - at java.lang.Thread.run(Thread.java:748)
[2020-07-22 13:43:37,441] {logging_mixin.py:112} INFO - [2020-07-22 13:43:37,440] {spark_submit_hook.py:479} INFO - 20/07/22 13:43:37 INFO SparkUI: Stopped Spark web UI at http://192.168.43.94:4041
[2020-07-22 13:43:37,466] {logging_mixin.py:112} INFO - [2020-07-22 13:43:37,466] {spark_submit_hook.py:479} INFO - 20/07/22 13:43:37 INFO MapOutputTrackerMasterEndpoint: MapOutputTrackerMasterEndpoint stopped!
[2020-07-22 13:43:37,480] {logging_mixin.py:112} INFO - [2020-07-22 13:43:37,479] {spark_submit_hook.py:479} INFO - 20/07/22 13:43:37 INFO MemoryStore: MemoryStore cleared
[2020-07-22 13:43:37,481] {logging_mixin.py:112} INFO - [2020-07-22 13:43:37,480] {spark_submit_hook.py:479} INFO - 20/07/22 13:43:37 INFO BlockManager: BlockManager stopped
[2020-07-22 13:43:37,501] {logging_mixin.py:112} INFO - [2020-07-22 13:43:37,500] {spark_submit_hook.py:479} INFO - 20/07/22 13:43:37 INFO BlockManagerMaster: BlockManagerMaster stopped
[2020-07-22 13:43:37,501] {logging_mixin.py:112} INFO - [2020-07-22 13:43:37,501] {spark_submit_hook.py:479} INFO - 20/07/22 13:43:37 WARN MetricsSystem: Stopping a MetricsSystem that is not running
[2020-07-22 13:43:37,508] {logging_mixin.py:112} INFO - [2020-07-22 13:43:37,508] {spark_submit_hook.py:479} INFO - 20/07/22 13:43:37 INFO OutputCommitCoordinator$OutputCommitCoordinatorEndpoint: OutputCommitCoordinator stopped!
[2020-07-22 13:43:37,530] {logging_mixin.py:112} INFO - [2020-07-22 13:43:37,530] {spark_submit_hook.py:479} INFO - 20/07/22 13:43:37 INFO SparkContext: Successfully stopped SparkContext
[2020-07-22 13:43:37,593] {logging_mixin.py:112} INFO - [2020-07-22 13:43:37,593] {spark_submit_hook.py:479} INFO - Traceback (most recent call last):
[2020-07-22 13:43:37,593] {logging_mixin.py:112} INFO - [2020-07-22 13:43:37,593] {spark_submit_hook.py:479} INFO - File "/home/bhakti/airflow/spark_jobs/python/spark_test.py", line 12, in <module>
[2020-07-22 13:43:37,593] {logging_mixin.py:112} INFO - [2020-07-22 13:43:37,593] {spark_submit_hook.py:479} INFO - sc = SparkContext(conf=conf)
[2020-07-22 13:43:37,594] {logging_mixin.py:112} INFO - [2020-07-22 13:43:37,594] {spark_submit_hook.py:479} INFO - File "/opt/spark/python/lib/pyspark.zip/pyspark/context.py", line 130, in __init__
[2020-07-22 13:43:37,594] {logging_mixin.py:112} INFO - [2020-07-22 13:43:37,594] {spark_submit_hook.py:479} INFO - File "/opt/spark/python/lib/pyspark.zip/pyspark/context.py", line 193, in _do_init
[2020-07-22 13:43:37,594] {logging_mixin.py:112} INFO - [2020-07-22 13:43:37,594] {spark_submit_hook.py:479} INFO - File "/opt/spark/python/lib/pyspark.zip/pyspark/context.py", line 310, in _initialize_context
[2020-07-22 13:43:37,594] {logging_mixin.py:112} INFO - [2020-07-22 13:43:37,594] {spark_submit_hook.py:479} INFO - File "/opt/spark/python/lib/py4j-0.10.9-src.zip/py4j/java_gateway.py", line 1568, in __call__
[2020-07-22 13:43:37,595] {logging_mixin.py:112} INFO - [2020-07-22 13:43:37,595] {spark_submit_hook.py:479} INFO - File "/opt/spark/python/lib/py4j-0.10.9-src.zip/py4j/protocol.py", line 326, in get_return_value
[2020-07-22 13:43:37,595] {logging_mixin.py:112} INFO - [2020-07-22 13:43:37,595] {spark_submit_hook.py:479} INFO - py4j.protocol.Py4JJavaError: An error occurred while calling None.org.apache.spark.api.java.JavaSparkContext.
[2020-07-22 13:43:37,595] {logging_mixin.py:112} INFO - [2020-07-22 13:43:37,595] {spark_submit_hook.py:479} INFO - : org.apache.spark.SparkException: Could not parse Master URL: 'localhost:4040'
[2020-07-22 13:43:37,596] {logging_mixin.py:112} INFO - [2020-07-22 13:43:37,595] {spark_submit_hook.py:479} INFO - at org.apache.spark.SparkContext$.org$apache$spark$SparkContext$$createTaskScheduler(SparkContext.scala:2924)
[2020-07-22 13:43:37,596] {logging_mixin.py:112} INFO - [2020-07-22 13:43:37,596] {spark_submit_hook.py:479} INFO - at org.apache.spark.SparkContext.<init>(SparkContext.scala:528)
[2020-07-22 13:43:37,596] {logging_mixin.py:112} INFO - [2020-07-22 13:43:37,596] {spark_submit_hook.py:479} INFO - at org.apache.spark.api.java.JavaSparkContext.<init>(JavaSparkContext.scala:58)
[2020-07-22 13:43:37,596] {logging_mixin.py:112} INFO - [2020-07-22 13:43:37,596] {spark_submit_hook.py:479} INFO - at sun.reflect.NativeConstructorAccessorImpl.newInstance0(Native Method)
[2020-07-22 13:43:37,597] {logging_mixin.py:112} INFO - [2020-07-22 13:43:37,596] {spark_submit_hook.py:479} INFO - at sun.reflect.NativeConstructorAccessorImpl.newInstance(NativeConstructorAccessorImpl.java:62)
[2020-07-22 13:43:37,597] {logging_mixin.py:112} INFO - [2020-07-22 13:43:37,597] {spark_submit_hook.py:479} INFO - at sun.reflect.DelegatingConstructorAccessorImpl.newInstance(DelegatingConstructorAccessorImpl.java:45)
[2020-07-22 13:43:37,597] {logging_mixin.py:112} INFO - [2020-07-22 13:43:37,597] {spark_submit_hook.py:479} INFO - at java.lang.reflect.Constructor.newInstance(Constructor.java:423)
[2020-07-22 13:43:37,597] {logging_mixin.py:112} INFO - [2020-07-22 13:43:37,597] {spark_submit_hook.py:479} INFO - at py4j.reflection.MethodInvoker.invoke(MethodInvoker.java:247)
[2020-07-22 13:43:37,597] {logging_mixin.py:112} INFO - [2020-07-22 13:43:37,597] {spark_submit_hook.py:479} INFO - at py4j.reflection.ReflectionEngine.invoke(ReflectionEngine.java:357)
[2020-07-22 13:43:37,598] {logging_mixin.py:112} INFO - [2020-07-22 13:43:37,598] {spark_submit_hook.py:479} INFO - at py4j.Gateway.invoke(Gateway.java:238)
[2020-07-22 13:43:37,598] {logging_mixin.py:112} INFO - [2020-07-22 13:43:37,598] {spark_submit_hook.py:479} INFO - at py4j.commands.ConstructorCommand.invokeConstructor(ConstructorCommand.java:80)
[2020-07-22 13:43:37,598] {logging_mixin.py:112} INFO - [2020-07-22 13:43:37,598] {spark_submit_hook.py:479} INFO - at py4j.commands.ConstructorCommand.execute(ConstructorCommand.java:69)
[2020-07-22 13:43:37,598] {logging_mixin.py:112} INFO - [2020-07-22 13:43:37,598] {spark_submit_hook.py:479} INFO - at py4j.GatewayConnection.run(GatewayConnection.java:238)
[2020-07-22 13:43:37,599] {logging_mixin.py:112} INFO - [2020-07-22 13:43:37,598] {spark_submit_hook.py:479} INFO - at java.lang.Thread.run(Thread.java:748)
[2020-07-22 13:43:37,599] {logging_mixin.py:112} INFO - [2020-07-22 13:43:37,599] {spark_submit_hook.py:479} INFO - 
[2020-07-22 13:43:37,691] {logging_mixin.py:112} INFO - [2020-07-22 13:43:37,691] {spark_submit_hook.py:479} INFO - 20/07/22 13:43:37 INFO ShutdownHookManager: Shutdown hook called
[2020-07-22 13:43:37,693] {logging_mixin.py:112} INFO - [2020-07-22 13:43:37,692] {spark_submit_hook.py:479} INFO - 20/07/22 13:43:37 INFO ShutdownHookManager: Deleting directory /tmp/spark-5941981d-7aca-45e4-bec9-90a64be03499
[2020-07-22 13:43:37,695] {logging_mixin.py:112} INFO - [2020-07-22 13:43:37,695] {spark_submit_hook.py:479} INFO - 20/07/22 13:43:37 INFO ShutdownHookManager: Deleting directory /tmp/spark-39f3bfca-1915-4a1c-a091-8e9a5a46e0da
[2020-07-22 13:43:37,743] {taskinstance.py:1145} ERROR - Cannot execute: spark-submit --master localhost:4040 --name airflow-spark /home/bhakti/airflow/spark_jobs/python/spark_test.py. Error code is: 1.
Traceback (most recent call last):
  File "/usr/local/lib/python3.8/dist-packages/airflow/models/taskinstance.py", line 983, in _run_raw_task
    result = task_copy.execute(context=context)
  File "/usr/local/lib/python3.8/dist-packages/airflow/contrib/operators/spark_submit_operator.py", line 187, in execute
    self._hook.submit(self._application)
  File "/usr/local/lib/python3.8/dist-packages/airflow/contrib/hooks/spark_submit_hook.py", line 403, in submit
    raise AirflowException(
airflow.exceptions.AirflowException: Cannot execute: spark-submit --master localhost:4040 --name airflow-spark /home/bhakti/airflow/spark_jobs/python/spark_test.py. Error code is: 1.
[2020-07-22 13:43:37,746] {taskinstance.py:1189} INFO - Marking task as FAILED.dag_id=submit_data, task_id=spark_submit, execution_date=20200720T014000, start_date=20200722T081329, end_date=20200722T081337
[2020-07-22 13:43:39,555] {logging_mixin.py:112} INFO - [2020-07-22 13:43:39,555] {local_task_job.py:103} INFO - Task exited with return code 1
