[2020-07-22 18:27:45,749] {taskinstance.py:669} INFO - Dependencies all met for <TaskInstance: submit_data.spark_submit 2020-07-20T09:13:00+00:00 [queued]>
[2020-07-22 18:27:45,765] {taskinstance.py:669} INFO - Dependencies all met for <TaskInstance: submit_data.spark_submit 2020-07-20T09:13:00+00:00 [queued]>
[2020-07-22 18:27:45,765] {taskinstance.py:879} INFO - 
--------------------------------------------------------------------------------
[2020-07-22 18:27:45,766] {taskinstance.py:880} INFO - Starting attempt 1 of 1
[2020-07-22 18:27:45,766] {taskinstance.py:881} INFO - 
--------------------------------------------------------------------------------
[2020-07-22 18:27:45,943] {taskinstance.py:900} INFO - Executing <Task(SparkSubmitOperator): spark_submit> on 2020-07-20T09:13:00+00:00
[2020-07-22 18:27:45,949] {standard_task_runner.py:53} INFO - Started process 730440 to run task
[2020-07-22 18:27:46,316] {logging_mixin.py:112} INFO - Running %s on host %s <TaskInstance: submit_data.spark_submit 2020-07-20T09:13:00+00:00 [running]> bhakti-Vostro-3558
[2020-07-22 18:27:46,391] {logging_mixin.py:112} INFO - [2020-07-22 18:27:46,391] {base_hook.py:87} INFO - Using connection to: id: spark_local. Host: local, Port: None, Schema: None, Login: None, Password: None, extra: None
[2020-07-22 18:27:46,393] {logging_mixin.py:112} INFO - [2020-07-22 18:27:46,393] {spark_submit_hook.py:325} INFO - Spark-Submit cmd: spark-submit --master local --name airflow-spark /home/bhakti/airflow/spark_jobs/spark_test.py
[2020-07-22 18:27:52,464] {logging_mixin.py:112} INFO - [2020-07-22 18:27:52,463] {spark_submit_hook.py:479} INFO - 20/07/22 18:27:52 WARN Utils: Your hostname, bhakti-Vostro-3558 resolves to a loopback address: 127.0.1.1; using 192.168.43.94 instead (on interface wlp6s0)
[2020-07-22 18:27:52,471] {logging_mixin.py:112} INFO - [2020-07-22 18:27:52,471] {spark_submit_hook.py:479} INFO - 20/07/22 18:27:52 WARN Utils: Set SPARK_LOCAL_IP if you need to bind to another address
[2020-07-22 18:27:55,418] {logging_mixin.py:112} INFO - [2020-07-22 18:27:55,418] {spark_submit_hook.py:479} INFO - 20/07/22 18:27:55 WARN NativeCodeLoader: Unable to load native-hadoop library for your platform... using builtin-java classes where applicable
[2020-07-22 18:27:59,132] {logging_mixin.py:112} INFO - [2020-07-22 18:27:59,132] {spark_submit_hook.py:479} INFO - Using Spark's default log4j profile: org/apache/spark/log4j-defaults.properties
[2020-07-22 18:27:59,182] {logging_mixin.py:112} INFO - [2020-07-22 18:27:59,182] {spark_submit_hook.py:479} INFO - 20/07/22 18:27:59 INFO SparkContext: Running Spark version 3.0.0
[2020-07-22 18:27:59,397] {logging_mixin.py:112} INFO - [2020-07-22 18:27:59,396] {spark_submit_hook.py:479} INFO - 20/07/22 18:27:59 INFO ResourceUtils: ==============================================================
[2020-07-22 18:27:59,399] {logging_mixin.py:112} INFO - [2020-07-22 18:27:59,399] {spark_submit_hook.py:479} INFO - 20/07/22 18:27:59 INFO ResourceUtils: Resources for spark.driver:
[2020-07-22 18:27:59,400] {logging_mixin.py:112} INFO - [2020-07-22 18:27:59,400] {spark_submit_hook.py:479} INFO - 
[2020-07-22 18:27:59,400] {logging_mixin.py:112} INFO - [2020-07-22 18:27:59,400] {spark_submit_hook.py:479} INFO - 20/07/22 18:27:59 INFO ResourceUtils: ==============================================================
[2020-07-22 18:27:59,402] {logging_mixin.py:112} INFO - [2020-07-22 18:27:59,401] {spark_submit_hook.py:479} INFO - 20/07/22 18:27:59 INFO SparkContext: Submitted application: Spark_Test_Python
[2020-07-22 18:27:59,517] {logging_mixin.py:112} INFO - [2020-07-22 18:27:59,517] {spark_submit_hook.py:479} INFO - 20/07/22 18:27:59 INFO SecurityManager: Changing view acls to: bhakti
[2020-07-22 18:27:59,518] {logging_mixin.py:112} INFO - [2020-07-22 18:27:59,517] {spark_submit_hook.py:479} INFO - 20/07/22 18:27:59 INFO SecurityManager: Changing modify acls to: bhakti
[2020-07-22 18:27:59,518] {logging_mixin.py:112} INFO - [2020-07-22 18:27:59,518] {spark_submit_hook.py:479} INFO - 20/07/22 18:27:59 INFO SecurityManager: Changing view acls groups to:
[2020-07-22 18:27:59,518] {logging_mixin.py:112} INFO - [2020-07-22 18:27:59,518] {spark_submit_hook.py:479} INFO - 20/07/22 18:27:59 INFO SecurityManager: Changing modify acls groups to:
[2020-07-22 18:27:59,518] {logging_mixin.py:112} INFO - [2020-07-22 18:27:59,518] {spark_submit_hook.py:479} INFO - 20/07/22 18:27:59 INFO SecurityManager: SecurityManager: authentication disabled; ui acls disabled; users  with view permissions: Set(bhakti); groups with view permissions: Set(); users  with modify permissions: Set(bhakti); groups with modify permissions: Set()
[2020-07-22 18:28:00,078] {logging_mixin.py:112} INFO - [2020-07-22 18:28:00,078] {spark_submit_hook.py:479} INFO - 20/07/22 18:28:00 INFO Utils: Successfully started service 'sparkDriver' on port 44939.
[2020-07-22 18:28:00,139] {logging_mixin.py:112} INFO - [2020-07-22 18:28:00,139] {spark_submit_hook.py:479} INFO - 20/07/22 18:28:00 INFO SparkEnv: Registering MapOutputTracker
[2020-07-22 18:28:00,288] {logging_mixin.py:112} INFO - [2020-07-22 18:28:00,288] {spark_submit_hook.py:479} INFO - 20/07/22 18:28:00 INFO SparkEnv: Registering BlockManagerMaster
[2020-07-22 18:28:00,349] {logging_mixin.py:112} INFO - [2020-07-22 18:28:00,348] {spark_submit_hook.py:479} INFO - 20/07/22 18:28:00 INFO BlockManagerMasterEndpoint: Using org.apache.spark.storage.DefaultTopologyMapper for getting topology information
[2020-07-22 18:28:00,353] {logging_mixin.py:112} INFO - [2020-07-22 18:28:00,352] {spark_submit_hook.py:479} INFO - 20/07/22 18:28:00 INFO BlockManagerMasterEndpoint: BlockManagerMasterEndpoint up
[2020-07-22 18:28:00,365] {logging_mixin.py:112} INFO - [2020-07-22 18:28:00,365] {spark_submit_hook.py:479} INFO - 20/07/22 18:28:00 INFO SparkEnv: Registering BlockManagerMasterHeartbeat
[2020-07-22 18:28:00,462] {logging_mixin.py:112} INFO - [2020-07-22 18:28:00,462] {spark_submit_hook.py:479} INFO - 20/07/22 18:28:00 INFO DiskBlockManager: Created local directory at /tmp/blockmgr-c292c01b-13e9-4a14-a542-3d7ecb90e8cd
[2020-07-22 18:28:00,573] {logging_mixin.py:112} INFO - [2020-07-22 18:28:00,573] {spark_submit_hook.py:479} INFO - 20/07/22 18:28:00 INFO MemoryStore: MemoryStore started with capacity 366.3 MiB
[2020-07-22 18:28:00,629] {logging_mixin.py:112} INFO - [2020-07-22 18:28:00,628] {spark_submit_hook.py:479} INFO - 20/07/22 18:28:00 INFO SparkEnv: Registering OutputCommitCoordinator
[2020-07-22 18:28:01,431] {logging_mixin.py:112} INFO - [2020-07-22 18:28:01,431] {spark_submit_hook.py:479} INFO - 20/07/22 18:28:01 INFO Utils: Successfully started service 'SparkUI' on port 4040.
[2020-07-22 18:28:01,598] {logging_mixin.py:112} INFO - [2020-07-22 18:28:01,598] {spark_submit_hook.py:479} INFO - 20/07/22 18:28:01 INFO SparkUI: Bound SparkUI to 0.0.0.0, and started at http://192.168.43.94:4040
[2020-07-22 18:28:02,093] {logging_mixin.py:112} INFO - [2020-07-22 18:28:02,093] {spark_submit_hook.py:479} INFO - 20/07/22 18:28:02 INFO Executor: Starting executor ID driver on host 192.168.43.94
[2020-07-22 18:28:02,179] {logging_mixin.py:112} INFO - [2020-07-22 18:28:02,179] {spark_submit_hook.py:479} INFO - 20/07/22 18:28:02 INFO Utils: Successfully started service 'org.apache.spark.network.netty.NettyBlockTransferService' on port 40587.
[2020-07-22 18:28:02,179] {logging_mixin.py:112} INFO - [2020-07-22 18:28:02,179] {spark_submit_hook.py:479} INFO - 20/07/22 18:28:02 INFO NettyBlockTransferService: Server created on 192.168.43.94:40587
[2020-07-22 18:28:02,180] {logging_mixin.py:112} INFO - [2020-07-22 18:28:02,179] {spark_submit_hook.py:479} INFO - 20/07/22 18:28:02 INFO BlockManager: Using org.apache.spark.storage.RandomBlockReplicationPolicy for block replication policy
[2020-07-22 18:28:02,202] {logging_mixin.py:112} INFO - [2020-07-22 18:28:02,202] {spark_submit_hook.py:479} INFO - 20/07/22 18:28:02 INFO BlockManagerMaster: Registering BlockManager BlockManagerId(driver, 192.168.43.94, 40587, None)
[2020-07-22 18:28:02,222] {logging_mixin.py:112} INFO - [2020-07-22 18:28:02,222] {spark_submit_hook.py:479} INFO - 20/07/22 18:28:02 INFO BlockManagerMasterEndpoint: Registering block manager 192.168.43.94:40587 with 366.3 MiB RAM, BlockManagerId(driver, 192.168.43.94, 40587, None)
[2020-07-22 18:28:02,234] {logging_mixin.py:112} INFO - [2020-07-22 18:28:02,233] {spark_submit_hook.py:479} INFO - 20/07/22 18:28:02 INFO BlockManagerMaster: Registered BlockManager BlockManagerId(driver, 192.168.43.94, 40587, None)
[2020-07-22 18:28:02,239] {logging_mixin.py:112} INFO - [2020-07-22 18:28:02,238] {spark_submit_hook.py:479} INFO - 20/07/22 18:28:02 INFO BlockManager: Initialized BlockManager: BlockManagerId(driver, 192.168.43.94, 40587, None)
[2020-07-22 18:28:05,015] {logging_mixin.py:112} INFO - [2020-07-22 18:28:05,014] {spark_submit_hook.py:479} INFO - 20/07/22 18:28:05 INFO MemoryStore: Block broadcast_0 stored as values in memory (estimated size 241.5 KiB, free 366.1 MiB)
[2020-07-22 18:28:05,391] {logging_mixin.py:112} INFO - [2020-07-22 18:28:05,390] {spark_submit_hook.py:479} INFO - 20/07/22 18:28:05 INFO MemoryStore: Block broadcast_0_piece0 stored as bytes in memory (estimated size 23.4 KiB, free 366.0 MiB)
[2020-07-22 18:28:05,399] {logging_mixin.py:112} INFO - [2020-07-22 18:28:05,398] {spark_submit_hook.py:479} INFO - 20/07/22 18:28:05 INFO BlockManagerInfo: Added broadcast_0_piece0 in memory on 192.168.43.94:40587 (size: 23.4 KiB, free: 366.3 MiB)
[2020-07-22 18:28:05,423] {logging_mixin.py:112} INFO - [2020-07-22 18:28:05,423] {spark_submit_hook.py:479} INFO - 20/07/22 18:28:05 INFO SparkContext: Created broadcast 0 from textFile at NativeMethodAccessorImpl.java:0
[2020-07-22 18:28:05,765] {logging_mixin.py:112} INFO - [2020-07-22 18:28:05,765] {spark_submit_hook.py:479} INFO - 20/07/22 18:28:05 INFO FileInputFormat: Total input paths to process : 1
[2020-07-22 18:28:05,937] {logging_mixin.py:112} INFO - [2020-07-22 18:28:05,937] {spark_submit_hook.py:479} INFO - 20/07/22 18:28:05 INFO SparkContext: Starting job: collect at /home/bhakti/airflow/spark_jobs/spark_test.py:8
[2020-07-22 18:28:05,963] {logging_mixin.py:112} INFO - [2020-07-22 18:28:05,963] {spark_submit_hook.py:479} INFO - 20/07/22 18:28:05 INFO DAGScheduler: Got job 0 (collect at /home/bhakti/airflow/spark_jobs/spark_test.py:8) with 1 output partitions
[2020-07-22 18:28:05,964] {logging_mixin.py:112} INFO - [2020-07-22 18:28:05,964] {spark_submit_hook.py:479} INFO - 20/07/22 18:28:05 INFO DAGScheduler: Final stage: ResultStage 0 (collect at /home/bhakti/airflow/spark_jobs/spark_test.py:8)
[2020-07-22 18:28:05,965] {logging_mixin.py:112} INFO - [2020-07-22 18:28:05,964] {spark_submit_hook.py:479} INFO - 20/07/22 18:28:05 INFO DAGScheduler: Parents of final stage: List()
[2020-07-22 18:28:05,967] {logging_mixin.py:112} INFO - [2020-07-22 18:28:05,967] {spark_submit_hook.py:479} INFO - 20/07/22 18:28:05 INFO DAGScheduler: Missing parents: List()
[2020-07-22 18:28:05,984] {logging_mixin.py:112} INFO - [2020-07-22 18:28:05,984] {spark_submit_hook.py:479} INFO - 20/07/22 18:28:05 INFO DAGScheduler: Submitting ResultStage 0 (PythonRDD[2] at collect at /home/bhakti/airflow/spark_jobs/spark_test.py:8), which has no missing parents
[2020-07-22 18:28:06,059] {logging_mixin.py:112} INFO - [2020-07-22 18:28:06,059] {spark_submit_hook.py:479} INFO - 20/07/22 18:28:06 INFO MemoryStore: Block broadcast_1 stored as values in memory (estimated size 7.4 KiB, free 366.0 MiB)
[2020-07-22 18:28:06,070] {logging_mixin.py:112} INFO - [2020-07-22 18:28:06,070] {spark_submit_hook.py:479} INFO - 20/07/22 18:28:06 INFO MemoryStore: Block broadcast_1_piece0 stored as bytes in memory (estimated size 4.4 KiB, free 366.0 MiB)
[2020-07-22 18:28:06,072] {logging_mixin.py:112} INFO - [2020-07-22 18:28:06,071] {spark_submit_hook.py:479} INFO - 20/07/22 18:28:06 INFO BlockManagerInfo: Added broadcast_1_piece0 in memory on 192.168.43.94:40587 (size: 4.4 KiB, free: 366.3 MiB)
[2020-07-22 18:28:06,074] {logging_mixin.py:112} INFO - [2020-07-22 18:28:06,073] {spark_submit_hook.py:479} INFO - 20/07/22 18:28:06 INFO SparkContext: Created broadcast 1 from broadcast at DAGScheduler.scala:1200
[2020-07-22 18:28:06,096] {logging_mixin.py:112} INFO - [2020-07-22 18:28:06,096] {spark_submit_hook.py:479} INFO - 20/07/22 18:28:06 INFO DAGScheduler: Submitting 1 missing tasks from ResultStage 0 (PythonRDD[2] at collect at /home/bhakti/airflow/spark_jobs/spark_test.py:8) (first 15 tasks are for partitions Vector(0))
[2020-07-22 18:28:06,098] {logging_mixin.py:112} INFO - [2020-07-22 18:28:06,098] {spark_submit_hook.py:479} INFO - 20/07/22 18:28:06 INFO TaskSchedulerImpl: Adding task set 0.0 with 1 tasks
[2020-07-22 18:28:06,218] {logging_mixin.py:112} INFO - [2020-07-22 18:28:06,218] {spark_submit_hook.py:479} INFO - 20/07/22 18:28:06 INFO TaskSetManager: Starting task 0.0 in stage 0.0 (TID 0, 192.168.43.94, executor driver, partition 0, PROCESS_LOCAL, 7388 bytes)
[2020-07-22 18:28:06,294] {logging_mixin.py:112} INFO - [2020-07-22 18:28:06,294] {spark_submit_hook.py:479} INFO - 20/07/22 18:28:06 INFO Executor: Running task 0.0 in stage 0.0 (TID 0)
[2020-07-22 18:28:07,829] {logging_mixin.py:112} INFO - [2020-07-22 18:28:07,828] {spark_submit_hook.py:479} INFO - 20/07/22 18:28:07 INFO HadoopRDD: Input split: file:/home/bhakti/airflow/input_data/sample.csv:0+93
[2020-07-22 18:28:10,066] {logging_mixin.py:112} INFO - [2020-07-22 18:28:10,066] {spark_submit_hook.py:479} INFO - 20/07/22 18:28:10 INFO PythonRunner: Times: total = 2163, boot = 2127, init = 35, finish = 1
[2020-07-22 18:28:10,169] {logging_mixin.py:112} INFO - [2020-07-22 18:28:10,168] {spark_submit_hook.py:479} INFO - 20/07/22 18:28:10 INFO Executor: Finished task 0.0 in stage 0.0 (TID 0). 1822 bytes result sent to driver
[2020-07-22 18:28:10,211] {logging_mixin.py:112} INFO - [2020-07-22 18:28:10,211] {spark_submit_hook.py:479} INFO - 20/07/22 18:28:10 INFO TaskSetManager: Finished task 0.0 in stage 0.0 (TID 0) in 4018 ms on 192.168.43.94 (executor driver) (1/1)
[2020-07-22 18:28:10,216] {logging_mixin.py:112} INFO - [2020-07-22 18:28:10,216] {spark_submit_hook.py:479} INFO - 20/07/22 18:28:10 INFO TaskSchedulerImpl: Removed TaskSet 0.0, whose tasks have all completed, from pool
[2020-07-22 18:28:10,224] {logging_mixin.py:112} INFO - [2020-07-22 18:28:10,224] {spark_submit_hook.py:479} INFO - 20/07/22 18:28:10 INFO PythonAccumulatorV2: Connected to AccumulatorServer at host: 127.0.0.1 port: 51257
[2020-07-22 18:28:10,249] {logging_mixin.py:112} INFO - [2020-07-22 18:28:10,249] {spark_submit_hook.py:479} INFO - 20/07/22 18:28:10 INFO DAGScheduler: ResultStage 0 (collect at /home/bhakti/airflow/spark_jobs/spark_test.py:8) finished in 4.208 s
[2020-07-22 18:28:10,288] {logging_mixin.py:112} INFO - [2020-07-22 18:28:10,288] {spark_submit_hook.py:479} INFO - 20/07/22 18:28:10 INFO DAGScheduler: Job 0 is finished. Cancelling potential speculative or zombie tasks for this job
[2020-07-22 18:28:10,291] {logging_mixin.py:112} INFO - [2020-07-22 18:28:10,291] {spark_submit_hook.py:479} INFO - 20/07/22 18:28:10 INFO TaskSchedulerImpl: Killing all running tasks in stage 0: Stage finished
[2020-07-22 18:28:10,299] {logging_mixin.py:112} INFO - [2020-07-22 18:28:10,298] {spark_submit_hook.py:479} INFO - 20/07/22 18:28:10 INFO DAGScheduler: Job 0 finished: collect at /home/bhakti/airflow/spark_jobs/spark_test.py:8, took 4.360424 s
[2020-07-22 18:28:10,338] {logging_mixin.py:112} INFO - [2020-07-22 18:28:10,338] {spark_submit_hook.py:479} INFO - [('PERSON', 'JOINING_YEAR', 'COMPANY'), ('John', '2018', 'Google'), ('Sam', '2017', 'IBM'), ('Jeff', '2014', 'Yahoo'), ('Allen', '2015', 'Facebook')]
[2020-07-22 18:28:12,293] {logging_mixin.py:112} INFO - [2020-07-22 18:28:12,293] {spark_submit_hook.py:479} INFO - 20/07/22 18:28:12 INFO BlockManagerInfo: Removed broadcast_1_piece0 on 192.168.43.94:40587 in memory (size: 4.4 KiB, free: 366.3 MiB)
[2020-07-22 18:28:12,348] {logging_mixin.py:112} INFO - [2020-07-22 18:28:12,348] {spark_submit_hook.py:479} INFO - 20/07/22 18:28:12 INFO BlockManagerInfo: Removed broadcast_0_piece0 on 192.168.43.94:40587 in memory (size: 23.4 KiB, free: 366.3 MiB)
[2020-07-22 18:28:12,736] {logging_mixin.py:112} INFO - [2020-07-22 18:28:12,735] {spark_submit_hook.py:479} INFO - 20/07/22 18:28:12 INFO SharedState: Setting hive.metastore.warehouse.dir ('null') to the value of spark.sql.warehouse.dir ('file:/home/bhakti/airflow/spark-warehouse').
[2020-07-22 18:28:12,736] {logging_mixin.py:112} INFO - [2020-07-22 18:28:12,736] {spark_submit_hook.py:479} INFO - 20/07/22 18:28:12 INFO SharedState: Warehouse path is 'file:/home/bhakti/airflow/spark-warehouse'.
[2020-07-22 18:28:19,039] {logging_mixin.py:112} INFO - [2020-07-22 18:28:19,039] {spark_submit_hook.py:479} INFO - 20/07/22 18:28:19 INFO CodeGenerator: Code generated in 588.394046 ms
[2020-07-22 18:28:19,112] {logging_mixin.py:112} INFO - [2020-07-22 18:28:19,112] {spark_submit_hook.py:479} INFO - 20/07/22 18:28:19 INFO SparkContext: Starting job: showString at NativeMethodAccessorImpl.java:0
[2020-07-22 18:28:19,126] {logging_mixin.py:112} INFO - [2020-07-22 18:28:19,126] {spark_submit_hook.py:479} INFO - 20/07/22 18:28:19 INFO DAGScheduler: Got job 1 (showString at NativeMethodAccessorImpl.java:0) with 1 output partitions
[2020-07-22 18:28:19,127] {logging_mixin.py:112} INFO - [2020-07-22 18:28:19,127] {spark_submit_hook.py:479} INFO - 20/07/22 18:28:19 INFO DAGScheduler: Final stage: ResultStage 1 (showString at NativeMethodAccessorImpl.java:0)
[2020-07-22 18:28:19,128] {logging_mixin.py:112} INFO - [2020-07-22 18:28:19,128] {spark_submit_hook.py:479} INFO - 20/07/22 18:28:19 INFO DAGScheduler: Parents of final stage: List()
[2020-07-22 18:28:19,128] {logging_mixin.py:112} INFO - [2020-07-22 18:28:19,128] {spark_submit_hook.py:479} INFO - 20/07/22 18:28:19 INFO DAGScheduler: Missing parents: List()
[2020-07-22 18:28:19,129] {logging_mixin.py:112} INFO - [2020-07-22 18:28:19,129] {spark_submit_hook.py:479} INFO - 20/07/22 18:28:19 INFO DAGScheduler: Submitting ResultStage 1 (MapPartitionsRDD[9] at showString at NativeMethodAccessorImpl.java:0), which has no missing parents
[2020-07-22 18:28:19,176] {logging_mixin.py:112} INFO - [2020-07-22 18:28:19,175] {spark_submit_hook.py:479} INFO - 20/07/22 18:28:19 INFO MemoryStore: Block broadcast_2 stored as values in memory (estimated size 11.2 KiB, free 366.3 MiB)
[2020-07-22 18:28:19,182] {logging_mixin.py:112} INFO - [2020-07-22 18:28:19,182] {spark_submit_hook.py:479} INFO - 20/07/22 18:28:19 INFO MemoryStore: Block broadcast_2_piece0 stored as bytes in memory (estimated size 5.8 KiB, free 366.3 MiB)
[2020-07-22 18:28:19,187] {logging_mixin.py:112} INFO - [2020-07-22 18:28:19,186] {spark_submit_hook.py:479} INFO - 20/07/22 18:28:19 INFO BlockManagerInfo: Added broadcast_2_piece0 in memory on 192.168.43.94:40587 (size: 5.8 KiB, free: 366.3 MiB)
[2020-07-22 18:28:19,189] {logging_mixin.py:112} INFO - [2020-07-22 18:28:19,189] {spark_submit_hook.py:479} INFO - 20/07/22 18:28:19 INFO SparkContext: Created broadcast 2 from broadcast at DAGScheduler.scala:1200
[2020-07-22 18:28:19,191] {logging_mixin.py:112} INFO - [2020-07-22 18:28:19,191] {spark_submit_hook.py:479} INFO - 20/07/22 18:28:19 INFO DAGScheduler: Submitting 1 missing tasks from ResultStage 1 (MapPartitionsRDD[9] at showString at NativeMethodAccessorImpl.java:0) (first 15 tasks are for partitions Vector(0))
[2020-07-22 18:28:19,192] {logging_mixin.py:112} INFO - [2020-07-22 18:28:19,191] {spark_submit_hook.py:479} INFO - 20/07/22 18:28:19 INFO TaskSchedulerImpl: Adding task set 1.0 with 1 tasks
[2020-07-22 18:28:19,230] {logging_mixin.py:112} INFO - [2020-07-22 18:28:19,230] {spark_submit_hook.py:479} INFO - 20/07/22 18:28:19 INFO TaskSetManager: Starting task 0.0 in stage 1.0 (TID 1, 192.168.43.94, executor driver, partition 0, PROCESS_LOCAL, 7493 bytes)
[2020-07-22 18:28:19,233] {logging_mixin.py:112} INFO - [2020-07-22 18:28:19,233] {spark_submit_hook.py:479} INFO - 20/07/22 18:28:19 INFO Executor: Running task 0.0 in stage 1.0 (TID 1)
[2020-07-22 18:28:19,383] {logging_mixin.py:112} INFO - [2020-07-22 18:28:19,383] {spark_submit_hook.py:479} INFO - 20/07/22 18:28:19 INFO PythonRunner: Times: total = 9, boot = -9240, init = 9249, finish = 0
[2020-07-22 18:28:19,391] {logging_mixin.py:112} INFO - [2020-07-22 18:28:19,391] {spark_submit_hook.py:479} INFO - 20/07/22 18:28:19 INFO Executor: Finished task 0.0 in stage 1.0 (TID 1). 2235 bytes result sent to driver
[2020-07-22 18:28:19,392] {logging_mixin.py:112} INFO - [2020-07-22 18:28:19,392] {spark_submit_hook.py:479} INFO - 20/07/22 18:28:19 INFO TaskSetManager: Finished task 0.0 in stage 1.0 (TID 1) in 198 ms on 192.168.43.94 (executor driver) (1/1)
[2020-07-22 18:28:19,393] {logging_mixin.py:112} INFO - [2020-07-22 18:28:19,393] {spark_submit_hook.py:479} INFO - 20/07/22 18:28:19 INFO TaskSchedulerImpl: Removed TaskSet 1.0, whose tasks have all completed, from pool
[2020-07-22 18:28:19,396] {logging_mixin.py:112} INFO - [2020-07-22 18:28:19,396] {spark_submit_hook.py:479} INFO - 20/07/22 18:28:19 INFO DAGScheduler: ResultStage 1 (showString at NativeMethodAccessorImpl.java:0) finished in 0.260 s
[2020-07-22 18:28:19,397] {logging_mixin.py:112} INFO - [2020-07-22 18:28:19,396] {spark_submit_hook.py:479} INFO - 20/07/22 18:28:19 INFO DAGScheduler: Job 1 is finished. Cancelling potential speculative or zombie tasks for this job
[2020-07-22 18:28:19,397] {logging_mixin.py:112} INFO - [2020-07-22 18:28:19,397] {spark_submit_hook.py:479} INFO - 20/07/22 18:28:19 INFO TaskSchedulerImpl: Killing all running tasks in stage 1: Stage finished
[2020-07-22 18:28:19,401] {logging_mixin.py:112} INFO - [2020-07-22 18:28:19,401] {spark_submit_hook.py:479} INFO - 20/07/22 18:28:19 INFO DAGScheduler: Job 1 finished: showString at NativeMethodAccessorImpl.java:0, took 0.284562 s
[2020-07-22 18:28:19,482] {logging_mixin.py:112} INFO - [2020-07-22 18:28:19,482] {spark_submit_hook.py:479} INFO - 20/07/22 18:28:19 INFO CodeGenerator: Code generated in 48.654446 ms
[2020-07-22 18:28:19,503] {logging_mixin.py:112} INFO - [2020-07-22 18:28:19,503] {spark_submit_hook.py:479} INFO - +------+------------+--------+
[2020-07-22 18:28:19,503] {logging_mixin.py:112} INFO - [2020-07-22 18:28:19,503] {spark_submit_hook.py:479} INFO - |    _1|          _2|      _3|
[2020-07-22 18:28:19,504] {logging_mixin.py:112} INFO - [2020-07-22 18:28:19,504] {spark_submit_hook.py:479} INFO - +------+------------+--------+
[2020-07-22 18:28:19,504] {logging_mixin.py:112} INFO - [2020-07-22 18:28:19,504] {spark_submit_hook.py:479} INFO - |PERSON|JOINING_YEAR| COMPANY|
[2020-07-22 18:28:19,504] {logging_mixin.py:112} INFO - [2020-07-22 18:28:19,504] {spark_submit_hook.py:479} INFO - |  John|        2018|  Google|
[2020-07-22 18:28:19,504] {logging_mixin.py:112} INFO - [2020-07-22 18:28:19,504] {spark_submit_hook.py:479} INFO - |   Sam|        2017|     IBM|
[2020-07-22 18:28:19,504] {logging_mixin.py:112} INFO - [2020-07-22 18:28:19,504] {spark_submit_hook.py:479} INFO - |  Jeff|        2014|   Yahoo|
[2020-07-22 18:28:19,504] {logging_mixin.py:112} INFO - [2020-07-22 18:28:19,504] {spark_submit_hook.py:479} INFO - | Allen|        2015|Facebook|
[2020-07-22 18:28:19,504] {logging_mixin.py:112} INFO - [2020-07-22 18:28:19,504] {spark_submit_hook.py:479} INFO - +------+------------+--------+
[2020-07-22 18:28:19,505] {logging_mixin.py:112} INFO - [2020-07-22 18:28:19,505] {spark_submit_hook.py:479} INFO - 
[2020-07-22 18:28:19,675] {logging_mixin.py:112} INFO - [2020-07-22 18:28:19,675] {spark_submit_hook.py:479} INFO - 20/07/22 18:28:19 INFO SparkContext: Invoking stop() from shutdown hook
[2020-07-22 18:28:19,696] {logging_mixin.py:112} INFO - [2020-07-22 18:28:19,696] {spark_submit_hook.py:479} INFO - 20/07/22 18:28:19 INFO SparkUI: Stopped Spark web UI at http://192.168.43.94:4040
[2020-07-22 18:28:19,744] {logging_mixin.py:112} INFO - [2020-07-22 18:28:19,744] {spark_submit_hook.py:479} INFO - 20/07/22 18:28:19 INFO MapOutputTrackerMasterEndpoint: MapOutputTrackerMasterEndpoint stopped!
[2020-07-22 18:28:19,807] {logging_mixin.py:112} INFO - [2020-07-22 18:28:19,806] {spark_submit_hook.py:479} INFO - 20/07/22 18:28:19 INFO MemoryStore: MemoryStore cleared
[2020-07-22 18:28:19,808] {logging_mixin.py:112} INFO - [2020-07-22 18:28:19,807] {spark_submit_hook.py:479} INFO - 20/07/22 18:28:19 INFO BlockManager: BlockManager stopped
[2020-07-22 18:28:19,819] {logging_mixin.py:112} INFO - [2020-07-22 18:28:19,818] {spark_submit_hook.py:479} INFO - 20/07/22 18:28:19 INFO BlockManagerMaster: BlockManagerMaster stopped
[2020-07-22 18:28:19,832] {logging_mixin.py:112} INFO - [2020-07-22 18:28:19,831] {spark_submit_hook.py:479} INFO - 20/07/22 18:28:19 INFO OutputCommitCoordinator$OutputCommitCoordinatorEndpoint: OutputCommitCoordinator stopped!
[2020-07-22 18:28:19,870] {logging_mixin.py:112} INFO - [2020-07-22 18:28:19,870] {spark_submit_hook.py:479} INFO - 20/07/22 18:28:19 INFO SparkContext: Successfully stopped SparkContext
[2020-07-22 18:28:19,876] {logging_mixin.py:112} INFO - [2020-07-22 18:28:19,876] {spark_submit_hook.py:479} INFO - 20/07/22 18:28:19 INFO ShutdownHookManager: Shutdown hook called
[2020-07-22 18:28:19,888] {logging_mixin.py:112} INFO - [2020-07-22 18:28:19,887] {spark_submit_hook.py:479} INFO - 20/07/22 18:28:19 INFO ShutdownHookManager: Deleting directory /tmp/spark-d6347bf6-f3bb-47d2-948d-264650e48bb8
[2020-07-22 18:28:19,893] {logging_mixin.py:112} INFO - [2020-07-22 18:28:19,892] {spark_submit_hook.py:479} INFO - 20/07/22 18:28:19 INFO ShutdownHookManager: Deleting directory /tmp/spark-e41b7549-01b6-4aa3-9c7c-0eb19b010749
[2020-07-22 18:28:19,899] {logging_mixin.py:112} INFO - [2020-07-22 18:28:19,899] {spark_submit_hook.py:479} INFO - 20/07/22 18:28:19 INFO ShutdownHookManager: Deleting directory /tmp/spark-e41b7549-01b6-4aa3-9c7c-0eb19b010749/pyspark-ffb45419-a44c-4f04-81e1-23d3c555c85e
[2020-07-22 18:28:20,112] {taskinstance.py:1052} INFO - Marking task as SUCCESS.dag_id=submit_data, task_id=spark_submit, execution_date=20200720T091300, start_date=20200722T125745, end_date=20200722T125820
[2020-07-22 18:28:21,627] {logging_mixin.py:112} INFO - [2020-07-22 18:28:21,627] {local_task_job.py:103} INFO - Task exited with return code 0
