[2020-07-22 14:16:26,732] {taskinstance.py:669} INFO - Dependencies all met for <TaskInstance: submit_data.spark_submit 2020-07-20T02:51:00+00:00 [queued]>
[2020-07-22 14:16:26,743] {taskinstance.py:669} INFO - Dependencies all met for <TaskInstance: submit_data.spark_submit 2020-07-20T02:51:00+00:00 [queued]>
[2020-07-22 14:16:26,743] {taskinstance.py:879} INFO - 
--------------------------------------------------------------------------------
[2020-07-22 14:16:26,743] {taskinstance.py:880} INFO - Starting attempt 1 of 1
[2020-07-22 14:16:26,743] {taskinstance.py:881} INFO - 
--------------------------------------------------------------------------------
[2020-07-22 14:16:26,898] {taskinstance.py:900} INFO - Executing <Task(SparkSubmitOperator): spark_submit> on 2020-07-20T02:51:00+00:00
[2020-07-22 14:16:26,902] {standard_task_runner.py:53} INFO - Started process 409866 to run task
[2020-07-22 14:16:27,129] {logging_mixin.py:112} INFO - Running %s on host %s <TaskInstance: submit_data.spark_submit 2020-07-20T02:51:00+00:00 [running]> bhakti-Vostro-3558
[2020-07-22 14:16:27,261] {logging_mixin.py:112} INFO - [2020-07-22 14:16:27,259] {connection.py:342} ERROR - Extra data: line 1 column 15 (char 14)
Traceback (most recent call last):
  File "/usr/local/lib/python3.8/dist-packages/airflow/models/connection.py", line 340, in extra_dejson
    obj = json.loads(self.extra)
  File "/usr/lib/python3.8/json/__init__.py", line 357, in loads
    return _default_decoder.decode(s)
  File "/usr/lib/python3.8/json/decoder.py", line 340, in decode
    raise JSONDecodeError("Extra data", s, end)
json.decoder.JSONDecodeError: Extra data: line 1 column 15 (char 14)
[2020-07-22 14:16:27,262] {logging_mixin.py:112} INFO - [2020-07-22 14:16:27,262] {connection.py:343} ERROR - Failed parsing the json for conn_id spark_local
[2020-07-22 14:16:27,263] {logging_mixin.py:112} INFO - [2020-07-22 14:16:27,263] {base_hook.py:87} INFO - Using connection to: id: spark_local. Host: localhost, Port: 4041, Schema: None, Login: None, Password: None, extra: None
[2020-07-22 14:16:27,264] {logging_mixin.py:112} INFO - [2020-07-22 14:16:27,264] {connection.py:342} ERROR - Extra data: line 1 column 15 (char 14)
Traceback (most recent call last):
  File "/usr/local/lib/python3.8/dist-packages/airflow/models/connection.py", line 340, in extra_dejson
    obj = json.loads(self.extra)
  File "/usr/lib/python3.8/json/__init__.py", line 357, in loads
    return _default_decoder.decode(s)
  File "/usr/lib/python3.8/json/decoder.py", line 340, in decode
    raise JSONDecodeError("Extra data", s, end)
json.decoder.JSONDecodeError: Extra data: line 1 column 15 (char 14)
[2020-07-22 14:16:27,265] {logging_mixin.py:112} INFO - [2020-07-22 14:16:27,265] {connection.py:343} ERROR - Failed parsing the json for conn_id spark_local
[2020-07-22 14:16:27,267] {logging_mixin.py:112} INFO - [2020-07-22 14:16:27,266] {spark_submit_hook.py:325} INFO - Spark-Submit cmd: spark-submit --master localhost:4041 --name airflow-spark /home/bhakti/airflow/spark_jobs/python/spark_test.py
[2020-07-22 14:16:29,744] {logging_mixin.py:112} INFO - [2020-07-22 14:16:29,744] {spark_submit_hook.py:479} INFO - 20/07/22 14:16:29 WARN Utils: Your hostname, bhakti-Vostro-3558 resolves to a loopback address: 127.0.1.1; using 192.168.43.94 instead (on interface wlp6s0)
[2020-07-22 14:16:29,746] {logging_mixin.py:112} INFO - [2020-07-22 14:16:29,746] {spark_submit_hook.py:479} INFO - 20/07/22 14:16:29 WARN Utils: Set SPARK_LOCAL_IP if you need to bind to another address
[2020-07-22 14:16:31,192] {logging_mixin.py:112} INFO - [2020-07-22 14:16:31,191] {spark_submit_hook.py:479} INFO - 20/07/22 14:16:31 WARN NativeCodeLoader: Unable to load native-hadoop library for your platform... using builtin-java classes where applicable
[2020-07-22 14:16:32,959] {logging_mixin.py:112} INFO - [2020-07-22 14:16:32,959] {spark_submit_hook.py:479} INFO - Using Spark's default log4j profile: org/apache/spark/log4j-defaults.properties
[2020-07-22 14:16:32,972] {logging_mixin.py:112} INFO - [2020-07-22 14:16:32,972] {spark_submit_hook.py:479} INFO - 20/07/22 14:16:32 INFO SparkContext: Running Spark version 3.0.0
[2020-07-22 14:16:33,035] {logging_mixin.py:112} INFO - [2020-07-22 14:16:33,035] {spark_submit_hook.py:479} INFO - 20/07/22 14:16:33 INFO ResourceUtils: ==============================================================
[2020-07-22 14:16:33,037] {logging_mixin.py:112} INFO - [2020-07-22 14:16:33,037] {spark_submit_hook.py:479} INFO - 20/07/22 14:16:33 INFO ResourceUtils: Resources for spark.driver:
[2020-07-22 14:16:33,038] {logging_mixin.py:112} INFO - [2020-07-22 14:16:33,038] {spark_submit_hook.py:479} INFO - 
[2020-07-22 14:16:33,038] {logging_mixin.py:112} INFO - [2020-07-22 14:16:33,038] {spark_submit_hook.py:479} INFO - 20/07/22 14:16:33 INFO ResourceUtils: ==============================================================
[2020-07-22 14:16:33,039] {logging_mixin.py:112} INFO - [2020-07-22 14:16:33,039] {spark_submit_hook.py:479} INFO - 20/07/22 14:16:33 INFO SparkContext: Submitted application: Spark_Test_Python
[2020-07-22 14:16:33,128] {logging_mixin.py:112} INFO - [2020-07-22 14:16:33,127] {spark_submit_hook.py:479} INFO - 20/07/22 14:16:33 INFO SecurityManager: Changing view acls to: bhakti
[2020-07-22 14:16:33,128] {logging_mixin.py:112} INFO - [2020-07-22 14:16:33,128] {spark_submit_hook.py:479} INFO - 20/07/22 14:16:33 INFO SecurityManager: Changing modify acls to: bhakti
[2020-07-22 14:16:33,128] {logging_mixin.py:112} INFO - [2020-07-22 14:16:33,128] {spark_submit_hook.py:479} INFO - 20/07/22 14:16:33 INFO SecurityManager: Changing view acls groups to:
[2020-07-22 14:16:33,128] {logging_mixin.py:112} INFO - [2020-07-22 14:16:33,128] {spark_submit_hook.py:479} INFO - 20/07/22 14:16:33 INFO SecurityManager: Changing modify acls groups to:
[2020-07-22 14:16:33,128] {logging_mixin.py:112} INFO - [2020-07-22 14:16:33,128] {spark_submit_hook.py:479} INFO - 20/07/22 14:16:33 INFO SecurityManager: SecurityManager: authentication disabled; ui acls disabled; users  with view permissions: Set(bhakti); groups with view permissions: Set(); users  with modify permissions: Set(bhakti); groups with modify permissions: Set()
[2020-07-22 14:16:33,555] {logging_mixin.py:112} INFO - [2020-07-22 14:16:33,554] {spark_submit_hook.py:479} INFO - 20/07/22 14:16:33 INFO Utils: Successfully started service 'sparkDriver' on port 46437.
[2020-07-22 14:16:33,606] {logging_mixin.py:112} INFO - [2020-07-22 14:16:33,606] {spark_submit_hook.py:479} INFO - 20/07/22 14:16:33 INFO SparkEnv: Registering MapOutputTracker
[2020-07-22 14:16:33,676] {logging_mixin.py:112} INFO - [2020-07-22 14:16:33,676] {spark_submit_hook.py:479} INFO - 20/07/22 14:16:33 INFO SparkEnv: Registering BlockManagerMaster
[2020-07-22 14:16:33,710] {logging_mixin.py:112} INFO - [2020-07-22 14:16:33,709] {spark_submit_hook.py:479} INFO - 20/07/22 14:16:33 INFO BlockManagerMasterEndpoint: Using org.apache.spark.storage.DefaultTopologyMapper for getting topology information
[2020-07-22 14:16:33,711] {logging_mixin.py:112} INFO - [2020-07-22 14:16:33,711] {spark_submit_hook.py:479} INFO - 20/07/22 14:16:33 INFO BlockManagerMasterEndpoint: BlockManagerMasterEndpoint up
[2020-07-22 14:16:33,719] {logging_mixin.py:112} INFO - [2020-07-22 14:16:33,718] {spark_submit_hook.py:479} INFO - 20/07/22 14:16:33 INFO SparkEnv: Registering BlockManagerMasterHeartbeat
[2020-07-22 14:16:33,742] {logging_mixin.py:112} INFO - [2020-07-22 14:16:33,741] {spark_submit_hook.py:479} INFO - 20/07/22 14:16:33 INFO DiskBlockManager: Created local directory at /tmp/blockmgr-55b0cccd-3053-42b4-8e8c-730b99eabbfe
[2020-07-22 14:16:33,777] {logging_mixin.py:112} INFO - [2020-07-22 14:16:33,777] {spark_submit_hook.py:479} INFO - 20/07/22 14:16:33 INFO MemoryStore: MemoryStore started with capacity 366.3 MiB
[2020-07-22 14:16:33,803] {logging_mixin.py:112} INFO - [2020-07-22 14:16:33,803] {spark_submit_hook.py:479} INFO - 20/07/22 14:16:33 INFO SparkEnv: Registering OutputCommitCoordinator
[2020-07-22 14:16:34,174] {logging_mixin.py:112} INFO - [2020-07-22 14:16:34,174] {spark_submit_hook.py:479} INFO - 20/07/22 14:16:34 WARN Utils: Service 'SparkUI' could not bind on port 4040. Attempting port 4041.
[2020-07-22 14:16:34,175] {logging_mixin.py:112} INFO - [2020-07-22 14:16:34,175] {spark_submit_hook.py:479} INFO - 20/07/22 14:16:34 WARN Utils: Service 'SparkUI' could not bind on port 4041. Attempting port 4042.
[2020-07-22 14:16:34,186] {logging_mixin.py:112} INFO - [2020-07-22 14:16:34,185] {spark_submit_hook.py:479} INFO - 20/07/22 14:16:34 INFO Utils: Successfully started service 'SparkUI' on port 4042.
[2020-07-22 14:16:34,277] {logging_mixin.py:112} INFO - [2020-07-22 14:16:34,277] {spark_submit_hook.py:479} INFO - 20/07/22 14:16:34 INFO SparkUI: Bound SparkUI to 0.0.0.0, and started at http://192.168.43.94:4042
[2020-07-22 14:16:34,426] {logging_mixin.py:112} INFO - [2020-07-22 14:16:34,426] {spark_submit_hook.py:479} INFO - 20/07/22 14:16:34 ERROR SparkContext: Error initializing SparkContext.
[2020-07-22 14:16:34,427] {logging_mixin.py:112} INFO - [2020-07-22 14:16:34,426] {spark_submit_hook.py:479} INFO - org.apache.spark.SparkException: Could not parse Master URL: 'localhost:4041'
[2020-07-22 14:16:34,427] {logging_mixin.py:112} INFO - [2020-07-22 14:16:34,427] {spark_submit_hook.py:479} INFO - at org.apache.spark.SparkContext$.org$apache$spark$SparkContext$$createTaskScheduler(SparkContext.scala:2924)
[2020-07-22 14:16:34,427] {logging_mixin.py:112} INFO - [2020-07-22 14:16:34,427] {spark_submit_hook.py:479} INFO - at org.apache.spark.SparkContext.<init>(SparkContext.scala:528)
[2020-07-22 14:16:34,428] {logging_mixin.py:112} INFO - [2020-07-22 14:16:34,427] {spark_submit_hook.py:479} INFO - at org.apache.spark.api.java.JavaSparkContext.<init>(JavaSparkContext.scala:58)
[2020-07-22 14:16:34,428] {logging_mixin.py:112} INFO - [2020-07-22 14:16:34,428] {spark_submit_hook.py:479} INFO - at sun.reflect.NativeConstructorAccessorImpl.newInstance0(Native Method)
[2020-07-22 14:16:34,428] {logging_mixin.py:112} INFO - [2020-07-22 14:16:34,428] {spark_submit_hook.py:479} INFO - at sun.reflect.NativeConstructorAccessorImpl.newInstance(NativeConstructorAccessorImpl.java:62)
[2020-07-22 14:16:34,428] {logging_mixin.py:112} INFO - [2020-07-22 14:16:34,428] {spark_submit_hook.py:479} INFO - at sun.reflect.DelegatingConstructorAccessorImpl.newInstance(DelegatingConstructorAccessorImpl.java:45)
[2020-07-22 14:16:34,429] {logging_mixin.py:112} INFO - [2020-07-22 14:16:34,428] {spark_submit_hook.py:479} INFO - at java.lang.reflect.Constructor.newInstance(Constructor.java:423)
[2020-07-22 14:16:34,429] {logging_mixin.py:112} INFO - [2020-07-22 14:16:34,429] {spark_submit_hook.py:479} INFO - at py4j.reflection.MethodInvoker.invoke(MethodInvoker.java:247)
[2020-07-22 14:16:34,429] {logging_mixin.py:112} INFO - [2020-07-22 14:16:34,429] {spark_submit_hook.py:479} INFO - at py4j.reflection.ReflectionEngine.invoke(ReflectionEngine.java:357)
[2020-07-22 14:16:34,429] {logging_mixin.py:112} INFO - [2020-07-22 14:16:34,429] {spark_submit_hook.py:479} INFO - at py4j.Gateway.invoke(Gateway.java:238)
[2020-07-22 14:16:34,430] {logging_mixin.py:112} INFO - [2020-07-22 14:16:34,429] {spark_submit_hook.py:479} INFO - at py4j.commands.ConstructorCommand.invokeConstructor(ConstructorCommand.java:80)
[2020-07-22 14:16:34,430] {logging_mixin.py:112} INFO - [2020-07-22 14:16:34,430] {spark_submit_hook.py:479} INFO - at py4j.commands.ConstructorCommand.execute(ConstructorCommand.java:69)
[2020-07-22 14:16:34,430] {logging_mixin.py:112} INFO - [2020-07-22 14:16:34,430] {spark_submit_hook.py:479} INFO - at py4j.GatewayConnection.run(GatewayConnection.java:238)
[2020-07-22 14:16:34,430] {logging_mixin.py:112} INFO - [2020-07-22 14:16:34,430] {spark_submit_hook.py:479} INFO - at java.lang.Thread.run(Thread.java:748)
[2020-07-22 14:16:34,446] {logging_mixin.py:112} INFO - [2020-07-22 14:16:34,446] {spark_submit_hook.py:479} INFO - 20/07/22 14:16:34 INFO SparkUI: Stopped Spark web UI at http://192.168.43.94:4042
[2020-07-22 14:16:34,474] {logging_mixin.py:112} INFO - [2020-07-22 14:16:34,474] {spark_submit_hook.py:479} INFO - 20/07/22 14:16:34 INFO MapOutputTrackerMasterEndpoint: MapOutputTrackerMasterEndpoint stopped!
[2020-07-22 14:16:34,488] {logging_mixin.py:112} INFO - [2020-07-22 14:16:34,488] {spark_submit_hook.py:479} INFO - 20/07/22 14:16:34 INFO MemoryStore: MemoryStore cleared
[2020-07-22 14:16:34,489] {logging_mixin.py:112} INFO - [2020-07-22 14:16:34,489] {spark_submit_hook.py:479} INFO - 20/07/22 14:16:34 INFO BlockManager: BlockManager stopped
[2020-07-22 14:16:34,519] {logging_mixin.py:112} INFO - [2020-07-22 14:16:34,519] {spark_submit_hook.py:479} INFO - 20/07/22 14:16:34 INFO BlockManagerMaster: BlockManagerMaster stopped
[2020-07-22 14:16:34,521] {logging_mixin.py:112} INFO - [2020-07-22 14:16:34,521] {spark_submit_hook.py:479} INFO - 20/07/22 14:16:34 WARN MetricsSystem: Stopping a MetricsSystem that is not running
[2020-07-22 14:16:34,529] {logging_mixin.py:112} INFO - [2020-07-22 14:16:34,528] {spark_submit_hook.py:479} INFO - 20/07/22 14:16:34 INFO OutputCommitCoordinator$OutputCommitCoordinatorEndpoint: OutputCommitCoordinator stopped!
[2020-07-22 14:16:34,591] {logging_mixin.py:112} INFO - [2020-07-22 14:16:34,591] {spark_submit_hook.py:479} INFO - 20/07/22 14:16:34 INFO SparkContext: Successfully stopped SparkContext
[2020-07-22 14:16:34,681] {logging_mixin.py:112} INFO - [2020-07-22 14:16:34,681] {spark_submit_hook.py:479} INFO - Traceback (most recent call last):
[2020-07-22 14:16:34,681] {logging_mixin.py:112} INFO - [2020-07-22 14:16:34,681] {spark_submit_hook.py:479} INFO - File "/home/bhakti/airflow/spark_jobs/python/spark_test.py", line 6, in <module>
[2020-07-22 14:16:34,682] {logging_mixin.py:112} INFO - [2020-07-22 14:16:34,682] {spark_submit_hook.py:479} INFO - sc = SparkContext(conf=conf)
[2020-07-22 14:16:34,682] {logging_mixin.py:112} INFO - [2020-07-22 14:16:34,682] {spark_submit_hook.py:479} INFO - File "/opt/spark/python/lib/pyspark.zip/pyspark/context.py", line 130, in __init__
[2020-07-22 14:16:34,682] {logging_mixin.py:112} INFO - [2020-07-22 14:16:34,682] {spark_submit_hook.py:479} INFO - File "/opt/spark/python/lib/pyspark.zip/pyspark/context.py", line 193, in _do_init
[2020-07-22 14:16:34,683] {logging_mixin.py:112} INFO - [2020-07-22 14:16:34,683] {spark_submit_hook.py:479} INFO - File "/opt/spark/python/lib/pyspark.zip/pyspark/context.py", line 310, in _initialize_context
[2020-07-22 14:16:34,683] {logging_mixin.py:112} INFO - [2020-07-22 14:16:34,683] {spark_submit_hook.py:479} INFO - File "/opt/spark/python/lib/py4j-0.10.9-src.zip/py4j/java_gateway.py", line 1568, in __call__
[2020-07-22 14:16:34,684] {logging_mixin.py:112} INFO - [2020-07-22 14:16:34,684] {spark_submit_hook.py:479} INFO - File "/opt/spark/python/lib/py4j-0.10.9-src.zip/py4j/protocol.py", line 326, in get_return_value
[2020-07-22 14:16:34,684] {logging_mixin.py:112} INFO - [2020-07-22 14:16:34,684] {spark_submit_hook.py:479} INFO - py4j.protocol.Py4JJavaError: An error occurred while calling None.org.apache.spark.api.java.JavaSparkContext.
[2020-07-22 14:16:34,684] {logging_mixin.py:112} INFO - [2020-07-22 14:16:34,684] {spark_submit_hook.py:479} INFO - : org.apache.spark.SparkException: Could not parse Master URL: 'localhost:4041'
[2020-07-22 14:16:34,685] {logging_mixin.py:112} INFO - [2020-07-22 14:16:34,685] {spark_submit_hook.py:479} INFO - at org.apache.spark.SparkContext$.org$apache$spark$SparkContext$$createTaskScheduler(SparkContext.scala:2924)
[2020-07-22 14:16:34,685] {logging_mixin.py:112} INFO - [2020-07-22 14:16:34,685] {spark_submit_hook.py:479} INFO - at org.apache.spark.SparkContext.<init>(SparkContext.scala:528)
[2020-07-22 14:16:34,685] {logging_mixin.py:112} INFO - [2020-07-22 14:16:34,685] {spark_submit_hook.py:479} INFO - at org.apache.spark.api.java.JavaSparkContext.<init>(JavaSparkContext.scala:58)
[2020-07-22 14:16:34,686] {logging_mixin.py:112} INFO - [2020-07-22 14:16:34,685] {spark_submit_hook.py:479} INFO - at sun.reflect.NativeConstructorAccessorImpl.newInstance0(Native Method)
[2020-07-22 14:16:34,686] {logging_mixin.py:112} INFO - [2020-07-22 14:16:34,686] {spark_submit_hook.py:479} INFO - at sun.reflect.NativeConstructorAccessorImpl.newInstance(NativeConstructorAccessorImpl.java:62)
[2020-07-22 14:16:34,686] {logging_mixin.py:112} INFO - [2020-07-22 14:16:34,686] {spark_submit_hook.py:479} INFO - at sun.reflect.DelegatingConstructorAccessorImpl.newInstance(DelegatingConstructorAccessorImpl.java:45)
[2020-07-22 14:16:34,690] {logging_mixin.py:112} INFO - [2020-07-22 14:16:34,686] {spark_submit_hook.py:479} INFO - at java.lang.reflect.Constructor.newInstance(Constructor.java:423)
[2020-07-22 14:16:34,690] {logging_mixin.py:112} INFO - [2020-07-22 14:16:34,690] {spark_submit_hook.py:479} INFO - at py4j.reflection.MethodInvoker.invoke(MethodInvoker.java:247)
[2020-07-22 14:16:34,691] {logging_mixin.py:112} INFO - [2020-07-22 14:16:34,690] {spark_submit_hook.py:479} INFO - at py4j.reflection.ReflectionEngine.invoke(ReflectionEngine.java:357)
[2020-07-22 14:16:34,691] {logging_mixin.py:112} INFO - [2020-07-22 14:16:34,691] {spark_submit_hook.py:479} INFO - at py4j.Gateway.invoke(Gateway.java:238)
[2020-07-22 14:16:34,691] {logging_mixin.py:112} INFO - [2020-07-22 14:16:34,691] {spark_submit_hook.py:479} INFO - at py4j.commands.ConstructorCommand.invokeConstructor(ConstructorCommand.java:80)
[2020-07-22 14:16:34,692] {logging_mixin.py:112} INFO - [2020-07-22 14:16:34,692] {spark_submit_hook.py:479} INFO - at py4j.commands.ConstructorCommand.execute(ConstructorCommand.java:69)
[2020-07-22 14:16:34,692] {logging_mixin.py:112} INFO - [2020-07-22 14:16:34,692] {spark_submit_hook.py:479} INFO - at py4j.GatewayConnection.run(GatewayConnection.java:238)
[2020-07-22 14:16:34,692] {logging_mixin.py:112} INFO - [2020-07-22 14:16:34,692] {spark_submit_hook.py:479} INFO - at java.lang.Thread.run(Thread.java:748)
[2020-07-22 14:16:34,693] {logging_mixin.py:112} INFO - [2020-07-22 14:16:34,692] {spark_submit_hook.py:479} INFO - 
[2020-07-22 14:16:34,822] {logging_mixin.py:112} INFO - [2020-07-22 14:16:34,822] {spark_submit_hook.py:479} INFO - 20/07/22 14:16:34 INFO ShutdownHookManager: Shutdown hook called
[2020-07-22 14:16:34,823] {logging_mixin.py:112} INFO - [2020-07-22 14:16:34,823] {spark_submit_hook.py:479} INFO - 20/07/22 14:16:34 INFO ShutdownHookManager: Deleting directory /tmp/spark-1de73536-8fd0-47d6-a346-c1334f97ee78
[2020-07-22 14:16:34,827] {logging_mixin.py:112} INFO - [2020-07-22 14:16:34,827] {spark_submit_hook.py:479} INFO - 20/07/22 14:16:34 INFO ShutdownHookManager: Deleting directory /tmp/spark-b9f82be2-f296-4976-aeec-0c0f6b698bb1
[2020-07-22 14:16:34,870] {taskinstance.py:1145} ERROR - Cannot execute: spark-submit --master localhost:4041 --name airflow-spark /home/bhakti/airflow/spark_jobs/python/spark_test.py. Error code is: 1.
Traceback (most recent call last):
  File "/usr/local/lib/python3.8/dist-packages/airflow/models/taskinstance.py", line 983, in _run_raw_task
    result = task_copy.execute(context=context)
  File "/usr/local/lib/python3.8/dist-packages/airflow/contrib/operators/spark_submit_operator.py", line 187, in execute
    self._hook.submit(self._application)
  File "/usr/local/lib/python3.8/dist-packages/airflow/contrib/hooks/spark_submit_hook.py", line 403, in submit
    raise AirflowException(
airflow.exceptions.AirflowException: Cannot execute: spark-submit --master localhost:4041 --name airflow-spark /home/bhakti/airflow/spark_jobs/python/spark_test.py. Error code is: 1.
[2020-07-22 14:16:34,873] {taskinstance.py:1189} INFO - Marking task as FAILED.dag_id=submit_data, task_id=spark_submit, execution_date=20200720T025100, start_date=20200722T084626, end_date=20200722T084634
[2020-07-22 14:16:36,581] {logging_mixin.py:112} INFO - [2020-07-22 14:16:36,580] {local_task_job.py:103} INFO - Task exited with return code 1
