[2020-07-22 15:33:10,903] {taskinstance.py:669} INFO - Dependencies all met for <TaskInstance: submit_data.spark_submit 2020-07-20T05:00:00+00:00 [queued]>
[2020-07-22 15:33:10,917] {taskinstance.py:669} INFO - Dependencies all met for <TaskInstance: submit_data.spark_submit 2020-07-20T05:00:00+00:00 [queued]>
[2020-07-22 15:33:10,918] {taskinstance.py:879} INFO - 
--------------------------------------------------------------------------------
[2020-07-22 15:33:10,918] {taskinstance.py:880} INFO - Starting attempt 1 of 1
[2020-07-22 15:33:10,918] {taskinstance.py:881} INFO - 
--------------------------------------------------------------------------------
[2020-07-22 15:33:11,034] {taskinstance.py:900} INFO - Executing <Task(SparkSubmitOperator): spark_submit> on 2020-07-20T05:00:00+00:00
[2020-07-22 15:33:11,039] {standard_task_runner.py:53} INFO - Started process 510477 to run task
[2020-07-22 15:33:11,295] {logging_mixin.py:112} INFO - Running %s on host %s <TaskInstance: submit_data.spark_submit 2020-07-20T05:00:00+00:00 [running]> bhakti-Vostro-3558
[2020-07-22 15:33:11,376] {logging_mixin.py:112} INFO - [2020-07-22 15:33:11,375] {base_hook.py:87} INFO - Using connection to: id: spark_local. Host: local, Port: None, Schema: None, Login: None, Password: None, extra: None
[2020-07-22 15:33:11,383] {logging_mixin.py:112} INFO - [2020-07-22 15:33:11,383] {spark_submit_hook.py:325} INFO - Spark-Submit cmd: spark-submit --master local --name airflow-spark /home/bhakti/airflow/spark_jobs/python/spark_test.py
[2020-07-22 15:33:14,430] {logging_mixin.py:112} INFO - [2020-07-22 15:33:14,430] {spark_submit_hook.py:479} INFO - 20/07/22 15:33:14 WARN Utils: Your hostname, bhakti-Vostro-3558 resolves to a loopback address: 127.0.1.1; using 192.168.43.94 instead (on interface wlp6s0)
[2020-07-22 15:33:14,433] {logging_mixin.py:112} INFO - [2020-07-22 15:33:14,433] {spark_submit_hook.py:479} INFO - 20/07/22 15:33:14 WARN Utils: Set SPARK_LOCAL_IP if you need to bind to another address
[2020-07-22 15:33:16,393] {logging_mixin.py:112} INFO - [2020-07-22 15:33:16,392] {spark_submit_hook.py:479} INFO - 20/07/22 15:33:16 WARN NativeCodeLoader: Unable to load native-hadoop library for your platform... using builtin-java classes where applicable
[2020-07-22 15:33:18,011] {logging_mixin.py:112} INFO - [2020-07-22 15:33:18,011] {spark_submit_hook.py:479} INFO - Using Spark's default log4j profile: org/apache/spark/log4j-defaults.properties
[2020-07-22 15:33:18,031] {logging_mixin.py:112} INFO - [2020-07-22 15:33:18,031] {spark_submit_hook.py:479} INFO - 20/07/22 15:33:18 INFO SparkContext: Running Spark version 3.0.0
[2020-07-22 15:33:18,115] {logging_mixin.py:112} INFO - [2020-07-22 15:33:18,115] {spark_submit_hook.py:479} INFO - 20/07/22 15:33:18 INFO ResourceUtils: ==============================================================
[2020-07-22 15:33:18,118] {logging_mixin.py:112} INFO - [2020-07-22 15:33:18,118] {spark_submit_hook.py:479} INFO - 20/07/22 15:33:18 INFO ResourceUtils: Resources for spark.driver:
[2020-07-22 15:33:18,118] {logging_mixin.py:112} INFO - [2020-07-22 15:33:18,118] {spark_submit_hook.py:479} INFO - 
[2020-07-22 15:33:18,119] {logging_mixin.py:112} INFO - [2020-07-22 15:33:18,119] {spark_submit_hook.py:479} INFO - 20/07/22 15:33:18 INFO ResourceUtils: ==============================================================
[2020-07-22 15:33:18,120] {logging_mixin.py:112} INFO - [2020-07-22 15:33:18,120] {spark_submit_hook.py:479} INFO - 20/07/22 15:33:18 INFO SparkContext: Submitted application: Spark_Test_Python
[2020-07-22 15:33:18,281] {logging_mixin.py:112} INFO - [2020-07-22 15:33:18,281] {spark_submit_hook.py:479} INFO - 20/07/22 15:33:18 INFO SecurityManager: Changing view acls to: bhakti
[2020-07-22 15:33:18,282] {logging_mixin.py:112} INFO - [2020-07-22 15:33:18,282] {spark_submit_hook.py:479} INFO - 20/07/22 15:33:18 INFO SecurityManager: Changing modify acls to: bhakti
[2020-07-22 15:33:18,283] {logging_mixin.py:112} INFO - [2020-07-22 15:33:18,283] {spark_submit_hook.py:479} INFO - 20/07/22 15:33:18 INFO SecurityManager: Changing view acls groups to:
[2020-07-22 15:33:18,284] {logging_mixin.py:112} INFO - [2020-07-22 15:33:18,284] {spark_submit_hook.py:479} INFO - 20/07/22 15:33:18 INFO SecurityManager: Changing modify acls groups to:
[2020-07-22 15:33:18,285] {logging_mixin.py:112} INFO - [2020-07-22 15:33:18,285] {spark_submit_hook.py:479} INFO - 20/07/22 15:33:18 INFO SecurityManager: SecurityManager: authentication disabled; ui acls disabled; users  with view permissions: Set(bhakti); groups with view permissions: Set(); users  with modify permissions: Set(bhakti); groups with modify permissions: Set()
[2020-07-22 15:33:18,952] {logging_mixin.py:112} INFO - [2020-07-22 15:33:18,952] {spark_submit_hook.py:479} INFO - 20/07/22 15:33:18 INFO Utils: Successfully started service 'sparkDriver' on port 41117.
[2020-07-22 15:33:19,040] {logging_mixin.py:112} INFO - [2020-07-22 15:33:19,039] {spark_submit_hook.py:479} INFO - 20/07/22 15:33:19 INFO SparkEnv: Registering MapOutputTracker
[2020-07-22 15:33:19,114] {logging_mixin.py:112} INFO - [2020-07-22 15:33:19,114] {spark_submit_hook.py:479} INFO - 20/07/22 15:33:19 INFO SparkEnv: Registering BlockManagerMaster
[2020-07-22 15:33:19,170] {logging_mixin.py:112} INFO - [2020-07-22 15:33:19,170] {spark_submit_hook.py:479} INFO - 20/07/22 15:33:19 INFO BlockManagerMasterEndpoint: Using org.apache.spark.storage.DefaultTopologyMapper for getting topology information
[2020-07-22 15:33:19,174] {logging_mixin.py:112} INFO - [2020-07-22 15:33:19,174] {spark_submit_hook.py:479} INFO - 20/07/22 15:33:19 INFO BlockManagerMasterEndpoint: BlockManagerMasterEndpoint up
[2020-07-22 15:33:19,181] {logging_mixin.py:112} INFO - [2020-07-22 15:33:19,181] {spark_submit_hook.py:479} INFO - 20/07/22 15:33:19 INFO SparkEnv: Registering BlockManagerMasterHeartbeat
[2020-07-22 15:33:19,219] {logging_mixin.py:112} INFO - [2020-07-22 15:33:19,219] {spark_submit_hook.py:479} INFO - 20/07/22 15:33:19 INFO DiskBlockManager: Created local directory at /tmp/blockmgr-ad38b2aa-b16e-4412-af5b-798fa94a5528
[2020-07-22 15:33:19,259] {logging_mixin.py:112} INFO - [2020-07-22 15:33:19,259] {spark_submit_hook.py:479} INFO - 20/07/22 15:33:19 INFO MemoryStore: MemoryStore started with capacity 366.3 MiB
[2020-07-22 15:33:19,297] {logging_mixin.py:112} INFO - [2020-07-22 15:33:19,297] {spark_submit_hook.py:479} INFO - 20/07/22 15:33:19 INFO SparkEnv: Registering OutputCommitCoordinator
[2020-07-22 15:33:19,797] {logging_mixin.py:112} INFO - [2020-07-22 15:33:19,797] {spark_submit_hook.py:479} INFO - 20/07/22 15:33:19 WARN Utils: Service 'SparkUI' could not bind on port 4040. Attempting port 4041.
[2020-07-22 15:33:19,797] {logging_mixin.py:112} INFO - [2020-07-22 15:33:19,797] {spark_submit_hook.py:479} INFO - 20/07/22 15:33:19 WARN Utils: Service 'SparkUI' could not bind on port 4041. Attempting port 4042.
[2020-07-22 15:33:19,812] {logging_mixin.py:112} INFO - [2020-07-22 15:33:19,812] {spark_submit_hook.py:479} INFO - 20/07/22 15:33:19 INFO Utils: Successfully started service 'SparkUI' on port 4042.
[2020-07-22 15:33:19,993] {logging_mixin.py:112} INFO - [2020-07-22 15:33:19,992] {spark_submit_hook.py:479} INFO - 20/07/22 15:33:19 INFO SparkUI: Bound SparkUI to 0.0.0.0, and started at http://192.168.43.94:4042
[2020-07-22 15:33:20,636] {logging_mixin.py:112} INFO - [2020-07-22 15:33:20,636] {spark_submit_hook.py:479} INFO - 20/07/22 15:33:20 INFO Executor: Starting executor ID driver on host 192.168.43.94
[2020-07-22 15:33:20,726] {logging_mixin.py:112} INFO - [2020-07-22 15:33:20,725] {spark_submit_hook.py:479} INFO - 20/07/22 15:33:20 INFO Utils: Successfully started service 'org.apache.spark.network.netty.NettyBlockTransferService' on port 44777.
[2020-07-22 15:33:20,727] {logging_mixin.py:112} INFO - [2020-07-22 15:33:20,726] {spark_submit_hook.py:479} INFO - 20/07/22 15:33:20 INFO NettyBlockTransferService: Server created on 192.168.43.94:44777
[2020-07-22 15:33:20,730] {logging_mixin.py:112} INFO - [2020-07-22 15:33:20,730] {spark_submit_hook.py:479} INFO - 20/07/22 15:33:20 INFO BlockManager: Using org.apache.spark.storage.RandomBlockReplicationPolicy for block replication policy
[2020-07-22 15:33:20,753] {logging_mixin.py:112} INFO - [2020-07-22 15:33:20,752] {spark_submit_hook.py:479} INFO - 20/07/22 15:33:20 INFO BlockManagerMaster: Registering BlockManager BlockManagerId(driver, 192.168.43.94, 44777, None)
[2020-07-22 15:33:20,763] {logging_mixin.py:112} INFO - [2020-07-22 15:33:20,763] {spark_submit_hook.py:479} INFO - 20/07/22 15:33:20 INFO BlockManagerMasterEndpoint: Registering block manager 192.168.43.94:44777 with 366.3 MiB RAM, BlockManagerId(driver, 192.168.43.94, 44777, None)
[2020-07-22 15:33:20,778] {logging_mixin.py:112} INFO - [2020-07-22 15:33:20,778] {spark_submit_hook.py:479} INFO - 20/07/22 15:33:20 INFO BlockManagerMaster: Registered BlockManager BlockManagerId(driver, 192.168.43.94, 44777, None)
[2020-07-22 15:33:20,781] {logging_mixin.py:112} INFO - [2020-07-22 15:33:20,781] {spark_submit_hook.py:479} INFO - 20/07/22 15:33:20 INFO BlockManager: Initialized BlockManager: BlockManagerId(driver, 192.168.43.94, 44777, None)
[2020-07-22 15:33:23,247] {logging_mixin.py:112} INFO - [2020-07-22 15:33:23,246] {spark_submit_hook.py:479} INFO - 20/07/22 15:33:23 INFO MemoryStore: Block broadcast_0 stored as values in memory (estimated size 241.5 KiB, free 366.1 MiB)
[2020-07-22 15:33:23,552] {logging_mixin.py:112} INFO - [2020-07-22 15:33:23,551] {spark_submit_hook.py:479} INFO - 20/07/22 15:33:23 INFO MemoryStore: Block broadcast_0_piece0 stored as bytes in memory (estimated size 23.4 KiB, free 366.0 MiB)
[2020-07-22 15:33:23,559] {logging_mixin.py:112} INFO - [2020-07-22 15:33:23,558] {spark_submit_hook.py:479} INFO - 20/07/22 15:33:23 INFO BlockManagerInfo: Added broadcast_0_piece0 in memory on 192.168.43.94:44777 (size: 23.4 KiB, free: 366.3 MiB)
[2020-07-22 15:33:23,573] {logging_mixin.py:112} INFO - [2020-07-22 15:33:23,573] {spark_submit_hook.py:479} INFO - 20/07/22 15:33:23 INFO SparkContext: Created broadcast 0 from textFile at NativeMethodAccessorImpl.java:0
[2020-07-22 15:33:24,303] {logging_mixin.py:112} INFO - [2020-07-22 15:33:24,303] {spark_submit_hook.py:479} INFO - 20/07/22 15:33:24 INFO FileInputFormat: Total input paths to process : 1
[2020-07-22 15:33:24,491] {logging_mixin.py:112} INFO - [2020-07-22 15:33:24,491] {spark_submit_hook.py:479} INFO - 20/07/22 15:33:24 INFO SparkContext: Starting job: collect at /home/bhakti/airflow/spark_jobs/python/spark_test.py:5
[2020-07-22 15:33:24,534] {logging_mixin.py:112} INFO - [2020-07-22 15:33:24,534] {spark_submit_hook.py:479} INFO - 20/07/22 15:33:24 INFO DAGScheduler: Got job 0 (collect at /home/bhakti/airflow/spark_jobs/python/spark_test.py:5) with 1 output partitions
[2020-07-22 15:33:24,535] {logging_mixin.py:112} INFO - [2020-07-22 15:33:24,535] {spark_submit_hook.py:479} INFO - 20/07/22 15:33:24 INFO DAGScheduler: Final stage: ResultStage 0 (collect at /home/bhakti/airflow/spark_jobs/python/spark_test.py:5)
[2020-07-22 15:33:24,536] {logging_mixin.py:112} INFO - [2020-07-22 15:33:24,536] {spark_submit_hook.py:479} INFO - 20/07/22 15:33:24 INFO DAGScheduler: Parents of final stage: List()
[2020-07-22 15:33:24,540] {logging_mixin.py:112} INFO - [2020-07-22 15:33:24,540] {spark_submit_hook.py:479} INFO - 20/07/22 15:33:24 INFO DAGScheduler: Missing parents: List()
[2020-07-22 15:33:24,567] {logging_mixin.py:112} INFO - [2020-07-22 15:33:24,567] {spark_submit_hook.py:479} INFO - 20/07/22 15:33:24 INFO DAGScheduler: Submitting ResultStage 0 (PythonRDD[2] at collect at /home/bhakti/airflow/spark_jobs/python/spark_test.py:5), which has no missing parents
[2020-07-22 15:33:24,632] {logging_mixin.py:112} INFO - [2020-07-22 15:33:24,632] {spark_submit_hook.py:479} INFO - 20/07/22 15:33:24 INFO MemoryStore: Block broadcast_1 stored as values in memory (estimated size 7.4 KiB, free 366.0 MiB)
[2020-07-22 15:33:24,638] {logging_mixin.py:112} INFO - [2020-07-22 15:33:24,638] {spark_submit_hook.py:479} INFO - 20/07/22 15:33:24 INFO MemoryStore: Block broadcast_1_piece0 stored as bytes in memory (estimated size 4.4 KiB, free 366.0 MiB)
[2020-07-22 15:33:24,640] {logging_mixin.py:112} INFO - [2020-07-22 15:33:24,640] {spark_submit_hook.py:479} INFO - 20/07/22 15:33:24 INFO BlockManagerInfo: Added broadcast_1_piece0 in memory on 192.168.43.94:44777 (size: 4.4 KiB, free: 366.3 MiB)
[2020-07-22 15:33:24,642] {logging_mixin.py:112} INFO - [2020-07-22 15:33:24,642] {spark_submit_hook.py:479} INFO - 20/07/22 15:33:24 INFO SparkContext: Created broadcast 1 from broadcast at DAGScheduler.scala:1200
[2020-07-22 15:33:24,674] {logging_mixin.py:112} INFO - [2020-07-22 15:33:24,674] {spark_submit_hook.py:479} INFO - 20/07/22 15:33:24 INFO DAGScheduler: Submitting 1 missing tasks from ResultStage 0 (PythonRDD[2] at collect at /home/bhakti/airflow/spark_jobs/python/spark_test.py:5) (first 15 tasks are for partitions Vector(0))
[2020-07-22 15:33:24,677] {logging_mixin.py:112} INFO - [2020-07-22 15:33:24,677] {spark_submit_hook.py:479} INFO - 20/07/22 15:33:24 INFO TaskSchedulerImpl: Adding task set 0.0 with 1 tasks
[2020-07-22 15:33:24,876] {logging_mixin.py:112} INFO - [2020-07-22 15:33:24,876] {spark_submit_hook.py:479} INFO - 20/07/22 15:33:24 INFO TaskSetManager: Starting task 0.0 in stage 0.0 (TID 0, 192.168.43.94, executor driver, partition 0, PROCESS_LOCAL, 7388 bytes)
[2020-07-22 15:33:24,962] {logging_mixin.py:112} INFO - [2020-07-22 15:33:24,962] {spark_submit_hook.py:479} INFO - 20/07/22 15:33:24 INFO Executor: Running task 0.0 in stage 0.0 (TID 0)
[2020-07-22 15:33:26,327] {logging_mixin.py:112} INFO - [2020-07-22 15:33:26,327] {spark_submit_hook.py:479} INFO - 20/07/22 15:33:26 INFO HadoopRDD: Input split: file:/home/bhakti/airflow/input_data/sample.csv:0+93
[2020-07-22 15:33:27,763] {logging_mixin.py:112} INFO - [2020-07-22 15:33:27,763] {spark_submit_hook.py:479} INFO - 20/07/22 15:33:27 INFO PythonRunner: Times: total = 1332, boot = 1301, init = 31, finish = 0
[2020-07-22 15:33:27,865] {logging_mixin.py:112} INFO - [2020-07-22 15:33:27,865] {spark_submit_hook.py:479} INFO - 20/07/22 15:33:27 INFO Executor: Finished task 0.0 in stage 0.0 (TID 0). 1732 bytes result sent to driver
[2020-07-22 15:33:27,896] {logging_mixin.py:112} INFO - [2020-07-22 15:33:27,895] {spark_submit_hook.py:479} INFO - 20/07/22 15:33:27 INFO TaskSetManager: Finished task 0.0 in stage 0.0 (TID 0) in 3084 ms on 192.168.43.94 (executor driver) (1/1)
[2020-07-22 15:33:27,911] {logging_mixin.py:112} INFO - [2020-07-22 15:33:27,911] {spark_submit_hook.py:479} INFO - 20/07/22 15:33:27 INFO TaskSchedulerImpl: Removed TaskSet 0.0, whose tasks have all completed, from pool
[2020-07-22 15:33:27,917] {logging_mixin.py:112} INFO - [2020-07-22 15:33:27,917] {spark_submit_hook.py:479} INFO - 20/07/22 15:33:27 INFO PythonAccumulatorV2: Connected to AccumulatorServer at host: 127.0.0.1 port: 41427
[2020-07-22 15:33:27,937] {logging_mixin.py:112} INFO - [2020-07-22 15:33:27,936] {spark_submit_hook.py:479} INFO - 20/07/22 15:33:27 INFO DAGScheduler: ResultStage 0 (collect at /home/bhakti/airflow/spark_jobs/python/spark_test.py:5) finished in 3.316 s
[2020-07-22 15:33:27,960] {logging_mixin.py:112} INFO - [2020-07-22 15:33:27,960] {spark_submit_hook.py:479} INFO - 20/07/22 15:33:27 INFO DAGScheduler: Job 0 is finished. Cancelling potential speculative or zombie tasks for this job
[2020-07-22 15:33:27,976] {logging_mixin.py:112} INFO - [2020-07-22 15:33:27,976] {spark_submit_hook.py:479} INFO - 20/07/22 15:33:27 INFO TaskSchedulerImpl: Killing all running tasks in stage 0: Stage finished
[2020-07-22 15:33:27,987] {logging_mixin.py:112} INFO - [2020-07-22 15:33:27,986] {spark_submit_hook.py:479} INFO - 20/07/22 15:33:27 INFO DAGScheduler: Job 0 finished: collect at /home/bhakti/airflow/spark_jobs/python/spark_test.py:5, took 3.492123 s
[2020-07-22 15:33:28,026] {logging_mixin.py:112} INFO - [2020-07-22 15:33:28,026] {spark_submit_hook.py:479} INFO - [('PERSON', 'JOINING_YEAR'), ('John', '2018'), ('Sam', '2017'), ('Jeff', '2014'), ('Allen', '2015')]
[2020-07-22 15:33:28,120] {logging_mixin.py:112} INFO - [2020-07-22 15:33:28,120] {spark_submit_hook.py:479} INFO - 20/07/22 15:33:28 INFO SparkContext: Invoking stop() from shutdown hook
[2020-07-22 15:33:28,143] {logging_mixin.py:112} INFO - [2020-07-22 15:33:28,143] {spark_submit_hook.py:479} INFO - 20/07/22 15:33:28 INFO SparkUI: Stopped Spark web UI at http://192.168.43.94:4042
[2020-07-22 15:33:28,214] {logging_mixin.py:112} INFO - [2020-07-22 15:33:28,214] {spark_submit_hook.py:479} INFO - 20/07/22 15:33:28 INFO MapOutputTrackerMasterEndpoint: MapOutputTrackerMasterEndpoint stopped!
[2020-07-22 15:33:28,247] {logging_mixin.py:112} INFO - [2020-07-22 15:33:28,247] {spark_submit_hook.py:479} INFO - 20/07/22 15:33:28 INFO MemoryStore: MemoryStore cleared
[2020-07-22 15:33:28,249] {logging_mixin.py:112} INFO - [2020-07-22 15:33:28,248] {spark_submit_hook.py:479} INFO - 20/07/22 15:33:28 INFO BlockManager: BlockManager stopped
[2020-07-22 15:33:28,274] {logging_mixin.py:112} INFO - [2020-07-22 15:33:28,274] {spark_submit_hook.py:479} INFO - 20/07/22 15:33:28 INFO BlockManagerMaster: BlockManagerMaster stopped
[2020-07-22 15:33:28,281] {logging_mixin.py:112} INFO - [2020-07-22 15:33:28,281] {spark_submit_hook.py:479} INFO - 20/07/22 15:33:28 INFO OutputCommitCoordinator$OutputCommitCoordinatorEndpoint: OutputCommitCoordinator stopped!
[2020-07-22 15:33:28,297] {logging_mixin.py:112} INFO - [2020-07-22 15:33:28,297] {spark_submit_hook.py:479} INFO - 20/07/22 15:33:28 INFO SparkContext: Successfully stopped SparkContext
[2020-07-22 15:33:28,298] {logging_mixin.py:112} INFO - [2020-07-22 15:33:28,298] {spark_submit_hook.py:479} INFO - 20/07/22 15:33:28 INFO ShutdownHookManager: Shutdown hook called
[2020-07-22 15:33:28,303] {logging_mixin.py:112} INFO - [2020-07-22 15:33:28,303] {spark_submit_hook.py:479} INFO - 20/07/22 15:33:28 INFO ShutdownHookManager: Deleting directory /tmp/spark-044f639a-b4db-417d-8265-12f0b7295bcc
[2020-07-22 15:33:28,310] {logging_mixin.py:112} INFO - [2020-07-22 15:33:28,310] {spark_submit_hook.py:479} INFO - 20/07/22 15:33:28 INFO ShutdownHookManager: Deleting directory /tmp/spark-9c94924a-0a4a-4166-989e-97813b6a67ca/pyspark-eab285c8-4055-474d-abb3-47f136671db6
[2020-07-22 15:33:28,334] {logging_mixin.py:112} INFO - [2020-07-22 15:33:28,333] {spark_submit_hook.py:479} INFO - 20/07/22 15:33:28 INFO ShutdownHookManager: Deleting directory /tmp/spark-9c94924a-0a4a-4166-989e-97813b6a67ca
[2020-07-22 15:33:28,444] {taskinstance.py:1052} INFO - Marking task as SUCCESS.dag_id=submit_data, task_id=spark_submit, execution_date=20200720T050000, start_date=20200722T100310, end_date=20200722T100328
[2020-07-22 15:33:30,972] {logging_mixin.py:112} INFO - [2020-07-22 15:33:30,971] {local_task_job.py:103} INFO - Task exited with return code 0
