[2020-07-22 17:28:06,582] {taskinstance.py:669} INFO - Dependencies all met for <TaskInstance: submit_data.spark_submit 2020-07-20T07:42:00+00:00 [queued]>
[2020-07-22 17:28:06,598] {taskinstance.py:669} INFO - Dependencies all met for <TaskInstance: submit_data.spark_submit 2020-07-20T07:42:00+00:00 [queued]>
[2020-07-22 17:28:06,598] {taskinstance.py:879} INFO - 
--------------------------------------------------------------------------------
[2020-07-22 17:28:06,598] {taskinstance.py:880} INFO - Starting attempt 1 of 1
[2020-07-22 17:28:06,599] {taskinstance.py:881} INFO - 
--------------------------------------------------------------------------------
[2020-07-22 17:28:06,756] {taskinstance.py:900} INFO - Executing <Task(SparkSubmitOperator): spark_submit> on 2020-07-20T07:42:00+00:00
[2020-07-22 17:28:06,761] {standard_task_runner.py:53} INFO - Started process 653575 to run task
[2020-07-22 17:28:06,976] {logging_mixin.py:112} INFO - Running %s on host %s <TaskInstance: submit_data.spark_submit 2020-07-20T07:42:00+00:00 [running]> bhakti-Vostro-3558
[2020-07-22 17:28:07,012] {logging_mixin.py:112} INFO - [2020-07-22 17:28:07,011] {base_hook.py:87} INFO - Using connection to: id: spark_local. Host: local, Port: None, Schema: None, Login: None, Password: None, extra: None
[2020-07-22 17:28:07,013] {logging_mixin.py:112} INFO - [2020-07-22 17:28:07,013] {spark_submit_hook.py:325} INFO - Spark-Submit cmd: spark-submit --master local --name airflow-spark /home/bhakti/airflow/spark_jobs/spark_test.py
[2020-07-22 17:28:09,579] {logging_mixin.py:112} INFO - [2020-07-22 17:28:09,579] {spark_submit_hook.py:479} INFO - 20/07/22 17:28:09 WARN Utils: Your hostname, bhakti-Vostro-3558 resolves to a loopback address: 127.0.1.1; using 192.168.43.94 instead (on interface wlp6s0)
[2020-07-22 17:28:09,581] {logging_mixin.py:112} INFO - [2020-07-22 17:28:09,581] {spark_submit_hook.py:479} INFO - 20/07/22 17:28:09 WARN Utils: Set SPARK_LOCAL_IP if you need to bind to another address
[2020-07-22 17:28:11,151] {logging_mixin.py:112} INFO - [2020-07-22 17:28:11,150] {spark_submit_hook.py:479} INFO - 20/07/22 17:28:11 WARN NativeCodeLoader: Unable to load native-hadoop library for your platform... using builtin-java classes where applicable
[2020-07-22 17:28:12,527] {logging_mixin.py:112} INFO - [2020-07-22 17:28:12,526] {spark_submit_hook.py:479} INFO - Using Spark's default log4j profile: org/apache/spark/log4j-defaults.properties
[2020-07-22 17:28:12,545] {logging_mixin.py:112} INFO - [2020-07-22 17:28:12,544] {spark_submit_hook.py:479} INFO - 20/07/22 17:28:12 INFO SparkContext: Running Spark version 3.0.0
[2020-07-22 17:28:12,618] {logging_mixin.py:112} INFO - [2020-07-22 17:28:12,618] {spark_submit_hook.py:479} INFO - 20/07/22 17:28:12 INFO ResourceUtils: ==============================================================
[2020-07-22 17:28:12,621] {logging_mixin.py:112} INFO - [2020-07-22 17:28:12,620] {spark_submit_hook.py:479} INFO - 20/07/22 17:28:12 INFO ResourceUtils: Resources for spark.driver:
[2020-07-22 17:28:12,621] {logging_mixin.py:112} INFO - [2020-07-22 17:28:12,621] {spark_submit_hook.py:479} INFO - 
[2020-07-22 17:28:12,622] {logging_mixin.py:112} INFO - [2020-07-22 17:28:12,621] {spark_submit_hook.py:479} INFO - 20/07/22 17:28:12 INFO ResourceUtils: ==============================================================
[2020-07-22 17:28:12,622] {logging_mixin.py:112} INFO - [2020-07-22 17:28:12,622] {spark_submit_hook.py:479} INFO - 20/07/22 17:28:12 INFO SparkContext: Submitted application: Spark_Test_Python
[2020-07-22 17:28:12,738] {logging_mixin.py:112} INFO - [2020-07-22 17:28:12,738] {spark_submit_hook.py:479} INFO - 20/07/22 17:28:12 INFO SecurityManager: Changing view acls to: bhakti
[2020-07-22 17:28:12,739] {logging_mixin.py:112} INFO - [2020-07-22 17:28:12,739] {spark_submit_hook.py:479} INFO - 20/07/22 17:28:12 INFO SecurityManager: Changing modify acls to: bhakti
[2020-07-22 17:28:12,739] {logging_mixin.py:112} INFO - [2020-07-22 17:28:12,739] {spark_submit_hook.py:479} INFO - 20/07/22 17:28:12 INFO SecurityManager: Changing view acls groups to:
[2020-07-22 17:28:12,739] {logging_mixin.py:112} INFO - [2020-07-22 17:28:12,739] {spark_submit_hook.py:479} INFO - 20/07/22 17:28:12 INFO SecurityManager: Changing modify acls groups to:
[2020-07-22 17:28:12,740] {logging_mixin.py:112} INFO - [2020-07-22 17:28:12,740] {spark_submit_hook.py:479} INFO - 20/07/22 17:28:12 INFO SecurityManager: SecurityManager: authentication disabled; ui acls disabled; users  with view permissions: Set(bhakti); groups with view permissions: Set(); users  with modify permissions: Set(bhakti); groups with modify permissions: Set()
[2020-07-22 17:28:13,188] {logging_mixin.py:112} INFO - [2020-07-22 17:28:13,187] {spark_submit_hook.py:479} INFO - 20/07/22 17:28:13 INFO Utils: Successfully started service 'sparkDriver' on port 44049.
[2020-07-22 17:28:13,236] {logging_mixin.py:112} INFO - [2020-07-22 17:28:13,236] {spark_submit_hook.py:479} INFO - 20/07/22 17:28:13 INFO SparkEnv: Registering MapOutputTracker
[2020-07-22 17:28:13,310] {logging_mixin.py:112} INFO - [2020-07-22 17:28:13,310] {spark_submit_hook.py:479} INFO - 20/07/22 17:28:13 INFO SparkEnv: Registering BlockManagerMaster
[2020-07-22 17:28:13,363] {logging_mixin.py:112} INFO - [2020-07-22 17:28:13,363] {spark_submit_hook.py:479} INFO - 20/07/22 17:28:13 INFO BlockManagerMasterEndpoint: Using org.apache.spark.storage.DefaultTopologyMapper for getting topology information
[2020-07-22 17:28:13,365] {logging_mixin.py:112} INFO - [2020-07-22 17:28:13,365] {spark_submit_hook.py:479} INFO - 20/07/22 17:28:13 INFO BlockManagerMasterEndpoint: BlockManagerMasterEndpoint up
[2020-07-22 17:28:13,378] {logging_mixin.py:112} INFO - [2020-07-22 17:28:13,378] {spark_submit_hook.py:479} INFO - 20/07/22 17:28:13 INFO SparkEnv: Registering BlockManagerMasterHeartbeat
[2020-07-22 17:28:13,406] {logging_mixin.py:112} INFO - [2020-07-22 17:28:13,406] {spark_submit_hook.py:479} INFO - 20/07/22 17:28:13 INFO DiskBlockManager: Created local directory at /tmp/blockmgr-ba8586fc-f00a-442a-af28-928f67b4f40f
[2020-07-22 17:28:13,442] {logging_mixin.py:112} INFO - [2020-07-22 17:28:13,442] {spark_submit_hook.py:479} INFO - 20/07/22 17:28:13 INFO MemoryStore: MemoryStore started with capacity 366.3 MiB
[2020-07-22 17:28:13,467] {logging_mixin.py:112} INFO - [2020-07-22 17:28:13,466] {spark_submit_hook.py:479} INFO - 20/07/22 17:28:13 INFO SparkEnv: Registering OutputCommitCoordinator
[2020-07-22 17:28:13,801] {logging_mixin.py:112} INFO - [2020-07-22 17:28:13,801] {spark_submit_hook.py:479} INFO - 20/07/22 17:28:13 WARN Utils: Service 'SparkUI' could not bind on port 4040. Attempting port 4041.
[2020-07-22 17:28:13,802] {logging_mixin.py:112} INFO - [2020-07-22 17:28:13,802] {spark_submit_hook.py:479} INFO - 20/07/22 17:28:13 WARN Utils: Service 'SparkUI' could not bind on port 4041. Attempting port 4042.
[2020-07-22 17:28:13,803] {logging_mixin.py:112} INFO - [2020-07-22 17:28:13,802] {spark_submit_hook.py:479} INFO - 20/07/22 17:28:13 WARN Utils: Service 'SparkUI' could not bind on port 4042. Attempting port 4043.
[2020-07-22 17:28:13,815] {logging_mixin.py:112} INFO - [2020-07-22 17:28:13,815] {spark_submit_hook.py:479} INFO - 20/07/22 17:28:13 INFO Utils: Successfully started service 'SparkUI' on port 4043.
[2020-07-22 17:28:13,897] {logging_mixin.py:112} INFO - [2020-07-22 17:28:13,897] {spark_submit_hook.py:479} INFO - 20/07/22 17:28:13 INFO SparkUI: Bound SparkUI to 0.0.0.0, and started at http://192.168.43.94:4043
[2020-07-22 17:28:14,334] {logging_mixin.py:112} INFO - [2020-07-22 17:28:14,334] {spark_submit_hook.py:479} INFO - 20/07/22 17:28:14 INFO Executor: Starting executor ID driver on host 192.168.43.94
[2020-07-22 17:28:14,397] {logging_mixin.py:112} INFO - [2020-07-22 17:28:14,397] {spark_submit_hook.py:479} INFO - 20/07/22 17:28:14 INFO Utils: Successfully started service 'org.apache.spark.network.netty.NettyBlockTransferService' on port 36255.
[2020-07-22 17:28:14,398] {logging_mixin.py:112} INFO - [2020-07-22 17:28:14,398] {spark_submit_hook.py:479} INFO - 20/07/22 17:28:14 INFO NettyBlockTransferService: Server created on 192.168.43.94:36255
[2020-07-22 17:28:14,401] {logging_mixin.py:112} INFO - [2020-07-22 17:28:14,401] {spark_submit_hook.py:479} INFO - 20/07/22 17:28:14 INFO BlockManager: Using org.apache.spark.storage.RandomBlockReplicationPolicy for block replication policy
[2020-07-22 17:28:14,419] {logging_mixin.py:112} INFO - [2020-07-22 17:28:14,419] {spark_submit_hook.py:479} INFO - 20/07/22 17:28:14 INFO BlockManagerMaster: Registering BlockManager BlockManagerId(driver, 192.168.43.94, 36255, None)
[2020-07-22 17:28:14,437] {logging_mixin.py:112} INFO - [2020-07-22 17:28:14,437] {spark_submit_hook.py:479} INFO - 20/07/22 17:28:14 INFO BlockManagerMasterEndpoint: Registering block manager 192.168.43.94:36255 with 366.3 MiB RAM, BlockManagerId(driver, 192.168.43.94, 36255, None)
[2020-07-22 17:28:14,442] {logging_mixin.py:112} INFO - [2020-07-22 17:28:14,441] {spark_submit_hook.py:479} INFO - 20/07/22 17:28:14 INFO BlockManagerMaster: Registered BlockManager BlockManagerId(driver, 192.168.43.94, 36255, None)
[2020-07-22 17:28:14,446] {logging_mixin.py:112} INFO - [2020-07-22 17:28:14,445] {spark_submit_hook.py:479} INFO - 20/07/22 17:28:14 INFO BlockManager: Initialized BlockManager: BlockManagerId(driver, 192.168.43.94, 36255, None)
[2020-07-22 17:28:15,868] {logging_mixin.py:112} INFO - [2020-07-22 17:28:15,868] {spark_submit_hook.py:479} INFO - 20/07/22 17:28:15 INFO MemoryStore: Block broadcast_0 stored as values in memory (estimated size 241.5 KiB, free 366.1 MiB)
[2020-07-22 17:28:16,010] {logging_mixin.py:112} INFO - [2020-07-22 17:28:16,010] {spark_submit_hook.py:479} INFO - 20/07/22 17:28:16 INFO MemoryStore: Block broadcast_0_piece0 stored as bytes in memory (estimated size 23.4 KiB, free 366.0 MiB)
[2020-07-22 17:28:16,020] {logging_mixin.py:112} INFO - [2020-07-22 17:28:16,020] {spark_submit_hook.py:479} INFO - 20/07/22 17:28:16 INFO BlockManagerInfo: Added broadcast_0_piece0 in memory on 192.168.43.94:36255 (size: 23.4 KiB, free: 366.3 MiB)
[2020-07-22 17:28:16,033] {logging_mixin.py:112} INFO - [2020-07-22 17:28:16,033] {spark_submit_hook.py:479} INFO - 20/07/22 17:28:16 INFO SparkContext: Created broadcast 0 from textFile at NativeMethodAccessorImpl.java:0
[2020-07-22 17:28:16,385] {logging_mixin.py:112} INFO - [2020-07-22 17:28:16,385] {spark_submit_hook.py:479} INFO - 20/07/22 17:28:16 INFO FileInputFormat: Total input paths to process : 1
[2020-07-22 17:28:16,567] {logging_mixin.py:112} INFO - [2020-07-22 17:28:16,566] {spark_submit_hook.py:479} INFO - 20/07/22 17:28:16 INFO SparkContext: Starting job: collect at /home/bhakti/airflow/spark_jobs/spark_test.py:8
[2020-07-22 17:28:16,593] {logging_mixin.py:112} INFO - [2020-07-22 17:28:16,593] {spark_submit_hook.py:479} INFO - 20/07/22 17:28:16 INFO DAGScheduler: Got job 0 (collect at /home/bhakti/airflow/spark_jobs/spark_test.py:8) with 1 output partitions
[2020-07-22 17:28:16,594] {logging_mixin.py:112} INFO - [2020-07-22 17:28:16,594] {spark_submit_hook.py:479} INFO - 20/07/22 17:28:16 INFO DAGScheduler: Final stage: ResultStage 0 (collect at /home/bhakti/airflow/spark_jobs/spark_test.py:8)
[2020-07-22 17:28:16,595] {logging_mixin.py:112} INFO - [2020-07-22 17:28:16,594] {spark_submit_hook.py:479} INFO - 20/07/22 17:28:16 INFO DAGScheduler: Parents of final stage: List()
[2020-07-22 17:28:16,598] {logging_mixin.py:112} INFO - [2020-07-22 17:28:16,598] {spark_submit_hook.py:479} INFO - 20/07/22 17:28:16 INFO DAGScheduler: Missing parents: List()
[2020-07-22 17:28:16,611] {logging_mixin.py:112} INFO - [2020-07-22 17:28:16,611] {spark_submit_hook.py:479} INFO - 20/07/22 17:28:16 INFO DAGScheduler: Submitting ResultStage 0 (PythonRDD[2] at collect at /home/bhakti/airflow/spark_jobs/spark_test.py:8), which has no missing parents
[2020-07-22 17:28:16,653] {logging_mixin.py:112} INFO - [2020-07-22 17:28:16,653] {spark_submit_hook.py:479} INFO - 20/07/22 17:28:16 INFO MemoryStore: Block broadcast_1 stored as values in memory (estimated size 7.4 KiB, free 366.0 MiB)
[2020-07-22 17:28:16,662] {logging_mixin.py:112} INFO - [2020-07-22 17:28:16,662] {spark_submit_hook.py:479} INFO - 20/07/22 17:28:16 INFO MemoryStore: Block broadcast_1_piece0 stored as bytes in memory (estimated size 4.4 KiB, free 366.0 MiB)
[2020-07-22 17:28:16,664] {logging_mixin.py:112} INFO - [2020-07-22 17:28:16,663] {spark_submit_hook.py:479} INFO - 20/07/22 17:28:16 INFO BlockManagerInfo: Added broadcast_1_piece0 in memory on 192.168.43.94:36255 (size: 4.4 KiB, free: 366.3 MiB)
[2020-07-22 17:28:16,666] {logging_mixin.py:112} INFO - [2020-07-22 17:28:16,666] {spark_submit_hook.py:479} INFO - 20/07/22 17:28:16 INFO SparkContext: Created broadcast 1 from broadcast at DAGScheduler.scala:1200
[2020-07-22 17:28:16,691] {logging_mixin.py:112} INFO - [2020-07-22 17:28:16,691] {spark_submit_hook.py:479} INFO - 20/07/22 17:28:16 INFO DAGScheduler: Submitting 1 missing tasks from ResultStage 0 (PythonRDD[2] at collect at /home/bhakti/airflow/spark_jobs/spark_test.py:8) (first 15 tasks are for partitions Vector(0))
[2020-07-22 17:28:16,693] {logging_mixin.py:112} INFO - [2020-07-22 17:28:16,693] {spark_submit_hook.py:479} INFO - 20/07/22 17:28:16 INFO TaskSchedulerImpl: Adding task set 0.0 with 1 tasks
[2020-07-22 17:28:16,824] {logging_mixin.py:112} INFO - [2020-07-22 17:28:16,823] {spark_submit_hook.py:479} INFO - 20/07/22 17:28:16 INFO TaskSetManager: Starting task 0.0 in stage 0.0 (TID 0, 192.168.43.94, executor driver, partition 0, PROCESS_LOCAL, 7388 bytes)
[2020-07-22 17:28:16,882] {logging_mixin.py:112} INFO - [2020-07-22 17:28:16,882] {spark_submit_hook.py:479} INFO - 20/07/22 17:28:16 INFO Executor: Running task 0.0 in stage 0.0 (TID 0)
[2020-07-22 17:28:17,550] {logging_mixin.py:112} INFO - [2020-07-22 17:28:17,550] {spark_submit_hook.py:479} INFO - 20/07/22 17:28:17 INFO HadoopRDD: Input split: file:/home/bhakti/airflow/input_data/sample.csv:0+93
[2020-07-22 17:28:18,281] {logging_mixin.py:112} INFO - [2020-07-22 17:28:18,280] {spark_submit_hook.py:479} INFO - 20/07/22 17:28:18 INFO PythonRunner: Times: total = 692, boot = 673, init = 19, finish = 0
[2020-07-22 17:28:18,312] {logging_mixin.py:112} INFO - [2020-07-22 17:28:18,312] {spark_submit_hook.py:479} INFO - 20/07/22 17:28:18 INFO Executor: Finished task 0.0 in stage 0.0 (TID 0). 1779 bytes result sent to driver
[2020-07-22 17:28:18,330] {logging_mixin.py:112} INFO - [2020-07-22 17:28:18,330] {spark_submit_hook.py:479} INFO - 20/07/22 17:28:18 INFO TaskSetManager: Finished task 0.0 in stage 0.0 (TID 0) in 1540 ms on 192.168.43.94 (executor driver) (1/1)
[2020-07-22 17:28:18,334] {logging_mixin.py:112} INFO - [2020-07-22 17:28:18,334] {spark_submit_hook.py:479} INFO - 20/07/22 17:28:18 INFO TaskSchedulerImpl: Removed TaskSet 0.0, whose tasks have all completed, from pool
[2020-07-22 17:28:18,339] {logging_mixin.py:112} INFO - [2020-07-22 17:28:18,339] {spark_submit_hook.py:479} INFO - 20/07/22 17:28:18 INFO PythonAccumulatorV2: Connected to AccumulatorServer at host: 127.0.0.1 port: 45077
[2020-07-22 17:28:18,347] {logging_mixin.py:112} INFO - [2020-07-22 17:28:18,347] {spark_submit_hook.py:479} INFO - 20/07/22 17:28:18 INFO DAGScheduler: ResultStage 0 (collect at /home/bhakti/airflow/spark_jobs/spark_test.py:8) finished in 1.705 s
[2020-07-22 17:28:18,365] {logging_mixin.py:112} INFO - [2020-07-22 17:28:18,364] {spark_submit_hook.py:479} INFO - 20/07/22 17:28:18 INFO DAGScheduler: Job 0 is finished. Cancelling potential speculative or zombie tasks for this job
[2020-07-22 17:28:18,367] {logging_mixin.py:112} INFO - [2020-07-22 17:28:18,366] {spark_submit_hook.py:479} INFO - 20/07/22 17:28:18 INFO TaskSchedulerImpl: Killing all running tasks in stage 0: Stage finished
[2020-07-22 17:28:18,372] {logging_mixin.py:112} INFO - [2020-07-22 17:28:18,372] {spark_submit_hook.py:479} INFO - 20/07/22 17:28:18 INFO DAGScheduler: Job 0 finished: collect at /home/bhakti/airflow/spark_jobs/spark_test.py:8, took 1.809073 s
[2020-07-22 17:28:18,399] {logging_mixin.py:112} INFO - [2020-07-22 17:28:18,399] {spark_submit_hook.py:479} INFO - [('PERSON', 'JOINING_YEAR', 'COMPANY'), ('John', '2018', 'Google'), ('Sam', '2017', 'IBM'), ('Jeff', '2014', 'Yahoo'), ('Allen', '2015', 'Facebook')]
[2020-07-22 17:28:19,136] {logging_mixin.py:112} INFO - [2020-07-22 17:28:19,135] {spark_submit_hook.py:479} INFO - 20/07/22 17:28:19 INFO BlockManagerInfo: Removed broadcast_0_piece0 on 192.168.43.94:36255 in memory (size: 23.4 KiB, free: 366.3 MiB)
[2020-07-22 17:28:19,155] {logging_mixin.py:112} INFO - [2020-07-22 17:28:19,155] {spark_submit_hook.py:479} INFO - 20/07/22 17:28:19 INFO BlockManagerInfo: Removed broadcast_1_piece0 on 192.168.43.94:36255 in memory (size: 4.4 KiB, free: 366.3 MiB)
[2020-07-22 17:28:19,261] {logging_mixin.py:112} INFO - [2020-07-22 17:28:19,260] {spark_submit_hook.py:479} INFO - 20/07/22 17:28:19 INFO SharedState: Setting hive.metastore.warehouse.dir ('null') to the value of spark.sql.warehouse.dir ('file:/home/bhakti/airflow/spark-warehouse').
[2020-07-22 17:28:19,261] {logging_mixin.py:112} INFO - [2020-07-22 17:28:19,261] {spark_submit_hook.py:479} INFO - 20/07/22 17:28:19 INFO SharedState: Warehouse path is 'file:/home/bhakti/airflow/spark-warehouse'.
[2020-07-22 17:28:24,046] {logging_mixin.py:112} INFO - [2020-07-22 17:28:24,045] {spark_submit_hook.py:479} INFO - 20/07/22 17:28:24 INFO CodeGenerator: Code generated in 571.088807 ms
[2020-07-22 17:28:24,161] {logging_mixin.py:112} INFO - [2020-07-22 17:28:24,161] {spark_submit_hook.py:479} INFO - 20/07/22 17:28:24 INFO SparkContext: Starting job: showString at NativeMethodAccessorImpl.java:0
[2020-07-22 17:28:24,166] {logging_mixin.py:112} INFO - [2020-07-22 17:28:24,166] {spark_submit_hook.py:479} INFO - 20/07/22 17:28:24 INFO DAGScheduler: Got job 1 (showString at NativeMethodAccessorImpl.java:0) with 1 output partitions
[2020-07-22 17:28:24,167] {logging_mixin.py:112} INFO - [2020-07-22 17:28:24,166] {spark_submit_hook.py:479} INFO - 20/07/22 17:28:24 INFO DAGScheduler: Final stage: ResultStage 1 (showString at NativeMethodAccessorImpl.java:0)
[2020-07-22 17:28:24,167] {logging_mixin.py:112} INFO - [2020-07-22 17:28:24,167] {spark_submit_hook.py:479} INFO - 20/07/22 17:28:24 INFO DAGScheduler: Parents of final stage: List()
[2020-07-22 17:28:24,168] {logging_mixin.py:112} INFO - [2020-07-22 17:28:24,168] {spark_submit_hook.py:479} INFO - 20/07/22 17:28:24 INFO DAGScheduler: Missing parents: List()
[2020-07-22 17:28:24,170] {logging_mixin.py:112} INFO - [2020-07-22 17:28:24,170] {spark_submit_hook.py:479} INFO - 20/07/22 17:28:24 INFO DAGScheduler: Submitting ResultStage 1 (MapPartitionsRDD[9] at showString at NativeMethodAccessorImpl.java:0), which has no missing parents
[2020-07-22 17:28:24,246] {logging_mixin.py:112} INFO - [2020-07-22 17:28:24,246] {spark_submit_hook.py:479} INFO - 20/07/22 17:28:24 INFO MemoryStore: Block broadcast_2 stored as values in memory (estimated size 11.2 KiB, free 366.3 MiB)
[2020-07-22 17:28:24,254] {logging_mixin.py:112} INFO - [2020-07-22 17:28:24,254] {spark_submit_hook.py:479} INFO - 20/07/22 17:28:24 INFO MemoryStore: Block broadcast_2_piece0 stored as bytes in memory (estimated size 5.8 KiB, free 366.3 MiB)
[2020-07-22 17:28:24,258] {logging_mixin.py:112} INFO - [2020-07-22 17:28:24,257] {spark_submit_hook.py:479} INFO - 20/07/22 17:28:24 INFO BlockManagerInfo: Added broadcast_2_piece0 in memory on 192.168.43.94:36255 (size: 5.8 KiB, free: 366.3 MiB)
[2020-07-22 17:28:24,262] {logging_mixin.py:112} INFO - [2020-07-22 17:28:24,262] {spark_submit_hook.py:479} INFO - 20/07/22 17:28:24 INFO SparkContext: Created broadcast 2 from broadcast at DAGScheduler.scala:1200
[2020-07-22 17:28:24,269] {logging_mixin.py:112} INFO - [2020-07-22 17:28:24,268] {spark_submit_hook.py:479} INFO - 20/07/22 17:28:24 INFO DAGScheduler: Submitting 1 missing tasks from ResultStage 1 (MapPartitionsRDD[9] at showString at NativeMethodAccessorImpl.java:0) (first 15 tasks are for partitions Vector(0))
[2020-07-22 17:28:24,269] {logging_mixin.py:112} INFO - [2020-07-22 17:28:24,269] {spark_submit_hook.py:479} INFO - 20/07/22 17:28:24 INFO TaskSchedulerImpl: Adding task set 1.0 with 1 tasks
[2020-07-22 17:28:24,344] {logging_mixin.py:112} INFO - [2020-07-22 17:28:24,343] {spark_submit_hook.py:479} INFO - 20/07/22 17:28:24 INFO TaskSetManager: Starting task 0.0 in stage 1.0 (TID 1, 192.168.43.94, executor driver, partition 0, PROCESS_LOCAL, 7493 bytes)
[2020-07-22 17:28:24,348] {logging_mixin.py:112} INFO - [2020-07-22 17:28:24,348] {spark_submit_hook.py:479} INFO - 20/07/22 17:28:24 INFO Executor: Running task 0.0 in stage 1.0 (TID 1)
[2020-07-22 17:28:24,598] {logging_mixin.py:112} INFO - [2020-07-22 17:28:24,598] {spark_submit_hook.py:479} INFO - 20/07/22 17:28:24 INFO PythonRunner: Times: total = 38, boot = -6235, init = 6273, finish = 0
[2020-07-22 17:28:24,609] {logging_mixin.py:112} INFO - [2020-07-22 17:28:24,609] {spark_submit_hook.py:479} INFO - 20/07/22 17:28:24 INFO Executor: Finished task 0.0 in stage 1.0 (TID 1). 2235 bytes result sent to driver
[2020-07-22 17:28:24,629] {logging_mixin.py:112} INFO - [2020-07-22 17:28:24,628] {spark_submit_hook.py:479} INFO - 20/07/22 17:28:24 INFO TaskSetManager: Finished task 0.0 in stage 1.0 (TID 1) in 345 ms on 192.168.43.94 (executor driver) (1/1)
[2020-07-22 17:28:24,629] {logging_mixin.py:112} INFO - [2020-07-22 17:28:24,629] {spark_submit_hook.py:479} INFO - 20/07/22 17:28:24 INFO TaskSchedulerImpl: Removed TaskSet 1.0, whose tasks have all completed, from pool
[2020-07-22 17:28:24,640] {logging_mixin.py:112} INFO - [2020-07-22 17:28:24,640] {spark_submit_hook.py:479} INFO - 20/07/22 17:28:24 INFO DAGScheduler: ResultStage 1 (showString at NativeMethodAccessorImpl.java:0) finished in 0.459 s
[2020-07-22 17:28:24,641] {logging_mixin.py:112} INFO - [2020-07-22 17:28:24,640] {spark_submit_hook.py:479} INFO - 20/07/22 17:28:24 INFO DAGScheduler: Job 1 is finished. Cancelling potential speculative or zombie tasks for this job
[2020-07-22 17:28:24,641] {logging_mixin.py:112} INFO - [2020-07-22 17:28:24,641] {spark_submit_hook.py:479} INFO - 20/07/22 17:28:24 INFO TaskSchedulerImpl: Killing all running tasks in stage 1: Stage finished
[2020-07-22 17:28:24,661] {logging_mixin.py:112} INFO - [2020-07-22 17:28:24,661] {spark_submit_hook.py:479} INFO - 20/07/22 17:28:24 INFO DAGScheduler: Job 1 finished: showString at NativeMethodAccessorImpl.java:0, took 0.494406 s
[2020-07-22 17:28:24,873] {logging_mixin.py:112} INFO - [2020-07-22 17:28:24,873] {spark_submit_hook.py:479} INFO - 20/07/22 17:28:24 INFO CodeGenerator: Code generated in 98.59438 ms
[2020-07-22 17:28:24,931] {logging_mixin.py:112} INFO - [2020-07-22 17:28:24,931] {spark_submit_hook.py:479} INFO - +------+------------+--------+
[2020-07-22 17:28:24,932] {logging_mixin.py:112} INFO - [2020-07-22 17:28:24,931] {spark_submit_hook.py:479} INFO - |    _1|          _2|      _3|
[2020-07-22 17:28:24,932] {logging_mixin.py:112} INFO - [2020-07-22 17:28:24,932] {spark_submit_hook.py:479} INFO - +------+------------+--------+
[2020-07-22 17:28:24,932] {logging_mixin.py:112} INFO - [2020-07-22 17:28:24,932] {spark_submit_hook.py:479} INFO - |PERSON|JOINING_YEAR| COMPANY|
[2020-07-22 17:28:24,932] {logging_mixin.py:112} INFO - [2020-07-22 17:28:24,932] {spark_submit_hook.py:479} INFO - |  John|        2018|  Google|
[2020-07-22 17:28:24,933] {logging_mixin.py:112} INFO - [2020-07-22 17:28:24,933] {spark_submit_hook.py:479} INFO - |   Sam|        2017|     IBM|
[2020-07-22 17:28:24,933] {logging_mixin.py:112} INFO - [2020-07-22 17:28:24,933] {spark_submit_hook.py:479} INFO - |  Jeff|        2014|   Yahoo|
[2020-07-22 17:28:24,933] {logging_mixin.py:112} INFO - [2020-07-22 17:28:24,933] {spark_submit_hook.py:479} INFO - | Allen|        2015|Facebook|
[2020-07-22 17:28:24,934] {logging_mixin.py:112} INFO - [2020-07-22 17:28:24,934] {spark_submit_hook.py:479} INFO - +------+------------+--------+
[2020-07-22 17:28:24,934] {logging_mixin.py:112} INFO - [2020-07-22 17:28:24,934] {spark_submit_hook.py:479} INFO - 
[2020-07-22 17:28:25,103] {logging_mixin.py:112} INFO - [2020-07-22 17:28:25,103] {spark_submit_hook.py:479} INFO - 20/07/22 17:28:25 INFO SparkContext: Invoking stop() from shutdown hook
[2020-07-22 17:28:25,116] {logging_mixin.py:112} INFO - [2020-07-22 17:28:25,116] {spark_submit_hook.py:479} INFO - 20/07/22 17:28:25 INFO SparkUI: Stopped Spark web UI at http://192.168.43.94:4043
[2020-07-22 17:28:25,177] {logging_mixin.py:112} INFO - [2020-07-22 17:28:25,176] {spark_submit_hook.py:479} INFO - 20/07/22 17:28:25 INFO MapOutputTrackerMasterEndpoint: MapOutputTrackerMasterEndpoint stopped!
[2020-07-22 17:28:25,222] {logging_mixin.py:112} INFO - [2020-07-22 17:28:25,222] {spark_submit_hook.py:479} INFO - 20/07/22 17:28:25 INFO MemoryStore: MemoryStore cleared
[2020-07-22 17:28:25,227] {logging_mixin.py:112} INFO - [2020-07-22 17:28:25,226] {spark_submit_hook.py:479} INFO - 20/07/22 17:28:25 INFO BlockManager: BlockManager stopped
[2020-07-22 17:28:25,231] {logging_mixin.py:112} INFO - [2020-07-22 17:28:25,231] {spark_submit_hook.py:479} INFO - 20/07/22 17:28:25 INFO BlockManagerMaster: BlockManagerMaster stopped
[2020-07-22 17:28:25,238] {logging_mixin.py:112} INFO - [2020-07-22 17:28:25,237] {spark_submit_hook.py:479} INFO - 20/07/22 17:28:25 INFO OutputCommitCoordinator$OutputCommitCoordinatorEndpoint: OutputCommitCoordinator stopped!
[2020-07-22 17:28:25,253] {logging_mixin.py:112} INFO - [2020-07-22 17:28:25,253] {spark_submit_hook.py:479} INFO - 20/07/22 17:28:25 INFO SparkContext: Successfully stopped SparkContext
[2020-07-22 17:28:25,255] {logging_mixin.py:112} INFO - [2020-07-22 17:28:25,255] {spark_submit_hook.py:479} INFO - 20/07/22 17:28:25 INFO ShutdownHookManager: Shutdown hook called
[2020-07-22 17:28:25,256] {logging_mixin.py:112} INFO - [2020-07-22 17:28:25,256] {spark_submit_hook.py:479} INFO - 20/07/22 17:28:25 INFO ShutdownHookManager: Deleting directory /tmp/spark-28420ff3-1c35-419b-b062-257eb7d6aab7
[2020-07-22 17:28:25,262] {logging_mixin.py:112} INFO - [2020-07-22 17:28:25,262] {spark_submit_hook.py:479} INFO - 20/07/22 17:28:25 INFO ShutdownHookManager: Deleting directory /tmp/spark-fa1c7f77-6a2d-45dd-83ed-31c931b4f34c/pyspark-db450363-341e-4689-90f5-2a7616a91579
[2020-07-22 17:28:25,280] {logging_mixin.py:112} INFO - [2020-07-22 17:28:25,280] {spark_submit_hook.py:479} INFO - 20/07/22 17:28:25 INFO ShutdownHookManager: Deleting directory /tmp/spark-fa1c7f77-6a2d-45dd-83ed-31c931b4f34c
[2020-07-22 17:28:25,395] {taskinstance.py:1052} INFO - Marking task as SUCCESS.dag_id=submit_data, task_id=spark_submit, execution_date=20200720T074200, start_date=20200722T115806, end_date=20200722T115825
[2020-07-22 17:28:26,711] {logging_mixin.py:112} INFO - [2020-07-22 17:28:26,711] {local_task_job.py:103} INFO - Task exited with return code 0
