[2020-07-20 09:35:02,294] {taskinstance.py:669} INFO - Dependencies all met for <TaskInstance: MYSQLDAG.dbdump_in_minio 2020-07-18T00:00:00+00:00 [queued]>
[2020-07-20 09:35:02,313] {taskinstance.py:669} INFO - Dependencies all met for <TaskInstance: MYSQLDAG.dbdump_in_minio 2020-07-18T00:00:00+00:00 [queued]>
[2020-07-20 09:35:02,314] {taskinstance.py:879} INFO - 
--------------------------------------------------------------------------------
[2020-07-20 09:35:02,314] {taskinstance.py:880} INFO - Starting attempt 1 of 2
[2020-07-20 09:35:02,314] {taskinstance.py:881} INFO - 
--------------------------------------------------------------------------------
[2020-07-20 09:35:02,461] {taskinstance.py:900} INFO - Executing <Task(BashOperator): dbdump_in_minio> on 2020-07-18T00:00:00+00:00
[2020-07-20 09:35:02,467] {standard_task_runner.py:53} INFO - Started process 22742 to run task
[2020-07-20 09:35:02,732] {logging_mixin.py:112} INFO - Running %s on host %s <TaskInstance: MYSQLDAG.dbdump_in_minio 2020-07-18T00:00:00+00:00 [running]> bhakti-Vostro-3558
[2020-07-20 09:35:02,764] {bash_operator.py:82} INFO - Tmp dir root location: 
 /tmp
[2020-07-20 09:35:02,766] {bash_operator.py:103} INFO - Temporary script location: /tmp/airflowtmpfty1uno6/dbdump_in_minioa7843h81
[2020-07-20 09:35:02,766] {bash_operator.py:115} INFO - Running command: #!/bin/bash -x
user=root
password=
dbname=airflow_db2
condition=123
airflow_condition=123
root_dir="/home/bhakti/airflow/"
location=$root_dir"input_data/dump_mysql_db.db"
if [ $condition -eq $airflow_condition ]
then
docker exec -it mysqlCon \
mysqldump --user $user --databases $dbname > $location
python3 $root_dir"minioconnect/minio_connection.py"
echo 'File uploaded successfully'
fi
[2020-07-20 09:35:02,778] {bash_operator.py:122} INFO - Output:
[2020-07-20 09:35:04,912] {bash_operator.py:126} INFO - mysqldump2020-07-20 09:35:04.912761.sql
[2020-07-20 09:35:05,172] {bash_operator.py:126} INFO - File uploaded successfully
[2020-07-20 09:35:05,172] {bash_operator.py:128} INFO - Command exited with return code 0
[2020-07-20 09:35:05,181] {taskinstance.py:1052} INFO - Marking task as SUCCESS.dag_id=MYSQLDAG, task_id=dbdump_in_minio, execution_date=20200718T000000, start_date=20200720T040502, end_date=20200720T040505
[2020-07-20 09:35:12,142] {logging_mixin.py:112} INFO - [2020-07-20 09:35:12,141] {local_task_job.py:103} INFO - Task exited with return code 0
