[2020-07-23 15:23:57,919] {taskinstance.py:669} INFO - Dependencies all met for <TaskInstance: submit_data.spark_submit 2020-07-21T00:55:00+00:00 [queued]>
[2020-07-23 15:23:57,943] {taskinstance.py:669} INFO - Dependencies all met for <TaskInstance: submit_data.spark_submit 2020-07-21T00:55:00+00:00 [queued]>
[2020-07-23 15:23:57,943] {taskinstance.py:879} INFO - 
--------------------------------------------------------------------------------
[2020-07-23 15:23:57,943] {taskinstance.py:880} INFO - Starting attempt 1 of 1
[2020-07-23 15:23:57,944] {taskinstance.py:881} INFO - 
--------------------------------------------------------------------------------
[2020-07-23 15:23:58,101] {taskinstance.py:900} INFO - Executing <Task(SparkSubmitOperator): spark_submit> on 2020-07-21T00:55:00+00:00
[2020-07-23 15:23:58,106] {standard_task_runner.py:53} INFO - Started process 263251 to run task
[2020-07-23 15:23:58,335] {logging_mixin.py:112} INFO - Running %s on host %s <TaskInstance: submit_data.spark_submit 2020-07-21T00:55:00+00:00 [running]> bhakti-Vostro-3558
[2020-07-23 15:23:58,372] {logging_mixin.py:112} INFO - [2020-07-23 15:23:58,372] {base_hook.py:87} INFO - Using connection to: id: spark_local. Host: local, Port: None, Schema: None, Login: None, Password: None, extra: None
[2020-07-23 15:23:58,374] {logging_mixin.py:112} INFO - [2020-07-23 15:23:58,373] {spark_submit_hook.py:325} INFO - Spark-Submit cmd: spark-submit --master local --name airflow-spark /home/bhakti/airflow/spark_jobs/spark_test.py
[2020-07-23 15:24:02,591] {logging_mixin.py:112} INFO - [2020-07-23 15:24:02,590] {spark_submit_hook.py:479} INFO - 20/07/23 15:24:02 WARN Utils: Your hostname, bhakti-Vostro-3558 resolves to a loopback address: 127.0.1.1; using 192.168.43.94 instead (on interface wlp6s0)
[2020-07-23 15:24:02,591] {logging_mixin.py:112} INFO - [2020-07-23 15:24:02,591] {spark_submit_hook.py:479} INFO - 20/07/23 15:24:02 WARN Utils: Set SPARK_LOCAL_IP if you need to bind to another address
[2020-07-23 15:24:04,035] {logging_mixin.py:112} INFO - [2020-07-23 15:24:04,035] {spark_submit_hook.py:479} INFO - 20/07/23 15:24:04 WARN NativeCodeLoader: Unable to load native-hadoop library for your platform... using builtin-java classes where applicable
[2020-07-23 15:24:07,022] {logging_mixin.py:112} INFO - [2020-07-23 15:24:07,022] {spark_submit_hook.py:479} INFO - Using Spark's default log4j profile: org/apache/spark/log4j-defaults.properties
[2020-07-23 15:24:07,062] {logging_mixin.py:112} INFO - [2020-07-23 15:24:07,062] {spark_submit_hook.py:479} INFO - 20/07/23 15:24:07 INFO SparkContext: Running Spark version 3.0.0
[2020-07-23 15:24:07,177] {logging_mixin.py:112} INFO - [2020-07-23 15:24:07,177] {spark_submit_hook.py:479} INFO - 20/07/23 15:24:07 INFO ResourceUtils: ==============================================================
[2020-07-23 15:24:07,180] {logging_mixin.py:112} INFO - [2020-07-23 15:24:07,180] {spark_submit_hook.py:479} INFO - 20/07/23 15:24:07 INFO ResourceUtils: Resources for spark.driver:
[2020-07-23 15:24:07,180] {logging_mixin.py:112} INFO - [2020-07-23 15:24:07,180] {spark_submit_hook.py:479} INFO - 
[2020-07-23 15:24:07,181] {logging_mixin.py:112} INFO - [2020-07-23 15:24:07,181] {spark_submit_hook.py:479} INFO - 20/07/23 15:24:07 INFO ResourceUtils: ==============================================================
[2020-07-23 15:24:07,182] {logging_mixin.py:112} INFO - [2020-07-23 15:24:07,182] {spark_submit_hook.py:479} INFO - 20/07/23 15:24:07 INFO SparkContext: Submitted application: Spark_Test_Python
[2020-07-23 15:24:07,282] {logging_mixin.py:112} INFO - [2020-07-23 15:24:07,282] {spark_submit_hook.py:479} INFO - 20/07/23 15:24:07 INFO SecurityManager: Changing view acls to: bhakti
[2020-07-23 15:24:07,283] {logging_mixin.py:112} INFO - [2020-07-23 15:24:07,283] {spark_submit_hook.py:479} INFO - 20/07/23 15:24:07 INFO SecurityManager: Changing modify acls to: bhakti
[2020-07-23 15:24:07,283] {logging_mixin.py:112} INFO - [2020-07-23 15:24:07,283] {spark_submit_hook.py:479} INFO - 20/07/23 15:24:07 INFO SecurityManager: Changing view acls groups to:
[2020-07-23 15:24:07,283] {logging_mixin.py:112} INFO - [2020-07-23 15:24:07,283] {spark_submit_hook.py:479} INFO - 20/07/23 15:24:07 INFO SecurityManager: Changing modify acls groups to:
[2020-07-23 15:24:07,284] {logging_mixin.py:112} INFO - [2020-07-23 15:24:07,284] {spark_submit_hook.py:479} INFO - 20/07/23 15:24:07 INFO SecurityManager: SecurityManager: authentication disabled; ui acls disabled; users  with view permissions: Set(bhakti); groups with view permissions: Set(); users  with modify permissions: Set(bhakti); groups with modify permissions: Set()
[2020-07-23 15:24:07,889] {logging_mixin.py:112} INFO - [2020-07-23 15:24:07,889] {spark_submit_hook.py:479} INFO - 20/07/23 15:24:07 INFO Utils: Successfully started service 'sparkDriver' on port 33753.
[2020-07-23 15:24:07,992] {logging_mixin.py:112} INFO - [2020-07-23 15:24:07,992] {spark_submit_hook.py:479} INFO - 20/07/23 15:24:07 INFO SparkEnv: Registering MapOutputTracker
[2020-07-23 15:24:08,142] {logging_mixin.py:112} INFO - [2020-07-23 15:24:08,141] {spark_submit_hook.py:479} INFO - 20/07/23 15:24:08 INFO SparkEnv: Registering BlockManagerMaster
[2020-07-23 15:24:08,243] {logging_mixin.py:112} INFO - [2020-07-23 15:24:08,243] {spark_submit_hook.py:479} INFO - 20/07/23 15:24:08 INFO BlockManagerMasterEndpoint: Using org.apache.spark.storage.DefaultTopologyMapper for getting topology information
[2020-07-23 15:24:08,245] {logging_mixin.py:112} INFO - [2020-07-23 15:24:08,245] {spark_submit_hook.py:479} INFO - 20/07/23 15:24:08 INFO BlockManagerMasterEndpoint: BlockManagerMasterEndpoint up
[2020-07-23 15:24:08,260] {logging_mixin.py:112} INFO - [2020-07-23 15:24:08,260] {spark_submit_hook.py:479} INFO - 20/07/23 15:24:08 INFO SparkEnv: Registering BlockManagerMasterHeartbeat
[2020-07-23 15:24:08,317] {logging_mixin.py:112} INFO - [2020-07-23 15:24:08,316] {spark_submit_hook.py:479} INFO - 20/07/23 15:24:08 INFO DiskBlockManager: Created local directory at /tmp/blockmgr-34c858e1-174a-4a63-95ba-6695723200f4
[2020-07-23 15:24:08,379] {logging_mixin.py:112} INFO - [2020-07-23 15:24:08,379] {spark_submit_hook.py:479} INFO - 20/07/23 15:24:08 INFO MemoryStore: MemoryStore started with capacity 366.3 MiB
[2020-07-23 15:24:08,439] {logging_mixin.py:112} INFO - [2020-07-23 15:24:08,439] {spark_submit_hook.py:479} INFO - 20/07/23 15:24:08 INFO SparkEnv: Registering OutputCommitCoordinator
[2020-07-23 15:24:09,389] {logging_mixin.py:112} INFO - [2020-07-23 15:24:09,389] {spark_submit_hook.py:479} INFO - 20/07/23 15:24:09 WARN Utils: Service 'SparkUI' could not bind on port 4040. Attempting port 4041.
[2020-07-23 15:24:09,422] {logging_mixin.py:112} INFO - [2020-07-23 15:24:09,422] {spark_submit_hook.py:479} INFO - 20/07/23 15:24:09 INFO Utils: Successfully started service 'SparkUI' on port 4041.
[2020-07-23 15:24:09,642] {logging_mixin.py:112} INFO - [2020-07-23 15:24:09,641] {spark_submit_hook.py:479} INFO - 20/07/23 15:24:09 INFO SparkUI: Bound SparkUI to 0.0.0.0, and started at http://192.168.43.94:4041
[2020-07-23 15:24:10,593] {logging_mixin.py:112} INFO - [2020-07-23 15:24:10,593] {spark_submit_hook.py:479} INFO - 20/07/23 15:24:10 INFO Executor: Starting executor ID driver on host 192.168.43.94
[2020-07-23 15:24:10,659] {logging_mixin.py:112} INFO - [2020-07-23 15:24:10,658] {spark_submit_hook.py:479} INFO - 20/07/23 15:24:10 INFO Utils: Successfully started service 'org.apache.spark.network.netty.NettyBlockTransferService' on port 41163.
[2020-07-23 15:24:10,660] {logging_mixin.py:112} INFO - [2020-07-23 15:24:10,660] {spark_submit_hook.py:479} INFO - 20/07/23 15:24:10 INFO NettyBlockTransferService: Server created on 192.168.43.94:41163
[2020-07-23 15:24:10,663] {logging_mixin.py:112} INFO - [2020-07-23 15:24:10,663] {spark_submit_hook.py:479} INFO - 20/07/23 15:24:10 INFO BlockManager: Using org.apache.spark.storage.RandomBlockReplicationPolicy for block replication policy
[2020-07-23 15:24:10,683] {logging_mixin.py:112} INFO - [2020-07-23 15:24:10,683] {spark_submit_hook.py:479} INFO - 20/07/23 15:24:10 INFO BlockManagerMaster: Registering BlockManager BlockManagerId(driver, 192.168.43.94, 41163, None)
[2020-07-23 15:24:10,699] {logging_mixin.py:112} INFO - [2020-07-23 15:24:10,699] {spark_submit_hook.py:479} INFO - 20/07/23 15:24:10 INFO BlockManagerMasterEndpoint: Registering block manager 192.168.43.94:41163 with 366.3 MiB RAM, BlockManagerId(driver, 192.168.43.94, 41163, None)
[2020-07-23 15:24:10,718] {logging_mixin.py:112} INFO - [2020-07-23 15:24:10,718] {spark_submit_hook.py:479} INFO - 20/07/23 15:24:10 INFO BlockManagerMaster: Registered BlockManager BlockManagerId(driver, 192.168.43.94, 41163, None)
[2020-07-23 15:24:10,723] {logging_mixin.py:112} INFO - [2020-07-23 15:24:10,723] {spark_submit_hook.py:479} INFO - 20/07/23 15:24:10 INFO BlockManager: Initialized BlockManager: BlockManagerId(driver, 192.168.43.94, 41163, None)
[2020-07-23 15:24:13,773] {logging_mixin.py:112} INFO - [2020-07-23 15:24:13,773] {spark_submit_hook.py:479} INFO - 20/07/23 15:24:13 INFO MemoryStore: Block broadcast_0 stored as values in memory (estimated size 241.5 KiB, free 366.1 MiB)
[2020-07-23 15:24:13,951] {logging_mixin.py:112} INFO - [2020-07-23 15:24:13,951] {spark_submit_hook.py:479} INFO - 20/07/23 15:24:13 INFO MemoryStore: Block broadcast_0_piece0 stored as bytes in memory (estimated size 23.4 KiB, free 366.0 MiB)
[2020-07-23 15:24:13,959] {logging_mixin.py:112} INFO - [2020-07-23 15:24:13,959] {spark_submit_hook.py:479} INFO - 20/07/23 15:24:13 INFO BlockManagerInfo: Added broadcast_0_piece0 in memory on 192.168.43.94:41163 (size: 23.4 KiB, free: 366.3 MiB)
[2020-07-23 15:24:13,974] {logging_mixin.py:112} INFO - [2020-07-23 15:24:13,974] {spark_submit_hook.py:479} INFO - 20/07/23 15:24:13 INFO SparkContext: Created broadcast 0 from textFile at NativeMethodAccessorImpl.java:0
[2020-07-23 15:24:14,493] {logging_mixin.py:112} INFO - [2020-07-23 15:24:14,493] {spark_submit_hook.py:479} INFO - 20/07/23 15:24:14 INFO FileInputFormat: Total input paths to process : 1
[2020-07-23 15:24:14,655] {logging_mixin.py:112} INFO - [2020-07-23 15:24:14,655] {spark_submit_hook.py:479} INFO - 20/07/23 15:24:14 INFO SparkContext: Starting job: collect at /home/bhakti/airflow/spark_jobs/spark_test.py:8
[2020-07-23 15:24:14,687] {logging_mixin.py:112} INFO - [2020-07-23 15:24:14,686] {spark_submit_hook.py:479} INFO - 20/07/23 15:24:14 INFO DAGScheduler: Got job 0 (collect at /home/bhakti/airflow/spark_jobs/spark_test.py:8) with 1 output partitions
[2020-07-23 15:24:14,688] {logging_mixin.py:112} INFO - [2020-07-23 15:24:14,687] {spark_submit_hook.py:479} INFO - 20/07/23 15:24:14 INFO DAGScheduler: Final stage: ResultStage 0 (collect at /home/bhakti/airflow/spark_jobs/spark_test.py:8)
[2020-07-23 15:24:14,689] {logging_mixin.py:112} INFO - [2020-07-23 15:24:14,688] {spark_submit_hook.py:479} INFO - 20/07/23 15:24:14 INFO DAGScheduler: Parents of final stage: List()
[2020-07-23 15:24:14,692] {logging_mixin.py:112} INFO - [2020-07-23 15:24:14,692] {spark_submit_hook.py:479} INFO - 20/07/23 15:24:14 INFO DAGScheduler: Missing parents: List()
[2020-07-23 15:24:14,705] {logging_mixin.py:112} INFO - [2020-07-23 15:24:14,705] {spark_submit_hook.py:479} INFO - 20/07/23 15:24:14 INFO DAGScheduler: Submitting ResultStage 0 (PythonRDD[2] at collect at /home/bhakti/airflow/spark_jobs/spark_test.py:8), which has no missing parents
[2020-07-23 15:24:14,746] {logging_mixin.py:112} INFO - [2020-07-23 15:24:14,745] {spark_submit_hook.py:479} INFO - 20/07/23 15:24:14 INFO MemoryStore: Block broadcast_1 stored as values in memory (estimated size 7.4 KiB, free 366.0 MiB)
[2020-07-23 15:24:14,760] {logging_mixin.py:112} INFO - [2020-07-23 15:24:14,759] {spark_submit_hook.py:479} INFO - 20/07/23 15:24:14 INFO MemoryStore: Block broadcast_1_piece0 stored as bytes in memory (estimated size 4.4 KiB, free 366.0 MiB)
[2020-07-23 15:24:14,763] {logging_mixin.py:112} INFO - [2020-07-23 15:24:14,763] {spark_submit_hook.py:479} INFO - 20/07/23 15:24:14 INFO BlockManagerInfo: Added broadcast_1_piece0 in memory on 192.168.43.94:41163 (size: 4.4 KiB, free: 366.3 MiB)
[2020-07-23 15:24:14,766] {logging_mixin.py:112} INFO - [2020-07-23 15:24:14,766] {spark_submit_hook.py:479} INFO - 20/07/23 15:24:14 INFO SparkContext: Created broadcast 1 from broadcast at DAGScheduler.scala:1200
[2020-07-23 15:24:14,803] {logging_mixin.py:112} INFO - [2020-07-23 15:24:14,803] {spark_submit_hook.py:479} INFO - 20/07/23 15:24:14 INFO DAGScheduler: Submitting 1 missing tasks from ResultStage 0 (PythonRDD[2] at collect at /home/bhakti/airflow/spark_jobs/spark_test.py:8) (first 15 tasks are for partitions Vector(0))
[2020-07-23 15:24:14,806] {logging_mixin.py:112} INFO - [2020-07-23 15:24:14,805] {spark_submit_hook.py:479} INFO - 20/07/23 15:24:14 INFO TaskSchedulerImpl: Adding task set 0.0 with 1 tasks
[2020-07-23 15:24:14,996] {logging_mixin.py:112} INFO - [2020-07-23 15:24:14,996] {spark_submit_hook.py:479} INFO - 20/07/23 15:24:14 INFO TaskSetManager: Starting task 0.0 in stage 0.0 (TID 0, 192.168.43.94, executor driver, partition 0, PROCESS_LOCAL, 7388 bytes)
[2020-07-23 15:24:15,078] {logging_mixin.py:112} INFO - [2020-07-23 15:24:15,078] {spark_submit_hook.py:479} INFO - 20/07/23 15:24:15 INFO Executor: Running task 0.0 in stage 0.0 (TID 0)
[2020-07-23 15:24:15,814] {logging_mixin.py:112} INFO - [2020-07-23 15:24:15,813] {spark_submit_hook.py:479} INFO - 20/07/23 15:24:15 INFO HadoopRDD: Input split: file:/home/bhakti/airflow/input_data/sample.csv:0+93
[2020-07-23 15:24:16,748] {logging_mixin.py:112} INFO - [2020-07-23 15:24:16,747] {spark_submit_hook.py:479} INFO - 20/07/23 15:24:16 INFO PythonRunner: Times: total = 880, boot = 850, init = 29, finish = 1
[2020-07-23 15:24:16,817] {logging_mixin.py:112} INFO - [2020-07-23 15:24:16,817] {spark_submit_hook.py:479} INFO - 20/07/23 15:24:16 INFO Executor: Finished task 0.0 in stage 0.0 (TID 0). 1779 bytes result sent to driver
[2020-07-23 15:24:16,855] {logging_mixin.py:112} INFO - [2020-07-23 15:24:16,855] {spark_submit_hook.py:479} INFO - 20/07/23 15:24:16 INFO TaskSetManager: Finished task 0.0 in stage 0.0 (TID 0) in 1934 ms on 192.168.43.94 (executor driver) (1/1)
[2020-07-23 15:24:16,861] {logging_mixin.py:112} INFO - [2020-07-23 15:24:16,861] {spark_submit_hook.py:479} INFO - 20/07/23 15:24:16 INFO TaskSchedulerImpl: Removed TaskSet 0.0, whose tasks have all completed, from pool
[2020-07-23 15:24:16,884] {logging_mixin.py:112} INFO - [2020-07-23 15:24:16,883] {spark_submit_hook.py:479} INFO - 20/07/23 15:24:16 INFO PythonAccumulatorV2: Connected to AccumulatorServer at host: 127.0.0.1 port: 33213
[2020-07-23 15:24:16,938] {logging_mixin.py:112} INFO - [2020-07-23 15:24:16,938] {spark_submit_hook.py:479} INFO - 20/07/23 15:24:16 INFO DAGScheduler: ResultStage 0 (collect at /home/bhakti/airflow/spark_jobs/spark_test.py:8) finished in 2.192 s
[2020-07-23 15:24:16,976] {logging_mixin.py:112} INFO - [2020-07-23 15:24:16,976] {spark_submit_hook.py:479} INFO - 20/07/23 15:24:16 INFO DAGScheduler: Job 0 is finished. Cancelling potential speculative or zombie tasks for this job
[2020-07-23 15:24:16,984] {logging_mixin.py:112} INFO - [2020-07-23 15:24:16,983] {spark_submit_hook.py:479} INFO - 20/07/23 15:24:16 INFO TaskSchedulerImpl: Killing all running tasks in stage 0: Stage finished
[2020-07-23 15:24:17,018] {logging_mixin.py:112} INFO - [2020-07-23 15:24:17,018] {spark_submit_hook.py:479} INFO - 20/07/23 15:24:16 INFO DAGScheduler: Job 0 finished: collect at /home/bhakti/airflow/spark_jobs/spark_test.py:8, took 2.340010 s
[2020-07-23 15:24:17,060] {logging_mixin.py:112} INFO - [2020-07-23 15:24:17,060] {spark_submit_hook.py:479} INFO - [('PERSON', 'JOINING_YEAR', 'COMPANY'), ('John', '2018', 'Google'), ('Sam', '2017', 'IBM'), ('Jeff', '2014', 'Yahoo'), ('Allen', '2015', 'Facebook')]
[2020-07-23 15:24:17,340] {logging_mixin.py:112} INFO - [2020-07-23 15:24:17,339] {spark_submit_hook.py:479} INFO - 20/07/23 15:24:17 INFO BlockManagerInfo: Removed broadcast_1_piece0 on 192.168.43.94:41163 in memory (size: 4.4 KiB, free: 366.3 MiB)
[2020-07-23 15:24:18,253] {logging_mixin.py:112} INFO - [2020-07-23 15:24:18,253] {spark_submit_hook.py:479} INFO - 20/07/23 15:24:18 INFO SharedState: Setting hive.metastore.warehouse.dir ('null') to the value of spark.sql.warehouse.dir ('file:/home/bhakti/airflow/spark-warehouse').
[2020-07-23 15:24:18,255] {logging_mixin.py:112} INFO - [2020-07-23 15:24:18,255] {spark_submit_hook.py:479} INFO - 20/07/23 15:24:18 INFO SharedState: Warehouse path is 'file:/home/bhakti/airflow/spark-warehouse'.
[2020-07-23 15:24:23,797] {logging_mixin.py:112} INFO - [2020-07-23 15:24:23,797] {spark_submit_hook.py:479} INFO - 20/07/23 15:24:23 INFO CodeGenerator: Code generated in 314.203904 ms
[2020-07-23 15:24:23,862] {logging_mixin.py:112} INFO - [2020-07-23 15:24:23,862] {spark_submit_hook.py:479} INFO - 20/07/23 15:24:23 INFO SparkContext: Starting job: showString at NativeMethodAccessorImpl.java:0
[2020-07-23 15:24:23,865] {logging_mixin.py:112} INFO - [2020-07-23 15:24:23,865] {spark_submit_hook.py:479} INFO - 20/07/23 15:24:23 INFO DAGScheduler: Got job 1 (showString at NativeMethodAccessorImpl.java:0) with 1 output partitions
[2020-07-23 15:24:23,865] {logging_mixin.py:112} INFO - [2020-07-23 15:24:23,865] {spark_submit_hook.py:479} INFO - 20/07/23 15:24:23 INFO DAGScheduler: Final stage: ResultStage 1 (showString at NativeMethodAccessorImpl.java:0)
[2020-07-23 15:24:23,866] {logging_mixin.py:112} INFO - [2020-07-23 15:24:23,866] {spark_submit_hook.py:479} INFO - 20/07/23 15:24:23 INFO DAGScheduler: Parents of final stage: List()
[2020-07-23 15:24:23,866] {logging_mixin.py:112} INFO - [2020-07-23 15:24:23,866] {spark_submit_hook.py:479} INFO - 20/07/23 15:24:23 INFO DAGScheduler: Missing parents: List()
[2020-07-23 15:24:23,868] {logging_mixin.py:112} INFO - [2020-07-23 15:24:23,868] {spark_submit_hook.py:479} INFO - 20/07/23 15:24:23 INFO DAGScheduler: Submitting ResultStage 1 (MapPartitionsRDD[9] at showString at NativeMethodAccessorImpl.java:0), which has no missing parents
[2020-07-23 15:24:23,891] {logging_mixin.py:112} INFO - [2020-07-23 15:24:23,891] {spark_submit_hook.py:479} INFO - 20/07/23 15:24:23 INFO MemoryStore: Block broadcast_2 stored as values in memory (estimated size 11.2 KiB, free 366.0 MiB)
[2020-07-23 15:24:23,895] {logging_mixin.py:112} INFO - [2020-07-23 15:24:23,894] {spark_submit_hook.py:479} INFO - 20/07/23 15:24:23 INFO MemoryStore: Block broadcast_2_piece0 stored as bytes in memory (estimated size 5.8 KiB, free 366.0 MiB)
[2020-07-23 15:24:23,896] {logging_mixin.py:112} INFO - [2020-07-23 15:24:23,896] {spark_submit_hook.py:479} INFO - 20/07/23 15:24:23 INFO BlockManagerInfo: Added broadcast_2_piece0 in memory on 192.168.43.94:41163 (size: 5.8 KiB, free: 366.3 MiB)
[2020-07-23 15:24:23,898] {logging_mixin.py:112} INFO - [2020-07-23 15:24:23,897] {spark_submit_hook.py:479} INFO - 20/07/23 15:24:23 INFO SparkContext: Created broadcast 2 from broadcast at DAGScheduler.scala:1200
[2020-07-23 15:24:23,899] {logging_mixin.py:112} INFO - [2020-07-23 15:24:23,899] {spark_submit_hook.py:479} INFO - 20/07/23 15:24:23 INFO DAGScheduler: Submitting 1 missing tasks from ResultStage 1 (MapPartitionsRDD[9] at showString at NativeMethodAccessorImpl.java:0) (first 15 tasks are for partitions Vector(0))
[2020-07-23 15:24:23,900] {logging_mixin.py:112} INFO - [2020-07-23 15:24:23,900] {spark_submit_hook.py:479} INFO - 20/07/23 15:24:23 INFO TaskSchedulerImpl: Adding task set 1.0 with 1 tasks
[2020-07-23 15:24:23,924] {logging_mixin.py:112} INFO - [2020-07-23 15:24:23,924] {spark_submit_hook.py:479} INFO - 20/07/23 15:24:23 INFO TaskSetManager: Starting task 0.0 in stage 1.0 (TID 1, 192.168.43.94, executor driver, partition 0, PROCESS_LOCAL, 7493 bytes)
[2020-07-23 15:24:23,925] {logging_mixin.py:112} INFO - [2020-07-23 15:24:23,925] {spark_submit_hook.py:479} INFO - 20/07/23 15:24:23 INFO Executor: Running task 0.0 in stage 1.0 (TID 1)
[2020-07-23 15:24:24,053] {logging_mixin.py:112} INFO - [2020-07-23 15:24:24,052] {spark_submit_hook.py:479} INFO - 20/07/23 15:24:24 INFO PythonRunner: Times: total = 13, boot = -7249, init = 7262, finish = 0
[2020-07-23 15:24:24,065] {logging_mixin.py:112} INFO - [2020-07-23 15:24:24,065] {spark_submit_hook.py:479} INFO - 20/07/23 15:24:24 INFO Executor: Finished task 0.0 in stage 1.0 (TID 1). 2235 bytes result sent to driver
[2020-07-23 15:24:24,074] {logging_mixin.py:112} INFO - [2020-07-23 15:24:24,073] {spark_submit_hook.py:479} INFO - 20/07/23 15:24:24 INFO TaskSetManager: Finished task 0.0 in stage 1.0 (TID 1) in 170 ms on 192.168.43.94 (executor driver) (1/1)
[2020-07-23 15:24:24,077] {logging_mixin.py:112} INFO - [2020-07-23 15:24:24,077] {spark_submit_hook.py:479} INFO - 20/07/23 15:24:24 INFO DAGScheduler: ResultStage 1 (showString at NativeMethodAccessorImpl.java:0) finished in 0.203 s
[2020-07-23 15:24:24,077] {logging_mixin.py:112} INFO - [2020-07-23 15:24:24,077] {spark_submit_hook.py:479} INFO - 20/07/23 15:24:24 INFO DAGScheduler: Job 1 is finished. Cancelling potential speculative or zombie tasks for this job
[2020-07-23 15:24:24,081] {logging_mixin.py:112} INFO - [2020-07-23 15:24:24,080] {spark_submit_hook.py:479} INFO - 20/07/23 15:24:24 INFO TaskSchedulerImpl: Removed TaskSet 1.0, whose tasks have all completed, from pool
[2020-07-23 15:24:24,081] {logging_mixin.py:112} INFO - [2020-07-23 15:24:24,081] {spark_submit_hook.py:479} INFO - 20/07/23 15:24:24 INFO TaskSchedulerImpl: Killing all running tasks in stage 1: Stage finished
[2020-07-23 15:24:24,086] {logging_mixin.py:112} INFO - [2020-07-23 15:24:24,085] {spark_submit_hook.py:479} INFO - 20/07/23 15:24:24 INFO DAGScheduler: Job 1 finished: showString at NativeMethodAccessorImpl.java:0, took 0.219589 s
[2020-07-23 15:24:24,359] {logging_mixin.py:112} INFO - [2020-07-23 15:24:24,359] {spark_submit_hook.py:479} INFO - 20/07/23 15:24:24 INFO CodeGenerator: Code generated in 201.107907 ms
[2020-07-23 15:24:24,414] {logging_mixin.py:112} INFO - [2020-07-23 15:24:24,414] {spark_submit_hook.py:479} INFO - +------+------------+--------+
[2020-07-23 15:24:24,415] {logging_mixin.py:112} INFO - [2020-07-23 15:24:24,415] {spark_submit_hook.py:479} INFO - |    _1|          _2|      _3|
[2020-07-23 15:24:24,415] {logging_mixin.py:112} INFO - [2020-07-23 15:24:24,415] {spark_submit_hook.py:479} INFO - +------+------------+--------+
[2020-07-23 15:24:24,415] {logging_mixin.py:112} INFO - [2020-07-23 15:24:24,415] {spark_submit_hook.py:479} INFO - |PERSON|JOINING_YEAR| COMPANY|
[2020-07-23 15:24:24,415] {logging_mixin.py:112} INFO - [2020-07-23 15:24:24,415] {spark_submit_hook.py:479} INFO - |  John|        2018|  Google|
[2020-07-23 15:24:24,416] {logging_mixin.py:112} INFO - [2020-07-23 15:24:24,416] {spark_submit_hook.py:479} INFO - |   Sam|        2017|     IBM|
[2020-07-23 15:24:24,416] {logging_mixin.py:112} INFO - [2020-07-23 15:24:24,416] {spark_submit_hook.py:479} INFO - |  Jeff|        2014|   Yahoo|
[2020-07-23 15:24:24,416] {logging_mixin.py:112} INFO - [2020-07-23 15:24:24,416] {spark_submit_hook.py:479} INFO - | Allen|        2015|Facebook|
[2020-07-23 15:24:24,416] {logging_mixin.py:112} INFO - [2020-07-23 15:24:24,416] {spark_submit_hook.py:479} INFO - +------+------------+--------+
[2020-07-23 15:24:24,417] {logging_mixin.py:112} INFO - [2020-07-23 15:24:24,416] {spark_submit_hook.py:479} INFO - 
[2020-07-23 15:24:24,550] {logging_mixin.py:112} INFO - [2020-07-23 15:24:24,549] {spark_submit_hook.py:479} INFO - 20/07/23 15:24:24 INFO SparkContext: Invoking stop() from shutdown hook
[2020-07-23 15:24:24,570] {logging_mixin.py:112} INFO - [2020-07-23 15:24:24,569] {spark_submit_hook.py:479} INFO - 20/07/23 15:24:24 INFO SparkUI: Stopped Spark web UI at http://192.168.43.94:4041
[2020-07-23 15:24:24,695] {logging_mixin.py:112} INFO - [2020-07-23 15:24:24,695] {spark_submit_hook.py:479} INFO - 20/07/23 15:24:24 INFO MapOutputTrackerMasterEndpoint: MapOutputTrackerMasterEndpoint stopped!
[2020-07-23 15:24:24,721] {logging_mixin.py:112} INFO - [2020-07-23 15:24:24,721] {spark_submit_hook.py:479} INFO - 20/07/23 15:24:24 INFO MemoryStore: MemoryStore cleared
[2020-07-23 15:24:24,723] {logging_mixin.py:112} INFO - [2020-07-23 15:24:24,722] {spark_submit_hook.py:479} INFO - 20/07/23 15:24:24 INFO BlockManager: BlockManager stopped
[2020-07-23 15:24:24,729] {logging_mixin.py:112} INFO - [2020-07-23 15:24:24,729] {spark_submit_hook.py:479} INFO - 20/07/23 15:24:24 INFO BlockManagerMaster: BlockManagerMaster stopped
[2020-07-23 15:24:24,738] {logging_mixin.py:112} INFO - [2020-07-23 15:24:24,738] {spark_submit_hook.py:479} INFO - 20/07/23 15:24:24 INFO OutputCommitCoordinator$OutputCommitCoordinatorEndpoint: OutputCommitCoordinator stopped!
[2020-07-23 15:24:24,763] {logging_mixin.py:112} INFO - [2020-07-23 15:24:24,763] {spark_submit_hook.py:479} INFO - 20/07/23 15:24:24 INFO SparkContext: Successfully stopped SparkContext
[2020-07-23 15:24:24,768] {logging_mixin.py:112} INFO - [2020-07-23 15:24:24,768] {spark_submit_hook.py:479} INFO - 20/07/23 15:24:24 INFO ShutdownHookManager: Shutdown hook called
[2020-07-23 15:24:24,772] {logging_mixin.py:112} INFO - [2020-07-23 15:24:24,772] {spark_submit_hook.py:479} INFO - 20/07/23 15:24:24 INFO ShutdownHookManager: Deleting directory /tmp/spark-eca864e5-1f26-45a7-b30e-8bd925cf0f2f/pyspark-301c9029-348a-416e-ad99-00156682f58f
[2020-07-23 15:24:24,800] {logging_mixin.py:112} INFO - [2020-07-23 15:24:24,800] {spark_submit_hook.py:479} INFO - 20/07/23 15:24:24 INFO ShutdownHookManager: Deleting directory /tmp/spark-87d1d8d1-0e4b-4882-8027-edf9a2ebf15d
[2020-07-23 15:24:24,810] {logging_mixin.py:112} INFO - [2020-07-23 15:24:24,810] {spark_submit_hook.py:479} INFO - 20/07/23 15:24:24 INFO ShutdownHookManager: Deleting directory /tmp/spark-eca864e5-1f26-45a7-b30e-8bd925cf0f2f
[2020-07-23 15:24:24,936] {taskinstance.py:1052} INFO - Marking task as SUCCESS.dag_id=submit_data, task_id=spark_submit, execution_date=20200721T005500, start_date=20200723T095357, end_date=20200723T095424
[2020-07-23 15:24:29,054] {logging_mixin.py:112} INFO - [2020-07-23 15:24:29,053] {local_task_job.py:103} INFO - Task exited with return code 0
