[2020-07-22 13:01:06,398] {taskinstance.py:669} INFO - Dependencies all met for <TaskInstance: submit_data.spark_submit 2020-07-20T00:11:00+00:00 [queued]>
[2020-07-22 13:01:06,414] {taskinstance.py:669} INFO - Dependencies all met for <TaskInstance: submit_data.spark_submit 2020-07-20T00:11:00+00:00 [queued]>
[2020-07-22 13:01:06,415] {taskinstance.py:879} INFO - 
--------------------------------------------------------------------------------
[2020-07-22 13:01:06,415] {taskinstance.py:880} INFO - Starting attempt 1 of 1
[2020-07-22 13:01:06,415] {taskinstance.py:881} INFO - 
--------------------------------------------------------------------------------
[2020-07-22 13:01:06,644] {taskinstance.py:900} INFO - Executing <Task(SparkSubmitOperator): spark_submit> on 2020-07-20T00:11:00+00:00
[2020-07-22 13:01:06,648] {standard_task_runner.py:53} INFO - Started process 306003 to run task
[2020-07-22 13:01:06,951] {logging_mixin.py:112} INFO - Running %s on host %s <TaskInstance: submit_data.spark_submit 2020-07-20T00:11:00+00:00 [running]> bhakti-Vostro-3558
[2020-07-22 13:01:07,015] {logging_mixin.py:112} INFO - [2020-07-22 13:01:07,014] {base_hook.py:87} INFO - Using connection to: id: spark_local. Host: localhost, Port: 4040, Schema: None, Login: None, Password: None, extra: None
[2020-07-22 13:01:07,021] {logging_mixin.py:112} INFO - [2020-07-22 13:01:07,020] {spark_submit_hook.py:325} INFO - Spark-Submit cmd: spark-submit --master localhost:4040 --name airflow-spark /home/bhakti/airflow/spark_jobs/python/spark_test.py
[2020-07-22 13:01:10,739] {logging_mixin.py:112} INFO - [2020-07-22 13:01:10,738] {spark_submit_hook.py:479} INFO - 20/07/22 13:01:10 WARN Utils: Your hostname, bhakti-Vostro-3558 resolves to a loopback address: 127.0.1.1; using 192.168.43.94 instead (on interface wlp6s0)
[2020-07-22 13:01:10,742] {logging_mixin.py:112} INFO - [2020-07-22 13:01:10,742] {spark_submit_hook.py:479} INFO - 20/07/22 13:01:10 WARN Utils: Set SPARK_LOCAL_IP if you need to bind to another address
[2020-07-22 13:01:13,814] {logging_mixin.py:112} INFO - [2020-07-22 13:01:13,813] {spark_submit_hook.py:479} INFO - 20/07/22 13:01:13 WARN NativeCodeLoader: Unable to load native-hadoop library for your platform... using builtin-java classes where applicable
[2020-07-22 13:01:16,613] {logging_mixin.py:112} INFO - [2020-07-22 13:01:16,613] {spark_submit_hook.py:479} INFO - Spark_Test_Python
[2020-07-22 13:01:16,614] {logging_mixin.py:112} INFO - [2020-07-22 13:01:16,614] {spark_submit_hook.py:479} INFO - Number of arguments: 0 arguments.
[2020-07-22 13:01:16,615] {logging_mixin.py:112} INFO - [2020-07-22 13:01:16,615] {spark_submit_hook.py:479} INFO - Argument List: []
[2020-07-22 13:01:16,846] {logging_mixin.py:112} INFO - [2020-07-22 13:01:16,846] {spark_submit_hook.py:479} INFO - Using Spark's default log4j profile: org/apache/spark/log4j-defaults.properties
[2020-07-22 13:01:16,867] {logging_mixin.py:112} INFO - [2020-07-22 13:01:16,867] {spark_submit_hook.py:479} INFO - 20/07/22 13:01:16 INFO SparkContext: Running Spark version 3.0.0
[2020-07-22 13:01:16,971] {logging_mixin.py:112} INFO - [2020-07-22 13:01:16,970] {spark_submit_hook.py:479} INFO - 20/07/22 13:01:16 INFO ResourceUtils: ==============================================================
[2020-07-22 13:01:16,974] {logging_mixin.py:112} INFO - [2020-07-22 13:01:16,974] {spark_submit_hook.py:479} INFO - 20/07/22 13:01:16 INFO ResourceUtils: Resources for spark.driver:
[2020-07-22 13:01:16,987] {logging_mixin.py:112} INFO - [2020-07-22 13:01:16,987] {spark_submit_hook.py:479} INFO - 
[2020-07-22 13:01:16,988] {logging_mixin.py:112} INFO - [2020-07-22 13:01:16,988] {spark_submit_hook.py:479} INFO - 20/07/22 13:01:16 INFO ResourceUtils: ==============================================================
[2020-07-22 13:01:16,988] {logging_mixin.py:112} INFO - [2020-07-22 13:01:16,988] {spark_submit_hook.py:479} INFO - 20/07/22 13:01:16 INFO SparkContext: Submitted application: Spark_Test_Python
[2020-07-22 13:01:17,176] {logging_mixin.py:112} INFO - [2020-07-22 13:01:17,176] {spark_submit_hook.py:479} INFO - 20/07/22 13:01:17 INFO SecurityManager: Changing view acls to: bhakti
[2020-07-22 13:01:17,177] {logging_mixin.py:112} INFO - [2020-07-22 13:01:17,177] {spark_submit_hook.py:479} INFO - 20/07/22 13:01:17 INFO SecurityManager: Changing modify acls to: bhakti
[2020-07-22 13:01:17,177] {logging_mixin.py:112} INFO - [2020-07-22 13:01:17,177] {spark_submit_hook.py:479} INFO - 20/07/22 13:01:17 INFO SecurityManager: Changing view acls groups to:
[2020-07-22 13:01:17,178] {logging_mixin.py:112} INFO - [2020-07-22 13:01:17,178] {spark_submit_hook.py:479} INFO - 20/07/22 13:01:17 INFO SecurityManager: Changing modify acls groups to:
[2020-07-22 13:01:17,178] {logging_mixin.py:112} INFO - [2020-07-22 13:01:17,178] {spark_submit_hook.py:479} INFO - 20/07/22 13:01:17 INFO SecurityManager: SecurityManager: authentication disabled; ui acls disabled; users  with view permissions: Set(bhakti); groups with view permissions: Set(); users  with modify permissions: Set(bhakti); groups with modify permissions: Set()
[2020-07-22 13:01:17,878] {logging_mixin.py:112} INFO - [2020-07-22 13:01:17,877] {spark_submit_hook.py:479} INFO - 20/07/22 13:01:17 INFO Utils: Successfully started service 'sparkDriver' on port 38771.
[2020-07-22 13:01:17,971] {logging_mixin.py:112} INFO - [2020-07-22 13:01:17,971] {spark_submit_hook.py:479} INFO - 20/07/22 13:01:17 INFO SparkEnv: Registering MapOutputTracker
[2020-07-22 13:01:18,044] {logging_mixin.py:112} INFO - [2020-07-22 13:01:18,044] {spark_submit_hook.py:479} INFO - 20/07/22 13:01:18 INFO SparkEnv: Registering BlockManagerMaster
[2020-07-22 13:01:18,099] {logging_mixin.py:112} INFO - [2020-07-22 13:01:18,099] {spark_submit_hook.py:479} INFO - 20/07/22 13:01:18 INFO BlockManagerMasterEndpoint: Using org.apache.spark.storage.DefaultTopologyMapper for getting topology information
[2020-07-22 13:01:18,100] {logging_mixin.py:112} INFO - [2020-07-22 13:01:18,100] {spark_submit_hook.py:479} INFO - 20/07/22 13:01:18 INFO BlockManagerMasterEndpoint: BlockManagerMasterEndpoint up
[2020-07-22 13:01:18,125] {logging_mixin.py:112} INFO - [2020-07-22 13:01:18,125] {spark_submit_hook.py:479} INFO - 20/07/22 13:01:18 INFO SparkEnv: Registering BlockManagerMasterHeartbeat
[2020-07-22 13:01:18,161] {logging_mixin.py:112} INFO - [2020-07-22 13:01:18,161] {spark_submit_hook.py:479} INFO - 20/07/22 13:01:18 INFO DiskBlockManager: Created local directory at /tmp/blockmgr-620e86e3-0b18-4b43-8336-e07e31f5299f
[2020-07-22 13:01:18,228] {logging_mixin.py:112} INFO - [2020-07-22 13:01:18,228] {spark_submit_hook.py:479} INFO - 20/07/22 13:01:18 INFO MemoryStore: MemoryStore started with capacity 366.3 MiB
[2020-07-22 13:01:18,289] {logging_mixin.py:112} INFO - [2020-07-22 13:01:18,289] {spark_submit_hook.py:479} INFO - 20/07/22 13:01:18 INFO SparkEnv: Registering OutputCommitCoordinator
[2020-07-22 13:01:18,805] {logging_mixin.py:112} INFO - [2020-07-22 13:01:18,804] {spark_submit_hook.py:479} INFO - 20/07/22 13:01:18 WARN Utils: Service 'SparkUI' could not bind on port 4040. Attempting port 4041.
[2020-07-22 13:01:18,835] {logging_mixin.py:112} INFO - [2020-07-22 13:01:18,835] {spark_submit_hook.py:479} INFO - 20/07/22 13:01:18 INFO Utils: Successfully started service 'SparkUI' on port 4041.
[2020-07-22 13:01:18,963] {logging_mixin.py:112} INFO - [2020-07-22 13:01:18,963] {spark_submit_hook.py:479} INFO - 20/07/22 13:01:18 INFO SparkUI: Bound SparkUI to 0.0.0.0, and started at http://192.168.43.94:4041
[2020-07-22 13:01:19,170] {logging_mixin.py:112} INFO - [2020-07-22 13:01:19,170] {spark_submit_hook.py:479} INFO - 20/07/22 13:01:19 ERROR SparkContext: Error initializing SparkContext.
[2020-07-22 13:01:19,171] {logging_mixin.py:112} INFO - [2020-07-22 13:01:19,171] {spark_submit_hook.py:479} INFO - org.apache.spark.SparkException: Could not parse Master URL: 'localhost:4040'
[2020-07-22 13:01:19,171] {logging_mixin.py:112} INFO - [2020-07-22 13:01:19,171] {spark_submit_hook.py:479} INFO - at org.apache.spark.SparkContext$.org$apache$spark$SparkContext$$createTaskScheduler(SparkContext.scala:2924)
[2020-07-22 13:01:19,172] {logging_mixin.py:112} INFO - [2020-07-22 13:01:19,171] {spark_submit_hook.py:479} INFO - at org.apache.spark.SparkContext.<init>(SparkContext.scala:528)
[2020-07-22 13:01:19,172] {logging_mixin.py:112} INFO - [2020-07-22 13:01:19,172] {spark_submit_hook.py:479} INFO - at org.apache.spark.api.java.JavaSparkContext.<init>(JavaSparkContext.scala:58)
[2020-07-22 13:01:19,172] {logging_mixin.py:112} INFO - [2020-07-22 13:01:19,172] {spark_submit_hook.py:479} INFO - at sun.reflect.NativeConstructorAccessorImpl.newInstance0(Native Method)
[2020-07-22 13:01:19,172] {logging_mixin.py:112} INFO - [2020-07-22 13:01:19,172] {spark_submit_hook.py:479} INFO - at sun.reflect.NativeConstructorAccessorImpl.newInstance(NativeConstructorAccessorImpl.java:62)
[2020-07-22 13:01:19,173] {logging_mixin.py:112} INFO - [2020-07-22 13:01:19,173] {spark_submit_hook.py:479} INFO - at sun.reflect.DelegatingConstructorAccessorImpl.newInstance(DelegatingConstructorAccessorImpl.java:45)
[2020-07-22 13:01:19,173] {logging_mixin.py:112} INFO - [2020-07-22 13:01:19,173] {spark_submit_hook.py:479} INFO - at java.lang.reflect.Constructor.newInstance(Constructor.java:423)
[2020-07-22 13:01:19,173] {logging_mixin.py:112} INFO - [2020-07-22 13:01:19,173] {spark_submit_hook.py:479} INFO - at py4j.reflection.MethodInvoker.invoke(MethodInvoker.java:247)
[2020-07-22 13:01:19,173] {logging_mixin.py:112} INFO - [2020-07-22 13:01:19,173] {spark_submit_hook.py:479} INFO - at py4j.reflection.ReflectionEngine.invoke(ReflectionEngine.java:357)
[2020-07-22 13:01:19,174] {logging_mixin.py:112} INFO - [2020-07-22 13:01:19,174] {spark_submit_hook.py:479} INFO - at py4j.Gateway.invoke(Gateway.java:238)
[2020-07-22 13:01:19,174] {logging_mixin.py:112} INFO - [2020-07-22 13:01:19,174] {spark_submit_hook.py:479} INFO - at py4j.commands.ConstructorCommand.invokeConstructor(ConstructorCommand.java:80)
[2020-07-22 13:01:19,174] {logging_mixin.py:112} INFO - [2020-07-22 13:01:19,174] {spark_submit_hook.py:479} INFO - at py4j.commands.ConstructorCommand.execute(ConstructorCommand.java:69)
[2020-07-22 13:01:19,174] {logging_mixin.py:112} INFO - [2020-07-22 13:01:19,174] {spark_submit_hook.py:479} INFO - at py4j.GatewayConnection.run(GatewayConnection.java:238)
[2020-07-22 13:01:19,176] {logging_mixin.py:112} INFO - [2020-07-22 13:01:19,175] {spark_submit_hook.py:479} INFO - at java.lang.Thread.run(Thread.java:748)
[2020-07-22 13:01:19,196] {logging_mixin.py:112} INFO - [2020-07-22 13:01:19,195] {spark_submit_hook.py:479} INFO - 20/07/22 13:01:19 INFO SparkUI: Stopped Spark web UI at http://192.168.43.94:4041
[2020-07-22 13:01:19,295] {logging_mixin.py:112} INFO - [2020-07-22 13:01:19,295] {spark_submit_hook.py:479} INFO - 20/07/22 13:01:19 INFO MapOutputTrackerMasterEndpoint: MapOutputTrackerMasterEndpoint stopped!
[2020-07-22 13:01:19,310] {logging_mixin.py:112} INFO - [2020-07-22 13:01:19,309] {spark_submit_hook.py:479} INFO - 20/07/22 13:01:19 INFO MemoryStore: MemoryStore cleared
[2020-07-22 13:01:19,316] {logging_mixin.py:112} INFO - [2020-07-22 13:01:19,316] {spark_submit_hook.py:479} INFO - 20/07/22 13:01:19 INFO BlockManager: BlockManager stopped
[2020-07-22 13:01:19,340] {logging_mixin.py:112} INFO - [2020-07-22 13:01:19,340] {spark_submit_hook.py:479} INFO - 20/07/22 13:01:19 INFO BlockManagerMaster: BlockManagerMaster stopped
[2020-07-22 13:01:19,341] {logging_mixin.py:112} INFO - [2020-07-22 13:01:19,341] {spark_submit_hook.py:479} INFO - 20/07/22 13:01:19 WARN MetricsSystem: Stopping a MetricsSystem that is not running
[2020-07-22 13:01:19,350] {logging_mixin.py:112} INFO - [2020-07-22 13:01:19,350] {spark_submit_hook.py:479} INFO - 20/07/22 13:01:19 INFO OutputCommitCoordinator$OutputCommitCoordinatorEndpoint: OutputCommitCoordinator stopped!
[2020-07-22 13:01:19,475] {logging_mixin.py:112} INFO - [2020-07-22 13:01:19,475] {spark_submit_hook.py:479} INFO - 20/07/22 13:01:19 INFO SparkContext: Successfully stopped SparkContext
[2020-07-22 13:01:19,622] {logging_mixin.py:112} INFO - [2020-07-22 13:01:19,622] {spark_submit_hook.py:479} INFO - Traceback (most recent call last):
[2020-07-22 13:01:19,623] {logging_mixin.py:112} INFO - [2020-07-22 13:01:19,622] {spark_submit_hook.py:479} INFO - File "/home/bhakti/airflow/spark_jobs/python/spark_test.py", line 12, in <module>
[2020-07-22 13:01:19,628] {logging_mixin.py:112} INFO - [2020-07-22 13:01:19,628] {spark_submit_hook.py:479} INFO - sc = SparkContext(conf=conf)
[2020-07-22 13:01:19,629] {logging_mixin.py:112} INFO - [2020-07-22 13:01:19,629] {spark_submit_hook.py:479} INFO - File "/opt/spark/python/lib/pyspark.zip/pyspark/context.py", line 130, in __init__
[2020-07-22 13:01:19,630] {logging_mixin.py:112} INFO - [2020-07-22 13:01:19,630] {spark_submit_hook.py:479} INFO - File "/opt/spark/python/lib/pyspark.zip/pyspark/context.py", line 193, in _do_init
[2020-07-22 13:01:19,631] {logging_mixin.py:112} INFO - [2020-07-22 13:01:19,631] {spark_submit_hook.py:479} INFO - File "/opt/spark/python/lib/pyspark.zip/pyspark/context.py", line 310, in _initialize_context
[2020-07-22 13:01:19,632] {logging_mixin.py:112} INFO - [2020-07-22 13:01:19,631] {spark_submit_hook.py:479} INFO - File "/opt/spark/python/lib/py4j-0.10.9-src.zip/py4j/java_gateway.py", line 1568, in __call__
[2020-07-22 13:01:19,632] {logging_mixin.py:112} INFO - [2020-07-22 13:01:19,632] {spark_submit_hook.py:479} INFO - File "/opt/spark/python/lib/py4j-0.10.9-src.zip/py4j/protocol.py", line 326, in get_return_value
[2020-07-22 13:01:19,635] {logging_mixin.py:112} INFO - [2020-07-22 13:01:19,635] {spark_submit_hook.py:479} INFO - py4j.protocol.Py4JJavaError: An error occurred while calling None.org.apache.spark.api.java.JavaSparkContext.
[2020-07-22 13:01:19,635] {logging_mixin.py:112} INFO - [2020-07-22 13:01:19,635] {spark_submit_hook.py:479} INFO - : org.apache.spark.SparkException: Could not parse Master URL: 'localhost:4040'
[2020-07-22 13:01:19,635] {logging_mixin.py:112} INFO - [2020-07-22 13:01:19,635] {spark_submit_hook.py:479} INFO - at org.apache.spark.SparkContext$.org$apache$spark$SparkContext$$createTaskScheduler(SparkContext.scala:2924)
[2020-07-22 13:01:19,636] {logging_mixin.py:112} INFO - [2020-07-22 13:01:19,635] {spark_submit_hook.py:479} INFO - at org.apache.spark.SparkContext.<init>(SparkContext.scala:528)
[2020-07-22 13:01:19,636] {logging_mixin.py:112} INFO - [2020-07-22 13:01:19,636] {spark_submit_hook.py:479} INFO - at org.apache.spark.api.java.JavaSparkContext.<init>(JavaSparkContext.scala:58)
[2020-07-22 13:01:19,636] {logging_mixin.py:112} INFO - [2020-07-22 13:01:19,636] {spark_submit_hook.py:479} INFO - at sun.reflect.NativeConstructorAccessorImpl.newInstance0(Native Method)
[2020-07-22 13:01:19,636] {logging_mixin.py:112} INFO - [2020-07-22 13:01:19,636] {spark_submit_hook.py:479} INFO - at sun.reflect.NativeConstructorAccessorImpl.newInstance(NativeConstructorAccessorImpl.java:62)
[2020-07-22 13:01:19,636] {logging_mixin.py:112} INFO - [2020-07-22 13:01:19,636] {spark_submit_hook.py:479} INFO - at sun.reflect.DelegatingConstructorAccessorImpl.newInstance(DelegatingConstructorAccessorImpl.java:45)
[2020-07-22 13:01:19,637] {logging_mixin.py:112} INFO - [2020-07-22 13:01:19,637] {spark_submit_hook.py:479} INFO - at java.lang.reflect.Constructor.newInstance(Constructor.java:423)
[2020-07-22 13:01:19,637] {logging_mixin.py:112} INFO - [2020-07-22 13:01:19,637] {spark_submit_hook.py:479} INFO - at py4j.reflection.MethodInvoker.invoke(MethodInvoker.java:247)
[2020-07-22 13:01:19,637] {logging_mixin.py:112} INFO - [2020-07-22 13:01:19,637] {spark_submit_hook.py:479} INFO - at py4j.reflection.ReflectionEngine.invoke(ReflectionEngine.java:357)
[2020-07-22 13:01:19,637] {logging_mixin.py:112} INFO - [2020-07-22 13:01:19,637] {spark_submit_hook.py:479} INFO - at py4j.Gateway.invoke(Gateway.java:238)
[2020-07-22 13:01:19,638] {logging_mixin.py:112} INFO - [2020-07-22 13:01:19,637] {spark_submit_hook.py:479} INFO - at py4j.commands.ConstructorCommand.invokeConstructor(ConstructorCommand.java:80)
[2020-07-22 13:01:19,638] {logging_mixin.py:112} INFO - [2020-07-22 13:01:19,638] {spark_submit_hook.py:479} INFO - at py4j.commands.ConstructorCommand.execute(ConstructorCommand.java:69)
[2020-07-22 13:01:19,638] {logging_mixin.py:112} INFO - [2020-07-22 13:01:19,638] {spark_submit_hook.py:479} INFO - at py4j.GatewayConnection.run(GatewayConnection.java:238)
[2020-07-22 13:01:19,638] {logging_mixin.py:112} INFO - [2020-07-22 13:01:19,638] {spark_submit_hook.py:479} INFO - at java.lang.Thread.run(Thread.java:748)
[2020-07-22 13:01:19,649] {logging_mixin.py:112} INFO - [2020-07-22 13:01:19,638] {spark_submit_hook.py:479} INFO - 
[2020-07-22 13:01:19,740] {logging_mixin.py:112} INFO - [2020-07-22 13:01:19,740] {spark_submit_hook.py:479} INFO - 20/07/22 13:01:19 INFO ShutdownHookManager: Shutdown hook called
[2020-07-22 13:01:19,746] {logging_mixin.py:112} INFO - [2020-07-22 13:01:19,746] {spark_submit_hook.py:479} INFO - 20/07/22 13:01:19 INFO ShutdownHookManager: Deleting directory /tmp/spark-01fde927-2622-4339-9cf9-13898025451b
[2020-07-22 13:01:19,756] {logging_mixin.py:112} INFO - [2020-07-22 13:01:19,755] {spark_submit_hook.py:479} INFO - 20/07/22 13:01:19 INFO ShutdownHookManager: Deleting directory /tmp/spark-3ad675e6-609c-4e1f-a076-f8a5c2215c01
[2020-07-22 13:01:19,813] {taskinstance.py:1145} ERROR - Cannot execute: spark-submit --master localhost:4040 --name airflow-spark /home/bhakti/airflow/spark_jobs/python/spark_test.py. Error code is: 1.
Traceback (most recent call last):
  File "/usr/local/lib/python3.8/dist-packages/airflow/models/taskinstance.py", line 983, in _run_raw_task
    result = task_copy.execute(context=context)
  File "/usr/local/lib/python3.8/dist-packages/airflow/contrib/operators/spark_submit_operator.py", line 187, in execute
    self._hook.submit(self._application)
  File "/usr/local/lib/python3.8/dist-packages/airflow/contrib/hooks/spark_submit_hook.py", line 403, in submit
    raise AirflowException(
airflow.exceptions.AirflowException: Cannot execute: spark-submit --master localhost:4040 --name airflow-spark /home/bhakti/airflow/spark_jobs/python/spark_test.py. Error code is: 1.
[2020-07-22 13:01:19,816] {taskinstance.py:1189} INFO - Marking task as FAILED.dag_id=submit_data, task_id=spark_submit, execution_date=20200720T001100, start_date=20200722T073106, end_date=20200722T073119
[2020-07-22 13:01:21,459] {logging_mixin.py:112} INFO - [2020-07-22 13:01:21,459] {local_task_job.py:103} INFO - Task exited with return code 1
