[2020-07-23 15:39:25,783] {taskinstance.py:669} INFO - Dependencies all met for <TaskInstance: submit_data.spark_submit 2020-07-21T01:19:00+00:00 [queued]>
[2020-07-23 15:39:25,801] {taskinstance.py:669} INFO - Dependencies all met for <TaskInstance: submit_data.spark_submit 2020-07-21T01:19:00+00:00 [queued]>
[2020-07-23 15:39:25,801] {taskinstance.py:879} INFO - 
--------------------------------------------------------------------------------
[2020-07-23 15:39:25,802] {taskinstance.py:880} INFO - Starting attempt 1 of 1
[2020-07-23 15:39:25,802] {taskinstance.py:881} INFO - 
--------------------------------------------------------------------------------
[2020-07-23 15:39:25,976] {taskinstance.py:900} INFO - Executing <Task(SparkSubmitOperator): spark_submit> on 2020-07-21T01:19:00+00:00
[2020-07-23 15:39:25,981] {standard_task_runner.py:53} INFO - Started process 284265 to run task
[2020-07-23 15:39:26,552] {logging_mixin.py:112} INFO - Running %s on host %s <TaskInstance: submit_data.spark_submit 2020-07-21T01:19:00+00:00 [running]> bhakti-Vostro-3558
[2020-07-23 15:39:26,574] {logging_mixin.py:112} INFO - [2020-07-23 15:39:26,574] {base_hook.py:87} INFO - Using connection to: id: spark_local. Host: local, Port: None, Schema: None, Login: None, Password: None, extra: None
[2020-07-23 15:39:26,575] {logging_mixin.py:112} INFO - [2020-07-23 15:39:26,575] {spark_submit_hook.py:325} INFO - Spark-Submit cmd: spark-submit --master local --name airflow-spark /home/bhakti/airflow/spark_jobs/spark_test.py
[2020-07-23 15:39:28,915] {logging_mixin.py:112} INFO - [2020-07-23 15:39:28,914] {spark_submit_hook.py:479} INFO - 20/07/23 15:39:28 WARN Utils: Your hostname, bhakti-Vostro-3558 resolves to a loopback address: 127.0.1.1; using 192.168.43.94 instead (on interface wlp6s0)
[2020-07-23 15:39:28,917] {logging_mixin.py:112} INFO - [2020-07-23 15:39:28,916] {spark_submit_hook.py:479} INFO - 20/07/23 15:39:28 WARN Utils: Set SPARK_LOCAL_IP if you need to bind to another address
[2020-07-23 15:39:30,061] {logging_mixin.py:112} INFO - [2020-07-23 15:39:30,061] {spark_submit_hook.py:479} INFO - 20/07/23 15:39:30 WARN NativeCodeLoader: Unable to load native-hadoop library for your platform... using builtin-java classes where applicable
[2020-07-23 15:39:32,281] {logging_mixin.py:112} INFO - [2020-07-23 15:39:32,281] {spark_submit_hook.py:479} INFO - Using Spark's default log4j profile: org/apache/spark/log4j-defaults.properties
[2020-07-23 15:39:32,297] {logging_mixin.py:112} INFO - [2020-07-23 15:39:32,297] {spark_submit_hook.py:479} INFO - 20/07/23 15:39:32 INFO SparkContext: Running Spark version 3.0.0
[2020-07-23 15:39:32,433] {logging_mixin.py:112} INFO - [2020-07-23 15:39:32,432] {spark_submit_hook.py:479} INFO - 20/07/23 15:39:32 INFO ResourceUtils: ==============================================================
[2020-07-23 15:39:32,437] {logging_mixin.py:112} INFO - [2020-07-23 15:39:32,436] {spark_submit_hook.py:479} INFO - 20/07/23 15:39:32 INFO ResourceUtils: Resources for spark.driver:
[2020-07-23 15:39:32,437] {logging_mixin.py:112} INFO - [2020-07-23 15:39:32,437] {spark_submit_hook.py:479} INFO - 
[2020-07-23 15:39:32,438] {logging_mixin.py:112} INFO - [2020-07-23 15:39:32,438] {spark_submit_hook.py:479} INFO - 20/07/23 15:39:32 INFO ResourceUtils: ==============================================================
[2020-07-23 15:39:32,439] {logging_mixin.py:112} INFO - [2020-07-23 15:39:32,439] {spark_submit_hook.py:479} INFO - 20/07/23 15:39:32 INFO SparkContext: Submitted application: Spark_Test_Python
[2020-07-23 15:39:32,594] {logging_mixin.py:112} INFO - [2020-07-23 15:39:32,594] {spark_submit_hook.py:479} INFO - 20/07/23 15:39:32 INFO SecurityManager: Changing view acls to: bhakti
[2020-07-23 15:39:32,595] {logging_mixin.py:112} INFO - [2020-07-23 15:39:32,594] {spark_submit_hook.py:479} INFO - 20/07/23 15:39:32 INFO SecurityManager: Changing modify acls to: bhakti
[2020-07-23 15:39:32,595] {logging_mixin.py:112} INFO - [2020-07-23 15:39:32,595] {spark_submit_hook.py:479} INFO - 20/07/23 15:39:32 INFO SecurityManager: Changing view acls groups to:
[2020-07-23 15:39:32,595] {logging_mixin.py:112} INFO - [2020-07-23 15:39:32,595] {spark_submit_hook.py:479} INFO - 20/07/23 15:39:32 INFO SecurityManager: Changing modify acls groups to:
[2020-07-23 15:39:32,596] {logging_mixin.py:112} INFO - [2020-07-23 15:39:32,596] {spark_submit_hook.py:479} INFO - 20/07/23 15:39:32 INFO SecurityManager: SecurityManager: authentication disabled; ui acls disabled; users  with view permissions: Set(bhakti); groups with view permissions: Set(); users  with modify permissions: Set(bhakti); groups with modify permissions: Set()
[2020-07-23 15:39:33,521] {logging_mixin.py:112} INFO - [2020-07-23 15:39:33,520] {spark_submit_hook.py:479} INFO - 20/07/23 15:39:33 INFO Utils: Successfully started service 'sparkDriver' on port 40343.
[2020-07-23 15:39:33,591] {logging_mixin.py:112} INFO - [2020-07-23 15:39:33,591] {spark_submit_hook.py:479} INFO - 20/07/23 15:39:33 INFO SparkEnv: Registering MapOutputTracker
[2020-07-23 15:39:33,701] {logging_mixin.py:112} INFO - [2020-07-23 15:39:33,701] {spark_submit_hook.py:479} INFO - 20/07/23 15:39:33 INFO SparkEnv: Registering BlockManagerMaster
[2020-07-23 15:39:33,768] {logging_mixin.py:112} INFO - [2020-07-23 15:39:33,768] {spark_submit_hook.py:479} INFO - 20/07/23 15:39:33 INFO BlockManagerMasterEndpoint: Using org.apache.spark.storage.DefaultTopologyMapper for getting topology information
[2020-07-23 15:39:33,771] {logging_mixin.py:112} INFO - [2020-07-23 15:39:33,771] {spark_submit_hook.py:479} INFO - 20/07/23 15:39:33 INFO BlockManagerMasterEndpoint: BlockManagerMasterEndpoint up
[2020-07-23 15:39:33,787] {logging_mixin.py:112} INFO - [2020-07-23 15:39:33,787] {spark_submit_hook.py:479} INFO - 20/07/23 15:39:33 INFO SparkEnv: Registering BlockManagerMasterHeartbeat
[2020-07-23 15:39:33,843] {logging_mixin.py:112} INFO - [2020-07-23 15:39:33,842] {spark_submit_hook.py:479} INFO - 20/07/23 15:39:33 INFO DiskBlockManager: Created local directory at /tmp/blockmgr-8859e113-c9fb-44c4-90ed-da80ebdc00b6
[2020-07-23 15:39:33,907] {logging_mixin.py:112} INFO - [2020-07-23 15:39:33,907] {spark_submit_hook.py:479} INFO - 20/07/23 15:39:33 INFO MemoryStore: MemoryStore started with capacity 366.3 MiB
[2020-07-23 15:39:33,950] {logging_mixin.py:112} INFO - [2020-07-23 15:39:33,949] {spark_submit_hook.py:479} INFO - 20/07/23 15:39:33 INFO SparkEnv: Registering OutputCommitCoordinator
[2020-07-23 15:39:34,878] {logging_mixin.py:112} INFO - [2020-07-23 15:39:34,877] {spark_submit_hook.py:479} INFO - 20/07/23 15:39:34 WARN Utils: Service 'SparkUI' could not bind on port 4040. Attempting port 4041.
[2020-07-23 15:39:34,878] {logging_mixin.py:112} INFO - [2020-07-23 15:39:34,878] {spark_submit_hook.py:479} INFO - 20/07/23 15:39:34 WARN Utils: Service 'SparkUI' could not bind on port 4041. Attempting port 4042.
[2020-07-23 15:39:34,878] {logging_mixin.py:112} INFO - [2020-07-23 15:39:34,878] {spark_submit_hook.py:479} INFO - 20/07/23 15:39:34 WARN Utils: Service 'SparkUI' could not bind on port 4042. Attempting port 4043.
[2020-07-23 15:39:34,878] {logging_mixin.py:112} INFO - [2020-07-23 15:39:34,878] {spark_submit_hook.py:479} INFO - 20/07/23 15:39:34 WARN Utils: Service 'SparkUI' could not bind on port 4043. Attempting port 4044.
[2020-07-23 15:39:34,878] {logging_mixin.py:112} INFO - [2020-07-23 15:39:34,878] {spark_submit_hook.py:479} INFO - 20/07/23 15:39:34 WARN Utils: Service 'SparkUI' could not bind on port 4044. Attempting port 4045.
[2020-07-23 15:39:34,879] {logging_mixin.py:112} INFO - [2020-07-23 15:39:34,878] {spark_submit_hook.py:479} INFO - 20/07/23 15:39:34 WARN Utils: Service 'SparkUI' could not bind on port 4045. Attempting port 4046.
[2020-07-23 15:39:34,906] {logging_mixin.py:112} INFO - [2020-07-23 15:39:34,906] {spark_submit_hook.py:479} INFO - 20/07/23 15:39:34 INFO Utils: Successfully started service 'SparkUI' on port 4046.
[2020-07-23 15:39:35,126] {logging_mixin.py:112} INFO - [2020-07-23 15:39:35,126] {spark_submit_hook.py:479} INFO - 20/07/23 15:39:35 INFO SparkUI: Bound SparkUI to 0.0.0.0, and started at http://192.168.43.94:4046
[2020-07-23 15:39:36,408] {logging_mixin.py:112} INFO - [2020-07-23 15:39:36,407] {spark_submit_hook.py:479} INFO - 20/07/23 15:39:36 INFO Executor: Starting executor ID driver on host 192.168.43.94
[2020-07-23 15:39:36,614] {logging_mixin.py:112} INFO - [2020-07-23 15:39:36,614] {spark_submit_hook.py:479} INFO - 20/07/23 15:39:36 INFO Utils: Successfully started service 'org.apache.spark.network.netty.NettyBlockTransferService' on port 32927.
[2020-07-23 15:39:36,616] {logging_mixin.py:112} INFO - [2020-07-23 15:39:36,615] {spark_submit_hook.py:479} INFO - 20/07/23 15:39:36 INFO NettyBlockTransferService: Server created on 192.168.43.94:32927
[2020-07-23 15:39:36,619] {logging_mixin.py:112} INFO - [2020-07-23 15:39:36,619] {spark_submit_hook.py:479} INFO - 20/07/23 15:39:36 INFO BlockManager: Using org.apache.spark.storage.RandomBlockReplicationPolicy for block replication policy
[2020-07-23 15:39:36,659] {logging_mixin.py:112} INFO - [2020-07-23 15:39:36,659] {spark_submit_hook.py:479} INFO - 20/07/23 15:39:36 INFO BlockManagerMaster: Registering BlockManager BlockManagerId(driver, 192.168.43.94, 32927, None)
[2020-07-23 15:39:36,678] {logging_mixin.py:112} INFO - [2020-07-23 15:39:36,678] {spark_submit_hook.py:479} INFO - 20/07/23 15:39:36 INFO BlockManagerMasterEndpoint: Registering block manager 192.168.43.94:32927 with 366.3 MiB RAM, BlockManagerId(driver, 192.168.43.94, 32927, None)
[2020-07-23 15:39:36,709] {logging_mixin.py:112} INFO - [2020-07-23 15:39:36,709] {spark_submit_hook.py:479} INFO - 20/07/23 15:39:36 INFO BlockManagerMaster: Registered BlockManager BlockManagerId(driver, 192.168.43.94, 32927, None)
[2020-07-23 15:39:36,710] {logging_mixin.py:112} INFO - [2020-07-23 15:39:36,710] {spark_submit_hook.py:479} INFO - 20/07/23 15:39:36 INFO BlockManager: Initialized BlockManager: BlockManagerId(driver, 192.168.43.94, 32927, None)
[2020-07-23 15:39:39,049] {logging_mixin.py:112} INFO - [2020-07-23 15:39:39,049] {spark_submit_hook.py:479} INFO - 20/07/23 15:39:39 INFO MemoryStore: Block broadcast_0 stored as values in memory (estimated size 241.5 KiB, free 366.1 MiB)
[2020-07-23 15:39:39,170] {logging_mixin.py:112} INFO - [2020-07-23 15:39:39,170] {spark_submit_hook.py:479} INFO - 20/07/23 15:39:39 INFO MemoryStore: Block broadcast_0_piece0 stored as bytes in memory (estimated size 23.4 KiB, free 366.0 MiB)
[2020-07-23 15:39:39,175] {logging_mixin.py:112} INFO - [2020-07-23 15:39:39,175] {spark_submit_hook.py:479} INFO - 20/07/23 15:39:39 INFO BlockManagerInfo: Added broadcast_0_piece0 in memory on 192.168.43.94:32927 (size: 23.4 KiB, free: 366.3 MiB)
[2020-07-23 15:39:39,184] {logging_mixin.py:112} INFO - [2020-07-23 15:39:39,184] {spark_submit_hook.py:479} INFO - 20/07/23 15:39:39 INFO SparkContext: Created broadcast 0 from textFile at NativeMethodAccessorImpl.java:0
[2020-07-23 15:39:39,560] {logging_mixin.py:112} INFO - [2020-07-23 15:39:39,560] {spark_submit_hook.py:479} INFO - 20/07/23 15:39:39 INFO FileInputFormat: Total input paths to process : 1
[2020-07-23 15:39:39,695] {logging_mixin.py:112} INFO - [2020-07-23 15:39:39,695] {spark_submit_hook.py:479} INFO - 20/07/23 15:39:39 INFO SparkContext: Starting job: collect at /home/bhakti/airflow/spark_jobs/spark_test.py:8
[2020-07-23 15:39:39,723] {logging_mixin.py:112} INFO - [2020-07-23 15:39:39,722] {spark_submit_hook.py:479} INFO - 20/07/23 15:39:39 INFO DAGScheduler: Got job 0 (collect at /home/bhakti/airflow/spark_jobs/spark_test.py:8) with 1 output partitions
[2020-07-23 15:39:39,724] {logging_mixin.py:112} INFO - [2020-07-23 15:39:39,723] {spark_submit_hook.py:479} INFO - 20/07/23 15:39:39 INFO DAGScheduler: Final stage: ResultStage 0 (collect at /home/bhakti/airflow/spark_jobs/spark_test.py:8)
[2020-07-23 15:39:39,724] {logging_mixin.py:112} INFO - [2020-07-23 15:39:39,724] {spark_submit_hook.py:479} INFO - 20/07/23 15:39:39 INFO DAGScheduler: Parents of final stage: List()
[2020-07-23 15:39:39,728] {logging_mixin.py:112} INFO - [2020-07-23 15:39:39,728] {spark_submit_hook.py:479} INFO - 20/07/23 15:39:39 INFO DAGScheduler: Missing parents: List()
[2020-07-23 15:39:39,737] {logging_mixin.py:112} INFO - [2020-07-23 15:39:39,736] {spark_submit_hook.py:479} INFO - 20/07/23 15:39:39 INFO DAGScheduler: Submitting ResultStage 0 (PythonRDD[2] at collect at /home/bhakti/airflow/spark_jobs/spark_test.py:8), which has no missing parents
[2020-07-23 15:39:39,768] {logging_mixin.py:112} INFO - [2020-07-23 15:39:39,768] {spark_submit_hook.py:479} INFO - 20/07/23 15:39:39 INFO MemoryStore: Block broadcast_1 stored as values in memory (estimated size 7.4 KiB, free 366.0 MiB)
[2020-07-23 15:39:39,773] {logging_mixin.py:112} INFO - [2020-07-23 15:39:39,773] {spark_submit_hook.py:479} INFO - 20/07/23 15:39:39 INFO MemoryStore: Block broadcast_1_piece0 stored as bytes in memory (estimated size 4.4 KiB, free 366.0 MiB)
[2020-07-23 15:39:39,774] {logging_mixin.py:112} INFO - [2020-07-23 15:39:39,774] {spark_submit_hook.py:479} INFO - 20/07/23 15:39:39 INFO BlockManagerInfo: Added broadcast_1_piece0 in memory on 192.168.43.94:32927 (size: 4.4 KiB, free: 366.3 MiB)
[2020-07-23 15:39:39,776] {logging_mixin.py:112} INFO - [2020-07-23 15:39:39,776] {spark_submit_hook.py:479} INFO - 20/07/23 15:39:39 INFO SparkContext: Created broadcast 1 from broadcast at DAGScheduler.scala:1200
[2020-07-23 15:39:39,801] {logging_mixin.py:112} INFO - [2020-07-23 15:39:39,801] {spark_submit_hook.py:479} INFO - 20/07/23 15:39:39 INFO DAGScheduler: Submitting 1 missing tasks from ResultStage 0 (PythonRDD[2] at collect at /home/bhakti/airflow/spark_jobs/spark_test.py:8) (first 15 tasks are for partitions Vector(0))
[2020-07-23 15:39:39,803] {logging_mixin.py:112} INFO - [2020-07-23 15:39:39,803] {spark_submit_hook.py:479} INFO - 20/07/23 15:39:39 INFO TaskSchedulerImpl: Adding task set 0.0 with 1 tasks
[2020-07-23 15:39:39,916] {logging_mixin.py:112} INFO - [2020-07-23 15:39:39,915] {spark_submit_hook.py:479} INFO - 20/07/23 15:39:39 INFO TaskSetManager: Starting task 0.0 in stage 0.0 (TID 0, 192.168.43.94, executor driver, partition 0, PROCESS_LOCAL, 7388 bytes)
[2020-07-23 15:39:39,950] {logging_mixin.py:112} INFO - [2020-07-23 15:39:39,949] {spark_submit_hook.py:479} INFO - 20/07/23 15:39:39 INFO Executor: Running task 0.0 in stage 0.0 (TID 0)
[2020-07-23 15:39:40,424] {logging_mixin.py:112} INFO - [2020-07-23 15:39:40,424] {spark_submit_hook.py:479} INFO - 20/07/23 15:39:40 INFO HadoopRDD: Input split: file:/home/bhakti/airflow/input_data/sample.csv:0+93
[2020-07-23 15:39:41,331] {logging_mixin.py:112} INFO - [2020-07-23 15:39:41,331] {spark_submit_hook.py:479} INFO - 20/07/23 15:39:41 INFO PythonRunner: Times: total = 861, boot = 838, init = 23, finish = 0
[2020-07-23 15:39:41,364] {logging_mixin.py:112} INFO - [2020-07-23 15:39:41,364] {spark_submit_hook.py:479} INFO - 20/07/23 15:39:41 INFO Executor: Finished task 0.0 in stage 0.0 (TID 0). 1779 bytes result sent to driver
[2020-07-23 15:39:41,394] {logging_mixin.py:112} INFO - [2020-07-23 15:39:41,393] {spark_submit_hook.py:479} INFO - 20/07/23 15:39:41 INFO TaskSetManager: Finished task 0.0 in stage 0.0 (TID 0) in 1512 ms on 192.168.43.94 (executor driver) (1/1)
[2020-07-23 15:39:41,397] {logging_mixin.py:112} INFO - [2020-07-23 15:39:41,397] {spark_submit_hook.py:479} INFO - 20/07/23 15:39:41 INFO TaskSchedulerImpl: Removed TaskSet 0.0, whose tasks have all completed, from pool
[2020-07-23 15:39:41,403] {logging_mixin.py:112} INFO - [2020-07-23 15:39:41,403] {spark_submit_hook.py:479} INFO - 20/07/23 15:39:41 INFO PythonAccumulatorV2: Connected to AccumulatorServer at host: 127.0.0.1 port: 34701
[2020-07-23 15:39:41,419] {logging_mixin.py:112} INFO - [2020-07-23 15:39:41,414] {spark_submit_hook.py:479} INFO - 20/07/23 15:39:41 INFO DAGScheduler: ResultStage 0 (collect at /home/bhakti/airflow/spark_jobs/spark_test.py:8) finished in 1.647 s
[2020-07-23 15:39:41,430] {logging_mixin.py:112} INFO - [2020-07-23 15:39:41,430] {spark_submit_hook.py:479} INFO - 20/07/23 15:39:41 INFO DAGScheduler: Job 0 is finished. Cancelling potential speculative or zombie tasks for this job
[2020-07-23 15:39:41,438] {logging_mixin.py:112} INFO - [2020-07-23 15:39:41,437] {spark_submit_hook.py:479} INFO - 20/07/23 15:39:41 INFO TaskSchedulerImpl: Killing all running tasks in stage 0: Stage finished
[2020-07-23 15:39:41,438] {logging_mixin.py:112} INFO - [2020-07-23 15:39:41,438] {spark_submit_hook.py:479} INFO - 20/07/23 15:39:41 INFO DAGScheduler: Job 0 finished: collect at /home/bhakti/airflow/spark_jobs/spark_test.py:8, took 1.740494 s
[2020-07-23 15:39:41,461] {logging_mixin.py:112} INFO - [2020-07-23 15:39:41,461] {spark_submit_hook.py:479} INFO - [('PERSON', 'JOINING_YEAR', 'COMPANY'), ('John', '2018', 'Google'), ('Sam', '2017', 'IBM'), ('Jeff', '2014', 'Yahoo'), ('Allen', '2015', 'Facebook')]
[2020-07-23 15:39:42,165] {logging_mixin.py:112} INFO - [2020-07-23 15:39:42,165] {spark_submit_hook.py:479} INFO - 20/07/23 15:39:42 INFO BlockManagerInfo: Removed broadcast_0_piece0 on 192.168.43.94:32927 in memory (size: 23.4 KiB, free: 366.3 MiB)
[2020-07-23 15:39:42,185] {logging_mixin.py:112} INFO - [2020-07-23 15:39:42,185] {spark_submit_hook.py:479} INFO - 20/07/23 15:39:42 INFO BlockManagerInfo: Removed broadcast_1_piece0 on 192.168.43.94:32927 in memory (size: 4.4 KiB, free: 366.3 MiB)
[2020-07-23 15:39:42,329] {logging_mixin.py:112} INFO - [2020-07-23 15:39:42,329] {spark_submit_hook.py:479} INFO - 20/07/23 15:39:42 INFO SharedState: Setting hive.metastore.warehouse.dir ('null') to the value of spark.sql.warehouse.dir ('file:/home/bhakti/airflow/spark-warehouse').
[2020-07-23 15:39:42,330] {logging_mixin.py:112} INFO - [2020-07-23 15:39:42,330] {spark_submit_hook.py:479} INFO - 20/07/23 15:39:42 INFO SharedState: Warehouse path is 'file:/home/bhakti/airflow/spark-warehouse'.
[2020-07-23 15:39:47,380] {logging_mixin.py:112} INFO - [2020-07-23 15:39:47,380] {spark_submit_hook.py:479} INFO - 20/07/23 15:39:47 INFO CodeGenerator: Code generated in 466.899915 ms
[2020-07-23 15:39:47,462] {logging_mixin.py:112} INFO - [2020-07-23 15:39:47,462] {spark_submit_hook.py:479} INFO - 20/07/23 15:39:47 INFO SparkContext: Starting job: showString at NativeMethodAccessorImpl.java:0
[2020-07-23 15:39:47,466] {logging_mixin.py:112} INFO - [2020-07-23 15:39:47,466] {spark_submit_hook.py:479} INFO - 20/07/23 15:39:47 INFO DAGScheduler: Got job 1 (showString at NativeMethodAccessorImpl.java:0) with 1 output partitions
[2020-07-23 15:39:47,466] {logging_mixin.py:112} INFO - [2020-07-23 15:39:47,466] {spark_submit_hook.py:479} INFO - 20/07/23 15:39:47 INFO DAGScheduler: Final stage: ResultStage 1 (showString at NativeMethodAccessorImpl.java:0)
[2020-07-23 15:39:47,467] {logging_mixin.py:112} INFO - [2020-07-23 15:39:47,467] {spark_submit_hook.py:479} INFO - 20/07/23 15:39:47 INFO DAGScheduler: Parents of final stage: List()
[2020-07-23 15:39:47,467] {logging_mixin.py:112} INFO - [2020-07-23 15:39:47,467] {spark_submit_hook.py:479} INFO - 20/07/23 15:39:47 INFO DAGScheduler: Missing parents: List()
[2020-07-23 15:39:47,469] {logging_mixin.py:112} INFO - [2020-07-23 15:39:47,469] {spark_submit_hook.py:479} INFO - 20/07/23 15:39:47 INFO DAGScheduler: Submitting ResultStage 1 (MapPartitionsRDD[9] at showString at NativeMethodAccessorImpl.java:0), which has no missing parents
[2020-07-23 15:39:47,506] {logging_mixin.py:112} INFO - [2020-07-23 15:39:47,505] {spark_submit_hook.py:479} INFO - 20/07/23 15:39:47 INFO MemoryStore: Block broadcast_2 stored as values in memory (estimated size 11.2 KiB, free 366.3 MiB)
[2020-07-23 15:39:47,510] {logging_mixin.py:112} INFO - [2020-07-23 15:39:47,510] {spark_submit_hook.py:479} INFO - 20/07/23 15:39:47 INFO MemoryStore: Block broadcast_2_piece0 stored as bytes in memory (estimated size 5.8 KiB, free 366.3 MiB)
[2020-07-23 15:39:47,512] {logging_mixin.py:112} INFO - [2020-07-23 15:39:47,512] {spark_submit_hook.py:479} INFO - 20/07/23 15:39:47 INFO BlockManagerInfo: Added broadcast_2_piece0 in memory on 192.168.43.94:32927 (size: 5.8 KiB, free: 366.3 MiB)
[2020-07-23 15:39:47,514] {logging_mixin.py:112} INFO - [2020-07-23 15:39:47,514] {spark_submit_hook.py:479} INFO - 20/07/23 15:39:47 INFO SparkContext: Created broadcast 2 from broadcast at DAGScheduler.scala:1200
[2020-07-23 15:39:47,517] {logging_mixin.py:112} INFO - [2020-07-23 15:39:47,517] {spark_submit_hook.py:479} INFO - 20/07/23 15:39:47 INFO DAGScheduler: Submitting 1 missing tasks from ResultStage 1 (MapPartitionsRDD[9] at showString at NativeMethodAccessorImpl.java:0) (first 15 tasks are for partitions Vector(0))
[2020-07-23 15:39:47,518] {logging_mixin.py:112} INFO - [2020-07-23 15:39:47,518] {spark_submit_hook.py:479} INFO - 20/07/23 15:39:47 INFO TaskSchedulerImpl: Adding task set 1.0 with 1 tasks
[2020-07-23 15:39:47,568] {logging_mixin.py:112} INFO - [2020-07-23 15:39:47,568] {spark_submit_hook.py:479} INFO - 20/07/23 15:39:47 INFO TaskSetManager: Starting task 0.0 in stage 1.0 (TID 1, 192.168.43.94, executor driver, partition 0, PROCESS_LOCAL, 7493 bytes)
[2020-07-23 15:39:47,569] {logging_mixin.py:112} INFO - [2020-07-23 15:39:47,569] {spark_submit_hook.py:479} INFO - 20/07/23 15:39:47 INFO Executor: Running task 0.0 in stage 1.0 (TID 1)
[2020-07-23 15:39:47,727] {logging_mixin.py:112} INFO - [2020-07-23 15:39:47,727] {spark_submit_hook.py:479} INFO - 20/07/23 15:39:47 INFO PythonRunner: Times: total = 3, boot = -6338, init = 6341, finish = 0
[2020-07-23 15:39:47,737] {logging_mixin.py:112} INFO - [2020-07-23 15:39:47,736] {spark_submit_hook.py:479} INFO - 20/07/23 15:39:47 INFO Executor: Finished task 0.0 in stage 1.0 (TID 1). 2235 bytes result sent to driver
[2020-07-23 15:39:47,737] {logging_mixin.py:112} INFO - [2020-07-23 15:39:47,737] {spark_submit_hook.py:479} INFO - 20/07/23 15:39:47 INFO TaskSetManager: Finished task 0.0 in stage 1.0 (TID 1) in 216 ms on 192.168.43.94 (executor driver) (1/1)
[2020-07-23 15:39:47,739] {logging_mixin.py:112} INFO - [2020-07-23 15:39:47,738] {spark_submit_hook.py:479} INFO - 20/07/23 15:39:47 INFO TaskSchedulerImpl: Removed TaskSet 1.0, whose tasks have all completed, from pool
[2020-07-23 15:39:47,741] {logging_mixin.py:112} INFO - [2020-07-23 15:39:47,740] {spark_submit_hook.py:479} INFO - 20/07/23 15:39:47 INFO DAGScheduler: ResultStage 1 (showString at NativeMethodAccessorImpl.java:0) finished in 0.268 s
[2020-07-23 15:39:47,741] {logging_mixin.py:112} INFO - [2020-07-23 15:39:47,741] {spark_submit_hook.py:479} INFO - 20/07/23 15:39:47 INFO DAGScheduler: Job 1 is finished. Cancelling potential speculative or zombie tasks for this job
[2020-07-23 15:39:47,742] {logging_mixin.py:112} INFO - [2020-07-23 15:39:47,741] {spark_submit_hook.py:479} INFO - 20/07/23 15:39:47 INFO TaskSchedulerImpl: Killing all running tasks in stage 1: Stage finished
[2020-07-23 15:39:47,742] {logging_mixin.py:112} INFO - [2020-07-23 15:39:47,742] {spark_submit_hook.py:479} INFO - 20/07/23 15:39:47 INFO DAGScheduler: Job 1 finished: showString at NativeMethodAccessorImpl.java:0, took 0.279666 s
[2020-07-23 15:39:47,930] {logging_mixin.py:112} INFO - [2020-07-23 15:39:47,930] {spark_submit_hook.py:479} INFO - 20/07/23 15:39:47 INFO CodeGenerator: Code generated in 122.048727 ms
[2020-07-23 15:39:47,981] {logging_mixin.py:112} INFO - [2020-07-23 15:39:47,980] {spark_submit_hook.py:479} INFO - +------+------------+--------+
[2020-07-23 15:39:47,981] {logging_mixin.py:112} INFO - [2020-07-23 15:39:47,981] {spark_submit_hook.py:479} INFO - |    _1|          _2|      _3|
[2020-07-23 15:39:47,981] {logging_mixin.py:112} INFO - [2020-07-23 15:39:47,981] {spark_submit_hook.py:479} INFO - +------+------------+--------+
[2020-07-23 15:39:47,981] {logging_mixin.py:112} INFO - [2020-07-23 15:39:47,981] {spark_submit_hook.py:479} INFO - |PERSON|JOINING_YEAR| COMPANY|
[2020-07-23 15:39:47,982] {logging_mixin.py:112} INFO - [2020-07-23 15:39:47,981] {spark_submit_hook.py:479} INFO - |  John|        2018|  Google|
[2020-07-23 15:39:47,982] {logging_mixin.py:112} INFO - [2020-07-23 15:39:47,982] {spark_submit_hook.py:479} INFO - |   Sam|        2017|     IBM|
[2020-07-23 15:39:47,982] {logging_mixin.py:112} INFO - [2020-07-23 15:39:47,982] {spark_submit_hook.py:479} INFO - |  Jeff|        2014|   Yahoo|
[2020-07-23 15:39:47,982] {logging_mixin.py:112} INFO - [2020-07-23 15:39:47,982] {spark_submit_hook.py:479} INFO - | Allen|        2015|Facebook|
[2020-07-23 15:39:47,982] {logging_mixin.py:112} INFO - [2020-07-23 15:39:47,982] {spark_submit_hook.py:479} INFO - +------+------------+--------+
[2020-07-23 15:39:47,983] {logging_mixin.py:112} INFO - [2020-07-23 15:39:47,983] {spark_submit_hook.py:479} INFO - 
[2020-07-23 15:39:48,195] {logging_mixin.py:112} INFO - [2020-07-23 15:39:48,195] {spark_submit_hook.py:479} INFO - 20/07/23 15:39:48 INFO SparkContext: Invoking stop() from shutdown hook
[2020-07-23 15:39:48,210] {logging_mixin.py:112} INFO - [2020-07-23 15:39:48,210] {spark_submit_hook.py:479} INFO - 20/07/23 15:39:48 INFO SparkUI: Stopped Spark web UI at http://192.168.43.94:4046
[2020-07-23 15:39:48,235] {logging_mixin.py:112} INFO - [2020-07-23 15:39:48,235] {spark_submit_hook.py:479} INFO - 20/07/23 15:39:48 INFO MapOutputTrackerMasterEndpoint: MapOutputTrackerMasterEndpoint stopped!
[2020-07-23 15:39:48,253] {logging_mixin.py:112} INFO - [2020-07-23 15:39:48,253] {spark_submit_hook.py:479} INFO - 20/07/23 15:39:48 INFO MemoryStore: MemoryStore cleared
[2020-07-23 15:39:48,258] {logging_mixin.py:112} INFO - [2020-07-23 15:39:48,257] {spark_submit_hook.py:479} INFO - 20/07/23 15:39:48 INFO BlockManager: BlockManager stopped
[2020-07-23 15:39:48,262] {logging_mixin.py:112} INFO - [2020-07-23 15:39:48,262] {spark_submit_hook.py:479} INFO - 20/07/23 15:39:48 INFO BlockManagerMaster: BlockManagerMaster stopped
[2020-07-23 15:39:48,268] {logging_mixin.py:112} INFO - [2020-07-23 15:39:48,267] {spark_submit_hook.py:479} INFO - 20/07/23 15:39:48 INFO OutputCommitCoordinator$OutputCommitCoordinatorEndpoint: OutputCommitCoordinator stopped!
[2020-07-23 15:39:48,287] {logging_mixin.py:112} INFO - [2020-07-23 15:39:48,286] {spark_submit_hook.py:479} INFO - 20/07/23 15:39:48 INFO SparkContext: Successfully stopped SparkContext
[2020-07-23 15:39:48,287] {logging_mixin.py:112} INFO - [2020-07-23 15:39:48,287] {spark_submit_hook.py:479} INFO - 20/07/23 15:39:48 INFO ShutdownHookManager: Shutdown hook called
[2020-07-23 15:39:48,287] {logging_mixin.py:112} INFO - [2020-07-23 15:39:48,287] {spark_submit_hook.py:479} INFO - 20/07/23 15:39:48 INFO ShutdownHookManager: Deleting directory /tmp/spark-7addddb4-b932-4f40-bf71-4c68798b3d64/pyspark-ffecec58-8786-4dff-ad5b-3809a08cfb73
[2020-07-23 15:39:48,295] {logging_mixin.py:112} INFO - [2020-07-23 15:39:48,295] {spark_submit_hook.py:479} INFO - 20/07/23 15:39:48 INFO ShutdownHookManager: Deleting directory /tmp/spark-c0dda0c0-436c-48a1-ab39-736e182c94f8
[2020-07-23 15:39:48,301] {logging_mixin.py:112} INFO - [2020-07-23 15:39:48,300] {spark_submit_hook.py:479} INFO - 20/07/23 15:39:48 INFO ShutdownHookManager: Deleting directory /tmp/spark-7addddb4-b932-4f40-bf71-4c68798b3d64
[2020-07-23 15:39:48,383] {taskinstance.py:1052} INFO - Marking task as SUCCESS.dag_id=submit_data, task_id=spark_submit, execution_date=20200721T011900, start_date=20200723T100925, end_date=20200723T100948
[2020-07-23 15:39:51,187] {logging_mixin.py:112} INFO - [2020-07-23 15:39:51,187] {local_task_job.py:103} INFO - Task exited with return code 0
