[2020-07-18 18:09:32,868] {taskinstance.py:669} INFO - Dependencies all met for <TaskInstance: storing_data.mysql_status 2020-07-18T12:38:14.487969+00:00 [queued]>
[2020-07-18 18:09:32,883] {taskinstance.py:669} INFO - Dependencies all met for <TaskInstance: storing_data.mysql_status 2020-07-18T12:38:14.487969+00:00 [queued]>
[2020-07-18 18:09:32,883] {taskinstance.py:879} INFO - 
--------------------------------------------------------------------------------
[2020-07-18 18:09:32,883] {taskinstance.py:880} INFO - Starting attempt 1 of 2
[2020-07-18 18:09:32,883] {taskinstance.py:881} INFO - 
--------------------------------------------------------------------------------
[2020-07-18 18:09:33,068] {taskinstance.py:900} INFO - Executing <Task(BashOperator): mysql_status> on 2020-07-18T12:38:14.487969+00:00
[2020-07-18 18:09:33,074] {standard_task_runner.py:53} INFO - Started process 221249 to run task
[2020-07-18 18:09:33,236] {logging_mixin.py:112} INFO - Running %s on host %s <TaskInstance: storing_data.mysql_status 2020-07-18T12:38:14.487969+00:00 [running]> bhakti-Vostro-3558
[2020-07-18 18:09:33,249] {bash_operator.py:82} INFO - Tmp dir root location: 
 /tmp
[2020-07-18 18:09:33,251] {bash_operator.py:103} INFO - Temporary script location: /tmp/airflowtmp3880ghrp/mysql_statuspkuu016h
[2020-07-18 18:09:33,251] {bash_operator.py:115} INFO - Running command: #!/bin/bash -x
user=root
password=
dbname=airflow_db2
condition=123
airflow_condition=123
root_dir="/home/bhakti/airflow/"
location=$root_dir"input_data/dump_mysql_db.db"
if [ $condition -eq $airflow_condition ]
then
docker exec -it mysqlCon \
mysqldump --user $user --databases $dbname > $location
python3 $root_dir"minioconnect/minio_connection.py"
echo 'File uploaded successfully'
fi
[2020-07-18 18:09:33,257] {bash_operator.py:122} INFO - Output:
[2020-07-18 18:09:38,743] {bash_operator.py:126} INFO - mysqldump2020-07-18 18:09:38.743570.sql
[2020-07-18 18:09:39,205] {bash_operator.py:126} INFO - File uploaded successfully
[2020-07-18 18:09:39,205] {bash_operator.py:128} INFO - Command exited with return code 0
[2020-07-18 18:09:39,213] {taskinstance.py:1052} INFO - Marking task as SUCCESS.dag_id=storing_data, task_id=mysql_status, execution_date=20200718T123814, start_date=20200718T123932, end_date=20200718T123939
[2020-07-18 18:09:42,745] {logging_mixin.py:112} INFO - [2020-07-18 18:09:42,745] {local_task_job.py:103} INFO - Task exited with return code 0
