[2020-07-22 09:56:56,921] {taskinstance.py:669} INFO - Dependencies all met for <TaskInstance: MYSQLDAG.csv_to_second_db 2020-07-22T04:25:12.548905+00:00 [queued]>
[2020-07-22 09:56:56,934] {taskinstance.py:669} INFO - Dependencies all met for <TaskInstance: MYSQLDAG.csv_to_second_db 2020-07-22T04:25:12.548905+00:00 [queued]>
[2020-07-22 09:56:56,934] {taskinstance.py:879} INFO - 
--------------------------------------------------------------------------------
[2020-07-22 09:56:56,934] {taskinstance.py:880} INFO - Starting attempt 1 of 2
[2020-07-22 09:56:56,934] {taskinstance.py:881} INFO - 
--------------------------------------------------------------------------------
[2020-07-22 09:56:57,164] {taskinstance.py:900} INFO - Executing <Task(BashOperator): csv_to_second_db> on 2020-07-22T04:25:12.548905+00:00
[2020-07-22 09:56:57,168] {standard_task_runner.py:53} INFO - Started process 24513 to run task
[2020-07-22 09:56:57,348] {logging_mixin.py:112} INFO - Running %s on host %s <TaskInstance: MYSQLDAG.csv_to_second_db 2020-07-22T04:25:12.548905+00:00 [running]> bhakti-Vostro-3558
[2020-07-22 09:56:57,363] {bash_operator.py:82} INFO - Tmp dir root location: 
 /tmp
[2020-07-22 09:56:57,364] {bash_operator.py:103} INFO - Temporary script location: /tmp/airflowtmp6r1_aczr/csv_to_second_dbjcyx0qo2
[2020-07-22 09:56:57,364] {bash_operator.py:115} INFO - Running command: #!/bin/bash -x
user=root
password=root
dbname=airflow_db2
host=mysql
port=3306
if [ $password != " " ]
then
docker exec -it mysqlCon \
mysql -D$dbname -h$host -p$port -u$user -p$password -e'CREATE TABLE IF NOT EXISTS employees2(PERSON TEXT,JOINING_YEAR BIGINT, COMPANY TEXT);' -e'LOAD DATA INFILE "/input_files_mysql/sample1.csv" INTO TABLE employees2 FIELDS TERMINATED BY "," LINES TERMINATED BY "\n" IGNORE 1 ROWS;'
echo "Task run successfully"
fi
[2020-07-22 09:56:57,371] {bash_operator.py:122} INFO - Output:
[2020-07-22 09:56:57,918] {bash_operator.py:126} INFO - mysql: [Warning] Using a password on the command line interface can be insecure.
[2020-07-22 09:56:58,347] {bash_operator.py:126} INFO - Task run successfully
[2020-07-22 09:56:58,348] {bash_operator.py:128} INFO - Command exited with return code 0
[2020-07-22 09:56:58,358] {taskinstance.py:1052} INFO - Marking task as SUCCESS.dag_id=MYSQLDAG, task_id=csv_to_second_db, execution_date=20200722T042512, start_date=20200722T042656, end_date=20200722T042658
[2020-07-22 09:57:06,798] {logging_mixin.py:112} INFO - [2020-07-22 09:57:06,798] {local_task_job.py:103} INFO - Task exited with return code 0
