[2020-07-22 16:34:28,252] {taskinstance.py:669} INFO - Dependencies all met for <TaskInstance: submit_data.spark_submit 2020-07-20T06:31:00+00:00 [queued]>
[2020-07-22 16:34:28,267] {taskinstance.py:669} INFO - Dependencies all met for <TaskInstance: submit_data.spark_submit 2020-07-20T06:31:00+00:00 [queued]>
[2020-07-22 16:34:28,267] {taskinstance.py:879} INFO - 
--------------------------------------------------------------------------------
[2020-07-22 16:34:28,268] {taskinstance.py:880} INFO - Starting attempt 1 of 1
[2020-07-22 16:34:28,268] {taskinstance.py:881} INFO - 
--------------------------------------------------------------------------------
[2020-07-22 16:34:28,431] {taskinstance.py:900} INFO - Executing <Task(SparkSubmitOperator): spark_submit> on 2020-07-20T06:31:00+00:00
[2020-07-22 16:34:28,434] {standard_task_runner.py:53} INFO - Started process 586719 to run task
[2020-07-22 16:34:28,658] {logging_mixin.py:112} INFO - Running %s on host %s <TaskInstance: submit_data.spark_submit 2020-07-20T06:31:00+00:00 [running]> bhakti-Vostro-3558
[2020-07-22 16:34:28,739] {logging_mixin.py:112} INFO - [2020-07-22 16:34:28,738] {base_hook.py:87} INFO - Using connection to: id: spark_local. Host: local, Port: None, Schema: None, Login: None, Password: None, extra: None
[2020-07-22 16:34:28,740] {logging_mixin.py:112} INFO - [2020-07-22 16:34:28,740] {spark_submit_hook.py:325} INFO - Spark-Submit cmd: spark-submit --master local --name airflow-spark /home/bhakti/airflow/spark_jobs/python/spark_test.py
[2020-07-22 16:34:31,810] {logging_mixin.py:112} INFO - [2020-07-22 16:34:31,809] {spark_submit_hook.py:479} INFO - 20/07/22 16:34:31 WARN Utils: Your hostname, bhakti-Vostro-3558 resolves to a loopback address: 127.0.1.1; using 192.168.43.94 instead (on interface wlp6s0)
[2020-07-22 16:34:31,815] {logging_mixin.py:112} INFO - [2020-07-22 16:34:31,815] {spark_submit_hook.py:479} INFO - 20/07/22 16:34:31 WARN Utils: Set SPARK_LOCAL_IP if you need to bind to another address
[2020-07-22 16:34:34,138] {logging_mixin.py:112} INFO - [2020-07-22 16:34:34,137] {spark_submit_hook.py:479} INFO - 20/07/22 16:34:34 WARN NativeCodeLoader: Unable to load native-hadoop library for your platform... using builtin-java classes where applicable
[2020-07-22 16:34:36,522] {logging_mixin.py:112} INFO - [2020-07-22 16:34:36,522] {spark_submit_hook.py:479} INFO - Using Spark's default log4j profile: org/apache/spark/log4j-defaults.properties
[2020-07-22 16:34:36,547] {logging_mixin.py:112} INFO - [2020-07-22 16:34:36,546] {spark_submit_hook.py:479} INFO - 20/07/22 16:34:36 INFO SparkContext: Running Spark version 3.0.0
[2020-07-22 16:34:36,629] {logging_mixin.py:112} INFO - [2020-07-22 16:34:36,628] {spark_submit_hook.py:479} INFO - 20/07/22 16:34:36 INFO ResourceUtils: ==============================================================
[2020-07-22 16:34:36,631] {logging_mixin.py:112} INFO - [2020-07-22 16:34:36,631] {spark_submit_hook.py:479} INFO - 20/07/22 16:34:36 INFO ResourceUtils: Resources for spark.driver:
[2020-07-22 16:34:36,632] {logging_mixin.py:112} INFO - [2020-07-22 16:34:36,631] {spark_submit_hook.py:479} INFO - 
[2020-07-22 16:34:36,633] {logging_mixin.py:112} INFO - [2020-07-22 16:34:36,632] {spark_submit_hook.py:479} INFO - 20/07/22 16:34:36 INFO ResourceUtils: ==============================================================
[2020-07-22 16:34:36,634] {logging_mixin.py:112} INFO - [2020-07-22 16:34:36,633] {spark_submit_hook.py:479} INFO - 20/07/22 16:34:36 INFO SparkContext: Submitted application: Spark_Test_Python
[2020-07-22 16:34:36,745] {logging_mixin.py:112} INFO - [2020-07-22 16:34:36,744] {spark_submit_hook.py:479} INFO - 20/07/22 16:34:36 INFO SecurityManager: Changing view acls to: bhakti
[2020-07-22 16:34:36,745] {logging_mixin.py:112} INFO - [2020-07-22 16:34:36,745] {spark_submit_hook.py:479} INFO - 20/07/22 16:34:36 INFO SecurityManager: Changing modify acls to: bhakti
[2020-07-22 16:34:36,745] {logging_mixin.py:112} INFO - [2020-07-22 16:34:36,745] {spark_submit_hook.py:479} INFO - 20/07/22 16:34:36 INFO SecurityManager: Changing view acls groups to:
[2020-07-22 16:34:36,746] {logging_mixin.py:112} INFO - [2020-07-22 16:34:36,746] {spark_submit_hook.py:479} INFO - 20/07/22 16:34:36 INFO SecurityManager: Changing modify acls groups to:
[2020-07-22 16:34:36,746] {logging_mixin.py:112} INFO - [2020-07-22 16:34:36,746] {spark_submit_hook.py:479} INFO - 20/07/22 16:34:36 INFO SecurityManager: SecurityManager: authentication disabled; ui acls disabled; users  with view permissions: Set(bhakti); groups with view permissions: Set(); users  with modify permissions: Set(bhakti); groups with modify permissions: Set()
[2020-07-22 16:34:37,423] {logging_mixin.py:112} INFO - [2020-07-22 16:34:37,422] {spark_submit_hook.py:479} INFO - 20/07/22 16:34:37 INFO Utils: Successfully started service 'sparkDriver' on port 38729.
[2020-07-22 16:34:37,512] {logging_mixin.py:112} INFO - [2020-07-22 16:34:37,512] {spark_submit_hook.py:479} INFO - 20/07/22 16:34:37 INFO SparkEnv: Registering MapOutputTracker
[2020-07-22 16:34:37,617] {logging_mixin.py:112} INFO - [2020-07-22 16:34:37,616] {spark_submit_hook.py:479} INFO - 20/07/22 16:34:37 INFO SparkEnv: Registering BlockManagerMaster
[2020-07-22 16:34:37,679] {logging_mixin.py:112} INFO - [2020-07-22 16:34:37,679] {spark_submit_hook.py:479} INFO - 20/07/22 16:34:37 INFO BlockManagerMasterEndpoint: Using org.apache.spark.storage.DefaultTopologyMapper for getting topology information
[2020-07-22 16:34:37,681] {logging_mixin.py:112} INFO - [2020-07-22 16:34:37,680] {spark_submit_hook.py:479} INFO - 20/07/22 16:34:37 INFO BlockManagerMasterEndpoint: BlockManagerMasterEndpoint up
[2020-07-22 16:34:37,688] {logging_mixin.py:112} INFO - [2020-07-22 16:34:37,688] {spark_submit_hook.py:479} INFO - 20/07/22 16:34:37 INFO SparkEnv: Registering BlockManagerMasterHeartbeat
[2020-07-22 16:34:37,711] {logging_mixin.py:112} INFO - [2020-07-22 16:34:37,711] {spark_submit_hook.py:479} INFO - 20/07/22 16:34:37 INFO DiskBlockManager: Created local directory at /tmp/blockmgr-931d06c8-c974-4db0-af9f-ca84c65a1e02
[2020-07-22 16:34:37,753] {logging_mixin.py:112} INFO - [2020-07-22 16:34:37,753] {spark_submit_hook.py:479} INFO - 20/07/22 16:34:37 INFO MemoryStore: MemoryStore started with capacity 366.3 MiB
[2020-07-22 16:34:37,781] {logging_mixin.py:112} INFO - [2020-07-22 16:34:37,780] {spark_submit_hook.py:479} INFO - 20/07/22 16:34:37 INFO SparkEnv: Registering OutputCommitCoordinator
[2020-07-22 16:34:38,645] {logging_mixin.py:112} INFO - [2020-07-22 16:34:38,644] {spark_submit_hook.py:479} INFO - 20/07/22 16:34:38 WARN Utils: Service 'SparkUI' could not bind on port 4040. Attempting port 4041.
[2020-07-22 16:34:38,678] {logging_mixin.py:112} INFO - [2020-07-22 16:34:38,678] {spark_submit_hook.py:479} INFO - 20/07/22 16:34:38 INFO Utils: Successfully started service 'SparkUI' on port 4041.
[2020-07-22 16:34:38,951] {logging_mixin.py:112} INFO - [2020-07-22 16:34:38,951] {spark_submit_hook.py:479} INFO - 20/07/22 16:34:38 INFO SparkUI: Bound SparkUI to 0.0.0.0, and started at http://192.168.43.94:4041
[2020-07-22 16:34:39,790] {logging_mixin.py:112} INFO - [2020-07-22 16:34:39,790] {spark_submit_hook.py:479} INFO - 20/07/22 16:34:39 INFO Executor: Starting executor ID driver on host 192.168.43.94
[2020-07-22 16:34:39,849] {logging_mixin.py:112} INFO - [2020-07-22 16:34:39,849] {spark_submit_hook.py:479} INFO - 20/07/22 16:34:39 INFO Utils: Successfully started service 'org.apache.spark.network.netty.NettyBlockTransferService' on port 45023.
[2020-07-22 16:34:39,850] {logging_mixin.py:112} INFO - [2020-07-22 16:34:39,850] {spark_submit_hook.py:479} INFO - 20/07/22 16:34:39 INFO NettyBlockTransferService: Server created on 192.168.43.94:45023
[2020-07-22 16:34:39,853] {logging_mixin.py:112} INFO - [2020-07-22 16:34:39,853] {spark_submit_hook.py:479} INFO - 20/07/22 16:34:39 INFO BlockManager: Using org.apache.spark.storage.RandomBlockReplicationPolicy for block replication policy
[2020-07-22 16:34:39,870] {logging_mixin.py:112} INFO - [2020-07-22 16:34:39,870] {spark_submit_hook.py:479} INFO - 20/07/22 16:34:39 INFO BlockManagerMaster: Registering BlockManager BlockManagerId(driver, 192.168.43.94, 45023, None)
[2020-07-22 16:34:39,887] {logging_mixin.py:112} INFO - [2020-07-22 16:34:39,887] {spark_submit_hook.py:479} INFO - 20/07/22 16:34:39 INFO BlockManagerMasterEndpoint: Registering block manager 192.168.43.94:45023 with 366.3 MiB RAM, BlockManagerId(driver, 192.168.43.94, 45023, None)
[2020-07-22 16:34:39,894] {logging_mixin.py:112} INFO - [2020-07-22 16:34:39,894] {spark_submit_hook.py:479} INFO - 20/07/22 16:34:39 INFO BlockManagerMaster: Registered BlockManager BlockManagerId(driver, 192.168.43.94, 45023, None)
[2020-07-22 16:34:39,897] {logging_mixin.py:112} INFO - [2020-07-22 16:34:39,896] {spark_submit_hook.py:479} INFO - 20/07/22 16:34:39 INFO BlockManager: Initialized BlockManager: BlockManagerId(driver, 192.168.43.94, 45023, None)
[2020-07-22 16:34:42,656] {logging_mixin.py:112} INFO - [2020-07-22 16:34:42,656] {spark_submit_hook.py:479} INFO - 20/07/22 16:34:42 INFO MemoryStore: Block broadcast_0 stored as values in memory (estimated size 241.5 KiB, free 366.1 MiB)
[2020-07-22 16:34:43,005] {logging_mixin.py:112} INFO - [2020-07-22 16:34:43,004] {spark_submit_hook.py:479} INFO - 20/07/22 16:34:43 INFO MemoryStore: Block broadcast_0_piece0 stored as bytes in memory (estimated size 23.4 KiB, free 366.0 MiB)
[2020-07-22 16:34:43,013] {logging_mixin.py:112} INFO - [2020-07-22 16:34:43,012] {spark_submit_hook.py:479} INFO - 20/07/22 16:34:43 INFO BlockManagerInfo: Added broadcast_0_piece0 in memory on 192.168.43.94:45023 (size: 23.4 KiB, free: 366.3 MiB)
[2020-07-22 16:34:43,030] {logging_mixin.py:112} INFO - [2020-07-22 16:34:43,030] {spark_submit_hook.py:479} INFO - 20/07/22 16:34:43 INFO SparkContext: Created broadcast 0 from textFile at NativeMethodAccessorImpl.java:0
[2020-07-22 16:34:43,527] {logging_mixin.py:112} INFO - [2020-07-22 16:34:43,527] {spark_submit_hook.py:479} INFO - 20/07/22 16:34:43 INFO FileInputFormat: Total input paths to process : 1
[2020-07-22 16:34:43,778] {logging_mixin.py:112} INFO - [2020-07-22 16:34:43,778] {spark_submit_hook.py:479} INFO - 20/07/22 16:34:43 INFO SparkContext: Starting job: collect at /home/bhakti/airflow/spark_jobs/python/spark_test.py:7
[2020-07-22 16:34:43,873] {logging_mixin.py:112} INFO - [2020-07-22 16:34:43,873] {spark_submit_hook.py:479} INFO - 20/07/22 16:34:43 INFO DAGScheduler: Got job 0 (collect at /home/bhakti/airflow/spark_jobs/python/spark_test.py:7) with 1 output partitions
[2020-07-22 16:34:43,874] {logging_mixin.py:112} INFO - [2020-07-22 16:34:43,874] {spark_submit_hook.py:479} INFO - 20/07/22 16:34:43 INFO DAGScheduler: Final stage: ResultStage 0 (collect at /home/bhakti/airflow/spark_jobs/python/spark_test.py:7)
[2020-07-22 16:34:43,878] {logging_mixin.py:112} INFO - [2020-07-22 16:34:43,878] {spark_submit_hook.py:479} INFO - 20/07/22 16:34:43 INFO DAGScheduler: Parents of final stage: List()
[2020-07-22 16:34:43,888] {logging_mixin.py:112} INFO - [2020-07-22 16:34:43,888] {spark_submit_hook.py:479} INFO - 20/07/22 16:34:43 INFO DAGScheduler: Missing parents: List()
[2020-07-22 16:34:43,924] {logging_mixin.py:112} INFO - [2020-07-22 16:34:43,924] {spark_submit_hook.py:479} INFO - 20/07/22 16:34:43 INFO DAGScheduler: Submitting ResultStage 0 (PythonRDD[2] at collect at /home/bhakti/airflow/spark_jobs/python/spark_test.py:7), which has no missing parents
[2020-07-22 16:34:44,009] {logging_mixin.py:112} INFO - [2020-07-22 16:34:44,009] {spark_submit_hook.py:479} INFO - 20/07/22 16:34:44 INFO MemoryStore: Block broadcast_1 stored as values in memory (estimated size 7.4 KiB, free 366.0 MiB)
[2020-07-22 16:34:44,022] {logging_mixin.py:112} INFO - [2020-07-22 16:34:44,021] {spark_submit_hook.py:479} INFO - 20/07/22 16:34:44 INFO MemoryStore: Block broadcast_1_piece0 stored as bytes in memory (estimated size 4.4 KiB, free 366.0 MiB)
[2020-07-22 16:34:44,024] {logging_mixin.py:112} INFO - [2020-07-22 16:34:44,024] {spark_submit_hook.py:479} INFO - 20/07/22 16:34:44 INFO BlockManagerInfo: Added broadcast_1_piece0 in memory on 192.168.43.94:45023 (size: 4.4 KiB, free: 366.3 MiB)
[2020-07-22 16:34:44,026] {logging_mixin.py:112} INFO - [2020-07-22 16:34:44,026] {spark_submit_hook.py:479} INFO - 20/07/22 16:34:44 INFO SparkContext: Created broadcast 1 from broadcast at DAGScheduler.scala:1200
[2020-07-22 16:34:44,079] {logging_mixin.py:112} INFO - [2020-07-22 16:34:44,079] {spark_submit_hook.py:479} INFO - 20/07/22 16:34:44 INFO DAGScheduler: Submitting 1 missing tasks from ResultStage 0 (PythonRDD[2] at collect at /home/bhakti/airflow/spark_jobs/python/spark_test.py:7) (first 15 tasks are for partitions Vector(0))
[2020-07-22 16:34:44,093] {logging_mixin.py:112} INFO - [2020-07-22 16:34:44,092] {spark_submit_hook.py:479} INFO - 20/07/22 16:34:44 INFO TaskSchedulerImpl: Adding task set 0.0 with 1 tasks
[2020-07-22 16:34:44,491] {logging_mixin.py:112} INFO - [2020-07-22 16:34:44,490] {spark_submit_hook.py:479} INFO - 20/07/22 16:34:44 INFO TaskSetManager: Starting task 0.0 in stage 0.0 (TID 0, 192.168.43.94, executor driver, partition 0, PROCESS_LOCAL, 7388 bytes)
[2020-07-22 16:34:44,571] {logging_mixin.py:112} INFO - [2020-07-22 16:34:44,571] {spark_submit_hook.py:479} INFO - 20/07/22 16:34:44 INFO Executor: Running task 0.0 in stage 0.0 (TID 0)
[2020-07-22 16:34:46,167] {logging_mixin.py:112} INFO - [2020-07-22 16:34:46,167] {spark_submit_hook.py:479} INFO - 20/07/22 16:34:46 INFO HadoopRDD: Input split: file:/home/bhakti/airflow/input_data/sample.csv:0+93
[2020-07-22 16:34:47,809] {logging_mixin.py:112} INFO - [2020-07-22 16:34:47,809] {spark_submit_hook.py:479} INFO - 20/07/22 16:34:47 INFO PythonRunner: Times: total = 1566, boot = 1512, init = 54, finish = 0
[2020-07-22 16:34:47,881] {logging_mixin.py:112} INFO - [2020-07-22 16:34:47,881] {spark_submit_hook.py:479} INFO - 20/07/22 16:34:47 INFO Executor: Finished task 0.0 in stage 0.0 (TID 0). 1732 bytes result sent to driver
[2020-07-22 16:34:47,905] {logging_mixin.py:112} INFO - [2020-07-22 16:34:47,905] {spark_submit_hook.py:479} INFO - 20/07/22 16:34:47 INFO TaskSetManager: Finished task 0.0 in stage 0.0 (TID 0) in 3549 ms on 192.168.43.94 (executor driver) (1/1)
[2020-07-22 16:34:47,910] {logging_mixin.py:112} INFO - [2020-07-22 16:34:47,910] {spark_submit_hook.py:479} INFO - 20/07/22 16:34:47 INFO TaskSchedulerImpl: Removed TaskSet 0.0, whose tasks have all completed, from pool
[2020-07-22 16:34:47,914] {logging_mixin.py:112} INFO - [2020-07-22 16:34:47,914] {spark_submit_hook.py:479} INFO - 20/07/22 16:34:47 INFO PythonAccumulatorV2: Connected to AccumulatorServer at host: 127.0.0.1 port: 36585
[2020-07-22 16:34:47,922] {logging_mixin.py:112} INFO - [2020-07-22 16:34:47,922] {spark_submit_hook.py:479} INFO - 20/07/22 16:34:47 INFO DAGScheduler: ResultStage 0 (collect at /home/bhakti/airflow/spark_jobs/python/spark_test.py:7) finished in 3.946 s
[2020-07-22 16:34:47,934] {logging_mixin.py:112} INFO - [2020-07-22 16:34:47,934] {spark_submit_hook.py:479} INFO - 20/07/22 16:34:47 INFO DAGScheduler: Job 0 is finished. Cancelling potential speculative or zombie tasks for this job
[2020-07-22 16:34:47,935] {logging_mixin.py:112} INFO - [2020-07-22 16:34:47,935] {spark_submit_hook.py:479} INFO - 20/07/22 16:34:47 INFO TaskSchedulerImpl: Killing all running tasks in stage 0: Stage finished
[2020-07-22 16:34:47,946] {logging_mixin.py:112} INFO - [2020-07-22 16:34:47,946] {spark_submit_hook.py:479} INFO - 20/07/22 16:34:47 INFO DAGScheduler: Job 0 finished: collect at /home/bhakti/airflow/spark_jobs/python/spark_test.py:7, took 4.160405 s
[2020-07-22 16:34:47,966] {logging_mixin.py:112} INFO - [2020-07-22 16:34:47,966] {spark_submit_hook.py:479} INFO - [('PERSON', 'JOINING_YEAR'), ('John', '2018'), ('Sam', '2017'), ('Jeff', '2014'), ('Allen', '2015')]
[2020-07-22 16:34:48,942] {logging_mixin.py:112} INFO - [2020-07-22 16:34:48,942] {spark_submit_hook.py:479} INFO - 20/07/22 16:34:48 INFO SharedState: Setting hive.metastore.warehouse.dir ('null') to the value of spark.sql.warehouse.dir ('file:/home/bhakti/airflow/spark-warehouse').
[2020-07-22 16:34:48,952] {logging_mixin.py:112} INFO - [2020-07-22 16:34:48,952] {spark_submit_hook.py:479} INFO - 20/07/22 16:34:48 INFO SharedState: Warehouse path is 'file:/home/bhakti/airflow/spark-warehouse'.
[2020-07-22 16:34:49,118] {logging_mixin.py:112} INFO - [2020-07-22 16:34:49,118] {spark_submit_hook.py:479} INFO - 20/07/22 16:34:49 INFO BlockManagerInfo: Removed broadcast_1_piece0 on 192.168.43.94:45023 in memory (size: 4.4 KiB, free: 366.3 MiB)
[2020-07-22 16:34:59,963] {logging_mixin.py:112} INFO - [2020-07-22 16:34:59,963] {spark_submit_hook.py:479} INFO - 20/07/22 16:34:59 INFO CodeGenerator: Code generated in 1309.019231 ms
[2020-07-22 16:35:00,129] {logging_mixin.py:112} INFO - [2020-07-22 16:35:00,129] {spark_submit_hook.py:479} INFO - 20/07/22 16:35:00 INFO SparkContext: Starting job: showString at NativeMethodAccessorImpl.java:0
[2020-07-22 16:35:00,133] {logging_mixin.py:112} INFO - [2020-07-22 16:35:00,133] {spark_submit_hook.py:479} INFO - 20/07/22 16:35:00 INFO DAGScheduler: Got job 1 (showString at NativeMethodAccessorImpl.java:0) with 1 output partitions
[2020-07-22 16:35:00,133] {logging_mixin.py:112} INFO - [2020-07-22 16:35:00,133] {spark_submit_hook.py:479} INFO - 20/07/22 16:35:00 INFO DAGScheduler: Final stage: ResultStage 1 (showString at NativeMethodAccessorImpl.java:0)
[2020-07-22 16:35:00,133] {logging_mixin.py:112} INFO - [2020-07-22 16:35:00,133] {spark_submit_hook.py:479} INFO - 20/07/22 16:35:00 INFO DAGScheduler: Parents of final stage: List()
[2020-07-22 16:35:00,135] {logging_mixin.py:112} INFO - [2020-07-22 16:35:00,135] {spark_submit_hook.py:479} INFO - 20/07/22 16:35:00 INFO DAGScheduler: Missing parents: List()
[2020-07-22 16:35:00,137] {logging_mixin.py:112} INFO - [2020-07-22 16:35:00,137] {spark_submit_hook.py:479} INFO - 20/07/22 16:35:00 INFO DAGScheduler: Submitting ResultStage 1 (MapPartitionsRDD[9] at showString at NativeMethodAccessorImpl.java:0), which has no missing parents
[2020-07-22 16:35:00,211] {logging_mixin.py:112} INFO - [2020-07-22 16:35:00,211] {spark_submit_hook.py:479} INFO - 20/07/22 16:35:00 INFO MemoryStore: Block broadcast_2 stored as values in memory (estimated size 10.9 KiB, free 366.0 MiB)
[2020-07-22 16:35:00,216] {logging_mixin.py:112} INFO - [2020-07-22 16:35:00,216] {spark_submit_hook.py:479} INFO - 20/07/22 16:35:00 INFO MemoryStore: Block broadcast_2_piece0 stored as bytes in memory (estimated size 5.8 KiB, free 366.0 MiB)
[2020-07-22 16:35:00,230] {logging_mixin.py:112} INFO - [2020-07-22 16:35:00,230] {spark_submit_hook.py:479} INFO - 20/07/22 16:35:00 INFO BlockManagerInfo: Added broadcast_2_piece0 in memory on 192.168.43.94:45023 (size: 5.8 KiB, free: 366.3 MiB)
[2020-07-22 16:35:00,235] {logging_mixin.py:112} INFO - [2020-07-22 16:35:00,235] {spark_submit_hook.py:479} INFO - 20/07/22 16:35:00 INFO SparkContext: Created broadcast 2 from broadcast at DAGScheduler.scala:1200
[2020-07-22 16:35:00,245] {logging_mixin.py:112} INFO - [2020-07-22 16:35:00,245] {spark_submit_hook.py:479} INFO - 20/07/22 16:35:00 INFO DAGScheduler: Submitting 1 missing tasks from ResultStage 1 (MapPartitionsRDD[9] at showString at NativeMethodAccessorImpl.java:0) (first 15 tasks are for partitions Vector(0))
[2020-07-22 16:35:00,246] {logging_mixin.py:112} INFO - [2020-07-22 16:35:00,246] {spark_submit_hook.py:479} INFO - 20/07/22 16:35:00 INFO TaskSchedulerImpl: Adding task set 1.0 with 1 tasks
[2020-07-22 16:35:00,300] {logging_mixin.py:112} INFO - [2020-07-22 16:35:00,300] {spark_submit_hook.py:479} INFO - 20/07/22 16:35:00 INFO TaskSetManager: Starting task 0.0 in stage 1.0 (TID 1, 192.168.43.94, executor driver, partition 0, PROCESS_LOCAL, 7449 bytes)
[2020-07-22 16:35:00,301] {logging_mixin.py:112} INFO - [2020-07-22 16:35:00,301] {spark_submit_hook.py:479} INFO - 20/07/22 16:35:00 INFO Executor: Running task 0.0 in stage 1.0 (TID 1)
[2020-07-22 16:35:00,802] {logging_mixin.py:112} INFO - [2020-07-22 16:35:00,801] {spark_submit_hook.py:479} INFO - 20/07/22 16:35:00 INFO PythonRunner: Times: total = 14, boot = -12843, init = 12857, finish = 0
[2020-07-22 16:35:00,850] {logging_mixin.py:112} INFO - [2020-07-22 16:35:00,850] {spark_submit_hook.py:479} INFO - 20/07/22 16:35:00 INFO Executor: Finished task 0.0 in stage 1.0 (TID 1). 2154 bytes result sent to driver
[2020-07-22 16:35:00,894] {logging_mixin.py:112} INFO - [2020-07-22 16:35:00,893] {spark_submit_hook.py:479} INFO - 20/07/22 16:35:00 INFO TaskSetManager: Finished task 0.0 in stage 1.0 (TID 1) in 640 ms on 192.168.43.94 (executor driver) (1/1)
[2020-07-22 16:35:00,903] {logging_mixin.py:112} INFO - [2020-07-22 16:35:00,903] {spark_submit_hook.py:479} INFO - 20/07/22 16:35:00 INFO TaskSchedulerImpl: Removed TaskSet 1.0, whose tasks have all completed, from pool
[2020-07-22 16:35:00,919] {logging_mixin.py:112} INFO - [2020-07-22 16:35:00,919] {spark_submit_hook.py:479} INFO - 20/07/22 16:35:00 INFO DAGScheduler: ResultStage 1 (showString at NativeMethodAccessorImpl.java:0) finished in 0.777 s
[2020-07-22 16:35:00,920] {logging_mixin.py:112} INFO - [2020-07-22 16:35:00,920] {spark_submit_hook.py:479} INFO - 20/07/22 16:35:00 INFO DAGScheduler: Job 1 is finished. Cancelling potential speculative or zombie tasks for this job
[2020-07-22 16:35:00,920] {logging_mixin.py:112} INFO - [2020-07-22 16:35:00,920] {spark_submit_hook.py:479} INFO - 20/07/22 16:35:00 INFO TaskSchedulerImpl: Killing all running tasks in stage 1: Stage finished
[2020-07-22 16:35:00,923] {logging_mixin.py:112} INFO - [2020-07-22 16:35:00,923] {spark_submit_hook.py:479} INFO - 20/07/22 16:35:00 INFO DAGScheduler: Job 1 finished: showString at NativeMethodAccessorImpl.java:0, took 0.790970 s
[2020-07-22 16:35:01,166] {logging_mixin.py:112} INFO - [2020-07-22 16:35:01,166] {spark_submit_hook.py:479} INFO - 20/07/22 16:35:01 INFO CodeGenerator: Code generated in 124.013399 ms
[2020-07-22 16:35:01,261] {logging_mixin.py:112} INFO - [2020-07-22 16:35:01,261] {spark_submit_hook.py:479} INFO - +------+------------+
[2020-07-22 16:35:01,262] {logging_mixin.py:112} INFO - [2020-07-22 16:35:01,261] {spark_submit_hook.py:479} INFO - |    _1|          _2|
[2020-07-22 16:35:01,262] {logging_mixin.py:112} INFO - [2020-07-22 16:35:01,262] {spark_submit_hook.py:479} INFO - +------+------------+
[2020-07-22 16:35:01,262] {logging_mixin.py:112} INFO - [2020-07-22 16:35:01,262] {spark_submit_hook.py:479} INFO - |PERSON|JOINING_YEAR|
[2020-07-22 16:35:01,262] {logging_mixin.py:112} INFO - [2020-07-22 16:35:01,262] {spark_submit_hook.py:479} INFO - |  John|        2018|
[2020-07-22 16:35:01,262] {logging_mixin.py:112} INFO - [2020-07-22 16:35:01,262] {spark_submit_hook.py:479} INFO - |   Sam|        2017|
[2020-07-22 16:35:01,263] {logging_mixin.py:112} INFO - [2020-07-22 16:35:01,263] {spark_submit_hook.py:479} INFO - |  Jeff|        2014|
[2020-07-22 16:35:01,263] {logging_mixin.py:112} INFO - [2020-07-22 16:35:01,263] {spark_submit_hook.py:479} INFO - | Allen|        2015|
[2020-07-22 16:35:01,263] {logging_mixin.py:112} INFO - [2020-07-22 16:35:01,263] {spark_submit_hook.py:479} INFO - +------+------------+
[2020-07-22 16:35:01,264] {logging_mixin.py:112} INFO - [2020-07-22 16:35:01,263] {spark_submit_hook.py:479} INFO - 
[2020-07-22 16:35:01,583] {logging_mixin.py:112} INFO - [2020-07-22 16:35:01,583] {spark_submit_hook.py:479} INFO - 20/07/22 16:35:01 INFO SparkContext: Invoking stop() from shutdown hook
[2020-07-22 16:35:01,611] {logging_mixin.py:112} INFO - [2020-07-22 16:35:01,611] {spark_submit_hook.py:479} INFO - 20/07/22 16:35:01 INFO SparkUI: Stopped Spark web UI at http://192.168.43.94:4041
[2020-07-22 16:35:01,667] {logging_mixin.py:112} INFO - [2020-07-22 16:35:01,666] {spark_submit_hook.py:479} INFO - 20/07/22 16:35:01 INFO MapOutputTrackerMasterEndpoint: MapOutputTrackerMasterEndpoint stopped!
[2020-07-22 16:35:01,701] {logging_mixin.py:112} INFO - [2020-07-22 16:35:01,701] {spark_submit_hook.py:479} INFO - 20/07/22 16:35:01 INFO MemoryStore: MemoryStore cleared
[2020-07-22 16:35:01,703] {logging_mixin.py:112} INFO - [2020-07-22 16:35:01,703] {spark_submit_hook.py:479} INFO - 20/07/22 16:35:01 INFO BlockManager: BlockManager stopped
[2020-07-22 16:35:01,707] {logging_mixin.py:112} INFO - [2020-07-22 16:35:01,706] {spark_submit_hook.py:479} INFO - 20/07/22 16:35:01 INFO BlockManagerMaster: BlockManagerMaster stopped
[2020-07-22 16:35:01,715] {logging_mixin.py:112} INFO - [2020-07-22 16:35:01,715] {spark_submit_hook.py:479} INFO - 20/07/22 16:35:01 INFO OutputCommitCoordinator$OutputCommitCoordinatorEndpoint: OutputCommitCoordinator stopped!
[2020-07-22 16:35:01,762] {logging_mixin.py:112} INFO - [2020-07-22 16:35:01,762] {spark_submit_hook.py:479} INFO - 20/07/22 16:35:01 INFO SparkContext: Successfully stopped SparkContext
[2020-07-22 16:35:01,763] {logging_mixin.py:112} INFO - [2020-07-22 16:35:01,763] {spark_submit_hook.py:479} INFO - 20/07/22 16:35:01 INFO ShutdownHookManager: Shutdown hook called
[2020-07-22 16:35:01,765] {logging_mixin.py:112} INFO - [2020-07-22 16:35:01,765] {spark_submit_hook.py:479} INFO - 20/07/22 16:35:01 INFO ShutdownHookManager: Deleting directory /tmp/spark-2c2b7d46-b619-4642-aee9-ac1ea2425540
[2020-07-22 16:35:01,795] {logging_mixin.py:112} INFO - [2020-07-22 16:35:01,795] {spark_submit_hook.py:479} INFO - 20/07/22 16:35:01 INFO ShutdownHookManager: Deleting directory /tmp/spark-f380ece6-0775-48ed-9386-2186daf1a8a2
[2020-07-22 16:35:01,832] {logging_mixin.py:112} INFO - [2020-07-22 16:35:01,830] {spark_submit_hook.py:479} INFO - 20/07/22 16:35:01 INFO ShutdownHookManager: Deleting directory /tmp/spark-2c2b7d46-b619-4642-aee9-ac1ea2425540/pyspark-c9db4fd4-ffae-4e09-9c97-a76e286e2802
[2020-07-22 16:35:02,047] {taskinstance.py:1052} INFO - Marking task as SUCCESS.dag_id=submit_data, task_id=spark_submit, execution_date=20200720T063100, start_date=20200722T110428, end_date=20200722T110502
[2020-07-22 16:35:04,103] {logging_mixin.py:112} INFO - [2020-07-22 16:35:04,103] {local_task_job.py:103} INFO - Task exited with return code 0
