[2020-07-22 13:46:44,652] {taskinstance.py:669} INFO - Dependencies all met for <TaskInstance: submit_data.spark_submit 2020-07-20T01:47:00+00:00 [queued]>
[2020-07-22 13:46:44,667] {taskinstance.py:669} INFO - Dependencies all met for <TaskInstance: submit_data.spark_submit 2020-07-20T01:47:00+00:00 [queued]>
[2020-07-22 13:46:44,667] {taskinstance.py:879} INFO - 
--------------------------------------------------------------------------------
[2020-07-22 13:46:44,667] {taskinstance.py:880} INFO - Starting attempt 1 of 1
[2020-07-22 13:46:44,667] {taskinstance.py:881} INFO - 
--------------------------------------------------------------------------------
[2020-07-22 13:46:44,908] {taskinstance.py:900} INFO - Executing <Task(SparkSubmitOperator): spark_submit> on 2020-07-20T01:47:00+00:00
[2020-07-22 13:46:44,912] {standard_task_runner.py:53} INFO - Started process 368992 to run task
[2020-07-22 13:46:45,254] {logging_mixin.py:112} INFO - Running %s on host %s <TaskInstance: submit_data.spark_submit 2020-07-20T01:47:00+00:00 [running]> bhakti-Vostro-3558
[2020-07-22 13:46:45,291] {logging_mixin.py:112} INFO - [2020-07-22 13:46:45,291] {base_hook.py:87} INFO - Using connection to: id: spark_local. Host: localhost, Port: 4040, Schema: None, Login: None, Password: None, extra: None
[2020-07-22 13:46:45,293] {logging_mixin.py:112} INFO - [2020-07-22 13:46:45,293] {spark_submit_hook.py:325} INFO - Spark-Submit cmd: spark-submit --master localhost:4040 --name airflow-spark /home/bhakti/airflow/spark_jobs/python/spark_test.py
[2020-07-22 13:46:47,834] {logging_mixin.py:112} INFO - [2020-07-22 13:46:47,834] {spark_submit_hook.py:479} INFO - 20/07/22 13:46:47 WARN Utils: Your hostname, bhakti-Vostro-3558 resolves to a loopback address: 127.0.1.1; using 192.168.43.94 instead (on interface wlp6s0)
[2020-07-22 13:46:47,836] {logging_mixin.py:112} INFO - [2020-07-22 13:46:47,836] {spark_submit_hook.py:479} INFO - 20/07/22 13:46:47 WARN Utils: Set SPARK_LOCAL_IP if you need to bind to another address
[2020-07-22 13:46:59,083] {logging_mixin.py:112} INFO - [2020-07-22 13:46:59,082] {spark_submit_hook.py:479} INFO - 20/07/22 13:46:59 WARN NativeCodeLoader: Unable to load native-hadoop library for your platform... using builtin-java classes where applicable
[2020-07-22 13:47:00,709] {logging_mixin.py:112} INFO - [2020-07-22 13:47:00,708] {spark_submit_hook.py:479} INFO - Spark_Test_Python
[2020-07-22 13:47:00,709] {logging_mixin.py:112} INFO - [2020-07-22 13:47:00,709] {spark_submit_hook.py:479} INFO - Number of arguments: 0 arguments.
[2020-07-22 13:47:00,709] {logging_mixin.py:112} INFO - [2020-07-22 13:47:00,709] {spark_submit_hook.py:479} INFO - Argument List: []
[2020-07-22 13:47:01,006] {logging_mixin.py:112} INFO - [2020-07-22 13:47:01,006] {spark_submit_hook.py:479} INFO - Using Spark's default log4j profile: org/apache/spark/log4j-defaults.properties
[2020-07-22 13:47:01,032] {logging_mixin.py:112} INFO - [2020-07-22 13:47:01,032] {spark_submit_hook.py:479} INFO - 20/07/22 13:47:01 INFO SparkContext: Running Spark version 3.0.0
[2020-07-22 13:47:01,199] {logging_mixin.py:112} INFO - [2020-07-22 13:47:01,199] {spark_submit_hook.py:479} INFO - 20/07/22 13:47:01 INFO ResourceUtils: ==============================================================
[2020-07-22 13:47:01,201] {logging_mixin.py:112} INFO - [2020-07-22 13:47:01,201] {spark_submit_hook.py:479} INFO - 20/07/22 13:47:01 INFO ResourceUtils: Resources for spark.driver:
[2020-07-22 13:47:01,201] {logging_mixin.py:112} INFO - [2020-07-22 13:47:01,201] {spark_submit_hook.py:479} INFO - 
[2020-07-22 13:47:01,202] {logging_mixin.py:112} INFO - [2020-07-22 13:47:01,202] {spark_submit_hook.py:479} INFO - 20/07/22 13:47:01 INFO ResourceUtils: ==============================================================
[2020-07-22 13:47:01,214] {logging_mixin.py:112} INFO - [2020-07-22 13:47:01,213] {spark_submit_hook.py:479} INFO - 20/07/22 13:47:01 INFO SparkContext: Submitted application: Spark_Test_Python
[2020-07-22 13:47:01,469] {logging_mixin.py:112} INFO - [2020-07-22 13:47:01,469] {spark_submit_hook.py:479} INFO - 20/07/22 13:47:01 INFO SecurityManager: Changing view acls to: bhakti
[2020-07-22 13:47:01,469] {logging_mixin.py:112} INFO - [2020-07-22 13:47:01,469] {spark_submit_hook.py:479} INFO - 20/07/22 13:47:01 INFO SecurityManager: Changing modify acls to: bhakti
[2020-07-22 13:47:01,470] {logging_mixin.py:112} INFO - [2020-07-22 13:47:01,470] {spark_submit_hook.py:479} INFO - 20/07/22 13:47:01 INFO SecurityManager: Changing view acls groups to:
[2020-07-22 13:47:01,470] {logging_mixin.py:112} INFO - [2020-07-22 13:47:01,470] {spark_submit_hook.py:479} INFO - 20/07/22 13:47:01 INFO SecurityManager: Changing modify acls groups to:
[2020-07-22 13:47:01,470] {logging_mixin.py:112} INFO - [2020-07-22 13:47:01,470] {spark_submit_hook.py:479} INFO - 20/07/22 13:47:01 INFO SecurityManager: SecurityManager: authentication disabled; ui acls disabled; users  with view permissions: Set(bhakti); groups with view permissions: Set(); users  with modify permissions: Set(bhakti); groups with modify permissions: Set()
[2020-07-22 13:47:02,254] {logging_mixin.py:112} INFO - [2020-07-22 13:47:02,254] {spark_submit_hook.py:479} INFO - 20/07/22 13:47:02 INFO Utils: Successfully started service 'sparkDriver' on port 39955.
[2020-07-22 13:47:02,322] {logging_mixin.py:112} INFO - [2020-07-22 13:47:02,321] {spark_submit_hook.py:479} INFO - 20/07/22 13:47:02 INFO SparkEnv: Registering MapOutputTracker
[2020-07-22 13:47:02,402] {logging_mixin.py:112} INFO - [2020-07-22 13:47:02,402] {spark_submit_hook.py:479} INFO - 20/07/22 13:47:02 INFO SparkEnv: Registering BlockManagerMaster
[2020-07-22 13:47:02,461] {logging_mixin.py:112} INFO - [2020-07-22 13:47:02,461] {spark_submit_hook.py:479} INFO - 20/07/22 13:47:02 INFO BlockManagerMasterEndpoint: Using org.apache.spark.storage.DefaultTopologyMapper for getting topology information
[2020-07-22 13:47:02,467] {logging_mixin.py:112} INFO - [2020-07-22 13:47:02,467] {spark_submit_hook.py:479} INFO - 20/07/22 13:47:02 INFO BlockManagerMasterEndpoint: BlockManagerMasterEndpoint up
[2020-07-22 13:47:02,509] {logging_mixin.py:112} INFO - [2020-07-22 13:47:02,509] {spark_submit_hook.py:479} INFO - 20/07/22 13:47:02 INFO SparkEnv: Registering BlockManagerMasterHeartbeat
[2020-07-22 13:47:02,555] {logging_mixin.py:112} INFO - [2020-07-22 13:47:02,555] {spark_submit_hook.py:479} INFO - 20/07/22 13:47:02 INFO DiskBlockManager: Created local directory at /tmp/blockmgr-da5f3b92-0f43-43e9-9c05-a96c0f57e1c8
[2020-07-22 13:47:02,613] {logging_mixin.py:112} INFO - [2020-07-22 13:47:02,613] {spark_submit_hook.py:479} INFO - 20/07/22 13:47:02 INFO MemoryStore: MemoryStore started with capacity 366.3 MiB
[2020-07-22 13:47:02,652] {logging_mixin.py:112} INFO - [2020-07-22 13:47:02,652] {spark_submit_hook.py:479} INFO - 20/07/22 13:47:02 INFO SparkEnv: Registering OutputCommitCoordinator
[2020-07-22 13:47:03,215] {logging_mixin.py:112} INFO - [2020-07-22 13:47:03,214] {spark_submit_hook.py:479} INFO - 20/07/22 13:47:03 WARN Utils: Service 'SparkUI' could not bind on port 4040. Attempting port 4041.
[2020-07-22 13:47:03,215] {logging_mixin.py:112} INFO - [2020-07-22 13:47:03,215] {spark_submit_hook.py:479} INFO - 20/07/22 13:47:03 WARN Utils: Service 'SparkUI' could not bind on port 4041. Attempting port 4042.
[2020-07-22 13:47:03,216] {logging_mixin.py:112} INFO - [2020-07-22 13:47:03,216] {spark_submit_hook.py:479} INFO - 20/07/22 13:47:03 WARN Utils: Service 'SparkUI' could not bind on port 4042. Attempting port 4043.
[2020-07-22 13:47:03,217] {logging_mixin.py:112} INFO - [2020-07-22 13:47:03,217] {spark_submit_hook.py:479} INFO - 20/07/22 13:47:03 WARN Utils: Service 'SparkUI' could not bind on port 4043. Attempting port 4044.
[2020-07-22 13:47:03,236] {logging_mixin.py:112} INFO - [2020-07-22 13:47:03,236] {spark_submit_hook.py:479} INFO - 20/07/22 13:47:03 INFO Utils: Successfully started service 'SparkUI' on port 4044.
[2020-07-22 13:47:03,358] {logging_mixin.py:112} INFO - [2020-07-22 13:47:03,358] {spark_submit_hook.py:479} INFO - 20/07/22 13:47:03 INFO SparkUI: Bound SparkUI to 0.0.0.0, and started at http://192.168.43.94:4044
[2020-07-22 13:47:03,696] {logging_mixin.py:112} INFO - [2020-07-22 13:47:03,696] {spark_submit_hook.py:479} INFO - 20/07/22 13:47:03 ERROR SparkContext: Error initializing SparkContext.
[2020-07-22 13:47:03,697] {logging_mixin.py:112} INFO - [2020-07-22 13:47:03,697] {spark_submit_hook.py:479} INFO - org.apache.spark.SparkException: Could not parse Master URL: 'localhost:4040'
[2020-07-22 13:47:03,697] {logging_mixin.py:112} INFO - [2020-07-22 13:47:03,697] {spark_submit_hook.py:479} INFO - at org.apache.spark.SparkContext$.org$apache$spark$SparkContext$$createTaskScheduler(SparkContext.scala:2924)
[2020-07-22 13:47:03,697] {logging_mixin.py:112} INFO - [2020-07-22 13:47:03,697] {spark_submit_hook.py:479} INFO - at org.apache.spark.SparkContext.<init>(SparkContext.scala:528)
[2020-07-22 13:47:03,698] {logging_mixin.py:112} INFO - [2020-07-22 13:47:03,697] {spark_submit_hook.py:479} INFO - at org.apache.spark.api.java.JavaSparkContext.<init>(JavaSparkContext.scala:58)
[2020-07-22 13:47:03,698] {logging_mixin.py:112} INFO - [2020-07-22 13:47:03,698] {spark_submit_hook.py:479} INFO - at sun.reflect.NativeConstructorAccessorImpl.newInstance0(Native Method)
[2020-07-22 13:47:03,698] {logging_mixin.py:112} INFO - [2020-07-22 13:47:03,698] {spark_submit_hook.py:479} INFO - at sun.reflect.NativeConstructorAccessorImpl.newInstance(NativeConstructorAccessorImpl.java:62)
[2020-07-22 13:47:03,698] {logging_mixin.py:112} INFO - [2020-07-22 13:47:03,698] {spark_submit_hook.py:479} INFO - at sun.reflect.DelegatingConstructorAccessorImpl.newInstance(DelegatingConstructorAccessorImpl.java:45)
[2020-07-22 13:47:03,699] {logging_mixin.py:112} INFO - [2020-07-22 13:47:03,699] {spark_submit_hook.py:479} INFO - at java.lang.reflect.Constructor.newInstance(Constructor.java:423)
[2020-07-22 13:47:03,699] {logging_mixin.py:112} INFO - [2020-07-22 13:47:03,699] {spark_submit_hook.py:479} INFO - at py4j.reflection.MethodInvoker.invoke(MethodInvoker.java:247)
[2020-07-22 13:47:03,699] {logging_mixin.py:112} INFO - [2020-07-22 13:47:03,699] {spark_submit_hook.py:479} INFO - at py4j.reflection.ReflectionEngine.invoke(ReflectionEngine.java:357)
[2020-07-22 13:47:03,699] {logging_mixin.py:112} INFO - [2020-07-22 13:47:03,699] {spark_submit_hook.py:479} INFO - at py4j.Gateway.invoke(Gateway.java:238)
[2020-07-22 13:47:03,700] {logging_mixin.py:112} INFO - [2020-07-22 13:47:03,700] {spark_submit_hook.py:479} INFO - at py4j.commands.ConstructorCommand.invokeConstructor(ConstructorCommand.java:80)
[2020-07-22 13:47:03,700] {logging_mixin.py:112} INFO - [2020-07-22 13:47:03,700] {spark_submit_hook.py:479} INFO - at py4j.commands.ConstructorCommand.execute(ConstructorCommand.java:69)
[2020-07-22 13:47:03,700] {logging_mixin.py:112} INFO - [2020-07-22 13:47:03,700] {spark_submit_hook.py:479} INFO - at py4j.GatewayConnection.run(GatewayConnection.java:238)
[2020-07-22 13:47:03,700] {logging_mixin.py:112} INFO - [2020-07-22 13:47:03,700] {spark_submit_hook.py:479} INFO - at java.lang.Thread.run(Thread.java:748)
[2020-07-22 13:47:03,733] {logging_mixin.py:112} INFO - [2020-07-22 13:47:03,732] {spark_submit_hook.py:479} INFO - 20/07/22 13:47:03 INFO SparkUI: Stopped Spark web UI at http://192.168.43.94:4044
[2020-07-22 13:47:03,774] {logging_mixin.py:112} INFO - [2020-07-22 13:47:03,774] {spark_submit_hook.py:479} INFO - 20/07/22 13:47:03 INFO MapOutputTrackerMasterEndpoint: MapOutputTrackerMasterEndpoint stopped!
[2020-07-22 13:47:03,788] {logging_mixin.py:112} INFO - [2020-07-22 13:47:03,788] {spark_submit_hook.py:479} INFO - 20/07/22 13:47:03 INFO MemoryStore: MemoryStore cleared
[2020-07-22 13:47:03,789] {logging_mixin.py:112} INFO - [2020-07-22 13:47:03,789] {spark_submit_hook.py:479} INFO - 20/07/22 13:47:03 INFO BlockManager: BlockManager stopped
[2020-07-22 13:47:03,809] {logging_mixin.py:112} INFO - [2020-07-22 13:47:03,809] {spark_submit_hook.py:479} INFO - 20/07/22 13:47:03 INFO BlockManagerMaster: BlockManagerMaster stopped
[2020-07-22 13:47:03,810] {logging_mixin.py:112} INFO - [2020-07-22 13:47:03,810] {spark_submit_hook.py:479} INFO - 20/07/22 13:47:03 WARN MetricsSystem: Stopping a MetricsSystem that is not running
[2020-07-22 13:47:03,817] {logging_mixin.py:112} INFO - [2020-07-22 13:47:03,816] {spark_submit_hook.py:479} INFO - 20/07/22 13:47:03 INFO OutputCommitCoordinator$OutputCommitCoordinatorEndpoint: OutputCommitCoordinator stopped!
[2020-07-22 13:47:03,943] {logging_mixin.py:112} INFO - [2020-07-22 13:47:03,943] {spark_submit_hook.py:479} INFO - 20/07/22 13:47:03 INFO SparkContext: Successfully stopped SparkContext
[2020-07-22 13:47:04,062] {logging_mixin.py:112} INFO - [2020-07-22 13:47:04,061] {spark_submit_hook.py:479} INFO - Traceback (most recent call last):
[2020-07-22 13:47:04,062] {logging_mixin.py:112} INFO - [2020-07-22 13:47:04,062] {spark_submit_hook.py:479} INFO - File "/home/bhakti/airflow/spark_jobs/python/spark_test.py", line 12, in <module>
[2020-07-22 13:47:04,062] {logging_mixin.py:112} INFO - [2020-07-22 13:47:04,062] {spark_submit_hook.py:479} INFO - sc = SparkContext(conf=conf)
[2020-07-22 13:47:04,063] {logging_mixin.py:112} INFO - [2020-07-22 13:47:04,063] {spark_submit_hook.py:479} INFO - File "/opt/spark/python/lib/pyspark.zip/pyspark/context.py", line 130, in __init__
[2020-07-22 13:47:04,063] {logging_mixin.py:112} INFO - [2020-07-22 13:47:04,063] {spark_submit_hook.py:479} INFO - File "/opt/spark/python/lib/pyspark.zip/pyspark/context.py", line 193, in _do_init
[2020-07-22 13:47:04,063] {logging_mixin.py:112} INFO - [2020-07-22 13:47:04,063] {spark_submit_hook.py:479} INFO - File "/opt/spark/python/lib/pyspark.zip/pyspark/context.py", line 310, in _initialize_context
[2020-07-22 13:47:04,064] {logging_mixin.py:112} INFO - [2020-07-22 13:47:04,064] {spark_submit_hook.py:479} INFO - File "/opt/spark/python/lib/py4j-0.10.9-src.zip/py4j/java_gateway.py", line 1568, in __call__
[2020-07-22 13:47:04,064] {logging_mixin.py:112} INFO - [2020-07-22 13:47:04,064] {spark_submit_hook.py:479} INFO - File "/opt/spark/python/lib/py4j-0.10.9-src.zip/py4j/protocol.py", line 326, in get_return_value
[2020-07-22 13:47:04,065] {logging_mixin.py:112} INFO - [2020-07-22 13:47:04,064] {spark_submit_hook.py:479} INFO - py4j.protocol.Py4JJavaError: An error occurred while calling None.org.apache.spark.api.java.JavaSparkContext.
[2020-07-22 13:47:04,065] {logging_mixin.py:112} INFO - [2020-07-22 13:47:04,065] {spark_submit_hook.py:479} INFO - : org.apache.spark.SparkException: Could not parse Master URL: 'localhost:4040'
[2020-07-22 13:47:04,065] {logging_mixin.py:112} INFO - [2020-07-22 13:47:04,065] {spark_submit_hook.py:479} INFO - at org.apache.spark.SparkContext$.org$apache$spark$SparkContext$$createTaskScheduler(SparkContext.scala:2924)
[2020-07-22 13:47:04,065] {logging_mixin.py:112} INFO - [2020-07-22 13:47:04,065] {spark_submit_hook.py:479} INFO - at org.apache.spark.SparkContext.<init>(SparkContext.scala:528)
[2020-07-22 13:47:04,066] {logging_mixin.py:112} INFO - [2020-07-22 13:47:04,066] {spark_submit_hook.py:479} INFO - at org.apache.spark.api.java.JavaSparkContext.<init>(JavaSparkContext.scala:58)
[2020-07-22 13:47:04,066] {logging_mixin.py:112} INFO - [2020-07-22 13:47:04,066] {spark_submit_hook.py:479} INFO - at sun.reflect.NativeConstructorAccessorImpl.newInstance0(Native Method)
[2020-07-22 13:47:04,066] {logging_mixin.py:112} INFO - [2020-07-22 13:47:04,066] {spark_submit_hook.py:479} INFO - at sun.reflect.NativeConstructorAccessorImpl.newInstance(NativeConstructorAccessorImpl.java:62)
[2020-07-22 13:47:04,067] {logging_mixin.py:112} INFO - [2020-07-22 13:47:04,067] {spark_submit_hook.py:479} INFO - at sun.reflect.DelegatingConstructorAccessorImpl.newInstance(DelegatingConstructorAccessorImpl.java:45)
[2020-07-22 13:47:04,067] {logging_mixin.py:112} INFO - [2020-07-22 13:47:04,067] {spark_submit_hook.py:479} INFO - at java.lang.reflect.Constructor.newInstance(Constructor.java:423)
[2020-07-22 13:47:04,067] {logging_mixin.py:112} INFO - [2020-07-22 13:47:04,067] {spark_submit_hook.py:479} INFO - at py4j.reflection.MethodInvoker.invoke(MethodInvoker.java:247)
[2020-07-22 13:47:04,068] {logging_mixin.py:112} INFO - [2020-07-22 13:47:04,067] {spark_submit_hook.py:479} INFO - at py4j.reflection.ReflectionEngine.invoke(ReflectionEngine.java:357)
[2020-07-22 13:47:04,068] {logging_mixin.py:112} INFO - [2020-07-22 13:47:04,068] {spark_submit_hook.py:479} INFO - at py4j.Gateway.invoke(Gateway.java:238)
[2020-07-22 13:47:04,068] {logging_mixin.py:112} INFO - [2020-07-22 13:47:04,068] {spark_submit_hook.py:479} INFO - at py4j.commands.ConstructorCommand.invokeConstructor(ConstructorCommand.java:80)
[2020-07-22 13:47:04,068] {logging_mixin.py:112} INFO - [2020-07-22 13:47:04,068] {spark_submit_hook.py:479} INFO - at py4j.commands.ConstructorCommand.execute(ConstructorCommand.java:69)
[2020-07-22 13:47:04,069] {logging_mixin.py:112} INFO - [2020-07-22 13:47:04,069] {spark_submit_hook.py:479} INFO - at py4j.GatewayConnection.run(GatewayConnection.java:238)
[2020-07-22 13:47:04,069] {logging_mixin.py:112} INFO - [2020-07-22 13:47:04,069] {spark_submit_hook.py:479} INFO - at java.lang.Thread.run(Thread.java:748)
[2020-07-22 13:47:04,069] {logging_mixin.py:112} INFO - [2020-07-22 13:47:04,069] {spark_submit_hook.py:479} INFO - 
[2020-07-22 13:47:04,175] {logging_mixin.py:112} INFO - [2020-07-22 13:47:04,175] {spark_submit_hook.py:479} INFO - 20/07/22 13:47:04 INFO ShutdownHookManager: Shutdown hook called
[2020-07-22 13:47:04,177] {logging_mixin.py:112} INFO - [2020-07-22 13:47:04,177] {spark_submit_hook.py:479} INFO - 20/07/22 13:47:04 INFO ShutdownHookManager: Deleting directory /tmp/spark-b3c99d08-551e-4b5b-93e3-f0cd7ad239ca
[2020-07-22 13:47:04,189] {logging_mixin.py:112} INFO - [2020-07-22 13:47:04,188] {spark_submit_hook.py:479} INFO - 20/07/22 13:47:04 INFO ShutdownHookManager: Deleting directory /tmp/spark-fa166122-6810-4e36-aad5-c1623a441c0b
[2020-07-22 13:47:04,272] {taskinstance.py:1145} ERROR - Cannot execute: spark-submit --master localhost:4040 --name airflow-spark /home/bhakti/airflow/spark_jobs/python/spark_test.py. Error code is: 1.
Traceback (most recent call last):
  File "/usr/local/lib/python3.8/dist-packages/airflow/models/taskinstance.py", line 983, in _run_raw_task
    result = task_copy.execute(context=context)
  File "/usr/local/lib/python3.8/dist-packages/airflow/contrib/operators/spark_submit_operator.py", line 187, in execute
    self._hook.submit(self._application)
  File "/usr/local/lib/python3.8/dist-packages/airflow/contrib/hooks/spark_submit_hook.py", line 403, in submit
    raise AirflowException(
airflow.exceptions.AirflowException: Cannot execute: spark-submit --master localhost:4040 --name airflow-spark /home/bhakti/airflow/spark_jobs/python/spark_test.py. Error code is: 1.
[2020-07-22 13:47:04,275] {taskinstance.py:1189} INFO - Marking task as FAILED.dag_id=submit_data, task_id=spark_submit, execution_date=20200720T014700, start_date=20200722T081644, end_date=20200722T081704
[2020-07-22 13:47:04,771] {logging_mixin.py:112} INFO - [2020-07-22 13:47:04,771] {local_task_job.py:103} INFO - Task exited with return code 1
