[2020-08-26 12:20:04,353] {taskinstance.py:669} INFO - Dependencies all met for <TaskInstance: MYSQLDAG.first_db_to_csv 2020-08-07T00:00:00+00:00 [queued]>
[2020-08-26 12:20:04,371] {taskinstance.py:669} INFO - Dependencies all met for <TaskInstance: MYSQLDAG.first_db_to_csv 2020-08-07T00:00:00+00:00 [queued]>
[2020-08-26 12:20:04,372] {taskinstance.py:879} INFO - 
--------------------------------------------------------------------------------
[2020-08-26 12:20:04,373] {taskinstance.py:880} INFO - Starting attempt 1 of 2
[2020-08-26 12:20:04,374] {taskinstance.py:881} INFO - 
--------------------------------------------------------------------------------
[2020-08-26 12:20:04,590] {taskinstance.py:900} INFO - Executing <Task(BashOperator): first_db_to_csv> on 2020-08-07T00:00:00+00:00
[2020-08-26 12:20:04,595] {standard_task_runner.py:53} INFO - Started process 95059 to run task
[2020-08-26 12:20:04,805] {logging_mixin.py:112} INFO - Running %s on host %s <TaskInstance: MYSQLDAG.first_db_to_csv 2020-08-07T00:00:00+00:00 [running]> bhakti-Vostro-3558
[2020-08-26 12:20:04,849] {bash_operator.py:82} INFO - Tmp dir root location: 
 /tmp
[2020-08-26 12:20:04,851] {bash_operator.py:103} INFO - Temporary script location: /tmp/airflowtmpkjzjs04_/first_db_to_csvgke_la61
[2020-08-26 12:20:04,851] {bash_operator.py:115} INFO - Running command: #!/bin/bash -x
user=root
password=root
dbname=airflow_db1
host=mysql
port=3306
if [ $password != " " ]
then
docker exec -it mysqlCon \
mysql -D$dbname -h$host -p$port -u$user -p$password -e'SELECT * FROM employees INTO OUTFILE "/input_files_mysql/sample1.csv" FIELDS TERMINATED BY "," LINES TERMINATED BY "\n";'
echo "Task run successfully"
fi
[2020-08-26 12:20:04,863] {bash_operator.py:122} INFO - Output:
[2020-08-26 12:20:05,804] {bash_operator.py:126} INFO - mysql: [Warning] Using a password on the command line interface can be insecure.
[2020-08-26 12:20:05,838] {bash_operator.py:126} INFO - ERROR 1086 (HY000) at line 1: File '/input_files_mysql/sample1.csv' already exists
[2020-08-26 12:20:05,941] {bash_operator.py:126} INFO - Task run successfully
[2020-08-26 12:20:05,942] {bash_operator.py:128} INFO - Command exited with return code 0
[2020-08-26 12:20:05,962] {taskinstance.py:1052} INFO - Marking task as SUCCESS.dag_id=MYSQLDAG, task_id=first_db_to_csv, execution_date=20200807T000000, start_date=20200826T065004, end_date=20200826T065005
[2020-08-26 12:20:14,466] {logging_mixin.py:112} INFO - [2020-08-26 12:20:14,466] {local_task_job.py:103} INFO - Task exited with return code 0
