[2020-07-22 17:18:20,346] {taskinstance.py:669} INFO - Dependencies all met for <TaskInstance: submit_data.spark_submit 2020-07-20T07:29:00+00:00 [queued]>
[2020-07-22 17:18:20,380] {taskinstance.py:669} INFO - Dependencies all met for <TaskInstance: submit_data.spark_submit 2020-07-20T07:29:00+00:00 [queued]>
[2020-07-22 17:18:20,381] {taskinstance.py:879} INFO - 
--------------------------------------------------------------------------------
[2020-07-22 17:18:20,381] {taskinstance.py:880} INFO - Starting attempt 1 of 1
[2020-07-22 17:18:20,381] {taskinstance.py:881} INFO - 
--------------------------------------------------------------------------------
[2020-07-22 17:18:20,542] {taskinstance.py:900} INFO - Executing <Task(SparkSubmitOperator): spark_submit> on 2020-07-20T07:29:00+00:00
[2020-07-22 17:18:20,546] {standard_task_runner.py:53} INFO - Started process 641124 to run task
[2020-07-22 17:18:20,768] {logging_mixin.py:112} INFO - Running %s on host %s <TaskInstance: submit_data.spark_submit 2020-07-20T07:29:00+00:00 [running]> bhakti-Vostro-3558
[2020-07-22 17:18:20,825] {logging_mixin.py:112} INFO - [2020-07-22 17:18:20,822] {base_hook.py:87} INFO - Using connection to: id: spark_local. Host: local, Port: None, Schema: None, Login: None, Password: None, extra: None
[2020-07-22 17:18:20,828] {logging_mixin.py:112} INFO - [2020-07-22 17:18:20,827] {spark_submit_hook.py:325} INFO - Spark-Submit cmd: spark-submit --master local --name airflow-spark /home/bhakti/airflow/spark_jobs/spark_test.py
[2020-07-22 17:18:25,665] {logging_mixin.py:112} INFO - [2020-07-22 17:18:25,664] {spark_submit_hook.py:479} INFO - 20/07/22 17:18:25 WARN Utils: Your hostname, bhakti-Vostro-3558 resolves to a loopback address: 127.0.1.1; using 192.168.43.94 instead (on interface wlp6s0)
[2020-07-22 17:18:25,667] {logging_mixin.py:112} INFO - [2020-07-22 17:18:25,666] {spark_submit_hook.py:479} INFO - 20/07/22 17:18:25 WARN Utils: Set SPARK_LOCAL_IP if you need to bind to another address
[2020-07-22 17:18:27,364] {logging_mixin.py:112} INFO - [2020-07-22 17:18:27,364] {spark_submit_hook.py:479} INFO - 20/07/22 17:18:27 WARN NativeCodeLoader: Unable to load native-hadoop library for your platform... using builtin-java classes where applicable
[2020-07-22 17:18:29,810] {logging_mixin.py:112} INFO - [2020-07-22 17:18:29,809] {spark_submit_hook.py:479} INFO - Using Spark's default log4j profile: org/apache/spark/log4j-defaults.properties
[2020-07-22 17:18:29,827] {logging_mixin.py:112} INFO - [2020-07-22 17:18:29,827] {spark_submit_hook.py:479} INFO - 20/07/22 17:18:29 INFO SparkContext: Running Spark version 3.0.0
[2020-07-22 17:18:29,914] {logging_mixin.py:112} INFO - [2020-07-22 17:18:29,914] {spark_submit_hook.py:479} INFO - 20/07/22 17:18:29 INFO ResourceUtils: ==============================================================
[2020-07-22 17:18:29,918] {logging_mixin.py:112} INFO - [2020-07-22 17:18:29,918] {spark_submit_hook.py:479} INFO - 20/07/22 17:18:29 INFO ResourceUtils: Resources for spark.driver:
[2020-07-22 17:18:29,919] {logging_mixin.py:112} INFO - [2020-07-22 17:18:29,919] {spark_submit_hook.py:479} INFO - 
[2020-07-22 17:18:29,919] {logging_mixin.py:112} INFO - [2020-07-22 17:18:29,919] {spark_submit_hook.py:479} INFO - 20/07/22 17:18:29 INFO ResourceUtils: ==============================================================
[2020-07-22 17:18:29,920] {logging_mixin.py:112} INFO - [2020-07-22 17:18:29,920] {spark_submit_hook.py:479} INFO - 20/07/22 17:18:29 INFO SparkContext: Submitted application: Spark_Test_Python
[2020-07-22 17:18:30,036] {logging_mixin.py:112} INFO - [2020-07-22 17:18:30,036] {spark_submit_hook.py:479} INFO - 20/07/22 17:18:30 INFO SecurityManager: Changing view acls to: bhakti
[2020-07-22 17:18:30,036] {logging_mixin.py:112} INFO - [2020-07-22 17:18:30,036] {spark_submit_hook.py:479} INFO - 20/07/22 17:18:30 INFO SecurityManager: Changing modify acls to: bhakti
[2020-07-22 17:18:30,036] {logging_mixin.py:112} INFO - [2020-07-22 17:18:30,036] {spark_submit_hook.py:479} INFO - 20/07/22 17:18:30 INFO SecurityManager: Changing view acls groups to:
[2020-07-22 17:18:30,037] {logging_mixin.py:112} INFO - [2020-07-22 17:18:30,036] {spark_submit_hook.py:479} INFO - 20/07/22 17:18:30 INFO SecurityManager: Changing modify acls groups to:
[2020-07-22 17:18:30,037] {logging_mixin.py:112} INFO - [2020-07-22 17:18:30,037] {spark_submit_hook.py:479} INFO - 20/07/22 17:18:30 INFO SecurityManager: SecurityManager: authentication disabled; ui acls disabled; users  with view permissions: Set(bhakti); groups with view permissions: Set(); users  with modify permissions: Set(bhakti); groups with modify permissions: Set()
[2020-07-22 17:18:30,508] {logging_mixin.py:112} INFO - [2020-07-22 17:18:30,508] {spark_submit_hook.py:479} INFO - 20/07/22 17:18:30 INFO Utils: Successfully started service 'sparkDriver' on port 39827.
[2020-07-22 17:18:30,563] {logging_mixin.py:112} INFO - [2020-07-22 17:18:30,562] {spark_submit_hook.py:479} INFO - 20/07/22 17:18:30 INFO SparkEnv: Registering MapOutputTracker
[2020-07-22 17:18:30,643] {logging_mixin.py:112} INFO - [2020-07-22 17:18:30,643] {spark_submit_hook.py:479} INFO - 20/07/22 17:18:30 INFO SparkEnv: Registering BlockManagerMaster
[2020-07-22 17:18:30,698] {logging_mixin.py:112} INFO - [2020-07-22 17:18:30,698] {spark_submit_hook.py:479} INFO - 20/07/22 17:18:30 INFO BlockManagerMasterEndpoint: Using org.apache.spark.storage.DefaultTopologyMapper for getting topology information
[2020-07-22 17:18:30,700] {logging_mixin.py:112} INFO - [2020-07-22 17:18:30,699] {spark_submit_hook.py:479} INFO - 20/07/22 17:18:30 INFO BlockManagerMasterEndpoint: BlockManagerMasterEndpoint up
[2020-07-22 17:18:30,710] {logging_mixin.py:112} INFO - [2020-07-22 17:18:30,709] {spark_submit_hook.py:479} INFO - 20/07/22 17:18:30 INFO SparkEnv: Registering BlockManagerMasterHeartbeat
[2020-07-22 17:18:30,822] {logging_mixin.py:112} INFO - [2020-07-22 17:18:30,822] {spark_submit_hook.py:479} INFO - 20/07/22 17:18:30 INFO DiskBlockManager: Created local directory at /tmp/blockmgr-848324a0-7bb5-4292-af37-cfb33f07b370
[2020-07-22 17:18:30,859] {logging_mixin.py:112} INFO - [2020-07-22 17:18:30,859] {spark_submit_hook.py:479} INFO - 20/07/22 17:18:30 INFO MemoryStore: MemoryStore started with capacity 366.3 MiB
[2020-07-22 17:18:30,892] {logging_mixin.py:112} INFO - [2020-07-22 17:18:30,891] {spark_submit_hook.py:479} INFO - 20/07/22 17:18:30 INFO SparkEnv: Registering OutputCommitCoordinator
[2020-07-22 17:18:31,261] {logging_mixin.py:112} INFO - [2020-07-22 17:18:31,261] {spark_submit_hook.py:479} INFO - 20/07/22 17:18:31 WARN Utils: Service 'SparkUI' could not bind on port 4040. Attempting port 4041.
[2020-07-22 17:18:31,262] {logging_mixin.py:112} INFO - [2020-07-22 17:18:31,261] {spark_submit_hook.py:479} INFO - 20/07/22 17:18:31 WARN Utils: Service 'SparkUI' could not bind on port 4041. Attempting port 4042.
[2020-07-22 17:18:31,262] {logging_mixin.py:112} INFO - [2020-07-22 17:18:31,262] {spark_submit_hook.py:479} INFO - 20/07/22 17:18:31 WARN Utils: Service 'SparkUI' could not bind on port 4042. Attempting port 4043.
[2020-07-22 17:18:31,264] {logging_mixin.py:112} INFO - [2020-07-22 17:18:31,264] {spark_submit_hook.py:479} INFO - 20/07/22 17:18:31 WARN Utils: Service 'SparkUI' could not bind on port 4043. Attempting port 4044.
[2020-07-22 17:18:31,288] {logging_mixin.py:112} INFO - [2020-07-22 17:18:31,288] {spark_submit_hook.py:479} INFO - 20/07/22 17:18:31 INFO Utils: Successfully started service 'SparkUI' on port 4044.
[2020-07-22 17:18:31,413] {logging_mixin.py:112} INFO - [2020-07-22 17:18:31,412] {spark_submit_hook.py:479} INFO - 20/07/22 17:18:31 INFO SparkUI: Bound SparkUI to 0.0.0.0, and started at http://192.168.43.94:4044
[2020-07-22 17:18:31,877] {logging_mixin.py:112} INFO - [2020-07-22 17:18:31,877] {spark_submit_hook.py:479} INFO - 20/07/22 17:18:31 INFO Executor: Starting executor ID driver on host 192.168.43.94
[2020-07-22 17:18:31,929] {logging_mixin.py:112} INFO - [2020-07-22 17:18:31,928] {spark_submit_hook.py:479} INFO - 20/07/22 17:18:31 INFO Utils: Successfully started service 'org.apache.spark.network.netty.NettyBlockTransferService' on port 42443.
[2020-07-22 17:18:31,930] {logging_mixin.py:112} INFO - [2020-07-22 17:18:31,930] {spark_submit_hook.py:479} INFO - 20/07/22 17:18:31 INFO NettyBlockTransferService: Server created on 192.168.43.94:42443
[2020-07-22 17:18:31,932] {logging_mixin.py:112} INFO - [2020-07-22 17:18:31,932] {spark_submit_hook.py:479} INFO - 20/07/22 17:18:31 INFO BlockManager: Using org.apache.spark.storage.RandomBlockReplicationPolicy for block replication policy
[2020-07-22 17:18:31,946] {logging_mixin.py:112} INFO - [2020-07-22 17:18:31,946] {spark_submit_hook.py:479} INFO - 20/07/22 17:18:31 INFO BlockManagerMaster: Registering BlockManager BlockManagerId(driver, 192.168.43.94, 42443, None)
[2020-07-22 17:18:31,962] {logging_mixin.py:112} INFO - [2020-07-22 17:18:31,962] {spark_submit_hook.py:479} INFO - 20/07/22 17:18:31 INFO BlockManagerMasterEndpoint: Registering block manager 192.168.43.94:42443 with 366.3 MiB RAM, BlockManagerId(driver, 192.168.43.94, 42443, None)
[2020-07-22 17:18:31,967] {logging_mixin.py:112} INFO - [2020-07-22 17:18:31,967] {spark_submit_hook.py:479} INFO - 20/07/22 17:18:31 INFO BlockManagerMaster: Registered BlockManager BlockManagerId(driver, 192.168.43.94, 42443, None)
[2020-07-22 17:18:31,970] {logging_mixin.py:112} INFO - [2020-07-22 17:18:31,969] {spark_submit_hook.py:479} INFO - 20/07/22 17:18:31 INFO BlockManager: Initialized BlockManager: BlockManagerId(driver, 192.168.43.94, 42443, None)
[2020-07-22 17:18:34,102] {logging_mixin.py:112} INFO - [2020-07-22 17:18:34,102] {spark_submit_hook.py:479} INFO - 20/07/22 17:18:34 INFO MemoryStore: Block broadcast_0 stored as values in memory (estimated size 241.5 KiB, free 366.1 MiB)
[2020-07-22 17:18:34,338] {logging_mixin.py:112} INFO - [2020-07-22 17:18:34,337] {spark_submit_hook.py:479} INFO - 20/07/22 17:18:34 INFO MemoryStore: Block broadcast_0_piece0 stored as bytes in memory (estimated size 23.4 KiB, free 366.0 MiB)
[2020-07-22 17:18:34,348] {logging_mixin.py:112} INFO - [2020-07-22 17:18:34,348] {spark_submit_hook.py:479} INFO - 20/07/22 17:18:34 INFO BlockManagerInfo: Added broadcast_0_piece0 in memory on 192.168.43.94:42443 (size: 23.4 KiB, free: 366.3 MiB)
[2020-07-22 17:18:34,379] {logging_mixin.py:112} INFO - [2020-07-22 17:18:34,374] {spark_submit_hook.py:479} INFO - 20/07/22 17:18:34 INFO SparkContext: Created broadcast 0 from textFile at NativeMethodAccessorImpl.java:0
[2020-07-22 17:18:34,950] {logging_mixin.py:112} INFO - [2020-07-22 17:18:34,950] {spark_submit_hook.py:479} INFO - 20/07/22 17:18:34 INFO FileInputFormat: Total input paths to process : 1
[2020-07-22 17:18:35,137] {logging_mixin.py:112} INFO - [2020-07-22 17:18:35,137] {spark_submit_hook.py:479} INFO - 20/07/22 17:18:35 INFO SparkContext: Starting job: collect at /home/bhakti/airflow/spark_jobs/spark_test.py:8
[2020-07-22 17:18:35,175] {logging_mixin.py:112} INFO - [2020-07-22 17:18:35,175] {spark_submit_hook.py:479} INFO - 20/07/22 17:18:35 INFO DAGScheduler: Got job 0 (collect at /home/bhakti/airflow/spark_jobs/spark_test.py:8) with 1 output partitions
[2020-07-22 17:18:35,176] {logging_mixin.py:112} INFO - [2020-07-22 17:18:35,175] {spark_submit_hook.py:479} INFO - 20/07/22 17:18:35 INFO DAGScheduler: Final stage: ResultStage 0 (collect at /home/bhakti/airflow/spark_jobs/spark_test.py:8)
[2020-07-22 17:18:35,176] {logging_mixin.py:112} INFO - [2020-07-22 17:18:35,176] {spark_submit_hook.py:479} INFO - 20/07/22 17:18:35 INFO DAGScheduler: Parents of final stage: List()
[2020-07-22 17:18:35,178] {logging_mixin.py:112} INFO - [2020-07-22 17:18:35,177] {spark_submit_hook.py:479} INFO - 20/07/22 17:18:35 INFO DAGScheduler: Missing parents: List()
[2020-07-22 17:18:35,191] {logging_mixin.py:112} INFO - [2020-07-22 17:18:35,190] {spark_submit_hook.py:479} INFO - 20/07/22 17:18:35 INFO DAGScheduler: Submitting ResultStage 0 (PythonRDD[2] at collect at /home/bhakti/airflow/spark_jobs/spark_test.py:8), which has no missing parents
[2020-07-22 17:18:35,236] {logging_mixin.py:112} INFO - [2020-07-22 17:18:35,235] {spark_submit_hook.py:479} INFO - 20/07/22 17:18:35 INFO MemoryStore: Block broadcast_1 stored as values in memory (estimated size 7.4 KiB, free 366.0 MiB)
[2020-07-22 17:18:35,261] {logging_mixin.py:112} INFO - [2020-07-22 17:18:35,260] {spark_submit_hook.py:479} INFO - 20/07/22 17:18:35 INFO MemoryStore: Block broadcast_1_piece0 stored as bytes in memory (estimated size 4.4 KiB, free 366.0 MiB)
[2020-07-22 17:18:35,268] {logging_mixin.py:112} INFO - [2020-07-22 17:18:35,267] {spark_submit_hook.py:479} INFO - 20/07/22 17:18:35 INFO BlockManagerInfo: Added broadcast_1_piece0 in memory on 192.168.43.94:42443 (size: 4.4 KiB, free: 366.3 MiB)
[2020-07-22 17:18:35,275] {logging_mixin.py:112} INFO - [2020-07-22 17:18:35,275] {spark_submit_hook.py:479} INFO - 20/07/22 17:18:35 INFO SparkContext: Created broadcast 1 from broadcast at DAGScheduler.scala:1200
[2020-07-22 17:18:35,336] {logging_mixin.py:112} INFO - [2020-07-22 17:18:35,336] {spark_submit_hook.py:479} INFO - 20/07/22 17:18:35 INFO DAGScheduler: Submitting 1 missing tasks from ResultStage 0 (PythonRDD[2] at collect at /home/bhakti/airflow/spark_jobs/spark_test.py:8) (first 15 tasks are for partitions Vector(0))
[2020-07-22 17:18:35,347] {logging_mixin.py:112} INFO - [2020-07-22 17:18:35,347] {spark_submit_hook.py:479} INFO - 20/07/22 17:18:35 INFO TaskSchedulerImpl: Adding task set 0.0 with 1 tasks
[2020-07-22 17:18:35,635] {logging_mixin.py:112} INFO - [2020-07-22 17:18:35,635] {spark_submit_hook.py:479} INFO - 20/07/22 17:18:35 INFO TaskSetManager: Starting task 0.0 in stage 0.0 (TID 0, 192.168.43.94, executor driver, partition 0, PROCESS_LOCAL, 7388 bytes)
[2020-07-22 17:18:35,672] {logging_mixin.py:112} INFO - [2020-07-22 17:18:35,672] {spark_submit_hook.py:479} INFO - 20/07/22 17:18:35 INFO Executor: Running task 0.0 in stage 0.0 (TID 0)
[2020-07-22 17:18:37,029] {logging_mixin.py:112} INFO - [2020-07-22 17:18:37,029] {spark_submit_hook.py:479} INFO - 20/07/22 17:18:37 INFO HadoopRDD: Input split: file:/home/bhakti/airflow/input_data/sample.csv:0+93
[2020-07-22 17:18:38,788] {logging_mixin.py:112} INFO - [2020-07-22 17:18:38,787] {spark_submit_hook.py:479} INFO - 20/07/22 17:18:38 INFO PythonRunner: Times: total = 1662, boot = 1638, init = 24, finish = 0
[2020-07-22 17:18:38,833] {logging_mixin.py:112} INFO - [2020-07-22 17:18:38,832] {spark_submit_hook.py:479} INFO - 20/07/22 17:18:38 INFO Executor: Finished task 0.0 in stage 0.0 (TID 0). 1779 bytes result sent to driver
[2020-07-22 17:18:38,849] {logging_mixin.py:112} INFO - [2020-07-22 17:18:38,849] {spark_submit_hook.py:479} INFO - 20/07/22 17:18:38 INFO TaskSetManager: Finished task 0.0 in stage 0.0 (TID 0) in 3264 ms on 192.168.43.94 (executor driver) (1/1)
[2020-07-22 17:18:38,854] {logging_mixin.py:112} INFO - [2020-07-22 17:18:38,853] {spark_submit_hook.py:479} INFO - 20/07/22 17:18:38 INFO TaskSchedulerImpl: Removed TaskSet 0.0, whose tasks have all completed, from pool
[2020-07-22 17:18:38,860] {logging_mixin.py:112} INFO - [2020-07-22 17:18:38,860] {spark_submit_hook.py:479} INFO - 20/07/22 17:18:38 INFO PythonAccumulatorV2: Connected to AccumulatorServer at host: 127.0.0.1 port: 47341
[2020-07-22 17:18:38,874] {logging_mixin.py:112} INFO - [2020-07-22 17:18:38,874] {spark_submit_hook.py:479} INFO - 20/07/22 17:18:38 INFO DAGScheduler: ResultStage 0 (collect at /home/bhakti/airflow/spark_jobs/spark_test.py:8) finished in 3.647 s
[2020-07-22 17:18:38,897] {logging_mixin.py:112} INFO - [2020-07-22 17:18:38,897] {spark_submit_hook.py:479} INFO - 20/07/22 17:18:38 INFO DAGScheduler: Job 0 is finished. Cancelling potential speculative or zombie tasks for this job
[2020-07-22 17:18:38,899] {logging_mixin.py:112} INFO - [2020-07-22 17:18:38,899] {spark_submit_hook.py:479} INFO - 20/07/22 17:18:38 INFO TaskSchedulerImpl: Killing all running tasks in stage 0: Stage finished
[2020-07-22 17:18:38,912] {logging_mixin.py:112} INFO - [2020-07-22 17:18:38,912] {spark_submit_hook.py:479} INFO - 20/07/22 17:18:38 INFO DAGScheduler: Job 0 finished: collect at /home/bhakti/airflow/spark_jobs/spark_test.py:8, took 3.766242 s
[2020-07-22 17:18:38,954] {logging_mixin.py:112} INFO - [2020-07-22 17:18:38,953] {spark_submit_hook.py:479} INFO - [('PERSON', 'JOINING_YEAR', 'COMPANY'), ('John', '2018', 'Google'), ('Sam', '2017', 'IBM'), ('Jeff', '2014', 'Yahoo'), ('Allen', '2015', 'Facebook')]
[2020-07-22 17:18:39,197] {logging_mixin.py:112} INFO - [2020-07-22 17:18:39,197] {spark_submit_hook.py:479} INFO - 20/07/22 17:18:39 INFO BlockManagerInfo: Removed broadcast_1_piece0 on 192.168.43.94:42443 in memory (size: 4.4 KiB, free: 366.3 MiB)
[2020-07-22 17:18:40,649] {logging_mixin.py:112} INFO - [2020-07-22 17:18:40,648] {spark_submit_hook.py:479} INFO - 20/07/22 17:18:40 INFO SharedState: Setting hive.metastore.warehouse.dir ('null') to the value of spark.sql.warehouse.dir ('file:/home/bhakti/airflow/spark-warehouse').
[2020-07-22 17:18:40,650] {logging_mixin.py:112} INFO - [2020-07-22 17:18:40,650] {spark_submit_hook.py:479} INFO - 20/07/22 17:18:40 INFO SharedState: Warehouse path is 'file:/home/bhakti/airflow/spark-warehouse'.
[2020-07-22 17:18:51,405] {logging_mixin.py:112} INFO - [2020-07-22 17:18:51,405] {spark_submit_hook.py:479} INFO - 20/07/22 17:18:51 INFO CodeGenerator: Code generated in 419.507641 ms
[2020-07-22 17:18:51,518] {logging_mixin.py:112} INFO - [2020-07-22 17:18:51,517] {spark_submit_hook.py:479} INFO - 20/07/22 17:18:51 INFO SparkContext: Starting job: showString at NativeMethodAccessorImpl.java:0
[2020-07-22 17:18:51,521] {logging_mixin.py:112} INFO - [2020-07-22 17:18:51,520] {spark_submit_hook.py:479} INFO - 20/07/22 17:18:51 INFO DAGScheduler: Got job 1 (showString at NativeMethodAccessorImpl.java:0) with 1 output partitions
[2020-07-22 17:18:51,521] {logging_mixin.py:112} INFO - [2020-07-22 17:18:51,521] {spark_submit_hook.py:479} INFO - 20/07/22 17:18:51 INFO DAGScheduler: Final stage: ResultStage 1 (showString at NativeMethodAccessorImpl.java:0)
[2020-07-22 17:18:51,521] {logging_mixin.py:112} INFO - [2020-07-22 17:18:51,521] {spark_submit_hook.py:479} INFO - 20/07/22 17:18:51 INFO DAGScheduler: Parents of final stage: List()
[2020-07-22 17:18:51,522] {logging_mixin.py:112} INFO - [2020-07-22 17:18:51,522] {spark_submit_hook.py:479} INFO - 20/07/22 17:18:51 INFO DAGScheduler: Missing parents: List()
[2020-07-22 17:18:51,527] {logging_mixin.py:112} INFO - [2020-07-22 17:18:51,527] {spark_submit_hook.py:479} INFO - 20/07/22 17:18:51 INFO DAGScheduler: Submitting ResultStage 1 (MapPartitionsRDD[9] at showString at NativeMethodAccessorImpl.java:0), which has no missing parents
[2020-07-22 17:18:51,624] {logging_mixin.py:112} INFO - [2020-07-22 17:18:51,623] {spark_submit_hook.py:479} INFO - 20/07/22 17:18:51 INFO MemoryStore: Block broadcast_2 stored as values in memory (estimated size 11.2 KiB, free 366.0 MiB)
[2020-07-22 17:18:51,634] {logging_mixin.py:112} INFO - [2020-07-22 17:18:51,633] {spark_submit_hook.py:479} INFO - 20/07/22 17:18:51 INFO MemoryStore: Block broadcast_2_piece0 stored as bytes in memory (estimated size 5.8 KiB, free 366.0 MiB)
[2020-07-22 17:18:51,634] {logging_mixin.py:112} INFO - [2020-07-22 17:18:51,634] {spark_submit_hook.py:479} INFO - 20/07/22 17:18:51 INFO BlockManagerInfo: Added broadcast_2_piece0 in memory on 192.168.43.94:42443 (size: 5.8 KiB, free: 366.3 MiB)
[2020-07-22 17:18:51,637] {logging_mixin.py:112} INFO - [2020-07-22 17:18:51,637] {spark_submit_hook.py:479} INFO - 20/07/22 17:18:51 INFO SparkContext: Created broadcast 2 from broadcast at DAGScheduler.scala:1200
[2020-07-22 17:18:51,640] {logging_mixin.py:112} INFO - [2020-07-22 17:18:51,639] {spark_submit_hook.py:479} INFO - 20/07/22 17:18:51 INFO DAGScheduler: Submitting 1 missing tasks from ResultStage 1 (MapPartitionsRDD[9] at showString at NativeMethodAccessorImpl.java:0) (first 15 tasks are for partitions Vector(0))
[2020-07-22 17:18:51,640] {logging_mixin.py:112} INFO - [2020-07-22 17:18:51,640] {spark_submit_hook.py:479} INFO - 20/07/22 17:18:51 INFO TaskSchedulerImpl: Adding task set 1.0 with 1 tasks
[2020-07-22 17:18:51,684] {logging_mixin.py:112} INFO - [2020-07-22 17:18:51,683] {spark_submit_hook.py:479} INFO - 20/07/22 17:18:51 INFO TaskSetManager: Starting task 0.0 in stage 1.0 (TID 1, 192.168.43.94, executor driver, partition 0, PROCESS_LOCAL, 7493 bytes)
[2020-07-22 17:18:51,687] {logging_mixin.py:112} INFO - [2020-07-22 17:18:51,687] {spark_submit_hook.py:479} INFO - 20/07/22 17:18:51 INFO Executor: Running task 0.0 in stage 1.0 (TID 1)
[2020-07-22 17:18:52,039] {logging_mixin.py:112} INFO - [2020-07-22 17:18:52,039] {spark_submit_hook.py:479} INFO - 20/07/22 17:18:52 INFO PythonRunner: Times: total = 17, boot = -13154, init = 13171, finish = 0
[2020-07-22 17:18:52,063] {logging_mixin.py:112} INFO - [2020-07-22 17:18:52,062] {spark_submit_hook.py:479} INFO - 20/07/22 17:18:52 INFO Executor: Finished task 0.0 in stage 1.0 (TID 1). 2235 bytes result sent to driver
[2020-07-22 17:18:52,090] {logging_mixin.py:112} INFO - [2020-07-22 17:18:52,090] {spark_submit_hook.py:479} INFO - 20/07/22 17:18:52 INFO TaskSetManager: Finished task 0.0 in stage 1.0 (TID 1) in 445 ms on 192.168.43.94 (executor driver) (1/1)
[2020-07-22 17:18:52,095] {logging_mixin.py:112} INFO - [2020-07-22 17:18:52,095] {spark_submit_hook.py:479} INFO - 20/07/22 17:18:52 INFO DAGScheduler: ResultStage 1 (showString at NativeMethodAccessorImpl.java:0) finished in 0.561 s
[2020-07-22 17:18:52,100] {logging_mixin.py:112} INFO - [2020-07-22 17:18:52,100] {spark_submit_hook.py:479} INFO - 20/07/22 17:18:52 INFO DAGScheduler: Job 1 is finished. Cancelling potential speculative or zombie tasks for this job
[2020-07-22 17:18:52,111] {logging_mixin.py:112} INFO - [2020-07-22 17:18:52,110] {spark_submit_hook.py:479} INFO - 20/07/22 17:18:52 INFO TaskSchedulerImpl: Removed TaskSet 1.0, whose tasks have all completed, from pool
[2020-07-22 17:18:52,118] {logging_mixin.py:112} INFO - [2020-07-22 17:18:52,117] {spark_submit_hook.py:479} INFO - 20/07/22 17:18:52 INFO TaskSchedulerImpl: Killing all running tasks in stage 1: Stage finished
[2020-07-22 17:18:52,119] {logging_mixin.py:112} INFO - [2020-07-22 17:18:52,119] {spark_submit_hook.py:479} INFO - 20/07/22 17:18:52 INFO DAGScheduler: Job 1 finished: showString at NativeMethodAccessorImpl.java:0, took 0.599674 s
[2020-07-22 17:18:52,322] {logging_mixin.py:112} INFO - [2020-07-22 17:18:52,322] {spark_submit_hook.py:479} INFO - 20/07/22 17:18:52 INFO CodeGenerator: Code generated in 118.0631 ms
[2020-07-22 17:18:52,357] {logging_mixin.py:112} INFO - [2020-07-22 17:18:52,357] {spark_submit_hook.py:479} INFO - +------+------------+--------+
[2020-07-22 17:18:52,357] {logging_mixin.py:112} INFO - [2020-07-22 17:18:52,357] {spark_submit_hook.py:479} INFO - |    _1|          _2|      _3|
[2020-07-22 17:18:52,358] {logging_mixin.py:112} INFO - [2020-07-22 17:18:52,357] {spark_submit_hook.py:479} INFO - +------+------------+--------+
[2020-07-22 17:18:52,358] {logging_mixin.py:112} INFO - [2020-07-22 17:18:52,358] {spark_submit_hook.py:479} INFO - |PERSON|JOINING_YEAR| COMPANY|
[2020-07-22 17:18:52,358] {logging_mixin.py:112} INFO - [2020-07-22 17:18:52,358] {spark_submit_hook.py:479} INFO - |  John|        2018|  Google|
[2020-07-22 17:18:52,358] {logging_mixin.py:112} INFO - [2020-07-22 17:18:52,358] {spark_submit_hook.py:479} INFO - |   Sam|        2017|     IBM|
[2020-07-22 17:18:52,359] {logging_mixin.py:112} INFO - [2020-07-22 17:18:52,359] {spark_submit_hook.py:479} INFO - |  Jeff|        2014|   Yahoo|
[2020-07-22 17:18:52,359] {logging_mixin.py:112} INFO - [2020-07-22 17:18:52,359] {spark_submit_hook.py:479} INFO - | Allen|        2015|Facebook|
[2020-07-22 17:18:52,359] {logging_mixin.py:112} INFO - [2020-07-22 17:18:52,359] {spark_submit_hook.py:479} INFO - +------+------------+--------+
[2020-07-22 17:18:52,360] {logging_mixin.py:112} INFO - [2020-07-22 17:18:52,359] {spark_submit_hook.py:479} INFO - 
[2020-07-22 17:18:52,461] {logging_mixin.py:112} INFO - [2020-07-22 17:18:52,461] {spark_submit_hook.py:479} INFO - 20/07/22 17:18:52 INFO SparkContext: Invoking stop() from shutdown hook
[2020-07-22 17:18:52,472] {logging_mixin.py:112} INFO - [2020-07-22 17:18:52,472] {spark_submit_hook.py:479} INFO - 20/07/22 17:18:52 INFO SparkUI: Stopped Spark web UI at http://192.168.43.94:4044
[2020-07-22 17:18:52,493] {logging_mixin.py:112} INFO - [2020-07-22 17:18:52,493] {spark_submit_hook.py:479} INFO - 20/07/22 17:18:52 INFO MapOutputTrackerMasterEndpoint: MapOutputTrackerMasterEndpoint stopped!
[2020-07-22 17:18:52,556] {logging_mixin.py:112} INFO - [2020-07-22 17:18:52,555] {spark_submit_hook.py:479} INFO - 20/07/22 17:18:52 INFO MemoryStore: MemoryStore cleared
[2020-07-22 17:18:52,557] {logging_mixin.py:112} INFO - [2020-07-22 17:18:52,557] {spark_submit_hook.py:479} INFO - 20/07/22 17:18:52 INFO BlockManager: BlockManager stopped
[2020-07-22 17:18:52,562] {logging_mixin.py:112} INFO - [2020-07-22 17:18:52,561] {spark_submit_hook.py:479} INFO - 20/07/22 17:18:52 INFO BlockManagerMaster: BlockManagerMaster stopped
[2020-07-22 17:18:52,571] {logging_mixin.py:112} INFO - [2020-07-22 17:18:52,571] {spark_submit_hook.py:479} INFO - 20/07/22 17:18:52 INFO OutputCommitCoordinator$OutputCommitCoordinatorEndpoint: OutputCommitCoordinator stopped!
[2020-07-22 17:18:52,581] {logging_mixin.py:112} INFO - [2020-07-22 17:18:52,581] {spark_submit_hook.py:479} INFO - 20/07/22 17:18:52 INFO SparkContext: Successfully stopped SparkContext
[2020-07-22 17:18:52,582] {logging_mixin.py:112} INFO - [2020-07-22 17:18:52,582] {spark_submit_hook.py:479} INFO - 20/07/22 17:18:52 INFO ShutdownHookManager: Shutdown hook called
[2020-07-22 17:18:52,583] {logging_mixin.py:112} INFO - [2020-07-22 17:18:52,583] {spark_submit_hook.py:479} INFO - 20/07/22 17:18:52 INFO ShutdownHookManager: Deleting directory /tmp/spark-b10bfea1-2f42-4f75-925b-5e48630ef961/pyspark-55474c82-f0b5-44f2-ba8f-1fd3626a1e6c
[2020-07-22 17:18:52,596] {logging_mixin.py:112} INFO - [2020-07-22 17:18:52,595] {spark_submit_hook.py:479} INFO - 20/07/22 17:18:52 INFO ShutdownHookManager: Deleting directory /tmp/spark-b10bfea1-2f42-4f75-925b-5e48630ef961
[2020-07-22 17:18:52,601] {logging_mixin.py:112} INFO - [2020-07-22 17:18:52,601] {spark_submit_hook.py:479} INFO - 20/07/22 17:18:52 INFO ShutdownHookManager: Deleting directory /tmp/spark-7a024bb2-9402-4cd2-8d56-8bfb5fbb641f
[2020-07-22 17:18:52,681] {taskinstance.py:1052} INFO - Marking task as SUCCESS.dag_id=submit_data, task_id=spark_submit, execution_date=20200720T072900, start_date=20200722T114820, end_date=20200722T114852
[2020-07-22 17:18:57,419] {logging_mixin.py:112} INFO - [2020-07-22 17:18:57,419] {local_task_job.py:103} INFO - Task exited with return code 0
