[2020-07-16 14:45:14,982] {taskinstance.py:669} INFO - Dependencies all met for <TaskInstance: storing_data.db1_to_csv 2020-07-16T09:14:21.975955+00:00 [queued]>
[2020-07-16 14:45:14,991] {taskinstance.py:669} INFO - Dependencies all met for <TaskInstance: storing_data.db1_to_csv 2020-07-16T09:14:21.975955+00:00 [queued]>
[2020-07-16 14:45:14,991] {taskinstance.py:879} INFO - 
--------------------------------------------------------------------------------
[2020-07-16 14:45:14,991] {taskinstance.py:880} INFO - Starting attempt 1 of 2
[2020-07-16 14:45:14,992] {taskinstance.py:881} INFO - 
--------------------------------------------------------------------------------
[2020-07-16 14:45:16,311] {taskinstance.py:900} INFO - Executing <Task(BashOperator): db1_to_csv> on 2020-07-16T09:14:21.975955+00:00
[2020-07-16 14:45:16,316] {standard_task_runner.py:53} INFO - Started process 518570 to run task
[2020-07-16 14:45:18,346] {logging_mixin.py:112} INFO - Running %s on host %s <TaskInstance: storing_data.db1_to_csv 2020-07-16T09:14:21.975955+00:00 [running]> bhakti-Vostro-3558
[2020-07-16 14:45:18,366] {bash_operator.py:82} INFO - Tmp dir root location: 
 /tmp
[2020-07-16 14:45:18,368] {bash_operator.py:103} INFO - Temporary script location: /tmp/airflowtmpms245582/db1_to_csvo2vgikul
[2020-07-16 14:45:18,368] {bash_operator.py:115} INFO - Running command: #!/bin/bash -x
user=root
password=root
dbname=airflow_db1
host=mysql
port=3306
docker exec -u root -it mysqlCon \
mysql -D$dbname -h$host -p$port -u$user -p$password -e'select * from employees;'
[2020-07-16 14:45:18,384] {bash_operator.py:122} INFO - Output:
[2020-07-16 14:45:22,782] {bash_operator.py:126} INFO - mysql: [Warning] Using a password on the command line interface can be insecure.
[2020-07-16 14:45:22,926] {bash_operator.py:126} INFO - +--------+--------------+----------+
[2020-07-16 14:45:22,927] {bash_operator.py:126} INFO - | PERSON | JOINING_YEAR | COMPANY  |
[2020-07-16 14:45:22,927] {bash_operator.py:126} INFO - +--------+--------------+----------+
[2020-07-16 14:45:22,927] {bash_operator.py:126} INFO - | John   |         2018 | Google   |
[2020-07-16 14:45:22,928] {bash_operator.py:126} INFO - | Sam    |         2017 | IBM      |
[2020-07-16 14:45:22,929] {bash_operator.py:126} INFO - | Jeff   |         2014 | Yahoo    |
[2020-07-16 14:45:22,929] {bash_operator.py:126} INFO - | Allen  |         2015 | Facebook |
[2020-07-16 14:45:22,929] {bash_operator.py:126} INFO - | John   |         2018 | Google   |
[2020-07-16 14:45:22,929] {bash_operator.py:126} INFO - | Sam    |         2017 | IBM      |
[2020-07-16 14:45:22,929] {bash_operator.py:126} INFO - | Jeff   |         2014 | Yahoo    |
[2020-07-16 14:45:22,929] {bash_operator.py:126} INFO - | Allen  |         2015 | Facebook |
[2020-07-16 14:45:22,929] {bash_operator.py:126} INFO - | John   |         2018 | Google   |
[2020-07-16 14:45:22,929] {bash_operator.py:126} INFO - | Sam    |         2017 | IBM      |
[2020-07-16 14:45:22,929] {bash_operator.py:126} INFO - | Jeff   |         2014 | Yahoo    |
[2020-07-16 14:45:22,930] {bash_operator.py:126} INFO - | Allen  |         2015 | Facebook |
[2020-07-16 14:45:22,930] {bash_operator.py:126} INFO - | John   |         2018 | Google   |
[2020-07-16 14:45:22,930] {bash_operator.py:126} INFO - | Sam    |         2017 | IBM      |
[2020-07-16 14:45:22,930] {bash_operator.py:126} INFO - | Jeff   |         2014 | Yahoo    |
[2020-07-16 14:45:22,930] {bash_operator.py:126} INFO - | Allen  |         2015 | Facebook |
[2020-07-16 14:45:22,930] {bash_operator.py:126} INFO - | John   |         2018 | Google   |
[2020-07-16 14:45:22,930] {bash_operator.py:126} INFO - | Sam    |         2017 | IBM      |
[2020-07-16 14:45:22,930] {bash_operator.py:126} INFO - | Jeff   |         2014 | Yahoo    |
[2020-07-16 14:45:22,930] {bash_operator.py:126} INFO - | Allen  |         2015 | Facebook |
[2020-07-16 14:45:22,930] {bash_operator.py:126} INFO - | John   |         2018 | Google   |
[2020-07-16 14:45:22,930] {bash_operator.py:126} INFO - | Sam    |         2017 | IBM      |
[2020-07-16 14:45:22,931] {bash_operator.py:126} INFO - | Jeff   |         2014 | Yahoo    |
[2020-07-16 14:45:22,931] {bash_operator.py:126} INFO - | Allen  |         2015 | Facebook |
[2020-07-16 14:45:22,931] {bash_operator.py:126} INFO - | John   |         2018 | Google   |
[2020-07-16 14:45:22,931] {bash_operator.py:126} INFO - | Sam    |         2017 | IBM      |
[2020-07-16 14:45:22,931] {bash_operator.py:126} INFO - | Jeff   |         2014 | Yahoo    |
[2020-07-16 14:45:22,931] {bash_operator.py:126} INFO - | Allen  |         2015 | Facebook |
[2020-07-16 14:45:22,931] {bash_operator.py:126} INFO - | John   |         2018 | Google   |
[2020-07-16 14:45:22,931] {bash_operator.py:126} INFO - | Sam    |         2017 | IBM      |
[2020-07-16 14:45:22,931] {bash_operator.py:126} INFO - | Jeff   |         2014 | Yahoo    |
[2020-07-16 14:45:22,931] {bash_operator.py:126} INFO - | Allen  |         2015 | Facebook |
[2020-07-16 14:45:22,931] {bash_operator.py:126} INFO - +--------+--------------+----------+
[2020-07-16 14:45:23,142] {bash_operator.py:128} INFO - Command exited with return code 0
[2020-07-16 14:45:23,156] {taskinstance.py:1052} INFO - Marking task as SUCCESS.dag_id=storing_data, task_id=db1_to_csv, execution_date=20200716T091421, start_date=20200716T091514, end_date=20200716T091523
[2020-07-16 14:45:29,073] {logging_mixin.py:112} INFO - [2020-07-16 14:45:29,072] {local_task_job.py:103} INFO - Task exited with return code 0
