[2020-07-22 13:26:19,190] {taskinstance.py:669} INFO - Dependencies all met for <TaskInstance: submit_data.spark_submit 2020-07-20T01:05:00+00:00 [queued]>
[2020-07-22 13:26:19,214] {taskinstance.py:669} INFO - Dependencies all met for <TaskInstance: submit_data.spark_submit 2020-07-20T01:05:00+00:00 [queued]>
[2020-07-22 13:26:19,215] {taskinstance.py:879} INFO - 
--------------------------------------------------------------------------------
[2020-07-22 13:26:19,215] {taskinstance.py:880} INFO - Starting attempt 1 of 1
[2020-07-22 13:26:19,215] {taskinstance.py:881} INFO - 
--------------------------------------------------------------------------------
[2020-07-22 13:26:19,433] {taskinstance.py:900} INFO - Executing <Task(SparkSubmitOperator): spark_submit> on 2020-07-20T01:05:00+00:00
[2020-07-22 13:26:19,438] {standard_task_runner.py:53} INFO - Started process 340605 to run task
[2020-07-22 13:26:19,744] {logging_mixin.py:112} INFO - Running %s on host %s <TaskInstance: submit_data.spark_submit 2020-07-20T01:05:00+00:00 [running]> bhakti-Vostro-3558
[2020-07-22 13:26:19,784] {logging_mixin.py:112} INFO - [2020-07-22 13:26:19,784] {base_hook.py:87} INFO - Using connection to: id: spark_local. Host: localhost, Port: 4040, Schema: None, Login: None, Password: None, extra: None
[2020-07-22 13:26:19,786] {logging_mixin.py:112} INFO - [2020-07-22 13:26:19,786] {spark_submit_hook.py:325} INFO - Spark-Submit cmd: spark-submit --master localhost:4040 --name airflow-spark /home/bhakti/airflow/spark_jobs/python/spark_test.py
[2020-07-22 13:26:22,405] {logging_mixin.py:112} INFO - [2020-07-22 13:26:22,404] {spark_submit_hook.py:479} INFO - 20/07/22 13:26:22 WARN Utils: Your hostname, bhakti-Vostro-3558 resolves to a loopback address: 127.0.1.1; using 192.168.43.94 instead (on interface wlp6s0)
[2020-07-22 13:26:22,405] {logging_mixin.py:112} INFO - [2020-07-22 13:26:22,405] {spark_submit_hook.py:479} INFO - 20/07/22 13:26:22 WARN Utils: Set SPARK_LOCAL_IP if you need to bind to another address
[2020-07-22 13:26:24,168] {logging_mixin.py:112} INFO - [2020-07-22 13:26:24,167] {spark_submit_hook.py:479} INFO - 20/07/22 13:26:24 WARN NativeCodeLoader: Unable to load native-hadoop library for your platform... using builtin-java classes where applicable
[2020-07-22 13:26:25,780] {logging_mixin.py:112} INFO - [2020-07-22 13:26:25,779] {spark_submit_hook.py:479} INFO - Spark_Test_Python
[2020-07-22 13:26:25,780] {logging_mixin.py:112} INFO - [2020-07-22 13:26:25,780] {spark_submit_hook.py:479} INFO - Number of arguments: 0 arguments.
[2020-07-22 13:26:25,780] {logging_mixin.py:112} INFO - [2020-07-22 13:26:25,780] {spark_submit_hook.py:479} INFO - Argument List: []
[2020-07-22 13:26:25,907] {logging_mixin.py:112} INFO - [2020-07-22 13:26:25,907] {spark_submit_hook.py:479} INFO - Using Spark's default log4j profile: org/apache/spark/log4j-defaults.properties
[2020-07-22 13:26:25,926] {logging_mixin.py:112} INFO - [2020-07-22 13:26:25,926] {spark_submit_hook.py:479} INFO - 20/07/22 13:26:25 INFO SparkContext: Running Spark version 3.0.0
[2020-07-22 13:26:26,009] {logging_mixin.py:112} INFO - [2020-07-22 13:26:26,009] {spark_submit_hook.py:479} INFO - 20/07/22 13:26:26 INFO ResourceUtils: ==============================================================
[2020-07-22 13:26:26,012] {logging_mixin.py:112} INFO - [2020-07-22 13:26:26,011] {spark_submit_hook.py:479} INFO - 20/07/22 13:26:26 INFO ResourceUtils: Resources for spark.driver:
[2020-07-22 13:26:26,012] {logging_mixin.py:112} INFO - [2020-07-22 13:26:26,012] {spark_submit_hook.py:479} INFO - 
[2020-07-22 13:26:26,012] {logging_mixin.py:112} INFO - [2020-07-22 13:26:26,012] {spark_submit_hook.py:479} INFO - 20/07/22 13:26:26 INFO ResourceUtils: ==============================================================
[2020-07-22 13:26:26,013] {logging_mixin.py:112} INFO - [2020-07-22 13:26:26,013] {spark_submit_hook.py:479} INFO - 20/07/22 13:26:26 INFO SparkContext: Submitted application: Spark_Test_Python
[2020-07-22 13:26:26,126] {logging_mixin.py:112} INFO - [2020-07-22 13:26:26,126] {spark_submit_hook.py:479} INFO - 20/07/22 13:26:26 INFO SecurityManager: Changing view acls to: bhakti
[2020-07-22 13:26:26,126] {logging_mixin.py:112} INFO - [2020-07-22 13:26:26,126] {spark_submit_hook.py:479} INFO - 20/07/22 13:26:26 INFO SecurityManager: Changing modify acls to: bhakti
[2020-07-22 13:26:26,127] {logging_mixin.py:112} INFO - [2020-07-22 13:26:26,127] {spark_submit_hook.py:479} INFO - 20/07/22 13:26:26 INFO SecurityManager: Changing view acls groups to:
[2020-07-22 13:26:26,127] {logging_mixin.py:112} INFO - [2020-07-22 13:26:26,127] {spark_submit_hook.py:479} INFO - 20/07/22 13:26:26 INFO SecurityManager: Changing modify acls groups to:
[2020-07-22 13:26:26,128] {logging_mixin.py:112} INFO - [2020-07-22 13:26:26,127] {spark_submit_hook.py:479} INFO - 20/07/22 13:26:26 INFO SecurityManager: SecurityManager: authentication disabled; ui acls disabled; users  with view permissions: Set(bhakti); groups with view permissions: Set(); users  with modify permissions: Set(bhakti); groups with modify permissions: Set()
[2020-07-22 13:26:26,578] {logging_mixin.py:112} INFO - [2020-07-22 13:26:26,577] {spark_submit_hook.py:479} INFO - 20/07/22 13:26:26 INFO Utils: Successfully started service 'sparkDriver' on port 44297.
[2020-07-22 13:26:26,624] {logging_mixin.py:112} INFO - [2020-07-22 13:26:26,624] {spark_submit_hook.py:479} INFO - 20/07/22 13:26:26 INFO SparkEnv: Registering MapOutputTracker
[2020-07-22 13:26:26,692] {logging_mixin.py:112} INFO - [2020-07-22 13:26:26,692] {spark_submit_hook.py:479} INFO - 20/07/22 13:26:26 INFO SparkEnv: Registering BlockManagerMaster
[2020-07-22 13:26:26,739] {logging_mixin.py:112} INFO - [2020-07-22 13:26:26,739] {spark_submit_hook.py:479} INFO - 20/07/22 13:26:26 INFO BlockManagerMasterEndpoint: Using org.apache.spark.storage.DefaultTopologyMapper for getting topology information
[2020-07-22 13:26:26,741] {logging_mixin.py:112} INFO - [2020-07-22 13:26:26,741] {spark_submit_hook.py:479} INFO - 20/07/22 13:26:26 INFO BlockManagerMasterEndpoint: BlockManagerMasterEndpoint up
[2020-07-22 13:26:26,751] {logging_mixin.py:112} INFO - [2020-07-22 13:26:26,751] {spark_submit_hook.py:479} INFO - 20/07/22 13:26:26 INFO SparkEnv: Registering BlockManagerMasterHeartbeat
[2020-07-22 13:26:26,776] {logging_mixin.py:112} INFO - [2020-07-22 13:26:26,776] {spark_submit_hook.py:479} INFO - 20/07/22 13:26:26 INFO DiskBlockManager: Created local directory at /tmp/blockmgr-d108f530-32c2-4687-9846-a6b4aa1213e3
[2020-07-22 13:26:26,812] {logging_mixin.py:112} INFO - [2020-07-22 13:26:26,811] {spark_submit_hook.py:479} INFO - 20/07/22 13:26:26 INFO MemoryStore: MemoryStore started with capacity 366.3 MiB
[2020-07-22 13:26:26,842] {logging_mixin.py:112} INFO - [2020-07-22 13:26:26,841] {spark_submit_hook.py:479} INFO - 20/07/22 13:26:26 INFO SparkEnv: Registering OutputCommitCoordinator
[2020-07-22 13:26:27,338] {logging_mixin.py:112} INFO - [2020-07-22 13:26:27,338] {spark_submit_hook.py:479} INFO - 20/07/22 13:26:27 WARN Utils: Service 'SparkUI' could not bind on port 4040. Attempting port 4041.
[2020-07-22 13:26:27,339] {logging_mixin.py:112} INFO - [2020-07-22 13:26:27,338] {spark_submit_hook.py:479} INFO - 20/07/22 13:26:27 WARN Utils: Service 'SparkUI' could not bind on port 4041. Attempting port 4042.
[2020-07-22 13:26:27,339] {logging_mixin.py:112} INFO - [2020-07-22 13:26:27,339] {spark_submit_hook.py:479} INFO - 20/07/22 13:26:27 WARN Utils: Service 'SparkUI' could not bind on port 4042. Attempting port 4043.
[2020-07-22 13:26:27,340] {logging_mixin.py:112} INFO - [2020-07-22 13:26:27,340] {spark_submit_hook.py:479} INFO - 20/07/22 13:26:27 WARN Utils: Service 'SparkUI' could not bind on port 4043. Attempting port 4044.
[2020-07-22 13:26:27,340] {logging_mixin.py:112} INFO - [2020-07-22 13:26:27,340] {spark_submit_hook.py:479} INFO - 20/07/22 13:26:27 WARN Utils: Service 'SparkUI' could not bind on port 4044. Attempting port 4045.
[2020-07-22 13:26:27,354] {logging_mixin.py:112} INFO - [2020-07-22 13:26:27,354] {spark_submit_hook.py:479} INFO - 20/07/22 13:26:27 INFO Utils: Successfully started service 'SparkUI' on port 4045.
[2020-07-22 13:26:27,448] {logging_mixin.py:112} INFO - [2020-07-22 13:26:27,448] {spark_submit_hook.py:479} INFO - 20/07/22 13:26:27 INFO SparkUI: Bound SparkUI to 0.0.0.0, and started at http://192.168.43.94:4045
[2020-07-22 13:26:27,610] {logging_mixin.py:112} INFO - [2020-07-22 13:26:27,609] {spark_submit_hook.py:479} INFO - 20/07/22 13:26:27 ERROR SparkContext: Error initializing SparkContext.
[2020-07-22 13:26:27,610] {logging_mixin.py:112} INFO - [2020-07-22 13:26:27,610] {spark_submit_hook.py:479} INFO - org.apache.spark.SparkException: Could not parse Master URL: 'localhost:4040'
[2020-07-22 13:26:27,610] {logging_mixin.py:112} INFO - [2020-07-22 13:26:27,610] {spark_submit_hook.py:479} INFO - at org.apache.spark.SparkContext$.org$apache$spark$SparkContext$$createTaskScheduler(SparkContext.scala:2924)
[2020-07-22 13:26:27,611] {logging_mixin.py:112} INFO - [2020-07-22 13:26:27,610] {spark_submit_hook.py:479} INFO - at org.apache.spark.SparkContext.<init>(SparkContext.scala:528)
[2020-07-22 13:26:27,611] {logging_mixin.py:112} INFO - [2020-07-22 13:26:27,611] {spark_submit_hook.py:479} INFO - at org.apache.spark.api.java.JavaSparkContext.<init>(JavaSparkContext.scala:58)
[2020-07-22 13:26:27,611] {logging_mixin.py:112} INFO - [2020-07-22 13:26:27,611] {spark_submit_hook.py:479} INFO - at sun.reflect.NativeConstructorAccessorImpl.newInstance0(Native Method)
[2020-07-22 13:26:27,611] {logging_mixin.py:112} INFO - [2020-07-22 13:26:27,611] {spark_submit_hook.py:479} INFO - at sun.reflect.NativeConstructorAccessorImpl.newInstance(NativeConstructorAccessorImpl.java:62)
[2020-07-22 13:26:27,612] {logging_mixin.py:112} INFO - [2020-07-22 13:26:27,611] {spark_submit_hook.py:479} INFO - at sun.reflect.DelegatingConstructorAccessorImpl.newInstance(DelegatingConstructorAccessorImpl.java:45)
[2020-07-22 13:26:27,612] {logging_mixin.py:112} INFO - [2020-07-22 13:26:27,612] {spark_submit_hook.py:479} INFO - at java.lang.reflect.Constructor.newInstance(Constructor.java:423)
[2020-07-22 13:26:27,612] {logging_mixin.py:112} INFO - [2020-07-22 13:26:27,612] {spark_submit_hook.py:479} INFO - at py4j.reflection.MethodInvoker.invoke(MethodInvoker.java:247)
[2020-07-22 13:26:27,612] {logging_mixin.py:112} INFO - [2020-07-22 13:26:27,612] {spark_submit_hook.py:479} INFO - at py4j.reflection.ReflectionEngine.invoke(ReflectionEngine.java:357)
[2020-07-22 13:26:27,613] {logging_mixin.py:112} INFO - [2020-07-22 13:26:27,613] {spark_submit_hook.py:479} INFO - at py4j.Gateway.invoke(Gateway.java:238)
[2020-07-22 13:26:27,613] {logging_mixin.py:112} INFO - [2020-07-22 13:26:27,613] {spark_submit_hook.py:479} INFO - at py4j.commands.ConstructorCommand.invokeConstructor(ConstructorCommand.java:80)
[2020-07-22 13:26:27,613] {logging_mixin.py:112} INFO - [2020-07-22 13:26:27,613] {spark_submit_hook.py:479} INFO - at py4j.commands.ConstructorCommand.execute(ConstructorCommand.java:69)
[2020-07-22 13:26:27,614] {logging_mixin.py:112} INFO - [2020-07-22 13:26:27,613] {spark_submit_hook.py:479} INFO - at py4j.GatewayConnection.run(GatewayConnection.java:238)
[2020-07-22 13:26:27,614] {logging_mixin.py:112} INFO - [2020-07-22 13:26:27,614] {spark_submit_hook.py:479} INFO - at java.lang.Thread.run(Thread.java:748)
[2020-07-22 13:26:27,625] {logging_mixin.py:112} INFO - [2020-07-22 13:26:27,625] {spark_submit_hook.py:479} INFO - 20/07/22 13:26:27 INFO SparkUI: Stopped Spark web UI at http://192.168.43.94:4045
[2020-07-22 13:26:27,650] {logging_mixin.py:112} INFO - [2020-07-22 13:26:27,649] {spark_submit_hook.py:479} INFO - 20/07/22 13:26:27 INFO MapOutputTrackerMasterEndpoint: MapOutputTrackerMasterEndpoint stopped!
[2020-07-22 13:26:27,663] {logging_mixin.py:112} INFO - [2020-07-22 13:26:27,662] {spark_submit_hook.py:479} INFO - 20/07/22 13:26:27 INFO MemoryStore: MemoryStore cleared
[2020-07-22 13:26:27,663] {logging_mixin.py:112} INFO - [2020-07-22 13:26:27,663] {spark_submit_hook.py:479} INFO - 20/07/22 13:26:27 INFO BlockManager: BlockManager stopped
[2020-07-22 13:26:27,685] {logging_mixin.py:112} INFO - [2020-07-22 13:26:27,684] {spark_submit_hook.py:479} INFO - 20/07/22 13:26:27 INFO BlockManagerMaster: BlockManagerMaster stopped
[2020-07-22 13:26:27,686] {logging_mixin.py:112} INFO - [2020-07-22 13:26:27,685] {spark_submit_hook.py:479} INFO - 20/07/22 13:26:27 WARN MetricsSystem: Stopping a MetricsSystem that is not running
[2020-07-22 13:26:27,704] {logging_mixin.py:112} INFO - [2020-07-22 13:26:27,704] {spark_submit_hook.py:479} INFO - 20/07/22 13:26:27 INFO OutputCommitCoordinator$OutputCommitCoordinatorEndpoint: OutputCommitCoordinator stopped!
[2020-07-22 13:26:27,724] {logging_mixin.py:112} INFO - [2020-07-22 13:26:27,724] {spark_submit_hook.py:479} INFO - 20/07/22 13:26:27 INFO SparkContext: Successfully stopped SparkContext
[2020-07-22 13:26:27,815] {logging_mixin.py:112} INFO - [2020-07-22 13:26:27,815] {spark_submit_hook.py:479} INFO - Traceback (most recent call last):
[2020-07-22 13:26:27,816] {logging_mixin.py:112} INFO - [2020-07-22 13:26:27,816] {spark_submit_hook.py:479} INFO - File "/home/bhakti/airflow/spark_jobs/python/spark_test.py", line 12, in <module>
[2020-07-22 13:26:27,816] {logging_mixin.py:112} INFO - [2020-07-22 13:26:27,816] {spark_submit_hook.py:479} INFO - sc = SparkContext(conf=conf)
[2020-07-22 13:26:27,817] {logging_mixin.py:112} INFO - [2020-07-22 13:26:27,816] {spark_submit_hook.py:479} INFO - File "/opt/spark/python/lib/pyspark.zip/pyspark/context.py", line 130, in __init__
[2020-07-22 13:26:27,817] {logging_mixin.py:112} INFO - [2020-07-22 13:26:27,817] {spark_submit_hook.py:479} INFO - File "/opt/spark/python/lib/pyspark.zip/pyspark/context.py", line 193, in _do_init
[2020-07-22 13:26:27,817] {logging_mixin.py:112} INFO - [2020-07-22 13:26:27,817] {spark_submit_hook.py:479} INFO - File "/opt/spark/python/lib/pyspark.zip/pyspark/context.py", line 310, in _initialize_context
[2020-07-22 13:26:27,817] {logging_mixin.py:112} INFO - [2020-07-22 13:26:27,817] {spark_submit_hook.py:479} INFO - File "/opt/spark/python/lib/py4j-0.10.9-src.zip/py4j/java_gateway.py", line 1568, in __call__
[2020-07-22 13:26:27,818] {logging_mixin.py:112} INFO - [2020-07-22 13:26:27,818] {spark_submit_hook.py:479} INFO - File "/opt/spark/python/lib/py4j-0.10.9-src.zip/py4j/protocol.py", line 326, in get_return_value
[2020-07-22 13:26:27,818] {logging_mixin.py:112} INFO - [2020-07-22 13:26:27,818] {spark_submit_hook.py:479} INFO - py4j.protocol.Py4JJavaError: An error occurred while calling None.org.apache.spark.api.java.JavaSparkContext.
[2020-07-22 13:26:27,818] {logging_mixin.py:112} INFO - [2020-07-22 13:26:27,818] {spark_submit_hook.py:479} INFO - : org.apache.spark.SparkException: Could not parse Master URL: 'localhost:4040'
[2020-07-22 13:26:27,819] {logging_mixin.py:112} INFO - [2020-07-22 13:26:27,819] {spark_submit_hook.py:479} INFO - at org.apache.spark.SparkContext$.org$apache$spark$SparkContext$$createTaskScheduler(SparkContext.scala:2924)
[2020-07-22 13:26:27,819] {logging_mixin.py:112} INFO - [2020-07-22 13:26:27,819] {spark_submit_hook.py:479} INFO - at org.apache.spark.SparkContext.<init>(SparkContext.scala:528)
[2020-07-22 13:26:27,819] {logging_mixin.py:112} INFO - [2020-07-22 13:26:27,819] {spark_submit_hook.py:479} INFO - at org.apache.spark.api.java.JavaSparkContext.<init>(JavaSparkContext.scala:58)
[2020-07-22 13:26:27,819] {logging_mixin.py:112} INFO - [2020-07-22 13:26:27,819] {spark_submit_hook.py:479} INFO - at sun.reflect.NativeConstructorAccessorImpl.newInstance0(Native Method)
[2020-07-22 13:26:27,820] {logging_mixin.py:112} INFO - [2020-07-22 13:26:27,819] {spark_submit_hook.py:479} INFO - at sun.reflect.NativeConstructorAccessorImpl.newInstance(NativeConstructorAccessorImpl.java:62)
[2020-07-22 13:26:27,820] {logging_mixin.py:112} INFO - [2020-07-22 13:26:27,820] {spark_submit_hook.py:479} INFO - at sun.reflect.DelegatingConstructorAccessorImpl.newInstance(DelegatingConstructorAccessorImpl.java:45)
[2020-07-22 13:26:27,820] {logging_mixin.py:112} INFO - [2020-07-22 13:26:27,820] {spark_submit_hook.py:479} INFO - at java.lang.reflect.Constructor.newInstance(Constructor.java:423)
[2020-07-22 13:26:27,820] {logging_mixin.py:112} INFO - [2020-07-22 13:26:27,820] {spark_submit_hook.py:479} INFO - at py4j.reflection.MethodInvoker.invoke(MethodInvoker.java:247)
[2020-07-22 13:26:27,820] {logging_mixin.py:112} INFO - [2020-07-22 13:26:27,820] {spark_submit_hook.py:479} INFO - at py4j.reflection.ReflectionEngine.invoke(ReflectionEngine.java:357)
[2020-07-22 13:26:27,820] {logging_mixin.py:112} INFO - [2020-07-22 13:26:27,820] {spark_submit_hook.py:479} INFO - at py4j.Gateway.invoke(Gateway.java:238)
[2020-07-22 13:26:27,820] {logging_mixin.py:112} INFO - [2020-07-22 13:26:27,820] {spark_submit_hook.py:479} INFO - at py4j.commands.ConstructorCommand.invokeConstructor(ConstructorCommand.java:80)
[2020-07-22 13:26:27,821] {logging_mixin.py:112} INFO - [2020-07-22 13:26:27,820] {spark_submit_hook.py:479} INFO - at py4j.commands.ConstructorCommand.execute(ConstructorCommand.java:69)
[2020-07-22 13:26:27,821] {logging_mixin.py:112} INFO - [2020-07-22 13:26:27,821] {spark_submit_hook.py:479} INFO - at py4j.GatewayConnection.run(GatewayConnection.java:238)
[2020-07-22 13:26:27,821] {logging_mixin.py:112} INFO - [2020-07-22 13:26:27,821] {spark_submit_hook.py:479} INFO - at java.lang.Thread.run(Thread.java:748)
[2020-07-22 13:26:27,821] {logging_mixin.py:112} INFO - [2020-07-22 13:26:27,821] {spark_submit_hook.py:479} INFO - 
[2020-07-22 13:26:27,992] {logging_mixin.py:112} INFO - [2020-07-22 13:26:27,991] {spark_submit_hook.py:479} INFO - 20/07/22 13:26:27 INFO ShutdownHookManager: Shutdown hook called
[2020-07-22 13:26:27,996] {logging_mixin.py:112} INFO - [2020-07-22 13:26:27,996] {spark_submit_hook.py:479} INFO - 20/07/22 13:26:27 INFO ShutdownHookManager: Deleting directory /tmp/spark-c39abbec-fd86-441d-90dc-49aebc108f64
[2020-07-22 13:26:28,003] {logging_mixin.py:112} INFO - [2020-07-22 13:26:28,003] {spark_submit_hook.py:479} INFO - 20/07/22 13:26:28 INFO ShutdownHookManager: Deleting directory /tmp/spark-d75a4495-914e-44de-b080-176f788e5a18
[2020-07-22 13:26:28,075] {taskinstance.py:1145} ERROR - Cannot execute: spark-submit --master localhost:4040 --name airflow-spark /home/bhakti/airflow/spark_jobs/python/spark_test.py. Error code is: 1.
Traceback (most recent call last):
  File "/usr/local/lib/python3.8/dist-packages/airflow/models/taskinstance.py", line 983, in _run_raw_task
    result = task_copy.execute(context=context)
  File "/usr/local/lib/python3.8/dist-packages/airflow/contrib/operators/spark_submit_operator.py", line 187, in execute
    self._hook.submit(self._application)
  File "/usr/local/lib/python3.8/dist-packages/airflow/contrib/hooks/spark_submit_hook.py", line 403, in submit
    raise AirflowException(
airflow.exceptions.AirflowException: Cannot execute: spark-submit --master localhost:4040 --name airflow-spark /home/bhakti/airflow/spark_jobs/python/spark_test.py. Error code is: 1.
[2020-07-22 13:26:28,079] {taskinstance.py:1189} INFO - Marking task as FAILED.dag_id=submit_data, task_id=spark_submit, execution_date=20200720T010500, start_date=20200722T075619, end_date=20200722T075628
[2020-07-22 13:26:29,039] {logging_mixin.py:112} INFO - [2020-07-22 13:26:29,039] {local_task_job.py:103} INFO - Task exited with return code 1
