[2020-07-22 12:59:15,856] {taskinstance.py:669} INFO - Dependencies all met for <TaskInstance: submit_data.spark_submit 2020-07-20T00:07:00+00:00 [queued]>
[2020-07-22 12:59:15,875] {taskinstance.py:669} INFO - Dependencies all met for <TaskInstance: submit_data.spark_submit 2020-07-20T00:07:00+00:00 [queued]>
[2020-07-22 12:59:15,876] {taskinstance.py:879} INFO - 
--------------------------------------------------------------------------------
[2020-07-22 12:59:15,876] {taskinstance.py:880} INFO - Starting attempt 1 of 1
[2020-07-22 12:59:15,876] {taskinstance.py:881} INFO - 
--------------------------------------------------------------------------------
[2020-07-22 12:59:16,110] {taskinstance.py:900} INFO - Executing <Task(SparkSubmitOperator): spark_submit> on 2020-07-20T00:07:00+00:00
[2020-07-22 12:59:16,114] {standard_task_runner.py:53} INFO - Started process 303539 to run task
[2020-07-22 12:59:16,486] {logging_mixin.py:112} INFO - Running %s on host %s <TaskInstance: submit_data.spark_submit 2020-07-20T00:07:00+00:00 [running]> bhakti-Vostro-3558
[2020-07-22 12:59:16,529] {logging_mixin.py:112} INFO - [2020-07-22 12:59:16,528] {base_hook.py:87} INFO - Using connection to: id: spark_local. Host: localhost, Port: 4040, Schema: None, Login: None, Password: None, extra: None
[2020-07-22 12:59:16,530] {logging_mixin.py:112} INFO - [2020-07-22 12:59:16,530] {spark_submit_hook.py:325} INFO - Spark-Submit cmd: spark-submit --master localhost:4040 --name airflow-spark /home/bhakti/airflow/spark_jobs/python/spark_test.py
[2020-07-22 12:59:19,170] {logging_mixin.py:112} INFO - [2020-07-22 12:59:19,169] {spark_submit_hook.py:479} INFO - 20/07/22 12:59:19 WARN Utils: Your hostname, bhakti-Vostro-3558 resolves to a loopback address: 127.0.1.1; using 192.168.43.94 instead (on interface wlp6s0)
[2020-07-22 12:59:19,171] {logging_mixin.py:112} INFO - [2020-07-22 12:59:19,171] {spark_submit_hook.py:479} INFO - 20/07/22 12:59:19 WARN Utils: Set SPARK_LOCAL_IP if you need to bind to another address
[2020-07-22 12:59:20,760] {logging_mixin.py:112} INFO - [2020-07-22 12:59:20,760] {spark_submit_hook.py:479} INFO - 20/07/22 12:59:20 WARN NativeCodeLoader: Unable to load native-hadoop library for your platform... using builtin-java classes where applicable
[2020-07-22 12:59:22,108] {logging_mixin.py:112} INFO - [2020-07-22 12:59:22,107] {spark_submit_hook.py:479} INFO - Spark_Test_Python
[2020-07-22 12:59:22,108] {logging_mixin.py:112} INFO - [2020-07-22 12:59:22,108] {spark_submit_hook.py:479} INFO - Number of arguments: 0 arguments.
[2020-07-22 12:59:22,108] {logging_mixin.py:112} INFO - [2020-07-22 12:59:22,108] {spark_submit_hook.py:479} INFO - Argument List: []
[2020-07-22 12:59:22,225] {logging_mixin.py:112} INFO - [2020-07-22 12:59:22,225] {spark_submit_hook.py:479} INFO - Using Spark's default log4j profile: org/apache/spark/log4j-defaults.properties
[2020-07-22 12:59:22,246] {logging_mixin.py:112} INFO - [2020-07-22 12:59:22,246] {spark_submit_hook.py:479} INFO - 20/07/22 12:59:22 INFO SparkContext: Running Spark version 3.0.0
[2020-07-22 12:59:22,340] {logging_mixin.py:112} INFO - [2020-07-22 12:59:22,340] {spark_submit_hook.py:479} INFO - 20/07/22 12:59:22 INFO ResourceUtils: ==============================================================
[2020-07-22 12:59:22,343] {logging_mixin.py:112} INFO - [2020-07-22 12:59:22,342] {spark_submit_hook.py:479} INFO - 20/07/22 12:59:22 INFO ResourceUtils: Resources for spark.driver:
[2020-07-22 12:59:22,343] {logging_mixin.py:112} INFO - [2020-07-22 12:59:22,343] {spark_submit_hook.py:479} INFO - 
[2020-07-22 12:59:22,344] {logging_mixin.py:112} INFO - [2020-07-22 12:59:22,343] {spark_submit_hook.py:479} INFO - 20/07/22 12:59:22 INFO ResourceUtils: ==============================================================
[2020-07-22 12:59:22,344] {logging_mixin.py:112} INFO - [2020-07-22 12:59:22,344] {spark_submit_hook.py:479} INFO - 20/07/22 12:59:22 INFO SparkContext: Submitted application: Spark_Test_Python
[2020-07-22 12:59:22,457] {logging_mixin.py:112} INFO - [2020-07-22 12:59:22,457] {spark_submit_hook.py:479} INFO - 20/07/22 12:59:22 INFO SecurityManager: Changing view acls to: bhakti
[2020-07-22 12:59:22,458] {logging_mixin.py:112} INFO - [2020-07-22 12:59:22,458] {spark_submit_hook.py:479} INFO - 20/07/22 12:59:22 INFO SecurityManager: Changing modify acls to: bhakti
[2020-07-22 12:59:22,458] {logging_mixin.py:112} INFO - [2020-07-22 12:59:22,458] {spark_submit_hook.py:479} INFO - 20/07/22 12:59:22 INFO SecurityManager: Changing view acls groups to:
[2020-07-22 12:59:22,458] {logging_mixin.py:112} INFO - [2020-07-22 12:59:22,458] {spark_submit_hook.py:479} INFO - 20/07/22 12:59:22 INFO SecurityManager: Changing modify acls groups to:
[2020-07-22 12:59:22,459] {logging_mixin.py:112} INFO - [2020-07-22 12:59:22,459] {spark_submit_hook.py:479} INFO - 20/07/22 12:59:22 INFO SecurityManager: SecurityManager: authentication disabled; ui acls disabled; users  with view permissions: Set(bhakti); groups with view permissions: Set(); users  with modify permissions: Set(bhakti); groups with modify permissions: Set()
[2020-07-22 12:59:23,120] {logging_mixin.py:112} INFO - [2020-07-22 12:59:23,120] {spark_submit_hook.py:479} INFO - 20/07/22 12:59:23 INFO Utils: Successfully started service 'sparkDriver' on port 33891.
[2020-07-22 12:59:23,186] {logging_mixin.py:112} INFO - [2020-07-22 12:59:23,186] {spark_submit_hook.py:479} INFO - 20/07/22 12:59:23 INFO SparkEnv: Registering MapOutputTracker
[2020-07-22 12:59:23,267] {logging_mixin.py:112} INFO - [2020-07-22 12:59:23,267] {spark_submit_hook.py:479} INFO - 20/07/22 12:59:23 INFO SparkEnv: Registering BlockManagerMaster
[2020-07-22 12:59:23,324] {logging_mixin.py:112} INFO - [2020-07-22 12:59:23,323] {spark_submit_hook.py:479} INFO - 20/07/22 12:59:23 INFO BlockManagerMasterEndpoint: Using org.apache.spark.storage.DefaultTopologyMapper for getting topology information
[2020-07-22 12:59:23,326] {logging_mixin.py:112} INFO - [2020-07-22 12:59:23,326] {spark_submit_hook.py:479} INFO - 20/07/22 12:59:23 INFO BlockManagerMasterEndpoint: BlockManagerMasterEndpoint up
[2020-07-22 12:59:23,346] {logging_mixin.py:112} INFO - [2020-07-22 12:59:23,345] {spark_submit_hook.py:479} INFO - 20/07/22 12:59:23 INFO SparkEnv: Registering BlockManagerMasterHeartbeat
[2020-07-22 12:59:23,373] {logging_mixin.py:112} INFO - [2020-07-22 12:59:23,373] {spark_submit_hook.py:479} INFO - 20/07/22 12:59:23 INFO DiskBlockManager: Created local directory at /tmp/blockmgr-b3984d62-d433-43da-b1b1-ce33b61281e0
[2020-07-22 12:59:23,420] {logging_mixin.py:112} INFO - [2020-07-22 12:59:23,420] {spark_submit_hook.py:479} INFO - 20/07/22 12:59:23 INFO MemoryStore: MemoryStore started with capacity 366.3 MiB
[2020-07-22 12:59:23,451] {logging_mixin.py:112} INFO - [2020-07-22 12:59:23,451] {spark_submit_hook.py:479} INFO - 20/07/22 12:59:23 INFO SparkEnv: Registering OutputCommitCoordinator
[2020-07-22 12:59:23,945] {logging_mixin.py:112} INFO - [2020-07-22 12:59:23,945] {spark_submit_hook.py:479} INFO - 20/07/22 12:59:23 WARN Utils: Service 'SparkUI' could not bind on port 4040. Attempting port 4041.
[2020-07-22 12:59:23,946] {logging_mixin.py:112} INFO - [2020-07-22 12:59:23,945] {spark_submit_hook.py:479} INFO - 20/07/22 12:59:23 WARN Utils: Service 'SparkUI' could not bind on port 4041. Attempting port 4042.
[2020-07-22 12:59:23,946] {logging_mixin.py:112} INFO - [2020-07-22 12:59:23,946] {spark_submit_hook.py:479} INFO - 20/07/22 12:59:23 WARN Utils: Service 'SparkUI' could not bind on port 4042. Attempting port 4043.
[2020-07-22 12:59:23,966] {logging_mixin.py:112} INFO - [2020-07-22 12:59:23,965] {spark_submit_hook.py:479} INFO - 20/07/22 12:59:23 INFO Utils: Successfully started service 'SparkUI' on port 4043.
[2020-07-22 12:59:24,133] {logging_mixin.py:112} INFO - [2020-07-22 12:59:24,133] {spark_submit_hook.py:479} INFO - 20/07/22 12:59:24 INFO SparkUI: Bound SparkUI to 0.0.0.0, and started at http://192.168.43.94:4043
[2020-07-22 12:59:24,287] {logging_mixin.py:112} INFO - [2020-07-22 12:59:24,287] {spark_submit_hook.py:479} INFO - 20/07/22 12:59:24 ERROR SparkContext: Error initializing SparkContext.
[2020-07-22 12:59:24,288] {logging_mixin.py:112} INFO - [2020-07-22 12:59:24,288] {spark_submit_hook.py:479} INFO - org.apache.spark.SparkException: Could not parse Master URL: 'localhost:4040'
[2020-07-22 12:59:24,288] {logging_mixin.py:112} INFO - [2020-07-22 12:59:24,288] {spark_submit_hook.py:479} INFO - at org.apache.spark.SparkContext$.org$apache$spark$SparkContext$$createTaskScheduler(SparkContext.scala:2924)
[2020-07-22 12:59:24,289] {logging_mixin.py:112} INFO - [2020-07-22 12:59:24,288] {spark_submit_hook.py:479} INFO - at org.apache.spark.SparkContext.<init>(SparkContext.scala:528)
[2020-07-22 12:59:24,289] {logging_mixin.py:112} INFO - [2020-07-22 12:59:24,289] {spark_submit_hook.py:479} INFO - at org.apache.spark.api.java.JavaSparkContext.<init>(JavaSparkContext.scala:58)
[2020-07-22 12:59:24,289] {logging_mixin.py:112} INFO - [2020-07-22 12:59:24,289] {spark_submit_hook.py:479} INFO - at sun.reflect.NativeConstructorAccessorImpl.newInstance0(Native Method)
[2020-07-22 12:59:24,290] {logging_mixin.py:112} INFO - [2020-07-22 12:59:24,289] {spark_submit_hook.py:479} INFO - at sun.reflect.NativeConstructorAccessorImpl.newInstance(NativeConstructorAccessorImpl.java:62)
[2020-07-22 12:59:24,290] {logging_mixin.py:112} INFO - [2020-07-22 12:59:24,290] {spark_submit_hook.py:479} INFO - at sun.reflect.DelegatingConstructorAccessorImpl.newInstance(DelegatingConstructorAccessorImpl.java:45)
[2020-07-22 12:59:24,291] {logging_mixin.py:112} INFO - [2020-07-22 12:59:24,290] {spark_submit_hook.py:479} INFO - at java.lang.reflect.Constructor.newInstance(Constructor.java:423)
[2020-07-22 12:59:24,291] {logging_mixin.py:112} INFO - [2020-07-22 12:59:24,291] {spark_submit_hook.py:479} INFO - at py4j.reflection.MethodInvoker.invoke(MethodInvoker.java:247)
[2020-07-22 12:59:24,291] {logging_mixin.py:112} INFO - [2020-07-22 12:59:24,291] {spark_submit_hook.py:479} INFO - at py4j.reflection.ReflectionEngine.invoke(ReflectionEngine.java:357)
[2020-07-22 12:59:24,292] {logging_mixin.py:112} INFO - [2020-07-22 12:59:24,291] {spark_submit_hook.py:479} INFO - at py4j.Gateway.invoke(Gateway.java:238)
[2020-07-22 12:59:24,292] {logging_mixin.py:112} INFO - [2020-07-22 12:59:24,292] {spark_submit_hook.py:479} INFO - at py4j.commands.ConstructorCommand.invokeConstructor(ConstructorCommand.java:80)
[2020-07-22 12:59:24,292] {logging_mixin.py:112} INFO - [2020-07-22 12:59:24,292] {spark_submit_hook.py:479} INFO - at py4j.commands.ConstructorCommand.execute(ConstructorCommand.java:69)
[2020-07-22 12:59:24,292] {logging_mixin.py:112} INFO - [2020-07-22 12:59:24,292] {spark_submit_hook.py:479} INFO - at py4j.GatewayConnection.run(GatewayConnection.java:238)
[2020-07-22 12:59:24,293] {logging_mixin.py:112} INFO - [2020-07-22 12:59:24,293] {spark_submit_hook.py:479} INFO - at java.lang.Thread.run(Thread.java:748)
[2020-07-22 12:59:24,311] {logging_mixin.py:112} INFO - [2020-07-22 12:59:24,311] {spark_submit_hook.py:479} INFO - 20/07/22 12:59:24 INFO SparkUI: Stopped Spark web UI at http://192.168.43.94:4043
[2020-07-22 12:59:24,343] {logging_mixin.py:112} INFO - [2020-07-22 12:59:24,343] {spark_submit_hook.py:479} INFO - 20/07/22 12:59:24 INFO MapOutputTrackerMasterEndpoint: MapOutputTrackerMasterEndpoint stopped!
[2020-07-22 12:59:24,359] {logging_mixin.py:112} INFO - [2020-07-22 12:59:24,359] {spark_submit_hook.py:479} INFO - 20/07/22 12:59:24 INFO MemoryStore: MemoryStore cleared
[2020-07-22 12:59:24,360] {logging_mixin.py:112} INFO - [2020-07-22 12:59:24,360] {spark_submit_hook.py:479} INFO - 20/07/22 12:59:24 INFO BlockManager: BlockManager stopped
[2020-07-22 12:59:24,385] {logging_mixin.py:112} INFO - [2020-07-22 12:59:24,385] {spark_submit_hook.py:479} INFO - 20/07/22 12:59:24 INFO BlockManagerMaster: BlockManagerMaster stopped
[2020-07-22 12:59:24,386] {logging_mixin.py:112} INFO - [2020-07-22 12:59:24,386] {spark_submit_hook.py:479} INFO - 20/07/22 12:59:24 WARN MetricsSystem: Stopping a MetricsSystem that is not running
[2020-07-22 12:59:24,395] {logging_mixin.py:112} INFO - [2020-07-22 12:59:24,394] {spark_submit_hook.py:479} INFO - 20/07/22 12:59:24 INFO OutputCommitCoordinator$OutputCommitCoordinatorEndpoint: OutputCommitCoordinator stopped!
[2020-07-22 12:59:24,405] {logging_mixin.py:112} INFO - [2020-07-22 12:59:24,404] {spark_submit_hook.py:479} INFO - 20/07/22 12:59:24 INFO SparkContext: Successfully stopped SparkContext
[2020-07-22 12:59:24,507] {logging_mixin.py:112} INFO - [2020-07-22 12:59:24,507] {spark_submit_hook.py:479} INFO - Traceback (most recent call last):
[2020-07-22 12:59:24,507] {logging_mixin.py:112} INFO - [2020-07-22 12:59:24,507] {spark_submit_hook.py:479} INFO - File "/home/bhakti/airflow/spark_jobs/python/spark_test.py", line 12, in <module>
[2020-07-22 12:59:24,508] {logging_mixin.py:112} INFO - [2020-07-22 12:59:24,507] {spark_submit_hook.py:479} INFO - sc = SparkContext(conf=conf)
[2020-07-22 12:59:24,508] {logging_mixin.py:112} INFO - [2020-07-22 12:59:24,508] {spark_submit_hook.py:479} INFO - File "/opt/spark/python/lib/pyspark.zip/pyspark/context.py", line 130, in __init__
[2020-07-22 12:59:24,508] {logging_mixin.py:112} INFO - [2020-07-22 12:59:24,508] {spark_submit_hook.py:479} INFO - File "/opt/spark/python/lib/pyspark.zip/pyspark/context.py", line 193, in _do_init
[2020-07-22 12:59:24,509] {logging_mixin.py:112} INFO - [2020-07-22 12:59:24,509] {spark_submit_hook.py:479} INFO - File "/opt/spark/python/lib/pyspark.zip/pyspark/context.py", line 310, in _initialize_context
[2020-07-22 12:59:24,509] {logging_mixin.py:112} INFO - [2020-07-22 12:59:24,509] {spark_submit_hook.py:479} INFO - File "/opt/spark/python/lib/py4j-0.10.9-src.zip/py4j/java_gateway.py", line 1568, in __call__
[2020-07-22 12:59:24,509] {logging_mixin.py:112} INFO - [2020-07-22 12:59:24,509] {spark_submit_hook.py:479} INFO - File "/opt/spark/python/lib/py4j-0.10.9-src.zip/py4j/protocol.py", line 326, in get_return_value
[2020-07-22 12:59:24,510] {logging_mixin.py:112} INFO - [2020-07-22 12:59:24,510] {spark_submit_hook.py:479} INFO - py4j.protocol.Py4JJavaError: An error occurred while calling None.org.apache.spark.api.java.JavaSparkContext.
[2020-07-22 12:59:24,510] {logging_mixin.py:112} INFO - [2020-07-22 12:59:24,510] {spark_submit_hook.py:479} INFO - : org.apache.spark.SparkException: Could not parse Master URL: 'localhost:4040'
[2020-07-22 12:59:24,510] {logging_mixin.py:112} INFO - [2020-07-22 12:59:24,510] {spark_submit_hook.py:479} INFO - at org.apache.spark.SparkContext$.org$apache$spark$SparkContext$$createTaskScheduler(SparkContext.scala:2924)
[2020-07-22 12:59:24,512] {logging_mixin.py:112} INFO - [2020-07-22 12:59:24,511] {spark_submit_hook.py:479} INFO - at org.apache.spark.SparkContext.<init>(SparkContext.scala:528)
[2020-07-22 12:59:24,512] {logging_mixin.py:112} INFO - [2020-07-22 12:59:24,512] {spark_submit_hook.py:479} INFO - at org.apache.spark.api.java.JavaSparkContext.<init>(JavaSparkContext.scala:58)
[2020-07-22 12:59:24,513] {logging_mixin.py:112} INFO - [2020-07-22 12:59:24,512] {spark_submit_hook.py:479} INFO - at sun.reflect.NativeConstructorAccessorImpl.newInstance0(Native Method)
[2020-07-22 12:59:24,513] {logging_mixin.py:112} INFO - [2020-07-22 12:59:24,513] {spark_submit_hook.py:479} INFO - at sun.reflect.NativeConstructorAccessorImpl.newInstance(NativeConstructorAccessorImpl.java:62)
[2020-07-22 12:59:24,513] {logging_mixin.py:112} INFO - [2020-07-22 12:59:24,513] {spark_submit_hook.py:479} INFO - at sun.reflect.DelegatingConstructorAccessorImpl.newInstance(DelegatingConstructorAccessorImpl.java:45)
[2020-07-22 12:59:24,514] {logging_mixin.py:112} INFO - [2020-07-22 12:59:24,513] {spark_submit_hook.py:479} INFO - at java.lang.reflect.Constructor.newInstance(Constructor.java:423)
[2020-07-22 12:59:24,514] {logging_mixin.py:112} INFO - [2020-07-22 12:59:24,514] {spark_submit_hook.py:479} INFO - at py4j.reflection.MethodInvoker.invoke(MethodInvoker.java:247)
[2020-07-22 12:59:24,514] {logging_mixin.py:112} INFO - [2020-07-22 12:59:24,514] {spark_submit_hook.py:479} INFO - at py4j.reflection.ReflectionEngine.invoke(ReflectionEngine.java:357)
[2020-07-22 12:59:24,515] {logging_mixin.py:112} INFO - [2020-07-22 12:59:24,515] {spark_submit_hook.py:479} INFO - at py4j.Gateway.invoke(Gateway.java:238)
[2020-07-22 12:59:24,515] {logging_mixin.py:112} INFO - [2020-07-22 12:59:24,515] {spark_submit_hook.py:479} INFO - at py4j.commands.ConstructorCommand.invokeConstructor(ConstructorCommand.java:80)
[2020-07-22 12:59:24,515] {logging_mixin.py:112} INFO - [2020-07-22 12:59:24,515] {spark_submit_hook.py:479} INFO - at py4j.commands.ConstructorCommand.execute(ConstructorCommand.java:69)
[2020-07-22 12:59:24,516] {logging_mixin.py:112} INFO - [2020-07-22 12:59:24,516] {spark_submit_hook.py:479} INFO - at py4j.GatewayConnection.run(GatewayConnection.java:238)
[2020-07-22 12:59:24,516] {logging_mixin.py:112} INFO - [2020-07-22 12:59:24,516] {spark_submit_hook.py:479} INFO - at java.lang.Thread.run(Thread.java:748)
[2020-07-22 12:59:24,516] {logging_mixin.py:112} INFO - [2020-07-22 12:59:24,516] {spark_submit_hook.py:479} INFO - 
[2020-07-22 12:59:24,818] {logging_mixin.py:112} INFO - [2020-07-22 12:59:24,818] {spark_submit_hook.py:479} INFO - 20/07/22 12:59:24 INFO ShutdownHookManager: Shutdown hook called
[2020-07-22 12:59:24,819] {logging_mixin.py:112} INFO - [2020-07-22 12:59:24,819] {spark_submit_hook.py:479} INFO - 20/07/22 12:59:24 INFO ShutdownHookManager: Deleting directory /tmp/spark-43079a33-f16d-4761-abd8-d9d4bbbcf5db
[2020-07-22 12:59:24,859] {logging_mixin.py:112} INFO - [2020-07-22 12:59:24,859] {spark_submit_hook.py:479} INFO - 20/07/22 12:59:24 INFO ShutdownHookManager: Deleting directory /tmp/spark-9af5c575-fcae-41f7-b876-ba34cc743d24
[2020-07-22 12:59:25,163] {taskinstance.py:1145} ERROR - Cannot execute: spark-submit --master localhost:4040 --name airflow-spark /home/bhakti/airflow/spark_jobs/python/spark_test.py. Error code is: 1.
Traceback (most recent call last):
  File "/usr/local/lib/python3.8/dist-packages/airflow/models/taskinstance.py", line 983, in _run_raw_task
    result = task_copy.execute(context=context)
  File "/usr/local/lib/python3.8/dist-packages/airflow/contrib/operators/spark_submit_operator.py", line 187, in execute
    self._hook.submit(self._application)
  File "/usr/local/lib/python3.8/dist-packages/airflow/contrib/hooks/spark_submit_hook.py", line 403, in submit
    raise AirflowException(
airflow.exceptions.AirflowException: Cannot execute: spark-submit --master localhost:4040 --name airflow-spark /home/bhakti/airflow/spark_jobs/python/spark_test.py. Error code is: 1.
[2020-07-22 12:59:25,225] {taskinstance.py:1189} INFO - Marking task as FAILED.dag_id=submit_data, task_id=spark_submit, execution_date=20200720T000700, start_date=20200722T072915, end_date=20200722T072925
[2020-07-22 12:59:25,671] {logging_mixin.py:112} INFO - [2020-07-22 12:59:25,671] {local_task_job.py:103} INFO - Task exited with return code 1
