[2020-07-22 13:28:31,327] {taskinstance.py:669} INFO - Dependencies all met for <TaskInstance: submit_data.spark_submit 2020-07-20T01:10:00+00:00 [queued]>
[2020-07-22 13:28:31,346] {taskinstance.py:669} INFO - Dependencies all met for <TaskInstance: submit_data.spark_submit 2020-07-20T01:10:00+00:00 [queued]>
[2020-07-22 13:28:31,347] {taskinstance.py:879} INFO - 
--------------------------------------------------------------------------------
[2020-07-22 13:28:31,347] {taskinstance.py:880} INFO - Starting attempt 1 of 1
[2020-07-22 13:28:31,347] {taskinstance.py:881} INFO - 
--------------------------------------------------------------------------------
[2020-07-22 13:28:31,568] {taskinstance.py:900} INFO - Executing <Task(SparkSubmitOperator): spark_submit> on 2020-07-20T01:10:00+00:00
[2020-07-22 13:28:31,572] {standard_task_runner.py:53} INFO - Started process 343595 to run task
[2020-07-22 13:28:31,826] {logging_mixin.py:112} INFO - Running %s on host %s <TaskInstance: submit_data.spark_submit 2020-07-20T01:10:00+00:00 [running]> bhakti-Vostro-3558
[2020-07-22 13:28:31,864] {logging_mixin.py:112} INFO - [2020-07-22 13:28:31,864] {base_hook.py:87} INFO - Using connection to: id: spark_local. Host: localhost, Port: 4040, Schema: None, Login: None, Password: None, extra: None
[2020-07-22 13:28:31,866] {logging_mixin.py:112} INFO - [2020-07-22 13:28:31,865] {spark_submit_hook.py:325} INFO - Spark-Submit cmd: spark-submit --master localhost:4040 --name airflow-spark /home/bhakti/airflow/spark_jobs/python/spark_test.py
[2020-07-22 13:28:34,499] {logging_mixin.py:112} INFO - [2020-07-22 13:28:34,498] {spark_submit_hook.py:479} INFO - 20/07/22 13:28:34 WARN Utils: Your hostname, bhakti-Vostro-3558 resolves to a loopback address: 127.0.1.1; using 192.168.43.94 instead (on interface wlp6s0)
[2020-07-22 13:28:34,500] {logging_mixin.py:112} INFO - [2020-07-22 13:28:34,500] {spark_submit_hook.py:479} INFO - 20/07/22 13:28:34 WARN Utils: Set SPARK_LOCAL_IP if you need to bind to another address
[2020-07-22 13:28:35,892] {logging_mixin.py:112} INFO - [2020-07-22 13:28:35,892] {spark_submit_hook.py:479} INFO - 20/07/22 13:28:35 WARN NativeCodeLoader: Unable to load native-hadoop library for your platform... using builtin-java classes where applicable
[2020-07-22 13:28:37,500] {logging_mixin.py:112} INFO - [2020-07-22 13:28:37,500] {spark_submit_hook.py:479} INFO - Spark_Test_Python
[2020-07-22 13:28:37,501] {logging_mixin.py:112} INFO - [2020-07-22 13:28:37,500] {spark_submit_hook.py:479} INFO - Number of arguments: 0 arguments.
[2020-07-22 13:28:37,501] {logging_mixin.py:112} INFO - [2020-07-22 13:28:37,501] {spark_submit_hook.py:479} INFO - Argument List: []
[2020-07-22 13:28:37,603] {logging_mixin.py:112} INFO - [2020-07-22 13:28:37,602] {spark_submit_hook.py:479} INFO - Using Spark's default log4j profile: org/apache/spark/log4j-defaults.properties
[2020-07-22 13:28:37,617] {logging_mixin.py:112} INFO - [2020-07-22 13:28:37,617] {spark_submit_hook.py:479} INFO - 20/07/22 13:28:37 INFO SparkContext: Running Spark version 3.0.0
[2020-07-22 13:28:37,692] {logging_mixin.py:112} INFO - [2020-07-22 13:28:37,691] {spark_submit_hook.py:479} INFO - 20/07/22 13:28:37 INFO ResourceUtils: ==============================================================
[2020-07-22 13:28:37,694] {logging_mixin.py:112} INFO - [2020-07-22 13:28:37,694] {spark_submit_hook.py:479} INFO - 20/07/22 13:28:37 INFO ResourceUtils: Resources for spark.driver:
[2020-07-22 13:28:37,694] {logging_mixin.py:112} INFO - [2020-07-22 13:28:37,694] {spark_submit_hook.py:479} INFO - 
[2020-07-22 13:28:37,695] {logging_mixin.py:112} INFO - [2020-07-22 13:28:37,695] {spark_submit_hook.py:479} INFO - 20/07/22 13:28:37 INFO ResourceUtils: ==============================================================
[2020-07-22 13:28:37,696] {logging_mixin.py:112} INFO - [2020-07-22 13:28:37,695] {spark_submit_hook.py:479} INFO - 20/07/22 13:28:37 INFO SparkContext: Submitted application: Spark_Test_Python
[2020-07-22 13:28:37,779] {logging_mixin.py:112} INFO - [2020-07-22 13:28:37,779] {spark_submit_hook.py:479} INFO - 20/07/22 13:28:37 INFO SecurityManager: Changing view acls to: bhakti
[2020-07-22 13:28:37,779] {logging_mixin.py:112} INFO - [2020-07-22 13:28:37,779] {spark_submit_hook.py:479} INFO - 20/07/22 13:28:37 INFO SecurityManager: Changing modify acls to: bhakti
[2020-07-22 13:28:37,779] {logging_mixin.py:112} INFO - [2020-07-22 13:28:37,779] {spark_submit_hook.py:479} INFO - 20/07/22 13:28:37 INFO SecurityManager: Changing view acls groups to:
[2020-07-22 13:28:37,780] {logging_mixin.py:112} INFO - [2020-07-22 13:28:37,780] {spark_submit_hook.py:479} INFO - 20/07/22 13:28:37 INFO SecurityManager: Changing modify acls groups to:
[2020-07-22 13:28:37,780] {logging_mixin.py:112} INFO - [2020-07-22 13:28:37,780] {spark_submit_hook.py:479} INFO - 20/07/22 13:28:37 INFO SecurityManager: SecurityManager: authentication disabled; ui acls disabled; users  with view permissions: Set(bhakti); groups with view permissions: Set(); users  with modify permissions: Set(bhakti); groups with modify permissions: Set()
[2020-07-22 13:28:38,221] {logging_mixin.py:112} INFO - [2020-07-22 13:28:38,221] {spark_submit_hook.py:479} INFO - 20/07/22 13:28:38 INFO Utils: Successfully started service 'sparkDriver' on port 34611.
[2020-07-22 13:28:38,282] {logging_mixin.py:112} INFO - [2020-07-22 13:28:38,282] {spark_submit_hook.py:479} INFO - 20/07/22 13:28:38 INFO SparkEnv: Registering MapOutputTracker
[2020-07-22 13:28:38,337] {logging_mixin.py:112} INFO - [2020-07-22 13:28:38,337] {spark_submit_hook.py:479} INFO - 20/07/22 13:28:38 INFO SparkEnv: Registering BlockManagerMaster
[2020-07-22 13:28:38,373] {logging_mixin.py:112} INFO - [2020-07-22 13:28:38,373] {spark_submit_hook.py:479} INFO - 20/07/22 13:28:38 INFO BlockManagerMasterEndpoint: Using org.apache.spark.storage.DefaultTopologyMapper for getting topology information
[2020-07-22 13:28:38,375] {logging_mixin.py:112} INFO - [2020-07-22 13:28:38,374] {spark_submit_hook.py:479} INFO - 20/07/22 13:28:38 INFO BlockManagerMasterEndpoint: BlockManagerMasterEndpoint up
[2020-07-22 13:28:38,383] {logging_mixin.py:112} INFO - [2020-07-22 13:28:38,382] {spark_submit_hook.py:479} INFO - 20/07/22 13:28:38 INFO SparkEnv: Registering BlockManagerMasterHeartbeat
[2020-07-22 13:28:38,406] {logging_mixin.py:112} INFO - [2020-07-22 13:28:38,406] {spark_submit_hook.py:479} INFO - 20/07/22 13:28:38 INFO DiskBlockManager: Created local directory at /tmp/blockmgr-f03f6987-bea2-43a0-a8ef-6b138fe061b1
[2020-07-22 13:28:38,442] {logging_mixin.py:112} INFO - [2020-07-22 13:28:38,442] {spark_submit_hook.py:479} INFO - 20/07/22 13:28:38 INFO MemoryStore: MemoryStore started with capacity 366.3 MiB
[2020-07-22 13:28:38,468] {logging_mixin.py:112} INFO - [2020-07-22 13:28:38,467] {spark_submit_hook.py:479} INFO - 20/07/22 13:28:38 INFO SparkEnv: Registering OutputCommitCoordinator
[2020-07-22 13:28:38,806] {logging_mixin.py:112} INFO - [2020-07-22 13:28:38,805] {spark_submit_hook.py:479} INFO - 20/07/22 13:28:38 WARN Utils: Service 'SparkUI' could not bind on port 4040. Attempting port 4041.
[2020-07-22 13:28:38,806] {logging_mixin.py:112} INFO - [2020-07-22 13:28:38,806] {spark_submit_hook.py:479} INFO - 20/07/22 13:28:38 WARN Utils: Service 'SparkUI' could not bind on port 4041. Attempting port 4042.
[2020-07-22 13:28:38,818] {logging_mixin.py:112} INFO - [2020-07-22 13:28:38,817] {spark_submit_hook.py:479} INFO - 20/07/22 13:28:38 INFO Utils: Successfully started service 'SparkUI' on port 4042.
[2020-07-22 13:28:38,924] {logging_mixin.py:112} INFO - [2020-07-22 13:28:38,923] {spark_submit_hook.py:479} INFO - 20/07/22 13:28:38 INFO SparkUI: Bound SparkUI to 0.0.0.0, and started at http://192.168.43.94:4042
[2020-07-22 13:28:39,094] {logging_mixin.py:112} INFO - [2020-07-22 13:28:39,093] {spark_submit_hook.py:479} INFO - 20/07/22 13:28:39 ERROR SparkContext: Error initializing SparkContext.
[2020-07-22 13:28:39,094] {logging_mixin.py:112} INFO - [2020-07-22 13:28:39,094] {spark_submit_hook.py:479} INFO - org.apache.spark.SparkException: Could not parse Master URL: 'localhost:4040'
[2020-07-22 13:28:39,095] {logging_mixin.py:112} INFO - [2020-07-22 13:28:39,095] {spark_submit_hook.py:479} INFO - at org.apache.spark.SparkContext$.org$apache$spark$SparkContext$$createTaskScheduler(SparkContext.scala:2924)
[2020-07-22 13:28:39,095] {logging_mixin.py:112} INFO - [2020-07-22 13:28:39,095] {spark_submit_hook.py:479} INFO - at org.apache.spark.SparkContext.<init>(SparkContext.scala:528)
[2020-07-22 13:28:39,095] {logging_mixin.py:112} INFO - [2020-07-22 13:28:39,095] {spark_submit_hook.py:479} INFO - at org.apache.spark.api.java.JavaSparkContext.<init>(JavaSparkContext.scala:58)
[2020-07-22 13:28:39,096] {logging_mixin.py:112} INFO - [2020-07-22 13:28:39,095] {spark_submit_hook.py:479} INFO - at sun.reflect.NativeConstructorAccessorImpl.newInstance0(Native Method)
[2020-07-22 13:28:39,096] {logging_mixin.py:112} INFO - [2020-07-22 13:28:39,096] {spark_submit_hook.py:479} INFO - at sun.reflect.NativeConstructorAccessorImpl.newInstance(NativeConstructorAccessorImpl.java:62)
[2020-07-22 13:28:39,096] {logging_mixin.py:112} INFO - [2020-07-22 13:28:39,096] {spark_submit_hook.py:479} INFO - at sun.reflect.DelegatingConstructorAccessorImpl.newInstance(DelegatingConstructorAccessorImpl.java:45)
[2020-07-22 13:28:39,096] {logging_mixin.py:112} INFO - [2020-07-22 13:28:39,096] {spark_submit_hook.py:479} INFO - at java.lang.reflect.Constructor.newInstance(Constructor.java:423)
[2020-07-22 13:28:39,097] {logging_mixin.py:112} INFO - [2020-07-22 13:28:39,097] {spark_submit_hook.py:479} INFO - at py4j.reflection.MethodInvoker.invoke(MethodInvoker.java:247)
[2020-07-22 13:28:39,097] {logging_mixin.py:112} INFO - [2020-07-22 13:28:39,097] {spark_submit_hook.py:479} INFO - at py4j.reflection.ReflectionEngine.invoke(ReflectionEngine.java:357)
[2020-07-22 13:28:39,098] {logging_mixin.py:112} INFO - [2020-07-22 13:28:39,098] {spark_submit_hook.py:479} INFO - at py4j.Gateway.invoke(Gateway.java:238)
[2020-07-22 13:28:39,098] {logging_mixin.py:112} INFO - [2020-07-22 13:28:39,098] {spark_submit_hook.py:479} INFO - at py4j.commands.ConstructorCommand.invokeConstructor(ConstructorCommand.java:80)
[2020-07-22 13:28:39,111] {logging_mixin.py:112} INFO - [2020-07-22 13:28:39,111] {spark_submit_hook.py:479} INFO - at py4j.commands.ConstructorCommand.execute(ConstructorCommand.java:69)
[2020-07-22 13:28:39,111] {logging_mixin.py:112} INFO - [2020-07-22 13:28:39,111] {spark_submit_hook.py:479} INFO - at py4j.GatewayConnection.run(GatewayConnection.java:238)
[2020-07-22 13:28:39,112] {logging_mixin.py:112} INFO - [2020-07-22 13:28:39,112] {spark_submit_hook.py:479} INFO - at java.lang.Thread.run(Thread.java:748)
[2020-07-22 13:28:39,142] {logging_mixin.py:112} INFO - [2020-07-22 13:28:39,141] {spark_submit_hook.py:479} INFO - 20/07/22 13:28:39 INFO SparkUI: Stopped Spark web UI at http://192.168.43.94:4042
[2020-07-22 13:28:39,195] {logging_mixin.py:112} INFO - [2020-07-22 13:28:39,195] {spark_submit_hook.py:479} INFO - 20/07/22 13:28:39 INFO MapOutputTrackerMasterEndpoint: MapOutputTrackerMasterEndpoint stopped!
[2020-07-22 13:28:39,223] {logging_mixin.py:112} INFO - [2020-07-22 13:28:39,223] {spark_submit_hook.py:479} INFO - 20/07/22 13:28:39 INFO MemoryStore: MemoryStore cleared
[2020-07-22 13:28:39,226] {logging_mixin.py:112} INFO - [2020-07-22 13:28:39,226] {spark_submit_hook.py:479} INFO - 20/07/22 13:28:39 INFO BlockManager: BlockManager stopped
[2020-07-22 13:28:39,269] {logging_mixin.py:112} INFO - [2020-07-22 13:28:39,268] {spark_submit_hook.py:479} INFO - 20/07/22 13:28:39 INFO BlockManagerMaster: BlockManagerMaster stopped
[2020-07-22 13:28:39,270] {logging_mixin.py:112} INFO - [2020-07-22 13:28:39,269] {spark_submit_hook.py:479} INFO - 20/07/22 13:28:39 WARN MetricsSystem: Stopping a MetricsSystem that is not running
[2020-07-22 13:28:39,277] {logging_mixin.py:112} INFO - [2020-07-22 13:28:39,276] {spark_submit_hook.py:479} INFO - 20/07/22 13:28:39 INFO OutputCommitCoordinator$OutputCommitCoordinatorEndpoint: OutputCommitCoordinator stopped!
[2020-07-22 13:28:39,294] {logging_mixin.py:112} INFO - [2020-07-22 13:28:39,294] {spark_submit_hook.py:479} INFO - 20/07/22 13:28:39 INFO SparkContext: Successfully stopped SparkContext
[2020-07-22 13:28:39,402] {logging_mixin.py:112} INFO - [2020-07-22 13:28:39,402] {spark_submit_hook.py:479} INFO - Traceback (most recent call last):
[2020-07-22 13:28:39,403] {logging_mixin.py:112} INFO - [2020-07-22 13:28:39,402] {spark_submit_hook.py:479} INFO - File "/home/bhakti/airflow/spark_jobs/python/spark_test.py", line 12, in <module>
[2020-07-22 13:28:39,403] {logging_mixin.py:112} INFO - [2020-07-22 13:28:39,403] {spark_submit_hook.py:479} INFO - sc = SparkContext(conf=conf)
[2020-07-22 13:28:39,403] {logging_mixin.py:112} INFO - [2020-07-22 13:28:39,403] {spark_submit_hook.py:479} INFO - File "/opt/spark/python/lib/pyspark.zip/pyspark/context.py", line 130, in __init__
[2020-07-22 13:28:39,404] {logging_mixin.py:112} INFO - [2020-07-22 13:28:39,403] {spark_submit_hook.py:479} INFO - File "/opt/spark/python/lib/pyspark.zip/pyspark/context.py", line 193, in _do_init
[2020-07-22 13:28:39,404] {logging_mixin.py:112} INFO - [2020-07-22 13:28:39,404] {spark_submit_hook.py:479} INFO - File "/opt/spark/python/lib/pyspark.zip/pyspark/context.py", line 310, in _initialize_context
[2020-07-22 13:28:39,404] {logging_mixin.py:112} INFO - [2020-07-22 13:28:39,404] {spark_submit_hook.py:479} INFO - File "/opt/spark/python/lib/py4j-0.10.9-src.zip/py4j/java_gateway.py", line 1568, in __call__
[2020-07-22 13:28:39,404] {logging_mixin.py:112} INFO - [2020-07-22 13:28:39,404] {spark_submit_hook.py:479} INFO - File "/opt/spark/python/lib/py4j-0.10.9-src.zip/py4j/protocol.py", line 326, in get_return_value
[2020-07-22 13:28:39,405] {logging_mixin.py:112} INFO - [2020-07-22 13:28:39,405] {spark_submit_hook.py:479} INFO - py4j.protocol.Py4JJavaError: An error occurred while calling None.org.apache.spark.api.java.JavaSparkContext.
[2020-07-22 13:28:39,405] {logging_mixin.py:112} INFO - [2020-07-22 13:28:39,405] {spark_submit_hook.py:479} INFO - : org.apache.spark.SparkException: Could not parse Master URL: 'localhost:4040'
[2020-07-22 13:28:39,405] {logging_mixin.py:112} INFO - [2020-07-22 13:28:39,405] {spark_submit_hook.py:479} INFO - at org.apache.spark.SparkContext$.org$apache$spark$SparkContext$$createTaskScheduler(SparkContext.scala:2924)
[2020-07-22 13:28:39,405] {logging_mixin.py:112} INFO - [2020-07-22 13:28:39,405] {spark_submit_hook.py:479} INFO - at org.apache.spark.SparkContext.<init>(SparkContext.scala:528)
[2020-07-22 13:28:39,406] {logging_mixin.py:112} INFO - [2020-07-22 13:28:39,406] {spark_submit_hook.py:479} INFO - at org.apache.spark.api.java.JavaSparkContext.<init>(JavaSparkContext.scala:58)
[2020-07-22 13:28:39,406] {logging_mixin.py:112} INFO - [2020-07-22 13:28:39,406] {spark_submit_hook.py:479} INFO - at sun.reflect.NativeConstructorAccessorImpl.newInstance0(Native Method)
[2020-07-22 13:28:39,412] {logging_mixin.py:112} INFO - [2020-07-22 13:28:39,406] {spark_submit_hook.py:479} INFO - at sun.reflect.NativeConstructorAccessorImpl.newInstance(NativeConstructorAccessorImpl.java:62)
[2020-07-22 13:28:39,413] {logging_mixin.py:112} INFO - [2020-07-22 13:28:39,412] {spark_submit_hook.py:479} INFO - at sun.reflect.DelegatingConstructorAccessorImpl.newInstance(DelegatingConstructorAccessorImpl.java:45)
[2020-07-22 13:28:39,413] {logging_mixin.py:112} INFO - [2020-07-22 13:28:39,413] {spark_submit_hook.py:479} INFO - at java.lang.reflect.Constructor.newInstance(Constructor.java:423)
[2020-07-22 13:28:39,413] {logging_mixin.py:112} INFO - [2020-07-22 13:28:39,413] {spark_submit_hook.py:479} INFO - at py4j.reflection.MethodInvoker.invoke(MethodInvoker.java:247)
[2020-07-22 13:28:39,414] {logging_mixin.py:112} INFO - [2020-07-22 13:28:39,413] {spark_submit_hook.py:479} INFO - at py4j.reflection.ReflectionEngine.invoke(ReflectionEngine.java:357)
[2020-07-22 13:28:39,414] {logging_mixin.py:112} INFO - [2020-07-22 13:28:39,414] {spark_submit_hook.py:479} INFO - at py4j.Gateway.invoke(Gateway.java:238)
[2020-07-22 13:28:39,414] {logging_mixin.py:112} INFO - [2020-07-22 13:28:39,414] {spark_submit_hook.py:479} INFO - at py4j.commands.ConstructorCommand.invokeConstructor(ConstructorCommand.java:80)
[2020-07-22 13:28:39,415] {logging_mixin.py:112} INFO - [2020-07-22 13:28:39,415] {spark_submit_hook.py:479} INFO - at py4j.commands.ConstructorCommand.execute(ConstructorCommand.java:69)
[2020-07-22 13:28:39,415] {logging_mixin.py:112} INFO - [2020-07-22 13:28:39,415] {spark_submit_hook.py:479} INFO - at py4j.GatewayConnection.run(GatewayConnection.java:238)
[2020-07-22 13:28:39,415] {logging_mixin.py:112} INFO - [2020-07-22 13:28:39,415] {spark_submit_hook.py:479} INFO - at java.lang.Thread.run(Thread.java:748)
[2020-07-22 13:28:39,416] {logging_mixin.py:112} INFO - [2020-07-22 13:28:39,415] {spark_submit_hook.py:479} INFO - 
[2020-07-22 13:28:39,570] {logging_mixin.py:112} INFO - [2020-07-22 13:28:39,570] {spark_submit_hook.py:479} INFO - 20/07/22 13:28:39 INFO ShutdownHookManager: Shutdown hook called
[2020-07-22 13:28:39,573] {logging_mixin.py:112} INFO - [2020-07-22 13:28:39,572] {spark_submit_hook.py:479} INFO - 20/07/22 13:28:39 INFO ShutdownHookManager: Deleting directory /tmp/spark-6a9cc854-c8ed-4f79-9055-b7c9185f4e64
[2020-07-22 13:28:39,578] {logging_mixin.py:112} INFO - [2020-07-22 13:28:39,577] {spark_submit_hook.py:479} INFO - 20/07/22 13:28:39 INFO ShutdownHookManager: Deleting directory /tmp/spark-f544eb25-f016-4476-a1e8-f304c4e938b8
[2020-07-22 13:28:39,625] {taskinstance.py:1145} ERROR - Cannot execute: spark-submit --master localhost:4040 --name airflow-spark /home/bhakti/airflow/spark_jobs/python/spark_test.py. Error code is: 1.
Traceback (most recent call last):
  File "/usr/local/lib/python3.8/dist-packages/airflow/models/taskinstance.py", line 983, in _run_raw_task
    result = task_copy.execute(context=context)
  File "/usr/local/lib/python3.8/dist-packages/airflow/contrib/operators/spark_submit_operator.py", line 187, in execute
    self._hook.submit(self._application)
  File "/usr/local/lib/python3.8/dist-packages/airflow/contrib/hooks/spark_submit_hook.py", line 403, in submit
    raise AirflowException(
airflow.exceptions.AirflowException: Cannot execute: spark-submit --master localhost:4040 --name airflow-spark /home/bhakti/airflow/spark_jobs/python/spark_test.py. Error code is: 1.
[2020-07-22 13:28:39,628] {taskinstance.py:1189} INFO - Marking task as FAILED.dag_id=submit_data, task_id=spark_submit, execution_date=20200720T011000, start_date=20200722T075831, end_date=20200722T075839
[2020-07-22 13:28:41,183] {logging_mixin.py:112} INFO - [2020-07-22 13:28:41,183] {local_task_job.py:103} INFO - Task exited with return code 1
