[2020-07-22 15:05:09,783] {taskinstance.py:669} INFO - Dependencies all met for <TaskInstance: submit_data.spark_submit 2020-07-20T04:16:00+00:00 [queued]>
[2020-07-22 15:05:09,797] {taskinstance.py:669} INFO - Dependencies all met for <TaskInstance: submit_data.spark_submit 2020-07-20T04:16:00+00:00 [queued]>
[2020-07-22 15:05:09,797] {taskinstance.py:879} INFO - 
--------------------------------------------------------------------------------
[2020-07-22 15:05:09,797] {taskinstance.py:880} INFO - Starting attempt 1 of 1
[2020-07-22 15:05:09,797] {taskinstance.py:881} INFO - 
--------------------------------------------------------------------------------
[2020-07-22 15:05:09,979] {taskinstance.py:900} INFO - Executing <Task(SparkSubmitOperator): spark_submit> on 2020-07-20T04:16:00+00:00
[2020-07-22 15:05:09,983] {standard_task_runner.py:53} INFO - Started process 474703 to run task
[2020-07-22 15:05:10,199] {logging_mixin.py:112} INFO - Running %s on host %s <TaskInstance: submit_data.spark_submit 2020-07-20T04:16:00+00:00 [running]> bhakti-Vostro-3558
[2020-07-22 15:05:10,236] {logging_mixin.py:112} INFO - [2020-07-22 15:05:10,236] {base_hook.py:87} INFO - Using connection to: id: spark_local. Host: local, Port: None, Schema: None, Login: None, Password: None, extra: None
[2020-07-22 15:05:10,238] {logging_mixin.py:112} INFO - [2020-07-22 15:05:10,238] {spark_submit_hook.py:325} INFO - Spark-Submit cmd: spark-submit --master local --name airflow-spark /home/bhakti/airflow/spark_jobs/python/spark_test.py
[2020-07-22 15:05:12,822] {logging_mixin.py:112} INFO - [2020-07-22 15:05:12,822] {spark_submit_hook.py:479} INFO - 20/07/22 15:05:12 WARN Utils: Your hostname, bhakti-Vostro-3558 resolves to a loopback address: 127.0.1.1; using 192.168.43.94 instead (on interface wlp6s0)
[2020-07-22 15:05:12,824] {logging_mixin.py:112} INFO - [2020-07-22 15:05:12,824] {spark_submit_hook.py:479} INFO - 20/07/22 15:05:12 WARN Utils: Set SPARK_LOCAL_IP if you need to bind to another address
[2020-07-22 15:05:14,484] {logging_mixin.py:112} INFO - [2020-07-22 15:05:14,484] {spark_submit_hook.py:479} INFO - 20/07/22 15:05:14 WARN NativeCodeLoader: Unable to load native-hadoop library for your platform... using builtin-java classes where applicable
[2020-07-22 15:05:16,394] {logging_mixin.py:112} INFO - [2020-07-22 15:05:16,393] {spark_submit_hook.py:479} INFO - Using Spark's default log4j profile: org/apache/spark/log4j-defaults.properties
[2020-07-22 15:05:16,420] {logging_mixin.py:112} INFO - [2020-07-22 15:05:16,420] {spark_submit_hook.py:479} INFO - 20/07/22 15:05:16 INFO SparkContext: Running Spark version 3.0.0
[2020-07-22 15:05:16,498] {logging_mixin.py:112} INFO - [2020-07-22 15:05:16,498] {spark_submit_hook.py:479} INFO - 20/07/22 15:05:16 INFO ResourceUtils: ==============================================================
[2020-07-22 15:05:16,500] {logging_mixin.py:112} INFO - [2020-07-22 15:05:16,500] {spark_submit_hook.py:479} INFO - 20/07/22 15:05:16 INFO ResourceUtils: Resources for spark.driver:
[2020-07-22 15:05:16,500] {logging_mixin.py:112} INFO - [2020-07-22 15:05:16,500] {spark_submit_hook.py:479} INFO - 
[2020-07-22 15:05:16,501] {logging_mixin.py:112} INFO - [2020-07-22 15:05:16,501] {spark_submit_hook.py:479} INFO - 20/07/22 15:05:16 INFO ResourceUtils: ==============================================================
[2020-07-22 15:05:16,502] {logging_mixin.py:112} INFO - [2020-07-22 15:05:16,502] {spark_submit_hook.py:479} INFO - 20/07/22 15:05:16 INFO SparkContext: Submitted application: Spark_Test_Python
[2020-07-22 15:05:16,611] {logging_mixin.py:112} INFO - [2020-07-22 15:05:16,611] {spark_submit_hook.py:479} INFO - 20/07/22 15:05:16 INFO SecurityManager: Changing view acls to: bhakti
[2020-07-22 15:05:16,611] {logging_mixin.py:112} INFO - [2020-07-22 15:05:16,611] {spark_submit_hook.py:479} INFO - 20/07/22 15:05:16 INFO SecurityManager: Changing modify acls to: bhakti
[2020-07-22 15:05:16,612] {logging_mixin.py:112} INFO - [2020-07-22 15:05:16,612] {spark_submit_hook.py:479} INFO - 20/07/22 15:05:16 INFO SecurityManager: Changing view acls groups to:
[2020-07-22 15:05:16,612] {logging_mixin.py:112} INFO - [2020-07-22 15:05:16,612] {spark_submit_hook.py:479} INFO - 20/07/22 15:05:16 INFO SecurityManager: Changing modify acls groups to:
[2020-07-22 15:05:16,612] {logging_mixin.py:112} INFO - [2020-07-22 15:05:16,612] {spark_submit_hook.py:479} INFO - 20/07/22 15:05:16 INFO SecurityManager: SecurityManager: authentication disabled; ui acls disabled; users  with view permissions: Set(bhakti); groups with view permissions: Set(); users  with modify permissions: Set(bhakti); groups with modify permissions: Set()
[2020-07-22 15:05:17,095] {logging_mixin.py:112} INFO - [2020-07-22 15:05:17,095] {spark_submit_hook.py:479} INFO - 20/07/22 15:05:17 INFO Utils: Successfully started service 'sparkDriver' on port 36313.
[2020-07-22 15:05:17,160] {logging_mixin.py:112} INFO - [2020-07-22 15:05:17,160] {spark_submit_hook.py:479} INFO - 20/07/22 15:05:17 INFO SparkEnv: Registering MapOutputTracker
[2020-07-22 15:05:17,227] {logging_mixin.py:112} INFO - [2020-07-22 15:05:17,227] {spark_submit_hook.py:479} INFO - 20/07/22 15:05:17 INFO SparkEnv: Registering BlockManagerMaster
[2020-07-22 15:05:17,272] {logging_mixin.py:112} INFO - [2020-07-22 15:05:17,272] {spark_submit_hook.py:479} INFO - 20/07/22 15:05:17 INFO BlockManagerMasterEndpoint: Using org.apache.spark.storage.DefaultTopologyMapper for getting topology information
[2020-07-22 15:05:17,273] {logging_mixin.py:112} INFO - [2020-07-22 15:05:17,273] {spark_submit_hook.py:479} INFO - 20/07/22 15:05:17 INFO BlockManagerMasterEndpoint: BlockManagerMasterEndpoint up
[2020-07-22 15:05:17,282] {logging_mixin.py:112} INFO - [2020-07-22 15:05:17,282] {spark_submit_hook.py:479} INFO - 20/07/22 15:05:17 INFO SparkEnv: Registering BlockManagerMasterHeartbeat
[2020-07-22 15:05:17,308] {logging_mixin.py:112} INFO - [2020-07-22 15:05:17,307] {spark_submit_hook.py:479} INFO - 20/07/22 15:05:17 INFO DiskBlockManager: Created local directory at /tmp/blockmgr-e709f90d-0b51-4e53-96f2-26b76a04cb72
[2020-07-22 15:05:17,343] {logging_mixin.py:112} INFO - [2020-07-22 15:05:17,342] {spark_submit_hook.py:479} INFO - 20/07/22 15:05:17 INFO MemoryStore: MemoryStore started with capacity 366.3 MiB
[2020-07-22 15:05:17,369] {logging_mixin.py:112} INFO - [2020-07-22 15:05:17,369] {spark_submit_hook.py:479} INFO - 20/07/22 15:05:17 INFO SparkEnv: Registering OutputCommitCoordinator
[2020-07-22 15:05:17,758] {logging_mixin.py:112} INFO - [2020-07-22 15:05:17,757] {spark_submit_hook.py:479} INFO - 20/07/22 15:05:17 WARN Utils: Service 'SparkUI' could not bind on port 4040. Attempting port 4041.
[2020-07-22 15:05:17,758] {logging_mixin.py:112} INFO - [2020-07-22 15:05:17,758] {spark_submit_hook.py:479} INFO - 20/07/22 15:05:17 WARN Utils: Service 'SparkUI' could not bind on port 4041. Attempting port 4042.
[2020-07-22 15:05:17,759] {logging_mixin.py:112} INFO - [2020-07-22 15:05:17,759] {spark_submit_hook.py:479} INFO - 20/07/22 15:05:17 WARN Utils: Service 'SparkUI' could not bind on port 4042. Attempting port 4043.
[2020-07-22 15:05:17,771] {logging_mixin.py:112} INFO - [2020-07-22 15:05:17,770] {spark_submit_hook.py:479} INFO - 20/07/22 15:05:17 INFO Utils: Successfully started service 'SparkUI' on port 4043.
[2020-07-22 15:05:17,934] {logging_mixin.py:112} INFO - [2020-07-22 15:05:17,934] {spark_submit_hook.py:479} INFO - 20/07/22 15:05:17 INFO SparkUI: Bound SparkUI to 0.0.0.0, and started at http://192.168.43.94:4043
[2020-07-22 15:05:18,432] {logging_mixin.py:112} INFO - [2020-07-22 15:05:18,432] {spark_submit_hook.py:479} INFO - 20/07/22 15:05:18 INFO Executor: Starting executor ID driver on host 192.168.43.94
[2020-07-22 15:05:18,479] {logging_mixin.py:112} INFO - [2020-07-22 15:05:18,479] {spark_submit_hook.py:479} INFO - 20/07/22 15:05:18 INFO Utils: Successfully started service 'org.apache.spark.network.netty.NettyBlockTransferService' on port 42103.
[2020-07-22 15:05:18,480] {logging_mixin.py:112} INFO - [2020-07-22 15:05:18,480] {spark_submit_hook.py:479} INFO - 20/07/22 15:05:18 INFO NettyBlockTransferService: Server created on 192.168.43.94:42103
[2020-07-22 15:05:18,483] {logging_mixin.py:112} INFO - [2020-07-22 15:05:18,482] {spark_submit_hook.py:479} INFO - 20/07/22 15:05:18 INFO BlockManager: Using org.apache.spark.storage.RandomBlockReplicationPolicy for block replication policy
[2020-07-22 15:05:18,499] {logging_mixin.py:112} INFO - [2020-07-22 15:05:18,498] {spark_submit_hook.py:479} INFO - 20/07/22 15:05:18 INFO BlockManagerMaster: Registering BlockManager BlockManagerId(driver, 192.168.43.94, 42103, None)
[2020-07-22 15:05:18,508] {logging_mixin.py:112} INFO - [2020-07-22 15:05:18,508] {spark_submit_hook.py:479} INFO - 20/07/22 15:05:18 INFO BlockManagerMasterEndpoint: Registering block manager 192.168.43.94:42103 with 366.3 MiB RAM, BlockManagerId(driver, 192.168.43.94, 42103, None)
[2020-07-22 15:05:18,515] {logging_mixin.py:112} INFO - [2020-07-22 15:05:18,514] {spark_submit_hook.py:479} INFO - 20/07/22 15:05:18 INFO BlockManagerMaster: Registered BlockManager BlockManagerId(driver, 192.168.43.94, 42103, None)
[2020-07-22 15:05:18,517] {logging_mixin.py:112} INFO - [2020-07-22 15:05:18,517] {spark_submit_hook.py:479} INFO - 20/07/22 15:05:18 INFO BlockManager: Initialized BlockManager: BlockManagerId(driver, 192.168.43.94, 42103, None)
[2020-07-22 15:05:19,997] {logging_mixin.py:112} INFO - [2020-07-22 15:05:19,997] {spark_submit_hook.py:479} INFO - 20/07/22 15:05:19 INFO SparkContext: Starting job: collect at /home/bhakti/airflow/spark_jobs/python/spark_test.py:8
[2020-07-22 15:05:20,078] {logging_mixin.py:112} INFO - [2020-07-22 15:05:20,078] {spark_submit_hook.py:479} INFO - 20/07/22 15:05:20 INFO DAGScheduler: Got job 0 (collect at /home/bhakti/airflow/spark_jobs/python/spark_test.py:8) with 1 output partitions
[2020-07-22 15:05:20,080] {logging_mixin.py:112} INFO - [2020-07-22 15:05:20,079] {spark_submit_hook.py:479} INFO - 20/07/22 15:05:20 INFO DAGScheduler: Final stage: ResultStage 0 (collect at /home/bhakti/airflow/spark_jobs/python/spark_test.py:8)
[2020-07-22 15:05:20,081] {logging_mixin.py:112} INFO - [2020-07-22 15:05:20,081] {spark_submit_hook.py:479} INFO - 20/07/22 15:05:20 INFO DAGScheduler: Parents of final stage: List()
[2020-07-22 15:05:20,100] {logging_mixin.py:112} INFO - [2020-07-22 15:05:20,099] {spark_submit_hook.py:479} INFO - 20/07/22 15:05:20 INFO DAGScheduler: Missing parents: List()
[2020-07-22 15:05:20,148] {logging_mixin.py:112} INFO - [2020-07-22 15:05:20,148] {spark_submit_hook.py:479} INFO - 20/07/22 15:05:20 INFO DAGScheduler: Submitting ResultStage 0 (PythonRDD[1] at collect at /home/bhakti/airflow/spark_jobs/python/spark_test.py:8), which has no missing parents
[2020-07-22 15:05:20,510] {logging_mixin.py:112} INFO - [2020-07-22 15:05:20,510] {spark_submit_hook.py:479} INFO - 20/07/22 15:05:20 INFO MemoryStore: Block broadcast_0 stored as values in memory (estimated size 4.8 KiB, free 366.3 MiB)
[2020-07-22 15:05:20,653] {logging_mixin.py:112} INFO - [2020-07-22 15:05:20,652] {spark_submit_hook.py:479} INFO - 20/07/22 15:05:20 INFO MemoryStore: Block broadcast_0_piece0 stored as bytes in memory (estimated size 3.1 KiB, free 366.3 MiB)
[2020-07-22 15:05:20,658] {logging_mixin.py:112} INFO - [2020-07-22 15:05:20,657] {spark_submit_hook.py:479} INFO - 20/07/22 15:05:20 INFO BlockManagerInfo: Added broadcast_0_piece0 in memory on 192.168.43.94:42103 (size: 3.1 KiB, free: 366.3 MiB)
[2020-07-22 15:05:20,672] {logging_mixin.py:112} INFO - [2020-07-22 15:05:20,671] {spark_submit_hook.py:479} INFO - 20/07/22 15:05:20 INFO SparkContext: Created broadcast 0 from broadcast at DAGScheduler.scala:1200
[2020-07-22 15:05:20,709] {logging_mixin.py:112} INFO - [2020-07-22 15:05:20,709] {spark_submit_hook.py:479} INFO - 20/07/22 15:05:20 INFO DAGScheduler: Submitting 1 missing tasks from ResultStage 0 (PythonRDD[1] at collect at /home/bhakti/airflow/spark_jobs/python/spark_test.py:8) (first 15 tasks are for partitions Vector(0))
[2020-07-22 15:05:20,713] {logging_mixin.py:112} INFO - [2020-07-22 15:05:20,713] {spark_submit_hook.py:479} INFO - 20/07/22 15:05:20 INFO TaskSchedulerImpl: Adding task set 0.0 with 1 tasks
[2020-07-22 15:05:20,924] {logging_mixin.py:112} INFO - [2020-07-22 15:05:20,924] {spark_submit_hook.py:479} INFO - 20/07/22 15:05:20 INFO TaskSetManager: Starting task 0.0 in stage 0.0 (TID 0, 192.168.43.94, executor driver, partition 0, PROCESS_LOCAL, 7369 bytes)
[2020-07-22 15:05:20,972] {logging_mixin.py:112} INFO - [2020-07-22 15:05:20,972] {spark_submit_hook.py:479} INFO - 20/07/22 15:05:20 INFO Executor: Running task 0.0 in stage 0.0 (TID 0)
[2020-07-22 15:05:22,555] {logging_mixin.py:112} INFO - [2020-07-22 15:05:22,555] {spark_submit_hook.py:479} INFO - 20/07/22 15:05:22 INFO PythonRunner: Times: total = 919, boot = 895, init = 24, finish = 0
[2020-07-22 15:05:22,594] {logging_mixin.py:112} INFO - [2020-07-22 15:05:22,594] {spark_submit_hook.py:479} INFO - 20/07/22 15:05:22 INFO Executor: Finished task 0.0 in stage 0.0 (TID 0). 1533 bytes result sent to driver
[2020-07-22 15:05:22,617] {logging_mixin.py:112} INFO - [2020-07-22 15:05:22,617] {spark_submit_hook.py:479} INFO - 20/07/22 15:05:22 INFO TaskSetManager: Finished task 0.0 in stage 0.0 (TID 0) in 1782 ms on 192.168.43.94 (executor driver) (1/1)
[2020-07-22 15:05:22,623] {logging_mixin.py:112} INFO - [2020-07-22 15:05:22,623] {spark_submit_hook.py:479} INFO - 20/07/22 15:05:22 INFO TaskSchedulerImpl: Removed TaskSet 0.0, whose tasks have all completed, from pool
[2020-07-22 15:05:22,628] {logging_mixin.py:112} INFO - [2020-07-22 15:05:22,627] {spark_submit_hook.py:479} INFO - 20/07/22 15:05:22 INFO PythonAccumulatorV2: Connected to AccumulatorServer at host: 127.0.0.1 port: 49037
[2020-07-22 15:05:22,637] {logging_mixin.py:112} INFO - [2020-07-22 15:05:22,636] {spark_submit_hook.py:479} INFO - 20/07/22 15:05:22 INFO DAGScheduler: ResultStage 0 (collect at /home/bhakti/airflow/spark_jobs/python/spark_test.py:8) finished in 2.380 s
[2020-07-22 15:05:22,655] {logging_mixin.py:112} INFO - [2020-07-22 15:05:22,655] {spark_submit_hook.py:479} INFO - 20/07/22 15:05:22 INFO DAGScheduler: Job 0 is finished. Cancelling potential speculative or zombie tasks for this job
[2020-07-22 15:05:22,657] {logging_mixin.py:112} INFO - [2020-07-22 15:05:22,656] {spark_submit_hook.py:479} INFO - 20/07/22 15:05:22 INFO TaskSchedulerImpl: Killing all running tasks in stage 0: Stage finished
[2020-07-22 15:05:22,661] {logging_mixin.py:112} INFO - [2020-07-22 15:05:22,661] {spark_submit_hook.py:479} INFO - 20/07/22 15:05:22 INFO DAGScheduler: Job 0 finished: collect at /home/bhakti/airflow/spark_jobs/python/spark_test.py:8, took 2.663284 s
[2020-07-22 15:05:22,695] {logging_mixin.py:112} INFO - [2020-07-22 15:05:22,695] {spark_submit_hook.py:479} INFO - [4, 5]
[2020-07-22 15:05:22,759] {logging_mixin.py:112} INFO - [2020-07-22 15:05:22,759] {spark_submit_hook.py:479} INFO - 20/07/22 15:05:22 INFO SparkContext: Invoking stop() from shutdown hook
[2020-07-22 15:05:22,769] {logging_mixin.py:112} INFO - [2020-07-22 15:05:22,769] {spark_submit_hook.py:479} INFO - 20/07/22 15:05:22 INFO SparkUI: Stopped Spark web UI at http://192.168.43.94:4043
[2020-07-22 15:05:22,793] {logging_mixin.py:112} INFO - [2020-07-22 15:05:22,793] {spark_submit_hook.py:479} INFO - 20/07/22 15:05:22 INFO MapOutputTrackerMasterEndpoint: MapOutputTrackerMasterEndpoint stopped!
[2020-07-22 15:05:22,809] {logging_mixin.py:112} INFO - [2020-07-22 15:05:22,808] {spark_submit_hook.py:479} INFO - 20/07/22 15:05:22 INFO MemoryStore: MemoryStore cleared
[2020-07-22 15:05:22,811] {logging_mixin.py:112} INFO - [2020-07-22 15:05:22,810] {spark_submit_hook.py:479} INFO - 20/07/22 15:05:22 INFO BlockManager: BlockManager stopped
[2020-07-22 15:05:22,826] {logging_mixin.py:112} INFO - [2020-07-22 15:05:22,825] {spark_submit_hook.py:479} INFO - 20/07/22 15:05:22 INFO BlockManagerMaster: BlockManagerMaster stopped
[2020-07-22 15:05:22,832] {logging_mixin.py:112} INFO - [2020-07-22 15:05:22,832] {spark_submit_hook.py:479} INFO - 20/07/22 15:05:22 INFO OutputCommitCoordinator$OutputCommitCoordinatorEndpoint: OutputCommitCoordinator stopped!
[2020-07-22 15:05:22,843] {logging_mixin.py:112} INFO - [2020-07-22 15:05:22,843] {spark_submit_hook.py:479} INFO - 20/07/22 15:05:22 INFO SparkContext: Successfully stopped SparkContext
[2020-07-22 15:05:22,844] {logging_mixin.py:112} INFO - [2020-07-22 15:05:22,843] {spark_submit_hook.py:479} INFO - 20/07/22 15:05:22 INFO ShutdownHookManager: Shutdown hook called
[2020-07-22 15:05:22,845] {logging_mixin.py:112} INFO - [2020-07-22 15:05:22,845] {spark_submit_hook.py:479} INFO - 20/07/22 15:05:22 INFO ShutdownHookManager: Deleting directory /tmp/spark-7a96e77e-8345-432e-8a28-9bf85eae14c7
[2020-07-22 15:05:22,853] {logging_mixin.py:112} INFO - [2020-07-22 15:05:22,852] {spark_submit_hook.py:479} INFO - 20/07/22 15:05:22 INFO ShutdownHookManager: Deleting directory /tmp/spark-7a96e77e-8345-432e-8a28-9bf85eae14c7/pyspark-08f8a257-51ed-4ae8-af5a-6823251cf1ae
[2020-07-22 15:05:22,858] {logging_mixin.py:112} INFO - [2020-07-22 15:05:22,858] {spark_submit_hook.py:479} INFO - 20/07/22 15:05:22 INFO ShutdownHookManager: Deleting directory /tmp/spark-369959b3-0b00-4944-829d-34efa93ce6d2
[2020-07-22 15:05:22,949] {taskinstance.py:1052} INFO - Marking task as SUCCESS.dag_id=submit_data, task_id=spark_submit, execution_date=20200720T041600, start_date=20200722T093509, end_date=20200722T093522
[2020-07-22 15:05:24,627] {logging_mixin.py:112} INFO - [2020-07-22 15:05:24,627] {local_task_job.py:103} INFO - Task exited with return code 0
