[2020-07-22 18:08:32,561] {taskinstance.py:669} INFO - Dependencies all met for <TaskInstance: submit_data.spark_submit 2020-07-20T08:43:00+00:00 [queued]>
[2020-07-22 18:08:32,575] {taskinstance.py:669} INFO - Dependencies all met for <TaskInstance: submit_data.spark_submit 2020-07-20T08:43:00+00:00 [queued]>
[2020-07-22 18:08:32,575] {taskinstance.py:879} INFO - 
--------------------------------------------------------------------------------
[2020-07-22 18:08:32,575] {taskinstance.py:880} INFO - Starting attempt 1 of 1
[2020-07-22 18:08:32,575] {taskinstance.py:881} INFO - 
--------------------------------------------------------------------------------
[2020-07-22 18:08:32,759] {taskinstance.py:900} INFO - Executing <Task(SparkSubmitOperator): spark_submit> on 2020-07-20T08:43:00+00:00
[2020-07-22 18:08:32,764] {standard_task_runner.py:53} INFO - Started process 706247 to run task
[2020-07-22 18:08:33,094] {logging_mixin.py:112} INFO - Running %s on host %s <TaskInstance: submit_data.spark_submit 2020-07-20T08:43:00+00:00 [running]> bhakti-Vostro-3558
[2020-07-22 18:08:33,134] {logging_mixin.py:112} INFO - [2020-07-22 18:08:33,133] {base_hook.py:87} INFO - Using connection to: id: spark_local. Host: local, Port: None, Schema: None, Login: None, Password: None, extra: None
[2020-07-22 18:08:33,135] {logging_mixin.py:112} INFO - [2020-07-22 18:08:33,135] {spark_submit_hook.py:325} INFO - Spark-Submit cmd: spark-submit --master local --name airflow-spark /home/bhakti/airflow/spark_jobs/spark_test.py
[2020-07-22 18:08:35,792] {logging_mixin.py:112} INFO - [2020-07-22 18:08:35,791] {spark_submit_hook.py:479} INFO - 20/07/22 18:08:35 WARN Utils: Your hostname, bhakti-Vostro-3558 resolves to a loopback address: 127.0.1.1; using 192.168.43.94 instead (on interface wlp6s0)
[2020-07-22 18:08:35,793] {logging_mixin.py:112} INFO - [2020-07-22 18:08:35,792] {spark_submit_hook.py:479} INFO - 20/07/22 18:08:35 WARN Utils: Set SPARK_LOCAL_IP if you need to bind to another address
[2020-07-22 18:08:37,176] {logging_mixin.py:112} INFO - [2020-07-22 18:08:37,176] {spark_submit_hook.py:479} INFO - 20/07/22 18:08:37 WARN NativeCodeLoader: Unable to load native-hadoop library for your platform... using builtin-java classes where applicable
[2020-07-22 18:08:39,126] {logging_mixin.py:112} INFO - [2020-07-22 18:08:39,126] {spark_submit_hook.py:479} INFO - Using Spark's default log4j profile: org/apache/spark/log4j-defaults.properties
[2020-07-22 18:08:39,140] {logging_mixin.py:112} INFO - [2020-07-22 18:08:39,140] {spark_submit_hook.py:479} INFO - 20/07/22 18:08:39 INFO SparkContext: Running Spark version 3.0.0
[2020-07-22 18:08:39,211] {logging_mixin.py:112} INFO - [2020-07-22 18:08:39,210] {spark_submit_hook.py:479} INFO - 20/07/22 18:08:39 INFO ResourceUtils: ==============================================================
[2020-07-22 18:08:39,213] {logging_mixin.py:112} INFO - [2020-07-22 18:08:39,213] {spark_submit_hook.py:479} INFO - 20/07/22 18:08:39 INFO ResourceUtils: Resources for spark.driver:
[2020-07-22 18:08:39,214] {logging_mixin.py:112} INFO - [2020-07-22 18:08:39,213] {spark_submit_hook.py:479} INFO - 
[2020-07-22 18:08:39,214] {logging_mixin.py:112} INFO - [2020-07-22 18:08:39,214] {spark_submit_hook.py:479} INFO - 20/07/22 18:08:39 INFO ResourceUtils: ==============================================================
[2020-07-22 18:08:39,215] {logging_mixin.py:112} INFO - [2020-07-22 18:08:39,215] {spark_submit_hook.py:479} INFO - 20/07/22 18:08:39 INFO SparkContext: Submitted application: Spark_Test_Python
[2020-07-22 18:08:39,321] {logging_mixin.py:112} INFO - [2020-07-22 18:08:39,320] {spark_submit_hook.py:479} INFO - 20/07/22 18:08:39 INFO SecurityManager: Changing view acls to: bhakti
[2020-07-22 18:08:39,321] {logging_mixin.py:112} INFO - [2020-07-22 18:08:39,321] {spark_submit_hook.py:479} INFO - 20/07/22 18:08:39 INFO SecurityManager: Changing modify acls to: bhakti
[2020-07-22 18:08:39,322] {logging_mixin.py:112} INFO - [2020-07-22 18:08:39,321] {spark_submit_hook.py:479} INFO - 20/07/22 18:08:39 INFO SecurityManager: Changing view acls groups to:
[2020-07-22 18:08:39,322] {logging_mixin.py:112} INFO - [2020-07-22 18:08:39,322] {spark_submit_hook.py:479} INFO - 20/07/22 18:08:39 INFO SecurityManager: Changing modify acls groups to:
[2020-07-22 18:08:39,322] {logging_mixin.py:112} INFO - [2020-07-22 18:08:39,322] {spark_submit_hook.py:479} INFO - 20/07/22 18:08:39 INFO SecurityManager: SecurityManager: authentication disabled; ui acls disabled; users  with view permissions: Set(bhakti); groups with view permissions: Set(); users  with modify permissions: Set(bhakti); groups with modify permissions: Set()
[2020-07-22 18:08:39,763] {logging_mixin.py:112} INFO - [2020-07-22 18:08:39,763] {spark_submit_hook.py:479} INFO - 20/07/22 18:08:39 INFO Utils: Successfully started service 'sparkDriver' on port 41407.
[2020-07-22 18:08:39,814] {logging_mixin.py:112} INFO - [2020-07-22 18:08:39,814] {spark_submit_hook.py:479} INFO - 20/07/22 18:08:39 INFO SparkEnv: Registering MapOutputTracker
[2020-07-22 18:08:39,874] {logging_mixin.py:112} INFO - [2020-07-22 18:08:39,874] {spark_submit_hook.py:479} INFO - 20/07/22 18:08:39 INFO SparkEnv: Registering BlockManagerMaster
[2020-07-22 18:08:39,933] {logging_mixin.py:112} INFO - [2020-07-22 18:08:39,932] {spark_submit_hook.py:479} INFO - 20/07/22 18:08:39 INFO BlockManagerMasterEndpoint: Using org.apache.spark.storage.DefaultTopologyMapper for getting topology information
[2020-07-22 18:08:39,933] {logging_mixin.py:112} INFO - [2020-07-22 18:08:39,933] {spark_submit_hook.py:479} INFO - 20/07/22 18:08:39 INFO BlockManagerMasterEndpoint: BlockManagerMasterEndpoint up
[2020-07-22 18:08:39,967] {logging_mixin.py:112} INFO - [2020-07-22 18:08:39,967] {spark_submit_hook.py:479} INFO - 20/07/22 18:08:39 INFO SparkEnv: Registering BlockManagerMasterHeartbeat
[2020-07-22 18:08:40,007] {logging_mixin.py:112} INFO - [2020-07-22 18:08:40,007] {spark_submit_hook.py:479} INFO - 20/07/22 18:08:40 INFO DiskBlockManager: Created local directory at /tmp/blockmgr-9d3b5af4-97b3-452c-bd70-d718cff5f7b1
[2020-07-22 18:08:40,050] {logging_mixin.py:112} INFO - [2020-07-22 18:08:40,049] {spark_submit_hook.py:479} INFO - 20/07/22 18:08:40 INFO MemoryStore: MemoryStore started with capacity 366.3 MiB
[2020-07-22 18:08:40,087] {logging_mixin.py:112} INFO - [2020-07-22 18:08:40,087] {spark_submit_hook.py:479} INFO - 20/07/22 18:08:40 INFO SparkEnv: Registering OutputCommitCoordinator
[2020-07-22 18:08:40,489] {logging_mixin.py:112} INFO - [2020-07-22 18:08:40,489] {spark_submit_hook.py:479} INFO - 20/07/22 18:08:40 INFO Utils: Successfully started service 'SparkUI' on port 4040.
[2020-07-22 18:08:40,580] {logging_mixin.py:112} INFO - [2020-07-22 18:08:40,579] {spark_submit_hook.py:479} INFO - 20/07/22 18:08:40 INFO SparkUI: Bound SparkUI to 0.0.0.0, and started at http://192.168.43.94:4040
[2020-07-22 18:08:41,231] {logging_mixin.py:112} INFO - [2020-07-22 18:08:41,231] {spark_submit_hook.py:479} INFO - 20/07/22 18:08:41 INFO Executor: Starting executor ID driver on host 192.168.43.94
[2020-07-22 18:08:41,315] {logging_mixin.py:112} INFO - [2020-07-22 18:08:41,315] {spark_submit_hook.py:479} INFO - 20/07/22 18:08:41 INFO Utils: Successfully started service 'org.apache.spark.network.netty.NettyBlockTransferService' on port 43693.
[2020-07-22 18:08:41,316] {logging_mixin.py:112} INFO - [2020-07-22 18:08:41,316] {spark_submit_hook.py:479} INFO - 20/07/22 18:08:41 INFO NettyBlockTransferService: Server created on 192.168.43.94:43693
[2020-07-22 18:08:41,320] {logging_mixin.py:112} INFO - [2020-07-22 18:08:41,320] {spark_submit_hook.py:479} INFO - 20/07/22 18:08:41 INFO BlockManager: Using org.apache.spark.storage.RandomBlockReplicationPolicy for block replication policy
[2020-07-22 18:08:41,338] {logging_mixin.py:112} INFO - [2020-07-22 18:08:41,337] {spark_submit_hook.py:479} INFO - 20/07/22 18:08:41 INFO BlockManagerMaster: Registering BlockManager BlockManagerId(driver, 192.168.43.94, 43693, None)
[2020-07-22 18:08:41,346] {logging_mixin.py:112} INFO - [2020-07-22 18:08:41,346] {spark_submit_hook.py:479} INFO - 20/07/22 18:08:41 INFO BlockManagerMasterEndpoint: Registering block manager 192.168.43.94:43693 with 366.3 MiB RAM, BlockManagerId(driver, 192.168.43.94, 43693, None)
[2020-07-22 18:08:41,353] {logging_mixin.py:112} INFO - [2020-07-22 18:08:41,353] {spark_submit_hook.py:479} INFO - 20/07/22 18:08:41 INFO BlockManagerMaster: Registered BlockManager BlockManagerId(driver, 192.168.43.94, 43693, None)
[2020-07-22 18:08:41,366] {logging_mixin.py:112} INFO - [2020-07-22 18:08:41,365] {spark_submit_hook.py:479} INFO - 20/07/22 18:08:41 INFO BlockManager: Initialized BlockManager: BlockManagerId(driver, 192.168.43.94, 43693, None)
[2020-07-22 18:08:43,142] {logging_mixin.py:112} INFO - [2020-07-22 18:08:43,141] {spark_submit_hook.py:479} INFO - 20/07/22 18:08:43 INFO MemoryStore: Block broadcast_0 stored as values in memory (estimated size 241.5 KiB, free 366.1 MiB)
[2020-07-22 18:08:43,278] {logging_mixin.py:112} INFO - [2020-07-22 18:08:43,278] {spark_submit_hook.py:479} INFO - 20/07/22 18:08:43 INFO MemoryStore: Block broadcast_0_piece0 stored as bytes in memory (estimated size 23.4 KiB, free 366.0 MiB)
[2020-07-22 18:08:43,283] {logging_mixin.py:112} INFO - [2020-07-22 18:08:43,283] {spark_submit_hook.py:479} INFO - 20/07/22 18:08:43 INFO BlockManagerInfo: Added broadcast_0_piece0 in memory on 192.168.43.94:43693 (size: 23.4 KiB, free: 366.3 MiB)
[2020-07-22 18:08:43,292] {logging_mixin.py:112} INFO - [2020-07-22 18:08:43,292] {spark_submit_hook.py:479} INFO - 20/07/22 18:08:43 INFO SparkContext: Created broadcast 0 from textFile at NativeMethodAccessorImpl.java:0
[2020-07-22 18:08:43,621] {logging_mixin.py:112} INFO - [2020-07-22 18:08:43,621] {spark_submit_hook.py:479} INFO - 20/07/22 18:08:43 INFO FileInputFormat: Total input paths to process : 1
[2020-07-22 18:08:43,747] {logging_mixin.py:112} INFO - [2020-07-22 18:08:43,747] {spark_submit_hook.py:479} INFO - 20/07/22 18:08:43 INFO SparkContext: Starting job: collect at /home/bhakti/airflow/spark_jobs/spark_test.py:8
[2020-07-22 18:08:43,776] {logging_mixin.py:112} INFO - [2020-07-22 18:08:43,776] {spark_submit_hook.py:479} INFO - 20/07/22 18:08:43 INFO DAGScheduler: Got job 0 (collect at /home/bhakti/airflow/spark_jobs/spark_test.py:8) with 1 output partitions
[2020-07-22 18:08:43,777] {logging_mixin.py:112} INFO - [2020-07-22 18:08:43,777] {spark_submit_hook.py:479} INFO - 20/07/22 18:08:43 INFO DAGScheduler: Final stage: ResultStage 0 (collect at /home/bhakti/airflow/spark_jobs/spark_test.py:8)
[2020-07-22 18:08:43,778] {logging_mixin.py:112} INFO - [2020-07-22 18:08:43,778] {spark_submit_hook.py:479} INFO - 20/07/22 18:08:43 INFO DAGScheduler: Parents of final stage: List()
[2020-07-22 18:08:43,782] {logging_mixin.py:112} INFO - [2020-07-22 18:08:43,782] {spark_submit_hook.py:479} INFO - 20/07/22 18:08:43 INFO DAGScheduler: Missing parents: List()
[2020-07-22 18:08:43,795] {logging_mixin.py:112} INFO - [2020-07-22 18:08:43,795] {spark_submit_hook.py:479} INFO - 20/07/22 18:08:43 INFO DAGScheduler: Submitting ResultStage 0 (PythonRDD[2] at collect at /home/bhakti/airflow/spark_jobs/spark_test.py:8), which has no missing parents
[2020-07-22 18:08:43,875] {logging_mixin.py:112} INFO - [2020-07-22 18:08:43,875] {spark_submit_hook.py:479} INFO - 20/07/22 18:08:43 INFO MemoryStore: Block broadcast_1 stored as values in memory (estimated size 7.4 KiB, free 366.0 MiB)
[2020-07-22 18:08:43,884] {logging_mixin.py:112} INFO - [2020-07-22 18:08:43,884] {spark_submit_hook.py:479} INFO - 20/07/22 18:08:43 INFO MemoryStore: Block broadcast_1_piece0 stored as bytes in memory (estimated size 4.4 KiB, free 366.0 MiB)
[2020-07-22 18:08:43,886] {logging_mixin.py:112} INFO - [2020-07-22 18:08:43,885] {spark_submit_hook.py:479} INFO - 20/07/22 18:08:43 INFO BlockManagerInfo: Added broadcast_1_piece0 in memory on 192.168.43.94:43693 (size: 4.4 KiB, free: 366.3 MiB)
[2020-07-22 18:08:43,887] {logging_mixin.py:112} INFO - [2020-07-22 18:08:43,887] {spark_submit_hook.py:479} INFO - 20/07/22 18:08:43 INFO SparkContext: Created broadcast 1 from broadcast at DAGScheduler.scala:1200
[2020-07-22 18:08:43,913] {logging_mixin.py:112} INFO - [2020-07-22 18:08:43,913] {spark_submit_hook.py:479} INFO - 20/07/22 18:08:43 INFO DAGScheduler: Submitting 1 missing tasks from ResultStage 0 (PythonRDD[2] at collect at /home/bhakti/airflow/spark_jobs/spark_test.py:8) (first 15 tasks are for partitions Vector(0))
[2020-07-22 18:08:43,915] {logging_mixin.py:112} INFO - [2020-07-22 18:08:43,915] {spark_submit_hook.py:479} INFO - 20/07/22 18:08:43 INFO TaskSchedulerImpl: Adding task set 0.0 with 1 tasks
[2020-07-22 18:08:44,069] {logging_mixin.py:112} INFO - [2020-07-22 18:08:44,068] {spark_submit_hook.py:479} INFO - 20/07/22 18:08:44 INFO TaskSetManager: Starting task 0.0 in stage 0.0 (TID 0, 192.168.43.94, executor driver, partition 0, PROCESS_LOCAL, 7388 bytes)
[2020-07-22 18:08:44,109] {logging_mixin.py:112} INFO - [2020-07-22 18:08:44,108] {spark_submit_hook.py:479} INFO - 20/07/22 18:08:44 INFO Executor: Running task 0.0 in stage 0.0 (TID 0)
[2020-07-22 18:08:44,798] {logging_mixin.py:112} INFO - [2020-07-22 18:08:44,798] {spark_submit_hook.py:479} INFO - 20/07/22 18:08:44 INFO HadoopRDD: Input split: file:/home/bhakti/airflow/input_data/sample.csv:0+93
[2020-07-22 18:08:45,679] {logging_mixin.py:112} INFO - [2020-07-22 18:08:45,678] {spark_submit_hook.py:479} INFO - 20/07/22 18:08:45 INFO PythonRunner: Times: total = 823, boot = 798, init = 25, finish = 0
[2020-07-22 18:08:45,718] {logging_mixin.py:112} INFO - [2020-07-22 18:08:45,718] {spark_submit_hook.py:479} INFO - 20/07/22 18:08:45 INFO Executor: Finished task 0.0 in stage 0.0 (TID 0). 1779 bytes result sent to driver
[2020-07-22 18:08:45,735] {logging_mixin.py:112} INFO - [2020-07-22 18:08:45,734] {spark_submit_hook.py:479} INFO - 20/07/22 18:08:45 INFO TaskSetManager: Finished task 0.0 in stage 0.0 (TID 0) in 1719 ms on 192.168.43.94 (executor driver) (1/1)
[2020-07-22 18:08:45,744] {logging_mixin.py:112} INFO - [2020-07-22 18:08:45,743] {spark_submit_hook.py:479} INFO - 20/07/22 18:08:45 INFO TaskSchedulerImpl: Removed TaskSet 0.0, whose tasks have all completed, from pool
[2020-07-22 18:08:45,746] {logging_mixin.py:112} INFO - [2020-07-22 18:08:45,746] {spark_submit_hook.py:479} INFO - 20/07/22 18:08:45 INFO PythonAccumulatorV2: Connected to AccumulatorServer at host: 127.0.0.1 port: 52269
[2020-07-22 18:08:45,763] {logging_mixin.py:112} INFO - [2020-07-22 18:08:45,762] {spark_submit_hook.py:479} INFO - 20/07/22 18:08:45 INFO DAGScheduler: ResultStage 0 (collect at /home/bhakti/airflow/spark_jobs/spark_test.py:8) finished in 1.910 s
[2020-07-22 18:08:45,777] {logging_mixin.py:112} INFO - [2020-07-22 18:08:45,776] {spark_submit_hook.py:479} INFO - 20/07/22 18:08:45 INFO DAGScheduler: Job 0 is finished. Cancelling potential speculative or zombie tasks for this job
[2020-07-22 18:08:45,778] {logging_mixin.py:112} INFO - [2020-07-22 18:08:45,778] {spark_submit_hook.py:479} INFO - 20/07/22 18:08:45 INFO TaskSchedulerImpl: Killing all running tasks in stage 0: Stage finished
[2020-07-22 18:08:45,789] {logging_mixin.py:112} INFO - [2020-07-22 18:08:45,789] {spark_submit_hook.py:479} INFO - 20/07/22 18:08:45 INFO DAGScheduler: Job 0 finished: collect at /home/bhakti/airflow/spark_jobs/spark_test.py:8, took 2.034453 s
[2020-07-22 18:08:45,810] {logging_mixin.py:112} INFO - [2020-07-22 18:08:45,810] {spark_submit_hook.py:479} INFO - [('PERSON', 'JOINING_YEAR', 'COMPANY'), ('John', '2018', 'Google'), ('Sam', '2017', 'IBM'), ('Jeff', '2014', 'Yahoo'), ('Allen', '2015', 'Facebook')]
[2020-07-22 18:08:45,941] {logging_mixin.py:112} INFO - [2020-07-22 18:08:45,941] {spark_submit_hook.py:479} INFO - 20/07/22 18:08:45 INFO BlockManagerInfo: Removed broadcast_1_piece0 on 192.168.43.94:43693 in memory (size: 4.4 KiB, free: 366.3 MiB)
[2020-07-22 18:08:47,015] {logging_mixin.py:112} INFO - [2020-07-22 18:08:47,014] {spark_submit_hook.py:479} INFO - 20/07/22 18:08:47 INFO SharedState: Setting hive.metastore.warehouse.dir ('null') to the value of spark.sql.warehouse.dir ('file:/home/bhakti/airflow/spark-warehouse').
[2020-07-22 18:08:47,016] {logging_mixin.py:112} INFO - [2020-07-22 18:08:47,015] {spark_submit_hook.py:479} INFO - 20/07/22 18:08:47 INFO SharedState: Warehouse path is 'file:/home/bhakti/airflow/spark-warehouse'.
[2020-07-22 18:08:51,723] {logging_mixin.py:112} INFO - [2020-07-22 18:08:51,723] {spark_submit_hook.py:479} INFO - 20/07/22 18:08:51 INFO CodeGenerator: Code generated in 338.941928 ms
[2020-07-22 18:08:51,793] {logging_mixin.py:112} INFO - [2020-07-22 18:08:51,792] {spark_submit_hook.py:479} INFO - 20/07/22 18:08:51 INFO SparkContext: Starting job: showString at NativeMethodAccessorImpl.java:0
[2020-07-22 18:08:51,795] {logging_mixin.py:112} INFO - [2020-07-22 18:08:51,795] {spark_submit_hook.py:479} INFO - 20/07/22 18:08:51 INFO DAGScheduler: Got job 1 (showString at NativeMethodAccessorImpl.java:0) with 1 output partitions
[2020-07-22 18:08:51,796] {logging_mixin.py:112} INFO - [2020-07-22 18:08:51,796] {spark_submit_hook.py:479} INFO - 20/07/22 18:08:51 INFO DAGScheduler: Final stage: ResultStage 1 (showString at NativeMethodAccessorImpl.java:0)
[2020-07-22 18:08:51,796] {logging_mixin.py:112} INFO - [2020-07-22 18:08:51,796] {spark_submit_hook.py:479} INFO - 20/07/22 18:08:51 INFO DAGScheduler: Parents of final stage: List()
[2020-07-22 18:08:51,797] {logging_mixin.py:112} INFO - [2020-07-22 18:08:51,797] {spark_submit_hook.py:479} INFO - 20/07/22 18:08:51 INFO DAGScheduler: Missing parents: List()
[2020-07-22 18:08:51,799] {logging_mixin.py:112} INFO - [2020-07-22 18:08:51,799] {spark_submit_hook.py:479} INFO - 20/07/22 18:08:51 INFO DAGScheduler: Submitting ResultStage 1 (MapPartitionsRDD[9] at showString at NativeMethodAccessorImpl.java:0), which has no missing parents
[2020-07-22 18:08:51,824] {logging_mixin.py:112} INFO - [2020-07-22 18:08:51,824] {spark_submit_hook.py:479} INFO - 20/07/22 18:08:51 INFO MemoryStore: Block broadcast_2 stored as values in memory (estimated size 11.2 KiB, free 366.0 MiB)
[2020-07-22 18:08:51,827] {logging_mixin.py:112} INFO - [2020-07-22 18:08:51,827] {spark_submit_hook.py:479} INFO - 20/07/22 18:08:51 INFO MemoryStore: Block broadcast_2_piece0 stored as bytes in memory (estimated size 5.8 KiB, free 366.0 MiB)
[2020-07-22 18:08:51,829] {logging_mixin.py:112} INFO - [2020-07-22 18:08:51,828] {spark_submit_hook.py:479} INFO - 20/07/22 18:08:51 INFO BlockManagerInfo: Added broadcast_2_piece0 in memory on 192.168.43.94:43693 (size: 5.8 KiB, free: 366.3 MiB)
[2020-07-22 18:08:51,830] {logging_mixin.py:112} INFO - [2020-07-22 18:08:51,830] {spark_submit_hook.py:479} INFO - 20/07/22 18:08:51 INFO SparkContext: Created broadcast 2 from broadcast at DAGScheduler.scala:1200
[2020-07-22 18:08:51,831] {logging_mixin.py:112} INFO - [2020-07-22 18:08:51,831] {spark_submit_hook.py:479} INFO - 20/07/22 18:08:51 INFO DAGScheduler: Submitting 1 missing tasks from ResultStage 1 (MapPartitionsRDD[9] at showString at NativeMethodAccessorImpl.java:0) (first 15 tasks are for partitions Vector(0))
[2020-07-22 18:08:51,832] {logging_mixin.py:112} INFO - [2020-07-22 18:08:51,831] {spark_submit_hook.py:479} INFO - 20/07/22 18:08:51 INFO TaskSchedulerImpl: Adding task set 1.0 with 1 tasks
[2020-07-22 18:08:51,850] {logging_mixin.py:112} INFO - [2020-07-22 18:08:51,850] {spark_submit_hook.py:479} INFO - 20/07/22 18:08:51 INFO TaskSetManager: Starting task 0.0 in stage 1.0 (TID 1, 192.168.43.94, executor driver, partition 0, PROCESS_LOCAL, 7493 bytes)
[2020-07-22 18:08:51,851] {logging_mixin.py:112} INFO - [2020-07-22 18:08:51,851] {spark_submit_hook.py:479} INFO - 20/07/22 18:08:51 INFO Executor: Running task 0.0 in stage 1.0 (TID 1)
[2020-07-22 18:08:51,948] {logging_mixin.py:112} INFO - [2020-07-22 18:08:51,948] {spark_submit_hook.py:479} INFO - 20/07/22 18:08:51 INFO PythonRunner: Times: total = 10, boot = -6220, init = 6230, finish = 0
[2020-07-22 18:08:51,953] {logging_mixin.py:112} INFO - [2020-07-22 18:08:51,953] {spark_submit_hook.py:479} INFO - 20/07/22 18:08:51 INFO Executor: Finished task 0.0 in stage 1.0 (TID 1). 2235 bytes result sent to driver
[2020-07-22 18:08:51,957] {logging_mixin.py:112} INFO - [2020-07-22 18:08:51,956] {spark_submit_hook.py:479} INFO - 20/07/22 18:08:51 INFO TaskSetManager: Finished task 0.0 in stage 1.0 (TID 1) in 123 ms on 192.168.43.94 (executor driver) (1/1)
[2020-07-22 18:08:51,957] {logging_mixin.py:112} INFO - [2020-07-22 18:08:51,957] {spark_submit_hook.py:479} INFO - 20/07/22 18:08:51 INFO TaskSchedulerImpl: Removed TaskSet 1.0, whose tasks have all completed, from pool
[2020-07-22 18:08:51,959] {logging_mixin.py:112} INFO - [2020-07-22 18:08:51,959] {spark_submit_hook.py:479} INFO - 20/07/22 18:08:51 INFO DAGScheduler: ResultStage 1 (showString at NativeMethodAccessorImpl.java:0) finished in 0.156 s
[2020-07-22 18:08:51,960] {logging_mixin.py:112} INFO - [2020-07-22 18:08:51,959] {spark_submit_hook.py:479} INFO - 20/07/22 18:08:51 INFO DAGScheduler: Job 1 is finished. Cancelling potential speculative or zombie tasks for this job
[2020-07-22 18:08:51,960] {logging_mixin.py:112} INFO - [2020-07-22 18:08:51,960] {spark_submit_hook.py:479} INFO - 20/07/22 18:08:51 INFO TaskSchedulerImpl: Killing all running tasks in stage 1: Stage finished
[2020-07-22 18:08:51,961] {logging_mixin.py:112} INFO - [2020-07-22 18:08:51,961] {spark_submit_hook.py:479} INFO - 20/07/22 18:08:51 INFO DAGScheduler: Job 1 finished: showString at NativeMethodAccessorImpl.java:0, took 0.167806 s
[2020-07-22 18:08:52,040] {logging_mixin.py:112} INFO - [2020-07-22 18:08:52,040] {spark_submit_hook.py:479} INFO - 20/07/22 18:08:52 INFO CodeGenerator: Code generated in 42.233104 ms
[2020-07-22 18:08:52,062] {logging_mixin.py:112} INFO - [2020-07-22 18:08:52,062] {spark_submit_hook.py:479} INFO - +------+------------+--------+
[2020-07-22 18:08:52,063] {logging_mixin.py:112} INFO - [2020-07-22 18:08:52,063] {spark_submit_hook.py:479} INFO - |    _1|          _2|      _3|
[2020-07-22 18:08:52,063] {logging_mixin.py:112} INFO - [2020-07-22 18:08:52,063] {spark_submit_hook.py:479} INFO - +------+------------+--------+
[2020-07-22 18:08:52,063] {logging_mixin.py:112} INFO - [2020-07-22 18:08:52,063] {spark_submit_hook.py:479} INFO - |PERSON|JOINING_YEAR| COMPANY|
[2020-07-22 18:08:52,064] {logging_mixin.py:112} INFO - [2020-07-22 18:08:52,063] {spark_submit_hook.py:479} INFO - |  John|        2018|  Google|
[2020-07-22 18:08:52,064] {logging_mixin.py:112} INFO - [2020-07-22 18:08:52,064] {spark_submit_hook.py:479} INFO - |   Sam|        2017|     IBM|
[2020-07-22 18:08:52,064] {logging_mixin.py:112} INFO - [2020-07-22 18:08:52,064] {spark_submit_hook.py:479} INFO - |  Jeff|        2014|   Yahoo|
[2020-07-22 18:08:52,064] {logging_mixin.py:112} INFO - [2020-07-22 18:08:52,064] {spark_submit_hook.py:479} INFO - | Allen|        2015|Facebook|
[2020-07-22 18:08:52,065] {logging_mixin.py:112} INFO - [2020-07-22 18:08:52,065] {spark_submit_hook.py:479} INFO - +------+------------+--------+
[2020-07-22 18:08:52,065] {logging_mixin.py:112} INFO - [2020-07-22 18:08:52,065] {spark_submit_hook.py:479} INFO - 
[2020-07-22 18:08:52,194] {logging_mixin.py:112} INFO - [2020-07-22 18:08:52,193] {spark_submit_hook.py:479} INFO - 20/07/22 18:08:52 INFO SparkContext: Invoking stop() from shutdown hook
[2020-07-22 18:08:52,205] {logging_mixin.py:112} INFO - [2020-07-22 18:08:52,205] {spark_submit_hook.py:479} INFO - 20/07/22 18:08:52 INFO SparkUI: Stopped Spark web UI at http://192.168.43.94:4040
[2020-07-22 18:08:52,237] {logging_mixin.py:112} INFO - [2020-07-22 18:08:52,237] {spark_submit_hook.py:479} INFO - 20/07/22 18:08:52 INFO MapOutputTrackerMasterEndpoint: MapOutputTrackerMasterEndpoint stopped!
[2020-07-22 18:08:52,281] {logging_mixin.py:112} INFO - [2020-07-22 18:08:52,280] {spark_submit_hook.py:479} INFO - 20/07/22 18:08:52 INFO MemoryStore: MemoryStore cleared
[2020-07-22 18:08:52,282] {logging_mixin.py:112} INFO - [2020-07-22 18:08:52,282] {spark_submit_hook.py:479} INFO - 20/07/22 18:08:52 INFO BlockManager: BlockManager stopped
[2020-07-22 18:08:52,288] {logging_mixin.py:112} INFO - [2020-07-22 18:08:52,287] {spark_submit_hook.py:479} INFO - 20/07/22 18:08:52 INFO BlockManagerMaster: BlockManagerMaster stopped
[2020-07-22 18:08:52,293] {logging_mixin.py:112} INFO - [2020-07-22 18:08:52,293] {spark_submit_hook.py:479} INFO - 20/07/22 18:08:52 INFO OutputCommitCoordinator$OutputCommitCoordinatorEndpoint: OutputCommitCoordinator stopped!
[2020-07-22 18:08:52,300] {logging_mixin.py:112} INFO - [2020-07-22 18:08:52,299] {spark_submit_hook.py:479} INFO - 20/07/22 18:08:52 INFO SparkContext: Successfully stopped SparkContext
[2020-07-22 18:08:52,300] {logging_mixin.py:112} INFO - [2020-07-22 18:08:52,300] {spark_submit_hook.py:479} INFO - 20/07/22 18:08:52 INFO ShutdownHookManager: Shutdown hook called
[2020-07-22 18:08:52,301] {logging_mixin.py:112} INFO - [2020-07-22 18:08:52,301] {spark_submit_hook.py:479} INFO - 20/07/22 18:08:52 INFO ShutdownHookManager: Deleting directory /tmp/spark-2990883b-2bae-4962-8a42-3c1515e87e50
[2020-07-22 18:08:52,304] {logging_mixin.py:112} INFO - [2020-07-22 18:08:52,304] {spark_submit_hook.py:479} INFO - 20/07/22 18:08:52 INFO ShutdownHookManager: Deleting directory /tmp/spark-ac387352-7dba-4440-b9e3-7c8a01ccc29c/pyspark-307587d7-8672-4032-840f-299784db9d4c
[2020-07-22 18:08:52,307] {logging_mixin.py:112} INFO - [2020-07-22 18:08:52,307] {spark_submit_hook.py:479} INFO - 20/07/22 18:08:52 INFO ShutdownHookManager: Deleting directory /tmp/spark-ac387352-7dba-4440-b9e3-7c8a01ccc29c
[2020-07-22 18:08:52,359] {taskinstance.py:1052} INFO - Marking task as SUCCESS.dag_id=submit_data, task_id=spark_submit, execution_date=20200720T084300, start_date=20200722T123832, end_date=20200722T123852
[2020-07-22 18:08:52,996] {logging_mixin.py:112} INFO - [2020-07-22 18:08:52,995] {local_task_job.py:103} INFO - Task exited with return code 0
