[2020-07-22 16:32:09,134] {taskinstance.py:669} INFO - Dependencies all met for <TaskInstance: submit_data.spark_submit 2020-07-20T06:29:00+00:00 [queued]>
[2020-07-22 16:32:09,178] {taskinstance.py:669} INFO - Dependencies all met for <TaskInstance: submit_data.spark_submit 2020-07-20T06:29:00+00:00 [queued]>
[2020-07-22 16:32:09,179] {taskinstance.py:879} INFO - 
--------------------------------------------------------------------------------
[2020-07-22 16:32:09,180] {taskinstance.py:880} INFO - Starting attempt 1 of 1
[2020-07-22 16:32:09,180] {taskinstance.py:881} INFO - 
--------------------------------------------------------------------------------
[2020-07-22 16:32:09,340] {taskinstance.py:900} INFO - Executing <Task(SparkSubmitOperator): spark_submit> on 2020-07-20T06:29:00+00:00
[2020-07-22 16:32:09,344] {standard_task_runner.py:53} INFO - Started process 584002 to run task
[2020-07-22 16:32:09,866] {logging_mixin.py:112} INFO - Running %s on host %s <TaskInstance: submit_data.spark_submit 2020-07-20T06:29:00+00:00 [running]> bhakti-Vostro-3558
[2020-07-22 16:32:10,044] {logging_mixin.py:112} INFO - [2020-07-22 16:32:10,044] {base_hook.py:87} INFO - Using connection to: id: spark_local. Host: local, Port: None, Schema: None, Login: None, Password: None, extra: None
[2020-07-22 16:32:10,047] {logging_mixin.py:112} INFO - [2020-07-22 16:32:10,047] {spark_submit_hook.py:325} INFO - Spark-Submit cmd: spark-submit --master local --name airflow-spark /home/bhakti/airflow/spark_jobs/python/spark_test.py
[2020-07-22 16:32:16,686] {logging_mixin.py:112} INFO - [2020-07-22 16:32:16,686] {spark_submit_hook.py:479} INFO - 20/07/22 16:32:16 WARN Utils: Your hostname, bhakti-Vostro-3558 resolves to a loopback address: 127.0.1.1; using 192.168.43.94 instead (on interface wlp6s0)
[2020-07-22 16:32:16,687] {logging_mixin.py:112} INFO - [2020-07-22 16:32:16,687] {spark_submit_hook.py:479} INFO - 20/07/22 16:32:16 WARN Utils: Set SPARK_LOCAL_IP if you need to bind to another address
[2020-07-22 16:32:18,937] {logging_mixin.py:112} INFO - [2020-07-22 16:32:18,937] {spark_submit_hook.py:479} INFO - 20/07/22 16:32:18 WARN NativeCodeLoader: Unable to load native-hadoop library for your platform... using builtin-java classes where applicable
[2020-07-22 16:32:22,455] {logging_mixin.py:112} INFO - [2020-07-22 16:32:22,454] {spark_submit_hook.py:479} INFO - Using Spark's default log4j profile: org/apache/spark/log4j-defaults.properties
[2020-07-22 16:32:22,471] {logging_mixin.py:112} INFO - [2020-07-22 16:32:22,471] {spark_submit_hook.py:479} INFO - 20/07/22 16:32:22 INFO SparkContext: Running Spark version 3.0.0
[2020-07-22 16:32:22,568] {logging_mixin.py:112} INFO - [2020-07-22 16:32:22,568] {spark_submit_hook.py:479} INFO - 20/07/22 16:32:22 INFO ResourceUtils: ==============================================================
[2020-07-22 16:32:22,568] {logging_mixin.py:112} INFO - [2020-07-22 16:32:22,568] {spark_submit_hook.py:479} INFO - 20/07/22 16:32:22 INFO ResourceUtils: Resources for spark.driver:
[2020-07-22 16:32:22,569] {logging_mixin.py:112} INFO - [2020-07-22 16:32:22,568] {spark_submit_hook.py:479} INFO - 
[2020-07-22 16:32:22,569] {logging_mixin.py:112} INFO - [2020-07-22 16:32:22,569] {spark_submit_hook.py:479} INFO - 20/07/22 16:32:22 INFO ResourceUtils: ==============================================================
[2020-07-22 16:32:22,569] {logging_mixin.py:112} INFO - [2020-07-22 16:32:22,569] {spark_submit_hook.py:479} INFO - 20/07/22 16:32:22 INFO SparkContext: Submitted application: Spark_Test_Python
[2020-07-22 16:32:22,727] {logging_mixin.py:112} INFO - [2020-07-22 16:32:22,727] {spark_submit_hook.py:479} INFO - 20/07/22 16:32:22 INFO SecurityManager: Changing view acls to: bhakti
[2020-07-22 16:32:22,729] {logging_mixin.py:112} INFO - [2020-07-22 16:32:22,728] {spark_submit_hook.py:479} INFO - 20/07/22 16:32:22 INFO SecurityManager: Changing modify acls to: bhakti
[2020-07-22 16:32:22,729] {logging_mixin.py:112} INFO - [2020-07-22 16:32:22,729] {spark_submit_hook.py:479} INFO - 20/07/22 16:32:22 INFO SecurityManager: Changing view acls groups to:
[2020-07-22 16:32:22,730] {logging_mixin.py:112} INFO - [2020-07-22 16:32:22,729] {spark_submit_hook.py:479} INFO - 20/07/22 16:32:22 INFO SecurityManager: Changing modify acls groups to:
[2020-07-22 16:32:22,731] {logging_mixin.py:112} INFO - [2020-07-22 16:32:22,731] {spark_submit_hook.py:479} INFO - 20/07/22 16:32:22 INFO SecurityManager: SecurityManager: authentication disabled; ui acls disabled; users  with view permissions: Set(bhakti); groups with view permissions: Set(); users  with modify permissions: Set(bhakti); groups with modify permissions: Set()
[2020-07-22 16:32:23,363] {logging_mixin.py:112} INFO - [2020-07-22 16:32:23,363] {spark_submit_hook.py:479} INFO - 20/07/22 16:32:23 INFO Utils: Successfully started service 'sparkDriver' on port 36507.
[2020-07-22 16:32:23,417] {logging_mixin.py:112} INFO - [2020-07-22 16:32:23,416] {spark_submit_hook.py:479} INFO - 20/07/22 16:32:23 INFO SparkEnv: Registering MapOutputTracker
[2020-07-22 16:32:23,480] {logging_mixin.py:112} INFO - [2020-07-22 16:32:23,479] {spark_submit_hook.py:479} INFO - 20/07/22 16:32:23 INFO SparkEnv: Registering BlockManagerMaster
[2020-07-22 16:32:23,515] {logging_mixin.py:112} INFO - [2020-07-22 16:32:23,515] {spark_submit_hook.py:479} INFO - 20/07/22 16:32:23 INFO BlockManagerMasterEndpoint: Using org.apache.spark.storage.DefaultTopologyMapper for getting topology information
[2020-07-22 16:32:23,516] {logging_mixin.py:112} INFO - [2020-07-22 16:32:23,516] {spark_submit_hook.py:479} INFO - 20/07/22 16:32:23 INFO BlockManagerMasterEndpoint: BlockManagerMasterEndpoint up
[2020-07-22 16:32:23,524] {logging_mixin.py:112} INFO - [2020-07-22 16:32:23,524] {spark_submit_hook.py:479} INFO - 20/07/22 16:32:23 INFO SparkEnv: Registering BlockManagerMasterHeartbeat
[2020-07-22 16:32:23,556] {logging_mixin.py:112} INFO - [2020-07-22 16:32:23,556] {spark_submit_hook.py:479} INFO - 20/07/22 16:32:23 INFO DiskBlockManager: Created local directory at /tmp/blockmgr-6b1362cb-f174-49c2-9263-9ffe7771c0a1
[2020-07-22 16:32:23,599] {logging_mixin.py:112} INFO - [2020-07-22 16:32:23,598] {spark_submit_hook.py:479} INFO - 20/07/22 16:32:23 INFO MemoryStore: MemoryStore started with capacity 366.3 MiB
[2020-07-22 16:32:23,629] {logging_mixin.py:112} INFO - [2020-07-22 16:32:23,629] {spark_submit_hook.py:479} INFO - 20/07/22 16:32:23 INFO SparkEnv: Registering OutputCommitCoordinator
[2020-07-22 16:32:24,227] {logging_mixin.py:112} INFO - [2020-07-22 16:32:24,227] {spark_submit_hook.py:479} INFO - 20/07/22 16:32:24 WARN Utils: Service 'SparkUI' could not bind on port 4040. Attempting port 4041.
[2020-07-22 16:32:24,228] {logging_mixin.py:112} INFO - [2020-07-22 16:32:24,228] {spark_submit_hook.py:479} INFO - 20/07/22 16:32:24 WARN Utils: Service 'SparkUI' could not bind on port 4041. Attempting port 4042.
[2020-07-22 16:32:24,243] {logging_mixin.py:112} INFO - [2020-07-22 16:32:24,242] {spark_submit_hook.py:479} INFO - 20/07/22 16:32:24 INFO Utils: Successfully started service 'SparkUI' on port 4042.
[2020-07-22 16:32:24,423] {logging_mixin.py:112} INFO - [2020-07-22 16:32:24,423] {spark_submit_hook.py:479} INFO - 20/07/22 16:32:24 INFO SparkUI: Bound SparkUI to 0.0.0.0, and started at http://192.168.43.94:4042
[2020-07-22 16:32:25,300] {logging_mixin.py:112} INFO - [2020-07-22 16:32:25,300] {spark_submit_hook.py:479} INFO - 20/07/22 16:32:25 INFO Executor: Starting executor ID driver on host 192.168.43.94
[2020-07-22 16:32:25,359] {logging_mixin.py:112} INFO - [2020-07-22 16:32:25,358] {spark_submit_hook.py:479} INFO - 20/07/22 16:32:25 INFO Utils: Successfully started service 'org.apache.spark.network.netty.NettyBlockTransferService' on port 40305.
[2020-07-22 16:32:25,360] {logging_mixin.py:112} INFO - [2020-07-22 16:32:25,360] {spark_submit_hook.py:479} INFO - 20/07/22 16:32:25 INFO NettyBlockTransferService: Server created on 192.168.43.94:40305
[2020-07-22 16:32:25,365] {logging_mixin.py:112} INFO - [2020-07-22 16:32:25,364] {spark_submit_hook.py:479} INFO - 20/07/22 16:32:25 INFO BlockManager: Using org.apache.spark.storage.RandomBlockReplicationPolicy for block replication policy
[2020-07-22 16:32:25,389] {logging_mixin.py:112} INFO - [2020-07-22 16:32:25,388] {spark_submit_hook.py:479} INFO - 20/07/22 16:32:25 INFO BlockManagerMaster: Registering BlockManager BlockManagerId(driver, 192.168.43.94, 40305, None)
[2020-07-22 16:32:25,402] {logging_mixin.py:112} INFO - [2020-07-22 16:32:25,401] {spark_submit_hook.py:479} INFO - 20/07/22 16:32:25 INFO BlockManagerMasterEndpoint: Registering block manager 192.168.43.94:40305 with 366.3 MiB RAM, BlockManagerId(driver, 192.168.43.94, 40305, None)
[2020-07-22 16:32:25,420] {logging_mixin.py:112} INFO - [2020-07-22 16:32:25,419] {spark_submit_hook.py:479} INFO - 20/07/22 16:32:25 INFO BlockManagerMaster: Registered BlockManager BlockManagerId(driver, 192.168.43.94, 40305, None)
[2020-07-22 16:32:25,422] {logging_mixin.py:112} INFO - [2020-07-22 16:32:25,422] {spark_submit_hook.py:479} INFO - 20/07/22 16:32:25 INFO BlockManager: Initialized BlockManager: BlockManagerId(driver, 192.168.43.94, 40305, None)
[2020-07-22 16:32:27,126] {logging_mixin.py:112} INFO - [2020-07-22 16:32:27,126] {spark_submit_hook.py:479} INFO - 20/07/22 16:32:27 INFO MemoryStore: Block broadcast_0 stored as values in memory (estimated size 241.5 KiB, free 366.1 MiB)
[2020-07-22 16:32:27,274] {logging_mixin.py:112} INFO - [2020-07-22 16:32:27,274] {spark_submit_hook.py:479} INFO - 20/07/22 16:32:27 INFO MemoryStore: Block broadcast_0_piece0 stored as bytes in memory (estimated size 23.4 KiB, free 366.0 MiB)
[2020-07-22 16:32:27,279] {logging_mixin.py:112} INFO - [2020-07-22 16:32:27,279] {spark_submit_hook.py:479} INFO - 20/07/22 16:32:27 INFO BlockManagerInfo: Added broadcast_0_piece0 in memory on 192.168.43.94:40305 (size: 23.4 KiB, free: 366.3 MiB)
[2020-07-22 16:32:27,292] {logging_mixin.py:112} INFO - [2020-07-22 16:32:27,292] {spark_submit_hook.py:479} INFO - 20/07/22 16:32:27 INFO SparkContext: Created broadcast 0 from textFile at NativeMethodAccessorImpl.java:0
[2020-07-22 16:32:27,685] {logging_mixin.py:112} INFO - [2020-07-22 16:32:27,685] {spark_submit_hook.py:479} INFO - 20/07/22 16:32:27 INFO FileInputFormat: Total input paths to process : 1
[2020-07-22 16:32:27,887] {logging_mixin.py:112} INFO - [2020-07-22 16:32:27,886] {spark_submit_hook.py:479} INFO - 20/07/22 16:32:27 INFO SparkContext: Starting job: collect at /home/bhakti/airflow/spark_jobs/python/spark_test.py:7
[2020-07-22 16:32:27,978] {logging_mixin.py:112} INFO - [2020-07-22 16:32:27,978] {spark_submit_hook.py:479} INFO - 20/07/22 16:32:27 INFO DAGScheduler: Got job 0 (collect at /home/bhakti/airflow/spark_jobs/python/spark_test.py:7) with 1 output partitions
[2020-07-22 16:32:27,989] {logging_mixin.py:112} INFO - [2020-07-22 16:32:27,988] {spark_submit_hook.py:479} INFO - 20/07/22 16:32:27 INFO DAGScheduler: Final stage: ResultStage 0 (collect at /home/bhakti/airflow/spark_jobs/python/spark_test.py:7)
[2020-07-22 16:32:28,010] {logging_mixin.py:112} INFO - [2020-07-22 16:32:28,009] {spark_submit_hook.py:479} INFO - 20/07/22 16:32:27 INFO DAGScheduler: Parents of final stage: List()
[2020-07-22 16:32:28,026] {logging_mixin.py:112} INFO - [2020-07-22 16:32:28,026] {spark_submit_hook.py:479} INFO - 20/07/22 16:32:28 INFO DAGScheduler: Missing parents: List()
[2020-07-22 16:32:28,086] {logging_mixin.py:112} INFO - [2020-07-22 16:32:28,086] {spark_submit_hook.py:479} INFO - 20/07/22 16:32:28 INFO DAGScheduler: Submitting ResultStage 0 (PythonRDD[2] at collect at /home/bhakti/airflow/spark_jobs/python/spark_test.py:7), which has no missing parents
[2020-07-22 16:32:28,254] {logging_mixin.py:112} INFO - [2020-07-22 16:32:28,254] {spark_submit_hook.py:479} INFO - 20/07/22 16:32:28 INFO MemoryStore: Block broadcast_1 stored as values in memory (estimated size 7.4 KiB, free 366.0 MiB)
[2020-07-22 16:32:28,291] {logging_mixin.py:112} INFO - [2020-07-22 16:32:28,291] {spark_submit_hook.py:479} INFO - 20/07/22 16:32:28 INFO MemoryStore: Block broadcast_1_piece0 stored as bytes in memory (estimated size 4.4 KiB, free 366.0 MiB)
[2020-07-22 16:32:28,304] {logging_mixin.py:112} INFO - [2020-07-22 16:32:28,303] {spark_submit_hook.py:479} INFO - 20/07/22 16:32:28 INFO BlockManagerInfo: Added broadcast_1_piece0 in memory on 192.168.43.94:40305 (size: 4.4 KiB, free: 366.3 MiB)
[2020-07-22 16:32:28,308] {logging_mixin.py:112} INFO - [2020-07-22 16:32:28,307] {spark_submit_hook.py:479} INFO - 20/07/22 16:32:28 INFO SparkContext: Created broadcast 1 from broadcast at DAGScheduler.scala:1200
[2020-07-22 16:32:28,392] {logging_mixin.py:112} INFO - [2020-07-22 16:32:28,392] {spark_submit_hook.py:479} INFO - 20/07/22 16:32:28 INFO DAGScheduler: Submitting 1 missing tasks from ResultStage 0 (PythonRDD[2] at collect at /home/bhakti/airflow/spark_jobs/python/spark_test.py:7) (first 15 tasks are for partitions Vector(0))
[2020-07-22 16:32:28,395] {logging_mixin.py:112} INFO - [2020-07-22 16:32:28,395] {spark_submit_hook.py:479} INFO - 20/07/22 16:32:28 INFO TaskSchedulerImpl: Adding task set 0.0 with 1 tasks
[2020-07-22 16:32:28,589] {logging_mixin.py:112} INFO - [2020-07-22 16:32:28,588] {spark_submit_hook.py:479} INFO - 20/07/22 16:32:28 INFO TaskSetManager: Starting task 0.0 in stage 0.0 (TID 0, 192.168.43.94, executor driver, partition 0, PROCESS_LOCAL, 7388 bytes)
[2020-07-22 16:32:28,636] {logging_mixin.py:112} INFO - [2020-07-22 16:32:28,635] {spark_submit_hook.py:479} INFO - 20/07/22 16:32:28 INFO Executor: Running task 0.0 in stage 0.0 (TID 0)
[2020-07-22 16:32:29,489] {logging_mixin.py:112} INFO - [2020-07-22 16:32:29,489] {spark_submit_hook.py:479} INFO - 20/07/22 16:32:29 INFO HadoopRDD: Input split: file:/home/bhakti/airflow/input_data/sample.csv:0+93
[2020-07-22 16:32:30,923] {logging_mixin.py:112} INFO - [2020-07-22 16:32:30,922] {spark_submit_hook.py:479} INFO - 20/07/22 16:32:30 INFO PythonRunner: Times: total = 1374, boot = 1325, init = 48, finish = 1
[2020-07-22 16:32:31,022] {logging_mixin.py:112} INFO - [2020-07-22 16:32:31,021] {spark_submit_hook.py:479} INFO - 20/07/22 16:32:31 INFO Executor: Finished task 0.0 in stage 0.0 (TID 0). 1732 bytes result sent to driver
[2020-07-22 16:32:31,078] {logging_mixin.py:112} INFO - [2020-07-22 16:32:31,077] {spark_submit_hook.py:479} INFO - 20/07/22 16:32:31 INFO TaskSetManager: Finished task 0.0 in stage 0.0 (TID 0) in 2531 ms on 192.168.43.94 (executor driver) (1/1)
[2020-07-22 16:32:31,089] {logging_mixin.py:112} INFO - [2020-07-22 16:32:31,089] {spark_submit_hook.py:479} INFO - 20/07/22 16:32:31 INFO TaskSchedulerImpl: Removed TaskSet 0.0, whose tasks have all completed, from pool
[2020-07-22 16:32:31,114] {logging_mixin.py:112} INFO - [2020-07-22 16:32:31,114] {spark_submit_hook.py:479} INFO - 20/07/22 16:32:31 INFO PythonAccumulatorV2: Connected to AccumulatorServer at host: 127.0.0.1 port: 53595
[2020-07-22 16:32:31,151] {logging_mixin.py:112} INFO - [2020-07-22 16:32:31,151] {spark_submit_hook.py:479} INFO - 20/07/22 16:32:31 INFO DAGScheduler: ResultStage 0 (collect at /home/bhakti/airflow/spark_jobs/python/spark_test.py:7) finished in 2.918 s
[2020-07-22 16:32:31,181] {logging_mixin.py:112} INFO - [2020-07-22 16:32:31,181] {spark_submit_hook.py:479} INFO - 20/07/22 16:32:31 INFO DAGScheduler: Job 0 is finished. Cancelling potential speculative or zombie tasks for this job
[2020-07-22 16:32:31,183] {logging_mixin.py:112} INFO - [2020-07-22 16:32:31,183] {spark_submit_hook.py:479} INFO - 20/07/22 16:32:31 INFO TaskSchedulerImpl: Killing all running tasks in stage 0: Stage finished
[2020-07-22 16:32:31,196] {logging_mixin.py:112} INFO - [2020-07-22 16:32:31,195] {spark_submit_hook.py:479} INFO - 20/07/22 16:32:31 INFO DAGScheduler: Job 0 finished: collect at /home/bhakti/airflow/spark_jobs/python/spark_test.py:7, took 3.299624 s
[2020-07-22 16:32:31,253] {logging_mixin.py:112} INFO - [2020-07-22 16:32:31,252] {spark_submit_hook.py:479} INFO - [('PERSON', 'JOINING_YEAR'), ('John', '2018'), ('Sam', '2017'), ('Jeff', '2014'), ('Allen', '2015')]
[2020-07-22 16:32:31,649] {logging_mixin.py:112} INFO - [2020-07-22 16:32:31,649] {spark_submit_hook.py:479} INFO - 20/07/22 16:32:31 INFO SharedState: Setting hive.metastore.warehouse.dir ('null') to the value of spark.sql.warehouse.dir ('file:/home/bhakti/airflow/spark-warehouse').
[2020-07-22 16:32:31,651] {logging_mixin.py:112} INFO - [2020-07-22 16:32:31,650] {spark_submit_hook.py:479} INFO - 20/07/22 16:32:31 INFO SharedState: Warehouse path is 'file:/home/bhakti/airflow/spark-warehouse'.
[2020-07-22 16:32:31,697] {logging_mixin.py:112} INFO - [2020-07-22 16:32:31,697] {spark_submit_hook.py:479} INFO - 20/07/22 16:32:31 INFO BlockManagerInfo: Removed broadcast_1_piece0 on 192.168.43.94:40305 in memory (size: 4.4 KiB, free: 366.3 MiB)
[2020-07-22 16:32:41,813] {logging_mixin.py:112} INFO - [2020-07-22 16:32:41,813] {spark_submit_hook.py:479} INFO - 20/07/22 16:32:41 INFO CodeGenerator: Code generated in 916.147603 ms
[2020-07-22 16:32:41,919] {logging_mixin.py:112} INFO - [2020-07-22 16:32:41,919] {spark_submit_hook.py:479} INFO - 20/07/22 16:32:41 INFO SparkContext: Starting job: showString at NativeMethodAccessorImpl.java:0
[2020-07-22 16:32:41,924] {logging_mixin.py:112} INFO - [2020-07-22 16:32:41,924] {spark_submit_hook.py:479} INFO - 20/07/22 16:32:41 INFO DAGScheduler: Got job 1 (showString at NativeMethodAccessorImpl.java:0) with 1 output partitions
[2020-07-22 16:32:41,924] {logging_mixin.py:112} INFO - [2020-07-22 16:32:41,924] {spark_submit_hook.py:479} INFO - 20/07/22 16:32:41 INFO DAGScheduler: Final stage: ResultStage 1 (showString at NativeMethodAccessorImpl.java:0)
[2020-07-22 16:32:41,925] {logging_mixin.py:112} INFO - [2020-07-22 16:32:41,925] {spark_submit_hook.py:479} INFO - 20/07/22 16:32:41 INFO DAGScheduler: Parents of final stage: List()
[2020-07-22 16:32:41,926] {logging_mixin.py:112} INFO - [2020-07-22 16:32:41,926] {spark_submit_hook.py:479} INFO - 20/07/22 16:32:41 INFO DAGScheduler: Missing parents: List()
[2020-07-22 16:32:41,929] {logging_mixin.py:112} INFO - [2020-07-22 16:32:41,928] {spark_submit_hook.py:479} INFO - 20/07/22 16:32:41 INFO DAGScheduler: Submitting ResultStage 1 (MapPartitionsRDD[9] at showString at NativeMethodAccessorImpl.java:0), which has no missing parents
[2020-07-22 16:32:41,987] {logging_mixin.py:112} INFO - [2020-07-22 16:32:41,987] {spark_submit_hook.py:479} INFO - 20/07/22 16:32:41 INFO MemoryStore: Block broadcast_2 stored as values in memory (estimated size 10.9 KiB, free 366.0 MiB)
[2020-07-22 16:32:41,992] {logging_mixin.py:112} INFO - [2020-07-22 16:32:41,992] {spark_submit_hook.py:479} INFO - 20/07/22 16:32:41 INFO MemoryStore: Block broadcast_2_piece0 stored as bytes in memory (estimated size 5.8 KiB, free 366.0 MiB)
[2020-07-22 16:32:41,994] {logging_mixin.py:112} INFO - [2020-07-22 16:32:41,993] {spark_submit_hook.py:479} INFO - 20/07/22 16:32:41 INFO BlockManagerInfo: Added broadcast_2_piece0 in memory on 192.168.43.94:40305 (size: 5.8 KiB, free: 366.3 MiB)
[2020-07-22 16:32:41,997] {logging_mixin.py:112} INFO - [2020-07-22 16:32:41,996] {spark_submit_hook.py:479} INFO - 20/07/22 16:32:41 INFO SparkContext: Created broadcast 2 from broadcast at DAGScheduler.scala:1200
[2020-07-22 16:32:41,999] {logging_mixin.py:112} INFO - [2020-07-22 16:32:41,998] {spark_submit_hook.py:479} INFO - 20/07/22 16:32:41 INFO DAGScheduler: Submitting 1 missing tasks from ResultStage 1 (MapPartitionsRDD[9] at showString at NativeMethodAccessorImpl.java:0) (first 15 tasks are for partitions Vector(0))
[2020-07-22 16:32:41,999] {logging_mixin.py:112} INFO - [2020-07-22 16:32:41,999] {spark_submit_hook.py:479} INFO - 20/07/22 16:32:41 INFO TaskSchedulerImpl: Adding task set 1.0 with 1 tasks
[2020-07-22 16:32:42,024] {logging_mixin.py:112} INFO - [2020-07-22 16:32:42,024] {spark_submit_hook.py:479} INFO - 20/07/22 16:32:42 INFO TaskSetManager: Starting task 0.0 in stage 1.0 (TID 1, 192.168.43.94, executor driver, partition 0, PROCESS_LOCAL, 7449 bytes)
[2020-07-22 16:32:42,025] {logging_mixin.py:112} INFO - [2020-07-22 16:32:42,024] {spark_submit_hook.py:479} INFO - 20/07/22 16:32:42 INFO Executor: Running task 0.0 in stage 1.0 (TID 1)
[2020-07-22 16:32:42,142] {logging_mixin.py:112} INFO - [2020-07-22 16:32:42,142] {spark_submit_hook.py:479} INFO - 20/07/22 16:32:42 INFO PythonRunner: Times: total = 5, boot = -11140, init = 11145, finish = 0
[2020-07-22 16:32:42,148] {logging_mixin.py:112} INFO - [2020-07-22 16:32:42,147] {spark_submit_hook.py:479} INFO - 20/07/22 16:32:42 INFO Executor: Finished task 0.0 in stage 1.0 (TID 1). 2154 bytes result sent to driver
[2020-07-22 16:32:42,154] {logging_mixin.py:112} INFO - [2020-07-22 16:32:42,153] {spark_submit_hook.py:479} INFO - 20/07/22 16:32:42 INFO TaskSetManager: Finished task 0.0 in stage 1.0 (TID 1) in 152 ms on 192.168.43.94 (executor driver) (1/1)
[2020-07-22 16:32:42,155] {logging_mixin.py:112} INFO - [2020-07-22 16:32:42,154] {spark_submit_hook.py:479} INFO - 20/07/22 16:32:42 INFO TaskSchedulerImpl: Removed TaskSet 1.0, whose tasks have all completed, from pool
[2020-07-22 16:32:42,158] {logging_mixin.py:112} INFO - [2020-07-22 16:32:42,158] {spark_submit_hook.py:479} INFO - 20/07/22 16:32:42 INFO DAGScheduler: ResultStage 1 (showString at NativeMethodAccessorImpl.java:0) finished in 0.222 s
[2020-07-22 16:32:42,158] {logging_mixin.py:112} INFO - [2020-07-22 16:32:42,158] {spark_submit_hook.py:479} INFO - 20/07/22 16:32:42 INFO DAGScheduler: Job 1 is finished. Cancelling potential speculative or zombie tasks for this job
[2020-07-22 16:32:42,159] {logging_mixin.py:112} INFO - [2020-07-22 16:32:42,159] {spark_submit_hook.py:479} INFO - 20/07/22 16:32:42 INFO TaskSchedulerImpl: Killing all running tasks in stage 1: Stage finished
[2020-07-22 16:32:42,159] {logging_mixin.py:112} INFO - [2020-07-22 16:32:42,159] {spark_submit_hook.py:479} INFO - 20/07/22 16:32:42 INFO DAGScheduler: Job 1 finished: showString at NativeMethodAccessorImpl.java:0, took 0.237710 s
[2020-07-22 16:32:42,273] {logging_mixin.py:112} INFO - [2020-07-22 16:32:42,272] {spark_submit_hook.py:479} INFO - 20/07/22 16:32:42 INFO CodeGenerator: Code generated in 67.589793 ms
[2020-07-22 16:32:42,301] {logging_mixin.py:112} INFO - [2020-07-22 16:32:42,300] {spark_submit_hook.py:479} INFO - +------+------------+
[2020-07-22 16:32:42,301] {logging_mixin.py:112} INFO - [2020-07-22 16:32:42,301] {spark_submit_hook.py:479} INFO - |    _1|          _2|
[2020-07-22 16:32:42,302] {logging_mixin.py:112} INFO - [2020-07-22 16:32:42,302] {spark_submit_hook.py:479} INFO - +------+------------+
[2020-07-22 16:32:42,302] {logging_mixin.py:112} INFO - [2020-07-22 16:32:42,302] {spark_submit_hook.py:479} INFO - |PERSON|JOINING_YEAR|
[2020-07-22 16:32:42,303] {logging_mixin.py:112} INFO - [2020-07-22 16:32:42,302] {spark_submit_hook.py:479} INFO - |  John|        2018|
[2020-07-22 16:32:42,303] {logging_mixin.py:112} INFO - [2020-07-22 16:32:42,303] {spark_submit_hook.py:479} INFO - |   Sam|        2017|
[2020-07-22 16:32:42,303] {logging_mixin.py:112} INFO - [2020-07-22 16:32:42,303] {spark_submit_hook.py:479} INFO - |  Jeff|        2014|
[2020-07-22 16:32:42,304] {logging_mixin.py:112} INFO - [2020-07-22 16:32:42,303] {spark_submit_hook.py:479} INFO - | Allen|        2015|
[2020-07-22 16:32:42,304] {logging_mixin.py:112} INFO - [2020-07-22 16:32:42,304] {spark_submit_hook.py:479} INFO - +------+------------+
[2020-07-22 16:32:42,304] {logging_mixin.py:112} INFO - [2020-07-22 16:32:42,304] {spark_submit_hook.py:479} INFO - 
[2020-07-22 16:32:42,540] {logging_mixin.py:112} INFO - [2020-07-22 16:32:42,540] {spark_submit_hook.py:479} INFO - 20/07/22 16:32:42 INFO SparkContext: Invoking stop() from shutdown hook
[2020-07-22 16:32:42,553] {logging_mixin.py:112} INFO - [2020-07-22 16:32:42,553] {spark_submit_hook.py:479} INFO - 20/07/22 16:32:42 INFO SparkUI: Stopped Spark web UI at http://192.168.43.94:4042
[2020-07-22 16:32:42,612] {logging_mixin.py:112} INFO - [2020-07-22 16:32:42,611] {spark_submit_hook.py:479} INFO - 20/07/22 16:32:42 INFO MapOutputTrackerMasterEndpoint: MapOutputTrackerMasterEndpoint stopped!
[2020-07-22 16:32:42,638] {logging_mixin.py:112} INFO - [2020-07-22 16:32:42,638] {spark_submit_hook.py:479} INFO - 20/07/22 16:32:42 INFO MemoryStore: MemoryStore cleared
[2020-07-22 16:32:42,641] {logging_mixin.py:112} INFO - [2020-07-22 16:32:42,640] {spark_submit_hook.py:479} INFO - 20/07/22 16:32:42 INFO BlockManager: BlockManager stopped
[2020-07-22 16:32:42,649] {logging_mixin.py:112} INFO - [2020-07-22 16:32:42,649] {spark_submit_hook.py:479} INFO - 20/07/22 16:32:42 INFO BlockManagerMaster: BlockManagerMaster stopped
[2020-07-22 16:32:42,654] {logging_mixin.py:112} INFO - [2020-07-22 16:32:42,654] {spark_submit_hook.py:479} INFO - 20/07/22 16:32:42 INFO OutputCommitCoordinator$OutputCommitCoordinatorEndpoint: OutputCommitCoordinator stopped!
[2020-07-22 16:32:42,668] {logging_mixin.py:112} INFO - [2020-07-22 16:32:42,668] {spark_submit_hook.py:479} INFO - 20/07/22 16:32:42 INFO SparkContext: Successfully stopped SparkContext
[2020-07-22 16:32:42,670] {logging_mixin.py:112} INFO - [2020-07-22 16:32:42,670] {spark_submit_hook.py:479} INFO - 20/07/22 16:32:42 INFO ShutdownHookManager: Shutdown hook called
[2020-07-22 16:32:42,671] {logging_mixin.py:112} INFO - [2020-07-22 16:32:42,671] {spark_submit_hook.py:479} INFO - 20/07/22 16:32:42 INFO ShutdownHookManager: Deleting directory /tmp/spark-3cb29076-5318-483a-84d7-aed656bc7cde
[2020-07-22 16:32:42,678] {logging_mixin.py:112} INFO - [2020-07-22 16:32:42,677] {spark_submit_hook.py:479} INFO - 20/07/22 16:32:42 INFO ShutdownHookManager: Deleting directory /tmp/spark-3cb29076-5318-483a-84d7-aed656bc7cde/pyspark-b8fa4e0b-e758-4698-a2e3-147e805e401e
[2020-07-22 16:32:42,685] {logging_mixin.py:112} INFO - [2020-07-22 16:32:42,684] {spark_submit_hook.py:479} INFO - 20/07/22 16:32:42 INFO ShutdownHookManager: Deleting directory /tmp/spark-1d391e6f-90a2-44c1-a37e-4461b7be6a89
[2020-07-22 16:32:42,767] {taskinstance.py:1052} INFO - Marking task as SUCCESS.dag_id=submit_data, task_id=spark_submit, execution_date=20200720T062900, start_date=20200722T110209, end_date=20200722T110242
[2020-07-22 16:32:44,775] {logging_mixin.py:112} INFO - [2020-07-22 16:32:44,775] {local_task_job.py:103} INFO - Task exited with return code 0
