[2020-07-22 13:33:25,787] {taskinstance.py:669} INFO - Dependencies all met for <TaskInstance: submit_data.spark_submit 2020-07-20T01:20:00+00:00 [queued]>
[2020-07-22 13:33:25,806] {taskinstance.py:669} INFO - Dependencies all met for <TaskInstance: submit_data.spark_submit 2020-07-20T01:20:00+00:00 [queued]>
[2020-07-22 13:33:25,807] {taskinstance.py:879} INFO - 
--------------------------------------------------------------------------------
[2020-07-22 13:33:25,807] {taskinstance.py:880} INFO - Starting attempt 1 of 1
[2020-07-22 13:33:25,807] {taskinstance.py:881} INFO - 
--------------------------------------------------------------------------------
[2020-07-22 13:33:26,170] {taskinstance.py:900} INFO - Executing <Task(SparkSubmitOperator): spark_submit> on 2020-07-20T01:20:00+00:00
[2020-07-22 13:33:26,182] {standard_task_runner.py:53} INFO - Started process 350383 to run task
[2020-07-22 13:33:26,901] {logging_mixin.py:112} INFO - Running %s on host %s <TaskInstance: submit_data.spark_submit 2020-07-20T01:20:00+00:00 [running]> bhakti-Vostro-3558
[2020-07-22 13:33:26,990] {logging_mixin.py:112} INFO - [2020-07-22 13:33:26,989] {base_hook.py:87} INFO - Using connection to: id: spark_local. Host: localhost, Port: 4040, Schema: None, Login: None, Password: None, extra: None
[2020-07-22 13:33:26,992] {logging_mixin.py:112} INFO - [2020-07-22 13:33:26,991] {spark_submit_hook.py:325} INFO - Spark-Submit cmd: spark-submit --master localhost:4040 --name airflow-spark /home/bhakti/airflow/spark_jobs/python/spark_test.py
[2020-07-22 13:33:30,089] {logging_mixin.py:112} INFO - [2020-07-22 13:33:30,089] {spark_submit_hook.py:479} INFO - 20/07/22 13:33:30 WARN Utils: Your hostname, bhakti-Vostro-3558 resolves to a loopback address: 127.0.1.1; using 192.168.43.94 instead (on interface wlp6s0)
[2020-07-22 13:33:30,091] {logging_mixin.py:112} INFO - [2020-07-22 13:33:30,091] {spark_submit_hook.py:479} INFO - 20/07/22 13:33:30 WARN Utils: Set SPARK_LOCAL_IP if you need to bind to another address
[2020-07-22 13:33:31,924] {logging_mixin.py:112} INFO - [2020-07-22 13:33:31,924] {spark_submit_hook.py:479} INFO - 20/07/22 13:33:31 WARN NativeCodeLoader: Unable to load native-hadoop library for your platform... using builtin-java classes where applicable
[2020-07-22 13:33:33,440] {logging_mixin.py:112} INFO - [2020-07-22 13:33:33,439] {spark_submit_hook.py:479} INFO - Spark_Test_Python
[2020-07-22 13:33:33,440] {logging_mixin.py:112} INFO - [2020-07-22 13:33:33,440] {spark_submit_hook.py:479} INFO - Number of arguments: 0 arguments.
[2020-07-22 13:33:33,440] {logging_mixin.py:112} INFO - [2020-07-22 13:33:33,440] {spark_submit_hook.py:479} INFO - Argument List: []
[2020-07-22 13:33:33,563] {logging_mixin.py:112} INFO - [2020-07-22 13:33:33,563] {spark_submit_hook.py:479} INFO - Using Spark's default log4j profile: org/apache/spark/log4j-defaults.properties
[2020-07-22 13:33:33,584] {logging_mixin.py:112} INFO - [2020-07-22 13:33:33,584] {spark_submit_hook.py:479} INFO - 20/07/22 13:33:33 INFO SparkContext: Running Spark version 3.0.0
[2020-07-22 13:33:33,665] {logging_mixin.py:112} INFO - [2020-07-22 13:33:33,665] {spark_submit_hook.py:479} INFO - 20/07/22 13:33:33 INFO ResourceUtils: ==============================================================
[2020-07-22 13:33:33,669] {logging_mixin.py:112} INFO - [2020-07-22 13:33:33,668] {spark_submit_hook.py:479} INFO - 20/07/22 13:33:33 INFO ResourceUtils: Resources for spark.driver:
[2020-07-22 13:33:33,669] {logging_mixin.py:112} INFO - [2020-07-22 13:33:33,669] {spark_submit_hook.py:479} INFO - 
[2020-07-22 13:33:33,670] {logging_mixin.py:112} INFO - [2020-07-22 13:33:33,669] {spark_submit_hook.py:479} INFO - 20/07/22 13:33:33 INFO ResourceUtils: ==============================================================
[2020-07-22 13:33:33,670] {logging_mixin.py:112} INFO - [2020-07-22 13:33:33,670] {spark_submit_hook.py:479} INFO - 20/07/22 13:33:33 INFO SparkContext: Submitted application: Spark_Test_Python
[2020-07-22 13:33:33,770] {logging_mixin.py:112} INFO - [2020-07-22 13:33:33,770] {spark_submit_hook.py:479} INFO - 20/07/22 13:33:33 INFO SecurityManager: Changing view acls to: bhakti
[2020-07-22 13:33:33,770] {logging_mixin.py:112} INFO - [2020-07-22 13:33:33,770] {spark_submit_hook.py:479} INFO - 20/07/22 13:33:33 INFO SecurityManager: Changing modify acls to: bhakti
[2020-07-22 13:33:33,771] {logging_mixin.py:112} INFO - [2020-07-22 13:33:33,771] {spark_submit_hook.py:479} INFO - 20/07/22 13:33:33 INFO SecurityManager: Changing view acls groups to:
[2020-07-22 13:33:33,771] {logging_mixin.py:112} INFO - [2020-07-22 13:33:33,771] {spark_submit_hook.py:479} INFO - 20/07/22 13:33:33 INFO SecurityManager: Changing modify acls groups to:
[2020-07-22 13:33:33,772] {logging_mixin.py:112} INFO - [2020-07-22 13:33:33,771] {spark_submit_hook.py:479} INFO - 20/07/22 13:33:33 INFO SecurityManager: SecurityManager: authentication disabled; ui acls disabled; users  with view permissions: Set(bhakti); groups with view permissions: Set(); users  with modify permissions: Set(bhakti); groups with modify permissions: Set()
[2020-07-22 13:33:34,511] {logging_mixin.py:112} INFO - [2020-07-22 13:33:34,510] {spark_submit_hook.py:479} INFO - 20/07/22 13:33:34 INFO Utils: Successfully started service 'sparkDriver' on port 39685.
[2020-07-22 13:33:34,593] {logging_mixin.py:112} INFO - [2020-07-22 13:33:34,592] {spark_submit_hook.py:479} INFO - 20/07/22 13:33:34 INFO SparkEnv: Registering MapOutputTracker
[2020-07-22 13:33:34,669] {logging_mixin.py:112} INFO - [2020-07-22 13:33:34,669] {spark_submit_hook.py:479} INFO - 20/07/22 13:33:34 INFO SparkEnv: Registering BlockManagerMaster
[2020-07-22 13:33:34,721] {logging_mixin.py:112} INFO - [2020-07-22 13:33:34,721] {spark_submit_hook.py:479} INFO - 20/07/22 13:33:34 INFO BlockManagerMasterEndpoint: Using org.apache.spark.storage.DefaultTopologyMapper for getting topology information
[2020-07-22 13:33:34,722] {logging_mixin.py:112} INFO - [2020-07-22 13:33:34,722] {spark_submit_hook.py:479} INFO - 20/07/22 13:33:34 INFO BlockManagerMasterEndpoint: BlockManagerMasterEndpoint up
[2020-07-22 13:33:34,730] {logging_mixin.py:112} INFO - [2020-07-22 13:33:34,729] {spark_submit_hook.py:479} INFO - 20/07/22 13:33:34 INFO SparkEnv: Registering BlockManagerMasterHeartbeat
[2020-07-22 13:33:34,755] {logging_mixin.py:112} INFO - [2020-07-22 13:33:34,755] {spark_submit_hook.py:479} INFO - 20/07/22 13:33:34 INFO DiskBlockManager: Created local directory at /tmp/blockmgr-639c66a1-761e-4f7b-b86d-971d181e3267
[2020-07-22 13:33:34,794] {logging_mixin.py:112} INFO - [2020-07-22 13:33:34,794] {spark_submit_hook.py:479} INFO - 20/07/22 13:33:34 INFO MemoryStore: MemoryStore started with capacity 366.3 MiB
[2020-07-22 13:33:34,827] {logging_mixin.py:112} INFO - [2020-07-22 13:33:34,827] {spark_submit_hook.py:479} INFO - 20/07/22 13:33:34 INFO SparkEnv: Registering OutputCommitCoordinator
[2020-07-22 13:33:35,174] {logging_mixin.py:112} INFO - [2020-07-22 13:33:35,173] {spark_submit_hook.py:479} INFO - 20/07/22 13:33:35 WARN Utils: Service 'SparkUI' could not bind on port 4040. Attempting port 4041.
[2020-07-22 13:33:35,174] {logging_mixin.py:112} INFO - [2020-07-22 13:33:35,174] {spark_submit_hook.py:479} INFO - 20/07/22 13:33:35 WARN Utils: Service 'SparkUI' could not bind on port 4041. Attempting port 4042.
[2020-07-22 13:33:35,197] {logging_mixin.py:112} INFO - [2020-07-22 13:33:35,197] {spark_submit_hook.py:479} INFO - 20/07/22 13:33:35 INFO Utils: Successfully started service 'SparkUI' on port 4042.
[2020-07-22 13:33:35,352] {logging_mixin.py:112} INFO - [2020-07-22 13:33:35,352] {spark_submit_hook.py:479} INFO - 20/07/22 13:33:35 INFO SparkUI: Bound SparkUI to 0.0.0.0, and started at http://192.168.43.94:4042
[2020-07-22 13:33:35,541] {logging_mixin.py:112} INFO - [2020-07-22 13:33:35,541] {spark_submit_hook.py:479} INFO - 20/07/22 13:33:35 ERROR SparkContext: Error initializing SparkContext.
[2020-07-22 13:33:35,541] {logging_mixin.py:112} INFO - [2020-07-22 13:33:35,541] {spark_submit_hook.py:479} INFO - org.apache.spark.SparkException: Could not parse Master URL: 'localhost:4040'
[2020-07-22 13:33:35,542] {logging_mixin.py:112} INFO - [2020-07-22 13:33:35,542] {spark_submit_hook.py:479} INFO - at org.apache.spark.SparkContext$.org$apache$spark$SparkContext$$createTaskScheduler(SparkContext.scala:2924)
[2020-07-22 13:33:35,545] {logging_mixin.py:112} INFO - [2020-07-22 13:33:35,545] {spark_submit_hook.py:479} INFO - at org.apache.spark.SparkContext.<init>(SparkContext.scala:528)
[2020-07-22 13:33:35,546] {logging_mixin.py:112} INFO - [2020-07-22 13:33:35,546] {spark_submit_hook.py:479} INFO - at org.apache.spark.api.java.JavaSparkContext.<init>(JavaSparkContext.scala:58)
[2020-07-22 13:33:35,546] {logging_mixin.py:112} INFO - [2020-07-22 13:33:35,546] {spark_submit_hook.py:479} INFO - at sun.reflect.NativeConstructorAccessorImpl.newInstance0(Native Method)
[2020-07-22 13:33:35,546] {logging_mixin.py:112} INFO - [2020-07-22 13:33:35,546] {spark_submit_hook.py:479} INFO - at sun.reflect.NativeConstructorAccessorImpl.newInstance(NativeConstructorAccessorImpl.java:62)
[2020-07-22 13:33:35,546] {logging_mixin.py:112} INFO - [2020-07-22 13:33:35,546] {spark_submit_hook.py:479} INFO - at sun.reflect.DelegatingConstructorAccessorImpl.newInstance(DelegatingConstructorAccessorImpl.java:45)
[2020-07-22 13:33:35,546] {logging_mixin.py:112} INFO - [2020-07-22 13:33:35,546] {spark_submit_hook.py:479} INFO - at java.lang.reflect.Constructor.newInstance(Constructor.java:423)
[2020-07-22 13:33:35,546] {logging_mixin.py:112} INFO - [2020-07-22 13:33:35,546] {spark_submit_hook.py:479} INFO - at py4j.reflection.MethodInvoker.invoke(MethodInvoker.java:247)
[2020-07-22 13:33:35,547] {logging_mixin.py:112} INFO - [2020-07-22 13:33:35,546] {spark_submit_hook.py:479} INFO - at py4j.reflection.ReflectionEngine.invoke(ReflectionEngine.java:357)
[2020-07-22 13:33:35,547] {logging_mixin.py:112} INFO - [2020-07-22 13:33:35,547] {spark_submit_hook.py:479} INFO - at py4j.Gateway.invoke(Gateway.java:238)
[2020-07-22 13:33:35,547] {logging_mixin.py:112} INFO - [2020-07-22 13:33:35,547] {spark_submit_hook.py:479} INFO - at py4j.commands.ConstructorCommand.invokeConstructor(ConstructorCommand.java:80)
[2020-07-22 13:33:35,551] {logging_mixin.py:112} INFO - [2020-07-22 13:33:35,547] {spark_submit_hook.py:479} INFO - at py4j.commands.ConstructorCommand.execute(ConstructorCommand.java:69)
[2020-07-22 13:33:35,551] {logging_mixin.py:112} INFO - [2020-07-22 13:33:35,551] {spark_submit_hook.py:479} INFO - at py4j.GatewayConnection.run(GatewayConnection.java:238)
[2020-07-22 13:33:35,553] {logging_mixin.py:112} INFO - [2020-07-22 13:33:35,552] {spark_submit_hook.py:479} INFO - at java.lang.Thread.run(Thread.java:748)
[2020-07-22 13:33:35,587] {logging_mixin.py:112} INFO - [2020-07-22 13:33:35,586] {spark_submit_hook.py:479} INFO - 20/07/22 13:33:35 INFO SparkUI: Stopped Spark web UI at http://192.168.43.94:4042
[2020-07-22 13:33:35,643] {logging_mixin.py:112} INFO - [2020-07-22 13:33:35,643] {spark_submit_hook.py:479} INFO - 20/07/22 13:33:35 INFO MapOutputTrackerMasterEndpoint: MapOutputTrackerMasterEndpoint stopped!
[2020-07-22 13:33:35,658] {logging_mixin.py:112} INFO - [2020-07-22 13:33:35,655] {spark_submit_hook.py:479} INFO - 20/07/22 13:33:35 INFO MemoryStore: MemoryStore cleared
[2020-07-22 13:33:35,659] {logging_mixin.py:112} INFO - [2020-07-22 13:33:35,658] {spark_submit_hook.py:479} INFO - 20/07/22 13:33:35 INFO BlockManager: BlockManager stopped
[2020-07-22 13:33:35,681] {logging_mixin.py:112} INFO - [2020-07-22 13:33:35,680] {spark_submit_hook.py:479} INFO - 20/07/22 13:33:35 INFO BlockManagerMaster: BlockManagerMaster stopped
[2020-07-22 13:33:35,681] {logging_mixin.py:112} INFO - [2020-07-22 13:33:35,681] {spark_submit_hook.py:479} INFO - 20/07/22 13:33:35 WARN MetricsSystem: Stopping a MetricsSystem that is not running
[2020-07-22 13:33:35,689] {logging_mixin.py:112} INFO - [2020-07-22 13:33:35,689] {spark_submit_hook.py:479} INFO - 20/07/22 13:33:35 INFO OutputCommitCoordinator$OutputCommitCoordinatorEndpoint: OutputCommitCoordinator stopped!
[2020-07-22 13:33:35,705] {logging_mixin.py:112} INFO - [2020-07-22 13:33:35,705] {spark_submit_hook.py:479} INFO - 20/07/22 13:33:35 INFO SparkContext: Successfully stopped SparkContext
[2020-07-22 13:33:35,768] {logging_mixin.py:112} INFO - [2020-07-22 13:33:35,768] {spark_submit_hook.py:479} INFO - Traceback (most recent call last):
[2020-07-22 13:33:35,769] {logging_mixin.py:112} INFO - [2020-07-22 13:33:35,768] {spark_submit_hook.py:479} INFO - File "/home/bhakti/airflow/spark_jobs/python/spark_test.py", line 12, in <module>
[2020-07-22 13:33:35,769] {logging_mixin.py:112} INFO - [2020-07-22 13:33:35,769] {spark_submit_hook.py:479} INFO - sc = SparkContext(conf=conf)
[2020-07-22 13:33:35,769] {logging_mixin.py:112} INFO - [2020-07-22 13:33:35,769] {spark_submit_hook.py:479} INFO - File "/opt/spark/python/lib/pyspark.zip/pyspark/context.py", line 130, in __init__
[2020-07-22 13:33:35,769] {logging_mixin.py:112} INFO - [2020-07-22 13:33:35,769] {spark_submit_hook.py:479} INFO - File "/opt/spark/python/lib/pyspark.zip/pyspark/context.py", line 193, in _do_init
[2020-07-22 13:33:35,769] {logging_mixin.py:112} INFO - [2020-07-22 13:33:35,769] {spark_submit_hook.py:479} INFO - File "/opt/spark/python/lib/pyspark.zip/pyspark/context.py", line 310, in _initialize_context
[2020-07-22 13:33:35,770] {logging_mixin.py:112} INFO - [2020-07-22 13:33:35,769] {spark_submit_hook.py:479} INFO - File "/opt/spark/python/lib/py4j-0.10.9-src.zip/py4j/java_gateway.py", line 1568, in __call__
[2020-07-22 13:33:35,770] {logging_mixin.py:112} INFO - [2020-07-22 13:33:35,770] {spark_submit_hook.py:479} INFO - File "/opt/spark/python/lib/py4j-0.10.9-src.zip/py4j/protocol.py", line 326, in get_return_value
[2020-07-22 13:33:35,770] {logging_mixin.py:112} INFO - [2020-07-22 13:33:35,770] {spark_submit_hook.py:479} INFO - py4j.protocol.Py4JJavaError: An error occurred while calling None.org.apache.spark.api.java.JavaSparkContext.
[2020-07-22 13:33:35,771] {logging_mixin.py:112} INFO - [2020-07-22 13:33:35,770] {spark_submit_hook.py:479} INFO - : org.apache.spark.SparkException: Could not parse Master URL: 'localhost:4040'
[2020-07-22 13:33:35,771] {logging_mixin.py:112} INFO - [2020-07-22 13:33:35,771] {spark_submit_hook.py:479} INFO - at org.apache.spark.SparkContext$.org$apache$spark$SparkContext$$createTaskScheduler(SparkContext.scala:2924)
[2020-07-22 13:33:35,771] {logging_mixin.py:112} INFO - [2020-07-22 13:33:35,771] {spark_submit_hook.py:479} INFO - at org.apache.spark.SparkContext.<init>(SparkContext.scala:528)
[2020-07-22 13:33:35,771] {logging_mixin.py:112} INFO - [2020-07-22 13:33:35,771] {spark_submit_hook.py:479} INFO - at org.apache.spark.api.java.JavaSparkContext.<init>(JavaSparkContext.scala:58)
[2020-07-22 13:33:35,771] {logging_mixin.py:112} INFO - [2020-07-22 13:33:35,771] {spark_submit_hook.py:479} INFO - at sun.reflect.NativeConstructorAccessorImpl.newInstance0(Native Method)
[2020-07-22 13:33:35,771] {logging_mixin.py:112} INFO - [2020-07-22 13:33:35,771] {spark_submit_hook.py:479} INFO - at sun.reflect.NativeConstructorAccessorImpl.newInstance(NativeConstructorAccessorImpl.java:62)
[2020-07-22 13:33:35,771] {logging_mixin.py:112} INFO - [2020-07-22 13:33:35,771] {spark_submit_hook.py:479} INFO - at sun.reflect.DelegatingConstructorAccessorImpl.newInstance(DelegatingConstructorAccessorImpl.java:45)
[2020-07-22 13:33:35,771] {logging_mixin.py:112} INFO - [2020-07-22 13:33:35,771] {spark_submit_hook.py:479} INFO - at java.lang.reflect.Constructor.newInstance(Constructor.java:423)
[2020-07-22 13:33:35,772] {logging_mixin.py:112} INFO - [2020-07-22 13:33:35,772] {spark_submit_hook.py:479} INFO - at py4j.reflection.MethodInvoker.invoke(MethodInvoker.java:247)
[2020-07-22 13:33:35,772] {logging_mixin.py:112} INFO - [2020-07-22 13:33:35,772] {spark_submit_hook.py:479} INFO - at py4j.reflection.ReflectionEngine.invoke(ReflectionEngine.java:357)
[2020-07-22 13:33:35,772] {logging_mixin.py:112} INFO - [2020-07-22 13:33:35,772] {spark_submit_hook.py:479} INFO - at py4j.Gateway.invoke(Gateway.java:238)
[2020-07-22 13:33:35,772] {logging_mixin.py:112} INFO - [2020-07-22 13:33:35,772] {spark_submit_hook.py:479} INFO - at py4j.commands.ConstructorCommand.invokeConstructor(ConstructorCommand.java:80)
[2020-07-22 13:33:35,772] {logging_mixin.py:112} INFO - [2020-07-22 13:33:35,772] {spark_submit_hook.py:479} INFO - at py4j.commands.ConstructorCommand.execute(ConstructorCommand.java:69)
[2020-07-22 13:33:35,772] {logging_mixin.py:112} INFO - [2020-07-22 13:33:35,772] {spark_submit_hook.py:479} INFO - at py4j.GatewayConnection.run(GatewayConnection.java:238)
[2020-07-22 13:33:35,772] {logging_mixin.py:112} INFO - [2020-07-22 13:33:35,772] {spark_submit_hook.py:479} INFO - at java.lang.Thread.run(Thread.java:748)
[2020-07-22 13:33:35,773] {logging_mixin.py:112} INFO - [2020-07-22 13:33:35,773] {spark_submit_hook.py:479} INFO - 
[2020-07-22 13:33:35,932] {logging_mixin.py:112} INFO - [2020-07-22 13:33:35,932] {spark_submit_hook.py:479} INFO - 20/07/22 13:33:35 INFO ShutdownHookManager: Shutdown hook called
[2020-07-22 13:33:35,934] {logging_mixin.py:112} INFO - [2020-07-22 13:33:35,934] {spark_submit_hook.py:479} INFO - 20/07/22 13:33:35 INFO ShutdownHookManager: Deleting directory /tmp/spark-a2e707dd-a4ec-480c-8751-6105541df57c
[2020-07-22 13:33:35,938] {logging_mixin.py:112} INFO - [2020-07-22 13:33:35,938] {spark_submit_hook.py:479} INFO - 20/07/22 13:33:35 INFO ShutdownHookManager: Deleting directory /tmp/spark-be88b86b-edc9-4820-95c1-06aa94755e41
[2020-07-22 13:33:36,039] {taskinstance.py:1145} ERROR - Cannot execute: spark-submit --master localhost:4040 --name airflow-spark /home/bhakti/airflow/spark_jobs/python/spark_test.py. Error code is: 1.
Traceback (most recent call last):
  File "/usr/local/lib/python3.8/dist-packages/airflow/models/taskinstance.py", line 983, in _run_raw_task
    result = task_copy.execute(context=context)
  File "/usr/local/lib/python3.8/dist-packages/airflow/contrib/operators/spark_submit_operator.py", line 187, in execute
    self._hook.submit(self._application)
  File "/usr/local/lib/python3.8/dist-packages/airflow/contrib/hooks/spark_submit_hook.py", line 403, in submit
    raise AirflowException(
airflow.exceptions.AirflowException: Cannot execute: spark-submit --master localhost:4040 --name airflow-spark /home/bhakti/airflow/spark_jobs/python/spark_test.py. Error code is: 1.
[2020-07-22 13:33:36,042] {taskinstance.py:1189} INFO - Marking task as FAILED.dag_id=submit_data, task_id=spark_submit, execution_date=20200720T012000, start_date=20200722T080325, end_date=20200722T080336
[2020-07-22 13:33:40,496] {logging_mixin.py:112} INFO - [2020-07-22 13:33:40,496] {local_task_job.py:103} INFO - Task exited with return code 1
