[2020-07-22 17:27:25,735] {taskinstance.py:669} INFO - Dependencies all met for <TaskInstance: submit_data.spark_submit 2020-07-20T07:41:00+00:00 [queued]>
[2020-07-22 17:27:25,749] {taskinstance.py:669} INFO - Dependencies all met for <TaskInstance: submit_data.spark_submit 2020-07-20T07:41:00+00:00 [queued]>
[2020-07-22 17:27:25,749] {taskinstance.py:879} INFO - 
--------------------------------------------------------------------------------
[2020-07-22 17:27:25,749] {taskinstance.py:880} INFO - Starting attempt 1 of 1
[2020-07-22 17:27:25,749] {taskinstance.py:881} INFO - 
--------------------------------------------------------------------------------
[2020-07-22 17:27:25,921] {taskinstance.py:900} INFO - Executing <Task(SparkSubmitOperator): spark_submit> on 2020-07-20T07:41:00+00:00
[2020-07-22 17:27:25,924] {standard_task_runner.py:53} INFO - Started process 652722 to run task
[2020-07-22 17:27:26,135] {logging_mixin.py:112} INFO - Running %s on host %s <TaskInstance: submit_data.spark_submit 2020-07-20T07:41:00+00:00 [running]> bhakti-Vostro-3558
[2020-07-22 17:27:26,187] {logging_mixin.py:112} INFO - [2020-07-22 17:27:26,186] {base_hook.py:87} INFO - Using connection to: id: spark_local. Host: local, Port: None, Schema: None, Login: None, Password: None, extra: None
[2020-07-22 17:27:26,189] {logging_mixin.py:112} INFO - [2020-07-22 17:27:26,188] {spark_submit_hook.py:325} INFO - Spark-Submit cmd: spark-submit --master local --name airflow-spark /home/bhakti/airflow/spark_jobs/spark_test.py
[2020-07-22 17:27:28,829] {logging_mixin.py:112} INFO - [2020-07-22 17:27:28,828] {spark_submit_hook.py:479} INFO - 20/07/22 17:27:28 WARN Utils: Your hostname, bhakti-Vostro-3558 resolves to a loopback address: 127.0.1.1; using 192.168.43.94 instead (on interface wlp6s0)
[2020-07-22 17:27:28,831] {logging_mixin.py:112} INFO - [2020-07-22 17:27:28,831] {spark_submit_hook.py:479} INFO - 20/07/22 17:27:28 WARN Utils: Set SPARK_LOCAL_IP if you need to bind to another address
[2020-07-22 17:27:30,919] {logging_mixin.py:112} INFO - [2020-07-22 17:27:30,918] {spark_submit_hook.py:479} INFO - 20/07/22 17:27:30 WARN NativeCodeLoader: Unable to load native-hadoop library for your platform... using builtin-java classes where applicable
[2020-07-22 17:27:32,676] {logging_mixin.py:112} INFO - [2020-07-22 17:27:32,675] {spark_submit_hook.py:479} INFO - Using Spark's default log4j profile: org/apache/spark/log4j-defaults.properties
[2020-07-22 17:27:32,715] {logging_mixin.py:112} INFO - [2020-07-22 17:27:32,714] {spark_submit_hook.py:479} INFO - 20/07/22 17:27:32 INFO SparkContext: Running Spark version 3.0.0
[2020-07-22 17:27:32,871] {logging_mixin.py:112} INFO - [2020-07-22 17:27:32,870] {spark_submit_hook.py:479} INFO - 20/07/22 17:27:32 INFO ResourceUtils: ==============================================================
[2020-07-22 17:27:32,874] {logging_mixin.py:112} INFO - [2020-07-22 17:27:32,874] {spark_submit_hook.py:479} INFO - 20/07/22 17:27:32 INFO ResourceUtils: Resources for spark.driver:
[2020-07-22 17:27:32,875] {logging_mixin.py:112} INFO - [2020-07-22 17:27:32,875] {spark_submit_hook.py:479} INFO - 
[2020-07-22 17:27:32,876] {logging_mixin.py:112} INFO - [2020-07-22 17:27:32,876] {spark_submit_hook.py:479} INFO - 20/07/22 17:27:32 INFO ResourceUtils: ==============================================================
[2020-07-22 17:27:32,877] {logging_mixin.py:112} INFO - [2020-07-22 17:27:32,876] {spark_submit_hook.py:479} INFO - 20/07/22 17:27:32 INFO SparkContext: Submitted application: Spark_Test_Python
[2020-07-22 17:27:33,067] {logging_mixin.py:112} INFO - [2020-07-22 17:27:33,067] {spark_submit_hook.py:479} INFO - 20/07/22 17:27:33 INFO SecurityManager: Changing view acls to: bhakti
[2020-07-22 17:27:33,068] {logging_mixin.py:112} INFO - [2020-07-22 17:27:33,068] {spark_submit_hook.py:479} INFO - 20/07/22 17:27:33 INFO SecurityManager: Changing modify acls to: bhakti
[2020-07-22 17:27:33,069] {logging_mixin.py:112} INFO - [2020-07-22 17:27:33,069] {spark_submit_hook.py:479} INFO - 20/07/22 17:27:33 INFO SecurityManager: Changing view acls groups to:
[2020-07-22 17:27:33,070] {logging_mixin.py:112} INFO - [2020-07-22 17:27:33,070] {spark_submit_hook.py:479} INFO - 20/07/22 17:27:33 INFO SecurityManager: Changing modify acls groups to:
[2020-07-22 17:27:33,071] {logging_mixin.py:112} INFO - [2020-07-22 17:27:33,070] {spark_submit_hook.py:479} INFO - 20/07/22 17:27:33 INFO SecurityManager: SecurityManager: authentication disabled; ui acls disabled; users  with view permissions: Set(bhakti); groups with view permissions: Set(); users  with modify permissions: Set(bhakti); groups with modify permissions: Set()
[2020-07-22 17:27:33,554] {logging_mixin.py:112} INFO - [2020-07-22 17:27:33,554] {spark_submit_hook.py:479} INFO - 20/07/22 17:27:33 INFO Utils: Successfully started service 'sparkDriver' on port 35505.
[2020-07-22 17:27:33,615] {logging_mixin.py:112} INFO - [2020-07-22 17:27:33,614] {spark_submit_hook.py:479} INFO - 20/07/22 17:27:33 INFO SparkEnv: Registering MapOutputTracker
[2020-07-22 17:27:33,699] {logging_mixin.py:112} INFO - [2020-07-22 17:27:33,699] {spark_submit_hook.py:479} INFO - 20/07/22 17:27:33 INFO SparkEnv: Registering BlockManagerMaster
[2020-07-22 17:27:33,770] {logging_mixin.py:112} INFO - [2020-07-22 17:27:33,770] {spark_submit_hook.py:479} INFO - 20/07/22 17:27:33 INFO BlockManagerMasterEndpoint: Using org.apache.spark.storage.DefaultTopologyMapper for getting topology information
[2020-07-22 17:27:33,785] {logging_mixin.py:112} INFO - [2020-07-22 17:27:33,784] {spark_submit_hook.py:479} INFO - 20/07/22 17:27:33 INFO BlockManagerMasterEndpoint: BlockManagerMasterEndpoint up
[2020-07-22 17:27:33,801] {logging_mixin.py:112} INFO - [2020-07-22 17:27:33,800] {spark_submit_hook.py:479} INFO - 20/07/22 17:27:33 INFO SparkEnv: Registering BlockManagerMasterHeartbeat
[2020-07-22 17:27:33,831] {logging_mixin.py:112} INFO - [2020-07-22 17:27:33,831] {spark_submit_hook.py:479} INFO - 20/07/22 17:27:33 INFO DiskBlockManager: Created local directory at /tmp/blockmgr-1650a6f7-392e-41e0-bdfb-316a32c87f5a
[2020-07-22 17:27:33,879] {logging_mixin.py:112} INFO - [2020-07-22 17:27:33,879] {spark_submit_hook.py:479} INFO - 20/07/22 17:27:33 INFO MemoryStore: MemoryStore started with capacity 366.3 MiB
[2020-07-22 17:27:33,917] {logging_mixin.py:112} INFO - [2020-07-22 17:27:33,917] {spark_submit_hook.py:479} INFO - 20/07/22 17:27:33 INFO SparkEnv: Registering OutputCommitCoordinator
[2020-07-22 17:27:34,327] {logging_mixin.py:112} INFO - [2020-07-22 17:27:34,327] {spark_submit_hook.py:479} INFO - 20/07/22 17:27:34 WARN Utils: Service 'SparkUI' could not bind on port 4040. Attempting port 4041.
[2020-07-22 17:27:34,328] {logging_mixin.py:112} INFO - [2020-07-22 17:27:34,327] {spark_submit_hook.py:479} INFO - 20/07/22 17:27:34 WARN Utils: Service 'SparkUI' could not bind on port 4041. Attempting port 4042.
[2020-07-22 17:27:34,339] {logging_mixin.py:112} INFO - [2020-07-22 17:27:34,339] {spark_submit_hook.py:479} INFO - 20/07/22 17:27:34 INFO Utils: Successfully started service 'SparkUI' on port 4042.
[2020-07-22 17:27:34,429] {logging_mixin.py:112} INFO - [2020-07-22 17:27:34,429] {spark_submit_hook.py:479} INFO - 20/07/22 17:27:34 INFO SparkUI: Bound SparkUI to 0.0.0.0, and started at http://192.168.43.94:4042
[2020-07-22 17:27:34,858] {logging_mixin.py:112} INFO - [2020-07-22 17:27:34,858] {spark_submit_hook.py:479} INFO - 20/07/22 17:27:34 INFO Executor: Starting executor ID driver on host 192.168.43.94
[2020-07-22 17:27:34,941] {logging_mixin.py:112} INFO - [2020-07-22 17:27:34,940] {spark_submit_hook.py:479} INFO - 20/07/22 17:27:34 INFO Utils: Successfully started service 'org.apache.spark.network.netty.NettyBlockTransferService' on port 34537.
[2020-07-22 17:27:34,941] {logging_mixin.py:112} INFO - [2020-07-22 17:27:34,941] {spark_submit_hook.py:479} INFO - 20/07/22 17:27:34 INFO NettyBlockTransferService: Server created on 192.168.43.94:34537
[2020-07-22 17:27:34,942] {logging_mixin.py:112} INFO - [2020-07-22 17:27:34,941] {spark_submit_hook.py:479} INFO - 20/07/22 17:27:34 INFO BlockManager: Using org.apache.spark.storage.RandomBlockReplicationPolicy for block replication policy
[2020-07-22 17:27:34,963] {logging_mixin.py:112} INFO - [2020-07-22 17:27:34,963] {spark_submit_hook.py:479} INFO - 20/07/22 17:27:34 INFO BlockManagerMaster: Registering BlockManager BlockManagerId(driver, 192.168.43.94, 34537, None)
[2020-07-22 17:27:34,979] {logging_mixin.py:112} INFO - [2020-07-22 17:27:34,979] {spark_submit_hook.py:479} INFO - 20/07/22 17:27:34 INFO BlockManagerMasterEndpoint: Registering block manager 192.168.43.94:34537 with 366.3 MiB RAM, BlockManagerId(driver, 192.168.43.94, 34537, None)
[2020-07-22 17:27:34,988] {logging_mixin.py:112} INFO - [2020-07-22 17:27:34,988] {spark_submit_hook.py:479} INFO - 20/07/22 17:27:34 INFO BlockManagerMaster: Registered BlockManager BlockManagerId(driver, 192.168.43.94, 34537, None)
[2020-07-22 17:27:34,991] {logging_mixin.py:112} INFO - [2020-07-22 17:27:34,991] {spark_submit_hook.py:479} INFO - 20/07/22 17:27:34 INFO BlockManager: Initialized BlockManager: BlockManagerId(driver, 192.168.43.94, 34537, None)
[2020-07-22 17:27:36,578] {logging_mixin.py:112} INFO - [2020-07-22 17:27:36,578] {spark_submit_hook.py:479} INFO - 20/07/22 17:27:36 INFO MemoryStore: Block broadcast_0 stored as values in memory (estimated size 241.5 KiB, free 366.1 MiB)
[2020-07-22 17:27:36,739] {logging_mixin.py:112} INFO - [2020-07-22 17:27:36,739] {spark_submit_hook.py:479} INFO - 20/07/22 17:27:36 INFO MemoryStore: Block broadcast_0_piece0 stored as bytes in memory (estimated size 23.4 KiB, free 366.0 MiB)
[2020-07-22 17:27:36,749] {logging_mixin.py:112} INFO - [2020-07-22 17:27:36,748] {spark_submit_hook.py:479} INFO - 20/07/22 17:27:36 INFO BlockManagerInfo: Added broadcast_0_piece0 in memory on 192.168.43.94:34537 (size: 23.4 KiB, free: 366.3 MiB)
[2020-07-22 17:27:36,764] {logging_mixin.py:112} INFO - [2020-07-22 17:27:36,764] {spark_submit_hook.py:479} INFO - 20/07/22 17:27:36 INFO SparkContext: Created broadcast 0 from textFile at NativeMethodAccessorImpl.java:0
[2020-07-22 17:27:37,139] {logging_mixin.py:112} INFO - [2020-07-22 17:27:37,138] {spark_submit_hook.py:479} INFO - 20/07/22 17:27:37 INFO FileInputFormat: Total input paths to process : 1
[2020-07-22 17:27:37,277] {logging_mixin.py:112} INFO - [2020-07-22 17:27:37,277] {spark_submit_hook.py:479} INFO - 20/07/22 17:27:37 INFO SparkContext: Starting job: collect at /home/bhakti/airflow/spark_jobs/spark_test.py:8
[2020-07-22 17:27:37,310] {logging_mixin.py:112} INFO - [2020-07-22 17:27:37,310] {spark_submit_hook.py:479} INFO - 20/07/22 17:27:37 INFO DAGScheduler: Got job 0 (collect at /home/bhakti/airflow/spark_jobs/spark_test.py:8) with 1 output partitions
[2020-07-22 17:27:37,312] {logging_mixin.py:112} INFO - [2020-07-22 17:27:37,311] {spark_submit_hook.py:479} INFO - 20/07/22 17:27:37 INFO DAGScheduler: Final stage: ResultStage 0 (collect at /home/bhakti/airflow/spark_jobs/spark_test.py:8)
[2020-07-22 17:27:37,313] {logging_mixin.py:112} INFO - [2020-07-22 17:27:37,313] {spark_submit_hook.py:479} INFO - 20/07/22 17:27:37 INFO DAGScheduler: Parents of final stage: List()
[2020-07-22 17:27:37,318] {logging_mixin.py:112} INFO - [2020-07-22 17:27:37,318] {spark_submit_hook.py:479} INFO - 20/07/22 17:27:37 INFO DAGScheduler: Missing parents: List()
[2020-07-22 17:27:37,347] {logging_mixin.py:112} INFO - [2020-07-22 17:27:37,347] {spark_submit_hook.py:479} INFO - 20/07/22 17:27:37 INFO DAGScheduler: Submitting ResultStage 0 (PythonRDD[2] at collect at /home/bhakti/airflow/spark_jobs/spark_test.py:8), which has no missing parents
[2020-07-22 17:27:37,394] {logging_mixin.py:112} INFO - [2020-07-22 17:27:37,394] {spark_submit_hook.py:479} INFO - 20/07/22 17:27:37 INFO MemoryStore: Block broadcast_1 stored as values in memory (estimated size 7.4 KiB, free 366.0 MiB)
[2020-07-22 17:27:37,418] {logging_mixin.py:112} INFO - [2020-07-22 17:27:37,418] {spark_submit_hook.py:479} INFO - 20/07/22 17:27:37 INFO MemoryStore: Block broadcast_1_piece0 stored as bytes in memory (estimated size 4.4 KiB, free 366.0 MiB)
[2020-07-22 17:27:37,420] {logging_mixin.py:112} INFO - [2020-07-22 17:27:37,420] {spark_submit_hook.py:479} INFO - 20/07/22 17:27:37 INFO BlockManagerInfo: Added broadcast_1_piece0 in memory on 192.168.43.94:34537 (size: 4.4 KiB, free: 366.3 MiB)
[2020-07-22 17:27:37,423] {logging_mixin.py:112} INFO - [2020-07-22 17:27:37,423] {spark_submit_hook.py:479} INFO - 20/07/22 17:27:37 INFO SparkContext: Created broadcast 1 from broadcast at DAGScheduler.scala:1200
[2020-07-22 17:27:37,470] {logging_mixin.py:112} INFO - [2020-07-22 17:27:37,470] {spark_submit_hook.py:479} INFO - 20/07/22 17:27:37 INFO DAGScheduler: Submitting 1 missing tasks from ResultStage 0 (PythonRDD[2] at collect at /home/bhakti/airflow/spark_jobs/spark_test.py:8) (first 15 tasks are for partitions Vector(0))
[2020-07-22 17:27:37,477] {logging_mixin.py:112} INFO - [2020-07-22 17:27:37,477] {spark_submit_hook.py:479} INFO - 20/07/22 17:27:37 INFO TaskSchedulerImpl: Adding task set 0.0 with 1 tasks
[2020-07-22 17:27:37,665] {logging_mixin.py:112} INFO - [2020-07-22 17:27:37,665] {spark_submit_hook.py:479} INFO - 20/07/22 17:27:37 INFO TaskSetManager: Starting task 0.0 in stage 0.0 (TID 0, 192.168.43.94, executor driver, partition 0, PROCESS_LOCAL, 7388 bytes)
[2020-07-22 17:27:37,722] {logging_mixin.py:112} INFO - [2020-07-22 17:27:37,722] {spark_submit_hook.py:479} INFO - 20/07/22 17:27:37 INFO Executor: Running task 0.0 in stage 0.0 (TID 0)
[2020-07-22 17:27:38,893] {logging_mixin.py:112} INFO - [2020-07-22 17:27:38,893] {spark_submit_hook.py:479} INFO - 20/07/22 17:27:38 INFO HadoopRDD: Input split: file:/home/bhakti/airflow/input_data/sample.csv:0+93
[2020-07-22 17:27:39,780] {logging_mixin.py:112} INFO - [2020-07-22 17:27:39,780] {spark_submit_hook.py:479} INFO - 20/07/22 17:27:39 INFO PythonRunner: Times: total = 794, boot = 771, init = 22, finish = 1
[2020-07-22 17:27:39,847] {logging_mixin.py:112} INFO - [2020-07-22 17:27:39,847] {spark_submit_hook.py:479} INFO - 20/07/22 17:27:39 INFO Executor: Finished task 0.0 in stage 0.0 (TID 0). 1822 bytes result sent to driver
[2020-07-22 17:27:39,869] {logging_mixin.py:112} INFO - [2020-07-22 17:27:39,869] {spark_submit_hook.py:479} INFO - 20/07/22 17:27:39 INFO TaskSetManager: Finished task 0.0 in stage 0.0 (TID 0) in 2293 ms on 192.168.43.94 (executor driver) (1/1)
[2020-07-22 17:27:39,874] {logging_mixin.py:112} INFO - [2020-07-22 17:27:39,874] {spark_submit_hook.py:479} INFO - 20/07/22 17:27:39 INFO TaskSchedulerImpl: Removed TaskSet 0.0, whose tasks have all completed, from pool
[2020-07-22 17:27:39,887] {logging_mixin.py:112} INFO - [2020-07-22 17:27:39,887] {spark_submit_hook.py:479} INFO - 20/07/22 17:27:39 INFO PythonAccumulatorV2: Connected to AccumulatorServer at host: 127.0.0.1 port: 53581
[2020-07-22 17:27:39,915] {logging_mixin.py:112} INFO - [2020-07-22 17:27:39,915] {spark_submit_hook.py:479} INFO - 20/07/22 17:27:39 INFO DAGScheduler: ResultStage 0 (collect at /home/bhakti/airflow/spark_jobs/spark_test.py:8) finished in 2.523 s
[2020-07-22 17:27:39,931] {logging_mixin.py:112} INFO - [2020-07-22 17:27:39,930] {spark_submit_hook.py:479} INFO - 20/07/22 17:27:39 INFO DAGScheduler: Job 0 is finished. Cancelling potential speculative or zombie tasks for this job
[2020-07-22 17:27:39,932] {logging_mixin.py:112} INFO - [2020-07-22 17:27:39,932] {spark_submit_hook.py:479} INFO - 20/07/22 17:27:39 INFO TaskSchedulerImpl: Killing all running tasks in stage 0: Stage finished
[2020-07-22 17:27:39,948] {logging_mixin.py:112} INFO - [2020-07-22 17:27:39,947] {spark_submit_hook.py:479} INFO - 20/07/22 17:27:39 INFO DAGScheduler: Job 0 finished: collect at /home/bhakti/airflow/spark_jobs/spark_test.py:8, took 2.666051 s
[2020-07-22 17:27:39,971] {logging_mixin.py:112} INFO - [2020-07-22 17:27:39,971] {spark_submit_hook.py:479} INFO - [('PERSON', 'JOINING_YEAR', 'COMPANY'), ('John', '2018', 'Google'), ('Sam', '2017', 'IBM'), ('Jeff', '2014', 'Yahoo'), ('Allen', '2015', 'Facebook')]
[2020-07-22 17:27:40,862] {logging_mixin.py:112} INFO - [2020-07-22 17:27:40,862] {spark_submit_hook.py:479} INFO - 20/07/22 17:27:40 INFO BlockManagerInfo: Removed broadcast_1_piece0 on 192.168.43.94:34537 in memory (size: 4.4 KiB, free: 366.3 MiB)
[2020-07-22 17:27:40,921] {logging_mixin.py:112} INFO - [2020-07-22 17:27:40,921] {spark_submit_hook.py:479} INFO - 20/07/22 17:27:40 INFO BlockManagerInfo: Removed broadcast_0_piece0 on 192.168.43.94:34537 in memory (size: 23.4 KiB, free: 366.3 MiB)
[2020-07-22 17:27:40,995] {logging_mixin.py:112} INFO - [2020-07-22 17:27:40,995] {spark_submit_hook.py:479} INFO - 20/07/22 17:27:40 INFO SharedState: Setting hive.metastore.warehouse.dir ('null') to the value of spark.sql.warehouse.dir ('file:/home/bhakti/airflow/spark-warehouse').
[2020-07-22 17:27:40,996] {logging_mixin.py:112} INFO - [2020-07-22 17:27:40,996] {spark_submit_hook.py:479} INFO - 20/07/22 17:27:40 INFO SharedState: Warehouse path is 'file:/home/bhakti/airflow/spark-warehouse'.
[2020-07-22 17:27:46,950] {logging_mixin.py:112} INFO - [2020-07-22 17:27:46,950] {spark_submit_hook.py:479} INFO - 20/07/22 17:27:46 INFO CodeGenerator: Code generated in 631.189566 ms
[2020-07-22 17:27:47,140] {logging_mixin.py:112} INFO - [2020-07-22 17:27:47,140] {spark_submit_hook.py:479} INFO - 20/07/22 17:27:47 INFO SparkContext: Starting job: showString at NativeMethodAccessorImpl.java:0
[2020-07-22 17:27:47,146] {logging_mixin.py:112} INFO - [2020-07-22 17:27:47,146] {spark_submit_hook.py:479} INFO - 20/07/22 17:27:47 INFO DAGScheduler: Got job 1 (showString at NativeMethodAccessorImpl.java:0) with 1 output partitions
[2020-07-22 17:27:47,147] {logging_mixin.py:112} INFO - [2020-07-22 17:27:47,147] {spark_submit_hook.py:479} INFO - 20/07/22 17:27:47 INFO DAGScheduler: Final stage: ResultStage 1 (showString at NativeMethodAccessorImpl.java:0)
[2020-07-22 17:27:47,147] {logging_mixin.py:112} INFO - [2020-07-22 17:27:47,147] {spark_submit_hook.py:479} INFO - 20/07/22 17:27:47 INFO DAGScheduler: Parents of final stage: List()
[2020-07-22 17:27:47,148] {logging_mixin.py:112} INFO - [2020-07-22 17:27:47,147] {spark_submit_hook.py:479} INFO - 20/07/22 17:27:47 INFO DAGScheduler: Missing parents: List()
[2020-07-22 17:27:47,151] {logging_mixin.py:112} INFO - [2020-07-22 17:27:47,151] {spark_submit_hook.py:479} INFO - 20/07/22 17:27:47 INFO DAGScheduler: Submitting ResultStage 1 (MapPartitionsRDD[9] at showString at NativeMethodAccessorImpl.java:0), which has no missing parents
[2020-07-22 17:27:47,205] {logging_mixin.py:112} INFO - [2020-07-22 17:27:47,205] {spark_submit_hook.py:479} INFO - 20/07/22 17:27:47 INFO MemoryStore: Block broadcast_2 stored as values in memory (estimated size 11.2 KiB, free 366.3 MiB)
[2020-07-22 17:27:47,299] {logging_mixin.py:112} INFO - [2020-07-22 17:27:47,299] {spark_submit_hook.py:479} INFO - 20/07/22 17:27:47 INFO MemoryStore: Block broadcast_2_piece0 stored as bytes in memory (estimated size 5.8 KiB, free 366.3 MiB)
[2020-07-22 17:27:47,301] {logging_mixin.py:112} INFO - [2020-07-22 17:27:47,300] {spark_submit_hook.py:479} INFO - 20/07/22 17:27:47 INFO BlockManagerInfo: Added broadcast_2_piece0 in memory on 192.168.43.94:34537 (size: 5.8 KiB, free: 366.3 MiB)
[2020-07-22 17:27:47,304] {logging_mixin.py:112} INFO - [2020-07-22 17:27:47,303] {spark_submit_hook.py:479} INFO - 20/07/22 17:27:47 INFO SparkContext: Created broadcast 2 from broadcast at DAGScheduler.scala:1200
[2020-07-22 17:27:47,305] {logging_mixin.py:112} INFO - [2020-07-22 17:27:47,304] {spark_submit_hook.py:479} INFO - 20/07/22 17:27:47 INFO DAGScheduler: Submitting 1 missing tasks from ResultStage 1 (MapPartitionsRDD[9] at showString at NativeMethodAccessorImpl.java:0) (first 15 tasks are for partitions Vector(0))
[2020-07-22 17:27:47,305] {logging_mixin.py:112} INFO - [2020-07-22 17:27:47,305] {spark_submit_hook.py:479} INFO - 20/07/22 17:27:47 INFO TaskSchedulerImpl: Adding task set 1.0 with 1 tasks
[2020-07-22 17:27:47,332] {logging_mixin.py:112} INFO - [2020-07-22 17:27:47,331] {spark_submit_hook.py:479} INFO - 20/07/22 17:27:47 INFO TaskSetManager: Starting task 0.0 in stage 1.0 (TID 1, 192.168.43.94, executor driver, partition 0, PROCESS_LOCAL, 7493 bytes)
[2020-07-22 17:27:47,333] {logging_mixin.py:112} INFO - [2020-07-22 17:27:47,332] {spark_submit_hook.py:479} INFO - 20/07/22 17:27:47 INFO Executor: Running task 0.0 in stage 1.0 (TID 1)
[2020-07-22 17:27:47,459] {logging_mixin.py:112} INFO - [2020-07-22 17:27:47,458] {spark_submit_hook.py:479} INFO - 20/07/22 17:27:47 INFO PythonRunner: Times: total = 3, boot = -7623, init = 7626, finish = 0
[2020-07-22 17:27:47,474] {logging_mixin.py:112} INFO - [2020-07-22 17:27:47,474] {spark_submit_hook.py:479} INFO - 20/07/22 17:27:47 INFO Executor: Finished task 0.0 in stage 1.0 (TID 1). 2235 bytes result sent to driver
[2020-07-22 17:27:47,493] {logging_mixin.py:112} INFO - [2020-07-22 17:27:47,492] {spark_submit_hook.py:479} INFO - 20/07/22 17:27:47 INFO TaskSetManager: Finished task 0.0 in stage 1.0 (TID 1) in 181 ms on 192.168.43.94 (executor driver) (1/1)
[2020-07-22 17:27:47,499] {logging_mixin.py:112} INFO - [2020-07-22 17:27:47,498] {spark_submit_hook.py:479} INFO - 20/07/22 17:27:47 INFO DAGScheduler: ResultStage 1 (showString at NativeMethodAccessorImpl.java:0) finished in 0.336 s
[2020-07-22 17:27:47,499] {logging_mixin.py:112} INFO - [2020-07-22 17:27:47,499] {spark_submit_hook.py:479} INFO - 20/07/22 17:27:47 INFO DAGScheduler: Job 1 is finished. Cancelling potential speculative or zombie tasks for this job
[2020-07-22 17:27:47,508] {logging_mixin.py:112} INFO - [2020-07-22 17:27:47,507] {spark_submit_hook.py:479} INFO - 20/07/22 17:27:47 INFO TaskSchedulerImpl: Removed TaskSet 1.0, whose tasks have all completed, from pool
[2020-07-22 17:27:47,510] {logging_mixin.py:112} INFO - [2020-07-22 17:27:47,509] {spark_submit_hook.py:479} INFO - 20/07/22 17:27:47 INFO TaskSchedulerImpl: Killing all running tasks in stage 1: Stage finished
[2020-07-22 17:27:47,511] {logging_mixin.py:112} INFO - [2020-07-22 17:27:47,511] {spark_submit_hook.py:479} INFO - 20/07/22 17:27:47 INFO DAGScheduler: Job 1 finished: showString at NativeMethodAccessorImpl.java:0, took 0.370612 s
[2020-07-22 17:27:47,673] {logging_mixin.py:112} INFO - [2020-07-22 17:27:47,673] {spark_submit_hook.py:479} INFO - 20/07/22 17:27:47 INFO CodeGenerator: Code generated in 106.846895 ms
[2020-07-22 17:27:47,716] {logging_mixin.py:112} INFO - [2020-07-22 17:27:47,716] {spark_submit_hook.py:479} INFO - +------+------------+--------+
[2020-07-22 17:27:47,717] {logging_mixin.py:112} INFO - [2020-07-22 17:27:47,717] {spark_submit_hook.py:479} INFO - |    _1|          _2|      _3|
[2020-07-22 17:27:47,717] {logging_mixin.py:112} INFO - [2020-07-22 17:27:47,717] {spark_submit_hook.py:479} INFO - +------+------------+--------+
[2020-07-22 17:27:47,717] {logging_mixin.py:112} INFO - [2020-07-22 17:27:47,717] {spark_submit_hook.py:479} INFO - |PERSON|JOINING_YEAR| COMPANY|
[2020-07-22 17:27:47,717] {logging_mixin.py:112} INFO - [2020-07-22 17:27:47,717] {spark_submit_hook.py:479} INFO - |  John|        2018|  Google|
[2020-07-22 17:27:47,718] {logging_mixin.py:112} INFO - [2020-07-22 17:27:47,717] {spark_submit_hook.py:479} INFO - |   Sam|        2017|     IBM|
[2020-07-22 17:27:47,718] {logging_mixin.py:112} INFO - [2020-07-22 17:27:47,718] {spark_submit_hook.py:479} INFO - |  Jeff|        2014|   Yahoo|
[2020-07-22 17:27:47,718] {logging_mixin.py:112} INFO - [2020-07-22 17:27:47,718] {spark_submit_hook.py:479} INFO - | Allen|        2015|Facebook|
[2020-07-22 17:27:47,718] {logging_mixin.py:112} INFO - [2020-07-22 17:27:47,718] {spark_submit_hook.py:479} INFO - +------+------------+--------+
[2020-07-22 17:27:47,718] {logging_mixin.py:112} INFO - [2020-07-22 17:27:47,718] {spark_submit_hook.py:479} INFO - 
[2020-07-22 17:27:47,837] {logging_mixin.py:112} INFO - [2020-07-22 17:27:47,837] {spark_submit_hook.py:479} INFO - 20/07/22 17:27:47 INFO SparkContext: Invoking stop() from shutdown hook
[2020-07-22 17:27:47,849] {logging_mixin.py:112} INFO - [2020-07-22 17:27:47,849] {spark_submit_hook.py:479} INFO - 20/07/22 17:27:47 INFO SparkUI: Stopped Spark web UI at http://192.168.43.94:4042
[2020-07-22 17:27:47,875] {logging_mixin.py:112} INFO - [2020-07-22 17:27:47,874] {spark_submit_hook.py:479} INFO - 20/07/22 17:27:47 INFO MapOutputTrackerMasterEndpoint: MapOutputTrackerMasterEndpoint stopped!
[2020-07-22 17:27:47,897] {logging_mixin.py:112} INFO - [2020-07-22 17:27:47,897] {spark_submit_hook.py:479} INFO - 20/07/22 17:27:47 INFO MemoryStore: MemoryStore cleared
[2020-07-22 17:27:47,906] {logging_mixin.py:112} INFO - [2020-07-22 17:27:47,906] {spark_submit_hook.py:479} INFO - 20/07/22 17:27:47 INFO BlockManager: BlockManager stopped
[2020-07-22 17:27:47,916] {logging_mixin.py:112} INFO - [2020-07-22 17:27:47,915] {spark_submit_hook.py:479} INFO - 20/07/22 17:27:47 INFO BlockManagerMaster: BlockManagerMaster stopped
[2020-07-22 17:27:47,922] {logging_mixin.py:112} INFO - [2020-07-22 17:27:47,922] {spark_submit_hook.py:479} INFO - 20/07/22 17:27:47 INFO OutputCommitCoordinator$OutputCommitCoordinatorEndpoint: OutputCommitCoordinator stopped!
[2020-07-22 17:27:47,942] {logging_mixin.py:112} INFO - [2020-07-22 17:27:47,942] {spark_submit_hook.py:479} INFO - 20/07/22 17:27:47 INFO SparkContext: Successfully stopped SparkContext
[2020-07-22 17:27:47,943] {logging_mixin.py:112} INFO - [2020-07-22 17:27:47,943] {spark_submit_hook.py:479} INFO - 20/07/22 17:27:47 INFO ShutdownHookManager: Shutdown hook called
[2020-07-22 17:27:47,944] {logging_mixin.py:112} INFO - [2020-07-22 17:27:47,944] {spark_submit_hook.py:479} INFO - 20/07/22 17:27:47 INFO ShutdownHookManager: Deleting directory /tmp/spark-2db13e24-0215-4684-94d1-5d5335c8c54a
[2020-07-22 17:27:47,951] {logging_mixin.py:112} INFO - [2020-07-22 17:27:47,950] {spark_submit_hook.py:479} INFO - 20/07/22 17:27:47 INFO ShutdownHookManager: Deleting directory /tmp/spark-cf14c731-6d22-487e-85cc-479375885309
[2020-07-22 17:27:47,965] {logging_mixin.py:112} INFO - [2020-07-22 17:27:47,964] {spark_submit_hook.py:479} INFO - 20/07/22 17:27:47 INFO ShutdownHookManager: Deleting directory /tmp/spark-cf14c731-6d22-487e-85cc-479375885309/pyspark-a672f8bb-a6be-4658-906a-34e220a24b7d
[2020-07-22 17:27:48,050] {taskinstance.py:1052} INFO - Marking task as SUCCESS.dag_id=submit_data, task_id=spark_submit, execution_date=20200720T074100, start_date=20200722T115725, end_date=20200722T115748
[2020-07-22 17:27:51,088] {logging_mixin.py:112} INFO - [2020-07-22 17:27:51,088] {local_task_job.py:103} INFO - Task exited with return code 0
