[2020-07-22 17:21:19,413] {taskinstance.py:669} INFO - Dependencies all met for <TaskInstance: submit_data.spark_submit 2020-07-20T07:33:00+00:00 [queued]>
[2020-07-22 17:21:19,438] {taskinstance.py:669} INFO - Dependencies all met for <TaskInstance: submit_data.spark_submit 2020-07-20T07:33:00+00:00 [queued]>
[2020-07-22 17:21:19,438] {taskinstance.py:879} INFO - 
--------------------------------------------------------------------------------
[2020-07-22 17:21:19,439] {taskinstance.py:880} INFO - Starting attempt 1 of 1
[2020-07-22 17:21:19,439] {taskinstance.py:881} INFO - 
--------------------------------------------------------------------------------
[2020-07-22 17:21:19,616] {taskinstance.py:900} INFO - Executing <Task(SparkSubmitOperator): spark_submit> on 2020-07-20T07:33:00+00:00
[2020-07-22 17:21:19,621] {standard_task_runner.py:53} INFO - Started process 644865 to run task
[2020-07-22 17:21:19,912] {logging_mixin.py:112} INFO - Running %s on host %s <TaskInstance: submit_data.spark_submit 2020-07-20T07:33:00+00:00 [running]> bhakti-Vostro-3558
[2020-07-22 17:21:19,983] {logging_mixin.py:112} INFO - [2020-07-22 17:21:19,981] {base_hook.py:87} INFO - Using connection to: id: spark_local. Host: local, Port: None, Schema: None, Login: None, Password: None, extra: None
[2020-07-22 17:21:19,989] {logging_mixin.py:112} INFO - [2020-07-22 17:21:19,987] {spark_submit_hook.py:325} INFO - Spark-Submit cmd: spark-submit --master local --name airflow-spark /home/bhakti/airflow/spark_jobs/spark_test.py
[2020-07-22 17:21:22,973] {logging_mixin.py:112} INFO - [2020-07-22 17:21:22,973] {spark_submit_hook.py:479} INFO - 20/07/22 17:21:22 WARN Utils: Your hostname, bhakti-Vostro-3558 resolves to a loopback address: 127.0.1.1; using 192.168.43.94 instead (on interface wlp6s0)
[2020-07-22 17:21:22,977] {logging_mixin.py:112} INFO - [2020-07-22 17:21:22,977] {spark_submit_hook.py:479} INFO - 20/07/22 17:21:22 WARN Utils: Set SPARK_LOCAL_IP if you need to bind to another address
[2020-07-22 17:21:24,880] {logging_mixin.py:112} INFO - [2020-07-22 17:21:24,880] {spark_submit_hook.py:479} INFO - 20/07/22 17:21:24 WARN NativeCodeLoader: Unable to load native-hadoop library for your platform... using builtin-java classes where applicable
[2020-07-22 17:21:26,685] {logging_mixin.py:112} INFO - [2020-07-22 17:21:26,685] {spark_submit_hook.py:479} INFO - Using Spark's default log4j profile: org/apache/spark/log4j-defaults.properties
[2020-07-22 17:21:26,704] {logging_mixin.py:112} INFO - [2020-07-22 17:21:26,704] {spark_submit_hook.py:479} INFO - 20/07/22 17:21:26 INFO SparkContext: Running Spark version 3.0.0
[2020-07-22 17:21:26,774] {logging_mixin.py:112} INFO - [2020-07-22 17:21:26,774] {spark_submit_hook.py:479} INFO - 20/07/22 17:21:26 INFO ResourceUtils: ==============================================================
[2020-07-22 17:21:26,777] {logging_mixin.py:112} INFO - [2020-07-22 17:21:26,776] {spark_submit_hook.py:479} INFO - 20/07/22 17:21:26 INFO ResourceUtils: Resources for spark.driver:
[2020-07-22 17:21:26,777] {logging_mixin.py:112} INFO - [2020-07-22 17:21:26,777] {spark_submit_hook.py:479} INFO - 
[2020-07-22 17:21:26,777] {logging_mixin.py:112} INFO - [2020-07-22 17:21:26,777] {spark_submit_hook.py:479} INFO - 20/07/22 17:21:26 INFO ResourceUtils: ==============================================================
[2020-07-22 17:21:26,778] {logging_mixin.py:112} INFO - [2020-07-22 17:21:26,778] {spark_submit_hook.py:479} INFO - 20/07/22 17:21:26 INFO SparkContext: Submitted application: Spark_Test_Python
[2020-07-22 17:21:26,878] {logging_mixin.py:112} INFO - [2020-07-22 17:21:26,878] {spark_submit_hook.py:479} INFO - 20/07/22 17:21:26 INFO SecurityManager: Changing view acls to: bhakti
[2020-07-22 17:21:26,878] {logging_mixin.py:112} INFO - [2020-07-22 17:21:26,878] {spark_submit_hook.py:479} INFO - 20/07/22 17:21:26 INFO SecurityManager: Changing modify acls to: bhakti
[2020-07-22 17:21:26,879] {logging_mixin.py:112} INFO - [2020-07-22 17:21:26,878] {spark_submit_hook.py:479} INFO - 20/07/22 17:21:26 INFO SecurityManager: Changing view acls groups to:
[2020-07-22 17:21:26,879] {logging_mixin.py:112} INFO - [2020-07-22 17:21:26,879] {spark_submit_hook.py:479} INFO - 20/07/22 17:21:26 INFO SecurityManager: Changing modify acls groups to:
[2020-07-22 17:21:26,879] {logging_mixin.py:112} INFO - [2020-07-22 17:21:26,879] {spark_submit_hook.py:479} INFO - 20/07/22 17:21:26 INFO SecurityManager: SecurityManager: authentication disabled; ui acls disabled; users  with view permissions: Set(bhakti); groups with view permissions: Set(); users  with modify permissions: Set(bhakti); groups with modify permissions: Set()
[2020-07-22 17:21:27,291] {logging_mixin.py:112} INFO - [2020-07-22 17:21:27,291] {spark_submit_hook.py:479} INFO - 20/07/22 17:21:27 INFO Utils: Successfully started service 'sparkDriver' on port 44011.
[2020-07-22 17:21:27,346] {logging_mixin.py:112} INFO - [2020-07-22 17:21:27,346] {spark_submit_hook.py:479} INFO - 20/07/22 17:21:27 INFO SparkEnv: Registering MapOutputTracker
[2020-07-22 17:21:27,434] {logging_mixin.py:112} INFO - [2020-07-22 17:21:27,434] {spark_submit_hook.py:479} INFO - 20/07/22 17:21:27 INFO SparkEnv: Registering BlockManagerMaster
[2020-07-22 17:21:27,500] {logging_mixin.py:112} INFO - [2020-07-22 17:21:27,499] {spark_submit_hook.py:479} INFO - 20/07/22 17:21:27 INFO BlockManagerMasterEndpoint: Using org.apache.spark.storage.DefaultTopologyMapper for getting topology information
[2020-07-22 17:21:27,503] {logging_mixin.py:112} INFO - [2020-07-22 17:21:27,503] {spark_submit_hook.py:479} INFO - 20/07/22 17:21:27 INFO BlockManagerMasterEndpoint: BlockManagerMasterEndpoint up
[2020-07-22 17:21:27,520] {logging_mixin.py:112} INFO - [2020-07-22 17:21:27,519] {spark_submit_hook.py:479} INFO - 20/07/22 17:21:27 INFO SparkEnv: Registering BlockManagerMasterHeartbeat
[2020-07-22 17:21:27,543] {logging_mixin.py:112} INFO - [2020-07-22 17:21:27,542] {spark_submit_hook.py:479} INFO - 20/07/22 17:21:27 INFO DiskBlockManager: Created local directory at /tmp/blockmgr-2704232b-434a-46c4-8e2d-23415698b896
[2020-07-22 17:21:27,580] {logging_mixin.py:112} INFO - [2020-07-22 17:21:27,580] {spark_submit_hook.py:479} INFO - 20/07/22 17:21:27 INFO MemoryStore: MemoryStore started with capacity 366.3 MiB
[2020-07-22 17:21:27,613] {logging_mixin.py:112} INFO - [2020-07-22 17:21:27,612] {spark_submit_hook.py:479} INFO - 20/07/22 17:21:27 INFO SparkEnv: Registering OutputCommitCoordinator
[2020-07-22 17:21:28,048] {logging_mixin.py:112} INFO - [2020-07-22 17:21:28,047] {spark_submit_hook.py:479} INFO - 20/07/22 17:21:28 WARN Utils: Service 'SparkUI' could not bind on port 4040. Attempting port 4041.
[2020-07-22 17:21:28,058] {logging_mixin.py:112} INFO - [2020-07-22 17:21:28,058] {spark_submit_hook.py:479} INFO - 20/07/22 17:21:28 INFO Utils: Successfully started service 'SparkUI' on port 4041.
[2020-07-22 17:21:28,150] {logging_mixin.py:112} INFO - [2020-07-22 17:21:28,150] {spark_submit_hook.py:479} INFO - 20/07/22 17:21:28 INFO SparkUI: Bound SparkUI to 0.0.0.0, and started at http://192.168.43.94:4041
[2020-07-22 17:21:28,647] {logging_mixin.py:112} INFO - [2020-07-22 17:21:28,646] {spark_submit_hook.py:479} INFO - 20/07/22 17:21:28 INFO Executor: Starting executor ID driver on host 192.168.43.94
[2020-07-22 17:21:28,696] {logging_mixin.py:112} INFO - [2020-07-22 17:21:28,696] {spark_submit_hook.py:479} INFO - 20/07/22 17:21:28 INFO Utils: Successfully started service 'org.apache.spark.network.netty.NettyBlockTransferService' on port 44803.
[2020-07-22 17:21:28,697] {logging_mixin.py:112} INFO - [2020-07-22 17:21:28,697] {spark_submit_hook.py:479} INFO - 20/07/22 17:21:28 INFO NettyBlockTransferService: Server created on 192.168.43.94:44803
[2020-07-22 17:21:28,700] {logging_mixin.py:112} INFO - [2020-07-22 17:21:28,699] {spark_submit_hook.py:479} INFO - 20/07/22 17:21:28 INFO BlockManager: Using org.apache.spark.storage.RandomBlockReplicationPolicy for block replication policy
[2020-07-22 17:21:28,716] {logging_mixin.py:112} INFO - [2020-07-22 17:21:28,716] {spark_submit_hook.py:479} INFO - 20/07/22 17:21:28 INFO BlockManagerMaster: Registering BlockManager BlockManagerId(driver, 192.168.43.94, 44803, None)
[2020-07-22 17:21:28,728] {logging_mixin.py:112} INFO - [2020-07-22 17:21:28,728] {spark_submit_hook.py:479} INFO - 20/07/22 17:21:28 INFO BlockManagerMasterEndpoint: Registering block manager 192.168.43.94:44803 with 366.3 MiB RAM, BlockManagerId(driver, 192.168.43.94, 44803, None)
[2020-07-22 17:21:28,733] {logging_mixin.py:112} INFO - [2020-07-22 17:21:28,733] {spark_submit_hook.py:479} INFO - 20/07/22 17:21:28 INFO BlockManagerMaster: Registered BlockManager BlockManagerId(driver, 192.168.43.94, 44803, None)
[2020-07-22 17:21:28,736] {logging_mixin.py:112} INFO - [2020-07-22 17:21:28,736] {spark_submit_hook.py:479} INFO - 20/07/22 17:21:28 INFO BlockManager: Initialized BlockManager: BlockManagerId(driver, 192.168.43.94, 44803, None)
[2020-07-22 17:21:30,242] {logging_mixin.py:112} INFO - [2020-07-22 17:21:30,242] {spark_submit_hook.py:479} INFO - 20/07/22 17:21:30 INFO MemoryStore: Block broadcast_0 stored as values in memory (estimated size 241.5 KiB, free 366.1 MiB)
[2020-07-22 17:21:30,386] {logging_mixin.py:112} INFO - [2020-07-22 17:21:30,385] {spark_submit_hook.py:479} INFO - 20/07/22 17:21:30 INFO MemoryStore: Block broadcast_0_piece0 stored as bytes in memory (estimated size 23.4 KiB, free 366.0 MiB)
[2020-07-22 17:21:30,398] {logging_mixin.py:112} INFO - [2020-07-22 17:21:30,398] {spark_submit_hook.py:479} INFO - 20/07/22 17:21:30 INFO BlockManagerInfo: Added broadcast_0_piece0 in memory on 192.168.43.94:44803 (size: 23.4 KiB, free: 366.3 MiB)
[2020-07-22 17:21:30,432] {logging_mixin.py:112} INFO - [2020-07-22 17:21:30,431] {spark_submit_hook.py:479} INFO - 20/07/22 17:21:30 INFO SparkContext: Created broadcast 0 from textFile at NativeMethodAccessorImpl.java:0
[2020-07-22 17:21:30,826] {logging_mixin.py:112} INFO - [2020-07-22 17:21:30,825] {spark_submit_hook.py:479} INFO - 20/07/22 17:21:30 INFO FileInputFormat: Total input paths to process : 1
[2020-07-22 17:21:30,928] {logging_mixin.py:112} INFO - [2020-07-22 17:21:30,927] {spark_submit_hook.py:479} INFO - 20/07/22 17:21:30 INFO SparkContext: Starting job: collect at /home/bhakti/airflow/spark_jobs/spark_test.py:8
[2020-07-22 17:21:30,960] {logging_mixin.py:112} INFO - [2020-07-22 17:21:30,960] {spark_submit_hook.py:479} INFO - 20/07/22 17:21:30 INFO DAGScheduler: Got job 0 (collect at /home/bhakti/airflow/spark_jobs/spark_test.py:8) with 1 output partitions
[2020-07-22 17:21:30,960] {logging_mixin.py:112} INFO - [2020-07-22 17:21:30,960] {spark_submit_hook.py:479} INFO - 20/07/22 17:21:30 INFO DAGScheduler: Final stage: ResultStage 0 (collect at /home/bhakti/airflow/spark_jobs/spark_test.py:8)
[2020-07-22 17:21:30,961] {logging_mixin.py:112} INFO - [2020-07-22 17:21:30,960] {spark_submit_hook.py:479} INFO - 20/07/22 17:21:30 INFO DAGScheduler: Parents of final stage: List()
[2020-07-22 17:21:30,961] {logging_mixin.py:112} INFO - [2020-07-22 17:21:30,961] {spark_submit_hook.py:479} INFO - 20/07/22 17:21:30 INFO DAGScheduler: Missing parents: List()
[2020-07-22 17:21:30,971] {logging_mixin.py:112} INFO - [2020-07-22 17:21:30,971] {spark_submit_hook.py:479} INFO - 20/07/22 17:21:30 INFO DAGScheduler: Submitting ResultStage 0 (PythonRDD[2] at collect at /home/bhakti/airflow/spark_jobs/spark_test.py:8), which has no missing parents
[2020-07-22 17:21:31,020] {logging_mixin.py:112} INFO - [2020-07-22 17:21:31,020] {spark_submit_hook.py:479} INFO - 20/07/22 17:21:31 INFO MemoryStore: Block broadcast_1 stored as values in memory (estimated size 7.4 KiB, free 366.0 MiB)
[2020-07-22 17:21:31,026] {logging_mixin.py:112} INFO - [2020-07-22 17:21:31,026] {spark_submit_hook.py:479} INFO - 20/07/22 17:21:31 INFO MemoryStore: Block broadcast_1_piece0 stored as bytes in memory (estimated size 4.4 KiB, free 366.0 MiB)
[2020-07-22 17:21:31,028] {logging_mixin.py:112} INFO - [2020-07-22 17:21:31,028] {spark_submit_hook.py:479} INFO - 20/07/22 17:21:31 INFO BlockManagerInfo: Added broadcast_1_piece0 in memory on 192.168.43.94:44803 (size: 4.4 KiB, free: 366.3 MiB)
[2020-07-22 17:21:31,032] {logging_mixin.py:112} INFO - [2020-07-22 17:21:31,032] {spark_submit_hook.py:479} INFO - 20/07/22 17:21:31 INFO SparkContext: Created broadcast 1 from broadcast at DAGScheduler.scala:1200
[2020-07-22 17:21:31,071] {logging_mixin.py:112} INFO - [2020-07-22 17:21:31,071] {spark_submit_hook.py:479} INFO - 20/07/22 17:21:31 INFO DAGScheduler: Submitting 1 missing tasks from ResultStage 0 (PythonRDD[2] at collect at /home/bhakti/airflow/spark_jobs/spark_test.py:8) (first 15 tasks are for partitions Vector(0))
[2020-07-22 17:21:31,074] {logging_mixin.py:112} INFO - [2020-07-22 17:21:31,073] {spark_submit_hook.py:479} INFO - 20/07/22 17:21:31 INFO TaskSchedulerImpl: Adding task set 0.0 with 1 tasks
[2020-07-22 17:21:31,217] {logging_mixin.py:112} INFO - [2020-07-22 17:21:31,217] {spark_submit_hook.py:479} INFO - 20/07/22 17:21:31 INFO TaskSetManager: Starting task 0.0 in stage 0.0 (TID 0, 192.168.43.94, executor driver, partition 0, PROCESS_LOCAL, 7388 bytes)
[2020-07-22 17:21:31,242] {logging_mixin.py:112} INFO - [2020-07-22 17:21:31,242] {spark_submit_hook.py:479} INFO - 20/07/22 17:21:31 INFO Executor: Running task 0.0 in stage 0.0 (TID 0)
[2020-07-22 17:21:32,153] {logging_mixin.py:112} INFO - [2020-07-22 17:21:32,153] {spark_submit_hook.py:479} INFO - 20/07/22 17:21:32 INFO HadoopRDD: Input split: file:/home/bhakti/airflow/input_data/sample.csv:0+93
[2020-07-22 17:21:33,024] {logging_mixin.py:112} INFO - [2020-07-22 17:21:33,023] {spark_submit_hook.py:479} INFO - 20/07/22 17:21:33 INFO PythonRunner: Times: total = 818, boot = 792, init = 26, finish = 0
[2020-07-22 17:21:33,067] {logging_mixin.py:112} INFO - [2020-07-22 17:21:33,067] {spark_submit_hook.py:479} INFO - 20/07/22 17:21:33 INFO Executor: Finished task 0.0 in stage 0.0 (TID 0). 1779 bytes result sent to driver
[2020-07-22 17:21:33,083] {logging_mixin.py:112} INFO - [2020-07-22 17:21:33,083] {spark_submit_hook.py:479} INFO - 20/07/22 17:21:33 INFO TaskSetManager: Finished task 0.0 in stage 0.0 (TID 0) in 1899 ms on 192.168.43.94 (executor driver) (1/1)
[2020-07-22 17:21:33,087] {logging_mixin.py:112} INFO - [2020-07-22 17:21:33,087] {spark_submit_hook.py:479} INFO - 20/07/22 17:21:33 INFO TaskSchedulerImpl: Removed TaskSet 0.0, whose tasks have all completed, from pool
[2020-07-22 17:21:33,092] {logging_mixin.py:112} INFO - [2020-07-22 17:21:33,092] {spark_submit_hook.py:479} INFO - 20/07/22 17:21:33 INFO PythonAccumulatorV2: Connected to AccumulatorServer at host: 127.0.0.1 port: 45045
[2020-07-22 17:21:33,104] {logging_mixin.py:112} INFO - [2020-07-22 17:21:33,104] {spark_submit_hook.py:479} INFO - 20/07/22 17:21:33 INFO DAGScheduler: ResultStage 0 (collect at /home/bhakti/airflow/spark_jobs/spark_test.py:8) finished in 2.095 s
[2020-07-22 17:21:33,117] {logging_mixin.py:112} INFO - [2020-07-22 17:21:33,117] {spark_submit_hook.py:479} INFO - 20/07/22 17:21:33 INFO DAGScheduler: Job 0 is finished. Cancelling potential speculative or zombie tasks for this job
[2020-07-22 17:21:33,118] {logging_mixin.py:112} INFO - [2020-07-22 17:21:33,118] {spark_submit_hook.py:479} INFO - 20/07/22 17:21:33 INFO TaskSchedulerImpl: Killing all running tasks in stage 0: Stage finished
[2020-07-22 17:21:33,122] {logging_mixin.py:112} INFO - [2020-07-22 17:21:33,122] {spark_submit_hook.py:479} INFO - 20/07/22 17:21:33 INFO DAGScheduler: Job 0 finished: collect at /home/bhakti/airflow/spark_jobs/spark_test.py:8, took 2.193306 s
[2020-07-22 17:21:33,141] {logging_mixin.py:112} INFO - [2020-07-22 17:21:33,140] {spark_submit_hook.py:479} INFO - [('PERSON', 'JOINING_YEAR', 'COMPANY'), ('John', '2018', 'Google'), ('Sam', '2017', 'IBM'), ('Jeff', '2014', 'Yahoo'), ('Allen', '2015', 'Facebook')]
[2020-07-22 17:21:34,097] {logging_mixin.py:112} INFO - [2020-07-22 17:21:34,097] {spark_submit_hook.py:479} INFO - 20/07/22 17:21:34 INFO BlockManagerInfo: Removed broadcast_1_piece0 on 192.168.43.94:44803 in memory (size: 4.4 KiB, free: 366.3 MiB)
[2020-07-22 17:21:34,163] {logging_mixin.py:112} INFO - [2020-07-22 17:21:34,163] {spark_submit_hook.py:479} INFO - 20/07/22 17:21:34 INFO BlockManagerInfo: Removed broadcast_0_piece0 on 192.168.43.94:44803 in memory (size: 23.4 KiB, free: 366.3 MiB)
[2020-07-22 17:21:34,268] {logging_mixin.py:112} INFO - [2020-07-22 17:21:34,268] {spark_submit_hook.py:479} INFO - 20/07/22 17:21:34 INFO SharedState: Setting hive.metastore.warehouse.dir ('null') to the value of spark.sql.warehouse.dir ('file:/home/bhakti/airflow/spark-warehouse').
[2020-07-22 17:21:34,269] {logging_mixin.py:112} INFO - [2020-07-22 17:21:34,269] {spark_submit_hook.py:479} INFO - 20/07/22 17:21:34 INFO SharedState: Warehouse path is 'file:/home/bhakti/airflow/spark-warehouse'.
[2020-07-22 17:21:41,518] {logging_mixin.py:112} INFO - [2020-07-22 17:21:41,518] {spark_submit_hook.py:479} INFO - 20/07/22 17:21:41 INFO CodeGenerator: Code generated in 768.139392 ms
[2020-07-22 17:21:41,663] {logging_mixin.py:112} INFO - [2020-07-22 17:21:41,663] {spark_submit_hook.py:479} INFO - 20/07/22 17:21:41 INFO SparkContext: Starting job: showString at NativeMethodAccessorImpl.java:0
[2020-07-22 17:21:41,671] {logging_mixin.py:112} INFO - [2020-07-22 17:21:41,671] {spark_submit_hook.py:479} INFO - 20/07/22 17:21:41 INFO DAGScheduler: Got job 1 (showString at NativeMethodAccessorImpl.java:0) with 1 output partitions
[2020-07-22 17:21:41,672] {logging_mixin.py:112} INFO - [2020-07-22 17:21:41,672] {spark_submit_hook.py:479} INFO - 20/07/22 17:21:41 INFO DAGScheduler: Final stage: ResultStage 1 (showString at NativeMethodAccessorImpl.java:0)
[2020-07-22 17:21:41,672] {logging_mixin.py:112} INFO - [2020-07-22 17:21:41,672] {spark_submit_hook.py:479} INFO - 20/07/22 17:21:41 INFO DAGScheduler: Parents of final stage: List()
[2020-07-22 17:21:41,673] {logging_mixin.py:112} INFO - [2020-07-22 17:21:41,673] {spark_submit_hook.py:479} INFO - 20/07/22 17:21:41 INFO DAGScheduler: Missing parents: List()
[2020-07-22 17:21:41,681] {logging_mixin.py:112} INFO - [2020-07-22 17:21:41,679] {spark_submit_hook.py:479} INFO - 20/07/22 17:21:41 INFO DAGScheduler: Submitting ResultStage 1 (MapPartitionsRDD[9] at showString at NativeMethodAccessorImpl.java:0), which has no missing parents
[2020-07-22 17:21:41,795] {logging_mixin.py:112} INFO - [2020-07-22 17:21:41,795] {spark_submit_hook.py:479} INFO - 20/07/22 17:21:41 INFO MemoryStore: Block broadcast_2 stored as values in memory (estimated size 11.2 KiB, free 366.3 MiB)
[2020-07-22 17:21:41,822] {logging_mixin.py:112} INFO - [2020-07-22 17:21:41,822] {spark_submit_hook.py:479} INFO - 20/07/22 17:21:41 INFO MemoryStore: Block broadcast_2_piece0 stored as bytes in memory (estimated size 5.8 KiB, free 366.3 MiB)
[2020-07-22 17:21:41,840] {logging_mixin.py:112} INFO - [2020-07-22 17:21:41,840] {spark_submit_hook.py:479} INFO - 20/07/22 17:21:41 INFO BlockManagerInfo: Added broadcast_2_piece0 in memory on 192.168.43.94:44803 (size: 5.8 KiB, free: 366.3 MiB)
[2020-07-22 17:21:41,842] {logging_mixin.py:112} INFO - [2020-07-22 17:21:41,842] {spark_submit_hook.py:479} INFO - 20/07/22 17:21:41 INFO SparkContext: Created broadcast 2 from broadcast at DAGScheduler.scala:1200
[2020-07-22 17:21:41,846] {logging_mixin.py:112} INFO - [2020-07-22 17:21:41,845] {spark_submit_hook.py:479} INFO - 20/07/22 17:21:41 INFO DAGScheduler: Submitting 1 missing tasks from ResultStage 1 (MapPartitionsRDD[9] at showString at NativeMethodAccessorImpl.java:0) (first 15 tasks are for partitions Vector(0))
[2020-07-22 17:21:41,846] {logging_mixin.py:112} INFO - [2020-07-22 17:21:41,846] {spark_submit_hook.py:479} INFO - 20/07/22 17:21:41 INFO TaskSchedulerImpl: Adding task set 1.0 with 1 tasks
[2020-07-22 17:21:41,885] {logging_mixin.py:112} INFO - [2020-07-22 17:21:41,885] {spark_submit_hook.py:479} INFO - 20/07/22 17:21:41 INFO TaskSetManager: Starting task 0.0 in stage 1.0 (TID 1, 192.168.43.94, executor driver, partition 0, PROCESS_LOCAL, 7493 bytes)
[2020-07-22 17:21:41,891] {logging_mixin.py:112} INFO - [2020-07-22 17:21:41,891] {spark_submit_hook.py:479} INFO - 20/07/22 17:21:41 INFO Executor: Running task 0.0 in stage 1.0 (TID 1)
[2020-07-22 17:21:42,057] {logging_mixin.py:112} INFO - [2020-07-22 17:21:42,057] {spark_submit_hook.py:479} INFO - 20/07/22 17:21:42 INFO PythonRunner: Times: total = 3, boot = -8972, init = 8975, finish = 0
[2020-07-22 17:21:42,073] {logging_mixin.py:112} INFO - [2020-07-22 17:21:42,072] {spark_submit_hook.py:479} INFO - 20/07/22 17:21:42 INFO Executor: Finished task 0.0 in stage 1.0 (TID 1). 2235 bytes result sent to driver
[2020-07-22 17:21:42,083] {logging_mixin.py:112} INFO - [2020-07-22 17:21:42,083] {spark_submit_hook.py:479} INFO - 20/07/22 17:21:42 INFO TaskSetManager: Finished task 0.0 in stage 1.0 (TID 1) in 229 ms on 192.168.43.94 (executor driver) (1/1)
[2020-07-22 17:21:42,084] {logging_mixin.py:112} INFO - [2020-07-22 17:21:42,083] {spark_submit_hook.py:479} INFO - 20/07/22 17:21:42 INFO TaskSchedulerImpl: Removed TaskSet 1.0, whose tasks have all completed, from pool
[2020-07-22 17:21:42,088] {logging_mixin.py:112} INFO - [2020-07-22 17:21:42,087] {spark_submit_hook.py:479} INFO - 20/07/22 17:21:42 INFO DAGScheduler: ResultStage 1 (showString at NativeMethodAccessorImpl.java:0) finished in 0.384 s
[2020-07-22 17:21:42,088] {logging_mixin.py:112} INFO - [2020-07-22 17:21:42,088] {spark_submit_hook.py:479} INFO - 20/07/22 17:21:42 INFO DAGScheduler: Job 1 is finished. Cancelling potential speculative or zombie tasks for this job
[2020-07-22 17:21:42,088] {logging_mixin.py:112} INFO - [2020-07-22 17:21:42,088] {spark_submit_hook.py:479} INFO - 20/07/22 17:21:42 INFO TaskSchedulerImpl: Killing all running tasks in stage 1: Stage finished
[2020-07-22 17:21:42,095] {logging_mixin.py:112} INFO - [2020-07-22 17:21:42,095] {spark_submit_hook.py:479} INFO - 20/07/22 17:21:42 INFO DAGScheduler: Job 1 finished: showString at NativeMethodAccessorImpl.java:0, took 0.426420 s
[2020-07-22 17:21:42,328] {logging_mixin.py:112} INFO - [2020-07-22 17:21:42,328] {spark_submit_hook.py:479} INFO - 20/07/22 17:21:42 INFO CodeGenerator: Code generated in 141.051254 ms
[2020-07-22 17:21:42,416] {logging_mixin.py:112} INFO - [2020-07-22 17:21:42,416] {spark_submit_hook.py:479} INFO - +------+------------+--------+
[2020-07-22 17:21:42,417] {logging_mixin.py:112} INFO - [2020-07-22 17:21:42,416] {spark_submit_hook.py:479} INFO - |    _1|          _2|      _3|
[2020-07-22 17:21:42,417] {logging_mixin.py:112} INFO - [2020-07-22 17:21:42,417] {spark_submit_hook.py:479} INFO - +------+------------+--------+
[2020-07-22 17:21:42,417] {logging_mixin.py:112} INFO - [2020-07-22 17:21:42,417] {spark_submit_hook.py:479} INFO - |PERSON|JOINING_YEAR| COMPANY|
[2020-07-22 17:21:42,418] {logging_mixin.py:112} INFO - [2020-07-22 17:21:42,417] {spark_submit_hook.py:479} INFO - |  John|        2018|  Google|
[2020-07-22 17:21:42,418] {logging_mixin.py:112} INFO - [2020-07-22 17:21:42,418] {spark_submit_hook.py:479} INFO - |   Sam|        2017|     IBM|
[2020-07-22 17:21:42,418] {logging_mixin.py:112} INFO - [2020-07-22 17:21:42,418] {spark_submit_hook.py:479} INFO - |  Jeff|        2014|   Yahoo|
[2020-07-22 17:21:42,418] {logging_mixin.py:112} INFO - [2020-07-22 17:21:42,418] {spark_submit_hook.py:479} INFO - | Allen|        2015|Facebook|
[2020-07-22 17:21:42,419] {logging_mixin.py:112} INFO - [2020-07-22 17:21:42,419] {spark_submit_hook.py:479} INFO - +------+------------+--------+
[2020-07-22 17:21:42,424] {logging_mixin.py:112} INFO - [2020-07-22 17:21:42,424] {spark_submit_hook.py:479} INFO - 
[2020-07-22 17:21:42,677] {logging_mixin.py:112} INFO - [2020-07-22 17:21:42,677] {spark_submit_hook.py:479} INFO - 20/07/22 17:21:42 INFO SparkContext: Invoking stop() from shutdown hook
[2020-07-22 17:21:42,704] {logging_mixin.py:112} INFO - [2020-07-22 17:21:42,703] {spark_submit_hook.py:479} INFO - 20/07/22 17:21:42 INFO SparkUI: Stopped Spark web UI at http://192.168.43.94:4041
[2020-07-22 17:21:42,876] {logging_mixin.py:112} INFO - [2020-07-22 17:21:42,876] {spark_submit_hook.py:479} INFO - 20/07/22 17:21:42 INFO MapOutputTrackerMasterEndpoint: MapOutputTrackerMasterEndpoint stopped!
[2020-07-22 17:21:42,933] {logging_mixin.py:112} INFO - [2020-07-22 17:21:42,932] {spark_submit_hook.py:479} INFO - 20/07/22 17:21:42 INFO MemoryStore: MemoryStore cleared
[2020-07-22 17:21:42,943] {logging_mixin.py:112} INFO - [2020-07-22 17:21:42,943] {spark_submit_hook.py:479} INFO - 20/07/22 17:21:42 INFO BlockManager: BlockManager stopped
[2020-07-22 17:21:42,984] {logging_mixin.py:112} INFO - [2020-07-22 17:21:42,983] {spark_submit_hook.py:479} INFO - 20/07/22 17:21:42 INFO BlockManagerMaster: BlockManagerMaster stopped
[2020-07-22 17:21:43,006] {logging_mixin.py:112} INFO - [2020-07-22 17:21:43,006] {spark_submit_hook.py:479} INFO - 20/07/22 17:21:43 INFO OutputCommitCoordinator$OutputCommitCoordinatorEndpoint: OutputCommitCoordinator stopped!
[2020-07-22 17:21:43,078] {logging_mixin.py:112} INFO - [2020-07-22 17:21:43,078] {spark_submit_hook.py:479} INFO - 20/07/22 17:21:43 INFO SparkContext: Successfully stopped SparkContext
[2020-07-22 17:21:43,079] {logging_mixin.py:112} INFO - [2020-07-22 17:21:43,079] {spark_submit_hook.py:479} INFO - 20/07/22 17:21:43 INFO ShutdownHookManager: Shutdown hook called
[2020-07-22 17:21:43,083] {logging_mixin.py:112} INFO - [2020-07-22 17:21:43,083] {spark_submit_hook.py:479} INFO - 20/07/22 17:21:43 INFO ShutdownHookManager: Deleting directory /tmp/spark-8484e4b1-4226-4d19-9668-519f968db679/pyspark-0109ddb9-c624-410f-a555-9f1a566f1edb
[2020-07-22 17:21:43,111] {logging_mixin.py:112} INFO - [2020-07-22 17:21:43,111] {spark_submit_hook.py:479} INFO - 20/07/22 17:21:43 INFO ShutdownHookManager: Deleting directory /tmp/spark-93248439-1051-4a56-8590-f4ffc3ea37c4
[2020-07-22 17:21:43,152] {logging_mixin.py:112} INFO - [2020-07-22 17:21:43,152] {spark_submit_hook.py:479} INFO - 20/07/22 17:21:43 INFO ShutdownHookManager: Deleting directory /tmp/spark-8484e4b1-4226-4d19-9668-519f968db679
[2020-07-22 17:21:43,236] {taskinstance.py:1052} INFO - Marking task as SUCCESS.dag_id=submit_data, task_id=spark_submit, execution_date=20200720T073300, start_date=20200722T115119, end_date=20200722T115143
[2020-07-22 17:21:44,664] {logging_mixin.py:112} INFO - [2020-07-22 17:21:44,663] {local_task_job.py:103} INFO - Task exited with return code 0
