[2020-07-23 15:09:29,861] {taskinstance.py:669} INFO - Dependencies all met for <TaskInstance: submit_data.spark_submit 2020-07-21T00:34:00+00:00 [queued]>
[2020-07-23 15:09:29,905] {taskinstance.py:669} INFO - Dependencies all met for <TaskInstance: submit_data.spark_submit 2020-07-21T00:34:00+00:00 [queued]>
[2020-07-23 15:09:29,905] {taskinstance.py:879} INFO - 
--------------------------------------------------------------------------------
[2020-07-23 15:09:29,906] {taskinstance.py:880} INFO - Starting attempt 1 of 1
[2020-07-23 15:09:29,906] {taskinstance.py:881} INFO - 
--------------------------------------------------------------------------------
[2020-07-23 15:09:30,146] {taskinstance.py:900} INFO - Executing <Task(SparkSubmitOperator): spark_submit> on 2020-07-21T00:34:00+00:00
[2020-07-23 15:09:30,154] {standard_task_runner.py:53} INFO - Started process 243934 to run task
[2020-07-23 15:09:30,574] {logging_mixin.py:112} INFO - Running %s on host %s <TaskInstance: submit_data.spark_submit 2020-07-21T00:34:00+00:00 [running]> bhakti-Vostro-3558
[2020-07-23 15:09:30,633] {logging_mixin.py:112} INFO - [2020-07-23 15:09:30,632] {base_hook.py:87} INFO - Using connection to: id: spark_local. Host: local, Port: None, Schema: None, Login: None, Password: None, extra: None
[2020-07-23 15:09:30,635] {logging_mixin.py:112} INFO - [2020-07-23 15:09:30,634] {spark_submit_hook.py:325} INFO - Spark-Submit cmd: spark-submit --master local --name airflow-spark /home/bhakti/airflow/spark_jobs/spark_test.py
[2020-07-23 15:09:37,975] {logging_mixin.py:112} INFO - [2020-07-23 15:09:37,975] {spark_submit_hook.py:479} INFO - 20/07/23 15:09:37 WARN Utils: Your hostname, bhakti-Vostro-3558 resolves to a loopback address: 127.0.1.1; using 192.168.43.94 instead (on interface wlp6s0)
[2020-07-23 15:09:37,978] {logging_mixin.py:112} INFO - [2020-07-23 15:09:37,978] {spark_submit_hook.py:479} INFO - 20/07/23 15:09:37 WARN Utils: Set SPARK_LOCAL_IP if you need to bind to another address
[2020-07-23 15:09:41,548] {logging_mixin.py:112} INFO - [2020-07-23 15:09:41,547] {spark_submit_hook.py:479} INFO - 20/07/23 15:09:41 WARN NativeCodeLoader: Unable to load native-hadoop library for your platform... using builtin-java classes where applicable
[2020-07-23 15:09:46,491] {logging_mixin.py:112} INFO - [2020-07-23 15:09:46,491] {spark_submit_hook.py:479} INFO - Using Spark's default log4j profile: org/apache/spark/log4j-defaults.properties
[2020-07-23 15:09:46,534] {logging_mixin.py:112} INFO - [2020-07-23 15:09:46,533] {spark_submit_hook.py:479} INFO - 20/07/23 15:09:46 INFO SparkContext: Running Spark version 3.0.0
[2020-07-23 15:09:46,751] {logging_mixin.py:112} INFO - [2020-07-23 15:09:46,751] {spark_submit_hook.py:479} INFO - 20/07/23 15:09:46 INFO ResourceUtils: ==============================================================
[2020-07-23 15:09:46,757] {logging_mixin.py:112} INFO - [2020-07-23 15:09:46,756] {spark_submit_hook.py:479} INFO - 20/07/23 15:09:46 INFO ResourceUtils: Resources for spark.driver:
[2020-07-23 15:09:46,757] {logging_mixin.py:112} INFO - [2020-07-23 15:09:46,757] {spark_submit_hook.py:479} INFO - 
[2020-07-23 15:09:46,759] {logging_mixin.py:112} INFO - [2020-07-23 15:09:46,759] {spark_submit_hook.py:479} INFO - 20/07/23 15:09:46 INFO ResourceUtils: ==============================================================
[2020-07-23 15:09:46,767] {logging_mixin.py:112} INFO - [2020-07-23 15:09:46,766] {spark_submit_hook.py:479} INFO - 20/07/23 15:09:46 INFO SparkContext: Submitted application: Spark_Test_Python
[2020-07-23 15:09:47,023] {logging_mixin.py:112} INFO - [2020-07-23 15:09:47,023] {spark_submit_hook.py:479} INFO - 20/07/23 15:09:47 INFO SecurityManager: Changing view acls to: bhakti
[2020-07-23 15:09:47,024] {logging_mixin.py:112} INFO - [2020-07-23 15:09:47,023] {spark_submit_hook.py:479} INFO - 20/07/23 15:09:47 INFO SecurityManager: Changing modify acls to: bhakti
[2020-07-23 15:09:47,027] {logging_mixin.py:112} INFO - [2020-07-23 15:09:47,025] {spark_submit_hook.py:479} INFO - 20/07/23 15:09:47 INFO SecurityManager: Changing view acls groups to:
[2020-07-23 15:09:47,027] {logging_mixin.py:112} INFO - [2020-07-23 15:09:47,027] {spark_submit_hook.py:479} INFO - 20/07/23 15:09:47 INFO SecurityManager: Changing modify acls groups to:
[2020-07-23 15:09:47,028] {logging_mixin.py:112} INFO - [2020-07-23 15:09:47,027] {spark_submit_hook.py:479} INFO - 20/07/23 15:09:47 INFO SecurityManager: SecurityManager: authentication disabled; ui acls disabled; users  with view permissions: Set(bhakti); groups with view permissions: Set(); users  with modify permissions: Set(bhakti); groups with modify permissions: Set()
[2020-07-23 15:09:48,036] {logging_mixin.py:112} INFO - [2020-07-23 15:09:48,036] {spark_submit_hook.py:479} INFO - 20/07/23 15:09:48 INFO Utils: Successfully started service 'sparkDriver' on port 32853.
[2020-07-23 15:09:48,114] {logging_mixin.py:112} INFO - [2020-07-23 15:09:48,114] {spark_submit_hook.py:479} INFO - 20/07/23 15:09:48 INFO SparkEnv: Registering MapOutputTracker
[2020-07-23 15:09:48,209] {logging_mixin.py:112} INFO - [2020-07-23 15:09:48,209] {spark_submit_hook.py:479} INFO - 20/07/23 15:09:48 INFO SparkEnv: Registering BlockManagerMaster
[2020-07-23 15:09:48,288] {logging_mixin.py:112} INFO - [2020-07-23 15:09:48,288] {spark_submit_hook.py:479} INFO - 20/07/23 15:09:48 INFO BlockManagerMasterEndpoint: Using org.apache.spark.storage.DefaultTopologyMapper for getting topology information
[2020-07-23 15:09:48,295] {logging_mixin.py:112} INFO - [2020-07-23 15:09:48,294] {spark_submit_hook.py:479} INFO - 20/07/23 15:09:48 INFO BlockManagerMasterEndpoint: BlockManagerMasterEndpoint up
[2020-07-23 15:09:48,314] {logging_mixin.py:112} INFO - [2020-07-23 15:09:48,314] {spark_submit_hook.py:479} INFO - 20/07/23 15:09:48 INFO SparkEnv: Registering BlockManagerMasterHeartbeat
[2020-07-23 15:09:48,387] {logging_mixin.py:112} INFO - [2020-07-23 15:09:48,386] {spark_submit_hook.py:479} INFO - 20/07/23 15:09:48 INFO DiskBlockManager: Created local directory at /tmp/blockmgr-1d24684d-572a-4602-8a88-5009f63b2d00
[2020-07-23 15:09:48,495] {logging_mixin.py:112} INFO - [2020-07-23 15:09:48,494] {spark_submit_hook.py:479} INFO - 20/07/23 15:09:48 INFO MemoryStore: MemoryStore started with capacity 366.3 MiB
[2020-07-23 15:09:48,573] {logging_mixin.py:112} INFO - [2020-07-23 15:09:48,572] {spark_submit_hook.py:479} INFO - 20/07/23 15:09:48 INFO SparkEnv: Registering OutputCommitCoordinator
[2020-07-23 15:09:49,163] {logging_mixin.py:112} INFO - [2020-07-23 15:09:49,162] {spark_submit_hook.py:479} INFO - 20/07/23 15:09:49 WARN Utils: Service 'SparkUI' could not bind on port 4040. Attempting port 4041.
[2020-07-23 15:09:49,163] {logging_mixin.py:112} INFO - [2020-07-23 15:09:49,163] {spark_submit_hook.py:479} INFO - 20/07/23 15:09:49 WARN Utils: Service 'SparkUI' could not bind on port 4041. Attempting port 4042.
[2020-07-23 15:09:49,164] {logging_mixin.py:112} INFO - [2020-07-23 15:09:49,164] {spark_submit_hook.py:479} INFO - 20/07/23 15:09:49 WARN Utils: Service 'SparkUI' could not bind on port 4042. Attempting port 4043.
[2020-07-23 15:09:49,164] {logging_mixin.py:112} INFO - [2020-07-23 15:09:49,164] {spark_submit_hook.py:479} INFO - 20/07/23 15:09:49 WARN Utils: Service 'SparkUI' could not bind on port 4043. Attempting port 4044.
[2020-07-23 15:09:49,181] {logging_mixin.py:112} INFO - [2020-07-23 15:09:49,180] {spark_submit_hook.py:479} INFO - 20/07/23 15:09:49 INFO Utils: Successfully started service 'SparkUI' on port 4044.
[2020-07-23 15:09:49,317] {logging_mixin.py:112} INFO - [2020-07-23 15:09:49,316] {spark_submit_hook.py:479} INFO - 20/07/23 15:09:49 INFO SparkUI: Bound SparkUI to 0.0.0.0, and started at http://192.168.43.94:4044
[2020-07-23 15:09:50,457] {logging_mixin.py:112} INFO - [2020-07-23 15:09:50,456] {spark_submit_hook.py:479} INFO - 20/07/23 15:09:50 INFO Executor: Starting executor ID driver on host 192.168.43.94
[2020-07-23 15:09:50,732] {logging_mixin.py:112} INFO - [2020-07-23 15:09:50,731] {spark_submit_hook.py:479} INFO - 20/07/23 15:09:50 INFO Utils: Successfully started service 'org.apache.spark.network.netty.NettyBlockTransferService' on port 37131.
[2020-07-23 15:09:50,734] {logging_mixin.py:112} INFO - [2020-07-23 15:09:50,734] {spark_submit_hook.py:479} INFO - 20/07/23 15:09:50 INFO NettyBlockTransferService: Server created on 192.168.43.94:37131
[2020-07-23 15:09:50,738] {logging_mixin.py:112} INFO - [2020-07-23 15:09:50,738] {spark_submit_hook.py:479} INFO - 20/07/23 15:09:50 INFO BlockManager: Using org.apache.spark.storage.RandomBlockReplicationPolicy for block replication policy
[2020-07-23 15:09:50,775] {logging_mixin.py:112} INFO - [2020-07-23 15:09:50,774] {spark_submit_hook.py:479} INFO - 20/07/23 15:09:50 INFO BlockManagerMaster: Registering BlockManager BlockManagerId(driver, 192.168.43.94, 37131, None)
[2020-07-23 15:09:50,802] {logging_mixin.py:112} INFO - [2020-07-23 15:09:50,802] {spark_submit_hook.py:479} INFO - 20/07/23 15:09:50 INFO BlockManagerMasterEndpoint: Registering block manager 192.168.43.94:37131 with 366.3 MiB RAM, BlockManagerId(driver, 192.168.43.94, 37131, None)
[2020-07-23 15:09:50,834] {logging_mixin.py:112} INFO - [2020-07-23 15:09:50,833] {spark_submit_hook.py:479} INFO - 20/07/23 15:09:50 INFO BlockManagerMaster: Registered BlockManager BlockManagerId(driver, 192.168.43.94, 37131, None)
[2020-07-23 15:09:50,842] {logging_mixin.py:112} INFO - [2020-07-23 15:09:50,842] {spark_submit_hook.py:479} INFO - 20/07/23 15:09:50 INFO BlockManager: Initialized BlockManager: BlockManagerId(driver, 192.168.43.94, 37131, None)
[2020-07-23 15:09:54,414] {logging_mixin.py:112} INFO - [2020-07-23 15:09:54,413] {spark_submit_hook.py:479} INFO - 20/07/23 15:09:54 INFO MemoryStore: Block broadcast_0 stored as values in memory (estimated size 241.5 KiB, free 366.1 MiB)
[2020-07-23 15:09:54,720] {logging_mixin.py:112} INFO - [2020-07-23 15:09:54,720] {spark_submit_hook.py:479} INFO - 20/07/23 15:09:54 INFO MemoryStore: Block broadcast_0_piece0 stored as bytes in memory (estimated size 23.4 KiB, free 366.0 MiB)
[2020-07-23 15:09:54,734] {logging_mixin.py:112} INFO - [2020-07-23 15:09:54,734] {spark_submit_hook.py:479} INFO - 20/07/23 15:09:54 INFO BlockManagerInfo: Added broadcast_0_piece0 in memory on 192.168.43.94:37131 (size: 23.4 KiB, free: 366.3 MiB)
[2020-07-23 15:09:54,785] {logging_mixin.py:112} INFO - [2020-07-23 15:09:54,784] {spark_submit_hook.py:479} INFO - 20/07/23 15:09:54 INFO SparkContext: Created broadcast 0 from textFile at NativeMethodAccessorImpl.java:0
[2020-07-23 15:09:55,685] {logging_mixin.py:112} INFO - [2020-07-23 15:09:55,684] {spark_submit_hook.py:479} INFO - 20/07/23 15:09:55 INFO FileInputFormat: Total input paths to process : 1
[2020-07-23 15:09:56,139] {logging_mixin.py:112} INFO - [2020-07-23 15:09:56,138] {spark_submit_hook.py:479} INFO - 20/07/23 15:09:56 INFO SparkContext: Starting job: collect at /home/bhakti/airflow/spark_jobs/spark_test.py:8
[2020-07-23 15:09:56,296] {logging_mixin.py:112} INFO - [2020-07-23 15:09:56,296] {spark_submit_hook.py:479} INFO - 20/07/23 15:09:56 INFO DAGScheduler: Got job 0 (collect at /home/bhakti/airflow/spark_jobs/spark_test.py:8) with 1 output partitions
[2020-07-23 15:09:56,301] {logging_mixin.py:112} INFO - [2020-07-23 15:09:56,301] {spark_submit_hook.py:479} INFO - 20/07/23 15:09:56 INFO DAGScheduler: Final stage: ResultStage 0 (collect at /home/bhakti/airflow/spark_jobs/spark_test.py:8)
[2020-07-23 15:09:56,311] {logging_mixin.py:112} INFO - [2020-07-23 15:09:56,310] {spark_submit_hook.py:479} INFO - 20/07/23 15:09:56 INFO DAGScheduler: Parents of final stage: List()
[2020-07-23 15:09:56,329] {logging_mixin.py:112} INFO - [2020-07-23 15:09:56,329] {spark_submit_hook.py:479} INFO - 20/07/23 15:09:56 INFO DAGScheduler: Missing parents: List()
[2020-07-23 15:09:56,385] {logging_mixin.py:112} INFO - [2020-07-23 15:09:56,384] {spark_submit_hook.py:479} INFO - 20/07/23 15:09:56 INFO DAGScheduler: Submitting ResultStage 0 (PythonRDD[2] at collect at /home/bhakti/airflow/spark_jobs/spark_test.py:8), which has no missing parents
[2020-07-23 15:09:56,532] {logging_mixin.py:112} INFO - [2020-07-23 15:09:56,532] {spark_submit_hook.py:479} INFO - 20/07/23 15:09:56 INFO MemoryStore: Block broadcast_1 stored as values in memory (estimated size 7.4 KiB, free 366.0 MiB)
[2020-07-23 15:09:56,568] {logging_mixin.py:112} INFO - [2020-07-23 15:09:56,568] {spark_submit_hook.py:479} INFO - 20/07/23 15:09:56 INFO MemoryStore: Block broadcast_1_piece0 stored as bytes in memory (estimated size 4.4 KiB, free 366.0 MiB)
[2020-07-23 15:09:56,572] {logging_mixin.py:112} INFO - [2020-07-23 15:09:56,571] {spark_submit_hook.py:479} INFO - 20/07/23 15:09:56 INFO BlockManagerInfo: Added broadcast_1_piece0 in memory on 192.168.43.94:37131 (size: 4.4 KiB, free: 366.3 MiB)
[2020-07-23 15:09:56,574] {logging_mixin.py:112} INFO - [2020-07-23 15:09:56,573] {spark_submit_hook.py:479} INFO - 20/07/23 15:09:56 INFO SparkContext: Created broadcast 1 from broadcast at DAGScheduler.scala:1200
[2020-07-23 15:09:56,706] {logging_mixin.py:112} INFO - [2020-07-23 15:09:56,705] {spark_submit_hook.py:479} INFO - 20/07/23 15:09:56 INFO DAGScheduler: Submitting 1 missing tasks from ResultStage 0 (PythonRDD[2] at collect at /home/bhakti/airflow/spark_jobs/spark_test.py:8) (first 15 tasks are for partitions Vector(0))
[2020-07-23 15:09:56,708] {logging_mixin.py:112} INFO - [2020-07-23 15:09:56,708] {spark_submit_hook.py:479} INFO - 20/07/23 15:09:56 INFO TaskSchedulerImpl: Adding task set 0.0 with 1 tasks
[2020-07-23 15:09:57,283] {logging_mixin.py:112} INFO - [2020-07-23 15:09:57,283] {spark_submit_hook.py:479} INFO - 20/07/23 15:09:57 INFO TaskSetManager: Starting task 0.0 in stage 0.0 (TID 0, 192.168.43.94, executor driver, partition 0, PROCESS_LOCAL, 7388 bytes)
[2020-07-23 15:09:57,441] {logging_mixin.py:112} INFO - [2020-07-23 15:09:57,441] {spark_submit_hook.py:479} INFO - 20/07/23 15:09:57 INFO Executor: Running task 0.0 in stage 0.0 (TID 0)
[2020-07-23 15:09:59,422] {logging_mixin.py:112} INFO - [2020-07-23 15:09:59,422] {spark_submit_hook.py:479} INFO - 20/07/23 15:09:59 INFO HadoopRDD: Input split: file:/home/bhakti/airflow/input_data/sample.csv:0+93
[2020-07-23 15:10:01,403] {logging_mixin.py:112} INFO - [2020-07-23 15:10:01,403] {spark_submit_hook.py:479} INFO - 20/07/23 15:10:01 INFO PythonRunner: Times: total = 1886, boot = 1844, init = 41, finish = 1
[2020-07-23 15:10:01,477] {logging_mixin.py:112} INFO - [2020-07-23 15:10:01,477] {spark_submit_hook.py:479} INFO - 20/07/23 15:10:01 INFO Executor: Finished task 0.0 in stage 0.0 (TID 0). 1865 bytes result sent to driver
[2020-07-23 15:10:01,508] {logging_mixin.py:112} INFO - [2020-07-23 15:10:01,508] {spark_submit_hook.py:479} INFO - 20/07/23 15:10:01 INFO TaskSetManager: Finished task 0.0 in stage 0.0 (TID 0) in 4400 ms on 192.168.43.94 (executor driver) (1/1)
[2020-07-23 15:10:01,519] {logging_mixin.py:112} INFO - [2020-07-23 15:10:01,518] {spark_submit_hook.py:479} INFO - 20/07/23 15:10:01 INFO TaskSchedulerImpl: Removed TaskSet 0.0, whose tasks have all completed, from pool
[2020-07-23 15:10:01,521] {logging_mixin.py:112} INFO - [2020-07-23 15:10:01,521] {spark_submit_hook.py:479} INFO - 20/07/23 15:10:01 INFO PythonAccumulatorV2: Connected to AccumulatorServer at host: 127.0.0.1 port: 44163
[2020-07-23 15:10:01,535] {logging_mixin.py:112} INFO - [2020-07-23 15:10:01,535] {spark_submit_hook.py:479} INFO - 20/07/23 15:10:01 INFO DAGScheduler: ResultStage 0 (collect at /home/bhakti/airflow/spark_jobs/spark_test.py:8) finished in 5.056 s
[2020-07-23 15:10:01,554] {logging_mixin.py:112} INFO - [2020-07-23 15:10:01,553] {spark_submit_hook.py:479} INFO - 20/07/23 15:10:01 INFO DAGScheduler: Job 0 is finished. Cancelling potential speculative or zombie tasks for this job
[2020-07-23 15:10:01,556] {logging_mixin.py:112} INFO - [2020-07-23 15:10:01,555] {spark_submit_hook.py:479} INFO - 20/07/23 15:10:01 INFO TaskSchedulerImpl: Killing all running tasks in stage 0: Stage finished
[2020-07-23 15:10:01,571] {logging_mixin.py:112} INFO - [2020-07-23 15:10:01,571] {spark_submit_hook.py:479} INFO - 20/07/23 15:10:01 INFO DAGScheduler: Job 0 finished: collect at /home/bhakti/airflow/spark_jobs/spark_test.py:8, took 5.430730 s
[2020-07-23 15:10:01,635] {logging_mixin.py:112} INFO - [2020-07-23 15:10:01,634] {spark_submit_hook.py:479} INFO - [('PERSON', 'JOINING_YEAR', 'COMPANY'), ('John', '2018', 'Google'), ('Sam', '2017', 'IBM'), ('Jeff', '2014', 'Yahoo'), ('Allen', '2015', 'Facebook')]
[2020-07-23 15:10:03,116] {logging_mixin.py:112} INFO - [2020-07-23 15:10:03,116] {spark_submit_hook.py:479} INFO - 20/07/23 15:10:03 INFO BlockManagerInfo: Removed broadcast_1_piece0 on 192.168.43.94:37131 in memory (size: 4.4 KiB, free: 366.3 MiB)
[2020-07-23 15:10:03,159] {logging_mixin.py:112} INFO - [2020-07-23 15:10:03,159] {spark_submit_hook.py:479} INFO - 20/07/23 15:10:03 INFO BlockManagerInfo: Removed broadcast_0_piece0 on 192.168.43.94:37131 in memory (size: 23.4 KiB, free: 366.3 MiB)
[2020-07-23 15:10:03,385] {logging_mixin.py:112} INFO - [2020-07-23 15:10:03,384] {spark_submit_hook.py:479} INFO - 20/07/23 15:10:03 INFO SharedState: Setting hive.metastore.warehouse.dir ('null') to the value of spark.sql.warehouse.dir ('file:/home/bhakti/airflow/spark-warehouse').
[2020-07-23 15:10:03,385] {logging_mixin.py:112} INFO - [2020-07-23 15:10:03,385] {spark_submit_hook.py:479} INFO - 20/07/23 15:10:03 INFO SharedState: Warehouse path is 'file:/home/bhakti/airflow/spark-warehouse'.
[2020-07-23 15:10:13,788] {logging_mixin.py:112} INFO - [2020-07-23 15:10:13,788] {spark_submit_hook.py:479} INFO - 20/07/23 15:10:13 INFO CodeGenerator: Code generated in 1445.515236 ms
[2020-07-23 15:10:13,946] {logging_mixin.py:112} INFO - [2020-07-23 15:10:13,945] {spark_submit_hook.py:479} INFO - 20/07/23 15:10:13 INFO SparkContext: Starting job: showString at NativeMethodAccessorImpl.java:0
[2020-07-23 15:10:13,951] {logging_mixin.py:112} INFO - [2020-07-23 15:10:13,951] {spark_submit_hook.py:479} INFO - 20/07/23 15:10:13 INFO DAGScheduler: Got job 1 (showString at NativeMethodAccessorImpl.java:0) with 1 output partitions
[2020-07-23 15:10:13,952] {logging_mixin.py:112} INFO - [2020-07-23 15:10:13,952] {spark_submit_hook.py:479} INFO - 20/07/23 15:10:13 INFO DAGScheduler: Final stage: ResultStage 1 (showString at NativeMethodAccessorImpl.java:0)
[2020-07-23 15:10:13,952] {logging_mixin.py:112} INFO - [2020-07-23 15:10:13,952] {spark_submit_hook.py:479} INFO - 20/07/23 15:10:13 INFO DAGScheduler: Parents of final stage: List()
[2020-07-23 15:10:13,953] {logging_mixin.py:112} INFO - [2020-07-23 15:10:13,953] {spark_submit_hook.py:479} INFO - 20/07/23 15:10:13 INFO DAGScheduler: Missing parents: List()
[2020-07-23 15:10:13,958] {logging_mixin.py:112} INFO - [2020-07-23 15:10:13,958] {spark_submit_hook.py:479} INFO - 20/07/23 15:10:13 INFO DAGScheduler: Submitting ResultStage 1 (MapPartitionsRDD[9] at showString at NativeMethodAccessorImpl.java:0), which has no missing parents
[2020-07-23 15:10:14,004] {logging_mixin.py:112} INFO - [2020-07-23 15:10:14,004] {spark_submit_hook.py:479} INFO - 20/07/23 15:10:14 INFO MemoryStore: Block broadcast_2 stored as values in memory (estimated size 11.2 KiB, free 366.3 MiB)
[2020-07-23 15:10:14,009] {logging_mixin.py:112} INFO - [2020-07-23 15:10:14,009] {spark_submit_hook.py:479} INFO - 20/07/23 15:10:14 INFO MemoryStore: Block broadcast_2_piece0 stored as bytes in memory (estimated size 5.8 KiB, free 366.3 MiB)
[2020-07-23 15:10:14,016] {logging_mixin.py:112} INFO - [2020-07-23 15:10:14,015] {spark_submit_hook.py:479} INFO - 20/07/23 15:10:14 INFO BlockManagerInfo: Added broadcast_2_piece0 in memory on 192.168.43.94:37131 (size: 5.8 KiB, free: 366.3 MiB)
[2020-07-23 15:10:14,018] {logging_mixin.py:112} INFO - [2020-07-23 15:10:14,017] {spark_submit_hook.py:479} INFO - 20/07/23 15:10:14 INFO SparkContext: Created broadcast 2 from broadcast at DAGScheduler.scala:1200
[2020-07-23 15:10:14,022] {logging_mixin.py:112} INFO - [2020-07-23 15:10:14,021] {spark_submit_hook.py:479} INFO - 20/07/23 15:10:14 INFO DAGScheduler: Submitting 1 missing tasks from ResultStage 1 (MapPartitionsRDD[9] at showString at NativeMethodAccessorImpl.java:0) (first 15 tasks are for partitions Vector(0))
[2020-07-23 15:10:14,022] {logging_mixin.py:112} INFO - [2020-07-23 15:10:14,022] {spark_submit_hook.py:479} INFO - 20/07/23 15:10:14 INFO TaskSchedulerImpl: Adding task set 1.0 with 1 tasks
[2020-07-23 15:10:14,046] {logging_mixin.py:112} INFO - [2020-07-23 15:10:14,046] {spark_submit_hook.py:479} INFO - 20/07/23 15:10:14 INFO TaskSetManager: Starting task 0.0 in stage 1.0 (TID 1, 192.168.43.94, executor driver, partition 0, PROCESS_LOCAL, 7493 bytes)
[2020-07-23 15:10:14,050] {logging_mixin.py:112} INFO - [2020-07-23 15:10:14,049] {spark_submit_hook.py:479} INFO - 20/07/23 15:10:14 INFO Executor: Running task 0.0 in stage 1.0 (TID 1)
[2020-07-23 15:10:14,342] {logging_mixin.py:112} INFO - [2020-07-23 15:10:14,341] {spark_submit_hook.py:479} INFO - 20/07/23 15:10:14 INFO PythonRunner: Times: total = 44, boot = -12812, init = 12856, finish = 0
[2020-07-23 15:10:14,348] {logging_mixin.py:112} INFO - [2020-07-23 15:10:14,348] {spark_submit_hook.py:479} INFO - 20/07/23 15:10:14 INFO Executor: Finished task 0.0 in stage 1.0 (TID 1). 2235 bytes result sent to driver
[2020-07-23 15:10:14,361] {logging_mixin.py:112} INFO - [2020-07-23 15:10:14,361] {spark_submit_hook.py:479} INFO - 20/07/23 15:10:14 INFO TaskSetManager: Finished task 0.0 in stage 1.0 (TID 1) in 336 ms on 192.168.43.94 (executor driver) (1/1)
[2020-07-23 15:10:14,362] {logging_mixin.py:112} INFO - [2020-07-23 15:10:14,362] {spark_submit_hook.py:479} INFO - 20/07/23 15:10:14 INFO TaskSchedulerImpl: Removed TaskSet 1.0, whose tasks have all completed, from pool
[2020-07-23 15:10:14,366] {logging_mixin.py:112} INFO - [2020-07-23 15:10:14,366] {spark_submit_hook.py:479} INFO - 20/07/23 15:10:14 INFO DAGScheduler: ResultStage 1 (showString at NativeMethodAccessorImpl.java:0) finished in 0.398 s
[2020-07-23 15:10:14,367] {logging_mixin.py:112} INFO - [2020-07-23 15:10:14,366] {spark_submit_hook.py:479} INFO - 20/07/23 15:10:14 INFO DAGScheduler: Job 1 is finished. Cancelling potential speculative or zombie tasks for this job
[2020-07-23 15:10:14,368] {logging_mixin.py:112} INFO - [2020-07-23 15:10:14,367] {spark_submit_hook.py:479} INFO - 20/07/23 15:10:14 INFO TaskSchedulerImpl: Killing all running tasks in stage 1: Stage finished
[2020-07-23 15:10:14,368] {logging_mixin.py:112} INFO - [2020-07-23 15:10:14,368] {spark_submit_hook.py:479} INFO - 20/07/23 15:10:14 INFO DAGScheduler: Job 1 finished: showString at NativeMethodAccessorImpl.java:0, took 0.419511 s
[2020-07-23 15:10:14,541] {logging_mixin.py:112} INFO - [2020-07-23 15:10:14,540] {spark_submit_hook.py:479} INFO - 20/07/23 15:10:14 INFO CodeGenerator: Code generated in 84.293559 ms
[2020-07-23 15:10:14,591] {logging_mixin.py:112} INFO - [2020-07-23 15:10:14,591] {spark_submit_hook.py:479} INFO - +------+------------+--------+
[2020-07-23 15:10:14,591] {logging_mixin.py:112} INFO - [2020-07-23 15:10:14,591] {spark_submit_hook.py:479} INFO - |    _1|          _2|      _3|
[2020-07-23 15:10:14,591] {logging_mixin.py:112} INFO - [2020-07-23 15:10:14,591] {spark_submit_hook.py:479} INFO - +------+------------+--------+
[2020-07-23 15:10:14,592] {logging_mixin.py:112} INFO - [2020-07-23 15:10:14,592] {spark_submit_hook.py:479} INFO - |PERSON|JOINING_YEAR| COMPANY|
[2020-07-23 15:10:14,592] {logging_mixin.py:112} INFO - [2020-07-23 15:10:14,592] {spark_submit_hook.py:479} INFO - |  John|        2018|  Google|
[2020-07-23 15:10:14,592] {logging_mixin.py:112} INFO - [2020-07-23 15:10:14,592] {spark_submit_hook.py:479} INFO - |   Sam|        2017|     IBM|
[2020-07-23 15:10:14,592] {logging_mixin.py:112} INFO - [2020-07-23 15:10:14,592] {spark_submit_hook.py:479} INFO - |  Jeff|        2014|   Yahoo|
[2020-07-23 15:10:14,593] {logging_mixin.py:112} INFO - [2020-07-23 15:10:14,593] {spark_submit_hook.py:479} INFO - | Allen|        2015|Facebook|
[2020-07-23 15:10:14,593] {logging_mixin.py:112} INFO - [2020-07-23 15:10:14,593] {spark_submit_hook.py:479} INFO - +------+------------+--------+
[2020-07-23 15:10:14,593] {logging_mixin.py:112} INFO - [2020-07-23 15:10:14,593] {spark_submit_hook.py:479} INFO - 
[2020-07-23 15:10:14,692] {logging_mixin.py:112} INFO - [2020-07-23 15:10:14,692] {spark_submit_hook.py:479} INFO - 20/07/23 15:10:14 INFO SparkContext: Invoking stop() from shutdown hook
[2020-07-23 15:10:14,719] {logging_mixin.py:112} INFO - [2020-07-23 15:10:14,718] {spark_submit_hook.py:479} INFO - 20/07/23 15:10:14 INFO SparkUI: Stopped Spark web UI at http://192.168.43.94:4044
[2020-07-23 15:10:14,754] {logging_mixin.py:112} INFO - [2020-07-23 15:10:14,753] {spark_submit_hook.py:479} INFO - 20/07/23 15:10:14 INFO MapOutputTrackerMasterEndpoint: MapOutputTrackerMasterEndpoint stopped!
[2020-07-23 15:10:14,781] {logging_mixin.py:112} INFO - [2020-07-23 15:10:14,781] {spark_submit_hook.py:479} INFO - 20/07/23 15:10:14 INFO MemoryStore: MemoryStore cleared
[2020-07-23 15:10:14,784] {logging_mixin.py:112} INFO - [2020-07-23 15:10:14,784] {spark_submit_hook.py:479} INFO - 20/07/23 15:10:14 INFO BlockManager: BlockManager stopped
[2020-07-23 15:10:14,789] {logging_mixin.py:112} INFO - [2020-07-23 15:10:14,788] {spark_submit_hook.py:479} INFO - 20/07/23 15:10:14 INFO BlockManagerMaster: BlockManagerMaster stopped
[2020-07-23 15:10:14,796] {logging_mixin.py:112} INFO - [2020-07-23 15:10:14,796] {spark_submit_hook.py:479} INFO - 20/07/23 15:10:14 INFO OutputCommitCoordinator$OutputCommitCoordinatorEndpoint: OutputCommitCoordinator stopped!
[2020-07-23 15:10:14,812] {logging_mixin.py:112} INFO - [2020-07-23 15:10:14,811] {spark_submit_hook.py:479} INFO - 20/07/23 15:10:14 INFO SparkContext: Successfully stopped SparkContext
[2020-07-23 15:10:14,812] {logging_mixin.py:112} INFO - [2020-07-23 15:10:14,812] {spark_submit_hook.py:479} INFO - 20/07/23 15:10:14 INFO ShutdownHookManager: Shutdown hook called
[2020-07-23 15:10:14,822] {logging_mixin.py:112} INFO - [2020-07-23 15:10:14,821] {spark_submit_hook.py:479} INFO - 20/07/23 15:10:14 INFO ShutdownHookManager: Deleting directory /tmp/spark-1af66c42-ca41-45a4-93e8-e8bb072e4790
[2020-07-23 15:10:14,828] {logging_mixin.py:112} INFO - [2020-07-23 15:10:14,828] {spark_submit_hook.py:479} INFO - 20/07/23 15:10:14 INFO ShutdownHookManager: Deleting directory /tmp/spark-fb0c490c-c8f2-4a89-8423-7113ce2be01c/pyspark-cb08edd6-b910-4b54-b927-b47c0a99f264
[2020-07-23 15:10:14,831] {logging_mixin.py:112} INFO - [2020-07-23 15:10:14,831] {spark_submit_hook.py:479} INFO - 20/07/23 15:10:14 INFO ShutdownHookManager: Deleting directory /tmp/spark-fb0c490c-c8f2-4a89-8423-7113ce2be01c
[2020-07-23 15:10:14,881] {taskinstance.py:1052} INFO - Marking task as SUCCESS.dag_id=submit_data, task_id=spark_submit, execution_date=20200721T003400, start_date=20200723T093929, end_date=20200723T094014
[2020-07-23 15:10:18,826] {logging_mixin.py:112} INFO - [2020-07-23 15:10:18,825] {local_task_job.py:103} INFO - Task exited with return code 0
