[2020-07-23 15:11:09,695] {taskinstance.py:669} INFO - Dependencies all met for <TaskInstance: submit_data.spark_submit 2020-07-21T00:36:00+00:00 [queued]>
[2020-07-23 15:11:09,705] {taskinstance.py:669} INFO - Dependencies all met for <TaskInstance: submit_data.spark_submit 2020-07-21T00:36:00+00:00 [queued]>
[2020-07-23 15:11:09,705] {taskinstance.py:879} INFO - 
--------------------------------------------------------------------------------
[2020-07-23 15:11:09,706] {taskinstance.py:880} INFO - Starting attempt 1 of 1
[2020-07-23 15:11:09,706] {taskinstance.py:881} INFO - 
--------------------------------------------------------------------------------
[2020-07-23 15:11:10,004] {taskinstance.py:900} INFO - Executing <Task(SparkSubmitOperator): spark_submit> on 2020-07-21T00:36:00+00:00
[2020-07-23 15:11:10,008] {standard_task_runner.py:53} INFO - Started process 246041 to run task
[2020-07-23 15:11:10,785] {logging_mixin.py:112} INFO - Running %s on host %s <TaskInstance: submit_data.spark_submit 2020-07-21T00:36:00+00:00 [running]> bhakti-Vostro-3558
[2020-07-23 15:11:10,828] {logging_mixin.py:112} INFO - [2020-07-23 15:11:10,827] {base_hook.py:87} INFO - Using connection to: id: spark_local. Host: local, Port: None, Schema: None, Login: None, Password: None, extra: None
[2020-07-23 15:11:10,829] {logging_mixin.py:112} INFO - [2020-07-23 15:11:10,829] {spark_submit_hook.py:325} INFO - Spark-Submit cmd: spark-submit --master local --name airflow-spark /home/bhakti/airflow/spark_jobs/spark_test.py
[2020-07-23 15:11:13,577] {logging_mixin.py:112} INFO - [2020-07-23 15:11:13,576] {spark_submit_hook.py:479} INFO - 20/07/23 15:11:13 WARN Utils: Your hostname, bhakti-Vostro-3558 resolves to a loopback address: 127.0.1.1; using 192.168.43.94 instead (on interface wlp6s0)
[2020-07-23 15:11:13,579] {logging_mixin.py:112} INFO - [2020-07-23 15:11:13,579] {spark_submit_hook.py:479} INFO - 20/07/23 15:11:13 WARN Utils: Set SPARK_LOCAL_IP if you need to bind to another address
[2020-07-23 15:11:16,280] {logging_mixin.py:112} INFO - [2020-07-23 15:11:16,279] {spark_submit_hook.py:479} INFO - 20/07/23 15:11:16 WARN NativeCodeLoader: Unable to load native-hadoop library for your platform... using builtin-java classes where applicable
[2020-07-23 15:11:17,959] {logging_mixin.py:112} INFO - [2020-07-23 15:11:17,959] {spark_submit_hook.py:479} INFO - Using Spark's default log4j profile: org/apache/spark/log4j-defaults.properties
[2020-07-23 15:11:17,981] {logging_mixin.py:112} INFO - [2020-07-23 15:11:17,981] {spark_submit_hook.py:479} INFO - 20/07/23 15:11:17 INFO SparkContext: Running Spark version 3.0.0
[2020-07-23 15:11:18,050] {logging_mixin.py:112} INFO - [2020-07-23 15:11:18,050] {spark_submit_hook.py:479} INFO - 20/07/23 15:11:18 INFO ResourceUtils: ==============================================================
[2020-07-23 15:11:18,053] {logging_mixin.py:112} INFO - [2020-07-23 15:11:18,053] {spark_submit_hook.py:479} INFO - 20/07/23 15:11:18 INFO ResourceUtils: Resources for spark.driver:
[2020-07-23 15:11:18,053] {logging_mixin.py:112} INFO - [2020-07-23 15:11:18,053] {spark_submit_hook.py:479} INFO - 
[2020-07-23 15:11:18,054] {logging_mixin.py:112} INFO - [2020-07-23 15:11:18,054] {spark_submit_hook.py:479} INFO - 20/07/23 15:11:18 INFO ResourceUtils: ==============================================================
[2020-07-23 15:11:18,055] {logging_mixin.py:112} INFO - [2020-07-23 15:11:18,055] {spark_submit_hook.py:479} INFO - 20/07/23 15:11:18 INFO SparkContext: Submitted application: Spark_Test_Python
[2020-07-23 15:11:18,149] {logging_mixin.py:112} INFO - [2020-07-23 15:11:18,149] {spark_submit_hook.py:479} INFO - 20/07/23 15:11:18 INFO SecurityManager: Changing view acls to: bhakti
[2020-07-23 15:11:18,150] {logging_mixin.py:112} INFO - [2020-07-23 15:11:18,150] {spark_submit_hook.py:479} INFO - 20/07/23 15:11:18 INFO SecurityManager: Changing modify acls to: bhakti
[2020-07-23 15:11:18,150] {logging_mixin.py:112} INFO - [2020-07-23 15:11:18,150] {spark_submit_hook.py:479} INFO - 20/07/23 15:11:18 INFO SecurityManager: Changing view acls groups to:
[2020-07-23 15:11:18,151] {logging_mixin.py:112} INFO - [2020-07-23 15:11:18,151] {spark_submit_hook.py:479} INFO - 20/07/23 15:11:18 INFO SecurityManager: Changing modify acls groups to:
[2020-07-23 15:11:18,151] {logging_mixin.py:112} INFO - [2020-07-23 15:11:18,151] {spark_submit_hook.py:479} INFO - 20/07/23 15:11:18 INFO SecurityManager: SecurityManager: authentication disabled; ui acls disabled; users  with view permissions: Set(bhakti); groups with view permissions: Set(); users  with modify permissions: Set(bhakti); groups with modify permissions: Set()
[2020-07-23 15:11:19,023] {logging_mixin.py:112} INFO - [2020-07-23 15:11:19,022] {spark_submit_hook.py:479} INFO - 20/07/23 15:11:19 INFO Utils: Successfully started service 'sparkDriver' on port 38219.
[2020-07-23 15:11:19,108] {logging_mixin.py:112} INFO - [2020-07-23 15:11:19,107] {spark_submit_hook.py:479} INFO - 20/07/23 15:11:19 INFO SparkEnv: Registering MapOutputTracker
[2020-07-23 15:11:19,199] {logging_mixin.py:112} INFO - [2020-07-23 15:11:19,199] {spark_submit_hook.py:479} INFO - 20/07/23 15:11:19 INFO SparkEnv: Registering BlockManagerMaster
[2020-07-23 15:11:19,258] {logging_mixin.py:112} INFO - [2020-07-23 15:11:19,258] {spark_submit_hook.py:479} INFO - 20/07/23 15:11:19 INFO BlockManagerMasterEndpoint: Using org.apache.spark.storage.DefaultTopologyMapper for getting topology information
[2020-07-23 15:11:19,259] {logging_mixin.py:112} INFO - [2020-07-23 15:11:19,259] {spark_submit_hook.py:479} INFO - 20/07/23 15:11:19 INFO BlockManagerMasterEndpoint: BlockManagerMasterEndpoint up
[2020-07-23 15:11:19,266] {logging_mixin.py:112} INFO - [2020-07-23 15:11:19,266] {spark_submit_hook.py:479} INFO - 20/07/23 15:11:19 INFO SparkEnv: Registering BlockManagerMasterHeartbeat
[2020-07-23 15:11:19,289] {logging_mixin.py:112} INFO - [2020-07-23 15:11:19,288] {spark_submit_hook.py:479} INFO - 20/07/23 15:11:19 INFO DiskBlockManager: Created local directory at /tmp/blockmgr-5c8a89bd-52f0-40c7-bc78-92f99f11578c
[2020-07-23 15:11:19,324] {logging_mixin.py:112} INFO - [2020-07-23 15:11:19,323] {spark_submit_hook.py:479} INFO - 20/07/23 15:11:19 INFO MemoryStore: MemoryStore started with capacity 366.3 MiB
[2020-07-23 15:11:19,356] {logging_mixin.py:112} INFO - [2020-07-23 15:11:19,355] {spark_submit_hook.py:479} INFO - 20/07/23 15:11:19 INFO SparkEnv: Registering OutputCommitCoordinator
[2020-07-23 15:11:19,933] {logging_mixin.py:112} INFO - [2020-07-23 15:11:19,932] {spark_submit_hook.py:479} INFO - 20/07/23 15:11:19 WARN Utils: Service 'SparkUI' could not bind on port 4040. Attempting port 4041.
[2020-07-23 15:11:19,933] {logging_mixin.py:112} INFO - [2020-07-23 15:11:19,933] {spark_submit_hook.py:479} INFO - 20/07/23 15:11:19 WARN Utils: Service 'SparkUI' could not bind on port 4041. Attempting port 4042.
[2020-07-23 15:11:19,954] {logging_mixin.py:112} INFO - [2020-07-23 15:11:19,953] {spark_submit_hook.py:479} INFO - 20/07/23 15:11:19 INFO Utils: Successfully started service 'SparkUI' on port 4042.
[2020-07-23 15:11:20,085] {logging_mixin.py:112} INFO - [2020-07-23 15:11:20,084] {spark_submit_hook.py:479} INFO - 20/07/23 15:11:20 INFO SparkUI: Bound SparkUI to 0.0.0.0, and started at http://192.168.43.94:4042
[2020-07-23 15:11:20,719] {logging_mixin.py:112} INFO - [2020-07-23 15:11:20,719] {spark_submit_hook.py:479} INFO - 20/07/23 15:11:20 INFO Executor: Starting executor ID driver on host 192.168.43.94
[2020-07-23 15:11:20,758] {logging_mixin.py:112} INFO - [2020-07-23 15:11:20,758] {spark_submit_hook.py:479} INFO - 20/07/23 15:11:20 INFO Utils: Successfully started service 'org.apache.spark.network.netty.NettyBlockTransferService' on port 45673.
[2020-07-23 15:11:20,759] {logging_mixin.py:112} INFO - [2020-07-23 15:11:20,759] {spark_submit_hook.py:479} INFO - 20/07/23 15:11:20 INFO NettyBlockTransferService: Server created on 192.168.43.94:45673
[2020-07-23 15:11:20,762] {logging_mixin.py:112} INFO - [2020-07-23 15:11:20,762] {spark_submit_hook.py:479} INFO - 20/07/23 15:11:20 INFO BlockManager: Using org.apache.spark.storage.RandomBlockReplicationPolicy for block replication policy
[2020-07-23 15:11:20,779] {logging_mixin.py:112} INFO - [2020-07-23 15:11:20,778] {spark_submit_hook.py:479} INFO - 20/07/23 15:11:20 INFO BlockManagerMaster: Registering BlockManager BlockManagerId(driver, 192.168.43.94, 45673, None)
[2020-07-23 15:11:20,792] {logging_mixin.py:112} INFO - [2020-07-23 15:11:20,792] {spark_submit_hook.py:479} INFO - 20/07/23 15:11:20 INFO BlockManagerMasterEndpoint: Registering block manager 192.168.43.94:45673 with 366.3 MiB RAM, BlockManagerId(driver, 192.168.43.94, 45673, None)
[2020-07-23 15:11:20,806] {logging_mixin.py:112} INFO - [2020-07-23 15:11:20,805] {spark_submit_hook.py:479} INFO - 20/07/23 15:11:20 INFO BlockManagerMaster: Registered BlockManager BlockManagerId(driver, 192.168.43.94, 45673, None)
[2020-07-23 15:11:20,806] {logging_mixin.py:112} INFO - [2020-07-23 15:11:20,806] {spark_submit_hook.py:479} INFO - 20/07/23 15:11:20 INFO BlockManager: Initialized BlockManager: BlockManagerId(driver, 192.168.43.94, 45673, None)
[2020-07-23 15:11:23,576] {logging_mixin.py:112} INFO - [2020-07-23 15:11:23,576] {spark_submit_hook.py:479} INFO - 20/07/23 15:11:23 INFO MemoryStore: Block broadcast_0 stored as values in memory (estimated size 241.5 KiB, free 366.1 MiB)
[2020-07-23 15:11:23,826] {logging_mixin.py:112} INFO - [2020-07-23 15:11:23,825] {spark_submit_hook.py:479} INFO - 20/07/23 15:11:23 INFO MemoryStore: Block broadcast_0_piece0 stored as bytes in memory (estimated size 23.4 KiB, free 366.0 MiB)
[2020-07-23 15:11:23,844] {logging_mixin.py:112} INFO - [2020-07-23 15:11:23,843] {spark_submit_hook.py:479} INFO - 20/07/23 15:11:23 INFO BlockManagerInfo: Added broadcast_0_piece0 in memory on 192.168.43.94:45673 (size: 23.4 KiB, free: 366.3 MiB)
[2020-07-23 15:11:23,859] {logging_mixin.py:112} INFO - [2020-07-23 15:11:23,859] {spark_submit_hook.py:479} INFO - 20/07/23 15:11:23 INFO SparkContext: Created broadcast 0 from textFile at NativeMethodAccessorImpl.java:0
[2020-07-23 15:11:24,658] {logging_mixin.py:112} INFO - [2020-07-23 15:11:24,657] {spark_submit_hook.py:479} INFO - 20/07/23 15:11:24 INFO FileInputFormat: Total input paths to process : 1
[2020-07-23 15:11:25,143] {logging_mixin.py:112} INFO - [2020-07-23 15:11:25,143] {spark_submit_hook.py:479} INFO - 20/07/23 15:11:25 INFO SparkContext: Starting job: collect at /home/bhakti/airflow/spark_jobs/spark_test.py:8
[2020-07-23 15:11:25,205] {logging_mixin.py:112} INFO - [2020-07-23 15:11:25,205] {spark_submit_hook.py:479} INFO - 20/07/23 15:11:25 INFO DAGScheduler: Got job 0 (collect at /home/bhakti/airflow/spark_jobs/spark_test.py:8) with 1 output partitions
[2020-07-23 15:11:25,210] {logging_mixin.py:112} INFO - [2020-07-23 15:11:25,210] {spark_submit_hook.py:479} INFO - 20/07/23 15:11:25 INFO DAGScheduler: Final stage: ResultStage 0 (collect at /home/bhakti/airflow/spark_jobs/spark_test.py:8)
[2020-07-23 15:11:25,238] {logging_mixin.py:112} INFO - [2020-07-23 15:11:25,237] {spark_submit_hook.py:479} INFO - 20/07/23 15:11:25 INFO DAGScheduler: Parents of final stage: List()
[2020-07-23 15:11:25,253] {logging_mixin.py:112} INFO - [2020-07-23 15:11:25,252] {spark_submit_hook.py:479} INFO - 20/07/23 15:11:25 INFO DAGScheduler: Missing parents: List()
[2020-07-23 15:11:25,323] {logging_mixin.py:112} INFO - [2020-07-23 15:11:25,323] {spark_submit_hook.py:479} INFO - 20/07/23 15:11:25 INFO DAGScheduler: Submitting ResultStage 0 (PythonRDD[2] at collect at /home/bhakti/airflow/spark_jobs/spark_test.py:8), which has no missing parents
[2020-07-23 15:11:25,489] {logging_mixin.py:112} INFO - [2020-07-23 15:11:25,489] {spark_submit_hook.py:479} INFO - 20/07/23 15:11:25 INFO MemoryStore: Block broadcast_1 stored as values in memory (estimated size 7.4 KiB, free 366.0 MiB)
[2020-07-23 15:11:25,501] {logging_mixin.py:112} INFO - [2020-07-23 15:11:25,501] {spark_submit_hook.py:479} INFO - 20/07/23 15:11:25 INFO MemoryStore: Block broadcast_1_piece0 stored as bytes in memory (estimated size 4.4 KiB, free 366.0 MiB)
[2020-07-23 15:11:25,504] {logging_mixin.py:112} INFO - [2020-07-23 15:11:25,503] {spark_submit_hook.py:479} INFO - 20/07/23 15:11:25 INFO BlockManagerInfo: Added broadcast_1_piece0 in memory on 192.168.43.94:45673 (size: 4.4 KiB, free: 366.3 MiB)
[2020-07-23 15:11:25,510] {logging_mixin.py:112} INFO - [2020-07-23 15:11:25,509] {spark_submit_hook.py:479} INFO - 20/07/23 15:11:25 INFO SparkContext: Created broadcast 1 from broadcast at DAGScheduler.scala:1200
[2020-07-23 15:11:25,582] {logging_mixin.py:112} INFO - [2020-07-23 15:11:25,582] {spark_submit_hook.py:479} INFO - 20/07/23 15:11:25 INFO DAGScheduler: Submitting 1 missing tasks from ResultStage 0 (PythonRDD[2] at collect at /home/bhakti/airflow/spark_jobs/spark_test.py:8) (first 15 tasks are for partitions Vector(0))
[2020-07-23 15:11:25,583] {logging_mixin.py:112} INFO - [2020-07-23 15:11:25,583] {spark_submit_hook.py:479} INFO - 20/07/23 15:11:25 INFO TaskSchedulerImpl: Adding task set 0.0 with 1 tasks
[2020-07-23 15:11:25,766] {logging_mixin.py:112} INFO - [2020-07-23 15:11:25,766] {spark_submit_hook.py:479} INFO - 20/07/23 15:11:25 INFO TaskSetManager: Starting task 0.0 in stage 0.0 (TID 0, 192.168.43.94, executor driver, partition 0, PROCESS_LOCAL, 7388 bytes)
[2020-07-23 15:11:25,834] {logging_mixin.py:112} INFO - [2020-07-23 15:11:25,833] {spark_submit_hook.py:479} INFO - 20/07/23 15:11:25 INFO Executor: Running task 0.0 in stage 0.0 (TID 0)
[2020-07-23 15:11:26,953] {logging_mixin.py:112} INFO - [2020-07-23 15:11:26,953] {spark_submit_hook.py:479} INFO - 20/07/23 15:11:26 INFO HadoopRDD: Input split: file:/home/bhakti/airflow/input_data/sample.csv:0+93
[2020-07-23 15:11:27,842] {logging_mixin.py:112} INFO - [2020-07-23 15:11:27,842] {spark_submit_hook.py:479} INFO - 20/07/23 15:11:27 INFO PythonRunner: Times: total = 840, boot = 820, init = 20, finish = 0
[2020-07-23 15:11:27,890] {logging_mixin.py:112} INFO - [2020-07-23 15:11:27,890] {spark_submit_hook.py:479} INFO - 20/07/23 15:11:27 INFO Executor: Finished task 0.0 in stage 0.0 (TID 0). 1779 bytes result sent to driver
[2020-07-23 15:11:27,916] {logging_mixin.py:112} INFO - [2020-07-23 15:11:27,915] {spark_submit_hook.py:479} INFO - 20/07/23 15:11:27 INFO TaskSetManager: Finished task 0.0 in stage 0.0 (TID 0) in 2201 ms on 192.168.43.94 (executor driver) (1/1)
[2020-07-23 15:11:27,925] {logging_mixin.py:112} INFO - [2020-07-23 15:11:27,924] {spark_submit_hook.py:479} INFO - 20/07/23 15:11:27 INFO TaskSchedulerImpl: Removed TaskSet 0.0, whose tasks have all completed, from pool
[2020-07-23 15:11:27,933] {logging_mixin.py:112} INFO - [2020-07-23 15:11:27,933] {spark_submit_hook.py:479} INFO - 20/07/23 15:11:27 INFO PythonAccumulatorV2: Connected to AccumulatorServer at host: 127.0.0.1 port: 41297
[2020-07-23 15:11:27,949] {logging_mixin.py:112} INFO - [2020-07-23 15:11:27,949] {spark_submit_hook.py:479} INFO - 20/07/23 15:11:27 INFO DAGScheduler: ResultStage 0 (collect at /home/bhakti/airflow/spark_jobs/spark_test.py:8) finished in 2.484 s
[2020-07-23 15:11:27,975] {logging_mixin.py:112} INFO - [2020-07-23 15:11:27,975] {spark_submit_hook.py:479} INFO - 20/07/23 15:11:27 INFO DAGScheduler: Job 0 is finished. Cancelling potential speculative or zombie tasks for this job
[2020-07-23 15:11:27,976] {logging_mixin.py:112} INFO - [2020-07-23 15:11:27,976] {spark_submit_hook.py:479} INFO - 20/07/23 15:11:27 INFO TaskSchedulerImpl: Killing all running tasks in stage 0: Stage finished
[2020-07-23 15:11:27,984] {logging_mixin.py:112} INFO - [2020-07-23 15:11:27,984] {spark_submit_hook.py:479} INFO - 20/07/23 15:11:27 INFO DAGScheduler: Job 0 finished: collect at /home/bhakti/airflow/spark_jobs/spark_test.py:8, took 2.837787 s
[2020-07-23 15:11:28,008] {logging_mixin.py:112} INFO - [2020-07-23 15:11:28,008] {spark_submit_hook.py:479} INFO - [('PERSON', 'JOINING_YEAR', 'COMPANY'), ('John', '2018', 'Google'), ('Sam', '2017', 'IBM'), ('Jeff', '2014', 'Yahoo'), ('Allen', '2015', 'Facebook')]
[2020-07-23 15:11:28,876] {logging_mixin.py:112} INFO - [2020-07-23 15:11:28,876] {spark_submit_hook.py:479} INFO - 20/07/23 15:11:28 INFO BlockManagerInfo: Removed broadcast_1_piece0 on 192.168.43.94:45673 in memory (size: 4.4 KiB, free: 366.3 MiB)
[2020-07-23 15:11:28,913] {logging_mixin.py:112} INFO - [2020-07-23 15:11:28,912] {spark_submit_hook.py:479} INFO - 20/07/23 15:11:28 INFO BlockManagerInfo: Removed broadcast_0_piece0 on 192.168.43.94:45673 in memory (size: 23.4 KiB, free: 366.3 MiB)
[2020-07-23 15:11:29,064] {logging_mixin.py:112} INFO - [2020-07-23 15:11:29,063] {spark_submit_hook.py:479} INFO - 20/07/23 15:11:29 INFO SharedState: Setting hive.metastore.warehouse.dir ('null') to the value of spark.sql.warehouse.dir ('file:/home/bhakti/airflow/spark-warehouse').
[2020-07-23 15:11:29,064] {logging_mixin.py:112} INFO - [2020-07-23 15:11:29,064] {spark_submit_hook.py:479} INFO - 20/07/23 15:11:29 INFO SharedState: Warehouse path is 'file:/home/bhakti/airflow/spark-warehouse'.
[2020-07-23 15:11:34,074] {logging_mixin.py:112} INFO - [2020-07-23 15:11:34,073] {spark_submit_hook.py:479} INFO - 20/07/23 15:11:34 INFO CodeGenerator: Code generated in 336.053879 ms
[2020-07-23 15:11:34,142] {logging_mixin.py:112} INFO - [2020-07-23 15:11:34,142] {spark_submit_hook.py:479} INFO - 20/07/23 15:11:34 INFO SparkContext: Starting job: showString at NativeMethodAccessorImpl.java:0
[2020-07-23 15:11:34,145] {logging_mixin.py:112} INFO - [2020-07-23 15:11:34,144] {spark_submit_hook.py:479} INFO - 20/07/23 15:11:34 INFO DAGScheduler: Got job 1 (showString at NativeMethodAccessorImpl.java:0) with 1 output partitions
[2020-07-23 15:11:34,145] {logging_mixin.py:112} INFO - [2020-07-23 15:11:34,145] {spark_submit_hook.py:479} INFO - 20/07/23 15:11:34 INFO DAGScheduler: Final stage: ResultStage 1 (showString at NativeMethodAccessorImpl.java:0)
[2020-07-23 15:11:34,146] {logging_mixin.py:112} INFO - [2020-07-23 15:11:34,145] {spark_submit_hook.py:479} INFO - 20/07/23 15:11:34 INFO DAGScheduler: Parents of final stage: List()
[2020-07-23 15:11:34,147] {logging_mixin.py:112} INFO - [2020-07-23 15:11:34,147] {spark_submit_hook.py:479} INFO - 20/07/23 15:11:34 INFO DAGScheduler: Missing parents: List()
[2020-07-23 15:11:34,152] {logging_mixin.py:112} INFO - [2020-07-23 15:11:34,151] {spark_submit_hook.py:479} INFO - 20/07/23 15:11:34 INFO DAGScheduler: Submitting ResultStage 1 (MapPartitionsRDD[9] at showString at NativeMethodAccessorImpl.java:0), which has no missing parents
[2020-07-23 15:11:34,185] {logging_mixin.py:112} INFO - [2020-07-23 15:11:34,184] {spark_submit_hook.py:479} INFO - 20/07/23 15:11:34 INFO MemoryStore: Block broadcast_2 stored as values in memory (estimated size 11.2 KiB, free 366.3 MiB)
[2020-07-23 15:11:34,189] {logging_mixin.py:112} INFO - [2020-07-23 15:11:34,189] {spark_submit_hook.py:479} INFO - 20/07/23 15:11:34 INFO MemoryStore: Block broadcast_2_piece0 stored as bytes in memory (estimated size 5.8 KiB, free 366.3 MiB)
[2020-07-23 15:11:34,191] {logging_mixin.py:112} INFO - [2020-07-23 15:11:34,191] {spark_submit_hook.py:479} INFO - 20/07/23 15:11:34 INFO BlockManagerInfo: Added broadcast_2_piece0 in memory on 192.168.43.94:45673 (size: 5.8 KiB, free: 366.3 MiB)
[2020-07-23 15:11:34,194] {logging_mixin.py:112} INFO - [2020-07-23 15:11:34,194] {spark_submit_hook.py:479} INFO - 20/07/23 15:11:34 INFO SparkContext: Created broadcast 2 from broadcast at DAGScheduler.scala:1200
[2020-07-23 15:11:34,196] {logging_mixin.py:112} INFO - [2020-07-23 15:11:34,196] {spark_submit_hook.py:479} INFO - 20/07/23 15:11:34 INFO DAGScheduler: Submitting 1 missing tasks from ResultStage 1 (MapPartitionsRDD[9] at showString at NativeMethodAccessorImpl.java:0) (first 15 tasks are for partitions Vector(0))
[2020-07-23 15:11:34,196] {logging_mixin.py:112} INFO - [2020-07-23 15:11:34,196] {spark_submit_hook.py:479} INFO - 20/07/23 15:11:34 INFO TaskSchedulerImpl: Adding task set 1.0 with 1 tasks
[2020-07-23 15:11:34,226] {logging_mixin.py:112} INFO - [2020-07-23 15:11:34,226] {spark_submit_hook.py:479} INFO - 20/07/23 15:11:34 INFO TaskSetManager: Starting task 0.0 in stage 1.0 (TID 1, 192.168.43.94, executor driver, partition 0, PROCESS_LOCAL, 7493 bytes)
[2020-07-23 15:11:34,228] {logging_mixin.py:112} INFO - [2020-07-23 15:11:34,227] {spark_submit_hook.py:479} INFO - 20/07/23 15:11:34 INFO Executor: Running task 0.0 in stage 1.0 (TID 1)
[2020-07-23 15:11:34,349] {logging_mixin.py:112} INFO - [2020-07-23 15:11:34,349] {spark_submit_hook.py:479} INFO - 20/07/23 15:11:34 INFO PythonRunner: Times: total = 3, boot = -6455, init = 6458, finish = 0
[2020-07-23 15:11:34,354] {logging_mixin.py:112} INFO - [2020-07-23 15:11:34,353] {spark_submit_hook.py:479} INFO - 20/07/23 15:11:34 INFO Executor: Finished task 0.0 in stage 1.0 (TID 1). 2235 bytes result sent to driver
[2020-07-23 15:11:34,362] {logging_mixin.py:112} INFO - [2020-07-23 15:11:34,362] {spark_submit_hook.py:479} INFO - 20/07/23 15:11:34 INFO TaskSetManager: Finished task 0.0 in stage 1.0 (TID 1) in 163 ms on 192.168.43.94 (executor driver) (1/1)
[2020-07-23 15:11:34,364] {logging_mixin.py:112} INFO - [2020-07-23 15:11:34,364] {spark_submit_hook.py:479} INFO - 20/07/23 15:11:34 INFO DAGScheduler: ResultStage 1 (showString at NativeMethodAccessorImpl.java:0) finished in 0.209 s
[2020-07-23 15:11:34,365] {logging_mixin.py:112} INFO - [2020-07-23 15:11:34,365] {spark_submit_hook.py:479} INFO - 20/07/23 15:11:34 INFO DAGScheduler: Job 1 is finished. Cancelling potential speculative or zombie tasks for this job
[2020-07-23 15:11:34,366] {logging_mixin.py:112} INFO - [2020-07-23 15:11:34,365] {spark_submit_hook.py:479} INFO - 20/07/23 15:11:34 INFO TaskSchedulerImpl: Removed TaskSet 1.0, whose tasks have all completed, from pool
[2020-07-23 15:11:34,366] {logging_mixin.py:112} INFO - [2020-07-23 15:11:34,366] {spark_submit_hook.py:479} INFO - 20/07/23 15:11:34 INFO TaskSchedulerImpl: Killing all running tasks in stage 1: Stage finished
[2020-07-23 15:11:34,368] {logging_mixin.py:112} INFO - [2020-07-23 15:11:34,368] {spark_submit_hook.py:479} INFO - 20/07/23 15:11:34 INFO DAGScheduler: Job 1 finished: showString at NativeMethodAccessorImpl.java:0, took 0.224429 s
[2020-07-23 15:11:34,530] {logging_mixin.py:112} INFO - [2020-07-23 15:11:34,529] {spark_submit_hook.py:479} INFO - 20/07/23 15:11:34 INFO CodeGenerator: Code generated in 121.510095 ms
[2020-07-23 15:11:34,586] {logging_mixin.py:112} INFO - [2020-07-23 15:11:34,586] {spark_submit_hook.py:479} INFO - +------+------------+--------+
[2020-07-23 15:11:34,586] {logging_mixin.py:112} INFO - [2020-07-23 15:11:34,586] {spark_submit_hook.py:479} INFO - |    _1|          _2|      _3|
[2020-07-23 15:11:34,587] {logging_mixin.py:112} INFO - [2020-07-23 15:11:34,587] {spark_submit_hook.py:479} INFO - +------+------------+--------+
[2020-07-23 15:11:34,587] {logging_mixin.py:112} INFO - [2020-07-23 15:11:34,587] {spark_submit_hook.py:479} INFO - |PERSON|JOINING_YEAR| COMPANY|
[2020-07-23 15:11:34,590] {logging_mixin.py:112} INFO - [2020-07-23 15:11:34,589] {spark_submit_hook.py:479} INFO - |  John|        2018|  Google|
[2020-07-23 15:11:34,590] {logging_mixin.py:112} INFO - [2020-07-23 15:11:34,590] {spark_submit_hook.py:479} INFO - |   Sam|        2017|     IBM|
[2020-07-23 15:11:34,590] {logging_mixin.py:112} INFO - [2020-07-23 15:11:34,590] {spark_submit_hook.py:479} INFO - |  Jeff|        2014|   Yahoo|
[2020-07-23 15:11:34,591] {logging_mixin.py:112} INFO - [2020-07-23 15:11:34,590] {spark_submit_hook.py:479} INFO - | Allen|        2015|Facebook|
[2020-07-23 15:11:34,591] {logging_mixin.py:112} INFO - [2020-07-23 15:11:34,591] {spark_submit_hook.py:479} INFO - +------+------------+--------+
[2020-07-23 15:11:34,591] {logging_mixin.py:112} INFO - [2020-07-23 15:11:34,591] {spark_submit_hook.py:479} INFO - 
[2020-07-23 15:11:34,759] {logging_mixin.py:112} INFO - [2020-07-23 15:11:34,759] {spark_submit_hook.py:479} INFO - 20/07/23 15:11:34 INFO SparkContext: Invoking stop() from shutdown hook
[2020-07-23 15:11:34,780] {logging_mixin.py:112} INFO - [2020-07-23 15:11:34,780] {spark_submit_hook.py:479} INFO - 20/07/23 15:11:34 INFO SparkUI: Stopped Spark web UI at http://192.168.43.94:4042
[2020-07-23 15:11:34,818] {logging_mixin.py:112} INFO - [2020-07-23 15:11:34,817] {spark_submit_hook.py:479} INFO - 20/07/23 15:11:34 INFO MapOutputTrackerMasterEndpoint: MapOutputTrackerMasterEndpoint stopped!
[2020-07-23 15:11:34,843] {logging_mixin.py:112} INFO - [2020-07-23 15:11:34,843] {spark_submit_hook.py:479} INFO - 20/07/23 15:11:34 INFO MemoryStore: MemoryStore cleared
[2020-07-23 15:11:34,850] {logging_mixin.py:112} INFO - [2020-07-23 15:11:34,849] {spark_submit_hook.py:479} INFO - 20/07/23 15:11:34 INFO BlockManager: BlockManager stopped
[2020-07-23 15:11:34,858] {logging_mixin.py:112} INFO - [2020-07-23 15:11:34,857] {spark_submit_hook.py:479} INFO - 20/07/23 15:11:34 INFO BlockManagerMaster: BlockManagerMaster stopped
[2020-07-23 15:11:34,873] {logging_mixin.py:112} INFO - [2020-07-23 15:11:34,873] {spark_submit_hook.py:479} INFO - 20/07/23 15:11:34 INFO OutputCommitCoordinator$OutputCommitCoordinatorEndpoint: OutputCommitCoordinator stopped!
[2020-07-23 15:11:34,921] {logging_mixin.py:112} INFO - [2020-07-23 15:11:34,921] {spark_submit_hook.py:479} INFO - 20/07/23 15:11:34 INFO SparkContext: Successfully stopped SparkContext
[2020-07-23 15:11:34,923] {logging_mixin.py:112} INFO - [2020-07-23 15:11:34,923] {spark_submit_hook.py:479} INFO - 20/07/23 15:11:34 INFO ShutdownHookManager: Shutdown hook called
[2020-07-23 15:11:34,924] {logging_mixin.py:112} INFO - [2020-07-23 15:11:34,923] {spark_submit_hook.py:479} INFO - 20/07/23 15:11:34 INFO ShutdownHookManager: Deleting directory /tmp/spark-209028f4-c8af-4ecd-b4b4-c1ec0946ce45/pyspark-5fe7b7f1-3aed-4fd5-a403-bfa87a07c2bd
[2020-07-23 15:11:34,928] {logging_mixin.py:112} INFO - [2020-07-23 15:11:34,928] {spark_submit_hook.py:479} INFO - 20/07/23 15:11:34 INFO ShutdownHookManager: Deleting directory /tmp/spark-b72c6387-bbc2-42ce-875c-0eee013d07e4
[2020-07-23 15:11:34,932] {logging_mixin.py:112} INFO - [2020-07-23 15:11:34,932] {spark_submit_hook.py:479} INFO - 20/07/23 15:11:34 INFO ShutdownHookManager: Deleting directory /tmp/spark-209028f4-c8af-4ecd-b4b4-c1ec0946ce45
[2020-07-23 15:11:35,142] {taskinstance.py:1052} INFO - Marking task as SUCCESS.dag_id=submit_data, task_id=spark_submit, execution_date=20200721T003600, start_date=20200723T094109, end_date=20200723T094135
[2020-07-23 15:11:36,082] {logging_mixin.py:112} INFO - [2020-07-23 15:11:36,081] {local_task_job.py:103} INFO - Task exited with return code 0
