[2020-07-22 17:54:47,877] {taskinstance.py:669} INFO - Dependencies all met for <TaskInstance: submit_data.spark_submit 2020-07-20T08:22:00+00:00 [queued]>
[2020-07-22 17:54:47,891] {taskinstance.py:669} INFO - Dependencies all met for <TaskInstance: submit_data.spark_submit 2020-07-20T08:22:00+00:00 [queued]>
[2020-07-22 17:54:47,892] {taskinstance.py:879} INFO - 
--------------------------------------------------------------------------------
[2020-07-22 17:54:47,892] {taskinstance.py:880} INFO - Starting attempt 1 of 1
[2020-07-22 17:54:47,892] {taskinstance.py:881} INFO - 
--------------------------------------------------------------------------------
[2020-07-22 17:54:48,058] {taskinstance.py:900} INFO - Executing <Task(SparkSubmitOperator): spark_submit> on 2020-07-20T08:22:00+00:00
[2020-07-22 17:54:48,071] {standard_task_runner.py:53} INFO - Started process 687907 to run task
[2020-07-22 17:54:48,348] {logging_mixin.py:112} INFO - Running %s on host %s <TaskInstance: submit_data.spark_submit 2020-07-20T08:22:00+00:00 [running]> bhakti-Vostro-3558
[2020-07-22 17:54:48,396] {logging_mixin.py:112} INFO - [2020-07-22 17:54:48,395] {base_hook.py:87} INFO - Using connection to: id: spark_local. Host: local, Port: None, Schema: None, Login: None, Password: None, extra: None
[2020-07-22 17:54:48,398] {logging_mixin.py:112} INFO - [2020-07-22 17:54:48,397] {spark_submit_hook.py:325} INFO - Spark-Submit cmd: spark-submit --master local --name airflow-spark /home/bhakti/airflow/spark_jobs/spark_test.py
[2020-07-22 17:54:51,805] {logging_mixin.py:112} INFO - [2020-07-22 17:54:51,804] {spark_submit_hook.py:479} INFO - 20/07/22 17:54:51 WARN Utils: Your hostname, bhakti-Vostro-3558 resolves to a loopback address: 127.0.1.1; using 192.168.43.94 instead (on interface wlp6s0)
[2020-07-22 17:54:51,807] {logging_mixin.py:112} INFO - [2020-07-22 17:54:51,806] {spark_submit_hook.py:479} INFO - 20/07/22 17:54:51 WARN Utils: Set SPARK_LOCAL_IP if you need to bind to another address
[2020-07-22 17:54:54,422] {logging_mixin.py:112} INFO - [2020-07-22 17:54:54,422] {spark_submit_hook.py:479} INFO - 20/07/22 17:54:54 WARN NativeCodeLoader: Unable to load native-hadoop library for your platform... using builtin-java classes where applicable
[2020-07-22 17:54:58,358] {logging_mixin.py:112} INFO - [2020-07-22 17:54:58,357] {spark_submit_hook.py:479} INFO - Using Spark's default log4j profile: org/apache/spark/log4j-defaults.properties
[2020-07-22 17:54:58,399] {logging_mixin.py:112} INFO - [2020-07-22 17:54:58,399] {spark_submit_hook.py:479} INFO - 20/07/22 17:54:58 INFO SparkContext: Running Spark version 3.0.0
[2020-07-22 17:54:58,577] {logging_mixin.py:112} INFO - [2020-07-22 17:54:58,576] {spark_submit_hook.py:479} INFO - 20/07/22 17:54:58 INFO ResourceUtils: ==============================================================
[2020-07-22 17:54:58,581] {logging_mixin.py:112} INFO - [2020-07-22 17:54:58,581] {spark_submit_hook.py:479} INFO - 20/07/22 17:54:58 INFO ResourceUtils: Resources for spark.driver:
[2020-07-22 17:54:58,582] {logging_mixin.py:112} INFO - [2020-07-22 17:54:58,581] {spark_submit_hook.py:479} INFO - 
[2020-07-22 17:54:58,584] {logging_mixin.py:112} INFO - [2020-07-22 17:54:58,583] {spark_submit_hook.py:479} INFO - 20/07/22 17:54:58 INFO ResourceUtils: ==============================================================
[2020-07-22 17:54:58,596] {logging_mixin.py:112} INFO - [2020-07-22 17:54:58,596] {spark_submit_hook.py:479} INFO - 20/07/22 17:54:58 INFO SparkContext: Submitted application: Spark_Test_Python
[2020-07-22 17:54:58,760] {logging_mixin.py:112} INFO - [2020-07-22 17:54:58,759] {spark_submit_hook.py:479} INFO - 20/07/22 17:54:58 INFO SecurityManager: Changing view acls to: bhakti
[2020-07-22 17:54:58,764] {logging_mixin.py:112} INFO - [2020-07-22 17:54:58,763] {spark_submit_hook.py:479} INFO - 20/07/22 17:54:58 INFO SecurityManager: Changing modify acls to: bhakti
[2020-07-22 17:54:58,766] {logging_mixin.py:112} INFO - [2020-07-22 17:54:58,766] {spark_submit_hook.py:479} INFO - 20/07/22 17:54:58 INFO SecurityManager: Changing view acls groups to:
[2020-07-22 17:54:58,767] {logging_mixin.py:112} INFO - [2020-07-22 17:54:58,767] {spark_submit_hook.py:479} INFO - 20/07/22 17:54:58 INFO SecurityManager: Changing modify acls groups to:
[2020-07-22 17:54:58,773] {logging_mixin.py:112} INFO - [2020-07-22 17:54:58,772] {spark_submit_hook.py:479} INFO - 20/07/22 17:54:58 INFO SecurityManager: SecurityManager: authentication disabled; ui acls disabled; users  with view permissions: Set(bhakti); groups with view permissions: Set(); users  with modify permissions: Set(bhakti); groups with modify permissions: Set()
[2020-07-22 17:54:59,874] {logging_mixin.py:112} INFO - [2020-07-22 17:54:59,874] {spark_submit_hook.py:479} INFO - 20/07/22 17:54:59 INFO Utils: Successfully started service 'sparkDriver' on port 44715.
[2020-07-22 17:55:00,084] {logging_mixin.py:112} INFO - [2020-07-22 17:55:00,084] {spark_submit_hook.py:479} INFO - 20/07/22 17:55:00 INFO SparkEnv: Registering MapOutputTracker
[2020-07-22 17:55:00,302] {logging_mixin.py:112} INFO - [2020-07-22 17:55:00,302] {spark_submit_hook.py:479} INFO - 20/07/22 17:55:00 INFO SparkEnv: Registering BlockManagerMaster
[2020-07-22 17:55:00,477] {logging_mixin.py:112} INFO - [2020-07-22 17:55:00,476] {spark_submit_hook.py:479} INFO - 20/07/22 17:55:00 INFO BlockManagerMasterEndpoint: Using org.apache.spark.storage.DefaultTopologyMapper for getting topology information
[2020-07-22 17:55:00,482] {logging_mixin.py:112} INFO - [2020-07-22 17:55:00,482] {spark_submit_hook.py:479} INFO - 20/07/22 17:55:00 INFO BlockManagerMasterEndpoint: BlockManagerMasterEndpoint up
[2020-07-22 17:55:00,505] {logging_mixin.py:112} INFO - [2020-07-22 17:55:00,505] {spark_submit_hook.py:479} INFO - 20/07/22 17:55:00 INFO SparkEnv: Registering BlockManagerMasterHeartbeat
[2020-07-22 17:55:00,600] {logging_mixin.py:112} INFO - [2020-07-22 17:55:00,600] {spark_submit_hook.py:479} INFO - 20/07/22 17:55:00 INFO DiskBlockManager: Created local directory at /tmp/blockmgr-3b907501-1219-4165-89f8-953b08843e78
[2020-07-22 17:55:00,676] {logging_mixin.py:112} INFO - [2020-07-22 17:55:00,676] {spark_submit_hook.py:479} INFO - 20/07/22 17:55:00 INFO MemoryStore: MemoryStore started with capacity 366.3 MiB
[2020-07-22 17:55:00,758] {logging_mixin.py:112} INFO - [2020-07-22 17:55:00,758] {spark_submit_hook.py:479} INFO - 20/07/22 17:55:00 INFO SparkEnv: Registering OutputCommitCoordinator
[2020-07-22 17:55:01,371] {logging_mixin.py:112} INFO - [2020-07-22 17:55:01,371] {spark_submit_hook.py:479} INFO - 20/07/22 17:55:01 WARN Utils: Service 'SparkUI' could not bind on port 4040. Attempting port 4041.
[2020-07-22 17:55:01,372] {logging_mixin.py:112} INFO - [2020-07-22 17:55:01,372] {spark_submit_hook.py:479} INFO - 20/07/22 17:55:01 WARN Utils: Service 'SparkUI' could not bind on port 4041. Attempting port 4042.
[2020-07-22 17:55:01,374] {logging_mixin.py:112} INFO - [2020-07-22 17:55:01,374] {spark_submit_hook.py:479} INFO - 20/07/22 17:55:01 WARN Utils: Service 'SparkUI' could not bind on port 4042. Attempting port 4043.
[2020-07-22 17:55:01,375] {logging_mixin.py:112} INFO - [2020-07-22 17:55:01,375] {spark_submit_hook.py:479} INFO - 20/07/22 17:55:01 WARN Utils: Service 'SparkUI' could not bind on port 4043. Attempting port 4044.
[2020-07-22 17:55:01,377] {logging_mixin.py:112} INFO - [2020-07-22 17:55:01,376] {spark_submit_hook.py:479} INFO - 20/07/22 17:55:01 WARN Utils: Service 'SparkUI' could not bind on port 4044. Attempting port 4045.
[2020-07-22 17:55:01,378] {logging_mixin.py:112} INFO - [2020-07-22 17:55:01,378] {spark_submit_hook.py:479} INFO - 20/07/22 17:55:01 WARN Utils: Service 'SparkUI' could not bind on port 4045. Attempting port 4046.
[2020-07-22 17:55:01,408] {logging_mixin.py:112} INFO - [2020-07-22 17:55:01,408] {spark_submit_hook.py:479} INFO - 20/07/22 17:55:01 INFO Utils: Successfully started service 'SparkUI' on port 4046.
[2020-07-22 17:55:01,555] {logging_mixin.py:112} INFO - [2020-07-22 17:55:01,555] {spark_submit_hook.py:479} INFO - 20/07/22 17:55:01 INFO SparkUI: Bound SparkUI to 0.0.0.0, and started at http://192.168.43.94:4046
[2020-07-22 17:55:02,211] {logging_mixin.py:112} INFO - [2020-07-22 17:55:02,211] {spark_submit_hook.py:479} INFO - 20/07/22 17:55:02 INFO Executor: Starting executor ID driver on host 192.168.43.94
[2020-07-22 17:55:02,260] {logging_mixin.py:112} INFO - [2020-07-22 17:55:02,260] {spark_submit_hook.py:479} INFO - 20/07/22 17:55:02 INFO Utils: Successfully started service 'org.apache.spark.network.netty.NettyBlockTransferService' on port 39455.
[2020-07-22 17:55:02,261] {logging_mixin.py:112} INFO - [2020-07-22 17:55:02,261] {spark_submit_hook.py:479} INFO - 20/07/22 17:55:02 INFO NettyBlockTransferService: Server created on 192.168.43.94:39455
[2020-07-22 17:55:02,264] {logging_mixin.py:112} INFO - [2020-07-22 17:55:02,264] {spark_submit_hook.py:479} INFO - 20/07/22 17:55:02 INFO BlockManager: Using org.apache.spark.storage.RandomBlockReplicationPolicy for block replication policy
[2020-07-22 17:55:02,287] {logging_mixin.py:112} INFO - [2020-07-22 17:55:02,287] {spark_submit_hook.py:479} INFO - 20/07/22 17:55:02 INFO BlockManagerMaster: Registering BlockManager BlockManagerId(driver, 192.168.43.94, 39455, None)
[2020-07-22 17:55:02,313] {logging_mixin.py:112} INFO - [2020-07-22 17:55:02,312] {spark_submit_hook.py:479} INFO - 20/07/22 17:55:02 INFO BlockManagerMasterEndpoint: Registering block manager 192.168.43.94:39455 with 366.3 MiB RAM, BlockManagerId(driver, 192.168.43.94, 39455, None)
[2020-07-22 17:55:02,331] {logging_mixin.py:112} INFO - [2020-07-22 17:55:02,331] {spark_submit_hook.py:479} INFO - 20/07/22 17:55:02 INFO BlockManagerMaster: Registered BlockManager BlockManagerId(driver, 192.168.43.94, 39455, None)
[2020-07-22 17:55:02,331] {logging_mixin.py:112} INFO - [2020-07-22 17:55:02,331] {spark_submit_hook.py:479} INFO - 20/07/22 17:55:02 INFO BlockManager: Initialized BlockManager: BlockManagerId(driver, 192.168.43.94, 39455, None)
[2020-07-22 17:55:03,992] {logging_mixin.py:112} INFO - [2020-07-22 17:55:03,991] {spark_submit_hook.py:479} INFO - 20/07/22 17:55:03 INFO MemoryStore: Block broadcast_0 stored as values in memory (estimated size 241.5 KiB, free 366.1 MiB)
[2020-07-22 17:55:04,135] {logging_mixin.py:112} INFO - [2020-07-22 17:55:04,135] {spark_submit_hook.py:479} INFO - 20/07/22 17:55:04 INFO MemoryStore: Block broadcast_0_piece0 stored as bytes in memory (estimated size 23.4 KiB, free 366.0 MiB)
[2020-07-22 17:55:04,141] {logging_mixin.py:112} INFO - [2020-07-22 17:55:04,141] {spark_submit_hook.py:479} INFO - 20/07/22 17:55:04 INFO BlockManagerInfo: Added broadcast_0_piece0 in memory on 192.168.43.94:39455 (size: 23.4 KiB, free: 366.3 MiB)
[2020-07-22 17:55:04,154] {logging_mixin.py:112} INFO - [2020-07-22 17:55:04,154] {spark_submit_hook.py:479} INFO - 20/07/22 17:55:04 INFO SparkContext: Created broadcast 0 from textFile at NativeMethodAccessorImpl.java:0
[2020-07-22 17:55:04,538] {logging_mixin.py:112} INFO - [2020-07-22 17:55:04,537] {spark_submit_hook.py:479} INFO - 20/07/22 17:55:04 INFO FileInputFormat: Total input paths to process : 1
[2020-07-22 17:55:04,658] {logging_mixin.py:112} INFO - [2020-07-22 17:55:04,657] {spark_submit_hook.py:479} INFO - 20/07/22 17:55:04 INFO SparkContext: Starting job: collect at /home/bhakti/airflow/spark_jobs/spark_test.py:8
[2020-07-22 17:55:04,686] {logging_mixin.py:112} INFO - [2020-07-22 17:55:04,685] {spark_submit_hook.py:479} INFO - 20/07/22 17:55:04 INFO DAGScheduler: Got job 0 (collect at /home/bhakti/airflow/spark_jobs/spark_test.py:8) with 1 output partitions
[2020-07-22 17:55:04,687] {logging_mixin.py:112} INFO - [2020-07-22 17:55:04,686] {spark_submit_hook.py:479} INFO - 20/07/22 17:55:04 INFO DAGScheduler: Final stage: ResultStage 0 (collect at /home/bhakti/airflow/spark_jobs/spark_test.py:8)
[2020-07-22 17:55:04,688] {logging_mixin.py:112} INFO - [2020-07-22 17:55:04,687] {spark_submit_hook.py:479} INFO - 20/07/22 17:55:04 INFO DAGScheduler: Parents of final stage: List()
[2020-07-22 17:55:04,691] {logging_mixin.py:112} INFO - [2020-07-22 17:55:04,690] {spark_submit_hook.py:479} INFO - 20/07/22 17:55:04 INFO DAGScheduler: Missing parents: List()
[2020-07-22 17:55:04,700] {logging_mixin.py:112} INFO - [2020-07-22 17:55:04,699] {spark_submit_hook.py:479} INFO - 20/07/22 17:55:04 INFO DAGScheduler: Submitting ResultStage 0 (PythonRDD[2] at collect at /home/bhakti/airflow/spark_jobs/spark_test.py:8), which has no missing parents
[2020-07-22 17:55:04,745] {logging_mixin.py:112} INFO - [2020-07-22 17:55:04,745] {spark_submit_hook.py:479} INFO - 20/07/22 17:55:04 INFO MemoryStore: Block broadcast_1 stored as values in memory (estimated size 7.4 KiB, free 366.0 MiB)
[2020-07-22 17:55:04,750] {logging_mixin.py:112} INFO - [2020-07-22 17:55:04,750] {spark_submit_hook.py:479} INFO - 20/07/22 17:55:04 INFO MemoryStore: Block broadcast_1_piece0 stored as bytes in memory (estimated size 4.4 KiB, free 366.0 MiB)
[2020-07-22 17:55:04,752] {logging_mixin.py:112} INFO - [2020-07-22 17:55:04,751] {spark_submit_hook.py:479} INFO - 20/07/22 17:55:04 INFO BlockManagerInfo: Added broadcast_1_piece0 in memory on 192.168.43.94:39455 (size: 4.4 KiB, free: 366.3 MiB)
[2020-07-22 17:55:04,755] {logging_mixin.py:112} INFO - [2020-07-22 17:55:04,755] {spark_submit_hook.py:479} INFO - 20/07/22 17:55:04 INFO SparkContext: Created broadcast 1 from broadcast at DAGScheduler.scala:1200
[2020-07-22 17:55:04,786] {logging_mixin.py:112} INFO - [2020-07-22 17:55:04,786] {spark_submit_hook.py:479} INFO - 20/07/22 17:55:04 INFO DAGScheduler: Submitting 1 missing tasks from ResultStage 0 (PythonRDD[2] at collect at /home/bhakti/airflow/spark_jobs/spark_test.py:8) (first 15 tasks are for partitions Vector(0))
[2020-07-22 17:55:04,788] {logging_mixin.py:112} INFO - [2020-07-22 17:55:04,788] {spark_submit_hook.py:479} INFO - 20/07/22 17:55:04 INFO TaskSchedulerImpl: Adding task set 0.0 with 1 tasks
[2020-07-22 17:55:04,910] {logging_mixin.py:112} INFO - [2020-07-22 17:55:04,910] {spark_submit_hook.py:479} INFO - 20/07/22 17:55:04 INFO TaskSetManager: Starting task 0.0 in stage 0.0 (TID 0, 192.168.43.94, executor driver, partition 0, PROCESS_LOCAL, 7388 bytes)
[2020-07-22 17:55:04,938] {logging_mixin.py:112} INFO - [2020-07-22 17:55:04,938] {spark_submit_hook.py:479} INFO - 20/07/22 17:55:04 INFO Executor: Running task 0.0 in stage 0.0 (TID 0)
[2020-07-22 17:55:05,863] {logging_mixin.py:112} INFO - [2020-07-22 17:55:05,863] {spark_submit_hook.py:479} INFO - 20/07/22 17:55:05 INFO HadoopRDD: Input split: file:/home/bhakti/airflow/input_data/sample.csv:0+93
[2020-07-22 17:55:06,857] {logging_mixin.py:112} INFO - [2020-07-22 17:55:06,857] {spark_submit_hook.py:479} INFO - 20/07/22 17:55:06 INFO PythonRunner: Times: total = 928, boot = 907, init = 21, finish = 0
[2020-07-22 17:55:06,893] {logging_mixin.py:112} INFO - [2020-07-22 17:55:06,893] {spark_submit_hook.py:479} INFO - 20/07/22 17:55:06 INFO Executor: Finished task 0.0 in stage 0.0 (TID 0). 1779 bytes result sent to driver
[2020-07-22 17:55:06,906] {logging_mixin.py:112} INFO - [2020-07-22 17:55:06,906] {spark_submit_hook.py:479} INFO - 20/07/22 17:55:06 INFO TaskSetManager: Finished task 0.0 in stage 0.0 (TID 0) in 2024 ms on 192.168.43.94 (executor driver) (1/1)
[2020-07-22 17:55:06,910] {logging_mixin.py:112} INFO - [2020-07-22 17:55:06,910] {spark_submit_hook.py:479} INFO - 20/07/22 17:55:06 INFO TaskSchedulerImpl: Removed TaskSet 0.0, whose tasks have all completed, from pool
[2020-07-22 17:55:06,915] {logging_mixin.py:112} INFO - [2020-07-22 17:55:06,915] {spark_submit_hook.py:479} INFO - 20/07/22 17:55:06 INFO PythonAccumulatorV2: Connected to AccumulatorServer at host: 127.0.0.1 port: 39541
[2020-07-22 17:55:06,923] {logging_mixin.py:112} INFO - [2020-07-22 17:55:06,922] {spark_submit_hook.py:479} INFO - 20/07/22 17:55:06 INFO DAGScheduler: ResultStage 0 (collect at /home/bhakti/airflow/spark_jobs/spark_test.py:8) finished in 2.187 s
[2020-07-22 17:55:06,933] {logging_mixin.py:112} INFO - [2020-07-22 17:55:06,933] {spark_submit_hook.py:479} INFO - 20/07/22 17:55:06 INFO DAGScheduler: Job 0 is finished. Cancelling potential speculative or zombie tasks for this job
[2020-07-22 17:55:06,934] {logging_mixin.py:112} INFO - [2020-07-22 17:55:06,934] {spark_submit_hook.py:479} INFO - 20/07/22 17:55:06 INFO TaskSchedulerImpl: Killing all running tasks in stage 0: Stage finished
[2020-07-22 17:55:06,938] {logging_mixin.py:112} INFO - [2020-07-22 17:55:06,938] {spark_submit_hook.py:479} INFO - 20/07/22 17:55:06 INFO DAGScheduler: Job 0 finished: collect at /home/bhakti/airflow/spark_jobs/spark_test.py:8, took 2.279493 s
[2020-07-22 17:55:06,954] {logging_mixin.py:112} INFO - [2020-07-22 17:55:06,953] {spark_submit_hook.py:479} INFO - [('PERSON', 'JOINING_YEAR', 'COMPANY'), ('John', '2018', 'Google'), ('Sam', '2017', 'IBM'), ('Jeff', '2014', 'Yahoo'), ('Allen', '2015', 'Facebook')]
[2020-07-22 17:55:07,349] {logging_mixin.py:112} INFO - [2020-07-22 17:55:07,348] {spark_submit_hook.py:479} INFO - 20/07/22 17:55:07 INFO BlockManagerInfo: Removed broadcast_1_piece0 on 192.168.43.94:39455 in memory (size: 4.4 KiB, free: 366.3 MiB)
[2020-07-22 17:55:08,084] {logging_mixin.py:112} INFO - [2020-07-22 17:55:08,084] {spark_submit_hook.py:479} INFO - 20/07/22 17:55:08 INFO SharedState: Setting hive.metastore.warehouse.dir ('null') to the value of spark.sql.warehouse.dir ('file:/home/bhakti/airflow/spark-warehouse').
[2020-07-22 17:55:08,086] {logging_mixin.py:112} INFO - [2020-07-22 17:55:08,085] {spark_submit_hook.py:479} INFO - 20/07/22 17:55:08 INFO SharedState: Warehouse path is 'file:/home/bhakti/airflow/spark-warehouse'.
[2020-07-22 17:55:13,879] {logging_mixin.py:112} INFO - [2020-07-22 17:55:13,878] {spark_submit_hook.py:479} INFO - 20/07/22 17:55:13 INFO CodeGenerator: Code generated in 536.105882 ms
[2020-07-22 17:55:13,982] {logging_mixin.py:112} INFO - [2020-07-22 17:55:13,981] {spark_submit_hook.py:479} INFO - 20/07/22 17:55:13 INFO SparkContext: Starting job: showString at NativeMethodAccessorImpl.java:0
[2020-07-22 17:55:13,987] {logging_mixin.py:112} INFO - [2020-07-22 17:55:13,987] {spark_submit_hook.py:479} INFO - 20/07/22 17:55:13 INFO DAGScheduler: Got job 1 (showString at NativeMethodAccessorImpl.java:0) with 1 output partitions
[2020-07-22 17:55:13,988] {logging_mixin.py:112} INFO - [2020-07-22 17:55:13,988] {spark_submit_hook.py:479} INFO - 20/07/22 17:55:13 INFO DAGScheduler: Final stage: ResultStage 1 (showString at NativeMethodAccessorImpl.java:0)
[2020-07-22 17:55:13,989] {logging_mixin.py:112} INFO - [2020-07-22 17:55:13,989] {spark_submit_hook.py:479} INFO - 20/07/22 17:55:13 INFO DAGScheduler: Parents of final stage: List()
[2020-07-22 17:55:13,991] {logging_mixin.py:112} INFO - [2020-07-22 17:55:13,991] {spark_submit_hook.py:479} INFO - 20/07/22 17:55:13 INFO DAGScheduler: Missing parents: List()
[2020-07-22 17:55:14,008] {logging_mixin.py:112} INFO - [2020-07-22 17:55:14,008] {spark_submit_hook.py:479} INFO - 20/07/22 17:55:14 INFO DAGScheduler: Submitting ResultStage 1 (MapPartitionsRDD[9] at showString at NativeMethodAccessorImpl.java:0), which has no missing parents
[2020-07-22 17:55:14,051] {logging_mixin.py:112} INFO - [2020-07-22 17:55:14,051] {spark_submit_hook.py:479} INFO - 20/07/22 17:55:14 INFO MemoryStore: Block broadcast_2 stored as values in memory (estimated size 11.2 KiB, free 366.0 MiB)
[2020-07-22 17:55:14,070] {logging_mixin.py:112} INFO - [2020-07-22 17:55:14,070] {spark_submit_hook.py:479} INFO - 20/07/22 17:55:14 INFO MemoryStore: Block broadcast_2_piece0 stored as bytes in memory (estimated size 5.8 KiB, free 366.0 MiB)
[2020-07-22 17:55:14,073] {logging_mixin.py:112} INFO - [2020-07-22 17:55:14,072] {spark_submit_hook.py:479} INFO - 20/07/22 17:55:14 INFO BlockManagerInfo: Added broadcast_2_piece0 in memory on 192.168.43.94:39455 (size: 5.8 KiB, free: 366.3 MiB)
[2020-07-22 17:55:14,077] {logging_mixin.py:112} INFO - [2020-07-22 17:55:14,077] {spark_submit_hook.py:479} INFO - 20/07/22 17:55:14 INFO SparkContext: Created broadcast 2 from broadcast at DAGScheduler.scala:1200
[2020-07-22 17:55:14,082] {logging_mixin.py:112} INFO - [2020-07-22 17:55:14,081] {spark_submit_hook.py:479} INFO - 20/07/22 17:55:14 INFO DAGScheduler: Submitting 1 missing tasks from ResultStage 1 (MapPartitionsRDD[9] at showString at NativeMethodAccessorImpl.java:0) (first 15 tasks are for partitions Vector(0))
[2020-07-22 17:55:14,083] {logging_mixin.py:112} INFO - [2020-07-22 17:55:14,082] {spark_submit_hook.py:479} INFO - 20/07/22 17:55:14 INFO TaskSchedulerImpl: Adding task set 1.0 with 1 tasks
[2020-07-22 17:55:14,116] {logging_mixin.py:112} INFO - [2020-07-22 17:55:14,116] {spark_submit_hook.py:479} INFO - 20/07/22 17:55:14 INFO TaskSetManager: Starting task 0.0 in stage 1.0 (TID 1, 192.168.43.94, executor driver, partition 0, PROCESS_LOCAL, 7493 bytes)
[2020-07-22 17:55:14,119] {logging_mixin.py:112} INFO - [2020-07-22 17:55:14,119] {spark_submit_hook.py:479} INFO - 20/07/22 17:55:14 INFO Executor: Running task 0.0 in stage 1.0 (TID 1)
[2020-07-22 17:55:14,244] {logging_mixin.py:112} INFO - [2020-07-22 17:55:14,244] {spark_submit_hook.py:479} INFO - 20/07/22 17:55:14 INFO PythonRunner: Times: total = 2, boot = -7344, init = 7346, finish = 0
[2020-07-22 17:55:14,249] {logging_mixin.py:112} INFO - [2020-07-22 17:55:14,249] {spark_submit_hook.py:479} INFO - 20/07/22 17:55:14 INFO Executor: Finished task 0.0 in stage 1.0 (TID 1). 2192 bytes result sent to driver
[2020-07-22 17:55:14,253] {logging_mixin.py:112} INFO - [2020-07-22 17:55:14,252] {spark_submit_hook.py:479} INFO - 20/07/22 17:55:14 INFO TaskSetManager: Finished task 0.0 in stage 1.0 (TID 1) in 168 ms on 192.168.43.94 (executor driver) (1/1)
[2020-07-22 17:55:14,254] {logging_mixin.py:112} INFO - [2020-07-22 17:55:14,253] {spark_submit_hook.py:479} INFO - 20/07/22 17:55:14 INFO TaskSchedulerImpl: Removed TaskSet 1.0, whose tasks have all completed, from pool
[2020-07-22 17:55:14,263] {logging_mixin.py:112} INFO - [2020-07-22 17:55:14,263] {spark_submit_hook.py:479} INFO - 20/07/22 17:55:14 INFO DAGScheduler: ResultStage 1 (showString at NativeMethodAccessorImpl.java:0) finished in 0.236 s
[2020-07-22 17:55:14,264] {logging_mixin.py:112} INFO - [2020-07-22 17:55:14,263] {spark_submit_hook.py:479} INFO - 20/07/22 17:55:14 INFO DAGScheduler: Job 1 is finished. Cancelling potential speculative or zombie tasks for this job
[2020-07-22 17:55:14,267] {logging_mixin.py:112} INFO - [2020-07-22 17:55:14,267] {spark_submit_hook.py:479} INFO - 20/07/22 17:55:14 INFO TaskSchedulerImpl: Killing all running tasks in stage 1: Stage finished
[2020-07-22 17:55:14,268] {logging_mixin.py:112} INFO - [2020-07-22 17:55:14,268] {spark_submit_hook.py:479} INFO - 20/07/22 17:55:14 INFO DAGScheduler: Job 1 finished: showString at NativeMethodAccessorImpl.java:0, took 0.281892 s
[2020-07-22 17:55:14,341] {logging_mixin.py:112} INFO - [2020-07-22 17:55:14,340] {spark_submit_hook.py:479} INFO - 20/07/22 17:55:14 INFO CodeGenerator: Code generated in 33.586114 ms
[2020-07-22 17:55:14,359] {logging_mixin.py:112} INFO - [2020-07-22 17:55:14,358] {spark_submit_hook.py:479} INFO - +------+------------+--------+
[2020-07-22 17:55:14,359] {logging_mixin.py:112} INFO - [2020-07-22 17:55:14,359] {spark_submit_hook.py:479} INFO - |    _1|          _2|      _3|
[2020-07-22 17:55:14,360] {logging_mixin.py:112} INFO - [2020-07-22 17:55:14,360] {spark_submit_hook.py:479} INFO - +------+------------+--------+
[2020-07-22 17:55:14,360] {logging_mixin.py:112} INFO - [2020-07-22 17:55:14,360] {spark_submit_hook.py:479} INFO - |PERSON|JOINING_YEAR| COMPANY|
[2020-07-22 17:55:14,361] {logging_mixin.py:112} INFO - [2020-07-22 17:55:14,360] {spark_submit_hook.py:479} INFO - |  John|        2018|  Google|
[2020-07-22 17:55:14,361] {logging_mixin.py:112} INFO - [2020-07-22 17:55:14,361] {spark_submit_hook.py:479} INFO - |   Sam|        2017|     IBM|
[2020-07-22 17:55:14,361] {logging_mixin.py:112} INFO - [2020-07-22 17:55:14,361] {spark_submit_hook.py:479} INFO - |  Jeff|        2014|   Yahoo|
[2020-07-22 17:55:14,362] {logging_mixin.py:112} INFO - [2020-07-22 17:55:14,361] {spark_submit_hook.py:479} INFO - | Allen|        2015|Facebook|
[2020-07-22 17:55:14,362] {logging_mixin.py:112} INFO - [2020-07-22 17:55:14,362] {spark_submit_hook.py:479} INFO - +------+------------+--------+
[2020-07-22 17:55:14,362] {logging_mixin.py:112} INFO - [2020-07-22 17:55:14,362] {spark_submit_hook.py:479} INFO - 
[2020-07-22 17:55:14,459] {logging_mixin.py:112} INFO - [2020-07-22 17:55:14,459] {spark_submit_hook.py:479} INFO - 20/07/22 17:55:14 INFO SparkContext: Invoking stop() from shutdown hook
[2020-07-22 17:55:14,472] {logging_mixin.py:112} INFO - [2020-07-22 17:55:14,471] {spark_submit_hook.py:479} INFO - 20/07/22 17:55:14 INFO SparkUI: Stopped Spark web UI at http://192.168.43.94:4046
[2020-07-22 17:55:14,500] {logging_mixin.py:112} INFO - [2020-07-22 17:55:14,500] {spark_submit_hook.py:479} INFO - 20/07/22 17:55:14 INFO MapOutputTrackerMasterEndpoint: MapOutputTrackerMasterEndpoint stopped!
[2020-07-22 17:55:14,526] {logging_mixin.py:112} INFO - [2020-07-22 17:55:14,525] {spark_submit_hook.py:479} INFO - 20/07/22 17:55:14 INFO MemoryStore: MemoryStore cleared
[2020-07-22 17:55:14,527] {logging_mixin.py:112} INFO - [2020-07-22 17:55:14,527] {spark_submit_hook.py:479} INFO - 20/07/22 17:55:14 INFO BlockManager: BlockManager stopped
[2020-07-22 17:55:14,541] {logging_mixin.py:112} INFO - [2020-07-22 17:55:14,541] {spark_submit_hook.py:479} INFO - 20/07/22 17:55:14 INFO BlockManagerMaster: BlockManagerMaster stopped
[2020-07-22 17:55:14,554] {logging_mixin.py:112} INFO - [2020-07-22 17:55:14,554] {spark_submit_hook.py:479} INFO - 20/07/22 17:55:14 INFO OutputCommitCoordinator$OutputCommitCoordinatorEndpoint: OutputCommitCoordinator stopped!
[2020-07-22 17:55:14,579] {logging_mixin.py:112} INFO - [2020-07-22 17:55:14,578] {spark_submit_hook.py:479} INFO - 20/07/22 17:55:14 INFO SparkContext: Successfully stopped SparkContext
[2020-07-22 17:55:14,588] {logging_mixin.py:112} INFO - [2020-07-22 17:55:14,588] {spark_submit_hook.py:479} INFO - 20/07/22 17:55:14 INFO ShutdownHookManager: Shutdown hook called
[2020-07-22 17:55:14,588] {logging_mixin.py:112} INFO - [2020-07-22 17:55:14,588] {spark_submit_hook.py:479} INFO - 20/07/22 17:55:14 INFO ShutdownHookManager: Deleting directory /tmp/spark-7de4ff1b-905c-450e-a256-98034b82c92c
[2020-07-22 17:55:14,613] {logging_mixin.py:112} INFO - [2020-07-22 17:55:14,612] {spark_submit_hook.py:479} INFO - 20/07/22 17:55:14 INFO ShutdownHookManager: Deleting directory /tmp/spark-840aba45-83f6-4c01-8d81-936f11c4d4dd/pyspark-4be68dfc-5c80-4c19-a9a3-fd9114b755e8
[2020-07-22 17:55:14,624] {logging_mixin.py:112} INFO - [2020-07-22 17:55:14,624] {spark_submit_hook.py:479} INFO - 20/07/22 17:55:14 INFO ShutdownHookManager: Deleting directory /tmp/spark-840aba45-83f6-4c01-8d81-936f11c4d4dd
[2020-07-22 17:55:15,006] {taskinstance.py:1052} INFO - Marking task as SUCCESS.dag_id=submit_data, task_id=spark_submit, execution_date=20200720T082200, start_date=20200722T122447, end_date=20200722T122515
[2020-07-22 17:55:18,323] {logging_mixin.py:112} INFO - [2020-07-22 17:55:18,323] {local_task_job.py:103} INFO - Task exited with return code 0
