[2020-07-22 15:35:55,662] {taskinstance.py:669} INFO - Dependencies all met for <TaskInstance: submit_data.spark_submit 2020-07-20T05:05:00+00:00 [queued]>
[2020-07-22 15:35:55,680] {taskinstance.py:669} INFO - Dependencies all met for <TaskInstance: submit_data.spark_submit 2020-07-20T05:05:00+00:00 [queued]>
[2020-07-22 15:35:55,683] {taskinstance.py:879} INFO - 
--------------------------------------------------------------------------------
[2020-07-22 15:35:55,683] {taskinstance.py:880} INFO - Starting attempt 1 of 1
[2020-07-22 15:35:55,683] {taskinstance.py:881} INFO - 
--------------------------------------------------------------------------------
[2020-07-22 15:35:55,917] {taskinstance.py:900} INFO - Executing <Task(SparkSubmitOperator): spark_submit> on 2020-07-20T05:05:00+00:00
[2020-07-22 15:35:55,920] {standard_task_runner.py:53} INFO - Started process 514193 to run task
[2020-07-22 15:35:56,085] {logging_mixin.py:112} INFO - Running %s on host %s <TaskInstance: submit_data.spark_submit 2020-07-20T05:05:00+00:00 [running]> bhakti-Vostro-3558
[2020-07-22 15:35:56,117] {logging_mixin.py:112} INFO - [2020-07-22 15:35:56,116] {base_hook.py:87} INFO - Using connection to: id: spark_local. Host: local, Port: None, Schema: None, Login: None, Password: None, extra: None
[2020-07-22 15:35:56,118] {logging_mixin.py:112} INFO - [2020-07-22 15:35:56,118] {spark_submit_hook.py:325} INFO - Spark-Submit cmd: spark-submit --master local --name airflow-spark /home/bhakti/airflow/spark_jobs/python/spark_test.py
[2020-07-22 15:35:58,891] {logging_mixin.py:112} INFO - [2020-07-22 15:35:58,891] {spark_submit_hook.py:479} INFO - 20/07/22 15:35:58 WARN Utils: Your hostname, bhakti-Vostro-3558 resolves to a loopback address: 127.0.1.1; using 192.168.43.94 instead (on interface wlp6s0)
[2020-07-22 15:35:58,893] {logging_mixin.py:112} INFO - [2020-07-22 15:35:58,893] {spark_submit_hook.py:479} INFO - 20/07/22 15:35:58 WARN Utils: Set SPARK_LOCAL_IP if you need to bind to another address
[2020-07-22 15:36:00,317] {logging_mixin.py:112} INFO - [2020-07-22 15:36:00,316] {spark_submit_hook.py:479} INFO - 20/07/22 15:36:00 WARN NativeCodeLoader: Unable to load native-hadoop library for your platform... using builtin-java classes where applicable
[2020-07-22 15:36:03,743] {logging_mixin.py:112} INFO - [2020-07-22 15:36:03,743] {spark_submit_hook.py:479} INFO - Using Spark's default log4j profile: org/apache/spark/log4j-defaults.properties
[2020-07-22 15:36:03,767] {logging_mixin.py:112} INFO - [2020-07-22 15:36:03,767] {spark_submit_hook.py:479} INFO - 20/07/22 15:36:03 INFO SparkContext: Running Spark version 3.0.0
[2020-07-22 15:36:03,861] {logging_mixin.py:112} INFO - [2020-07-22 15:36:03,861] {spark_submit_hook.py:479} INFO - 20/07/22 15:36:03 INFO ResourceUtils: ==============================================================
[2020-07-22 15:36:03,864] {logging_mixin.py:112} INFO - [2020-07-22 15:36:03,863] {spark_submit_hook.py:479} INFO - 20/07/22 15:36:03 INFO ResourceUtils: Resources for spark.driver:
[2020-07-22 15:36:03,864] {logging_mixin.py:112} INFO - [2020-07-22 15:36:03,864] {spark_submit_hook.py:479} INFO - 
[2020-07-22 15:36:03,864] {logging_mixin.py:112} INFO - [2020-07-22 15:36:03,864] {spark_submit_hook.py:479} INFO - 20/07/22 15:36:03 INFO ResourceUtils: ==============================================================
[2020-07-22 15:36:03,865] {logging_mixin.py:112} INFO - [2020-07-22 15:36:03,865] {spark_submit_hook.py:479} INFO - 20/07/22 15:36:03 INFO SparkContext: Submitted application: Spark_Test_Python
[2020-07-22 15:36:03,965] {logging_mixin.py:112} INFO - [2020-07-22 15:36:03,964] {spark_submit_hook.py:479} INFO - 20/07/22 15:36:03 INFO SecurityManager: Changing view acls to: bhakti
[2020-07-22 15:36:03,965] {logging_mixin.py:112} INFO - [2020-07-22 15:36:03,965] {spark_submit_hook.py:479} INFO - 20/07/22 15:36:03 INFO SecurityManager: Changing modify acls to: bhakti
[2020-07-22 15:36:03,966] {logging_mixin.py:112} INFO - [2020-07-22 15:36:03,965] {spark_submit_hook.py:479} INFO - 20/07/22 15:36:03 INFO SecurityManager: Changing view acls groups to:
[2020-07-22 15:36:03,966] {logging_mixin.py:112} INFO - [2020-07-22 15:36:03,966] {spark_submit_hook.py:479} INFO - 20/07/22 15:36:03 INFO SecurityManager: Changing modify acls groups to:
[2020-07-22 15:36:03,966] {logging_mixin.py:112} INFO - [2020-07-22 15:36:03,966] {spark_submit_hook.py:479} INFO - 20/07/22 15:36:03 INFO SecurityManager: SecurityManager: authentication disabled; ui acls disabled; users  with view permissions: Set(bhakti); groups with view permissions: Set(); users  with modify permissions: Set(bhakti); groups with modify permissions: Set()
[2020-07-22 15:36:04,558] {logging_mixin.py:112} INFO - [2020-07-22 15:36:04,558] {spark_submit_hook.py:479} INFO - 20/07/22 15:36:04 INFO Utils: Successfully started service 'sparkDriver' on port 45973.
[2020-07-22 15:36:04,616] {logging_mixin.py:112} INFO - [2020-07-22 15:36:04,615] {spark_submit_hook.py:479} INFO - 20/07/22 15:36:04 INFO SparkEnv: Registering MapOutputTracker
[2020-07-22 15:36:04,689] {logging_mixin.py:112} INFO - [2020-07-22 15:36:04,689] {spark_submit_hook.py:479} INFO - 20/07/22 15:36:04 INFO SparkEnv: Registering BlockManagerMaster
[2020-07-22 15:36:04,757] {logging_mixin.py:112} INFO - [2020-07-22 15:36:04,756] {spark_submit_hook.py:479} INFO - 20/07/22 15:36:04 INFO BlockManagerMasterEndpoint: Using org.apache.spark.storage.DefaultTopologyMapper for getting topology information
[2020-07-22 15:36:04,759] {logging_mixin.py:112} INFO - [2020-07-22 15:36:04,759] {spark_submit_hook.py:479} INFO - 20/07/22 15:36:04 INFO BlockManagerMasterEndpoint: BlockManagerMasterEndpoint up
[2020-07-22 15:36:04,771] {logging_mixin.py:112} INFO - [2020-07-22 15:36:04,771] {spark_submit_hook.py:479} INFO - 20/07/22 15:36:04 INFO SparkEnv: Registering BlockManagerMasterHeartbeat
[2020-07-22 15:36:04,804] {logging_mixin.py:112} INFO - [2020-07-22 15:36:04,804] {spark_submit_hook.py:479} INFO - 20/07/22 15:36:04 INFO DiskBlockManager: Created local directory at /tmp/blockmgr-1e86c367-c227-44e4-83a7-b8cce8863aa7
[2020-07-22 15:36:04,860] {logging_mixin.py:112} INFO - [2020-07-22 15:36:04,860] {spark_submit_hook.py:479} INFO - 20/07/22 15:36:04 INFO MemoryStore: MemoryStore started with capacity 366.3 MiB
[2020-07-22 15:36:04,900] {logging_mixin.py:112} INFO - [2020-07-22 15:36:04,900] {spark_submit_hook.py:479} INFO - 20/07/22 15:36:04 INFO SparkEnv: Registering OutputCommitCoordinator
[2020-07-22 15:36:05,408] {logging_mixin.py:112} INFO - [2020-07-22 15:36:05,407] {spark_submit_hook.py:479} INFO - 20/07/22 15:36:05 WARN Utils: Service 'SparkUI' could not bind on port 4040. Attempting port 4041.
[2020-07-22 15:36:05,425] {logging_mixin.py:112} INFO - [2020-07-22 15:36:05,424] {spark_submit_hook.py:479} INFO - 20/07/22 15:36:05 INFO Utils: Successfully started service 'SparkUI' on port 4041.
[2020-07-22 15:36:05,526] {logging_mixin.py:112} INFO - [2020-07-22 15:36:05,526] {spark_submit_hook.py:479} INFO - 20/07/22 15:36:05 INFO SparkUI: Bound SparkUI to 0.0.0.0, and started at http://192.168.43.94:4041
[2020-07-22 15:36:06,068] {logging_mixin.py:112} INFO - [2020-07-22 15:36:06,068] {spark_submit_hook.py:479} INFO - 20/07/22 15:36:06 INFO Executor: Starting executor ID driver on host 192.168.43.94
[2020-07-22 15:36:06,123] {logging_mixin.py:112} INFO - [2020-07-22 15:36:06,123] {spark_submit_hook.py:479} INFO - 20/07/22 15:36:06 INFO Utils: Successfully started service 'org.apache.spark.network.netty.NettyBlockTransferService' on port 32977.
[2020-07-22 15:36:06,124] {logging_mixin.py:112} INFO - [2020-07-22 15:36:06,124] {spark_submit_hook.py:479} INFO - 20/07/22 15:36:06 INFO NettyBlockTransferService: Server created on 192.168.43.94:32977
[2020-07-22 15:36:06,127] {logging_mixin.py:112} INFO - [2020-07-22 15:36:06,127] {spark_submit_hook.py:479} INFO - 20/07/22 15:36:06 INFO BlockManager: Using org.apache.spark.storage.RandomBlockReplicationPolicy for block replication policy
[2020-07-22 15:36:06,147] {logging_mixin.py:112} INFO - [2020-07-22 15:36:06,147] {spark_submit_hook.py:479} INFO - 20/07/22 15:36:06 INFO BlockManagerMaster: Registering BlockManager BlockManagerId(driver, 192.168.43.94, 32977, None)
[2020-07-22 15:36:06,156] {logging_mixin.py:112} INFO - [2020-07-22 15:36:06,156] {spark_submit_hook.py:479} INFO - 20/07/22 15:36:06 INFO BlockManagerMasterEndpoint: Registering block manager 192.168.43.94:32977 with 366.3 MiB RAM, BlockManagerId(driver, 192.168.43.94, 32977, None)
[2020-07-22 15:36:06,170] {logging_mixin.py:112} INFO - [2020-07-22 15:36:06,170] {spark_submit_hook.py:479} INFO - 20/07/22 15:36:06 INFO BlockManagerMaster: Registered BlockManager BlockManagerId(driver, 192.168.43.94, 32977, None)
[2020-07-22 15:36:06,173] {logging_mixin.py:112} INFO - [2020-07-22 15:36:06,173] {spark_submit_hook.py:479} INFO - 20/07/22 15:36:06 INFO BlockManager: Initialized BlockManager: BlockManagerId(driver, 192.168.43.94, 32977, None)
[2020-07-22 15:36:07,823] {logging_mixin.py:112} INFO - [2020-07-22 15:36:07,823] {spark_submit_hook.py:479} INFO - 20/07/22 15:36:07 INFO MemoryStore: Block broadcast_0 stored as values in memory (estimated size 241.5 KiB, free 366.1 MiB)
[2020-07-22 15:36:07,960] {logging_mixin.py:112} INFO - [2020-07-22 15:36:07,959] {spark_submit_hook.py:479} INFO - 20/07/22 15:36:07 INFO MemoryStore: Block broadcast_0_piece0 stored as bytes in memory (estimated size 23.4 KiB, free 366.0 MiB)
[2020-07-22 15:36:07,965] {logging_mixin.py:112} INFO - [2020-07-22 15:36:07,964] {spark_submit_hook.py:479} INFO - 20/07/22 15:36:07 INFO BlockManagerInfo: Added broadcast_0_piece0 in memory on 192.168.43.94:32977 (size: 23.4 KiB, free: 366.3 MiB)
[2020-07-22 15:36:07,972] {logging_mixin.py:112} INFO - [2020-07-22 15:36:07,972] {spark_submit_hook.py:479} INFO - 20/07/22 15:36:07 INFO SparkContext: Created broadcast 0 from textFile at NativeMethodAccessorImpl.java:0
[2020-07-22 15:36:08,264] {logging_mixin.py:112} INFO - [2020-07-22 15:36:08,263] {spark_submit_hook.py:479} INFO - 20/07/22 15:36:08 INFO FileInputFormat: Total input paths to process : 1
[2020-07-22 15:36:08,368] {logging_mixin.py:112} INFO - [2020-07-22 15:36:08,367] {spark_submit_hook.py:479} INFO - 20/07/22 15:36:08 INFO SparkContext: Starting job: collect at /home/bhakti/airflow/spark_jobs/python/spark_test.py:5
[2020-07-22 15:36:08,393] {logging_mixin.py:112} INFO - [2020-07-22 15:36:08,393] {spark_submit_hook.py:479} INFO - 20/07/22 15:36:08 INFO DAGScheduler: Got job 0 (collect at /home/bhakti/airflow/spark_jobs/python/spark_test.py:5) with 1 output partitions
[2020-07-22 15:36:08,394] {logging_mixin.py:112} INFO - [2020-07-22 15:36:08,394] {spark_submit_hook.py:479} INFO - 20/07/22 15:36:08 INFO DAGScheduler: Final stage: ResultStage 0 (collect at /home/bhakti/airflow/spark_jobs/python/spark_test.py:5)
[2020-07-22 15:36:08,395] {logging_mixin.py:112} INFO - [2020-07-22 15:36:08,395] {spark_submit_hook.py:479} INFO - 20/07/22 15:36:08 INFO DAGScheduler: Parents of final stage: List()
[2020-07-22 15:36:08,398] {logging_mixin.py:112} INFO - [2020-07-22 15:36:08,398] {spark_submit_hook.py:479} INFO - 20/07/22 15:36:08 INFO DAGScheduler: Missing parents: List()
[2020-07-22 15:36:08,424] {logging_mixin.py:112} INFO - [2020-07-22 15:36:08,423] {spark_submit_hook.py:479} INFO - 20/07/22 15:36:08 INFO DAGScheduler: Submitting ResultStage 0 (PythonRDD[2] at collect at /home/bhakti/airflow/spark_jobs/python/spark_test.py:5), which has no missing parents
[2020-07-22 15:36:08,510] {logging_mixin.py:112} INFO - [2020-07-22 15:36:08,510] {spark_submit_hook.py:479} INFO - 20/07/22 15:36:08 INFO MemoryStore: Block broadcast_1 stored as values in memory (estimated size 7.4 KiB, free 366.0 MiB)
[2020-07-22 15:36:08,520] {logging_mixin.py:112} INFO - [2020-07-22 15:36:08,520] {spark_submit_hook.py:479} INFO - 20/07/22 15:36:08 INFO MemoryStore: Block broadcast_1_piece0 stored as bytes in memory (estimated size 4.4 KiB, free 366.0 MiB)
[2020-07-22 15:36:08,523] {logging_mixin.py:112} INFO - [2020-07-22 15:36:08,523] {spark_submit_hook.py:479} INFO - 20/07/22 15:36:08 INFO BlockManagerInfo: Added broadcast_1_piece0 in memory on 192.168.43.94:32977 (size: 4.4 KiB, free: 366.3 MiB)
[2020-07-22 15:36:08,526] {logging_mixin.py:112} INFO - [2020-07-22 15:36:08,526] {spark_submit_hook.py:479} INFO - 20/07/22 15:36:08 INFO SparkContext: Created broadcast 1 from broadcast at DAGScheduler.scala:1200
[2020-07-22 15:36:08,548] {logging_mixin.py:112} INFO - [2020-07-22 15:36:08,548] {spark_submit_hook.py:479} INFO - 20/07/22 15:36:08 INFO DAGScheduler: Submitting 1 missing tasks from ResultStage 0 (PythonRDD[2] at collect at /home/bhakti/airflow/spark_jobs/python/spark_test.py:5) (first 15 tasks are for partitions Vector(0))
[2020-07-22 15:36:08,551] {logging_mixin.py:112} INFO - [2020-07-22 15:36:08,550] {spark_submit_hook.py:479} INFO - 20/07/22 15:36:08 INFO TaskSchedulerImpl: Adding task set 0.0 with 1 tasks
[2020-07-22 15:36:08,681] {logging_mixin.py:112} INFO - [2020-07-22 15:36:08,680] {spark_submit_hook.py:479} INFO - 20/07/22 15:36:08 INFO TaskSetManager: Starting task 0.0 in stage 0.0 (TID 0, 192.168.43.94, executor driver, partition 0, PROCESS_LOCAL, 7388 bytes)
[2020-07-22 15:36:08,712] {logging_mixin.py:112} INFO - [2020-07-22 15:36:08,711] {spark_submit_hook.py:479} INFO - 20/07/22 15:36:08 INFO Executor: Running task 0.0 in stage 0.0 (TID 0)
[2020-07-22 15:36:09,610] {logging_mixin.py:112} INFO - [2020-07-22 15:36:09,610] {spark_submit_hook.py:479} INFO - 20/07/22 15:36:09 INFO HadoopRDD: Input split: file:/home/bhakti/airflow/input_data/sample.csv:0+93
[2020-07-22 15:36:10,682] {logging_mixin.py:112} INFO - [2020-07-22 15:36:10,682] {spark_submit_hook.py:479} INFO - 20/07/22 15:36:10 INFO PythonRunner: Times: total = 1021, boot = 1000, init = 21, finish = 0
[2020-07-22 15:36:10,727] {logging_mixin.py:112} INFO - [2020-07-22 15:36:10,727] {spark_submit_hook.py:479} INFO - 20/07/22 15:36:10 INFO Executor: Finished task 0.0 in stage 0.0 (TID 0). 1775 bytes result sent to driver
[2020-07-22 15:36:10,741] {logging_mixin.py:112} INFO - [2020-07-22 15:36:10,741] {spark_submit_hook.py:479} INFO - 20/07/22 15:36:10 INFO TaskSetManager: Finished task 0.0 in stage 0.0 (TID 0) in 2094 ms on 192.168.43.94 (executor driver) (1/1)
[2020-07-22 15:36:10,745] {logging_mixin.py:112} INFO - [2020-07-22 15:36:10,745] {spark_submit_hook.py:479} INFO - 20/07/22 15:36:10 INFO TaskSchedulerImpl: Removed TaskSet 0.0, whose tasks have all completed, from pool
[2020-07-22 15:36:10,749] {logging_mixin.py:112} INFO - [2020-07-22 15:36:10,749] {spark_submit_hook.py:479} INFO - 20/07/22 15:36:10 INFO PythonAccumulatorV2: Connected to AccumulatorServer at host: 127.0.0.1 port: 38389
[2020-07-22 15:36:10,758] {logging_mixin.py:112} INFO - [2020-07-22 15:36:10,757] {spark_submit_hook.py:479} INFO - 20/07/22 15:36:10 INFO DAGScheduler: ResultStage 0 (collect at /home/bhakti/airflow/spark_jobs/python/spark_test.py:5) finished in 2.265 s
[2020-07-22 15:36:10,778] {logging_mixin.py:112} INFO - [2020-07-22 15:36:10,777] {spark_submit_hook.py:479} INFO - 20/07/22 15:36:10 INFO DAGScheduler: Job 0 is finished. Cancelling potential speculative or zombie tasks for this job
[2020-07-22 15:36:10,778] {logging_mixin.py:112} INFO - [2020-07-22 15:36:10,778] {spark_submit_hook.py:479} INFO - 20/07/22 15:36:10 INFO TaskSchedulerImpl: Killing all running tasks in stage 0: Stage finished
[2020-07-22 15:36:10,783] {logging_mixin.py:112} INFO - [2020-07-22 15:36:10,783] {spark_submit_hook.py:479} INFO - 20/07/22 15:36:10 INFO DAGScheduler: Job 0 finished: collect at /home/bhakti/airflow/spark_jobs/python/spark_test.py:5, took 2.413814 s
[2020-07-22 15:36:10,837] {logging_mixin.py:112} INFO - [2020-07-22 15:36:10,837] {spark_submit_hook.py:479} INFO - [('PERSON', 'JOINING_YEAR'), ('John', '2018'), ('Sam', '2017'), ('Jeff', '2014'), ('Allen', '2015')]
[2020-07-22 15:36:10,901] {logging_mixin.py:112} INFO - [2020-07-22 15:36:10,901] {spark_submit_hook.py:479} INFO - 20/07/22 15:36:10 INFO SparkContext: Invoking stop() from shutdown hook
[2020-07-22 15:36:10,911] {logging_mixin.py:112} INFO - [2020-07-22 15:36:10,911] {spark_submit_hook.py:479} INFO - 20/07/22 15:36:10 INFO SparkUI: Stopped Spark web UI at http://192.168.43.94:4041
[2020-07-22 15:36:10,961] {logging_mixin.py:112} INFO - [2020-07-22 15:36:10,961] {spark_submit_hook.py:479} INFO - 20/07/22 15:36:10 INFO MapOutputTrackerMasterEndpoint: MapOutputTrackerMasterEndpoint stopped!
[2020-07-22 15:36:10,973] {logging_mixin.py:112} INFO - [2020-07-22 15:36:10,972] {spark_submit_hook.py:479} INFO - 20/07/22 15:36:10 INFO MemoryStore: MemoryStore cleared
[2020-07-22 15:36:10,973] {logging_mixin.py:112} INFO - [2020-07-22 15:36:10,973] {spark_submit_hook.py:479} INFO - 20/07/22 15:36:10 INFO BlockManager: BlockManager stopped
[2020-07-22 15:36:10,986] {logging_mixin.py:112} INFO - [2020-07-22 15:36:10,985] {spark_submit_hook.py:479} INFO - 20/07/22 15:36:10 INFO BlockManagerMaster: BlockManagerMaster stopped
[2020-07-22 15:36:10,990] {logging_mixin.py:112} INFO - [2020-07-22 15:36:10,990] {spark_submit_hook.py:479} INFO - 20/07/22 15:36:10 INFO OutputCommitCoordinator$OutputCommitCoordinatorEndpoint: OutputCommitCoordinator stopped!
[2020-07-22 15:36:10,996] {logging_mixin.py:112} INFO - [2020-07-22 15:36:10,996] {spark_submit_hook.py:479} INFO - 20/07/22 15:36:10 INFO SparkContext: Successfully stopped SparkContext
[2020-07-22 15:36:10,996] {logging_mixin.py:112} INFO - [2020-07-22 15:36:10,996] {spark_submit_hook.py:479} INFO - 20/07/22 15:36:10 INFO ShutdownHookManager: Shutdown hook called
[2020-07-22 15:36:10,998] {logging_mixin.py:112} INFO - [2020-07-22 15:36:10,998] {spark_submit_hook.py:479} INFO - 20/07/22 15:36:10 INFO ShutdownHookManager: Deleting directory /tmp/spark-3aeea9d7-384b-4d33-a806-f31422890e3b
[2020-07-22 15:36:11,001] {logging_mixin.py:112} INFO - [2020-07-22 15:36:11,001] {spark_submit_hook.py:479} INFO - 20/07/22 15:36:11 INFO ShutdownHookManager: Deleting directory /tmp/spark-3aeea9d7-384b-4d33-a806-f31422890e3b/pyspark-4d35b455-8c5e-4df4-8867-8bff81ddcce9
[2020-07-22 15:36:11,004] {logging_mixin.py:112} INFO - [2020-07-22 15:36:11,003] {spark_submit_hook.py:479} INFO - 20/07/22 15:36:11 INFO ShutdownHookManager: Deleting directory /tmp/spark-91002a2f-8b02-4a10-8f40-006a1781326f
[2020-07-22 15:36:11,059] {taskinstance.py:1052} INFO - Marking task as SUCCESS.dag_id=submit_data, task_id=spark_submit, execution_date=20200720T050500, start_date=20200722T100555, end_date=20200722T100611
[2020-07-22 15:36:11,310] {logging_mixin.py:112} INFO - [2020-07-22 15:36:11,310] {local_task_job.py:103} INFO - Task exited with return code 0
