[2020-07-23 14:51:43,638] {taskinstance.py:669} INFO - Dependencies all met for <TaskInstance: submit_data.spark_submit 2020-07-21T00:11:00+00:00 [queued]>
[2020-07-23 14:51:43,652] {taskinstance.py:669} INFO - Dependencies all met for <TaskInstance: submit_data.spark_submit 2020-07-21T00:11:00+00:00 [queued]>
[2020-07-23 14:51:43,652] {taskinstance.py:879} INFO - 
--------------------------------------------------------------------------------
[2020-07-23 14:51:43,652] {taskinstance.py:880} INFO - Starting attempt 1 of 1
[2020-07-23 14:51:43,653] {taskinstance.py:881} INFO - 
--------------------------------------------------------------------------------
[2020-07-23 14:51:43,855] {taskinstance.py:900} INFO - Executing <Task(SparkSubmitOperator): spark_submit> on 2020-07-21T00:11:00+00:00
[2020-07-23 14:51:43,859] {standard_task_runner.py:53} INFO - Started process 221394 to run task
[2020-07-23 14:51:44,143] {logging_mixin.py:112} INFO - Running %s on host %s <TaskInstance: submit_data.spark_submit 2020-07-21T00:11:00+00:00 [running]> bhakti-Vostro-3558
[2020-07-23 14:51:44,201] {logging_mixin.py:112} INFO - [2020-07-23 14:51:44,194] {base_hook.py:87} INFO - Using connection to: id: spark_local. Host: local, Port: None, Schema: None, Login: None, Password: None, extra: None
[2020-07-23 14:51:44,203] {logging_mixin.py:112} INFO - [2020-07-23 14:51:44,203] {spark_submit_hook.py:325} INFO - Spark-Submit cmd: spark-submit --master local --name airflow-spark /home/bhakti/airflow/spark_jobs/spark_test.py
[2020-07-23 14:51:47,437] {logging_mixin.py:112} INFO - [2020-07-23 14:51:47,436] {spark_submit_hook.py:479} INFO - 20/07/23 14:51:47 WARN Utils: Your hostname, bhakti-Vostro-3558 resolves to a loopback address: 127.0.1.1; using 192.168.43.94 instead (on interface wlp6s0)
[2020-07-23 14:51:47,438] {logging_mixin.py:112} INFO - [2020-07-23 14:51:47,438] {spark_submit_hook.py:479} INFO - 20/07/23 14:51:47 WARN Utils: Set SPARK_LOCAL_IP if you need to bind to another address
[2020-07-23 14:51:49,263] {logging_mixin.py:112} INFO - [2020-07-23 14:51:49,262] {spark_submit_hook.py:479} INFO - 20/07/23 14:51:49 WARN NativeCodeLoader: Unable to load native-hadoop library for your platform... using builtin-java classes where applicable
[2020-07-23 14:51:51,955] {logging_mixin.py:112} INFO - [2020-07-23 14:51:51,954] {spark_submit_hook.py:479} INFO - Using Spark's default log4j profile: org/apache/spark/log4j-defaults.properties
[2020-07-23 14:51:52,011] {logging_mixin.py:112} INFO - [2020-07-23 14:51:52,011] {spark_submit_hook.py:479} INFO - 20/07/23 14:51:52 INFO SparkContext: Running Spark version 3.0.0
[2020-07-23 14:51:52,281] {logging_mixin.py:112} INFO - [2020-07-23 14:51:52,281] {spark_submit_hook.py:479} INFO - 20/07/23 14:51:52 INFO ResourceUtils: ==============================================================
[2020-07-23 14:51:52,302] {logging_mixin.py:112} INFO - [2020-07-23 14:51:52,301] {spark_submit_hook.py:479} INFO - 20/07/23 14:51:52 INFO ResourceUtils: Resources for spark.driver:
[2020-07-23 14:51:52,302] {logging_mixin.py:112} INFO - [2020-07-23 14:51:52,302] {spark_submit_hook.py:479} INFO - 
[2020-07-23 14:51:52,310] {logging_mixin.py:112} INFO - [2020-07-23 14:51:52,309] {spark_submit_hook.py:479} INFO - 20/07/23 14:51:52 INFO ResourceUtils: ==============================================================
[2020-07-23 14:51:52,312] {logging_mixin.py:112} INFO - [2020-07-23 14:51:52,311] {spark_submit_hook.py:479} INFO - 20/07/23 14:51:52 INFO SparkContext: Submitted application: Spark_Test_Python
[2020-07-23 14:51:52,597] {logging_mixin.py:112} INFO - [2020-07-23 14:51:52,593] {spark_submit_hook.py:479} INFO - 20/07/23 14:51:52 INFO SecurityManager: Changing view acls to: bhakti
[2020-07-23 14:51:52,615] {logging_mixin.py:112} INFO - [2020-07-23 14:51:52,615] {spark_submit_hook.py:479} INFO - 20/07/23 14:51:52 INFO SecurityManager: Changing modify acls to: bhakti
[2020-07-23 14:51:52,617] {logging_mixin.py:112} INFO - [2020-07-23 14:51:52,617] {spark_submit_hook.py:479} INFO - 20/07/23 14:51:52 INFO SecurityManager: Changing view acls groups to:
[2020-07-23 14:51:52,618] {logging_mixin.py:112} INFO - [2020-07-23 14:51:52,617] {spark_submit_hook.py:479} INFO - 20/07/23 14:51:52 INFO SecurityManager: Changing modify acls groups to:
[2020-07-23 14:51:52,618] {logging_mixin.py:112} INFO - [2020-07-23 14:51:52,618] {spark_submit_hook.py:479} INFO - 20/07/23 14:51:52 INFO SecurityManager: SecurityManager: authentication disabled; ui acls disabled; users  with view permissions: Set(bhakti); groups with view permissions: Set(); users  with modify permissions: Set(bhakti); groups with modify permissions: Set()
[2020-07-23 14:51:53,606] {logging_mixin.py:112} INFO - [2020-07-23 14:51:53,606] {spark_submit_hook.py:479} INFO - 20/07/23 14:51:53 INFO Utils: Successfully started service 'sparkDriver' on port 40625.
[2020-07-23 14:51:53,675] {logging_mixin.py:112} INFO - [2020-07-23 14:51:53,675] {spark_submit_hook.py:479} INFO - 20/07/23 14:51:53 INFO SparkEnv: Registering MapOutputTracker
[2020-07-23 14:51:53,777] {logging_mixin.py:112} INFO - [2020-07-23 14:51:53,777] {spark_submit_hook.py:479} INFO - 20/07/23 14:51:53 INFO SparkEnv: Registering BlockManagerMaster
[2020-07-23 14:51:53,846] {logging_mixin.py:112} INFO - [2020-07-23 14:51:53,846] {spark_submit_hook.py:479} INFO - 20/07/23 14:51:53 INFO BlockManagerMasterEndpoint: Using org.apache.spark.storage.DefaultTopologyMapper for getting topology information
[2020-07-23 14:51:53,848] {logging_mixin.py:112} INFO - [2020-07-23 14:51:53,848] {spark_submit_hook.py:479} INFO - 20/07/23 14:51:53 INFO BlockManagerMasterEndpoint: BlockManagerMasterEndpoint up
[2020-07-23 14:51:53,856] {logging_mixin.py:112} INFO - [2020-07-23 14:51:53,856] {spark_submit_hook.py:479} INFO - 20/07/23 14:51:53 INFO SparkEnv: Registering BlockManagerMasterHeartbeat
[2020-07-23 14:51:53,885] {logging_mixin.py:112} INFO - [2020-07-23 14:51:53,885] {spark_submit_hook.py:479} INFO - 20/07/23 14:51:53 INFO DiskBlockManager: Created local directory at /tmp/blockmgr-6811f6fa-e94b-4d36-984e-ea17762de1e1
[2020-07-23 14:51:53,951] {logging_mixin.py:112} INFO - [2020-07-23 14:51:53,951] {spark_submit_hook.py:479} INFO - 20/07/23 14:51:53 INFO MemoryStore: MemoryStore started with capacity 366.3 MiB
[2020-07-23 14:51:54,008] {logging_mixin.py:112} INFO - [2020-07-23 14:51:54,008] {spark_submit_hook.py:479} INFO - 20/07/23 14:51:54 INFO SparkEnv: Registering OutputCommitCoordinator
[2020-07-23 14:51:54,620] {logging_mixin.py:112} INFO - [2020-07-23 14:51:54,619] {spark_submit_hook.py:479} INFO - 20/07/23 14:51:54 WARN Utils: Service 'SparkUI' could not bind on port 4040. Attempting port 4041.
[2020-07-23 14:51:54,620] {logging_mixin.py:112} INFO - [2020-07-23 14:51:54,620] {spark_submit_hook.py:479} INFO - 20/07/23 14:51:54 WARN Utils: Service 'SparkUI' could not bind on port 4041. Attempting port 4042.
[2020-07-23 14:51:54,621] {logging_mixin.py:112} INFO - [2020-07-23 14:51:54,621] {spark_submit_hook.py:479} INFO - 20/07/23 14:51:54 WARN Utils: Service 'SparkUI' could not bind on port 4042. Attempting port 4043.
[2020-07-23 14:51:54,621] {logging_mixin.py:112} INFO - [2020-07-23 14:51:54,621] {spark_submit_hook.py:479} INFO - 20/07/23 14:51:54 WARN Utils: Service 'SparkUI' could not bind on port 4043. Attempting port 4044.
[2020-07-23 14:51:54,622] {logging_mixin.py:112} INFO - [2020-07-23 14:51:54,622] {spark_submit_hook.py:479} INFO - 20/07/23 14:51:54 WARN Utils: Service 'SparkUI' could not bind on port 4044. Attempting port 4045.
[2020-07-23 14:51:54,637] {logging_mixin.py:112} INFO - [2020-07-23 14:51:54,637] {spark_submit_hook.py:479} INFO - 20/07/23 14:51:54 INFO Utils: Successfully started service 'SparkUI' on port 4045.
[2020-07-23 14:51:54,749] {logging_mixin.py:112} INFO - [2020-07-23 14:51:54,749] {spark_submit_hook.py:479} INFO - 20/07/23 14:51:54 INFO SparkUI: Bound SparkUI to 0.0.0.0, and started at http://192.168.43.94:4045
[2020-07-23 14:51:55,282] {logging_mixin.py:112} INFO - [2020-07-23 14:51:55,282] {spark_submit_hook.py:479} INFO - 20/07/23 14:51:55 INFO Executor: Starting executor ID driver on host 192.168.43.94
[2020-07-23 14:51:55,401] {logging_mixin.py:112} INFO - [2020-07-23 14:51:55,400] {spark_submit_hook.py:479} INFO - 20/07/23 14:51:55 INFO Utils: Successfully started service 'org.apache.spark.network.netty.NettyBlockTransferService' on port 39605.
[2020-07-23 14:51:55,402] {logging_mixin.py:112} INFO - [2020-07-23 14:51:55,402] {spark_submit_hook.py:479} INFO - 20/07/23 14:51:55 INFO NettyBlockTransferService: Server created on 192.168.43.94:39605
[2020-07-23 14:51:55,405] {logging_mixin.py:112} INFO - [2020-07-23 14:51:55,405] {spark_submit_hook.py:479} INFO - 20/07/23 14:51:55 INFO BlockManager: Using org.apache.spark.storage.RandomBlockReplicationPolicy for block replication policy
[2020-07-23 14:51:55,428] {logging_mixin.py:112} INFO - [2020-07-23 14:51:55,427] {spark_submit_hook.py:479} INFO - 20/07/23 14:51:55 INFO BlockManagerMaster: Registering BlockManager BlockManagerId(driver, 192.168.43.94, 39605, None)
[2020-07-23 14:51:55,449] {logging_mixin.py:112} INFO - [2020-07-23 14:51:55,448] {spark_submit_hook.py:479} INFO - 20/07/23 14:51:55 INFO BlockManagerMasterEndpoint: Registering block manager 192.168.43.94:39605 with 366.3 MiB RAM, BlockManagerId(driver, 192.168.43.94, 39605, None)
[2020-07-23 14:51:55,459] {logging_mixin.py:112} INFO - [2020-07-23 14:51:55,459] {spark_submit_hook.py:479} INFO - 20/07/23 14:51:55 INFO BlockManagerMaster: Registered BlockManager BlockManagerId(driver, 192.168.43.94, 39605, None)
[2020-07-23 14:51:55,473] {logging_mixin.py:112} INFO - [2020-07-23 14:51:55,473] {spark_submit_hook.py:479} INFO - 20/07/23 14:51:55 INFO BlockManager: Initialized BlockManager: BlockManagerId(driver, 192.168.43.94, 39605, None)
[2020-07-23 14:51:58,548] {logging_mixin.py:112} INFO - [2020-07-23 14:51:58,548] {spark_submit_hook.py:479} INFO - 20/07/23 14:51:58 INFO MemoryStore: Block broadcast_0 stored as values in memory (estimated size 241.5 KiB, free 366.1 MiB)
[2020-07-23 14:51:58,870] {logging_mixin.py:112} INFO - [2020-07-23 14:51:58,870] {spark_submit_hook.py:479} INFO - 20/07/23 14:51:58 INFO MemoryStore: Block broadcast_0_piece0 stored as bytes in memory (estimated size 23.4 KiB, free 366.0 MiB)
[2020-07-23 14:51:58,878] {logging_mixin.py:112} INFO - [2020-07-23 14:51:58,877] {spark_submit_hook.py:479} INFO - 20/07/23 14:51:58 INFO BlockManagerInfo: Added broadcast_0_piece0 in memory on 192.168.43.94:39605 (size: 23.4 KiB, free: 366.3 MiB)
[2020-07-23 14:51:58,921] {logging_mixin.py:112} INFO - [2020-07-23 14:51:58,921] {spark_submit_hook.py:479} INFO - 20/07/23 14:51:58 INFO SparkContext: Created broadcast 0 from textFile at NativeMethodAccessorImpl.java:0
[2020-07-23 14:51:59,400] {logging_mixin.py:112} INFO - [2020-07-23 14:51:59,400] {spark_submit_hook.py:479} INFO - 20/07/23 14:51:59 INFO FileInputFormat: Total input paths to process : 1
[2020-07-23 14:51:59,556] {logging_mixin.py:112} INFO - [2020-07-23 14:51:59,556] {spark_submit_hook.py:479} INFO - 20/07/23 14:51:59 INFO SparkContext: Starting job: collect at /home/bhakti/airflow/spark_jobs/spark_test.py:8
[2020-07-23 14:51:59,598] {logging_mixin.py:112} INFO - [2020-07-23 14:51:59,598] {spark_submit_hook.py:479} INFO - 20/07/23 14:51:59 INFO DAGScheduler: Got job 0 (collect at /home/bhakti/airflow/spark_jobs/spark_test.py:8) with 1 output partitions
[2020-07-23 14:51:59,599] {logging_mixin.py:112} INFO - [2020-07-23 14:51:59,599] {spark_submit_hook.py:479} INFO - 20/07/23 14:51:59 INFO DAGScheduler: Final stage: ResultStage 0 (collect at /home/bhakti/airflow/spark_jobs/spark_test.py:8)
[2020-07-23 14:51:59,600] {logging_mixin.py:112} INFO - [2020-07-23 14:51:59,600] {spark_submit_hook.py:479} INFO - 20/07/23 14:51:59 INFO DAGScheduler: Parents of final stage: List()
[2020-07-23 14:51:59,604] {logging_mixin.py:112} INFO - [2020-07-23 14:51:59,603] {spark_submit_hook.py:479} INFO - 20/07/23 14:51:59 INFO DAGScheduler: Missing parents: List()
[2020-07-23 14:51:59,623] {logging_mixin.py:112} INFO - [2020-07-23 14:51:59,623] {spark_submit_hook.py:479} INFO - 20/07/23 14:51:59 INFO DAGScheduler: Submitting ResultStage 0 (PythonRDD[2] at collect at /home/bhakti/airflow/spark_jobs/spark_test.py:8), which has no missing parents
[2020-07-23 14:51:59,720] {logging_mixin.py:112} INFO - [2020-07-23 14:51:59,720] {spark_submit_hook.py:479} INFO - 20/07/23 14:51:59 INFO MemoryStore: Block broadcast_1 stored as values in memory (estimated size 7.4 KiB, free 366.0 MiB)
[2020-07-23 14:51:59,738] {logging_mixin.py:112} INFO - [2020-07-23 14:51:59,738] {spark_submit_hook.py:479} INFO - 20/07/23 14:51:59 INFO MemoryStore: Block broadcast_1_piece0 stored as bytes in memory (estimated size 4.4 KiB, free 366.0 MiB)
[2020-07-23 14:51:59,744] {logging_mixin.py:112} INFO - [2020-07-23 14:51:59,744] {spark_submit_hook.py:479} INFO - 20/07/23 14:51:59 INFO BlockManagerInfo: Added broadcast_1_piece0 in memory on 192.168.43.94:39605 (size: 4.4 KiB, free: 366.3 MiB)
[2020-07-23 14:51:59,758] {logging_mixin.py:112} INFO - [2020-07-23 14:51:59,757] {spark_submit_hook.py:479} INFO - 20/07/23 14:51:59 INFO SparkContext: Created broadcast 1 from broadcast at DAGScheduler.scala:1200
[2020-07-23 14:51:59,806] {logging_mixin.py:112} INFO - [2020-07-23 14:51:59,805] {spark_submit_hook.py:479} INFO - 20/07/23 14:51:59 INFO DAGScheduler: Submitting 1 missing tasks from ResultStage 0 (PythonRDD[2] at collect at /home/bhakti/airflow/spark_jobs/spark_test.py:8) (first 15 tasks are for partitions Vector(0))
[2020-07-23 14:51:59,811] {logging_mixin.py:112} INFO - [2020-07-23 14:51:59,810] {spark_submit_hook.py:479} INFO - 20/07/23 14:51:59 INFO TaskSchedulerImpl: Adding task set 0.0 with 1 tasks
[2020-07-23 14:51:59,969] {logging_mixin.py:112} INFO - [2020-07-23 14:51:59,968] {spark_submit_hook.py:479} INFO - 20/07/23 14:51:59 INFO TaskSetManager: Starting task 0.0 in stage 0.0 (TID 0, 192.168.43.94, executor driver, partition 0, PROCESS_LOCAL, 7388 bytes)
[2020-07-23 14:52:00,042] {logging_mixin.py:112} INFO - [2020-07-23 14:52:00,041] {spark_submit_hook.py:479} INFO - 20/07/23 14:52:00 INFO Executor: Running task 0.0 in stage 0.0 (TID 0)
[2020-07-23 14:52:01,268] {logging_mixin.py:112} INFO - [2020-07-23 14:52:01,268] {spark_submit_hook.py:479} INFO - 20/07/23 14:52:01 INFO HadoopRDD: Input split: file:/home/bhakti/airflow/input_data/sample.csv:0+93
[2020-07-23 14:52:02,267] {logging_mixin.py:112} INFO - [2020-07-23 14:52:02,267] {spark_submit_hook.py:479} INFO - 20/07/23 14:52:02 INFO PythonRunner: Times: total = 932, boot = 896, init = 35, finish = 1
[2020-07-23 14:52:02,323] {logging_mixin.py:112} INFO - [2020-07-23 14:52:02,323] {spark_submit_hook.py:479} INFO - 20/07/23 14:52:02 INFO Executor: Finished task 0.0 in stage 0.0 (TID 0). 1822 bytes result sent to driver
[2020-07-23 14:52:02,364] {logging_mixin.py:112} INFO - [2020-07-23 14:52:02,364] {spark_submit_hook.py:479} INFO - 20/07/23 14:52:02 INFO TaskSetManager: Finished task 0.0 in stage 0.0 (TID 0) in 2431 ms on 192.168.43.94 (executor driver) (1/1)
[2020-07-23 14:52:02,379] {logging_mixin.py:112} INFO - [2020-07-23 14:52:02,379] {spark_submit_hook.py:479} INFO - 20/07/23 14:52:02 INFO TaskSchedulerImpl: Removed TaskSet 0.0, whose tasks have all completed, from pool
[2020-07-23 14:52:02,381] {logging_mixin.py:112} INFO - [2020-07-23 14:52:02,380] {spark_submit_hook.py:479} INFO - 20/07/23 14:52:02 INFO PythonAccumulatorV2: Connected to AccumulatorServer at host: 127.0.0.1 port: 55129
[2020-07-23 14:52:02,392] {logging_mixin.py:112} INFO - [2020-07-23 14:52:02,392] {spark_submit_hook.py:479} INFO - 20/07/23 14:52:02 INFO DAGScheduler: ResultStage 0 (collect at /home/bhakti/airflow/spark_jobs/spark_test.py:8) finished in 2.694 s
[2020-07-23 14:52:02,418] {logging_mixin.py:112} INFO - [2020-07-23 14:52:02,418] {spark_submit_hook.py:479} INFO - 20/07/23 14:52:02 INFO DAGScheduler: Job 0 is finished. Cancelling potential speculative or zombie tasks for this job
[2020-07-23 14:52:02,419] {logging_mixin.py:112} INFO - [2020-07-23 14:52:02,419] {spark_submit_hook.py:479} INFO - 20/07/23 14:52:02 INFO TaskSchedulerImpl: Killing all running tasks in stage 0: Stage finished
[2020-07-23 14:52:02,430] {logging_mixin.py:112} INFO - [2020-07-23 14:52:02,429] {spark_submit_hook.py:479} INFO - 20/07/23 14:52:02 INFO DAGScheduler: Job 0 finished: collect at /home/bhakti/airflow/spark_jobs/spark_test.py:8, took 2.864425 s
[2020-07-23 14:52:02,464] {logging_mixin.py:112} INFO - [2020-07-23 14:52:02,464] {spark_submit_hook.py:479} INFO - [('PERSON', 'JOINING_YEAR', 'COMPANY'), ('John', '2018', 'Google'), ('Sam', '2017', 'IBM'), ('Jeff', '2014', 'Yahoo'), ('Allen', '2015', 'Facebook')]
[2020-07-23 14:52:03,491] {logging_mixin.py:112} INFO - [2020-07-23 14:52:03,491] {spark_submit_hook.py:479} INFO - 20/07/23 14:52:03 INFO BlockManagerInfo: Removed broadcast_0_piece0 on 192.168.43.94:39605 in memory (size: 23.4 KiB, free: 366.3 MiB)
[2020-07-23 14:52:03,524] {logging_mixin.py:112} INFO - [2020-07-23 14:52:03,523] {spark_submit_hook.py:479} INFO - 20/07/23 14:52:03 INFO BlockManagerInfo: Removed broadcast_1_piece0 on 192.168.43.94:39605 in memory (size: 4.4 KiB, free: 366.3 MiB)
[2020-07-23 14:52:03,669] {logging_mixin.py:112} INFO - [2020-07-23 14:52:03,669] {spark_submit_hook.py:479} INFO - 20/07/23 14:52:03 INFO SharedState: Setting hive.metastore.warehouse.dir ('null') to the value of spark.sql.warehouse.dir ('file:/home/bhakti/airflow/spark-warehouse').
[2020-07-23 14:52:03,670] {logging_mixin.py:112} INFO - [2020-07-23 14:52:03,670] {spark_submit_hook.py:479} INFO - 20/07/23 14:52:03 INFO SharedState: Warehouse path is 'file:/home/bhakti/airflow/spark-warehouse'.
[2020-07-23 14:52:09,255] {logging_mixin.py:112} INFO - [2020-07-23 14:52:09,254] {spark_submit_hook.py:479} INFO - 20/07/23 14:52:09 INFO CodeGenerator: Code generated in 456.870148 ms
[2020-07-23 14:52:09,366] {logging_mixin.py:112} INFO - [2020-07-23 14:52:09,366] {spark_submit_hook.py:479} INFO - 20/07/23 14:52:09 INFO SparkContext: Starting job: showString at NativeMethodAccessorImpl.java:0
[2020-07-23 14:52:09,369] {logging_mixin.py:112} INFO - [2020-07-23 14:52:09,368] {spark_submit_hook.py:479} INFO - 20/07/23 14:52:09 INFO DAGScheduler: Got job 1 (showString at NativeMethodAccessorImpl.java:0) with 1 output partitions
[2020-07-23 14:52:09,369] {logging_mixin.py:112} INFO - [2020-07-23 14:52:09,369] {spark_submit_hook.py:479} INFO - 20/07/23 14:52:09 INFO DAGScheduler: Final stage: ResultStage 1 (showString at NativeMethodAccessorImpl.java:0)
[2020-07-23 14:52:09,369] {logging_mixin.py:112} INFO - [2020-07-23 14:52:09,369] {spark_submit_hook.py:479} INFO - 20/07/23 14:52:09 INFO DAGScheduler: Parents of final stage: List()
[2020-07-23 14:52:09,370] {logging_mixin.py:112} INFO - [2020-07-23 14:52:09,370] {spark_submit_hook.py:479} INFO - 20/07/23 14:52:09 INFO DAGScheduler: Missing parents: List()
[2020-07-23 14:52:09,372] {logging_mixin.py:112} INFO - [2020-07-23 14:52:09,372] {spark_submit_hook.py:479} INFO - 20/07/23 14:52:09 INFO DAGScheduler: Submitting ResultStage 1 (MapPartitionsRDD[9] at showString at NativeMethodAccessorImpl.java:0), which has no missing parents
[2020-07-23 14:52:09,405] {logging_mixin.py:112} INFO - [2020-07-23 14:52:09,405] {spark_submit_hook.py:479} INFO - 20/07/23 14:52:09 INFO MemoryStore: Block broadcast_2 stored as values in memory (estimated size 11.2 KiB, free 366.3 MiB)
[2020-07-23 14:52:09,411] {logging_mixin.py:112} INFO - [2020-07-23 14:52:09,411] {spark_submit_hook.py:479} INFO - 20/07/23 14:52:09 INFO MemoryStore: Block broadcast_2_piece0 stored as bytes in memory (estimated size 5.8 KiB, free 366.3 MiB)
[2020-07-23 14:52:09,414] {logging_mixin.py:112} INFO - [2020-07-23 14:52:09,414] {spark_submit_hook.py:479} INFO - 20/07/23 14:52:09 INFO BlockManagerInfo: Added broadcast_2_piece0 in memory on 192.168.43.94:39605 (size: 5.8 KiB, free: 366.3 MiB)
[2020-07-23 14:52:09,415] {logging_mixin.py:112} INFO - [2020-07-23 14:52:09,415] {spark_submit_hook.py:479} INFO - 20/07/23 14:52:09 INFO SparkContext: Created broadcast 2 from broadcast at DAGScheduler.scala:1200
[2020-07-23 14:52:09,416] {logging_mixin.py:112} INFO - [2020-07-23 14:52:09,416] {spark_submit_hook.py:479} INFO - 20/07/23 14:52:09 INFO DAGScheduler: Submitting 1 missing tasks from ResultStage 1 (MapPartitionsRDD[9] at showString at NativeMethodAccessorImpl.java:0) (first 15 tasks are for partitions Vector(0))
[2020-07-23 14:52:09,417] {logging_mixin.py:112} INFO - [2020-07-23 14:52:09,417] {spark_submit_hook.py:479} INFO - 20/07/23 14:52:09 INFO TaskSchedulerImpl: Adding task set 1.0 with 1 tasks
[2020-07-23 14:52:09,437] {logging_mixin.py:112} INFO - [2020-07-23 14:52:09,436] {spark_submit_hook.py:479} INFO - 20/07/23 14:52:09 INFO TaskSetManager: Starting task 0.0 in stage 1.0 (TID 1, 192.168.43.94, executor driver, partition 0, PROCESS_LOCAL, 7493 bytes)
[2020-07-23 14:52:09,438] {logging_mixin.py:112} INFO - [2020-07-23 14:52:09,438] {spark_submit_hook.py:479} INFO - 20/07/23 14:52:09 INFO Executor: Running task 0.0 in stage 1.0 (TID 1)
[2020-07-23 14:52:09,563] {logging_mixin.py:112} INFO - [2020-07-23 14:52:09,563] {spark_submit_hook.py:479} INFO - 20/07/23 14:52:09 INFO PythonRunner: Times: total = 3, boot = -7238, init = 7241, finish = 0
[2020-07-23 14:52:09,569] {logging_mixin.py:112} INFO - [2020-07-23 14:52:09,568] {spark_submit_hook.py:479} INFO - 20/07/23 14:52:09 INFO Executor: Finished task 0.0 in stage 1.0 (TID 1). 2192 bytes result sent to driver
[2020-07-23 14:52:09,580] {logging_mixin.py:112} INFO - [2020-07-23 14:52:09,580] {spark_submit_hook.py:479} INFO - 20/07/23 14:52:09 INFO TaskSetManager: Finished task 0.0 in stage 1.0 (TID 1) in 161 ms on 192.168.43.94 (executor driver) (1/1)
[2020-07-23 14:52:09,581] {logging_mixin.py:112} INFO - [2020-07-23 14:52:09,580] {spark_submit_hook.py:479} INFO - 20/07/23 14:52:09 INFO TaskSchedulerImpl: Removed TaskSet 1.0, whose tasks have all completed, from pool
[2020-07-23 14:52:09,584] {logging_mixin.py:112} INFO - [2020-07-23 14:52:09,584] {spark_submit_hook.py:479} INFO - 20/07/23 14:52:09 INFO DAGScheduler: ResultStage 1 (showString at NativeMethodAccessorImpl.java:0) finished in 0.206 s
[2020-07-23 14:52:09,584] {logging_mixin.py:112} INFO - [2020-07-23 14:52:09,584] {spark_submit_hook.py:479} INFO - 20/07/23 14:52:09 INFO DAGScheduler: Job 1 is finished. Cancelling potential speculative or zombie tasks for this job
[2020-07-23 14:52:09,585] {logging_mixin.py:112} INFO - [2020-07-23 14:52:09,584] {spark_submit_hook.py:479} INFO - 20/07/23 14:52:09 INFO TaskSchedulerImpl: Killing all running tasks in stage 1: Stage finished
[2020-07-23 14:52:09,586] {logging_mixin.py:112} INFO - [2020-07-23 14:52:09,585] {spark_submit_hook.py:479} INFO - 20/07/23 14:52:09 INFO DAGScheduler: Job 1 finished: showString at NativeMethodAccessorImpl.java:0, took 0.217766 s
[2020-07-23 14:52:09,687] {logging_mixin.py:112} INFO - [2020-07-23 14:52:09,687] {spark_submit_hook.py:479} INFO - 20/07/23 14:52:09 INFO CodeGenerator: Code generated in 48.743221 ms
[2020-07-23 14:52:09,718] {logging_mixin.py:112} INFO - [2020-07-23 14:52:09,717] {spark_submit_hook.py:479} INFO - +------+------------+--------+
[2020-07-23 14:52:09,718] {logging_mixin.py:112} INFO - [2020-07-23 14:52:09,718] {spark_submit_hook.py:479} INFO - |    _1|          _2|      _3|
[2020-07-23 14:52:09,718] {logging_mixin.py:112} INFO - [2020-07-23 14:52:09,718] {spark_submit_hook.py:479} INFO - +------+------------+--------+
[2020-07-23 14:52:09,719] {logging_mixin.py:112} INFO - [2020-07-23 14:52:09,719] {spark_submit_hook.py:479} INFO - |PERSON|JOINING_YEAR| COMPANY|
[2020-07-23 14:52:09,719] {logging_mixin.py:112} INFO - [2020-07-23 14:52:09,719] {spark_submit_hook.py:479} INFO - |  John|        2018|  Google|
[2020-07-23 14:52:09,719] {logging_mixin.py:112} INFO - [2020-07-23 14:52:09,719] {spark_submit_hook.py:479} INFO - |   Sam|        2017|     IBM|
[2020-07-23 14:52:09,720] {logging_mixin.py:112} INFO - [2020-07-23 14:52:09,719] {spark_submit_hook.py:479} INFO - |  Jeff|        2014|   Yahoo|
[2020-07-23 14:52:09,720] {logging_mixin.py:112} INFO - [2020-07-23 14:52:09,720] {spark_submit_hook.py:479} INFO - | Allen|        2015|Facebook|
[2020-07-23 14:52:09,720] {logging_mixin.py:112} INFO - [2020-07-23 14:52:09,720] {spark_submit_hook.py:479} INFO - +------+------------+--------+
[2020-07-23 14:52:09,720] {logging_mixin.py:112} INFO - [2020-07-23 14:52:09,720] {spark_submit_hook.py:479} INFO - 
[2020-07-23 14:52:09,833] {logging_mixin.py:112} INFO - [2020-07-23 14:52:09,833] {spark_submit_hook.py:479} INFO - 20/07/23 14:52:09 INFO SparkContext: Invoking stop() from shutdown hook
[2020-07-23 14:52:09,847] {logging_mixin.py:112} INFO - [2020-07-23 14:52:09,847] {spark_submit_hook.py:479} INFO - 20/07/23 14:52:09 INFO SparkUI: Stopped Spark web UI at http://192.168.43.94:4045
[2020-07-23 14:52:09,884] {logging_mixin.py:112} INFO - [2020-07-23 14:52:09,884] {spark_submit_hook.py:479} INFO - 20/07/23 14:52:09 INFO MapOutputTrackerMasterEndpoint: MapOutputTrackerMasterEndpoint stopped!
[2020-07-23 14:52:09,903] {logging_mixin.py:112} INFO - [2020-07-23 14:52:09,903] {spark_submit_hook.py:479} INFO - 20/07/23 14:52:09 INFO MemoryStore: MemoryStore cleared
[2020-07-23 14:52:09,904] {logging_mixin.py:112} INFO - [2020-07-23 14:52:09,904] {spark_submit_hook.py:479} INFO - 20/07/23 14:52:09 INFO BlockManager: BlockManager stopped
[2020-07-23 14:52:09,914] {logging_mixin.py:112} INFO - [2020-07-23 14:52:09,914] {spark_submit_hook.py:479} INFO - 20/07/23 14:52:09 INFO BlockManagerMaster: BlockManagerMaster stopped
[2020-07-23 14:52:09,921] {logging_mixin.py:112} INFO - [2020-07-23 14:52:09,921] {spark_submit_hook.py:479} INFO - 20/07/23 14:52:09 INFO OutputCommitCoordinator$OutputCommitCoordinatorEndpoint: OutputCommitCoordinator stopped!
[2020-07-23 14:52:09,931] {logging_mixin.py:112} INFO - [2020-07-23 14:52:09,931] {spark_submit_hook.py:479} INFO - 20/07/23 14:52:09 INFO SparkContext: Successfully stopped SparkContext
[2020-07-23 14:52:09,932] {logging_mixin.py:112} INFO - [2020-07-23 14:52:09,931] {spark_submit_hook.py:479} INFO - 20/07/23 14:52:09 INFO ShutdownHookManager: Shutdown hook called
[2020-07-23 14:52:09,935] {logging_mixin.py:112} INFO - [2020-07-23 14:52:09,935] {spark_submit_hook.py:479} INFO - 20/07/23 14:52:09 INFO ShutdownHookManager: Deleting directory /tmp/spark-9e07372d-0ef4-483b-82cd-0164664d910d/pyspark-e9b30ef8-f431-47f2-bbea-9538087fa0da
[2020-07-23 14:52:09,938] {logging_mixin.py:112} INFO - [2020-07-23 14:52:09,937] {spark_submit_hook.py:479} INFO - 20/07/23 14:52:09 INFO ShutdownHookManager: Deleting directory /tmp/spark-1998bfbd-eefe-43bb-a657-f9e50f8e9dd7
[2020-07-23 14:52:09,944] {logging_mixin.py:112} INFO - [2020-07-23 14:52:09,944] {spark_submit_hook.py:479} INFO - 20/07/23 14:52:09 INFO ShutdownHookManager: Deleting directory /tmp/spark-9e07372d-0ef4-483b-82cd-0164664d910d
[2020-07-23 14:52:10,067] {taskinstance.py:1052} INFO - Marking task as SUCCESS.dag_id=submit_data, task_id=spark_submit, execution_date=20200721T001100, start_date=20200723T092143, end_date=20200723T092210
[2020-07-23 14:52:14,178] {logging_mixin.py:112} INFO - [2020-07-23 14:52:14,178] {local_task_job.py:103} INFO - Task exited with return code 0
