[2020-07-22 13:17:48,538] {taskinstance.py:669} INFO - Dependencies all met for <TaskInstance: submit_data.spark_submit 2020-07-20T00:46:00+00:00 [queued]>
[2020-07-22 13:17:48,554] {taskinstance.py:669} INFO - Dependencies all met for <TaskInstance: submit_data.spark_submit 2020-07-20T00:46:00+00:00 [queued]>
[2020-07-22 13:17:48,554] {taskinstance.py:879} INFO - 
--------------------------------------------------------------------------------
[2020-07-22 13:17:48,554] {taskinstance.py:880} INFO - Starting attempt 1 of 1
[2020-07-22 13:17:48,554] {taskinstance.py:881} INFO - 
--------------------------------------------------------------------------------
[2020-07-22 13:17:48,758] {taskinstance.py:900} INFO - Executing <Task(SparkSubmitOperator): spark_submit> on 2020-07-20T00:46:00+00:00
[2020-07-22 13:17:48,764] {standard_task_runner.py:53} INFO - Started process 328845 to run task
[2020-07-22 13:17:48,967] {logging_mixin.py:112} INFO - Running %s on host %s <TaskInstance: submit_data.spark_submit 2020-07-20T00:46:00+00:00 [running]> bhakti-Vostro-3558
[2020-07-22 13:17:48,993] {logging_mixin.py:112} INFO - [2020-07-22 13:17:48,993] {base_hook.py:87} INFO - Using connection to: id: spark_local. Host: localhost, Port: 4040, Schema: None, Login: None, Password: None, extra: None
[2020-07-22 13:17:48,995] {logging_mixin.py:112} INFO - [2020-07-22 13:17:48,994] {spark_submit_hook.py:325} INFO - Spark-Submit cmd: spark-submit --master localhost:4040 --name airflow-spark /home/bhakti/airflow/spark_jobs/python/spark_test.py
[2020-07-22 13:17:51,554] {logging_mixin.py:112} INFO - [2020-07-22 13:17:51,553] {spark_submit_hook.py:479} INFO - 20/07/22 13:17:51 WARN Utils: Your hostname, bhakti-Vostro-3558 resolves to a loopback address: 127.0.1.1; using 192.168.43.94 instead (on interface wlp6s0)
[2020-07-22 13:17:51,557] {logging_mixin.py:112} INFO - [2020-07-22 13:17:51,557] {spark_submit_hook.py:479} INFO - 20/07/22 13:17:51 WARN Utils: Set SPARK_LOCAL_IP if you need to bind to another address
[2020-07-22 13:17:52,771] {logging_mixin.py:112} INFO - [2020-07-22 13:17:52,770] {spark_submit_hook.py:479} INFO - 20/07/22 13:17:52 WARN NativeCodeLoader: Unable to load native-hadoop library for your platform... using builtin-java classes where applicable
[2020-07-22 13:17:55,013] {logging_mixin.py:112} INFO - [2020-07-22 13:17:55,012] {spark_submit_hook.py:479} INFO - Spark_Test_Python
[2020-07-22 13:17:55,013] {logging_mixin.py:112} INFO - [2020-07-22 13:17:55,013] {spark_submit_hook.py:479} INFO - Number of arguments: 0 arguments.
[2020-07-22 13:17:55,013] {logging_mixin.py:112} INFO - [2020-07-22 13:17:55,013] {spark_submit_hook.py:479} INFO - Argument List: []
[2020-07-22 13:17:55,173] {logging_mixin.py:112} INFO - [2020-07-22 13:17:55,173] {spark_submit_hook.py:479} INFO - Using Spark's default log4j profile: org/apache/spark/log4j-defaults.properties
[2020-07-22 13:17:55,195] {logging_mixin.py:112} INFO - [2020-07-22 13:17:55,194] {spark_submit_hook.py:479} INFO - 20/07/22 13:17:55 INFO SparkContext: Running Spark version 3.0.0
[2020-07-22 13:17:55,289] {logging_mixin.py:112} INFO - [2020-07-22 13:17:55,289] {spark_submit_hook.py:479} INFO - 20/07/22 13:17:55 INFO ResourceUtils: ==============================================================
[2020-07-22 13:17:55,292] {logging_mixin.py:112} INFO - [2020-07-22 13:17:55,292] {spark_submit_hook.py:479} INFO - 20/07/22 13:17:55 INFO ResourceUtils: Resources for spark.driver:
[2020-07-22 13:17:55,292] {logging_mixin.py:112} INFO - [2020-07-22 13:17:55,292] {spark_submit_hook.py:479} INFO - 
[2020-07-22 13:17:55,292] {logging_mixin.py:112} INFO - [2020-07-22 13:17:55,292] {spark_submit_hook.py:479} INFO - 20/07/22 13:17:55 INFO ResourceUtils: ==============================================================
[2020-07-22 13:17:55,294] {logging_mixin.py:112} INFO - [2020-07-22 13:17:55,293] {spark_submit_hook.py:479} INFO - 20/07/22 13:17:55 INFO SparkContext: Submitted application: Spark_Test_Python
[2020-07-22 13:17:55,387] {logging_mixin.py:112} INFO - [2020-07-22 13:17:55,387] {spark_submit_hook.py:479} INFO - 20/07/22 13:17:55 INFO SecurityManager: Changing view acls to: bhakti
[2020-07-22 13:17:55,387] {logging_mixin.py:112} INFO - [2020-07-22 13:17:55,387] {spark_submit_hook.py:479} INFO - 20/07/22 13:17:55 INFO SecurityManager: Changing modify acls to: bhakti
[2020-07-22 13:17:55,388] {logging_mixin.py:112} INFO - [2020-07-22 13:17:55,388] {spark_submit_hook.py:479} INFO - 20/07/22 13:17:55 INFO SecurityManager: Changing view acls groups to:
[2020-07-22 13:17:55,388] {logging_mixin.py:112} INFO - [2020-07-22 13:17:55,388] {spark_submit_hook.py:479} INFO - 20/07/22 13:17:55 INFO SecurityManager: Changing modify acls groups to:
[2020-07-22 13:17:55,388] {logging_mixin.py:112} INFO - [2020-07-22 13:17:55,388] {spark_submit_hook.py:479} INFO - 20/07/22 13:17:55 INFO SecurityManager: SecurityManager: authentication disabled; ui acls disabled; users  with view permissions: Set(bhakti); groups with view permissions: Set(); users  with modify permissions: Set(bhakti); groups with modify permissions: Set()
[2020-07-22 13:17:55,863] {logging_mixin.py:112} INFO - [2020-07-22 13:17:55,863] {spark_submit_hook.py:479} INFO - 20/07/22 13:17:55 INFO Utils: Successfully started service 'sparkDriver' on port 34533.
[2020-07-22 13:17:55,910] {logging_mixin.py:112} INFO - [2020-07-22 13:17:55,910] {spark_submit_hook.py:479} INFO - 20/07/22 13:17:55 INFO SparkEnv: Registering MapOutputTracker
[2020-07-22 13:17:55,961] {logging_mixin.py:112} INFO - [2020-07-22 13:17:55,960] {spark_submit_hook.py:479} INFO - 20/07/22 13:17:55 INFO SparkEnv: Registering BlockManagerMaster
[2020-07-22 13:17:55,996] {logging_mixin.py:112} INFO - [2020-07-22 13:17:55,995] {spark_submit_hook.py:479} INFO - 20/07/22 13:17:55 INFO BlockManagerMasterEndpoint: Using org.apache.spark.storage.DefaultTopologyMapper for getting topology information
[2020-07-22 13:17:55,997] {logging_mixin.py:112} INFO - [2020-07-22 13:17:55,997] {spark_submit_hook.py:479} INFO - 20/07/22 13:17:55 INFO BlockManagerMasterEndpoint: BlockManagerMasterEndpoint up
[2020-07-22 13:17:56,003] {logging_mixin.py:112} INFO - [2020-07-22 13:17:56,003] {spark_submit_hook.py:479} INFO - 20/07/22 13:17:56 INFO SparkEnv: Registering BlockManagerMasterHeartbeat
[2020-07-22 13:17:56,026] {logging_mixin.py:112} INFO - [2020-07-22 13:17:56,025] {spark_submit_hook.py:479} INFO - 20/07/22 13:17:56 INFO DiskBlockManager: Created local directory at /tmp/blockmgr-7b9c9481-69e4-4571-bc2f-b3d0f6a5d289
[2020-07-22 13:17:56,060] {logging_mixin.py:112} INFO - [2020-07-22 13:17:56,060] {spark_submit_hook.py:479} INFO - 20/07/22 13:17:56 INFO MemoryStore: MemoryStore started with capacity 366.3 MiB
[2020-07-22 13:17:56,085] {logging_mixin.py:112} INFO - [2020-07-22 13:17:56,085] {spark_submit_hook.py:479} INFO - 20/07/22 13:17:56 INFO SparkEnv: Registering OutputCommitCoordinator
[2020-07-22 13:17:56,436] {logging_mixin.py:112} INFO - [2020-07-22 13:17:56,436] {spark_submit_hook.py:479} INFO - 20/07/22 13:17:56 WARN Utils: Service 'SparkUI' could not bind on port 4040. Attempting port 4041.
[2020-07-22 13:17:56,436] {logging_mixin.py:112} INFO - [2020-07-22 13:17:56,436] {spark_submit_hook.py:479} INFO - 20/07/22 13:17:56 WARN Utils: Service 'SparkUI' could not bind on port 4041. Attempting port 4042.
[2020-07-22 13:17:56,448] {logging_mixin.py:112} INFO - [2020-07-22 13:17:56,448] {spark_submit_hook.py:479} INFO - 20/07/22 13:17:56 INFO Utils: Successfully started service 'SparkUI' on port 4042.
[2020-07-22 13:17:56,533] {logging_mixin.py:112} INFO - [2020-07-22 13:17:56,532] {spark_submit_hook.py:479} INFO - 20/07/22 13:17:56 INFO SparkUI: Bound SparkUI to 0.0.0.0, and started at http://192.168.43.94:4042
[2020-07-22 13:17:56,680] {logging_mixin.py:112} INFO - [2020-07-22 13:17:56,680] {spark_submit_hook.py:479} INFO - 20/07/22 13:17:56 ERROR SparkContext: Error initializing SparkContext.
[2020-07-22 13:17:56,681] {logging_mixin.py:112} INFO - [2020-07-22 13:17:56,681] {spark_submit_hook.py:479} INFO - org.apache.spark.SparkException: Could not parse Master URL: 'localhost:4040'
[2020-07-22 13:17:56,681] {logging_mixin.py:112} INFO - [2020-07-22 13:17:56,681] {spark_submit_hook.py:479} INFO - at org.apache.spark.SparkContext$.org$apache$spark$SparkContext$$createTaskScheduler(SparkContext.scala:2924)
[2020-07-22 13:17:56,683] {logging_mixin.py:112} INFO - [2020-07-22 13:17:56,682] {spark_submit_hook.py:479} INFO - at org.apache.spark.SparkContext.<init>(SparkContext.scala:528)
[2020-07-22 13:17:56,683] {logging_mixin.py:112} INFO - [2020-07-22 13:17:56,683] {spark_submit_hook.py:479} INFO - at org.apache.spark.api.java.JavaSparkContext.<init>(JavaSparkContext.scala:58)
[2020-07-22 13:17:56,684] {logging_mixin.py:112} INFO - [2020-07-22 13:17:56,683] {spark_submit_hook.py:479} INFO - at sun.reflect.NativeConstructorAccessorImpl.newInstance0(Native Method)
[2020-07-22 13:17:56,684] {logging_mixin.py:112} INFO - [2020-07-22 13:17:56,684] {spark_submit_hook.py:479} INFO - at sun.reflect.NativeConstructorAccessorImpl.newInstance(NativeConstructorAccessorImpl.java:62)
[2020-07-22 13:17:56,684] {logging_mixin.py:112} INFO - [2020-07-22 13:17:56,684] {spark_submit_hook.py:479} INFO - at sun.reflect.DelegatingConstructorAccessorImpl.newInstance(DelegatingConstructorAccessorImpl.java:45)
[2020-07-22 13:17:56,685] {logging_mixin.py:112} INFO - [2020-07-22 13:17:56,685] {spark_submit_hook.py:479} INFO - at java.lang.reflect.Constructor.newInstance(Constructor.java:423)
[2020-07-22 13:17:56,685] {logging_mixin.py:112} INFO - [2020-07-22 13:17:56,685] {spark_submit_hook.py:479} INFO - at py4j.reflection.MethodInvoker.invoke(MethodInvoker.java:247)
[2020-07-22 13:17:56,685] {logging_mixin.py:112} INFO - [2020-07-22 13:17:56,685] {spark_submit_hook.py:479} INFO - at py4j.reflection.ReflectionEngine.invoke(ReflectionEngine.java:357)
[2020-07-22 13:17:56,686] {logging_mixin.py:112} INFO - [2020-07-22 13:17:56,686] {spark_submit_hook.py:479} INFO - at py4j.Gateway.invoke(Gateway.java:238)
[2020-07-22 13:17:56,686] {logging_mixin.py:112} INFO - [2020-07-22 13:17:56,686] {spark_submit_hook.py:479} INFO - at py4j.commands.ConstructorCommand.invokeConstructor(ConstructorCommand.java:80)
[2020-07-22 13:17:56,686] {logging_mixin.py:112} INFO - [2020-07-22 13:17:56,686] {spark_submit_hook.py:479} INFO - at py4j.commands.ConstructorCommand.execute(ConstructorCommand.java:69)
[2020-07-22 13:17:56,687] {logging_mixin.py:112} INFO - [2020-07-22 13:17:56,686] {spark_submit_hook.py:479} INFO - at py4j.GatewayConnection.run(GatewayConnection.java:238)
[2020-07-22 13:17:56,687] {logging_mixin.py:112} INFO - [2020-07-22 13:17:56,687] {spark_submit_hook.py:479} INFO - at java.lang.Thread.run(Thread.java:748)
[2020-07-22 13:17:56,720] {logging_mixin.py:112} INFO - [2020-07-22 13:17:56,719] {spark_submit_hook.py:479} INFO - 20/07/22 13:17:56 INFO SparkUI: Stopped Spark web UI at http://192.168.43.94:4042
[2020-07-22 13:17:56,749] {logging_mixin.py:112} INFO - [2020-07-22 13:17:56,749] {spark_submit_hook.py:479} INFO - 20/07/22 13:17:56 INFO MapOutputTrackerMasterEndpoint: MapOutputTrackerMasterEndpoint stopped!
[2020-07-22 13:17:56,762] {logging_mixin.py:112} INFO - [2020-07-22 13:17:56,761] {spark_submit_hook.py:479} INFO - 20/07/22 13:17:56 INFO MemoryStore: MemoryStore cleared
[2020-07-22 13:17:56,762] {logging_mixin.py:112} INFO - [2020-07-22 13:17:56,762] {spark_submit_hook.py:479} INFO - 20/07/22 13:17:56 INFO BlockManager: BlockManager stopped
[2020-07-22 13:17:56,798] {logging_mixin.py:112} INFO - [2020-07-22 13:17:56,798] {spark_submit_hook.py:479} INFO - 20/07/22 13:17:56 INFO BlockManagerMaster: BlockManagerMaster stopped
[2020-07-22 13:17:56,799] {logging_mixin.py:112} INFO - [2020-07-22 13:17:56,799] {spark_submit_hook.py:479} INFO - 20/07/22 13:17:56 WARN MetricsSystem: Stopping a MetricsSystem that is not running
[2020-07-22 13:17:56,807] {logging_mixin.py:112} INFO - [2020-07-22 13:17:56,806] {spark_submit_hook.py:479} INFO - 20/07/22 13:17:56 INFO OutputCommitCoordinator$OutputCommitCoordinatorEndpoint: OutputCommitCoordinator stopped!
[2020-07-22 13:17:56,815] {logging_mixin.py:112} INFO - [2020-07-22 13:17:56,815] {spark_submit_hook.py:479} INFO - 20/07/22 13:17:56 INFO SparkContext: Successfully stopped SparkContext
[2020-07-22 13:17:56,883] {logging_mixin.py:112} INFO - [2020-07-22 13:17:56,883] {spark_submit_hook.py:479} INFO - Traceback (most recent call last):
[2020-07-22 13:17:56,884] {logging_mixin.py:112} INFO - [2020-07-22 13:17:56,883] {spark_submit_hook.py:479} INFO - File "/home/bhakti/airflow/spark_jobs/python/spark_test.py", line 12, in <module>
[2020-07-22 13:17:56,884] {logging_mixin.py:112} INFO - [2020-07-22 13:17:56,884] {spark_submit_hook.py:479} INFO - sc = SparkContext(conf=conf)
[2020-07-22 13:17:56,884] {logging_mixin.py:112} INFO - [2020-07-22 13:17:56,884] {spark_submit_hook.py:479} INFO - File "/opt/spark/python/lib/pyspark.zip/pyspark/context.py", line 130, in __init__
[2020-07-22 13:17:56,885] {logging_mixin.py:112} INFO - [2020-07-22 13:17:56,885] {spark_submit_hook.py:479} INFO - File "/opt/spark/python/lib/pyspark.zip/pyspark/context.py", line 193, in _do_init
[2020-07-22 13:17:56,885] {logging_mixin.py:112} INFO - [2020-07-22 13:17:56,885] {spark_submit_hook.py:479} INFO - File "/opt/spark/python/lib/pyspark.zip/pyspark/context.py", line 310, in _initialize_context
[2020-07-22 13:17:56,885] {logging_mixin.py:112} INFO - [2020-07-22 13:17:56,885] {spark_submit_hook.py:479} INFO - File "/opt/spark/python/lib/py4j-0.10.9-src.zip/py4j/java_gateway.py", line 1568, in __call__
[2020-07-22 13:17:56,885] {logging_mixin.py:112} INFO - [2020-07-22 13:17:56,885] {spark_submit_hook.py:479} INFO - File "/opt/spark/python/lib/py4j-0.10.9-src.zip/py4j/protocol.py", line 326, in get_return_value
[2020-07-22 13:17:56,886] {logging_mixin.py:112} INFO - [2020-07-22 13:17:56,885] {spark_submit_hook.py:479} INFO - py4j.protocol.Py4JJavaError: An error occurred while calling None.org.apache.spark.api.java.JavaSparkContext.
[2020-07-22 13:17:56,886] {logging_mixin.py:112} INFO - [2020-07-22 13:17:56,886] {spark_submit_hook.py:479} INFO - : org.apache.spark.SparkException: Could not parse Master URL: 'localhost:4040'
[2020-07-22 13:17:56,886] {logging_mixin.py:112} INFO - [2020-07-22 13:17:56,886] {spark_submit_hook.py:479} INFO - at org.apache.spark.SparkContext$.org$apache$spark$SparkContext$$createTaskScheduler(SparkContext.scala:2924)
[2020-07-22 13:17:56,886] {logging_mixin.py:112} INFO - [2020-07-22 13:17:56,886] {spark_submit_hook.py:479} INFO - at org.apache.spark.SparkContext.<init>(SparkContext.scala:528)
[2020-07-22 13:17:56,886] {logging_mixin.py:112} INFO - [2020-07-22 13:17:56,886] {spark_submit_hook.py:479} INFO - at org.apache.spark.api.java.JavaSparkContext.<init>(JavaSparkContext.scala:58)
[2020-07-22 13:17:56,886] {logging_mixin.py:112} INFO - [2020-07-22 13:17:56,886] {spark_submit_hook.py:479} INFO - at sun.reflect.NativeConstructorAccessorImpl.newInstance0(Native Method)
[2020-07-22 13:17:56,886] {logging_mixin.py:112} INFO - [2020-07-22 13:17:56,886] {spark_submit_hook.py:479} INFO - at sun.reflect.NativeConstructorAccessorImpl.newInstance(NativeConstructorAccessorImpl.java:62)
[2020-07-22 13:17:56,886] {logging_mixin.py:112} INFO - [2020-07-22 13:17:56,886] {spark_submit_hook.py:479} INFO - at sun.reflect.DelegatingConstructorAccessorImpl.newInstance(DelegatingConstructorAccessorImpl.java:45)
[2020-07-22 13:17:56,887] {logging_mixin.py:112} INFO - [2020-07-22 13:17:56,887] {spark_submit_hook.py:479} INFO - at java.lang.reflect.Constructor.newInstance(Constructor.java:423)
[2020-07-22 13:17:56,887] {logging_mixin.py:112} INFO - [2020-07-22 13:17:56,887] {spark_submit_hook.py:479} INFO - at py4j.reflection.MethodInvoker.invoke(MethodInvoker.java:247)
[2020-07-22 13:17:56,887] {logging_mixin.py:112} INFO - [2020-07-22 13:17:56,887] {spark_submit_hook.py:479} INFO - at py4j.reflection.ReflectionEngine.invoke(ReflectionEngine.java:357)
[2020-07-22 13:17:56,887] {logging_mixin.py:112} INFO - [2020-07-22 13:17:56,887] {spark_submit_hook.py:479} INFO - at py4j.Gateway.invoke(Gateway.java:238)
[2020-07-22 13:17:56,887] {logging_mixin.py:112} INFO - [2020-07-22 13:17:56,887] {spark_submit_hook.py:479} INFO - at py4j.commands.ConstructorCommand.invokeConstructor(ConstructorCommand.java:80)
[2020-07-22 13:17:56,887] {logging_mixin.py:112} INFO - [2020-07-22 13:17:56,887] {spark_submit_hook.py:479} INFO - at py4j.commands.ConstructorCommand.execute(ConstructorCommand.java:69)
[2020-07-22 13:17:56,887] {logging_mixin.py:112} INFO - [2020-07-22 13:17:56,887] {spark_submit_hook.py:479} INFO - at py4j.GatewayConnection.run(GatewayConnection.java:238)
[2020-07-22 13:17:56,888] {logging_mixin.py:112} INFO - [2020-07-22 13:17:56,888] {spark_submit_hook.py:479} INFO - at java.lang.Thread.run(Thread.java:748)
[2020-07-22 13:17:56,888] {logging_mixin.py:112} INFO - [2020-07-22 13:17:56,888] {spark_submit_hook.py:479} INFO - 
[2020-07-22 13:17:56,984] {logging_mixin.py:112} INFO - [2020-07-22 13:17:56,984] {spark_submit_hook.py:479} INFO - 20/07/22 13:17:56 INFO ShutdownHookManager: Shutdown hook called
[2020-07-22 13:17:56,986] {logging_mixin.py:112} INFO - [2020-07-22 13:17:56,986] {spark_submit_hook.py:479} INFO - 20/07/22 13:17:56 INFO ShutdownHookManager: Deleting directory /tmp/spark-818ccc49-7209-4b1c-959b-135cb6816cc3
[2020-07-22 13:17:56,989] {logging_mixin.py:112} INFO - [2020-07-22 13:17:56,988] {spark_submit_hook.py:479} INFO - 20/07/22 13:17:56 INFO ShutdownHookManager: Deleting directory /tmp/spark-b9da44a4-1023-42d2-ab95-4038476e0678
[2020-07-22 13:17:57,031] {taskinstance.py:1145} ERROR - Cannot execute: spark-submit --master localhost:4040 --name airflow-spark /home/bhakti/airflow/spark_jobs/python/spark_test.py. Error code is: 1.
Traceback (most recent call last):
  File "/usr/local/lib/python3.8/dist-packages/airflow/models/taskinstance.py", line 983, in _run_raw_task
    result = task_copy.execute(context=context)
  File "/usr/local/lib/python3.8/dist-packages/airflow/contrib/operators/spark_submit_operator.py", line 187, in execute
    self._hook.submit(self._application)
  File "/usr/local/lib/python3.8/dist-packages/airflow/contrib/hooks/spark_submit_hook.py", line 403, in submit
    raise AirflowException(
airflow.exceptions.AirflowException: Cannot execute: spark-submit --master localhost:4040 --name airflow-spark /home/bhakti/airflow/spark_jobs/python/spark_test.py. Error code is: 1.
[2020-07-22 13:17:57,034] {taskinstance.py:1189} INFO - Marking task as FAILED.dag_id=submit_data, task_id=spark_submit, execution_date=20200720T004600, start_date=20200722T074748, end_date=20200722T074757
[2020-07-22 13:17:58,411] {logging_mixin.py:112} INFO - [2020-07-22 13:17:58,411] {local_task_job.py:103} INFO - Task exited with return code 1
