[2020-07-23 15:43:16,293] {taskinstance.py:669} INFO - Dependencies all met for <TaskInstance: submit_data.spark_submit 2020-07-21T01:24:00+00:00 [queued]>
[2020-07-23 15:43:16,302] {taskinstance.py:669} INFO - Dependencies all met for <TaskInstance: submit_data.spark_submit 2020-07-21T01:24:00+00:00 [queued]>
[2020-07-23 15:43:16,302] {taskinstance.py:879} INFO - 
--------------------------------------------------------------------------------
[2020-07-23 15:43:16,302] {taskinstance.py:880} INFO - Starting attempt 1 of 1
[2020-07-23 15:43:16,302] {taskinstance.py:881} INFO - 
--------------------------------------------------------------------------------
[2020-07-23 15:43:16,546] {taskinstance.py:900} INFO - Executing <Task(SparkSubmitOperator): spark_submit> on 2020-07-21T01:24:00+00:00
[2020-07-23 15:43:16,551] {standard_task_runner.py:53} INFO - Started process 289296 to run task
[2020-07-23 15:43:16,787] {logging_mixin.py:112} INFO - Running %s on host %s <TaskInstance: submit_data.spark_submit 2020-07-21T01:24:00+00:00 [running]> bhakti-Vostro-3558
[2020-07-23 15:43:16,812] {logging_mixin.py:112} INFO - [2020-07-23 15:43:16,812] {base_hook.py:87} INFO - Using connection to: id: spark_local. Host: local, Port: None, Schema: None, Login: None, Password: None, extra: None
[2020-07-23 15:43:16,813] {logging_mixin.py:112} INFO - [2020-07-23 15:43:16,813] {spark_submit_hook.py:325} INFO - Spark-Submit cmd: spark-submit --master local --name airflow-spark /home/bhakti/airflow/spark_jobs/spark_test.py
[2020-07-23 15:43:18,948] {logging_mixin.py:112} INFO - [2020-07-23 15:43:18,947] {spark_submit_hook.py:479} INFO - 20/07/23 15:43:18 WARN Utils: Your hostname, bhakti-Vostro-3558 resolves to a loopback address: 127.0.1.1; using 192.168.43.94 instead (on interface wlp6s0)
[2020-07-23 15:43:18,948] {logging_mixin.py:112} INFO - [2020-07-23 15:43:18,948] {spark_submit_hook.py:479} INFO - 20/07/23 15:43:18 WARN Utils: Set SPARK_LOCAL_IP if you need to bind to another address
[2020-07-23 15:43:20,213] {logging_mixin.py:112} INFO - [2020-07-23 15:43:20,213] {spark_submit_hook.py:479} INFO - 20/07/23 15:43:20 WARN NativeCodeLoader: Unable to load native-hadoop library for your platform... using builtin-java classes where applicable
[2020-07-23 15:43:21,515] {logging_mixin.py:112} INFO - [2020-07-23 15:43:21,515] {spark_submit_hook.py:479} INFO - Using Spark's default log4j profile: org/apache/spark/log4j-defaults.properties
[2020-07-23 15:43:21,529] {logging_mixin.py:112} INFO - [2020-07-23 15:43:21,528] {spark_submit_hook.py:479} INFO - 20/07/23 15:43:21 INFO SparkContext: Running Spark version 3.0.0
[2020-07-23 15:43:21,598] {logging_mixin.py:112} INFO - [2020-07-23 15:43:21,598] {spark_submit_hook.py:479} INFO - 20/07/23 15:43:21 INFO ResourceUtils: ==============================================================
[2020-07-23 15:43:21,600] {logging_mixin.py:112} INFO - [2020-07-23 15:43:21,600] {spark_submit_hook.py:479} INFO - 20/07/23 15:43:21 INFO ResourceUtils: Resources for spark.driver:
[2020-07-23 15:43:21,601] {logging_mixin.py:112} INFO - [2020-07-23 15:43:21,600] {spark_submit_hook.py:479} INFO - 
[2020-07-23 15:43:21,601] {logging_mixin.py:112} INFO - [2020-07-23 15:43:21,601] {spark_submit_hook.py:479} INFO - 20/07/23 15:43:21 INFO ResourceUtils: ==============================================================
[2020-07-23 15:43:21,602] {logging_mixin.py:112} INFO - [2020-07-23 15:43:21,602] {spark_submit_hook.py:479} INFO - 20/07/23 15:43:21 INFO SparkContext: Submitted application: Spark_Test_Python
[2020-07-23 15:43:21,697] {logging_mixin.py:112} INFO - [2020-07-23 15:43:21,697] {spark_submit_hook.py:479} INFO - 20/07/23 15:43:21 INFO SecurityManager: Changing view acls to: bhakti
[2020-07-23 15:43:21,698] {logging_mixin.py:112} INFO - [2020-07-23 15:43:21,697] {spark_submit_hook.py:479} INFO - 20/07/23 15:43:21 INFO SecurityManager: Changing modify acls to: bhakti
[2020-07-23 15:43:21,698] {logging_mixin.py:112} INFO - [2020-07-23 15:43:21,698] {spark_submit_hook.py:479} INFO - 20/07/23 15:43:21 INFO SecurityManager: Changing view acls groups to:
[2020-07-23 15:43:21,698] {logging_mixin.py:112} INFO - [2020-07-23 15:43:21,698] {spark_submit_hook.py:479} INFO - 20/07/23 15:43:21 INFO SecurityManager: Changing modify acls groups to:
[2020-07-23 15:43:21,699] {logging_mixin.py:112} INFO - [2020-07-23 15:43:21,699] {spark_submit_hook.py:479} INFO - 20/07/23 15:43:21 INFO SecurityManager: SecurityManager: authentication disabled; ui acls disabled; users  with view permissions: Set(bhakti); groups with view permissions: Set(); users  with modify permissions: Set(bhakti); groups with modify permissions: Set()
[2020-07-23 15:43:22,373] {logging_mixin.py:112} INFO - [2020-07-23 15:43:22,373] {spark_submit_hook.py:479} INFO - 20/07/23 15:43:22 INFO Utils: Successfully started service 'sparkDriver' on port 37235.
[2020-07-23 15:43:22,501] {logging_mixin.py:112} INFO - [2020-07-23 15:43:22,501] {spark_submit_hook.py:479} INFO - 20/07/23 15:43:22 INFO SparkEnv: Registering MapOutputTracker
[2020-07-23 15:43:22,619] {logging_mixin.py:112} INFO - [2020-07-23 15:43:22,619] {spark_submit_hook.py:479} INFO - 20/07/23 15:43:22 INFO SparkEnv: Registering BlockManagerMaster
[2020-07-23 15:43:22,681] {logging_mixin.py:112} INFO - [2020-07-23 15:43:22,681] {spark_submit_hook.py:479} INFO - 20/07/23 15:43:22 INFO BlockManagerMasterEndpoint: Using org.apache.spark.storage.DefaultTopologyMapper for getting topology information
[2020-07-23 15:43:22,686] {logging_mixin.py:112} INFO - [2020-07-23 15:43:22,685] {spark_submit_hook.py:479} INFO - 20/07/23 15:43:22 INFO BlockManagerMasterEndpoint: BlockManagerMasterEndpoint up
[2020-07-23 15:43:22,701] {logging_mixin.py:112} INFO - [2020-07-23 15:43:22,700] {spark_submit_hook.py:479} INFO - 20/07/23 15:43:22 INFO SparkEnv: Registering BlockManagerMasterHeartbeat
[2020-07-23 15:43:22,752] {logging_mixin.py:112} INFO - [2020-07-23 15:43:22,751] {spark_submit_hook.py:479} INFO - 20/07/23 15:43:22 INFO DiskBlockManager: Created local directory at /tmp/blockmgr-1582cbaa-a666-42d2-85e9-7e65d20c3770
[2020-07-23 15:43:22,829] {logging_mixin.py:112} INFO - [2020-07-23 15:43:22,829] {spark_submit_hook.py:479} INFO - 20/07/23 15:43:22 INFO MemoryStore: MemoryStore started with capacity 366.3 MiB
[2020-07-23 15:43:22,883] {logging_mixin.py:112} INFO - [2020-07-23 15:43:22,883] {spark_submit_hook.py:479} INFO - 20/07/23 15:43:22 INFO SparkEnv: Registering OutputCommitCoordinator
[2020-07-23 15:43:23,597] {logging_mixin.py:112} INFO - [2020-07-23 15:43:23,596] {spark_submit_hook.py:479} INFO - 20/07/23 15:43:23 WARN Utils: Service 'SparkUI' could not bind on port 4040. Attempting port 4041.
[2020-07-23 15:43:23,623] {logging_mixin.py:112} INFO - [2020-07-23 15:43:23,623] {spark_submit_hook.py:479} INFO - 20/07/23 15:43:23 INFO Utils: Successfully started service 'SparkUI' on port 4041.
[2020-07-23 15:43:23,773] {logging_mixin.py:112} INFO - [2020-07-23 15:43:23,773] {spark_submit_hook.py:479} INFO - 20/07/23 15:43:23 INFO SparkUI: Bound SparkUI to 0.0.0.0, and started at http://192.168.43.94:4041
[2020-07-23 15:43:24,655] {logging_mixin.py:112} INFO - [2020-07-23 15:43:24,654] {spark_submit_hook.py:479} INFO - 20/07/23 15:43:24 INFO Executor: Starting executor ID driver on host 192.168.43.94
[2020-07-23 15:43:24,752] {logging_mixin.py:112} INFO - [2020-07-23 15:43:24,752] {spark_submit_hook.py:479} INFO - 20/07/23 15:43:24 INFO Utils: Successfully started service 'org.apache.spark.network.netty.NettyBlockTransferService' on port 37439.
[2020-07-23 15:43:24,753] {logging_mixin.py:112} INFO - [2020-07-23 15:43:24,753] {spark_submit_hook.py:479} INFO - 20/07/23 15:43:24 INFO NettyBlockTransferService: Server created on 192.168.43.94:37439
[2020-07-23 15:43:24,757] {logging_mixin.py:112} INFO - [2020-07-23 15:43:24,756] {spark_submit_hook.py:479} INFO - 20/07/23 15:43:24 INFO BlockManager: Using org.apache.spark.storage.RandomBlockReplicationPolicy for block replication policy
[2020-07-23 15:43:24,791] {logging_mixin.py:112} INFO - [2020-07-23 15:43:24,791] {spark_submit_hook.py:479} INFO - 20/07/23 15:43:24 INFO BlockManagerMaster: Registering BlockManager BlockManagerId(driver, 192.168.43.94, 37439, None)
[2020-07-23 15:43:24,803] {logging_mixin.py:112} INFO - [2020-07-23 15:43:24,803] {spark_submit_hook.py:479} INFO - 20/07/23 15:43:24 INFO BlockManagerMasterEndpoint: Registering block manager 192.168.43.94:37439 with 366.3 MiB RAM, BlockManagerId(driver, 192.168.43.94, 37439, None)
[2020-07-23 15:43:24,821] {logging_mixin.py:112} INFO - [2020-07-23 15:43:24,821] {spark_submit_hook.py:479} INFO - 20/07/23 15:43:24 INFO BlockManagerMaster: Registered BlockManager BlockManagerId(driver, 192.168.43.94, 37439, None)
[2020-07-23 15:43:24,825] {logging_mixin.py:112} INFO - [2020-07-23 15:43:24,825] {spark_submit_hook.py:479} INFO - 20/07/23 15:43:24 INFO BlockManager: Initialized BlockManager: BlockManagerId(driver, 192.168.43.94, 37439, None)
[2020-07-23 15:43:27,278] {logging_mixin.py:112} INFO - [2020-07-23 15:43:27,278] {spark_submit_hook.py:479} INFO - 20/07/23 15:43:27 INFO MemoryStore: Block broadcast_0 stored as values in memory (estimated size 241.5 KiB, free 366.1 MiB)
[2020-07-23 15:43:27,709] {logging_mixin.py:112} INFO - [2020-07-23 15:43:27,709] {spark_submit_hook.py:479} INFO - 20/07/23 15:43:27 INFO MemoryStore: Block broadcast_0_piece0 stored as bytes in memory (estimated size 23.4 KiB, free 366.0 MiB)
[2020-07-23 15:43:27,716] {logging_mixin.py:112} INFO - [2020-07-23 15:43:27,715] {spark_submit_hook.py:479} INFO - 20/07/23 15:43:27 INFO BlockManagerInfo: Added broadcast_0_piece0 in memory on 192.168.43.94:37439 (size: 23.4 KiB, free: 366.3 MiB)
[2020-07-23 15:43:27,750] {logging_mixin.py:112} INFO - [2020-07-23 15:43:27,750] {spark_submit_hook.py:479} INFO - 20/07/23 15:43:27 INFO SparkContext: Created broadcast 0 from textFile at NativeMethodAccessorImpl.java:0
[2020-07-23 15:43:28,281] {logging_mixin.py:112} INFO - [2020-07-23 15:43:28,281] {spark_submit_hook.py:479} INFO - 20/07/23 15:43:28 INFO FileInputFormat: Total input paths to process : 1
[2020-07-23 15:43:28,452] {logging_mixin.py:112} INFO - [2020-07-23 15:43:28,452] {spark_submit_hook.py:479} INFO - 20/07/23 15:43:28 INFO SparkContext: Starting job: collect at /home/bhakti/airflow/spark_jobs/spark_test.py:8
[2020-07-23 15:43:28,504] {logging_mixin.py:112} INFO - [2020-07-23 15:43:28,504] {spark_submit_hook.py:479} INFO - 20/07/23 15:43:28 INFO DAGScheduler: Got job 0 (collect at /home/bhakti/airflow/spark_jobs/spark_test.py:8) with 1 output partitions
[2020-07-23 15:43:28,505] {logging_mixin.py:112} INFO - [2020-07-23 15:43:28,505] {spark_submit_hook.py:479} INFO - 20/07/23 15:43:28 INFO DAGScheduler: Final stage: ResultStage 0 (collect at /home/bhakti/airflow/spark_jobs/spark_test.py:8)
[2020-07-23 15:43:28,507] {logging_mixin.py:112} INFO - [2020-07-23 15:43:28,507] {spark_submit_hook.py:479} INFO - 20/07/23 15:43:28 INFO DAGScheduler: Parents of final stage: List()
[2020-07-23 15:43:28,511] {logging_mixin.py:112} INFO - [2020-07-23 15:43:28,511] {spark_submit_hook.py:479} INFO - 20/07/23 15:43:28 INFO DAGScheduler: Missing parents: List()
[2020-07-23 15:43:28,540] {logging_mixin.py:112} INFO - [2020-07-23 15:43:28,540] {spark_submit_hook.py:479} INFO - 20/07/23 15:43:28 INFO DAGScheduler: Submitting ResultStage 0 (PythonRDD[2] at collect at /home/bhakti/airflow/spark_jobs/spark_test.py:8), which has no missing parents
[2020-07-23 15:43:28,662] {logging_mixin.py:112} INFO - [2020-07-23 15:43:28,662] {spark_submit_hook.py:479} INFO - 20/07/23 15:43:28 INFO MemoryStore: Block broadcast_1 stored as values in memory (estimated size 7.4 KiB, free 366.0 MiB)
[2020-07-23 15:43:28,667] {logging_mixin.py:112} INFO - [2020-07-23 15:43:28,667] {spark_submit_hook.py:479} INFO - 20/07/23 15:43:28 INFO MemoryStore: Block broadcast_1_piece0 stored as bytes in memory (estimated size 4.4 KiB, free 366.0 MiB)
[2020-07-23 15:43:28,670] {logging_mixin.py:112} INFO - [2020-07-23 15:43:28,670] {spark_submit_hook.py:479} INFO - 20/07/23 15:43:28 INFO BlockManagerInfo: Added broadcast_1_piece0 in memory on 192.168.43.94:37439 (size: 4.4 KiB, free: 366.3 MiB)
[2020-07-23 15:43:28,678] {logging_mixin.py:112} INFO - [2020-07-23 15:43:28,678] {spark_submit_hook.py:479} INFO - 20/07/23 15:43:28 INFO SparkContext: Created broadcast 1 from broadcast at DAGScheduler.scala:1200
[2020-07-23 15:43:28,711] {logging_mixin.py:112} INFO - [2020-07-23 15:43:28,711] {spark_submit_hook.py:479} INFO - 20/07/23 15:43:28 INFO DAGScheduler: Submitting 1 missing tasks from ResultStage 0 (PythonRDD[2] at collect at /home/bhakti/airflow/spark_jobs/spark_test.py:8) (first 15 tasks are for partitions Vector(0))
[2020-07-23 15:43:28,715] {logging_mixin.py:112} INFO - [2020-07-23 15:43:28,715] {spark_submit_hook.py:479} INFO - 20/07/23 15:43:28 INFO TaskSchedulerImpl: Adding task set 0.0 with 1 tasks
[2020-07-23 15:43:28,882] {logging_mixin.py:112} INFO - [2020-07-23 15:43:28,882] {spark_submit_hook.py:479} INFO - 20/07/23 15:43:28 INFO TaskSetManager: Starting task 0.0 in stage 0.0 (TID 0, 192.168.43.94, executor driver, partition 0, PROCESS_LOCAL, 7388 bytes)
[2020-07-23 15:43:28,944] {logging_mixin.py:112} INFO - [2020-07-23 15:43:28,943] {spark_submit_hook.py:479} INFO - 20/07/23 15:43:28 INFO Executor: Running task 0.0 in stage 0.0 (TID 0)
[2020-07-23 15:43:30,486] {logging_mixin.py:112} INFO - [2020-07-23 15:43:30,486] {spark_submit_hook.py:479} INFO - 20/07/23 15:43:30 INFO HadoopRDD: Input split: file:/home/bhakti/airflow/input_data/sample.csv:0+93
[2020-07-23 15:43:31,950] {logging_mixin.py:112} INFO - [2020-07-23 15:43:31,950] {spark_submit_hook.py:479} INFO - 20/07/23 15:43:31 INFO PythonRunner: Times: total = 1410, boot = 1377, init = 33, finish = 0
[2020-07-23 15:43:32,020] {logging_mixin.py:112} INFO - [2020-07-23 15:43:32,020] {spark_submit_hook.py:479} INFO - 20/07/23 15:43:32 INFO Executor: Finished task 0.0 in stage 0.0 (TID 0). 1779 bytes result sent to driver
[2020-07-23 15:43:32,060] {logging_mixin.py:112} INFO - [2020-07-23 15:43:32,060] {spark_submit_hook.py:479} INFO - 20/07/23 15:43:32 INFO TaskSetManager: Finished task 0.0 in stage 0.0 (TID 0) in 3232 ms on 192.168.43.94 (executor driver) (1/1)
[2020-07-23 15:43:32,066] {logging_mixin.py:112} INFO - [2020-07-23 15:43:32,066] {spark_submit_hook.py:479} INFO - 20/07/23 15:43:32 INFO TaskSchedulerImpl: Removed TaskSet 0.0, whose tasks have all completed, from pool
[2020-07-23 15:43:32,071] {logging_mixin.py:112} INFO - [2020-07-23 15:43:32,071] {spark_submit_hook.py:479} INFO - 20/07/23 15:43:32 INFO PythonAccumulatorV2: Connected to AccumulatorServer at host: 127.0.0.1 port: 47477
[2020-07-23 15:43:32,081] {logging_mixin.py:112} INFO - [2020-07-23 15:43:32,080] {spark_submit_hook.py:479} INFO - 20/07/23 15:43:32 INFO DAGScheduler: ResultStage 0 (collect at /home/bhakti/airflow/spark_jobs/spark_test.py:8) finished in 3.441 s
[2020-07-23 15:43:32,107] {logging_mixin.py:112} INFO - [2020-07-23 15:43:32,106] {spark_submit_hook.py:479} INFO - 20/07/23 15:43:32 INFO DAGScheduler: Job 0 is finished. Cancelling potential speculative or zombie tasks for this job
[2020-07-23 15:43:32,108] {logging_mixin.py:112} INFO - [2020-07-23 15:43:32,108] {spark_submit_hook.py:479} INFO - 20/07/23 15:43:32 INFO TaskSchedulerImpl: Killing all running tasks in stage 0: Stage finished
[2020-07-23 15:43:32,113] {logging_mixin.py:112} INFO - [2020-07-23 15:43:32,113] {spark_submit_hook.py:479} INFO - 20/07/23 15:43:32 INFO DAGScheduler: Job 0 finished: collect at /home/bhakti/airflow/spark_jobs/spark_test.py:8, took 3.659874 s
[2020-07-23 15:43:32,153] {logging_mixin.py:112} INFO - [2020-07-23 15:43:32,153] {spark_submit_hook.py:479} INFO - [('PERSON', 'JOINING_YEAR', 'COMPANY'), ('John', '2018', 'Google'), ('Sam', '2017', 'IBM'), ('Jeff', '2014', 'Yahoo'), ('Allen', '2015', 'Facebook')]
[2020-07-23 15:43:33,412] {logging_mixin.py:112} INFO - [2020-07-23 15:43:33,412] {spark_submit_hook.py:479} INFO - 20/07/23 15:43:33 INFO BlockManagerInfo: Removed broadcast_1_piece0 on 192.168.43.94:37439 in memory (size: 4.4 KiB, free: 366.3 MiB)
[2020-07-23 15:43:33,484] {logging_mixin.py:112} INFO - [2020-07-23 15:43:33,483] {spark_submit_hook.py:479} INFO - 20/07/23 15:43:33 INFO BlockManagerInfo: Removed broadcast_0_piece0 on 192.168.43.94:37439 in memory (size: 23.4 KiB, free: 366.3 MiB)
[2020-07-23 15:43:33,702] {logging_mixin.py:112} INFO - [2020-07-23 15:43:33,702] {spark_submit_hook.py:479} INFO - 20/07/23 15:43:33 INFO SharedState: Setting hive.metastore.warehouse.dir ('null') to the value of spark.sql.warehouse.dir ('file:/home/bhakti/airflow/spark-warehouse').
[2020-07-23 15:43:33,703] {logging_mixin.py:112} INFO - [2020-07-23 15:43:33,703] {spark_submit_hook.py:479} INFO - 20/07/23 15:43:33 INFO SharedState: Warehouse path is 'file:/home/bhakti/airflow/spark-warehouse'.
[2020-07-23 15:43:43,735] {logging_mixin.py:112} INFO - [2020-07-23 15:43:43,734] {spark_submit_hook.py:479} INFO - 20/07/23 15:43:43 INFO CodeGenerator: Code generated in 481.402108 ms
[2020-07-23 15:43:43,814] {logging_mixin.py:112} INFO - [2020-07-23 15:43:43,814] {spark_submit_hook.py:479} INFO - 20/07/23 15:43:43 INFO SparkContext: Starting job: showString at NativeMethodAccessorImpl.java:0
[2020-07-23 15:43:43,819] {logging_mixin.py:112} INFO - [2020-07-23 15:43:43,818] {spark_submit_hook.py:479} INFO - 20/07/23 15:43:43 INFO DAGScheduler: Got job 1 (showString at NativeMethodAccessorImpl.java:0) with 1 output partitions
[2020-07-23 15:43:43,819] {logging_mixin.py:112} INFO - [2020-07-23 15:43:43,819] {spark_submit_hook.py:479} INFO - 20/07/23 15:43:43 INFO DAGScheduler: Final stage: ResultStage 1 (showString at NativeMethodAccessorImpl.java:0)
[2020-07-23 15:43:43,819] {logging_mixin.py:112} INFO - [2020-07-23 15:43:43,819] {spark_submit_hook.py:479} INFO - 20/07/23 15:43:43 INFO DAGScheduler: Parents of final stage: List()
[2020-07-23 15:43:43,821] {logging_mixin.py:112} INFO - [2020-07-23 15:43:43,821] {spark_submit_hook.py:479} INFO - 20/07/23 15:43:43 INFO DAGScheduler: Missing parents: List()
[2020-07-23 15:43:43,826] {logging_mixin.py:112} INFO - [2020-07-23 15:43:43,826] {spark_submit_hook.py:479} INFO - 20/07/23 15:43:43 INFO DAGScheduler: Submitting ResultStage 1 (MapPartitionsRDD[9] at showString at NativeMethodAccessorImpl.java:0), which has no missing parents
[2020-07-23 15:43:43,853] {logging_mixin.py:112} INFO - [2020-07-23 15:43:43,853] {spark_submit_hook.py:479} INFO - 20/07/23 15:43:43 INFO MemoryStore: Block broadcast_2 stored as values in memory (estimated size 11.2 KiB, free 366.3 MiB)
[2020-07-23 15:43:43,857] {logging_mixin.py:112} INFO - [2020-07-23 15:43:43,857] {spark_submit_hook.py:479} INFO - 20/07/23 15:43:43 INFO MemoryStore: Block broadcast_2_piece0 stored as bytes in memory (estimated size 5.8 KiB, free 366.3 MiB)
[2020-07-23 15:43:43,859] {logging_mixin.py:112} INFO - [2020-07-23 15:43:43,858] {spark_submit_hook.py:479} INFO - 20/07/23 15:43:43 INFO BlockManagerInfo: Added broadcast_2_piece0 in memory on 192.168.43.94:37439 (size: 5.8 KiB, free: 366.3 MiB)
[2020-07-23 15:43:43,860] {logging_mixin.py:112} INFO - [2020-07-23 15:43:43,860] {spark_submit_hook.py:479} INFO - 20/07/23 15:43:43 INFO SparkContext: Created broadcast 2 from broadcast at DAGScheduler.scala:1200
[2020-07-23 15:43:43,861] {logging_mixin.py:112} INFO - [2020-07-23 15:43:43,861] {spark_submit_hook.py:479} INFO - 20/07/23 15:43:43 INFO DAGScheduler: Submitting 1 missing tasks from ResultStage 1 (MapPartitionsRDD[9] at showString at NativeMethodAccessorImpl.java:0) (first 15 tasks are for partitions Vector(0))
[2020-07-23 15:43:43,862] {logging_mixin.py:112} INFO - [2020-07-23 15:43:43,862] {spark_submit_hook.py:479} INFO - 20/07/23 15:43:43 INFO TaskSchedulerImpl: Adding task set 1.0 with 1 tasks
[2020-07-23 15:43:43,888] {logging_mixin.py:112} INFO - [2020-07-23 15:43:43,888] {spark_submit_hook.py:479} INFO - 20/07/23 15:43:43 INFO TaskSetManager: Starting task 0.0 in stage 1.0 (TID 1, 192.168.43.94, executor driver, partition 0, PROCESS_LOCAL, 7493 bytes)
[2020-07-23 15:43:43,889] {logging_mixin.py:112} INFO - [2020-07-23 15:43:43,888] {spark_submit_hook.py:479} INFO - 20/07/23 15:43:43 INFO Executor: Running task 0.0 in stage 1.0 (TID 1)
[2020-07-23 15:43:43,980] {logging_mixin.py:112} INFO - [2020-07-23 15:43:43,979] {spark_submit_hook.py:479} INFO - 20/07/23 15:43:43 INFO PythonRunner: Times: total = 2, boot = -11986, init = 11988, finish = 0
[2020-07-23 15:43:43,989] {logging_mixin.py:112} INFO - [2020-07-23 15:43:43,988] {spark_submit_hook.py:479} INFO - 20/07/23 15:43:43 INFO Executor: Finished task 0.0 in stage 1.0 (TID 1). 2192 bytes result sent to driver
[2020-07-23 15:43:43,989] {logging_mixin.py:112} INFO - [2020-07-23 15:43:43,989] {spark_submit_hook.py:479} INFO - 20/07/23 15:43:43 INFO TaskSetManager: Finished task 0.0 in stage 1.0 (TID 1) in 124 ms on 192.168.43.94 (executor driver) (1/1)
[2020-07-23 15:43:43,989] {logging_mixin.py:112} INFO - [2020-07-23 15:43:43,989] {spark_submit_hook.py:479} INFO - 20/07/23 15:43:43 INFO TaskSchedulerImpl: Removed TaskSet 1.0, whose tasks have all completed, from pool
[2020-07-23 15:43:43,992] {logging_mixin.py:112} INFO - [2020-07-23 15:43:43,992] {spark_submit_hook.py:479} INFO - 20/07/23 15:43:43 INFO DAGScheduler: ResultStage 1 (showString at NativeMethodAccessorImpl.java:0) finished in 0.161 s
[2020-07-23 15:43:43,992] {logging_mixin.py:112} INFO - [2020-07-23 15:43:43,992] {spark_submit_hook.py:479} INFO - 20/07/23 15:43:43 INFO DAGScheduler: Job 1 is finished. Cancelling potential speculative or zombie tasks for this job
[2020-07-23 15:43:43,993] {logging_mixin.py:112} INFO - [2020-07-23 15:43:43,993] {spark_submit_hook.py:479} INFO - 20/07/23 15:43:43 INFO TaskSchedulerImpl: Killing all running tasks in stage 1: Stage finished
[2020-07-23 15:43:43,995] {logging_mixin.py:112} INFO - [2020-07-23 15:43:43,995] {spark_submit_hook.py:479} INFO - 20/07/23 15:43:43 INFO DAGScheduler: Job 1 finished: showString at NativeMethodAccessorImpl.java:0, took 0.178929 s
[2020-07-23 15:43:44,071] {logging_mixin.py:112} INFO - [2020-07-23 15:43:44,071] {spark_submit_hook.py:479} INFO - 20/07/23 15:43:44 INFO CodeGenerator: Code generated in 39.788904 ms
[2020-07-23 15:43:44,092] {logging_mixin.py:112} INFO - [2020-07-23 15:43:44,092] {spark_submit_hook.py:479} INFO - +------+------------+--------+
[2020-07-23 15:43:44,093] {logging_mixin.py:112} INFO - [2020-07-23 15:43:44,093] {spark_submit_hook.py:479} INFO - |    _1|          _2|      _3|
[2020-07-23 15:43:44,093] {logging_mixin.py:112} INFO - [2020-07-23 15:43:44,093] {spark_submit_hook.py:479} INFO - +------+------------+--------+
[2020-07-23 15:43:44,094] {logging_mixin.py:112} INFO - [2020-07-23 15:43:44,093] {spark_submit_hook.py:479} INFO - |PERSON|JOINING_YEAR| COMPANY|
[2020-07-23 15:43:44,094] {logging_mixin.py:112} INFO - [2020-07-23 15:43:44,094] {spark_submit_hook.py:479} INFO - |  John|        2018|  Google|
[2020-07-23 15:43:44,094] {logging_mixin.py:112} INFO - [2020-07-23 15:43:44,094] {spark_submit_hook.py:479} INFO - |   Sam|        2017|     IBM|
[2020-07-23 15:43:44,095] {logging_mixin.py:112} INFO - [2020-07-23 15:43:44,094] {spark_submit_hook.py:479} INFO - |  Jeff|        2014|   Yahoo|
[2020-07-23 15:43:44,095] {logging_mixin.py:112} INFO - [2020-07-23 15:43:44,095] {spark_submit_hook.py:479} INFO - | Allen|        2015|Facebook|
[2020-07-23 15:43:44,095] {logging_mixin.py:112} INFO - [2020-07-23 15:43:44,095] {spark_submit_hook.py:479} INFO - +------+------------+--------+
[2020-07-23 15:43:44,095] {logging_mixin.py:112} INFO - [2020-07-23 15:43:44,095] {spark_submit_hook.py:479} INFO - 
[2020-07-23 15:43:44,215] {logging_mixin.py:112} INFO - [2020-07-23 15:43:44,215] {spark_submit_hook.py:479} INFO - 20/07/23 15:43:44 INFO BlockManagerInfo: Removed broadcast_2_piece0 on 192.168.43.94:37439 in memory (size: 5.8 KiB, free: 366.3 MiB)
[2020-07-23 15:43:44,216] {logging_mixin.py:112} INFO - [2020-07-23 15:43:44,216] {spark_submit_hook.py:479} INFO - 20/07/23 15:43:44 INFO SparkContext: Invoking stop() from shutdown hook
[2020-07-23 15:43:44,229] {logging_mixin.py:112} INFO - [2020-07-23 15:43:44,228] {spark_submit_hook.py:479} INFO - 20/07/23 15:43:44 INFO SparkUI: Stopped Spark web UI at http://192.168.43.94:4041
[2020-07-23 15:43:44,247] {logging_mixin.py:112} INFO - [2020-07-23 15:43:44,246] {spark_submit_hook.py:479} INFO - 20/07/23 15:43:44 INFO MapOutputTrackerMasterEndpoint: MapOutputTrackerMasterEndpoint stopped!
[2020-07-23 15:43:44,266] {logging_mixin.py:112} INFO - [2020-07-23 15:43:44,266] {spark_submit_hook.py:479} INFO - 20/07/23 15:43:44 INFO MemoryStore: MemoryStore cleared
[2020-07-23 15:43:44,267] {logging_mixin.py:112} INFO - [2020-07-23 15:43:44,267] {spark_submit_hook.py:479} INFO - 20/07/23 15:43:44 INFO BlockManager: BlockManager stopped
[2020-07-23 15:43:44,270] {logging_mixin.py:112} INFO - [2020-07-23 15:43:44,270] {spark_submit_hook.py:479} INFO - 20/07/23 15:43:44 INFO BlockManagerMaster: BlockManagerMaster stopped
[2020-07-23 15:43:44,275] {logging_mixin.py:112} INFO - [2020-07-23 15:43:44,275] {spark_submit_hook.py:479} INFO - 20/07/23 15:43:44 INFO OutputCommitCoordinator$OutputCommitCoordinatorEndpoint: OutputCommitCoordinator stopped!
[2020-07-23 15:43:44,290] {logging_mixin.py:112} INFO - [2020-07-23 15:43:44,289] {spark_submit_hook.py:479} INFO - 20/07/23 15:43:44 INFO SparkContext: Successfully stopped SparkContext
[2020-07-23 15:43:44,291] {logging_mixin.py:112} INFO - [2020-07-23 15:43:44,291] {spark_submit_hook.py:479} INFO - 20/07/23 15:43:44 INFO ShutdownHookManager: Shutdown hook called
[2020-07-23 15:43:44,292] {logging_mixin.py:112} INFO - [2020-07-23 15:43:44,292] {spark_submit_hook.py:479} INFO - 20/07/23 15:43:44 INFO ShutdownHookManager: Deleting directory /tmp/spark-3ba19dc9-8b08-4c7b-a262-4ecac2866ca7
[2020-07-23 15:43:44,296] {logging_mixin.py:112} INFO - [2020-07-23 15:43:44,296] {spark_submit_hook.py:479} INFO - 20/07/23 15:43:44 INFO ShutdownHookManager: Deleting directory /tmp/spark-854d9ff1-1001-41c7-8362-d8093e173f5d
[2020-07-23 15:43:44,309] {logging_mixin.py:112} INFO - [2020-07-23 15:43:44,308] {spark_submit_hook.py:479} INFO - 20/07/23 15:43:44 INFO ShutdownHookManager: Deleting directory /tmp/spark-854d9ff1-1001-41c7-8362-d8093e173f5d/pyspark-65da71c7-aa81-408e-b73c-17f56a94a49c
[2020-07-23 15:43:44,404] {taskinstance.py:1052} INFO - Marking task as SUCCESS.dag_id=submit_data, task_id=spark_submit, execution_date=20200721T012400, start_date=20200723T101316, end_date=20200723T101344
[2020-07-23 15:43:45,594] {logging_mixin.py:112} INFO - [2020-07-23 15:43:45,593] {local_task_job.py:103} INFO - Task exited with return code 0
