[2020-08-26 11:39:56,613] {taskinstance.py:669} INFO - Dependencies all met for <TaskInstance: MYSQLDAG.first_db_to_csv 2020-07-25T00:00:00+00:00 [queued]>
[2020-08-26 11:39:56,622] {taskinstance.py:669} INFO - Dependencies all met for <TaskInstance: MYSQLDAG.first_db_to_csv 2020-07-25T00:00:00+00:00 [queued]>
[2020-08-26 11:39:56,622] {taskinstance.py:879} INFO - 
--------------------------------------------------------------------------------
[2020-08-26 11:39:56,622] {taskinstance.py:880} INFO - Starting attempt 1 of 2
[2020-08-26 11:39:56,622] {taskinstance.py:881} INFO - 
--------------------------------------------------------------------------------
[2020-08-26 11:39:56,804] {taskinstance.py:900} INFO - Executing <Task(BashOperator): first_db_to_csv> on 2020-07-25T00:00:00+00:00
[2020-08-26 11:39:56,809] {standard_task_runner.py:53} INFO - Started process 69482 to run task
[2020-08-26 11:39:57,018] {logging_mixin.py:112} INFO - Running %s on host %s <TaskInstance: MYSQLDAG.first_db_to_csv 2020-07-25T00:00:00+00:00 [running]> bhakti-Vostro-3558
[2020-08-26 11:39:57,036] {bash_operator.py:82} INFO - Tmp dir root location: 
 /tmp
[2020-08-26 11:39:57,038] {bash_operator.py:103} INFO - Temporary script location: /tmp/airflowtmpdiib7qdl/first_db_to_csv2vbbsh63
[2020-08-26 11:39:57,038] {bash_operator.py:115} INFO - Running command: #!/bin/bash -x
user=root
password=root
dbname=airflow_db1
host=mysql
port=3306
if [ $password != " " ]
then
docker exec -it mysqlCon \
mysql -D$dbname -h$host -p$port -u$user -p$password -e'SELECT * FROM employees INTO OUTFILE "/input_files_mysql/sample1.csv" FIELDS TERMINATED BY "," LINES TERMINATED BY "\n";'
echo "Task run successfully"
fi
[2020-08-26 11:39:57,044] {bash_operator.py:122} INFO - Output:
[2020-08-26 11:39:57,496] {bash_operator.py:126} INFO - mysql: [Warning] Using a password on the command line interface can be insecure.
[2020-08-26 11:39:57,511] {bash_operator.py:126} INFO - ERROR 1086 (HY000) at line 1: File '/input_files_mysql/sample1.csv' already exists
[2020-08-26 11:39:57,585] {bash_operator.py:126} INFO - Task run successfully
[2020-08-26 11:39:57,585] {bash_operator.py:128} INFO - Command exited with return code 0
[2020-08-26 11:39:57,593] {taskinstance.py:1052} INFO - Marking task as SUCCESS.dag_id=MYSQLDAG, task_id=first_db_to_csv, execution_date=20200725T000000, start_date=20200826T060956, end_date=20200826T060957
[2020-08-26 11:40:06,488] {logging_mixin.py:112} INFO - [2020-08-26 11:40:06,488] {local_task_job.py:103} INFO - Task exited with return code 0
