[2020-07-22 16:30:10,798] {taskinstance.py:669} INFO - Dependencies all met for <TaskInstance: submit_data.spark_submit 2020-07-22T10:59:21.598398+00:00 [queued]>
[2020-07-22 16:30:10,808] {taskinstance.py:669} INFO - Dependencies all met for <TaskInstance: submit_data.spark_submit 2020-07-22T10:59:21.598398+00:00 [queued]>
[2020-07-22 16:30:10,808] {taskinstance.py:879} INFO - 
--------------------------------------------------------------------------------
[2020-07-22 16:30:10,808] {taskinstance.py:880} INFO - Starting attempt 1 of 1
[2020-07-22 16:30:10,808] {taskinstance.py:881} INFO - 
--------------------------------------------------------------------------------
[2020-07-22 16:30:10,957] {taskinstance.py:900} INFO - Executing <Task(SparkSubmitOperator): spark_submit> on 2020-07-22T10:59:21.598398+00:00
[2020-07-22 16:30:10,962] {standard_task_runner.py:53} INFO - Started process 581591 to run task
[2020-07-22 16:30:11,190] {logging_mixin.py:112} INFO - Running %s on host %s <TaskInstance: submit_data.spark_submit 2020-07-22T10:59:21.598398+00:00 [running]> bhakti-Vostro-3558
[2020-07-22 16:30:11,208] {logging_mixin.py:112} INFO - [2020-07-22 16:30:11,208] {base_hook.py:87} INFO - Using connection to: id: spark_local. Host: local, Port: None, Schema: None, Login: None, Password: None, extra: None
[2020-07-22 16:30:11,209] {logging_mixin.py:112} INFO - [2020-07-22 16:30:11,209] {spark_submit_hook.py:325} INFO - Spark-Submit cmd: spark-submit --master local --name airflow-spark /home/bhakti/airflow/spark_jobs/python/spark_test.py
[2020-07-22 16:30:12,905] {logging_mixin.py:112} INFO - [2020-07-22 16:30:12,904] {spark_submit_hook.py:479} INFO - 20/07/22 16:30:12 WARN Utils: Your hostname, bhakti-Vostro-3558 resolves to a loopback address: 127.0.1.1; using 192.168.43.94 instead (on interface wlp6s0)
[2020-07-22 16:30:12,906] {logging_mixin.py:112} INFO - [2020-07-22 16:30:12,905] {spark_submit_hook.py:479} INFO - 20/07/22 16:30:12 WARN Utils: Set SPARK_LOCAL_IP if you need to bind to another address
[2020-07-22 16:30:13,805] {logging_mixin.py:112} INFO - [2020-07-22 16:30:13,804] {spark_submit_hook.py:479} INFO - 20/07/22 16:30:13 WARN NativeCodeLoader: Unable to load native-hadoop library for your platform... using builtin-java classes where applicable
[2020-07-22 16:30:15,166] {logging_mixin.py:112} INFO - [2020-07-22 16:30:15,166] {spark_submit_hook.py:479} INFO - Using Spark's default log4j profile: org/apache/spark/log4j-defaults.properties
[2020-07-22 16:30:15,179] {logging_mixin.py:112} INFO - [2020-07-22 16:30:15,179] {spark_submit_hook.py:479} INFO - 20/07/22 16:30:15 INFO SparkContext: Running Spark version 3.0.0
[2020-07-22 16:30:15,247] {logging_mixin.py:112} INFO - [2020-07-22 16:30:15,247] {spark_submit_hook.py:479} INFO - 20/07/22 16:30:15 INFO ResourceUtils: ==============================================================
[2020-07-22 16:30:15,249] {logging_mixin.py:112} INFO - [2020-07-22 16:30:15,249] {spark_submit_hook.py:479} INFO - 20/07/22 16:30:15 INFO ResourceUtils: Resources for spark.driver:
[2020-07-22 16:30:15,250] {logging_mixin.py:112} INFO - [2020-07-22 16:30:15,250] {spark_submit_hook.py:479} INFO - 
[2020-07-22 16:30:15,250] {logging_mixin.py:112} INFO - [2020-07-22 16:30:15,250] {spark_submit_hook.py:479} INFO - 20/07/22 16:30:15 INFO ResourceUtils: ==============================================================
[2020-07-22 16:30:15,251] {logging_mixin.py:112} INFO - [2020-07-22 16:30:15,251] {spark_submit_hook.py:479} INFO - 20/07/22 16:30:15 INFO SparkContext: Submitted application: Spark_Test_Python
[2020-07-22 16:30:15,335] {logging_mixin.py:112} INFO - [2020-07-22 16:30:15,334] {spark_submit_hook.py:479} INFO - 20/07/22 16:30:15 INFO SecurityManager: Changing view acls to: bhakti
[2020-07-22 16:30:15,335] {logging_mixin.py:112} INFO - [2020-07-22 16:30:15,335] {spark_submit_hook.py:479} INFO - 20/07/22 16:30:15 INFO SecurityManager: Changing modify acls to: bhakti
[2020-07-22 16:30:15,335] {logging_mixin.py:112} INFO - [2020-07-22 16:30:15,335] {spark_submit_hook.py:479} INFO - 20/07/22 16:30:15 INFO SecurityManager: Changing view acls groups to:
[2020-07-22 16:30:15,336] {logging_mixin.py:112} INFO - [2020-07-22 16:30:15,336] {spark_submit_hook.py:479} INFO - 20/07/22 16:30:15 INFO SecurityManager: Changing modify acls groups to:
[2020-07-22 16:30:15,336] {logging_mixin.py:112} INFO - [2020-07-22 16:30:15,336] {spark_submit_hook.py:479} INFO - 20/07/22 16:30:15 INFO SecurityManager: SecurityManager: authentication disabled; ui acls disabled; users  with view permissions: Set(bhakti); groups with view permissions: Set(); users  with modify permissions: Set(bhakti); groups with modify permissions: Set()
[2020-07-22 16:30:15,804] {logging_mixin.py:112} INFO - [2020-07-22 16:30:15,803] {spark_submit_hook.py:479} INFO - 20/07/22 16:30:15 INFO Utils: Successfully started service 'sparkDriver' on port 38407.
[2020-07-22 16:30:15,856] {logging_mixin.py:112} INFO - [2020-07-22 16:30:15,855] {spark_submit_hook.py:479} INFO - 20/07/22 16:30:15 INFO SparkEnv: Registering MapOutputTracker
[2020-07-22 16:30:15,914] {logging_mixin.py:112} INFO - [2020-07-22 16:30:15,914] {spark_submit_hook.py:479} INFO - 20/07/22 16:30:15 INFO SparkEnv: Registering BlockManagerMaster
[2020-07-22 16:30:15,949] {logging_mixin.py:112} INFO - [2020-07-22 16:30:15,949] {spark_submit_hook.py:479} INFO - 20/07/22 16:30:15 INFO BlockManagerMasterEndpoint: Using org.apache.spark.storage.DefaultTopologyMapper for getting topology information
[2020-07-22 16:30:15,951] {logging_mixin.py:112} INFO - [2020-07-22 16:30:15,950] {spark_submit_hook.py:479} INFO - 20/07/22 16:30:15 INFO BlockManagerMasterEndpoint: BlockManagerMasterEndpoint up
[2020-07-22 16:30:15,957] {logging_mixin.py:112} INFO - [2020-07-22 16:30:15,957] {spark_submit_hook.py:479} INFO - 20/07/22 16:30:15 INFO SparkEnv: Registering BlockManagerMasterHeartbeat
[2020-07-22 16:30:15,977] {logging_mixin.py:112} INFO - [2020-07-22 16:30:15,977] {spark_submit_hook.py:479} INFO - 20/07/22 16:30:15 INFO DiskBlockManager: Created local directory at /tmp/blockmgr-63e90e05-ac01-4e10-a996-e85df639ae26
[2020-07-22 16:30:16,011] {logging_mixin.py:112} INFO - [2020-07-22 16:30:16,010] {spark_submit_hook.py:479} INFO - 20/07/22 16:30:16 INFO MemoryStore: MemoryStore started with capacity 366.3 MiB
[2020-07-22 16:30:16,035] {logging_mixin.py:112} INFO - [2020-07-22 16:30:16,035] {spark_submit_hook.py:479} INFO - 20/07/22 16:30:16 INFO SparkEnv: Registering OutputCommitCoordinator
[2020-07-22 16:30:16,397] {logging_mixin.py:112} INFO - [2020-07-22 16:30:16,397] {spark_submit_hook.py:479} INFO - 20/07/22 16:30:16 WARN Utils: Service 'SparkUI' could not bind on port 4040. Attempting port 4041.
[2020-07-22 16:30:16,398] {logging_mixin.py:112} INFO - [2020-07-22 16:30:16,398] {spark_submit_hook.py:479} INFO - 20/07/22 16:30:16 WARN Utils: Service 'SparkUI' could not bind on port 4041. Attempting port 4042.
[2020-07-22 16:30:16,398] {logging_mixin.py:112} INFO - [2020-07-22 16:30:16,398] {spark_submit_hook.py:479} INFO - 20/07/22 16:30:16 WARN Utils: Service 'SparkUI' could not bind on port 4042. Attempting port 4043.
[2020-07-22 16:30:16,399] {logging_mixin.py:112} INFO - [2020-07-22 16:30:16,398] {spark_submit_hook.py:479} INFO - 20/07/22 16:30:16 WARN Utils: Service 'SparkUI' could not bind on port 4043. Attempting port 4044.
[2020-07-22 16:30:16,399] {logging_mixin.py:112} INFO - [2020-07-22 16:30:16,399] {spark_submit_hook.py:479} INFO - 20/07/22 16:30:16 WARN Utils: Service 'SparkUI' could not bind on port 4044. Attempting port 4045.
[2020-07-22 16:30:16,410] {logging_mixin.py:112} INFO - [2020-07-22 16:30:16,409] {spark_submit_hook.py:479} INFO - 20/07/22 16:30:16 INFO Utils: Successfully started service 'SparkUI' on port 4045.
[2020-07-22 16:30:16,502] {logging_mixin.py:112} INFO - [2020-07-22 16:30:16,502] {spark_submit_hook.py:479} INFO - 20/07/22 16:30:16 INFO SparkUI: Bound SparkUI to 0.0.0.0, and started at http://192.168.43.94:4045
[2020-07-22 16:30:17,025] {logging_mixin.py:112} INFO - [2020-07-22 16:30:17,025] {spark_submit_hook.py:479} INFO - 20/07/22 16:30:17 INFO Executor: Starting executor ID driver on host 192.168.43.94
[2020-07-22 16:30:17,111] {logging_mixin.py:112} INFO - [2020-07-22 16:30:17,111] {spark_submit_hook.py:479} INFO - 20/07/22 16:30:17 INFO Utils: Successfully started service 'org.apache.spark.network.netty.NettyBlockTransferService' on port 35089.
[2020-07-22 16:30:17,111] {logging_mixin.py:112} INFO - [2020-07-22 16:30:17,111] {spark_submit_hook.py:479} INFO - 20/07/22 16:30:17 INFO NettyBlockTransferService: Server created on 192.168.43.94:35089
[2020-07-22 16:30:17,112] {logging_mixin.py:112} INFO - [2020-07-22 16:30:17,111] {spark_submit_hook.py:479} INFO - 20/07/22 16:30:17 INFO BlockManager: Using org.apache.spark.storage.RandomBlockReplicationPolicy for block replication policy
[2020-07-22 16:30:17,133] {logging_mixin.py:112} INFO - [2020-07-22 16:30:17,133] {spark_submit_hook.py:479} INFO - 20/07/22 16:30:17 INFO BlockManagerMaster: Registering BlockManager BlockManagerId(driver, 192.168.43.94, 35089, None)
[2020-07-22 16:30:17,150] {logging_mixin.py:112} INFO - [2020-07-22 16:30:17,150] {spark_submit_hook.py:479} INFO - 20/07/22 16:30:17 INFO BlockManagerMasterEndpoint: Registering block manager 192.168.43.94:35089 with 366.3 MiB RAM, BlockManagerId(driver, 192.168.43.94, 35089, None)
[2020-07-22 16:30:17,156] {logging_mixin.py:112} INFO - [2020-07-22 16:30:17,156] {spark_submit_hook.py:479} INFO - 20/07/22 16:30:17 INFO BlockManagerMaster: Registered BlockManager BlockManagerId(driver, 192.168.43.94, 35089, None)
[2020-07-22 16:30:17,161] {logging_mixin.py:112} INFO - [2020-07-22 16:30:17,161] {spark_submit_hook.py:479} INFO - 20/07/22 16:30:17 INFO BlockManager: Initialized BlockManager: BlockManagerId(driver, 192.168.43.94, 35089, None)
[2020-07-22 16:30:19,563] {logging_mixin.py:112} INFO - [2020-07-22 16:30:19,563] {spark_submit_hook.py:479} INFO - 20/07/22 16:30:19 INFO MemoryStore: Block broadcast_0 stored as values in memory (estimated size 241.5 KiB, free 366.1 MiB)
[2020-07-22 16:30:19,820] {logging_mixin.py:112} INFO - [2020-07-22 16:30:19,820] {spark_submit_hook.py:479} INFO - 20/07/22 16:30:19 INFO MemoryStore: Block broadcast_0_piece0 stored as bytes in memory (estimated size 23.4 KiB, free 366.0 MiB)
[2020-07-22 16:30:19,830] {logging_mixin.py:112} INFO - [2020-07-22 16:30:19,830] {spark_submit_hook.py:479} INFO - 20/07/22 16:30:19 INFO BlockManagerInfo: Added broadcast_0_piece0 in memory on 192.168.43.94:35089 (size: 23.4 KiB, free: 366.3 MiB)
[2020-07-22 16:30:19,876] {logging_mixin.py:112} INFO - [2020-07-22 16:30:19,876] {spark_submit_hook.py:479} INFO - 20/07/22 16:30:19 INFO SparkContext: Created broadcast 0 from textFile at NativeMethodAccessorImpl.java:0
[2020-07-22 16:30:20,328] {logging_mixin.py:112} INFO - [2020-07-22 16:30:20,328] {spark_submit_hook.py:479} INFO - 20/07/22 16:30:20 INFO FileInputFormat: Total input paths to process : 1
[2020-07-22 16:30:20,528] {logging_mixin.py:112} INFO - [2020-07-22 16:30:20,528] {spark_submit_hook.py:479} INFO - 20/07/22 16:30:20 INFO SparkContext: Starting job: collect at /home/bhakti/airflow/spark_jobs/python/spark_test.py:7
[2020-07-22 16:30:20,583] {logging_mixin.py:112} INFO - [2020-07-22 16:30:20,582] {spark_submit_hook.py:479} INFO - 20/07/22 16:30:20 INFO DAGScheduler: Got job 0 (collect at /home/bhakti/airflow/spark_jobs/python/spark_test.py:7) with 1 output partitions
[2020-07-22 16:30:20,583] {logging_mixin.py:112} INFO - [2020-07-22 16:30:20,583] {spark_submit_hook.py:479} INFO - 20/07/22 16:30:20 INFO DAGScheduler: Final stage: ResultStage 0 (collect at /home/bhakti/airflow/spark_jobs/python/spark_test.py:7)
[2020-07-22 16:30:20,584] {logging_mixin.py:112} INFO - [2020-07-22 16:30:20,583] {spark_submit_hook.py:479} INFO - 20/07/22 16:30:20 INFO DAGScheduler: Parents of final stage: List()
[2020-07-22 16:30:20,587] {logging_mixin.py:112} INFO - [2020-07-22 16:30:20,587] {spark_submit_hook.py:479} INFO - 20/07/22 16:30:20 INFO DAGScheduler: Missing parents: List()
[2020-07-22 16:30:20,621] {logging_mixin.py:112} INFO - [2020-07-22 16:30:20,621] {spark_submit_hook.py:479} INFO - 20/07/22 16:30:20 INFO DAGScheduler: Submitting ResultStage 0 (PythonRDD[2] at collect at /home/bhakti/airflow/spark_jobs/python/spark_test.py:7), which has no missing parents
[2020-07-22 16:30:20,712] {logging_mixin.py:112} INFO - [2020-07-22 16:30:20,709] {spark_submit_hook.py:479} INFO - 20/07/22 16:30:20 INFO MemoryStore: Block broadcast_1 stored as values in memory (estimated size 7.4 KiB, free 366.0 MiB)
[2020-07-22 16:30:20,749] {logging_mixin.py:112} INFO - [2020-07-22 16:30:20,749] {spark_submit_hook.py:479} INFO - 20/07/22 16:30:20 INFO MemoryStore: Block broadcast_1_piece0 stored as bytes in memory (estimated size 4.4 KiB, free 366.0 MiB)
[2020-07-22 16:30:20,750] {logging_mixin.py:112} INFO - [2020-07-22 16:30:20,749] {spark_submit_hook.py:479} INFO - 20/07/22 16:30:20 INFO BlockManagerInfo: Added broadcast_1_piece0 in memory on 192.168.43.94:35089 (size: 4.4 KiB, free: 366.3 MiB)
[2020-07-22 16:30:20,750] {logging_mixin.py:112} INFO - [2020-07-22 16:30:20,750] {spark_submit_hook.py:479} INFO - 20/07/22 16:30:20 INFO SparkContext: Created broadcast 1 from broadcast at DAGScheduler.scala:1200
[2020-07-22 16:30:20,785] {logging_mixin.py:112} INFO - [2020-07-22 16:30:20,785] {spark_submit_hook.py:479} INFO - 20/07/22 16:30:20 INFO DAGScheduler: Submitting 1 missing tasks from ResultStage 0 (PythonRDD[2] at collect at /home/bhakti/airflow/spark_jobs/python/spark_test.py:7) (first 15 tasks are for partitions Vector(0))
[2020-07-22 16:30:20,787] {logging_mixin.py:112} INFO - [2020-07-22 16:30:20,787] {spark_submit_hook.py:479} INFO - 20/07/22 16:30:20 INFO TaskSchedulerImpl: Adding task set 0.0 with 1 tasks
[2020-07-22 16:30:20,934] {logging_mixin.py:112} INFO - [2020-07-22 16:30:20,933] {spark_submit_hook.py:479} INFO - 20/07/22 16:30:20 INFO TaskSetManager: Starting task 0.0 in stage 0.0 (TID 0, 192.168.43.94, executor driver, partition 0, PROCESS_LOCAL, 7388 bytes)
[2020-07-22 16:30:20,980] {logging_mixin.py:112} INFO - [2020-07-22 16:30:20,979] {spark_submit_hook.py:479} INFO - 20/07/22 16:30:20 INFO Executor: Running task 0.0 in stage 0.0 (TID 0)
[2020-07-22 16:30:22,150] {logging_mixin.py:112} INFO - [2020-07-22 16:30:22,150] {spark_submit_hook.py:479} INFO - 20/07/22 16:30:22 INFO HadoopRDD: Input split: file:/home/bhakti/airflow/input_data/sample.csv:0+93
[2020-07-22 16:30:23,514] {logging_mixin.py:112} INFO - [2020-07-22 16:30:23,514] {spark_submit_hook.py:479} INFO - 20/07/22 16:30:23 INFO PythonRunner: Times: total = 1309, boot = 1258, init = 50, finish = 1
[2020-07-22 16:30:23,695] {logging_mixin.py:112} INFO - [2020-07-22 16:30:23,695] {spark_submit_hook.py:479} INFO - 20/07/22 16:30:23 INFO Executor: Finished task 0.0 in stage 0.0 (TID 0). 1775 bytes result sent to driver
[2020-07-22 16:30:23,848] {logging_mixin.py:112} INFO - [2020-07-22 16:30:23,848] {spark_submit_hook.py:479} INFO - 20/07/22 16:30:23 INFO TaskSetManager: Finished task 0.0 in stage 0.0 (TID 0) in 2941 ms on 192.168.43.94 (executor driver) (1/1)
[2020-07-22 16:30:23,880] {logging_mixin.py:112} INFO - [2020-07-22 16:30:23,880] {spark_submit_hook.py:479} INFO - 20/07/22 16:30:23 INFO TaskSchedulerImpl: Removed TaskSet 0.0, whose tasks have all completed, from pool
[2020-07-22 16:30:23,886] {logging_mixin.py:112} INFO - [2020-07-22 16:30:23,886] {spark_submit_hook.py:479} INFO - 20/07/22 16:30:23 INFO PythonAccumulatorV2: Connected to AccumulatorServer at host: 127.0.0.1 port: 54783
[2020-07-22 16:30:23,898] {logging_mixin.py:112} INFO - [2020-07-22 16:30:23,897] {spark_submit_hook.py:479} INFO - 20/07/22 16:30:23 INFO DAGScheduler: ResultStage 0 (collect at /home/bhakti/airflow/spark_jobs/python/spark_test.py:7) finished in 3.219 s
[2020-07-22 16:30:23,914] {logging_mixin.py:112} INFO - [2020-07-22 16:30:23,913] {spark_submit_hook.py:479} INFO - 20/07/22 16:30:23 INFO DAGScheduler: Job 0 is finished. Cancelling potential speculative or zombie tasks for this job
[2020-07-22 16:30:23,916] {logging_mixin.py:112} INFO - [2020-07-22 16:30:23,916] {spark_submit_hook.py:479} INFO - 20/07/22 16:30:23 INFO TaskSchedulerImpl: Killing all running tasks in stage 0: Stage finished
[2020-07-22 16:30:23,921] {logging_mixin.py:112} INFO - [2020-07-22 16:30:23,921] {spark_submit_hook.py:479} INFO - 20/07/22 16:30:23 INFO DAGScheduler: Job 0 finished: collect at /home/bhakti/airflow/spark_jobs/python/spark_test.py:7, took 3.391666 s
[2020-07-22 16:30:23,952] {logging_mixin.py:112} INFO - [2020-07-22 16:30:23,952] {spark_submit_hook.py:479} INFO - [('PERSON', 'JOINING_YEAR'), ('John', '2018'), ('Sam', '2017'), ('Jeff', '2014'), ('Allen', '2015')]
[2020-07-22 16:30:24,031] {logging_mixin.py:112} INFO - [2020-07-22 16:30:24,031] {spark_submit_hook.py:479} INFO - 20/07/22 16:30:24 INFO SparkContext: Invoking stop() from shutdown hook
[2020-07-22 16:30:24,073] {logging_mixin.py:112} INFO - [2020-07-22 16:30:24,073] {spark_submit_hook.py:479} INFO - 20/07/22 16:30:24 INFO SparkUI: Stopped Spark web UI at http://192.168.43.94:4045
[2020-07-22 16:30:24,091] {logging_mixin.py:112} INFO - [2020-07-22 16:30:24,091] {spark_submit_hook.py:479} INFO - 20/07/22 16:30:24 INFO BlockManagerInfo: Removed broadcast_0_piece0 on 192.168.43.94:35089 in memory (size: 23.4 KiB, free: 366.3 MiB)
[2020-07-22 16:30:24,139] {logging_mixin.py:112} INFO - [2020-07-22 16:30:24,139] {spark_submit_hook.py:479} INFO - 20/07/22 16:30:24 INFO MapOutputTrackerMasterEndpoint: MapOutputTrackerMasterEndpoint stopped!
[2020-07-22 16:30:24,158] {logging_mixin.py:112} INFO - [2020-07-22 16:30:24,158] {spark_submit_hook.py:479} INFO - 20/07/22 16:30:24 INFO MemoryStore: MemoryStore cleared
[2020-07-22 16:30:24,161] {logging_mixin.py:112} INFO - [2020-07-22 16:30:24,161] {spark_submit_hook.py:479} INFO - 20/07/22 16:30:24 INFO BlockManager: BlockManager stopped
[2020-07-22 16:30:24,169] {logging_mixin.py:112} INFO - [2020-07-22 16:30:24,168] {spark_submit_hook.py:479} INFO - 20/07/22 16:30:24 INFO BlockManagerMaster: BlockManagerMaster stopped
[2020-07-22 16:30:24,176] {logging_mixin.py:112} INFO - [2020-07-22 16:30:24,175] {spark_submit_hook.py:479} INFO - 20/07/22 16:30:24 INFO OutputCommitCoordinator$OutputCommitCoordinatorEndpoint: OutputCommitCoordinator stopped!
[2020-07-22 16:30:24,205] {logging_mixin.py:112} INFO - [2020-07-22 16:30:24,204] {spark_submit_hook.py:479} INFO - 20/07/22 16:30:24 INFO SparkContext: Successfully stopped SparkContext
[2020-07-22 16:30:24,205] {logging_mixin.py:112} INFO - [2020-07-22 16:30:24,205] {spark_submit_hook.py:479} INFO - 20/07/22 16:30:24 INFO ShutdownHookManager: Shutdown hook called
[2020-07-22 16:30:24,207] {logging_mixin.py:112} INFO - [2020-07-22 16:30:24,207] {spark_submit_hook.py:479} INFO - 20/07/22 16:30:24 INFO ShutdownHookManager: Deleting directory /tmp/spark-065fd07b-381a-4975-a6b6-d53fd92f9c68
[2020-07-22 16:30:24,211] {logging_mixin.py:112} INFO - [2020-07-22 16:30:24,211] {spark_submit_hook.py:479} INFO - 20/07/22 16:30:24 INFO ShutdownHookManager: Deleting directory /tmp/spark-9e741e87-7e0d-4bd9-91b6-e2c812a2c043/pyspark-3040767b-4a8c-488c-8e9c-de41742f7bd4
[2020-07-22 16:30:24,218] {logging_mixin.py:112} INFO - [2020-07-22 16:30:24,218] {spark_submit_hook.py:479} INFO - 20/07/22 16:30:24 INFO ShutdownHookManager: Deleting directory /tmp/spark-9e741e87-7e0d-4bd9-91b6-e2c812a2c043
[2020-07-22 16:30:24,330] {taskinstance.py:1052} INFO - Marking task as SUCCESS.dag_id=submit_data, task_id=spark_submit, execution_date=20200722T105921, start_date=20200722T110010, end_date=20200722T110024
[2020-07-22 16:30:25,828] {logging_mixin.py:112} INFO - [2020-07-22 16:30:25,826] {local_task_job.py:103} INFO - Task exited with return code 0
