[2020-07-23 14:53:54,020] {taskinstance.py:669} INFO - Dependencies all met for <TaskInstance: submit_data.spark_submit 2020-07-21T00:14:00+00:00 [queued]>
[2020-07-23 14:53:54,036] {taskinstance.py:669} INFO - Dependencies all met for <TaskInstance: submit_data.spark_submit 2020-07-21T00:14:00+00:00 [queued]>
[2020-07-23 14:53:54,036] {taskinstance.py:879} INFO - 
--------------------------------------------------------------------------------
[2020-07-23 14:53:54,036] {taskinstance.py:880} INFO - Starting attempt 1 of 1
[2020-07-23 14:53:54,036] {taskinstance.py:881} INFO - 
--------------------------------------------------------------------------------
[2020-07-23 14:53:54,240] {taskinstance.py:900} INFO - Executing <Task(SparkSubmitOperator): spark_submit> on 2020-07-21T00:14:00+00:00
[2020-07-23 14:53:54,244] {standard_task_runner.py:53} INFO - Started process 224113 to run task
[2020-07-23 14:53:54,624] {logging_mixin.py:112} INFO - Running %s on host %s <TaskInstance: submit_data.spark_submit 2020-07-21T00:14:00+00:00 [running]> bhakti-Vostro-3558
[2020-07-23 14:53:54,661] {logging_mixin.py:112} INFO - [2020-07-23 14:53:54,660] {base_hook.py:87} INFO - Using connection to: id: spark_local. Host: local, Port: None, Schema: None, Login: None, Password: None, extra: None
[2020-07-23 14:53:54,663] {logging_mixin.py:112} INFO - [2020-07-23 14:53:54,662] {spark_submit_hook.py:325} INFO - Spark-Submit cmd: spark-submit --master local --name airflow-spark /home/bhakti/airflow/spark_jobs/spark_test.py
[2020-07-23 14:53:58,373] {logging_mixin.py:112} INFO - [2020-07-23 14:53:58,372] {spark_submit_hook.py:479} INFO - 20/07/23 14:53:58 WARN Utils: Your hostname, bhakti-Vostro-3558 resolves to a loopback address: 127.0.1.1; using 192.168.43.94 instead (on interface wlp6s0)
[2020-07-23 14:53:58,377] {logging_mixin.py:112} INFO - [2020-07-23 14:53:58,377] {spark_submit_hook.py:479} INFO - 20/07/23 14:53:58 WARN Utils: Set SPARK_LOCAL_IP if you need to bind to another address
[2020-07-23 14:54:00,060] {logging_mixin.py:112} INFO - [2020-07-23 14:54:00,060] {spark_submit_hook.py:479} INFO - 20/07/23 14:54:00 WARN NativeCodeLoader: Unable to load native-hadoop library for your platform... using builtin-java classes where applicable
[2020-07-23 14:54:01,772] {logging_mixin.py:112} INFO - [2020-07-23 14:54:01,771] {spark_submit_hook.py:479} INFO - Using Spark's default log4j profile: org/apache/spark/log4j-defaults.properties
[2020-07-23 14:54:01,792] {logging_mixin.py:112} INFO - [2020-07-23 14:54:01,792] {spark_submit_hook.py:479} INFO - 20/07/23 14:54:01 INFO SparkContext: Running Spark version 3.0.0
[2020-07-23 14:54:01,875] {logging_mixin.py:112} INFO - [2020-07-23 14:54:01,875] {spark_submit_hook.py:479} INFO - 20/07/23 14:54:01 INFO ResourceUtils: ==============================================================
[2020-07-23 14:54:01,880] {logging_mixin.py:112} INFO - [2020-07-23 14:54:01,879] {spark_submit_hook.py:479} INFO - 20/07/23 14:54:01 INFO ResourceUtils: Resources for spark.driver:
[2020-07-23 14:54:01,880] {logging_mixin.py:112} INFO - [2020-07-23 14:54:01,880] {spark_submit_hook.py:479} INFO - 
[2020-07-23 14:54:01,882] {logging_mixin.py:112} INFO - [2020-07-23 14:54:01,881] {spark_submit_hook.py:479} INFO - 20/07/23 14:54:01 INFO ResourceUtils: ==============================================================
[2020-07-23 14:54:01,884] {logging_mixin.py:112} INFO - [2020-07-23 14:54:01,883] {spark_submit_hook.py:479} INFO - 20/07/23 14:54:01 INFO SparkContext: Submitted application: Spark_Test_Python
[2020-07-23 14:54:02,003] {logging_mixin.py:112} INFO - [2020-07-23 14:54:02,002] {spark_submit_hook.py:479} INFO - 20/07/23 14:54:02 INFO SecurityManager: Changing view acls to: bhakti
[2020-07-23 14:54:02,003] {logging_mixin.py:112} INFO - [2020-07-23 14:54:02,003] {spark_submit_hook.py:479} INFO - 20/07/23 14:54:02 INFO SecurityManager: Changing modify acls to: bhakti
[2020-07-23 14:54:02,003] {logging_mixin.py:112} INFO - [2020-07-23 14:54:02,003] {spark_submit_hook.py:479} INFO - 20/07/23 14:54:02 INFO SecurityManager: Changing view acls groups to:
[2020-07-23 14:54:02,004] {logging_mixin.py:112} INFO - [2020-07-23 14:54:02,004] {spark_submit_hook.py:479} INFO - 20/07/23 14:54:02 INFO SecurityManager: Changing modify acls groups to:
[2020-07-23 14:54:02,004] {logging_mixin.py:112} INFO - [2020-07-23 14:54:02,004] {spark_submit_hook.py:479} INFO - 20/07/23 14:54:02 INFO SecurityManager: SecurityManager: authentication disabled; ui acls disabled; users  with view permissions: Set(bhakti); groups with view permissions: Set(); users  with modify permissions: Set(bhakti); groups with modify permissions: Set()
[2020-07-23 14:54:02,604] {logging_mixin.py:112} INFO - [2020-07-23 14:54:02,604] {spark_submit_hook.py:479} INFO - 20/07/23 14:54:02 INFO Utils: Successfully started service 'sparkDriver' on port 35333.
[2020-07-23 14:54:02,673] {logging_mixin.py:112} INFO - [2020-07-23 14:54:02,672] {spark_submit_hook.py:479} INFO - 20/07/23 14:54:02 INFO SparkEnv: Registering MapOutputTracker
[2020-07-23 14:54:02,758] {logging_mixin.py:112} INFO - [2020-07-23 14:54:02,757] {spark_submit_hook.py:479} INFO - 20/07/23 14:54:02 INFO SparkEnv: Registering BlockManagerMaster
[2020-07-23 14:54:02,807] {logging_mixin.py:112} INFO - [2020-07-23 14:54:02,806] {spark_submit_hook.py:479} INFO - 20/07/23 14:54:02 INFO BlockManagerMasterEndpoint: Using org.apache.spark.storage.DefaultTopologyMapper for getting topology information
[2020-07-23 14:54:02,810] {logging_mixin.py:112} INFO - [2020-07-23 14:54:02,810] {spark_submit_hook.py:479} INFO - 20/07/23 14:54:02 INFO BlockManagerMasterEndpoint: BlockManagerMasterEndpoint up
[2020-07-23 14:54:02,840] {logging_mixin.py:112} INFO - [2020-07-23 14:54:02,840] {spark_submit_hook.py:479} INFO - 20/07/23 14:54:02 INFO SparkEnv: Registering BlockManagerMasterHeartbeat
[2020-07-23 14:54:02,873] {logging_mixin.py:112} INFO - [2020-07-23 14:54:02,873] {spark_submit_hook.py:479} INFO - 20/07/23 14:54:02 INFO DiskBlockManager: Created local directory at /tmp/blockmgr-44c3728a-a449-4600-982a-756b7382637e
[2020-07-23 14:54:02,935] {logging_mixin.py:112} INFO - [2020-07-23 14:54:02,935] {spark_submit_hook.py:479} INFO - 20/07/23 14:54:02 INFO MemoryStore: MemoryStore started with capacity 366.3 MiB
[2020-07-23 14:54:02,973] {logging_mixin.py:112} INFO - [2020-07-23 14:54:02,972] {spark_submit_hook.py:479} INFO - 20/07/23 14:54:02 INFO SparkEnv: Registering OutputCommitCoordinator
[2020-07-23 14:54:03,470] {logging_mixin.py:112} INFO - [2020-07-23 14:54:03,469] {spark_submit_hook.py:479} INFO - 20/07/23 14:54:03 WARN Utils: Service 'SparkUI' could not bind on port 4040. Attempting port 4041.
[2020-07-23 14:54:03,470] {logging_mixin.py:112} INFO - [2020-07-23 14:54:03,470] {spark_submit_hook.py:479} INFO - 20/07/23 14:54:03 WARN Utils: Service 'SparkUI' could not bind on port 4041. Attempting port 4042.
[2020-07-23 14:54:03,471] {logging_mixin.py:112} INFO - [2020-07-23 14:54:03,470] {spark_submit_hook.py:479} INFO - 20/07/23 14:54:03 WARN Utils: Service 'SparkUI' could not bind on port 4042. Attempting port 4043.
[2020-07-23 14:54:03,490] {logging_mixin.py:112} INFO - [2020-07-23 14:54:03,490] {spark_submit_hook.py:479} INFO - 20/07/23 14:54:03 INFO Utils: Successfully started service 'SparkUI' on port 4043.
[2020-07-23 14:54:03,601] {logging_mixin.py:112} INFO - [2020-07-23 14:54:03,600] {spark_submit_hook.py:479} INFO - 20/07/23 14:54:03 INFO SparkUI: Bound SparkUI to 0.0.0.0, and started at http://192.168.43.94:4043
[2020-07-23 14:54:04,111] {logging_mixin.py:112} INFO - [2020-07-23 14:54:04,109] {spark_submit_hook.py:479} INFO - 20/07/23 14:54:04 INFO Executor: Starting executor ID driver on host 192.168.43.94
[2020-07-23 14:54:04,165] {logging_mixin.py:112} INFO - [2020-07-23 14:54:04,164] {spark_submit_hook.py:479} INFO - 20/07/23 14:54:04 INFO Utils: Successfully started service 'org.apache.spark.network.netty.NettyBlockTransferService' on port 37647.
[2020-07-23 14:54:04,166] {logging_mixin.py:112} INFO - [2020-07-23 14:54:04,166] {spark_submit_hook.py:479} INFO - 20/07/23 14:54:04 INFO NettyBlockTransferService: Server created on 192.168.43.94:37647
[2020-07-23 14:54:04,169] {logging_mixin.py:112} INFO - [2020-07-23 14:54:04,169] {spark_submit_hook.py:479} INFO - 20/07/23 14:54:04 INFO BlockManager: Using org.apache.spark.storage.RandomBlockReplicationPolicy for block replication policy
[2020-07-23 14:54:04,188] {logging_mixin.py:112} INFO - [2020-07-23 14:54:04,187] {spark_submit_hook.py:479} INFO - 20/07/23 14:54:04 INFO BlockManagerMaster: Registering BlockManager BlockManagerId(driver, 192.168.43.94, 37647, None)
[2020-07-23 14:54:04,201] {logging_mixin.py:112} INFO - [2020-07-23 14:54:04,200] {spark_submit_hook.py:479} INFO - 20/07/23 14:54:04 INFO BlockManagerMasterEndpoint: Registering block manager 192.168.43.94:37647 with 366.3 MiB RAM, BlockManagerId(driver, 192.168.43.94, 37647, None)
[2020-07-23 14:54:04,206] {logging_mixin.py:112} INFO - [2020-07-23 14:54:04,206] {spark_submit_hook.py:479} INFO - 20/07/23 14:54:04 INFO BlockManagerMaster: Registered BlockManager BlockManagerId(driver, 192.168.43.94, 37647, None)
[2020-07-23 14:54:04,209] {logging_mixin.py:112} INFO - [2020-07-23 14:54:04,209] {spark_submit_hook.py:479} INFO - 20/07/23 14:54:04 INFO BlockManager: Initialized BlockManager: BlockManagerId(driver, 192.168.43.94, 37647, None)
[2020-07-23 14:54:06,185] {logging_mixin.py:112} INFO - [2020-07-23 14:54:06,185] {spark_submit_hook.py:479} INFO - 20/07/23 14:54:06 INFO MemoryStore: Block broadcast_0 stored as values in memory (estimated size 241.5 KiB, free 366.1 MiB)
[2020-07-23 14:54:06,339] {logging_mixin.py:112} INFO - [2020-07-23 14:54:06,339] {spark_submit_hook.py:479} INFO - 20/07/23 14:54:06 INFO MemoryStore: Block broadcast_0_piece0 stored as bytes in memory (estimated size 23.4 KiB, free 366.0 MiB)
[2020-07-23 14:54:06,346] {logging_mixin.py:112} INFO - [2020-07-23 14:54:06,346] {spark_submit_hook.py:479} INFO - 20/07/23 14:54:06 INFO BlockManagerInfo: Added broadcast_0_piece0 in memory on 192.168.43.94:37647 (size: 23.4 KiB, free: 366.3 MiB)
[2020-07-23 14:54:06,360] {logging_mixin.py:112} INFO - [2020-07-23 14:54:06,360] {spark_submit_hook.py:479} INFO - 20/07/23 14:54:06 INFO SparkContext: Created broadcast 0 from textFile at NativeMethodAccessorImpl.java:0
[2020-07-23 14:54:06,883] {logging_mixin.py:112} INFO - [2020-07-23 14:54:06,883] {spark_submit_hook.py:479} INFO - 20/07/23 14:54:06 INFO FileInputFormat: Total input paths to process : 1
[2020-07-23 14:54:07,086] {logging_mixin.py:112} INFO - [2020-07-23 14:54:07,085] {spark_submit_hook.py:479} INFO - 20/07/23 14:54:07 INFO SparkContext: Starting job: collect at /home/bhakti/airflow/spark_jobs/spark_test.py:8
[2020-07-23 14:54:07,122] {logging_mixin.py:112} INFO - [2020-07-23 14:54:07,122] {spark_submit_hook.py:479} INFO - 20/07/23 14:54:07 INFO DAGScheduler: Got job 0 (collect at /home/bhakti/airflow/spark_jobs/spark_test.py:8) with 1 output partitions
[2020-07-23 14:54:07,124] {logging_mixin.py:112} INFO - [2020-07-23 14:54:07,123] {spark_submit_hook.py:479} INFO - 20/07/23 14:54:07 INFO DAGScheduler: Final stage: ResultStage 0 (collect at /home/bhakti/airflow/spark_jobs/spark_test.py:8)
[2020-07-23 14:54:07,125] {logging_mixin.py:112} INFO - [2020-07-23 14:54:07,124] {spark_submit_hook.py:479} INFO - 20/07/23 14:54:07 INFO DAGScheduler: Parents of final stage: List()
[2020-07-23 14:54:07,131] {logging_mixin.py:112} INFO - [2020-07-23 14:54:07,131] {spark_submit_hook.py:479} INFO - 20/07/23 14:54:07 INFO DAGScheduler: Missing parents: List()
[2020-07-23 14:54:07,164] {logging_mixin.py:112} INFO - [2020-07-23 14:54:07,163] {spark_submit_hook.py:479} INFO - 20/07/23 14:54:07 INFO DAGScheduler: Submitting ResultStage 0 (PythonRDD[2] at collect at /home/bhakti/airflow/spark_jobs/spark_test.py:8), which has no missing parents
[2020-07-23 14:54:07,240] {logging_mixin.py:112} INFO - [2020-07-23 14:54:07,239] {spark_submit_hook.py:479} INFO - 20/07/23 14:54:07 INFO MemoryStore: Block broadcast_1 stored as values in memory (estimated size 7.4 KiB, free 366.0 MiB)
[2020-07-23 14:54:07,250] {logging_mixin.py:112} INFO - [2020-07-23 14:54:07,250] {spark_submit_hook.py:479} INFO - 20/07/23 14:54:07 INFO MemoryStore: Block broadcast_1_piece0 stored as bytes in memory (estimated size 4.4 KiB, free 366.0 MiB)
[2020-07-23 14:54:07,252] {logging_mixin.py:112} INFO - [2020-07-23 14:54:07,252] {spark_submit_hook.py:479} INFO - 20/07/23 14:54:07 INFO BlockManagerInfo: Added broadcast_1_piece0 in memory on 192.168.43.94:37647 (size: 4.4 KiB, free: 366.3 MiB)
[2020-07-23 14:54:07,257] {logging_mixin.py:112} INFO - [2020-07-23 14:54:07,257] {spark_submit_hook.py:479} INFO - 20/07/23 14:54:07 INFO SparkContext: Created broadcast 1 from broadcast at DAGScheduler.scala:1200
[2020-07-23 14:54:07,319] {logging_mixin.py:112} INFO - [2020-07-23 14:54:07,318] {spark_submit_hook.py:479} INFO - 20/07/23 14:54:07 INFO DAGScheduler: Submitting 1 missing tasks from ResultStage 0 (PythonRDD[2] at collect at /home/bhakti/airflow/spark_jobs/spark_test.py:8) (first 15 tasks are for partitions Vector(0))
[2020-07-23 14:54:07,323] {logging_mixin.py:112} INFO - [2020-07-23 14:54:07,322] {spark_submit_hook.py:479} INFO - 20/07/23 14:54:07 INFO TaskSchedulerImpl: Adding task set 0.0 with 1 tasks
[2020-07-23 14:54:07,589] {logging_mixin.py:112} INFO - [2020-07-23 14:54:07,589] {spark_submit_hook.py:479} INFO - 20/07/23 14:54:07 INFO TaskSetManager: Starting task 0.0 in stage 0.0 (TID 0, 192.168.43.94, executor driver, partition 0, PROCESS_LOCAL, 7388 bytes)
[2020-07-23 14:54:07,638] {logging_mixin.py:112} INFO - [2020-07-23 14:54:07,638] {spark_submit_hook.py:479} INFO - 20/07/23 14:54:07 INFO Executor: Running task 0.0 in stage 0.0 (TID 0)
[2020-07-23 14:54:08,436] {logging_mixin.py:112} INFO - [2020-07-23 14:54:08,436] {spark_submit_hook.py:479} INFO - 20/07/23 14:54:08 INFO HadoopRDD: Input split: file:/home/bhakti/airflow/input_data/sample.csv:0+93
[2020-07-23 14:54:09,525] {logging_mixin.py:112} INFO - [2020-07-23 14:54:09,525] {spark_submit_hook.py:479} INFO - 20/07/23 14:54:09 INFO PythonRunner: Times: total = 1026, boot = 997, init = 28, finish = 1
[2020-07-23 14:54:09,584] {logging_mixin.py:112} INFO - [2020-07-23 14:54:09,584] {spark_submit_hook.py:479} INFO - 20/07/23 14:54:09 INFO Executor: Finished task 0.0 in stage 0.0 (TID 0). 1822 bytes result sent to driver
[2020-07-23 14:54:09,606] {logging_mixin.py:112} INFO - [2020-07-23 14:54:09,606] {spark_submit_hook.py:479} INFO - 20/07/23 14:54:09 INFO TaskSetManager: Finished task 0.0 in stage 0.0 (TID 0) in 2096 ms on 192.168.43.94 (executor driver) (1/1)
[2020-07-23 14:54:09,615] {logging_mixin.py:112} INFO - [2020-07-23 14:54:09,614] {spark_submit_hook.py:479} INFO - 20/07/23 14:54:09 INFO TaskSchedulerImpl: Removed TaskSet 0.0, whose tasks have all completed, from pool
[2020-07-23 14:54:09,620] {logging_mixin.py:112} INFO - [2020-07-23 14:54:09,619] {spark_submit_hook.py:479} INFO - 20/07/23 14:54:09 INFO PythonAccumulatorV2: Connected to AccumulatorServer at host: 127.0.0.1 port: 34205
[2020-07-23 14:54:09,627] {logging_mixin.py:112} INFO - [2020-07-23 14:54:09,627] {spark_submit_hook.py:479} INFO - 20/07/23 14:54:09 INFO DAGScheduler: ResultStage 0 (collect at /home/bhakti/airflow/spark_jobs/spark_test.py:8) finished in 2.416 s
[2020-07-23 14:54:09,641] {logging_mixin.py:112} INFO - [2020-07-23 14:54:09,641] {spark_submit_hook.py:479} INFO - 20/07/23 14:54:09 INFO DAGScheduler: Job 0 is finished. Cancelling potential speculative or zombie tasks for this job
[2020-07-23 14:54:09,642] {logging_mixin.py:112} INFO - [2020-07-23 14:54:09,642] {spark_submit_hook.py:479} INFO - 20/07/23 14:54:09 INFO TaskSchedulerImpl: Killing all running tasks in stage 0: Stage finished
[2020-07-23 14:54:09,653] {logging_mixin.py:112} INFO - [2020-07-23 14:54:09,653] {spark_submit_hook.py:479} INFO - 20/07/23 14:54:09 INFO DAGScheduler: Job 0 finished: collect at /home/bhakti/airflow/spark_jobs/spark_test.py:8, took 2.564852 s
[2020-07-23 14:54:09,673] {logging_mixin.py:112} INFO - [2020-07-23 14:54:09,673] {spark_submit_hook.py:479} INFO - [('PERSON', 'JOINING_YEAR', 'COMPANY'), ('John', '2018', 'Google'), ('Sam', '2017', 'IBM'), ('Jeff', '2014', 'Yahoo'), ('Allen', '2015', 'Facebook')]
[2020-07-23 14:54:10,682] {logging_mixin.py:112} INFO - [2020-07-23 14:54:10,681] {spark_submit_hook.py:479} INFO - 20/07/23 14:54:10 INFO BlockManagerInfo: Removed broadcast_0_piece0 on 192.168.43.94:37647 in memory (size: 23.4 KiB, free: 366.3 MiB)
[2020-07-23 14:54:10,790] {logging_mixin.py:112} INFO - [2020-07-23 14:54:10,789] {spark_submit_hook.py:479} INFO - 20/07/23 14:54:10 INFO BlockManagerInfo: Removed broadcast_1_piece0 on 192.168.43.94:37647 in memory (size: 4.4 KiB, free: 366.3 MiB)
[2020-07-23 14:54:11,116] {logging_mixin.py:112} INFO - [2020-07-23 14:54:11,115] {spark_submit_hook.py:479} INFO - 20/07/23 14:54:11 INFO SharedState: Setting hive.metastore.warehouse.dir ('null') to the value of spark.sql.warehouse.dir ('file:/home/bhakti/airflow/spark-warehouse').
[2020-07-23 14:54:11,117] {logging_mixin.py:112} INFO - [2020-07-23 14:54:11,116] {spark_submit_hook.py:479} INFO - 20/07/23 14:54:11 INFO SharedState: Warehouse path is 'file:/home/bhakti/airflow/spark-warehouse'.
[2020-07-23 14:54:18,065] {logging_mixin.py:112} INFO - [2020-07-23 14:54:18,065] {spark_submit_hook.py:479} INFO - 20/07/23 14:54:18 INFO CodeGenerator: Code generated in 613.428179 ms
[2020-07-23 14:54:18,152] {logging_mixin.py:112} INFO - [2020-07-23 14:54:18,152] {spark_submit_hook.py:479} INFO - 20/07/23 14:54:18 INFO SparkContext: Starting job: showString at NativeMethodAccessorImpl.java:0
[2020-07-23 14:54:18,155] {logging_mixin.py:112} INFO - [2020-07-23 14:54:18,155] {spark_submit_hook.py:479} INFO - 20/07/23 14:54:18 INFO DAGScheduler: Got job 1 (showString at NativeMethodAccessorImpl.java:0) with 1 output partitions
[2020-07-23 14:54:18,156] {logging_mixin.py:112} INFO - [2020-07-23 14:54:18,155] {spark_submit_hook.py:479} INFO - 20/07/23 14:54:18 INFO DAGScheduler: Final stage: ResultStage 1 (showString at NativeMethodAccessorImpl.java:0)
[2020-07-23 14:54:18,156] {logging_mixin.py:112} INFO - [2020-07-23 14:54:18,156] {spark_submit_hook.py:479} INFO - 20/07/23 14:54:18 INFO DAGScheduler: Parents of final stage: List()
[2020-07-23 14:54:18,157] {logging_mixin.py:112} INFO - [2020-07-23 14:54:18,157] {spark_submit_hook.py:479} INFO - 20/07/23 14:54:18 INFO DAGScheduler: Missing parents: List()
[2020-07-23 14:54:18,171] {logging_mixin.py:112} INFO - [2020-07-23 14:54:18,170] {spark_submit_hook.py:479} INFO - 20/07/23 14:54:18 INFO DAGScheduler: Submitting ResultStage 1 (MapPartitionsRDD[9] at showString at NativeMethodAccessorImpl.java:0), which has no missing parents
[2020-07-23 14:54:18,207] {logging_mixin.py:112} INFO - [2020-07-23 14:54:18,206] {spark_submit_hook.py:479} INFO - 20/07/23 14:54:18 INFO MemoryStore: Block broadcast_2 stored as values in memory (estimated size 11.2 KiB, free 366.3 MiB)
[2020-07-23 14:54:18,214] {logging_mixin.py:112} INFO - [2020-07-23 14:54:18,214] {spark_submit_hook.py:479} INFO - 20/07/23 14:54:18 INFO MemoryStore: Block broadcast_2_piece0 stored as bytes in memory (estimated size 5.8 KiB, free 366.3 MiB)
[2020-07-23 14:54:18,216] {logging_mixin.py:112} INFO - [2020-07-23 14:54:18,216] {spark_submit_hook.py:479} INFO - 20/07/23 14:54:18 INFO BlockManagerInfo: Added broadcast_2_piece0 in memory on 192.168.43.94:37647 (size: 5.8 KiB, free: 366.3 MiB)
[2020-07-23 14:54:18,218] {logging_mixin.py:112} INFO - [2020-07-23 14:54:18,217] {spark_submit_hook.py:479} INFO - 20/07/23 14:54:18 INFO SparkContext: Created broadcast 2 from broadcast at DAGScheduler.scala:1200
[2020-07-23 14:54:18,219] {logging_mixin.py:112} INFO - [2020-07-23 14:54:18,219] {spark_submit_hook.py:479} INFO - 20/07/23 14:54:18 INFO DAGScheduler: Submitting 1 missing tasks from ResultStage 1 (MapPartitionsRDD[9] at showString at NativeMethodAccessorImpl.java:0) (first 15 tasks are for partitions Vector(0))
[2020-07-23 14:54:18,219] {logging_mixin.py:112} INFO - [2020-07-23 14:54:18,219] {spark_submit_hook.py:479} INFO - 20/07/23 14:54:18 INFO TaskSchedulerImpl: Adding task set 1.0 with 1 tasks
[2020-07-23 14:54:18,257] {logging_mixin.py:112} INFO - [2020-07-23 14:54:18,257] {spark_submit_hook.py:479} INFO - 20/07/23 14:54:18 INFO TaskSetManager: Starting task 0.0 in stage 1.0 (TID 1, 192.168.43.94, executor driver, partition 0, PROCESS_LOCAL, 7493 bytes)
[2020-07-23 14:54:18,263] {logging_mixin.py:112} INFO - [2020-07-23 14:54:18,262] {spark_submit_hook.py:479} INFO - 20/07/23 14:54:18 INFO Executor: Running task 0.0 in stage 1.0 (TID 1)
[2020-07-23 14:54:18,436] {logging_mixin.py:112} INFO - [2020-07-23 14:54:18,436] {spark_submit_hook.py:479} INFO - 20/07/23 14:54:18 INFO PythonRunner: Times: total = 2, boot = -8821, init = 8823, finish = 0
[2020-07-23 14:54:18,444] {logging_mixin.py:112} INFO - [2020-07-23 14:54:18,444] {spark_submit_hook.py:479} INFO - 20/07/23 14:54:18 INFO Executor: Finished task 0.0 in stage 1.0 (TID 1). 2235 bytes result sent to driver
[2020-07-23 14:54:18,454] {logging_mixin.py:112} INFO - [2020-07-23 14:54:18,454] {spark_submit_hook.py:479} INFO - 20/07/23 14:54:18 INFO TaskSetManager: Finished task 0.0 in stage 1.0 (TID 1) in 232 ms on 192.168.43.94 (executor driver) (1/1)
[2020-07-23 14:54:18,454] {logging_mixin.py:112} INFO - [2020-07-23 14:54:18,454] {spark_submit_hook.py:479} INFO - 20/07/23 14:54:18 INFO TaskSchedulerImpl: Removed TaskSet 1.0, whose tasks have all completed, from pool
[2020-07-23 14:54:18,459] {logging_mixin.py:112} INFO - [2020-07-23 14:54:18,459] {spark_submit_hook.py:479} INFO - 20/07/23 14:54:18 INFO DAGScheduler: ResultStage 1 (showString at NativeMethodAccessorImpl.java:0) finished in 0.280 s
[2020-07-23 14:54:18,460] {logging_mixin.py:112} INFO - [2020-07-23 14:54:18,459] {spark_submit_hook.py:479} INFO - 20/07/23 14:54:18 INFO DAGScheduler: Job 1 is finished. Cancelling potential speculative or zombie tasks for this job
[2020-07-23 14:54:18,460] {logging_mixin.py:112} INFO - [2020-07-23 14:54:18,460] {spark_submit_hook.py:479} INFO - 20/07/23 14:54:18 INFO TaskSchedulerImpl: Killing all running tasks in stage 1: Stage finished
[2020-07-23 14:54:18,460] {logging_mixin.py:112} INFO - [2020-07-23 14:54:18,460] {spark_submit_hook.py:479} INFO - 20/07/23 14:54:18 INFO DAGScheduler: Job 1 finished: showString at NativeMethodAccessorImpl.java:0, took 0.305983 s
[2020-07-23 14:54:18,581] {logging_mixin.py:112} INFO - [2020-07-23 14:54:18,580] {spark_submit_hook.py:479} INFO - 20/07/23 14:54:18 INFO CodeGenerator: Code generated in 59.268987 ms
[2020-07-23 14:54:18,670] {logging_mixin.py:112} INFO - [2020-07-23 14:54:18,669] {spark_submit_hook.py:479} INFO - +------+------------+--------+
[2020-07-23 14:54:18,670] {logging_mixin.py:112} INFO - [2020-07-23 14:54:18,670] {spark_submit_hook.py:479} INFO - |    _1|          _2|      _3|
[2020-07-23 14:54:18,670] {logging_mixin.py:112} INFO - [2020-07-23 14:54:18,670] {spark_submit_hook.py:479} INFO - +------+------------+--------+
[2020-07-23 14:54:18,671] {logging_mixin.py:112} INFO - [2020-07-23 14:54:18,670] {spark_submit_hook.py:479} INFO - |PERSON|JOINING_YEAR| COMPANY|
[2020-07-23 14:54:18,671] {logging_mixin.py:112} INFO - [2020-07-23 14:54:18,671] {spark_submit_hook.py:479} INFO - |  John|        2018|  Google|
[2020-07-23 14:54:18,671] {logging_mixin.py:112} INFO - [2020-07-23 14:54:18,671] {spark_submit_hook.py:479} INFO - |   Sam|        2017|     IBM|
[2020-07-23 14:54:18,671] {logging_mixin.py:112} INFO - [2020-07-23 14:54:18,671] {spark_submit_hook.py:479} INFO - |  Jeff|        2014|   Yahoo|
[2020-07-23 14:54:18,672] {logging_mixin.py:112} INFO - [2020-07-23 14:54:18,671] {spark_submit_hook.py:479} INFO - | Allen|        2015|Facebook|
[2020-07-23 14:54:18,672] {logging_mixin.py:112} INFO - [2020-07-23 14:54:18,672] {spark_submit_hook.py:479} INFO - +------+------------+--------+
[2020-07-23 14:54:18,672] {logging_mixin.py:112} INFO - [2020-07-23 14:54:18,672] {spark_submit_hook.py:479} INFO - 
[2020-07-23 14:54:18,804] {logging_mixin.py:112} INFO - [2020-07-23 14:54:18,804] {spark_submit_hook.py:479} INFO - 20/07/23 14:54:18 INFO SparkContext: Invoking stop() from shutdown hook
[2020-07-23 14:54:18,839] {logging_mixin.py:112} INFO - [2020-07-23 14:54:18,839] {spark_submit_hook.py:479} INFO - 20/07/23 14:54:18 INFO SparkUI: Stopped Spark web UI at http://192.168.43.94:4043
[2020-07-23 14:54:18,898] {logging_mixin.py:112} INFO - [2020-07-23 14:54:18,898] {spark_submit_hook.py:479} INFO - 20/07/23 14:54:18 INFO MapOutputTrackerMasterEndpoint: MapOutputTrackerMasterEndpoint stopped!
[2020-07-23 14:54:18,928] {logging_mixin.py:112} INFO - [2020-07-23 14:54:18,927] {spark_submit_hook.py:479} INFO - 20/07/23 14:54:18 INFO MemoryStore: MemoryStore cleared
[2020-07-23 14:54:18,930] {logging_mixin.py:112} INFO - [2020-07-23 14:54:18,930] {spark_submit_hook.py:479} INFO - 20/07/23 14:54:18 INFO BlockManager: BlockManager stopped
[2020-07-23 14:54:18,944] {logging_mixin.py:112} INFO - [2020-07-23 14:54:18,943] {spark_submit_hook.py:479} INFO - 20/07/23 14:54:18 INFO BlockManagerMaster: BlockManagerMaster stopped
[2020-07-23 14:54:18,953] {logging_mixin.py:112} INFO - [2020-07-23 14:54:18,953] {spark_submit_hook.py:479} INFO - 20/07/23 14:54:18 INFO OutputCommitCoordinator$OutputCommitCoordinatorEndpoint: OutputCommitCoordinator stopped!
[2020-07-23 14:54:18,970] {logging_mixin.py:112} INFO - [2020-07-23 14:54:18,969] {spark_submit_hook.py:479} INFO - 20/07/23 14:54:18 INFO SparkContext: Successfully stopped SparkContext
[2020-07-23 14:54:18,972] {logging_mixin.py:112} INFO - [2020-07-23 14:54:18,971] {spark_submit_hook.py:479} INFO - 20/07/23 14:54:18 INFO ShutdownHookManager: Shutdown hook called
[2020-07-23 14:54:18,981] {logging_mixin.py:112} INFO - [2020-07-23 14:54:18,981] {spark_submit_hook.py:479} INFO - 20/07/23 14:54:18 INFO ShutdownHookManager: Deleting directory /tmp/spark-e7dc9764-e501-4071-96db-c31992f9d266
[2020-07-23 14:54:18,985] {logging_mixin.py:112} INFO - [2020-07-23 14:54:18,984] {spark_submit_hook.py:479} INFO - 20/07/23 14:54:18 INFO ShutdownHookManager: Deleting directory /tmp/spark-ca7e2563-079c-455f-b423-bc277c291251
[2020-07-23 14:54:18,988] {logging_mixin.py:112} INFO - [2020-07-23 14:54:18,987] {spark_submit_hook.py:479} INFO - 20/07/23 14:54:18 INFO ShutdownHookManager: Deleting directory /tmp/spark-e7dc9764-e501-4071-96db-c31992f9d266/pyspark-6ab8d8a7-55a7-44e0-a524-23c37d9ad3a9
[2020-07-23 14:54:19,118] {taskinstance.py:1052} INFO - Marking task as SUCCESS.dag_id=submit_data, task_id=spark_submit, execution_date=20200721T001400, start_date=20200723T092354, end_date=20200723T092419
[2020-07-23 14:54:24,534] {logging_mixin.py:112} INFO - [2020-07-23 14:54:24,533] {local_task_job.py:103} INFO - Task exited with return code 0
