[2020-07-22 15:46:35,015] {taskinstance.py:669} INFO - Dependencies all met for <TaskInstance: submit_data.spark_submit 2020-07-20T05:22:00+00:00 [queued]>
[2020-07-22 15:46:35,031] {taskinstance.py:669} INFO - Dependencies all met for <TaskInstance: submit_data.spark_submit 2020-07-20T05:22:00+00:00 [queued]>
[2020-07-22 15:46:35,032] {taskinstance.py:879} INFO - 
--------------------------------------------------------------------------------
[2020-07-22 15:46:35,032] {taskinstance.py:880} INFO - Starting attempt 1 of 1
[2020-07-22 15:46:35,032] {taskinstance.py:881} INFO - 
--------------------------------------------------------------------------------
[2020-07-22 15:46:35,166] {taskinstance.py:900} INFO - Executing <Task(SparkSubmitOperator): spark_submit> on 2020-07-20T05:22:00+00:00
[2020-07-22 15:46:35,172] {standard_task_runner.py:53} INFO - Started process 527985 to run task
[2020-07-22 15:46:35,423] {logging_mixin.py:112} INFO - Running %s on host %s <TaskInstance: submit_data.spark_submit 2020-07-20T05:22:00+00:00 [running]> bhakti-Vostro-3558
[2020-07-22 15:46:35,486] {logging_mixin.py:112} INFO - [2020-07-22 15:46:35,485] {base_hook.py:87} INFO - Using connection to: id: spark_local. Host: local, Port: None, Schema: None, Login: None, Password: None, extra: None
[2020-07-22 15:46:35,487] {logging_mixin.py:112} INFO - [2020-07-22 15:46:35,487] {spark_submit_hook.py:325} INFO - Spark-Submit cmd: spark-submit --master local --name airflow-spark /home/bhakti/airflow/spark_jobs/python/spark_test.py
[2020-07-22 15:46:38,757] {logging_mixin.py:112} INFO - [2020-07-22 15:46:38,756] {spark_submit_hook.py:479} INFO - 20/07/22 15:46:38 WARN Utils: Your hostname, bhakti-Vostro-3558 resolves to a loopback address: 127.0.1.1; using 192.168.43.94 instead (on interface wlp6s0)
[2020-07-22 15:46:38,758] {logging_mixin.py:112} INFO - [2020-07-22 15:46:38,758] {spark_submit_hook.py:479} INFO - 20/07/22 15:46:38 WARN Utils: Set SPARK_LOCAL_IP if you need to bind to another address
[2020-07-22 15:46:41,070] {logging_mixin.py:112} INFO - [2020-07-22 15:46:41,070] {spark_submit_hook.py:479} INFO - 20/07/22 15:46:41 WARN NativeCodeLoader: Unable to load native-hadoop library for your platform... using builtin-java classes where applicable
[2020-07-22 15:46:43,679] {logging_mixin.py:112} INFO - [2020-07-22 15:46:43,679] {spark_submit_hook.py:479} INFO - Using Spark's default log4j profile: org/apache/spark/log4j-defaults.properties
[2020-07-22 15:46:43,693] {logging_mixin.py:112} INFO - [2020-07-22 15:46:43,692] {spark_submit_hook.py:479} INFO - 20/07/22 15:46:43 INFO SparkContext: Running Spark version 3.0.0
[2020-07-22 15:46:43,758] {logging_mixin.py:112} INFO - [2020-07-22 15:46:43,758] {spark_submit_hook.py:479} INFO - 20/07/22 15:46:43 INFO ResourceUtils: ==============================================================
[2020-07-22 15:46:43,760] {logging_mixin.py:112} INFO - [2020-07-22 15:46:43,760] {spark_submit_hook.py:479} INFO - 20/07/22 15:46:43 INFO ResourceUtils: Resources for spark.driver:
[2020-07-22 15:46:43,761] {logging_mixin.py:112} INFO - [2020-07-22 15:46:43,760] {spark_submit_hook.py:479} INFO - 
[2020-07-22 15:46:43,761] {logging_mixin.py:112} INFO - [2020-07-22 15:46:43,761] {spark_submit_hook.py:479} INFO - 20/07/22 15:46:43 INFO ResourceUtils: ==============================================================
[2020-07-22 15:46:43,762] {logging_mixin.py:112} INFO - [2020-07-22 15:46:43,761] {spark_submit_hook.py:479} INFO - 20/07/22 15:46:43 INFO SparkContext: Submitted application: Spark_Test_Python
[2020-07-22 15:46:43,881] {logging_mixin.py:112} INFO - [2020-07-22 15:46:43,881] {spark_submit_hook.py:479} INFO - 20/07/22 15:46:43 INFO SecurityManager: Changing view acls to: bhakti
[2020-07-22 15:46:43,882] {logging_mixin.py:112} INFO - [2020-07-22 15:46:43,882] {spark_submit_hook.py:479} INFO - 20/07/22 15:46:43 INFO SecurityManager: Changing modify acls to: bhakti
[2020-07-22 15:46:43,882] {logging_mixin.py:112} INFO - [2020-07-22 15:46:43,882] {spark_submit_hook.py:479} INFO - 20/07/22 15:46:43 INFO SecurityManager: Changing view acls groups to:
[2020-07-22 15:46:43,883] {logging_mixin.py:112} INFO - [2020-07-22 15:46:43,883] {spark_submit_hook.py:479} INFO - 20/07/22 15:46:43 INFO SecurityManager: Changing modify acls groups to:
[2020-07-22 15:46:43,884] {logging_mixin.py:112} INFO - [2020-07-22 15:46:43,884] {spark_submit_hook.py:479} INFO - 20/07/22 15:46:43 INFO SecurityManager: SecurityManager: authentication disabled; ui acls disabled; users  with view permissions: Set(bhakti); groups with view permissions: Set(); users  with modify permissions: Set(bhakti); groups with modify permissions: Set()
[2020-07-22 15:46:44,490] {logging_mixin.py:112} INFO - [2020-07-22 15:46:44,489] {spark_submit_hook.py:479} INFO - 20/07/22 15:46:44 INFO Utils: Successfully started service 'sparkDriver' on port 37183.
[2020-07-22 15:46:44,546] {logging_mixin.py:112} INFO - [2020-07-22 15:46:44,546] {spark_submit_hook.py:479} INFO - 20/07/22 15:46:44 INFO SparkEnv: Registering MapOutputTracker
[2020-07-22 15:46:44,612] {logging_mixin.py:112} INFO - [2020-07-22 15:46:44,612] {spark_submit_hook.py:479} INFO - 20/07/22 15:46:44 INFO SparkEnv: Registering BlockManagerMaster
[2020-07-22 15:46:44,687] {logging_mixin.py:112} INFO - [2020-07-22 15:46:44,687] {spark_submit_hook.py:479} INFO - 20/07/22 15:46:44 INFO BlockManagerMasterEndpoint: Using org.apache.spark.storage.DefaultTopologyMapper for getting topology information
[2020-07-22 15:46:44,689] {logging_mixin.py:112} INFO - [2020-07-22 15:46:44,689] {spark_submit_hook.py:479} INFO - 20/07/22 15:46:44 INFO BlockManagerMasterEndpoint: BlockManagerMasterEndpoint up
[2020-07-22 15:46:44,717] {logging_mixin.py:112} INFO - [2020-07-22 15:46:44,717] {spark_submit_hook.py:479} INFO - 20/07/22 15:46:44 INFO SparkEnv: Registering BlockManagerMasterHeartbeat
[2020-07-22 15:46:44,763] {logging_mixin.py:112} INFO - [2020-07-22 15:46:44,763] {spark_submit_hook.py:479} INFO - 20/07/22 15:46:44 INFO DiskBlockManager: Created local directory at /tmp/blockmgr-88104d9f-af68-4c4c-a922-a9c93c623253
[2020-07-22 15:46:44,848] {logging_mixin.py:112} INFO - [2020-07-22 15:46:44,848] {spark_submit_hook.py:479} INFO - 20/07/22 15:46:44 INFO MemoryStore: MemoryStore started with capacity 366.3 MiB
[2020-07-22 15:46:44,902] {logging_mixin.py:112} INFO - [2020-07-22 15:46:44,902] {spark_submit_hook.py:479} INFO - 20/07/22 15:46:44 INFO SparkEnv: Registering OutputCommitCoordinator
[2020-07-22 15:46:45,536] {logging_mixin.py:112} INFO - [2020-07-22 15:46:45,536] {spark_submit_hook.py:479} INFO - 20/07/22 15:46:45 WARN Utils: Service 'SparkUI' could not bind on port 4040. Attempting port 4041.
[2020-07-22 15:46:45,537] {logging_mixin.py:112} INFO - [2020-07-22 15:46:45,537] {spark_submit_hook.py:479} INFO - 20/07/22 15:46:45 WARN Utils: Service 'SparkUI' could not bind on port 4041. Attempting port 4042.
[2020-07-22 15:46:45,537] {logging_mixin.py:112} INFO - [2020-07-22 15:46:45,537] {spark_submit_hook.py:479} INFO - 20/07/22 15:46:45 WARN Utils: Service 'SparkUI' could not bind on port 4042. Attempting port 4043.
[2020-07-22 15:46:45,558] {logging_mixin.py:112} INFO - [2020-07-22 15:46:45,557] {spark_submit_hook.py:479} INFO - 20/07/22 15:46:45 INFO Utils: Successfully started service 'SparkUI' on port 4043.
[2020-07-22 15:46:45,706] {logging_mixin.py:112} INFO - [2020-07-22 15:46:45,705] {spark_submit_hook.py:479} INFO - 20/07/22 15:46:45 INFO SparkUI: Bound SparkUI to 0.0.0.0, and started at http://192.168.43.94:4043
[2020-07-22 15:46:46,396] {logging_mixin.py:112} INFO - [2020-07-22 15:46:46,396] {spark_submit_hook.py:479} INFO - 20/07/22 15:46:46 INFO Executor: Starting executor ID driver on host 192.168.43.94
[2020-07-22 15:46:46,473] {logging_mixin.py:112} INFO - [2020-07-22 15:46:46,472] {spark_submit_hook.py:479} INFO - 20/07/22 15:46:46 INFO Utils: Successfully started service 'org.apache.spark.network.netty.NettyBlockTransferService' on port 45203.
[2020-07-22 15:46:46,476] {logging_mixin.py:112} INFO - [2020-07-22 15:46:46,475] {spark_submit_hook.py:479} INFO - 20/07/22 15:46:46 INFO NettyBlockTransferService: Server created on 192.168.43.94:45203
[2020-07-22 15:46:46,478] {logging_mixin.py:112} INFO - [2020-07-22 15:46:46,478] {spark_submit_hook.py:479} INFO - 20/07/22 15:46:46 INFO BlockManager: Using org.apache.spark.storage.RandomBlockReplicationPolicy for block replication policy
[2020-07-22 15:46:46,490] {logging_mixin.py:112} INFO - [2020-07-22 15:46:46,489] {spark_submit_hook.py:479} INFO - 20/07/22 15:46:46 INFO BlockManagerMaster: Registering BlockManager BlockManagerId(driver, 192.168.43.94, 45203, None)
[2020-07-22 15:46:46,506] {logging_mixin.py:112} INFO - [2020-07-22 15:46:46,500] {spark_submit_hook.py:479} INFO - 20/07/22 15:46:46 INFO BlockManagerMasterEndpoint: Registering block manager 192.168.43.94:45203 with 366.3 MiB RAM, BlockManagerId(driver, 192.168.43.94, 45203, None)
[2020-07-22 15:46:46,507] {logging_mixin.py:112} INFO - [2020-07-22 15:46:46,507] {spark_submit_hook.py:479} INFO - 20/07/22 15:46:46 INFO BlockManagerMaster: Registered BlockManager BlockManagerId(driver, 192.168.43.94, 45203, None)
[2020-07-22 15:46:46,508] {logging_mixin.py:112} INFO - [2020-07-22 15:46:46,508] {spark_submit_hook.py:479} INFO - 20/07/22 15:46:46 INFO BlockManager: Initialized BlockManager: BlockManagerId(driver, 192.168.43.94, 45203, None)
[2020-07-22 15:46:48,755] {logging_mixin.py:112} INFO - [2020-07-22 15:46:48,755] {spark_submit_hook.py:479} INFO - 20/07/22 15:46:48 INFO MemoryStore: Block broadcast_0 stored as values in memory (estimated size 241.5 KiB, free 366.1 MiB)
[2020-07-22 15:46:49,195] {logging_mixin.py:112} INFO - [2020-07-22 15:46:49,195] {spark_submit_hook.py:479} INFO - 20/07/22 15:46:49 INFO MemoryStore: Block broadcast_0_piece0 stored as bytes in memory (estimated size 23.4 KiB, free 366.0 MiB)
[2020-07-22 15:46:49,203] {logging_mixin.py:112} INFO - [2020-07-22 15:46:49,203] {spark_submit_hook.py:479} INFO - 20/07/22 15:46:49 INFO BlockManagerInfo: Added broadcast_0_piece0 in memory on 192.168.43.94:45203 (size: 23.4 KiB, free: 366.3 MiB)
[2020-07-22 15:46:49,223] {logging_mixin.py:112} INFO - [2020-07-22 15:46:49,223] {spark_submit_hook.py:479} INFO - 20/07/22 15:46:49 INFO SparkContext: Created broadcast 0 from textFile at NativeMethodAccessorImpl.java:0
[2020-07-22 15:46:49,651] {logging_mixin.py:112} INFO - [2020-07-22 15:46:49,651] {spark_submit_hook.py:479} INFO - 20/07/22 15:46:49 INFO FileInputFormat: Total input paths to process : 1
[2020-07-22 15:46:49,898] {logging_mixin.py:112} INFO - [2020-07-22 15:46:49,898] {spark_submit_hook.py:479} INFO - 20/07/22 15:46:49 INFO SparkContext: Starting job: collect at /home/bhakti/airflow/spark_jobs/python/spark_test.py:5
[2020-07-22 15:46:49,952] {logging_mixin.py:112} INFO - [2020-07-22 15:46:49,951] {spark_submit_hook.py:479} INFO - 20/07/22 15:46:49 INFO DAGScheduler: Got job 0 (collect at /home/bhakti/airflow/spark_jobs/python/spark_test.py:5) with 1 output partitions
[2020-07-22 15:46:49,954] {logging_mixin.py:112} INFO - [2020-07-22 15:46:49,953] {spark_submit_hook.py:479} INFO - 20/07/22 15:46:49 INFO DAGScheduler: Final stage: ResultStage 0 (collect at /home/bhakti/airflow/spark_jobs/python/spark_test.py:5)
[2020-07-22 15:46:49,958] {logging_mixin.py:112} INFO - [2020-07-22 15:46:49,958] {spark_submit_hook.py:479} INFO - 20/07/22 15:46:49 INFO DAGScheduler: Parents of final stage: List()
[2020-07-22 15:46:49,963] {logging_mixin.py:112} INFO - [2020-07-22 15:46:49,962] {spark_submit_hook.py:479} INFO - 20/07/22 15:46:49 INFO DAGScheduler: Missing parents: List()
[2020-07-22 15:46:50,001] {logging_mixin.py:112} INFO - [2020-07-22 15:46:50,000] {spark_submit_hook.py:479} INFO - 20/07/22 15:46:50 INFO DAGScheduler: Submitting ResultStage 0 (PythonRDD[2] at collect at /home/bhakti/airflow/spark_jobs/python/spark_test.py:5), which has no missing parents
[2020-07-22 15:46:50,072] {logging_mixin.py:112} INFO - [2020-07-22 15:46:50,071] {spark_submit_hook.py:479} INFO - 20/07/22 15:46:50 INFO MemoryStore: Block broadcast_1 stored as values in memory (estimated size 7.4 KiB, free 366.0 MiB)
[2020-07-22 15:46:50,087] {logging_mixin.py:112} INFO - [2020-07-22 15:46:50,086] {spark_submit_hook.py:479} INFO - 20/07/22 15:46:50 INFO MemoryStore: Block broadcast_1_piece0 stored as bytes in memory (estimated size 4.4 KiB, free 366.0 MiB)
[2020-07-22 15:46:50,090] {logging_mixin.py:112} INFO - [2020-07-22 15:46:50,089] {spark_submit_hook.py:479} INFO - 20/07/22 15:46:50 INFO BlockManagerInfo: Added broadcast_1_piece0 in memory on 192.168.43.94:45203 (size: 4.4 KiB, free: 366.3 MiB)
[2020-07-22 15:46:50,093] {logging_mixin.py:112} INFO - [2020-07-22 15:46:50,093] {spark_submit_hook.py:479} INFO - 20/07/22 15:46:50 INFO SparkContext: Created broadcast 1 from broadcast at DAGScheduler.scala:1200
[2020-07-22 15:46:50,157] {logging_mixin.py:112} INFO - [2020-07-22 15:46:50,157] {spark_submit_hook.py:479} INFO - 20/07/22 15:46:50 INFO DAGScheduler: Submitting 1 missing tasks from ResultStage 0 (PythonRDD[2] at collect at /home/bhakti/airflow/spark_jobs/python/spark_test.py:5) (first 15 tasks are for partitions Vector(0))
[2020-07-22 15:46:50,161] {logging_mixin.py:112} INFO - [2020-07-22 15:46:50,160] {spark_submit_hook.py:479} INFO - 20/07/22 15:46:50 INFO TaskSchedulerImpl: Adding task set 0.0 with 1 tasks
[2020-07-22 15:46:50,307] {logging_mixin.py:112} INFO - [2020-07-22 15:46:50,307] {spark_submit_hook.py:479} INFO - 20/07/22 15:46:50 INFO TaskSetManager: Starting task 0.0 in stage 0.0 (TID 0, 192.168.43.94, executor driver, partition 0, PROCESS_LOCAL, 7388 bytes)
[2020-07-22 15:46:50,350] {logging_mixin.py:112} INFO - [2020-07-22 15:46:50,350] {spark_submit_hook.py:479} INFO - 20/07/22 15:46:50 INFO Executor: Running task 0.0 in stage 0.0 (TID 0)
[2020-07-22 15:46:51,381] {logging_mixin.py:112} INFO - [2020-07-22 15:46:51,381] {spark_submit_hook.py:479} INFO - 20/07/22 15:46:51 INFO HadoopRDD: Input split: file:/home/bhakti/airflow/input_data/sample.csv:0+93
[2020-07-22 15:46:52,792] {logging_mixin.py:112} INFO - [2020-07-22 15:46:52,792] {spark_submit_hook.py:479} INFO - 20/07/22 15:46:52 INFO PythonRunner: Times: total = 1319, boot = 1288, init = 30, finish = 1
[2020-07-22 15:46:52,857] {logging_mixin.py:112} INFO - [2020-07-22 15:46:52,857] {spark_submit_hook.py:479} INFO - 20/07/22 15:46:52 INFO Executor: Finished task 0.0 in stage 0.0 (TID 0). 1732 bytes result sent to driver
[2020-07-22 15:46:52,894] {logging_mixin.py:112} INFO - [2020-07-22 15:46:52,894] {spark_submit_hook.py:479} INFO - 20/07/22 15:46:52 INFO TaskSetManager: Finished task 0.0 in stage 0.0 (TID 0) in 2626 ms on 192.168.43.94 (executor driver) (1/1)
[2020-07-22 15:46:52,899] {logging_mixin.py:112} INFO - [2020-07-22 15:46:52,899] {spark_submit_hook.py:479} INFO - 20/07/22 15:46:52 INFO TaskSchedulerImpl: Removed TaskSet 0.0, whose tasks have all completed, from pool
[2020-07-22 15:46:52,906] {logging_mixin.py:112} INFO - [2020-07-22 15:46:52,906] {spark_submit_hook.py:479} INFO - 20/07/22 15:46:52 INFO PythonAccumulatorV2: Connected to AccumulatorServer at host: 127.0.0.1 port: 56803
[2020-07-22 15:46:52,917] {logging_mixin.py:112} INFO - [2020-07-22 15:46:52,917] {spark_submit_hook.py:479} INFO - 20/07/22 15:46:52 INFO DAGScheduler: ResultStage 0 (collect at /home/bhakti/airflow/spark_jobs/python/spark_test.py:5) finished in 2.862 s
[2020-07-22 15:46:52,930] {logging_mixin.py:112} INFO - [2020-07-22 15:46:52,930] {spark_submit_hook.py:479} INFO - 20/07/22 15:46:52 INFO DAGScheduler: Job 0 is finished. Cancelling potential speculative or zombie tasks for this job
[2020-07-22 15:46:52,932] {logging_mixin.py:112} INFO - [2020-07-22 15:46:52,931] {spark_submit_hook.py:479} INFO - 20/07/22 15:46:52 INFO TaskSchedulerImpl: Killing all running tasks in stage 0: Stage finished
[2020-07-22 15:46:52,947] {logging_mixin.py:112} INFO - [2020-07-22 15:46:52,946] {spark_submit_hook.py:479} INFO - 20/07/22 15:46:52 INFO DAGScheduler: Job 0 finished: collect at /home/bhakti/airflow/spark_jobs/python/spark_test.py:5, took 3.041900 s
[2020-07-22 15:46:52,967] {logging_mixin.py:112} INFO - [2020-07-22 15:46:52,967] {spark_submit_hook.py:479} INFO - [('PERSON', 'JOINING_YEAR'), ('John', '2018'), ('Sam', '2017'), ('Jeff', '2014'), ('Allen', '2015')]
[2020-07-22 15:46:53,037] {logging_mixin.py:112} INFO - [2020-07-22 15:46:53,036] {spark_submit_hook.py:479} INFO - 20/07/22 15:46:53 INFO SparkContext: Invoking stop() from shutdown hook
[2020-07-22 15:46:53,081] {logging_mixin.py:112} INFO - [2020-07-22 15:46:53,081] {spark_submit_hook.py:479} INFO - 20/07/22 15:46:53 INFO SparkUI: Stopped Spark web UI at http://192.168.43.94:4043
[2020-07-22 15:46:53,124] {logging_mixin.py:112} INFO - [2020-07-22 15:46:53,123] {spark_submit_hook.py:479} INFO - 20/07/22 15:46:53 INFO MapOutputTrackerMasterEndpoint: MapOutputTrackerMasterEndpoint stopped!
[2020-07-22 15:46:53,134] {logging_mixin.py:112} INFO - [2020-07-22 15:46:53,134] {spark_submit_hook.py:479} INFO - 20/07/22 15:46:53 INFO MemoryStore: MemoryStore cleared
[2020-07-22 15:46:53,135] {logging_mixin.py:112} INFO - [2020-07-22 15:46:53,135] {spark_submit_hook.py:479} INFO - 20/07/22 15:46:53 INFO BlockManager: BlockManager stopped
[2020-07-22 15:46:53,151] {logging_mixin.py:112} INFO - [2020-07-22 15:46:53,151] {spark_submit_hook.py:479} INFO - 20/07/22 15:46:53 INFO BlockManagerMaster: BlockManagerMaster stopped
[2020-07-22 15:46:53,156] {logging_mixin.py:112} INFO - [2020-07-22 15:46:53,156] {spark_submit_hook.py:479} INFO - 20/07/22 15:46:53 INFO OutputCommitCoordinator$OutputCommitCoordinatorEndpoint: OutputCommitCoordinator stopped!
[2020-07-22 15:46:53,163] {logging_mixin.py:112} INFO - [2020-07-22 15:46:53,162] {spark_submit_hook.py:479} INFO - 20/07/22 15:46:53 INFO SparkContext: Successfully stopped SparkContext
[2020-07-22 15:46:53,163] {logging_mixin.py:112} INFO - [2020-07-22 15:46:53,163] {spark_submit_hook.py:479} INFO - 20/07/22 15:46:53 INFO ShutdownHookManager: Shutdown hook called
[2020-07-22 15:46:53,164] {logging_mixin.py:112} INFO - [2020-07-22 15:46:53,164] {spark_submit_hook.py:479} INFO - 20/07/22 15:46:53 INFO ShutdownHookManager: Deleting directory /tmp/spark-a7fa0f0b-7df0-4763-a8eb-ef7c9cd8df6a/pyspark-2c9ba897-e331-4925-addd-1ad97fa61cd0
[2020-07-22 15:46:53,168] {logging_mixin.py:112} INFO - [2020-07-22 15:46:53,168] {spark_submit_hook.py:479} INFO - 20/07/22 15:46:53 INFO ShutdownHookManager: Deleting directory /tmp/spark-a7fa0f0b-7df0-4763-a8eb-ef7c9cd8df6a
[2020-07-22 15:46:53,178] {logging_mixin.py:112} INFO - [2020-07-22 15:46:53,178] {spark_submit_hook.py:479} INFO - 20/07/22 15:46:53 INFO ShutdownHookManager: Deleting directory /tmp/spark-09069b34-60b8-44db-ade7-6a692c253a03
[2020-07-22 15:46:53,248] {taskinstance.py:1052} INFO - Marking task as SUCCESS.dag_id=submit_data, task_id=spark_submit, execution_date=20200720T052200, start_date=20200722T101635, end_date=20200722T101653
[2020-07-22 15:46:55,200] {logging_mixin.py:112} INFO - [2020-07-22 15:46:55,200] {local_task_job.py:103} INFO - Task exited with return code 0
