[2020-07-22 17:46:50,129] {taskinstance.py:669} INFO - Dependencies all met for <TaskInstance: submit_data.spark_submit 2020-07-20T08:10:00+00:00 [queued]>
[2020-07-22 17:46:50,149] {taskinstance.py:669} INFO - Dependencies all met for <TaskInstance: submit_data.spark_submit 2020-07-20T08:10:00+00:00 [queued]>
[2020-07-22 17:46:50,149] {taskinstance.py:879} INFO - 
--------------------------------------------------------------------------------
[2020-07-22 17:46:50,149] {taskinstance.py:880} INFO - Starting attempt 1 of 1
[2020-07-22 17:46:50,150] {taskinstance.py:881} INFO - 
--------------------------------------------------------------------------------
[2020-07-22 17:46:50,335] {taskinstance.py:900} INFO - Executing <Task(SparkSubmitOperator): spark_submit> on 2020-07-20T08:10:00+00:00
[2020-07-22 17:46:50,338] {standard_task_runner.py:53} INFO - Started process 677649 to run task
[2020-07-22 17:46:50,492] {logging_mixin.py:112} INFO - Running %s on host %s <TaskInstance: submit_data.spark_submit 2020-07-20T08:10:00+00:00 [running]> bhakti-Vostro-3558
[2020-07-22 17:46:50,520] {logging_mixin.py:112} INFO - [2020-07-22 17:46:50,519] {base_hook.py:87} INFO - Using connection to: id: spark_local. Host: local, Port: None, Schema: None, Login: None, Password: None, extra: None
[2020-07-22 17:46:50,521] {logging_mixin.py:112} INFO - [2020-07-22 17:46:50,521] {spark_submit_hook.py:325} INFO - Spark-Submit cmd: spark-submit --master local --name airflow-spark /home/bhakti/airflow/spark_jobs/spark_test.py
[2020-07-22 17:46:53,474] {logging_mixin.py:112} INFO - [2020-07-22 17:46:53,474] {spark_submit_hook.py:479} INFO - 20/07/22 17:46:53 WARN Utils: Your hostname, bhakti-Vostro-3558 resolves to a loopback address: 127.0.1.1; using 192.168.43.94 instead (on interface wlp6s0)
[2020-07-22 17:46:53,476] {logging_mixin.py:112} INFO - [2020-07-22 17:46:53,476] {spark_submit_hook.py:479} INFO - 20/07/22 17:46:53 WARN Utils: Set SPARK_LOCAL_IP if you need to bind to another address
[2020-07-22 17:46:55,925] {logging_mixin.py:112} INFO - [2020-07-22 17:46:55,925] {spark_submit_hook.py:479} INFO - 20/07/22 17:46:55 WARN NativeCodeLoader: Unable to load native-hadoop library for your platform... using builtin-java classes where applicable
[2020-07-22 17:46:58,932] {logging_mixin.py:112} INFO - [2020-07-22 17:46:58,931] {spark_submit_hook.py:479} INFO - Using Spark's default log4j profile: org/apache/spark/log4j-defaults.properties
[2020-07-22 17:46:58,950] {logging_mixin.py:112} INFO - [2020-07-22 17:46:58,949] {spark_submit_hook.py:479} INFO - 20/07/22 17:46:58 INFO SparkContext: Running Spark version 3.0.0
[2020-07-22 17:46:59,029] {logging_mixin.py:112} INFO - [2020-07-22 17:46:59,029] {spark_submit_hook.py:479} INFO - 20/07/22 17:46:59 INFO ResourceUtils: ==============================================================
[2020-07-22 17:46:59,032] {logging_mixin.py:112} INFO - [2020-07-22 17:46:59,031] {spark_submit_hook.py:479} INFO - 20/07/22 17:46:59 INFO ResourceUtils: Resources for spark.driver:
[2020-07-22 17:46:59,032] {logging_mixin.py:112} INFO - [2020-07-22 17:46:59,032] {spark_submit_hook.py:479} INFO - 
[2020-07-22 17:46:59,033] {logging_mixin.py:112} INFO - [2020-07-22 17:46:59,032] {spark_submit_hook.py:479} INFO - 20/07/22 17:46:59 INFO ResourceUtils: ==============================================================
[2020-07-22 17:46:59,034] {logging_mixin.py:112} INFO - [2020-07-22 17:46:59,034] {spark_submit_hook.py:479} INFO - 20/07/22 17:46:59 INFO SparkContext: Submitted application: Spark_Test_Python
[2020-07-22 17:46:59,132] {logging_mixin.py:112} INFO - [2020-07-22 17:46:59,132] {spark_submit_hook.py:479} INFO - 20/07/22 17:46:59 INFO SecurityManager: Changing view acls to: bhakti
[2020-07-22 17:46:59,133] {logging_mixin.py:112} INFO - [2020-07-22 17:46:59,132] {spark_submit_hook.py:479} INFO - 20/07/22 17:46:59 INFO SecurityManager: Changing modify acls to: bhakti
[2020-07-22 17:46:59,133] {logging_mixin.py:112} INFO - [2020-07-22 17:46:59,133] {spark_submit_hook.py:479} INFO - 20/07/22 17:46:59 INFO SecurityManager: Changing view acls groups to:
[2020-07-22 17:46:59,133] {logging_mixin.py:112} INFO - [2020-07-22 17:46:59,133] {spark_submit_hook.py:479} INFO - 20/07/22 17:46:59 INFO SecurityManager: Changing modify acls groups to:
[2020-07-22 17:46:59,134] {logging_mixin.py:112} INFO - [2020-07-22 17:46:59,133] {spark_submit_hook.py:479} INFO - 20/07/22 17:46:59 INFO SecurityManager: SecurityManager: authentication disabled; ui acls disabled; users  with view permissions: Set(bhakti); groups with view permissions: Set(); users  with modify permissions: Set(bhakti); groups with modify permissions: Set()
[2020-07-22 17:46:59,875] {logging_mixin.py:112} INFO - [2020-07-22 17:46:59,875] {spark_submit_hook.py:479} INFO - 20/07/22 17:46:59 INFO Utils: Successfully started service 'sparkDriver' on port 36649.
[2020-07-22 17:47:00,058] {logging_mixin.py:112} INFO - [2020-07-22 17:47:00,058] {spark_submit_hook.py:479} INFO - 20/07/22 17:47:00 INFO SparkEnv: Registering MapOutputTracker
[2020-07-22 17:47:00,260] {logging_mixin.py:112} INFO - [2020-07-22 17:47:00,259] {spark_submit_hook.py:479} INFO - 20/07/22 17:47:00 INFO SparkEnv: Registering BlockManagerMaster
[2020-07-22 17:47:00,395] {logging_mixin.py:112} INFO - [2020-07-22 17:47:00,395] {spark_submit_hook.py:479} INFO - 20/07/22 17:47:00 INFO BlockManagerMasterEndpoint: Using org.apache.spark.storage.DefaultTopologyMapper for getting topology information
[2020-07-22 17:47:00,398] {logging_mixin.py:112} INFO - [2020-07-22 17:47:00,398] {spark_submit_hook.py:479} INFO - 20/07/22 17:47:00 INFO BlockManagerMasterEndpoint: BlockManagerMasterEndpoint up
[2020-07-22 17:47:00,411] {logging_mixin.py:112} INFO - [2020-07-22 17:47:00,410] {spark_submit_hook.py:479} INFO - 20/07/22 17:47:00 INFO SparkEnv: Registering BlockManagerMasterHeartbeat
[2020-07-22 17:47:00,473] {logging_mixin.py:112} INFO - [2020-07-22 17:47:00,473] {spark_submit_hook.py:479} INFO - 20/07/22 17:47:00 INFO DiskBlockManager: Created local directory at /tmp/blockmgr-4bb00ff9-d759-424e-a68d-09118e10da9e
[2020-07-22 17:47:00,541] {logging_mixin.py:112} INFO - [2020-07-22 17:47:00,541] {spark_submit_hook.py:479} INFO - 20/07/22 17:47:00 INFO MemoryStore: MemoryStore started with capacity 366.3 MiB
[2020-07-22 17:47:00,618] {logging_mixin.py:112} INFO - [2020-07-22 17:47:00,618] {spark_submit_hook.py:479} INFO - 20/07/22 17:47:00 INFO SparkEnv: Registering OutputCommitCoordinator
[2020-07-22 17:47:01,180] {logging_mixin.py:112} INFO - [2020-07-22 17:47:01,180] {spark_submit_hook.py:479} INFO - 20/07/22 17:47:01 WARN Utils: Service 'SparkUI' could not bind on port 4040. Attempting port 4041.
[2020-07-22 17:47:01,182] {logging_mixin.py:112} INFO - [2020-07-22 17:47:01,181] {spark_submit_hook.py:479} INFO - 20/07/22 17:47:01 WARN Utils: Service 'SparkUI' could not bind on port 4041. Attempting port 4042.
[2020-07-22 17:47:01,205] {logging_mixin.py:112} INFO - [2020-07-22 17:47:01,205] {spark_submit_hook.py:479} INFO - 20/07/22 17:47:01 INFO Utils: Successfully started service 'SparkUI' on port 4042.
[2020-07-22 17:47:01,575] {logging_mixin.py:112} INFO - [2020-07-22 17:47:01,575] {spark_submit_hook.py:479} INFO - 20/07/22 17:47:01 INFO SparkUI: Bound SparkUI to 0.0.0.0, and started at http://192.168.43.94:4042
[2020-07-22 17:47:02,689] {logging_mixin.py:112} INFO - [2020-07-22 17:47:02,689] {spark_submit_hook.py:479} INFO - 20/07/22 17:47:02 INFO Executor: Starting executor ID driver on host 192.168.43.94
[2020-07-22 17:47:02,757] {logging_mixin.py:112} INFO - [2020-07-22 17:47:02,757] {spark_submit_hook.py:479} INFO - 20/07/22 17:47:02 INFO Utils: Successfully started service 'org.apache.spark.network.netty.NettyBlockTransferService' on port 32781.
[2020-07-22 17:47:02,758] {logging_mixin.py:112} INFO - [2020-07-22 17:47:02,758] {spark_submit_hook.py:479} INFO - 20/07/22 17:47:02 INFO NettyBlockTransferService: Server created on 192.168.43.94:32781
[2020-07-22 17:47:02,761] {logging_mixin.py:112} INFO - [2020-07-22 17:47:02,760] {spark_submit_hook.py:479} INFO - 20/07/22 17:47:02 INFO BlockManager: Using org.apache.spark.storage.RandomBlockReplicationPolicy for block replication policy
[2020-07-22 17:47:02,778] {logging_mixin.py:112} INFO - [2020-07-22 17:47:02,777] {spark_submit_hook.py:479} INFO - 20/07/22 17:47:02 INFO BlockManagerMaster: Registering BlockManager BlockManagerId(driver, 192.168.43.94, 32781, None)
[2020-07-22 17:47:02,786] {logging_mixin.py:112} INFO - [2020-07-22 17:47:02,786] {spark_submit_hook.py:479} INFO - 20/07/22 17:47:02 INFO BlockManagerMasterEndpoint: Registering block manager 192.168.43.94:32781 with 366.3 MiB RAM, BlockManagerId(driver, 192.168.43.94, 32781, None)
[2020-07-22 17:47:02,790] {logging_mixin.py:112} INFO - [2020-07-22 17:47:02,790] {spark_submit_hook.py:479} INFO - 20/07/22 17:47:02 INFO BlockManagerMaster: Registered BlockManager BlockManagerId(driver, 192.168.43.94, 32781, None)
[2020-07-22 17:47:02,793] {logging_mixin.py:112} INFO - [2020-07-22 17:47:02,793] {spark_submit_hook.py:479} INFO - 20/07/22 17:47:02 INFO BlockManager: Initialized BlockManager: BlockManagerId(driver, 192.168.43.94, 32781, None)
[2020-07-22 17:47:05,047] {logging_mixin.py:112} INFO - [2020-07-22 17:47:05,047] {spark_submit_hook.py:479} INFO - 20/07/22 17:47:05 INFO MemoryStore: Block broadcast_0 stored as values in memory (estimated size 241.5 KiB, free 366.1 MiB)
[2020-07-22 17:47:05,376] {logging_mixin.py:112} INFO - [2020-07-22 17:47:05,375] {spark_submit_hook.py:479} INFO - 20/07/22 17:47:05 INFO MemoryStore: Block broadcast_0_piece0 stored as bytes in memory (estimated size 23.4 KiB, free 366.0 MiB)
[2020-07-22 17:47:05,395] {logging_mixin.py:112} INFO - [2020-07-22 17:47:05,394] {spark_submit_hook.py:479} INFO - 20/07/22 17:47:05 INFO BlockManagerInfo: Added broadcast_0_piece0 in memory on 192.168.43.94:32781 (size: 23.4 KiB, free: 366.3 MiB)
[2020-07-22 17:47:05,433] {logging_mixin.py:112} INFO - [2020-07-22 17:47:05,433] {spark_submit_hook.py:479} INFO - 20/07/22 17:47:05 INFO SparkContext: Created broadcast 0 from textFile at NativeMethodAccessorImpl.java:0
[2020-07-22 17:47:06,474] {logging_mixin.py:112} INFO - [2020-07-22 17:47:06,473] {spark_submit_hook.py:479} INFO - 20/07/22 17:47:06 INFO FileInputFormat: Total input paths to process : 1
[2020-07-22 17:47:06,853] {logging_mixin.py:112} INFO - [2020-07-22 17:47:06,853] {spark_submit_hook.py:479} INFO - 20/07/22 17:47:06 INFO SparkContext: Starting job: collect at /home/bhakti/airflow/spark_jobs/spark_test.py:8
[2020-07-22 17:47:06,915] {logging_mixin.py:112} INFO - [2020-07-22 17:47:06,915] {spark_submit_hook.py:479} INFO - 20/07/22 17:47:06 INFO DAGScheduler: Got job 0 (collect at /home/bhakti/airflow/spark_jobs/spark_test.py:8) with 1 output partitions
[2020-07-22 17:47:06,916] {logging_mixin.py:112} INFO - [2020-07-22 17:47:06,916] {spark_submit_hook.py:479} INFO - 20/07/22 17:47:06 INFO DAGScheduler: Final stage: ResultStage 0 (collect at /home/bhakti/airflow/spark_jobs/spark_test.py:8)
[2020-07-22 17:47:06,927] {logging_mixin.py:112} INFO - [2020-07-22 17:47:06,927] {spark_submit_hook.py:479} INFO - 20/07/22 17:47:06 INFO DAGScheduler: Parents of final stage: List()
[2020-07-22 17:47:06,937] {logging_mixin.py:112} INFO - [2020-07-22 17:47:06,937] {spark_submit_hook.py:479} INFO - 20/07/22 17:47:06 INFO DAGScheduler: Missing parents: List()
[2020-07-22 17:47:06,958] {logging_mixin.py:112} INFO - [2020-07-22 17:47:06,958] {spark_submit_hook.py:479} INFO - 20/07/22 17:47:06 INFO DAGScheduler: Submitting ResultStage 0 (PythonRDD[2] at collect at /home/bhakti/airflow/spark_jobs/spark_test.py:8), which has no missing parents
[2020-07-22 17:47:07,005] {logging_mixin.py:112} INFO - [2020-07-22 17:47:07,005] {spark_submit_hook.py:479} INFO - 20/07/22 17:47:07 INFO MemoryStore: Block broadcast_1 stored as values in memory (estimated size 7.4 KiB, free 366.0 MiB)
[2020-07-22 17:47:07,021] {logging_mixin.py:112} INFO - [2020-07-22 17:47:07,021] {spark_submit_hook.py:479} INFO - 20/07/22 17:47:07 INFO MemoryStore: Block broadcast_1_piece0 stored as bytes in memory (estimated size 4.4 KiB, free 366.0 MiB)
[2020-07-22 17:47:07,027] {logging_mixin.py:112} INFO - [2020-07-22 17:47:07,026] {spark_submit_hook.py:479} INFO - 20/07/22 17:47:07 INFO BlockManagerInfo: Added broadcast_1_piece0 in memory on 192.168.43.94:32781 (size: 4.4 KiB, free: 366.3 MiB)
[2020-07-22 17:47:07,030] {logging_mixin.py:112} INFO - [2020-07-22 17:47:07,030] {spark_submit_hook.py:479} INFO - 20/07/22 17:47:07 INFO SparkContext: Created broadcast 1 from broadcast at DAGScheduler.scala:1200
[2020-07-22 17:47:07,084] {logging_mixin.py:112} INFO - [2020-07-22 17:47:07,083] {spark_submit_hook.py:479} INFO - 20/07/22 17:47:07 INFO DAGScheduler: Submitting 1 missing tasks from ResultStage 0 (PythonRDD[2] at collect at /home/bhakti/airflow/spark_jobs/spark_test.py:8) (first 15 tasks are for partitions Vector(0))
[2020-07-22 17:47:07,087] {logging_mixin.py:112} INFO - [2020-07-22 17:47:07,087] {spark_submit_hook.py:479} INFO - 20/07/22 17:47:07 INFO TaskSchedulerImpl: Adding task set 0.0 with 1 tasks
[2020-07-22 17:47:07,227] {logging_mixin.py:112} INFO - [2020-07-22 17:47:07,227] {spark_submit_hook.py:479} INFO - 20/07/22 17:47:07 INFO TaskSetManager: Starting task 0.0 in stage 0.0 (TID 0, 192.168.43.94, executor driver, partition 0, PROCESS_LOCAL, 7388 bytes)
[2020-07-22 17:47:07,275] {logging_mixin.py:112} INFO - [2020-07-22 17:47:07,274] {spark_submit_hook.py:479} INFO - 20/07/22 17:47:07 INFO Executor: Running task 0.0 in stage 0.0 (TID 0)
[2020-07-22 17:47:08,377] {logging_mixin.py:112} INFO - [2020-07-22 17:47:08,377] {spark_submit_hook.py:479} INFO - 20/07/22 17:47:08 INFO HadoopRDD: Input split: file:/home/bhakti/airflow/input_data/sample.csv:0+93
[2020-07-22 17:47:09,456] {logging_mixin.py:112} INFO - [2020-07-22 17:47:09,456] {spark_submit_hook.py:479} INFO - 20/07/22 17:47:09 INFO PythonRunner: Times: total = 1019, boot = 954, init = 65, finish = 0
[2020-07-22 17:47:09,572] {logging_mixin.py:112} INFO - [2020-07-22 17:47:09,571] {spark_submit_hook.py:479} INFO - 20/07/22 17:47:09 INFO Executor: Finished task 0.0 in stage 0.0 (TID 0). 1865 bytes result sent to driver
[2020-07-22 17:47:09,631] {logging_mixin.py:112} INFO - [2020-07-22 17:47:09,631] {spark_submit_hook.py:479} INFO - 20/07/22 17:47:09 INFO TaskSetManager: Finished task 0.0 in stage 0.0 (TID 0) in 2429 ms on 192.168.43.94 (executor driver) (1/1)
[2020-07-22 17:47:09,647] {logging_mixin.py:112} INFO - [2020-07-22 17:47:09,647] {spark_submit_hook.py:479} INFO - 20/07/22 17:47:09 INFO TaskSchedulerImpl: Removed TaskSet 0.0, whose tasks have all completed, from pool
[2020-07-22 17:47:09,667] {logging_mixin.py:112} INFO - [2020-07-22 17:47:09,667] {spark_submit_hook.py:479} INFO - 20/07/22 17:47:09 INFO PythonAccumulatorV2: Connected to AccumulatorServer at host: 127.0.0.1 port: 37077
[2020-07-22 17:47:09,684] {logging_mixin.py:112} INFO - [2020-07-22 17:47:09,684] {spark_submit_hook.py:479} INFO - 20/07/22 17:47:09 INFO DAGScheduler: ResultStage 0 (collect at /home/bhakti/airflow/spark_jobs/spark_test.py:8) finished in 2.687 s
[2020-07-22 17:47:09,726] {logging_mixin.py:112} INFO - [2020-07-22 17:47:09,726] {spark_submit_hook.py:479} INFO - 20/07/22 17:47:09 INFO DAGScheduler: Job 0 is finished. Cancelling potential speculative or zombie tasks for this job
[2020-07-22 17:47:09,729] {logging_mixin.py:112} INFO - [2020-07-22 17:47:09,728] {spark_submit_hook.py:479} INFO - 20/07/22 17:47:09 INFO TaskSchedulerImpl: Killing all running tasks in stage 0: Stage finished
[2020-07-22 17:47:09,738] {logging_mixin.py:112} INFO - [2020-07-22 17:47:09,738] {spark_submit_hook.py:479} INFO - 20/07/22 17:47:09 INFO DAGScheduler: Job 0 finished: collect at /home/bhakti/airflow/spark_jobs/spark_test.py:8, took 2.881181 s
[2020-07-22 17:47:09,782] {logging_mixin.py:112} INFO - [2020-07-22 17:47:09,782] {spark_submit_hook.py:479} INFO - [('PERSON', 'JOINING_YEAR', 'COMPANY'), ('John', '2018', 'Google'), ('Sam', '2017', 'IBM'), ('Jeff', '2014', 'Yahoo'), ('Allen', '2015', 'Facebook')]
[2020-07-22 17:47:11,111] {logging_mixin.py:112} INFO - [2020-07-22 17:47:11,111] {spark_submit_hook.py:479} INFO - 20/07/22 17:47:11 INFO BlockManagerInfo: Removed broadcast_1_piece0 on 192.168.43.94:32781 in memory (size: 4.4 KiB, free: 366.3 MiB)
[2020-07-22 17:47:11,179] {logging_mixin.py:112} INFO - [2020-07-22 17:47:11,179] {spark_submit_hook.py:479} INFO - 20/07/22 17:47:11 INFO BlockManagerInfo: Removed broadcast_0_piece0 on 192.168.43.94:32781 in memory (size: 23.4 KiB, free: 366.3 MiB)
[2020-07-22 17:47:11,319] {logging_mixin.py:112} INFO - [2020-07-22 17:47:11,318] {spark_submit_hook.py:479} INFO - 20/07/22 17:47:11 INFO SharedState: Setting hive.metastore.warehouse.dir ('null') to the value of spark.sql.warehouse.dir ('file:/home/bhakti/airflow/spark-warehouse').
[2020-07-22 17:47:11,320] {logging_mixin.py:112} INFO - [2020-07-22 17:47:11,320] {spark_submit_hook.py:479} INFO - 20/07/22 17:47:11 INFO SharedState: Warehouse path is 'file:/home/bhakti/airflow/spark-warehouse'.
[2020-07-22 17:47:17,944] {logging_mixin.py:112} INFO - [2020-07-22 17:47:17,943] {spark_submit_hook.py:479} INFO - 20/07/22 17:47:17 INFO CodeGenerator: Code generated in 406.61129 ms
[2020-07-22 17:47:18,019] {logging_mixin.py:112} INFO - [2020-07-22 17:47:18,019] {spark_submit_hook.py:479} INFO - 20/07/22 17:47:18 INFO SparkContext: Starting job: showString at NativeMethodAccessorImpl.java:0
[2020-07-22 17:47:18,022] {logging_mixin.py:112} INFO - [2020-07-22 17:47:18,022] {spark_submit_hook.py:479} INFO - 20/07/22 17:47:18 INFO DAGScheduler: Got job 1 (showString at NativeMethodAccessorImpl.java:0) with 1 output partitions
[2020-07-22 17:47:18,022] {logging_mixin.py:112} INFO - [2020-07-22 17:47:18,022] {spark_submit_hook.py:479} INFO - 20/07/22 17:47:18 INFO DAGScheduler: Final stage: ResultStage 1 (showString at NativeMethodAccessorImpl.java:0)
[2020-07-22 17:47:18,023] {logging_mixin.py:112} INFO - [2020-07-22 17:47:18,023] {spark_submit_hook.py:479} INFO - 20/07/22 17:47:18 INFO DAGScheduler: Parents of final stage: List()
[2020-07-22 17:47:18,023] {logging_mixin.py:112} INFO - [2020-07-22 17:47:18,023] {spark_submit_hook.py:479} INFO - 20/07/22 17:47:18 INFO DAGScheduler: Missing parents: List()
[2020-07-22 17:47:18,040] {logging_mixin.py:112} INFO - [2020-07-22 17:47:18,040] {spark_submit_hook.py:479} INFO - 20/07/22 17:47:18 INFO DAGScheduler: Submitting ResultStage 1 (MapPartitionsRDD[9] at showString at NativeMethodAccessorImpl.java:0), which has no missing parents
[2020-07-22 17:47:18,069] {logging_mixin.py:112} INFO - [2020-07-22 17:47:18,069] {spark_submit_hook.py:479} INFO - 20/07/22 17:47:18 INFO MemoryStore: Block broadcast_2 stored as values in memory (estimated size 11.2 KiB, free 366.3 MiB)
[2020-07-22 17:47:18,073] {logging_mixin.py:112} INFO - [2020-07-22 17:47:18,073] {spark_submit_hook.py:479} INFO - 20/07/22 17:47:18 INFO MemoryStore: Block broadcast_2_piece0 stored as bytes in memory (estimated size 5.8 KiB, free 366.3 MiB)
[2020-07-22 17:47:18,075] {logging_mixin.py:112} INFO - [2020-07-22 17:47:18,074] {spark_submit_hook.py:479} INFO - 20/07/22 17:47:18 INFO BlockManagerInfo: Added broadcast_2_piece0 in memory on 192.168.43.94:32781 (size: 5.8 KiB, free: 366.3 MiB)
[2020-07-22 17:47:18,076] {logging_mixin.py:112} INFO - [2020-07-22 17:47:18,076] {spark_submit_hook.py:479} INFO - 20/07/22 17:47:18 INFO SparkContext: Created broadcast 2 from broadcast at DAGScheduler.scala:1200
[2020-07-22 17:47:18,078] {logging_mixin.py:112} INFO - [2020-07-22 17:47:18,078] {spark_submit_hook.py:479} INFO - 20/07/22 17:47:18 INFO DAGScheduler: Submitting 1 missing tasks from ResultStage 1 (MapPartitionsRDD[9] at showString at NativeMethodAccessorImpl.java:0) (first 15 tasks are for partitions Vector(0))
[2020-07-22 17:47:18,079] {logging_mixin.py:112} INFO - [2020-07-22 17:47:18,078] {spark_submit_hook.py:479} INFO - 20/07/22 17:47:18 INFO TaskSchedulerImpl: Adding task set 1.0 with 1 tasks
[2020-07-22 17:47:18,107] {logging_mixin.py:112} INFO - [2020-07-22 17:47:18,107] {spark_submit_hook.py:479} INFO - 20/07/22 17:47:18 INFO TaskSetManager: Starting task 0.0 in stage 1.0 (TID 1, 192.168.43.94, executor driver, partition 0, PROCESS_LOCAL, 7493 bytes)
[2020-07-22 17:47:18,110] {logging_mixin.py:112} INFO - [2020-07-22 17:47:18,110] {spark_submit_hook.py:479} INFO - 20/07/22 17:47:18 INFO Executor: Running task 0.0 in stage 1.0 (TID 1)
[2020-07-22 17:47:18,234] {logging_mixin.py:112} INFO - [2020-07-22 17:47:18,233] {spark_submit_hook.py:479} INFO - 20/07/22 17:47:18 INFO PythonRunner: Times: total = 5, boot = -8712, init = 8717, finish = 0
[2020-07-22 17:47:18,239] {logging_mixin.py:112} INFO - [2020-07-22 17:47:18,239] {spark_submit_hook.py:479} INFO - 20/07/22 17:47:18 INFO Executor: Finished task 0.0 in stage 1.0 (TID 1). 2235 bytes result sent to driver
[2020-07-22 17:47:18,245] {logging_mixin.py:112} INFO - [2020-07-22 17:47:18,245] {spark_submit_hook.py:479} INFO - 20/07/22 17:47:18 INFO TaskSetManager: Finished task 0.0 in stage 1.0 (TID 1) in 165 ms on 192.168.43.94 (executor driver) (1/1)
[2020-07-22 17:47:18,247] {logging_mixin.py:112} INFO - [2020-07-22 17:47:18,246] {spark_submit_hook.py:479} INFO - 20/07/22 17:47:18 INFO TaskSchedulerImpl: Removed TaskSet 1.0, whose tasks have all completed, from pool
[2020-07-22 17:47:18,250] {logging_mixin.py:112} INFO - [2020-07-22 17:47:18,249] {spark_submit_hook.py:479} INFO - 20/07/22 17:47:18 INFO DAGScheduler: ResultStage 1 (showString at NativeMethodAccessorImpl.java:0) finished in 0.205 s
[2020-07-22 17:47:18,250] {logging_mixin.py:112} INFO - [2020-07-22 17:47:18,250] {spark_submit_hook.py:479} INFO - 20/07/22 17:47:18 INFO DAGScheduler: Job 1 is finished. Cancelling potential speculative or zombie tasks for this job
[2020-07-22 17:47:18,250] {logging_mixin.py:112} INFO - [2020-07-22 17:47:18,250] {spark_submit_hook.py:479} INFO - 20/07/22 17:47:18 INFO TaskSchedulerImpl: Killing all running tasks in stage 1: Stage finished
[2020-07-22 17:47:18,256] {logging_mixin.py:112} INFO - [2020-07-22 17:47:18,255] {spark_submit_hook.py:479} INFO - 20/07/22 17:47:18 INFO DAGScheduler: Job 1 finished: showString at NativeMethodAccessorImpl.java:0, took 0.231248 s
[2020-07-22 17:47:18,338] {logging_mixin.py:112} INFO - [2020-07-22 17:47:18,338] {spark_submit_hook.py:479} INFO - 20/07/22 17:47:18 INFO CodeGenerator: Code generated in 43.405782 ms
[2020-07-22 17:47:18,357] {logging_mixin.py:112} INFO - [2020-07-22 17:47:18,357] {spark_submit_hook.py:479} INFO - +------+------------+--------+
[2020-07-22 17:47:18,358] {logging_mixin.py:112} INFO - [2020-07-22 17:47:18,357] {spark_submit_hook.py:479} INFO - |    _1|          _2|      _3|
[2020-07-22 17:47:18,358] {logging_mixin.py:112} INFO - [2020-07-22 17:47:18,358] {spark_submit_hook.py:479} INFO - +------+------------+--------+
[2020-07-22 17:47:18,358] {logging_mixin.py:112} INFO - [2020-07-22 17:47:18,358] {spark_submit_hook.py:479} INFO - |PERSON|JOINING_YEAR| COMPANY|
[2020-07-22 17:47:18,358] {logging_mixin.py:112} INFO - [2020-07-22 17:47:18,358] {spark_submit_hook.py:479} INFO - |  John|        2018|  Google|
[2020-07-22 17:47:18,359] {logging_mixin.py:112} INFO - [2020-07-22 17:47:18,359] {spark_submit_hook.py:479} INFO - |   Sam|        2017|     IBM|
[2020-07-22 17:47:18,359] {logging_mixin.py:112} INFO - [2020-07-22 17:47:18,359] {spark_submit_hook.py:479} INFO - |  Jeff|        2014|   Yahoo|
[2020-07-22 17:47:18,359] {logging_mixin.py:112} INFO - [2020-07-22 17:47:18,359] {spark_submit_hook.py:479} INFO - | Allen|        2015|Facebook|
[2020-07-22 17:47:18,359] {logging_mixin.py:112} INFO - [2020-07-22 17:47:18,359] {spark_submit_hook.py:479} INFO - +------+------------+--------+
[2020-07-22 17:47:18,360] {logging_mixin.py:112} INFO - [2020-07-22 17:47:18,360] {spark_submit_hook.py:479} INFO - 
[2020-07-22 17:47:18,452] {logging_mixin.py:112} INFO - [2020-07-22 17:47:18,452] {spark_submit_hook.py:479} INFO - 20/07/22 17:47:18 INFO SparkContext: Invoking stop() from shutdown hook
[2020-07-22 17:47:18,463] {logging_mixin.py:112} INFO - [2020-07-22 17:47:18,462] {spark_submit_hook.py:479} INFO - 20/07/22 17:47:18 INFO SparkUI: Stopped Spark web UI at http://192.168.43.94:4042
[2020-07-22 17:47:18,491] {logging_mixin.py:112} INFO - [2020-07-22 17:47:18,490] {spark_submit_hook.py:479} INFO - 20/07/22 17:47:18 INFO MapOutputTrackerMasterEndpoint: MapOutputTrackerMasterEndpoint stopped!
[2020-07-22 17:47:18,512] {logging_mixin.py:112} INFO - [2020-07-22 17:47:18,512] {spark_submit_hook.py:479} INFO - 20/07/22 17:47:18 INFO MemoryStore: MemoryStore cleared
[2020-07-22 17:47:18,513] {logging_mixin.py:112} INFO - [2020-07-22 17:47:18,513] {spark_submit_hook.py:479} INFO - 20/07/22 17:47:18 INFO BlockManager: BlockManager stopped
[2020-07-22 17:47:18,519] {logging_mixin.py:112} INFO - [2020-07-22 17:47:18,518] {spark_submit_hook.py:479} INFO - 20/07/22 17:47:18 INFO BlockManagerMaster: BlockManagerMaster stopped
[2020-07-22 17:47:18,526] {logging_mixin.py:112} INFO - [2020-07-22 17:47:18,526] {spark_submit_hook.py:479} INFO - 20/07/22 17:47:18 INFO OutputCommitCoordinator$OutputCommitCoordinatorEndpoint: OutputCommitCoordinator stopped!
[2020-07-22 17:47:18,539] {logging_mixin.py:112} INFO - [2020-07-22 17:47:18,539] {spark_submit_hook.py:479} INFO - 20/07/22 17:47:18 INFO SparkContext: Successfully stopped SparkContext
[2020-07-22 17:47:18,540] {logging_mixin.py:112} INFO - [2020-07-22 17:47:18,540] {spark_submit_hook.py:479} INFO - 20/07/22 17:47:18 INFO ShutdownHookManager: Shutdown hook called
[2020-07-22 17:47:18,544] {logging_mixin.py:112} INFO - [2020-07-22 17:47:18,544] {spark_submit_hook.py:479} INFO - 20/07/22 17:47:18 INFO ShutdownHookManager: Deleting directory /tmp/spark-91a1b2db-d9ee-4db3-901d-8a131afb6ef8/pyspark-9d410a88-a86e-4927-99a9-2ae662c1a657
[2020-07-22 17:47:18,550] {logging_mixin.py:112} INFO - [2020-07-22 17:47:18,550] {spark_submit_hook.py:479} INFO - 20/07/22 17:47:18 INFO ShutdownHookManager: Deleting directory /tmp/spark-1a838cd6-fdb4-474c-8a2e-410d0ed0b4a6
[2020-07-22 17:47:18,555] {logging_mixin.py:112} INFO - [2020-07-22 17:47:18,554] {spark_submit_hook.py:479} INFO - 20/07/22 17:47:18 INFO ShutdownHookManager: Deleting directory /tmp/spark-91a1b2db-d9ee-4db3-901d-8a131afb6ef8
[2020-07-22 17:47:18,751] {taskinstance.py:1052} INFO - Marking task as SUCCESS.dag_id=submit_data, task_id=spark_submit, execution_date=20200720T081000, start_date=20200722T121650, end_date=20200722T121718
[2020-07-22 17:47:20,759] {logging_mixin.py:112} INFO - [2020-07-22 17:47:20,759] {local_task_job.py:103} INFO - Task exited with return code 0
