[2020-07-22 16:49:25,564] {taskinstance.py:669} INFO - Dependencies all met for <TaskInstance: submit_data.spark_submit 2020-07-20T06:50:00+00:00 [queued]>
[2020-07-22 16:49:25,598] {taskinstance.py:669} INFO - Dependencies all met for <TaskInstance: submit_data.spark_submit 2020-07-20T06:50:00+00:00 [queued]>
[2020-07-22 16:49:25,598] {taskinstance.py:879} INFO - 
--------------------------------------------------------------------------------
[2020-07-22 16:49:25,598] {taskinstance.py:880} INFO - Starting attempt 1 of 1
[2020-07-22 16:49:25,598] {taskinstance.py:881} INFO - 
--------------------------------------------------------------------------------
[2020-07-22 16:49:25,777] {taskinstance.py:900} INFO - Executing <Task(SparkSubmitOperator): spark_submit> on 2020-07-20T06:50:00+00:00
[2020-07-22 16:49:25,790] {standard_task_runner.py:53} INFO - Started process 605201 to run task
[2020-07-22 16:49:26,039] {logging_mixin.py:112} INFO - Running %s on host %s <TaskInstance: submit_data.spark_submit 2020-07-20T06:50:00+00:00 [running]> bhakti-Vostro-3558
[2020-07-22 16:49:26,085] {logging_mixin.py:112} INFO - [2020-07-22 16:49:26,085] {base_hook.py:87} INFO - Using connection to: id: spark_local. Host: local, Port: None, Schema: None, Login: None, Password: None, extra: None
[2020-07-22 16:49:26,087] {logging_mixin.py:112} INFO - [2020-07-22 16:49:26,087] {spark_submit_hook.py:325} INFO - Spark-Submit cmd: spark-submit --master local --name airflow-spark /home/bhakti/airflow/spark_jobs/python/spark_test.py
[2020-07-22 16:49:30,622] {logging_mixin.py:112} INFO - [2020-07-22 16:49:30,621] {spark_submit_hook.py:479} INFO - 20/07/22 16:49:30 WARN Utils: Your hostname, bhakti-Vostro-3558 resolves to a loopback address: 127.0.1.1; using 192.168.43.94 instead (on interface wlp6s0)
[2020-07-22 16:49:30,628] {logging_mixin.py:112} INFO - [2020-07-22 16:49:30,628] {spark_submit_hook.py:479} INFO - 20/07/22 16:49:30 WARN Utils: Set SPARK_LOCAL_IP if you need to bind to another address
[2020-07-22 16:49:34,682] {logging_mixin.py:112} INFO - [2020-07-22 16:49:34,682] {spark_submit_hook.py:479} INFO - 20/07/22 16:49:34 WARN NativeCodeLoader: Unable to load native-hadoop library for your platform... using builtin-java classes where applicable
[2020-07-22 16:49:38,807] {logging_mixin.py:112} INFO - [2020-07-22 16:49:38,807] {spark_submit_hook.py:479} INFO - Using Spark's default log4j profile: org/apache/spark/log4j-defaults.properties
[2020-07-22 16:49:38,855] {logging_mixin.py:112} INFO - [2020-07-22 16:49:38,855] {spark_submit_hook.py:479} INFO - 20/07/22 16:49:38 INFO SparkContext: Running Spark version 3.0.0
[2020-07-22 16:49:39,023] {logging_mixin.py:112} INFO - [2020-07-22 16:49:39,022] {spark_submit_hook.py:479} INFO - 20/07/22 16:49:39 INFO ResourceUtils: ==============================================================
[2020-07-22 16:49:39,026] {logging_mixin.py:112} INFO - [2020-07-22 16:49:39,026] {spark_submit_hook.py:479} INFO - 20/07/22 16:49:39 INFO ResourceUtils: Resources for spark.driver:
[2020-07-22 16:49:39,027] {logging_mixin.py:112} INFO - [2020-07-22 16:49:39,026] {spark_submit_hook.py:479} INFO - 
[2020-07-22 16:49:39,027] {logging_mixin.py:112} INFO - [2020-07-22 16:49:39,027] {spark_submit_hook.py:479} INFO - 20/07/22 16:49:39 INFO ResourceUtils: ==============================================================
[2020-07-22 16:49:39,030] {logging_mixin.py:112} INFO - [2020-07-22 16:49:39,030] {spark_submit_hook.py:479} INFO - 20/07/22 16:49:39 INFO SparkContext: Submitted application: Spark_Test_Python
[2020-07-22 16:49:39,155] {logging_mixin.py:112} INFO - [2020-07-22 16:49:39,154] {spark_submit_hook.py:479} INFO - 20/07/22 16:49:39 INFO SecurityManager: Changing view acls to: bhakti
[2020-07-22 16:49:39,155] {logging_mixin.py:112} INFO - [2020-07-22 16:49:39,155] {spark_submit_hook.py:479} INFO - 20/07/22 16:49:39 INFO SecurityManager: Changing modify acls to: bhakti
[2020-07-22 16:49:39,156] {logging_mixin.py:112} INFO - [2020-07-22 16:49:39,156] {spark_submit_hook.py:479} INFO - 20/07/22 16:49:39 INFO SecurityManager: Changing view acls groups to:
[2020-07-22 16:49:39,156] {logging_mixin.py:112} INFO - [2020-07-22 16:49:39,156] {spark_submit_hook.py:479} INFO - 20/07/22 16:49:39 INFO SecurityManager: Changing modify acls groups to:
[2020-07-22 16:49:39,156] {logging_mixin.py:112} INFO - [2020-07-22 16:49:39,156] {spark_submit_hook.py:479} INFO - 20/07/22 16:49:39 INFO SecurityManager: SecurityManager: authentication disabled; ui acls disabled; users  with view permissions: Set(bhakti); groups with view permissions: Set(); users  with modify permissions: Set(bhakti); groups with modify permissions: Set()
[2020-07-22 16:49:40,083] {logging_mixin.py:112} INFO - [2020-07-22 16:49:40,083] {spark_submit_hook.py:479} INFO - 20/07/22 16:49:40 INFO Utils: Successfully started service 'sparkDriver' on port 45357.
[2020-07-22 16:49:40,279] {logging_mixin.py:112} INFO - [2020-07-22 16:49:40,279] {spark_submit_hook.py:479} INFO - 20/07/22 16:49:40 INFO SparkEnv: Registering MapOutputTracker
[2020-07-22 16:49:40,415] {logging_mixin.py:112} INFO - [2020-07-22 16:49:40,415] {spark_submit_hook.py:479} INFO - 20/07/22 16:49:40 INFO SparkEnv: Registering BlockManagerMaster
[2020-07-22 16:49:40,488] {logging_mixin.py:112} INFO - [2020-07-22 16:49:40,487] {spark_submit_hook.py:479} INFO - 20/07/22 16:49:40 INFO BlockManagerMasterEndpoint: Using org.apache.spark.storage.DefaultTopologyMapper for getting topology information
[2020-07-22 16:49:40,490] {logging_mixin.py:112} INFO - [2020-07-22 16:49:40,490] {spark_submit_hook.py:479} INFO - 20/07/22 16:49:40 INFO BlockManagerMasterEndpoint: BlockManagerMasterEndpoint up
[2020-07-22 16:49:40,509] {logging_mixin.py:112} INFO - [2020-07-22 16:49:40,509] {spark_submit_hook.py:479} INFO - 20/07/22 16:49:40 INFO SparkEnv: Registering BlockManagerMasterHeartbeat
[2020-07-22 16:49:40,563] {logging_mixin.py:112} INFO - [2020-07-22 16:49:40,562] {spark_submit_hook.py:479} INFO - 20/07/22 16:49:40 INFO DiskBlockManager: Created local directory at /tmp/blockmgr-aac59483-ee76-42f1-8a8a-1a9614b55e31
[2020-07-22 16:49:40,625] {logging_mixin.py:112} INFO - [2020-07-22 16:49:40,625] {spark_submit_hook.py:479} INFO - 20/07/22 16:49:40 INFO MemoryStore: MemoryStore started with capacity 366.3 MiB
[2020-07-22 16:49:40,672] {logging_mixin.py:112} INFO - [2020-07-22 16:49:40,672] {spark_submit_hook.py:479} INFO - 20/07/22 16:49:40 INFO SparkEnv: Registering OutputCommitCoordinator
[2020-07-22 16:49:41,502] {logging_mixin.py:112} INFO - [2020-07-22 16:49:41,502] {spark_submit_hook.py:479} INFO - 20/07/22 16:49:41 WARN Utils: Service 'SparkUI' could not bind on port 4040. Attempting port 4041.
[2020-07-22 16:49:41,502] {logging_mixin.py:112} INFO - [2020-07-22 16:49:41,502] {spark_submit_hook.py:479} INFO - 20/07/22 16:49:41 WARN Utils: Service 'SparkUI' could not bind on port 4041. Attempting port 4042.
[2020-07-22 16:49:41,502] {logging_mixin.py:112} INFO - [2020-07-22 16:49:41,502] {spark_submit_hook.py:479} INFO - 20/07/22 16:49:41 WARN Utils: Service 'SparkUI' could not bind on port 4042. Attempting port 4043.
[2020-07-22 16:49:41,521] {logging_mixin.py:112} INFO - [2020-07-22 16:49:41,521] {spark_submit_hook.py:479} INFO - 20/07/22 16:49:41 INFO Utils: Successfully started service 'SparkUI' on port 4043.
[2020-07-22 16:49:41,662] {logging_mixin.py:112} INFO - [2020-07-22 16:49:41,662] {spark_submit_hook.py:479} INFO - 20/07/22 16:49:41 INFO SparkUI: Bound SparkUI to 0.0.0.0, and started at http://192.168.43.94:4043
[2020-07-22 16:49:42,292] {logging_mixin.py:112} INFO - [2020-07-22 16:49:42,292] {spark_submit_hook.py:479} INFO - 20/07/22 16:49:42 INFO Executor: Starting executor ID driver on host 192.168.43.94
[2020-07-22 16:49:42,340] {logging_mixin.py:112} INFO - [2020-07-22 16:49:42,339] {spark_submit_hook.py:479} INFO - 20/07/22 16:49:42 INFO Utils: Successfully started service 'org.apache.spark.network.netty.NettyBlockTransferService' on port 46625.
[2020-07-22 16:49:42,341] {logging_mixin.py:112} INFO - [2020-07-22 16:49:42,341] {spark_submit_hook.py:479} INFO - 20/07/22 16:49:42 INFO NettyBlockTransferService: Server created on 192.168.43.94:46625
[2020-07-22 16:49:42,344] {logging_mixin.py:112} INFO - [2020-07-22 16:49:42,344] {spark_submit_hook.py:479} INFO - 20/07/22 16:49:42 INFO BlockManager: Using org.apache.spark.storage.RandomBlockReplicationPolicy for block replication policy
[2020-07-22 16:49:42,363] {logging_mixin.py:112} INFO - [2020-07-22 16:49:42,363] {spark_submit_hook.py:479} INFO - 20/07/22 16:49:42 INFO BlockManagerMaster: Registering BlockManager BlockManagerId(driver, 192.168.43.94, 46625, None)
[2020-07-22 16:49:42,377] {logging_mixin.py:112} INFO - [2020-07-22 16:49:42,377] {spark_submit_hook.py:479} INFO - 20/07/22 16:49:42 INFO BlockManagerMasterEndpoint: Registering block manager 192.168.43.94:46625 with 366.3 MiB RAM, BlockManagerId(driver, 192.168.43.94, 46625, None)
[2020-07-22 16:49:42,383] {logging_mixin.py:112} INFO - [2020-07-22 16:49:42,382] {spark_submit_hook.py:479} INFO - 20/07/22 16:49:42 INFO BlockManagerMaster: Registered BlockManager BlockManagerId(driver, 192.168.43.94, 46625, None)
[2020-07-22 16:49:42,386] {logging_mixin.py:112} INFO - [2020-07-22 16:49:42,385] {spark_submit_hook.py:479} INFO - 20/07/22 16:49:42 INFO BlockManager: Initialized BlockManager: BlockManagerId(driver, 192.168.43.94, 46625, None)
[2020-07-22 16:49:44,311] {logging_mixin.py:112} INFO - [2020-07-22 16:49:44,310] {spark_submit_hook.py:479} INFO - 20/07/22 16:49:44 INFO MemoryStore: Block broadcast_0 stored as values in memory (estimated size 241.5 KiB, free 366.1 MiB)
[2020-07-22 16:49:44,490] {logging_mixin.py:112} INFO - [2020-07-22 16:49:44,489] {spark_submit_hook.py:479} INFO - 20/07/22 16:49:44 INFO MemoryStore: Block broadcast_0_piece0 stored as bytes in memory (estimated size 23.4 KiB, free 366.0 MiB)
[2020-07-22 16:49:44,496] {logging_mixin.py:112} INFO - [2020-07-22 16:49:44,496] {spark_submit_hook.py:479} INFO - 20/07/22 16:49:44 INFO BlockManagerInfo: Added broadcast_0_piece0 in memory on 192.168.43.94:46625 (size: 23.4 KiB, free: 366.3 MiB)
[2020-07-22 16:49:44,507] {logging_mixin.py:112} INFO - [2020-07-22 16:49:44,507] {spark_submit_hook.py:479} INFO - 20/07/22 16:49:44 INFO SparkContext: Created broadcast 0 from textFile at NativeMethodAccessorImpl.java:0
[2020-07-22 16:49:44,833] {logging_mixin.py:112} INFO - [2020-07-22 16:49:44,833] {spark_submit_hook.py:479} INFO - 20/07/22 16:49:44 INFO FileInputFormat: Total input paths to process : 1
[2020-07-22 16:49:45,087] {logging_mixin.py:112} INFO - [2020-07-22 16:49:45,087] {spark_submit_hook.py:479} INFO - 20/07/22 16:49:45 INFO SparkContext: Starting job: collect at /home/bhakti/airflow/spark_jobs/python/spark_test.py:7
[2020-07-22 16:49:45,116] {logging_mixin.py:112} INFO - [2020-07-22 16:49:45,116] {spark_submit_hook.py:479} INFO - 20/07/22 16:49:45 INFO DAGScheduler: Got job 0 (collect at /home/bhakti/airflow/spark_jobs/python/spark_test.py:7) with 1 output partitions
[2020-07-22 16:49:45,118] {logging_mixin.py:112} INFO - [2020-07-22 16:49:45,118] {spark_submit_hook.py:479} INFO - 20/07/22 16:49:45 INFO DAGScheduler: Final stage: ResultStage 0 (collect at /home/bhakti/airflow/spark_jobs/python/spark_test.py:7)
[2020-07-22 16:49:45,120] {logging_mixin.py:112} INFO - [2020-07-22 16:49:45,120] {spark_submit_hook.py:479} INFO - 20/07/22 16:49:45 INFO DAGScheduler: Parents of final stage: List()
[2020-07-22 16:49:45,138] {logging_mixin.py:112} INFO - [2020-07-22 16:49:45,138] {spark_submit_hook.py:479} INFO - 20/07/22 16:49:45 INFO DAGScheduler: Missing parents: List()
[2020-07-22 16:49:45,153] {logging_mixin.py:112} INFO - [2020-07-22 16:49:45,152] {spark_submit_hook.py:479} INFO - 20/07/22 16:49:45 INFO DAGScheduler: Submitting ResultStage 0 (PythonRDD[2] at collect at /home/bhakti/airflow/spark_jobs/python/spark_test.py:7), which has no missing parents
[2020-07-22 16:49:45,254] {logging_mixin.py:112} INFO - [2020-07-22 16:49:45,254] {spark_submit_hook.py:479} INFO - 20/07/22 16:49:45 INFO MemoryStore: Block broadcast_1 stored as values in memory (estimated size 7.4 KiB, free 366.0 MiB)
[2020-07-22 16:49:45,286] {logging_mixin.py:112} INFO - [2020-07-22 16:49:45,285] {spark_submit_hook.py:479} INFO - 20/07/22 16:49:45 INFO MemoryStore: Block broadcast_1_piece0 stored as bytes in memory (estimated size 4.4 KiB, free 366.0 MiB)
[2020-07-22 16:49:45,288] {logging_mixin.py:112} INFO - [2020-07-22 16:49:45,288] {spark_submit_hook.py:479} INFO - 20/07/22 16:49:45 INFO BlockManagerInfo: Added broadcast_1_piece0 in memory on 192.168.43.94:46625 (size: 4.4 KiB, free: 366.3 MiB)
[2020-07-22 16:49:45,291] {logging_mixin.py:112} INFO - [2020-07-22 16:49:45,291] {spark_submit_hook.py:479} INFO - 20/07/22 16:49:45 INFO SparkContext: Created broadcast 1 from broadcast at DAGScheduler.scala:1200
[2020-07-22 16:49:45,340] {logging_mixin.py:112} INFO - [2020-07-22 16:49:45,340] {spark_submit_hook.py:479} INFO - 20/07/22 16:49:45 INFO DAGScheduler: Submitting 1 missing tasks from ResultStage 0 (PythonRDD[2] at collect at /home/bhakti/airflow/spark_jobs/python/spark_test.py:7) (first 15 tasks are for partitions Vector(0))
[2020-07-22 16:49:45,340] {logging_mixin.py:112} INFO - [2020-07-22 16:49:45,340] {spark_submit_hook.py:479} INFO - 20/07/22 16:49:45 INFO TaskSchedulerImpl: Adding task set 0.0 with 1 tasks
[2020-07-22 16:49:45,501] {logging_mixin.py:112} INFO - [2020-07-22 16:49:45,501] {spark_submit_hook.py:479} INFO - 20/07/22 16:49:45 INFO TaskSetManager: Starting task 0.0 in stage 0.0 (TID 0, 192.168.43.94, executor driver, partition 0, PROCESS_LOCAL, 7388 bytes)
[2020-07-22 16:49:45,531] {logging_mixin.py:112} INFO - [2020-07-22 16:49:45,531] {spark_submit_hook.py:479} INFO - 20/07/22 16:49:45 INFO Executor: Running task 0.0 in stage 0.0 (TID 0)
[2020-07-22 16:49:46,452] {logging_mixin.py:112} INFO - [2020-07-22 16:49:46,451] {spark_submit_hook.py:479} INFO - 20/07/22 16:49:46 INFO HadoopRDD: Input split: file:/home/bhakti/airflow/input_data/sample.csv:0+93
[2020-07-22 16:49:47,525] {logging_mixin.py:112} INFO - [2020-07-22 16:49:47,525] {spark_submit_hook.py:479} INFO - 20/07/22 16:49:47 INFO PythonRunner: Times: total = 1027, boot = 1004, init = 22, finish = 1
[2020-07-22 16:49:47,570] {logging_mixin.py:112} INFO - [2020-07-22 16:49:47,570] {spark_submit_hook.py:479} INFO - 20/07/22 16:49:47 INFO Executor: Finished task 0.0 in stage 0.0 (TID 0). 1732 bytes result sent to driver
[2020-07-22 16:49:47,594] {logging_mixin.py:112} INFO - [2020-07-22 16:49:47,594] {spark_submit_hook.py:479} INFO - 20/07/22 16:49:47 INFO TaskSetManager: Finished task 0.0 in stage 0.0 (TID 0) in 2139 ms on 192.168.43.94 (executor driver) (1/1)
[2020-07-22 16:49:47,602] {logging_mixin.py:112} INFO - [2020-07-22 16:49:47,601] {spark_submit_hook.py:479} INFO - 20/07/22 16:49:47 INFO TaskSchedulerImpl: Removed TaskSet 0.0, whose tasks have all completed, from pool
[2020-07-22 16:49:47,607] {logging_mixin.py:112} INFO - [2020-07-22 16:49:47,607] {spark_submit_hook.py:479} INFO - 20/07/22 16:49:47 INFO PythonAccumulatorV2: Connected to AccumulatorServer at host: 127.0.0.1 port: 39033
[2020-07-22 16:49:47,619] {logging_mixin.py:112} INFO - [2020-07-22 16:49:47,619] {spark_submit_hook.py:479} INFO - 20/07/22 16:49:47 INFO DAGScheduler: ResultStage 0 (collect at /home/bhakti/airflow/spark_jobs/python/spark_test.py:7) finished in 2.389 s
[2020-07-22 16:49:47,631] {logging_mixin.py:112} INFO - [2020-07-22 16:49:47,631] {spark_submit_hook.py:479} INFO - 20/07/22 16:49:47 INFO DAGScheduler: Job 0 is finished. Cancelling potential speculative or zombie tasks for this job
[2020-07-22 16:49:47,632] {logging_mixin.py:112} INFO - [2020-07-22 16:49:47,632] {spark_submit_hook.py:479} INFO - 20/07/22 16:49:47 INFO TaskSchedulerImpl: Killing all running tasks in stage 0: Stage finished
[2020-07-22 16:49:47,636] {logging_mixin.py:112} INFO - [2020-07-22 16:49:47,636] {spark_submit_hook.py:479} INFO - 20/07/22 16:49:47 INFO DAGScheduler: Job 0 finished: collect at /home/bhakti/airflow/spark_jobs/python/spark_test.py:7, took 2.550479 s
[2020-07-22 16:49:47,654] {logging_mixin.py:112} INFO - [2020-07-22 16:49:47,654] {spark_submit_hook.py:479} INFO - [('PERSON', 'JOINING_YEAR'), ('John', '2018'), ('Sam', '2017'), ('Jeff', '2014'), ('Allen', '2015')]
[2020-07-22 16:49:48,201] {logging_mixin.py:112} INFO - [2020-07-22 16:49:48,201] {spark_submit_hook.py:479} INFO - 20/07/22 16:49:48 INFO BlockManagerInfo: Removed broadcast_1_piece0 on 192.168.43.94:46625 in memory (size: 4.4 KiB, free: 366.3 MiB)
[2020-07-22 16:49:48,223] {logging_mixin.py:112} INFO - [2020-07-22 16:49:48,222] {spark_submit_hook.py:479} INFO - 20/07/22 16:49:48 INFO BlockManagerInfo: Removed broadcast_0_piece0 on 192.168.43.94:46625 in memory (size: 23.4 KiB, free: 366.3 MiB)
[2020-07-22 16:49:48,537] {logging_mixin.py:112} INFO - [2020-07-22 16:49:48,537] {spark_submit_hook.py:479} INFO - 20/07/22 16:49:48 INFO SharedState: Setting hive.metastore.warehouse.dir ('null') to the value of spark.sql.warehouse.dir ('file:/home/bhakti/airflow/spark-warehouse').
[2020-07-22 16:49:48,538] {logging_mixin.py:112} INFO - [2020-07-22 16:49:48,538] {spark_submit_hook.py:479} INFO - 20/07/22 16:49:48 INFO SharedState: Warehouse path is 'file:/home/bhakti/airflow/spark-warehouse'.
[2020-07-22 16:49:54,409] {logging_mixin.py:112} INFO - [2020-07-22 16:49:54,408] {spark_submit_hook.py:479} INFO - 20/07/22 16:49:54 INFO CodeGenerator: Code generated in 656.091732 ms
[2020-07-22 16:49:54,505] {logging_mixin.py:112} INFO - [2020-07-22 16:49:54,505] {spark_submit_hook.py:479} INFO - 20/07/22 16:49:54 INFO SparkContext: Starting job: showString at NativeMethodAccessorImpl.java:0
[2020-07-22 16:49:54,508] {logging_mixin.py:112} INFO - [2020-07-22 16:49:54,508] {spark_submit_hook.py:479} INFO - 20/07/22 16:49:54 INFO DAGScheduler: Got job 1 (showString at NativeMethodAccessorImpl.java:0) with 1 output partitions
[2020-07-22 16:49:54,508] {logging_mixin.py:112} INFO - [2020-07-22 16:49:54,508] {spark_submit_hook.py:479} INFO - 20/07/22 16:49:54 INFO DAGScheduler: Final stage: ResultStage 1 (showString at NativeMethodAccessorImpl.java:0)
[2020-07-22 16:49:54,509] {logging_mixin.py:112} INFO - [2020-07-22 16:49:54,508] {spark_submit_hook.py:479} INFO - 20/07/22 16:49:54 INFO DAGScheduler: Parents of final stage: List()
[2020-07-22 16:49:54,510] {logging_mixin.py:112} INFO - [2020-07-22 16:49:54,509] {spark_submit_hook.py:479} INFO - 20/07/22 16:49:54 INFO DAGScheduler: Missing parents: List()
[2020-07-22 16:49:54,514] {logging_mixin.py:112} INFO - [2020-07-22 16:49:54,513] {spark_submit_hook.py:479} INFO - 20/07/22 16:49:54 INFO DAGScheduler: Submitting ResultStage 1 (MapPartitionsRDD[9] at showString at NativeMethodAccessorImpl.java:0), which has no missing parents
[2020-07-22 16:49:54,555] {logging_mixin.py:112} INFO - [2020-07-22 16:49:54,554] {spark_submit_hook.py:479} INFO - 20/07/22 16:49:54 INFO MemoryStore: Block broadcast_2 stored as values in memory (estimated size 10.9 KiB, free 366.3 MiB)
[2020-07-22 16:49:54,558] {logging_mixin.py:112} INFO - [2020-07-22 16:49:54,558] {spark_submit_hook.py:479} INFO - 20/07/22 16:49:54 INFO MemoryStore: Block broadcast_2_piece0 stored as bytes in memory (estimated size 5.8 KiB, free 366.3 MiB)
[2020-07-22 16:49:54,560] {logging_mixin.py:112} INFO - [2020-07-22 16:49:54,560] {spark_submit_hook.py:479} INFO - 20/07/22 16:49:54 INFO BlockManagerInfo: Added broadcast_2_piece0 in memory on 192.168.43.94:46625 (size: 5.8 KiB, free: 366.3 MiB)
[2020-07-22 16:49:54,562] {logging_mixin.py:112} INFO - [2020-07-22 16:49:54,561] {spark_submit_hook.py:479} INFO - 20/07/22 16:49:54 INFO SparkContext: Created broadcast 2 from broadcast at DAGScheduler.scala:1200
[2020-07-22 16:49:54,564] {logging_mixin.py:112} INFO - [2020-07-22 16:49:54,563] {spark_submit_hook.py:479} INFO - 20/07/22 16:49:54 INFO DAGScheduler: Submitting 1 missing tasks from ResultStage 1 (MapPartitionsRDD[9] at showString at NativeMethodAccessorImpl.java:0) (first 15 tasks are for partitions Vector(0))
[2020-07-22 16:49:54,564] {logging_mixin.py:112} INFO - [2020-07-22 16:49:54,564] {spark_submit_hook.py:479} INFO - 20/07/22 16:49:54 INFO TaskSchedulerImpl: Adding task set 1.0 with 1 tasks
[2020-07-22 16:49:54,592] {logging_mixin.py:112} INFO - [2020-07-22 16:49:54,592] {spark_submit_hook.py:479} INFO - 20/07/22 16:49:54 INFO TaskSetManager: Starting task 0.0 in stage 1.0 (TID 1, 192.168.43.94, executor driver, partition 0, PROCESS_LOCAL, 7449 bytes)
[2020-07-22 16:49:54,595] {logging_mixin.py:112} INFO - [2020-07-22 16:49:54,595] {spark_submit_hook.py:479} INFO - 20/07/22 16:49:54 INFO Executor: Running task 0.0 in stage 1.0 (TID 1)
[2020-07-22 16:49:54,693] {logging_mixin.py:112} INFO - [2020-07-22 16:49:54,693] {spark_submit_hook.py:479} INFO - 20/07/22 16:49:54 INFO PythonRunner: Times: total = 3, boot = -7123, init = 7125, finish = 1
[2020-07-22 16:49:54,701] {logging_mixin.py:112} INFO - [2020-07-22 16:49:54,701] {spark_submit_hook.py:479} INFO - 20/07/22 16:49:54 INFO Executor: Finished task 0.0 in stage 1.0 (TID 1). 2154 bytes result sent to driver
[2020-07-22 16:49:54,712] {logging_mixin.py:112} INFO - [2020-07-22 16:49:54,711] {spark_submit_hook.py:479} INFO - 20/07/22 16:49:54 INFO TaskSetManager: Finished task 0.0 in stage 1.0 (TID 1) in 145 ms on 192.168.43.94 (executor driver) (1/1)
[2020-07-22 16:49:54,713] {logging_mixin.py:112} INFO - [2020-07-22 16:49:54,713] {spark_submit_hook.py:479} INFO - 20/07/22 16:49:54 INFO TaskSchedulerImpl: Removed TaskSet 1.0, whose tasks have all completed, from pool
[2020-07-22 16:49:54,717] {logging_mixin.py:112} INFO - [2020-07-22 16:49:54,716] {spark_submit_hook.py:479} INFO - 20/07/22 16:49:54 INFO DAGScheduler: ResultStage 1 (showString at NativeMethodAccessorImpl.java:0) finished in 0.195 s
[2020-07-22 16:49:54,717] {logging_mixin.py:112} INFO - [2020-07-22 16:49:54,717] {spark_submit_hook.py:479} INFO - 20/07/22 16:49:54 INFO DAGScheduler: Job 1 is finished. Cancelling potential speculative or zombie tasks for this job
[2020-07-22 16:49:54,717] {logging_mixin.py:112} INFO - [2020-07-22 16:49:54,717] {spark_submit_hook.py:479} INFO - 20/07/22 16:49:54 INFO TaskSchedulerImpl: Killing all running tasks in stage 1: Stage finished
[2020-07-22 16:49:54,718] {logging_mixin.py:112} INFO - [2020-07-22 16:49:54,717] {spark_submit_hook.py:479} INFO - 20/07/22 16:49:54 INFO DAGScheduler: Job 1 finished: showString at NativeMethodAccessorImpl.java:0, took 0.211377 s
[2020-07-22 16:49:54,798] {logging_mixin.py:112} INFO - [2020-07-22 16:49:54,797] {spark_submit_hook.py:479} INFO - 20/07/22 16:49:54 INFO CodeGenerator: Code generated in 37.943177 ms
[2020-07-22 16:49:54,827] {logging_mixin.py:112} INFO - [2020-07-22 16:49:54,827] {spark_submit_hook.py:479} INFO - +------+------------+
[2020-07-22 16:49:54,827] {logging_mixin.py:112} INFO - [2020-07-22 16:49:54,827] {spark_submit_hook.py:479} INFO - |    _1|          _2|
[2020-07-22 16:49:54,828] {logging_mixin.py:112} INFO - [2020-07-22 16:49:54,827] {spark_submit_hook.py:479} INFO - +------+------------+
[2020-07-22 16:49:54,828] {logging_mixin.py:112} INFO - [2020-07-22 16:49:54,828] {spark_submit_hook.py:479} INFO - |PERSON|JOINING_YEAR|
[2020-07-22 16:49:54,828] {logging_mixin.py:112} INFO - [2020-07-22 16:49:54,828] {spark_submit_hook.py:479} INFO - |  John|        2018|
[2020-07-22 16:49:54,828] {logging_mixin.py:112} INFO - [2020-07-22 16:49:54,828] {spark_submit_hook.py:479} INFO - |   Sam|        2017|
[2020-07-22 16:49:54,829] {logging_mixin.py:112} INFO - [2020-07-22 16:49:54,828] {spark_submit_hook.py:479} INFO - |  Jeff|        2014|
[2020-07-22 16:49:54,829] {logging_mixin.py:112} INFO - [2020-07-22 16:49:54,829] {spark_submit_hook.py:479} INFO - | Allen|        2015|
[2020-07-22 16:49:54,829] {logging_mixin.py:112} INFO - [2020-07-22 16:49:54,829] {spark_submit_hook.py:479} INFO - +------+------------+
[2020-07-22 16:49:54,829] {logging_mixin.py:112} INFO - [2020-07-22 16:49:54,829] {spark_submit_hook.py:479} INFO - 
[2020-07-22 16:49:54,931] {logging_mixin.py:112} INFO - [2020-07-22 16:49:54,931] {spark_submit_hook.py:479} INFO - 20/07/22 16:49:54 INFO SparkContext: Invoking stop() from shutdown hook
[2020-07-22 16:49:54,944] {logging_mixin.py:112} INFO - [2020-07-22 16:49:54,943] {spark_submit_hook.py:479} INFO - 20/07/22 16:49:54 INFO SparkUI: Stopped Spark web UI at http://192.168.43.94:4043
[2020-07-22 16:49:54,966] {logging_mixin.py:112} INFO - [2020-07-22 16:49:54,966] {spark_submit_hook.py:479} INFO - 20/07/22 16:49:54 INFO MapOutputTrackerMasterEndpoint: MapOutputTrackerMasterEndpoint stopped!
[2020-07-22 16:49:54,985] {logging_mixin.py:112} INFO - [2020-07-22 16:49:54,984] {spark_submit_hook.py:479} INFO - 20/07/22 16:49:54 INFO MemoryStore: MemoryStore cleared
[2020-07-22 16:49:54,986] {logging_mixin.py:112} INFO - [2020-07-22 16:49:54,985] {spark_submit_hook.py:479} INFO - 20/07/22 16:49:54 INFO BlockManager: BlockManager stopped
[2020-07-22 16:49:54,989] {logging_mixin.py:112} INFO - [2020-07-22 16:49:54,989] {spark_submit_hook.py:479} INFO - 20/07/22 16:49:54 INFO BlockManagerMaster: BlockManagerMaster stopped
[2020-07-22 16:49:54,995] {logging_mixin.py:112} INFO - [2020-07-22 16:49:54,995] {spark_submit_hook.py:479} INFO - 20/07/22 16:49:54 INFO OutputCommitCoordinator$OutputCommitCoordinatorEndpoint: OutputCommitCoordinator stopped!
[2020-07-22 16:49:55,007] {logging_mixin.py:112} INFO - [2020-07-22 16:49:55,007] {spark_submit_hook.py:479} INFO - 20/07/22 16:49:55 INFO SparkContext: Successfully stopped SparkContext
[2020-07-22 16:49:55,008] {logging_mixin.py:112} INFO - [2020-07-22 16:49:55,008] {spark_submit_hook.py:479} INFO - 20/07/22 16:49:55 INFO ShutdownHookManager: Shutdown hook called
[2020-07-22 16:49:55,010] {logging_mixin.py:112} INFO - [2020-07-22 16:49:55,009] {spark_submit_hook.py:479} INFO - 20/07/22 16:49:55 INFO ShutdownHookManager: Deleting directory /tmp/spark-504da5cd-a752-4213-a86e-e31e74957c56/pyspark-23c2d191-683c-450e-a279-b61ed14fc712
[2020-07-22 16:49:55,022] {logging_mixin.py:112} INFO - [2020-07-22 16:49:55,022] {spark_submit_hook.py:479} INFO - 20/07/22 16:49:55 INFO ShutdownHookManager: Deleting directory /tmp/spark-af373e59-8a17-4459-ad6d-d39fe8032034
[2020-07-22 16:49:55,024] {logging_mixin.py:112} INFO - [2020-07-22 16:49:55,023] {spark_submit_hook.py:479} INFO - 20/07/22 16:49:55 INFO ShutdownHookManager: Deleting directory /tmp/spark-504da5cd-a752-4213-a86e-e31e74957c56
[2020-07-22 16:49:55,152] {taskinstance.py:1052} INFO - Marking task as SUCCESS.dag_id=submit_data, task_id=spark_submit, execution_date=20200720T065000, start_date=20200722T111925, end_date=20200722T111955
[2020-07-22 16:49:56,087] {logging_mixin.py:112} INFO - [2020-07-22 16:49:56,087] {local_task_job.py:103} INFO - Task exited with return code 0
