[2020-07-22 14:50:09,797] {taskinstance.py:669} INFO - Dependencies all met for <TaskInstance: submit_data.spark_submit 2020-07-20T03:54:00+00:00 [queued]>
[2020-07-22 14:50:09,811] {taskinstance.py:669} INFO - Dependencies all met for <TaskInstance: submit_data.spark_submit 2020-07-20T03:54:00+00:00 [queued]>
[2020-07-22 14:50:09,811] {taskinstance.py:879} INFO - 
--------------------------------------------------------------------------------
[2020-07-22 14:50:09,811] {taskinstance.py:880} INFO - Starting attempt 1 of 1
[2020-07-22 14:50:09,811] {taskinstance.py:881} INFO - 
--------------------------------------------------------------------------------
[2020-07-22 14:50:09,959] {taskinstance.py:900} INFO - Executing <Task(SparkSubmitOperator): spark_submit> on 2020-07-20T03:54:00+00:00
[2020-07-22 14:50:09,963] {standard_task_runner.py:53} INFO - Started process 455591 to run task
[2020-07-22 14:50:10,235] {logging_mixin.py:112} INFO - Running %s on host %s <TaskInstance: submit_data.spark_submit 2020-07-20T03:54:00+00:00 [running]> bhakti-Vostro-3558
[2020-07-22 14:50:10,297] {logging_mixin.py:112} INFO - [2020-07-22 14:50:10,297] {base_hook.py:87} INFO - Using connection to: id: spark_local. Host: local, Port: None, Schema: None, Login: None, Password: None, extra: None
[2020-07-22 14:50:10,300] {logging_mixin.py:112} INFO - [2020-07-22 14:50:10,299] {spark_submit_hook.py:325} INFO - Spark-Submit cmd: spark-submit --master local --name airflow-spark /home/bhakti/airflow/spark_jobs/python/spark_test.py
[2020-07-22 14:50:14,802] {logging_mixin.py:112} INFO - [2020-07-22 14:50:14,802] {spark_submit_hook.py:479} INFO - 20/07/22 14:50:14 WARN Utils: Your hostname, bhakti-Vostro-3558 resolves to a loopback address: 127.0.1.1; using 192.168.43.94 instead (on interface wlp6s0)
[2020-07-22 14:50:14,805] {logging_mixin.py:112} INFO - [2020-07-22 14:50:14,804] {spark_submit_hook.py:479} INFO - 20/07/22 14:50:14 WARN Utils: Set SPARK_LOCAL_IP if you need to bind to another address
[2020-07-22 14:50:16,783] {logging_mixin.py:112} INFO - [2020-07-22 14:50:16,783] {spark_submit_hook.py:479} INFO - 20/07/22 14:50:16 WARN NativeCodeLoader: Unable to load native-hadoop library for your platform... using builtin-java classes where applicable
[2020-07-22 14:50:22,086] {logging_mixin.py:112} INFO - [2020-07-22 14:50:22,086] {spark_submit_hook.py:479} INFO - Using Spark's default log4j profile: org/apache/spark/log4j-defaults.properties
[2020-07-22 14:50:22,107] {logging_mixin.py:112} INFO - [2020-07-22 14:50:22,107] {spark_submit_hook.py:479} INFO - 20/07/22 14:50:22 INFO SparkContext: Running Spark version 3.0.0
[2020-07-22 14:50:22,198] {logging_mixin.py:112} INFO - [2020-07-22 14:50:22,197] {spark_submit_hook.py:479} INFO - 20/07/22 14:50:22 INFO ResourceUtils: ==============================================================
[2020-07-22 14:50:22,200] {logging_mixin.py:112} INFO - [2020-07-22 14:50:22,200] {spark_submit_hook.py:479} INFO - 20/07/22 14:50:22 INFO ResourceUtils: Resources for spark.driver:
[2020-07-22 14:50:22,201] {logging_mixin.py:112} INFO - [2020-07-22 14:50:22,200] {spark_submit_hook.py:479} INFO - 
[2020-07-22 14:50:22,201] {logging_mixin.py:112} INFO - [2020-07-22 14:50:22,201] {spark_submit_hook.py:479} INFO - 20/07/22 14:50:22 INFO ResourceUtils: ==============================================================
[2020-07-22 14:50:22,202] {logging_mixin.py:112} INFO - [2020-07-22 14:50:22,202] {spark_submit_hook.py:479} INFO - 20/07/22 14:50:22 INFO SparkContext: Submitted application: Spark_Test_Python
[2020-07-22 14:50:22,530] {logging_mixin.py:112} INFO - [2020-07-22 14:50:22,529] {spark_submit_hook.py:479} INFO - 20/07/22 14:50:22 INFO SecurityManager: Changing view acls to: bhakti
[2020-07-22 14:50:22,530] {logging_mixin.py:112} INFO - [2020-07-22 14:50:22,530] {spark_submit_hook.py:479} INFO - 20/07/22 14:50:22 INFO SecurityManager: Changing modify acls to: bhakti
[2020-07-22 14:50:22,536] {logging_mixin.py:112} INFO - [2020-07-22 14:50:22,530] {spark_submit_hook.py:479} INFO - 20/07/22 14:50:22 INFO SecurityManager: Changing view acls groups to:
[2020-07-22 14:50:22,537] {logging_mixin.py:112} INFO - [2020-07-22 14:50:22,536] {spark_submit_hook.py:479} INFO - 20/07/22 14:50:22 INFO SecurityManager: Changing modify acls groups to:
[2020-07-22 14:50:22,537] {logging_mixin.py:112} INFO - [2020-07-22 14:50:22,537] {spark_submit_hook.py:479} INFO - 20/07/22 14:50:22 INFO SecurityManager: SecurityManager: authentication disabled; ui acls disabled; users  with view permissions: Set(bhakti); groups with view permissions: Set(); users  with modify permissions: Set(bhakti); groups with modify permissions: Set()
[2020-07-22 14:50:23,568] {logging_mixin.py:112} INFO - [2020-07-22 14:50:23,568] {spark_submit_hook.py:479} INFO - 20/07/22 14:50:23 INFO Utils: Successfully started service 'sparkDriver' on port 36751.
[2020-07-22 14:50:23,656] {logging_mixin.py:112} INFO - [2020-07-22 14:50:23,656] {spark_submit_hook.py:479} INFO - 20/07/22 14:50:23 INFO SparkEnv: Registering MapOutputTracker
[2020-07-22 14:50:23,749] {logging_mixin.py:112} INFO - [2020-07-22 14:50:23,749] {spark_submit_hook.py:479} INFO - 20/07/22 14:50:23 INFO SparkEnv: Registering BlockManagerMaster
[2020-07-22 14:50:23,805] {logging_mixin.py:112} INFO - [2020-07-22 14:50:23,805] {spark_submit_hook.py:479} INFO - 20/07/22 14:50:23 INFO BlockManagerMasterEndpoint: Using org.apache.spark.storage.DefaultTopologyMapper for getting topology information
[2020-07-22 14:50:23,807] {logging_mixin.py:112} INFO - [2020-07-22 14:50:23,807] {spark_submit_hook.py:479} INFO - 20/07/22 14:50:23 INFO BlockManagerMasterEndpoint: BlockManagerMasterEndpoint up
[2020-07-22 14:50:23,815] {logging_mixin.py:112} INFO - [2020-07-22 14:50:23,815] {spark_submit_hook.py:479} INFO - 20/07/22 14:50:23 INFO SparkEnv: Registering BlockManagerMasterHeartbeat
[2020-07-22 14:50:23,841] {logging_mixin.py:112} INFO - [2020-07-22 14:50:23,841] {spark_submit_hook.py:479} INFO - 20/07/22 14:50:23 INFO DiskBlockManager: Created local directory at /tmp/blockmgr-f3629fbf-7f63-443e-b19c-6a0614ad61bc
[2020-07-22 14:50:23,891] {logging_mixin.py:112} INFO - [2020-07-22 14:50:23,891] {spark_submit_hook.py:479} INFO - 20/07/22 14:50:23 INFO MemoryStore: MemoryStore started with capacity 366.3 MiB
[2020-07-22 14:50:23,928] {logging_mixin.py:112} INFO - [2020-07-22 14:50:23,927] {spark_submit_hook.py:479} INFO - 20/07/22 14:50:23 INFO SparkEnv: Registering OutputCommitCoordinator
[2020-07-22 14:50:24,591] {logging_mixin.py:112} INFO - [2020-07-22 14:50:24,591] {spark_submit_hook.py:479} INFO - 20/07/22 14:50:24 WARN Utils: Service 'SparkUI' could not bind on port 4040. Attempting port 4041.
[2020-07-22 14:50:24,592] {logging_mixin.py:112} INFO - [2020-07-22 14:50:24,591] {spark_submit_hook.py:479} INFO - 20/07/22 14:50:24 WARN Utils: Service 'SparkUI' could not bind on port 4041. Attempting port 4042.
[2020-07-22 14:50:24,592] {logging_mixin.py:112} INFO - [2020-07-22 14:50:24,592] {spark_submit_hook.py:479} INFO - 20/07/22 14:50:24 WARN Utils: Service 'SparkUI' could not bind on port 4042. Attempting port 4043.
[2020-07-22 14:50:24,593] {logging_mixin.py:112} INFO - [2020-07-22 14:50:24,593] {spark_submit_hook.py:479} INFO - 20/07/22 14:50:24 WARN Utils: Service 'SparkUI' could not bind on port 4043. Attempting port 4044.
[2020-07-22 14:50:24,594] {logging_mixin.py:112} INFO - [2020-07-22 14:50:24,594] {spark_submit_hook.py:479} INFO - 20/07/22 14:50:24 WARN Utils: Service 'SparkUI' could not bind on port 4044. Attempting port 4045.
[2020-07-22 14:50:24,623] {logging_mixin.py:112} INFO - [2020-07-22 14:50:24,623] {spark_submit_hook.py:479} INFO - 20/07/22 14:50:24 INFO Utils: Successfully started service 'SparkUI' on port 4045.
[2020-07-22 14:50:24,846] {logging_mixin.py:112} INFO - [2020-07-22 14:50:24,845] {spark_submit_hook.py:479} INFO - 20/07/22 14:50:24 INFO SparkUI: Bound SparkUI to 0.0.0.0, and started at http://192.168.43.94:4045
[2020-07-22 14:50:25,711] {logging_mixin.py:112} INFO - [2020-07-22 14:50:25,711] {spark_submit_hook.py:479} INFO - 20/07/22 14:50:25 INFO Executor: Starting executor ID driver on host 192.168.43.94
[2020-07-22 14:50:25,805] {logging_mixin.py:112} INFO - [2020-07-22 14:50:25,805] {spark_submit_hook.py:479} INFO - 20/07/22 14:50:25 INFO Utils: Successfully started service 'org.apache.spark.network.netty.NettyBlockTransferService' on port 43799.
[2020-07-22 14:50:25,806] {logging_mixin.py:112} INFO - [2020-07-22 14:50:25,806] {spark_submit_hook.py:479} INFO - 20/07/22 14:50:25 INFO NettyBlockTransferService: Server created on 192.168.43.94:43799
[2020-07-22 14:50:25,809] {logging_mixin.py:112} INFO - [2020-07-22 14:50:25,808] {spark_submit_hook.py:479} INFO - 20/07/22 14:50:25 INFO BlockManager: Using org.apache.spark.storage.RandomBlockReplicationPolicy for block replication policy
[2020-07-22 14:50:25,833] {logging_mixin.py:112} INFO - [2020-07-22 14:50:25,833] {spark_submit_hook.py:479} INFO - 20/07/22 14:50:25 INFO BlockManagerMaster: Registering BlockManager BlockManagerId(driver, 192.168.43.94, 43799, None)
[2020-07-22 14:50:25,856] {logging_mixin.py:112} INFO - [2020-07-22 14:50:25,855] {spark_submit_hook.py:479} INFO - 20/07/22 14:50:25 INFO BlockManagerMasterEndpoint: Registering block manager 192.168.43.94:43799 with 366.3 MiB RAM, BlockManagerId(driver, 192.168.43.94, 43799, None)
[2020-07-22 14:50:25,867] {logging_mixin.py:112} INFO - [2020-07-22 14:50:25,867] {spark_submit_hook.py:479} INFO - 20/07/22 14:50:25 INFO BlockManagerMaster: Registered BlockManager BlockManagerId(driver, 192.168.43.94, 43799, None)
[2020-07-22 14:50:25,870] {logging_mixin.py:112} INFO - [2020-07-22 14:50:25,869] {spark_submit_hook.py:479} INFO - 20/07/22 14:50:25 INFO BlockManager: Initialized BlockManager: BlockManagerId(driver, 192.168.43.94, 43799, None)
[2020-07-22 14:50:28,293] {logging_mixin.py:112} INFO - [2020-07-22 14:50:28,292] {spark_submit_hook.py:479} INFO - 20/07/22 14:50:28 INFO SparkContext: Starting job: collect at /home/bhakti/airflow/spark_jobs/python/spark_test.py:7
[2020-07-22 14:50:28,331] {logging_mixin.py:112} INFO - [2020-07-22 14:50:28,331] {spark_submit_hook.py:479} INFO - 20/07/22 14:50:28 INFO DAGScheduler: Got job 0 (collect at /home/bhakti/airflow/spark_jobs/python/spark_test.py:7) with 1 output partitions
[2020-07-22 14:50:28,333] {logging_mixin.py:112} INFO - [2020-07-22 14:50:28,332] {spark_submit_hook.py:479} INFO - 20/07/22 14:50:28 INFO DAGScheduler: Final stage: ResultStage 0 (collect at /home/bhakti/airflow/spark_jobs/python/spark_test.py:7)
[2020-07-22 14:50:28,334] {logging_mixin.py:112} INFO - [2020-07-22 14:50:28,334] {spark_submit_hook.py:479} INFO - 20/07/22 14:50:28 INFO DAGScheduler: Parents of final stage: List()
[2020-07-22 14:50:28,339] {logging_mixin.py:112} INFO - [2020-07-22 14:50:28,339] {spark_submit_hook.py:479} INFO - 20/07/22 14:50:28 INFO DAGScheduler: Missing parents: List()
[2020-07-22 14:50:28,357] {logging_mixin.py:112} INFO - [2020-07-22 14:50:28,357] {spark_submit_hook.py:479} INFO - 20/07/22 14:50:28 INFO DAGScheduler: Submitting ResultStage 0 (PythonRDD[1] at collect at /home/bhakti/airflow/spark_jobs/python/spark_test.py:7), which has no missing parents
[2020-07-22 14:50:28,624] {logging_mixin.py:112} INFO - [2020-07-22 14:50:28,624] {spark_submit_hook.py:479} INFO - 20/07/22 14:50:28 INFO MemoryStore: Block broadcast_0 stored as values in memory (estimated size 4.8 KiB, free 366.3 MiB)
[2020-07-22 14:50:28,778] {logging_mixin.py:112} INFO - [2020-07-22 14:50:28,777] {spark_submit_hook.py:479} INFO - 20/07/22 14:50:28 INFO MemoryStore: Block broadcast_0_piece0 stored as bytes in memory (estimated size 3.1 KiB, free 366.3 MiB)
[2020-07-22 14:50:28,783] {logging_mixin.py:112} INFO - [2020-07-22 14:50:28,783] {spark_submit_hook.py:479} INFO - 20/07/22 14:50:28 INFO BlockManagerInfo: Added broadcast_0_piece0 in memory on 192.168.43.94:43799 (size: 3.1 KiB, free: 366.3 MiB)
[2020-07-22 14:50:28,792] {logging_mixin.py:112} INFO - [2020-07-22 14:50:28,792] {spark_submit_hook.py:479} INFO - 20/07/22 14:50:28 INFO SparkContext: Created broadcast 0 from broadcast at DAGScheduler.scala:1200
[2020-07-22 14:50:28,873] {logging_mixin.py:112} INFO - [2020-07-22 14:50:28,872] {spark_submit_hook.py:479} INFO - 20/07/22 14:50:28 INFO DAGScheduler: Submitting 1 missing tasks from ResultStage 0 (PythonRDD[1] at collect at /home/bhakti/airflow/spark_jobs/python/spark_test.py:7) (first 15 tasks are for partitions Vector(0))
[2020-07-22 14:50:29,001] {logging_mixin.py:112} INFO - [2020-07-22 14:50:29,000] {spark_submit_hook.py:479} INFO - 20/07/22 14:50:28 INFO TaskSchedulerImpl: Adding task set 0.0 with 1 tasks
[2020-07-22 14:50:29,153] {logging_mixin.py:112} INFO - [2020-07-22 14:50:29,153] {spark_submit_hook.py:479} INFO - 20/07/22 14:50:29 INFO TaskSetManager: Starting task 0.0 in stage 0.0 (TID 0, 192.168.43.94, executor driver, partition 0, PROCESS_LOCAL, 7369 bytes)
[2020-07-22 14:50:29,286] {logging_mixin.py:112} INFO - [2020-07-22 14:50:29,285] {spark_submit_hook.py:479} INFO - 20/07/22 14:50:29 INFO Executor: Running task 0.0 in stage 0.0 (TID 0)
[2020-07-22 14:50:32,639] {logging_mixin.py:112} INFO - [2020-07-22 14:50:32,639] {spark_submit_hook.py:479} INFO - 20/07/22 14:50:32 INFO PythonRunner: Times: total = 1562, boot = 1476, init = 86, finish = 0
[2020-07-22 14:50:32,749] {logging_mixin.py:112} INFO - [2020-07-22 14:50:32,749] {spark_submit_hook.py:479} INFO - 20/07/22 14:50:32 INFO Executor: Finished task 0.0 in stage 0.0 (TID 0). 1533 bytes result sent to driver
[2020-07-22 14:50:32,788] {logging_mixin.py:112} INFO - [2020-07-22 14:50:32,788] {spark_submit_hook.py:479} INFO - 20/07/22 14:50:32 INFO TaskSetManager: Finished task 0.0 in stage 0.0 (TID 0) in 3793 ms on 192.168.43.94 (executor driver) (1/1)
[2020-07-22 14:50:32,795] {logging_mixin.py:112} INFO - [2020-07-22 14:50:32,795] {spark_submit_hook.py:479} INFO - 20/07/22 14:50:32 INFO TaskSchedulerImpl: Removed TaskSet 0.0, whose tasks have all completed, from pool
[2020-07-22 14:50:32,804] {logging_mixin.py:112} INFO - [2020-07-22 14:50:32,804] {spark_submit_hook.py:479} INFO - 20/07/22 14:50:32 INFO PythonAccumulatorV2: Connected to AccumulatorServer at host: 127.0.0.1 port: 58513
[2020-07-22 14:50:32,844] {logging_mixin.py:112} INFO - [2020-07-22 14:50:32,843] {spark_submit_hook.py:479} INFO - 20/07/22 14:50:32 INFO DAGScheduler: ResultStage 0 (collect at /home/bhakti/airflow/spark_jobs/python/spark_test.py:7) finished in 4.417 s
[2020-07-22 14:50:32,863] {logging_mixin.py:112} INFO - [2020-07-22 14:50:32,862] {spark_submit_hook.py:479} INFO - 20/07/22 14:50:32 INFO DAGScheduler: Job 0 is finished. Cancelling potential speculative or zombie tasks for this job
[2020-07-22 14:50:32,864] {logging_mixin.py:112} INFO - [2020-07-22 14:50:32,864] {spark_submit_hook.py:479} INFO - 20/07/22 14:50:32 INFO TaskSchedulerImpl: Killing all running tasks in stage 0: Stage finished
[2020-07-22 14:50:32,869] {logging_mixin.py:112} INFO - [2020-07-22 14:50:32,869] {spark_submit_hook.py:479} INFO - 20/07/22 14:50:32 INFO DAGScheduler: Job 0 finished: collect at /home/bhakti/airflow/spark_jobs/python/spark_test.py:7, took 4.575440 s
[2020-07-22 14:50:32,891] {logging_mixin.py:112} INFO - [2020-07-22 14:50:32,890] {spark_submit_hook.py:479} INFO - [4, 5]
[2020-07-22 14:50:33,029] {logging_mixin.py:112} INFO - [2020-07-22 14:50:33,029] {spark_submit_hook.py:479} INFO - 20/07/22 14:50:33 INFO SparkContext: Invoking stop() from shutdown hook
[2020-07-22 14:50:33,132] {logging_mixin.py:112} INFO - [2020-07-22 14:50:33,132] {spark_submit_hook.py:479} INFO - 20/07/22 14:50:33 INFO SparkUI: Stopped Spark web UI at http://192.168.43.94:4045
[2020-07-22 14:50:33,199] {logging_mixin.py:112} INFO - [2020-07-22 14:50:33,198] {spark_submit_hook.py:479} INFO - 20/07/22 14:50:33 INFO MapOutputTrackerMasterEndpoint: MapOutputTrackerMasterEndpoint stopped!
[2020-07-22 14:50:33,237] {logging_mixin.py:112} INFO - [2020-07-22 14:50:33,237] {spark_submit_hook.py:479} INFO - 20/07/22 14:50:33 INFO MemoryStore: MemoryStore cleared
[2020-07-22 14:50:33,240] {logging_mixin.py:112} INFO - [2020-07-22 14:50:33,239] {spark_submit_hook.py:479} INFO - 20/07/22 14:50:33 INFO BlockManager: BlockManager stopped
[2020-07-22 14:50:33,257] {logging_mixin.py:112} INFO - [2020-07-22 14:50:33,257] {spark_submit_hook.py:479} INFO - 20/07/22 14:50:33 INFO BlockManagerMaster: BlockManagerMaster stopped
[2020-07-22 14:50:33,262] {logging_mixin.py:112} INFO - [2020-07-22 14:50:33,262] {spark_submit_hook.py:479} INFO - 20/07/22 14:50:33 INFO OutputCommitCoordinator$OutputCommitCoordinatorEndpoint: OutputCommitCoordinator stopped!
[2020-07-22 14:50:33,307] {logging_mixin.py:112} INFO - [2020-07-22 14:50:33,307] {spark_submit_hook.py:479} INFO - 20/07/22 14:50:33 INFO SparkContext: Successfully stopped SparkContext
[2020-07-22 14:50:33,309] {logging_mixin.py:112} INFO - [2020-07-22 14:50:33,309] {spark_submit_hook.py:479} INFO - 20/07/22 14:50:33 INFO ShutdownHookManager: Shutdown hook called
[2020-07-22 14:50:33,311] {logging_mixin.py:112} INFO - [2020-07-22 14:50:33,310] {spark_submit_hook.py:479} INFO - 20/07/22 14:50:33 INFO ShutdownHookManager: Deleting directory /tmp/spark-e8084793-87c1-4609-89e3-ca068bf96702
[2020-07-22 14:50:33,326] {logging_mixin.py:112} INFO - [2020-07-22 14:50:33,326] {spark_submit_hook.py:479} INFO - 20/07/22 14:50:33 INFO ShutdownHookManager: Deleting directory /tmp/spark-4eca82e8-952c-4bf6-b2ea-ecc7647efd1b
[2020-07-22 14:50:33,344] {logging_mixin.py:112} INFO - [2020-07-22 14:50:33,344] {spark_submit_hook.py:479} INFO - 20/07/22 14:50:33 INFO ShutdownHookManager: Deleting directory /tmp/spark-4eca82e8-952c-4bf6-b2ea-ecc7647efd1b/pyspark-84ced3e6-62d5-460c-a654-3559a93a1b42
[2020-07-22 14:50:33,533] {taskinstance.py:1052} INFO - Marking task as SUCCESS.dag_id=submit_data, task_id=spark_submit, execution_date=20200720T035400, start_date=20200722T092009, end_date=20200722T092033
[2020-07-22 14:50:35,259] {logging_mixin.py:112} INFO - [2020-07-22 14:50:35,259] {local_task_job.py:103} INFO - Task exited with return code 0
