[2020-07-23 15:35:45,858] {taskinstance.py:669} INFO - Dependencies all met for <TaskInstance: submit_data.spark_submit 2020-07-21T01:13:00+00:00 [queued]>
[2020-07-23 15:35:45,870] {taskinstance.py:669} INFO - Dependencies all met for <TaskInstance: submit_data.spark_submit 2020-07-21T01:13:00+00:00 [queued]>
[2020-07-23 15:35:45,870] {taskinstance.py:879} INFO - 
--------------------------------------------------------------------------------
[2020-07-23 15:35:45,871] {taskinstance.py:880} INFO - Starting attempt 1 of 1
[2020-07-23 15:35:45,871] {taskinstance.py:881} INFO - 
--------------------------------------------------------------------------------
[2020-07-23 15:35:46,063] {taskinstance.py:900} INFO - Executing <Task(SparkSubmitOperator): spark_submit> on 2020-07-21T01:13:00+00:00
[2020-07-23 15:35:46,068] {standard_task_runner.py:53} INFO - Started process 279343 to run task
[2020-07-23 15:35:46,223] {logging_mixin.py:112} INFO - Running %s on host %s <TaskInstance: submit_data.spark_submit 2020-07-21T01:13:00+00:00 [running]> bhakti-Vostro-3558
[2020-07-23 15:35:46,244] {logging_mixin.py:112} INFO - [2020-07-23 15:35:46,244] {base_hook.py:87} INFO - Using connection to: id: spark_local. Host: local, Port: None, Schema: None, Login: None, Password: None, extra: None
[2020-07-23 15:35:46,245] {logging_mixin.py:112} INFO - [2020-07-23 15:35:46,245] {spark_submit_hook.py:325} INFO - Spark-Submit cmd: spark-submit --master local --name airflow-spark /home/bhakti/airflow/spark_jobs/spark_test.py
[2020-07-23 15:35:47,981] {logging_mixin.py:112} INFO - [2020-07-23 15:35:47,981] {spark_submit_hook.py:479} INFO - 20/07/23 15:35:47 WARN Utils: Your hostname, bhakti-Vostro-3558 resolves to a loopback address: 127.0.1.1; using 192.168.43.94 instead (on interface wlp6s0)
[2020-07-23 15:35:47,983] {logging_mixin.py:112} INFO - [2020-07-23 15:35:47,983] {spark_submit_hook.py:479} INFO - 20/07/23 15:35:47 WARN Utils: Set SPARK_LOCAL_IP if you need to bind to another address
[2020-07-23 15:35:48,993] {logging_mixin.py:112} INFO - [2020-07-23 15:35:48,992] {spark_submit_hook.py:479} INFO - 20/07/23 15:35:48 WARN NativeCodeLoader: Unable to load native-hadoop library for your platform... using builtin-java classes where applicable
[2020-07-23 15:35:50,410] {logging_mixin.py:112} INFO - [2020-07-23 15:35:50,410] {spark_submit_hook.py:479} INFO - Using Spark's default log4j profile: org/apache/spark/log4j-defaults.properties
[2020-07-23 15:35:50,424] {logging_mixin.py:112} INFO - [2020-07-23 15:35:50,424] {spark_submit_hook.py:479} INFO - 20/07/23 15:35:50 INFO SparkContext: Running Spark version 3.0.0
[2020-07-23 15:35:50,498] {logging_mixin.py:112} INFO - [2020-07-23 15:35:50,498] {spark_submit_hook.py:479} INFO - 20/07/23 15:35:50 INFO ResourceUtils: ==============================================================
[2020-07-23 15:35:50,502] {logging_mixin.py:112} INFO - [2020-07-23 15:35:50,501] {spark_submit_hook.py:479} INFO - 20/07/23 15:35:50 INFO ResourceUtils: Resources for spark.driver:
[2020-07-23 15:35:50,502] {logging_mixin.py:112} INFO - [2020-07-23 15:35:50,502] {spark_submit_hook.py:479} INFO - 
[2020-07-23 15:35:50,503] {logging_mixin.py:112} INFO - [2020-07-23 15:35:50,502] {spark_submit_hook.py:479} INFO - 20/07/23 15:35:50 INFO ResourceUtils: ==============================================================
[2020-07-23 15:35:50,504] {logging_mixin.py:112} INFO - [2020-07-23 15:35:50,503] {spark_submit_hook.py:479} INFO - 20/07/23 15:35:50 INFO SparkContext: Submitted application: Spark_Test_Python
[2020-07-23 15:35:50,604] {logging_mixin.py:112} INFO - [2020-07-23 15:35:50,603] {spark_submit_hook.py:479} INFO - 20/07/23 15:35:50 INFO SecurityManager: Changing view acls to: bhakti
[2020-07-23 15:35:50,604] {logging_mixin.py:112} INFO - [2020-07-23 15:35:50,604] {spark_submit_hook.py:479} INFO - 20/07/23 15:35:50 INFO SecurityManager: Changing modify acls to: bhakti
[2020-07-23 15:35:50,605] {logging_mixin.py:112} INFO - [2020-07-23 15:35:50,604] {spark_submit_hook.py:479} INFO - 20/07/23 15:35:50 INFO SecurityManager: Changing view acls groups to:
[2020-07-23 15:35:50,605] {logging_mixin.py:112} INFO - [2020-07-23 15:35:50,605] {spark_submit_hook.py:479} INFO - 20/07/23 15:35:50 INFO SecurityManager: Changing modify acls groups to:
[2020-07-23 15:35:50,605] {logging_mixin.py:112} INFO - [2020-07-23 15:35:50,605] {spark_submit_hook.py:479} INFO - 20/07/23 15:35:50 INFO SecurityManager: SecurityManager: authentication disabled; ui acls disabled; users  with view permissions: Set(bhakti); groups with view permissions: Set(); users  with modify permissions: Set(bhakti); groups with modify permissions: Set()
[2020-07-23 15:35:51,139] {logging_mixin.py:112} INFO - [2020-07-23 15:35:51,139] {spark_submit_hook.py:479} INFO - 20/07/23 15:35:51 INFO Utils: Successfully started service 'sparkDriver' on port 40649.
[2020-07-23 15:35:51,193] {logging_mixin.py:112} INFO - [2020-07-23 15:35:51,193] {spark_submit_hook.py:479} INFO - 20/07/23 15:35:51 INFO SparkEnv: Registering MapOutputTracker
[2020-07-23 15:35:51,269] {logging_mixin.py:112} INFO - [2020-07-23 15:35:51,268] {spark_submit_hook.py:479} INFO - 20/07/23 15:35:51 INFO SparkEnv: Registering BlockManagerMaster
[2020-07-23 15:35:51,322] {logging_mixin.py:112} INFO - [2020-07-23 15:35:51,321] {spark_submit_hook.py:479} INFO - 20/07/23 15:35:51 INFO BlockManagerMasterEndpoint: Using org.apache.spark.storage.DefaultTopologyMapper for getting topology information
[2020-07-23 15:35:51,323] {logging_mixin.py:112} INFO - [2020-07-23 15:35:51,323] {spark_submit_hook.py:479} INFO - 20/07/23 15:35:51 INFO BlockManagerMasterEndpoint: BlockManagerMasterEndpoint up
[2020-07-23 15:35:51,332] {logging_mixin.py:112} INFO - [2020-07-23 15:35:51,332] {spark_submit_hook.py:479} INFO - 20/07/23 15:35:51 INFO SparkEnv: Registering BlockManagerMasterHeartbeat
[2020-07-23 15:35:51,360] {logging_mixin.py:112} INFO - [2020-07-23 15:35:51,360] {spark_submit_hook.py:479} INFO - 20/07/23 15:35:51 INFO DiskBlockManager: Created local directory at /tmp/blockmgr-5902ba73-c2e6-4750-b9ed-68bcc0b6c327
[2020-07-23 15:35:51,397] {logging_mixin.py:112} INFO - [2020-07-23 15:35:51,396] {spark_submit_hook.py:479} INFO - 20/07/23 15:35:51 INFO MemoryStore: MemoryStore started with capacity 366.3 MiB
[2020-07-23 15:35:51,424] {logging_mixin.py:112} INFO - [2020-07-23 15:35:51,423] {spark_submit_hook.py:479} INFO - 20/07/23 15:35:51 INFO SparkEnv: Registering OutputCommitCoordinator
[2020-07-23 15:35:51,750] {logging_mixin.py:112} INFO - [2020-07-23 15:35:51,749] {spark_submit_hook.py:479} INFO - 20/07/23 15:35:51 WARN Utils: Service 'SparkUI' could not bind on port 4040. Attempting port 4041.
[2020-07-23 15:35:51,761] {logging_mixin.py:112} INFO - [2020-07-23 15:35:51,760] {spark_submit_hook.py:479} INFO - 20/07/23 15:35:51 INFO Utils: Successfully started service 'SparkUI' on port 4041.
[2020-07-23 15:35:51,852] {logging_mixin.py:112} INFO - [2020-07-23 15:35:51,852] {spark_submit_hook.py:479} INFO - 20/07/23 15:35:51 INFO SparkUI: Bound SparkUI to 0.0.0.0, and started at http://192.168.43.94:4041
[2020-07-23 15:35:52,297] {logging_mixin.py:112} INFO - [2020-07-23 15:35:52,297] {spark_submit_hook.py:479} INFO - 20/07/23 15:35:52 INFO Executor: Starting executor ID driver on host 192.168.43.94
[2020-07-23 15:35:52,340] {logging_mixin.py:112} INFO - [2020-07-23 15:35:52,340] {spark_submit_hook.py:479} INFO - 20/07/23 15:35:52 INFO Utils: Successfully started service 'org.apache.spark.network.netty.NettyBlockTransferService' on port 45445.
[2020-07-23 15:35:52,341] {logging_mixin.py:112} INFO - [2020-07-23 15:35:52,341] {spark_submit_hook.py:479} INFO - 20/07/23 15:35:52 INFO NettyBlockTransferService: Server created on 192.168.43.94:45445
[2020-07-23 15:35:52,343] {logging_mixin.py:112} INFO - [2020-07-23 15:35:52,343] {spark_submit_hook.py:479} INFO - 20/07/23 15:35:52 INFO BlockManager: Using org.apache.spark.storage.RandomBlockReplicationPolicy for block replication policy
[2020-07-23 15:35:52,356] {logging_mixin.py:112} INFO - [2020-07-23 15:35:52,356] {spark_submit_hook.py:479} INFO - 20/07/23 15:35:52 INFO BlockManagerMaster: Registering BlockManager BlockManagerId(driver, 192.168.43.94, 45445, None)
[2020-07-23 15:35:52,364] {logging_mixin.py:112} INFO - [2020-07-23 15:35:52,364] {spark_submit_hook.py:479} INFO - 20/07/23 15:35:52 INFO BlockManagerMasterEndpoint: Registering block manager 192.168.43.94:45445 with 366.3 MiB RAM, BlockManagerId(driver, 192.168.43.94, 45445, None)
[2020-07-23 15:35:52,370] {logging_mixin.py:112} INFO - [2020-07-23 15:35:52,369] {spark_submit_hook.py:479} INFO - 20/07/23 15:35:52 INFO BlockManagerMaster: Registered BlockManager BlockManagerId(driver, 192.168.43.94, 45445, None)
[2020-07-23 15:35:52,373] {logging_mixin.py:112} INFO - [2020-07-23 15:35:52,372] {spark_submit_hook.py:479} INFO - 20/07/23 15:35:52 INFO BlockManager: Initialized BlockManager: BlockManagerId(driver, 192.168.43.94, 45445, None)
[2020-07-23 15:35:53,774] {logging_mixin.py:112} INFO - [2020-07-23 15:35:53,774] {spark_submit_hook.py:479} INFO - 20/07/23 15:35:53 INFO MemoryStore: Block broadcast_0 stored as values in memory (estimated size 241.5 KiB, free 366.1 MiB)
[2020-07-23 15:35:53,938] {logging_mixin.py:112} INFO - [2020-07-23 15:35:53,938] {spark_submit_hook.py:479} INFO - 20/07/23 15:35:53 INFO MemoryStore: Block broadcast_0_piece0 stored as bytes in memory (estimated size 23.4 KiB, free 366.0 MiB)
[2020-07-23 15:35:53,945] {logging_mixin.py:112} INFO - [2020-07-23 15:35:53,944] {spark_submit_hook.py:479} INFO - 20/07/23 15:35:53 INFO BlockManagerInfo: Added broadcast_0_piece0 in memory on 192.168.43.94:45445 (size: 23.4 KiB, free: 366.3 MiB)
[2020-07-23 15:35:53,961] {logging_mixin.py:112} INFO - [2020-07-23 15:35:53,960] {spark_submit_hook.py:479} INFO - 20/07/23 15:35:53 INFO SparkContext: Created broadcast 0 from textFile at NativeMethodAccessorImpl.java:0
[2020-07-23 15:35:54,375] {logging_mixin.py:112} INFO - [2020-07-23 15:35:54,374] {spark_submit_hook.py:479} INFO - 20/07/23 15:35:54 INFO FileInputFormat: Total input paths to process : 1
[2020-07-23 15:35:54,500] {logging_mixin.py:112} INFO - [2020-07-23 15:35:54,500] {spark_submit_hook.py:479} INFO - 20/07/23 15:35:54 INFO SparkContext: Starting job: collect at /home/bhakti/airflow/spark_jobs/spark_test.py:8
[2020-07-23 15:35:54,529] {logging_mixin.py:112} INFO - [2020-07-23 15:35:54,528] {spark_submit_hook.py:479} INFO - 20/07/23 15:35:54 INFO DAGScheduler: Got job 0 (collect at /home/bhakti/airflow/spark_jobs/spark_test.py:8) with 1 output partitions
[2020-07-23 15:35:54,530] {logging_mixin.py:112} INFO - [2020-07-23 15:35:54,529] {spark_submit_hook.py:479} INFO - 20/07/23 15:35:54 INFO DAGScheduler: Final stage: ResultStage 0 (collect at /home/bhakti/airflow/spark_jobs/spark_test.py:8)
[2020-07-23 15:35:54,531] {logging_mixin.py:112} INFO - [2020-07-23 15:35:54,530] {spark_submit_hook.py:479} INFO - 20/07/23 15:35:54 INFO DAGScheduler: Parents of final stage: List()
[2020-07-23 15:35:54,534] {logging_mixin.py:112} INFO - [2020-07-23 15:35:54,534] {spark_submit_hook.py:479} INFO - 20/07/23 15:35:54 INFO DAGScheduler: Missing parents: List()
[2020-07-23 15:35:54,557] {logging_mixin.py:112} INFO - [2020-07-23 15:35:54,557] {spark_submit_hook.py:479} INFO - 20/07/23 15:35:54 INFO DAGScheduler: Submitting ResultStage 0 (PythonRDD[2] at collect at /home/bhakti/airflow/spark_jobs/spark_test.py:8), which has no missing parents
[2020-07-23 15:35:54,594] {logging_mixin.py:112} INFO - [2020-07-23 15:35:54,593] {spark_submit_hook.py:479} INFO - 20/07/23 15:35:54 INFO MemoryStore: Block broadcast_1 stored as values in memory (estimated size 7.4 KiB, free 366.0 MiB)
[2020-07-23 15:35:54,601] {logging_mixin.py:112} INFO - [2020-07-23 15:35:54,601] {spark_submit_hook.py:479} INFO - 20/07/23 15:35:54 INFO MemoryStore: Block broadcast_1_piece0 stored as bytes in memory (estimated size 4.4 KiB, free 366.0 MiB)
[2020-07-23 15:35:54,603] {logging_mixin.py:112} INFO - [2020-07-23 15:35:54,603] {spark_submit_hook.py:479} INFO - 20/07/23 15:35:54 INFO BlockManagerInfo: Added broadcast_1_piece0 in memory on 192.168.43.94:45445 (size: 4.4 KiB, free: 366.3 MiB)
[2020-07-23 15:35:54,605] {logging_mixin.py:112} INFO - [2020-07-23 15:35:54,605] {spark_submit_hook.py:479} INFO - 20/07/23 15:35:54 INFO SparkContext: Created broadcast 1 from broadcast at DAGScheduler.scala:1200
[2020-07-23 15:35:54,631] {logging_mixin.py:112} INFO - [2020-07-23 15:35:54,631] {spark_submit_hook.py:479} INFO - 20/07/23 15:35:54 INFO DAGScheduler: Submitting 1 missing tasks from ResultStage 0 (PythonRDD[2] at collect at /home/bhakti/airflow/spark_jobs/spark_test.py:8) (first 15 tasks are for partitions Vector(0))
[2020-07-23 15:35:54,638] {logging_mixin.py:112} INFO - [2020-07-23 15:35:54,638] {spark_submit_hook.py:479} INFO - 20/07/23 15:35:54 INFO TaskSchedulerImpl: Adding task set 0.0 with 1 tasks
[2020-07-23 15:35:54,739] {logging_mixin.py:112} INFO - [2020-07-23 15:35:54,739] {spark_submit_hook.py:479} INFO - 20/07/23 15:35:54 INFO TaskSetManager: Starting task 0.0 in stage 0.0 (TID 0, 192.168.43.94, executor driver, partition 0, PROCESS_LOCAL, 7388 bytes)
[2020-07-23 15:35:54,769] {logging_mixin.py:112} INFO - [2020-07-23 15:35:54,768] {spark_submit_hook.py:479} INFO - 20/07/23 15:35:54 INFO Executor: Running task 0.0 in stage 0.0 (TID 0)
[2020-07-23 15:35:55,587] {logging_mixin.py:112} INFO - [2020-07-23 15:35:55,587] {spark_submit_hook.py:479} INFO - 20/07/23 15:35:55 INFO HadoopRDD: Input split: file:/home/bhakti/airflow/input_data/sample.csv:0+93
[2020-07-23 15:35:56,638] {logging_mixin.py:112} INFO - [2020-07-23 15:35:56,637] {spark_submit_hook.py:479} INFO - 20/07/23 15:35:56 INFO PythonRunner: Times: total = 991, boot = 972, init = 18, finish = 1
[2020-07-23 15:35:56,679] {logging_mixin.py:112} INFO - [2020-07-23 15:35:56,679] {spark_submit_hook.py:479} INFO - 20/07/23 15:35:56 INFO Executor: Finished task 0.0 in stage 0.0 (TID 0). 1779 bytes result sent to driver
[2020-07-23 15:35:56,711] {logging_mixin.py:112} INFO - [2020-07-23 15:35:56,711] {spark_submit_hook.py:479} INFO - 20/07/23 15:35:56 INFO TaskSetManager: Finished task 0.0 in stage 0.0 (TID 0) in 1995 ms on 192.168.43.94 (executor driver) (1/1)
[2020-07-23 15:35:56,716] {logging_mixin.py:112} INFO - [2020-07-23 15:35:56,715] {spark_submit_hook.py:479} INFO - 20/07/23 15:35:56 INFO TaskSchedulerImpl: Removed TaskSet 0.0, whose tasks have all completed, from pool
[2020-07-23 15:35:56,720] {logging_mixin.py:112} INFO - [2020-07-23 15:35:56,720] {spark_submit_hook.py:479} INFO - 20/07/23 15:35:56 INFO PythonAccumulatorV2: Connected to AccumulatorServer at host: 127.0.0.1 port: 34839
[2020-07-23 15:35:56,730] {logging_mixin.py:112} INFO - [2020-07-23 15:35:56,730] {spark_submit_hook.py:479} INFO - 20/07/23 15:35:56 INFO DAGScheduler: ResultStage 0 (collect at /home/bhakti/airflow/spark_jobs/spark_test.py:8) finished in 2.143 s
[2020-07-23 15:35:56,748] {logging_mixin.py:112} INFO - [2020-07-23 15:35:56,748] {spark_submit_hook.py:479} INFO - 20/07/23 15:35:56 INFO DAGScheduler: Job 0 is finished. Cancelling potential speculative or zombie tasks for this job
[2020-07-23 15:35:56,749] {logging_mixin.py:112} INFO - [2020-07-23 15:35:56,749] {spark_submit_hook.py:479} INFO - 20/07/23 15:35:56 INFO TaskSchedulerImpl: Killing all running tasks in stage 0: Stage finished
[2020-07-23 15:35:56,754] {logging_mixin.py:112} INFO - [2020-07-23 15:35:56,754] {spark_submit_hook.py:479} INFO - 20/07/23 15:35:56 INFO DAGScheduler: Job 0 finished: collect at /home/bhakti/airflow/spark_jobs/spark_test.py:8, took 2.252866 s
[2020-07-23 15:35:56,776] {logging_mixin.py:112} INFO - [2020-07-23 15:35:56,775] {spark_submit_hook.py:479} INFO - [('PERSON', 'JOINING_YEAR', 'COMPANY'), ('John', '2018', 'Google'), ('Sam', '2017', 'IBM'), ('Jeff', '2014', 'Yahoo'), ('Allen', '2015', 'Facebook')]
[2020-07-23 15:35:56,945] {logging_mixin.py:112} INFO - [2020-07-23 15:35:56,945] {spark_submit_hook.py:479} INFO - 20/07/23 15:35:56 INFO BlockManagerInfo: Removed broadcast_1_piece0 on 192.168.43.94:45445 in memory (size: 4.4 KiB, free: 366.3 MiB)
[2020-07-23 15:35:58,132] {logging_mixin.py:112} INFO - [2020-07-23 15:35:58,132] {spark_submit_hook.py:479} INFO - 20/07/23 15:35:58 INFO SharedState: Setting hive.metastore.warehouse.dir ('null') to the value of spark.sql.warehouse.dir ('file:/home/bhakti/airflow/spark-warehouse').
[2020-07-23 15:35:58,134] {logging_mixin.py:112} INFO - [2020-07-23 15:35:58,133] {spark_submit_hook.py:479} INFO - 20/07/23 15:35:58 INFO SharedState: Warehouse path is 'file:/home/bhakti/airflow/spark-warehouse'.
[2020-07-23 15:36:05,605] {logging_mixin.py:112} INFO - [2020-07-23 15:36:05,605] {spark_submit_hook.py:479} INFO - 20/07/23 15:36:05 INFO CodeGenerator: Code generated in 957.531606 ms
[2020-07-23 15:36:05,885] {logging_mixin.py:112} INFO - [2020-07-23 15:36:05,885] {spark_submit_hook.py:479} INFO - 20/07/23 15:36:05 INFO SparkContext: Starting job: showString at NativeMethodAccessorImpl.java:0
[2020-07-23 15:36:05,893] {logging_mixin.py:112} INFO - [2020-07-23 15:36:05,892] {spark_submit_hook.py:479} INFO - 20/07/23 15:36:05 INFO DAGScheduler: Got job 1 (showString at NativeMethodAccessorImpl.java:0) with 1 output partitions
[2020-07-23 15:36:05,893] {logging_mixin.py:112} INFO - [2020-07-23 15:36:05,893] {spark_submit_hook.py:479} INFO - 20/07/23 15:36:05 INFO DAGScheduler: Final stage: ResultStage 1 (showString at NativeMethodAccessorImpl.java:0)
[2020-07-23 15:36:05,894] {logging_mixin.py:112} INFO - [2020-07-23 15:36:05,894] {spark_submit_hook.py:479} INFO - 20/07/23 15:36:05 INFO DAGScheduler: Parents of final stage: List()
[2020-07-23 15:36:05,904] {logging_mixin.py:112} INFO - [2020-07-23 15:36:05,904] {spark_submit_hook.py:479} INFO - 20/07/23 15:36:05 INFO DAGScheduler: Missing parents: List()
[2020-07-23 15:36:05,904] {logging_mixin.py:112} INFO - [2020-07-23 15:36:05,904] {spark_submit_hook.py:479} INFO - 20/07/23 15:36:05 INFO DAGScheduler: Submitting ResultStage 1 (MapPartitionsRDD[9] at showString at NativeMethodAccessorImpl.java:0), which has no missing parents
[2020-07-23 15:36:05,983] {logging_mixin.py:112} INFO - [2020-07-23 15:36:05,983] {spark_submit_hook.py:479} INFO - 20/07/23 15:36:05 INFO MemoryStore: Block broadcast_2 stored as values in memory (estimated size 11.2 KiB, free 366.0 MiB)
[2020-07-23 15:36:05,987] {logging_mixin.py:112} INFO - [2020-07-23 15:36:05,987] {spark_submit_hook.py:479} INFO - 20/07/23 15:36:05 INFO MemoryStore: Block broadcast_2_piece0 stored as bytes in memory (estimated size 5.8 KiB, free 366.0 MiB)
[2020-07-23 15:36:06,003] {logging_mixin.py:112} INFO - [2020-07-23 15:36:06,003] {spark_submit_hook.py:479} INFO - 20/07/23 15:36:06 INFO BlockManagerInfo: Added broadcast_2_piece0 in memory on 192.168.43.94:45445 (size: 5.8 KiB, free: 366.3 MiB)
[2020-07-23 15:36:06,005] {logging_mixin.py:112} INFO - [2020-07-23 15:36:06,004] {spark_submit_hook.py:479} INFO - 20/07/23 15:36:06 INFO SparkContext: Created broadcast 2 from broadcast at DAGScheduler.scala:1200
[2020-07-23 15:36:06,007] {logging_mixin.py:112} INFO - [2020-07-23 15:36:06,007] {spark_submit_hook.py:479} INFO - 20/07/23 15:36:06 INFO DAGScheduler: Submitting 1 missing tasks from ResultStage 1 (MapPartitionsRDD[9] at showString at NativeMethodAccessorImpl.java:0) (first 15 tasks are for partitions Vector(0))
[2020-07-23 15:36:06,008] {logging_mixin.py:112} INFO - [2020-07-23 15:36:06,007] {spark_submit_hook.py:479} INFO - 20/07/23 15:36:06 INFO TaskSchedulerImpl: Adding task set 1.0 with 1 tasks
[2020-07-23 15:36:06,057] {logging_mixin.py:112} INFO - [2020-07-23 15:36:06,057] {spark_submit_hook.py:479} INFO - 20/07/23 15:36:06 INFO TaskSetManager: Starting task 0.0 in stage 1.0 (TID 1, 192.168.43.94, executor driver, partition 0, PROCESS_LOCAL, 7493 bytes)
[2020-07-23 15:36:06,061] {logging_mixin.py:112} INFO - [2020-07-23 15:36:06,061] {spark_submit_hook.py:479} INFO - 20/07/23 15:36:06 INFO Executor: Running task 0.0 in stage 1.0 (TID 1)
[2020-07-23 15:36:06,307] {logging_mixin.py:112} INFO - [2020-07-23 15:36:06,306] {spark_submit_hook.py:479} INFO - 20/07/23 15:36:06 INFO PythonRunner: Times: total = 16, boot = -9567, init = 9582, finish = 1
[2020-07-23 15:36:06,312] {logging_mixin.py:112} INFO - [2020-07-23 15:36:06,312] {spark_submit_hook.py:479} INFO - 20/07/23 15:36:06 INFO Executor: Finished task 0.0 in stage 1.0 (TID 1). 2235 bytes result sent to driver
[2020-07-23 15:36:06,328] {logging_mixin.py:112} INFO - [2020-07-23 15:36:06,328] {spark_submit_hook.py:479} INFO - 20/07/23 15:36:06 INFO TaskSetManager: Finished task 0.0 in stage 1.0 (TID 1) in 317 ms on 192.168.43.94 (executor driver) (1/1)
[2020-07-23 15:36:06,333] {logging_mixin.py:112} INFO - [2020-07-23 15:36:06,332] {spark_submit_hook.py:479} INFO - 20/07/23 15:36:06 INFO TaskSchedulerImpl: Removed TaskSet 1.0, whose tasks have all completed, from pool
[2020-07-23 15:36:06,336] {logging_mixin.py:112} INFO - [2020-07-23 15:36:06,335] {spark_submit_hook.py:479} INFO - 20/07/23 15:36:06 INFO DAGScheduler: ResultStage 1 (showString at NativeMethodAccessorImpl.java:0) finished in 0.416 s
[2020-07-23 15:36:06,336] {logging_mixin.py:112} INFO - [2020-07-23 15:36:06,336] {spark_submit_hook.py:479} INFO - 20/07/23 15:36:06 INFO DAGScheduler: Job 1 is finished. Cancelling potential speculative or zombie tasks for this job
[2020-07-23 15:36:06,336] {logging_mixin.py:112} INFO - [2020-07-23 15:36:06,336] {spark_submit_hook.py:479} INFO - 20/07/23 15:36:06 INFO TaskSchedulerImpl: Killing all running tasks in stage 1: Stage finished
[2020-07-23 15:36:06,336] {logging_mixin.py:112} INFO - [2020-07-23 15:36:06,336] {spark_submit_hook.py:479} INFO - 20/07/23 15:36:06 INFO DAGScheduler: Job 1 finished: showString at NativeMethodAccessorImpl.java:0, took 0.450860 s
[2020-07-23 15:36:06,530] {logging_mixin.py:112} INFO - [2020-07-23 15:36:06,529] {spark_submit_hook.py:479} INFO - 20/07/23 15:36:06 INFO CodeGenerator: Code generated in 81.780653 ms
[2020-07-23 15:36:06,554] {logging_mixin.py:112} INFO - [2020-07-23 15:36:06,553] {spark_submit_hook.py:479} INFO - +------+------------+--------+
[2020-07-23 15:36:06,554] {logging_mixin.py:112} INFO - [2020-07-23 15:36:06,554] {spark_submit_hook.py:479} INFO - |    _1|          _2|      _3|
[2020-07-23 15:36:06,554] {logging_mixin.py:112} INFO - [2020-07-23 15:36:06,554] {spark_submit_hook.py:479} INFO - +------+------------+--------+
[2020-07-23 15:36:06,555] {logging_mixin.py:112} INFO - [2020-07-23 15:36:06,554] {spark_submit_hook.py:479} INFO - |PERSON|JOINING_YEAR| COMPANY|
[2020-07-23 15:36:06,555] {logging_mixin.py:112} INFO - [2020-07-23 15:36:06,555] {spark_submit_hook.py:479} INFO - |  John|        2018|  Google|
[2020-07-23 15:36:06,555] {logging_mixin.py:112} INFO - [2020-07-23 15:36:06,555] {spark_submit_hook.py:479} INFO - |   Sam|        2017|     IBM|
[2020-07-23 15:36:06,555] {logging_mixin.py:112} INFO - [2020-07-23 15:36:06,555] {spark_submit_hook.py:479} INFO - |  Jeff|        2014|   Yahoo|
[2020-07-23 15:36:06,555] {logging_mixin.py:112} INFO - [2020-07-23 15:36:06,555] {spark_submit_hook.py:479} INFO - | Allen|        2015|Facebook|
[2020-07-23 15:36:06,556] {logging_mixin.py:112} INFO - [2020-07-23 15:36:06,556] {spark_submit_hook.py:479} INFO - +------+------------+--------+
[2020-07-23 15:36:06,556] {logging_mixin.py:112} INFO - [2020-07-23 15:36:06,556] {spark_submit_hook.py:479} INFO - 
[2020-07-23 15:36:06,708] {logging_mixin.py:112} INFO - [2020-07-23 15:36:06,708] {spark_submit_hook.py:479} INFO - 20/07/23 15:36:06 INFO SparkContext: Invoking stop() from shutdown hook
[2020-07-23 15:36:06,735] {logging_mixin.py:112} INFO - [2020-07-23 15:36:06,735] {spark_submit_hook.py:479} INFO - 20/07/23 15:36:06 INFO SparkUI: Stopped Spark web UI at http://192.168.43.94:4041
[2020-07-23 15:36:06,819] {logging_mixin.py:112} INFO - [2020-07-23 15:36:06,818] {spark_submit_hook.py:479} INFO - 20/07/23 15:36:06 INFO MapOutputTrackerMasterEndpoint: MapOutputTrackerMasterEndpoint stopped!
[2020-07-23 15:36:06,844] {logging_mixin.py:112} INFO - [2020-07-23 15:36:06,844] {spark_submit_hook.py:479} INFO - 20/07/23 15:36:06 INFO MemoryStore: MemoryStore cleared
[2020-07-23 15:36:06,846] {logging_mixin.py:112} INFO - [2020-07-23 15:36:06,846] {spark_submit_hook.py:479} INFO - 20/07/23 15:36:06 INFO BlockManager: BlockManager stopped
[2020-07-23 15:36:06,853] {logging_mixin.py:112} INFO - [2020-07-23 15:36:06,853] {spark_submit_hook.py:479} INFO - 20/07/23 15:36:06 INFO BlockManagerMaster: BlockManagerMaster stopped
[2020-07-23 15:36:06,872] {logging_mixin.py:112} INFO - [2020-07-23 15:36:06,872] {spark_submit_hook.py:479} INFO - 20/07/23 15:36:06 INFO OutputCommitCoordinator$OutputCommitCoordinatorEndpoint: OutputCommitCoordinator stopped!
[2020-07-23 15:36:06,914] {logging_mixin.py:112} INFO - [2020-07-23 15:36:06,914] {spark_submit_hook.py:479} INFO - 20/07/23 15:36:06 INFO SparkContext: Successfully stopped SparkContext
[2020-07-23 15:36:06,915] {logging_mixin.py:112} INFO - [2020-07-23 15:36:06,915] {spark_submit_hook.py:479} INFO - 20/07/23 15:36:06 INFO ShutdownHookManager: Shutdown hook called
[2020-07-23 15:36:06,917] {logging_mixin.py:112} INFO - [2020-07-23 15:36:06,917] {spark_submit_hook.py:479} INFO - 20/07/23 15:36:06 INFO ShutdownHookManager: Deleting directory /tmp/spark-67c8a233-8767-4b88-b4ae-93b1a7487375
[2020-07-23 15:36:06,925] {logging_mixin.py:112} INFO - [2020-07-23 15:36:06,925] {spark_submit_hook.py:479} INFO - 20/07/23 15:36:06 INFO ShutdownHookManager: Deleting directory /tmp/spark-28398b79-15d1-4fe1-9911-0771bf59452a
[2020-07-23 15:36:06,929] {logging_mixin.py:112} INFO - [2020-07-23 15:36:06,929] {spark_submit_hook.py:479} INFO - 20/07/23 15:36:06 INFO ShutdownHookManager: Deleting directory /tmp/spark-28398b79-15d1-4fe1-9911-0771bf59452a/pyspark-d3be0e80-791e-43c1-a385-3603863e117b
[2020-07-23 15:36:07,109] {taskinstance.py:1052} INFO - Marking task as SUCCESS.dag_id=submit_data, task_id=spark_submit, execution_date=20200721T011300, start_date=20200723T100545, end_date=20200723T100607
[2020-07-23 15:36:11,210] {logging_mixin.py:112} INFO - [2020-07-23 15:36:11,209] {local_task_job.py:103} INFO - Task exited with return code 0
