[2020-07-22 13:21:27,447] {taskinstance.py:669} INFO - Dependencies all met for <TaskInstance: submit_data.spark_submit 2020-07-20T00:54:00+00:00 [queued]>
[2020-07-22 13:21:27,465] {taskinstance.py:669} INFO - Dependencies all met for <TaskInstance: submit_data.spark_submit 2020-07-20T00:54:00+00:00 [queued]>
[2020-07-22 13:21:27,467] {taskinstance.py:879} INFO - 
--------------------------------------------------------------------------------
[2020-07-22 13:21:27,467] {taskinstance.py:880} INFO - Starting attempt 1 of 1
[2020-07-22 13:21:27,467] {taskinstance.py:881} INFO - 
--------------------------------------------------------------------------------
[2020-07-22 13:21:27,666] {taskinstance.py:900} INFO - Executing <Task(SparkSubmitOperator): spark_submit> on 2020-07-20T00:54:00+00:00
[2020-07-22 13:21:27,669] {standard_task_runner.py:53} INFO - Started process 333896 to run task
[2020-07-22 13:21:27,870] {logging_mixin.py:112} INFO - Running %s on host %s <TaskInstance: submit_data.spark_submit 2020-07-20T00:54:00+00:00 [running]> bhakti-Vostro-3558
[2020-07-22 13:21:27,906] {logging_mixin.py:112} INFO - [2020-07-22 13:21:27,906] {base_hook.py:87} INFO - Using connection to: id: spark_local. Host: localhost, Port: 4040, Schema: None, Login: None, Password: None, extra: None
[2020-07-22 13:21:27,908] {logging_mixin.py:112} INFO - [2020-07-22 13:21:27,908] {spark_submit_hook.py:325} INFO - Spark-Submit cmd: spark-submit --master localhost:4040 --name airflow-spark /home/bhakti/airflow/spark_jobs/python/spark_test.py
[2020-07-22 13:21:31,131] {logging_mixin.py:112} INFO - [2020-07-22 13:21:31,131] {spark_submit_hook.py:479} INFO - 20/07/22 13:21:31 WARN Utils: Your hostname, bhakti-Vostro-3558 resolves to a loopback address: 127.0.1.1; using 192.168.43.94 instead (on interface wlp6s0)
[2020-07-22 13:21:31,132] {logging_mixin.py:112} INFO - [2020-07-22 13:21:31,132] {spark_submit_hook.py:479} INFO - 20/07/22 13:21:31 WARN Utils: Set SPARK_LOCAL_IP if you need to bind to another address
[2020-07-22 13:21:33,159] {logging_mixin.py:112} INFO - [2020-07-22 13:21:33,158] {spark_submit_hook.py:479} INFO - 20/07/22 13:21:33 WARN NativeCodeLoader: Unable to load native-hadoop library for your platform... using builtin-java classes where applicable
[2020-07-22 13:21:34,489] {logging_mixin.py:112} INFO - [2020-07-22 13:21:34,489] {spark_submit_hook.py:479} INFO - Spark_Test_Python
[2020-07-22 13:21:34,490] {logging_mixin.py:112} INFO - [2020-07-22 13:21:34,489] {spark_submit_hook.py:479} INFO - Number of arguments: 0 arguments.
[2020-07-22 13:21:34,490] {logging_mixin.py:112} INFO - [2020-07-22 13:21:34,490] {spark_submit_hook.py:479} INFO - Argument List: []
[2020-07-22 13:21:34,585] {logging_mixin.py:112} INFO - [2020-07-22 13:21:34,585] {spark_submit_hook.py:479} INFO - Using Spark's default log4j profile: org/apache/spark/log4j-defaults.properties
[2020-07-22 13:21:34,606] {logging_mixin.py:112} INFO - [2020-07-22 13:21:34,606] {spark_submit_hook.py:479} INFO - 20/07/22 13:21:34 INFO SparkContext: Running Spark version 3.0.0
[2020-07-22 13:21:34,697] {logging_mixin.py:112} INFO - [2020-07-22 13:21:34,696] {spark_submit_hook.py:479} INFO - 20/07/22 13:21:34 INFO ResourceUtils: ==============================================================
[2020-07-22 13:21:34,699] {logging_mixin.py:112} INFO - [2020-07-22 13:21:34,699] {spark_submit_hook.py:479} INFO - 20/07/22 13:21:34 INFO ResourceUtils: Resources for spark.driver:
[2020-07-22 13:21:34,700] {logging_mixin.py:112} INFO - [2020-07-22 13:21:34,699] {spark_submit_hook.py:479} INFO - 
[2020-07-22 13:21:34,700] {logging_mixin.py:112} INFO - [2020-07-22 13:21:34,700] {spark_submit_hook.py:479} INFO - 20/07/22 13:21:34 INFO ResourceUtils: ==============================================================
[2020-07-22 13:21:34,701] {logging_mixin.py:112} INFO - [2020-07-22 13:21:34,701] {spark_submit_hook.py:479} INFO - 20/07/22 13:21:34 INFO SparkContext: Submitted application: Spark_Test_Python
[2020-07-22 13:21:34,805] {logging_mixin.py:112} INFO - [2020-07-22 13:21:34,805] {spark_submit_hook.py:479} INFO - 20/07/22 13:21:34 INFO SecurityManager: Changing view acls to: bhakti
[2020-07-22 13:21:34,805] {logging_mixin.py:112} INFO - [2020-07-22 13:21:34,805] {spark_submit_hook.py:479} INFO - 20/07/22 13:21:34 INFO SecurityManager: Changing modify acls to: bhakti
[2020-07-22 13:21:34,805] {logging_mixin.py:112} INFO - [2020-07-22 13:21:34,805] {spark_submit_hook.py:479} INFO - 20/07/22 13:21:34 INFO SecurityManager: Changing view acls groups to:
[2020-07-22 13:21:34,806] {logging_mixin.py:112} INFO - [2020-07-22 13:21:34,806] {spark_submit_hook.py:479} INFO - 20/07/22 13:21:34 INFO SecurityManager: Changing modify acls groups to:
[2020-07-22 13:21:34,806] {logging_mixin.py:112} INFO - [2020-07-22 13:21:34,806] {spark_submit_hook.py:479} INFO - 20/07/22 13:21:34 INFO SecurityManager: SecurityManager: authentication disabled; ui acls disabled; users  with view permissions: Set(bhakti); groups with view permissions: Set(); users  with modify permissions: Set(bhakti); groups with modify permissions: Set()
[2020-07-22 13:21:35,223] {logging_mixin.py:112} INFO - [2020-07-22 13:21:35,223] {spark_submit_hook.py:479} INFO - 20/07/22 13:21:35 INFO Utils: Successfully started service 'sparkDriver' on port 43659.
[2020-07-22 13:21:35,271] {logging_mixin.py:112} INFO - [2020-07-22 13:21:35,271] {spark_submit_hook.py:479} INFO - 20/07/22 13:21:35 INFO SparkEnv: Registering MapOutputTracker
[2020-07-22 13:21:35,330] {logging_mixin.py:112} INFO - [2020-07-22 13:21:35,329] {spark_submit_hook.py:479} INFO - 20/07/22 13:21:35 INFO SparkEnv: Registering BlockManagerMaster
[2020-07-22 13:21:35,363] {logging_mixin.py:112} INFO - [2020-07-22 13:21:35,363] {spark_submit_hook.py:479} INFO - 20/07/22 13:21:35 INFO BlockManagerMasterEndpoint: Using org.apache.spark.storage.DefaultTopologyMapper for getting topology information
[2020-07-22 13:21:35,364] {logging_mixin.py:112} INFO - [2020-07-22 13:21:35,364] {spark_submit_hook.py:479} INFO - 20/07/22 13:21:35 INFO BlockManagerMasterEndpoint: BlockManagerMasterEndpoint up
[2020-07-22 13:21:35,371] {logging_mixin.py:112} INFO - [2020-07-22 13:21:35,371] {spark_submit_hook.py:479} INFO - 20/07/22 13:21:35 INFO SparkEnv: Registering BlockManagerMasterHeartbeat
[2020-07-22 13:21:35,393] {logging_mixin.py:112} INFO - [2020-07-22 13:21:35,393] {spark_submit_hook.py:479} INFO - 20/07/22 13:21:35 INFO DiskBlockManager: Created local directory at /tmp/blockmgr-62b08e3c-0382-408b-9456-a0fb59481a71
[2020-07-22 13:21:35,430] {logging_mixin.py:112} INFO - [2020-07-22 13:21:35,430] {spark_submit_hook.py:479} INFO - 20/07/22 13:21:35 INFO MemoryStore: MemoryStore started with capacity 366.3 MiB
[2020-07-22 13:21:35,455] {logging_mixin.py:112} INFO - [2020-07-22 13:21:35,455] {spark_submit_hook.py:479} INFO - 20/07/22 13:21:35 INFO SparkEnv: Registering OutputCommitCoordinator
[2020-07-22 13:21:35,864] {logging_mixin.py:112} INFO - [2020-07-22 13:21:35,863] {spark_submit_hook.py:479} INFO - 20/07/22 13:21:35 WARN Utils: Service 'SparkUI' could not bind on port 4040. Attempting port 4041.
[2020-07-22 13:21:35,864] {logging_mixin.py:112} INFO - [2020-07-22 13:21:35,864] {spark_submit_hook.py:479} INFO - 20/07/22 13:21:35 WARN Utils: Service 'SparkUI' could not bind on port 4041. Attempting port 4042.
[2020-07-22 13:21:35,878] {logging_mixin.py:112} INFO - [2020-07-22 13:21:35,877] {spark_submit_hook.py:479} INFO - 20/07/22 13:21:35 INFO Utils: Successfully started service 'SparkUI' on port 4042.
[2020-07-22 13:21:35,987] {logging_mixin.py:112} INFO - [2020-07-22 13:21:35,987] {spark_submit_hook.py:479} INFO - 20/07/22 13:21:35 INFO SparkUI: Bound SparkUI to 0.0.0.0, and started at http://192.168.43.94:4042
[2020-07-22 13:21:36,131] {logging_mixin.py:112} INFO - [2020-07-22 13:21:36,131] {spark_submit_hook.py:479} INFO - 20/07/22 13:21:36 ERROR SparkContext: Error initializing SparkContext.
[2020-07-22 13:21:36,131] {logging_mixin.py:112} INFO - [2020-07-22 13:21:36,131] {spark_submit_hook.py:479} INFO - org.apache.spark.SparkException: Could not parse Master URL: 'localhost:4040'
[2020-07-22 13:21:36,132] {logging_mixin.py:112} INFO - [2020-07-22 13:21:36,132] {spark_submit_hook.py:479} INFO - at org.apache.spark.SparkContext$.org$apache$spark$SparkContext$$createTaskScheduler(SparkContext.scala:2924)
[2020-07-22 13:21:36,132] {logging_mixin.py:112} INFO - [2020-07-22 13:21:36,132] {spark_submit_hook.py:479} INFO - at org.apache.spark.SparkContext.<init>(SparkContext.scala:528)
[2020-07-22 13:21:36,133] {logging_mixin.py:112} INFO - [2020-07-22 13:21:36,132] {spark_submit_hook.py:479} INFO - at org.apache.spark.api.java.JavaSparkContext.<init>(JavaSparkContext.scala:58)
[2020-07-22 13:21:36,133] {logging_mixin.py:112} INFO - [2020-07-22 13:21:36,133] {spark_submit_hook.py:479} INFO - at sun.reflect.NativeConstructorAccessorImpl.newInstance0(Native Method)
[2020-07-22 13:21:36,133] {logging_mixin.py:112} INFO - [2020-07-22 13:21:36,133] {spark_submit_hook.py:479} INFO - at sun.reflect.NativeConstructorAccessorImpl.newInstance(NativeConstructorAccessorImpl.java:62)
[2020-07-22 13:21:36,133] {logging_mixin.py:112} INFO - [2020-07-22 13:21:36,133] {spark_submit_hook.py:479} INFO - at sun.reflect.DelegatingConstructorAccessorImpl.newInstance(DelegatingConstructorAccessorImpl.java:45)
[2020-07-22 13:21:36,134] {logging_mixin.py:112} INFO - [2020-07-22 13:21:36,134] {spark_submit_hook.py:479} INFO - at java.lang.reflect.Constructor.newInstance(Constructor.java:423)
[2020-07-22 13:21:36,134] {logging_mixin.py:112} INFO - [2020-07-22 13:21:36,134] {spark_submit_hook.py:479} INFO - at py4j.reflection.MethodInvoker.invoke(MethodInvoker.java:247)
[2020-07-22 13:21:36,134] {logging_mixin.py:112} INFO - [2020-07-22 13:21:36,134] {spark_submit_hook.py:479} INFO - at py4j.reflection.ReflectionEngine.invoke(ReflectionEngine.java:357)
[2020-07-22 13:21:36,135] {logging_mixin.py:112} INFO - [2020-07-22 13:21:36,134] {spark_submit_hook.py:479} INFO - at py4j.Gateway.invoke(Gateway.java:238)
[2020-07-22 13:21:36,135] {logging_mixin.py:112} INFO - [2020-07-22 13:21:36,135] {spark_submit_hook.py:479} INFO - at py4j.commands.ConstructorCommand.invokeConstructor(ConstructorCommand.java:80)
[2020-07-22 13:21:36,135] {logging_mixin.py:112} INFO - [2020-07-22 13:21:36,135] {spark_submit_hook.py:479} INFO - at py4j.commands.ConstructorCommand.execute(ConstructorCommand.java:69)
[2020-07-22 13:21:36,135] {logging_mixin.py:112} INFO - [2020-07-22 13:21:36,135] {spark_submit_hook.py:479} INFO - at py4j.GatewayConnection.run(GatewayConnection.java:238)
[2020-07-22 13:21:36,136] {logging_mixin.py:112} INFO - [2020-07-22 13:21:36,136] {spark_submit_hook.py:479} INFO - at java.lang.Thread.run(Thread.java:748)
[2020-07-22 13:21:36,147] {logging_mixin.py:112} INFO - [2020-07-22 13:21:36,147] {spark_submit_hook.py:479} INFO - 20/07/22 13:21:36 INFO SparkUI: Stopped Spark web UI at http://192.168.43.94:4042
[2020-07-22 13:21:36,172] {logging_mixin.py:112} INFO - [2020-07-22 13:21:36,171] {spark_submit_hook.py:479} INFO - 20/07/22 13:21:36 INFO MapOutputTrackerMasterEndpoint: MapOutputTrackerMasterEndpoint stopped!
[2020-07-22 13:21:36,183] {logging_mixin.py:112} INFO - [2020-07-22 13:21:36,183] {spark_submit_hook.py:479} INFO - 20/07/22 13:21:36 INFO MemoryStore: MemoryStore cleared
[2020-07-22 13:21:36,184] {logging_mixin.py:112} INFO - [2020-07-22 13:21:36,184] {spark_submit_hook.py:479} INFO - 20/07/22 13:21:36 INFO BlockManager: BlockManager stopped
[2020-07-22 13:21:36,198] {logging_mixin.py:112} INFO - [2020-07-22 13:21:36,198] {spark_submit_hook.py:479} INFO - 20/07/22 13:21:36 INFO BlockManagerMaster: BlockManagerMaster stopped
[2020-07-22 13:21:36,198] {logging_mixin.py:112} INFO - [2020-07-22 13:21:36,198] {spark_submit_hook.py:479} INFO - 20/07/22 13:21:36 WARN MetricsSystem: Stopping a MetricsSystem that is not running
[2020-07-22 13:21:36,203] {logging_mixin.py:112} INFO - [2020-07-22 13:21:36,203] {spark_submit_hook.py:479} INFO - 20/07/22 13:21:36 INFO OutputCommitCoordinator$OutputCommitCoordinatorEndpoint: OutputCommitCoordinator stopped!
[2020-07-22 13:21:36,211] {logging_mixin.py:112} INFO - [2020-07-22 13:21:36,210] {spark_submit_hook.py:479} INFO - 20/07/22 13:21:36 INFO SparkContext: Successfully stopped SparkContext
[2020-07-22 13:21:36,270] {logging_mixin.py:112} INFO - [2020-07-22 13:21:36,270] {spark_submit_hook.py:479} INFO - Traceback (most recent call last):
[2020-07-22 13:21:36,270] {logging_mixin.py:112} INFO - [2020-07-22 13:21:36,270] {spark_submit_hook.py:479} INFO - File "/home/bhakti/airflow/spark_jobs/python/spark_test.py", line 12, in <module>
[2020-07-22 13:21:36,271] {logging_mixin.py:112} INFO - [2020-07-22 13:21:36,270] {spark_submit_hook.py:479} INFO - sc = SparkContext(conf=conf)
[2020-07-22 13:21:36,271] {logging_mixin.py:112} INFO - [2020-07-22 13:21:36,271] {spark_submit_hook.py:479} INFO - File "/opt/spark/python/lib/pyspark.zip/pyspark/context.py", line 130, in __init__
[2020-07-22 13:21:36,271] {logging_mixin.py:112} INFO - [2020-07-22 13:21:36,271] {spark_submit_hook.py:479} INFO - File "/opt/spark/python/lib/pyspark.zip/pyspark/context.py", line 193, in _do_init
[2020-07-22 13:21:36,271] {logging_mixin.py:112} INFO - [2020-07-22 13:21:36,271] {spark_submit_hook.py:479} INFO - File "/opt/spark/python/lib/pyspark.zip/pyspark/context.py", line 310, in _initialize_context
[2020-07-22 13:21:36,271] {logging_mixin.py:112} INFO - [2020-07-22 13:21:36,271] {spark_submit_hook.py:479} INFO - File "/opt/spark/python/lib/py4j-0.10.9-src.zip/py4j/java_gateway.py", line 1568, in __call__
[2020-07-22 13:21:36,272] {logging_mixin.py:112} INFO - [2020-07-22 13:21:36,271] {spark_submit_hook.py:479} INFO - File "/opt/spark/python/lib/py4j-0.10.9-src.zip/py4j/protocol.py", line 326, in get_return_value
[2020-07-22 13:21:36,272] {logging_mixin.py:112} INFO - [2020-07-22 13:21:36,272] {spark_submit_hook.py:479} INFO - py4j.protocol.Py4JJavaError: An error occurred while calling None.org.apache.spark.api.java.JavaSparkContext.
[2020-07-22 13:21:36,272] {logging_mixin.py:112} INFO - [2020-07-22 13:21:36,272] {spark_submit_hook.py:479} INFO - : org.apache.spark.SparkException: Could not parse Master URL: 'localhost:4040'
[2020-07-22 13:21:36,272] {logging_mixin.py:112} INFO - [2020-07-22 13:21:36,272] {spark_submit_hook.py:479} INFO - at org.apache.spark.SparkContext$.org$apache$spark$SparkContext$$createTaskScheduler(SparkContext.scala:2924)
[2020-07-22 13:21:36,272] {logging_mixin.py:112} INFO - [2020-07-22 13:21:36,272] {spark_submit_hook.py:479} INFO - at org.apache.spark.SparkContext.<init>(SparkContext.scala:528)
[2020-07-22 13:21:36,272] {logging_mixin.py:112} INFO - [2020-07-22 13:21:36,272] {spark_submit_hook.py:479} INFO - at org.apache.spark.api.java.JavaSparkContext.<init>(JavaSparkContext.scala:58)
[2020-07-22 13:21:36,273] {logging_mixin.py:112} INFO - [2020-07-22 13:21:36,272] {spark_submit_hook.py:479} INFO - at sun.reflect.NativeConstructorAccessorImpl.newInstance0(Native Method)
[2020-07-22 13:21:36,273] {logging_mixin.py:112} INFO - [2020-07-22 13:21:36,273] {spark_submit_hook.py:479} INFO - at sun.reflect.NativeConstructorAccessorImpl.newInstance(NativeConstructorAccessorImpl.java:62)
[2020-07-22 13:21:36,273] {logging_mixin.py:112} INFO - [2020-07-22 13:21:36,273] {spark_submit_hook.py:479} INFO - at sun.reflect.DelegatingConstructorAccessorImpl.newInstance(DelegatingConstructorAccessorImpl.java:45)
[2020-07-22 13:21:36,273] {logging_mixin.py:112} INFO - [2020-07-22 13:21:36,273] {spark_submit_hook.py:479} INFO - at java.lang.reflect.Constructor.newInstance(Constructor.java:423)
[2020-07-22 13:21:36,273] {logging_mixin.py:112} INFO - [2020-07-22 13:21:36,273] {spark_submit_hook.py:479} INFO - at py4j.reflection.MethodInvoker.invoke(MethodInvoker.java:247)
[2020-07-22 13:21:36,273] {logging_mixin.py:112} INFO - [2020-07-22 13:21:36,273] {spark_submit_hook.py:479} INFO - at py4j.reflection.ReflectionEngine.invoke(ReflectionEngine.java:357)
[2020-07-22 13:21:36,273] {logging_mixin.py:112} INFO - [2020-07-22 13:21:36,273] {spark_submit_hook.py:479} INFO - at py4j.Gateway.invoke(Gateway.java:238)
[2020-07-22 13:21:36,274] {logging_mixin.py:112} INFO - [2020-07-22 13:21:36,273] {spark_submit_hook.py:479} INFO - at py4j.commands.ConstructorCommand.invokeConstructor(ConstructorCommand.java:80)
[2020-07-22 13:21:36,274] {logging_mixin.py:112} INFO - [2020-07-22 13:21:36,274] {spark_submit_hook.py:479} INFO - at py4j.commands.ConstructorCommand.execute(ConstructorCommand.java:69)
[2020-07-22 13:21:36,274] {logging_mixin.py:112} INFO - [2020-07-22 13:21:36,274] {spark_submit_hook.py:479} INFO - at py4j.GatewayConnection.run(GatewayConnection.java:238)
[2020-07-22 13:21:36,274] {logging_mixin.py:112} INFO - [2020-07-22 13:21:36,274] {spark_submit_hook.py:479} INFO - at java.lang.Thread.run(Thread.java:748)
[2020-07-22 13:21:36,274] {logging_mixin.py:112} INFO - [2020-07-22 13:21:36,274] {spark_submit_hook.py:479} INFO - 
[2020-07-22 13:21:36,367] {logging_mixin.py:112} INFO - [2020-07-22 13:21:36,367] {spark_submit_hook.py:479} INFO - 20/07/22 13:21:36 INFO ShutdownHookManager: Shutdown hook called
[2020-07-22 13:21:36,369] {logging_mixin.py:112} INFO - [2020-07-22 13:21:36,369] {spark_submit_hook.py:479} INFO - 20/07/22 13:21:36 INFO ShutdownHookManager: Deleting directory /tmp/spark-3ea82246-8461-46b1-8575-b728de577c83
[2020-07-22 13:21:36,372] {logging_mixin.py:112} INFO - [2020-07-22 13:21:36,372] {spark_submit_hook.py:479} INFO - 20/07/22 13:21:36 INFO ShutdownHookManager: Deleting directory /tmp/spark-24df1a03-99fd-4b6a-a83a-6a234dc8df42
[2020-07-22 13:21:36,426] {taskinstance.py:1145} ERROR - Cannot execute: spark-submit --master localhost:4040 --name airflow-spark /home/bhakti/airflow/spark_jobs/python/spark_test.py. Error code is: 1.
Traceback (most recent call last):
  File "/usr/local/lib/python3.8/dist-packages/airflow/models/taskinstance.py", line 983, in _run_raw_task
    result = task_copy.execute(context=context)
  File "/usr/local/lib/python3.8/dist-packages/airflow/contrib/operators/spark_submit_operator.py", line 187, in execute
    self._hook.submit(self._application)
  File "/usr/local/lib/python3.8/dist-packages/airflow/contrib/hooks/spark_submit_hook.py", line 403, in submit
    raise AirflowException(
airflow.exceptions.AirflowException: Cannot execute: spark-submit --master localhost:4040 --name airflow-spark /home/bhakti/airflow/spark_jobs/python/spark_test.py. Error code is: 1.
[2020-07-22 13:21:36,428] {taskinstance.py:1189} INFO - Marking task as FAILED.dag_id=submit_data, task_id=spark_submit, execution_date=20200720T005400, start_date=20200722T075127, end_date=20200722T075136
[2020-07-22 13:21:37,300] {logging_mixin.py:112} INFO - [2020-07-22 13:21:37,299] {local_task_job.py:103} INFO - Task exited with return code 1
