[2020-07-22 14:02:59,470] {taskinstance.py:669} INFO - Dependencies all met for <TaskInstance: submit_data.spark_submit 2020-07-20T02:20:00+00:00 [queued]>
[2020-07-22 14:02:59,487] {taskinstance.py:669} INFO - Dependencies all met for <TaskInstance: submit_data.spark_submit 2020-07-20T02:20:00+00:00 [queued]>
[2020-07-22 14:02:59,488] {taskinstance.py:879} INFO - 
--------------------------------------------------------------------------------
[2020-07-22 14:02:59,488] {taskinstance.py:880} INFO - Starting attempt 1 of 1
[2020-07-22 14:02:59,488] {taskinstance.py:881} INFO - 
--------------------------------------------------------------------------------
[2020-07-22 14:03:00,715] {taskinstance.py:900} INFO - Executing <Task(SparkSubmitOperator): spark_submit> on 2020-07-20T02:20:00+00:00
[2020-07-22 14:03:00,728] {standard_task_runner.py:53} INFO - Started process 390910 to run task
[2020-07-22 14:03:01,013] {logging_mixin.py:112} INFO - Running %s on host %s <TaskInstance: submit_data.spark_submit 2020-07-20T02:20:00+00:00 [running]> bhakti-Vostro-3558
[2020-07-22 14:03:01,137] {logging_mixin.py:112} INFO - [2020-07-22 14:03:01,136] {connection.py:342} ERROR - Extra data: line 1 column 15 (char 14)
Traceback (most recent call last):
  File "/usr/local/lib/python3.8/dist-packages/airflow/models/connection.py", line 340, in extra_dejson
    obj = json.loads(self.extra)
  File "/usr/lib/python3.8/json/__init__.py", line 357, in loads
    return _default_decoder.decode(s)
  File "/usr/lib/python3.8/json/decoder.py", line 340, in decode
    raise JSONDecodeError("Extra data", s, end)
json.decoder.JSONDecodeError: Extra data: line 1 column 15 (char 14)
[2020-07-22 14:03:01,138] {logging_mixin.py:112} INFO - [2020-07-22 14:03:01,138] {connection.py:343} ERROR - Failed parsing the json for conn_id spark_local
[2020-07-22 14:03:01,139] {logging_mixin.py:112} INFO - [2020-07-22 14:03:01,139] {base_hook.py:87} INFO - Using connection to: id: spark_local. Host: localhost, Port: 4041, Schema: None, Login: None, Password: None, extra: None
[2020-07-22 14:03:01,141] {logging_mixin.py:112} INFO - [2020-07-22 14:03:01,140] {connection.py:342} ERROR - Extra data: line 1 column 15 (char 14)
Traceback (most recent call last):
  File "/usr/local/lib/python3.8/dist-packages/airflow/models/connection.py", line 340, in extra_dejson
    obj = json.loads(self.extra)
  File "/usr/lib/python3.8/json/__init__.py", line 357, in loads
    return _default_decoder.decode(s)
  File "/usr/lib/python3.8/json/decoder.py", line 340, in decode
    raise JSONDecodeError("Extra data", s, end)
json.decoder.JSONDecodeError: Extra data: line 1 column 15 (char 14)
[2020-07-22 14:03:01,141] {logging_mixin.py:112} INFO - [2020-07-22 14:03:01,141] {connection.py:343} ERROR - Failed parsing the json for conn_id spark_local
[2020-07-22 14:03:01,143] {logging_mixin.py:112} INFO - [2020-07-22 14:03:01,142] {spark_submit_hook.py:325} INFO - Spark-Submit cmd: spark-submit --master localhost:4041 --name airflow-spark /home/bhakti/airflow/spark_jobs/python/spark_test.py
[2020-07-22 14:03:04,537] {logging_mixin.py:112} INFO - [2020-07-22 14:03:04,537] {spark_submit_hook.py:479} INFO - 20/07/22 14:03:04 WARN Utils: Your hostname, bhakti-Vostro-3558 resolves to a loopback address: 127.0.1.1; using 192.168.43.94 instead (on interface wlp6s0)
[2020-07-22 14:03:04,540] {logging_mixin.py:112} INFO - [2020-07-22 14:03:04,539] {spark_submit_hook.py:479} INFO - 20/07/22 14:03:04 WARN Utils: Set SPARK_LOCAL_IP if you need to bind to another address
[2020-07-22 14:03:06,199] {logging_mixin.py:112} INFO - [2020-07-22 14:03:06,199] {spark_submit_hook.py:479} INFO - 20/07/22 14:03:06 WARN NativeCodeLoader: Unable to load native-hadoop library for your platform... using builtin-java classes where applicable
[2020-07-22 14:03:07,512] {logging_mixin.py:112} INFO - [2020-07-22 14:03:07,511] {spark_submit_hook.py:479} INFO - Using Spark's default log4j profile: org/apache/spark/log4j-defaults.properties
[2020-07-22 14:03:07,529] {logging_mixin.py:112} INFO - [2020-07-22 14:03:07,529] {spark_submit_hook.py:479} INFO - 20/07/22 14:03:07 INFO SparkContext: Running Spark version 3.0.0
[2020-07-22 14:03:07,628] {logging_mixin.py:112} INFO - [2020-07-22 14:03:07,628] {spark_submit_hook.py:479} INFO - 20/07/22 14:03:07 INFO ResourceUtils: ==============================================================
[2020-07-22 14:03:07,632] {logging_mixin.py:112} INFO - [2020-07-22 14:03:07,631] {spark_submit_hook.py:479} INFO - 20/07/22 14:03:07 INFO ResourceUtils: Resources for spark.driver:
[2020-07-22 14:03:07,633] {logging_mixin.py:112} INFO - [2020-07-22 14:03:07,633] {spark_submit_hook.py:479} INFO - 
[2020-07-22 14:03:07,633] {logging_mixin.py:112} INFO - [2020-07-22 14:03:07,633] {spark_submit_hook.py:479} INFO - 20/07/22 14:03:07 INFO ResourceUtils: ==============================================================
[2020-07-22 14:03:07,635] {logging_mixin.py:112} INFO - [2020-07-22 14:03:07,635] {spark_submit_hook.py:479} INFO - 20/07/22 14:03:07 INFO SparkContext: Submitted application: Spark_Test_Python
[2020-07-22 14:03:07,759] {logging_mixin.py:112} INFO - [2020-07-22 14:03:07,758] {spark_submit_hook.py:479} INFO - 20/07/22 14:03:07 INFO SecurityManager: Changing view acls to: bhakti
[2020-07-22 14:03:07,759] {logging_mixin.py:112} INFO - [2020-07-22 14:03:07,759] {spark_submit_hook.py:479} INFO - 20/07/22 14:03:07 INFO SecurityManager: Changing modify acls to: bhakti
[2020-07-22 14:03:07,760] {logging_mixin.py:112} INFO - [2020-07-22 14:03:07,760] {spark_submit_hook.py:479} INFO - 20/07/22 14:03:07 INFO SecurityManager: Changing view acls groups to:
[2020-07-22 14:03:07,761] {logging_mixin.py:112} INFO - [2020-07-22 14:03:07,760] {spark_submit_hook.py:479} INFO - 20/07/22 14:03:07 INFO SecurityManager: Changing modify acls groups to:
[2020-07-22 14:03:07,761] {logging_mixin.py:112} INFO - [2020-07-22 14:03:07,761] {spark_submit_hook.py:479} INFO - 20/07/22 14:03:07 INFO SecurityManager: SecurityManager: authentication disabled; ui acls disabled; users  with view permissions: Set(bhakti); groups with view permissions: Set(); users  with modify permissions: Set(bhakti); groups with modify permissions: Set()
[2020-07-22 14:03:08,204] {logging_mixin.py:112} INFO - [2020-07-22 14:03:08,204] {spark_submit_hook.py:479} INFO - 20/07/22 14:03:08 INFO Utils: Successfully started service 'sparkDriver' on port 36455.
[2020-07-22 14:03:08,253] {logging_mixin.py:112} INFO - [2020-07-22 14:03:08,252] {spark_submit_hook.py:479} INFO - 20/07/22 14:03:08 INFO SparkEnv: Registering MapOutputTracker
[2020-07-22 14:03:08,311] {logging_mixin.py:112} INFO - [2020-07-22 14:03:08,311] {spark_submit_hook.py:479} INFO - 20/07/22 14:03:08 INFO SparkEnv: Registering BlockManagerMaster
[2020-07-22 14:03:08,346] {logging_mixin.py:112} INFO - [2020-07-22 14:03:08,346] {spark_submit_hook.py:479} INFO - 20/07/22 14:03:08 INFO BlockManagerMasterEndpoint: Using org.apache.spark.storage.DefaultTopologyMapper for getting topology information
[2020-07-22 14:03:08,347] {logging_mixin.py:112} INFO - [2020-07-22 14:03:08,347] {spark_submit_hook.py:479} INFO - 20/07/22 14:03:08 INFO BlockManagerMasterEndpoint: BlockManagerMasterEndpoint up
[2020-07-22 14:03:08,356] {logging_mixin.py:112} INFO - [2020-07-22 14:03:08,356] {spark_submit_hook.py:479} INFO - 20/07/22 14:03:08 INFO SparkEnv: Registering BlockManagerMasterHeartbeat
[2020-07-22 14:03:08,378] {logging_mixin.py:112} INFO - [2020-07-22 14:03:08,377] {spark_submit_hook.py:479} INFO - 20/07/22 14:03:08 INFO DiskBlockManager: Created local directory at /tmp/blockmgr-cbcc47dc-cba8-4b7c-adaf-c1b79e7508fc
[2020-07-22 14:03:08,413] {logging_mixin.py:112} INFO - [2020-07-22 14:03:08,412] {spark_submit_hook.py:479} INFO - 20/07/22 14:03:08 INFO MemoryStore: MemoryStore started with capacity 366.3 MiB
[2020-07-22 14:03:08,438] {logging_mixin.py:112} INFO - [2020-07-22 14:03:08,438] {spark_submit_hook.py:479} INFO - 20/07/22 14:03:08 INFO SparkEnv: Registering OutputCommitCoordinator
[2020-07-22 14:03:08,899] {logging_mixin.py:112} INFO - [2020-07-22 14:03:08,898] {spark_submit_hook.py:479} INFO - 20/07/22 14:03:08 WARN Utils: Service 'SparkUI' could not bind on port 4040. Attempting port 4041.
[2020-07-22 14:03:08,899] {logging_mixin.py:112} INFO - [2020-07-22 14:03:08,899] {spark_submit_hook.py:479} INFO - 20/07/22 14:03:08 WARN Utils: Service 'SparkUI' could not bind on port 4041. Attempting port 4042.
[2020-07-22 14:03:08,918] {logging_mixin.py:112} INFO - [2020-07-22 14:03:08,917] {spark_submit_hook.py:479} INFO - 20/07/22 14:03:08 INFO Utils: Successfully started service 'SparkUI' on port 4042.
[2020-07-22 14:03:09,070] {logging_mixin.py:112} INFO - [2020-07-22 14:03:09,070] {spark_submit_hook.py:479} INFO - 20/07/22 14:03:09 INFO SparkUI: Bound SparkUI to 0.0.0.0, and started at http://192.168.43.94:4042
[2020-07-22 14:03:09,225] {logging_mixin.py:112} INFO - [2020-07-22 14:03:09,225] {spark_submit_hook.py:479} INFO - 20/07/22 14:03:09 ERROR SparkContext: Error initializing SparkContext.
[2020-07-22 14:03:09,229] {logging_mixin.py:112} INFO - [2020-07-22 14:03:09,229] {spark_submit_hook.py:479} INFO - org.apache.spark.SparkException: Could not parse Master URL: 'localhost:4041'
[2020-07-22 14:03:09,230] {logging_mixin.py:112} INFO - [2020-07-22 14:03:09,230] {spark_submit_hook.py:479} INFO - at org.apache.spark.SparkContext$.org$apache$spark$SparkContext$$createTaskScheduler(SparkContext.scala:2924)
[2020-07-22 14:03:09,230] {logging_mixin.py:112} INFO - [2020-07-22 14:03:09,230] {spark_submit_hook.py:479} INFO - at org.apache.spark.SparkContext.<init>(SparkContext.scala:528)
[2020-07-22 14:03:09,230] {logging_mixin.py:112} INFO - [2020-07-22 14:03:09,230] {spark_submit_hook.py:479} INFO - at org.apache.spark.api.java.JavaSparkContext.<init>(JavaSparkContext.scala:58)
[2020-07-22 14:03:09,231] {logging_mixin.py:112} INFO - [2020-07-22 14:03:09,230] {spark_submit_hook.py:479} INFO - at sun.reflect.NativeConstructorAccessorImpl.newInstance0(Native Method)
[2020-07-22 14:03:09,231] {logging_mixin.py:112} INFO - [2020-07-22 14:03:09,231] {spark_submit_hook.py:479} INFO - at sun.reflect.NativeConstructorAccessorImpl.newInstance(NativeConstructorAccessorImpl.java:62)
[2020-07-22 14:03:09,231] {logging_mixin.py:112} INFO - [2020-07-22 14:03:09,231] {spark_submit_hook.py:479} INFO - at sun.reflect.DelegatingConstructorAccessorImpl.newInstance(DelegatingConstructorAccessorImpl.java:45)
[2020-07-22 14:03:09,231] {logging_mixin.py:112} INFO - [2020-07-22 14:03:09,231] {spark_submit_hook.py:479} INFO - at java.lang.reflect.Constructor.newInstance(Constructor.java:423)
[2020-07-22 14:03:09,232] {logging_mixin.py:112} INFO - [2020-07-22 14:03:09,232] {spark_submit_hook.py:479} INFO - at py4j.reflection.MethodInvoker.invoke(MethodInvoker.java:247)
[2020-07-22 14:03:09,232] {logging_mixin.py:112} INFO - [2020-07-22 14:03:09,232] {spark_submit_hook.py:479} INFO - at py4j.reflection.ReflectionEngine.invoke(ReflectionEngine.java:357)
[2020-07-22 14:03:09,232] {logging_mixin.py:112} INFO - [2020-07-22 14:03:09,232] {spark_submit_hook.py:479} INFO - at py4j.Gateway.invoke(Gateway.java:238)
[2020-07-22 14:03:09,232] {logging_mixin.py:112} INFO - [2020-07-22 14:03:09,232] {spark_submit_hook.py:479} INFO - at py4j.commands.ConstructorCommand.invokeConstructor(ConstructorCommand.java:80)
[2020-07-22 14:03:09,233] {logging_mixin.py:112} INFO - [2020-07-22 14:03:09,233] {spark_submit_hook.py:479} INFO - at py4j.commands.ConstructorCommand.execute(ConstructorCommand.java:69)
[2020-07-22 14:03:09,233] {logging_mixin.py:112} INFO - [2020-07-22 14:03:09,233] {spark_submit_hook.py:479} INFO - at py4j.GatewayConnection.run(GatewayConnection.java:238)
[2020-07-22 14:03:09,233] {logging_mixin.py:112} INFO - [2020-07-22 14:03:09,233] {spark_submit_hook.py:479} INFO - at java.lang.Thread.run(Thread.java:748)
[2020-07-22 14:03:09,244] {logging_mixin.py:112} INFO - [2020-07-22 14:03:09,243] {spark_submit_hook.py:479} INFO - 20/07/22 14:03:09 INFO SparkUI: Stopped Spark web UI at http://192.168.43.94:4042
[2020-07-22 14:03:09,269] {logging_mixin.py:112} INFO - [2020-07-22 14:03:09,268] {spark_submit_hook.py:479} INFO - 20/07/22 14:03:09 INFO MapOutputTrackerMasterEndpoint: MapOutputTrackerMasterEndpoint stopped!
[2020-07-22 14:03:09,300] {logging_mixin.py:112} INFO - [2020-07-22 14:03:09,300] {spark_submit_hook.py:479} INFO - 20/07/22 14:03:09 INFO MemoryStore: MemoryStore cleared
[2020-07-22 14:03:09,302] {logging_mixin.py:112} INFO - [2020-07-22 14:03:09,302] {spark_submit_hook.py:479} INFO - 20/07/22 14:03:09 INFO BlockManager: BlockManager stopped
[2020-07-22 14:03:09,317] {logging_mixin.py:112} INFO - [2020-07-22 14:03:09,316] {spark_submit_hook.py:479} INFO - 20/07/22 14:03:09 INFO BlockManagerMaster: BlockManagerMaster stopped
[2020-07-22 14:03:09,317] {logging_mixin.py:112} INFO - [2020-07-22 14:03:09,317] {spark_submit_hook.py:479} INFO - 20/07/22 14:03:09 WARN MetricsSystem: Stopping a MetricsSystem that is not running
[2020-07-22 14:03:09,324] {logging_mixin.py:112} INFO - [2020-07-22 14:03:09,323] {spark_submit_hook.py:479} INFO - 20/07/22 14:03:09 INFO OutputCommitCoordinator$OutputCommitCoordinatorEndpoint: OutputCommitCoordinator stopped!
[2020-07-22 14:03:09,336] {logging_mixin.py:112} INFO - [2020-07-22 14:03:09,335] {spark_submit_hook.py:479} INFO - 20/07/22 14:03:09 INFO SparkContext: Successfully stopped SparkContext
[2020-07-22 14:03:09,403] {logging_mixin.py:112} INFO - [2020-07-22 14:03:09,402] {spark_submit_hook.py:479} INFO - Traceback (most recent call last):
[2020-07-22 14:03:09,403] {logging_mixin.py:112} INFO - [2020-07-22 14:03:09,403] {spark_submit_hook.py:479} INFO - File "/home/bhakti/airflow/spark_jobs/python/spark_test.py", line 6, in <module>
[2020-07-22 14:03:09,403] {logging_mixin.py:112} INFO - [2020-07-22 14:03:09,403] {spark_submit_hook.py:479} INFO - sc = SparkContext(conf=conf)
[2020-07-22 14:03:09,403] {logging_mixin.py:112} INFO - [2020-07-22 14:03:09,403] {spark_submit_hook.py:479} INFO - File "/opt/spark/python/lib/pyspark.zip/pyspark/context.py", line 130, in __init__
[2020-07-22 14:03:09,404] {logging_mixin.py:112} INFO - [2020-07-22 14:03:09,404] {spark_submit_hook.py:479} INFO - File "/opt/spark/python/lib/pyspark.zip/pyspark/context.py", line 193, in _do_init
[2020-07-22 14:03:09,404] {logging_mixin.py:112} INFO - [2020-07-22 14:03:09,404] {spark_submit_hook.py:479} INFO - File "/opt/spark/python/lib/pyspark.zip/pyspark/context.py", line 310, in _initialize_context
[2020-07-22 14:03:09,405] {logging_mixin.py:112} INFO - [2020-07-22 14:03:09,405] {spark_submit_hook.py:479} INFO - File "/opt/spark/python/lib/py4j-0.10.9-src.zip/py4j/java_gateway.py", line 1568, in __call__
[2020-07-22 14:03:09,405] {logging_mixin.py:112} INFO - [2020-07-22 14:03:09,405] {spark_submit_hook.py:479} INFO - File "/opt/spark/python/lib/py4j-0.10.9-src.zip/py4j/protocol.py", line 326, in get_return_value
[2020-07-22 14:03:09,406] {logging_mixin.py:112} INFO - [2020-07-22 14:03:09,406] {spark_submit_hook.py:479} INFO - py4j.protocol.Py4JJavaError: An error occurred while calling None.org.apache.spark.api.java.JavaSparkContext.
[2020-07-22 14:03:09,406] {logging_mixin.py:112} INFO - [2020-07-22 14:03:09,406] {spark_submit_hook.py:479} INFO - : org.apache.spark.SparkException: Could not parse Master URL: 'localhost:4041'
[2020-07-22 14:03:09,407] {logging_mixin.py:112} INFO - [2020-07-22 14:03:09,406] {spark_submit_hook.py:479} INFO - at org.apache.spark.SparkContext$.org$apache$spark$SparkContext$$createTaskScheduler(SparkContext.scala:2924)
[2020-07-22 14:03:09,407] {logging_mixin.py:112} INFO - [2020-07-22 14:03:09,407] {spark_submit_hook.py:479} INFO - at org.apache.spark.SparkContext.<init>(SparkContext.scala:528)
[2020-07-22 14:03:09,407] {logging_mixin.py:112} INFO - [2020-07-22 14:03:09,407] {spark_submit_hook.py:479} INFO - at org.apache.spark.api.java.JavaSparkContext.<init>(JavaSparkContext.scala:58)
[2020-07-22 14:03:09,407] {logging_mixin.py:112} INFO - [2020-07-22 14:03:09,407] {spark_submit_hook.py:479} INFO - at sun.reflect.NativeConstructorAccessorImpl.newInstance0(Native Method)
[2020-07-22 14:03:09,407] {logging_mixin.py:112} INFO - [2020-07-22 14:03:09,407] {spark_submit_hook.py:479} INFO - at sun.reflect.NativeConstructorAccessorImpl.newInstance(NativeConstructorAccessorImpl.java:62)
[2020-07-22 14:03:09,408] {logging_mixin.py:112} INFO - [2020-07-22 14:03:09,408] {spark_submit_hook.py:479} INFO - at sun.reflect.DelegatingConstructorAccessorImpl.newInstance(DelegatingConstructorAccessorImpl.java:45)
[2020-07-22 14:03:09,408] {logging_mixin.py:112} INFO - [2020-07-22 14:03:09,408] {spark_submit_hook.py:479} INFO - at java.lang.reflect.Constructor.newInstance(Constructor.java:423)
[2020-07-22 14:03:09,408] {logging_mixin.py:112} INFO - [2020-07-22 14:03:09,408] {spark_submit_hook.py:479} INFO - at py4j.reflection.MethodInvoker.invoke(MethodInvoker.java:247)
[2020-07-22 14:03:09,408] {logging_mixin.py:112} INFO - [2020-07-22 14:03:09,408] {spark_submit_hook.py:479} INFO - at py4j.reflection.ReflectionEngine.invoke(ReflectionEngine.java:357)
[2020-07-22 14:03:09,409] {logging_mixin.py:112} INFO - [2020-07-22 14:03:09,408] {spark_submit_hook.py:479} INFO - at py4j.Gateway.invoke(Gateway.java:238)
[2020-07-22 14:03:09,409] {logging_mixin.py:112} INFO - [2020-07-22 14:03:09,409] {spark_submit_hook.py:479} INFO - at py4j.commands.ConstructorCommand.invokeConstructor(ConstructorCommand.java:80)
[2020-07-22 14:03:09,409] {logging_mixin.py:112} INFO - [2020-07-22 14:03:09,409] {spark_submit_hook.py:479} INFO - at py4j.commands.ConstructorCommand.execute(ConstructorCommand.java:69)
[2020-07-22 14:03:09,409] {logging_mixin.py:112} INFO - [2020-07-22 14:03:09,409] {spark_submit_hook.py:479} INFO - at py4j.GatewayConnection.run(GatewayConnection.java:238)
[2020-07-22 14:03:09,409] {logging_mixin.py:112} INFO - [2020-07-22 14:03:09,409] {spark_submit_hook.py:479} INFO - at java.lang.Thread.run(Thread.java:748)
[2020-07-22 14:03:09,410] {logging_mixin.py:112} INFO - [2020-07-22 14:03:09,410] {spark_submit_hook.py:479} INFO - 
[2020-07-22 14:03:09,584] {logging_mixin.py:112} INFO - [2020-07-22 14:03:09,584] {spark_submit_hook.py:479} INFO - 20/07/22 14:03:09 INFO ShutdownHookManager: Shutdown hook called
[2020-07-22 14:03:09,587] {logging_mixin.py:112} INFO - [2020-07-22 14:03:09,587] {spark_submit_hook.py:479} INFO - 20/07/22 14:03:09 INFO ShutdownHookManager: Deleting directory /tmp/spark-9101c070-c306-4dcf-b992-51080e9c6c69
[2020-07-22 14:03:09,591] {logging_mixin.py:112} INFO - [2020-07-22 14:03:09,591] {spark_submit_hook.py:479} INFO - 20/07/22 14:03:09 INFO ShutdownHookManager: Deleting directory /tmp/spark-0255192a-6aa9-4aa5-8174-6da6a5d46e14
[2020-07-22 14:03:09,686] {taskinstance.py:1145} ERROR - Cannot execute: spark-submit --master localhost:4041 --name airflow-spark /home/bhakti/airflow/spark_jobs/python/spark_test.py. Error code is: 1.
Traceback (most recent call last):
  File "/usr/local/lib/python3.8/dist-packages/airflow/models/taskinstance.py", line 983, in _run_raw_task
    result = task_copy.execute(context=context)
  File "/usr/local/lib/python3.8/dist-packages/airflow/contrib/operators/spark_submit_operator.py", line 187, in execute
    self._hook.submit(self._application)
  File "/usr/local/lib/python3.8/dist-packages/airflow/contrib/hooks/spark_submit_hook.py", line 403, in submit
    raise AirflowException(
airflow.exceptions.AirflowException: Cannot execute: spark-submit --master localhost:4041 --name airflow-spark /home/bhakti/airflow/spark_jobs/python/spark_test.py. Error code is: 1.
[2020-07-22 14:03:09,689] {taskinstance.py:1189} INFO - Marking task as FAILED.dag_id=submit_data, task_id=spark_submit, execution_date=20200720T022000, start_date=20200722T083259, end_date=20200722T083309
[2020-07-22 14:03:14,451] {logging_mixin.py:112} INFO - [2020-07-22 14:03:14,451] {local_task_job.py:103} INFO - Task exited with return code 1
