[2020-07-23 14:56:25,247] {taskinstance.py:669} INFO - Dependencies all met for <TaskInstance: submit_data.spark_submit 2020-07-21T00:17:00+00:00 [queued]>
[2020-07-23 14:56:25,265] {taskinstance.py:669} INFO - Dependencies all met for <TaskInstance: submit_data.spark_submit 2020-07-21T00:17:00+00:00 [queued]>
[2020-07-23 14:56:25,266] {taskinstance.py:879} INFO - 
--------------------------------------------------------------------------------
[2020-07-23 14:56:25,266] {taskinstance.py:880} INFO - Starting attempt 1 of 1
[2020-07-23 14:56:25,266] {taskinstance.py:881} INFO - 
--------------------------------------------------------------------------------
[2020-07-23 14:56:25,446] {taskinstance.py:900} INFO - Executing <Task(SparkSubmitOperator): spark_submit> on 2020-07-21T00:17:00+00:00
[2020-07-23 14:56:25,454] {standard_task_runner.py:53} INFO - Started process 227310 to run task
[2020-07-23 14:56:25,826] {logging_mixin.py:112} INFO - Running %s on host %s <TaskInstance: submit_data.spark_submit 2020-07-21T00:17:00+00:00 [running]> bhakti-Vostro-3558
[2020-07-23 14:56:25,877] {logging_mixin.py:112} INFO - [2020-07-23 14:56:25,876] {base_hook.py:87} INFO - Using connection to: id: spark_local. Host: local, Port: None, Schema: None, Login: None, Password: None, extra: None
[2020-07-23 14:56:25,878] {logging_mixin.py:112} INFO - [2020-07-23 14:56:25,878] {spark_submit_hook.py:325} INFO - Spark-Submit cmd: spark-submit --master local --name airflow-spark /home/bhakti/airflow/spark_jobs/spark_test.py
[2020-07-23 14:56:30,598] {logging_mixin.py:112} INFO - [2020-07-23 14:56:30,598] {spark_submit_hook.py:479} INFO - 20/07/23 14:56:30 WARN Utils: Your hostname, bhakti-Vostro-3558 resolves to a loopback address: 127.0.1.1; using 192.168.43.94 instead (on interface wlp6s0)
[2020-07-23 14:56:30,600] {logging_mixin.py:112} INFO - [2020-07-23 14:56:30,600] {spark_submit_hook.py:479} INFO - 20/07/23 14:56:30 WARN Utils: Set SPARK_LOCAL_IP if you need to bind to another address
[2020-07-23 14:56:32,466] {logging_mixin.py:112} INFO - [2020-07-23 14:56:32,466] {spark_submit_hook.py:479} INFO - 20/07/23 14:56:32 WARN NativeCodeLoader: Unable to load native-hadoop library for your platform... using builtin-java classes where applicable
[2020-07-23 14:56:35,563] {logging_mixin.py:112} INFO - [2020-07-23 14:56:35,563] {spark_submit_hook.py:479} INFO - Using Spark's default log4j profile: org/apache/spark/log4j-defaults.properties
[2020-07-23 14:56:35,615] {logging_mixin.py:112} INFO - [2020-07-23 14:56:35,615] {spark_submit_hook.py:479} INFO - 20/07/23 14:56:35 INFO SparkContext: Running Spark version 3.0.0
[2020-07-23 14:56:35,825] {logging_mixin.py:112} INFO - [2020-07-23 14:56:35,825] {spark_submit_hook.py:479} INFO - 20/07/23 14:56:35 INFO ResourceUtils: ==============================================================
[2020-07-23 14:56:35,831] {logging_mixin.py:112} INFO - [2020-07-23 14:56:35,831] {spark_submit_hook.py:479} INFO - 20/07/23 14:56:35 INFO ResourceUtils: Resources for spark.driver:
[2020-07-23 14:56:35,832] {logging_mixin.py:112} INFO - [2020-07-23 14:56:35,831] {spark_submit_hook.py:479} INFO - 
[2020-07-23 14:56:35,834] {logging_mixin.py:112} INFO - [2020-07-23 14:56:35,834] {spark_submit_hook.py:479} INFO - 20/07/23 14:56:35 INFO ResourceUtils: ==============================================================
[2020-07-23 14:56:35,836] {logging_mixin.py:112} INFO - [2020-07-23 14:56:35,836] {spark_submit_hook.py:479} INFO - 20/07/23 14:56:35 INFO SparkContext: Submitted application: Spark_Test_Python
[2020-07-23 14:56:36,116] {logging_mixin.py:112} INFO - [2020-07-23 14:56:36,116] {spark_submit_hook.py:479} INFO - 20/07/23 14:56:36 INFO SecurityManager: Changing view acls to: bhakti
[2020-07-23 14:56:36,117] {logging_mixin.py:112} INFO - [2020-07-23 14:56:36,117] {spark_submit_hook.py:479} INFO - 20/07/23 14:56:36 INFO SecurityManager: Changing modify acls to: bhakti
[2020-07-23 14:56:36,119] {logging_mixin.py:112} INFO - [2020-07-23 14:56:36,118] {spark_submit_hook.py:479} INFO - 20/07/23 14:56:36 INFO SecurityManager: Changing view acls groups to:
[2020-07-23 14:56:36,120] {logging_mixin.py:112} INFO - [2020-07-23 14:56:36,119] {spark_submit_hook.py:479} INFO - 20/07/23 14:56:36 INFO SecurityManager: Changing modify acls groups to:
[2020-07-23 14:56:36,121] {logging_mixin.py:112} INFO - [2020-07-23 14:56:36,121] {spark_submit_hook.py:479} INFO - 20/07/23 14:56:36 INFO SecurityManager: SecurityManager: authentication disabled; ui acls disabled; users  with view permissions: Set(bhakti); groups with view permissions: Set(); users  with modify permissions: Set(bhakti); groups with modify permissions: Set()
[2020-07-23 14:56:36,893] {logging_mixin.py:112} INFO - [2020-07-23 14:56:36,893] {spark_submit_hook.py:479} INFO - 20/07/23 14:56:36 INFO Utils: Successfully started service 'sparkDriver' on port 41775.
[2020-07-23 14:56:36,961] {logging_mixin.py:112} INFO - [2020-07-23 14:56:36,961] {spark_submit_hook.py:479} INFO - 20/07/23 14:56:36 INFO SparkEnv: Registering MapOutputTracker
[2020-07-23 14:56:37,054] {logging_mixin.py:112} INFO - [2020-07-23 14:56:37,053] {spark_submit_hook.py:479} INFO - 20/07/23 14:56:37 INFO SparkEnv: Registering BlockManagerMaster
[2020-07-23 14:56:37,114] {logging_mixin.py:112} INFO - [2020-07-23 14:56:37,113] {spark_submit_hook.py:479} INFO - 20/07/23 14:56:37 INFO BlockManagerMasterEndpoint: Using org.apache.spark.storage.DefaultTopologyMapper for getting topology information
[2020-07-23 14:56:37,115] {logging_mixin.py:112} INFO - [2020-07-23 14:56:37,115] {spark_submit_hook.py:479} INFO - 20/07/23 14:56:37 INFO BlockManagerMasterEndpoint: BlockManagerMasterEndpoint up
[2020-07-23 14:56:37,127] {logging_mixin.py:112} INFO - [2020-07-23 14:56:37,127] {spark_submit_hook.py:479} INFO - 20/07/23 14:56:37 INFO SparkEnv: Registering BlockManagerMasterHeartbeat
[2020-07-23 14:56:37,155] {logging_mixin.py:112} INFO - [2020-07-23 14:56:37,154] {spark_submit_hook.py:479} INFO - 20/07/23 14:56:37 INFO DiskBlockManager: Created local directory at /tmp/blockmgr-8f208cf5-9efe-4f20-8b59-bafc5f026692
[2020-07-23 14:56:37,223] {logging_mixin.py:112} INFO - [2020-07-23 14:56:37,223] {spark_submit_hook.py:479} INFO - 20/07/23 14:56:37 INFO MemoryStore: MemoryStore started with capacity 366.3 MiB
[2020-07-23 14:56:37,274] {logging_mixin.py:112} INFO - [2020-07-23 14:56:37,274] {spark_submit_hook.py:479} INFO - 20/07/23 14:56:37 INFO SparkEnv: Registering OutputCommitCoordinator
[2020-07-23 14:56:37,981] {logging_mixin.py:112} INFO - [2020-07-23 14:56:37,981] {spark_submit_hook.py:479} INFO - 20/07/23 14:56:37 WARN Utils: Service 'SparkUI' could not bind on port 4040. Attempting port 4041.
[2020-07-23 14:56:37,997] {logging_mixin.py:112} INFO - [2020-07-23 14:56:37,996] {spark_submit_hook.py:479} INFO - 20/07/23 14:56:37 INFO Utils: Successfully started service 'SparkUI' on port 4041.
[2020-07-23 14:56:38,121] {logging_mixin.py:112} INFO - [2020-07-23 14:56:38,120] {spark_submit_hook.py:479} INFO - 20/07/23 14:56:38 INFO SparkUI: Bound SparkUI to 0.0.0.0, and started at http://192.168.43.94:4041
[2020-07-23 14:56:38,752] {logging_mixin.py:112} INFO - [2020-07-23 14:56:38,752] {spark_submit_hook.py:479} INFO - 20/07/23 14:56:38 INFO Executor: Starting executor ID driver on host 192.168.43.94
[2020-07-23 14:56:38,833] {logging_mixin.py:112} INFO - [2020-07-23 14:56:38,833] {spark_submit_hook.py:479} INFO - 20/07/23 14:56:38 INFO Utils: Successfully started service 'org.apache.spark.network.netty.NettyBlockTransferService' on port 34839.
[2020-07-23 14:56:38,834] {logging_mixin.py:112} INFO - [2020-07-23 14:56:38,834] {spark_submit_hook.py:479} INFO - 20/07/23 14:56:38 INFO NettyBlockTransferService: Server created on 192.168.43.94:34839
[2020-07-23 14:56:38,843] {logging_mixin.py:112} INFO - [2020-07-23 14:56:38,842] {spark_submit_hook.py:479} INFO - 20/07/23 14:56:38 INFO BlockManager: Using org.apache.spark.storage.RandomBlockReplicationPolicy for block replication policy
[2020-07-23 14:56:38,882] {logging_mixin.py:112} INFO - [2020-07-23 14:56:38,872] {spark_submit_hook.py:479} INFO - 20/07/23 14:56:38 INFO BlockManagerMaster: Registering BlockManager BlockManagerId(driver, 192.168.43.94, 34839, None)
[2020-07-23 14:56:38,888] {logging_mixin.py:112} INFO - [2020-07-23 14:56:38,888] {spark_submit_hook.py:479} INFO - 20/07/23 14:56:38 INFO BlockManagerMasterEndpoint: Registering block manager 192.168.43.94:34839 with 366.3 MiB RAM, BlockManagerId(driver, 192.168.43.94, 34839, None)
[2020-07-23 14:56:38,903] {logging_mixin.py:112} INFO - [2020-07-23 14:56:38,902] {spark_submit_hook.py:479} INFO - 20/07/23 14:56:38 INFO BlockManagerMaster: Registered BlockManager BlockManagerId(driver, 192.168.43.94, 34839, None)
[2020-07-23 14:56:38,908] {logging_mixin.py:112} INFO - [2020-07-23 14:56:38,908] {spark_submit_hook.py:479} INFO - 20/07/23 14:56:38 INFO BlockManager: Initialized BlockManager: BlockManagerId(driver, 192.168.43.94, 34839, None)
[2020-07-23 14:56:41,044] {logging_mixin.py:112} INFO - [2020-07-23 14:56:41,044] {spark_submit_hook.py:479} INFO - 20/07/23 14:56:41 INFO MemoryStore: Block broadcast_0 stored as values in memory (estimated size 241.5 KiB, free 366.1 MiB)
[2020-07-23 14:56:41,226] {logging_mixin.py:112} INFO - [2020-07-23 14:56:41,226] {spark_submit_hook.py:479} INFO - 20/07/23 14:56:41 INFO MemoryStore: Block broadcast_0_piece0 stored as bytes in memory (estimated size 23.4 KiB, free 366.0 MiB)
[2020-07-23 14:56:41,232] {logging_mixin.py:112} INFO - [2020-07-23 14:56:41,232] {spark_submit_hook.py:479} INFO - 20/07/23 14:56:41 INFO BlockManagerInfo: Added broadcast_0_piece0 in memory on 192.168.43.94:34839 (size: 23.4 KiB, free: 366.3 MiB)
[2020-07-23 14:56:41,260] {logging_mixin.py:112} INFO - [2020-07-23 14:56:41,259] {spark_submit_hook.py:479} INFO - 20/07/23 14:56:41 INFO SparkContext: Created broadcast 0 from textFile at NativeMethodAccessorImpl.java:0
[2020-07-23 14:56:41,869] {logging_mixin.py:112} INFO - [2020-07-23 14:56:41,869] {spark_submit_hook.py:479} INFO - 20/07/23 14:56:41 INFO FileInputFormat: Total input paths to process : 1
[2020-07-23 14:56:42,113] {logging_mixin.py:112} INFO - [2020-07-23 14:56:42,113] {spark_submit_hook.py:479} INFO - 20/07/23 14:56:42 INFO SparkContext: Starting job: collect at /home/bhakti/airflow/spark_jobs/spark_test.py:8
[2020-07-23 14:56:42,145] {logging_mixin.py:112} INFO - [2020-07-23 14:56:42,144] {spark_submit_hook.py:479} INFO - 20/07/23 14:56:42 INFO DAGScheduler: Got job 0 (collect at /home/bhakti/airflow/spark_jobs/spark_test.py:8) with 1 output partitions
[2020-07-23 14:56:42,146] {logging_mixin.py:112} INFO - [2020-07-23 14:56:42,146] {spark_submit_hook.py:479} INFO - 20/07/23 14:56:42 INFO DAGScheduler: Final stage: ResultStage 0 (collect at /home/bhakti/airflow/spark_jobs/spark_test.py:8)
[2020-07-23 14:56:42,147] {logging_mixin.py:112} INFO - [2020-07-23 14:56:42,147] {spark_submit_hook.py:479} INFO - 20/07/23 14:56:42 INFO DAGScheduler: Parents of final stage: List()
[2020-07-23 14:56:42,150] {logging_mixin.py:112} INFO - [2020-07-23 14:56:42,150] {spark_submit_hook.py:479} INFO - 20/07/23 14:56:42 INFO DAGScheduler: Missing parents: List()
[2020-07-23 14:56:42,164] {logging_mixin.py:112} INFO - [2020-07-23 14:56:42,163] {spark_submit_hook.py:479} INFO - 20/07/23 14:56:42 INFO DAGScheduler: Submitting ResultStage 0 (PythonRDD[2] at collect at /home/bhakti/airflow/spark_jobs/spark_test.py:8), which has no missing parents
[2020-07-23 14:56:42,214] {logging_mixin.py:112} INFO - [2020-07-23 14:56:42,213] {spark_submit_hook.py:479} INFO - 20/07/23 14:56:42 INFO MemoryStore: Block broadcast_1 stored as values in memory (estimated size 7.4 KiB, free 366.0 MiB)
[2020-07-23 14:56:42,219] {logging_mixin.py:112} INFO - [2020-07-23 14:56:42,218] {spark_submit_hook.py:479} INFO - 20/07/23 14:56:42 INFO MemoryStore: Block broadcast_1_piece0 stored as bytes in memory (estimated size 4.4 KiB, free 366.0 MiB)
[2020-07-23 14:56:42,221] {logging_mixin.py:112} INFO - [2020-07-23 14:56:42,220] {spark_submit_hook.py:479} INFO - 20/07/23 14:56:42 INFO BlockManagerInfo: Added broadcast_1_piece0 in memory on 192.168.43.94:34839 (size: 4.4 KiB, free: 366.3 MiB)
[2020-07-23 14:56:42,226] {logging_mixin.py:112} INFO - [2020-07-23 14:56:42,226] {spark_submit_hook.py:479} INFO - 20/07/23 14:56:42 INFO SparkContext: Created broadcast 1 from broadcast at DAGScheduler.scala:1200
[2020-07-23 14:56:42,266] {logging_mixin.py:112} INFO - [2020-07-23 14:56:42,265] {spark_submit_hook.py:479} INFO - 20/07/23 14:56:42 INFO DAGScheduler: Submitting 1 missing tasks from ResultStage 0 (PythonRDD[2] at collect at /home/bhakti/airflow/spark_jobs/spark_test.py:8) (first 15 tasks are for partitions Vector(0))
[2020-07-23 14:56:42,278] {logging_mixin.py:112} INFO - [2020-07-23 14:56:42,278] {spark_submit_hook.py:479} INFO - 20/07/23 14:56:42 INFO TaskSchedulerImpl: Adding task set 0.0 with 1 tasks
[2020-07-23 14:56:42,486] {logging_mixin.py:112} INFO - [2020-07-23 14:56:42,485] {spark_submit_hook.py:479} INFO - 20/07/23 14:56:42 INFO TaskSetManager: Starting task 0.0 in stage 0.0 (TID 0, 192.168.43.94, executor driver, partition 0, PROCESS_LOCAL, 7388 bytes)
[2020-07-23 14:56:42,520] {logging_mixin.py:112} INFO - [2020-07-23 14:56:42,519] {spark_submit_hook.py:479} INFO - 20/07/23 14:56:42 INFO Executor: Running task 0.0 in stage 0.0 (TID 0)
[2020-07-23 14:56:43,353] {logging_mixin.py:112} INFO - [2020-07-23 14:56:43,353] {spark_submit_hook.py:479} INFO - 20/07/23 14:56:43 INFO HadoopRDD: Input split: file:/home/bhakti/airflow/input_data/sample.csv:0+93
[2020-07-23 14:56:44,498] {logging_mixin.py:112} INFO - [2020-07-23 14:56:44,497] {spark_submit_hook.py:479} INFO - 20/07/23 14:56:44 INFO PythonRunner: Times: total = 1042, boot = 1021, init = 20, finish = 1
[2020-07-23 14:56:44,541] {logging_mixin.py:112} INFO - [2020-07-23 14:56:44,541] {spark_submit_hook.py:479} INFO - 20/07/23 14:56:44 INFO Executor: Finished task 0.0 in stage 0.0 (TID 0). 1779 bytes result sent to driver
[2020-07-23 14:56:44,560] {logging_mixin.py:112} INFO - [2020-07-23 14:56:44,560] {spark_submit_hook.py:479} INFO - 20/07/23 14:56:44 INFO TaskSetManager: Finished task 0.0 in stage 0.0 (TID 0) in 2117 ms on 192.168.43.94 (executor driver) (1/1)
[2020-07-23 14:56:44,564] {logging_mixin.py:112} INFO - [2020-07-23 14:56:44,563] {spark_submit_hook.py:479} INFO - 20/07/23 14:56:44 INFO TaskSchedulerImpl: Removed TaskSet 0.0, whose tasks have all completed, from pool
[2020-07-23 14:56:44,570] {logging_mixin.py:112} INFO - [2020-07-23 14:56:44,569] {spark_submit_hook.py:479} INFO - 20/07/23 14:56:44 INFO PythonAccumulatorV2: Connected to AccumulatorServer at host: 127.0.0.1 port: 47605
[2020-07-23 14:56:44,580] {logging_mixin.py:112} INFO - [2020-07-23 14:56:44,579] {spark_submit_hook.py:479} INFO - 20/07/23 14:56:44 INFO DAGScheduler: ResultStage 0 (collect at /home/bhakti/airflow/spark_jobs/spark_test.py:8) finished in 2.375 s
[2020-07-23 14:56:44,595] {logging_mixin.py:112} INFO - [2020-07-23 14:56:44,594] {spark_submit_hook.py:479} INFO - 20/07/23 14:56:44 INFO DAGScheduler: Job 0 is finished. Cancelling potential speculative or zombie tasks for this job
[2020-07-23 14:56:44,596] {logging_mixin.py:112} INFO - [2020-07-23 14:56:44,595] {spark_submit_hook.py:479} INFO - 20/07/23 14:56:44 INFO TaskSchedulerImpl: Killing all running tasks in stage 0: Stage finished
[2020-07-23 14:56:44,620] {logging_mixin.py:112} INFO - [2020-07-23 14:56:44,620] {spark_submit_hook.py:479} INFO - 20/07/23 14:56:44 INFO DAGScheduler: Job 0 finished: collect at /home/bhakti/airflow/spark_jobs/spark_test.py:8, took 2.503980 s
[2020-07-23 14:56:44,639] {logging_mixin.py:112} INFO - [2020-07-23 14:56:44,639] {spark_submit_hook.py:479} INFO - [('PERSON', 'JOINING_YEAR', 'COMPANY'), ('John', '2018', 'Google'), ('Sam', '2017', 'IBM'), ('Jeff', '2014', 'Yahoo'), ('Allen', '2015', 'Facebook')]
[2020-07-23 14:56:45,602] {logging_mixin.py:112} INFO - [2020-07-23 14:56:45,601] {spark_submit_hook.py:479} INFO - 20/07/23 14:56:45 INFO BlockManagerInfo: Removed broadcast_1_piece0 on 192.168.43.94:34839 in memory (size: 4.4 KiB, free: 366.3 MiB)
[2020-07-23 14:56:45,684] {logging_mixin.py:112} INFO - [2020-07-23 14:56:45,682] {spark_submit_hook.py:479} INFO - 20/07/23 14:56:45 INFO BlockManagerInfo: Removed broadcast_0_piece0 on 192.168.43.94:34839 in memory (size: 23.4 KiB, free: 366.3 MiB)
[2020-07-23 14:56:45,798] {logging_mixin.py:112} INFO - [2020-07-23 14:56:45,798] {spark_submit_hook.py:479} INFO - 20/07/23 14:56:45 INFO SharedState: Setting hive.metastore.warehouse.dir ('null') to the value of spark.sql.warehouse.dir ('file:/home/bhakti/airflow/spark-warehouse').
[2020-07-23 14:56:45,799] {logging_mixin.py:112} INFO - [2020-07-23 14:56:45,799] {spark_submit_hook.py:479} INFO - 20/07/23 14:56:45 INFO SharedState: Warehouse path is 'file:/home/bhakti/airflow/spark-warehouse'.
[2020-07-23 14:56:55,324] {logging_mixin.py:112} INFO - [2020-07-23 14:56:55,323] {spark_submit_hook.py:479} INFO - 20/07/23 14:56:55 INFO CodeGenerator: Code generated in 735.443256 ms
[2020-07-23 14:56:55,482] {logging_mixin.py:112} INFO - [2020-07-23 14:56:55,482] {spark_submit_hook.py:479} INFO - 20/07/23 14:56:55 INFO SparkContext: Starting job: showString at NativeMethodAccessorImpl.java:0
[2020-07-23 14:56:55,489] {logging_mixin.py:112} INFO - [2020-07-23 14:56:55,489] {spark_submit_hook.py:479} INFO - 20/07/23 14:56:55 INFO DAGScheduler: Got job 1 (showString at NativeMethodAccessorImpl.java:0) with 1 output partitions
[2020-07-23 14:56:55,490] {logging_mixin.py:112} INFO - [2020-07-23 14:56:55,489] {spark_submit_hook.py:479} INFO - 20/07/23 14:56:55 INFO DAGScheduler: Final stage: ResultStage 1 (showString at NativeMethodAccessorImpl.java:0)
[2020-07-23 14:56:55,490] {logging_mixin.py:112} INFO - [2020-07-23 14:56:55,490] {spark_submit_hook.py:479} INFO - 20/07/23 14:56:55 INFO DAGScheduler: Parents of final stage: List()
[2020-07-23 14:56:55,491] {logging_mixin.py:112} INFO - [2020-07-23 14:56:55,490] {spark_submit_hook.py:479} INFO - 20/07/23 14:56:55 INFO DAGScheduler: Missing parents: List()
[2020-07-23 14:56:55,508] {logging_mixin.py:112} INFO - [2020-07-23 14:56:55,508] {spark_submit_hook.py:479} INFO - 20/07/23 14:56:55 INFO DAGScheduler: Submitting ResultStage 1 (MapPartitionsRDD[9] at showString at NativeMethodAccessorImpl.java:0), which has no missing parents
[2020-07-23 14:56:55,632] {logging_mixin.py:112} INFO - [2020-07-23 14:56:55,632] {spark_submit_hook.py:479} INFO - 20/07/23 14:56:55 INFO MemoryStore: Block broadcast_2 stored as values in memory (estimated size 11.2 KiB, free 366.3 MiB)
[2020-07-23 14:56:55,652] {logging_mixin.py:112} INFO - [2020-07-23 14:56:55,651] {spark_submit_hook.py:479} INFO - 20/07/23 14:56:55 INFO MemoryStore: Block broadcast_2_piece0 stored as bytes in memory (estimated size 5.8 KiB, free 366.3 MiB)
[2020-07-23 14:56:55,658] {logging_mixin.py:112} INFO - [2020-07-23 14:56:55,657] {spark_submit_hook.py:479} INFO - 20/07/23 14:56:55 INFO BlockManagerInfo: Added broadcast_2_piece0 in memory on 192.168.43.94:34839 (size: 5.8 KiB, free: 366.3 MiB)
[2020-07-23 14:56:55,660] {logging_mixin.py:112} INFO - [2020-07-23 14:56:55,660] {spark_submit_hook.py:479} INFO - 20/07/23 14:56:55 INFO SparkContext: Created broadcast 2 from broadcast at DAGScheduler.scala:1200
[2020-07-23 14:56:55,662] {logging_mixin.py:112} INFO - [2020-07-23 14:56:55,662] {spark_submit_hook.py:479} INFO - 20/07/23 14:56:55 INFO DAGScheduler: Submitting 1 missing tasks from ResultStage 1 (MapPartitionsRDD[9] at showString at NativeMethodAccessorImpl.java:0) (first 15 tasks are for partitions Vector(0))
[2020-07-23 14:56:55,663] {logging_mixin.py:112} INFO - [2020-07-23 14:56:55,662] {spark_submit_hook.py:479} INFO - 20/07/23 14:56:55 INFO TaskSchedulerImpl: Adding task set 1.0 with 1 tasks
[2020-07-23 14:56:55,776] {logging_mixin.py:112} INFO - [2020-07-23 14:56:55,776] {spark_submit_hook.py:479} INFO - 20/07/23 14:56:55 INFO TaskSetManager: Starting task 0.0 in stage 1.0 (TID 1, 192.168.43.94, executor driver, partition 0, PROCESS_LOCAL, 7493 bytes)
[2020-07-23 14:56:55,783] {logging_mixin.py:112} INFO - [2020-07-23 14:56:55,783] {spark_submit_hook.py:479} INFO - 20/07/23 14:56:55 INFO Executor: Running task 0.0 in stage 1.0 (TID 1)
[2020-07-23 14:56:56,282] {logging_mixin.py:112} INFO - [2020-07-23 14:56:56,282] {spark_submit_hook.py:479} INFO - 20/07/23 14:56:56 INFO PythonRunner: Times: total = 11, boot = -11679, init = 11690, finish = 0
[2020-07-23 14:56:56,304] {logging_mixin.py:112} INFO - [2020-07-23 14:56:56,304] {spark_submit_hook.py:479} INFO - 20/07/23 14:56:56 INFO Executor: Finished task 0.0 in stage 1.0 (TID 1). 2235 bytes result sent to driver
[2020-07-23 14:56:56,324] {logging_mixin.py:112} INFO - [2020-07-23 14:56:56,323] {spark_submit_hook.py:479} INFO - 20/07/23 14:56:56 INFO TaskSetManager: Finished task 0.0 in stage 1.0 (TID 1) in 623 ms on 192.168.43.94 (executor driver) (1/1)
[2020-07-23 14:56:56,326] {logging_mixin.py:112} INFO - [2020-07-23 14:56:56,325] {spark_submit_hook.py:479} INFO - 20/07/23 14:56:56 INFO TaskSchedulerImpl: Removed TaskSet 1.0, whose tasks have all completed, from pool
[2020-07-23 14:56:56,328] {logging_mixin.py:112} INFO - [2020-07-23 14:56:56,328] {spark_submit_hook.py:479} INFO - 20/07/23 14:56:56 INFO DAGScheduler: ResultStage 1 (showString at NativeMethodAccessorImpl.java:0) finished in 0.800 s
[2020-07-23 14:56:56,329] {logging_mixin.py:112} INFO - [2020-07-23 14:56:56,328] {spark_submit_hook.py:479} INFO - 20/07/23 14:56:56 INFO DAGScheduler: Job 1 is finished. Cancelling potential speculative or zombie tasks for this job
[2020-07-23 14:56:56,329] {logging_mixin.py:112} INFO - [2020-07-23 14:56:56,329] {spark_submit_hook.py:479} INFO - 20/07/23 14:56:56 INFO TaskSchedulerImpl: Killing all running tasks in stage 1: Stage finished
[2020-07-23 14:56:56,342] {logging_mixin.py:112} INFO - [2020-07-23 14:56:56,342] {spark_submit_hook.py:479} INFO - 20/07/23 14:56:56 INFO DAGScheduler: Job 1 finished: showString at NativeMethodAccessorImpl.java:0, took 0.853222 s
[2020-07-23 14:56:56,690] {logging_mixin.py:112} INFO - [2020-07-23 14:56:56,690] {spark_submit_hook.py:479} INFO - 20/07/23 14:56:56 INFO CodeGenerator: Code generated in 228.03465 ms
[2020-07-23 14:56:56,814] {logging_mixin.py:112} INFO - [2020-07-23 14:56:56,813] {spark_submit_hook.py:479} INFO - +------+------------+--------+
[2020-07-23 14:56:56,814] {logging_mixin.py:112} INFO - [2020-07-23 14:56:56,814] {spark_submit_hook.py:479} INFO - |    _1|          _2|      _3|
[2020-07-23 14:56:56,814] {logging_mixin.py:112} INFO - [2020-07-23 14:56:56,814] {spark_submit_hook.py:479} INFO - +------+------------+--------+
[2020-07-23 14:56:56,815] {logging_mixin.py:112} INFO - [2020-07-23 14:56:56,814] {spark_submit_hook.py:479} INFO - |PERSON|JOINING_YEAR| COMPANY|
[2020-07-23 14:56:56,815] {logging_mixin.py:112} INFO - [2020-07-23 14:56:56,815] {spark_submit_hook.py:479} INFO - |  John|        2018|  Google|
[2020-07-23 14:56:56,816] {logging_mixin.py:112} INFO - [2020-07-23 14:56:56,816] {spark_submit_hook.py:479} INFO - |   Sam|        2017|     IBM|
[2020-07-23 14:56:56,817] {logging_mixin.py:112} INFO - [2020-07-23 14:56:56,816] {spark_submit_hook.py:479} INFO - |  Jeff|        2014|   Yahoo|
[2020-07-23 14:56:56,817] {logging_mixin.py:112} INFO - [2020-07-23 14:56:56,817] {spark_submit_hook.py:479} INFO - | Allen|        2015|Facebook|
[2020-07-23 14:56:56,817] {logging_mixin.py:112} INFO - [2020-07-23 14:56:56,817] {spark_submit_hook.py:479} INFO - +------+------------+--------+
[2020-07-23 14:56:56,818] {logging_mixin.py:112} INFO - [2020-07-23 14:56:56,817] {spark_submit_hook.py:479} INFO - 
[2020-07-23 14:56:57,257] {logging_mixin.py:112} INFO - [2020-07-23 14:56:57,256] {spark_submit_hook.py:479} INFO - 20/07/23 14:56:57 INFO BlockManagerInfo: Removed broadcast_2_piece0 on 192.168.43.94:34839 in memory (size: 5.8 KiB, free: 366.3 MiB)
[2020-07-23 14:56:57,260] {logging_mixin.py:112} INFO - [2020-07-23 14:56:57,259] {spark_submit_hook.py:479} INFO - 20/07/23 14:56:57 INFO SparkContext: Invoking stop() from shutdown hook
[2020-07-23 14:56:57,292] {logging_mixin.py:112} INFO - [2020-07-23 14:56:57,292] {spark_submit_hook.py:479} INFO - 20/07/23 14:56:57 INFO SparkUI: Stopped Spark web UI at http://192.168.43.94:4041
[2020-07-23 14:56:57,363] {logging_mixin.py:112} INFO - [2020-07-23 14:56:57,363] {spark_submit_hook.py:479} INFO - 20/07/23 14:56:57 INFO MapOutputTrackerMasterEndpoint: MapOutputTrackerMasterEndpoint stopped!
[2020-07-23 14:56:57,422] {logging_mixin.py:112} INFO - [2020-07-23 14:56:57,422] {spark_submit_hook.py:479} INFO - 20/07/23 14:56:57 INFO MemoryStore: MemoryStore cleared
[2020-07-23 14:56:57,425] {logging_mixin.py:112} INFO - [2020-07-23 14:56:57,425] {spark_submit_hook.py:479} INFO - 20/07/23 14:56:57 INFO BlockManager: BlockManager stopped
[2020-07-23 14:56:57,461] {logging_mixin.py:112} INFO - [2020-07-23 14:56:57,460] {spark_submit_hook.py:479} INFO - 20/07/23 14:56:57 INFO BlockManagerMaster: BlockManagerMaster stopped
[2020-07-23 14:56:57,475] {logging_mixin.py:112} INFO - [2020-07-23 14:56:57,475] {spark_submit_hook.py:479} INFO - 20/07/23 14:56:57 INFO OutputCommitCoordinator$OutputCommitCoordinatorEndpoint: OutputCommitCoordinator stopped!
[2020-07-23 14:56:57,510] {logging_mixin.py:112} INFO - [2020-07-23 14:56:57,510] {spark_submit_hook.py:479} INFO - 20/07/23 14:56:57 INFO SparkContext: Successfully stopped SparkContext
[2020-07-23 14:56:57,512] {logging_mixin.py:112} INFO - [2020-07-23 14:56:57,511] {spark_submit_hook.py:479} INFO - 20/07/23 14:56:57 INFO ShutdownHookManager: Shutdown hook called
[2020-07-23 14:56:57,513] {logging_mixin.py:112} INFO - [2020-07-23 14:56:57,513] {spark_submit_hook.py:479} INFO - 20/07/23 14:56:57 INFO ShutdownHookManager: Deleting directory /tmp/spark-f79e40f8-80d9-4975-b981-dfb7996b4c4f
[2020-07-23 14:56:57,527] {logging_mixin.py:112} INFO - [2020-07-23 14:56:57,527] {spark_submit_hook.py:479} INFO - 20/07/23 14:56:57 INFO ShutdownHookManager: Deleting directory /tmp/spark-01ad6700-9023-482a-9051-88a3264a382f/pyspark-6fe9dbee-5177-4ed0-b39c-f31b5b36ed22
[2020-07-23 14:56:57,562] {logging_mixin.py:112} INFO - [2020-07-23 14:56:57,561] {spark_submit_hook.py:479} INFO - 20/07/23 14:56:57 INFO ShutdownHookManager: Deleting directory /tmp/spark-01ad6700-9023-482a-9051-88a3264a382f
[2020-07-23 14:56:57,856] {taskinstance.py:1052} INFO - Marking task as SUCCESS.dag_id=submit_data, task_id=spark_submit, execution_date=20200721T001700, start_date=20200723T092625, end_date=20200723T092657
[2020-07-23 14:57:00,946] {logging_mixin.py:112} INFO - [2020-07-23 14:57:00,946] {local_task_job.py:103} INFO - Task exited with return code 0
