[2020-07-22 14:42:32,225] {taskinstance.py:669} INFO - Dependencies all met for <TaskInstance: submit_data.spark_submit 2020-07-20T03:43:00+00:00 [queued]>
[2020-07-22 14:42:32,274] {taskinstance.py:669} INFO - Dependencies all met for <TaskInstance: submit_data.spark_submit 2020-07-20T03:43:00+00:00 [queued]>
[2020-07-22 14:42:32,274] {taskinstance.py:879} INFO - 
--------------------------------------------------------------------------------
[2020-07-22 14:42:32,275] {taskinstance.py:880} INFO - Starting attempt 1 of 1
[2020-07-22 14:42:32,275] {taskinstance.py:881} INFO - 
--------------------------------------------------------------------------------
[2020-07-22 14:42:32,689] {taskinstance.py:900} INFO - Executing <Task(SparkSubmitOperator): spark_submit> on 2020-07-20T03:43:00+00:00
[2020-07-22 14:42:32,700] {standard_task_runner.py:53} INFO - Started process 445367 to run task
[2020-07-22 14:42:33,335] {logging_mixin.py:112} INFO - Running %s on host %s <TaskInstance: submit_data.spark_submit 2020-07-20T03:43:00+00:00 [running]> bhakti-Vostro-3558
[2020-07-22 14:42:33,438] {logging_mixin.py:112} INFO - [2020-07-22 14:42:33,437] {base_hook.py:87} INFO - Using connection to: id: spark_local. Host: local, Port: None, Schema: None, Login: None, Password: None, extra: None
[2020-07-22 14:42:33,440] {logging_mixin.py:112} INFO - [2020-07-22 14:42:33,440] {spark_submit_hook.py:325} INFO - Spark-Submit cmd: spark-submit --master local --name airflow-spark /home/bhakti/airflow/spark_jobs/python/spark_test.py
[2020-07-22 14:42:37,276] {logging_mixin.py:112} INFO - [2020-07-22 14:42:37,275] {spark_submit_hook.py:479} INFO - 20/07/22 14:42:37 WARN Utils: Your hostname, bhakti-Vostro-3558 resolves to a loopback address: 127.0.1.1; using 192.168.43.94 instead (on interface wlp6s0)
[2020-07-22 14:42:37,278] {logging_mixin.py:112} INFO - [2020-07-22 14:42:37,278] {spark_submit_hook.py:479} INFO - 20/07/22 14:42:37 WARN Utils: Set SPARK_LOCAL_IP if you need to bind to another address
[2020-07-22 14:42:39,163] {logging_mixin.py:112} INFO - [2020-07-22 14:42:39,162] {spark_submit_hook.py:479} INFO - 20/07/22 14:42:39 WARN NativeCodeLoader: Unable to load native-hadoop library for your platform... using builtin-java classes where applicable
[2020-07-22 14:42:40,671] {logging_mixin.py:112} INFO - [2020-07-22 14:42:40,671] {spark_submit_hook.py:479} INFO - Using Spark's default log4j profile: org/apache/spark/log4j-defaults.properties
[2020-07-22 14:42:40,691] {logging_mixin.py:112} INFO - [2020-07-22 14:42:40,691] {spark_submit_hook.py:479} INFO - 20/07/22 14:42:40 INFO SparkContext: Running Spark version 3.0.0
[2020-07-22 14:42:40,760] {logging_mixin.py:112} INFO - [2020-07-22 14:42:40,760] {spark_submit_hook.py:479} INFO - 20/07/22 14:42:40 INFO ResourceUtils: ==============================================================
[2020-07-22 14:42:40,763] {logging_mixin.py:112} INFO - [2020-07-22 14:42:40,762] {spark_submit_hook.py:479} INFO - 20/07/22 14:42:40 INFO ResourceUtils: Resources for spark.driver:
[2020-07-22 14:42:40,763] {logging_mixin.py:112} INFO - [2020-07-22 14:42:40,763] {spark_submit_hook.py:479} INFO - 
[2020-07-22 14:42:40,763] {logging_mixin.py:112} INFO - [2020-07-22 14:42:40,763] {spark_submit_hook.py:479} INFO - 20/07/22 14:42:40 INFO ResourceUtils: ==============================================================
[2020-07-22 14:42:40,764] {logging_mixin.py:112} INFO - [2020-07-22 14:42:40,764] {spark_submit_hook.py:479} INFO - 20/07/22 14:42:40 INFO SparkContext: Submitted application: Spark_Test_Python
[2020-07-22 14:42:40,861] {logging_mixin.py:112} INFO - [2020-07-22 14:42:40,861] {spark_submit_hook.py:479} INFO - 20/07/22 14:42:40 INFO SecurityManager: Changing view acls to: bhakti
[2020-07-22 14:42:40,862] {logging_mixin.py:112} INFO - [2020-07-22 14:42:40,862] {spark_submit_hook.py:479} INFO - 20/07/22 14:42:40 INFO SecurityManager: Changing modify acls to: bhakti
[2020-07-22 14:42:40,863] {logging_mixin.py:112} INFO - [2020-07-22 14:42:40,863] {spark_submit_hook.py:479} INFO - 20/07/22 14:42:40 INFO SecurityManager: Changing view acls groups to:
[2020-07-22 14:42:40,864] {logging_mixin.py:112} INFO - [2020-07-22 14:42:40,864] {spark_submit_hook.py:479} INFO - 20/07/22 14:42:40 INFO SecurityManager: Changing modify acls groups to:
[2020-07-22 14:42:40,865] {logging_mixin.py:112} INFO - [2020-07-22 14:42:40,865] {spark_submit_hook.py:479} INFO - 20/07/22 14:42:40 INFO SecurityManager: SecurityManager: authentication disabled; ui acls disabled; users  with view permissions: Set(bhakti); groups with view permissions: Set(); users  with modify permissions: Set(bhakti); groups with modify permissions: Set()
[2020-07-22 14:42:41,317] {logging_mixin.py:112} INFO - [2020-07-22 14:42:41,316] {spark_submit_hook.py:479} INFO - 20/07/22 14:42:41 INFO Utils: Successfully started service 'sparkDriver' on port 45189.
[2020-07-22 14:42:41,446] {logging_mixin.py:112} INFO - [2020-07-22 14:42:41,444] {spark_submit_hook.py:479} INFO - 20/07/22 14:42:41 INFO SparkEnv: Registering MapOutputTracker
[2020-07-22 14:42:41,534] {logging_mixin.py:112} INFO - [2020-07-22 14:42:41,534] {spark_submit_hook.py:479} INFO - 20/07/22 14:42:41 INFO SparkEnv: Registering BlockManagerMaster
[2020-07-22 14:42:41,596] {logging_mixin.py:112} INFO - [2020-07-22 14:42:41,595] {spark_submit_hook.py:479} INFO - 20/07/22 14:42:41 INFO BlockManagerMasterEndpoint: Using org.apache.spark.storage.DefaultTopologyMapper for getting topology information
[2020-07-22 14:42:41,598] {logging_mixin.py:112} INFO - [2020-07-22 14:42:41,598] {spark_submit_hook.py:479} INFO - 20/07/22 14:42:41 INFO BlockManagerMasterEndpoint: BlockManagerMasterEndpoint up
[2020-07-22 14:42:41,605] {logging_mixin.py:112} INFO - [2020-07-22 14:42:41,605] {spark_submit_hook.py:479} INFO - 20/07/22 14:42:41 INFO SparkEnv: Registering BlockManagerMasterHeartbeat
[2020-07-22 14:42:41,632] {logging_mixin.py:112} INFO - [2020-07-22 14:42:41,632] {spark_submit_hook.py:479} INFO - 20/07/22 14:42:41 INFO DiskBlockManager: Created local directory at /tmp/blockmgr-4bea42aa-a71b-460f-90b7-f57fdc49a3a5
[2020-07-22 14:42:41,675] {logging_mixin.py:112} INFO - [2020-07-22 14:42:41,674] {spark_submit_hook.py:479} INFO - 20/07/22 14:42:41 INFO MemoryStore: MemoryStore started with capacity 366.3 MiB
[2020-07-22 14:42:41,728] {logging_mixin.py:112} INFO - [2020-07-22 14:42:41,727] {spark_submit_hook.py:479} INFO - 20/07/22 14:42:41 INFO SparkEnv: Registering OutputCommitCoordinator
[2020-07-22 14:42:42,259] {logging_mixin.py:112} INFO - [2020-07-22 14:42:42,258] {spark_submit_hook.py:479} INFO - 20/07/22 14:42:42 WARN Utils: Service 'SparkUI' could not bind on port 4040. Attempting port 4041.
[2020-07-22 14:42:42,259] {logging_mixin.py:112} INFO - [2020-07-22 14:42:42,259] {spark_submit_hook.py:479} INFO - 20/07/22 14:42:42 WARN Utils: Service 'SparkUI' could not bind on port 4041. Attempting port 4042.
[2020-07-22 14:42:42,278] {logging_mixin.py:112} INFO - [2020-07-22 14:42:42,278] {spark_submit_hook.py:479} INFO - 20/07/22 14:42:42 INFO Utils: Successfully started service 'SparkUI' on port 4042.
[2020-07-22 14:42:42,451] {logging_mixin.py:112} INFO - [2020-07-22 14:42:42,451] {spark_submit_hook.py:479} INFO - 20/07/22 14:42:42 INFO SparkUI: Bound SparkUI to 0.0.0.0, and started at http://192.168.43.94:4042
[2020-07-22 14:42:43,467] {logging_mixin.py:112} INFO - [2020-07-22 14:42:43,467] {spark_submit_hook.py:479} INFO - 20/07/22 14:42:43 INFO Executor: Starting executor ID driver on host 192.168.43.94
[2020-07-22 14:42:43,543] {logging_mixin.py:112} INFO - [2020-07-22 14:42:43,543] {spark_submit_hook.py:479} INFO - 20/07/22 14:42:43 INFO Utils: Successfully started service 'org.apache.spark.network.netty.NettyBlockTransferService' on port 40387.
[2020-07-22 14:42:43,545] {logging_mixin.py:112} INFO - [2020-07-22 14:42:43,545] {spark_submit_hook.py:479} INFO - 20/07/22 14:42:43 INFO NettyBlockTransferService: Server created on 192.168.43.94:40387
[2020-07-22 14:42:43,550] {logging_mixin.py:112} INFO - [2020-07-22 14:42:43,550] {spark_submit_hook.py:479} INFO - 20/07/22 14:42:43 INFO BlockManager: Using org.apache.spark.storage.RandomBlockReplicationPolicy for block replication policy
[2020-07-22 14:42:43,571] {logging_mixin.py:112} INFO - [2020-07-22 14:42:43,571] {spark_submit_hook.py:479} INFO - 20/07/22 14:42:43 INFO BlockManagerMaster: Registering BlockManager BlockManagerId(driver, 192.168.43.94, 40387, None)
[2020-07-22 14:42:43,591] {logging_mixin.py:112} INFO - [2020-07-22 14:42:43,591] {spark_submit_hook.py:479} INFO - 20/07/22 14:42:43 INFO BlockManagerMasterEndpoint: Registering block manager 192.168.43.94:40387 with 366.3 MiB RAM, BlockManagerId(driver, 192.168.43.94, 40387, None)
[2020-07-22 14:42:43,596] {logging_mixin.py:112} INFO - [2020-07-22 14:42:43,596] {spark_submit_hook.py:479} INFO - 20/07/22 14:42:43 INFO BlockManagerMaster: Registered BlockManager BlockManagerId(driver, 192.168.43.94, 40387, None)
[2020-07-22 14:42:43,601] {logging_mixin.py:112} INFO - [2020-07-22 14:42:43,601] {spark_submit_hook.py:479} INFO - 20/07/22 14:42:43 INFO BlockManager: Initialized BlockManager: BlockManagerId(driver, 192.168.43.94, 40387, None)
[2020-07-22 14:42:45,347] {logging_mixin.py:112} INFO - [2020-07-22 14:42:45,346] {spark_submit_hook.py:479} INFO - 20/07/22 14:42:45 INFO SparkContext: Starting job: collect at /home/bhakti/airflow/spark_jobs/python/spark_test.py:10
[2020-07-22 14:42:45,380] {logging_mixin.py:112} INFO - [2020-07-22 14:42:45,380] {spark_submit_hook.py:479} INFO - 20/07/22 14:42:45 INFO DAGScheduler: Got job 0 (collect at /home/bhakti/airflow/spark_jobs/python/spark_test.py:10) with 1 output partitions
[2020-07-22 14:42:45,386] {logging_mixin.py:112} INFO - [2020-07-22 14:42:45,385] {spark_submit_hook.py:479} INFO - 20/07/22 14:42:45 INFO DAGScheduler: Final stage: ResultStage 0 (collect at /home/bhakti/airflow/spark_jobs/python/spark_test.py:10)
[2020-07-22 14:42:45,386] {logging_mixin.py:112} INFO - [2020-07-22 14:42:45,386] {spark_submit_hook.py:479} INFO - 20/07/22 14:42:45 INFO DAGScheduler: Parents of final stage: List()
[2020-07-22 14:42:45,387] {logging_mixin.py:112} INFO - [2020-07-22 14:42:45,386] {spark_submit_hook.py:479} INFO - 20/07/22 14:42:45 INFO DAGScheduler: Missing parents: List()
[2020-07-22 14:42:45,400] {logging_mixin.py:112} INFO - [2020-07-22 14:42:45,400] {spark_submit_hook.py:479} INFO - 20/07/22 14:42:45 INFO DAGScheduler: Submitting ResultStage 0 (PythonRDD[1] at collect at /home/bhakti/airflow/spark_jobs/python/spark_test.py:10), which has no missing parents
[2020-07-22 14:42:45,619] {logging_mixin.py:112} INFO - [2020-07-22 14:42:45,619] {spark_submit_hook.py:479} INFO - 20/07/22 14:42:45 INFO MemoryStore: Block broadcast_0 stored as values in memory (estimated size 4.8 KiB, free 366.3 MiB)
[2020-07-22 14:42:45,696] {logging_mixin.py:112} INFO - [2020-07-22 14:42:45,696] {spark_submit_hook.py:479} INFO - 20/07/22 14:42:45 INFO MemoryStore: Block broadcast_0_piece0 stored as bytes in memory (estimated size 3.1 KiB, free 366.3 MiB)
[2020-07-22 14:42:45,700] {logging_mixin.py:112} INFO - [2020-07-22 14:42:45,700] {spark_submit_hook.py:479} INFO - 20/07/22 14:42:45 INFO BlockManagerInfo: Added broadcast_0_piece0 in memory on 192.168.43.94:40387 (size: 3.1 KiB, free: 366.3 MiB)
[2020-07-22 14:42:45,707] {logging_mixin.py:112} INFO - [2020-07-22 14:42:45,707] {spark_submit_hook.py:479} INFO - 20/07/22 14:42:45 INFO SparkContext: Created broadcast 0 from broadcast at DAGScheduler.scala:1200
[2020-07-22 14:42:45,735] {logging_mixin.py:112} INFO - [2020-07-22 14:42:45,735] {spark_submit_hook.py:479} INFO - 20/07/22 14:42:45 INFO DAGScheduler: Submitting 1 missing tasks from ResultStage 0 (PythonRDD[1] at collect at /home/bhakti/airflow/spark_jobs/python/spark_test.py:10) (first 15 tasks are for partitions Vector(0))
[2020-07-22 14:42:45,737] {logging_mixin.py:112} INFO - [2020-07-22 14:42:45,737] {spark_submit_hook.py:479} INFO - 20/07/22 14:42:45 INFO TaskSchedulerImpl: Adding task set 0.0 with 1 tasks
[2020-07-22 14:42:45,886] {logging_mixin.py:112} INFO - [2020-07-22 14:42:45,886] {spark_submit_hook.py:479} INFO - 20/07/22 14:42:45 INFO TaskSetManager: Starting task 0.0 in stage 0.0 (TID 0, 192.168.43.94, executor driver, partition 0, PROCESS_LOCAL, 7369 bytes)
[2020-07-22 14:42:45,917] {logging_mixin.py:112} INFO - [2020-07-22 14:42:45,917] {spark_submit_hook.py:479} INFO - 20/07/22 14:42:45 INFO Executor: Running task 0.0 in stage 0.0 (TID 0)
[2020-07-22 14:42:47,202] {logging_mixin.py:112} INFO - [2020-07-22 14:42:47,201] {spark_submit_hook.py:479} INFO - 20/07/22 14:42:47 INFO PythonRunner: Times: total = 772, boot = 752, init = 20, finish = 0
[2020-07-22 14:42:47,242] {logging_mixin.py:112} INFO - [2020-07-22 14:42:47,242] {spark_submit_hook.py:479} INFO - 20/07/22 14:42:47 INFO Executor: Finished task 0.0 in stage 0.0 (TID 0). 1533 bytes result sent to driver
[2020-07-22 14:42:47,256] {logging_mixin.py:112} INFO - [2020-07-22 14:42:47,255] {spark_submit_hook.py:479} INFO - 20/07/22 14:42:47 INFO TaskSetManager: Finished task 0.0 in stage 0.0 (TID 0) in 1446 ms on 192.168.43.94 (executor driver) (1/1)
[2020-07-22 14:42:47,259] {logging_mixin.py:112} INFO - [2020-07-22 14:42:47,259] {spark_submit_hook.py:479} INFO - 20/07/22 14:42:47 INFO TaskSchedulerImpl: Removed TaskSet 0.0, whose tasks have all completed, from pool
[2020-07-22 14:42:47,264] {logging_mixin.py:112} INFO - [2020-07-22 14:42:47,264] {spark_submit_hook.py:479} INFO - 20/07/22 14:42:47 INFO PythonAccumulatorV2: Connected to AccumulatorServer at host: 127.0.0.1 port: 59089
[2020-07-22 14:42:47,272] {logging_mixin.py:112} INFO - [2020-07-22 14:42:47,272] {spark_submit_hook.py:479} INFO - 20/07/22 14:42:47 INFO DAGScheduler: ResultStage 0 (collect at /home/bhakti/airflow/spark_jobs/python/spark_test.py:10) finished in 1.816 s
[2020-07-22 14:42:47,286] {logging_mixin.py:112} INFO - [2020-07-22 14:42:47,285] {spark_submit_hook.py:479} INFO - 20/07/22 14:42:47 INFO DAGScheduler: Job 0 is finished. Cancelling potential speculative or zombie tasks for this job
[2020-07-22 14:42:47,287] {logging_mixin.py:112} INFO - [2020-07-22 14:42:47,286] {spark_submit_hook.py:479} INFO - 20/07/22 14:42:47 INFO TaskSchedulerImpl: Killing all running tasks in stage 0: Stage finished
[2020-07-22 14:42:47,292] {logging_mixin.py:112} INFO - [2020-07-22 14:42:47,291] {spark_submit_hook.py:479} INFO - 20/07/22 14:42:47 INFO DAGScheduler: Job 0 finished: collect at /home/bhakti/airflow/spark_jobs/python/spark_test.py:10, took 1.943527 s
[2020-07-22 14:42:47,319] {logging_mixin.py:112} INFO - [2020-07-22 14:42:47,319] {spark_submit_hook.py:479} INFO - [4, 5]
[2020-07-22 14:42:47,368] {logging_mixin.py:112} INFO - [2020-07-22 14:42:47,367] {spark_submit_hook.py:479} INFO - 20/07/22 14:42:47 INFO SparkContext: Invoking stop() from shutdown hook
[2020-07-22 14:42:47,378] {logging_mixin.py:112} INFO - [2020-07-22 14:42:47,377] {spark_submit_hook.py:479} INFO - 20/07/22 14:42:47 INFO SparkUI: Stopped Spark web UI at http://192.168.43.94:4042
[2020-07-22 14:42:47,394] {logging_mixin.py:112} INFO - [2020-07-22 14:42:47,394] {spark_submit_hook.py:479} INFO - 20/07/22 14:42:47 INFO MapOutputTrackerMasterEndpoint: MapOutputTrackerMasterEndpoint stopped!
[2020-07-22 14:42:47,407] {logging_mixin.py:112} INFO - [2020-07-22 14:42:47,406] {spark_submit_hook.py:479} INFO - 20/07/22 14:42:47 INFO MemoryStore: MemoryStore cleared
[2020-07-22 14:42:47,407] {logging_mixin.py:112} INFO - [2020-07-22 14:42:47,407] {spark_submit_hook.py:479} INFO - 20/07/22 14:42:47 INFO BlockManager: BlockManager stopped
[2020-07-22 14:42:47,420] {logging_mixin.py:112} INFO - [2020-07-22 14:42:47,420] {spark_submit_hook.py:479} INFO - 20/07/22 14:42:47 INFO BlockManagerMaster: BlockManagerMaster stopped
[2020-07-22 14:42:47,426] {logging_mixin.py:112} INFO - [2020-07-22 14:42:47,426] {spark_submit_hook.py:479} INFO - 20/07/22 14:42:47 INFO OutputCommitCoordinator$OutputCommitCoordinatorEndpoint: OutputCommitCoordinator stopped!
[2020-07-22 14:42:47,437] {logging_mixin.py:112} INFO - [2020-07-22 14:42:47,437] {spark_submit_hook.py:479} INFO - 20/07/22 14:42:47 INFO SparkContext: Successfully stopped SparkContext
[2020-07-22 14:42:47,440] {logging_mixin.py:112} INFO - [2020-07-22 14:42:47,440] {spark_submit_hook.py:479} INFO - 20/07/22 14:42:47 INFO ShutdownHookManager: Shutdown hook called
[2020-07-22 14:42:47,442] {logging_mixin.py:112} INFO - [2020-07-22 14:42:47,441] {spark_submit_hook.py:479} INFO - 20/07/22 14:42:47 INFO ShutdownHookManager: Deleting directory /tmp/spark-b09a71eb-e333-429b-8317-5cfc9e26494f
[2020-07-22 14:42:47,448] {logging_mixin.py:112} INFO - [2020-07-22 14:42:47,448] {spark_submit_hook.py:479} INFO - 20/07/22 14:42:47 INFO ShutdownHookManager: Deleting directory /tmp/spark-3b73de94-fd04-45c7-ad80-a49534e5ff9b
[2020-07-22 14:42:47,457] {logging_mixin.py:112} INFO - [2020-07-22 14:42:47,457] {spark_submit_hook.py:479} INFO - 20/07/22 14:42:47 INFO ShutdownHookManager: Deleting directory /tmp/spark-b09a71eb-e333-429b-8317-5cfc9e26494f/pyspark-b6b7f6af-1f17-4e65-beaa-d6d9f6adf34b
[2020-07-22 14:42:47,554] {taskinstance.py:1052} INFO - Marking task as SUCCESS.dag_id=submit_data, task_id=spark_submit, execution_date=20200720T034300, start_date=20200722T091232, end_date=20200722T091247
[2020-07-22 14:42:52,315] {logging_mixin.py:112} INFO - [2020-07-22 14:42:52,315] {local_task_job.py:103} INFO - Task exited with return code 0
