[2020-07-20 09:33:39,487] {taskinstance.py:669} INFO - Dependencies all met for <TaskInstance: MYSQLDAG.csv_to_second_db 2020-07-18T00:00:00+00:00 [queued]>
[2020-07-20 09:33:39,504] {taskinstance.py:669} INFO - Dependencies all met for <TaskInstance: MYSQLDAG.csv_to_second_db 2020-07-18T00:00:00+00:00 [queued]>
[2020-07-20 09:33:39,504] {taskinstance.py:879} INFO - 
--------------------------------------------------------------------------------
[2020-07-20 09:33:39,504] {taskinstance.py:880} INFO - Starting attempt 1 of 2
[2020-07-20 09:33:39,505] {taskinstance.py:881} INFO - 
--------------------------------------------------------------------------------
[2020-07-20 09:33:40,663] {taskinstance.py:900} INFO - Executing <Task(BashOperator): csv_to_second_db> on 2020-07-18T00:00:00+00:00
[2020-07-20 09:33:40,667] {standard_task_runner.py:53} INFO - Started process 21065 to run task
[2020-07-20 09:33:41,390] {logging_mixin.py:112} INFO - Running %s on host %s <TaskInstance: MYSQLDAG.csv_to_second_db 2020-07-18T00:00:00+00:00 [running]> bhakti-Vostro-3558
[2020-07-20 09:33:41,444] {bash_operator.py:82} INFO - Tmp dir root location: 
 /tmp
[2020-07-20 09:33:41,445] {bash_operator.py:103} INFO - Temporary script location: /tmp/airflowtmpd24enxfv/csv_to_second_dbdlqops2g
[2020-07-20 09:33:41,445] {bash_operator.py:115} INFO - Running command: #!/bin/bash -x
user=root
password=root
dbname=airflow_db2
host=mysql
port=3306
if [ $password != " " ]
then
docker exec -it mysqlCon \
mysql -D$dbname -h$host -p$port -u$user -p$password -e'CREATE TABLE IF NOT EXISTS employees2(PERSON TEXT,JOINING_YEAR BIGINT, COMPANY TEXT);' -e'LOAD DATA INFILE "/input_files_mysql/sample1.csv" INTO TABLE employees2 FIELDS TERMINATED BY "," LINES TERMINATED BY "\n" IGNORE 1 ROWS;'
echo "Task run successfully"
fi
[2020-07-20 09:33:41,459] {bash_operator.py:122} INFO - Output:
[2020-07-20 09:33:42,404] {bash_operator.py:126} INFO - mysql: [Warning] Using a password on the command line interface can be insecure.
[2020-07-20 09:33:42,810] {bash_operator.py:126} INFO - Task run successfully
[2020-07-20 09:33:42,810] {bash_operator.py:128} INFO - Command exited with return code 0
[2020-07-20 09:33:42,823] {taskinstance.py:1052} INFO - Marking task as SUCCESS.dag_id=MYSQLDAG, task_id=csv_to_second_db, execution_date=20200718T000000, start_date=20200720T040339, end_date=20200720T040342
[2020-07-20 09:33:48,255] {logging_mixin.py:112} INFO - [2020-07-20 09:33:48,254] {local_task_job.py:103} INFO - Task exited with return code 0
