[2020-07-22 17:00:30,557] {taskinstance.py:669} INFO - Dependencies all met for <TaskInstance: submit_data.spark_submit 2020-07-20T07:05:00+00:00 [queued]>
[2020-07-22 17:00:30,571] {taskinstance.py:669} INFO - Dependencies all met for <TaskInstance: submit_data.spark_submit 2020-07-20T07:05:00+00:00 [queued]>
[2020-07-22 17:00:30,571] {taskinstance.py:879} INFO - 
--------------------------------------------------------------------------------
[2020-07-22 17:00:30,571] {taskinstance.py:880} INFO - Starting attempt 1 of 1
[2020-07-22 17:00:30,572] {taskinstance.py:881} INFO - 
--------------------------------------------------------------------------------
[2020-07-22 17:00:30,727] {taskinstance.py:900} INFO - Executing <Task(SparkSubmitOperator): spark_submit> on 2020-07-20T07:05:00+00:00
[2020-07-22 17:00:30,732] {standard_task_runner.py:53} INFO - Started process 618183 to run task
[2020-07-22 17:00:30,973] {logging_mixin.py:112} INFO - Running %s on host %s <TaskInstance: submit_data.spark_submit 2020-07-20T07:05:00+00:00 [running]> bhakti-Vostro-3558
[2020-07-22 17:00:31,011] {logging_mixin.py:112} INFO - [2020-07-22 17:00:31,010] {base_hook.py:87} INFO - Using connection to: id: spark_local. Host: local, Port: None, Schema: None, Login: None, Password: None, extra: None
[2020-07-22 17:00:31,013] {logging_mixin.py:112} INFO - [2020-07-22 17:00:31,012] {spark_submit_hook.py:325} INFO - Spark-Submit cmd: spark-submit --master local --name airflow-spark /home/bhakti/airflow/spark_jobs/python/spark_test.py
[2020-07-22 17:00:35,362] {logging_mixin.py:112} INFO - [2020-07-22 17:00:35,361] {spark_submit_hook.py:479} INFO - 20/07/22 17:00:35 WARN Utils: Your hostname, bhakti-Vostro-3558 resolves to a loopback address: 127.0.1.1; using 192.168.43.94 instead (on interface wlp6s0)
[2020-07-22 17:00:35,368] {logging_mixin.py:112} INFO - [2020-07-22 17:00:35,368] {spark_submit_hook.py:479} INFO - 20/07/22 17:00:35 WARN Utils: Set SPARK_LOCAL_IP if you need to bind to another address
[2020-07-22 17:00:38,730] {logging_mixin.py:112} INFO - [2020-07-22 17:00:38,729] {spark_submit_hook.py:479} INFO - 20/07/22 17:00:38 WARN NativeCodeLoader: Unable to load native-hadoop library for your platform... using builtin-java classes where applicable
[2020-07-22 17:00:43,071] {logging_mixin.py:112} INFO - [2020-07-22 17:00:43,071] {spark_submit_hook.py:479} INFO - python3: can't open file '/home/bhakti/airflow/spark_jobs/python/spark_test.py': [Errno 2] No such file or directory
[2020-07-22 17:00:43,128] {logging_mixin.py:112} INFO - [2020-07-22 17:00:43,127] {spark_submit_hook.py:479} INFO - log4j:WARN No appenders could be found for logger (org.apache.spark.util.ShutdownHookManager).
[2020-07-22 17:00:43,128] {logging_mixin.py:112} INFO - [2020-07-22 17:00:43,128] {spark_submit_hook.py:479} INFO - log4j:WARN Please initialize the log4j system properly.
[2020-07-22 17:00:43,129] {logging_mixin.py:112} INFO - [2020-07-22 17:00:43,128] {spark_submit_hook.py:479} INFO - log4j:WARN See http://logging.apache.org/log4j/1.2/faq.html#noconfig for more info.
[2020-07-22 17:00:43,214] {taskinstance.py:1145} ERROR - Cannot execute: spark-submit --master local --name airflow-spark /home/bhakti/airflow/spark_jobs/python/spark_test.py. Error code is: 2.
Traceback (most recent call last):
  File "/usr/local/lib/python3.8/dist-packages/airflow/models/taskinstance.py", line 983, in _run_raw_task
    result = task_copy.execute(context=context)
  File "/usr/local/lib/python3.8/dist-packages/airflow/contrib/operators/spark_submit_operator.py", line 187, in execute
    self._hook.submit(self._application)
  File "/usr/local/lib/python3.8/dist-packages/airflow/contrib/hooks/spark_submit_hook.py", line 403, in submit
    raise AirflowException(
airflow.exceptions.AirflowException: Cannot execute: spark-submit --master local --name airflow-spark /home/bhakti/airflow/spark_jobs/python/spark_test.py. Error code is: 2.
[2020-07-22 17:00:43,217] {taskinstance.py:1189} INFO - Marking task as FAILED.dag_id=submit_data, task_id=spark_submit, execution_date=20200720T070500, start_date=20200722T113030, end_date=20200722T113043
[2020-07-22 17:00:45,567] {logging_mixin.py:112} INFO - [2020-07-22 17:00:45,567] {local_task_job.py:103} INFO - Task exited with return code 1
