[2020-07-18 12:22:30,131] {taskinstance.py:669} INFO - Dependencies all met for <TaskInstance: storing_data.csv_to_db2 2020-07-18T06:51:26.466442+00:00 [queued]>
[2020-07-18 12:22:30,140] {taskinstance.py:669} INFO - Dependencies all met for <TaskInstance: storing_data.csv_to_db2 2020-07-18T06:51:26.466442+00:00 [queued]>
[2020-07-18 12:22:30,140] {taskinstance.py:879} INFO - 
--------------------------------------------------------------------------------
[2020-07-18 12:22:30,140] {taskinstance.py:880} INFO - Starting attempt 1 of 2
[2020-07-18 12:22:30,140] {taskinstance.py:881} INFO - 
--------------------------------------------------------------------------------
[2020-07-18 12:22:30,287] {taskinstance.py:900} INFO - Executing <Task(BashOperator): csv_to_db2> on 2020-07-18T06:51:26.466442+00:00
[2020-07-18 12:22:30,292] {standard_task_runner.py:53} INFO - Started process 11939 to run task
[2020-07-18 12:22:30,501] {logging_mixin.py:112} INFO - Running %s on host %s <TaskInstance: storing_data.csv_to_db2 2020-07-18T06:51:26.466442+00:00 [running]> bhakti-Vostro-3558
[2020-07-18 12:22:30,513] {bash_operator.py:82} INFO - Tmp dir root location: 
 /tmp
[2020-07-18 12:22:30,513] {bash_operator.py:103} INFO - Temporary script location: /tmp/airflowtmpgv9mqpa_/csv_to_db2a6q0duir
[2020-07-18 12:22:30,513] {bash_operator.py:115} INFO - Running command: #!/bin/bash -x
user=root
password=root
dbname=airflow_db2
host=mysql
port=3306
docker exec -it mysqlCon \
mysql -D$dbname -h$host -p$port -u$user -p$password -e'CREATE TABLE IF NOT EXISTS employees2(PERSON TEXT,JOINING_YEAR BIGINT, COMPANY TEXT);' -e'LOAD DATA INFILE "/input_files_mysql/sample2.csv" INTO TABLE employees2 FIELDS TERMINATED BY "," LINES TERMINATED BY "\n" IGNORE 1 ROWS;'
[2020-07-18 12:22:30,519] {bash_operator.py:122} INFO - Output:
[2020-07-18 12:22:31,100] {bash_operator.py:126} INFO - mysql: [Warning] Using a password on the command line interface can be insecure.
[2020-07-18 12:22:31,101] {bash_operator.py:126} INFO - ERROR 2005 (HY000): Unknown MySQL server host 'mysql' (22)
[2020-07-18 12:22:31,144] {bash_operator.py:128} INFO - Command exited with return code 1
[2020-07-18 12:22:31,152] {taskinstance.py:1145} ERROR - Bash command failed
Traceback (most recent call last):
  File "/usr/local/lib/python3.8/dist-packages/airflow/models/taskinstance.py", line 983, in _run_raw_task
    result = task_copy.execute(context=context)
  File "/usr/local/lib/python3.8/dist-packages/airflow/operators/bash_operator.py", line 134, in execute
    raise AirflowException("Bash command failed")
airflow.exceptions.AirflowException: Bash command failed
[2020-07-18 12:22:31,154] {taskinstance.py:1168} INFO - Marking task as UP_FOR_RETRY
[2020-07-18 12:22:39,991] {logging_mixin.py:112} INFO - [2020-07-18 12:22:39,990] {local_task_job.py:103} INFO - Task exited with return code 1
