[2020-07-23 15:42:35,724] {taskinstance.py:669} INFO - Dependencies all met for <TaskInstance: submit_data.spark_submit 2020-07-21T01:23:00+00:00 [queued]>
[2020-07-23 15:42:35,735] {taskinstance.py:669} INFO - Dependencies all met for <TaskInstance: submit_data.spark_submit 2020-07-21T01:23:00+00:00 [queued]>
[2020-07-23 15:42:35,735] {taskinstance.py:879} INFO - 
--------------------------------------------------------------------------------
[2020-07-23 15:42:35,735] {taskinstance.py:880} INFO - Starting attempt 1 of 1
[2020-07-23 15:42:35,735] {taskinstance.py:881} INFO - 
--------------------------------------------------------------------------------
[2020-07-23 15:42:36,037] {taskinstance.py:900} INFO - Executing <Task(SparkSubmitOperator): spark_submit> on 2020-07-21T01:23:00+00:00
[2020-07-23 15:42:36,043] {standard_task_runner.py:53} INFO - Started process 288382 to run task
[2020-07-23 15:42:36,507] {logging_mixin.py:112} INFO - Running %s on host %s <TaskInstance: submit_data.spark_submit 2020-07-21T01:23:00+00:00 [running]> bhakti-Vostro-3558
[2020-07-23 15:42:36,530] {logging_mixin.py:112} INFO - [2020-07-23 15:42:36,529] {base_hook.py:87} INFO - Using connection to: id: spark_local. Host: local, Port: None, Schema: None, Login: None, Password: None, extra: None
[2020-07-23 15:42:36,531] {logging_mixin.py:112} INFO - [2020-07-23 15:42:36,530] {spark_submit_hook.py:325} INFO - Spark-Submit cmd: spark-submit --master local --name airflow-spark /home/bhakti/airflow/spark_jobs/spark_test.py
[2020-07-23 15:42:38,681] {logging_mixin.py:112} INFO - [2020-07-23 15:42:38,680] {spark_submit_hook.py:479} INFO - 20/07/23 15:42:38 WARN Utils: Your hostname, bhakti-Vostro-3558 resolves to a loopback address: 127.0.1.1; using 192.168.43.94 instead (on interface wlp6s0)
[2020-07-23 15:42:38,683] {logging_mixin.py:112} INFO - [2020-07-23 15:42:38,682] {spark_submit_hook.py:479} INFO - 20/07/23 15:42:38 WARN Utils: Set SPARK_LOCAL_IP if you need to bind to another address
[2020-07-23 15:42:39,913] {logging_mixin.py:112} INFO - [2020-07-23 15:42:39,913] {spark_submit_hook.py:479} INFO - 20/07/23 15:42:39 WARN NativeCodeLoader: Unable to load native-hadoop library for your platform... using builtin-java classes where applicable
[2020-07-23 15:42:42,146] {logging_mixin.py:112} INFO - [2020-07-23 15:42:42,145] {spark_submit_hook.py:479} INFO - Using Spark's default log4j profile: org/apache/spark/log4j-defaults.properties
[2020-07-23 15:42:42,169] {logging_mixin.py:112} INFO - [2020-07-23 15:42:42,168] {spark_submit_hook.py:479} INFO - 20/07/23 15:42:42 INFO SparkContext: Running Spark version 3.0.0
[2020-07-23 15:42:42,296] {logging_mixin.py:112} INFO - [2020-07-23 15:42:42,296] {spark_submit_hook.py:479} INFO - 20/07/23 15:42:42 INFO ResourceUtils: ==============================================================
[2020-07-23 15:42:42,299] {logging_mixin.py:112} INFO - [2020-07-23 15:42:42,299] {spark_submit_hook.py:479} INFO - 20/07/23 15:42:42 INFO ResourceUtils: Resources for spark.driver:
[2020-07-23 15:42:42,300] {logging_mixin.py:112} INFO - [2020-07-23 15:42:42,299] {spark_submit_hook.py:479} INFO - 
[2020-07-23 15:42:42,300] {logging_mixin.py:112} INFO - [2020-07-23 15:42:42,300] {spark_submit_hook.py:479} INFO - 20/07/23 15:42:42 INFO ResourceUtils: ==============================================================
[2020-07-23 15:42:42,302] {logging_mixin.py:112} INFO - [2020-07-23 15:42:42,301] {spark_submit_hook.py:479} INFO - 20/07/23 15:42:42 INFO SparkContext: Submitted application: Spark_Test_Python
[2020-07-23 15:42:42,513] {logging_mixin.py:112} INFO - [2020-07-23 15:42:42,513] {spark_submit_hook.py:479} INFO - 20/07/23 15:42:42 INFO SecurityManager: Changing view acls to: bhakti
[2020-07-23 15:42:42,513] {logging_mixin.py:112} INFO - [2020-07-23 15:42:42,513] {spark_submit_hook.py:479} INFO - 20/07/23 15:42:42 INFO SecurityManager: Changing modify acls to: bhakti
[2020-07-23 15:42:42,514] {logging_mixin.py:112} INFO - [2020-07-23 15:42:42,514] {spark_submit_hook.py:479} INFO - 20/07/23 15:42:42 INFO SecurityManager: Changing view acls groups to:
[2020-07-23 15:42:42,515] {logging_mixin.py:112} INFO - [2020-07-23 15:42:42,515] {spark_submit_hook.py:479} INFO - 20/07/23 15:42:42 INFO SecurityManager: Changing modify acls groups to:
[2020-07-23 15:42:42,515] {logging_mixin.py:112} INFO - [2020-07-23 15:42:42,515] {spark_submit_hook.py:479} INFO - 20/07/23 15:42:42 INFO SecurityManager: SecurityManager: authentication disabled; ui acls disabled; users  with view permissions: Set(bhakti); groups with view permissions: Set(); users  with modify permissions: Set(bhakti); groups with modify permissions: Set()
[2020-07-23 15:42:43,246] {logging_mixin.py:112} INFO - [2020-07-23 15:42:43,246] {spark_submit_hook.py:479} INFO - 20/07/23 15:42:43 INFO Utils: Successfully started service 'sparkDriver' on port 45713.
[2020-07-23 15:42:43,325] {logging_mixin.py:112} INFO - [2020-07-23 15:42:43,325] {spark_submit_hook.py:479} INFO - 20/07/23 15:42:43 INFO SparkEnv: Registering MapOutputTracker
[2020-07-23 15:42:43,489] {logging_mixin.py:112} INFO - [2020-07-23 15:42:43,488] {spark_submit_hook.py:479} INFO - 20/07/23 15:42:43 INFO SparkEnv: Registering BlockManagerMaster
[2020-07-23 15:42:43,561] {logging_mixin.py:112} INFO - [2020-07-23 15:42:43,561] {spark_submit_hook.py:479} INFO - 20/07/23 15:42:43 INFO BlockManagerMasterEndpoint: Using org.apache.spark.storage.DefaultTopologyMapper for getting topology information
[2020-07-23 15:42:43,563] {logging_mixin.py:112} INFO - [2020-07-23 15:42:43,562] {spark_submit_hook.py:479} INFO - 20/07/23 15:42:43 INFO BlockManagerMasterEndpoint: BlockManagerMasterEndpoint up
[2020-07-23 15:42:43,579] {logging_mixin.py:112} INFO - [2020-07-23 15:42:43,578] {spark_submit_hook.py:479} INFO - 20/07/23 15:42:43 INFO SparkEnv: Registering BlockManagerMasterHeartbeat
[2020-07-23 15:42:43,614] {logging_mixin.py:112} INFO - [2020-07-23 15:42:43,613] {spark_submit_hook.py:479} INFO - 20/07/23 15:42:43 INFO DiskBlockManager: Created local directory at /tmp/blockmgr-0c32900d-fa62-40a9-a4bb-feaa1ca715fc
[2020-07-23 15:42:43,674] {logging_mixin.py:112} INFO - [2020-07-23 15:42:43,673] {spark_submit_hook.py:479} INFO - 20/07/23 15:42:43 INFO MemoryStore: MemoryStore started with capacity 366.3 MiB
[2020-07-23 15:42:43,713] {logging_mixin.py:112} INFO - [2020-07-23 15:42:43,713] {spark_submit_hook.py:479} INFO - 20/07/23 15:42:43 INFO SparkEnv: Registering OutputCommitCoordinator
[2020-07-23 15:42:44,518] {logging_mixin.py:112} INFO - [2020-07-23 15:42:44,518] {spark_submit_hook.py:479} INFO - 20/07/23 15:42:44 WARN Utils: Service 'SparkUI' could not bind on port 4040. Attempting port 4041.
[2020-07-23 15:42:44,546] {logging_mixin.py:112} INFO - [2020-07-23 15:42:44,546] {spark_submit_hook.py:479} INFO - 20/07/23 15:42:44 INFO Utils: Successfully started service 'SparkUI' on port 4041.
[2020-07-23 15:42:44,879] {logging_mixin.py:112} INFO - [2020-07-23 15:42:44,879] {spark_submit_hook.py:479} INFO - 20/07/23 15:42:44 INFO SparkUI: Bound SparkUI to 0.0.0.0, and started at http://192.168.43.94:4041
[2020-07-23 15:42:45,959] {logging_mixin.py:112} INFO - [2020-07-23 15:42:45,959] {spark_submit_hook.py:479} INFO - 20/07/23 15:42:45 INFO Executor: Starting executor ID driver on host 192.168.43.94
[2020-07-23 15:42:46,057] {logging_mixin.py:112} INFO - [2020-07-23 15:42:46,056] {spark_submit_hook.py:479} INFO - 20/07/23 15:42:46 INFO Utils: Successfully started service 'org.apache.spark.network.netty.NettyBlockTransferService' on port 36449.
[2020-07-23 15:42:46,057] {logging_mixin.py:112} INFO - [2020-07-23 15:42:46,057] {spark_submit_hook.py:479} INFO - 20/07/23 15:42:46 INFO NettyBlockTransferService: Server created on 192.168.43.94:36449
[2020-07-23 15:42:46,061] {logging_mixin.py:112} INFO - [2020-07-23 15:42:46,061] {spark_submit_hook.py:479} INFO - 20/07/23 15:42:46 INFO BlockManager: Using org.apache.spark.storage.RandomBlockReplicationPolicy for block replication policy
[2020-07-23 15:42:46,084] {logging_mixin.py:112} INFO - [2020-07-23 15:42:46,083] {spark_submit_hook.py:479} INFO - 20/07/23 15:42:46 INFO BlockManagerMaster: Registering BlockManager BlockManagerId(driver, 192.168.43.94, 36449, None)
[2020-07-23 15:42:46,105] {logging_mixin.py:112} INFO - [2020-07-23 15:42:46,104] {spark_submit_hook.py:479} INFO - 20/07/23 15:42:46 INFO BlockManagerMasterEndpoint: Registering block manager 192.168.43.94:36449 with 366.3 MiB RAM, BlockManagerId(driver, 192.168.43.94, 36449, None)
[2020-07-23 15:42:46,117] {logging_mixin.py:112} INFO - [2020-07-23 15:42:46,117] {spark_submit_hook.py:479} INFO - 20/07/23 15:42:46 INFO BlockManagerMaster: Registered BlockManager BlockManagerId(driver, 192.168.43.94, 36449, None)
[2020-07-23 15:42:46,121] {logging_mixin.py:112} INFO - [2020-07-23 15:42:46,120] {spark_submit_hook.py:479} INFO - 20/07/23 15:42:46 INFO BlockManager: Initialized BlockManager: BlockManagerId(driver, 192.168.43.94, 36449, None)
[2020-07-23 15:42:49,214] {logging_mixin.py:112} INFO - [2020-07-23 15:42:49,214] {spark_submit_hook.py:479} INFO - 20/07/23 15:42:49 INFO MemoryStore: Block broadcast_0 stored as values in memory (estimated size 241.5 KiB, free 366.1 MiB)
[2020-07-23 15:42:49,519] {logging_mixin.py:112} INFO - [2020-07-23 15:42:49,519] {spark_submit_hook.py:479} INFO - 20/07/23 15:42:49 INFO MemoryStore: Block broadcast_0_piece0 stored as bytes in memory (estimated size 23.4 KiB, free 366.0 MiB)
[2020-07-23 15:42:49,525] {logging_mixin.py:112} INFO - [2020-07-23 15:42:49,525] {spark_submit_hook.py:479} INFO - 20/07/23 15:42:49 INFO BlockManagerInfo: Added broadcast_0_piece0 in memory on 192.168.43.94:36449 (size: 23.4 KiB, free: 366.3 MiB)
[2020-07-23 15:42:49,553] {logging_mixin.py:112} INFO - [2020-07-23 15:42:49,552] {spark_submit_hook.py:479} INFO - 20/07/23 15:42:49 INFO SparkContext: Created broadcast 0 from textFile at NativeMethodAccessorImpl.java:0
[2020-07-23 15:42:50,120] {logging_mixin.py:112} INFO - [2020-07-23 15:42:50,120] {spark_submit_hook.py:479} INFO - 20/07/23 15:42:50 INFO FileInputFormat: Total input paths to process : 1
[2020-07-23 15:42:50,254] {logging_mixin.py:112} INFO - [2020-07-23 15:42:50,254] {spark_submit_hook.py:479} INFO - 20/07/23 15:42:50 INFO SparkContext: Starting job: collect at /home/bhakti/airflow/spark_jobs/spark_test.py:8
[2020-07-23 15:42:50,284] {logging_mixin.py:112} INFO - [2020-07-23 15:42:50,284] {spark_submit_hook.py:479} INFO - 20/07/23 15:42:50 INFO DAGScheduler: Got job 0 (collect at /home/bhakti/airflow/spark_jobs/spark_test.py:8) with 1 output partitions
[2020-07-23 15:42:50,285] {logging_mixin.py:112} INFO - [2020-07-23 15:42:50,285] {spark_submit_hook.py:479} INFO - 20/07/23 15:42:50 INFO DAGScheduler: Final stage: ResultStage 0 (collect at /home/bhakti/airflow/spark_jobs/spark_test.py:8)
[2020-07-23 15:42:50,286] {logging_mixin.py:112} INFO - [2020-07-23 15:42:50,286] {spark_submit_hook.py:479} INFO - 20/07/23 15:42:50 INFO DAGScheduler: Parents of final stage: List()
[2020-07-23 15:42:50,290] {logging_mixin.py:112} INFO - [2020-07-23 15:42:50,290] {spark_submit_hook.py:479} INFO - 20/07/23 15:42:50 INFO DAGScheduler: Missing parents: List()
[2020-07-23 15:42:50,317] {logging_mixin.py:112} INFO - [2020-07-23 15:42:50,317] {spark_submit_hook.py:479} INFO - 20/07/23 15:42:50 INFO DAGScheduler: Submitting ResultStage 0 (PythonRDD[2] at collect at /home/bhakti/airflow/spark_jobs/spark_test.py:8), which has no missing parents
[2020-07-23 15:42:50,393] {logging_mixin.py:112} INFO - [2020-07-23 15:42:50,393] {spark_submit_hook.py:479} INFO - 20/07/23 15:42:50 INFO MemoryStore: Block broadcast_1 stored as values in memory (estimated size 7.4 KiB, free 366.0 MiB)
[2020-07-23 15:42:50,402] {logging_mixin.py:112} INFO - [2020-07-23 15:42:50,402] {spark_submit_hook.py:479} INFO - 20/07/23 15:42:50 INFO MemoryStore: Block broadcast_1_piece0 stored as bytes in memory (estimated size 4.4 KiB, free 366.0 MiB)
[2020-07-23 15:42:50,403] {logging_mixin.py:112} INFO - [2020-07-23 15:42:50,403] {spark_submit_hook.py:479} INFO - 20/07/23 15:42:50 INFO BlockManagerInfo: Added broadcast_1_piece0 in memory on 192.168.43.94:36449 (size: 4.4 KiB, free: 366.3 MiB)
[2020-07-23 15:42:50,414] {logging_mixin.py:112} INFO - [2020-07-23 15:42:50,413] {spark_submit_hook.py:479} INFO - 20/07/23 15:42:50 INFO SparkContext: Created broadcast 1 from broadcast at DAGScheduler.scala:1200
[2020-07-23 15:42:50,450] {logging_mixin.py:112} INFO - [2020-07-23 15:42:50,449] {spark_submit_hook.py:479} INFO - 20/07/23 15:42:50 INFO DAGScheduler: Submitting 1 missing tasks from ResultStage 0 (PythonRDD[2] at collect at /home/bhakti/airflow/spark_jobs/spark_test.py:8) (first 15 tasks are for partitions Vector(0))
[2020-07-23 15:42:50,452] {logging_mixin.py:112} INFO - [2020-07-23 15:42:50,452] {spark_submit_hook.py:479} INFO - 20/07/23 15:42:50 INFO TaskSchedulerImpl: Adding task set 0.0 with 1 tasks
[2020-07-23 15:42:50,613] {logging_mixin.py:112} INFO - [2020-07-23 15:42:50,613] {spark_submit_hook.py:479} INFO - 20/07/23 15:42:50 INFO TaskSetManager: Starting task 0.0 in stage 0.0 (TID 0, 192.168.43.94, executor driver, partition 0, PROCESS_LOCAL, 7388 bytes)
[2020-07-23 15:42:50,679] {logging_mixin.py:112} INFO - [2020-07-23 15:42:50,678] {spark_submit_hook.py:479} INFO - 20/07/23 15:42:50 INFO Executor: Running task 0.0 in stage 0.0 (TID 0)
[2020-07-23 15:42:51,981] {logging_mixin.py:112} INFO - [2020-07-23 15:42:51,981] {spark_submit_hook.py:479} INFO - 20/07/23 15:42:51 INFO HadoopRDD: Input split: file:/home/bhakti/airflow/input_data/sample.csv:0+93
[2020-07-23 15:42:52,933] {logging_mixin.py:112} INFO - [2020-07-23 15:42:52,933] {spark_submit_hook.py:479} INFO - 20/07/23 15:42:52 INFO PythonRunner: Times: total = 877, boot = 834, init = 43, finish = 0
[2020-07-23 15:42:53,055] {logging_mixin.py:112} INFO - [2020-07-23 15:42:53,055] {spark_submit_hook.py:479} INFO - 20/07/23 15:42:53 INFO Executor: Finished task 0.0 in stage 0.0 (TID 0). 1822 bytes result sent to driver
[2020-07-23 15:42:53,102] {logging_mixin.py:112} INFO - [2020-07-23 15:42:53,102] {spark_submit_hook.py:479} INFO - 20/07/23 15:42:53 INFO TaskSetManager: Finished task 0.0 in stage 0.0 (TID 0) in 2546 ms on 192.168.43.94 (executor driver) (1/1)
[2020-07-23 15:42:53,110] {logging_mixin.py:112} INFO - [2020-07-23 15:42:53,109] {spark_submit_hook.py:479} INFO - 20/07/23 15:42:53 INFO TaskSchedulerImpl: Removed TaskSet 0.0, whose tasks have all completed, from pool
[2020-07-23 15:42:53,114] {logging_mixin.py:112} INFO - [2020-07-23 15:42:53,114] {spark_submit_hook.py:479} INFO - 20/07/23 15:42:53 INFO PythonAccumulatorV2: Connected to AccumulatorServer at host: 127.0.0.1 port: 56827
[2020-07-23 15:42:53,137] {logging_mixin.py:112} INFO - [2020-07-23 15:42:53,136] {spark_submit_hook.py:479} INFO - 20/07/23 15:42:53 INFO DAGScheduler: ResultStage 0 (collect at /home/bhakti/airflow/spark_jobs/spark_test.py:8) finished in 2.776 s
[2020-07-23 15:42:53,162] {logging_mixin.py:112} INFO - [2020-07-23 15:42:53,162] {spark_submit_hook.py:479} INFO - 20/07/23 15:42:53 INFO DAGScheduler: Job 0 is finished. Cancelling potential speculative or zombie tasks for this job
[2020-07-23 15:42:53,164] {logging_mixin.py:112} INFO - [2020-07-23 15:42:53,163] {spark_submit_hook.py:479} INFO - 20/07/23 15:42:53 INFO TaskSchedulerImpl: Killing all running tasks in stage 0: Stage finished
[2020-07-23 15:42:53,168] {logging_mixin.py:112} INFO - [2020-07-23 15:42:53,167] {spark_submit_hook.py:479} INFO - 20/07/23 15:42:53 INFO DAGScheduler: Job 0 finished: collect at /home/bhakti/airflow/spark_jobs/spark_test.py:8, took 2.913058 s
[2020-07-23 15:42:53,190] {logging_mixin.py:112} INFO - [2020-07-23 15:42:53,189] {spark_submit_hook.py:479} INFO - [('PERSON', 'JOINING_YEAR', 'COMPANY'), ('John', '2018', 'Google'), ('Sam', '2017', 'IBM'), ('Jeff', '2014', 'Yahoo'), ('Allen', '2015', 'Facebook')]
[2020-07-23 15:42:54,036] {logging_mixin.py:112} INFO - [2020-07-23 15:42:54,036] {spark_submit_hook.py:479} INFO - 20/07/23 15:42:54 INFO BlockManagerInfo: Removed broadcast_1_piece0 on 192.168.43.94:36449 in memory (size: 4.4 KiB, free: 366.3 MiB)
[2020-07-23 15:42:54,053] {logging_mixin.py:112} INFO - [2020-07-23 15:42:54,053] {spark_submit_hook.py:479} INFO - 20/07/23 15:42:54 INFO BlockManagerInfo: Removed broadcast_0_piece0 on 192.168.43.94:36449 in memory (size: 23.4 KiB, free: 366.3 MiB)
[2020-07-23 15:42:54,194] {logging_mixin.py:112} INFO - [2020-07-23 15:42:54,194] {spark_submit_hook.py:479} INFO - 20/07/23 15:42:54 INFO SharedState: Setting hive.metastore.warehouse.dir ('null') to the value of spark.sql.warehouse.dir ('file:/home/bhakti/airflow/spark-warehouse').
[2020-07-23 15:42:54,198] {logging_mixin.py:112} INFO - [2020-07-23 15:42:54,197] {spark_submit_hook.py:479} INFO - 20/07/23 15:42:54 INFO SharedState: Warehouse path is 'file:/home/bhakti/airflow/spark-warehouse'.
[2020-07-23 15:42:59,591] {logging_mixin.py:112} INFO - [2020-07-23 15:42:59,591] {spark_submit_hook.py:479} INFO - 20/07/23 15:42:59 INFO CodeGenerator: Code generated in 415.972408 ms
[2020-07-23 15:42:59,672] {logging_mixin.py:112} INFO - [2020-07-23 15:42:59,672] {spark_submit_hook.py:479} INFO - 20/07/23 15:42:59 INFO SparkContext: Starting job: showString at NativeMethodAccessorImpl.java:0
[2020-07-23 15:42:59,675] {logging_mixin.py:112} INFO - [2020-07-23 15:42:59,675] {spark_submit_hook.py:479} INFO - 20/07/23 15:42:59 INFO DAGScheduler: Got job 1 (showString at NativeMethodAccessorImpl.java:0) with 1 output partitions
[2020-07-23 15:42:59,676] {logging_mixin.py:112} INFO - [2020-07-23 15:42:59,676] {spark_submit_hook.py:479} INFO - 20/07/23 15:42:59 INFO DAGScheduler: Final stage: ResultStage 1 (showString at NativeMethodAccessorImpl.java:0)
[2020-07-23 15:42:59,676] {logging_mixin.py:112} INFO - [2020-07-23 15:42:59,676] {spark_submit_hook.py:479} INFO - 20/07/23 15:42:59 INFO DAGScheduler: Parents of final stage: List()
[2020-07-23 15:42:59,677] {logging_mixin.py:112} INFO - [2020-07-23 15:42:59,677] {spark_submit_hook.py:479} INFO - 20/07/23 15:42:59 INFO DAGScheduler: Missing parents: List()
[2020-07-23 15:42:59,679] {logging_mixin.py:112} INFO - [2020-07-23 15:42:59,679] {spark_submit_hook.py:479} INFO - 20/07/23 15:42:59 INFO DAGScheduler: Submitting ResultStage 1 (MapPartitionsRDD[9] at showString at NativeMethodAccessorImpl.java:0), which has no missing parents
[2020-07-23 15:42:59,734] {logging_mixin.py:112} INFO - [2020-07-23 15:42:59,733] {spark_submit_hook.py:479} INFO - 20/07/23 15:42:59 INFO MemoryStore: Block broadcast_2 stored as values in memory (estimated size 11.2 KiB, free 366.3 MiB)
[2020-07-23 15:42:59,738] {logging_mixin.py:112} INFO - [2020-07-23 15:42:59,737] {spark_submit_hook.py:479} INFO - 20/07/23 15:42:59 INFO MemoryStore: Block broadcast_2_piece0 stored as bytes in memory (estimated size 5.8 KiB, free 366.3 MiB)
[2020-07-23 15:42:59,738] {logging_mixin.py:112} INFO - [2020-07-23 15:42:59,738] {spark_submit_hook.py:479} INFO - 20/07/23 15:42:59 INFO BlockManagerInfo: Added broadcast_2_piece0 in memory on 192.168.43.94:36449 (size: 5.8 KiB, free: 366.3 MiB)
[2020-07-23 15:42:59,741] {logging_mixin.py:112} INFO - [2020-07-23 15:42:59,741] {spark_submit_hook.py:479} INFO - 20/07/23 15:42:59 INFO SparkContext: Created broadcast 2 from broadcast at DAGScheduler.scala:1200
[2020-07-23 15:42:59,743] {logging_mixin.py:112} INFO - [2020-07-23 15:42:59,742] {spark_submit_hook.py:479} INFO - 20/07/23 15:42:59 INFO DAGScheduler: Submitting 1 missing tasks from ResultStage 1 (MapPartitionsRDD[9] at showString at NativeMethodAccessorImpl.java:0) (first 15 tasks are for partitions Vector(0))
[2020-07-23 15:42:59,743] {logging_mixin.py:112} INFO - [2020-07-23 15:42:59,743] {spark_submit_hook.py:479} INFO - 20/07/23 15:42:59 INFO TaskSchedulerImpl: Adding task set 1.0 with 1 tasks
[2020-07-23 15:42:59,777] {logging_mixin.py:112} INFO - [2020-07-23 15:42:59,777] {spark_submit_hook.py:479} INFO - 20/07/23 15:42:59 INFO TaskSetManager: Starting task 0.0 in stage 1.0 (TID 1, 192.168.43.94, executor driver, partition 0, PROCESS_LOCAL, 7493 bytes)
[2020-07-23 15:42:59,780] {logging_mixin.py:112} INFO - [2020-07-23 15:42:59,780] {spark_submit_hook.py:479} INFO - 20/07/23 15:42:59 INFO Executor: Running task 0.0 in stage 1.0 (TID 1)
[2020-07-23 15:42:59,946] {logging_mixin.py:112} INFO - [2020-07-23 15:42:59,946] {spark_submit_hook.py:479} INFO - 20/07/23 15:42:59 INFO PythonRunner: Times: total = 47, boot = -6901, init = 6948, finish = 0
[2020-07-23 15:42:59,951] {logging_mixin.py:112} INFO - [2020-07-23 15:42:59,951] {spark_submit_hook.py:479} INFO - 20/07/23 15:42:59 INFO Executor: Finished task 0.0 in stage 1.0 (TID 1). 2235 bytes result sent to driver
[2020-07-23 15:42:59,955] {logging_mixin.py:112} INFO - [2020-07-23 15:42:59,955] {spark_submit_hook.py:479} INFO - 20/07/23 15:42:59 INFO TaskSetManager: Finished task 0.0 in stage 1.0 (TID 1) in 209 ms on 192.168.43.94 (executor driver) (1/1)
[2020-07-23 15:42:59,956] {logging_mixin.py:112} INFO - [2020-07-23 15:42:59,955] {spark_submit_hook.py:479} INFO - 20/07/23 15:42:59 INFO TaskSchedulerImpl: Removed TaskSet 1.0, whose tasks have all completed, from pool
[2020-07-23 15:42:59,959] {logging_mixin.py:112} INFO - [2020-07-23 15:42:59,959] {spark_submit_hook.py:479} INFO - 20/07/23 15:42:59 INFO DAGScheduler: ResultStage 1 (showString at NativeMethodAccessorImpl.java:0) finished in 0.275 s
[2020-07-23 15:42:59,962] {logging_mixin.py:112} INFO - [2020-07-23 15:42:59,962] {spark_submit_hook.py:479} INFO - 20/07/23 15:42:59 INFO DAGScheduler: Job 1 is finished. Cancelling potential speculative or zombie tasks for this job
[2020-07-23 15:42:59,962] {logging_mixin.py:112} INFO - [2020-07-23 15:42:59,962] {spark_submit_hook.py:479} INFO - 20/07/23 15:42:59 INFO TaskSchedulerImpl: Killing all running tasks in stage 1: Stage finished
[2020-07-23 15:42:59,963] {logging_mixin.py:112} INFO - [2020-07-23 15:42:59,963] {spark_submit_hook.py:479} INFO - 20/07/23 15:42:59 INFO DAGScheduler: Job 1 finished: showString at NativeMethodAccessorImpl.java:0, took 0.289663 s
[2020-07-23 15:43:00,048] {logging_mixin.py:112} INFO - [2020-07-23 15:43:00,048] {spark_submit_hook.py:479} INFO - 20/07/23 15:43:00 INFO CodeGenerator: Code generated in 45.558401 ms
[2020-07-23 15:43:00,071] {logging_mixin.py:112} INFO - [2020-07-23 15:43:00,070] {spark_submit_hook.py:479} INFO - +------+------------+--------+
[2020-07-23 15:43:00,071] {logging_mixin.py:112} INFO - [2020-07-23 15:43:00,071] {spark_submit_hook.py:479} INFO - |    _1|          _2|      _3|
[2020-07-23 15:43:00,072] {logging_mixin.py:112} INFO - [2020-07-23 15:43:00,071] {spark_submit_hook.py:479} INFO - +------+------------+--------+
[2020-07-23 15:43:00,072] {logging_mixin.py:112} INFO - [2020-07-23 15:43:00,072] {spark_submit_hook.py:479} INFO - |PERSON|JOINING_YEAR| COMPANY|
[2020-07-23 15:43:00,072] {logging_mixin.py:112} INFO - [2020-07-23 15:43:00,072] {spark_submit_hook.py:479} INFO - |  John|        2018|  Google|
[2020-07-23 15:43:00,073] {logging_mixin.py:112} INFO - [2020-07-23 15:43:00,072] {spark_submit_hook.py:479} INFO - |   Sam|        2017|     IBM|
[2020-07-23 15:43:00,073] {logging_mixin.py:112} INFO - [2020-07-23 15:43:00,073] {spark_submit_hook.py:479} INFO - |  Jeff|        2014|   Yahoo|
[2020-07-23 15:43:00,073] {logging_mixin.py:112} INFO - [2020-07-23 15:43:00,073] {spark_submit_hook.py:479} INFO - | Allen|        2015|Facebook|
[2020-07-23 15:43:00,074] {logging_mixin.py:112} INFO - [2020-07-23 15:43:00,073] {spark_submit_hook.py:479} INFO - +------+------------+--------+
[2020-07-23 15:43:00,074] {logging_mixin.py:112} INFO - [2020-07-23 15:43:00,074] {spark_submit_hook.py:479} INFO - 
[2020-07-23 15:43:00,173] {logging_mixin.py:112} INFO - [2020-07-23 15:43:00,173] {spark_submit_hook.py:479} INFO - 20/07/23 15:43:00 INFO SparkContext: Invoking stop() from shutdown hook
[2020-07-23 15:43:00,187] {logging_mixin.py:112} INFO - [2020-07-23 15:43:00,187] {spark_submit_hook.py:479} INFO - 20/07/23 15:43:00 INFO SparkUI: Stopped Spark web UI at http://192.168.43.94:4041
[2020-07-23 15:43:00,215] {logging_mixin.py:112} INFO - [2020-07-23 15:43:00,215] {spark_submit_hook.py:479} INFO - 20/07/23 15:43:00 INFO MapOutputTrackerMasterEndpoint: MapOutputTrackerMasterEndpoint stopped!
[2020-07-23 15:43:00,236] {logging_mixin.py:112} INFO - [2020-07-23 15:43:00,236] {spark_submit_hook.py:479} INFO - 20/07/23 15:43:00 INFO MemoryStore: MemoryStore cleared
[2020-07-23 15:43:00,237] {logging_mixin.py:112} INFO - [2020-07-23 15:43:00,237] {spark_submit_hook.py:479} INFO - 20/07/23 15:43:00 INFO BlockManager: BlockManager stopped
[2020-07-23 15:43:00,245] {logging_mixin.py:112} INFO - [2020-07-23 15:43:00,244] {spark_submit_hook.py:479} INFO - 20/07/23 15:43:00 INFO BlockManagerMaster: BlockManagerMaster stopped
[2020-07-23 15:43:00,251] {logging_mixin.py:112} INFO - [2020-07-23 15:43:00,250] {spark_submit_hook.py:479} INFO - 20/07/23 15:43:00 INFO OutputCommitCoordinator$OutputCommitCoordinatorEndpoint: OutputCommitCoordinator stopped!
[2020-07-23 15:43:00,266] {logging_mixin.py:112} INFO - [2020-07-23 15:43:00,265] {spark_submit_hook.py:479} INFO - 20/07/23 15:43:00 INFO SparkContext: Successfully stopped SparkContext
[2020-07-23 15:43:00,266] {logging_mixin.py:112} INFO - [2020-07-23 15:43:00,266] {spark_submit_hook.py:479} INFO - 20/07/23 15:43:00 INFO ShutdownHookManager: Shutdown hook called
[2020-07-23 15:43:00,268] {logging_mixin.py:112} INFO - [2020-07-23 15:43:00,268] {spark_submit_hook.py:479} INFO - 20/07/23 15:43:00 INFO ShutdownHookManager: Deleting directory /tmp/spark-1c0693f6-b8e6-4723-ba37-6b4653367f4d/pyspark-c7d0ebfe-3ae6-4beb-877c-b8e9e73f2774
[2020-07-23 15:43:00,275] {logging_mixin.py:112} INFO - [2020-07-23 15:43:00,275] {spark_submit_hook.py:479} INFO - 20/07/23 15:43:00 INFO ShutdownHookManager: Deleting directory /tmp/spark-1c0693f6-b8e6-4723-ba37-6b4653367f4d
[2020-07-23 15:43:00,281] {logging_mixin.py:112} INFO - [2020-07-23 15:43:00,281] {spark_submit_hook.py:479} INFO - 20/07/23 15:43:00 INFO ShutdownHookManager: Deleting directory /tmp/spark-f1c57149-04c7-49bd-a55d-8f81234d548e
[2020-07-23 15:43:00,398] {taskinstance.py:1052} INFO - Marking task as SUCCESS.dag_id=submit_data, task_id=spark_submit, execution_date=20200721T012300, start_date=20200723T101235, end_date=20200723T101300
[2020-07-23 15:43:01,227] {logging_mixin.py:112} INFO - [2020-07-23 15:43:01,226] {local_task_job.py:103} INFO - Task exited with return code 0
