[2020-07-23 14:57:57,249] {taskinstance.py:669} INFO - Dependencies all met for <TaskInstance: submit_data.spark_submit 2020-07-21T00:19:00+00:00 [queued]>
[2020-07-23 14:57:57,265] {taskinstance.py:669} INFO - Dependencies all met for <TaskInstance: submit_data.spark_submit 2020-07-21T00:19:00+00:00 [queued]>
[2020-07-23 14:57:57,265] {taskinstance.py:879} INFO - 
--------------------------------------------------------------------------------
[2020-07-23 14:57:57,265] {taskinstance.py:880} INFO - Starting attempt 1 of 1
[2020-07-23 14:57:57,265] {taskinstance.py:881} INFO - 
--------------------------------------------------------------------------------
[2020-07-23 14:57:57,485] {taskinstance.py:900} INFO - Executing <Task(SparkSubmitOperator): spark_submit> on 2020-07-21T00:19:00+00:00
[2020-07-23 14:57:57,491] {standard_task_runner.py:53} INFO - Started process 229267 to run task
[2020-07-23 14:57:57,777] {logging_mixin.py:112} INFO - Running %s on host %s <TaskInstance: submit_data.spark_submit 2020-07-21T00:19:00+00:00 [running]> bhakti-Vostro-3558
[2020-07-23 14:57:57,846] {logging_mixin.py:112} INFO - [2020-07-23 14:57:57,846] {base_hook.py:87} INFO - Using connection to: id: spark_local. Host: local, Port: None, Schema: None, Login: None, Password: None, extra: None
[2020-07-23 14:57:57,849] {logging_mixin.py:112} INFO - [2020-07-23 14:57:57,848] {spark_submit_hook.py:325} INFO - Spark-Submit cmd: spark-submit --master local --name airflow-spark /home/bhakti/airflow/spark_jobs/spark_test.py
[2020-07-23 14:58:01,342] {logging_mixin.py:112} INFO - [2020-07-23 14:58:01,341] {spark_submit_hook.py:479} INFO - 20/07/23 14:58:01 WARN Utils: Your hostname, bhakti-Vostro-3558 resolves to a loopback address: 127.0.1.1; using 192.168.43.94 instead (on interface wlp6s0)
[2020-07-23 14:58:01,345] {logging_mixin.py:112} INFO - [2020-07-23 14:58:01,344] {spark_submit_hook.py:479} INFO - 20/07/23 14:58:01 WARN Utils: Set SPARK_LOCAL_IP if you need to bind to another address
[2020-07-23 14:58:02,881] {logging_mixin.py:112} INFO - [2020-07-23 14:58:02,881] {spark_submit_hook.py:479} INFO - 20/07/23 14:58:02 WARN NativeCodeLoader: Unable to load native-hadoop library for your platform... using builtin-java classes where applicable
[2020-07-23 14:58:05,546] {logging_mixin.py:112} INFO - [2020-07-23 14:58:05,546] {spark_submit_hook.py:479} INFO - Using Spark's default log4j profile: org/apache/spark/log4j-defaults.properties
[2020-07-23 14:58:05,643] {logging_mixin.py:112} INFO - [2020-07-23 14:58:05,642] {spark_submit_hook.py:479} INFO - 20/07/23 14:58:05 INFO SparkContext: Running Spark version 3.0.0
[2020-07-23 14:58:05,823] {logging_mixin.py:112} INFO - [2020-07-23 14:58:05,822] {spark_submit_hook.py:479} INFO - 20/07/23 14:58:05 INFO ResourceUtils: ==============================================================
[2020-07-23 14:58:05,827] {logging_mixin.py:112} INFO - [2020-07-23 14:58:05,827] {spark_submit_hook.py:479} INFO - 20/07/23 14:58:05 INFO ResourceUtils: Resources for spark.driver:
[2020-07-23 14:58:05,828] {logging_mixin.py:112} INFO - [2020-07-23 14:58:05,827] {spark_submit_hook.py:479} INFO - 
[2020-07-23 14:58:05,829] {logging_mixin.py:112} INFO - [2020-07-23 14:58:05,829] {spark_submit_hook.py:479} INFO - 20/07/23 14:58:05 INFO ResourceUtils: ==============================================================
[2020-07-23 14:58:05,832] {logging_mixin.py:112} INFO - [2020-07-23 14:58:05,831] {spark_submit_hook.py:479} INFO - 20/07/23 14:58:05 INFO SparkContext: Submitted application: Spark_Test_Python
[2020-07-23 14:58:06,161] {logging_mixin.py:112} INFO - [2020-07-23 14:58:06,160] {spark_submit_hook.py:479} INFO - 20/07/23 14:58:06 INFO SecurityManager: Changing view acls to: bhakti
[2020-07-23 14:58:06,161] {logging_mixin.py:112} INFO - [2020-07-23 14:58:06,161] {spark_submit_hook.py:479} INFO - 20/07/23 14:58:06 INFO SecurityManager: Changing modify acls to: bhakti
[2020-07-23 14:58:06,163] {logging_mixin.py:112} INFO - [2020-07-23 14:58:06,163] {spark_submit_hook.py:479} INFO - 20/07/23 14:58:06 INFO SecurityManager: Changing view acls groups to:
[2020-07-23 14:58:06,163] {logging_mixin.py:112} INFO - [2020-07-23 14:58:06,163] {spark_submit_hook.py:479} INFO - 20/07/23 14:58:06 INFO SecurityManager: Changing modify acls groups to:
[2020-07-23 14:58:06,164] {logging_mixin.py:112} INFO - [2020-07-23 14:58:06,164] {spark_submit_hook.py:479} INFO - 20/07/23 14:58:06 INFO SecurityManager: SecurityManager: authentication disabled; ui acls disabled; users  with view permissions: Set(bhakti); groups with view permissions: Set(); users  with modify permissions: Set(bhakti); groups with modify permissions: Set()
[2020-07-23 14:58:07,378] {logging_mixin.py:112} INFO - [2020-07-23 14:58:07,378] {spark_submit_hook.py:479} INFO - 20/07/23 14:58:07 INFO Utils: Successfully started service 'sparkDriver' on port 34123.
[2020-07-23 14:58:07,476] {logging_mixin.py:112} INFO - [2020-07-23 14:58:07,476] {spark_submit_hook.py:479} INFO - 20/07/23 14:58:07 INFO SparkEnv: Registering MapOutputTracker
[2020-07-23 14:58:07,621] {logging_mixin.py:112} INFO - [2020-07-23 14:58:07,621] {spark_submit_hook.py:479} INFO - 20/07/23 14:58:07 INFO SparkEnv: Registering BlockManagerMaster
[2020-07-23 14:58:07,696] {logging_mixin.py:112} INFO - [2020-07-23 14:58:07,696] {spark_submit_hook.py:479} INFO - 20/07/23 14:58:07 INFO BlockManagerMasterEndpoint: Using org.apache.spark.storage.DefaultTopologyMapper for getting topology information
[2020-07-23 14:58:07,699] {logging_mixin.py:112} INFO - [2020-07-23 14:58:07,699] {spark_submit_hook.py:479} INFO - 20/07/23 14:58:07 INFO BlockManagerMasterEndpoint: BlockManagerMasterEndpoint up
[2020-07-23 14:58:07,707] {logging_mixin.py:112} INFO - [2020-07-23 14:58:07,707] {spark_submit_hook.py:479} INFO - 20/07/23 14:58:07 INFO SparkEnv: Registering BlockManagerMasterHeartbeat
[2020-07-23 14:58:07,749] {logging_mixin.py:112} INFO - [2020-07-23 14:58:07,747] {spark_submit_hook.py:479} INFO - 20/07/23 14:58:07 INFO DiskBlockManager: Created local directory at /tmp/blockmgr-645e41f0-d826-4120-bce8-20ba89622cbb
[2020-07-23 14:58:07,818] {logging_mixin.py:112} INFO - [2020-07-23 14:58:07,818] {spark_submit_hook.py:479} INFO - 20/07/23 14:58:07 INFO MemoryStore: MemoryStore started with capacity 366.3 MiB
[2020-07-23 14:58:07,881] {logging_mixin.py:112} INFO - [2020-07-23 14:58:07,881] {spark_submit_hook.py:479} INFO - 20/07/23 14:58:07 INFO SparkEnv: Registering OutputCommitCoordinator
[2020-07-23 14:58:08,604] {logging_mixin.py:112} INFO - [2020-07-23 14:58:08,604] {spark_submit_hook.py:479} INFO - 20/07/23 14:58:08 WARN Utils: Service 'SparkUI' could not bind on port 4040. Attempting port 4041.
[2020-07-23 14:58:08,606] {logging_mixin.py:112} INFO - [2020-07-23 14:58:08,606] {spark_submit_hook.py:479} INFO - 20/07/23 14:58:08 WARN Utils: Service 'SparkUI' could not bind on port 4041. Attempting port 4042.
[2020-07-23 14:58:08,609] {logging_mixin.py:112} INFO - [2020-07-23 14:58:08,609] {spark_submit_hook.py:479} INFO - 20/07/23 14:58:08 WARN Utils: Service 'SparkUI' could not bind on port 4042. Attempting port 4043.
[2020-07-23 14:58:08,610] {logging_mixin.py:112} INFO - [2020-07-23 14:58:08,609] {spark_submit_hook.py:479} INFO - 20/07/23 14:58:08 WARN Utils: Service 'SparkUI' could not bind on port 4043. Attempting port 4044.
[2020-07-23 14:58:08,633] {logging_mixin.py:112} INFO - [2020-07-23 14:58:08,632] {spark_submit_hook.py:479} INFO - 20/07/23 14:58:08 INFO Utils: Successfully started service 'SparkUI' on port 4044.
[2020-07-23 14:58:08,752] {logging_mixin.py:112} INFO - [2020-07-23 14:58:08,751] {spark_submit_hook.py:479} INFO - 20/07/23 14:58:08 INFO SparkUI: Bound SparkUI to 0.0.0.0, and started at http://192.168.43.94:4044
[2020-07-23 14:58:09,510] {logging_mixin.py:112} INFO - [2020-07-23 14:58:09,510] {spark_submit_hook.py:479} INFO - 20/07/23 14:58:09 INFO Executor: Starting executor ID driver on host 192.168.43.94
[2020-07-23 14:58:09,606] {logging_mixin.py:112} INFO - [2020-07-23 14:58:09,605] {spark_submit_hook.py:479} INFO - 20/07/23 14:58:09 INFO Utils: Successfully started service 'org.apache.spark.network.netty.NettyBlockTransferService' on port 46123.
[2020-07-23 14:58:09,606] {logging_mixin.py:112} INFO - [2020-07-23 14:58:09,606] {spark_submit_hook.py:479} INFO - 20/07/23 14:58:09 INFO NettyBlockTransferService: Server created on 192.168.43.94:46123
[2020-07-23 14:58:09,609] {logging_mixin.py:112} INFO - [2020-07-23 14:58:09,609] {spark_submit_hook.py:479} INFO - 20/07/23 14:58:09 INFO BlockManager: Using org.apache.spark.storage.RandomBlockReplicationPolicy for block replication policy
[2020-07-23 14:58:09,640] {logging_mixin.py:112} INFO - [2020-07-23 14:58:09,639] {spark_submit_hook.py:479} INFO - 20/07/23 14:58:09 INFO BlockManagerMaster: Registering BlockManager BlockManagerId(driver, 192.168.43.94, 46123, None)
[2020-07-23 14:58:09,650] {logging_mixin.py:112} INFO - [2020-07-23 14:58:09,650] {spark_submit_hook.py:479} INFO - 20/07/23 14:58:09 INFO BlockManagerMasterEndpoint: Registering block manager 192.168.43.94:46123 with 366.3 MiB RAM, BlockManagerId(driver, 192.168.43.94, 46123, None)
[2020-07-23 14:58:09,667] {logging_mixin.py:112} INFO - [2020-07-23 14:58:09,667] {spark_submit_hook.py:479} INFO - 20/07/23 14:58:09 INFO BlockManagerMaster: Registered BlockManager BlockManagerId(driver, 192.168.43.94, 46123, None)
[2020-07-23 14:58:09,672] {logging_mixin.py:112} INFO - [2020-07-23 14:58:09,672] {spark_submit_hook.py:479} INFO - 20/07/23 14:58:09 INFO BlockManager: Initialized BlockManager: BlockManagerId(driver, 192.168.43.94, 46123, None)
[2020-07-23 14:58:11,681] {logging_mixin.py:112} INFO - [2020-07-23 14:58:11,679] {spark_submit_hook.py:479} INFO - 20/07/23 14:58:11 INFO MemoryStore: Block broadcast_0 stored as values in memory (estimated size 241.5 KiB, free 366.1 MiB)
[2020-07-23 14:58:11,877] {logging_mixin.py:112} INFO - [2020-07-23 14:58:11,877] {spark_submit_hook.py:479} INFO - 20/07/23 14:58:11 INFO MemoryStore: Block broadcast_0_piece0 stored as bytes in memory (estimated size 23.4 KiB, free 366.0 MiB)
[2020-07-23 14:58:11,887] {logging_mixin.py:112} INFO - [2020-07-23 14:58:11,887] {spark_submit_hook.py:479} INFO - 20/07/23 14:58:11 INFO BlockManagerInfo: Added broadcast_0_piece0 in memory on 192.168.43.94:46123 (size: 23.4 KiB, free: 366.3 MiB)
[2020-07-23 14:58:11,902] {logging_mixin.py:112} INFO - [2020-07-23 14:58:11,902] {spark_submit_hook.py:479} INFO - 20/07/23 14:58:11 INFO SparkContext: Created broadcast 0 from textFile at NativeMethodAccessorImpl.java:0
[2020-07-23 14:58:12,525] {logging_mixin.py:112} INFO - [2020-07-23 14:58:12,524] {spark_submit_hook.py:479} INFO - 20/07/23 14:58:12 INFO FileInputFormat: Total input paths to process : 1
[2020-07-23 14:58:12,807] {logging_mixin.py:112} INFO - [2020-07-23 14:58:12,807] {spark_submit_hook.py:479} INFO - 20/07/23 14:58:12 INFO SparkContext: Starting job: collect at /home/bhakti/airflow/spark_jobs/spark_test.py:8
[2020-07-23 14:58:12,853] {logging_mixin.py:112} INFO - [2020-07-23 14:58:12,853] {spark_submit_hook.py:479} INFO - 20/07/23 14:58:12 INFO DAGScheduler: Got job 0 (collect at /home/bhakti/airflow/spark_jobs/spark_test.py:8) with 1 output partitions
[2020-07-23 14:58:12,855] {logging_mixin.py:112} INFO - [2020-07-23 14:58:12,855] {spark_submit_hook.py:479} INFO - 20/07/23 14:58:12 INFO DAGScheduler: Final stage: ResultStage 0 (collect at /home/bhakti/airflow/spark_jobs/spark_test.py:8)
[2020-07-23 14:58:12,857] {logging_mixin.py:112} INFO - [2020-07-23 14:58:12,856] {spark_submit_hook.py:479} INFO - 20/07/23 14:58:12 INFO DAGScheduler: Parents of final stage: List()
[2020-07-23 14:58:12,875] {logging_mixin.py:112} INFO - [2020-07-23 14:58:12,875] {spark_submit_hook.py:479} INFO - 20/07/23 14:58:12 INFO DAGScheduler: Missing parents: List()
[2020-07-23 14:58:12,896] {logging_mixin.py:112} INFO - [2020-07-23 14:58:12,896] {spark_submit_hook.py:479} INFO - 20/07/23 14:58:12 INFO DAGScheduler: Submitting ResultStage 0 (PythonRDD[2] at collect at /home/bhakti/airflow/spark_jobs/spark_test.py:8), which has no missing parents
[2020-07-23 14:58:13,006] {logging_mixin.py:112} INFO - [2020-07-23 14:58:13,006] {spark_submit_hook.py:479} INFO - 20/07/23 14:58:13 INFO MemoryStore: Block broadcast_1 stored as values in memory (estimated size 7.4 KiB, free 366.0 MiB)
[2020-07-23 14:58:13,052] {logging_mixin.py:112} INFO - [2020-07-23 14:58:13,051] {spark_submit_hook.py:479} INFO - 20/07/23 14:58:13 INFO MemoryStore: Block broadcast_1_piece0 stored as bytes in memory (estimated size 4.4 KiB, free 366.0 MiB)
[2020-07-23 14:58:13,055] {logging_mixin.py:112} INFO - [2020-07-23 14:58:13,055] {spark_submit_hook.py:479} INFO - 20/07/23 14:58:13 INFO BlockManagerInfo: Added broadcast_1_piece0 in memory on 192.168.43.94:46123 (size: 4.4 KiB, free: 366.3 MiB)
[2020-07-23 14:58:13,058] {logging_mixin.py:112} INFO - [2020-07-23 14:58:13,058] {spark_submit_hook.py:479} INFO - 20/07/23 14:58:13 INFO SparkContext: Created broadcast 1 from broadcast at DAGScheduler.scala:1200
[2020-07-23 14:58:13,192] {logging_mixin.py:112} INFO - [2020-07-23 14:58:13,192] {spark_submit_hook.py:479} INFO - 20/07/23 14:58:13 INFO DAGScheduler: Submitting 1 missing tasks from ResultStage 0 (PythonRDD[2] at collect at /home/bhakti/airflow/spark_jobs/spark_test.py:8) (first 15 tasks are for partitions Vector(0))
[2020-07-23 14:58:13,195] {logging_mixin.py:112} INFO - [2020-07-23 14:58:13,194] {spark_submit_hook.py:479} INFO - 20/07/23 14:58:13 INFO TaskSchedulerImpl: Adding task set 0.0 with 1 tasks
[2020-07-23 14:58:13,493] {logging_mixin.py:112} INFO - [2020-07-23 14:58:13,493] {spark_submit_hook.py:479} INFO - 20/07/23 14:58:13 INFO TaskSetManager: Starting task 0.0 in stage 0.0 (TID 0, 192.168.43.94, executor driver, partition 0, PROCESS_LOCAL, 7388 bytes)
[2020-07-23 14:58:13,587] {logging_mixin.py:112} INFO - [2020-07-23 14:58:13,587] {spark_submit_hook.py:479} INFO - 20/07/23 14:58:13 INFO Executor: Running task 0.0 in stage 0.0 (TID 0)
[2020-07-23 14:58:15,011] {logging_mixin.py:112} INFO - [2020-07-23 14:58:15,010] {spark_submit_hook.py:479} INFO - 20/07/23 14:58:15 INFO HadoopRDD: Input split: file:/home/bhakti/airflow/input_data/sample.csv:0+93
[2020-07-23 14:58:16,442] {logging_mixin.py:112} INFO - [2020-07-23 14:58:16,442] {spark_submit_hook.py:479} INFO - 20/07/23 14:58:16 INFO PythonRunner: Times: total = 1342, boot = 1315, init = 27, finish = 0
[2020-07-23 14:58:16,498] {logging_mixin.py:112} INFO - [2020-07-23 14:58:16,497] {spark_submit_hook.py:479} INFO - 20/07/23 14:58:16 INFO Executor: Finished task 0.0 in stage 0.0 (TID 0). 1779 bytes result sent to driver
[2020-07-23 14:58:16,531] {logging_mixin.py:112} INFO - [2020-07-23 14:58:16,531] {spark_submit_hook.py:479} INFO - 20/07/23 14:58:16 INFO TaskSetManager: Finished task 0.0 in stage 0.0 (TID 0) in 3105 ms on 192.168.43.94 (executor driver) (1/1)
[2020-07-23 14:58:16,539] {logging_mixin.py:112} INFO - [2020-07-23 14:58:16,539] {spark_submit_hook.py:479} INFO - 20/07/23 14:58:16 INFO TaskSchedulerImpl: Removed TaskSet 0.0, whose tasks have all completed, from pool
[2020-07-23 14:58:16,543] {logging_mixin.py:112} INFO - [2020-07-23 14:58:16,542] {spark_submit_hook.py:479} INFO - 20/07/23 14:58:16 INFO PythonAccumulatorV2: Connected to AccumulatorServer at host: 127.0.0.1 port: 39319
[2020-07-23 14:58:16,557] {logging_mixin.py:112} INFO - [2020-07-23 14:58:16,557] {spark_submit_hook.py:479} INFO - 20/07/23 14:58:16 INFO DAGScheduler: ResultStage 0 (collect at /home/bhakti/airflow/spark_jobs/spark_test.py:8) finished in 3.587 s
[2020-07-23 14:58:16,574] {logging_mixin.py:112} INFO - [2020-07-23 14:58:16,574] {spark_submit_hook.py:479} INFO - 20/07/23 14:58:16 INFO DAGScheduler: Job 0 is finished. Cancelling potential speculative or zombie tasks for this job
[2020-07-23 14:58:16,575] {logging_mixin.py:112} INFO - [2020-07-23 14:58:16,575] {spark_submit_hook.py:479} INFO - 20/07/23 14:58:16 INFO TaskSchedulerImpl: Killing all running tasks in stage 0: Stage finished
[2020-07-23 14:58:16,581] {logging_mixin.py:112} INFO - [2020-07-23 14:58:16,581] {spark_submit_hook.py:479} INFO - 20/07/23 14:58:16 INFO DAGScheduler: Job 0 finished: collect at /home/bhakti/airflow/spark_jobs/spark_test.py:8, took 3.770021 s
[2020-07-23 14:58:16,606] {logging_mixin.py:112} INFO - [2020-07-23 14:58:16,605] {spark_submit_hook.py:479} INFO - [('PERSON', 'JOINING_YEAR', 'COMPANY'), ('John', '2018', 'Google'), ('Sam', '2017', 'IBM'), ('Jeff', '2014', 'Yahoo'), ('Allen', '2015', 'Facebook')]
[2020-07-23 14:58:16,765] {logging_mixin.py:112} INFO - [2020-07-23 14:58:16,764] {spark_submit_hook.py:479} INFO - 20/07/23 14:58:16 INFO BlockManagerInfo: Removed broadcast_1_piece0 on 192.168.43.94:46123 in memory (size: 4.4 KiB, free: 366.3 MiB)
[2020-07-23 14:58:18,241] {logging_mixin.py:112} INFO - [2020-07-23 14:58:18,241] {spark_submit_hook.py:479} INFO - 20/07/23 14:58:18 INFO SharedState: Setting hive.metastore.warehouse.dir ('null') to the value of spark.sql.warehouse.dir ('file:/home/bhakti/airflow/spark-warehouse').
[2020-07-23 14:58:18,243] {logging_mixin.py:112} INFO - [2020-07-23 14:58:18,242] {spark_submit_hook.py:479} INFO - 20/07/23 14:58:18 INFO SharedState: Warehouse path is 'file:/home/bhakti/airflow/spark-warehouse'.
[2020-07-23 14:58:25,712] {logging_mixin.py:112} INFO - [2020-07-23 14:58:25,711] {spark_submit_hook.py:479} INFO - 20/07/23 14:58:25 INFO CodeGenerator: Code generated in 823.976745 ms
[2020-07-23 14:58:26,101] {logging_mixin.py:112} INFO - [2020-07-23 14:58:26,101] {spark_submit_hook.py:479} INFO - 20/07/23 14:58:26 INFO SparkContext: Starting job: showString at NativeMethodAccessorImpl.java:0
[2020-07-23 14:58:26,109] {logging_mixin.py:112} INFO - [2020-07-23 14:58:26,109] {spark_submit_hook.py:479} INFO - 20/07/23 14:58:26 INFO DAGScheduler: Got job 1 (showString at NativeMethodAccessorImpl.java:0) with 1 output partitions
[2020-07-23 14:58:26,110] {logging_mixin.py:112} INFO - [2020-07-23 14:58:26,109] {spark_submit_hook.py:479} INFO - 20/07/23 14:58:26 INFO DAGScheduler: Final stage: ResultStage 1 (showString at NativeMethodAccessorImpl.java:0)
[2020-07-23 14:58:26,110] {logging_mixin.py:112} INFO - [2020-07-23 14:58:26,110] {spark_submit_hook.py:479} INFO - 20/07/23 14:58:26 INFO DAGScheduler: Parents of final stage: List()
[2020-07-23 14:58:26,114] {logging_mixin.py:112} INFO - [2020-07-23 14:58:26,113] {spark_submit_hook.py:479} INFO - 20/07/23 14:58:26 INFO DAGScheduler: Missing parents: List()
[2020-07-23 14:58:26,118] {logging_mixin.py:112} INFO - [2020-07-23 14:58:26,117] {spark_submit_hook.py:479} INFO - 20/07/23 14:58:26 INFO DAGScheduler: Submitting ResultStage 1 (MapPartitionsRDD[9] at showString at NativeMethodAccessorImpl.java:0), which has no missing parents
[2020-07-23 14:58:26,210] {logging_mixin.py:112} INFO - [2020-07-23 14:58:26,210] {spark_submit_hook.py:479} INFO - 20/07/23 14:58:26 INFO MemoryStore: Block broadcast_2 stored as values in memory (estimated size 11.2 KiB, free 366.0 MiB)
[2020-07-23 14:58:26,223] {logging_mixin.py:112} INFO - [2020-07-23 14:58:26,223] {spark_submit_hook.py:479} INFO - 20/07/23 14:58:26 INFO MemoryStore: Block broadcast_2_piece0 stored as bytes in memory (estimated size 5.8 KiB, free 366.0 MiB)
[2020-07-23 14:58:26,227] {logging_mixin.py:112} INFO - [2020-07-23 14:58:26,227] {spark_submit_hook.py:479} INFO - 20/07/23 14:58:26 INFO BlockManagerInfo: Added broadcast_2_piece0 in memory on 192.168.43.94:46123 (size: 5.8 KiB, free: 366.3 MiB)
[2020-07-23 14:58:26,243] {logging_mixin.py:112} INFO - [2020-07-23 14:58:26,242] {spark_submit_hook.py:479} INFO - 20/07/23 14:58:26 INFO SparkContext: Created broadcast 2 from broadcast at DAGScheduler.scala:1200
[2020-07-23 14:58:26,252] {logging_mixin.py:112} INFO - [2020-07-23 14:58:26,251] {spark_submit_hook.py:479} INFO - 20/07/23 14:58:26 INFO DAGScheduler: Submitting 1 missing tasks from ResultStage 1 (MapPartitionsRDD[9] at showString at NativeMethodAccessorImpl.java:0) (first 15 tasks are for partitions Vector(0))
[2020-07-23 14:58:26,252] {logging_mixin.py:112} INFO - [2020-07-23 14:58:26,252] {spark_submit_hook.py:479} INFO - 20/07/23 14:58:26 INFO TaskSchedulerImpl: Adding task set 1.0 with 1 tasks
[2020-07-23 14:58:26,333] {logging_mixin.py:112} INFO - [2020-07-23 14:58:26,333] {spark_submit_hook.py:479} INFO - 20/07/23 14:58:26 INFO TaskSetManager: Starting task 0.0 in stage 1.0 (TID 1, 192.168.43.94, executor driver, partition 0, PROCESS_LOCAL, 7493 bytes)
[2020-07-23 14:58:26,336] {logging_mixin.py:112} INFO - [2020-07-23 14:58:26,336] {spark_submit_hook.py:479} INFO - 20/07/23 14:58:26 INFO Executor: Running task 0.0 in stage 1.0 (TID 1)
[2020-07-23 14:58:26,708] {logging_mixin.py:112} INFO - [2020-07-23 14:58:26,707] {spark_submit_hook.py:479} INFO - 20/07/23 14:58:26 INFO PythonRunner: Times: total = 14, boot = -10136, init = 10150, finish = 0
[2020-07-23 14:58:26,716] {logging_mixin.py:112} INFO - [2020-07-23 14:58:26,715] {spark_submit_hook.py:479} INFO - 20/07/23 14:58:26 INFO Executor: Finished task 0.0 in stage 1.0 (TID 1). 2235 bytes result sent to driver
[2020-07-23 14:58:26,740] {logging_mixin.py:112} INFO - [2020-07-23 14:58:26,740] {spark_submit_hook.py:479} INFO - 20/07/23 14:58:26 INFO TaskSetManager: Finished task 0.0 in stage 1.0 (TID 1) in 486 ms on 192.168.43.94 (executor driver) (1/1)
[2020-07-23 14:58:26,752] {logging_mixin.py:112} INFO - [2020-07-23 14:58:26,751] {spark_submit_hook.py:479} INFO - 20/07/23 14:58:26 INFO TaskSchedulerImpl: Removed TaskSet 1.0, whose tasks have all completed, from pool
[2020-07-23 14:58:26,753] {logging_mixin.py:112} INFO - [2020-07-23 14:58:26,752] {spark_submit_hook.py:479} INFO - 20/07/23 14:58:26 INFO DAGScheduler: ResultStage 1 (showString at NativeMethodAccessorImpl.java:0) finished in 0.628 s
[2020-07-23 14:58:26,760] {logging_mixin.py:112} INFO - [2020-07-23 14:58:26,760] {spark_submit_hook.py:479} INFO - 20/07/23 14:58:26 INFO DAGScheduler: Job 1 is finished. Cancelling potential speculative or zombie tasks for this job
[2020-07-23 14:58:26,760] {logging_mixin.py:112} INFO - [2020-07-23 14:58:26,760] {spark_submit_hook.py:479} INFO - 20/07/23 14:58:26 INFO TaskSchedulerImpl: Killing all running tasks in stage 1: Stage finished
[2020-07-23 14:58:26,761] {logging_mixin.py:112} INFO - [2020-07-23 14:58:26,760] {spark_submit_hook.py:479} INFO - 20/07/23 14:58:26 INFO DAGScheduler: Job 1 finished: showString at NativeMethodAccessorImpl.java:0, took 0.658741 s
[2020-07-23 14:58:26,976] {logging_mixin.py:112} INFO - [2020-07-23 14:58:26,976] {spark_submit_hook.py:479} INFO - 20/07/23 14:58:26 INFO CodeGenerator: Code generated in 79.33569 ms
[2020-07-23 14:58:27,037] {logging_mixin.py:112} INFO - [2020-07-23 14:58:27,036] {spark_submit_hook.py:479} INFO - +------+------------+--------+
[2020-07-23 14:58:27,037] {logging_mixin.py:112} INFO - [2020-07-23 14:58:27,037] {spark_submit_hook.py:479} INFO - |    _1|          _2|      _3|
[2020-07-23 14:58:27,037] {logging_mixin.py:112} INFO - [2020-07-23 14:58:27,037] {spark_submit_hook.py:479} INFO - +------+------------+--------+
[2020-07-23 14:58:27,038] {logging_mixin.py:112} INFO - [2020-07-23 14:58:27,038] {spark_submit_hook.py:479} INFO - |PERSON|JOINING_YEAR| COMPANY|
[2020-07-23 14:58:27,038] {logging_mixin.py:112} INFO - [2020-07-23 14:58:27,038] {spark_submit_hook.py:479} INFO - |  John|        2018|  Google|
[2020-07-23 14:58:27,038] {logging_mixin.py:112} INFO - [2020-07-23 14:58:27,038] {spark_submit_hook.py:479} INFO - |   Sam|        2017|     IBM|
[2020-07-23 14:58:27,039] {logging_mixin.py:112} INFO - [2020-07-23 14:58:27,038] {spark_submit_hook.py:479} INFO - |  Jeff|        2014|   Yahoo|
[2020-07-23 14:58:27,039] {logging_mixin.py:112} INFO - [2020-07-23 14:58:27,039] {spark_submit_hook.py:479} INFO - | Allen|        2015|Facebook|
[2020-07-23 14:58:27,039] {logging_mixin.py:112} INFO - [2020-07-23 14:58:27,039] {spark_submit_hook.py:479} INFO - +------+------------+--------+
[2020-07-23 14:58:27,039] {logging_mixin.py:112} INFO - [2020-07-23 14:58:27,039] {spark_submit_hook.py:479} INFO - 
[2020-07-23 14:58:27,192] {logging_mixin.py:112} INFO - [2020-07-23 14:58:27,192] {spark_submit_hook.py:479} INFO - 20/07/23 14:58:27 INFO SparkContext: Invoking stop() from shutdown hook
[2020-07-23 14:58:27,216] {logging_mixin.py:112} INFO - [2020-07-23 14:58:27,215] {spark_submit_hook.py:479} INFO - 20/07/23 14:58:27 INFO SparkUI: Stopped Spark web UI at http://192.168.43.94:4044
[2020-07-23 14:58:27,291] {logging_mixin.py:112} INFO - [2020-07-23 14:58:27,290] {spark_submit_hook.py:479} INFO - 20/07/23 14:58:27 INFO MapOutputTrackerMasterEndpoint: MapOutputTrackerMasterEndpoint stopped!
[2020-07-23 14:58:27,341] {logging_mixin.py:112} INFO - [2020-07-23 14:58:27,341] {spark_submit_hook.py:479} INFO - 20/07/23 14:58:27 INFO MemoryStore: MemoryStore cleared
[2020-07-23 14:58:27,350] {logging_mixin.py:112} INFO - [2020-07-23 14:58:27,349] {spark_submit_hook.py:479} INFO - 20/07/23 14:58:27 INFO BlockManager: BlockManager stopped
[2020-07-23 14:58:27,375] {logging_mixin.py:112} INFO - [2020-07-23 14:58:27,375] {spark_submit_hook.py:479} INFO - 20/07/23 14:58:27 INFO BlockManagerMaster: BlockManagerMaster stopped
[2020-07-23 14:58:27,392] {logging_mixin.py:112} INFO - [2020-07-23 14:58:27,391] {spark_submit_hook.py:479} INFO - 20/07/23 14:58:27 INFO OutputCommitCoordinator$OutputCommitCoordinatorEndpoint: OutputCommitCoordinator stopped!
[2020-07-23 14:58:27,504] {logging_mixin.py:112} INFO - [2020-07-23 14:58:27,504] {spark_submit_hook.py:479} INFO - 20/07/23 14:58:27 INFO SparkContext: Successfully stopped SparkContext
[2020-07-23 14:58:27,508] {logging_mixin.py:112} INFO - [2020-07-23 14:58:27,507] {spark_submit_hook.py:479} INFO - 20/07/23 14:58:27 INFO ShutdownHookManager: Shutdown hook called
[2020-07-23 14:58:27,508] {logging_mixin.py:112} INFO - [2020-07-23 14:58:27,508] {spark_submit_hook.py:479} INFO - 20/07/23 14:58:27 INFO ShutdownHookManager: Deleting directory /tmp/spark-2c5d9b67-db3e-4fe0-9af6-0611ad2ba52d
[2020-07-23 14:58:27,520] {logging_mixin.py:112} INFO - [2020-07-23 14:58:27,519] {spark_submit_hook.py:479} INFO - 20/07/23 14:58:27 INFO ShutdownHookManager: Deleting directory /tmp/spark-08ae7177-d8d8-4645-85cd-3f101062c602/pyspark-ca349b73-2331-46cf-ad0b-77abaa33c94c
[2020-07-23 14:58:27,524] {logging_mixin.py:112} INFO - [2020-07-23 14:58:27,524] {spark_submit_hook.py:479} INFO - 20/07/23 14:58:27 INFO ShutdownHookManager: Deleting directory /tmp/spark-08ae7177-d8d8-4645-85cd-3f101062c602
[2020-07-23 14:58:27,651] {taskinstance.py:1052} INFO - Marking task as SUCCESS.dag_id=submit_data, task_id=spark_submit, execution_date=20200721T001900, start_date=20200723T092757, end_date=20200723T092827
[2020-07-23 14:58:33,118] {logging_mixin.py:112} INFO - [2020-07-23 14:58:33,118] {local_task_job.py:103} INFO - Task exited with return code 0
