[2020-07-22 17:29:49,554] {taskinstance.py:669} INFO - Dependencies all met for <TaskInstance: submit_data.spark_submit 2020-07-20T07:45:00+00:00 [queued]>
[2020-07-22 17:29:49,568] {taskinstance.py:669} INFO - Dependencies all met for <TaskInstance: submit_data.spark_submit 2020-07-20T07:45:00+00:00 [queued]>
[2020-07-22 17:29:49,568] {taskinstance.py:879} INFO - 
--------------------------------------------------------------------------------
[2020-07-22 17:29:49,568] {taskinstance.py:880} INFO - Starting attempt 1 of 1
[2020-07-22 17:29:49,568] {taskinstance.py:881} INFO - 
--------------------------------------------------------------------------------
[2020-07-22 17:29:49,740] {taskinstance.py:900} INFO - Executing <Task(SparkSubmitOperator): spark_submit> on 2020-07-20T07:45:00+00:00
[2020-07-22 17:29:49,743] {standard_task_runner.py:53} INFO - Started process 655931 to run task
[2020-07-22 17:29:49,976] {logging_mixin.py:112} INFO - Running %s on host %s <TaskInstance: submit_data.spark_submit 2020-07-20T07:45:00+00:00 [running]> bhakti-Vostro-3558
[2020-07-22 17:29:50,004] {logging_mixin.py:112} INFO - [2020-07-22 17:29:50,004] {base_hook.py:87} INFO - Using connection to: id: spark_local. Host: local, Port: None, Schema: None, Login: None, Password: None, extra: None
[2020-07-22 17:29:50,005] {logging_mixin.py:112} INFO - [2020-07-22 17:29:50,005] {spark_submit_hook.py:325} INFO - Spark-Submit cmd: spark-submit --master local --name airflow-spark /home/bhakti/airflow/spark_jobs/spark_test.py
[2020-07-22 17:29:52,367] {logging_mixin.py:112} INFO - [2020-07-22 17:29:52,366] {spark_submit_hook.py:479} INFO - 20/07/22 17:29:52 WARN Utils: Your hostname, bhakti-Vostro-3558 resolves to a loopback address: 127.0.1.1; using 192.168.43.94 instead (on interface wlp6s0)
[2020-07-22 17:29:52,368] {logging_mixin.py:112} INFO - [2020-07-22 17:29:52,368] {spark_submit_hook.py:479} INFO - 20/07/22 17:29:52 WARN Utils: Set SPARK_LOCAL_IP if you need to bind to another address
[2020-07-22 17:29:58,224] {logging_mixin.py:112} INFO - [2020-07-22 17:29:58,224] {spark_submit_hook.py:479} INFO - 20/07/22 17:29:58 WARN NativeCodeLoader: Unable to load native-hadoop library for your platform... using builtin-java classes where applicable
[2020-07-22 17:29:59,513] {logging_mixin.py:112} INFO - [2020-07-22 17:29:59,513] {spark_submit_hook.py:479} INFO - Using Spark's default log4j profile: org/apache/spark/log4j-defaults.properties
[2020-07-22 17:29:59,528] {logging_mixin.py:112} INFO - [2020-07-22 17:29:59,528] {spark_submit_hook.py:479} INFO - 20/07/22 17:29:59 INFO SparkContext: Running Spark version 3.0.0
[2020-07-22 17:29:59,593] {logging_mixin.py:112} INFO - [2020-07-22 17:29:59,593] {spark_submit_hook.py:479} INFO - 20/07/22 17:29:59 INFO ResourceUtils: ==============================================================
[2020-07-22 17:29:59,595] {logging_mixin.py:112} INFO - [2020-07-22 17:29:59,595] {spark_submit_hook.py:479} INFO - 20/07/22 17:29:59 INFO ResourceUtils: Resources for spark.driver:
[2020-07-22 17:29:59,596] {logging_mixin.py:112} INFO - [2020-07-22 17:29:59,595] {spark_submit_hook.py:479} INFO - 
[2020-07-22 17:29:59,596] {logging_mixin.py:112} INFO - [2020-07-22 17:29:59,596] {spark_submit_hook.py:479} INFO - 20/07/22 17:29:59 INFO ResourceUtils: ==============================================================
[2020-07-22 17:29:59,597] {logging_mixin.py:112} INFO - [2020-07-22 17:29:59,597] {spark_submit_hook.py:479} INFO - 20/07/22 17:29:59 INFO SparkContext: Submitted application: Spark_Test_Python
[2020-07-22 17:29:59,683] {logging_mixin.py:112} INFO - [2020-07-22 17:29:59,682] {spark_submit_hook.py:479} INFO - 20/07/22 17:29:59 INFO SecurityManager: Changing view acls to: bhakti
[2020-07-22 17:29:59,683] {logging_mixin.py:112} INFO - [2020-07-22 17:29:59,683] {spark_submit_hook.py:479} INFO - 20/07/22 17:29:59 INFO SecurityManager: Changing modify acls to: bhakti
[2020-07-22 17:29:59,683] {logging_mixin.py:112} INFO - [2020-07-22 17:29:59,683] {spark_submit_hook.py:479} INFO - 20/07/22 17:29:59 INFO SecurityManager: Changing view acls groups to:
[2020-07-22 17:29:59,684] {logging_mixin.py:112} INFO - [2020-07-22 17:29:59,684] {spark_submit_hook.py:479} INFO - 20/07/22 17:29:59 INFO SecurityManager: Changing modify acls groups to:
[2020-07-22 17:29:59,684] {logging_mixin.py:112} INFO - [2020-07-22 17:29:59,684] {spark_submit_hook.py:479} INFO - 20/07/22 17:29:59 INFO SecurityManager: SecurityManager: authentication disabled; ui acls disabled; users  with view permissions: Set(bhakti); groups with view permissions: Set(); users  with modify permissions: Set(bhakti); groups with modify permissions: Set()
[2020-07-22 17:30:00,156] {logging_mixin.py:112} INFO - [2020-07-22 17:30:00,155] {spark_submit_hook.py:479} INFO - 20/07/22 17:30:00 INFO Utils: Successfully started service 'sparkDriver' on port 40767.
[2020-07-22 17:30:00,201] {logging_mixin.py:112} INFO - [2020-07-22 17:30:00,201] {spark_submit_hook.py:479} INFO - 20/07/22 17:30:00 INFO SparkEnv: Registering MapOutputTracker
[2020-07-22 17:30:00,268] {logging_mixin.py:112} INFO - [2020-07-22 17:30:00,268] {spark_submit_hook.py:479} INFO - 20/07/22 17:30:00 INFO SparkEnv: Registering BlockManagerMaster
[2020-07-22 17:30:00,313] {logging_mixin.py:112} INFO - [2020-07-22 17:30:00,312] {spark_submit_hook.py:479} INFO - 20/07/22 17:30:00 INFO BlockManagerMasterEndpoint: Using org.apache.spark.storage.DefaultTopologyMapper for getting topology information
[2020-07-22 17:30:00,314] {logging_mixin.py:112} INFO - [2020-07-22 17:30:00,314] {spark_submit_hook.py:479} INFO - 20/07/22 17:30:00 INFO BlockManagerMasterEndpoint: BlockManagerMasterEndpoint up
[2020-07-22 17:30:00,322] {logging_mixin.py:112} INFO - [2020-07-22 17:30:00,321] {spark_submit_hook.py:479} INFO - 20/07/22 17:30:00 INFO SparkEnv: Registering BlockManagerMasterHeartbeat
[2020-07-22 17:30:00,347] {logging_mixin.py:112} INFO - [2020-07-22 17:30:00,347] {spark_submit_hook.py:479} INFO - 20/07/22 17:30:00 INFO DiskBlockManager: Created local directory at /tmp/blockmgr-08b9ff01-9013-4e68-ba42-bac1d8914d53
[2020-07-22 17:30:00,390] {logging_mixin.py:112} INFO - [2020-07-22 17:30:00,389] {spark_submit_hook.py:479} INFO - 20/07/22 17:30:00 INFO MemoryStore: MemoryStore started with capacity 366.3 MiB
[2020-07-22 17:30:00,416] {logging_mixin.py:112} INFO - [2020-07-22 17:30:00,416] {spark_submit_hook.py:479} INFO - 20/07/22 17:30:00 INFO SparkEnv: Registering OutputCommitCoordinator
[2020-07-22 17:30:00,758] {logging_mixin.py:112} INFO - [2020-07-22 17:30:00,757] {spark_submit_hook.py:479} INFO - 20/07/22 17:30:00 WARN Utils: Service 'SparkUI' could not bind on port 4040. Attempting port 4041.
[2020-07-22 17:30:00,758] {logging_mixin.py:112} INFO - [2020-07-22 17:30:00,758] {spark_submit_hook.py:479} INFO - 20/07/22 17:30:00 WARN Utils: Service 'SparkUI' could not bind on port 4041. Attempting port 4042.
[2020-07-22 17:30:00,758] {logging_mixin.py:112} INFO - [2020-07-22 17:30:00,758] {spark_submit_hook.py:479} INFO - 20/07/22 17:30:00 WARN Utils: Service 'SparkUI' could not bind on port 4042. Attempting port 4043.
[2020-07-22 17:30:00,759] {logging_mixin.py:112} INFO - [2020-07-22 17:30:00,759] {spark_submit_hook.py:479} INFO - 20/07/22 17:30:00 WARN Utils: Service 'SparkUI' could not bind on port 4043. Attempting port 4044.
[2020-07-22 17:30:00,770] {logging_mixin.py:112} INFO - [2020-07-22 17:30:00,770] {spark_submit_hook.py:479} INFO - 20/07/22 17:30:00 INFO Utils: Successfully started service 'SparkUI' on port 4044.
[2020-07-22 17:30:00,868] {logging_mixin.py:112} INFO - [2020-07-22 17:30:00,867] {spark_submit_hook.py:479} INFO - 20/07/22 17:30:00 INFO SparkUI: Bound SparkUI to 0.0.0.0, and started at http://192.168.43.94:4044
[2020-07-22 17:30:01,311] {logging_mixin.py:112} INFO - [2020-07-22 17:30:01,310] {spark_submit_hook.py:479} INFO - 20/07/22 17:30:01 INFO Executor: Starting executor ID driver on host 192.168.43.94
[2020-07-22 17:30:01,352] {logging_mixin.py:112} INFO - [2020-07-22 17:30:01,351] {spark_submit_hook.py:479} INFO - 20/07/22 17:30:01 INFO Utils: Successfully started service 'org.apache.spark.network.netty.NettyBlockTransferService' on port 40069.
[2020-07-22 17:30:01,353] {logging_mixin.py:112} INFO - [2020-07-22 17:30:01,352] {spark_submit_hook.py:479} INFO - 20/07/22 17:30:01 INFO NettyBlockTransferService: Server created on 192.168.43.94:40069
[2020-07-22 17:30:01,356] {logging_mixin.py:112} INFO - [2020-07-22 17:30:01,355] {spark_submit_hook.py:479} INFO - 20/07/22 17:30:01 INFO BlockManager: Using org.apache.spark.storage.RandomBlockReplicationPolicy for block replication policy
[2020-07-22 17:30:01,371] {logging_mixin.py:112} INFO - [2020-07-22 17:30:01,370] {spark_submit_hook.py:479} INFO - 20/07/22 17:30:01 INFO BlockManagerMaster: Registering BlockManager BlockManagerId(driver, 192.168.43.94, 40069, None)
[2020-07-22 17:30:01,385] {logging_mixin.py:112} INFO - [2020-07-22 17:30:01,385] {spark_submit_hook.py:479} INFO - 20/07/22 17:30:01 INFO BlockManagerMasterEndpoint: Registering block manager 192.168.43.94:40069 with 366.3 MiB RAM, BlockManagerId(driver, 192.168.43.94, 40069, None)
[2020-07-22 17:30:01,389] {logging_mixin.py:112} INFO - [2020-07-22 17:30:01,389] {spark_submit_hook.py:479} INFO - 20/07/22 17:30:01 INFO BlockManagerMaster: Registered BlockManager BlockManagerId(driver, 192.168.43.94, 40069, None)
[2020-07-22 17:30:01,392] {logging_mixin.py:112} INFO - [2020-07-22 17:30:01,392] {spark_submit_hook.py:479} INFO - 20/07/22 17:30:01 INFO BlockManager: Initialized BlockManager: BlockManagerId(driver, 192.168.43.94, 40069, None)
[2020-07-22 17:30:03,488] {logging_mixin.py:112} INFO - [2020-07-22 17:30:03,488] {spark_submit_hook.py:479} INFO - 20/07/22 17:30:03 INFO MemoryStore: Block broadcast_0 stored as values in memory (estimated size 241.5 KiB, free 366.1 MiB)
[2020-07-22 17:30:03,632] {logging_mixin.py:112} INFO - [2020-07-22 17:30:03,632] {spark_submit_hook.py:479} INFO - 20/07/22 17:30:03 INFO MemoryStore: Block broadcast_0_piece0 stored as bytes in memory (estimated size 23.4 KiB, free 366.0 MiB)
[2020-07-22 17:30:03,639] {logging_mixin.py:112} INFO - [2020-07-22 17:30:03,639] {spark_submit_hook.py:479} INFO - 20/07/22 17:30:03 INFO BlockManagerInfo: Added broadcast_0_piece0 in memory on 192.168.43.94:40069 (size: 23.4 KiB, free: 366.3 MiB)
[2020-07-22 17:30:03,651] {logging_mixin.py:112} INFO - [2020-07-22 17:30:03,651] {spark_submit_hook.py:479} INFO - 20/07/22 17:30:03 INFO SparkContext: Created broadcast 0 from textFile at NativeMethodAccessorImpl.java:0
[2020-07-22 17:30:04,138] {logging_mixin.py:112} INFO - [2020-07-22 17:30:04,137] {spark_submit_hook.py:479} INFO - 20/07/22 17:30:04 INFO FileInputFormat: Total input paths to process : 1
[2020-07-22 17:30:04,291] {logging_mixin.py:112} INFO - [2020-07-22 17:30:04,290] {spark_submit_hook.py:479} INFO - 20/07/22 17:30:04 INFO SparkContext: Starting job: collect at /home/bhakti/airflow/spark_jobs/spark_test.py:8
[2020-07-22 17:30:04,321] {logging_mixin.py:112} INFO - [2020-07-22 17:30:04,321] {spark_submit_hook.py:479} INFO - 20/07/22 17:30:04 INFO DAGScheduler: Got job 0 (collect at /home/bhakti/airflow/spark_jobs/spark_test.py:8) with 1 output partitions
[2020-07-22 17:30:04,322] {logging_mixin.py:112} INFO - [2020-07-22 17:30:04,322] {spark_submit_hook.py:479} INFO - 20/07/22 17:30:04 INFO DAGScheduler: Final stage: ResultStage 0 (collect at /home/bhakti/airflow/spark_jobs/spark_test.py:8)
[2020-07-22 17:30:04,323] {logging_mixin.py:112} INFO - [2020-07-22 17:30:04,323] {spark_submit_hook.py:479} INFO - 20/07/22 17:30:04 INFO DAGScheduler: Parents of final stage: List()
[2020-07-22 17:30:04,326] {logging_mixin.py:112} INFO - [2020-07-22 17:30:04,326] {spark_submit_hook.py:479} INFO - 20/07/22 17:30:04 INFO DAGScheduler: Missing parents: List()
[2020-07-22 17:30:04,355] {logging_mixin.py:112} INFO - [2020-07-22 17:30:04,354] {spark_submit_hook.py:479} INFO - 20/07/22 17:30:04 INFO DAGScheduler: Submitting ResultStage 0 (PythonRDD[2] at collect at /home/bhakti/airflow/spark_jobs/spark_test.py:8), which has no missing parents
[2020-07-22 17:30:04,426] {logging_mixin.py:112} INFO - [2020-07-22 17:30:04,426] {spark_submit_hook.py:479} INFO - 20/07/22 17:30:04 INFO MemoryStore: Block broadcast_1 stored as values in memory (estimated size 7.4 KiB, free 366.0 MiB)
[2020-07-22 17:30:04,432] {logging_mixin.py:112} INFO - [2020-07-22 17:30:04,432] {spark_submit_hook.py:479} INFO - 20/07/22 17:30:04 INFO MemoryStore: Block broadcast_1_piece0 stored as bytes in memory (estimated size 4.4 KiB, free 366.0 MiB)
[2020-07-22 17:30:04,434] {logging_mixin.py:112} INFO - [2020-07-22 17:30:04,433] {spark_submit_hook.py:479} INFO - 20/07/22 17:30:04 INFO BlockManagerInfo: Added broadcast_1_piece0 in memory on 192.168.43.94:40069 (size: 4.4 KiB, free: 366.3 MiB)
[2020-07-22 17:30:04,436] {logging_mixin.py:112} INFO - [2020-07-22 17:30:04,435] {spark_submit_hook.py:479} INFO - 20/07/22 17:30:04 INFO SparkContext: Created broadcast 1 from broadcast at DAGScheduler.scala:1200
[2020-07-22 17:30:04,458] {logging_mixin.py:112} INFO - [2020-07-22 17:30:04,457] {spark_submit_hook.py:479} INFO - 20/07/22 17:30:04 INFO DAGScheduler: Submitting 1 missing tasks from ResultStage 0 (PythonRDD[2] at collect at /home/bhakti/airflow/spark_jobs/spark_test.py:8) (first 15 tasks are for partitions Vector(0))
[2020-07-22 17:30:04,459] {logging_mixin.py:112} INFO - [2020-07-22 17:30:04,459] {spark_submit_hook.py:479} INFO - 20/07/22 17:30:04 INFO TaskSchedulerImpl: Adding task set 0.0 with 1 tasks
[2020-07-22 17:30:04,552] {logging_mixin.py:112} INFO - [2020-07-22 17:30:04,552] {spark_submit_hook.py:479} INFO - 20/07/22 17:30:04 INFO TaskSetManager: Starting task 0.0 in stage 0.0 (TID 0, 192.168.43.94, executor driver, partition 0, PROCESS_LOCAL, 7388 bytes)
[2020-07-22 17:30:04,577] {logging_mixin.py:112} INFO - [2020-07-22 17:30:04,577] {spark_submit_hook.py:479} INFO - 20/07/22 17:30:04 INFO Executor: Running task 0.0 in stage 0.0 (TID 0)
[2020-07-22 17:30:05,398] {logging_mixin.py:112} INFO - [2020-07-22 17:30:05,398] {spark_submit_hook.py:479} INFO - 20/07/22 17:30:05 INFO HadoopRDD: Input split: file:/home/bhakti/airflow/input_data/sample.csv:0+93
[2020-07-22 17:30:06,195] {logging_mixin.py:112} INFO - [2020-07-22 17:30:06,195] {spark_submit_hook.py:479} INFO - 20/07/22 17:30:06 INFO PythonRunner: Times: total = 767, boot = 745, init = 21, finish = 1
[2020-07-22 17:30:06,226] {logging_mixin.py:112} INFO - [2020-07-22 17:30:06,226] {spark_submit_hook.py:479} INFO - 20/07/22 17:30:06 INFO Executor: Finished task 0.0 in stage 0.0 (TID 0). 1779 bytes result sent to driver
[2020-07-22 17:30:06,246] {logging_mixin.py:112} INFO - [2020-07-22 17:30:06,245] {spark_submit_hook.py:479} INFO - 20/07/22 17:30:06 INFO TaskSetManager: Finished task 0.0 in stage 0.0 (TID 0) in 1717 ms on 192.168.43.94 (executor driver) (1/1)
[2020-07-22 17:30:06,250] {logging_mixin.py:112} INFO - [2020-07-22 17:30:06,250] {spark_submit_hook.py:479} INFO - 20/07/22 17:30:06 INFO TaskSchedulerImpl: Removed TaskSet 0.0, whose tasks have all completed, from pool
[2020-07-22 17:30:06,255] {logging_mixin.py:112} INFO - [2020-07-22 17:30:06,255] {spark_submit_hook.py:479} INFO - 20/07/22 17:30:06 INFO PythonAccumulatorV2: Connected to AccumulatorServer at host: 127.0.0.1 port: 60403
[2020-07-22 17:30:06,270] {logging_mixin.py:112} INFO - [2020-07-22 17:30:06,270] {spark_submit_hook.py:479} INFO - 20/07/22 17:30:06 INFO DAGScheduler: ResultStage 0 (collect at /home/bhakti/airflow/spark_jobs/spark_test.py:8) finished in 1.863 s
[2020-07-22 17:30:06,286] {logging_mixin.py:112} INFO - [2020-07-22 17:30:06,286] {spark_submit_hook.py:479} INFO - 20/07/22 17:30:06 INFO DAGScheduler: Job 0 is finished. Cancelling potential speculative or zombie tasks for this job
[2020-07-22 17:30:06,291] {logging_mixin.py:112} INFO - [2020-07-22 17:30:06,290] {spark_submit_hook.py:479} INFO - 20/07/22 17:30:06 INFO TaskSchedulerImpl: Killing all running tasks in stage 0: Stage finished
[2020-07-22 17:30:06,296] {logging_mixin.py:112} INFO - [2020-07-22 17:30:06,295] {spark_submit_hook.py:479} INFO - 20/07/22 17:30:06 INFO DAGScheduler: Job 0 finished: collect at /home/bhakti/airflow/spark_jobs/spark_test.py:8, took 2.003776 s
[2020-07-22 17:30:06,312] {logging_mixin.py:112} INFO - [2020-07-22 17:30:06,312] {spark_submit_hook.py:479} INFO - [('PERSON', 'JOINING_YEAR', 'COMPANY'), ('John', '2018', 'Google'), ('Sam', '2017', 'IBM'), ('Jeff', '2014', 'Yahoo'), ('Allen', '2015', 'Facebook')]
[2020-07-22 17:30:07,127] {logging_mixin.py:112} INFO - [2020-07-22 17:30:07,127] {spark_submit_hook.py:479} INFO - 20/07/22 17:30:07 INFO BlockManagerInfo: Removed broadcast_1_piece0 on 192.168.43.94:40069 in memory (size: 4.4 KiB, free: 366.3 MiB)
[2020-07-22 17:30:07,157] {logging_mixin.py:112} INFO - [2020-07-22 17:30:07,157] {spark_submit_hook.py:479} INFO - 20/07/22 17:30:07 INFO BlockManagerInfo: Removed broadcast_0_piece0 on 192.168.43.94:40069 in memory (size: 23.4 KiB, free: 366.3 MiB)
[2020-07-22 17:30:07,285] {logging_mixin.py:112} INFO - [2020-07-22 17:30:07,285] {spark_submit_hook.py:479} INFO - 20/07/22 17:30:07 INFO SharedState: Setting hive.metastore.warehouse.dir ('null') to the value of spark.sql.warehouse.dir ('file:/home/bhakti/airflow/spark-warehouse').
[2020-07-22 17:30:07,286] {logging_mixin.py:112} INFO - [2020-07-22 17:30:07,286] {spark_submit_hook.py:479} INFO - 20/07/22 17:30:07 INFO SharedState: Warehouse path is 'file:/home/bhakti/airflow/spark-warehouse'.
[2020-07-22 17:30:11,500] {logging_mixin.py:112} INFO - [2020-07-22 17:30:11,499] {spark_submit_hook.py:479} INFO - 20/07/22 17:30:11 INFO CodeGenerator: Code generated in 371.339383 ms
[2020-07-22 17:30:11,565] {logging_mixin.py:112} INFO - [2020-07-22 17:30:11,565] {spark_submit_hook.py:479} INFO - 20/07/22 17:30:11 INFO SparkContext: Starting job: showString at NativeMethodAccessorImpl.java:0
[2020-07-22 17:30:11,568] {logging_mixin.py:112} INFO - [2020-07-22 17:30:11,568] {spark_submit_hook.py:479} INFO - 20/07/22 17:30:11 INFO DAGScheduler: Got job 1 (showString at NativeMethodAccessorImpl.java:0) with 1 output partitions
[2020-07-22 17:30:11,568] {logging_mixin.py:112} INFO - [2020-07-22 17:30:11,568] {spark_submit_hook.py:479} INFO - 20/07/22 17:30:11 INFO DAGScheduler: Final stage: ResultStage 1 (showString at NativeMethodAccessorImpl.java:0)
[2020-07-22 17:30:11,569] {logging_mixin.py:112} INFO - [2020-07-22 17:30:11,569] {spark_submit_hook.py:479} INFO - 20/07/22 17:30:11 INFO DAGScheduler: Parents of final stage: List()
[2020-07-22 17:30:11,570] {logging_mixin.py:112} INFO - [2020-07-22 17:30:11,569] {spark_submit_hook.py:479} INFO - 20/07/22 17:30:11 INFO DAGScheduler: Missing parents: List()
[2020-07-22 17:30:11,576] {logging_mixin.py:112} INFO - [2020-07-22 17:30:11,576] {spark_submit_hook.py:479} INFO - 20/07/22 17:30:11 INFO DAGScheduler: Submitting ResultStage 1 (MapPartitionsRDD[9] at showString at NativeMethodAccessorImpl.java:0), which has no missing parents
[2020-07-22 17:30:11,600] {logging_mixin.py:112} INFO - [2020-07-22 17:30:11,600] {spark_submit_hook.py:479} INFO - 20/07/22 17:30:11 INFO MemoryStore: Block broadcast_2 stored as values in memory (estimated size 11.2 KiB, free 366.3 MiB)
[2020-07-22 17:30:11,604] {logging_mixin.py:112} INFO - [2020-07-22 17:30:11,604] {spark_submit_hook.py:479} INFO - 20/07/22 17:30:11 INFO MemoryStore: Block broadcast_2_piece0 stored as bytes in memory (estimated size 5.8 KiB, free 366.3 MiB)
[2020-07-22 17:30:11,605] {logging_mixin.py:112} INFO - [2020-07-22 17:30:11,605] {spark_submit_hook.py:479} INFO - 20/07/22 17:30:11 INFO BlockManagerInfo: Added broadcast_2_piece0 in memory on 192.168.43.94:40069 (size: 5.8 KiB, free: 366.3 MiB)
[2020-07-22 17:30:11,607] {logging_mixin.py:112} INFO - [2020-07-22 17:30:11,606] {spark_submit_hook.py:479} INFO - 20/07/22 17:30:11 INFO SparkContext: Created broadcast 2 from broadcast at DAGScheduler.scala:1200
[2020-07-22 17:30:11,608] {logging_mixin.py:112} INFO - [2020-07-22 17:30:11,608] {spark_submit_hook.py:479} INFO - 20/07/22 17:30:11 INFO DAGScheduler: Submitting 1 missing tasks from ResultStage 1 (MapPartitionsRDD[9] at showString at NativeMethodAccessorImpl.java:0) (first 15 tasks are for partitions Vector(0))
[2020-07-22 17:30:11,609] {logging_mixin.py:112} INFO - [2020-07-22 17:30:11,608] {spark_submit_hook.py:479} INFO - 20/07/22 17:30:11 INFO TaskSchedulerImpl: Adding task set 1.0 with 1 tasks
[2020-07-22 17:30:11,627] {logging_mixin.py:112} INFO - [2020-07-22 17:30:11,627] {spark_submit_hook.py:479} INFO - 20/07/22 17:30:11 INFO TaskSetManager: Starting task 0.0 in stage 1.0 (TID 1, 192.168.43.94, executor driver, partition 0, PROCESS_LOCAL, 7493 bytes)
[2020-07-22 17:30:11,629] {logging_mixin.py:112} INFO - [2020-07-22 17:30:11,629] {spark_submit_hook.py:479} INFO - 20/07/22 17:30:11 INFO Executor: Running task 0.0 in stage 1.0 (TID 1)
[2020-07-22 17:30:11,725] {logging_mixin.py:112} INFO - [2020-07-22 17:30:11,725] {spark_submit_hook.py:479} INFO - 20/07/22 17:30:11 INFO PythonRunner: Times: total = 8, boot = -5485, init = 5492, finish = 1
[2020-07-22 17:30:11,730] {logging_mixin.py:112} INFO - [2020-07-22 17:30:11,730] {spark_submit_hook.py:479} INFO - 20/07/22 17:30:11 INFO Executor: Finished task 0.0 in stage 1.0 (TID 1). 2235 bytes result sent to driver
[2020-07-22 17:30:11,734] {logging_mixin.py:112} INFO - [2020-07-22 17:30:11,734] {spark_submit_hook.py:479} INFO - 20/07/22 17:30:11 INFO TaskSetManager: Finished task 0.0 in stage 1.0 (TID 1) in 123 ms on 192.168.43.94 (executor driver) (1/1)
[2020-07-22 17:30:11,735] {logging_mixin.py:112} INFO - [2020-07-22 17:30:11,735] {spark_submit_hook.py:479} INFO - 20/07/22 17:30:11 INFO TaskSchedulerImpl: Removed TaskSet 1.0, whose tasks have all completed, from pool
[2020-07-22 17:30:11,738] {logging_mixin.py:112} INFO - [2020-07-22 17:30:11,737] {spark_submit_hook.py:479} INFO - 20/07/22 17:30:11 INFO DAGScheduler: ResultStage 1 (showString at NativeMethodAccessorImpl.java:0) finished in 0.157 s
[2020-07-22 17:30:11,738] {logging_mixin.py:112} INFO - [2020-07-22 17:30:11,738] {spark_submit_hook.py:479} INFO - 20/07/22 17:30:11 INFO DAGScheduler: Job 1 is finished. Cancelling potential speculative or zombie tasks for this job
[2020-07-22 17:30:11,738] {logging_mixin.py:112} INFO - [2020-07-22 17:30:11,738] {spark_submit_hook.py:479} INFO - 20/07/22 17:30:11 INFO TaskSchedulerImpl: Killing all running tasks in stage 1: Stage finished
[2020-07-22 17:30:11,738] {logging_mixin.py:112} INFO - [2020-07-22 17:30:11,738] {spark_submit_hook.py:479} INFO - 20/07/22 17:30:11 INFO DAGScheduler: Job 1 finished: showString at NativeMethodAccessorImpl.java:0, took 0.172350 s
[2020-07-22 17:30:11,819] {logging_mixin.py:112} INFO - [2020-07-22 17:30:11,819] {spark_submit_hook.py:479} INFO - 20/07/22 17:30:11 INFO CodeGenerator: Code generated in 41.484291 ms
[2020-07-22 17:30:11,841] {logging_mixin.py:112} INFO - [2020-07-22 17:30:11,840] {spark_submit_hook.py:479} INFO - +------+------------+--------+
[2020-07-22 17:30:11,841] {logging_mixin.py:112} INFO - [2020-07-22 17:30:11,841] {spark_submit_hook.py:479} INFO - |    _1|          _2|      _3|
[2020-07-22 17:30:11,842] {logging_mixin.py:112} INFO - [2020-07-22 17:30:11,842] {spark_submit_hook.py:479} INFO - +------+------------+--------+
[2020-07-22 17:30:11,842] {logging_mixin.py:112} INFO - [2020-07-22 17:30:11,842] {spark_submit_hook.py:479} INFO - |PERSON|JOINING_YEAR| COMPANY|
[2020-07-22 17:30:11,842] {logging_mixin.py:112} INFO - [2020-07-22 17:30:11,842] {spark_submit_hook.py:479} INFO - |  John|        2018|  Google|
[2020-07-22 17:30:11,843] {logging_mixin.py:112} INFO - [2020-07-22 17:30:11,843] {spark_submit_hook.py:479} INFO - |   Sam|        2017|     IBM|
[2020-07-22 17:30:11,843] {logging_mixin.py:112} INFO - [2020-07-22 17:30:11,843] {spark_submit_hook.py:479} INFO - |  Jeff|        2014|   Yahoo|
[2020-07-22 17:30:11,843] {logging_mixin.py:112} INFO - [2020-07-22 17:30:11,843] {spark_submit_hook.py:479} INFO - | Allen|        2015|Facebook|
[2020-07-22 17:30:11,843] {logging_mixin.py:112} INFO - [2020-07-22 17:30:11,843] {spark_submit_hook.py:479} INFO - +------+------------+--------+
[2020-07-22 17:30:11,844] {logging_mixin.py:112} INFO - [2020-07-22 17:30:11,844] {spark_submit_hook.py:479} INFO - 
[2020-07-22 17:30:11,931] {logging_mixin.py:112} INFO - [2020-07-22 17:30:11,931] {spark_submit_hook.py:479} INFO - 20/07/22 17:30:11 INFO SparkContext: Invoking stop() from shutdown hook
[2020-07-22 17:30:11,943] {logging_mixin.py:112} INFO - [2020-07-22 17:30:11,943] {spark_submit_hook.py:479} INFO - 20/07/22 17:30:11 INFO SparkUI: Stopped Spark web UI at http://192.168.43.94:4044
[2020-07-22 17:30:11,965] {logging_mixin.py:112} INFO - [2020-07-22 17:30:11,964] {spark_submit_hook.py:479} INFO - 20/07/22 17:30:11 INFO MapOutputTrackerMasterEndpoint: MapOutputTrackerMasterEndpoint stopped!
[2020-07-22 17:30:11,977] {logging_mixin.py:112} INFO - [2020-07-22 17:30:11,977] {spark_submit_hook.py:479} INFO - 20/07/22 17:30:11 INFO MemoryStore: MemoryStore cleared
[2020-07-22 17:30:11,978] {logging_mixin.py:112} INFO - [2020-07-22 17:30:11,978] {spark_submit_hook.py:479} INFO - 20/07/22 17:30:11 INFO BlockManager: BlockManager stopped
[2020-07-22 17:30:11,984] {logging_mixin.py:112} INFO - [2020-07-22 17:30:11,984] {spark_submit_hook.py:479} INFO - 20/07/22 17:30:11 INFO BlockManagerMaster: BlockManagerMaster stopped
[2020-07-22 17:30:11,989] {logging_mixin.py:112} INFO - [2020-07-22 17:30:11,988] {spark_submit_hook.py:479} INFO - 20/07/22 17:30:11 INFO OutputCommitCoordinator$OutputCommitCoordinatorEndpoint: OutputCommitCoordinator stopped!
[2020-07-22 17:30:12,000] {logging_mixin.py:112} INFO - [2020-07-22 17:30:12,000] {spark_submit_hook.py:479} INFO - 20/07/22 17:30:11 INFO SparkContext: Successfully stopped SparkContext
[2020-07-22 17:30:12,001] {logging_mixin.py:112} INFO - [2020-07-22 17:30:12,001] {spark_submit_hook.py:479} INFO - 20/07/22 17:30:12 INFO ShutdownHookManager: Shutdown hook called
[2020-07-22 17:30:12,003] {logging_mixin.py:112} INFO - [2020-07-22 17:30:12,003] {spark_submit_hook.py:479} INFO - 20/07/22 17:30:12 INFO ShutdownHookManager: Deleting directory /tmp/spark-a6363db9-2a7c-4698-874a-802a1428cb3f/pyspark-4ad6ae86-04a0-4b4e-866e-79c5d724e8a6
[2020-07-22 17:30:12,010] {logging_mixin.py:112} INFO - [2020-07-22 17:30:12,009] {spark_submit_hook.py:479} INFO - 20/07/22 17:30:12 INFO ShutdownHookManager: Deleting directory /tmp/spark-a6363db9-2a7c-4698-874a-802a1428cb3f
[2020-07-22 17:30:12,013] {logging_mixin.py:112} INFO - [2020-07-22 17:30:12,012] {spark_submit_hook.py:479} INFO - 20/07/22 17:30:12 INFO ShutdownHookManager: Deleting directory /tmp/spark-a6bcb811-475a-4a8b-b275-72afab691437
[2020-07-22 17:30:12,077] {taskinstance.py:1052} INFO - Marking task as SUCCESS.dag_id=submit_data, task_id=spark_submit, execution_date=20200720T074500, start_date=20200722T115949, end_date=20200722T120012
[2020-07-22 17:30:14,895] {logging_mixin.py:112} INFO - [2020-07-22 17:30:14,895] {local_task_job.py:103} INFO - Task exited with return code 0
