[2020-07-22 15:06:53,557] {taskinstance.py:669} INFO - Dependencies all met for <TaskInstance: submit_data.spark_submit 2020-07-20T04:19:00+00:00 [queued]>
[2020-07-22 15:06:53,577] {taskinstance.py:669} INFO - Dependencies all met for <TaskInstance: submit_data.spark_submit 2020-07-20T04:19:00+00:00 [queued]>
[2020-07-22 15:06:53,577] {taskinstance.py:879} INFO - 
--------------------------------------------------------------------------------
[2020-07-22 15:06:53,583] {taskinstance.py:880} INFO - Starting attempt 1 of 1
[2020-07-22 15:06:53,583] {taskinstance.py:881} INFO - 
--------------------------------------------------------------------------------
[2020-07-22 15:06:53,781] {taskinstance.py:900} INFO - Executing <Task(SparkSubmitOperator): spark_submit> on 2020-07-20T04:19:00+00:00
[2020-07-22 15:06:53,797] {standard_task_runner.py:53} INFO - Started process 476904 to run task
[2020-07-22 15:06:54,019] {logging_mixin.py:112} INFO - Running %s on host %s <TaskInstance: submit_data.spark_submit 2020-07-20T04:19:00+00:00 [running]> bhakti-Vostro-3558
[2020-07-22 15:06:54,044] {logging_mixin.py:112} INFO - [2020-07-22 15:06:54,044] {base_hook.py:87} INFO - Using connection to: id: spark_local. Host: local, Port: None, Schema: None, Login: None, Password: None, extra: None
[2020-07-22 15:06:54,045] {logging_mixin.py:112} INFO - [2020-07-22 15:06:54,045] {spark_submit_hook.py:325} INFO - Spark-Submit cmd: spark-submit --master local --name airflow-spark /home/bhakti/airflow/spark_jobs/python/spark_test.py
[2020-07-22 15:06:56,680] {logging_mixin.py:112} INFO - [2020-07-22 15:06:56,679] {spark_submit_hook.py:479} INFO - 20/07/22 15:06:56 WARN Utils: Your hostname, bhakti-Vostro-3558 resolves to a loopback address: 127.0.1.1; using 192.168.43.94 instead (on interface wlp6s0)
[2020-07-22 15:06:56,681] {logging_mixin.py:112} INFO - [2020-07-22 15:06:56,681] {spark_submit_hook.py:479} INFO - 20/07/22 15:06:56 WARN Utils: Set SPARK_LOCAL_IP if you need to bind to another address
[2020-07-22 15:06:58,324] {logging_mixin.py:112} INFO - [2020-07-22 15:06:58,324] {spark_submit_hook.py:479} INFO - 20/07/22 15:06:58 WARN NativeCodeLoader: Unable to load native-hadoop library for your platform... using builtin-java classes where applicable
[2020-07-22 15:07:00,838] {logging_mixin.py:112} INFO - [2020-07-22 15:07:00,838] {spark_submit_hook.py:479} INFO - Using Spark's default log4j profile: org/apache/spark/log4j-defaults.properties
[2020-07-22 15:07:00,852] {logging_mixin.py:112} INFO - [2020-07-22 15:07:00,852] {spark_submit_hook.py:479} INFO - 20/07/22 15:07:00 INFO SparkContext: Running Spark version 3.0.0
[2020-07-22 15:07:00,949] {logging_mixin.py:112} INFO - [2020-07-22 15:07:00,949] {spark_submit_hook.py:479} INFO - 20/07/22 15:07:00 INFO ResourceUtils: ==============================================================
[2020-07-22 15:07:00,952] {logging_mixin.py:112} INFO - [2020-07-22 15:07:00,952] {spark_submit_hook.py:479} INFO - 20/07/22 15:07:00 INFO ResourceUtils: Resources for spark.driver:
[2020-07-22 15:07:00,952] {logging_mixin.py:112} INFO - [2020-07-22 15:07:00,952] {spark_submit_hook.py:479} INFO - 
[2020-07-22 15:07:00,953] {logging_mixin.py:112} INFO - [2020-07-22 15:07:00,953] {spark_submit_hook.py:479} INFO - 20/07/22 15:07:00 INFO ResourceUtils: ==============================================================
[2020-07-22 15:07:00,954] {logging_mixin.py:112} INFO - [2020-07-22 15:07:00,954] {spark_submit_hook.py:479} INFO - 20/07/22 15:07:00 INFO SparkContext: Submitted application: Spark_Test_Python
[2020-07-22 15:07:01,055] {logging_mixin.py:112} INFO - [2020-07-22 15:07:01,055] {spark_submit_hook.py:479} INFO - 20/07/22 15:07:01 INFO SecurityManager: Changing view acls to: bhakti
[2020-07-22 15:07:01,055] {logging_mixin.py:112} INFO - [2020-07-22 15:07:01,055] {spark_submit_hook.py:479} INFO - 20/07/22 15:07:01 INFO SecurityManager: Changing modify acls to: bhakti
[2020-07-22 15:07:01,056] {logging_mixin.py:112} INFO - [2020-07-22 15:07:01,056] {spark_submit_hook.py:479} INFO - 20/07/22 15:07:01 INFO SecurityManager: Changing view acls groups to:
[2020-07-22 15:07:01,056] {logging_mixin.py:112} INFO - [2020-07-22 15:07:01,056] {spark_submit_hook.py:479} INFO - 20/07/22 15:07:01 INFO SecurityManager: Changing modify acls groups to:
[2020-07-22 15:07:01,057] {logging_mixin.py:112} INFO - [2020-07-22 15:07:01,056] {spark_submit_hook.py:479} INFO - 20/07/22 15:07:01 INFO SecurityManager: SecurityManager: authentication disabled; ui acls disabled; users  with view permissions: Set(bhakti); groups with view permissions: Set(); users  with modify permissions: Set(bhakti); groups with modify permissions: Set()
[2020-07-22 15:07:01,642] {logging_mixin.py:112} INFO - [2020-07-22 15:07:01,642] {spark_submit_hook.py:479} INFO - 20/07/22 15:07:01 INFO Utils: Successfully started service 'sparkDriver' on port 39347.
[2020-07-22 15:07:01,722] {logging_mixin.py:112} INFO - [2020-07-22 15:07:01,722] {spark_submit_hook.py:479} INFO - 20/07/22 15:07:01 INFO SparkEnv: Registering MapOutputTracker
[2020-07-22 15:07:01,806] {logging_mixin.py:112} INFO - [2020-07-22 15:07:01,806] {spark_submit_hook.py:479} INFO - 20/07/22 15:07:01 INFO SparkEnv: Registering BlockManagerMaster
[2020-07-22 15:07:01,843] {logging_mixin.py:112} INFO - [2020-07-22 15:07:01,843] {spark_submit_hook.py:479} INFO - 20/07/22 15:07:01 INFO BlockManagerMasterEndpoint: Using org.apache.spark.storage.DefaultTopologyMapper for getting topology information
[2020-07-22 15:07:01,844] {logging_mixin.py:112} INFO - [2020-07-22 15:07:01,844] {spark_submit_hook.py:479} INFO - 20/07/22 15:07:01 INFO BlockManagerMasterEndpoint: BlockManagerMasterEndpoint up
[2020-07-22 15:07:01,854] {logging_mixin.py:112} INFO - [2020-07-22 15:07:01,854] {spark_submit_hook.py:479} INFO - 20/07/22 15:07:01 INFO SparkEnv: Registering BlockManagerMasterHeartbeat
[2020-07-22 15:07:01,887] {logging_mixin.py:112} INFO - [2020-07-22 15:07:01,887] {spark_submit_hook.py:479} INFO - 20/07/22 15:07:01 INFO DiskBlockManager: Created local directory at /tmp/blockmgr-47e4bead-ad0e-4f7c-b51c-24f719bf3276
[2020-07-22 15:07:01,947] {logging_mixin.py:112} INFO - [2020-07-22 15:07:01,947] {spark_submit_hook.py:479} INFO - 20/07/22 15:07:01 INFO MemoryStore: MemoryStore started with capacity 366.3 MiB
[2020-07-22 15:07:01,994] {logging_mixin.py:112} INFO - [2020-07-22 15:07:01,994] {spark_submit_hook.py:479} INFO - 20/07/22 15:07:01 INFO SparkEnv: Registering OutputCommitCoordinator
[2020-07-22 15:07:02,454] {logging_mixin.py:112} INFO - [2020-07-22 15:07:02,453] {spark_submit_hook.py:479} INFO - 20/07/22 15:07:02 WARN Utils: Service 'SparkUI' could not bind on port 4040. Attempting port 4041.
[2020-07-22 15:07:02,454] {logging_mixin.py:112} INFO - [2020-07-22 15:07:02,454] {spark_submit_hook.py:479} INFO - 20/07/22 15:07:02 WARN Utils: Service 'SparkUI' could not bind on port 4041. Attempting port 4042.
[2020-07-22 15:07:02,455] {logging_mixin.py:112} INFO - [2020-07-22 15:07:02,455] {spark_submit_hook.py:479} INFO - 20/07/22 15:07:02 WARN Utils: Service 'SparkUI' could not bind on port 4042. Attempting port 4043.
[2020-07-22 15:07:02,455] {logging_mixin.py:112} INFO - [2020-07-22 15:07:02,455] {spark_submit_hook.py:479} INFO - 20/07/22 15:07:02 WARN Utils: Service 'SparkUI' could not bind on port 4043. Attempting port 4044.
[2020-07-22 15:07:02,472] {logging_mixin.py:112} INFO - [2020-07-22 15:07:02,472] {spark_submit_hook.py:479} INFO - 20/07/22 15:07:02 INFO Utils: Successfully started service 'SparkUI' on port 4044.
[2020-07-22 15:07:02,583] {logging_mixin.py:112} INFO - [2020-07-22 15:07:02,583] {spark_submit_hook.py:479} INFO - 20/07/22 15:07:02 INFO SparkUI: Bound SparkUI to 0.0.0.0, and started at http://192.168.43.94:4044
[2020-07-22 15:07:03,203] {logging_mixin.py:112} INFO - [2020-07-22 15:07:03,203] {spark_submit_hook.py:479} INFO - 20/07/22 15:07:03 INFO Executor: Starting executor ID driver on host 192.168.43.94
[2020-07-22 15:07:03,299] {logging_mixin.py:112} INFO - [2020-07-22 15:07:03,299] {spark_submit_hook.py:479} INFO - 20/07/22 15:07:03 INFO Utils: Successfully started service 'org.apache.spark.network.netty.NettyBlockTransferService' on port 40389.
[2020-07-22 15:07:03,300] {logging_mixin.py:112} INFO - [2020-07-22 15:07:03,300] {spark_submit_hook.py:479} INFO - 20/07/22 15:07:03 INFO NettyBlockTransferService: Server created on 192.168.43.94:40389
[2020-07-22 15:07:03,304] {logging_mixin.py:112} INFO - [2020-07-22 15:07:03,303] {spark_submit_hook.py:479} INFO - 20/07/22 15:07:03 INFO BlockManager: Using org.apache.spark.storage.RandomBlockReplicationPolicy for block replication policy
[2020-07-22 15:07:03,340] {logging_mixin.py:112} INFO - [2020-07-22 15:07:03,339] {spark_submit_hook.py:479} INFO - 20/07/22 15:07:03 INFO BlockManagerMaster: Registering BlockManager BlockManagerId(driver, 192.168.43.94, 40389, None)
[2020-07-22 15:07:03,357] {logging_mixin.py:112} INFO - [2020-07-22 15:07:03,356] {spark_submit_hook.py:479} INFO - 20/07/22 15:07:03 INFO BlockManagerMasterEndpoint: Registering block manager 192.168.43.94:40389 with 366.3 MiB RAM, BlockManagerId(driver, 192.168.43.94, 40389, None)
[2020-07-22 15:07:03,371] {logging_mixin.py:112} INFO - [2020-07-22 15:07:03,371] {spark_submit_hook.py:479} INFO - 20/07/22 15:07:03 INFO BlockManagerMaster: Registered BlockManager BlockManagerId(driver, 192.168.43.94, 40389, None)
[2020-07-22 15:07:03,378] {logging_mixin.py:112} INFO - [2020-07-22 15:07:03,378] {spark_submit_hook.py:479} INFO - 20/07/22 15:07:03 INFO BlockManager: Initialized BlockManager: BlockManagerId(driver, 192.168.43.94, 40389, None)
[2020-07-22 15:07:05,419] {logging_mixin.py:112} INFO - [2020-07-22 15:07:05,419] {spark_submit_hook.py:479} INFO - 20/07/22 15:07:05 INFO MemoryStore: Block broadcast_0 stored as values in memory (estimated size 241.5 KiB, free 366.1 MiB)
[2020-07-22 15:07:05,686] {logging_mixin.py:112} INFO - [2020-07-22 15:07:05,686] {spark_submit_hook.py:479} INFO - 20/07/22 15:07:05 INFO MemoryStore: Block broadcast_0_piece0 stored as bytes in memory (estimated size 23.4 KiB, free 366.0 MiB)
[2020-07-22 15:07:05,693] {logging_mixin.py:112} INFO - [2020-07-22 15:07:05,692] {spark_submit_hook.py:479} INFO - 20/07/22 15:07:05 INFO BlockManagerInfo: Added broadcast_0_piece0 in memory on 192.168.43.94:40389 (size: 23.4 KiB, free: 366.3 MiB)
[2020-07-22 15:07:05,701] {logging_mixin.py:112} INFO - [2020-07-22 15:07:05,701] {spark_submit_hook.py:479} INFO - 20/07/22 15:07:05 INFO SparkContext: Created broadcast 0 from textFile at NativeMethodAccessorImpl.java:0
[2020-07-22 15:07:06,255] {logging_mixin.py:112} INFO - [2020-07-22 15:07:06,254] {spark_submit_hook.py:479} INFO - 20/07/22 15:07:06 INFO FileInputFormat: Total input paths to process : 1
[2020-07-22 15:07:06,448] {logging_mixin.py:112} INFO - [2020-07-22 15:07:06,447] {spark_submit_hook.py:479} INFO - 20/07/22 15:07:06 INFO SparkContext: Starting job: collect at /home/bhakti/airflow/spark_jobs/python/spark_test.py:10
[2020-07-22 15:07:06,513] {logging_mixin.py:112} INFO - [2020-07-22 15:07:06,513] {spark_submit_hook.py:479} INFO - 20/07/22 15:07:06 INFO DAGScheduler: Got job 0 (collect at /home/bhakti/airflow/spark_jobs/python/spark_test.py:10) with 1 output partitions
[2020-07-22 15:07:06,513] {logging_mixin.py:112} INFO - [2020-07-22 15:07:06,513] {spark_submit_hook.py:479} INFO - 20/07/22 15:07:06 INFO DAGScheduler: Final stage: ResultStage 0 (collect at /home/bhakti/airflow/spark_jobs/python/spark_test.py:10)
[2020-07-22 15:07:06,514] {logging_mixin.py:112} INFO - [2020-07-22 15:07:06,514] {spark_submit_hook.py:479} INFO - 20/07/22 15:07:06 INFO DAGScheduler: Parents of final stage: List()
[2020-07-22 15:07:06,517] {logging_mixin.py:112} INFO - [2020-07-22 15:07:06,517] {spark_submit_hook.py:479} INFO - 20/07/22 15:07:06 INFO DAGScheduler: Missing parents: List()
[2020-07-22 15:07:06,539] {logging_mixin.py:112} INFO - [2020-07-22 15:07:06,539] {spark_submit_hook.py:479} INFO - 20/07/22 15:07:06 INFO DAGScheduler: Submitting ResultStage 0 (PythonRDD[2] at collect at /home/bhakti/airflow/spark_jobs/python/spark_test.py:10), which has no missing parents
[2020-07-22 15:07:06,632] {logging_mixin.py:112} INFO - [2020-07-22 15:07:06,632] {spark_submit_hook.py:479} INFO - 20/07/22 15:07:06 INFO MemoryStore: Block broadcast_1 stored as values in memory (estimated size 7.4 KiB, free 366.0 MiB)
[2020-07-22 15:07:06,641] {logging_mixin.py:112} INFO - [2020-07-22 15:07:06,640] {spark_submit_hook.py:479} INFO - 20/07/22 15:07:06 INFO MemoryStore: Block broadcast_1_piece0 stored as bytes in memory (estimated size 4.4 KiB, free 366.0 MiB)
[2020-07-22 15:07:06,643] {logging_mixin.py:112} INFO - [2020-07-22 15:07:06,643] {spark_submit_hook.py:479} INFO - 20/07/22 15:07:06 INFO BlockManagerInfo: Added broadcast_1_piece0 in memory on 192.168.43.94:40389 (size: 4.4 KiB, free: 366.3 MiB)
[2020-07-22 15:07:06,649] {logging_mixin.py:112} INFO - [2020-07-22 15:07:06,648] {spark_submit_hook.py:479} INFO - 20/07/22 15:07:06 INFO SparkContext: Created broadcast 1 from broadcast at DAGScheduler.scala:1200
[2020-07-22 15:07:06,693] {logging_mixin.py:112} INFO - [2020-07-22 15:07:06,693] {spark_submit_hook.py:479} INFO - 20/07/22 15:07:06 INFO DAGScheduler: Submitting 1 missing tasks from ResultStage 0 (PythonRDD[2] at collect at /home/bhakti/airflow/spark_jobs/python/spark_test.py:10) (first 15 tasks are for partitions Vector(0))
[2020-07-22 15:07:06,695] {logging_mixin.py:112} INFO - [2020-07-22 15:07:06,695] {spark_submit_hook.py:479} INFO - 20/07/22 15:07:06 INFO TaskSchedulerImpl: Adding task set 0.0 with 1 tasks
[2020-07-22 15:07:06,836] {logging_mixin.py:112} INFO - [2020-07-22 15:07:06,836] {spark_submit_hook.py:479} INFO - 20/07/22 15:07:06 INFO TaskSetManager: Starting task 0.0 in stage 0.0 (TID 0, 192.168.43.94, executor driver, partition 0, PROCESS_LOCAL, 7388 bytes)
[2020-07-22 15:07:06,884] {logging_mixin.py:112} INFO - [2020-07-22 15:07:06,884] {spark_submit_hook.py:479} INFO - 20/07/22 15:07:06 INFO Executor: Running task 0.0 in stage 0.0 (TID 0)
[2020-07-22 15:07:08,375] {logging_mixin.py:112} INFO - [2020-07-22 15:07:08,375] {spark_submit_hook.py:479} INFO - 20/07/22 15:07:08 INFO HadoopRDD: Input split: file:/home/bhakti/airflow/input_data/sample.csv:0+93
[2020-07-22 15:07:09,879] {logging_mixin.py:112} INFO - [2020-07-22 15:07:09,879] {spark_submit_hook.py:479} INFO - 20/07/22 15:07:09 INFO PythonRunner: Times: total = 1439, boot = 1384, init = 55, finish = 0
[2020-07-22 15:07:09,948] {logging_mixin.py:112} INFO - [2020-07-22 15:07:09,948] {spark_submit_hook.py:479} INFO - 20/07/22 15:07:09 INFO Executor: Finished task 0.0 in stage 0.0 (TID 0). 1732 bytes result sent to driver
[2020-07-22 15:07:09,984] {logging_mixin.py:112} INFO - [2020-07-22 15:07:09,984] {spark_submit_hook.py:479} INFO - 20/07/22 15:07:09 INFO TaskSetManager: Finished task 0.0 in stage 0.0 (TID 0) in 3182 ms on 192.168.43.94 (executor driver) (1/1)
[2020-07-22 15:07:10,003] {logging_mixin.py:112} INFO - [2020-07-22 15:07:10,002] {spark_submit_hook.py:479} INFO - 20/07/22 15:07:10 INFO PythonAccumulatorV2: Connected to AccumulatorServer at host: 127.0.0.1 port: 39097
[2020-07-22 15:07:10,005] {logging_mixin.py:112} INFO - [2020-07-22 15:07:10,005] {spark_submit_hook.py:479} INFO - 20/07/22 15:07:10 INFO TaskSchedulerImpl: Removed TaskSet 0.0, whose tasks have all completed, from pool
[2020-07-22 15:07:10,026] {logging_mixin.py:112} INFO - [2020-07-22 15:07:10,026] {spark_submit_hook.py:479} INFO - 20/07/22 15:07:10 INFO DAGScheduler: ResultStage 0 (collect at /home/bhakti/airflow/spark_jobs/python/spark_test.py:10) finished in 3.415 s
[2020-07-22 15:07:10,083] {logging_mixin.py:112} INFO - [2020-07-22 15:07:10,082] {spark_submit_hook.py:479} INFO - 20/07/22 15:07:10 INFO DAGScheduler: Job 0 is finished. Cancelling potential speculative or zombie tasks for this job
[2020-07-22 15:07:10,088] {logging_mixin.py:112} INFO - [2020-07-22 15:07:10,087] {spark_submit_hook.py:479} INFO - 20/07/22 15:07:10 INFO TaskSchedulerImpl: Killing all running tasks in stage 0: Stage finished
[2020-07-22 15:07:10,116] {logging_mixin.py:112} INFO - [2020-07-22 15:07:10,115] {spark_submit_hook.py:479} INFO - 20/07/22 15:07:10 INFO DAGScheduler: Job 0 finished: collect at /home/bhakti/airflow/spark_jobs/python/spark_test.py:10, took 3.656133 s
[2020-07-22 15:07:10,299] {logging_mixin.py:112} INFO - [2020-07-22 15:07:10,298] {spark_submit_hook.py:479} INFO - 20/07/22 15:07:10 INFO SparkContext: Invoking stop() from shutdown hook
[2020-07-22 15:07:10,315] {logging_mixin.py:112} INFO - [2020-07-22 15:07:10,315] {spark_submit_hook.py:479} INFO - 20/07/22 15:07:10 INFO SparkUI: Stopped Spark web UI at http://192.168.43.94:4044
[2020-07-22 15:07:10,342] {logging_mixin.py:112} INFO - [2020-07-22 15:07:10,342] {spark_submit_hook.py:479} INFO - 20/07/22 15:07:10 INFO MapOutputTrackerMasterEndpoint: MapOutputTrackerMasterEndpoint stopped!
[2020-07-22 15:07:10,450] {logging_mixin.py:112} INFO - [2020-07-22 15:07:10,449] {spark_submit_hook.py:479} INFO - 20/07/22 15:07:10 INFO MemoryStore: MemoryStore cleared
[2020-07-22 15:07:10,458] {logging_mixin.py:112} INFO - [2020-07-22 15:07:10,457] {spark_submit_hook.py:479} INFO - 20/07/22 15:07:10 INFO BlockManager: BlockManager stopped
[2020-07-22 15:07:10,480] {logging_mixin.py:112} INFO - [2020-07-22 15:07:10,480] {spark_submit_hook.py:479} INFO - 20/07/22 15:07:10 INFO BlockManagerMaster: BlockManagerMaster stopped
[2020-07-22 15:07:10,486] {logging_mixin.py:112} INFO - [2020-07-22 15:07:10,486] {spark_submit_hook.py:479} INFO - 20/07/22 15:07:10 INFO OutputCommitCoordinator$OutputCommitCoordinatorEndpoint: OutputCommitCoordinator stopped!
[2020-07-22 15:07:10,510] {logging_mixin.py:112} INFO - [2020-07-22 15:07:10,509] {spark_submit_hook.py:479} INFO - 20/07/22 15:07:10 INFO SparkContext: Successfully stopped SparkContext
[2020-07-22 15:07:10,513] {logging_mixin.py:112} INFO - [2020-07-22 15:07:10,512] {spark_submit_hook.py:479} INFO - 20/07/22 15:07:10 INFO ShutdownHookManager: Shutdown hook called
[2020-07-22 15:07:10,517] {logging_mixin.py:112} INFO - [2020-07-22 15:07:10,517] {spark_submit_hook.py:479} INFO - 20/07/22 15:07:10 INFO ShutdownHookManager: Deleting directory /tmp/spark-23192369-b81c-4de5-a6d0-4cedb085c3ef
[2020-07-22 15:07:10,522] {logging_mixin.py:112} INFO - [2020-07-22 15:07:10,522] {spark_submit_hook.py:479} INFO - 20/07/22 15:07:10 INFO ShutdownHookManager: Deleting directory /tmp/spark-23192369-b81c-4de5-a6d0-4cedb085c3ef/pyspark-5ea36043-74a5-4397-9bc4-0230a7107039
[2020-07-22 15:07:10,527] {logging_mixin.py:112} INFO - [2020-07-22 15:07:10,527] {spark_submit_hook.py:479} INFO - 20/07/22 15:07:10 INFO ShutdownHookManager: Deleting directory /tmp/spark-b2834dac-740b-4d27-92d2-08a4467100ba
[2020-07-22 15:07:10,619] {taskinstance.py:1052} INFO - Marking task as SUCCESS.dag_id=submit_data, task_id=spark_submit, execution_date=20200720T041900, start_date=20200722T093653, end_date=20200722T093710
[2020-07-22 15:07:13,780] {logging_mixin.py:112} INFO - [2020-07-22 15:07:13,779] {local_task_job.py:103} INFO - Task exited with return code 0
