[2020-07-22 17:58:03,621] {taskinstance.py:669} INFO - Dependencies all met for <TaskInstance: submit_data.spark_submit 2020-07-20T08:27:00+00:00 [queued]>
[2020-07-22 17:58:03,637] {taskinstance.py:669} INFO - Dependencies all met for <TaskInstance: submit_data.spark_submit 2020-07-20T08:27:00+00:00 [queued]>
[2020-07-22 17:58:03,637] {taskinstance.py:879} INFO - 
--------------------------------------------------------------------------------
[2020-07-22 17:58:03,637] {taskinstance.py:880} INFO - Starting attempt 1 of 1
[2020-07-22 17:58:03,637] {taskinstance.py:881} INFO - 
--------------------------------------------------------------------------------
[2020-07-22 17:58:03,775] {taskinstance.py:900} INFO - Executing <Task(SparkSubmitOperator): spark_submit> on 2020-07-20T08:27:00+00:00
[2020-07-22 17:58:03,779] {standard_task_runner.py:53} INFO - Started process 692038 to run task
[2020-07-22 17:58:03,942] {logging_mixin.py:112} INFO - Running %s on host %s <TaskInstance: submit_data.spark_submit 2020-07-20T08:27:00+00:00 [running]> bhakti-Vostro-3558
[2020-07-22 17:58:03,969] {logging_mixin.py:112} INFO - [2020-07-22 17:58:03,968] {base_hook.py:87} INFO - Using connection to: id: spark_local. Host: local, Port: None, Schema: None, Login: None, Password: None, extra: None
[2020-07-22 17:58:03,970] {logging_mixin.py:112} INFO - [2020-07-22 17:58:03,969] {spark_submit_hook.py:325} INFO - Spark-Submit cmd: spark-submit --master local --name airflow-spark /home/bhakti/airflow/spark_jobs/spark_test.py
[2020-07-22 17:58:06,578] {logging_mixin.py:112} INFO - [2020-07-22 17:58:06,578] {spark_submit_hook.py:479} INFO - 20/07/22 17:58:06 WARN Utils: Your hostname, bhakti-Vostro-3558 resolves to a loopback address: 127.0.1.1; using 192.168.43.94 instead (on interface wlp6s0)
[2020-07-22 17:58:06,580] {logging_mixin.py:112} INFO - [2020-07-22 17:58:06,580] {spark_submit_hook.py:479} INFO - 20/07/22 17:58:06 WARN Utils: Set SPARK_LOCAL_IP if you need to bind to another address
[2020-07-22 17:58:07,775] {logging_mixin.py:112} INFO - [2020-07-22 17:58:07,774] {spark_submit_hook.py:479} INFO - 20/07/22 17:58:07 WARN NativeCodeLoader: Unable to load native-hadoop library for your platform... using builtin-java classes where applicable
[2020-07-22 17:58:09,842] {logging_mixin.py:112} INFO - [2020-07-22 17:58:09,841] {spark_submit_hook.py:479} INFO - Using Spark's default log4j profile: org/apache/spark/log4j-defaults.properties
[2020-07-22 17:58:09,855] {logging_mixin.py:112} INFO - [2020-07-22 17:58:09,855] {spark_submit_hook.py:479} INFO - 20/07/22 17:58:09 INFO SparkContext: Running Spark version 3.0.0
[2020-07-22 17:58:09,926] {logging_mixin.py:112} INFO - [2020-07-22 17:58:09,926] {spark_submit_hook.py:479} INFO - 20/07/22 17:58:09 INFO ResourceUtils: ==============================================================
[2020-07-22 17:58:09,928] {logging_mixin.py:112} INFO - [2020-07-22 17:58:09,928] {spark_submit_hook.py:479} INFO - 20/07/22 17:58:09 INFO ResourceUtils: Resources for spark.driver:
[2020-07-22 17:58:09,929] {logging_mixin.py:112} INFO - [2020-07-22 17:58:09,928] {spark_submit_hook.py:479} INFO - 
[2020-07-22 17:58:09,929] {logging_mixin.py:112} INFO - [2020-07-22 17:58:09,929] {spark_submit_hook.py:479} INFO - 20/07/22 17:58:09 INFO ResourceUtils: ==============================================================
[2020-07-22 17:58:09,930] {logging_mixin.py:112} INFO - [2020-07-22 17:58:09,930] {spark_submit_hook.py:479} INFO - 20/07/22 17:58:09 INFO SparkContext: Submitted application: Spark_Test_Python
[2020-07-22 17:58:10,020] {logging_mixin.py:112} INFO - [2020-07-22 17:58:10,020] {spark_submit_hook.py:479} INFO - 20/07/22 17:58:10 INFO SecurityManager: Changing view acls to: bhakti
[2020-07-22 17:58:10,021] {logging_mixin.py:112} INFO - [2020-07-22 17:58:10,020] {spark_submit_hook.py:479} INFO - 20/07/22 17:58:10 INFO SecurityManager: Changing modify acls to: bhakti
[2020-07-22 17:58:10,021] {logging_mixin.py:112} INFO - [2020-07-22 17:58:10,021] {spark_submit_hook.py:479} INFO - 20/07/22 17:58:10 INFO SecurityManager: Changing view acls groups to:
[2020-07-22 17:58:10,021] {logging_mixin.py:112} INFO - [2020-07-22 17:58:10,021] {spark_submit_hook.py:479} INFO - 20/07/22 17:58:10 INFO SecurityManager: Changing modify acls groups to:
[2020-07-22 17:58:10,022] {logging_mixin.py:112} INFO - [2020-07-22 17:58:10,021] {spark_submit_hook.py:479} INFO - 20/07/22 17:58:10 INFO SecurityManager: SecurityManager: authentication disabled; ui acls disabled; users  with view permissions: Set(bhakti); groups with view permissions: Set(); users  with modify permissions: Set(bhakti); groups with modify permissions: Set()
[2020-07-22 17:58:10,495] {logging_mixin.py:112} INFO - [2020-07-22 17:58:10,495] {spark_submit_hook.py:479} INFO - 20/07/22 17:58:10 INFO Utils: Successfully started service 'sparkDriver' on port 43047.
[2020-07-22 17:58:10,555] {logging_mixin.py:112} INFO - [2020-07-22 17:58:10,554] {spark_submit_hook.py:479} INFO - 20/07/22 17:58:10 INFO SparkEnv: Registering MapOutputTracker
[2020-07-22 17:58:10,616] {logging_mixin.py:112} INFO - [2020-07-22 17:58:10,615] {spark_submit_hook.py:479} INFO - 20/07/22 17:58:10 INFO SparkEnv: Registering BlockManagerMaster
[2020-07-22 17:58:10,654] {logging_mixin.py:112} INFO - [2020-07-22 17:58:10,654] {spark_submit_hook.py:479} INFO - 20/07/22 17:58:10 INFO BlockManagerMasterEndpoint: Using org.apache.spark.storage.DefaultTopologyMapper for getting topology information
[2020-07-22 17:58:10,656] {logging_mixin.py:112} INFO - [2020-07-22 17:58:10,656] {spark_submit_hook.py:479} INFO - 20/07/22 17:58:10 INFO BlockManagerMasterEndpoint: BlockManagerMasterEndpoint up
[2020-07-22 17:58:10,663] {logging_mixin.py:112} INFO - [2020-07-22 17:58:10,662] {spark_submit_hook.py:479} INFO - 20/07/22 17:58:10 INFO SparkEnv: Registering BlockManagerMasterHeartbeat
[2020-07-22 17:58:10,685] {logging_mixin.py:112} INFO - [2020-07-22 17:58:10,684] {spark_submit_hook.py:479} INFO - 20/07/22 17:58:10 INFO DiskBlockManager: Created local directory at /tmp/blockmgr-fc9bc735-40c4-4e0e-bf61-db5e7dfb19f0
[2020-07-22 17:58:10,721] {logging_mixin.py:112} INFO - [2020-07-22 17:58:10,720] {spark_submit_hook.py:479} INFO - 20/07/22 17:58:10 INFO MemoryStore: MemoryStore started with capacity 366.3 MiB
[2020-07-22 17:58:10,747] {logging_mixin.py:112} INFO - [2020-07-22 17:58:10,747] {spark_submit_hook.py:479} INFO - 20/07/22 17:58:10 INFO SparkEnv: Registering OutputCommitCoordinator
[2020-07-22 17:58:11,109] {logging_mixin.py:112} INFO - [2020-07-22 17:58:11,108] {spark_submit_hook.py:479} INFO - 20/07/22 17:58:11 INFO Utils: Successfully started service 'SparkUI' on port 4040.
[2020-07-22 17:58:11,199] {logging_mixin.py:112} INFO - [2020-07-22 17:58:11,199] {spark_submit_hook.py:479} INFO - 20/07/22 17:58:11 INFO SparkUI: Bound SparkUI to 0.0.0.0, and started at http://192.168.43.94:4040
[2020-07-22 17:58:11,654] {logging_mixin.py:112} INFO - [2020-07-22 17:58:11,654] {spark_submit_hook.py:479} INFO - 20/07/22 17:58:11 INFO Executor: Starting executor ID driver on host 192.168.43.94
[2020-07-22 17:58:11,711] {logging_mixin.py:112} INFO - [2020-07-22 17:58:11,711] {spark_submit_hook.py:479} INFO - 20/07/22 17:58:11 INFO Utils: Successfully started service 'org.apache.spark.network.netty.NettyBlockTransferService' on port 42469.
[2020-07-22 17:58:11,712] {logging_mixin.py:112} INFO - [2020-07-22 17:58:11,712] {spark_submit_hook.py:479} INFO - 20/07/22 17:58:11 INFO NettyBlockTransferService: Server created on 192.168.43.94:42469
[2020-07-22 17:58:11,716] {logging_mixin.py:112} INFO - [2020-07-22 17:58:11,715] {spark_submit_hook.py:479} INFO - 20/07/22 17:58:11 INFO BlockManager: Using org.apache.spark.storage.RandomBlockReplicationPolicy for block replication policy
[2020-07-22 17:58:11,738] {logging_mixin.py:112} INFO - [2020-07-22 17:58:11,737] {spark_submit_hook.py:479} INFO - 20/07/22 17:58:11 INFO BlockManagerMaster: Registering BlockManager BlockManagerId(driver, 192.168.43.94, 42469, None)
[2020-07-22 17:58:11,751] {logging_mixin.py:112} INFO - [2020-07-22 17:58:11,750] {spark_submit_hook.py:479} INFO - 20/07/22 17:58:11 INFO BlockManagerMasterEndpoint: Registering block manager 192.168.43.94:42469 with 366.3 MiB RAM, BlockManagerId(driver, 192.168.43.94, 42469, None)
[2020-07-22 17:58:11,757] {logging_mixin.py:112} INFO - [2020-07-22 17:58:11,756] {spark_submit_hook.py:479} INFO - 20/07/22 17:58:11 INFO BlockManagerMaster: Registered BlockManager BlockManagerId(driver, 192.168.43.94, 42469, None)
[2020-07-22 17:58:11,759] {logging_mixin.py:112} INFO - [2020-07-22 17:58:11,759] {spark_submit_hook.py:479} INFO - 20/07/22 17:58:11 INFO BlockManager: Initialized BlockManager: BlockManagerId(driver, 192.168.43.94, 42469, None)
[2020-07-22 17:58:13,214] {logging_mixin.py:112} INFO - [2020-07-22 17:58:13,214] {spark_submit_hook.py:479} INFO - 20/07/22 17:58:13 INFO MemoryStore: Block broadcast_0 stored as values in memory (estimated size 241.5 KiB, free 366.1 MiB)
[2020-07-22 17:58:13,352] {logging_mixin.py:112} INFO - [2020-07-22 17:58:13,352] {spark_submit_hook.py:479} INFO - 20/07/22 17:58:13 INFO MemoryStore: Block broadcast_0_piece0 stored as bytes in memory (estimated size 23.4 KiB, free 366.0 MiB)
[2020-07-22 17:58:13,362] {logging_mixin.py:112} INFO - [2020-07-22 17:58:13,362] {spark_submit_hook.py:479} INFO - 20/07/22 17:58:13 INFO BlockManagerInfo: Added broadcast_0_piece0 in memory on 192.168.43.94:42469 (size: 23.4 KiB, free: 366.3 MiB)
[2020-07-22 17:58:13,366] {logging_mixin.py:112} INFO - [2020-07-22 17:58:13,365] {spark_submit_hook.py:479} INFO - 20/07/22 17:58:13 INFO SparkContext: Created broadcast 0 from textFile at NativeMethodAccessorImpl.java:0
[2020-07-22 17:58:13,759] {logging_mixin.py:112} INFO - [2020-07-22 17:58:13,758] {spark_submit_hook.py:479} INFO - 20/07/22 17:58:13 INFO FileInputFormat: Total input paths to process : 1
[2020-07-22 17:58:13,880] {logging_mixin.py:112} INFO - [2020-07-22 17:58:13,880] {spark_submit_hook.py:479} INFO - 20/07/22 17:58:13 INFO SparkContext: Starting job: collect at /home/bhakti/airflow/spark_jobs/spark_test.py:8
[2020-07-22 17:58:13,901] {logging_mixin.py:112} INFO - [2020-07-22 17:58:13,900] {spark_submit_hook.py:479} INFO - 20/07/22 17:58:13 INFO DAGScheduler: Got job 0 (collect at /home/bhakti/airflow/spark_jobs/spark_test.py:8) with 1 output partitions
[2020-07-22 17:58:13,901] {logging_mixin.py:112} INFO - [2020-07-22 17:58:13,901] {spark_submit_hook.py:479} INFO - 20/07/22 17:58:13 INFO DAGScheduler: Final stage: ResultStage 0 (collect at /home/bhakti/airflow/spark_jobs/spark_test.py:8)
[2020-07-22 17:58:13,902] {logging_mixin.py:112} INFO - [2020-07-22 17:58:13,902] {spark_submit_hook.py:479} INFO - 20/07/22 17:58:13 INFO DAGScheduler: Parents of final stage: List()
[2020-07-22 17:58:13,904] {logging_mixin.py:112} INFO - [2020-07-22 17:58:13,904] {spark_submit_hook.py:479} INFO - 20/07/22 17:58:13 INFO DAGScheduler: Missing parents: List()
[2020-07-22 17:58:13,915] {logging_mixin.py:112} INFO - [2020-07-22 17:58:13,915] {spark_submit_hook.py:479} INFO - 20/07/22 17:58:13 INFO DAGScheduler: Submitting ResultStage 0 (PythonRDD[2] at collect at /home/bhakti/airflow/spark_jobs/spark_test.py:8), which has no missing parents
[2020-07-22 17:58:13,948] {logging_mixin.py:112} INFO - [2020-07-22 17:58:13,948] {spark_submit_hook.py:479} INFO - 20/07/22 17:58:13 INFO MemoryStore: Block broadcast_1 stored as values in memory (estimated size 7.4 KiB, free 366.0 MiB)
[2020-07-22 17:58:13,954] {logging_mixin.py:112} INFO - [2020-07-22 17:58:13,953] {spark_submit_hook.py:479} INFO - 20/07/22 17:58:13 INFO MemoryStore: Block broadcast_1_piece0 stored as bytes in memory (estimated size 4.4 KiB, free 366.0 MiB)
[2020-07-22 17:58:13,955] {logging_mixin.py:112} INFO - [2020-07-22 17:58:13,954] {spark_submit_hook.py:479} INFO - 20/07/22 17:58:13 INFO BlockManagerInfo: Added broadcast_1_piece0 in memory on 192.168.43.94:42469 (size: 4.4 KiB, free: 366.3 MiB)
[2020-07-22 17:58:13,957] {logging_mixin.py:112} INFO - [2020-07-22 17:58:13,956] {spark_submit_hook.py:479} INFO - 20/07/22 17:58:13 INFO SparkContext: Created broadcast 1 from broadcast at DAGScheduler.scala:1200
[2020-07-22 17:58:13,980] {logging_mixin.py:112} INFO - [2020-07-22 17:58:13,980] {spark_submit_hook.py:479} INFO - 20/07/22 17:58:13 INFO DAGScheduler: Submitting 1 missing tasks from ResultStage 0 (PythonRDD[2] at collect at /home/bhakti/airflow/spark_jobs/spark_test.py:8) (first 15 tasks are for partitions Vector(0))
[2020-07-22 17:58:13,983] {logging_mixin.py:112} INFO - [2020-07-22 17:58:13,982] {spark_submit_hook.py:479} INFO - 20/07/22 17:58:13 INFO TaskSchedulerImpl: Adding task set 0.0 with 1 tasks
[2020-07-22 17:58:14,086] {logging_mixin.py:112} INFO - [2020-07-22 17:58:14,085] {spark_submit_hook.py:479} INFO - 20/07/22 17:58:14 INFO TaskSetManager: Starting task 0.0 in stage 0.0 (TID 0, 192.168.43.94, executor driver, partition 0, PROCESS_LOCAL, 7388 bytes)
[2020-07-22 17:58:14,104] {logging_mixin.py:112} INFO - [2020-07-22 17:58:14,104] {spark_submit_hook.py:479} INFO - 20/07/22 17:58:14 INFO Executor: Running task 0.0 in stage 0.0 (TID 0)
[2020-07-22 17:58:14,641] {logging_mixin.py:112} INFO - [2020-07-22 17:58:14,641] {spark_submit_hook.py:479} INFO - 20/07/22 17:58:14 INFO HadoopRDD: Input split: file:/home/bhakti/airflow/input_data/sample.csv:0+93
[2020-07-22 17:58:15,421] {logging_mixin.py:112} INFO - [2020-07-22 17:58:15,420] {spark_submit_hook.py:479} INFO - 20/07/22 17:58:15 INFO PythonRunner: Times: total = 727, boot = 700, init = 27, finish = 0
[2020-07-22 17:58:15,496] {logging_mixin.py:112} INFO - [2020-07-22 17:58:15,495] {spark_submit_hook.py:479} INFO - 20/07/22 17:58:15 INFO Executor: Finished task 0.0 in stage 0.0 (TID 0). 1822 bytes result sent to driver
[2020-07-22 17:58:15,525] {logging_mixin.py:112} INFO - [2020-07-22 17:58:15,524] {spark_submit_hook.py:479} INFO - 20/07/22 17:58:15 INFO TaskSetManager: Finished task 0.0 in stage 0.0 (TID 0) in 1461 ms on 192.168.43.94 (executor driver) (1/1)
[2020-07-22 17:58:15,530] {logging_mixin.py:112} INFO - [2020-07-22 17:58:15,529] {spark_submit_hook.py:479} INFO - 20/07/22 17:58:15 INFO TaskSchedulerImpl: Removed TaskSet 0.0, whose tasks have all completed, from pool
[2020-07-22 17:58:15,534] {logging_mixin.py:112} INFO - [2020-07-22 17:58:15,534] {spark_submit_hook.py:479} INFO - 20/07/22 17:58:15 INFO PythonAccumulatorV2: Connected to AccumulatorServer at host: 127.0.0.1 port: 53293
[2020-07-22 17:58:15,543] {logging_mixin.py:112} INFO - [2020-07-22 17:58:15,542] {spark_submit_hook.py:479} INFO - 20/07/22 17:58:15 INFO DAGScheduler: ResultStage 0 (collect at /home/bhakti/airflow/spark_jobs/spark_test.py:8) finished in 1.602 s
[2020-07-22 17:58:15,555] {logging_mixin.py:112} INFO - [2020-07-22 17:58:15,554] {spark_submit_hook.py:479} INFO - 20/07/22 17:58:15 INFO DAGScheduler: Job 0 is finished. Cancelling potential speculative or zombie tasks for this job
[2020-07-22 17:58:15,556] {logging_mixin.py:112} INFO - [2020-07-22 17:58:15,555] {spark_submit_hook.py:479} INFO - 20/07/22 17:58:15 INFO TaskSchedulerImpl: Killing all running tasks in stage 0: Stage finished
[2020-07-22 17:58:15,566] {logging_mixin.py:112} INFO - [2020-07-22 17:58:15,565] {spark_submit_hook.py:479} INFO - 20/07/22 17:58:15 INFO DAGScheduler: Job 0 finished: collect at /home/bhakti/airflow/spark_jobs/spark_test.py:8, took 1.679413 s
[2020-07-22 17:58:15,583] {logging_mixin.py:112} INFO - [2020-07-22 17:58:15,583] {spark_submit_hook.py:479} INFO - [('PERSON', 'JOINING_YEAR', 'COMPANY'), ('John', '2018', 'Google'), ('Sam', '2017', 'IBM'), ('Jeff', '2014', 'Yahoo'), ('Allen', '2015', 'Facebook')]
[2020-07-22 17:58:16,411] {logging_mixin.py:112} INFO - [2020-07-22 17:58:16,411] {spark_submit_hook.py:479} INFO - 20/07/22 17:58:16 INFO BlockManagerInfo: Removed broadcast_1_piece0 on 192.168.43.94:42469 in memory (size: 4.4 KiB, free: 366.3 MiB)
[2020-07-22 17:58:16,463] {logging_mixin.py:112} INFO - [2020-07-22 17:58:16,463] {spark_submit_hook.py:479} INFO - 20/07/22 17:58:16 INFO BlockManagerInfo: Removed broadcast_0_piece0 on 192.168.43.94:42469 in memory (size: 23.4 KiB, free: 366.3 MiB)
[2020-07-22 17:58:16,677] {logging_mixin.py:112} INFO - [2020-07-22 17:58:16,676] {spark_submit_hook.py:479} INFO - 20/07/22 17:58:16 INFO SharedState: Setting hive.metastore.warehouse.dir ('null') to the value of spark.sql.warehouse.dir ('file:/home/bhakti/airflow/spark-warehouse').
[2020-07-22 17:58:16,677] {logging_mixin.py:112} INFO - [2020-07-22 17:58:16,677] {spark_submit_hook.py:479} INFO - 20/07/22 17:58:16 INFO SharedState: Warehouse path is 'file:/home/bhakti/airflow/spark-warehouse'.
[2020-07-22 17:58:21,513] {logging_mixin.py:112} INFO - [2020-07-22 17:58:21,513] {spark_submit_hook.py:479} INFO - 20/07/22 17:58:21 INFO CodeGenerator: Code generated in 360.991536 ms
[2020-07-22 17:58:21,618] {logging_mixin.py:112} INFO - [2020-07-22 17:58:21,617] {spark_submit_hook.py:479} INFO - 20/07/22 17:58:21 INFO SparkContext: Starting job: showString at NativeMethodAccessorImpl.java:0
[2020-07-22 17:58:21,624] {logging_mixin.py:112} INFO - [2020-07-22 17:58:21,623] {spark_submit_hook.py:479} INFO - 20/07/22 17:58:21 INFO DAGScheduler: Got job 1 (showString at NativeMethodAccessorImpl.java:0) with 1 output partitions
[2020-07-22 17:58:21,624] {logging_mixin.py:112} INFO - [2020-07-22 17:58:21,624] {spark_submit_hook.py:479} INFO - 20/07/22 17:58:21 INFO DAGScheduler: Final stage: ResultStage 1 (showString at NativeMethodAccessorImpl.java:0)
[2020-07-22 17:58:21,624] {logging_mixin.py:112} INFO - [2020-07-22 17:58:21,624] {spark_submit_hook.py:479} INFO - 20/07/22 17:58:21 INFO DAGScheduler: Parents of final stage: List()
[2020-07-22 17:58:21,625] {logging_mixin.py:112} INFO - [2020-07-22 17:58:21,625] {spark_submit_hook.py:479} INFO - 20/07/22 17:58:21 INFO DAGScheduler: Missing parents: List()
[2020-07-22 17:58:21,629] {logging_mixin.py:112} INFO - [2020-07-22 17:58:21,629] {spark_submit_hook.py:479} INFO - 20/07/22 17:58:21 INFO DAGScheduler: Submitting ResultStage 1 (MapPartitionsRDD[9] at showString at NativeMethodAccessorImpl.java:0), which has no missing parents
[2020-07-22 17:58:21,667] {logging_mixin.py:112} INFO - [2020-07-22 17:58:21,667] {spark_submit_hook.py:479} INFO - 20/07/22 17:58:21 INFO MemoryStore: Block broadcast_2 stored as values in memory (estimated size 11.2 KiB, free 366.3 MiB)
[2020-07-22 17:58:21,672] {logging_mixin.py:112} INFO - [2020-07-22 17:58:21,671] {spark_submit_hook.py:479} INFO - 20/07/22 17:58:21 INFO MemoryStore: Block broadcast_2_piece0 stored as bytes in memory (estimated size 5.8 KiB, free 366.3 MiB)
[2020-07-22 17:58:21,674] {logging_mixin.py:112} INFO - [2020-07-22 17:58:21,674] {spark_submit_hook.py:479} INFO - 20/07/22 17:58:21 INFO BlockManagerInfo: Added broadcast_2_piece0 in memory on 192.168.43.94:42469 (size: 5.8 KiB, free: 366.3 MiB)
[2020-07-22 17:58:21,686] {logging_mixin.py:112} INFO - [2020-07-22 17:58:21,686] {spark_submit_hook.py:479} INFO - 20/07/22 17:58:21 INFO SparkContext: Created broadcast 2 from broadcast at DAGScheduler.scala:1200
[2020-07-22 17:58:21,688] {logging_mixin.py:112} INFO - [2020-07-22 17:58:21,688] {spark_submit_hook.py:479} INFO - 20/07/22 17:58:21 INFO DAGScheduler: Submitting 1 missing tasks from ResultStage 1 (MapPartitionsRDD[9] at showString at NativeMethodAccessorImpl.java:0) (first 15 tasks are for partitions Vector(0))
[2020-07-22 17:58:21,696] {logging_mixin.py:112} INFO - [2020-07-22 17:58:21,696] {spark_submit_hook.py:479} INFO - 20/07/22 17:58:21 INFO TaskSchedulerImpl: Adding task set 1.0 with 1 tasks
[2020-07-22 17:58:21,736] {logging_mixin.py:112} INFO - [2020-07-22 17:58:21,735] {spark_submit_hook.py:479} INFO - 20/07/22 17:58:21 INFO TaskSetManager: Starting task 0.0 in stage 1.0 (TID 1, 192.168.43.94, executor driver, partition 0, PROCESS_LOCAL, 7493 bytes)
[2020-07-22 17:58:21,743] {logging_mixin.py:112} INFO - [2020-07-22 17:58:21,743] {spark_submit_hook.py:479} INFO - 20/07/22 17:58:21 INFO Executor: Running task 0.0 in stage 1.0 (TID 1)
[2020-07-22 17:58:21,883] {logging_mixin.py:112} INFO - [2020-07-22 17:58:21,883] {spark_submit_hook.py:479} INFO - 20/07/22 17:58:21 INFO PythonRunner: Times: total = 2, boot = -6391, init = 6393, finish = 0
[2020-07-22 17:58:21,888] {logging_mixin.py:112} INFO - [2020-07-22 17:58:21,888] {spark_submit_hook.py:479} INFO - 20/07/22 17:58:21 INFO Executor: Finished task 0.0 in stage 1.0 (TID 1). 2235 bytes result sent to driver
[2020-07-22 17:58:21,897] {logging_mixin.py:112} INFO - [2020-07-22 17:58:21,897] {spark_submit_hook.py:479} INFO - 20/07/22 17:58:21 INFO TaskSetManager: Finished task 0.0 in stage 1.0 (TID 1) in 191 ms on 192.168.43.94 (executor driver) (1/1)
[2020-07-22 17:58:21,898] {logging_mixin.py:112} INFO - [2020-07-22 17:58:21,897] {spark_submit_hook.py:479} INFO - 20/07/22 17:58:21 INFO TaskSchedulerImpl: Removed TaskSet 1.0, whose tasks have all completed, from pool
[2020-07-22 17:58:21,900] {logging_mixin.py:112} INFO - [2020-07-22 17:58:21,899] {spark_submit_hook.py:479} INFO - 20/07/22 17:58:21 INFO DAGScheduler: ResultStage 1 (showString at NativeMethodAccessorImpl.java:0) finished in 0.266 s
[2020-07-22 17:58:21,900] {logging_mixin.py:112} INFO - [2020-07-22 17:58:21,900] {spark_submit_hook.py:479} INFO - 20/07/22 17:58:21 INFO DAGScheduler: Job 1 is finished. Cancelling potential speculative or zombie tasks for this job
[2020-07-22 17:58:21,901] {logging_mixin.py:112} INFO - [2020-07-22 17:58:21,900] {spark_submit_hook.py:479} INFO - 20/07/22 17:58:21 INFO TaskSchedulerImpl: Killing all running tasks in stage 1: Stage finished
[2020-07-22 17:58:21,902] {logging_mixin.py:112} INFO - [2020-07-22 17:58:21,901] {spark_submit_hook.py:479} INFO - 20/07/22 17:58:21 INFO DAGScheduler: Job 1 finished: showString at NativeMethodAccessorImpl.java:0, took 0.282732 s
[2020-07-22 17:58:21,988] {logging_mixin.py:112} INFO - [2020-07-22 17:58:21,987] {spark_submit_hook.py:479} INFO - 20/07/22 17:58:21 INFO CodeGenerator: Code generated in 42.566096 ms
[2020-07-22 17:58:22,008] {logging_mixin.py:112} INFO - [2020-07-22 17:58:22,008] {spark_submit_hook.py:479} INFO - +------+------------+--------+
[2020-07-22 17:58:22,008] {logging_mixin.py:112} INFO - [2020-07-22 17:58:22,008] {spark_submit_hook.py:479} INFO - |    _1|          _2|      _3|
[2020-07-22 17:58:22,009] {logging_mixin.py:112} INFO - [2020-07-22 17:58:22,009] {spark_submit_hook.py:479} INFO - +------+------------+--------+
[2020-07-22 17:58:22,009] {logging_mixin.py:112} INFO - [2020-07-22 17:58:22,009] {spark_submit_hook.py:479} INFO - |PERSON|JOINING_YEAR| COMPANY|
[2020-07-22 17:58:22,009] {logging_mixin.py:112} INFO - [2020-07-22 17:58:22,009] {spark_submit_hook.py:479} INFO - |  John|        2018|  Google|
[2020-07-22 17:58:22,009] {logging_mixin.py:112} INFO - [2020-07-22 17:58:22,009] {spark_submit_hook.py:479} INFO - |   Sam|        2017|     IBM|
[2020-07-22 17:58:22,010] {logging_mixin.py:112} INFO - [2020-07-22 17:58:22,010] {spark_submit_hook.py:479} INFO - |  Jeff|        2014|   Yahoo|
[2020-07-22 17:58:22,010] {logging_mixin.py:112} INFO - [2020-07-22 17:58:22,010] {spark_submit_hook.py:479} INFO - | Allen|        2015|Facebook|
[2020-07-22 17:58:22,010] {logging_mixin.py:112} INFO - [2020-07-22 17:58:22,010] {spark_submit_hook.py:479} INFO - +------+------------+--------+
[2020-07-22 17:58:22,010] {logging_mixin.py:112} INFO - [2020-07-22 17:58:22,010] {spark_submit_hook.py:479} INFO - 
[2020-07-22 17:58:22,116] {logging_mixin.py:112} INFO - [2020-07-22 17:58:22,116] {spark_submit_hook.py:479} INFO - 20/07/22 17:58:22 INFO SparkContext: Invoking stop() from shutdown hook
[2020-07-22 17:58:22,131] {logging_mixin.py:112} INFO - [2020-07-22 17:58:22,131] {spark_submit_hook.py:479} INFO - 20/07/22 17:58:22 INFO SparkUI: Stopped Spark web UI at http://192.168.43.94:4040
[2020-07-22 17:58:22,197] {logging_mixin.py:112} INFO - [2020-07-22 17:58:22,197] {spark_submit_hook.py:479} INFO - 20/07/22 17:58:22 INFO MapOutputTrackerMasterEndpoint: MapOutputTrackerMasterEndpoint stopped!
[2020-07-22 17:58:22,221] {logging_mixin.py:112} INFO - [2020-07-22 17:58:22,220] {spark_submit_hook.py:479} INFO - 20/07/22 17:58:22 INFO MemoryStore: MemoryStore cleared
[2020-07-22 17:58:22,223] {logging_mixin.py:112} INFO - [2020-07-22 17:58:22,222] {spark_submit_hook.py:479} INFO - 20/07/22 17:58:22 INFO BlockManager: BlockManager stopped
[2020-07-22 17:58:22,227] {logging_mixin.py:112} INFO - [2020-07-22 17:58:22,227] {spark_submit_hook.py:479} INFO - 20/07/22 17:58:22 INFO BlockManagerMaster: BlockManagerMaster stopped
[2020-07-22 17:58:22,234] {logging_mixin.py:112} INFO - [2020-07-22 17:58:22,233] {spark_submit_hook.py:479} INFO - 20/07/22 17:58:22 INFO OutputCommitCoordinator$OutputCommitCoordinatorEndpoint: OutputCommitCoordinator stopped!
[2020-07-22 17:58:22,250] {logging_mixin.py:112} INFO - [2020-07-22 17:58:22,249] {spark_submit_hook.py:479} INFO - 20/07/22 17:58:22 INFO SparkContext: Successfully stopped SparkContext
[2020-07-22 17:58:22,250] {logging_mixin.py:112} INFO - [2020-07-22 17:58:22,250] {spark_submit_hook.py:479} INFO - 20/07/22 17:58:22 INFO ShutdownHookManager: Shutdown hook called
[2020-07-22 17:58:22,252] {logging_mixin.py:112} INFO - [2020-07-22 17:58:22,252] {spark_submit_hook.py:479} INFO - 20/07/22 17:58:22 INFO ShutdownHookManager: Deleting directory /tmp/spark-ff6ad364-4a99-4fb8-a25e-66651903a0e3
[2020-07-22 17:58:22,256] {logging_mixin.py:112} INFO - [2020-07-22 17:58:22,256] {spark_submit_hook.py:479} INFO - 20/07/22 17:58:22 INFO ShutdownHookManager: Deleting directory /tmp/spark-3b7b6625-ca3c-45dd-aa58-cba3a5f07fe7
[2020-07-22 17:58:22,261] {logging_mixin.py:112} INFO - [2020-07-22 17:58:22,261] {spark_submit_hook.py:479} INFO - 20/07/22 17:58:22 INFO ShutdownHookManager: Deleting directory /tmp/spark-3b7b6625-ca3c-45dd-aa58-cba3a5f07fe7/pyspark-18206cb0-8329-436e-97ca-83dab16e1dac
[2020-07-22 17:58:22,448] {taskinstance.py:1052} INFO - Marking task as SUCCESS.dag_id=submit_data, task_id=spark_submit, execution_date=20200720T082700, start_date=20200722T122803, end_date=20200722T122822
[2020-07-22 17:58:23,875] {logging_mixin.py:112} INFO - [2020-07-22 17:58:23,875] {local_task_job.py:103} INFO - Task exited with return code 0
