[2020-07-16 18:30:55,399] {taskinstance.py:669} INFO - Dependencies all met for <TaskInstance: storing_data.csv_to_db2 2020-07-16T13:00:37.012651+00:00 [queued]>
[2020-07-16 18:30:55,409] {taskinstance.py:669} INFO - Dependencies all met for <TaskInstance: storing_data.csv_to_db2 2020-07-16T13:00:37.012651+00:00 [queued]>
[2020-07-16 18:30:55,409] {taskinstance.py:879} INFO - 
--------------------------------------------------------------------------------
[2020-07-16 18:30:55,409] {taskinstance.py:880} INFO - Starting attempt 1 of 2
[2020-07-16 18:30:55,409] {taskinstance.py:881} INFO - 
--------------------------------------------------------------------------------
[2020-07-16 18:30:55,554] {taskinstance.py:900} INFO - Executing <Task(BashOperator): csv_to_db2> on 2020-07-16T13:00:37.012651+00:00
[2020-07-16 18:30:55,558] {standard_task_runner.py:53} INFO - Started process 877729 to run task
[2020-07-16 18:30:55,779] {logging_mixin.py:112} INFO - Running %s on host %s <TaskInstance: storing_data.csv_to_db2 2020-07-16T13:00:37.012651+00:00 [running]> bhakti-Vostro-3558
[2020-07-16 18:30:55,792] {bash_operator.py:82} INFO - Tmp dir root location: 
 /tmp
[2020-07-16 18:30:55,793] {bash_operator.py:103} INFO - Temporary script location: /tmp/airflowtmpzqi775nt/csv_to_db2bit0f1lq
[2020-07-16 18:30:55,793] {bash_operator.py:115} INFO - Running command: #!/bin/bash -x
user=root
password=root
dbname=airflow_db2
host=mysql
port=3306
docker exec -it mysqlCon \
mysql -D$dbname -h$host -p$port -u$user -p$password -e'CREATE TABLE IF NOT EXISTS employees2(PERSON TEXT,JOINING_YEAR BIGINT, COMPANY TEXT);' -e'LOAD DATA INFILE "/input_files_mysql/sample.csv" INTO TABLE employees2 FIELDS TERMINATED BY "," LINES TERMINATED BY "\n" IGNORE 1 ROWS;'
[2020-07-16 18:30:55,801] {bash_operator.py:122} INFO - Output:
[2020-07-16 18:30:56,371] {bash_operator.py:126} INFO - mysql: [Warning] Using a password on the command line interface can be insecure.
[2020-07-16 18:30:56,583] {bash_operator.py:128} INFO - Command exited with return code 0
[2020-07-16 18:30:56,594] {taskinstance.py:1052} INFO - Marking task as SUCCESS.dag_id=storing_data, task_id=csv_to_db2, execution_date=20200716T130037, start_date=20200716T130055, end_date=20200716T130056
[2020-07-16 18:31:05,269] {logging_mixin.py:112} INFO - [2020-07-16 18:31:05,269] {local_task_job.py:103} INFO - Task exited with return code 0
