[2020-07-22 13:08:39,919] {taskinstance.py:669} INFO - Dependencies all met for <TaskInstance: submit_data.spark_submit 2020-07-20T00:27:00+00:00 [queued]>
[2020-07-22 13:08:39,929] {taskinstance.py:669} INFO - Dependencies all met for <TaskInstance: submit_data.spark_submit 2020-07-20T00:27:00+00:00 [queued]>
[2020-07-22 13:08:39,929] {taskinstance.py:879} INFO - 
--------------------------------------------------------------------------------
[2020-07-22 13:08:39,929] {taskinstance.py:880} INFO - Starting attempt 1 of 1
[2020-07-22 13:08:39,929] {taskinstance.py:881} INFO - 
--------------------------------------------------------------------------------
[2020-07-22 13:08:40,102] {taskinstance.py:900} INFO - Executing <Task(SparkSubmitOperator): spark_submit> on 2020-07-20T00:27:00+00:00
[2020-07-22 13:08:40,105] {standard_task_runner.py:53} INFO - Started process 316403 to run task
[2020-07-22 13:08:40,335] {logging_mixin.py:112} INFO - Running %s on host %s <TaskInstance: submit_data.spark_submit 2020-07-20T00:27:00+00:00 [running]> bhakti-Vostro-3558
[2020-07-22 13:08:40,359] {logging_mixin.py:112} INFO - [2020-07-22 13:08:40,359] {base_hook.py:87} INFO - Using connection to: id: spark_local. Host: localhost, Port: 4040, Schema: None, Login: None, Password: None, extra: None
[2020-07-22 13:08:40,360] {logging_mixin.py:112} INFO - [2020-07-22 13:08:40,360] {spark_submit_hook.py:325} INFO - Spark-Submit cmd: spark-submit --master localhost:4040 --name airflow-spark /home/bhakti/airflow/spark_jobs/python/spark_test.py
[2020-07-22 13:08:43,005] {logging_mixin.py:112} INFO - [2020-07-22 13:08:43,005] {spark_submit_hook.py:479} INFO - 20/07/22 13:08:43 WARN Utils: Your hostname, bhakti-Vostro-3558 resolves to a loopback address: 127.0.1.1; using 192.168.43.94 instead (on interface wlp6s0)
[2020-07-22 13:08:43,011] {logging_mixin.py:112} INFO - [2020-07-22 13:08:43,010] {spark_submit_hook.py:479} INFO - 20/07/22 13:08:43 WARN Utils: Set SPARK_LOCAL_IP if you need to bind to another address
[2020-07-22 13:08:44,617] {logging_mixin.py:112} INFO - [2020-07-22 13:08:44,616] {spark_submit_hook.py:479} INFO - 20/07/22 13:08:44 WARN NativeCodeLoader: Unable to load native-hadoop library for your platform... using builtin-java classes where applicable
[2020-07-22 13:08:47,204] {logging_mixin.py:112} INFO - [2020-07-22 13:08:47,204] {spark_submit_hook.py:479} INFO - Spark_Test_Python
[2020-07-22 13:08:47,205] {logging_mixin.py:112} INFO - [2020-07-22 13:08:47,204] {spark_submit_hook.py:479} INFO - Number of arguments: 0 arguments.
[2020-07-22 13:08:47,205] {logging_mixin.py:112} INFO - [2020-07-22 13:08:47,205] {spark_submit_hook.py:479} INFO - Argument List: []
[2020-07-22 13:08:47,308] {logging_mixin.py:112} INFO - [2020-07-22 13:08:47,308] {spark_submit_hook.py:479} INFO - Using Spark's default log4j profile: org/apache/spark/log4j-defaults.properties
[2020-07-22 13:08:47,332] {logging_mixin.py:112} INFO - [2020-07-22 13:08:47,331] {spark_submit_hook.py:479} INFO - 20/07/22 13:08:47 INFO SparkContext: Running Spark version 3.0.0
[2020-07-22 13:08:47,420] {logging_mixin.py:112} INFO - [2020-07-22 13:08:47,420] {spark_submit_hook.py:479} INFO - 20/07/22 13:08:47 INFO ResourceUtils: ==============================================================
[2020-07-22 13:08:47,424] {logging_mixin.py:112} INFO - [2020-07-22 13:08:47,423] {spark_submit_hook.py:479} INFO - 20/07/22 13:08:47 INFO ResourceUtils: Resources for spark.driver:
[2020-07-22 13:08:47,424] {logging_mixin.py:112} INFO - [2020-07-22 13:08:47,424] {spark_submit_hook.py:479} INFO - 
[2020-07-22 13:08:47,425] {logging_mixin.py:112} INFO - [2020-07-22 13:08:47,424] {spark_submit_hook.py:479} INFO - 20/07/22 13:08:47 INFO ResourceUtils: ==============================================================
[2020-07-22 13:08:47,426] {logging_mixin.py:112} INFO - [2020-07-22 13:08:47,425] {spark_submit_hook.py:479} INFO - 20/07/22 13:08:47 INFO SparkContext: Submitted application: Spark_Test_Python
[2020-07-22 13:08:47,526] {logging_mixin.py:112} INFO - [2020-07-22 13:08:47,526] {spark_submit_hook.py:479} INFO - 20/07/22 13:08:47 INFO SecurityManager: Changing view acls to: bhakti
[2020-07-22 13:08:47,527] {logging_mixin.py:112} INFO - [2020-07-22 13:08:47,527] {spark_submit_hook.py:479} INFO - 20/07/22 13:08:47 INFO SecurityManager: Changing modify acls to: bhakti
[2020-07-22 13:08:47,527] {logging_mixin.py:112} INFO - [2020-07-22 13:08:47,527] {spark_submit_hook.py:479} INFO - 20/07/22 13:08:47 INFO SecurityManager: Changing view acls groups to:
[2020-07-22 13:08:47,527] {logging_mixin.py:112} INFO - [2020-07-22 13:08:47,527] {spark_submit_hook.py:479} INFO - 20/07/22 13:08:47 INFO SecurityManager: Changing modify acls groups to:
[2020-07-22 13:08:47,528] {logging_mixin.py:112} INFO - [2020-07-22 13:08:47,528] {spark_submit_hook.py:479} INFO - 20/07/22 13:08:47 INFO SecurityManager: SecurityManager: authentication disabled; ui acls disabled; users  with view permissions: Set(bhakti); groups with view permissions: Set(); users  with modify permissions: Set(bhakti); groups with modify permissions: Set()
[2020-07-22 13:08:47,984] {logging_mixin.py:112} INFO - [2020-07-22 13:08:47,984] {spark_submit_hook.py:479} INFO - 20/07/22 13:08:47 INFO Utils: Successfully started service 'sparkDriver' on port 37727.
[2020-07-22 13:08:48,036] {logging_mixin.py:112} INFO - [2020-07-22 13:08:48,036] {spark_submit_hook.py:479} INFO - 20/07/22 13:08:48 INFO SparkEnv: Registering MapOutputTracker
[2020-07-22 13:08:48,107] {logging_mixin.py:112} INFO - [2020-07-22 13:08:48,106] {spark_submit_hook.py:479} INFO - 20/07/22 13:08:48 INFO SparkEnv: Registering BlockManagerMaster
[2020-07-22 13:08:48,148] {logging_mixin.py:112} INFO - [2020-07-22 13:08:48,147] {spark_submit_hook.py:479} INFO - 20/07/22 13:08:48 INFO BlockManagerMasterEndpoint: Using org.apache.spark.storage.DefaultTopologyMapper for getting topology information
[2020-07-22 13:08:48,149] {logging_mixin.py:112} INFO - [2020-07-22 13:08:48,149] {spark_submit_hook.py:479} INFO - 20/07/22 13:08:48 INFO BlockManagerMasterEndpoint: BlockManagerMasterEndpoint up
[2020-07-22 13:08:48,158] {logging_mixin.py:112} INFO - [2020-07-22 13:08:48,157] {spark_submit_hook.py:479} INFO - 20/07/22 13:08:48 INFO SparkEnv: Registering BlockManagerMasterHeartbeat
[2020-07-22 13:08:48,180] {logging_mixin.py:112} INFO - [2020-07-22 13:08:48,179] {spark_submit_hook.py:479} INFO - 20/07/22 13:08:48 INFO DiskBlockManager: Created local directory at /tmp/blockmgr-f99ba0a2-f0a9-4a30-9f9f-6d9f6351fe28
[2020-07-22 13:08:48,215] {logging_mixin.py:112} INFO - [2020-07-22 13:08:48,214] {spark_submit_hook.py:479} INFO - 20/07/22 13:08:48 INFO MemoryStore: MemoryStore started with capacity 366.3 MiB
[2020-07-22 13:08:48,240] {logging_mixin.py:112} INFO - [2020-07-22 13:08:48,240] {spark_submit_hook.py:479} INFO - 20/07/22 13:08:48 INFO SparkEnv: Registering OutputCommitCoordinator
[2020-07-22 13:08:48,627] {logging_mixin.py:112} INFO - [2020-07-22 13:08:48,627] {spark_submit_hook.py:479} INFO - 20/07/22 13:08:48 WARN Utils: Service 'SparkUI' could not bind on port 4040. Attempting port 4041.
[2020-07-22 13:08:48,627] {logging_mixin.py:112} INFO - [2020-07-22 13:08:48,627] {spark_submit_hook.py:479} INFO - 20/07/22 13:08:48 WARN Utils: Service 'SparkUI' could not bind on port 4041. Attempting port 4042.
[2020-07-22 13:08:48,628] {logging_mixin.py:112} INFO - [2020-07-22 13:08:48,627] {spark_submit_hook.py:479} INFO - 20/07/22 13:08:48 WARN Utils: Service 'SparkUI' could not bind on port 4042. Attempting port 4043.
[2020-07-22 13:08:48,642] {logging_mixin.py:112} INFO - [2020-07-22 13:08:48,641] {spark_submit_hook.py:479} INFO - 20/07/22 13:08:48 INFO Utils: Successfully started service 'SparkUI' on port 4043.
[2020-07-22 13:08:48,749] {logging_mixin.py:112} INFO - [2020-07-22 13:08:48,749] {spark_submit_hook.py:479} INFO - 20/07/22 13:08:48 INFO SparkUI: Bound SparkUI to 0.0.0.0, and started at http://192.168.43.94:4043
[2020-07-22 13:08:48,889] {logging_mixin.py:112} INFO - [2020-07-22 13:08:48,889] {spark_submit_hook.py:479} INFO - 20/07/22 13:08:48 ERROR SparkContext: Error initializing SparkContext.
[2020-07-22 13:08:48,890] {logging_mixin.py:112} INFO - [2020-07-22 13:08:48,890] {spark_submit_hook.py:479} INFO - org.apache.spark.SparkException: Could not parse Master URL: 'localhost:4040'
[2020-07-22 13:08:48,890] {logging_mixin.py:112} INFO - [2020-07-22 13:08:48,890] {spark_submit_hook.py:479} INFO - at org.apache.spark.SparkContext$.org$apache$spark$SparkContext$$createTaskScheduler(SparkContext.scala:2924)
[2020-07-22 13:08:48,891] {logging_mixin.py:112} INFO - [2020-07-22 13:08:48,890] {spark_submit_hook.py:479} INFO - at org.apache.spark.SparkContext.<init>(SparkContext.scala:528)
[2020-07-22 13:08:48,891] {logging_mixin.py:112} INFO - [2020-07-22 13:08:48,891] {spark_submit_hook.py:479} INFO - at org.apache.spark.api.java.JavaSparkContext.<init>(JavaSparkContext.scala:58)
[2020-07-22 13:08:48,891] {logging_mixin.py:112} INFO - [2020-07-22 13:08:48,891] {spark_submit_hook.py:479} INFO - at sun.reflect.NativeConstructorAccessorImpl.newInstance0(Native Method)
[2020-07-22 13:08:48,892] {logging_mixin.py:112} INFO - [2020-07-22 13:08:48,892] {spark_submit_hook.py:479} INFO - at sun.reflect.NativeConstructorAccessorImpl.newInstance(NativeConstructorAccessorImpl.java:62)
[2020-07-22 13:08:48,892] {logging_mixin.py:112} INFO - [2020-07-22 13:08:48,892] {spark_submit_hook.py:479} INFO - at sun.reflect.DelegatingConstructorAccessorImpl.newInstance(DelegatingConstructorAccessorImpl.java:45)
[2020-07-22 13:08:48,892] {logging_mixin.py:112} INFO - [2020-07-22 13:08:48,892] {spark_submit_hook.py:479} INFO - at java.lang.reflect.Constructor.newInstance(Constructor.java:423)
[2020-07-22 13:08:48,893] {logging_mixin.py:112} INFO - [2020-07-22 13:08:48,892] {spark_submit_hook.py:479} INFO - at py4j.reflection.MethodInvoker.invoke(MethodInvoker.java:247)
[2020-07-22 13:08:48,893] {logging_mixin.py:112} INFO - [2020-07-22 13:08:48,893] {spark_submit_hook.py:479} INFO - at py4j.reflection.ReflectionEngine.invoke(ReflectionEngine.java:357)
[2020-07-22 13:08:48,893] {logging_mixin.py:112} INFO - [2020-07-22 13:08:48,893] {spark_submit_hook.py:479} INFO - at py4j.Gateway.invoke(Gateway.java:238)
[2020-07-22 13:08:48,893] {logging_mixin.py:112} INFO - [2020-07-22 13:08:48,893] {spark_submit_hook.py:479} INFO - at py4j.commands.ConstructorCommand.invokeConstructor(ConstructorCommand.java:80)
[2020-07-22 13:08:48,894] {logging_mixin.py:112} INFO - [2020-07-22 13:08:48,894] {spark_submit_hook.py:479} INFO - at py4j.commands.ConstructorCommand.execute(ConstructorCommand.java:69)
[2020-07-22 13:08:48,894] {logging_mixin.py:112} INFO - [2020-07-22 13:08:48,894] {spark_submit_hook.py:479} INFO - at py4j.GatewayConnection.run(GatewayConnection.java:238)
[2020-07-22 13:08:48,894] {logging_mixin.py:112} INFO - [2020-07-22 13:08:48,894] {spark_submit_hook.py:479} INFO - at java.lang.Thread.run(Thread.java:748)
[2020-07-22 13:08:48,905] {logging_mixin.py:112} INFO - [2020-07-22 13:08:48,905] {spark_submit_hook.py:479} INFO - 20/07/22 13:08:48 INFO SparkUI: Stopped Spark web UI at http://192.168.43.94:4043
[2020-07-22 13:08:48,930] {logging_mixin.py:112} INFO - [2020-07-22 13:08:48,930] {spark_submit_hook.py:479} INFO - 20/07/22 13:08:48 INFO MapOutputTrackerMasterEndpoint: MapOutputTrackerMasterEndpoint stopped!
[2020-07-22 13:08:48,944] {logging_mixin.py:112} INFO - [2020-07-22 13:08:48,944] {spark_submit_hook.py:479} INFO - 20/07/22 13:08:48 INFO MemoryStore: MemoryStore cleared
[2020-07-22 13:08:48,945] {logging_mixin.py:112} INFO - [2020-07-22 13:08:48,945] {spark_submit_hook.py:479} INFO - 20/07/22 13:08:48 INFO BlockManager: BlockManager stopped
[2020-07-22 13:08:48,961] {logging_mixin.py:112} INFO - [2020-07-22 13:08:48,961] {spark_submit_hook.py:479} INFO - 20/07/22 13:08:48 INFO BlockManagerMaster: BlockManagerMaster stopped
[2020-07-22 13:08:48,962] {logging_mixin.py:112} INFO - [2020-07-22 13:08:48,962] {spark_submit_hook.py:479} INFO - 20/07/22 13:08:48 WARN MetricsSystem: Stopping a MetricsSystem that is not running
[2020-07-22 13:08:48,968] {logging_mixin.py:112} INFO - [2020-07-22 13:08:48,967] {spark_submit_hook.py:479} INFO - 20/07/22 13:08:48 INFO OutputCommitCoordinator$OutputCommitCoordinatorEndpoint: OutputCommitCoordinator stopped!
[2020-07-22 13:08:48,977] {logging_mixin.py:112} INFO - [2020-07-22 13:08:48,977] {spark_submit_hook.py:479} INFO - 20/07/22 13:08:48 INFO SparkContext: Successfully stopped SparkContext
[2020-07-22 13:08:49,038] {logging_mixin.py:112} INFO - [2020-07-22 13:08:49,038] {spark_submit_hook.py:479} INFO - Traceback (most recent call last):
[2020-07-22 13:08:49,038] {logging_mixin.py:112} INFO - [2020-07-22 13:08:49,038] {spark_submit_hook.py:479} INFO - File "/home/bhakti/airflow/spark_jobs/python/spark_test.py", line 12, in <module>
[2020-07-22 13:08:49,039] {logging_mixin.py:112} INFO - [2020-07-22 13:08:49,039] {spark_submit_hook.py:479} INFO - sc = SparkContext(conf=conf)
[2020-07-22 13:08:49,039] {logging_mixin.py:112} INFO - [2020-07-22 13:08:49,039] {spark_submit_hook.py:479} INFO - File "/opt/spark/python/lib/pyspark.zip/pyspark/context.py", line 130, in __init__
[2020-07-22 13:08:49,039] {logging_mixin.py:112} INFO - [2020-07-22 13:08:49,039] {spark_submit_hook.py:479} INFO - File "/opt/spark/python/lib/pyspark.zip/pyspark/context.py", line 193, in _do_init
[2020-07-22 13:08:49,039] {logging_mixin.py:112} INFO - [2020-07-22 13:08:49,039] {spark_submit_hook.py:479} INFO - File "/opt/spark/python/lib/pyspark.zip/pyspark/context.py", line 310, in _initialize_context
[2020-07-22 13:08:49,040] {logging_mixin.py:112} INFO - [2020-07-22 13:08:49,040] {spark_submit_hook.py:479} INFO - File "/opt/spark/python/lib/py4j-0.10.9-src.zip/py4j/java_gateway.py", line 1568, in __call__
[2020-07-22 13:08:49,040] {logging_mixin.py:112} INFO - [2020-07-22 13:08:49,040] {spark_submit_hook.py:479} INFO - File "/opt/spark/python/lib/py4j-0.10.9-src.zip/py4j/protocol.py", line 326, in get_return_value
[2020-07-22 13:08:49,040] {logging_mixin.py:112} INFO - [2020-07-22 13:08:49,040] {spark_submit_hook.py:479} INFO - py4j.protocol.Py4JJavaError: An error occurred while calling None.org.apache.spark.api.java.JavaSparkContext.
[2020-07-22 13:08:49,040] {logging_mixin.py:112} INFO - [2020-07-22 13:08:49,040] {spark_submit_hook.py:479} INFO - : org.apache.spark.SparkException: Could not parse Master URL: 'localhost:4040'
[2020-07-22 13:08:49,041] {logging_mixin.py:112} INFO - [2020-07-22 13:08:49,041] {spark_submit_hook.py:479} INFO - at org.apache.spark.SparkContext$.org$apache$spark$SparkContext$$createTaskScheduler(SparkContext.scala:2924)
[2020-07-22 13:08:49,041] {logging_mixin.py:112} INFO - [2020-07-22 13:08:49,041] {spark_submit_hook.py:479} INFO - at org.apache.spark.SparkContext.<init>(SparkContext.scala:528)
[2020-07-22 13:08:49,041] {logging_mixin.py:112} INFO - [2020-07-22 13:08:49,041] {spark_submit_hook.py:479} INFO - at org.apache.spark.api.java.JavaSparkContext.<init>(JavaSparkContext.scala:58)
[2020-07-22 13:08:49,041] {logging_mixin.py:112} INFO - [2020-07-22 13:08:49,041] {spark_submit_hook.py:479} INFO - at sun.reflect.NativeConstructorAccessorImpl.newInstance0(Native Method)
[2020-07-22 13:08:49,042] {logging_mixin.py:112} INFO - [2020-07-22 13:08:49,041] {spark_submit_hook.py:479} INFO - at sun.reflect.NativeConstructorAccessorImpl.newInstance(NativeConstructorAccessorImpl.java:62)
[2020-07-22 13:08:49,042] {logging_mixin.py:112} INFO - [2020-07-22 13:08:49,042] {spark_submit_hook.py:479} INFO - at sun.reflect.DelegatingConstructorAccessorImpl.newInstance(DelegatingConstructorAccessorImpl.java:45)
[2020-07-22 13:08:49,042] {logging_mixin.py:112} INFO - [2020-07-22 13:08:49,042] {spark_submit_hook.py:479} INFO - at java.lang.reflect.Constructor.newInstance(Constructor.java:423)
[2020-07-22 13:08:49,042] {logging_mixin.py:112} INFO - [2020-07-22 13:08:49,042] {spark_submit_hook.py:479} INFO - at py4j.reflection.MethodInvoker.invoke(MethodInvoker.java:247)
[2020-07-22 13:08:49,042] {logging_mixin.py:112} INFO - [2020-07-22 13:08:49,042] {spark_submit_hook.py:479} INFO - at py4j.reflection.ReflectionEngine.invoke(ReflectionEngine.java:357)
[2020-07-22 13:08:49,043] {logging_mixin.py:112} INFO - [2020-07-22 13:08:49,043] {spark_submit_hook.py:479} INFO - at py4j.Gateway.invoke(Gateway.java:238)
[2020-07-22 13:08:49,043] {logging_mixin.py:112} INFO - [2020-07-22 13:08:49,043] {spark_submit_hook.py:479} INFO - at py4j.commands.ConstructorCommand.invokeConstructor(ConstructorCommand.java:80)
[2020-07-22 13:08:49,043] {logging_mixin.py:112} INFO - [2020-07-22 13:08:49,043] {spark_submit_hook.py:479} INFO - at py4j.commands.ConstructorCommand.execute(ConstructorCommand.java:69)
[2020-07-22 13:08:49,043] {logging_mixin.py:112} INFO - [2020-07-22 13:08:49,043] {spark_submit_hook.py:479} INFO - at py4j.GatewayConnection.run(GatewayConnection.java:238)
[2020-07-22 13:08:49,044] {logging_mixin.py:112} INFO - [2020-07-22 13:08:49,044] {spark_submit_hook.py:479} INFO - at java.lang.Thread.run(Thread.java:748)
[2020-07-22 13:08:49,044] {logging_mixin.py:112} INFO - [2020-07-22 13:08:49,044] {spark_submit_hook.py:479} INFO - 
[2020-07-22 13:08:49,147] {logging_mixin.py:112} INFO - [2020-07-22 13:08:49,147] {spark_submit_hook.py:479} INFO - 20/07/22 13:08:49 INFO ShutdownHookManager: Shutdown hook called
[2020-07-22 13:08:49,149] {logging_mixin.py:112} INFO - [2020-07-22 13:08:49,149] {spark_submit_hook.py:479} INFO - 20/07/22 13:08:49 INFO ShutdownHookManager: Deleting directory /tmp/spark-6a3ce7d4-55f6-4a78-b3e3-090be505d0bb
[2020-07-22 13:08:49,153] {logging_mixin.py:112} INFO - [2020-07-22 13:08:49,153] {spark_submit_hook.py:479} INFO - 20/07/22 13:08:49 INFO ShutdownHookManager: Deleting directory /tmp/spark-19c9e669-0e0c-4e8c-a843-cb66b49ffca2
[2020-07-22 13:08:49,224] {taskinstance.py:1145} ERROR - Cannot execute: spark-submit --master localhost:4040 --name airflow-spark /home/bhakti/airflow/spark_jobs/python/spark_test.py. Error code is: 1.
Traceback (most recent call last):
  File "/usr/local/lib/python3.8/dist-packages/airflow/models/taskinstance.py", line 983, in _run_raw_task
    result = task_copy.execute(context=context)
  File "/usr/local/lib/python3.8/dist-packages/airflow/contrib/operators/spark_submit_operator.py", line 187, in execute
    self._hook.submit(self._application)
  File "/usr/local/lib/python3.8/dist-packages/airflow/contrib/hooks/spark_submit_hook.py", line 403, in submit
    raise AirflowException(
airflow.exceptions.AirflowException: Cannot execute: spark-submit --master localhost:4040 --name airflow-spark /home/bhakti/airflow/spark_jobs/python/spark_test.py. Error code is: 1.
[2020-07-22 13:08:49,226] {taskinstance.py:1189} INFO - Marking task as FAILED.dag_id=submit_data, task_id=spark_submit, execution_date=20200720T002700, start_date=20200722T073839, end_date=20200722T073849
[2020-07-22 13:08:49,759] {logging_mixin.py:112} INFO - [2020-07-22 13:08:49,759] {local_task_job.py:103} INFO - Task exited with return code 1
