[2020-07-22 18:34:11,118] {taskinstance.py:669} INFO - Dependencies all met for <TaskInstance: submit_data.spark_submit 2020-07-20T09:21:00+00:00 [queued]>
[2020-07-22 18:34:11,138] {taskinstance.py:669} INFO - Dependencies all met for <TaskInstance: submit_data.spark_submit 2020-07-20T09:21:00+00:00 [queued]>
[2020-07-22 18:34:11,138] {taskinstance.py:879} INFO - 
--------------------------------------------------------------------------------
[2020-07-22 18:34:11,138] {taskinstance.py:880} INFO - Starting attempt 1 of 1
[2020-07-22 18:34:11,139] {taskinstance.py:881} INFO - 
--------------------------------------------------------------------------------
[2020-07-22 18:34:11,302] {taskinstance.py:900} INFO - Executing <Task(SparkSubmitOperator): spark_submit> on 2020-07-20T09:21:00+00:00
[2020-07-22 18:34:11,305] {standard_task_runner.py:53} INFO - Started process 739698 to run task
[2020-07-22 18:34:11,502] {logging_mixin.py:112} INFO - Running %s on host %s <TaskInstance: submit_data.spark_submit 2020-07-20T09:21:00+00:00 [running]> bhakti-Vostro-3558
[2020-07-22 18:34:11,537] {logging_mixin.py:112} INFO - [2020-07-22 18:34:11,537] {base_hook.py:87} INFO - Using connection to: id: spark_local. Host: local, Port: None, Schema: None, Login: None, Password: None, extra: None
[2020-07-22 18:34:11,539] {logging_mixin.py:112} INFO - [2020-07-22 18:34:11,539] {spark_submit_hook.py:325} INFO - Spark-Submit cmd: spark-submit --master local --name airflow-spark /home/bhakti/airflow/spark_jobs/spark_test.py
[2020-07-22 18:34:14,738] {logging_mixin.py:112} INFO - [2020-07-22 18:34:14,738] {spark_submit_hook.py:479} INFO - 20/07/22 18:34:14 WARN Utils: Your hostname, bhakti-Vostro-3558 resolves to a loopback address: 127.0.1.1; using 192.168.43.94 instead (on interface wlp6s0)
[2020-07-22 18:34:14,740] {logging_mixin.py:112} INFO - [2020-07-22 18:34:14,740] {spark_submit_hook.py:479} INFO - 20/07/22 18:34:14 WARN Utils: Set SPARK_LOCAL_IP if you need to bind to another address
[2020-07-22 18:34:17,062] {logging_mixin.py:112} INFO - [2020-07-22 18:34:17,062] {spark_submit_hook.py:479} INFO - 20/07/22 18:34:17 WARN NativeCodeLoader: Unable to load native-hadoop library for your platform... using builtin-java classes where applicable
[2020-07-22 18:34:19,961] {logging_mixin.py:112} INFO - [2020-07-22 18:34:19,961] {spark_submit_hook.py:479} INFO - Using Spark's default log4j profile: org/apache/spark/log4j-defaults.properties
[2020-07-22 18:34:19,976] {logging_mixin.py:112} INFO - [2020-07-22 18:34:19,976] {spark_submit_hook.py:479} INFO - 20/07/22 18:34:19 INFO SparkContext: Running Spark version 3.0.0
[2020-07-22 18:34:20,045] {logging_mixin.py:112} INFO - [2020-07-22 18:34:20,045] {spark_submit_hook.py:479} INFO - 20/07/22 18:34:20 INFO ResourceUtils: ==============================================================
[2020-07-22 18:34:20,047] {logging_mixin.py:112} INFO - [2020-07-22 18:34:20,047] {spark_submit_hook.py:479} INFO - 20/07/22 18:34:20 INFO ResourceUtils: Resources for spark.driver:
[2020-07-22 18:34:20,048] {logging_mixin.py:112} INFO - [2020-07-22 18:34:20,048] {spark_submit_hook.py:479} INFO - 
[2020-07-22 18:34:20,048] {logging_mixin.py:112} INFO - [2020-07-22 18:34:20,048] {spark_submit_hook.py:479} INFO - 20/07/22 18:34:20 INFO ResourceUtils: ==============================================================
[2020-07-22 18:34:20,049] {logging_mixin.py:112} INFO - [2020-07-22 18:34:20,049] {spark_submit_hook.py:479} INFO - 20/07/22 18:34:20 INFO SparkContext: Submitted application: Spark_Test_Python
[2020-07-22 18:34:20,163] {logging_mixin.py:112} INFO - [2020-07-22 18:34:20,163] {spark_submit_hook.py:479} INFO - 20/07/22 18:34:20 INFO SecurityManager: Changing view acls to: bhakti
[2020-07-22 18:34:20,163] {logging_mixin.py:112} INFO - [2020-07-22 18:34:20,163] {spark_submit_hook.py:479} INFO - 20/07/22 18:34:20 INFO SecurityManager: Changing modify acls to: bhakti
[2020-07-22 18:34:20,164] {logging_mixin.py:112} INFO - [2020-07-22 18:34:20,164] {spark_submit_hook.py:479} INFO - 20/07/22 18:34:20 INFO SecurityManager: Changing view acls groups to:
[2020-07-22 18:34:20,164] {logging_mixin.py:112} INFO - [2020-07-22 18:34:20,164] {spark_submit_hook.py:479} INFO - 20/07/22 18:34:20 INFO SecurityManager: Changing modify acls groups to:
[2020-07-22 18:34:20,165] {logging_mixin.py:112} INFO - [2020-07-22 18:34:20,164] {spark_submit_hook.py:479} INFO - 20/07/22 18:34:20 INFO SecurityManager: SecurityManager: authentication disabled; ui acls disabled; users  with view permissions: Set(bhakti); groups with view permissions: Set(); users  with modify permissions: Set(bhakti); groups with modify permissions: Set()
[2020-07-22 18:34:20,768] {logging_mixin.py:112} INFO - [2020-07-22 18:34:20,767] {spark_submit_hook.py:479} INFO - 20/07/22 18:34:20 INFO Utils: Successfully started service 'sparkDriver' on port 41529.
[2020-07-22 18:34:20,841] {logging_mixin.py:112} INFO - [2020-07-22 18:34:20,841] {spark_submit_hook.py:479} INFO - 20/07/22 18:34:20 INFO SparkEnv: Registering MapOutputTracker
[2020-07-22 18:34:20,901] {logging_mixin.py:112} INFO - [2020-07-22 18:34:20,901] {spark_submit_hook.py:479} INFO - 20/07/22 18:34:20 INFO SparkEnv: Registering BlockManagerMaster
[2020-07-22 18:34:20,939] {logging_mixin.py:112} INFO - [2020-07-22 18:34:20,938] {spark_submit_hook.py:479} INFO - 20/07/22 18:34:20 INFO BlockManagerMasterEndpoint: Using org.apache.spark.storage.DefaultTopologyMapper for getting topology information
[2020-07-22 18:34:20,940] {logging_mixin.py:112} INFO - [2020-07-22 18:34:20,939] {spark_submit_hook.py:479} INFO - 20/07/22 18:34:20 INFO BlockManagerMasterEndpoint: BlockManagerMasterEndpoint up
[2020-07-22 18:34:20,949] {logging_mixin.py:112} INFO - [2020-07-22 18:34:20,948] {spark_submit_hook.py:479} INFO - 20/07/22 18:34:20 INFO SparkEnv: Registering BlockManagerMasterHeartbeat
[2020-07-22 18:34:20,977] {logging_mixin.py:112} INFO - [2020-07-22 18:34:20,977] {spark_submit_hook.py:479} INFO - 20/07/22 18:34:20 INFO DiskBlockManager: Created local directory at /tmp/blockmgr-1e2c2875-c181-4b6b-803d-7628acd0926a
[2020-07-22 18:34:21,014] {logging_mixin.py:112} INFO - [2020-07-22 18:34:21,013] {spark_submit_hook.py:479} INFO - 20/07/22 18:34:21 INFO MemoryStore: MemoryStore started with capacity 366.3 MiB
[2020-07-22 18:34:21,041] {logging_mixin.py:112} INFO - [2020-07-22 18:34:21,041] {spark_submit_hook.py:479} INFO - 20/07/22 18:34:21 INFO SparkEnv: Registering OutputCommitCoordinator
[2020-07-22 18:34:21,498] {logging_mixin.py:112} INFO - [2020-07-22 18:34:21,497] {spark_submit_hook.py:479} INFO - 20/07/22 18:34:21 INFO Utils: Successfully started service 'SparkUI' on port 4040.
[2020-07-22 18:34:21,592] {logging_mixin.py:112} INFO - [2020-07-22 18:34:21,592] {spark_submit_hook.py:479} INFO - 20/07/22 18:34:21 INFO SparkUI: Bound SparkUI to 0.0.0.0, and started at http://192.168.43.94:4040
[2020-07-22 18:34:22,049] {logging_mixin.py:112} INFO - [2020-07-22 18:34:22,049] {spark_submit_hook.py:479} INFO - 20/07/22 18:34:22 INFO Executor: Starting executor ID driver on host 192.168.43.94
[2020-07-22 18:34:22,100] {logging_mixin.py:112} INFO - [2020-07-22 18:34:22,099] {spark_submit_hook.py:479} INFO - 20/07/22 18:34:22 INFO Utils: Successfully started service 'org.apache.spark.network.netty.NettyBlockTransferService' on port 34201.
[2020-07-22 18:34:22,100] {logging_mixin.py:112} INFO - [2020-07-22 18:34:22,100] {spark_submit_hook.py:479} INFO - 20/07/22 18:34:22 INFO NettyBlockTransferService: Server created on 192.168.43.94:34201
[2020-07-22 18:34:22,104] {logging_mixin.py:112} INFO - [2020-07-22 18:34:22,103] {spark_submit_hook.py:479} INFO - 20/07/22 18:34:22 INFO BlockManager: Using org.apache.spark.storage.RandomBlockReplicationPolicy for block replication policy
[2020-07-22 18:34:22,122] {logging_mixin.py:112} INFO - [2020-07-22 18:34:22,121] {spark_submit_hook.py:479} INFO - 20/07/22 18:34:22 INFO BlockManagerMaster: Registering BlockManager BlockManagerId(driver, 192.168.43.94, 34201, None)
[2020-07-22 18:34:22,137] {logging_mixin.py:112} INFO - [2020-07-22 18:34:22,136] {spark_submit_hook.py:479} INFO - 20/07/22 18:34:22 INFO BlockManagerMasterEndpoint: Registering block manager 192.168.43.94:34201 with 366.3 MiB RAM, BlockManagerId(driver, 192.168.43.94, 34201, None)
[2020-07-22 18:34:22,144] {logging_mixin.py:112} INFO - [2020-07-22 18:34:22,143] {spark_submit_hook.py:479} INFO - 20/07/22 18:34:22 INFO BlockManagerMaster: Registered BlockManager BlockManagerId(driver, 192.168.43.94, 34201, None)
[2020-07-22 18:34:22,147] {logging_mixin.py:112} INFO - [2020-07-22 18:34:22,146] {spark_submit_hook.py:479} INFO - 20/07/22 18:34:22 INFO BlockManager: Initialized BlockManager: BlockManagerId(driver, 192.168.43.94, 34201, None)
[2020-07-22 18:34:23,955] {logging_mixin.py:112} INFO - [2020-07-22 18:34:23,955] {spark_submit_hook.py:479} INFO - 20/07/22 18:34:23 INFO MemoryStore: Block broadcast_0 stored as values in memory (estimated size 241.5 KiB, free 366.1 MiB)
[2020-07-22 18:34:24,136] {logging_mixin.py:112} INFO - [2020-07-22 18:34:24,136] {spark_submit_hook.py:479} INFO - 20/07/22 18:34:24 INFO MemoryStore: Block broadcast_0_piece0 stored as bytes in memory (estimated size 23.4 KiB, free 366.0 MiB)
[2020-07-22 18:34:24,142] {logging_mixin.py:112} INFO - [2020-07-22 18:34:24,142] {spark_submit_hook.py:479} INFO - 20/07/22 18:34:24 INFO BlockManagerInfo: Added broadcast_0_piece0 in memory on 192.168.43.94:34201 (size: 23.4 KiB, free: 366.3 MiB)
[2020-07-22 18:34:24,154] {logging_mixin.py:112} INFO - [2020-07-22 18:34:24,154] {spark_submit_hook.py:479} INFO - 20/07/22 18:34:24 INFO SparkContext: Created broadcast 0 from textFile at NativeMethodAccessorImpl.java:0
[2020-07-22 18:34:24,782] {logging_mixin.py:112} INFO - [2020-07-22 18:34:24,782] {spark_submit_hook.py:479} INFO - 20/07/22 18:34:24 INFO FileInputFormat: Total input paths to process : 1
[2020-07-22 18:34:24,944] {logging_mixin.py:112} INFO - [2020-07-22 18:34:24,943] {spark_submit_hook.py:479} INFO - 20/07/22 18:34:24 INFO SparkContext: Starting job: collect at /home/bhakti/airflow/spark_jobs/spark_test.py:8
[2020-07-22 18:34:24,981] {logging_mixin.py:112} INFO - [2020-07-22 18:34:24,981] {spark_submit_hook.py:479} INFO - 20/07/22 18:34:24 INFO DAGScheduler: Got job 0 (collect at /home/bhakti/airflow/spark_jobs/spark_test.py:8) with 1 output partitions
[2020-07-22 18:34:24,982] {logging_mixin.py:112} INFO - [2020-07-22 18:34:24,981] {spark_submit_hook.py:479} INFO - 20/07/22 18:34:24 INFO DAGScheduler: Final stage: ResultStage 0 (collect at /home/bhakti/airflow/spark_jobs/spark_test.py:8)
[2020-07-22 18:34:24,983] {logging_mixin.py:112} INFO - [2020-07-22 18:34:24,982] {spark_submit_hook.py:479} INFO - 20/07/22 18:34:24 INFO DAGScheduler: Parents of final stage: List()
[2020-07-22 18:34:24,986] {logging_mixin.py:112} INFO - [2020-07-22 18:34:24,985] {spark_submit_hook.py:479} INFO - 20/07/22 18:34:24 INFO DAGScheduler: Missing parents: List()
[2020-07-22 18:34:24,993] {logging_mixin.py:112} INFO - [2020-07-22 18:34:24,993] {spark_submit_hook.py:479} INFO - 20/07/22 18:34:24 INFO DAGScheduler: Submitting ResultStage 0 (PythonRDD[2] at collect at /home/bhakti/airflow/spark_jobs/spark_test.py:8), which has no missing parents
[2020-07-22 18:34:25,032] {logging_mixin.py:112} INFO - [2020-07-22 18:34:25,031] {spark_submit_hook.py:479} INFO - 20/07/22 18:34:25 INFO MemoryStore: Block broadcast_1 stored as values in memory (estimated size 7.4 KiB, free 366.0 MiB)
[2020-07-22 18:34:25,038] {logging_mixin.py:112} INFO - [2020-07-22 18:34:25,037] {spark_submit_hook.py:479} INFO - 20/07/22 18:34:25 INFO MemoryStore: Block broadcast_1_piece0 stored as bytes in memory (estimated size 4.4 KiB, free 366.0 MiB)
[2020-07-22 18:34:25,039] {logging_mixin.py:112} INFO - [2020-07-22 18:34:25,039] {spark_submit_hook.py:479} INFO - 20/07/22 18:34:25 INFO BlockManagerInfo: Added broadcast_1_piece0 in memory on 192.168.43.94:34201 (size: 4.4 KiB, free: 366.3 MiB)
[2020-07-22 18:34:25,042] {logging_mixin.py:112} INFO - [2020-07-22 18:34:25,042] {spark_submit_hook.py:479} INFO - 20/07/22 18:34:25 INFO SparkContext: Created broadcast 1 from broadcast at DAGScheduler.scala:1200
[2020-07-22 18:34:25,069] {logging_mixin.py:112} INFO - [2020-07-22 18:34:25,069] {spark_submit_hook.py:479} INFO - 20/07/22 18:34:25 INFO DAGScheduler: Submitting 1 missing tasks from ResultStage 0 (PythonRDD[2] at collect at /home/bhakti/airflow/spark_jobs/spark_test.py:8) (first 15 tasks are for partitions Vector(0))
[2020-07-22 18:34:25,083] {logging_mixin.py:112} INFO - [2020-07-22 18:34:25,083] {spark_submit_hook.py:479} INFO - 20/07/22 18:34:25 INFO TaskSchedulerImpl: Adding task set 0.0 with 1 tasks
[2020-07-22 18:34:25,204] {logging_mixin.py:112} INFO - [2020-07-22 18:34:25,204] {spark_submit_hook.py:479} INFO - 20/07/22 18:34:25 INFO TaskSetManager: Starting task 0.0 in stage 0.0 (TID 0, 192.168.43.94, executor driver, partition 0, PROCESS_LOCAL, 7388 bytes)
[2020-07-22 18:34:25,236] {logging_mixin.py:112} INFO - [2020-07-22 18:34:25,235] {spark_submit_hook.py:479} INFO - 20/07/22 18:34:25 INFO Executor: Running task 0.0 in stage 0.0 (TID 0)
[2020-07-22 18:34:26,096] {logging_mixin.py:112} INFO - [2020-07-22 18:34:26,096] {spark_submit_hook.py:479} INFO - 20/07/22 18:34:26 INFO HadoopRDD: Input split: file:/home/bhakti/airflow/input_data/sample.csv:0+93
[2020-07-22 18:34:26,923] {logging_mixin.py:112} INFO - [2020-07-22 18:34:26,923] {spark_submit_hook.py:479} INFO - 20/07/22 18:34:26 INFO PythonRunner: Times: total = 792, boot = 772, init = 20, finish = 0
[2020-07-22 18:34:26,961] {logging_mixin.py:112} INFO - [2020-07-22 18:34:26,961] {spark_submit_hook.py:479} INFO - 20/07/22 18:34:26 INFO Executor: Finished task 0.0 in stage 0.0 (TID 0). 1779 bytes result sent to driver
[2020-07-22 18:34:26,977] {logging_mixin.py:112} INFO - [2020-07-22 18:34:26,977] {spark_submit_hook.py:479} INFO - 20/07/22 18:34:26 INFO TaskSetManager: Finished task 0.0 in stage 0.0 (TID 0) in 1795 ms on 192.168.43.94 (executor driver) (1/1)
[2020-07-22 18:34:26,985] {logging_mixin.py:112} INFO - [2020-07-22 18:34:26,985] {spark_submit_hook.py:479} INFO - 20/07/22 18:34:26 INFO TaskSchedulerImpl: Removed TaskSet 0.0, whose tasks have all completed, from pool
[2020-07-22 18:34:26,987] {logging_mixin.py:112} INFO - [2020-07-22 18:34:26,987] {spark_submit_hook.py:479} INFO - 20/07/22 18:34:26 INFO PythonAccumulatorV2: Connected to AccumulatorServer at host: 127.0.0.1 port: 34557
[2020-07-22 18:34:26,994] {logging_mixin.py:112} INFO - [2020-07-22 18:34:26,994] {spark_submit_hook.py:479} INFO - 20/07/22 18:34:26 INFO DAGScheduler: ResultStage 0 (collect at /home/bhakti/airflow/spark_jobs/spark_test.py:8) finished in 1.971 s
[2020-07-22 18:34:27,004] {logging_mixin.py:112} INFO - [2020-07-22 18:34:27,003] {spark_submit_hook.py:479} INFO - 20/07/22 18:34:27 INFO DAGScheduler: Job 0 is finished. Cancelling potential speculative or zombie tasks for this job
[2020-07-22 18:34:27,019] {logging_mixin.py:112} INFO - [2020-07-22 18:34:27,019] {spark_submit_hook.py:479} INFO - 20/07/22 18:34:27 INFO TaskSchedulerImpl: Killing all running tasks in stage 0: Stage finished
[2020-07-22 18:34:27,023] {logging_mixin.py:112} INFO - [2020-07-22 18:34:27,022] {spark_submit_hook.py:479} INFO - 20/07/22 18:34:27 INFO DAGScheduler: Job 0 finished: collect at /home/bhakti/airflow/spark_jobs/spark_test.py:8, took 2.077997 s
[2020-07-22 18:34:27,040] {logging_mixin.py:112} INFO - [2020-07-22 18:34:27,040] {spark_submit_hook.py:479} INFO - [('PERSON', 'JOINING_YEAR', 'COMPANY'), ('John', '2018', 'Google'), ('Sam', '2017', 'IBM'), ('Jeff', '2014', 'Yahoo'), ('Allen', '2015', 'Facebook')]
[2020-07-22 18:34:27,845] {logging_mixin.py:112} INFO - [2020-07-22 18:34:27,844] {spark_submit_hook.py:479} INFO - 20/07/22 18:34:27 INFO BlockManagerInfo: Removed broadcast_1_piece0 on 192.168.43.94:34201 in memory (size: 4.4 KiB, free: 366.3 MiB)
[2020-07-22 18:34:27,867] {logging_mixin.py:112} INFO - [2020-07-22 18:34:27,867] {spark_submit_hook.py:479} INFO - 20/07/22 18:34:27 INFO BlockManagerInfo: Removed broadcast_0_piece0 on 192.168.43.94:34201 in memory (size: 23.4 KiB, free: 366.3 MiB)
[2020-07-22 18:34:27,969] {logging_mixin.py:112} INFO - [2020-07-22 18:34:27,969] {spark_submit_hook.py:479} INFO - 20/07/22 18:34:27 INFO SharedState: Setting hive.metastore.warehouse.dir ('null') to the value of spark.sql.warehouse.dir ('file:/home/bhakti/airflow/spark-warehouse').
[2020-07-22 18:34:27,970] {logging_mixin.py:112} INFO - [2020-07-22 18:34:27,970] {spark_submit_hook.py:479} INFO - 20/07/22 18:34:27 INFO SharedState: Warehouse path is 'file:/home/bhakti/airflow/spark-warehouse'.
[2020-07-22 18:34:33,627] {logging_mixin.py:112} INFO - [2020-07-22 18:34:33,627] {spark_submit_hook.py:479} INFO - 20/07/22 18:34:33 INFO CodeGenerator: Code generated in 399.821489 ms
[2020-07-22 18:34:33,708] {logging_mixin.py:112} INFO - [2020-07-22 18:34:33,708] {spark_submit_hook.py:479} INFO - 20/07/22 18:34:33 INFO SparkContext: Starting job: showString at NativeMethodAccessorImpl.java:0
[2020-07-22 18:34:33,711] {logging_mixin.py:112} INFO - [2020-07-22 18:34:33,711] {spark_submit_hook.py:479} INFO - 20/07/22 18:34:33 INFO DAGScheduler: Got job 1 (showString at NativeMethodAccessorImpl.java:0) with 1 output partitions
[2020-07-22 18:34:33,712] {logging_mixin.py:112} INFO - [2020-07-22 18:34:33,711] {spark_submit_hook.py:479} INFO - 20/07/22 18:34:33 INFO DAGScheduler: Final stage: ResultStage 1 (showString at NativeMethodAccessorImpl.java:0)
[2020-07-22 18:34:33,712] {logging_mixin.py:112} INFO - [2020-07-22 18:34:33,712] {spark_submit_hook.py:479} INFO - 20/07/22 18:34:33 INFO DAGScheduler: Parents of final stage: List()
[2020-07-22 18:34:33,713] {logging_mixin.py:112} INFO - [2020-07-22 18:34:33,712] {spark_submit_hook.py:479} INFO - 20/07/22 18:34:33 INFO DAGScheduler: Missing parents: List()
[2020-07-22 18:34:33,722] {logging_mixin.py:112} INFO - [2020-07-22 18:34:33,721] {spark_submit_hook.py:479} INFO - 20/07/22 18:34:33 INFO DAGScheduler: Submitting ResultStage 1 (MapPartitionsRDD[9] at showString at NativeMethodAccessorImpl.java:0), which has no missing parents
[2020-07-22 18:34:33,751] {logging_mixin.py:112} INFO - [2020-07-22 18:34:33,750] {spark_submit_hook.py:479} INFO - 20/07/22 18:34:33 INFO MemoryStore: Block broadcast_2 stored as values in memory (estimated size 11.2 KiB, free 366.3 MiB)
[2020-07-22 18:34:33,756] {logging_mixin.py:112} INFO - [2020-07-22 18:34:33,756] {spark_submit_hook.py:479} INFO - 20/07/22 18:34:33 INFO MemoryStore: Block broadcast_2_piece0 stored as bytes in memory (estimated size 5.8 KiB, free 366.3 MiB)
[2020-07-22 18:34:33,759] {logging_mixin.py:112} INFO - [2020-07-22 18:34:33,758] {spark_submit_hook.py:479} INFO - 20/07/22 18:34:33 INFO BlockManagerInfo: Added broadcast_2_piece0 in memory on 192.168.43.94:34201 (size: 5.8 KiB, free: 366.3 MiB)
[2020-07-22 18:34:33,764] {logging_mixin.py:112} INFO - [2020-07-22 18:34:33,764] {spark_submit_hook.py:479} INFO - 20/07/22 18:34:33 INFO SparkContext: Created broadcast 2 from broadcast at DAGScheduler.scala:1200
[2020-07-22 18:34:33,767] {logging_mixin.py:112} INFO - [2020-07-22 18:34:33,766] {spark_submit_hook.py:479} INFO - 20/07/22 18:34:33 INFO DAGScheduler: Submitting 1 missing tasks from ResultStage 1 (MapPartitionsRDD[9] at showString at NativeMethodAccessorImpl.java:0) (first 15 tasks are for partitions Vector(0))
[2020-07-22 18:34:33,767] {logging_mixin.py:112} INFO - [2020-07-22 18:34:33,767] {spark_submit_hook.py:479} INFO - 20/07/22 18:34:33 INFO TaskSchedulerImpl: Adding task set 1.0 with 1 tasks
[2020-07-22 18:34:33,794] {logging_mixin.py:112} INFO - [2020-07-22 18:34:33,794] {spark_submit_hook.py:479} INFO - 20/07/22 18:34:33 INFO TaskSetManager: Starting task 0.0 in stage 1.0 (TID 1, 192.168.43.94, executor driver, partition 0, PROCESS_LOCAL, 7493 bytes)
[2020-07-22 18:34:33,795] {logging_mixin.py:112} INFO - [2020-07-22 18:34:33,795] {spark_submit_hook.py:479} INFO - 20/07/22 18:34:33 INFO Executor: Running task 0.0 in stage 1.0 (TID 1)
[2020-07-22 18:34:33,939] {logging_mixin.py:112} INFO - [2020-07-22 18:34:33,938] {spark_submit_hook.py:479} INFO - 20/07/22 18:34:33 INFO PythonRunner: Times: total = 4, boot = -6966, init = 6970, finish = 0
[2020-07-22 18:34:33,944] {logging_mixin.py:112} INFO - [2020-07-22 18:34:33,944] {spark_submit_hook.py:479} INFO - 20/07/22 18:34:33 INFO Executor: Finished task 0.0 in stage 1.0 (TID 1). 2235 bytes result sent to driver
[2020-07-22 18:34:33,952] {logging_mixin.py:112} INFO - [2020-07-22 18:34:33,952] {spark_submit_hook.py:479} INFO - 20/07/22 18:34:33 INFO TaskSetManager: Finished task 0.0 in stage 1.0 (TID 1) in 182 ms on 192.168.43.94 (executor driver) (1/1)
[2020-07-22 18:34:33,952] {logging_mixin.py:112} INFO - [2020-07-22 18:34:33,952] {spark_submit_hook.py:479} INFO - 20/07/22 18:34:33 INFO TaskSchedulerImpl: Removed TaskSet 1.0, whose tasks have all completed, from pool
[2020-07-22 18:34:33,954] {logging_mixin.py:112} INFO - [2020-07-22 18:34:33,954] {spark_submit_hook.py:479} INFO - 20/07/22 18:34:33 INFO DAGScheduler: ResultStage 1 (showString at NativeMethodAccessorImpl.java:0) finished in 0.228 s
[2020-07-22 18:34:33,955] {logging_mixin.py:112} INFO - [2020-07-22 18:34:33,955] {spark_submit_hook.py:479} INFO - 20/07/22 18:34:33 INFO DAGScheduler: Job 1 is finished. Cancelling potential speculative or zombie tasks for this job
[2020-07-22 18:34:33,955] {logging_mixin.py:112} INFO - [2020-07-22 18:34:33,955] {spark_submit_hook.py:479} INFO - 20/07/22 18:34:33 INFO TaskSchedulerImpl: Killing all running tasks in stage 1: Stage finished
[2020-07-22 18:34:33,956] {logging_mixin.py:112} INFO - [2020-07-22 18:34:33,955] {spark_submit_hook.py:479} INFO - 20/07/22 18:34:33 INFO DAGScheduler: Job 1 finished: showString at NativeMethodAccessorImpl.java:0, took 0.246678 s
[2020-07-22 18:34:34,055] {logging_mixin.py:112} INFO - [2020-07-22 18:34:34,054] {spark_submit_hook.py:479} INFO - 20/07/22 18:34:34 INFO CodeGenerator: Code generated in 47.32325 ms
[2020-07-22 18:34:34,077] {logging_mixin.py:112} INFO - [2020-07-22 18:34:34,076] {spark_submit_hook.py:479} INFO - +------+------------+--------+
[2020-07-22 18:34:34,077] {logging_mixin.py:112} INFO - [2020-07-22 18:34:34,077] {spark_submit_hook.py:479} INFO - |    _1|          _2|      _3|
[2020-07-22 18:34:34,077] {logging_mixin.py:112} INFO - [2020-07-22 18:34:34,077] {spark_submit_hook.py:479} INFO - +------+------------+--------+
[2020-07-22 18:34:34,078] {logging_mixin.py:112} INFO - [2020-07-22 18:34:34,078] {spark_submit_hook.py:479} INFO - |PERSON|JOINING_YEAR| COMPANY|
[2020-07-22 18:34:34,078] {logging_mixin.py:112} INFO - [2020-07-22 18:34:34,078] {spark_submit_hook.py:479} INFO - |  John|        2018|  Google|
[2020-07-22 18:34:34,078] {logging_mixin.py:112} INFO - [2020-07-22 18:34:34,078] {spark_submit_hook.py:479} INFO - |   Sam|        2017|     IBM|
[2020-07-22 18:34:34,078] {logging_mixin.py:112} INFO - [2020-07-22 18:34:34,078] {spark_submit_hook.py:479} INFO - |  Jeff|        2014|   Yahoo|
[2020-07-22 18:34:34,079] {logging_mixin.py:112} INFO - [2020-07-22 18:34:34,079] {spark_submit_hook.py:479} INFO - | Allen|        2015|Facebook|
[2020-07-22 18:34:34,079] {logging_mixin.py:112} INFO - [2020-07-22 18:34:34,079] {spark_submit_hook.py:479} INFO - +------+------------+--------+
[2020-07-22 18:34:34,079] {logging_mixin.py:112} INFO - [2020-07-22 18:34:34,079] {spark_submit_hook.py:479} INFO - 
[2020-07-22 18:34:34,188] {logging_mixin.py:112} INFO - [2020-07-22 18:34:34,187] {spark_submit_hook.py:479} INFO - 20/07/22 18:34:34 INFO SparkContext: Invoking stop() from shutdown hook
[2020-07-22 18:34:34,206] {logging_mixin.py:112} INFO - [2020-07-22 18:34:34,206] {spark_submit_hook.py:479} INFO - 20/07/22 18:34:34 INFO SparkUI: Stopped Spark web UI at http://192.168.43.94:4040
[2020-07-22 18:34:34,270] {logging_mixin.py:112} INFO - [2020-07-22 18:34:34,270] {spark_submit_hook.py:479} INFO - 20/07/22 18:34:34 INFO MapOutputTrackerMasterEndpoint: MapOutputTrackerMasterEndpoint stopped!
[2020-07-22 18:34:34,297] {logging_mixin.py:112} INFO - [2020-07-22 18:34:34,297] {spark_submit_hook.py:479} INFO - 20/07/22 18:34:34 INFO MemoryStore: MemoryStore cleared
[2020-07-22 18:34:34,302] {logging_mixin.py:112} INFO - [2020-07-22 18:34:34,301] {spark_submit_hook.py:479} INFO - 20/07/22 18:34:34 INFO BlockManager: BlockManager stopped
[2020-07-22 18:34:34,313] {logging_mixin.py:112} INFO - [2020-07-22 18:34:34,312] {spark_submit_hook.py:479} INFO - 20/07/22 18:34:34 INFO BlockManagerMaster: BlockManagerMaster stopped
[2020-07-22 18:34:34,318] {logging_mixin.py:112} INFO - [2020-07-22 18:34:34,318] {spark_submit_hook.py:479} INFO - 20/07/22 18:34:34 INFO OutputCommitCoordinator$OutputCommitCoordinatorEndpoint: OutputCommitCoordinator stopped!
[2020-07-22 18:34:34,330] {logging_mixin.py:112} INFO - [2020-07-22 18:34:34,330] {spark_submit_hook.py:479} INFO - 20/07/22 18:34:34 INFO SparkContext: Successfully stopped SparkContext
[2020-07-22 18:34:34,331] {logging_mixin.py:112} INFO - [2020-07-22 18:34:34,331] {spark_submit_hook.py:479} INFO - 20/07/22 18:34:34 INFO ShutdownHookManager: Shutdown hook called
[2020-07-22 18:34:34,333] {logging_mixin.py:112} INFO - [2020-07-22 18:34:34,333] {spark_submit_hook.py:479} INFO - 20/07/22 18:34:34 INFO ShutdownHookManager: Deleting directory /tmp/spark-b949e33e-09b1-415a-bab7-710b2c0fa802
[2020-07-22 18:34:34,336] {logging_mixin.py:112} INFO - [2020-07-22 18:34:34,335] {spark_submit_hook.py:479} INFO - 20/07/22 18:34:34 INFO ShutdownHookManager: Deleting directory /tmp/spark-b949e33e-09b1-415a-bab7-710b2c0fa802/pyspark-7a05556f-0d49-4fe4-951c-a81127a122e7
[2020-07-22 18:34:34,342] {logging_mixin.py:112} INFO - [2020-07-22 18:34:34,342] {spark_submit_hook.py:479} INFO - 20/07/22 18:34:34 INFO ShutdownHookManager: Deleting directory /tmp/spark-f3fd1541-0c09-46d5-8ae1-ef5d3d717bf1
[2020-07-22 18:34:34,522] {taskinstance.py:1052} INFO - Marking task as SUCCESS.dag_id=submit_data, task_id=spark_submit, execution_date=20200720T092100, start_date=20200722T130411, end_date=20200722T130434
[2020-07-22 18:34:36,619] {logging_mixin.py:112} INFO - [2020-07-22 18:34:36,619] {local_task_job.py:103} INFO - Task exited with return code 0
