[2020-07-22 18:10:21,545] {taskinstance.py:669} INFO - Dependencies all met for <TaskInstance: submit_data.spark_submit 2020-07-20T08:46:00+00:00 [queued]>
[2020-07-22 18:10:21,564] {taskinstance.py:669} INFO - Dependencies all met for <TaskInstance: submit_data.spark_submit 2020-07-20T08:46:00+00:00 [queued]>
[2020-07-22 18:10:21,565] {taskinstance.py:879} INFO - 
--------------------------------------------------------------------------------
[2020-07-22 18:10:21,565] {taskinstance.py:880} INFO - Starting attempt 1 of 1
[2020-07-22 18:10:21,565] {taskinstance.py:881} INFO - 
--------------------------------------------------------------------------------
[2020-07-22 18:10:21,790] {taskinstance.py:900} INFO - Executing <Task(SparkSubmitOperator): spark_submit> on 2020-07-20T08:46:00+00:00
[2020-07-22 18:10:21,793] {standard_task_runner.py:53} INFO - Started process 708365 to run task
[2020-07-22 18:10:22,006] {logging_mixin.py:112} INFO - Running %s on host %s <TaskInstance: submit_data.spark_submit 2020-07-20T08:46:00+00:00 [running]> bhakti-Vostro-3558
[2020-07-22 18:10:22,042] {logging_mixin.py:112} INFO - [2020-07-22 18:10:22,042] {base_hook.py:87} INFO - Using connection to: id: spark_local. Host: local, Port: None, Schema: None, Login: None, Password: None, extra: None
[2020-07-22 18:10:22,044] {logging_mixin.py:112} INFO - [2020-07-22 18:10:22,043] {spark_submit_hook.py:325} INFO - Spark-Submit cmd: spark-submit --master local --name airflow-spark /home/bhakti/airflow/spark_jobs/spark_test.py
[2020-07-22 18:10:24,527] {logging_mixin.py:112} INFO - [2020-07-22 18:10:24,526] {spark_submit_hook.py:479} INFO - 20/07/22 18:10:24 WARN Utils: Your hostname, bhakti-Vostro-3558 resolves to a loopback address: 127.0.1.1; using 192.168.43.94 instead (on interface wlp6s0)
[2020-07-22 18:10:24,527] {logging_mixin.py:112} INFO - [2020-07-22 18:10:24,527] {spark_submit_hook.py:479} INFO - 20/07/22 18:10:24 WARN Utils: Set SPARK_LOCAL_IP if you need to bind to another address
[2020-07-22 18:10:26,313] {logging_mixin.py:112} INFO - [2020-07-22 18:10:26,312] {spark_submit_hook.py:479} INFO - 20/07/22 18:10:26 WARN NativeCodeLoader: Unable to load native-hadoop library for your platform... using builtin-java classes where applicable
[2020-07-22 18:10:28,777] {logging_mixin.py:112} INFO - [2020-07-22 18:10:28,777] {spark_submit_hook.py:479} INFO - Using Spark's default log4j profile: org/apache/spark/log4j-defaults.properties
[2020-07-22 18:10:28,806] {logging_mixin.py:112} INFO - [2020-07-22 18:10:28,805] {spark_submit_hook.py:479} INFO - 20/07/22 18:10:28 INFO SparkContext: Running Spark version 3.0.0
[2020-07-22 18:10:28,882] {logging_mixin.py:112} INFO - [2020-07-22 18:10:28,881] {spark_submit_hook.py:479} INFO - 20/07/22 18:10:28 INFO ResourceUtils: ==============================================================
[2020-07-22 18:10:28,884] {logging_mixin.py:112} INFO - [2020-07-22 18:10:28,884] {spark_submit_hook.py:479} INFO - 20/07/22 18:10:28 INFO ResourceUtils: Resources for spark.driver:
[2020-07-22 18:10:28,885] {logging_mixin.py:112} INFO - [2020-07-22 18:10:28,884] {spark_submit_hook.py:479} INFO - 
[2020-07-22 18:10:28,885] {logging_mixin.py:112} INFO - [2020-07-22 18:10:28,885] {spark_submit_hook.py:479} INFO - 20/07/22 18:10:28 INFO ResourceUtils: ==============================================================
[2020-07-22 18:10:28,886] {logging_mixin.py:112} INFO - [2020-07-22 18:10:28,886] {spark_submit_hook.py:479} INFO - 20/07/22 18:10:28 INFO SparkContext: Submitted application: Spark_Test_Python
[2020-07-22 18:10:29,009] {logging_mixin.py:112} INFO - [2020-07-22 18:10:29,008] {spark_submit_hook.py:479} INFO - 20/07/22 18:10:29 INFO SecurityManager: Changing view acls to: bhakti
[2020-07-22 18:10:29,009] {logging_mixin.py:112} INFO - [2020-07-22 18:10:29,009] {spark_submit_hook.py:479} INFO - 20/07/22 18:10:29 INFO SecurityManager: Changing modify acls to: bhakti
[2020-07-22 18:10:29,009] {logging_mixin.py:112} INFO - [2020-07-22 18:10:29,009] {spark_submit_hook.py:479} INFO - 20/07/22 18:10:29 INFO SecurityManager: Changing view acls groups to:
[2020-07-22 18:10:29,010] {logging_mixin.py:112} INFO - [2020-07-22 18:10:29,009] {spark_submit_hook.py:479} INFO - 20/07/22 18:10:29 INFO SecurityManager: Changing modify acls groups to:
[2020-07-22 18:10:29,010] {logging_mixin.py:112} INFO - [2020-07-22 18:10:29,010] {spark_submit_hook.py:479} INFO - 20/07/22 18:10:29 INFO SecurityManager: SecurityManager: authentication disabled; ui acls disabled; users  with view permissions: Set(bhakti); groups with view permissions: Set(); users  with modify permissions: Set(bhakti); groups with modify permissions: Set()
[2020-07-22 18:10:29,439] {logging_mixin.py:112} INFO - [2020-07-22 18:10:29,439] {spark_submit_hook.py:479} INFO - 20/07/22 18:10:29 INFO Utils: Successfully started service 'sparkDriver' on port 36437.
[2020-07-22 18:10:29,490] {logging_mixin.py:112} INFO - [2020-07-22 18:10:29,489] {spark_submit_hook.py:479} INFO - 20/07/22 18:10:29 INFO SparkEnv: Registering MapOutputTracker
[2020-07-22 18:10:29,545] {logging_mixin.py:112} INFO - [2020-07-22 18:10:29,545] {spark_submit_hook.py:479} INFO - 20/07/22 18:10:29 INFO SparkEnv: Registering BlockManagerMaster
[2020-07-22 18:10:29,579] {logging_mixin.py:112} INFO - [2020-07-22 18:10:29,579] {spark_submit_hook.py:479} INFO - 20/07/22 18:10:29 INFO BlockManagerMasterEndpoint: Using org.apache.spark.storage.DefaultTopologyMapper for getting topology information
[2020-07-22 18:10:29,580] {logging_mixin.py:112} INFO - [2020-07-22 18:10:29,580] {spark_submit_hook.py:479} INFO - 20/07/22 18:10:29 INFO BlockManagerMasterEndpoint: BlockManagerMasterEndpoint up
[2020-07-22 18:10:29,589] {logging_mixin.py:112} INFO - [2020-07-22 18:10:29,589] {spark_submit_hook.py:479} INFO - 20/07/22 18:10:29 INFO SparkEnv: Registering BlockManagerMasterHeartbeat
[2020-07-22 18:10:29,610] {logging_mixin.py:112} INFO - [2020-07-22 18:10:29,610] {spark_submit_hook.py:479} INFO - 20/07/22 18:10:29 INFO DiskBlockManager: Created local directory at /tmp/blockmgr-f36e7c49-dd4b-4c18-9b89-7873b2c02ced
[2020-07-22 18:10:29,646] {logging_mixin.py:112} INFO - [2020-07-22 18:10:29,645] {spark_submit_hook.py:479} INFO - 20/07/22 18:10:29 INFO MemoryStore: MemoryStore started with capacity 366.3 MiB
[2020-07-22 18:10:29,673] {logging_mixin.py:112} INFO - [2020-07-22 18:10:29,672] {spark_submit_hook.py:479} INFO - 20/07/22 18:10:29 INFO SparkEnv: Registering OutputCommitCoordinator
[2020-07-22 18:10:30,088] {logging_mixin.py:112} INFO - [2020-07-22 18:10:30,088] {spark_submit_hook.py:479} INFO - 20/07/22 18:10:30 INFO Utils: Successfully started service 'SparkUI' on port 4040.
[2020-07-22 18:10:30,171] {logging_mixin.py:112} INFO - [2020-07-22 18:10:30,171] {spark_submit_hook.py:479} INFO - 20/07/22 18:10:30 INFO SparkUI: Bound SparkUI to 0.0.0.0, and started at http://192.168.43.94:4040
[2020-07-22 18:10:30,520] {logging_mixin.py:112} INFO - [2020-07-22 18:10:30,520] {spark_submit_hook.py:479} INFO - 20/07/22 18:10:30 INFO Executor: Starting executor ID driver on host 192.168.43.94
[2020-07-22 18:10:30,564] {logging_mixin.py:112} INFO - [2020-07-22 18:10:30,563] {spark_submit_hook.py:479} INFO - 20/07/22 18:10:30 INFO Utils: Successfully started service 'org.apache.spark.network.netty.NettyBlockTransferService' on port 36361.
[2020-07-22 18:10:30,564] {logging_mixin.py:112} INFO - [2020-07-22 18:10:30,564] {spark_submit_hook.py:479} INFO - 20/07/22 18:10:30 INFO NettyBlockTransferService: Server created on 192.168.43.94:36361
[2020-07-22 18:10:30,567] {logging_mixin.py:112} INFO - [2020-07-22 18:10:30,567] {spark_submit_hook.py:479} INFO - 20/07/22 18:10:30 INFO BlockManager: Using org.apache.spark.storage.RandomBlockReplicationPolicy for block replication policy
[2020-07-22 18:10:30,580] {logging_mixin.py:112} INFO - [2020-07-22 18:10:30,580] {spark_submit_hook.py:479} INFO - 20/07/22 18:10:30 INFO BlockManagerMaster: Registering BlockManager BlockManagerId(driver, 192.168.43.94, 36361, None)
[2020-07-22 18:10:30,589] {logging_mixin.py:112} INFO - [2020-07-22 18:10:30,588] {spark_submit_hook.py:479} INFO - 20/07/22 18:10:30 INFO BlockManagerMasterEndpoint: Registering block manager 192.168.43.94:36361 with 366.3 MiB RAM, BlockManagerId(driver, 192.168.43.94, 36361, None)
[2020-07-22 18:10:30,594] {logging_mixin.py:112} INFO - [2020-07-22 18:10:30,593] {spark_submit_hook.py:479} INFO - 20/07/22 18:10:30 INFO BlockManagerMaster: Registered BlockManager BlockManagerId(driver, 192.168.43.94, 36361, None)
[2020-07-22 18:10:30,597] {logging_mixin.py:112} INFO - [2020-07-22 18:10:30,596] {spark_submit_hook.py:479} INFO - 20/07/22 18:10:30 INFO BlockManager: Initialized BlockManager: BlockManagerId(driver, 192.168.43.94, 36361, None)
[2020-07-22 18:10:32,131] {logging_mixin.py:112} INFO - [2020-07-22 18:10:32,131] {spark_submit_hook.py:479} INFO - 20/07/22 18:10:32 INFO MemoryStore: Block broadcast_0 stored as values in memory (estimated size 241.5 KiB, free 366.1 MiB)
[2020-07-22 18:10:32,294] {logging_mixin.py:112} INFO - [2020-07-22 18:10:32,294] {spark_submit_hook.py:479} INFO - 20/07/22 18:10:32 INFO MemoryStore: Block broadcast_0_piece0 stored as bytes in memory (estimated size 23.4 KiB, free 366.0 MiB)
[2020-07-22 18:10:32,300] {logging_mixin.py:112} INFO - [2020-07-22 18:10:32,300] {spark_submit_hook.py:479} INFO - 20/07/22 18:10:32 INFO BlockManagerInfo: Added broadcast_0_piece0 in memory on 192.168.43.94:36361 (size: 23.4 KiB, free: 366.3 MiB)
[2020-07-22 18:10:32,325] {logging_mixin.py:112} INFO - [2020-07-22 18:10:32,324] {spark_submit_hook.py:479} INFO - 20/07/22 18:10:32 INFO SparkContext: Created broadcast 0 from textFile at NativeMethodAccessorImpl.java:0
[2020-07-22 18:10:32,666] {logging_mixin.py:112} INFO - [2020-07-22 18:10:32,666] {spark_submit_hook.py:479} INFO - 20/07/22 18:10:32 INFO FileInputFormat: Total input paths to process : 1
[2020-07-22 18:10:32,833] {logging_mixin.py:112} INFO - [2020-07-22 18:10:32,833] {spark_submit_hook.py:479} INFO - 20/07/22 18:10:32 INFO SparkContext: Starting job: collect at /home/bhakti/airflow/spark_jobs/spark_test.py:8
[2020-07-22 18:10:32,876] {logging_mixin.py:112} INFO - [2020-07-22 18:10:32,876] {spark_submit_hook.py:479} INFO - 20/07/22 18:10:32 INFO DAGScheduler: Got job 0 (collect at /home/bhakti/airflow/spark_jobs/spark_test.py:8) with 1 output partitions
[2020-07-22 18:10:32,877] {logging_mixin.py:112} INFO - [2020-07-22 18:10:32,876] {spark_submit_hook.py:479} INFO - 20/07/22 18:10:32 INFO DAGScheduler: Final stage: ResultStage 0 (collect at /home/bhakti/airflow/spark_jobs/spark_test.py:8)
[2020-07-22 18:10:32,883] {logging_mixin.py:112} INFO - [2020-07-22 18:10:32,883] {spark_submit_hook.py:479} INFO - 20/07/22 18:10:32 INFO DAGScheduler: Parents of final stage: List()
[2020-07-22 18:10:32,883] {logging_mixin.py:112} INFO - [2020-07-22 18:10:32,883] {spark_submit_hook.py:479} INFO - 20/07/22 18:10:32 INFO DAGScheduler: Missing parents: List()
[2020-07-22 18:10:32,913] {logging_mixin.py:112} INFO - [2020-07-22 18:10:32,913] {spark_submit_hook.py:479} INFO - 20/07/22 18:10:32 INFO DAGScheduler: Submitting ResultStage 0 (PythonRDD[2] at collect at /home/bhakti/airflow/spark_jobs/spark_test.py:8), which has no missing parents
[2020-07-22 18:10:32,969] {logging_mixin.py:112} INFO - [2020-07-22 18:10:32,969] {spark_submit_hook.py:479} INFO - 20/07/22 18:10:32 INFO MemoryStore: Block broadcast_1 stored as values in memory (estimated size 7.4 KiB, free 366.0 MiB)
[2020-07-22 18:10:32,983] {logging_mixin.py:112} INFO - [2020-07-22 18:10:32,983] {spark_submit_hook.py:479} INFO - 20/07/22 18:10:32 INFO MemoryStore: Block broadcast_1_piece0 stored as bytes in memory (estimated size 4.4 KiB, free 366.0 MiB)
[2020-07-22 18:10:32,985] {logging_mixin.py:112} INFO - [2020-07-22 18:10:32,985] {spark_submit_hook.py:479} INFO - 20/07/22 18:10:32 INFO BlockManagerInfo: Added broadcast_1_piece0 in memory on 192.168.43.94:36361 (size: 4.4 KiB, free: 366.3 MiB)
[2020-07-22 18:10:32,987] {logging_mixin.py:112} INFO - [2020-07-22 18:10:32,987] {spark_submit_hook.py:479} INFO - 20/07/22 18:10:32 INFO SparkContext: Created broadcast 1 from broadcast at DAGScheduler.scala:1200
[2020-07-22 18:10:33,012] {logging_mixin.py:112} INFO - [2020-07-22 18:10:33,012] {spark_submit_hook.py:479} INFO - 20/07/22 18:10:33 INFO DAGScheduler: Submitting 1 missing tasks from ResultStage 0 (PythonRDD[2] at collect at /home/bhakti/airflow/spark_jobs/spark_test.py:8) (first 15 tasks are for partitions Vector(0))
[2020-07-22 18:10:33,015] {logging_mixin.py:112} INFO - [2020-07-22 18:10:33,014] {spark_submit_hook.py:479} INFO - 20/07/22 18:10:33 INFO TaskSchedulerImpl: Adding task set 0.0 with 1 tasks
[2020-07-22 18:10:33,117] {logging_mixin.py:112} INFO - [2020-07-22 18:10:33,117] {spark_submit_hook.py:479} INFO - 20/07/22 18:10:33 INFO TaskSetManager: Starting task 0.0 in stage 0.0 (TID 0, 192.168.43.94, executor driver, partition 0, PROCESS_LOCAL, 7388 bytes)
[2020-07-22 18:10:33,144] {logging_mixin.py:112} INFO - [2020-07-22 18:10:33,144] {spark_submit_hook.py:479} INFO - 20/07/22 18:10:33 INFO Executor: Running task 0.0 in stage 0.0 (TID 0)
[2020-07-22 18:10:33,611] {logging_mixin.py:112} INFO - [2020-07-22 18:10:33,611] {spark_submit_hook.py:479} INFO - 20/07/22 18:10:33 INFO HadoopRDD: Input split: file:/home/bhakti/airflow/input_data/sample.csv:0+93
[2020-07-22 18:10:34,408] {logging_mixin.py:112} INFO - [2020-07-22 18:10:34,408] {spark_submit_hook.py:479} INFO - 20/07/22 18:10:34 INFO PythonRunner: Times: total = 768, boot = 748, init = 20, finish = 0
[2020-07-22 18:10:34,446] {logging_mixin.py:112} INFO - [2020-07-22 18:10:34,446] {spark_submit_hook.py:479} INFO - 20/07/22 18:10:34 INFO Executor: Finished task 0.0 in stage 0.0 (TID 0). 1822 bytes result sent to driver
[2020-07-22 18:10:34,462] {logging_mixin.py:112} INFO - [2020-07-22 18:10:34,461] {spark_submit_hook.py:479} INFO - 20/07/22 18:10:34 INFO TaskSetManager: Finished task 0.0 in stage 0.0 (TID 0) in 1370 ms on 192.168.43.94 (executor driver) (1/1)
[2020-07-22 18:10:34,466] {logging_mixin.py:112} INFO - [2020-07-22 18:10:34,465] {spark_submit_hook.py:479} INFO - 20/07/22 18:10:34 INFO TaskSchedulerImpl: Removed TaskSet 0.0, whose tasks have all completed, from pool
[2020-07-22 18:10:34,472] {logging_mixin.py:112} INFO - [2020-07-22 18:10:34,471] {spark_submit_hook.py:479} INFO - 20/07/22 18:10:34 INFO PythonAccumulatorV2: Connected to AccumulatorServer at host: 127.0.0.1 port: 57355
[2020-07-22 18:10:34,480] {logging_mixin.py:112} INFO - [2020-07-22 18:10:34,480] {spark_submit_hook.py:479} INFO - 20/07/22 18:10:34 INFO DAGScheduler: ResultStage 0 (collect at /home/bhakti/airflow/spark_jobs/spark_test.py:8) finished in 1.523 s
[2020-07-22 18:10:34,491] {logging_mixin.py:112} INFO - [2020-07-22 18:10:34,490] {spark_submit_hook.py:479} INFO - 20/07/22 18:10:34 INFO DAGScheduler: Job 0 is finished. Cancelling potential speculative or zombie tasks for this job
[2020-07-22 18:10:34,492] {logging_mixin.py:112} INFO - [2020-07-22 18:10:34,492] {spark_submit_hook.py:479} INFO - 20/07/22 18:10:34 INFO TaskSchedulerImpl: Killing all running tasks in stage 0: Stage finished
[2020-07-22 18:10:34,496] {logging_mixin.py:112} INFO - [2020-07-22 18:10:34,496] {spark_submit_hook.py:479} INFO - 20/07/22 18:10:34 INFO DAGScheduler: Job 0 finished: collect at /home/bhakti/airflow/spark_jobs/spark_test.py:8, took 1.663635 s
[2020-07-22 18:10:34,514] {logging_mixin.py:112} INFO - [2020-07-22 18:10:34,514] {spark_submit_hook.py:479} INFO - [('PERSON', 'JOINING_YEAR', 'COMPANY'), ('John', '2018', 'Google'), ('Sam', '2017', 'IBM'), ('Jeff', '2014', 'Yahoo'), ('Allen', '2015', 'Facebook')]
[2020-07-22 18:10:35,246] {logging_mixin.py:112} INFO - [2020-07-22 18:10:35,246] {spark_submit_hook.py:479} INFO - 20/07/22 18:10:35 INFO BlockManagerInfo: Removed broadcast_0_piece0 on 192.168.43.94:36361 in memory (size: 23.4 KiB, free: 366.3 MiB)
[2020-07-22 18:10:35,266] {logging_mixin.py:112} INFO - [2020-07-22 18:10:35,266] {spark_submit_hook.py:479} INFO - 20/07/22 18:10:35 INFO BlockManagerInfo: Removed broadcast_1_piece0 on 192.168.43.94:36361 in memory (size: 4.4 KiB, free: 366.3 MiB)
[2020-07-22 18:10:35,361] {logging_mixin.py:112} INFO - [2020-07-22 18:10:35,361] {spark_submit_hook.py:479} INFO - 20/07/22 18:10:35 INFO SharedState: Setting hive.metastore.warehouse.dir ('null') to the value of spark.sql.warehouse.dir ('file:/home/bhakti/airflow/spark-warehouse').
[2020-07-22 18:10:35,362] {logging_mixin.py:112} INFO - [2020-07-22 18:10:35,362] {spark_submit_hook.py:479} INFO - 20/07/22 18:10:35 INFO SharedState: Warehouse path is 'file:/home/bhakti/airflow/spark-warehouse'.
[2020-07-22 18:10:39,546] {logging_mixin.py:112} INFO - [2020-07-22 18:10:39,546] {spark_submit_hook.py:479} INFO - 20/07/22 18:10:39 INFO CodeGenerator: Code generated in 339.89507 ms
[2020-07-22 18:10:39,619] {logging_mixin.py:112} INFO - [2020-07-22 18:10:39,618] {spark_submit_hook.py:479} INFO - 20/07/22 18:10:39 INFO SparkContext: Starting job: showString at NativeMethodAccessorImpl.java:0
[2020-07-22 18:10:39,624] {logging_mixin.py:112} INFO - [2020-07-22 18:10:39,624] {spark_submit_hook.py:479} INFO - 20/07/22 18:10:39 INFO DAGScheduler: Got job 1 (showString at NativeMethodAccessorImpl.java:0) with 1 output partitions
[2020-07-22 18:10:39,624] {logging_mixin.py:112} INFO - [2020-07-22 18:10:39,624] {spark_submit_hook.py:479} INFO - 20/07/22 18:10:39 INFO DAGScheduler: Final stage: ResultStage 1 (showString at NativeMethodAccessorImpl.java:0)
[2020-07-22 18:10:39,625] {logging_mixin.py:112} INFO - [2020-07-22 18:10:39,624] {spark_submit_hook.py:479} INFO - 20/07/22 18:10:39 INFO DAGScheduler: Parents of final stage: List()
[2020-07-22 18:10:39,625] {logging_mixin.py:112} INFO - [2020-07-22 18:10:39,625] {spark_submit_hook.py:479} INFO - 20/07/22 18:10:39 INFO DAGScheduler: Missing parents: List()
[2020-07-22 18:10:39,626] {logging_mixin.py:112} INFO - [2020-07-22 18:10:39,625] {spark_submit_hook.py:479} INFO - 20/07/22 18:10:39 INFO DAGScheduler: Submitting ResultStage 1 (MapPartitionsRDD[9] at showString at NativeMethodAccessorImpl.java:0), which has no missing parents
[2020-07-22 18:10:39,654] {logging_mixin.py:112} INFO - [2020-07-22 18:10:39,653] {spark_submit_hook.py:479} INFO - 20/07/22 18:10:39 INFO MemoryStore: Block broadcast_2 stored as values in memory (estimated size 11.2 KiB, free 366.3 MiB)
[2020-07-22 18:10:39,659] {logging_mixin.py:112} INFO - [2020-07-22 18:10:39,658] {spark_submit_hook.py:479} INFO - 20/07/22 18:10:39 INFO MemoryStore: Block broadcast_2_piece0 stored as bytes in memory (estimated size 5.8 KiB, free 366.3 MiB)
[2020-07-22 18:10:39,661] {logging_mixin.py:112} INFO - [2020-07-22 18:10:39,660] {spark_submit_hook.py:479} INFO - 20/07/22 18:10:39 INFO BlockManagerInfo: Added broadcast_2_piece0 in memory on 192.168.43.94:36361 (size: 5.8 KiB, free: 366.3 MiB)
[2020-07-22 18:10:39,662] {logging_mixin.py:112} INFO - [2020-07-22 18:10:39,662] {spark_submit_hook.py:479} INFO - 20/07/22 18:10:39 INFO SparkContext: Created broadcast 2 from broadcast at DAGScheduler.scala:1200
[2020-07-22 18:10:39,664] {logging_mixin.py:112} INFO - [2020-07-22 18:10:39,664] {spark_submit_hook.py:479} INFO - 20/07/22 18:10:39 INFO DAGScheduler: Submitting 1 missing tasks from ResultStage 1 (MapPartitionsRDD[9] at showString at NativeMethodAccessorImpl.java:0) (first 15 tasks are for partitions Vector(0))
[2020-07-22 18:10:39,665] {logging_mixin.py:112} INFO - [2020-07-22 18:10:39,665] {spark_submit_hook.py:479} INFO - 20/07/22 18:10:39 INFO TaskSchedulerImpl: Adding task set 1.0 with 1 tasks
[2020-07-22 18:10:39,695] {logging_mixin.py:112} INFO - [2020-07-22 18:10:39,695] {spark_submit_hook.py:479} INFO - 20/07/22 18:10:39 INFO TaskSetManager: Starting task 0.0 in stage 1.0 (TID 1, 192.168.43.94, executor driver, partition 0, PROCESS_LOCAL, 7493 bytes)
[2020-07-22 18:10:39,697] {logging_mixin.py:112} INFO - [2020-07-22 18:10:39,697] {spark_submit_hook.py:479} INFO - 20/07/22 18:10:39 INFO Executor: Running task 0.0 in stage 1.0 (TID 1)
[2020-07-22 18:10:39,794] {logging_mixin.py:112} INFO - [2020-07-22 18:10:39,794] {spark_submit_hook.py:479} INFO - 20/07/22 18:10:39 INFO PythonRunner: Times: total = 3, boot = -5346, init = 5349, finish = 0
[2020-07-22 18:10:39,799] {logging_mixin.py:112} INFO - [2020-07-22 18:10:39,799] {spark_submit_hook.py:479} INFO - 20/07/22 18:10:39 INFO Executor: Finished task 0.0 in stage 1.0 (TID 1). 2192 bytes result sent to driver
[2020-07-22 18:10:39,805] {logging_mixin.py:112} INFO - [2020-07-22 18:10:39,805] {spark_submit_hook.py:479} INFO - 20/07/22 18:10:39 INFO TaskSetManager: Finished task 0.0 in stage 1.0 (TID 1) in 137 ms on 192.168.43.94 (executor driver) (1/1)
[2020-07-22 18:10:39,806] {logging_mixin.py:112} INFO - [2020-07-22 18:10:39,806] {spark_submit_hook.py:479} INFO - 20/07/22 18:10:39 INFO TaskSchedulerImpl: Removed TaskSet 1.0, whose tasks have all completed, from pool
[2020-07-22 18:10:39,819] {logging_mixin.py:112} INFO - [2020-07-22 18:10:39,819] {spark_submit_hook.py:479} INFO - 20/07/22 18:10:39 INFO DAGScheduler: ResultStage 1 (showString at NativeMethodAccessorImpl.java:0) finished in 0.179 s
[2020-07-22 18:10:39,819] {logging_mixin.py:112} INFO - [2020-07-22 18:10:39,819] {spark_submit_hook.py:479} INFO - 20/07/22 18:10:39 INFO DAGScheduler: Job 1 is finished. Cancelling potential speculative or zombie tasks for this job
[2020-07-22 18:10:39,819] {logging_mixin.py:112} INFO - [2020-07-22 18:10:39,819] {spark_submit_hook.py:479} INFO - 20/07/22 18:10:39 INFO TaskSchedulerImpl: Killing all running tasks in stage 1: Stage finished
[2020-07-22 18:10:39,820] {logging_mixin.py:112} INFO - [2020-07-22 18:10:39,819] {spark_submit_hook.py:479} INFO - 20/07/22 18:10:39 INFO DAGScheduler: Job 1 finished: showString at NativeMethodAccessorImpl.java:0, took 0.191294 s
[2020-07-22 18:10:39,895] {logging_mixin.py:112} INFO - [2020-07-22 18:10:39,895] {spark_submit_hook.py:479} INFO - 20/07/22 18:10:39 INFO CodeGenerator: Code generated in 51.908797 ms
[2020-07-22 18:10:39,939] {logging_mixin.py:112} INFO - [2020-07-22 18:10:39,939] {spark_submit_hook.py:479} INFO - +------+------------+--------+
[2020-07-22 18:10:39,940] {logging_mixin.py:112} INFO - [2020-07-22 18:10:39,939] {spark_submit_hook.py:479} INFO - |    _1|          _2|      _3|
[2020-07-22 18:10:39,940] {logging_mixin.py:112} INFO - [2020-07-22 18:10:39,940] {spark_submit_hook.py:479} INFO - +------+------------+--------+
[2020-07-22 18:10:39,940] {logging_mixin.py:112} INFO - [2020-07-22 18:10:39,940] {spark_submit_hook.py:479} INFO - |PERSON|JOINING_YEAR| COMPANY|
[2020-07-22 18:10:39,941] {logging_mixin.py:112} INFO - [2020-07-22 18:10:39,940] {spark_submit_hook.py:479} INFO - |  John|        2018|  Google|
[2020-07-22 18:10:39,941] {logging_mixin.py:112} INFO - [2020-07-22 18:10:39,941] {spark_submit_hook.py:479} INFO - |   Sam|        2017|     IBM|
[2020-07-22 18:10:39,941] {logging_mixin.py:112} INFO - [2020-07-22 18:10:39,941] {spark_submit_hook.py:479} INFO - |  Jeff|        2014|   Yahoo|
[2020-07-22 18:10:39,941] {logging_mixin.py:112} INFO - [2020-07-22 18:10:39,941] {spark_submit_hook.py:479} INFO - | Allen|        2015|Facebook|
[2020-07-22 18:10:39,942] {logging_mixin.py:112} INFO - [2020-07-22 18:10:39,942] {spark_submit_hook.py:479} INFO - +------+------------+--------+
[2020-07-22 18:10:39,942] {logging_mixin.py:112} INFO - [2020-07-22 18:10:39,942] {spark_submit_hook.py:479} INFO - 
[2020-07-22 18:10:40,073] {logging_mixin.py:112} INFO - [2020-07-22 18:10:40,073] {spark_submit_hook.py:479} INFO - 20/07/22 18:10:40 INFO SparkContext: Invoking stop() from shutdown hook
[2020-07-22 18:10:40,091] {logging_mixin.py:112} INFO - [2020-07-22 18:10:40,091] {spark_submit_hook.py:479} INFO - 20/07/22 18:10:40 INFO SparkUI: Stopped Spark web UI at http://192.168.43.94:4040
[2020-07-22 18:10:40,130] {logging_mixin.py:112} INFO - [2020-07-22 18:10:40,130] {spark_submit_hook.py:479} INFO - 20/07/22 18:10:40 INFO MapOutputTrackerMasterEndpoint: MapOutputTrackerMasterEndpoint stopped!
[2020-07-22 18:10:40,148] {logging_mixin.py:112} INFO - [2020-07-22 18:10:40,147] {spark_submit_hook.py:479} INFO - 20/07/22 18:10:40 INFO MemoryStore: MemoryStore cleared
[2020-07-22 18:10:40,148] {logging_mixin.py:112} INFO - [2020-07-22 18:10:40,148] {spark_submit_hook.py:479} INFO - 20/07/22 18:10:40 INFO BlockManager: BlockManager stopped
[2020-07-22 18:10:40,158] {logging_mixin.py:112} INFO - [2020-07-22 18:10:40,157] {spark_submit_hook.py:479} INFO - 20/07/22 18:10:40 INFO BlockManagerMaster: BlockManagerMaster stopped
[2020-07-22 18:10:40,164] {logging_mixin.py:112} INFO - [2020-07-22 18:10:40,164] {spark_submit_hook.py:479} INFO - 20/07/22 18:10:40 INFO OutputCommitCoordinator$OutputCommitCoordinatorEndpoint: OutputCommitCoordinator stopped!
[2020-07-22 18:10:40,184] {logging_mixin.py:112} INFO - [2020-07-22 18:10:40,183] {spark_submit_hook.py:479} INFO - 20/07/22 18:10:40 INFO SparkContext: Successfully stopped SparkContext
[2020-07-22 18:10:40,185] {logging_mixin.py:112} INFO - [2020-07-22 18:10:40,184] {spark_submit_hook.py:479} INFO - 20/07/22 18:10:40 INFO ShutdownHookManager: Shutdown hook called
[2020-07-22 18:10:40,187] {logging_mixin.py:112} INFO - [2020-07-22 18:10:40,186] {spark_submit_hook.py:479} INFO - 20/07/22 18:10:40 INFO ShutdownHookManager: Deleting directory /tmp/spark-c5a30fc4-9bf5-49f8-a5b0-2a2df49cee0c
[2020-07-22 18:10:40,192] {logging_mixin.py:112} INFO - [2020-07-22 18:10:40,192] {spark_submit_hook.py:479} INFO - 20/07/22 18:10:40 INFO ShutdownHookManager: Deleting directory /tmp/spark-7d04cc36-94d4-4bb3-8cbb-58a21f062e4c
[2020-07-22 18:10:40,198] {logging_mixin.py:112} INFO - [2020-07-22 18:10:40,197] {spark_submit_hook.py:479} INFO - 20/07/22 18:10:40 INFO ShutdownHookManager: Deleting directory /tmp/spark-7d04cc36-94d4-4bb3-8cbb-58a21f062e4c/pyspark-b1e7dba3-c330-433d-be05-f73ecf218482
[2020-07-22 18:10:40,401] {taskinstance.py:1052} INFO - Marking task as SUCCESS.dag_id=submit_data, task_id=spark_submit, execution_date=20200720T084600, start_date=20200722T124021, end_date=20200722T124040
[2020-07-22 18:10:41,619] {logging_mixin.py:112} INFO - [2020-07-22 18:10:41,619] {local_task_job.py:103} INFO - Task exited with return code 0
