[2020-07-22 18:07:53,615] {taskinstance.py:669} INFO - Dependencies all met for <TaskInstance: submit_data.spark_submit 2020-07-20T08:42:00+00:00 [queued]>
[2020-07-22 18:07:53,632] {taskinstance.py:669} INFO - Dependencies all met for <TaskInstance: submit_data.spark_submit 2020-07-20T08:42:00+00:00 [queued]>
[2020-07-22 18:07:53,632] {taskinstance.py:879} INFO - 
--------------------------------------------------------------------------------
[2020-07-22 18:07:53,633] {taskinstance.py:880} INFO - Starting attempt 1 of 1
[2020-07-22 18:07:53,633] {taskinstance.py:881} INFO - 
--------------------------------------------------------------------------------
[2020-07-22 18:07:53,779] {taskinstance.py:900} INFO - Executing <Task(SparkSubmitOperator): spark_submit> on 2020-07-20T08:42:00+00:00
[2020-07-22 18:07:53,786] {standard_task_runner.py:53} INFO - Started process 704857 to run task
[2020-07-22 18:07:54,022] {logging_mixin.py:112} INFO - Running %s on host %s <TaskInstance: submit_data.spark_submit 2020-07-20T08:42:00+00:00 [running]> bhakti-Vostro-3558
[2020-07-22 18:07:54,064] {logging_mixin.py:112} INFO - [2020-07-22 18:07:54,063] {base_hook.py:87} INFO - Using connection to: id: spark_local. Host: local, Port: None, Schema: None, Login: None, Password: None, extra: None
[2020-07-22 18:07:54,065] {logging_mixin.py:112} INFO - [2020-07-22 18:07:54,065] {spark_submit_hook.py:325} INFO - Spark-Submit cmd: spark-submit --master local --name airflow-spark /home/bhakti/airflow/spark_jobs/spark_test.py
[2020-07-22 18:07:56,920] {logging_mixin.py:112} INFO - [2020-07-22 18:07:56,920] {spark_submit_hook.py:479} INFO - 20/07/22 18:07:56 WARN Utils: Your hostname, bhakti-Vostro-3558 resolves to a loopback address: 127.0.1.1; using 192.168.43.94 instead (on interface wlp6s0)
[2020-07-22 18:07:56,941] {logging_mixin.py:112} INFO - [2020-07-22 18:07:56,940] {spark_submit_hook.py:479} INFO - 20/07/22 18:07:56 WARN Utils: Set SPARK_LOCAL_IP if you need to bind to another address
[2020-07-22 18:07:58,953] {logging_mixin.py:112} INFO - [2020-07-22 18:07:58,953] {spark_submit_hook.py:479} INFO - 20/07/22 18:07:58 WARN NativeCodeLoader: Unable to load native-hadoop library for your platform... using builtin-java classes where applicable
[2020-07-22 18:08:00,246] {logging_mixin.py:112} INFO - [2020-07-22 18:08:00,246] {spark_submit_hook.py:479} INFO - Using Spark's default log4j profile: org/apache/spark/log4j-defaults.properties
[2020-07-22 18:08:00,280] {logging_mixin.py:112} INFO - [2020-07-22 18:08:00,280] {spark_submit_hook.py:479} INFO - 20/07/22 18:08:00 INFO SparkContext: Running Spark version 3.0.0
[2020-07-22 18:08:00,381] {logging_mixin.py:112} INFO - [2020-07-22 18:08:00,380] {spark_submit_hook.py:479} INFO - 20/07/22 18:08:00 INFO ResourceUtils: ==============================================================
[2020-07-22 18:08:00,383] {logging_mixin.py:112} INFO - [2020-07-22 18:08:00,382] {spark_submit_hook.py:479} INFO - 20/07/22 18:08:00 INFO ResourceUtils: Resources for spark.driver:
[2020-07-22 18:08:00,383] {logging_mixin.py:112} INFO - [2020-07-22 18:08:00,383] {spark_submit_hook.py:479} INFO - 
[2020-07-22 18:08:00,384] {logging_mixin.py:112} INFO - [2020-07-22 18:08:00,383] {spark_submit_hook.py:479} INFO - 20/07/22 18:08:00 INFO ResourceUtils: ==============================================================
[2020-07-22 18:08:00,384] {logging_mixin.py:112} INFO - [2020-07-22 18:08:00,384] {spark_submit_hook.py:479} INFO - 20/07/22 18:08:00 INFO SparkContext: Submitted application: Spark_Test_Python
[2020-07-22 18:08:00,480] {logging_mixin.py:112} INFO - [2020-07-22 18:08:00,480] {spark_submit_hook.py:479} INFO - 20/07/22 18:08:00 INFO SecurityManager: Changing view acls to: bhakti
[2020-07-22 18:08:00,480] {logging_mixin.py:112} INFO - [2020-07-22 18:08:00,480] {spark_submit_hook.py:479} INFO - 20/07/22 18:08:00 INFO SecurityManager: Changing modify acls to: bhakti
[2020-07-22 18:08:00,480] {logging_mixin.py:112} INFO - [2020-07-22 18:08:00,480] {spark_submit_hook.py:479} INFO - 20/07/22 18:08:00 INFO SecurityManager: Changing view acls groups to:
[2020-07-22 18:08:00,481] {logging_mixin.py:112} INFO - [2020-07-22 18:08:00,481] {spark_submit_hook.py:479} INFO - 20/07/22 18:08:00 INFO SecurityManager: Changing modify acls groups to:
[2020-07-22 18:08:00,481] {logging_mixin.py:112} INFO - [2020-07-22 18:08:00,481] {spark_submit_hook.py:479} INFO - 20/07/22 18:08:00 INFO SecurityManager: SecurityManager: authentication disabled; ui acls disabled; users  with view permissions: Set(bhakti); groups with view permissions: Set(); users  with modify permissions: Set(bhakti); groups with modify permissions: Set()
[2020-07-22 18:08:00,968] {logging_mixin.py:112} INFO - [2020-07-22 18:08:00,968] {spark_submit_hook.py:479} INFO - 20/07/22 18:08:00 INFO Utils: Successfully started service 'sparkDriver' on port 34525.
[2020-07-22 18:08:01,017] {logging_mixin.py:112} INFO - [2020-07-22 18:08:01,016] {spark_submit_hook.py:479} INFO - 20/07/22 18:08:01 INFO SparkEnv: Registering MapOutputTracker
[2020-07-22 18:08:01,073] {logging_mixin.py:112} INFO - [2020-07-22 18:08:01,073] {spark_submit_hook.py:479} INFO - 20/07/22 18:08:01 INFO SparkEnv: Registering BlockManagerMaster
[2020-07-22 18:08:01,108] {logging_mixin.py:112} INFO - [2020-07-22 18:08:01,108] {spark_submit_hook.py:479} INFO - 20/07/22 18:08:01 INFO BlockManagerMasterEndpoint: Using org.apache.spark.storage.DefaultTopologyMapper for getting topology information
[2020-07-22 18:08:01,109] {logging_mixin.py:112} INFO - [2020-07-22 18:08:01,109] {spark_submit_hook.py:479} INFO - 20/07/22 18:08:01 INFO BlockManagerMasterEndpoint: BlockManagerMasterEndpoint up
[2020-07-22 18:08:01,121] {logging_mixin.py:112} INFO - [2020-07-22 18:08:01,121] {spark_submit_hook.py:479} INFO - 20/07/22 18:08:01 INFO SparkEnv: Registering BlockManagerMasterHeartbeat
[2020-07-22 18:08:01,152] {logging_mixin.py:112} INFO - [2020-07-22 18:08:01,151] {spark_submit_hook.py:479} INFO - 20/07/22 18:08:01 INFO DiskBlockManager: Created local directory at /tmp/blockmgr-2e06da55-a5b2-46cb-a3f9-ba1a4e3c4fa2
[2020-07-22 18:08:01,190] {logging_mixin.py:112} INFO - [2020-07-22 18:08:01,190] {spark_submit_hook.py:479} INFO - 20/07/22 18:08:01 INFO MemoryStore: MemoryStore started with capacity 366.3 MiB
[2020-07-22 18:08:01,216] {logging_mixin.py:112} INFO - [2020-07-22 18:08:01,216] {spark_submit_hook.py:479} INFO - 20/07/22 18:08:01 INFO SparkEnv: Registering OutputCommitCoordinator
[2020-07-22 18:08:01,641] {logging_mixin.py:112} INFO - [2020-07-22 18:08:01,641] {spark_submit_hook.py:479} INFO - 20/07/22 18:08:01 INFO Utils: Successfully started service 'SparkUI' on port 4040.
[2020-07-22 18:08:01,733] {logging_mixin.py:112} INFO - [2020-07-22 18:08:01,733] {spark_submit_hook.py:479} INFO - 20/07/22 18:08:01 INFO SparkUI: Bound SparkUI to 0.0.0.0, and started at http://192.168.43.94:4040
[2020-07-22 18:08:02,150] {logging_mixin.py:112} INFO - [2020-07-22 18:08:02,149] {spark_submit_hook.py:479} INFO - 20/07/22 18:08:02 INFO Executor: Starting executor ID driver on host 192.168.43.94
[2020-07-22 18:08:02,222] {logging_mixin.py:112} INFO - [2020-07-22 18:08:02,221] {spark_submit_hook.py:479} INFO - 20/07/22 18:08:02 INFO Utils: Successfully started service 'org.apache.spark.network.netty.NettyBlockTransferService' on port 41239.
[2020-07-22 18:08:02,223] {logging_mixin.py:112} INFO - [2020-07-22 18:08:02,222] {spark_submit_hook.py:479} INFO - 20/07/22 18:08:02 INFO NettyBlockTransferService: Server created on 192.168.43.94:41239
[2020-07-22 18:08:02,229] {logging_mixin.py:112} INFO - [2020-07-22 18:08:02,228] {spark_submit_hook.py:479} INFO - 20/07/22 18:08:02 INFO BlockManager: Using org.apache.spark.storage.RandomBlockReplicationPolicy for block replication policy
[2020-07-22 18:08:02,255] {logging_mixin.py:112} INFO - [2020-07-22 18:08:02,254] {spark_submit_hook.py:479} INFO - 20/07/22 18:08:02 INFO BlockManagerMaster: Registering BlockManager BlockManagerId(driver, 192.168.43.94, 41239, None)
[2020-07-22 18:08:02,286] {logging_mixin.py:112} INFO - [2020-07-22 18:08:02,285] {spark_submit_hook.py:479} INFO - 20/07/22 18:08:02 INFO BlockManagerMasterEndpoint: Registering block manager 192.168.43.94:41239 with 366.3 MiB RAM, BlockManagerId(driver, 192.168.43.94, 41239, None)
[2020-07-22 18:08:02,300] {logging_mixin.py:112} INFO - [2020-07-22 18:08:02,300] {spark_submit_hook.py:479} INFO - 20/07/22 18:08:02 INFO BlockManagerMaster: Registered BlockManager BlockManagerId(driver, 192.168.43.94, 41239, None)
[2020-07-22 18:08:02,311] {logging_mixin.py:112} INFO - [2020-07-22 18:08:02,311] {spark_submit_hook.py:479} INFO - 20/07/22 18:08:02 INFO BlockManager: Initialized BlockManager: BlockManagerId(driver, 192.168.43.94, 41239, None)
[2020-07-22 18:08:03,964] {logging_mixin.py:112} INFO - [2020-07-22 18:08:03,964] {spark_submit_hook.py:479} INFO - 20/07/22 18:08:03 INFO MemoryStore: Block broadcast_0 stored as values in memory (estimated size 241.5 KiB, free 366.1 MiB)
[2020-07-22 18:08:04,103] {logging_mixin.py:112} INFO - [2020-07-22 18:08:04,103] {spark_submit_hook.py:479} INFO - 20/07/22 18:08:04 INFO MemoryStore: Block broadcast_0_piece0 stored as bytes in memory (estimated size 23.4 KiB, free 366.0 MiB)
[2020-07-22 18:08:04,109] {logging_mixin.py:112} INFO - [2020-07-22 18:08:04,109] {spark_submit_hook.py:479} INFO - 20/07/22 18:08:04 INFO BlockManagerInfo: Added broadcast_0_piece0 in memory on 192.168.43.94:41239 (size: 23.4 KiB, free: 366.3 MiB)
[2020-07-22 18:08:04,121] {logging_mixin.py:112} INFO - [2020-07-22 18:08:04,120] {spark_submit_hook.py:479} INFO - 20/07/22 18:08:04 INFO SparkContext: Created broadcast 0 from textFile at NativeMethodAccessorImpl.java:0
[2020-07-22 18:08:04,496] {logging_mixin.py:112} INFO - [2020-07-22 18:08:04,496] {spark_submit_hook.py:479} INFO - 20/07/22 18:08:04 INFO FileInputFormat: Total input paths to process : 1
[2020-07-22 18:08:04,642] {logging_mixin.py:112} INFO - [2020-07-22 18:08:04,642] {spark_submit_hook.py:479} INFO - 20/07/22 18:08:04 INFO SparkContext: Starting job: collect at /home/bhakti/airflow/spark_jobs/spark_test.py:8
[2020-07-22 18:08:04,672] {logging_mixin.py:112} INFO - [2020-07-22 18:08:04,672] {spark_submit_hook.py:479} INFO - 20/07/22 18:08:04 INFO DAGScheduler: Got job 0 (collect at /home/bhakti/airflow/spark_jobs/spark_test.py:8) with 1 output partitions
[2020-07-22 18:08:04,678] {logging_mixin.py:112} INFO - [2020-07-22 18:08:04,677] {spark_submit_hook.py:479} INFO - 20/07/22 18:08:04 INFO DAGScheduler: Final stage: ResultStage 0 (collect at /home/bhakti/airflow/spark_jobs/spark_test.py:8)
[2020-07-22 18:08:04,678] {logging_mixin.py:112} INFO - [2020-07-22 18:08:04,678] {spark_submit_hook.py:479} INFO - 20/07/22 18:08:04 INFO DAGScheduler: Parents of final stage: List()
[2020-07-22 18:08:04,682] {logging_mixin.py:112} INFO - [2020-07-22 18:08:04,682] {spark_submit_hook.py:479} INFO - 20/07/22 18:08:04 INFO DAGScheduler: Missing parents: List()
[2020-07-22 18:08:04,708] {logging_mixin.py:112} INFO - [2020-07-22 18:08:04,708] {spark_submit_hook.py:479} INFO - 20/07/22 18:08:04 INFO DAGScheduler: Submitting ResultStage 0 (PythonRDD[2] at collect at /home/bhakti/airflow/spark_jobs/spark_test.py:8), which has no missing parents
[2020-07-22 18:08:04,783] {logging_mixin.py:112} INFO - [2020-07-22 18:08:04,783] {spark_submit_hook.py:479} INFO - 20/07/22 18:08:04 INFO MemoryStore: Block broadcast_1 stored as values in memory (estimated size 7.4 KiB, free 366.0 MiB)
[2020-07-22 18:08:04,788] {logging_mixin.py:112} INFO - [2020-07-22 18:08:04,788] {spark_submit_hook.py:479} INFO - 20/07/22 18:08:04 INFO MemoryStore: Block broadcast_1_piece0 stored as bytes in memory (estimated size 4.4 KiB, free 366.0 MiB)
[2020-07-22 18:08:04,790] {logging_mixin.py:112} INFO - [2020-07-22 18:08:04,790] {spark_submit_hook.py:479} INFO - 20/07/22 18:08:04 INFO BlockManagerInfo: Added broadcast_1_piece0 in memory on 192.168.43.94:41239 (size: 4.4 KiB, free: 366.3 MiB)
[2020-07-22 18:08:04,792] {logging_mixin.py:112} INFO - [2020-07-22 18:08:04,792] {spark_submit_hook.py:479} INFO - 20/07/22 18:08:04 INFO SparkContext: Created broadcast 1 from broadcast at DAGScheduler.scala:1200
[2020-07-22 18:08:04,815] {logging_mixin.py:112} INFO - [2020-07-22 18:08:04,815] {spark_submit_hook.py:479} INFO - 20/07/22 18:08:04 INFO DAGScheduler: Submitting 1 missing tasks from ResultStage 0 (PythonRDD[2] at collect at /home/bhakti/airflow/spark_jobs/spark_test.py:8) (first 15 tasks are for partitions Vector(0))
[2020-07-22 18:08:04,818] {logging_mixin.py:112} INFO - [2020-07-22 18:08:04,817] {spark_submit_hook.py:479} INFO - 20/07/22 18:08:04 INFO TaskSchedulerImpl: Adding task set 0.0 with 1 tasks
[2020-07-22 18:08:04,911] {logging_mixin.py:112} INFO - [2020-07-22 18:08:04,910] {spark_submit_hook.py:479} INFO - 20/07/22 18:08:04 INFO TaskSetManager: Starting task 0.0 in stage 0.0 (TID 0, 192.168.43.94, executor driver, partition 0, PROCESS_LOCAL, 7388 bytes)
[2020-07-22 18:08:04,933] {logging_mixin.py:112} INFO - [2020-07-22 18:08:04,933] {spark_submit_hook.py:479} INFO - 20/07/22 18:08:04 INFO Executor: Running task 0.0 in stage 0.0 (TID 0)
[2020-07-22 18:08:05,695] {logging_mixin.py:112} INFO - [2020-07-22 18:08:05,695] {spark_submit_hook.py:479} INFO - 20/07/22 18:08:05 INFO HadoopRDD: Input split: file:/home/bhakti/airflow/input_data/sample.csv:0+93
[2020-07-22 18:08:06,847] {logging_mixin.py:112} INFO - [2020-07-22 18:08:06,847] {spark_submit_hook.py:479} INFO - 20/07/22 18:08:06 INFO PythonRunner: Times: total = 1091, boot = 1046, init = 45, finish = 0
[2020-07-22 18:08:06,898] {logging_mixin.py:112} INFO - [2020-07-22 18:08:06,898] {spark_submit_hook.py:479} INFO - 20/07/22 18:08:06 INFO Executor: Finished task 0.0 in stage 0.0 (TID 0). 1779 bytes result sent to driver
[2020-07-22 18:08:06,928] {logging_mixin.py:112} INFO - [2020-07-22 18:08:06,928] {spark_submit_hook.py:479} INFO - 20/07/22 18:08:06 INFO TaskSetManager: Finished task 0.0 in stage 0.0 (TID 0) in 2041 ms on 192.168.43.94 (executor driver) (1/1)
[2020-07-22 18:08:06,933] {logging_mixin.py:112} INFO - [2020-07-22 18:08:06,933] {spark_submit_hook.py:479} INFO - 20/07/22 18:08:06 INFO TaskSchedulerImpl: Removed TaskSet 0.0, whose tasks have all completed, from pool
[2020-07-22 18:08:06,938] {logging_mixin.py:112} INFO - [2020-07-22 18:08:06,938] {spark_submit_hook.py:479} INFO - 20/07/22 18:08:06 INFO PythonAccumulatorV2: Connected to AccumulatorServer at host: 127.0.0.1 port: 40169
[2020-07-22 18:08:06,950] {logging_mixin.py:112} INFO - [2020-07-22 18:08:06,950] {spark_submit_hook.py:479} INFO - 20/07/22 18:08:06 INFO DAGScheduler: ResultStage 0 (collect at /home/bhakti/airflow/spark_jobs/spark_test.py:8) finished in 2.174 s
[2020-07-22 18:08:06,963] {logging_mixin.py:112} INFO - [2020-07-22 18:08:06,963] {spark_submit_hook.py:479} INFO - 20/07/22 18:08:06 INFO DAGScheduler: Job 0 is finished. Cancelling potential speculative or zombie tasks for this job
[2020-07-22 18:08:06,964] {logging_mixin.py:112} INFO - [2020-07-22 18:08:06,964] {spark_submit_hook.py:479} INFO - 20/07/22 18:08:06 INFO TaskSchedulerImpl: Killing all running tasks in stage 0: Stage finished
[2020-07-22 18:08:06,968] {logging_mixin.py:112} INFO - [2020-07-22 18:08:06,968] {spark_submit_hook.py:479} INFO - 20/07/22 18:08:06 INFO DAGScheduler: Job 0 finished: collect at /home/bhakti/airflow/spark_jobs/spark_test.py:8, took 2.324797 s
[2020-07-22 18:08:06,988] {logging_mixin.py:112} INFO - [2020-07-22 18:08:06,988] {spark_submit_hook.py:479} INFO - [('PERSON', 'JOINING_YEAR', 'COMPANY'), ('John', '2018', 'Google'), ('Sam', '2017', 'IBM'), ('Jeff', '2014', 'Yahoo'), ('Allen', '2015', 'Facebook')]
[2020-07-22 18:08:07,920] {logging_mixin.py:112} INFO - [2020-07-22 18:08:07,919] {spark_submit_hook.py:479} INFO - 20/07/22 18:08:07 INFO BlockManagerInfo: Removed broadcast_1_piece0 on 192.168.43.94:41239 in memory (size: 4.4 KiB, free: 366.3 MiB)
[2020-07-22 18:08:07,942] {logging_mixin.py:112} INFO - [2020-07-22 18:08:07,942] {spark_submit_hook.py:479} INFO - 20/07/22 18:08:07 INFO BlockManagerInfo: Removed broadcast_0_piece0 on 192.168.43.94:41239 in memory (size: 23.4 KiB, free: 366.3 MiB)
[2020-07-22 18:08:08,039] {logging_mixin.py:112} INFO - [2020-07-22 18:08:08,039] {spark_submit_hook.py:479} INFO - 20/07/22 18:08:08 INFO SharedState: Setting hive.metastore.warehouse.dir ('null') to the value of spark.sql.warehouse.dir ('file:/home/bhakti/airflow/spark-warehouse').
[2020-07-22 18:08:08,039] {logging_mixin.py:112} INFO - [2020-07-22 18:08:08,039] {spark_submit_hook.py:479} INFO - 20/07/22 18:08:08 INFO SharedState: Warehouse path is 'file:/home/bhakti/airflow/spark-warehouse'.
[2020-07-22 18:08:13,487] {logging_mixin.py:112} INFO - [2020-07-22 18:08:13,486] {spark_submit_hook.py:479} INFO - 20/07/22 18:08:13 INFO CodeGenerator: Code generated in 411.580447 ms
[2020-07-22 18:08:13,593] {logging_mixin.py:112} INFO - [2020-07-22 18:08:13,593] {spark_submit_hook.py:479} INFO - 20/07/22 18:08:13 INFO SparkContext: Starting job: showString at NativeMethodAccessorImpl.java:0
[2020-07-22 18:08:13,604] {logging_mixin.py:112} INFO - [2020-07-22 18:08:13,604] {spark_submit_hook.py:479} INFO - 20/07/22 18:08:13 INFO DAGScheduler: Got job 1 (showString at NativeMethodAccessorImpl.java:0) with 1 output partitions
[2020-07-22 18:08:13,605] {logging_mixin.py:112} INFO - [2020-07-22 18:08:13,604] {spark_submit_hook.py:479} INFO - 20/07/22 18:08:13 INFO DAGScheduler: Final stage: ResultStage 1 (showString at NativeMethodAccessorImpl.java:0)
[2020-07-22 18:08:13,605] {logging_mixin.py:112} INFO - [2020-07-22 18:08:13,605] {spark_submit_hook.py:479} INFO - 20/07/22 18:08:13 INFO DAGScheduler: Parents of final stage: List()
[2020-07-22 18:08:13,611] {logging_mixin.py:112} INFO - [2020-07-22 18:08:13,611] {spark_submit_hook.py:479} INFO - 20/07/22 18:08:13 INFO DAGScheduler: Missing parents: List()
[2020-07-22 18:08:13,619] {logging_mixin.py:112} INFO - [2020-07-22 18:08:13,619] {spark_submit_hook.py:479} INFO - 20/07/22 18:08:13 INFO DAGScheduler: Submitting ResultStage 1 (MapPartitionsRDD[9] at showString at NativeMethodAccessorImpl.java:0), which has no missing parents
[2020-07-22 18:08:13,680] {logging_mixin.py:112} INFO - [2020-07-22 18:08:13,678] {spark_submit_hook.py:479} INFO - 20/07/22 18:08:13 INFO MemoryStore: Block broadcast_2 stored as values in memory (estimated size 11.2 KiB, free 366.3 MiB)
[2020-07-22 18:08:13,700] {logging_mixin.py:112} INFO - [2020-07-22 18:08:13,698] {spark_submit_hook.py:479} INFO - 20/07/22 18:08:13 INFO MemoryStore: Block broadcast_2_piece0 stored as bytes in memory (estimated size 5.8 KiB, free 366.3 MiB)
[2020-07-22 18:08:13,705] {logging_mixin.py:112} INFO - [2020-07-22 18:08:13,705] {spark_submit_hook.py:479} INFO - 20/07/22 18:08:13 INFO BlockManagerInfo: Added broadcast_2_piece0 in memory on 192.168.43.94:41239 (size: 5.8 KiB, free: 366.3 MiB)
[2020-07-22 18:08:13,711] {logging_mixin.py:112} INFO - [2020-07-22 18:08:13,710] {spark_submit_hook.py:479} INFO - 20/07/22 18:08:13 INFO SparkContext: Created broadcast 2 from broadcast at DAGScheduler.scala:1200
[2020-07-22 18:08:13,724] {logging_mixin.py:112} INFO - [2020-07-22 18:08:13,724] {spark_submit_hook.py:479} INFO - 20/07/22 18:08:13 INFO DAGScheduler: Submitting 1 missing tasks from ResultStage 1 (MapPartitionsRDD[9] at showString at NativeMethodAccessorImpl.java:0) (first 15 tasks are for partitions Vector(0))
[2020-07-22 18:08:13,724] {logging_mixin.py:112} INFO - [2020-07-22 18:08:13,724] {spark_submit_hook.py:479} INFO - 20/07/22 18:08:13 INFO TaskSchedulerImpl: Adding task set 1.0 with 1 tasks
[2020-07-22 18:08:13,761] {logging_mixin.py:112} INFO - [2020-07-22 18:08:13,761] {spark_submit_hook.py:479} INFO - 20/07/22 18:08:13 INFO TaskSetManager: Starting task 0.0 in stage 1.0 (TID 1, 192.168.43.94, executor driver, partition 0, PROCESS_LOCAL, 7493 bytes)
[2020-07-22 18:08:13,762] {logging_mixin.py:112} INFO - [2020-07-22 18:08:13,762] {spark_submit_hook.py:479} INFO - 20/07/22 18:08:13 INFO Executor: Running task 0.0 in stage 1.0 (TID 1)
[2020-07-22 18:08:14,006] {logging_mixin.py:112} INFO - [2020-07-22 18:08:14,006] {spark_submit_hook.py:479} INFO - 20/07/22 18:08:14 INFO PythonRunner: Times: total = 10, boot = -7058, init = 7068, finish = 0
[2020-07-22 18:08:14,023] {logging_mixin.py:112} INFO - [2020-07-22 18:08:14,023] {spark_submit_hook.py:479} INFO - 20/07/22 18:08:14 INFO Executor: Finished task 0.0 in stage 1.0 (TID 1). 2235 bytes result sent to driver
[2020-07-22 18:08:14,035] {logging_mixin.py:112} INFO - [2020-07-22 18:08:14,035] {spark_submit_hook.py:479} INFO - 20/07/22 18:08:14 INFO TaskSetManager: Finished task 0.0 in stage 1.0 (TID 1) in 308 ms on 192.168.43.94 (executor driver) (1/1)
[2020-07-22 18:08:14,037] {logging_mixin.py:112} INFO - [2020-07-22 18:08:14,037] {spark_submit_hook.py:479} INFO - 20/07/22 18:08:14 INFO DAGScheduler: ResultStage 1 (showString at NativeMethodAccessorImpl.java:0) finished in 0.412 s
[2020-07-22 18:08:14,038] {logging_mixin.py:112} INFO - [2020-07-22 18:08:14,038] {spark_submit_hook.py:479} INFO - 20/07/22 18:08:14 INFO DAGScheduler: Job 1 is finished. Cancelling potential speculative or zombie tasks for this job
[2020-07-22 18:08:14,038] {logging_mixin.py:112} INFO - [2020-07-22 18:08:14,038] {spark_submit_hook.py:479} INFO - 20/07/22 18:08:14 INFO TaskSchedulerImpl: Removed TaskSet 1.0, whose tasks have all completed, from pool
[2020-07-22 18:08:14,038] {logging_mixin.py:112} INFO - [2020-07-22 18:08:14,038] {spark_submit_hook.py:479} INFO - 20/07/22 18:08:14 INFO TaskSchedulerImpl: Killing all running tasks in stage 1: Stage finished
[2020-07-22 18:08:14,047] {logging_mixin.py:112} INFO - [2020-07-22 18:08:14,047] {spark_submit_hook.py:479} INFO - 20/07/22 18:08:14 INFO DAGScheduler: Job 1 finished: showString at NativeMethodAccessorImpl.java:0, took 0.445184 s
[2020-07-22 18:08:14,242] {logging_mixin.py:112} INFO - [2020-07-22 18:08:14,242] {spark_submit_hook.py:479} INFO - 20/07/22 18:08:14 INFO CodeGenerator: Code generated in 121.092311 ms
[2020-07-22 18:08:14,340] {logging_mixin.py:112} INFO - [2020-07-22 18:08:14,340] {spark_submit_hook.py:479} INFO - +------+------------+--------+
[2020-07-22 18:08:14,340] {logging_mixin.py:112} INFO - [2020-07-22 18:08:14,340] {spark_submit_hook.py:479} INFO - |    _1|          _2|      _3|
[2020-07-22 18:08:14,341] {logging_mixin.py:112} INFO - [2020-07-22 18:08:14,340] {spark_submit_hook.py:479} INFO - +------+------------+--------+
[2020-07-22 18:08:14,341] {logging_mixin.py:112} INFO - [2020-07-22 18:08:14,341] {spark_submit_hook.py:479} INFO - |PERSON|JOINING_YEAR| COMPANY|
[2020-07-22 18:08:14,341] {logging_mixin.py:112} INFO - [2020-07-22 18:08:14,341] {spark_submit_hook.py:479} INFO - |  John|        2018|  Google|
[2020-07-22 18:08:14,342] {logging_mixin.py:112} INFO - [2020-07-22 18:08:14,341] {spark_submit_hook.py:479} INFO - |   Sam|        2017|     IBM|
[2020-07-22 18:08:14,342] {logging_mixin.py:112} INFO - [2020-07-22 18:08:14,342] {spark_submit_hook.py:479} INFO - |  Jeff|        2014|   Yahoo|
[2020-07-22 18:08:14,342] {logging_mixin.py:112} INFO - [2020-07-22 18:08:14,342] {spark_submit_hook.py:479} INFO - | Allen|        2015|Facebook|
[2020-07-22 18:08:14,343] {logging_mixin.py:112} INFO - [2020-07-22 18:08:14,342] {spark_submit_hook.py:479} INFO - +------+------------+--------+
[2020-07-22 18:08:14,343] {logging_mixin.py:112} INFO - [2020-07-22 18:08:14,343] {spark_submit_hook.py:479} INFO - 
[2020-07-22 18:08:14,620] {logging_mixin.py:112} INFO - [2020-07-22 18:08:14,620] {spark_submit_hook.py:479} INFO - 20/07/22 18:08:14 INFO SparkContext: Invoking stop() from shutdown hook
[2020-07-22 18:08:14,680] {logging_mixin.py:112} INFO - [2020-07-22 18:08:14,680] {spark_submit_hook.py:479} INFO - 20/07/22 18:08:14 INFO SparkUI: Stopped Spark web UI at http://192.168.43.94:4040
[2020-07-22 18:08:14,769] {logging_mixin.py:112} INFO - [2020-07-22 18:08:14,769] {spark_submit_hook.py:479} INFO - 20/07/22 18:08:14 INFO MapOutputTrackerMasterEndpoint: MapOutputTrackerMasterEndpoint stopped!
[2020-07-22 18:08:14,841] {logging_mixin.py:112} INFO - [2020-07-22 18:08:14,840] {spark_submit_hook.py:479} INFO - 20/07/22 18:08:14 INFO MemoryStore: MemoryStore cleared
[2020-07-22 18:08:14,841] {logging_mixin.py:112} INFO - [2020-07-22 18:08:14,841] {spark_submit_hook.py:479} INFO - 20/07/22 18:08:14 INFO BlockManager: BlockManager stopped
[2020-07-22 18:08:14,854] {logging_mixin.py:112} INFO - [2020-07-22 18:08:14,854] {spark_submit_hook.py:479} INFO - 20/07/22 18:08:14 INFO BlockManagerMaster: BlockManagerMaster stopped
[2020-07-22 18:08:14,863] {logging_mixin.py:112} INFO - [2020-07-22 18:08:14,863] {spark_submit_hook.py:479} INFO - 20/07/22 18:08:14 INFO OutputCommitCoordinator$OutputCommitCoordinatorEndpoint: OutputCommitCoordinator stopped!
[2020-07-22 18:08:14,873] {logging_mixin.py:112} INFO - [2020-07-22 18:08:14,872] {spark_submit_hook.py:479} INFO - 20/07/22 18:08:14 INFO SparkContext: Successfully stopped SparkContext
[2020-07-22 18:08:14,873] {logging_mixin.py:112} INFO - [2020-07-22 18:08:14,873] {spark_submit_hook.py:479} INFO - 20/07/22 18:08:14 INFO ShutdownHookManager: Shutdown hook called
[2020-07-22 18:08:14,874] {logging_mixin.py:112} INFO - [2020-07-22 18:08:14,874] {spark_submit_hook.py:479} INFO - 20/07/22 18:08:14 INFO ShutdownHookManager: Deleting directory /tmp/spark-befea1e2-7861-4aab-8916-12cb85bc2027
[2020-07-22 18:08:14,880] {logging_mixin.py:112} INFO - [2020-07-22 18:08:14,880] {spark_submit_hook.py:479} INFO - 20/07/22 18:08:14 INFO ShutdownHookManager: Deleting directory /tmp/spark-5630ce0a-4a9f-4643-a971-bc0f54ac4532/pyspark-30b0424f-cd7a-4d9d-b07d-45db2e469ac5
[2020-07-22 18:08:14,887] {logging_mixin.py:112} INFO - [2020-07-22 18:08:14,887] {spark_submit_hook.py:479} INFO - 20/07/22 18:08:14 INFO ShutdownHookManager: Deleting directory /tmp/spark-5630ce0a-4a9f-4643-a971-bc0f54ac4532
[2020-07-22 18:08:15,018] {taskinstance.py:1052} INFO - Marking task as SUCCESS.dag_id=submit_data, task_id=spark_submit, execution_date=20200720T084200, start_date=20200722T123753, end_date=20200722T123815
[2020-07-22 18:08:18,099] {logging_mixin.py:112} INFO - [2020-07-22 18:08:18,099] {local_task_job.py:103} INFO - Task exited with return code 0
