[2020-07-23 15:21:49,190] {taskinstance.py:669} INFO - Dependencies all met for <TaskInstance: submit_data.spark_submit 2020-07-21T00:52:00+00:00 [queued]>
[2020-07-23 15:21:49,219] {taskinstance.py:669} INFO - Dependencies all met for <TaskInstance: submit_data.spark_submit 2020-07-21T00:52:00+00:00 [queued]>
[2020-07-23 15:21:49,220] {taskinstance.py:879} INFO - 
--------------------------------------------------------------------------------
[2020-07-23 15:21:49,220] {taskinstance.py:880} INFO - Starting attempt 1 of 1
[2020-07-23 15:21:49,220] {taskinstance.py:881} INFO - 
--------------------------------------------------------------------------------
[2020-07-23 15:21:49,416] {taskinstance.py:900} INFO - Executing <Task(SparkSubmitOperator): spark_submit> on 2020-07-21T00:52:00+00:00
[2020-07-23 15:21:49,439] {standard_task_runner.py:53} INFO - Started process 260385 to run task
[2020-07-23 15:21:49,763] {logging_mixin.py:112} INFO - Running %s on host %s <TaskInstance: submit_data.spark_submit 2020-07-21T00:52:00+00:00 [running]> bhakti-Vostro-3558
[2020-07-23 15:21:49,830] {logging_mixin.py:112} INFO - [2020-07-23 15:21:49,830] {base_hook.py:87} INFO - Using connection to: id: spark_local. Host: local, Port: None, Schema: None, Login: None, Password: None, extra: None
[2020-07-23 15:21:49,832] {logging_mixin.py:112} INFO - [2020-07-23 15:21:49,832] {spark_submit_hook.py:325} INFO - Spark-Submit cmd: spark-submit --master local --name airflow-spark /home/bhakti/airflow/spark_jobs/spark_test.py
[2020-07-23 15:21:53,215] {logging_mixin.py:112} INFO - [2020-07-23 15:21:53,215] {spark_submit_hook.py:479} INFO - 20/07/23 15:21:53 WARN Utils: Your hostname, bhakti-Vostro-3558 resolves to a loopback address: 127.0.1.1; using 192.168.43.94 instead (on interface wlp6s0)
[2020-07-23 15:21:53,218] {logging_mixin.py:112} INFO - [2020-07-23 15:21:53,217] {spark_submit_hook.py:479} INFO - 20/07/23 15:21:53 WARN Utils: Set SPARK_LOCAL_IP if you need to bind to another address
[2020-07-23 15:21:55,138] {logging_mixin.py:112} INFO - [2020-07-23 15:21:55,138] {spark_submit_hook.py:479} INFO - 20/07/23 15:21:55 WARN NativeCodeLoader: Unable to load native-hadoop library for your platform... using builtin-java classes where applicable
[2020-07-23 15:21:57,606] {logging_mixin.py:112} INFO - [2020-07-23 15:21:57,606] {spark_submit_hook.py:479} INFO - Using Spark's default log4j profile: org/apache/spark/log4j-defaults.properties
[2020-07-23 15:21:57,672] {logging_mixin.py:112} INFO - [2020-07-23 15:21:57,672] {spark_submit_hook.py:479} INFO - 20/07/23 15:21:57 INFO SparkContext: Running Spark version 3.0.0
[2020-07-23 15:21:57,825] {logging_mixin.py:112} INFO - [2020-07-23 15:21:57,825] {spark_submit_hook.py:479} INFO - 20/07/23 15:21:57 INFO ResourceUtils: ==============================================================
[2020-07-23 15:21:57,829] {logging_mixin.py:112} INFO - [2020-07-23 15:21:57,829] {spark_submit_hook.py:479} INFO - 20/07/23 15:21:57 INFO ResourceUtils: Resources for spark.driver:
[2020-07-23 15:21:57,830] {logging_mixin.py:112} INFO - [2020-07-23 15:21:57,829] {spark_submit_hook.py:479} INFO - 
[2020-07-23 15:21:57,832] {logging_mixin.py:112} INFO - [2020-07-23 15:21:57,831] {spark_submit_hook.py:479} INFO - 20/07/23 15:21:57 INFO ResourceUtils: ==============================================================
[2020-07-23 15:21:57,848] {logging_mixin.py:112} INFO - [2020-07-23 15:21:57,848] {spark_submit_hook.py:479} INFO - 20/07/23 15:21:57 INFO SparkContext: Submitted application: Spark_Test_Python
[2020-07-23 15:21:58,101] {logging_mixin.py:112} INFO - [2020-07-23 15:21:58,101] {spark_submit_hook.py:479} INFO - 20/07/23 15:21:58 INFO SecurityManager: Changing view acls to: bhakti
[2020-07-23 15:21:58,101] {logging_mixin.py:112} INFO - [2020-07-23 15:21:58,101] {spark_submit_hook.py:479} INFO - 20/07/23 15:21:58 INFO SecurityManager: Changing modify acls to: bhakti
[2020-07-23 15:21:58,103] {logging_mixin.py:112} INFO - [2020-07-23 15:21:58,102] {spark_submit_hook.py:479} INFO - 20/07/23 15:21:58 INFO SecurityManager: Changing view acls groups to:
[2020-07-23 15:21:58,103] {logging_mixin.py:112} INFO - [2020-07-23 15:21:58,103] {spark_submit_hook.py:479} INFO - 20/07/23 15:21:58 INFO SecurityManager: Changing modify acls groups to:
[2020-07-23 15:21:58,103] {logging_mixin.py:112} INFO - [2020-07-23 15:21:58,103] {spark_submit_hook.py:479} INFO - 20/07/23 15:21:58 INFO SecurityManager: SecurityManager: authentication disabled; ui acls disabled; users  with view permissions: Set(bhakti); groups with view permissions: Set(); users  with modify permissions: Set(bhakti); groups with modify permissions: Set()
[2020-07-23 15:21:58,590] {logging_mixin.py:112} INFO - [2020-07-23 15:21:58,589] {spark_submit_hook.py:479} INFO - 20/07/23 15:21:58 INFO Utils: Successfully started service 'sparkDriver' on port 41001.
[2020-07-23 15:21:58,634] {logging_mixin.py:112} INFO - [2020-07-23 15:21:58,634] {spark_submit_hook.py:479} INFO - 20/07/23 15:21:58 INFO SparkEnv: Registering MapOutputTracker
[2020-07-23 15:21:58,696] {logging_mixin.py:112} INFO - [2020-07-23 15:21:58,696] {spark_submit_hook.py:479} INFO - 20/07/23 15:21:58 INFO SparkEnv: Registering BlockManagerMaster
[2020-07-23 15:21:58,731] {logging_mixin.py:112} INFO - [2020-07-23 15:21:58,731] {spark_submit_hook.py:479} INFO - 20/07/23 15:21:58 INFO BlockManagerMasterEndpoint: Using org.apache.spark.storage.DefaultTopologyMapper for getting topology information
[2020-07-23 15:21:58,732] {logging_mixin.py:112} INFO - [2020-07-23 15:21:58,732] {spark_submit_hook.py:479} INFO - 20/07/23 15:21:58 INFO BlockManagerMasterEndpoint: BlockManagerMasterEndpoint up
[2020-07-23 15:21:58,744] {logging_mixin.py:112} INFO - [2020-07-23 15:21:58,744] {spark_submit_hook.py:479} INFO - 20/07/23 15:21:58 INFO SparkEnv: Registering BlockManagerMasterHeartbeat
[2020-07-23 15:21:58,766] {logging_mixin.py:112} INFO - [2020-07-23 15:21:58,765] {spark_submit_hook.py:479} INFO - 20/07/23 15:21:58 INFO DiskBlockManager: Created local directory at /tmp/blockmgr-460158ac-4b0d-431b-9448-1a9732d54f12
[2020-07-23 15:21:58,800] {logging_mixin.py:112} INFO - [2020-07-23 15:21:58,800] {spark_submit_hook.py:479} INFO - 20/07/23 15:21:58 INFO MemoryStore: MemoryStore started with capacity 366.3 MiB
[2020-07-23 15:21:58,825] {logging_mixin.py:112} INFO - [2020-07-23 15:21:58,825] {spark_submit_hook.py:479} INFO - 20/07/23 15:21:58 INFO SparkEnv: Registering OutputCommitCoordinator
[2020-07-23 15:21:59,179] {logging_mixin.py:112} INFO - [2020-07-23 15:21:59,179] {spark_submit_hook.py:479} INFO - 20/07/23 15:21:59 WARN Utils: Service 'SparkUI' could not bind on port 4040. Attempting port 4041.
[2020-07-23 15:21:59,180] {logging_mixin.py:112} INFO - [2020-07-23 15:21:59,180] {spark_submit_hook.py:479} INFO - 20/07/23 15:21:59 WARN Utils: Service 'SparkUI' could not bind on port 4041. Attempting port 4042.
[2020-07-23 15:21:59,180] {logging_mixin.py:112} INFO - [2020-07-23 15:21:59,180] {spark_submit_hook.py:479} INFO - 20/07/23 15:21:59 WARN Utils: Service 'SparkUI' could not bind on port 4042. Attempting port 4043.
[2020-07-23 15:21:59,181] {logging_mixin.py:112} INFO - [2020-07-23 15:21:59,181] {spark_submit_hook.py:479} INFO - 20/07/23 15:21:59 WARN Utils: Service 'SparkUI' could not bind on port 4043. Attempting port 4044.
[2020-07-23 15:21:59,181] {logging_mixin.py:112} INFO - [2020-07-23 15:21:59,181] {spark_submit_hook.py:479} INFO - 20/07/23 15:21:59 WARN Utils: Service 'SparkUI' could not bind on port 4044. Attempting port 4045.
[2020-07-23 15:21:59,195] {logging_mixin.py:112} INFO - [2020-07-23 15:21:59,194] {spark_submit_hook.py:479} INFO - 20/07/23 15:21:59 INFO Utils: Successfully started service 'SparkUI' on port 4045.
[2020-07-23 15:21:59,302] {logging_mixin.py:112} INFO - [2020-07-23 15:21:59,301] {spark_submit_hook.py:479} INFO - 20/07/23 15:21:59 INFO SparkUI: Bound SparkUI to 0.0.0.0, and started at http://192.168.43.94:4045
[2020-07-23 15:21:59,755] {logging_mixin.py:112} INFO - [2020-07-23 15:21:59,755] {spark_submit_hook.py:479} INFO - 20/07/23 15:21:59 INFO Executor: Starting executor ID driver on host 192.168.43.94
[2020-07-23 15:21:59,814] {logging_mixin.py:112} INFO - [2020-07-23 15:21:59,814] {spark_submit_hook.py:479} INFO - 20/07/23 15:21:59 INFO Utils: Successfully started service 'org.apache.spark.network.netty.NettyBlockTransferService' on port 40863.
[2020-07-23 15:21:59,816] {logging_mixin.py:112} INFO - [2020-07-23 15:21:59,816] {spark_submit_hook.py:479} INFO - 20/07/23 15:21:59 INFO NettyBlockTransferService: Server created on 192.168.43.94:40863
[2020-07-23 15:21:59,820] {logging_mixin.py:112} INFO - [2020-07-23 15:21:59,819] {spark_submit_hook.py:479} INFO - 20/07/23 15:21:59 INFO BlockManager: Using org.apache.spark.storage.RandomBlockReplicationPolicy for block replication policy
[2020-07-23 15:21:59,838] {logging_mixin.py:112} INFO - [2020-07-23 15:21:59,837] {spark_submit_hook.py:479} INFO - 20/07/23 15:21:59 INFO BlockManagerMaster: Registering BlockManager BlockManagerId(driver, 192.168.43.94, 40863, None)
[2020-07-23 15:21:59,853] {logging_mixin.py:112} INFO - [2020-07-23 15:21:59,853] {spark_submit_hook.py:479} INFO - 20/07/23 15:21:59 INFO BlockManagerMasterEndpoint: Registering block manager 192.168.43.94:40863 with 366.3 MiB RAM, BlockManagerId(driver, 192.168.43.94, 40863, None)
[2020-07-23 15:21:59,859] {logging_mixin.py:112} INFO - [2020-07-23 15:21:59,859] {spark_submit_hook.py:479} INFO - 20/07/23 15:21:59 INFO BlockManagerMaster: Registered BlockManager BlockManagerId(driver, 192.168.43.94, 40863, None)
[2020-07-23 15:21:59,866] {logging_mixin.py:112} INFO - [2020-07-23 15:21:59,865] {spark_submit_hook.py:479} INFO - 20/07/23 15:21:59 INFO BlockManager: Initialized BlockManager: BlockManagerId(driver, 192.168.43.94, 40863, None)
[2020-07-23 15:22:01,406] {logging_mixin.py:112} INFO - [2020-07-23 15:22:01,406] {spark_submit_hook.py:479} INFO - 20/07/23 15:22:01 INFO MemoryStore: Block broadcast_0 stored as values in memory (estimated size 241.5 KiB, free 366.1 MiB)
[2020-07-23 15:22:01,588] {logging_mixin.py:112} INFO - [2020-07-23 15:22:01,588] {spark_submit_hook.py:479} INFO - 20/07/23 15:22:01 INFO MemoryStore: Block broadcast_0_piece0 stored as bytes in memory (estimated size 23.4 KiB, free 366.0 MiB)
[2020-07-23 15:22:01,602] {logging_mixin.py:112} INFO - [2020-07-23 15:22:01,602] {spark_submit_hook.py:479} INFO - 20/07/23 15:22:01 INFO BlockManagerInfo: Added broadcast_0_piece0 in memory on 192.168.43.94:40863 (size: 23.4 KiB, free: 366.3 MiB)
[2020-07-23 15:22:01,620] {logging_mixin.py:112} INFO - [2020-07-23 15:22:01,620] {spark_submit_hook.py:479} INFO - 20/07/23 15:22:01 INFO SparkContext: Created broadcast 0 from textFile at NativeMethodAccessorImpl.java:0
[2020-07-23 15:22:01,962] {logging_mixin.py:112} INFO - [2020-07-23 15:22:01,962] {spark_submit_hook.py:479} INFO - 20/07/23 15:22:01 INFO FileInputFormat: Total input paths to process : 1
[2020-07-23 15:22:02,126] {logging_mixin.py:112} INFO - [2020-07-23 15:22:02,126] {spark_submit_hook.py:479} INFO - 20/07/23 15:22:02 INFO SparkContext: Starting job: collect at /home/bhakti/airflow/spark_jobs/spark_test.py:8
[2020-07-23 15:22:02,155] {logging_mixin.py:112} INFO - [2020-07-23 15:22:02,154] {spark_submit_hook.py:479} INFO - 20/07/23 15:22:02 INFO DAGScheduler: Got job 0 (collect at /home/bhakti/airflow/spark_jobs/spark_test.py:8) with 1 output partitions
[2020-07-23 15:22:02,156] {logging_mixin.py:112} INFO - [2020-07-23 15:22:02,156] {spark_submit_hook.py:479} INFO - 20/07/23 15:22:02 INFO DAGScheduler: Final stage: ResultStage 0 (collect at /home/bhakti/airflow/spark_jobs/spark_test.py:8)
[2020-07-23 15:22:02,157] {logging_mixin.py:112} INFO - [2020-07-23 15:22:02,157] {spark_submit_hook.py:479} INFO - 20/07/23 15:22:02 INFO DAGScheduler: Parents of final stage: List()
[2020-07-23 15:22:02,160] {logging_mixin.py:112} INFO - [2020-07-23 15:22:02,160] {spark_submit_hook.py:479} INFO - 20/07/23 15:22:02 INFO DAGScheduler: Missing parents: List()
[2020-07-23 15:22:02,170] {logging_mixin.py:112} INFO - [2020-07-23 15:22:02,169] {spark_submit_hook.py:479} INFO - 20/07/23 15:22:02 INFO DAGScheduler: Submitting ResultStage 0 (PythonRDD[2] at collect at /home/bhakti/airflow/spark_jobs/spark_test.py:8), which has no missing parents
[2020-07-23 15:22:02,214] {logging_mixin.py:112} INFO - [2020-07-23 15:22:02,214] {spark_submit_hook.py:479} INFO - 20/07/23 15:22:02 INFO MemoryStore: Block broadcast_1 stored as values in memory (estimated size 7.4 KiB, free 366.0 MiB)
[2020-07-23 15:22:02,227] {logging_mixin.py:112} INFO - [2020-07-23 15:22:02,227] {spark_submit_hook.py:479} INFO - 20/07/23 15:22:02 INFO MemoryStore: Block broadcast_1_piece0 stored as bytes in memory (estimated size 4.4 KiB, free 366.0 MiB)
[2020-07-23 15:22:02,230] {logging_mixin.py:112} INFO - [2020-07-23 15:22:02,230] {spark_submit_hook.py:479} INFO - 20/07/23 15:22:02 INFO BlockManagerInfo: Added broadcast_1_piece0 in memory on 192.168.43.94:40863 (size: 4.4 KiB, free: 366.3 MiB)
[2020-07-23 15:22:02,233] {logging_mixin.py:112} INFO - [2020-07-23 15:22:02,233] {spark_submit_hook.py:479} INFO - 20/07/23 15:22:02 INFO SparkContext: Created broadcast 1 from broadcast at DAGScheduler.scala:1200
[2020-07-23 15:22:02,258] {logging_mixin.py:112} INFO - [2020-07-23 15:22:02,258] {spark_submit_hook.py:479} INFO - 20/07/23 15:22:02 INFO DAGScheduler: Submitting 1 missing tasks from ResultStage 0 (PythonRDD[2] at collect at /home/bhakti/airflow/spark_jobs/spark_test.py:8) (first 15 tasks are for partitions Vector(0))
[2020-07-23 15:22:02,261] {logging_mixin.py:112} INFO - [2020-07-23 15:22:02,261] {spark_submit_hook.py:479} INFO - 20/07/23 15:22:02 INFO TaskSchedulerImpl: Adding task set 0.0 with 1 tasks
[2020-07-23 15:22:02,396] {logging_mixin.py:112} INFO - [2020-07-23 15:22:02,395] {spark_submit_hook.py:479} INFO - 20/07/23 15:22:02 INFO TaskSetManager: Starting task 0.0 in stage 0.0 (TID 0, 192.168.43.94, executor driver, partition 0, PROCESS_LOCAL, 7388 bytes)
[2020-07-23 15:22:02,436] {logging_mixin.py:112} INFO - [2020-07-23 15:22:02,436] {spark_submit_hook.py:479} INFO - 20/07/23 15:22:02 INFO Executor: Running task 0.0 in stage 0.0 (TID 0)
[2020-07-23 15:22:03,111] {logging_mixin.py:112} INFO - [2020-07-23 15:22:03,111] {spark_submit_hook.py:479} INFO - 20/07/23 15:22:03 INFO HadoopRDD: Input split: file:/home/bhakti/airflow/input_data/sample.csv:0+93
[2020-07-23 15:22:04,046] {logging_mixin.py:112} INFO - [2020-07-23 15:22:04,046] {spark_submit_hook.py:479} INFO - 20/07/23 15:22:04 INFO PythonRunner: Times: total = 886, boot = 851, init = 35, finish = 0
[2020-07-23 15:22:04,086] {logging_mixin.py:112} INFO - [2020-07-23 15:22:04,086] {spark_submit_hook.py:479} INFO - 20/07/23 15:22:04 INFO Executor: Finished task 0.0 in stage 0.0 (TID 0). 1779 bytes result sent to driver
[2020-07-23 15:22:04,120] {logging_mixin.py:112} INFO - [2020-07-23 15:22:04,119] {spark_submit_hook.py:479} INFO - 20/07/23 15:22:04 INFO TaskSetManager: Finished task 0.0 in stage 0.0 (TID 0) in 1766 ms on 192.168.43.94 (executor driver) (1/1)
[2020-07-23 15:22:04,125] {logging_mixin.py:112} INFO - [2020-07-23 15:22:04,125] {spark_submit_hook.py:479} INFO - 20/07/23 15:22:04 INFO TaskSchedulerImpl: Removed TaskSet 0.0, whose tasks have all completed, from pool
[2020-07-23 15:22:04,131] {logging_mixin.py:112} INFO - [2020-07-23 15:22:04,131] {spark_submit_hook.py:479} INFO - 20/07/23 15:22:04 INFO PythonAccumulatorV2: Connected to AccumulatorServer at host: 127.0.0.1 port: 59645
[2020-07-23 15:22:04,143] {logging_mixin.py:112} INFO - [2020-07-23 15:22:04,143] {spark_submit_hook.py:479} INFO - 20/07/23 15:22:04 INFO DAGScheduler: ResultStage 0 (collect at /home/bhakti/airflow/spark_jobs/spark_test.py:8) finished in 1.943 s
[2020-07-23 15:22:04,156] {logging_mixin.py:112} INFO - [2020-07-23 15:22:04,155] {spark_submit_hook.py:479} INFO - 20/07/23 15:22:04 INFO DAGScheduler: Job 0 is finished. Cancelling potential speculative or zombie tasks for this job
[2020-07-23 15:22:04,157] {logging_mixin.py:112} INFO - [2020-07-23 15:22:04,156] {spark_submit_hook.py:479} INFO - 20/07/23 15:22:04 INFO TaskSchedulerImpl: Killing all running tasks in stage 0: Stage finished
[2020-07-23 15:22:04,161] {logging_mixin.py:112} INFO - [2020-07-23 15:22:04,161] {spark_submit_hook.py:479} INFO - 20/07/23 15:22:04 INFO DAGScheduler: Job 0 finished: collect at /home/bhakti/airflow/spark_jobs/spark_test.py:8, took 2.033911 s
[2020-07-23 15:22:04,177] {logging_mixin.py:112} INFO - [2020-07-23 15:22:04,177] {spark_submit_hook.py:479} INFO - [('PERSON', 'JOINING_YEAR', 'COMPANY'), ('John', '2018', 'Google'), ('Sam', '2017', 'IBM'), ('Jeff', '2014', 'Yahoo'), ('Allen', '2015', 'Facebook')]
[2020-07-23 15:22:05,090] {logging_mixin.py:112} INFO - [2020-07-23 15:22:05,090] {spark_submit_hook.py:479} INFO - 20/07/23 15:22:05 INFO BlockManagerInfo: Removed broadcast_0_piece0 on 192.168.43.94:40863 in memory (size: 23.4 KiB, free: 366.3 MiB)
[2020-07-23 15:22:05,135] {logging_mixin.py:112} INFO - [2020-07-23 15:22:05,134] {spark_submit_hook.py:479} INFO - 20/07/23 15:22:05 INFO BlockManagerInfo: Removed broadcast_1_piece0 on 192.168.43.94:40863 in memory (size: 4.4 KiB, free: 366.3 MiB)
[2020-07-23 15:22:05,285] {logging_mixin.py:112} INFO - [2020-07-23 15:22:05,285] {spark_submit_hook.py:479} INFO - 20/07/23 15:22:05 INFO SharedState: Setting hive.metastore.warehouse.dir ('null') to the value of spark.sql.warehouse.dir ('file:/home/bhakti/airflow/spark-warehouse').
[2020-07-23 15:22:05,286] {logging_mixin.py:112} INFO - [2020-07-23 15:22:05,286] {spark_submit_hook.py:479} INFO - 20/07/23 15:22:05 INFO SharedState: Warehouse path is 'file:/home/bhakti/airflow/spark-warehouse'.
[2020-07-23 15:22:11,648] {logging_mixin.py:112} INFO - [2020-07-23 15:22:11,647] {spark_submit_hook.py:479} INFO - 20/07/23 15:22:11 INFO CodeGenerator: Code generated in 581.173811 ms
[2020-07-23 15:22:11,805] {logging_mixin.py:112} INFO - [2020-07-23 15:22:11,805] {spark_submit_hook.py:479} INFO - 20/07/23 15:22:11 INFO SparkContext: Starting job: showString at NativeMethodAccessorImpl.java:0
[2020-07-23 15:22:11,813] {logging_mixin.py:112} INFO - [2020-07-23 15:22:11,813] {spark_submit_hook.py:479} INFO - 20/07/23 15:22:11 INFO DAGScheduler: Got job 1 (showString at NativeMethodAccessorImpl.java:0) with 1 output partitions
[2020-07-23 15:22:11,814] {logging_mixin.py:112} INFO - [2020-07-23 15:22:11,813] {spark_submit_hook.py:479} INFO - 20/07/23 15:22:11 INFO DAGScheduler: Final stage: ResultStage 1 (showString at NativeMethodAccessorImpl.java:0)
[2020-07-23 15:22:11,814] {logging_mixin.py:112} INFO - [2020-07-23 15:22:11,814] {spark_submit_hook.py:479} INFO - 20/07/23 15:22:11 INFO DAGScheduler: Parents of final stage: List()
[2020-07-23 15:22:11,815] {logging_mixin.py:112} INFO - [2020-07-23 15:22:11,815] {spark_submit_hook.py:479} INFO - 20/07/23 15:22:11 INFO DAGScheduler: Missing parents: List()
[2020-07-23 15:22:11,823] {logging_mixin.py:112} INFO - [2020-07-23 15:22:11,823] {spark_submit_hook.py:479} INFO - 20/07/23 15:22:11 INFO DAGScheduler: Submitting ResultStage 1 (MapPartitionsRDD[9] at showString at NativeMethodAccessorImpl.java:0), which has no missing parents
[2020-07-23 15:22:11,944] {logging_mixin.py:112} INFO - [2020-07-23 15:22:11,943] {spark_submit_hook.py:479} INFO - 20/07/23 15:22:11 INFO MemoryStore: Block broadcast_2 stored as values in memory (estimated size 11.2 KiB, free 366.3 MiB)
[2020-07-23 15:22:11,955] {logging_mixin.py:112} INFO - [2020-07-23 15:22:11,954] {spark_submit_hook.py:479} INFO - 20/07/23 15:22:11 INFO MemoryStore: Block broadcast_2_piece0 stored as bytes in memory (estimated size 5.8 KiB, free 366.3 MiB)
[2020-07-23 15:22:11,959] {logging_mixin.py:112} INFO - [2020-07-23 15:22:11,959] {spark_submit_hook.py:479} INFO - 20/07/23 15:22:11 INFO BlockManagerInfo: Added broadcast_2_piece0 in memory on 192.168.43.94:40863 (size: 5.8 KiB, free: 366.3 MiB)
[2020-07-23 15:22:11,966] {logging_mixin.py:112} INFO - [2020-07-23 15:22:11,962] {spark_submit_hook.py:479} INFO - 20/07/23 15:22:11 INFO SparkContext: Created broadcast 2 from broadcast at DAGScheduler.scala:1200
[2020-07-23 15:22:11,969] {logging_mixin.py:112} INFO - [2020-07-23 15:22:11,969] {spark_submit_hook.py:479} INFO - 20/07/23 15:22:11 INFO DAGScheduler: Submitting 1 missing tasks from ResultStage 1 (MapPartitionsRDD[9] at showString at NativeMethodAccessorImpl.java:0) (first 15 tasks are for partitions Vector(0))
[2020-07-23 15:22:11,969] {logging_mixin.py:112} INFO - [2020-07-23 15:22:11,969] {spark_submit_hook.py:479} INFO - 20/07/23 15:22:11 INFO TaskSchedulerImpl: Adding task set 1.0 with 1 tasks
[2020-07-23 15:22:12,028] {logging_mixin.py:112} INFO - [2020-07-23 15:22:12,028] {spark_submit_hook.py:479} INFO - 20/07/23 15:22:12 INFO TaskSetManager: Starting task 0.0 in stage 1.0 (TID 1, 192.168.43.94, executor driver, partition 0, PROCESS_LOCAL, 7493 bytes)
[2020-07-23 15:22:12,034] {logging_mixin.py:112} INFO - [2020-07-23 15:22:12,034] {spark_submit_hook.py:479} INFO - 20/07/23 15:22:12 INFO Executor: Running task 0.0 in stage 1.0 (TID 1)
[2020-07-23 15:22:12,395] {logging_mixin.py:112} INFO - [2020-07-23 15:22:12,395] {spark_submit_hook.py:479} INFO - 20/07/23 15:22:12 INFO PythonRunner: Times: total = 4, boot = -8271, init = 8275, finish = 0
[2020-07-23 15:22:12,416] {logging_mixin.py:112} INFO - [2020-07-23 15:22:12,416] {spark_submit_hook.py:479} INFO - 20/07/23 15:22:12 INFO Executor: Finished task 0.0 in stage 1.0 (TID 1). 2235 bytes result sent to driver
[2020-07-23 15:22:12,437] {logging_mixin.py:112} INFO - [2020-07-23 15:22:12,437] {spark_submit_hook.py:479} INFO - 20/07/23 15:22:12 INFO TaskSetManager: Finished task 0.0 in stage 1.0 (TID 1) in 462 ms on 192.168.43.94 (executor driver) (1/1)
[2020-07-23 15:22:12,446] {logging_mixin.py:112} INFO - [2020-07-23 15:22:12,446] {spark_submit_hook.py:479} INFO - 20/07/23 15:22:12 INFO TaskSchedulerImpl: Removed TaskSet 1.0, whose tasks have all completed, from pool
[2020-07-23 15:22:12,452] {logging_mixin.py:112} INFO - [2020-07-23 15:22:12,451] {spark_submit_hook.py:479} INFO - 20/07/23 15:22:12 INFO DAGScheduler: ResultStage 1 (showString at NativeMethodAccessorImpl.java:0) finished in 0.610 s
[2020-07-23 15:22:12,453] {logging_mixin.py:112} INFO - [2020-07-23 15:22:12,453] {spark_submit_hook.py:479} INFO - 20/07/23 15:22:12 INFO DAGScheduler: Job 1 is finished. Cancelling potential speculative or zombie tasks for this job
[2020-07-23 15:22:12,455] {logging_mixin.py:112} INFO - [2020-07-23 15:22:12,455] {spark_submit_hook.py:479} INFO - 20/07/23 15:22:12 INFO TaskSchedulerImpl: Killing all running tasks in stage 1: Stage finished
[2020-07-23 15:22:12,457] {logging_mixin.py:112} INFO - [2020-07-23 15:22:12,457] {spark_submit_hook.py:479} INFO - 20/07/23 15:22:12 INFO DAGScheduler: Job 1 finished: showString at NativeMethodAccessorImpl.java:0, took 0.651653 s
[2020-07-23 15:22:12,757] {logging_mixin.py:112} INFO - [2020-07-23 15:22:12,756] {spark_submit_hook.py:479} INFO - 20/07/23 15:22:12 INFO CodeGenerator: Code generated in 223.771318 ms
[2020-07-23 15:22:12,865] {logging_mixin.py:112} INFO - [2020-07-23 15:22:12,865] {spark_submit_hook.py:479} INFO - +------+------------+--------+
[2020-07-23 15:22:12,865] {logging_mixin.py:112} INFO - [2020-07-23 15:22:12,865] {spark_submit_hook.py:479} INFO - |    _1|          _2|      _3|
[2020-07-23 15:22:12,866] {logging_mixin.py:112} INFO - [2020-07-23 15:22:12,865] {spark_submit_hook.py:479} INFO - +------+------------+--------+
[2020-07-23 15:22:12,866] {logging_mixin.py:112} INFO - [2020-07-23 15:22:12,866] {spark_submit_hook.py:479} INFO - |PERSON|JOINING_YEAR| COMPANY|
[2020-07-23 15:22:12,866] {logging_mixin.py:112} INFO - [2020-07-23 15:22:12,866] {spark_submit_hook.py:479} INFO - |  John|        2018|  Google|
[2020-07-23 15:22:12,867] {logging_mixin.py:112} INFO - [2020-07-23 15:22:12,866] {spark_submit_hook.py:479} INFO - |   Sam|        2017|     IBM|
[2020-07-23 15:22:12,867] {logging_mixin.py:112} INFO - [2020-07-23 15:22:12,867] {spark_submit_hook.py:479} INFO - |  Jeff|        2014|   Yahoo|
[2020-07-23 15:22:12,867] {logging_mixin.py:112} INFO - [2020-07-23 15:22:12,867] {spark_submit_hook.py:479} INFO - | Allen|        2015|Facebook|
[2020-07-23 15:22:12,868] {logging_mixin.py:112} INFO - [2020-07-23 15:22:12,867] {spark_submit_hook.py:479} INFO - +------+------------+--------+
[2020-07-23 15:22:12,868] {logging_mixin.py:112} INFO - [2020-07-23 15:22:12,868] {spark_submit_hook.py:479} INFO - 
[2020-07-23 15:22:13,231] {logging_mixin.py:112} INFO - [2020-07-23 15:22:13,231] {spark_submit_hook.py:479} INFO - 20/07/23 15:22:13 INFO SparkContext: Invoking stop() from shutdown hook
[2020-07-23 15:22:13,282] {logging_mixin.py:112} INFO - [2020-07-23 15:22:13,282] {spark_submit_hook.py:479} INFO - 20/07/23 15:22:13 INFO SparkUI: Stopped Spark web UI at http://192.168.43.94:4045
[2020-07-23 15:22:13,416] {logging_mixin.py:112} INFO - [2020-07-23 15:22:13,416] {spark_submit_hook.py:479} INFO - 20/07/23 15:22:13 INFO MapOutputTrackerMasterEndpoint: MapOutputTrackerMasterEndpoint stopped!
[2020-07-23 15:22:13,453] {logging_mixin.py:112} INFO - [2020-07-23 15:22:13,453] {spark_submit_hook.py:479} INFO - 20/07/23 15:22:13 INFO MemoryStore: MemoryStore cleared
[2020-07-23 15:22:13,454] {logging_mixin.py:112} INFO - [2020-07-23 15:22:13,453] {spark_submit_hook.py:479} INFO - 20/07/23 15:22:13 INFO BlockManager: BlockManager stopped
[2020-07-23 15:22:13,468] {logging_mixin.py:112} INFO - [2020-07-23 15:22:13,467] {spark_submit_hook.py:479} INFO - 20/07/23 15:22:13 INFO BlockManagerMaster: BlockManagerMaster stopped
[2020-07-23 15:22:13,485] {logging_mixin.py:112} INFO - [2020-07-23 15:22:13,484] {spark_submit_hook.py:479} INFO - 20/07/23 15:22:13 INFO OutputCommitCoordinator$OutputCommitCoordinatorEndpoint: OutputCommitCoordinator stopped!
[2020-07-23 15:22:13,515] {logging_mixin.py:112} INFO - [2020-07-23 15:22:13,514] {spark_submit_hook.py:479} INFO - 20/07/23 15:22:13 INFO SparkContext: Successfully stopped SparkContext
[2020-07-23 15:22:13,516] {logging_mixin.py:112} INFO - [2020-07-23 15:22:13,516] {spark_submit_hook.py:479} INFO - 20/07/23 15:22:13 INFO ShutdownHookManager: Shutdown hook called
[2020-07-23 15:22:13,518] {logging_mixin.py:112} INFO - [2020-07-23 15:22:13,517] {spark_submit_hook.py:479} INFO - 20/07/23 15:22:13 INFO ShutdownHookManager: Deleting directory /tmp/spark-364a119f-a336-4147-8389-2a3ba4cd08ce
[2020-07-23 15:22:13,524] {logging_mixin.py:112} INFO - [2020-07-23 15:22:13,524] {spark_submit_hook.py:479} INFO - 20/07/23 15:22:13 INFO ShutdownHookManager: Deleting directory /tmp/spark-e1ee194b-2ce1-4c4f-a1e6-83ec2ae69310
[2020-07-23 15:22:13,529] {logging_mixin.py:112} INFO - [2020-07-23 15:22:13,528] {spark_submit_hook.py:479} INFO - 20/07/23 15:22:13 INFO ShutdownHookManager: Deleting directory /tmp/spark-e1ee194b-2ce1-4c4f-a1e6-83ec2ae69310/pyspark-38a5e244-ca4e-4ecd-861b-ae459bf30889
[2020-07-23 15:22:13,840] {taskinstance.py:1052} INFO - Marking task as SUCCESS.dag_id=submit_data, task_id=spark_submit, execution_date=20200721T005200, start_date=20200723T095149, end_date=20200723T095213
[2020-07-23 15:22:14,418] {logging_mixin.py:112} INFO - [2020-07-23 15:22:14,417] {local_task_job.py:103} INFO - Task exited with return code 0
