[2020-07-22 14:33:27,287] {taskinstance.py:669} INFO - Dependencies all met for <TaskInstance: submit_data.spark_submit 2020-07-20T03:27:00+00:00 [queued]>
[2020-07-22 14:33:27,305] {taskinstance.py:669} INFO - Dependencies all met for <TaskInstance: submit_data.spark_submit 2020-07-20T03:27:00+00:00 [queued]>
[2020-07-22 14:33:27,306] {taskinstance.py:879} INFO - 
--------------------------------------------------------------------------------
[2020-07-22 14:33:27,306] {taskinstance.py:880} INFO - Starting attempt 1 of 1
[2020-07-22 14:33:27,306] {taskinstance.py:881} INFO - 
--------------------------------------------------------------------------------
[2020-07-22 14:33:27,870] {taskinstance.py:900} INFO - Executing <Task(SparkSubmitOperator): spark_submit> on 2020-07-20T03:27:00+00:00
[2020-07-22 14:33:27,874] {standard_task_runner.py:53} INFO - Started process 433137 to run task
[2020-07-22 14:33:28,135] {logging_mixin.py:112} INFO - Running %s on host %s <TaskInstance: submit_data.spark_submit 2020-07-20T03:27:00+00:00 [running]> bhakti-Vostro-3558
[2020-07-22 14:33:28,184] {logging_mixin.py:112} INFO - [2020-07-22 14:33:28,184] {base_hook.py:87} INFO - Using connection to: id: spark_local. Host: localhost, Port: 4041, Schema: None, Login: None, Password: None, extra: None
[2020-07-22 14:33:28,186] {logging_mixin.py:112} INFO - [2020-07-22 14:33:28,185] {spark_submit_hook.py:325} INFO - Spark-Submit cmd: spark-submit --master localhost:4041 --name airflow-spark /home/bhakti/airflow/spark_jobs/python/spark_test.py
[2020-07-22 14:33:30,652] {logging_mixin.py:112} INFO - [2020-07-22 14:33:30,651] {spark_submit_hook.py:479} INFO - 20/07/22 14:33:30 WARN Utils: Your hostname, bhakti-Vostro-3558 resolves to a loopback address: 127.0.1.1; using 192.168.43.94 instead (on interface wlp6s0)
[2020-07-22 14:33:30,654] {logging_mixin.py:112} INFO - [2020-07-22 14:33:30,654] {spark_submit_hook.py:479} INFO - 20/07/22 14:33:30 WARN Utils: Set SPARK_LOCAL_IP if you need to bind to another address
[2020-07-22 14:33:32,954] {logging_mixin.py:112} INFO - [2020-07-22 14:33:32,953] {spark_submit_hook.py:479} INFO - 20/07/22 14:33:32 WARN NativeCodeLoader: Unable to load native-hadoop library for your platform... using builtin-java classes where applicable
[2020-07-22 14:33:34,524] {logging_mixin.py:112} INFO - [2020-07-22 14:33:34,523] {spark_submit_hook.py:479} INFO - Using Spark's default log4j profile: org/apache/spark/log4j-defaults.properties
[2020-07-22 14:33:34,547] {logging_mixin.py:112} INFO - [2020-07-22 14:33:34,546] {spark_submit_hook.py:479} INFO - 20/07/22 14:33:34 INFO SparkContext: Running Spark version 3.0.0
[2020-07-22 14:33:34,630] {logging_mixin.py:112} INFO - [2020-07-22 14:33:34,630] {spark_submit_hook.py:479} INFO - 20/07/22 14:33:34 INFO ResourceUtils: ==============================================================
[2020-07-22 14:33:34,633] {logging_mixin.py:112} INFO - [2020-07-22 14:33:34,633] {spark_submit_hook.py:479} INFO - 20/07/22 14:33:34 INFO ResourceUtils: Resources for spark.driver:
[2020-07-22 14:33:34,634] {logging_mixin.py:112} INFO - [2020-07-22 14:33:34,634] {spark_submit_hook.py:479} INFO - 
[2020-07-22 14:33:34,634] {logging_mixin.py:112} INFO - [2020-07-22 14:33:34,634] {spark_submit_hook.py:479} INFO - 20/07/22 14:33:34 INFO ResourceUtils: ==============================================================
[2020-07-22 14:33:34,635] {logging_mixin.py:112} INFO - [2020-07-22 14:33:34,635] {spark_submit_hook.py:479} INFO - 20/07/22 14:33:34 INFO SparkContext: Submitted application: Spark_Test_Python
[2020-07-22 14:33:34,734] {logging_mixin.py:112} INFO - [2020-07-22 14:33:34,734] {spark_submit_hook.py:479} INFO - 20/07/22 14:33:34 INFO SecurityManager: Changing view acls to: bhakti
[2020-07-22 14:33:34,735] {logging_mixin.py:112} INFO - [2020-07-22 14:33:34,735] {spark_submit_hook.py:479} INFO - 20/07/22 14:33:34 INFO SecurityManager: Changing modify acls to: bhakti
[2020-07-22 14:33:34,735] {logging_mixin.py:112} INFO - [2020-07-22 14:33:34,735] {spark_submit_hook.py:479} INFO - 20/07/22 14:33:34 INFO SecurityManager: Changing view acls groups to:
[2020-07-22 14:33:34,735] {logging_mixin.py:112} INFO - [2020-07-22 14:33:34,735] {spark_submit_hook.py:479} INFO - 20/07/22 14:33:34 INFO SecurityManager: Changing modify acls groups to:
[2020-07-22 14:33:34,736] {logging_mixin.py:112} INFO - [2020-07-22 14:33:34,736] {spark_submit_hook.py:479} INFO - 20/07/22 14:33:34 INFO SecurityManager: SecurityManager: authentication disabled; ui acls disabled; users  with view permissions: Set(bhakti); groups with view permissions: Set(); users  with modify permissions: Set(bhakti); groups with modify permissions: Set()
[2020-07-22 14:33:35,217] {logging_mixin.py:112} INFO - [2020-07-22 14:33:35,217] {spark_submit_hook.py:479} INFO - 20/07/22 14:33:35 INFO Utils: Successfully started service 'sparkDriver' on port 41271.
[2020-07-22 14:33:35,279] {logging_mixin.py:112} INFO - [2020-07-22 14:33:35,279] {spark_submit_hook.py:479} INFO - 20/07/22 14:33:35 INFO SparkEnv: Registering MapOutputTracker
[2020-07-22 14:33:35,371] {logging_mixin.py:112} INFO - [2020-07-22 14:33:35,371] {spark_submit_hook.py:479} INFO - 20/07/22 14:33:35 INFO SparkEnv: Registering BlockManagerMaster
[2020-07-22 14:33:35,424] {logging_mixin.py:112} INFO - [2020-07-22 14:33:35,424] {spark_submit_hook.py:479} INFO - 20/07/22 14:33:35 INFO BlockManagerMasterEndpoint: Using org.apache.spark.storage.DefaultTopologyMapper for getting topology information
[2020-07-22 14:33:35,427] {logging_mixin.py:112} INFO - [2020-07-22 14:33:35,427] {spark_submit_hook.py:479} INFO - 20/07/22 14:33:35 INFO BlockManagerMasterEndpoint: BlockManagerMasterEndpoint up
[2020-07-22 14:33:35,434] {logging_mixin.py:112} INFO - [2020-07-22 14:33:35,433] {spark_submit_hook.py:479} INFO - 20/07/22 14:33:35 INFO SparkEnv: Registering BlockManagerMasterHeartbeat
[2020-07-22 14:33:35,463] {logging_mixin.py:112} INFO - [2020-07-22 14:33:35,463] {spark_submit_hook.py:479} INFO - 20/07/22 14:33:35 INFO DiskBlockManager: Created local directory at /tmp/blockmgr-044575c8-8260-42f8-8be0-e4f3998311c0
[2020-07-22 14:33:35,505] {logging_mixin.py:112} INFO - [2020-07-22 14:33:35,504] {spark_submit_hook.py:479} INFO - 20/07/22 14:33:35 INFO MemoryStore: MemoryStore started with capacity 366.3 MiB
[2020-07-22 14:33:35,532] {logging_mixin.py:112} INFO - [2020-07-22 14:33:35,532] {spark_submit_hook.py:479} INFO - 20/07/22 14:33:35 INFO SparkEnv: Registering OutputCommitCoordinator
[2020-07-22 14:33:35,940] {logging_mixin.py:112} INFO - [2020-07-22 14:33:35,939] {spark_submit_hook.py:479} INFO - 20/07/22 14:33:35 WARN Utils: Service 'SparkUI' could not bind on port 4040. Attempting port 4041.
[2020-07-22 14:33:35,940] {logging_mixin.py:112} INFO - [2020-07-22 14:33:35,940] {spark_submit_hook.py:479} INFO - 20/07/22 14:33:35 WARN Utils: Service 'SparkUI' could not bind on port 4041. Attempting port 4042.
[2020-07-22 14:33:35,941] {logging_mixin.py:112} INFO - [2020-07-22 14:33:35,940] {spark_submit_hook.py:479} INFO - 20/07/22 14:33:35 WARN Utils: Service 'SparkUI' could not bind on port 4042. Attempting port 4043.
[2020-07-22 14:33:35,941] {logging_mixin.py:112} INFO - [2020-07-22 14:33:35,941] {spark_submit_hook.py:479} INFO - 20/07/22 14:33:35 WARN Utils: Service 'SparkUI' could not bind on port 4043. Attempting port 4044.
[2020-07-22 14:33:35,953] {logging_mixin.py:112} INFO - [2020-07-22 14:33:35,953] {spark_submit_hook.py:479} INFO - 20/07/22 14:33:35 INFO Utils: Successfully started service 'SparkUI' on port 4044.
[2020-07-22 14:33:36,139] {logging_mixin.py:112} INFO - [2020-07-22 14:33:36,138] {spark_submit_hook.py:479} INFO - 20/07/22 14:33:36 INFO SparkUI: Bound SparkUI to 0.0.0.0, and started at http://192.168.43.94:4044
[2020-07-22 14:33:36,357] {logging_mixin.py:112} INFO - [2020-07-22 14:33:36,357] {spark_submit_hook.py:479} INFO - 20/07/22 14:33:36 ERROR SparkContext: Error initializing SparkContext.
[2020-07-22 14:33:36,357] {logging_mixin.py:112} INFO - [2020-07-22 14:33:36,357] {spark_submit_hook.py:479} INFO - org.apache.spark.SparkException: Could not parse Master URL: 'localhost:4041'
[2020-07-22 14:33:36,358] {logging_mixin.py:112} INFO - [2020-07-22 14:33:36,358] {spark_submit_hook.py:479} INFO - at org.apache.spark.SparkContext$.org$apache$spark$SparkContext$$createTaskScheduler(SparkContext.scala:2924)
[2020-07-22 14:33:36,358] {logging_mixin.py:112} INFO - [2020-07-22 14:33:36,358] {spark_submit_hook.py:479} INFO - at org.apache.spark.SparkContext.<init>(SparkContext.scala:528)
[2020-07-22 14:33:36,358] {logging_mixin.py:112} INFO - [2020-07-22 14:33:36,358] {spark_submit_hook.py:479} INFO - at org.apache.spark.api.java.JavaSparkContext.<init>(JavaSparkContext.scala:58)
[2020-07-22 14:33:36,359] {logging_mixin.py:112} INFO - [2020-07-22 14:33:36,359] {spark_submit_hook.py:479} INFO - at sun.reflect.NativeConstructorAccessorImpl.newInstance0(Native Method)
[2020-07-22 14:33:36,359] {logging_mixin.py:112} INFO - [2020-07-22 14:33:36,359] {spark_submit_hook.py:479} INFO - at sun.reflect.NativeConstructorAccessorImpl.newInstance(NativeConstructorAccessorImpl.java:62)
[2020-07-22 14:33:36,359] {logging_mixin.py:112} INFO - [2020-07-22 14:33:36,359] {spark_submit_hook.py:479} INFO - at sun.reflect.DelegatingConstructorAccessorImpl.newInstance(DelegatingConstructorAccessorImpl.java:45)
[2020-07-22 14:33:36,360] {logging_mixin.py:112} INFO - [2020-07-22 14:33:36,360] {spark_submit_hook.py:479} INFO - at java.lang.reflect.Constructor.newInstance(Constructor.java:423)
[2020-07-22 14:33:36,360] {logging_mixin.py:112} INFO - [2020-07-22 14:33:36,360] {spark_submit_hook.py:479} INFO - at py4j.reflection.MethodInvoker.invoke(MethodInvoker.java:247)
[2020-07-22 14:33:36,360] {logging_mixin.py:112} INFO - [2020-07-22 14:33:36,360] {spark_submit_hook.py:479} INFO - at py4j.reflection.ReflectionEngine.invoke(ReflectionEngine.java:357)
[2020-07-22 14:33:36,360] {logging_mixin.py:112} INFO - [2020-07-22 14:33:36,360] {spark_submit_hook.py:479} INFO - at py4j.Gateway.invoke(Gateway.java:238)
[2020-07-22 14:33:36,361] {logging_mixin.py:112} INFO - [2020-07-22 14:33:36,360] {spark_submit_hook.py:479} INFO - at py4j.commands.ConstructorCommand.invokeConstructor(ConstructorCommand.java:80)
[2020-07-22 14:33:36,361] {logging_mixin.py:112} INFO - [2020-07-22 14:33:36,361] {spark_submit_hook.py:479} INFO - at py4j.commands.ConstructorCommand.execute(ConstructorCommand.java:69)
[2020-07-22 14:33:36,361] {logging_mixin.py:112} INFO - [2020-07-22 14:33:36,361] {spark_submit_hook.py:479} INFO - at py4j.GatewayConnection.run(GatewayConnection.java:238)
[2020-07-22 14:33:36,361] {logging_mixin.py:112} INFO - [2020-07-22 14:33:36,361] {spark_submit_hook.py:479} INFO - at java.lang.Thread.run(Thread.java:748)
[2020-07-22 14:33:36,400] {logging_mixin.py:112} INFO - [2020-07-22 14:33:36,400] {spark_submit_hook.py:479} INFO - 20/07/22 14:33:36 INFO SparkUI: Stopped Spark web UI at http://192.168.43.94:4044
[2020-07-22 14:33:36,489] {logging_mixin.py:112} INFO - [2020-07-22 14:33:36,488] {spark_submit_hook.py:479} INFO - 20/07/22 14:33:36 INFO MapOutputTrackerMasterEndpoint: MapOutputTrackerMasterEndpoint stopped!
[2020-07-22 14:33:36,551] {logging_mixin.py:112} INFO - [2020-07-22 14:33:36,550] {spark_submit_hook.py:479} INFO - 20/07/22 14:33:36 INFO MemoryStore: MemoryStore cleared
[2020-07-22 14:33:36,552] {logging_mixin.py:112} INFO - [2020-07-22 14:33:36,551] {spark_submit_hook.py:479} INFO - 20/07/22 14:33:36 INFO BlockManager: BlockManager stopped
[2020-07-22 14:33:36,594] {logging_mixin.py:112} INFO - [2020-07-22 14:33:36,593] {spark_submit_hook.py:479} INFO - 20/07/22 14:33:36 INFO BlockManagerMaster: BlockManagerMaster stopped
[2020-07-22 14:33:36,594] {logging_mixin.py:112} INFO - [2020-07-22 14:33:36,594] {spark_submit_hook.py:479} INFO - 20/07/22 14:33:36 WARN MetricsSystem: Stopping a MetricsSystem that is not running
[2020-07-22 14:33:36,600] {logging_mixin.py:112} INFO - [2020-07-22 14:33:36,600] {spark_submit_hook.py:479} INFO - 20/07/22 14:33:36 INFO OutputCommitCoordinator$OutputCommitCoordinatorEndpoint: OutputCommitCoordinator stopped!
[2020-07-22 14:33:36,656] {logging_mixin.py:112} INFO - [2020-07-22 14:33:36,656] {spark_submit_hook.py:479} INFO - 20/07/22 14:33:36 INFO SparkContext: Successfully stopped SparkContext
[2020-07-22 14:33:36,765] {logging_mixin.py:112} INFO - [2020-07-22 14:33:36,765] {spark_submit_hook.py:479} INFO - Traceback (most recent call last):
[2020-07-22 14:33:36,766] {logging_mixin.py:112} INFO - [2020-07-22 14:33:36,765] {spark_submit_hook.py:479} INFO - File "/home/bhakti/airflow/spark_jobs/python/spark_test.py", line 6, in <module>
[2020-07-22 14:33:36,766] {logging_mixin.py:112} INFO - [2020-07-22 14:33:36,766] {spark_submit_hook.py:479} INFO - sc = SparkContext(conf=conf)
[2020-07-22 14:33:36,766] {logging_mixin.py:112} INFO - [2020-07-22 14:33:36,766] {spark_submit_hook.py:479} INFO - File "/opt/spark/python/lib/pyspark.zip/pyspark/context.py", line 130, in __init__
[2020-07-22 14:33:36,766] {logging_mixin.py:112} INFO - [2020-07-22 14:33:36,766] {spark_submit_hook.py:479} INFO - File "/opt/spark/python/lib/pyspark.zip/pyspark/context.py", line 193, in _do_init
[2020-07-22 14:33:36,767] {logging_mixin.py:112} INFO - [2020-07-22 14:33:36,766] {spark_submit_hook.py:479} INFO - File "/opt/spark/python/lib/pyspark.zip/pyspark/context.py", line 310, in _initialize_context
[2020-07-22 14:33:36,767] {logging_mixin.py:112} INFO - [2020-07-22 14:33:36,767] {spark_submit_hook.py:479} INFO - File "/opt/spark/python/lib/py4j-0.10.9-src.zip/py4j/java_gateway.py", line 1568, in __call__
[2020-07-22 14:33:36,767] {logging_mixin.py:112} INFO - [2020-07-22 14:33:36,767] {spark_submit_hook.py:479} INFO - File "/opt/spark/python/lib/py4j-0.10.9-src.zip/py4j/protocol.py", line 326, in get_return_value
[2020-07-22 14:33:36,769] {logging_mixin.py:112} INFO - [2020-07-22 14:33:36,768] {spark_submit_hook.py:479} INFO - py4j.protocol.Py4JJavaError: An error occurred while calling None.org.apache.spark.api.java.JavaSparkContext.
[2020-07-22 14:33:36,769] {logging_mixin.py:112} INFO - [2020-07-22 14:33:36,769] {spark_submit_hook.py:479} INFO - : org.apache.spark.SparkException: Could not parse Master URL: 'localhost:4041'
[2020-07-22 14:33:36,769] {logging_mixin.py:112} INFO - [2020-07-22 14:33:36,769] {spark_submit_hook.py:479} INFO - at org.apache.spark.SparkContext$.org$apache$spark$SparkContext$$createTaskScheduler(SparkContext.scala:2924)
[2020-07-22 14:33:36,769] {logging_mixin.py:112} INFO - [2020-07-22 14:33:36,769] {spark_submit_hook.py:479} INFO - at org.apache.spark.SparkContext.<init>(SparkContext.scala:528)
[2020-07-22 14:33:36,770] {logging_mixin.py:112} INFO - [2020-07-22 14:33:36,770] {spark_submit_hook.py:479} INFO - at org.apache.spark.api.java.JavaSparkContext.<init>(JavaSparkContext.scala:58)
[2020-07-22 14:33:36,770] {logging_mixin.py:112} INFO - [2020-07-22 14:33:36,770] {spark_submit_hook.py:479} INFO - at sun.reflect.NativeConstructorAccessorImpl.newInstance0(Native Method)
[2020-07-22 14:33:36,770] {logging_mixin.py:112} INFO - [2020-07-22 14:33:36,770] {spark_submit_hook.py:479} INFO - at sun.reflect.NativeConstructorAccessorImpl.newInstance(NativeConstructorAccessorImpl.java:62)
[2020-07-22 14:33:36,770] {logging_mixin.py:112} INFO - [2020-07-22 14:33:36,770] {spark_submit_hook.py:479} INFO - at sun.reflect.DelegatingConstructorAccessorImpl.newInstance(DelegatingConstructorAccessorImpl.java:45)
[2020-07-22 14:33:36,771] {logging_mixin.py:112} INFO - [2020-07-22 14:33:36,770] {spark_submit_hook.py:479} INFO - at java.lang.reflect.Constructor.newInstance(Constructor.java:423)
[2020-07-22 14:33:36,771] {logging_mixin.py:112} INFO - [2020-07-22 14:33:36,771] {spark_submit_hook.py:479} INFO - at py4j.reflection.MethodInvoker.invoke(MethodInvoker.java:247)
[2020-07-22 14:33:36,771] {logging_mixin.py:112} INFO - [2020-07-22 14:33:36,771] {spark_submit_hook.py:479} INFO - at py4j.reflection.ReflectionEngine.invoke(ReflectionEngine.java:357)
[2020-07-22 14:33:36,771] {logging_mixin.py:112} INFO - [2020-07-22 14:33:36,771] {spark_submit_hook.py:479} INFO - at py4j.Gateway.invoke(Gateway.java:238)
[2020-07-22 14:33:36,772] {logging_mixin.py:112} INFO - [2020-07-22 14:33:36,771] {spark_submit_hook.py:479} INFO - at py4j.commands.ConstructorCommand.invokeConstructor(ConstructorCommand.java:80)
[2020-07-22 14:33:36,772] {logging_mixin.py:112} INFO - [2020-07-22 14:33:36,772] {spark_submit_hook.py:479} INFO - at py4j.commands.ConstructorCommand.execute(ConstructorCommand.java:69)
[2020-07-22 14:33:36,772] {logging_mixin.py:112} INFO - [2020-07-22 14:33:36,772] {spark_submit_hook.py:479} INFO - at py4j.GatewayConnection.run(GatewayConnection.java:238)
[2020-07-22 14:33:36,772] {logging_mixin.py:112} INFO - [2020-07-22 14:33:36,772] {spark_submit_hook.py:479} INFO - at java.lang.Thread.run(Thread.java:748)
[2020-07-22 14:33:36,772] {logging_mixin.py:112} INFO - [2020-07-22 14:33:36,772] {spark_submit_hook.py:479} INFO - 
[2020-07-22 14:33:37,101] {logging_mixin.py:112} INFO - [2020-07-22 14:33:37,101] {spark_submit_hook.py:479} INFO - 20/07/22 14:33:37 INFO ShutdownHookManager: Shutdown hook called
[2020-07-22 14:33:37,107] {logging_mixin.py:112} INFO - [2020-07-22 14:33:37,106] {spark_submit_hook.py:479} INFO - 20/07/22 14:33:37 INFO ShutdownHookManager: Deleting directory /tmp/spark-cfa6efd9-7f52-4459-abee-9fa8c7194145
[2020-07-22 14:33:37,120] {logging_mixin.py:112} INFO - [2020-07-22 14:33:37,120] {spark_submit_hook.py:479} INFO - 20/07/22 14:33:37 INFO ShutdownHookManager: Deleting directory /tmp/spark-31971cec-ad2a-41b6-932d-17fa9c14b4f3
[2020-07-22 14:33:37,383] {taskinstance.py:1145} ERROR - Cannot execute: spark-submit --master localhost:4041 --name airflow-spark /home/bhakti/airflow/spark_jobs/python/spark_test.py. Error code is: 1.
Traceback (most recent call last):
  File "/usr/local/lib/python3.8/dist-packages/airflow/models/taskinstance.py", line 983, in _run_raw_task
    result = task_copy.execute(context=context)
  File "/usr/local/lib/python3.8/dist-packages/airflow/contrib/operators/spark_submit_operator.py", line 187, in execute
    self._hook.submit(self._application)
  File "/usr/local/lib/python3.8/dist-packages/airflow/contrib/hooks/spark_submit_hook.py", line 403, in submit
    raise AirflowException(
airflow.exceptions.AirflowException: Cannot execute: spark-submit --master localhost:4041 --name airflow-spark /home/bhakti/airflow/spark_jobs/python/spark_test.py. Error code is: 1.
[2020-07-22 14:33:37,386] {taskinstance.py:1189} INFO - Marking task as FAILED.dag_id=submit_data, task_id=spark_submit, execution_date=20200720T032700, start_date=20200722T090327, end_date=20200722T090337
[2020-07-22 14:33:42,375] {logging_mixin.py:112} INFO - [2020-07-22 14:33:42,375] {local_task_job.py:103} INFO - Task exited with return code 1
