[2020-07-22 14:48:47,179] {taskinstance.py:669} INFO - Dependencies all met for <TaskInstance: submit_data.spark_submit 2020-07-20T03:52:00+00:00 [queued]>
[2020-07-22 14:48:47,198] {taskinstance.py:669} INFO - Dependencies all met for <TaskInstance: submit_data.spark_submit 2020-07-20T03:52:00+00:00 [queued]>
[2020-07-22 14:48:47,198] {taskinstance.py:879} INFO - 
--------------------------------------------------------------------------------
[2020-07-22 14:48:47,198] {taskinstance.py:880} INFO - Starting attempt 1 of 1
[2020-07-22 14:48:47,198] {taskinstance.py:881} INFO - 
--------------------------------------------------------------------------------
[2020-07-22 14:48:47,422] {taskinstance.py:900} INFO - Executing <Task(SparkSubmitOperator): spark_submit> on 2020-07-20T03:52:00+00:00
[2020-07-22 14:48:47,429] {standard_task_runner.py:53} INFO - Started process 453734 to run task
[2020-07-22 14:48:47,721] {logging_mixin.py:112} INFO - Running %s on host %s <TaskInstance: submit_data.spark_submit 2020-07-20T03:52:00+00:00 [running]> bhakti-Vostro-3558
[2020-07-22 14:48:47,762] {logging_mixin.py:112} INFO - [2020-07-22 14:48:47,762] {base_hook.py:87} INFO - Using connection to: id: spark_local. Host: local, Port: None, Schema: None, Login: None, Password: None, extra: None
[2020-07-22 14:48:47,764] {logging_mixin.py:112} INFO - [2020-07-22 14:48:47,764] {spark_submit_hook.py:325} INFO - Spark-Submit cmd: spark-submit --master local --name airflow-spark /home/bhakti/airflow/spark_jobs/python/spark_test.py
[2020-07-22 14:48:51,743] {logging_mixin.py:112} INFO - [2020-07-22 14:48:51,743] {spark_submit_hook.py:479} INFO - 20/07/22 14:48:51 WARN Utils: Your hostname, bhakti-Vostro-3558 resolves to a loopback address: 127.0.1.1; using 192.168.43.94 instead (on interface wlp6s0)
[2020-07-22 14:48:51,745] {logging_mixin.py:112} INFO - [2020-07-22 14:48:51,745] {spark_submit_hook.py:479} INFO - 20/07/22 14:48:51 WARN Utils: Set SPARK_LOCAL_IP if you need to bind to another address
[2020-07-22 14:48:54,627] {logging_mixin.py:112} INFO - [2020-07-22 14:48:54,626] {spark_submit_hook.py:479} INFO - 20/07/22 14:48:54 WARN NativeCodeLoader: Unable to load native-hadoop library for your platform... using builtin-java classes where applicable
[2020-07-22 14:48:57,363] {logging_mixin.py:112} INFO - [2020-07-22 14:48:57,362] {spark_submit_hook.py:479} INFO - Using Spark's default log4j profile: org/apache/spark/log4j-defaults.properties
[2020-07-22 14:48:57,386] {logging_mixin.py:112} INFO - [2020-07-22 14:48:57,385] {spark_submit_hook.py:479} INFO - 20/07/22 14:48:57 INFO SparkContext: Running Spark version 3.0.0
[2020-07-22 14:48:57,491] {logging_mixin.py:112} INFO - [2020-07-22 14:48:57,490] {spark_submit_hook.py:479} INFO - 20/07/22 14:48:57 INFO ResourceUtils: ==============================================================
[2020-07-22 14:48:57,499] {logging_mixin.py:112} INFO - [2020-07-22 14:48:57,498] {spark_submit_hook.py:479} INFO - 20/07/22 14:48:57 INFO ResourceUtils: Resources for spark.driver:
[2020-07-22 14:48:57,499] {logging_mixin.py:112} INFO - [2020-07-22 14:48:57,499] {spark_submit_hook.py:479} INFO - 
[2020-07-22 14:48:57,500] {logging_mixin.py:112} INFO - [2020-07-22 14:48:57,499] {spark_submit_hook.py:479} INFO - 20/07/22 14:48:57 INFO ResourceUtils: ==============================================================
[2020-07-22 14:48:57,504] {logging_mixin.py:112} INFO - [2020-07-22 14:48:57,503] {spark_submit_hook.py:479} INFO - 20/07/22 14:48:57 INFO SparkContext: Submitted application: Spark_Test_Python
[2020-07-22 14:48:57,693] {logging_mixin.py:112} INFO - [2020-07-22 14:48:57,693] {spark_submit_hook.py:479} INFO - 20/07/22 14:48:57 INFO SecurityManager: Changing view acls to: bhakti
[2020-07-22 14:48:57,694] {logging_mixin.py:112} INFO - [2020-07-22 14:48:57,693] {spark_submit_hook.py:479} INFO - 20/07/22 14:48:57 INFO SecurityManager: Changing modify acls to: bhakti
[2020-07-22 14:48:57,694] {logging_mixin.py:112} INFO - [2020-07-22 14:48:57,694] {spark_submit_hook.py:479} INFO - 20/07/22 14:48:57 INFO SecurityManager: Changing view acls groups to:
[2020-07-22 14:48:57,694] {logging_mixin.py:112} INFO - [2020-07-22 14:48:57,694] {spark_submit_hook.py:479} INFO - 20/07/22 14:48:57 INFO SecurityManager: Changing modify acls groups to:
[2020-07-22 14:48:57,695] {logging_mixin.py:112} INFO - [2020-07-22 14:48:57,695] {spark_submit_hook.py:479} INFO - 20/07/22 14:48:57 INFO SecurityManager: SecurityManager: authentication disabled; ui acls disabled; users  with view permissions: Set(bhakti); groups with view permissions: Set(); users  with modify permissions: Set(bhakti); groups with modify permissions: Set()
[2020-07-22 14:48:58,330] {logging_mixin.py:112} INFO - [2020-07-22 14:48:58,329] {spark_submit_hook.py:479} INFO - 20/07/22 14:48:58 INFO Utils: Successfully started service 'sparkDriver' on port 34611.
[2020-07-22 14:48:58,405] {logging_mixin.py:112} INFO - [2020-07-22 14:48:58,405] {spark_submit_hook.py:479} INFO - 20/07/22 14:48:58 INFO SparkEnv: Registering MapOutputTracker
[2020-07-22 14:48:58,513] {logging_mixin.py:112} INFO - [2020-07-22 14:48:58,513] {spark_submit_hook.py:479} INFO - 20/07/22 14:48:58 INFO SparkEnv: Registering BlockManagerMaster
[2020-07-22 14:48:58,596] {logging_mixin.py:112} INFO - [2020-07-22 14:48:58,595] {spark_submit_hook.py:479} INFO - 20/07/22 14:48:58 INFO BlockManagerMasterEndpoint: Using org.apache.spark.storage.DefaultTopologyMapper for getting topology information
[2020-07-22 14:48:58,615] {logging_mixin.py:112} INFO - [2020-07-22 14:48:58,615] {spark_submit_hook.py:479} INFO - 20/07/22 14:48:58 INFO BlockManagerMasterEndpoint: BlockManagerMasterEndpoint up
[2020-07-22 14:48:58,624] {logging_mixin.py:112} INFO - [2020-07-22 14:48:58,624] {spark_submit_hook.py:479} INFO - 20/07/22 14:48:58 INFO SparkEnv: Registering BlockManagerMasterHeartbeat
[2020-07-22 14:48:58,660] {logging_mixin.py:112} INFO - [2020-07-22 14:48:58,660] {spark_submit_hook.py:479} INFO - 20/07/22 14:48:58 INFO DiskBlockManager: Created local directory at /tmp/blockmgr-ef518ca3-5782-4915-8697-eb0981f319fc
[2020-07-22 14:48:58,713] {logging_mixin.py:112} INFO - [2020-07-22 14:48:58,712] {spark_submit_hook.py:479} INFO - 20/07/22 14:48:58 INFO MemoryStore: MemoryStore started with capacity 366.3 MiB
[2020-07-22 14:48:58,745] {logging_mixin.py:112} INFO - [2020-07-22 14:48:58,745] {spark_submit_hook.py:479} INFO - 20/07/22 14:48:58 INFO SparkEnv: Registering OutputCommitCoordinator
[2020-07-22 14:48:59,209] {logging_mixin.py:112} INFO - [2020-07-22 14:48:59,208] {spark_submit_hook.py:479} INFO - 20/07/22 14:48:59 WARN Utils: Service 'SparkUI' could not bind on port 4040. Attempting port 4041.
[2020-07-22 14:48:59,209] {logging_mixin.py:112} INFO - [2020-07-22 14:48:59,209] {spark_submit_hook.py:479} INFO - 20/07/22 14:48:59 WARN Utils: Service 'SparkUI' could not bind on port 4041. Attempting port 4042.
[2020-07-22 14:48:59,210] {logging_mixin.py:112} INFO - [2020-07-22 14:48:59,210] {spark_submit_hook.py:479} INFO - 20/07/22 14:48:59 WARN Utils: Service 'SparkUI' could not bind on port 4042. Attempting port 4043.
[2020-07-22 14:48:59,227] {logging_mixin.py:112} INFO - [2020-07-22 14:48:59,227] {spark_submit_hook.py:479} INFO - 20/07/22 14:48:59 INFO Utils: Successfully started service 'SparkUI' on port 4043.
[2020-07-22 14:48:59,348] {logging_mixin.py:112} INFO - [2020-07-22 14:48:59,348] {spark_submit_hook.py:479} INFO - 20/07/22 14:48:59 INFO SparkUI: Bound SparkUI to 0.0.0.0, and started at http://192.168.43.94:4043
[2020-07-22 14:48:59,918] {logging_mixin.py:112} INFO - [2020-07-22 14:48:59,918] {spark_submit_hook.py:479} INFO - 20/07/22 14:48:59 INFO Executor: Starting executor ID driver on host 192.168.43.94
[2020-07-22 14:48:59,982] {logging_mixin.py:112} INFO - [2020-07-22 14:48:59,981] {spark_submit_hook.py:479} INFO - 20/07/22 14:48:59 INFO Utils: Successfully started service 'org.apache.spark.network.netty.NettyBlockTransferService' on port 34951.
[2020-07-22 14:48:59,984] {logging_mixin.py:112} INFO - [2020-07-22 14:48:59,983] {spark_submit_hook.py:479} INFO - 20/07/22 14:48:59 INFO NettyBlockTransferService: Server created on 192.168.43.94:34951
[2020-07-22 14:48:59,990] {logging_mixin.py:112} INFO - [2020-07-22 14:48:59,989] {spark_submit_hook.py:479} INFO - 20/07/22 14:48:59 INFO BlockManager: Using org.apache.spark.storage.RandomBlockReplicationPolicy for block replication policy
[2020-07-22 14:49:00,014] {logging_mixin.py:112} INFO - [2020-07-22 14:49:00,013] {spark_submit_hook.py:479} INFO - 20/07/22 14:49:00 INFO BlockManagerMaster: Registering BlockManager BlockManagerId(driver, 192.168.43.94, 34951, None)
[2020-07-22 14:49:00,036] {logging_mixin.py:112} INFO - [2020-07-22 14:49:00,035] {spark_submit_hook.py:479} INFO - 20/07/22 14:49:00 INFO BlockManagerMasterEndpoint: Registering block manager 192.168.43.94:34951 with 366.3 MiB RAM, BlockManagerId(driver, 192.168.43.94, 34951, None)
[2020-07-22 14:49:00,041] {logging_mixin.py:112} INFO - [2020-07-22 14:49:00,041] {spark_submit_hook.py:479} INFO - 20/07/22 14:49:00 INFO BlockManagerMaster: Registered BlockManager BlockManagerId(driver, 192.168.43.94, 34951, None)
[2020-07-22 14:49:00,043] {logging_mixin.py:112} INFO - [2020-07-22 14:49:00,043] {spark_submit_hook.py:479} INFO - 20/07/22 14:49:00 INFO BlockManager: Initialized BlockManager: BlockManagerId(driver, 192.168.43.94, 34951, None)
[2020-07-22 14:49:02,292] {logging_mixin.py:112} INFO - [2020-07-22 14:49:02,292] {spark_submit_hook.py:479} INFO - 20/07/22 14:49:02 INFO SparkContext: Starting job: collect at /home/bhakti/airflow/spark_jobs/python/spark_test.py:7
[2020-07-22 14:49:02,341] {logging_mixin.py:112} INFO - [2020-07-22 14:49:02,341] {spark_submit_hook.py:479} INFO - 20/07/22 14:49:02 INFO DAGScheduler: Got job 0 (collect at /home/bhakti/airflow/spark_jobs/python/spark_test.py:7) with 1 output partitions
[2020-07-22 14:49:02,342] {logging_mixin.py:112} INFO - [2020-07-22 14:49:02,342] {spark_submit_hook.py:479} INFO - 20/07/22 14:49:02 INFO DAGScheduler: Final stage: ResultStage 0 (collect at /home/bhakti/airflow/spark_jobs/python/spark_test.py:7)
[2020-07-22 14:49:02,343] {logging_mixin.py:112} INFO - [2020-07-22 14:49:02,343] {spark_submit_hook.py:479} INFO - 20/07/22 14:49:02 INFO DAGScheduler: Parents of final stage: List()
[2020-07-22 14:49:02,347] {logging_mixin.py:112} INFO - [2020-07-22 14:49:02,347] {spark_submit_hook.py:479} INFO - 20/07/22 14:49:02 INFO DAGScheduler: Missing parents: List()
[2020-07-22 14:49:02,359] {logging_mixin.py:112} INFO - [2020-07-22 14:49:02,359] {spark_submit_hook.py:479} INFO - 20/07/22 14:49:02 INFO DAGScheduler: Submitting ResultStage 0 (PythonRDD[1] at collect at /home/bhakti/airflow/spark_jobs/python/spark_test.py:7), which has no missing parents
[2020-07-22 14:49:02,723] {logging_mixin.py:112} INFO - [2020-07-22 14:49:02,722] {spark_submit_hook.py:479} INFO - 20/07/22 14:49:02 INFO MemoryStore: Block broadcast_0 stored as values in memory (estimated size 4.8 KiB, free 366.3 MiB)
[2020-07-22 14:49:02,919] {logging_mixin.py:112} INFO - [2020-07-22 14:49:02,919] {spark_submit_hook.py:479} INFO - 20/07/22 14:49:02 INFO MemoryStore: Block broadcast_0_piece0 stored as bytes in memory (estimated size 3.1 KiB, free 366.3 MiB)
[2020-07-22 14:49:02,935] {logging_mixin.py:112} INFO - [2020-07-22 14:49:02,935] {spark_submit_hook.py:479} INFO - 20/07/22 14:49:02 INFO BlockManagerInfo: Added broadcast_0_piece0 in memory on 192.168.43.94:34951 (size: 3.1 KiB, free: 366.3 MiB)
[2020-07-22 14:49:02,957] {logging_mixin.py:112} INFO - [2020-07-22 14:49:02,957] {spark_submit_hook.py:479} INFO - 20/07/22 14:49:02 INFO SparkContext: Created broadcast 0 from broadcast at DAGScheduler.scala:1200
[2020-07-22 14:49:03,014] {logging_mixin.py:112} INFO - [2020-07-22 14:49:03,014] {spark_submit_hook.py:479} INFO - 20/07/22 14:49:03 INFO DAGScheduler: Submitting 1 missing tasks from ResultStage 0 (PythonRDD[1] at collect at /home/bhakti/airflow/spark_jobs/python/spark_test.py:7) (first 15 tasks are for partitions Vector(0))
[2020-07-22 14:49:03,032] {logging_mixin.py:112} INFO - [2020-07-22 14:49:03,032] {spark_submit_hook.py:479} INFO - 20/07/22 14:49:03 INFO TaskSchedulerImpl: Adding task set 0.0 with 1 tasks
[2020-07-22 14:49:03,347] {logging_mixin.py:112} INFO - [2020-07-22 14:49:03,346] {spark_submit_hook.py:479} INFO - 20/07/22 14:49:03 INFO TaskSetManager: Starting task 0.0 in stage 0.0 (TID 0, 192.168.43.94, executor driver, partition 0, PROCESS_LOCAL, 7369 bytes)
[2020-07-22 14:49:03,406] {logging_mixin.py:112} INFO - [2020-07-22 14:49:03,405] {spark_submit_hook.py:479} INFO - 20/07/22 14:49:03 INFO Executor: Running task 0.0 in stage 0.0 (TID 0)
[2020-07-22 14:49:06,295] {logging_mixin.py:112} INFO - [2020-07-22 14:49:06,294] {spark_submit_hook.py:479} INFO - 20/07/22 14:49:06 INFO PythonRunner: Times: total = 1446, boot = 1422, init = 22, finish = 2
[2020-07-22 14:49:06,359] {logging_mixin.py:112} INFO - [2020-07-22 14:49:06,359] {spark_submit_hook.py:479} INFO - 20/07/22 14:49:06 INFO Executor: Finished task 0.0 in stage 0.0 (TID 0). 1533 bytes result sent to driver
[2020-07-22 14:49:06,407] {logging_mixin.py:112} INFO - [2020-07-22 14:49:06,406] {spark_submit_hook.py:479} INFO - 20/07/22 14:49:06 INFO TaskSetManager: Finished task 0.0 in stage 0.0 (TID 0) in 3223 ms on 192.168.43.94 (executor driver) (1/1)
[2020-07-22 14:49:06,422] {logging_mixin.py:112} INFO - [2020-07-22 14:49:06,422] {spark_submit_hook.py:479} INFO - 20/07/22 14:49:06 INFO TaskSchedulerImpl: Removed TaskSet 0.0, whose tasks have all completed, from pool
[2020-07-22 14:49:06,427] {logging_mixin.py:112} INFO - [2020-07-22 14:49:06,426] {spark_submit_hook.py:479} INFO - 20/07/22 14:49:06 INFO PythonAccumulatorV2: Connected to AccumulatorServer at host: 127.0.0.1 port: 60657
[2020-07-22 14:49:06,447] {logging_mixin.py:112} INFO - [2020-07-22 14:49:06,447] {spark_submit_hook.py:479} INFO - 20/07/22 14:49:06 INFO DAGScheduler: ResultStage 0 (collect at /home/bhakti/airflow/spark_jobs/python/spark_test.py:7) finished in 3.992 s
[2020-07-22 14:49:06,472] {logging_mixin.py:112} INFO - [2020-07-22 14:49:06,472] {spark_submit_hook.py:479} INFO - 20/07/22 14:49:06 INFO DAGScheduler: Job 0 is finished. Cancelling potential speculative or zombie tasks for this job
[2020-07-22 14:49:06,474] {logging_mixin.py:112} INFO - [2020-07-22 14:49:06,473] {spark_submit_hook.py:479} INFO - 20/07/22 14:49:06 INFO TaskSchedulerImpl: Killing all running tasks in stage 0: Stage finished
[2020-07-22 14:49:06,480] {logging_mixin.py:112} INFO - [2020-07-22 14:49:06,479] {spark_submit_hook.py:479} INFO - 20/07/22 14:49:06 INFO DAGScheduler: Job 0 finished: collect at /home/bhakti/airflow/spark_jobs/python/spark_test.py:7, took 4.186524 s
[2020-07-22 14:49:06,511] {logging_mixin.py:112} INFO - [2020-07-22 14:49:06,511] {spark_submit_hook.py:479} INFO - [4, 5]
[2020-07-22 14:49:06,629] {logging_mixin.py:112} INFO - [2020-07-22 14:49:06,629] {spark_submit_hook.py:479} INFO - 20/07/22 14:49:06 INFO SparkContext: Invoking stop() from shutdown hook
[2020-07-22 14:49:06,656] {logging_mixin.py:112} INFO - [2020-07-22 14:49:06,656] {spark_submit_hook.py:479} INFO - 20/07/22 14:49:06 INFO SparkUI: Stopped Spark web UI at http://192.168.43.94:4043
[2020-07-22 14:49:06,737] {logging_mixin.py:112} INFO - [2020-07-22 14:49:06,736] {spark_submit_hook.py:479} INFO - 20/07/22 14:49:06 INFO MapOutputTrackerMasterEndpoint: MapOutputTrackerMasterEndpoint stopped!
[2020-07-22 14:49:06,782] {logging_mixin.py:112} INFO - [2020-07-22 14:49:06,782] {spark_submit_hook.py:479} INFO - 20/07/22 14:49:06 INFO MemoryStore: MemoryStore cleared
[2020-07-22 14:49:06,791] {logging_mixin.py:112} INFO - [2020-07-22 14:49:06,790] {spark_submit_hook.py:479} INFO - 20/07/22 14:49:06 INFO BlockManager: BlockManager stopped
[2020-07-22 14:49:06,857] {logging_mixin.py:112} INFO - [2020-07-22 14:49:06,857] {spark_submit_hook.py:479} INFO - 20/07/22 14:49:06 INFO BlockManagerMaster: BlockManagerMaster stopped
[2020-07-22 14:49:06,877] {logging_mixin.py:112} INFO - [2020-07-22 14:49:06,876] {spark_submit_hook.py:479} INFO - 20/07/22 14:49:06 INFO OutputCommitCoordinator$OutputCommitCoordinatorEndpoint: OutputCommitCoordinator stopped!
[2020-07-22 14:49:06,896] {logging_mixin.py:112} INFO - [2020-07-22 14:49:06,896] {spark_submit_hook.py:479} INFO - 20/07/22 14:49:06 INFO SparkContext: Successfully stopped SparkContext
[2020-07-22 14:49:06,900] {logging_mixin.py:112} INFO - [2020-07-22 14:49:06,899] {spark_submit_hook.py:479} INFO - 20/07/22 14:49:06 INFO ShutdownHookManager: Shutdown hook called
[2020-07-22 14:49:06,901] {logging_mixin.py:112} INFO - [2020-07-22 14:49:06,901] {spark_submit_hook.py:479} INFO - 20/07/22 14:49:06 INFO ShutdownHookManager: Deleting directory /tmp/spark-93bc94af-05f5-44ac-86dd-49ae9d6abf8c
[2020-07-22 14:49:06,921] {logging_mixin.py:112} INFO - [2020-07-22 14:49:06,920] {spark_submit_hook.py:479} INFO - 20/07/22 14:49:06 INFO ShutdownHookManager: Deleting directory /tmp/spark-c2f0c93f-67da-463e-a3a2-241e362a898c
[2020-07-22 14:49:06,928] {logging_mixin.py:112} INFO - [2020-07-22 14:49:06,928] {spark_submit_hook.py:479} INFO - 20/07/22 14:49:06 INFO ShutdownHookManager: Deleting directory /tmp/spark-c2f0c93f-67da-463e-a3a2-241e362a898c/pyspark-317b0588-3d20-474d-ab27-7341ad9f685d
[2020-07-22 14:49:07,037] {taskinstance.py:1052} INFO - Marking task as SUCCESS.dag_id=submit_data, task_id=spark_submit, execution_date=20200720T035200, start_date=20200722T091847, end_date=20200722T091907
[2020-07-22 14:49:07,801] {logging_mixin.py:112} INFO - [2020-07-22 14:49:07,801] {local_task_job.py:103} INFO - Task exited with return code 0
