[2020-07-22 14:00:39,363] {taskinstance.py:669} INFO - Dependencies all met for <TaskInstance: submit_data.spark_submit 2020-07-22T08:30:03.383936+00:00 [queued]>
[2020-07-22 14:00:39,372] {taskinstance.py:669} INFO - Dependencies all met for <TaskInstance: submit_data.spark_submit 2020-07-22T08:30:03.383936+00:00 [queued]>
[2020-07-22 14:00:39,372] {taskinstance.py:879} INFO - 
--------------------------------------------------------------------------------
[2020-07-22 14:00:39,372] {taskinstance.py:880} INFO - Starting attempt 1 of 1
[2020-07-22 14:00:39,373] {taskinstance.py:881} INFO - 
--------------------------------------------------------------------------------
[2020-07-22 14:00:39,531] {taskinstance.py:900} INFO - Executing <Task(SparkSubmitOperator): spark_submit> on 2020-07-22T08:30:03.383936+00:00
[2020-07-22 14:00:39,538] {standard_task_runner.py:53} INFO - Started process 387764 to run task
[2020-07-22 14:00:39,728] {logging_mixin.py:112} INFO - Running %s on host %s <TaskInstance: submit_data.spark_submit 2020-07-22T08:30:03.383936+00:00 [running]> bhakti-Vostro-3558
[2020-07-22 14:00:39,824] {logging_mixin.py:112} INFO - [2020-07-22 14:00:39,823] {connection.py:342} ERROR - Extra data: line 1 column 15 (char 14)
Traceback (most recent call last):
  File "/usr/local/lib/python3.8/dist-packages/airflow/models/connection.py", line 340, in extra_dejson
    obj = json.loads(self.extra)
  File "/usr/lib/python3.8/json/__init__.py", line 357, in loads
    return _default_decoder.decode(s)
  File "/usr/lib/python3.8/json/decoder.py", line 340, in decode
    raise JSONDecodeError("Extra data", s, end)
json.decoder.JSONDecodeError: Extra data: line 1 column 15 (char 14)
[2020-07-22 14:00:39,825] {logging_mixin.py:112} INFO - [2020-07-22 14:00:39,824] {connection.py:343} ERROR - Failed parsing the json for conn_id spark_local
[2020-07-22 14:00:39,825] {logging_mixin.py:112} INFO - [2020-07-22 14:00:39,825] {base_hook.py:87} INFO - Using connection to: id: spark_local. Host: localhost, Port: 4041, Schema: None, Login: None, Password: None, extra: None
[2020-07-22 14:00:39,826] {logging_mixin.py:112} INFO - [2020-07-22 14:00:39,826] {connection.py:342} ERROR - Extra data: line 1 column 15 (char 14)
Traceback (most recent call last):
  File "/usr/local/lib/python3.8/dist-packages/airflow/models/connection.py", line 340, in extra_dejson
    obj = json.loads(self.extra)
  File "/usr/lib/python3.8/json/__init__.py", line 357, in loads
    return _default_decoder.decode(s)
  File "/usr/lib/python3.8/json/decoder.py", line 340, in decode
    raise JSONDecodeError("Extra data", s, end)
json.decoder.JSONDecodeError: Extra data: line 1 column 15 (char 14)
[2020-07-22 14:00:39,826] {logging_mixin.py:112} INFO - [2020-07-22 14:00:39,826] {connection.py:343} ERROR - Failed parsing the json for conn_id spark_local
[2020-07-22 14:00:39,827] {logging_mixin.py:112} INFO - [2020-07-22 14:00:39,827] {spark_submit_hook.py:325} INFO - Spark-Submit cmd: spark-submit --master localhost:4041 --name airflow-spark /home/bhakti/airflow/spark_jobs/python/spark_test.py
[2020-07-22 14:00:41,712] {logging_mixin.py:112} INFO - [2020-07-22 14:00:41,711] {spark_submit_hook.py:479} INFO - 20/07/22 14:00:41 WARN Utils: Your hostname, bhakti-Vostro-3558 resolves to a loopback address: 127.0.1.1; using 192.168.43.94 instead (on interface wlp6s0)
[2020-07-22 14:00:41,714] {logging_mixin.py:112} INFO - [2020-07-22 14:00:41,714] {spark_submit_hook.py:479} INFO - 20/07/22 14:00:41 WARN Utils: Set SPARK_LOCAL_IP if you need to bind to another address
[2020-07-22 14:00:43,073] {logging_mixin.py:112} INFO - [2020-07-22 14:00:43,073] {spark_submit_hook.py:479} INFO - 20/07/22 14:00:43 WARN NativeCodeLoader: Unable to load native-hadoop library for your platform... using builtin-java classes where applicable
[2020-07-22 14:00:44,512] {logging_mixin.py:112} INFO - [2020-07-22 14:00:44,512] {spark_submit_hook.py:479} INFO - Using Spark's default log4j profile: org/apache/spark/log4j-defaults.properties
[2020-07-22 14:00:44,526] {logging_mixin.py:112} INFO - [2020-07-22 14:00:44,526] {spark_submit_hook.py:479} INFO - 20/07/22 14:00:44 INFO SparkContext: Running Spark version 3.0.0
[2020-07-22 14:00:44,603] {logging_mixin.py:112} INFO - [2020-07-22 14:00:44,603] {spark_submit_hook.py:479} INFO - 20/07/22 14:00:44 INFO ResourceUtils: ==============================================================
[2020-07-22 14:00:44,606] {logging_mixin.py:112} INFO - [2020-07-22 14:00:44,605] {spark_submit_hook.py:479} INFO - 20/07/22 14:00:44 INFO ResourceUtils: Resources for spark.driver:
[2020-07-22 14:00:44,606] {logging_mixin.py:112} INFO - [2020-07-22 14:00:44,606] {spark_submit_hook.py:479} INFO - 
[2020-07-22 14:00:44,606] {logging_mixin.py:112} INFO - [2020-07-22 14:00:44,606] {spark_submit_hook.py:479} INFO - 20/07/22 14:00:44 INFO ResourceUtils: ==============================================================
[2020-07-22 14:00:44,607] {logging_mixin.py:112} INFO - [2020-07-22 14:00:44,607] {spark_submit_hook.py:479} INFO - 20/07/22 14:00:44 INFO SparkContext: Submitted application: Spark_Test_Python
[2020-07-22 14:00:44,696] {logging_mixin.py:112} INFO - [2020-07-22 14:00:44,696] {spark_submit_hook.py:479} INFO - 20/07/22 14:00:44 INFO SecurityManager: Changing view acls to: bhakti
[2020-07-22 14:00:44,697] {logging_mixin.py:112} INFO - [2020-07-22 14:00:44,697] {spark_submit_hook.py:479} INFO - 20/07/22 14:00:44 INFO SecurityManager: Changing modify acls to: bhakti
[2020-07-22 14:00:44,697] {logging_mixin.py:112} INFO - [2020-07-22 14:00:44,697] {spark_submit_hook.py:479} INFO - 20/07/22 14:00:44 INFO SecurityManager: Changing view acls groups to:
[2020-07-22 14:00:44,697] {logging_mixin.py:112} INFO - [2020-07-22 14:00:44,697] {spark_submit_hook.py:479} INFO - 20/07/22 14:00:44 INFO SecurityManager: Changing modify acls groups to:
[2020-07-22 14:00:44,697] {logging_mixin.py:112} INFO - [2020-07-22 14:00:44,697] {spark_submit_hook.py:479} INFO - 20/07/22 14:00:44 INFO SecurityManager: SecurityManager: authentication disabled; ui acls disabled; users  with view permissions: Set(bhakti); groups with view permissions: Set(); users  with modify permissions: Set(bhakti); groups with modify permissions: Set()
[2020-07-22 14:00:45,343] {logging_mixin.py:112} INFO - [2020-07-22 14:00:45,343] {spark_submit_hook.py:479} INFO - 20/07/22 14:00:45 INFO Utils: Successfully started service 'sparkDriver' on port 33625.
[2020-07-22 14:00:45,393] {logging_mixin.py:112} INFO - [2020-07-22 14:00:45,392] {spark_submit_hook.py:479} INFO - 20/07/22 14:00:45 INFO SparkEnv: Registering MapOutputTracker
[2020-07-22 14:00:45,453] {logging_mixin.py:112} INFO - [2020-07-22 14:00:45,453] {spark_submit_hook.py:479} INFO - 20/07/22 14:00:45 INFO SparkEnv: Registering BlockManagerMaster
[2020-07-22 14:00:45,489] {logging_mixin.py:112} INFO - [2020-07-22 14:00:45,488] {spark_submit_hook.py:479} INFO - 20/07/22 14:00:45 INFO BlockManagerMasterEndpoint: Using org.apache.spark.storage.DefaultTopologyMapper for getting topology information
[2020-07-22 14:00:45,490] {logging_mixin.py:112} INFO - [2020-07-22 14:00:45,490] {spark_submit_hook.py:479} INFO - 20/07/22 14:00:45 INFO BlockManagerMasterEndpoint: BlockManagerMasterEndpoint up
[2020-07-22 14:00:45,499] {logging_mixin.py:112} INFO - [2020-07-22 14:00:45,498] {spark_submit_hook.py:479} INFO - 20/07/22 14:00:45 INFO SparkEnv: Registering BlockManagerMasterHeartbeat
[2020-07-22 14:00:45,524] {logging_mixin.py:112} INFO - [2020-07-22 14:00:45,523] {spark_submit_hook.py:479} INFO - 20/07/22 14:00:45 INFO DiskBlockManager: Created local directory at /tmp/blockmgr-86dc45e5-d08d-44fc-8838-fbbd2e4cc03f
[2020-07-22 14:00:45,559] {logging_mixin.py:112} INFO - [2020-07-22 14:00:45,559] {spark_submit_hook.py:479} INFO - 20/07/22 14:00:45 INFO MemoryStore: MemoryStore started with capacity 366.3 MiB
[2020-07-22 14:00:45,587] {logging_mixin.py:112} INFO - [2020-07-22 14:00:45,587] {spark_submit_hook.py:479} INFO - 20/07/22 14:00:45 INFO SparkEnv: Registering OutputCommitCoordinator
[2020-07-22 14:00:46,015] {logging_mixin.py:112} INFO - [2020-07-22 14:00:46,015] {spark_submit_hook.py:479} INFO - 20/07/22 14:00:46 WARN Utils: Service 'SparkUI' could not bind on port 4040. Attempting port 4041.
[2020-07-22 14:00:46,016] {logging_mixin.py:112} INFO - [2020-07-22 14:00:46,016] {spark_submit_hook.py:479} INFO - 20/07/22 14:00:46 WARN Utils: Service 'SparkUI' could not bind on port 4041. Attempting port 4042.
[2020-07-22 14:00:46,017] {logging_mixin.py:112} INFO - [2020-07-22 14:00:46,017] {spark_submit_hook.py:479} INFO - 20/07/22 14:00:46 WARN Utils: Service 'SparkUI' could not bind on port 4042. Attempting port 4043.
[2020-07-22 14:00:46,017] {logging_mixin.py:112} INFO - [2020-07-22 14:00:46,017] {spark_submit_hook.py:479} INFO - 20/07/22 14:00:46 WARN Utils: Service 'SparkUI' could not bind on port 4043. Attempting port 4044.
[2020-07-22 14:00:46,029] {logging_mixin.py:112} INFO - [2020-07-22 14:00:46,029] {spark_submit_hook.py:479} INFO - 20/07/22 14:00:46 INFO Utils: Successfully started service 'SparkUI' on port 4044.
[2020-07-22 14:00:46,160] {logging_mixin.py:112} INFO - [2020-07-22 14:00:46,160] {spark_submit_hook.py:479} INFO - 20/07/22 14:00:46 INFO SparkUI: Bound SparkUI to 0.0.0.0, and started at http://192.168.43.94:4044
[2020-07-22 14:00:46,352] {logging_mixin.py:112} INFO - [2020-07-22 14:00:46,352] {spark_submit_hook.py:479} INFO - 20/07/22 14:00:46 ERROR SparkContext: Error initializing SparkContext.
[2020-07-22 14:00:46,353] {logging_mixin.py:112} INFO - [2020-07-22 14:00:46,353] {spark_submit_hook.py:479} INFO - org.apache.spark.SparkException: Could not parse Master URL: 'localhost:4041'
[2020-07-22 14:00:46,353] {logging_mixin.py:112} INFO - [2020-07-22 14:00:46,353] {spark_submit_hook.py:479} INFO - at org.apache.spark.SparkContext$.org$apache$spark$SparkContext$$createTaskScheduler(SparkContext.scala:2924)
[2020-07-22 14:00:46,353] {logging_mixin.py:112} INFO - [2020-07-22 14:00:46,353] {spark_submit_hook.py:479} INFO - at org.apache.spark.SparkContext.<init>(SparkContext.scala:528)
[2020-07-22 14:00:46,353] {logging_mixin.py:112} INFO - [2020-07-22 14:00:46,353] {spark_submit_hook.py:479} INFO - at org.apache.spark.api.java.JavaSparkContext.<init>(JavaSparkContext.scala:58)
[2020-07-22 14:00:46,354] {logging_mixin.py:112} INFO - [2020-07-22 14:00:46,354] {spark_submit_hook.py:479} INFO - at sun.reflect.NativeConstructorAccessorImpl.newInstance0(Native Method)
[2020-07-22 14:00:46,354] {logging_mixin.py:112} INFO - [2020-07-22 14:00:46,354] {spark_submit_hook.py:479} INFO - at sun.reflect.NativeConstructorAccessorImpl.newInstance(NativeConstructorAccessorImpl.java:62)
[2020-07-22 14:00:46,354] {logging_mixin.py:112} INFO - [2020-07-22 14:00:46,354] {spark_submit_hook.py:479} INFO - at sun.reflect.DelegatingConstructorAccessorImpl.newInstance(DelegatingConstructorAccessorImpl.java:45)
[2020-07-22 14:00:46,354] {logging_mixin.py:112} INFO - [2020-07-22 14:00:46,354] {spark_submit_hook.py:479} INFO - at java.lang.reflect.Constructor.newInstance(Constructor.java:423)
[2020-07-22 14:00:46,355] {logging_mixin.py:112} INFO - [2020-07-22 14:00:46,354] {spark_submit_hook.py:479} INFO - at py4j.reflection.MethodInvoker.invoke(MethodInvoker.java:247)
[2020-07-22 14:00:46,355] {logging_mixin.py:112} INFO - [2020-07-22 14:00:46,355] {spark_submit_hook.py:479} INFO - at py4j.reflection.ReflectionEngine.invoke(ReflectionEngine.java:357)
[2020-07-22 14:00:46,355] {logging_mixin.py:112} INFO - [2020-07-22 14:00:46,355] {spark_submit_hook.py:479} INFO - at py4j.Gateway.invoke(Gateway.java:238)
[2020-07-22 14:00:46,355] {logging_mixin.py:112} INFO - [2020-07-22 14:00:46,355] {spark_submit_hook.py:479} INFO - at py4j.commands.ConstructorCommand.invokeConstructor(ConstructorCommand.java:80)
[2020-07-22 14:00:46,356] {logging_mixin.py:112} INFO - [2020-07-22 14:00:46,355] {spark_submit_hook.py:479} INFO - at py4j.commands.ConstructorCommand.execute(ConstructorCommand.java:69)
[2020-07-22 14:00:46,356] {logging_mixin.py:112} INFO - [2020-07-22 14:00:46,356] {spark_submit_hook.py:479} INFO - at py4j.GatewayConnection.run(GatewayConnection.java:238)
[2020-07-22 14:00:46,356] {logging_mixin.py:112} INFO - [2020-07-22 14:00:46,356] {spark_submit_hook.py:479} INFO - at java.lang.Thread.run(Thread.java:748)
[2020-07-22 14:00:46,372] {logging_mixin.py:112} INFO - [2020-07-22 14:00:46,372] {spark_submit_hook.py:479} INFO - 20/07/22 14:00:46 INFO SparkUI: Stopped Spark web UI at http://192.168.43.94:4044
[2020-07-22 14:00:46,396] {logging_mixin.py:112} INFO - [2020-07-22 14:00:46,396] {spark_submit_hook.py:479} INFO - 20/07/22 14:00:46 INFO MapOutputTrackerMasterEndpoint: MapOutputTrackerMasterEndpoint stopped!
[2020-07-22 14:00:46,411] {logging_mixin.py:112} INFO - [2020-07-22 14:00:46,410] {spark_submit_hook.py:479} INFO - 20/07/22 14:00:46 INFO MemoryStore: MemoryStore cleared
[2020-07-22 14:00:46,412] {logging_mixin.py:112} INFO - [2020-07-22 14:00:46,411] {spark_submit_hook.py:479} INFO - 20/07/22 14:00:46 INFO BlockManager: BlockManager stopped
[2020-07-22 14:00:46,426] {logging_mixin.py:112} INFO - [2020-07-22 14:00:46,426] {spark_submit_hook.py:479} INFO - 20/07/22 14:00:46 INFO BlockManagerMaster: BlockManagerMaster stopped
[2020-07-22 14:00:46,427] {logging_mixin.py:112} INFO - [2020-07-22 14:00:46,427] {spark_submit_hook.py:479} INFO - 20/07/22 14:00:46 WARN MetricsSystem: Stopping a MetricsSystem that is not running
[2020-07-22 14:00:46,434] {logging_mixin.py:112} INFO - [2020-07-22 14:00:46,433] {spark_submit_hook.py:479} INFO - 20/07/22 14:00:46 INFO OutputCommitCoordinator$OutputCommitCoordinatorEndpoint: OutputCommitCoordinator stopped!
[2020-07-22 14:00:46,447] {logging_mixin.py:112} INFO - [2020-07-22 14:00:46,446] {spark_submit_hook.py:479} INFO - 20/07/22 14:00:46 INFO SparkContext: Successfully stopped SparkContext
[2020-07-22 14:00:46,513] {logging_mixin.py:112} INFO - [2020-07-22 14:00:46,513] {spark_submit_hook.py:479} INFO - Traceback (most recent call last):
[2020-07-22 14:00:46,514] {logging_mixin.py:112} INFO - [2020-07-22 14:00:46,514] {spark_submit_hook.py:479} INFO - File "/home/bhakti/airflow/spark_jobs/python/spark_test.py", line 6, in <module>
[2020-07-22 14:00:46,514] {logging_mixin.py:112} INFO - [2020-07-22 14:00:46,514] {spark_submit_hook.py:479} INFO - sc = SparkContext(conf=conf)
[2020-07-22 14:00:46,514] {logging_mixin.py:112} INFO - [2020-07-22 14:00:46,514] {spark_submit_hook.py:479} INFO - File "/opt/spark/python/lib/pyspark.zip/pyspark/context.py", line 130, in __init__
[2020-07-22 14:00:46,514] {logging_mixin.py:112} INFO - [2020-07-22 14:00:46,514] {spark_submit_hook.py:479} INFO - File "/opt/spark/python/lib/pyspark.zip/pyspark/context.py", line 193, in _do_init
[2020-07-22 14:00:46,515] {logging_mixin.py:112} INFO - [2020-07-22 14:00:46,515] {spark_submit_hook.py:479} INFO - File "/opt/spark/python/lib/pyspark.zip/pyspark/context.py", line 310, in _initialize_context
[2020-07-22 14:00:46,515] {logging_mixin.py:112} INFO - [2020-07-22 14:00:46,515] {spark_submit_hook.py:479} INFO - File "/opt/spark/python/lib/py4j-0.10.9-src.zip/py4j/java_gateway.py", line 1568, in __call__
[2020-07-22 14:00:46,515] {logging_mixin.py:112} INFO - [2020-07-22 14:00:46,515] {spark_submit_hook.py:479} INFO - File "/opt/spark/python/lib/py4j-0.10.9-src.zip/py4j/protocol.py", line 326, in get_return_value
[2020-07-22 14:00:46,515] {logging_mixin.py:112} INFO - [2020-07-22 14:00:46,515] {spark_submit_hook.py:479} INFO - py4j.protocol.Py4JJavaError: An error occurred while calling None.org.apache.spark.api.java.JavaSparkContext.
[2020-07-22 14:00:46,516] {logging_mixin.py:112} INFO - [2020-07-22 14:00:46,516] {spark_submit_hook.py:479} INFO - : org.apache.spark.SparkException: Could not parse Master URL: 'localhost:4041'
[2020-07-22 14:00:46,516] {logging_mixin.py:112} INFO - [2020-07-22 14:00:46,516] {spark_submit_hook.py:479} INFO - at org.apache.spark.SparkContext$.org$apache$spark$SparkContext$$createTaskScheduler(SparkContext.scala:2924)
[2020-07-22 14:00:46,516] {logging_mixin.py:112} INFO - [2020-07-22 14:00:46,516] {spark_submit_hook.py:479} INFO - at org.apache.spark.SparkContext.<init>(SparkContext.scala:528)
[2020-07-22 14:00:46,516] {logging_mixin.py:112} INFO - [2020-07-22 14:00:46,516] {spark_submit_hook.py:479} INFO - at org.apache.spark.api.java.JavaSparkContext.<init>(JavaSparkContext.scala:58)
[2020-07-22 14:00:46,517] {logging_mixin.py:112} INFO - [2020-07-22 14:00:46,517] {spark_submit_hook.py:479} INFO - at sun.reflect.NativeConstructorAccessorImpl.newInstance0(Native Method)
[2020-07-22 14:00:46,517] {logging_mixin.py:112} INFO - [2020-07-22 14:00:46,517] {spark_submit_hook.py:479} INFO - at sun.reflect.NativeConstructorAccessorImpl.newInstance(NativeConstructorAccessorImpl.java:62)
[2020-07-22 14:00:46,517] {logging_mixin.py:112} INFO - [2020-07-22 14:00:46,517] {spark_submit_hook.py:479} INFO - at sun.reflect.DelegatingConstructorAccessorImpl.newInstance(DelegatingConstructorAccessorImpl.java:45)
[2020-07-22 14:00:46,517] {logging_mixin.py:112} INFO - [2020-07-22 14:00:46,517] {spark_submit_hook.py:479} INFO - at java.lang.reflect.Constructor.newInstance(Constructor.java:423)
[2020-07-22 14:00:46,518] {logging_mixin.py:112} INFO - [2020-07-22 14:00:46,518] {spark_submit_hook.py:479} INFO - at py4j.reflection.MethodInvoker.invoke(MethodInvoker.java:247)
[2020-07-22 14:00:46,518] {logging_mixin.py:112} INFO - [2020-07-22 14:00:46,518] {spark_submit_hook.py:479} INFO - at py4j.reflection.ReflectionEngine.invoke(ReflectionEngine.java:357)
[2020-07-22 14:00:46,518] {logging_mixin.py:112} INFO - [2020-07-22 14:00:46,518] {spark_submit_hook.py:479} INFO - at py4j.Gateway.invoke(Gateway.java:238)
[2020-07-22 14:00:46,518] {logging_mixin.py:112} INFO - [2020-07-22 14:00:46,518] {spark_submit_hook.py:479} INFO - at py4j.commands.ConstructorCommand.invokeConstructor(ConstructorCommand.java:80)
[2020-07-22 14:00:46,519] {logging_mixin.py:112} INFO - [2020-07-22 14:00:46,519] {spark_submit_hook.py:479} INFO - at py4j.commands.ConstructorCommand.execute(ConstructorCommand.java:69)
[2020-07-22 14:00:46,519] {logging_mixin.py:112} INFO - [2020-07-22 14:00:46,519] {spark_submit_hook.py:479} INFO - at py4j.GatewayConnection.run(GatewayConnection.java:238)
[2020-07-22 14:00:46,519] {logging_mixin.py:112} INFO - [2020-07-22 14:00:46,519] {spark_submit_hook.py:479} INFO - at java.lang.Thread.run(Thread.java:748)
[2020-07-22 14:00:46,519] {logging_mixin.py:112} INFO - [2020-07-22 14:00:46,519] {spark_submit_hook.py:479} INFO - 
[2020-07-22 14:00:46,634] {logging_mixin.py:112} INFO - [2020-07-22 14:00:46,634] {spark_submit_hook.py:479} INFO - 20/07/22 14:00:46 INFO ShutdownHookManager: Shutdown hook called
[2020-07-22 14:00:46,636] {logging_mixin.py:112} INFO - [2020-07-22 14:00:46,636] {spark_submit_hook.py:479} INFO - 20/07/22 14:00:46 INFO ShutdownHookManager: Deleting directory /tmp/spark-7438d31d-cb0d-48fe-8c49-a7ed08315062
[2020-07-22 14:00:46,640] {logging_mixin.py:112} INFO - [2020-07-22 14:00:46,640] {spark_submit_hook.py:479} INFO - 20/07/22 14:00:46 INFO ShutdownHookManager: Deleting directory /tmp/spark-0eb8a600-3fbf-4118-a0c1-6fcc4ffdb1cd
[2020-07-22 14:00:46,692] {taskinstance.py:1145} ERROR - Cannot execute: spark-submit --master localhost:4041 --name airflow-spark /home/bhakti/airflow/spark_jobs/python/spark_test.py. Error code is: 1.
Traceback (most recent call last):
  File "/usr/local/lib/python3.8/dist-packages/airflow/models/taskinstance.py", line 983, in _run_raw_task
    result = task_copy.execute(context=context)
  File "/usr/local/lib/python3.8/dist-packages/airflow/contrib/operators/spark_submit_operator.py", line 187, in execute
    self._hook.submit(self._application)
  File "/usr/local/lib/python3.8/dist-packages/airflow/contrib/hooks/spark_submit_hook.py", line 403, in submit
    raise AirflowException(
airflow.exceptions.AirflowException: Cannot execute: spark-submit --master localhost:4041 --name airflow-spark /home/bhakti/airflow/spark_jobs/python/spark_test.py. Error code is: 1.
[2020-07-22 14:00:46,696] {taskinstance.py:1189} INFO - Marking task as FAILED.dag_id=submit_data, task_id=spark_submit, execution_date=20200722T083003, start_date=20200722T083039, end_date=20200722T083046
[2020-07-22 14:00:49,215] {logging_mixin.py:112} INFO - [2020-07-22 14:00:49,214] {local_task_job.py:103} INFO - Task exited with return code 1
