[2020-07-22 13:23:42,760] {taskinstance.py:669} INFO - Dependencies all met for <TaskInstance: submit_data.spark_submit 2020-07-20T00:59:00+00:00 [queued]>
[2020-07-22 13:23:42,776] {taskinstance.py:669} INFO - Dependencies all met for <TaskInstance: submit_data.spark_submit 2020-07-20T00:59:00+00:00 [queued]>
[2020-07-22 13:23:42,776] {taskinstance.py:879} INFO - 
--------------------------------------------------------------------------------
[2020-07-22 13:23:42,776] {taskinstance.py:880} INFO - Starting attempt 1 of 1
[2020-07-22 13:23:42,776] {taskinstance.py:881} INFO - 
--------------------------------------------------------------------------------
[2020-07-22 13:23:42,949] {taskinstance.py:900} INFO - Executing <Task(SparkSubmitOperator): spark_submit> on 2020-07-20T00:59:00+00:00
[2020-07-22 13:23:42,955] {standard_task_runner.py:53} INFO - Started process 336972 to run task
[2020-07-22 13:23:43,270] {logging_mixin.py:112} INFO - Running %s on host %s <TaskInstance: submit_data.spark_submit 2020-07-20T00:59:00+00:00 [running]> bhakti-Vostro-3558
[2020-07-22 13:23:43,313] {logging_mixin.py:112} INFO - [2020-07-22 13:23:43,313] {base_hook.py:87} INFO - Using connection to: id: spark_local. Host: localhost, Port: 4040, Schema: None, Login: None, Password: None, extra: None
[2020-07-22 13:23:43,316] {logging_mixin.py:112} INFO - [2020-07-22 13:23:43,315] {spark_submit_hook.py:325} INFO - Spark-Submit cmd: spark-submit --master localhost:4040 --name airflow-spark /home/bhakti/airflow/spark_jobs/python/spark_test.py
[2020-07-22 13:23:46,510] {logging_mixin.py:112} INFO - [2020-07-22 13:23:46,509] {spark_submit_hook.py:479} INFO - 20/07/22 13:23:46 WARN Utils: Your hostname, bhakti-Vostro-3558 resolves to a loopback address: 127.0.1.1; using 192.168.43.94 instead (on interface wlp6s0)
[2020-07-22 13:23:46,512] {logging_mixin.py:112} INFO - [2020-07-22 13:23:46,512] {spark_submit_hook.py:479} INFO - 20/07/22 13:23:46 WARN Utils: Set SPARK_LOCAL_IP if you need to bind to another address
[2020-07-22 13:23:47,561] {logging_mixin.py:112} INFO - [2020-07-22 13:23:47,560] {spark_submit_hook.py:479} INFO - 20/07/22 13:23:47 WARN NativeCodeLoader: Unable to load native-hadoop library for your platform... using builtin-java classes where applicable
[2020-07-22 13:23:48,850] {logging_mixin.py:112} INFO - [2020-07-22 13:23:48,850] {spark_submit_hook.py:479} INFO - Spark_Test_Python
[2020-07-22 13:23:48,850] {logging_mixin.py:112} INFO - [2020-07-22 13:23:48,850] {spark_submit_hook.py:479} INFO - Number of arguments: 0 arguments.
[2020-07-22 13:23:48,851] {logging_mixin.py:112} INFO - [2020-07-22 13:23:48,851] {spark_submit_hook.py:479} INFO - Argument List: []
[2020-07-22 13:23:48,935] {logging_mixin.py:112} INFO - [2020-07-22 13:23:48,935] {spark_submit_hook.py:479} INFO - Using Spark's default log4j profile: org/apache/spark/log4j-defaults.properties
[2020-07-22 13:23:48,949] {logging_mixin.py:112} INFO - [2020-07-22 13:23:48,948] {spark_submit_hook.py:479} INFO - 20/07/22 13:23:48 INFO SparkContext: Running Spark version 3.0.0
[2020-07-22 13:23:49,015] {logging_mixin.py:112} INFO - [2020-07-22 13:23:49,015] {spark_submit_hook.py:479} INFO - 20/07/22 13:23:49 INFO ResourceUtils: ==============================================================
[2020-07-22 13:23:49,018] {logging_mixin.py:112} INFO - [2020-07-22 13:23:49,017] {spark_submit_hook.py:479} INFO - 20/07/22 13:23:49 INFO ResourceUtils: Resources for spark.driver:
[2020-07-22 13:23:49,018] {logging_mixin.py:112} INFO - [2020-07-22 13:23:49,018] {spark_submit_hook.py:479} INFO - 
[2020-07-22 13:23:49,018] {logging_mixin.py:112} INFO - [2020-07-22 13:23:49,018] {spark_submit_hook.py:479} INFO - 20/07/22 13:23:49 INFO ResourceUtils: ==============================================================
[2020-07-22 13:23:49,019] {logging_mixin.py:112} INFO - [2020-07-22 13:23:49,019] {spark_submit_hook.py:479} INFO - 20/07/22 13:23:49 INFO SparkContext: Submitted application: Spark_Test_Python
[2020-07-22 13:23:49,122] {logging_mixin.py:112} INFO - [2020-07-22 13:23:49,122] {spark_submit_hook.py:479} INFO - 20/07/22 13:23:49 INFO SecurityManager: Changing view acls to: bhakti
[2020-07-22 13:23:49,122] {logging_mixin.py:112} INFO - [2020-07-22 13:23:49,122] {spark_submit_hook.py:479} INFO - 20/07/22 13:23:49 INFO SecurityManager: Changing modify acls to: bhakti
[2020-07-22 13:23:49,123] {logging_mixin.py:112} INFO - [2020-07-22 13:23:49,123] {spark_submit_hook.py:479} INFO - 20/07/22 13:23:49 INFO SecurityManager: Changing view acls groups to:
[2020-07-22 13:23:49,123] {logging_mixin.py:112} INFO - [2020-07-22 13:23:49,123] {spark_submit_hook.py:479} INFO - 20/07/22 13:23:49 INFO SecurityManager: Changing modify acls groups to:
[2020-07-22 13:23:49,124] {logging_mixin.py:112} INFO - [2020-07-22 13:23:49,123] {spark_submit_hook.py:479} INFO - 20/07/22 13:23:49 INFO SecurityManager: SecurityManager: authentication disabled; ui acls disabled; users  with view permissions: Set(bhakti); groups with view permissions: Set(); users  with modify permissions: Set(bhakti); groups with modify permissions: Set()
[2020-07-22 13:23:49,572] {logging_mixin.py:112} INFO - [2020-07-22 13:23:49,572] {spark_submit_hook.py:479} INFO - 20/07/22 13:23:49 INFO Utils: Successfully started service 'sparkDriver' on port 45617.
[2020-07-22 13:23:49,616] {logging_mixin.py:112} INFO - [2020-07-22 13:23:49,616] {spark_submit_hook.py:479} INFO - 20/07/22 13:23:49 INFO SparkEnv: Registering MapOutputTracker
[2020-07-22 13:23:49,673] {logging_mixin.py:112} INFO - [2020-07-22 13:23:49,672] {spark_submit_hook.py:479} INFO - 20/07/22 13:23:49 INFO SparkEnv: Registering BlockManagerMaster
[2020-07-22 13:23:49,706] {logging_mixin.py:112} INFO - [2020-07-22 13:23:49,706] {spark_submit_hook.py:479} INFO - 20/07/22 13:23:49 INFO BlockManagerMasterEndpoint: Using org.apache.spark.storage.DefaultTopologyMapper for getting topology information
[2020-07-22 13:23:49,707] {logging_mixin.py:112} INFO - [2020-07-22 13:23:49,707] {spark_submit_hook.py:479} INFO - 20/07/22 13:23:49 INFO BlockManagerMasterEndpoint: BlockManagerMasterEndpoint up
[2020-07-22 13:23:49,715] {logging_mixin.py:112} INFO - [2020-07-22 13:23:49,715] {spark_submit_hook.py:479} INFO - 20/07/22 13:23:49 INFO SparkEnv: Registering BlockManagerMasterHeartbeat
[2020-07-22 13:23:49,740] {logging_mixin.py:112} INFO - [2020-07-22 13:23:49,739] {spark_submit_hook.py:479} INFO - 20/07/22 13:23:49 INFO DiskBlockManager: Created local directory at /tmp/blockmgr-c934428d-f442-40e5-ad95-088c4530f3eb
[2020-07-22 13:23:49,774] {logging_mixin.py:112} INFO - [2020-07-22 13:23:49,774] {spark_submit_hook.py:479} INFO - 20/07/22 13:23:49 INFO MemoryStore: MemoryStore started with capacity 366.3 MiB
[2020-07-22 13:23:49,799] {logging_mixin.py:112} INFO - [2020-07-22 13:23:49,799] {spark_submit_hook.py:479} INFO - 20/07/22 13:23:49 INFO SparkEnv: Registering OutputCommitCoordinator
[2020-07-22 13:23:50,172] {logging_mixin.py:112} INFO - [2020-07-22 13:23:50,172] {spark_submit_hook.py:479} INFO - 20/07/22 13:23:50 WARN Utils: Service 'SparkUI' could not bind on port 4040. Attempting port 4041.
[2020-07-22 13:23:50,173] {logging_mixin.py:112} INFO - [2020-07-22 13:23:50,173] {spark_submit_hook.py:479} INFO - 20/07/22 13:23:50 WARN Utils: Service 'SparkUI' could not bind on port 4041. Attempting port 4042.
[2020-07-22 13:23:50,174] {logging_mixin.py:112} INFO - [2020-07-22 13:23:50,174] {spark_submit_hook.py:479} INFO - 20/07/22 13:23:50 WARN Utils: Service 'SparkUI' could not bind on port 4042. Attempting port 4043.
[2020-07-22 13:23:50,189] {logging_mixin.py:112} INFO - [2020-07-22 13:23:50,188] {spark_submit_hook.py:479} INFO - 20/07/22 13:23:50 INFO Utils: Successfully started service 'SparkUI' on port 4043.
[2020-07-22 13:23:50,288] {logging_mixin.py:112} INFO - [2020-07-22 13:23:50,288] {spark_submit_hook.py:479} INFO - 20/07/22 13:23:50 INFO SparkUI: Bound SparkUI to 0.0.0.0, and started at http://192.168.43.94:4043
[2020-07-22 13:23:50,456] {logging_mixin.py:112} INFO - [2020-07-22 13:23:50,456] {spark_submit_hook.py:479} INFO - 20/07/22 13:23:50 ERROR SparkContext: Error initializing SparkContext.
[2020-07-22 13:23:50,457] {logging_mixin.py:112} INFO - [2020-07-22 13:23:50,457] {spark_submit_hook.py:479} INFO - org.apache.spark.SparkException: Could not parse Master URL: 'localhost:4040'
[2020-07-22 13:23:50,457] {logging_mixin.py:112} INFO - [2020-07-22 13:23:50,457] {spark_submit_hook.py:479} INFO - at org.apache.spark.SparkContext$.org$apache$spark$SparkContext$$createTaskScheduler(SparkContext.scala:2924)
[2020-07-22 13:23:50,457] {logging_mixin.py:112} INFO - [2020-07-22 13:23:50,457] {spark_submit_hook.py:479} INFO - at org.apache.spark.SparkContext.<init>(SparkContext.scala:528)
[2020-07-22 13:23:50,458] {logging_mixin.py:112} INFO - [2020-07-22 13:23:50,457] {spark_submit_hook.py:479} INFO - at org.apache.spark.api.java.JavaSparkContext.<init>(JavaSparkContext.scala:58)
[2020-07-22 13:23:50,458] {logging_mixin.py:112} INFO - [2020-07-22 13:23:50,458] {spark_submit_hook.py:479} INFO - at sun.reflect.NativeConstructorAccessorImpl.newInstance0(Native Method)
[2020-07-22 13:23:50,458] {logging_mixin.py:112} INFO - [2020-07-22 13:23:50,458] {spark_submit_hook.py:479} INFO - at sun.reflect.NativeConstructorAccessorImpl.newInstance(NativeConstructorAccessorImpl.java:62)
[2020-07-22 13:23:50,458] {logging_mixin.py:112} INFO - [2020-07-22 13:23:50,458] {spark_submit_hook.py:479} INFO - at sun.reflect.DelegatingConstructorAccessorImpl.newInstance(DelegatingConstructorAccessorImpl.java:45)
[2020-07-22 13:23:50,458] {logging_mixin.py:112} INFO - [2020-07-22 13:23:50,458] {spark_submit_hook.py:479} INFO - at java.lang.reflect.Constructor.newInstance(Constructor.java:423)
[2020-07-22 13:23:50,459] {logging_mixin.py:112} INFO - [2020-07-22 13:23:50,458] {spark_submit_hook.py:479} INFO - at py4j.reflection.MethodInvoker.invoke(MethodInvoker.java:247)
[2020-07-22 13:23:50,459] {logging_mixin.py:112} INFO - [2020-07-22 13:23:50,459] {spark_submit_hook.py:479} INFO - at py4j.reflection.ReflectionEngine.invoke(ReflectionEngine.java:357)
[2020-07-22 13:23:50,459] {logging_mixin.py:112} INFO - [2020-07-22 13:23:50,459] {spark_submit_hook.py:479} INFO - at py4j.Gateway.invoke(Gateway.java:238)
[2020-07-22 13:23:50,459] {logging_mixin.py:112} INFO - [2020-07-22 13:23:50,459] {spark_submit_hook.py:479} INFO - at py4j.commands.ConstructorCommand.invokeConstructor(ConstructorCommand.java:80)
[2020-07-22 13:23:50,460] {logging_mixin.py:112} INFO - [2020-07-22 13:23:50,459] {spark_submit_hook.py:479} INFO - at py4j.commands.ConstructorCommand.execute(ConstructorCommand.java:69)
[2020-07-22 13:23:50,460] {logging_mixin.py:112} INFO - [2020-07-22 13:23:50,460] {spark_submit_hook.py:479} INFO - at py4j.GatewayConnection.run(GatewayConnection.java:238)
[2020-07-22 13:23:50,460] {logging_mixin.py:112} INFO - [2020-07-22 13:23:50,460] {spark_submit_hook.py:479} INFO - at java.lang.Thread.run(Thread.java:748)
[2020-07-22 13:23:50,476] {logging_mixin.py:112} INFO - [2020-07-22 13:23:50,476] {spark_submit_hook.py:479} INFO - 20/07/22 13:23:50 INFO SparkUI: Stopped Spark web UI at http://192.168.43.94:4043
[2020-07-22 13:23:50,507] {logging_mixin.py:112} INFO - [2020-07-22 13:23:50,507] {spark_submit_hook.py:479} INFO - 20/07/22 13:23:50 INFO MapOutputTrackerMasterEndpoint: MapOutputTrackerMasterEndpoint stopped!
[2020-07-22 13:23:50,530] {logging_mixin.py:112} INFO - [2020-07-22 13:23:50,530] {spark_submit_hook.py:479} INFO - 20/07/22 13:23:50 INFO MemoryStore: MemoryStore cleared
[2020-07-22 13:23:50,531] {logging_mixin.py:112} INFO - [2020-07-22 13:23:50,531] {spark_submit_hook.py:479} INFO - 20/07/22 13:23:50 INFO BlockManager: BlockManager stopped
[2020-07-22 13:23:50,557] {logging_mixin.py:112} INFO - [2020-07-22 13:23:50,557] {spark_submit_hook.py:479} INFO - 20/07/22 13:23:50 INFO BlockManagerMaster: BlockManagerMaster stopped
[2020-07-22 13:23:50,558] {logging_mixin.py:112} INFO - [2020-07-22 13:23:50,558] {spark_submit_hook.py:479} INFO - 20/07/22 13:23:50 WARN MetricsSystem: Stopping a MetricsSystem that is not running
[2020-07-22 13:23:50,565] {logging_mixin.py:112} INFO - [2020-07-22 13:23:50,565] {spark_submit_hook.py:479} INFO - 20/07/22 13:23:50 INFO OutputCommitCoordinator$OutputCommitCoordinatorEndpoint: OutputCommitCoordinator stopped!
[2020-07-22 13:23:50,593] {logging_mixin.py:112} INFO - [2020-07-22 13:23:50,592] {spark_submit_hook.py:479} INFO - 20/07/22 13:23:50 INFO SparkContext: Successfully stopped SparkContext
[2020-07-22 13:23:50,659] {logging_mixin.py:112} INFO - [2020-07-22 13:23:50,659] {spark_submit_hook.py:479} INFO - Traceback (most recent call last):
[2020-07-22 13:23:50,659] {logging_mixin.py:112} INFO - [2020-07-22 13:23:50,659] {spark_submit_hook.py:479} INFO - File "/home/bhakti/airflow/spark_jobs/python/spark_test.py", line 12, in <module>
[2020-07-22 13:23:50,660] {logging_mixin.py:112} INFO - [2020-07-22 13:23:50,659] {spark_submit_hook.py:479} INFO - sc = SparkContext(conf=conf)
[2020-07-22 13:23:50,660] {logging_mixin.py:112} INFO - [2020-07-22 13:23:50,660] {spark_submit_hook.py:479} INFO - File "/opt/spark/python/lib/pyspark.zip/pyspark/context.py", line 130, in __init__
[2020-07-22 13:23:50,660] {logging_mixin.py:112} INFO - [2020-07-22 13:23:50,660] {spark_submit_hook.py:479} INFO - File "/opt/spark/python/lib/pyspark.zip/pyspark/context.py", line 193, in _do_init
[2020-07-22 13:23:50,661] {logging_mixin.py:112} INFO - [2020-07-22 13:23:50,660] {spark_submit_hook.py:479} INFO - File "/opt/spark/python/lib/pyspark.zip/pyspark/context.py", line 310, in _initialize_context
[2020-07-22 13:23:50,661] {logging_mixin.py:112} INFO - [2020-07-22 13:23:50,661] {spark_submit_hook.py:479} INFO - File "/opt/spark/python/lib/py4j-0.10.9-src.zip/py4j/java_gateway.py", line 1568, in __call__
[2020-07-22 13:23:50,661] {logging_mixin.py:112} INFO - [2020-07-22 13:23:50,661] {spark_submit_hook.py:479} INFO - File "/opt/spark/python/lib/py4j-0.10.9-src.zip/py4j/protocol.py", line 326, in get_return_value
[2020-07-22 13:23:50,662] {logging_mixin.py:112} INFO - [2020-07-22 13:23:50,661] {spark_submit_hook.py:479} INFO - py4j.protocol.Py4JJavaError: An error occurred while calling None.org.apache.spark.api.java.JavaSparkContext.
[2020-07-22 13:23:50,662] {logging_mixin.py:112} INFO - [2020-07-22 13:23:50,662] {spark_submit_hook.py:479} INFO - : org.apache.spark.SparkException: Could not parse Master URL: 'localhost:4040'
[2020-07-22 13:23:50,662] {logging_mixin.py:112} INFO - [2020-07-22 13:23:50,662] {spark_submit_hook.py:479} INFO - at org.apache.spark.SparkContext$.org$apache$spark$SparkContext$$createTaskScheduler(SparkContext.scala:2924)
[2020-07-22 13:23:50,663] {logging_mixin.py:112} INFO - [2020-07-22 13:23:50,662] {spark_submit_hook.py:479} INFO - at org.apache.spark.SparkContext.<init>(SparkContext.scala:528)
[2020-07-22 13:23:50,663] {logging_mixin.py:112} INFO - [2020-07-22 13:23:50,663] {spark_submit_hook.py:479} INFO - at org.apache.spark.api.java.JavaSparkContext.<init>(JavaSparkContext.scala:58)
[2020-07-22 13:23:50,663] {logging_mixin.py:112} INFO - [2020-07-22 13:23:50,663] {spark_submit_hook.py:479} INFO - at sun.reflect.NativeConstructorAccessorImpl.newInstance0(Native Method)
[2020-07-22 13:23:50,663] {logging_mixin.py:112} INFO - [2020-07-22 13:23:50,663] {spark_submit_hook.py:479} INFO - at sun.reflect.NativeConstructorAccessorImpl.newInstance(NativeConstructorAccessorImpl.java:62)
[2020-07-22 13:23:50,664] {logging_mixin.py:112} INFO - [2020-07-22 13:23:50,664] {spark_submit_hook.py:479} INFO - at sun.reflect.DelegatingConstructorAccessorImpl.newInstance(DelegatingConstructorAccessorImpl.java:45)
[2020-07-22 13:23:50,664] {logging_mixin.py:112} INFO - [2020-07-22 13:23:50,664] {spark_submit_hook.py:479} INFO - at java.lang.reflect.Constructor.newInstance(Constructor.java:423)
[2020-07-22 13:23:50,664] {logging_mixin.py:112} INFO - [2020-07-22 13:23:50,664] {spark_submit_hook.py:479} INFO - at py4j.reflection.MethodInvoker.invoke(MethodInvoker.java:247)
[2020-07-22 13:23:50,665] {logging_mixin.py:112} INFO - [2020-07-22 13:23:50,664] {spark_submit_hook.py:479} INFO - at py4j.reflection.ReflectionEngine.invoke(ReflectionEngine.java:357)
[2020-07-22 13:23:50,665] {logging_mixin.py:112} INFO - [2020-07-22 13:23:50,665] {spark_submit_hook.py:479} INFO - at py4j.Gateway.invoke(Gateway.java:238)
[2020-07-22 13:23:50,665] {logging_mixin.py:112} INFO - [2020-07-22 13:23:50,665] {spark_submit_hook.py:479} INFO - at py4j.commands.ConstructorCommand.invokeConstructor(ConstructorCommand.java:80)
[2020-07-22 13:23:50,665] {logging_mixin.py:112} INFO - [2020-07-22 13:23:50,665] {spark_submit_hook.py:479} INFO - at py4j.commands.ConstructorCommand.execute(ConstructorCommand.java:69)
[2020-07-22 13:23:50,666] {logging_mixin.py:112} INFO - [2020-07-22 13:23:50,666] {spark_submit_hook.py:479} INFO - at py4j.GatewayConnection.run(GatewayConnection.java:238)
[2020-07-22 13:23:50,666] {logging_mixin.py:112} INFO - [2020-07-22 13:23:50,666] {spark_submit_hook.py:479} INFO - at java.lang.Thread.run(Thread.java:748)
[2020-07-22 13:23:50,666] {logging_mixin.py:112} INFO - [2020-07-22 13:23:50,666] {spark_submit_hook.py:479} INFO - 
[2020-07-22 13:23:50,764] {logging_mixin.py:112} INFO - [2020-07-22 13:23:50,763] {spark_submit_hook.py:479} INFO - 20/07/22 13:23:50 INFO ShutdownHookManager: Shutdown hook called
[2020-07-22 13:23:50,766] {logging_mixin.py:112} INFO - [2020-07-22 13:23:50,765] {spark_submit_hook.py:479} INFO - 20/07/22 13:23:50 INFO ShutdownHookManager: Deleting directory /tmp/spark-7c295412-a29f-4814-900a-860e8857a9ff
[2020-07-22 13:23:50,771] {logging_mixin.py:112} INFO - [2020-07-22 13:23:50,770] {spark_submit_hook.py:479} INFO - 20/07/22 13:23:50 INFO ShutdownHookManager: Deleting directory /tmp/spark-c68b3343-08b6-4e3e-9669-c9b0a7d93f36
[2020-07-22 13:23:50,813] {taskinstance.py:1145} ERROR - Cannot execute: spark-submit --master localhost:4040 --name airflow-spark /home/bhakti/airflow/spark_jobs/python/spark_test.py. Error code is: 1.
Traceback (most recent call last):
  File "/usr/local/lib/python3.8/dist-packages/airflow/models/taskinstance.py", line 983, in _run_raw_task
    result = task_copy.execute(context=context)
  File "/usr/local/lib/python3.8/dist-packages/airflow/contrib/operators/spark_submit_operator.py", line 187, in execute
    self._hook.submit(self._application)
  File "/usr/local/lib/python3.8/dist-packages/airflow/contrib/hooks/spark_submit_hook.py", line 403, in submit
    raise AirflowException(
airflow.exceptions.AirflowException: Cannot execute: spark-submit --master localhost:4040 --name airflow-spark /home/bhakti/airflow/spark_jobs/python/spark_test.py. Error code is: 1.
[2020-07-22 13:23:50,815] {taskinstance.py:1189} INFO - Marking task as FAILED.dag_id=submit_data, task_id=spark_submit, execution_date=20200720T005900, start_date=20200722T075342, end_date=20200722T075350
[2020-07-22 13:23:52,115] {logging_mixin.py:112} INFO - [2020-07-22 13:23:52,115] {local_task_job.py:103} INFO - Task exited with return code 1
