[2020-07-22 14:12:08,548] {taskinstance.py:669} INFO - Dependencies all met for <TaskInstance: submit_data.spark_submit 2020-07-20T02:41:00+00:00 [queued]>
[2020-07-22 14:12:08,568] {taskinstance.py:669} INFO - Dependencies all met for <TaskInstance: submit_data.spark_submit 2020-07-20T02:41:00+00:00 [queued]>
[2020-07-22 14:12:08,568] {taskinstance.py:879} INFO - 
--------------------------------------------------------------------------------
[2020-07-22 14:12:08,568] {taskinstance.py:880} INFO - Starting attempt 1 of 1
[2020-07-22 14:12:08,569] {taskinstance.py:881} INFO - 
--------------------------------------------------------------------------------
[2020-07-22 14:12:08,766] {taskinstance.py:900} INFO - Executing <Task(SparkSubmitOperator): spark_submit> on 2020-07-20T02:41:00+00:00
[2020-07-22 14:12:08,770] {standard_task_runner.py:53} INFO - Started process 403611 to run task
[2020-07-22 14:12:09,068] {logging_mixin.py:112} INFO - Running %s on host %s <TaskInstance: submit_data.spark_submit 2020-07-20T02:41:00+00:00 [running]> bhakti-Vostro-3558
[2020-07-22 14:12:09,178] {logging_mixin.py:112} INFO - [2020-07-22 14:12:09,176] {connection.py:342} ERROR - Extra data: line 1 column 15 (char 14)
Traceback (most recent call last):
  File "/usr/local/lib/python3.8/dist-packages/airflow/models/connection.py", line 340, in extra_dejson
    obj = json.loads(self.extra)
  File "/usr/lib/python3.8/json/__init__.py", line 357, in loads
    return _default_decoder.decode(s)
  File "/usr/lib/python3.8/json/decoder.py", line 340, in decode
    raise JSONDecodeError("Extra data", s, end)
json.decoder.JSONDecodeError: Extra data: line 1 column 15 (char 14)
[2020-07-22 14:12:09,179] {logging_mixin.py:112} INFO - [2020-07-22 14:12:09,178] {connection.py:343} ERROR - Failed parsing the json for conn_id spark_local
[2020-07-22 14:12:09,179] {logging_mixin.py:112} INFO - [2020-07-22 14:12:09,179] {base_hook.py:87} INFO - Using connection to: id: spark_local. Host: localhost, Port: 4041, Schema: None, Login: None, Password: None, extra: None
[2020-07-22 14:12:09,180] {logging_mixin.py:112} INFO - [2020-07-22 14:12:09,180] {connection.py:342} ERROR - Extra data: line 1 column 15 (char 14)
Traceback (most recent call last):
  File "/usr/local/lib/python3.8/dist-packages/airflow/models/connection.py", line 340, in extra_dejson
    obj = json.loads(self.extra)
  File "/usr/lib/python3.8/json/__init__.py", line 357, in loads
    return _default_decoder.decode(s)
  File "/usr/lib/python3.8/json/decoder.py", line 340, in decode
    raise JSONDecodeError("Extra data", s, end)
json.decoder.JSONDecodeError: Extra data: line 1 column 15 (char 14)
[2020-07-22 14:12:09,181] {logging_mixin.py:112} INFO - [2020-07-22 14:12:09,181] {connection.py:343} ERROR - Failed parsing the json for conn_id spark_local
[2020-07-22 14:12:09,182] {logging_mixin.py:112} INFO - [2020-07-22 14:12:09,182] {spark_submit_hook.py:325} INFO - Spark-Submit cmd: spark-submit --master localhost:4041 --name airflow-spark /home/bhakti/airflow/spark_jobs/python/spark_test.py
[2020-07-22 14:12:12,677] {logging_mixin.py:112} INFO - [2020-07-22 14:12:12,676] {spark_submit_hook.py:479} INFO - 20/07/22 14:12:12 WARN Utils: Your hostname, bhakti-Vostro-3558 resolves to a loopback address: 127.0.1.1; using 192.168.43.94 instead (on interface wlp6s0)
[2020-07-22 14:12:12,679] {logging_mixin.py:112} INFO - [2020-07-22 14:12:12,678] {spark_submit_hook.py:479} INFO - 20/07/22 14:12:12 WARN Utils: Set SPARK_LOCAL_IP if you need to bind to another address
[2020-07-22 14:12:14,726] {logging_mixin.py:112} INFO - [2020-07-22 14:12:14,725] {spark_submit_hook.py:479} INFO - 20/07/22 14:12:14 WARN NativeCodeLoader: Unable to load native-hadoop library for your platform... using builtin-java classes where applicable
[2020-07-22 14:12:17,615] {logging_mixin.py:112} INFO - [2020-07-22 14:12:17,615] {spark_submit_hook.py:479} INFO - Using Spark's default log4j profile: org/apache/spark/log4j-defaults.properties
[2020-07-22 14:12:17,628] {logging_mixin.py:112} INFO - [2020-07-22 14:12:17,628] {spark_submit_hook.py:479} INFO - 20/07/22 14:12:17 INFO SparkContext: Running Spark version 3.0.0
[2020-07-22 14:12:17,694] {logging_mixin.py:112} INFO - [2020-07-22 14:12:17,694] {spark_submit_hook.py:479} INFO - 20/07/22 14:12:17 INFO ResourceUtils: ==============================================================
[2020-07-22 14:12:17,697] {logging_mixin.py:112} INFO - [2020-07-22 14:12:17,697] {spark_submit_hook.py:479} INFO - 20/07/22 14:12:17 INFO ResourceUtils: Resources for spark.driver:
[2020-07-22 14:12:17,697] {logging_mixin.py:112} INFO - [2020-07-22 14:12:17,697] {spark_submit_hook.py:479} INFO - 
[2020-07-22 14:12:17,698] {logging_mixin.py:112} INFO - [2020-07-22 14:12:17,697] {spark_submit_hook.py:479} INFO - 20/07/22 14:12:17 INFO ResourceUtils: ==============================================================
[2020-07-22 14:12:17,699] {logging_mixin.py:112} INFO - [2020-07-22 14:12:17,698] {spark_submit_hook.py:479} INFO - 20/07/22 14:12:17 INFO SparkContext: Submitted application: Spark_Test_Python
[2020-07-22 14:12:17,816] {logging_mixin.py:112} INFO - [2020-07-22 14:12:17,816] {spark_submit_hook.py:479} INFO - 20/07/22 14:12:17 INFO SecurityManager: Changing view acls to: bhakti
[2020-07-22 14:12:17,817] {logging_mixin.py:112} INFO - [2020-07-22 14:12:17,817] {spark_submit_hook.py:479} INFO - 20/07/22 14:12:17 INFO SecurityManager: Changing modify acls to: bhakti
[2020-07-22 14:12:17,817] {logging_mixin.py:112} INFO - [2020-07-22 14:12:17,817] {spark_submit_hook.py:479} INFO - 20/07/22 14:12:17 INFO SecurityManager: Changing view acls groups to:
[2020-07-22 14:12:17,818] {logging_mixin.py:112} INFO - [2020-07-22 14:12:17,817] {spark_submit_hook.py:479} INFO - 20/07/22 14:12:17 INFO SecurityManager: Changing modify acls groups to:
[2020-07-22 14:12:17,818] {logging_mixin.py:112} INFO - [2020-07-22 14:12:17,818] {spark_submit_hook.py:479} INFO - 20/07/22 14:12:17 INFO SecurityManager: SecurityManager: authentication disabled; ui acls disabled; users  with view permissions: Set(bhakti); groups with view permissions: Set(); users  with modify permissions: Set(bhakti); groups with modify permissions: Set()
[2020-07-22 14:12:18,250] {logging_mixin.py:112} INFO - [2020-07-22 14:12:18,249] {spark_submit_hook.py:479} INFO - 20/07/22 14:12:18 INFO Utils: Successfully started service 'sparkDriver' on port 41267.
[2020-07-22 14:12:18,302] {logging_mixin.py:112} INFO - [2020-07-22 14:12:18,301] {spark_submit_hook.py:479} INFO - 20/07/22 14:12:18 INFO SparkEnv: Registering MapOutputTracker
[2020-07-22 14:12:18,361] {logging_mixin.py:112} INFO - [2020-07-22 14:12:18,361] {spark_submit_hook.py:479} INFO - 20/07/22 14:12:18 INFO SparkEnv: Registering BlockManagerMaster
[2020-07-22 14:12:18,404] {logging_mixin.py:112} INFO - [2020-07-22 14:12:18,403] {spark_submit_hook.py:479} INFO - 20/07/22 14:12:18 INFO BlockManagerMasterEndpoint: Using org.apache.spark.storage.DefaultTopologyMapper for getting topology information
[2020-07-22 14:12:18,405] {logging_mixin.py:112} INFO - [2020-07-22 14:12:18,405] {spark_submit_hook.py:479} INFO - 20/07/22 14:12:18 INFO BlockManagerMasterEndpoint: BlockManagerMasterEndpoint up
[2020-07-22 14:12:18,417] {logging_mixin.py:112} INFO - [2020-07-22 14:12:18,417] {spark_submit_hook.py:479} INFO - 20/07/22 14:12:18 INFO SparkEnv: Registering BlockManagerMasterHeartbeat
[2020-07-22 14:12:18,446] {logging_mixin.py:112} INFO - [2020-07-22 14:12:18,445] {spark_submit_hook.py:479} INFO - 20/07/22 14:12:18 INFO DiskBlockManager: Created local directory at /tmp/blockmgr-55a1eb3a-509b-42ff-b389-8704b1c04c58
[2020-07-22 14:12:18,488] {logging_mixin.py:112} INFO - [2020-07-22 14:12:18,488] {spark_submit_hook.py:479} INFO - 20/07/22 14:12:18 INFO MemoryStore: MemoryStore started with capacity 366.3 MiB
[2020-07-22 14:12:18,520] {logging_mixin.py:112} INFO - [2020-07-22 14:12:18,520] {spark_submit_hook.py:479} INFO - 20/07/22 14:12:18 INFO SparkEnv: Registering OutputCommitCoordinator
[2020-07-22 14:12:18,903] {logging_mixin.py:112} INFO - [2020-07-22 14:12:18,903] {spark_submit_hook.py:479} INFO - 20/07/22 14:12:18 WARN Utils: Service 'SparkUI' could not bind on port 4040. Attempting port 4041.
[2020-07-22 14:12:18,914] {logging_mixin.py:112} INFO - [2020-07-22 14:12:18,913] {spark_submit_hook.py:479} INFO - 20/07/22 14:12:18 INFO Utils: Successfully started service 'SparkUI' on port 4041.
[2020-07-22 14:12:19,000] {logging_mixin.py:112} INFO - [2020-07-22 14:12:18,999] {spark_submit_hook.py:479} INFO - 20/07/22 14:12:18 INFO SparkUI: Bound SparkUI to 0.0.0.0, and started at http://192.168.43.94:4041
[2020-07-22 14:12:19,169] {logging_mixin.py:112} INFO - [2020-07-22 14:12:19,169] {spark_submit_hook.py:479} INFO - 20/07/22 14:12:19 ERROR SparkContext: Error initializing SparkContext.
[2020-07-22 14:12:19,170] {logging_mixin.py:112} INFO - [2020-07-22 14:12:19,170] {spark_submit_hook.py:479} INFO - org.apache.spark.SparkException: Could not parse Master URL: 'localhost:4041'
[2020-07-22 14:12:19,170] {logging_mixin.py:112} INFO - [2020-07-22 14:12:19,170] {spark_submit_hook.py:479} INFO - at org.apache.spark.SparkContext$.org$apache$spark$SparkContext$$createTaskScheduler(SparkContext.scala:2924)
[2020-07-22 14:12:19,170] {logging_mixin.py:112} INFO - [2020-07-22 14:12:19,170] {spark_submit_hook.py:479} INFO - at org.apache.spark.SparkContext.<init>(SparkContext.scala:528)
[2020-07-22 14:12:19,171] {logging_mixin.py:112} INFO - [2020-07-22 14:12:19,171] {spark_submit_hook.py:479} INFO - at org.apache.spark.api.java.JavaSparkContext.<init>(JavaSparkContext.scala:58)
[2020-07-22 14:12:19,171] {logging_mixin.py:112} INFO - [2020-07-22 14:12:19,171] {spark_submit_hook.py:479} INFO - at sun.reflect.NativeConstructorAccessorImpl.newInstance0(Native Method)
[2020-07-22 14:12:19,172] {logging_mixin.py:112} INFO - [2020-07-22 14:12:19,171] {spark_submit_hook.py:479} INFO - at sun.reflect.NativeConstructorAccessorImpl.newInstance(NativeConstructorAccessorImpl.java:62)
[2020-07-22 14:12:19,172] {logging_mixin.py:112} INFO - [2020-07-22 14:12:19,172] {spark_submit_hook.py:479} INFO - at sun.reflect.DelegatingConstructorAccessorImpl.newInstance(DelegatingConstructorAccessorImpl.java:45)
[2020-07-22 14:12:19,172] {logging_mixin.py:112} INFO - [2020-07-22 14:12:19,172] {spark_submit_hook.py:479} INFO - at java.lang.reflect.Constructor.newInstance(Constructor.java:423)
[2020-07-22 14:12:19,172] {logging_mixin.py:112} INFO - [2020-07-22 14:12:19,172] {spark_submit_hook.py:479} INFO - at py4j.reflection.MethodInvoker.invoke(MethodInvoker.java:247)
[2020-07-22 14:12:19,172] {logging_mixin.py:112} INFO - [2020-07-22 14:12:19,172] {spark_submit_hook.py:479} INFO - at py4j.reflection.ReflectionEngine.invoke(ReflectionEngine.java:357)
[2020-07-22 14:12:19,172] {logging_mixin.py:112} INFO - [2020-07-22 14:12:19,172] {spark_submit_hook.py:479} INFO - at py4j.Gateway.invoke(Gateway.java:238)
[2020-07-22 14:12:19,172] {logging_mixin.py:112} INFO - [2020-07-22 14:12:19,172] {spark_submit_hook.py:479} INFO - at py4j.commands.ConstructorCommand.invokeConstructor(ConstructorCommand.java:80)
[2020-07-22 14:12:19,173] {logging_mixin.py:112} INFO - [2020-07-22 14:12:19,173] {spark_submit_hook.py:479} INFO - at py4j.commands.ConstructorCommand.execute(ConstructorCommand.java:69)
[2020-07-22 14:12:19,173] {logging_mixin.py:112} INFO - [2020-07-22 14:12:19,173] {spark_submit_hook.py:479} INFO - at py4j.GatewayConnection.run(GatewayConnection.java:238)
[2020-07-22 14:12:19,173] {logging_mixin.py:112} INFO - [2020-07-22 14:12:19,173] {spark_submit_hook.py:479} INFO - at java.lang.Thread.run(Thread.java:748)
[2020-07-22 14:12:19,192] {logging_mixin.py:112} INFO - [2020-07-22 14:12:19,192] {spark_submit_hook.py:479} INFO - 20/07/22 14:12:19 INFO SparkUI: Stopped Spark web UI at http://192.168.43.94:4041
[2020-07-22 14:12:19,219] {logging_mixin.py:112} INFO - [2020-07-22 14:12:19,218] {spark_submit_hook.py:479} INFO - 20/07/22 14:12:19 INFO MapOutputTrackerMasterEndpoint: MapOutputTrackerMasterEndpoint stopped!
[2020-07-22 14:12:19,232] {logging_mixin.py:112} INFO - [2020-07-22 14:12:19,232] {spark_submit_hook.py:479} INFO - 20/07/22 14:12:19 INFO MemoryStore: MemoryStore cleared
[2020-07-22 14:12:19,233] {logging_mixin.py:112} INFO - [2020-07-22 14:12:19,233] {spark_submit_hook.py:479} INFO - 20/07/22 14:12:19 INFO BlockManager: BlockManager stopped
[2020-07-22 14:12:19,250] {logging_mixin.py:112} INFO - [2020-07-22 14:12:19,249] {spark_submit_hook.py:479} INFO - 20/07/22 14:12:19 INFO BlockManagerMaster: BlockManagerMaster stopped
[2020-07-22 14:12:19,250] {logging_mixin.py:112} INFO - [2020-07-22 14:12:19,250] {spark_submit_hook.py:479} INFO - 20/07/22 14:12:19 WARN MetricsSystem: Stopping a MetricsSystem that is not running
[2020-07-22 14:12:19,255] {logging_mixin.py:112} INFO - [2020-07-22 14:12:19,255] {spark_submit_hook.py:479} INFO - 20/07/22 14:12:19 INFO OutputCommitCoordinator$OutputCommitCoordinatorEndpoint: OutputCommitCoordinator stopped!
[2020-07-22 14:12:19,264] {logging_mixin.py:112} INFO - [2020-07-22 14:12:19,264] {spark_submit_hook.py:479} INFO - 20/07/22 14:12:19 INFO SparkContext: Successfully stopped SparkContext
[2020-07-22 14:12:19,325] {logging_mixin.py:112} INFO - [2020-07-22 14:12:19,325] {spark_submit_hook.py:479} INFO - Traceback (most recent call last):
[2020-07-22 14:12:19,326] {logging_mixin.py:112} INFO - [2020-07-22 14:12:19,326] {spark_submit_hook.py:479} INFO - File "/home/bhakti/airflow/spark_jobs/python/spark_test.py", line 6, in <module>
[2020-07-22 14:12:19,326] {logging_mixin.py:112} INFO - [2020-07-22 14:12:19,326] {spark_submit_hook.py:479} INFO - sc = SparkContext(conf=conf)
[2020-07-22 14:12:19,326] {logging_mixin.py:112} INFO - [2020-07-22 14:12:19,326] {spark_submit_hook.py:479} INFO - File "/opt/spark/python/lib/pyspark.zip/pyspark/context.py", line 130, in __init__
[2020-07-22 14:12:19,326] {logging_mixin.py:112} INFO - [2020-07-22 14:12:19,326] {spark_submit_hook.py:479} INFO - File "/opt/spark/python/lib/pyspark.zip/pyspark/context.py", line 193, in _do_init
[2020-07-22 14:12:19,327] {logging_mixin.py:112} INFO - [2020-07-22 14:12:19,326] {spark_submit_hook.py:479} INFO - File "/opt/spark/python/lib/pyspark.zip/pyspark/context.py", line 310, in _initialize_context
[2020-07-22 14:12:19,327] {logging_mixin.py:112} INFO - [2020-07-22 14:12:19,327] {spark_submit_hook.py:479} INFO - File "/opt/spark/python/lib/py4j-0.10.9-src.zip/py4j/java_gateway.py", line 1568, in __call__
[2020-07-22 14:12:19,327] {logging_mixin.py:112} INFO - [2020-07-22 14:12:19,327] {spark_submit_hook.py:479} INFO - File "/opt/spark/python/lib/py4j-0.10.9-src.zip/py4j/protocol.py", line 326, in get_return_value
[2020-07-22 14:12:19,327] {logging_mixin.py:112} INFO - [2020-07-22 14:12:19,327] {spark_submit_hook.py:479} INFO - py4j.protocol.Py4JJavaError: An error occurred while calling None.org.apache.spark.api.java.JavaSparkContext.
[2020-07-22 14:12:19,328] {logging_mixin.py:112} INFO - [2020-07-22 14:12:19,328] {spark_submit_hook.py:479} INFO - : org.apache.spark.SparkException: Could not parse Master URL: 'localhost:4041'
[2020-07-22 14:12:19,328] {logging_mixin.py:112} INFO - [2020-07-22 14:12:19,328] {spark_submit_hook.py:479} INFO - at org.apache.spark.SparkContext$.org$apache$spark$SparkContext$$createTaskScheduler(SparkContext.scala:2924)
[2020-07-22 14:12:19,328] {logging_mixin.py:112} INFO - [2020-07-22 14:12:19,328] {spark_submit_hook.py:479} INFO - at org.apache.spark.SparkContext.<init>(SparkContext.scala:528)
[2020-07-22 14:12:19,328] {logging_mixin.py:112} INFO - [2020-07-22 14:12:19,328] {spark_submit_hook.py:479} INFO - at org.apache.spark.api.java.JavaSparkContext.<init>(JavaSparkContext.scala:58)
[2020-07-22 14:12:19,329] {logging_mixin.py:112} INFO - [2020-07-22 14:12:19,328] {spark_submit_hook.py:479} INFO - at sun.reflect.NativeConstructorAccessorImpl.newInstance0(Native Method)
[2020-07-22 14:12:19,329] {logging_mixin.py:112} INFO - [2020-07-22 14:12:19,329] {spark_submit_hook.py:479} INFO - at sun.reflect.NativeConstructorAccessorImpl.newInstance(NativeConstructorAccessorImpl.java:62)
[2020-07-22 14:12:19,329] {logging_mixin.py:112} INFO - [2020-07-22 14:12:19,329] {spark_submit_hook.py:479} INFO - at sun.reflect.DelegatingConstructorAccessorImpl.newInstance(DelegatingConstructorAccessorImpl.java:45)
[2020-07-22 14:12:19,329] {logging_mixin.py:112} INFO - [2020-07-22 14:12:19,329] {spark_submit_hook.py:479} INFO - at java.lang.reflect.Constructor.newInstance(Constructor.java:423)
[2020-07-22 14:12:19,330] {logging_mixin.py:112} INFO - [2020-07-22 14:12:19,329] {spark_submit_hook.py:479} INFO - at py4j.reflection.MethodInvoker.invoke(MethodInvoker.java:247)
[2020-07-22 14:12:19,330] {logging_mixin.py:112} INFO - [2020-07-22 14:12:19,330] {spark_submit_hook.py:479} INFO - at py4j.reflection.ReflectionEngine.invoke(ReflectionEngine.java:357)
[2020-07-22 14:12:19,330] {logging_mixin.py:112} INFO - [2020-07-22 14:12:19,330] {spark_submit_hook.py:479} INFO - at py4j.Gateway.invoke(Gateway.java:238)
[2020-07-22 14:12:19,330] {logging_mixin.py:112} INFO - [2020-07-22 14:12:19,330] {spark_submit_hook.py:479} INFO - at py4j.commands.ConstructorCommand.invokeConstructor(ConstructorCommand.java:80)
[2020-07-22 14:12:19,330] {logging_mixin.py:112} INFO - [2020-07-22 14:12:19,330] {spark_submit_hook.py:479} INFO - at py4j.commands.ConstructorCommand.execute(ConstructorCommand.java:69)
[2020-07-22 14:12:19,331] {logging_mixin.py:112} INFO - [2020-07-22 14:12:19,331] {spark_submit_hook.py:479} INFO - at py4j.GatewayConnection.run(GatewayConnection.java:238)
[2020-07-22 14:12:19,331] {logging_mixin.py:112} INFO - [2020-07-22 14:12:19,331] {spark_submit_hook.py:479} INFO - at java.lang.Thread.run(Thread.java:748)
[2020-07-22 14:12:19,331] {logging_mixin.py:112} INFO - [2020-07-22 14:12:19,331] {spark_submit_hook.py:479} INFO - 
[2020-07-22 14:12:19,430] {logging_mixin.py:112} INFO - [2020-07-22 14:12:19,429] {spark_submit_hook.py:479} INFO - 20/07/22 14:12:19 INFO ShutdownHookManager: Shutdown hook called
[2020-07-22 14:12:19,432] {logging_mixin.py:112} INFO - [2020-07-22 14:12:19,432] {spark_submit_hook.py:479} INFO - 20/07/22 14:12:19 INFO ShutdownHookManager: Deleting directory /tmp/spark-a8295be2-44c6-4bb5-beaa-100c51bdca8c
[2020-07-22 14:12:19,435] {logging_mixin.py:112} INFO - [2020-07-22 14:12:19,435] {spark_submit_hook.py:479} INFO - 20/07/22 14:12:19 INFO ShutdownHookManager: Deleting directory /tmp/spark-584d8816-a0ea-481c-a784-766e99398d60
[2020-07-22 14:12:19,476] {taskinstance.py:1145} ERROR - Cannot execute: spark-submit --master localhost:4041 --name airflow-spark /home/bhakti/airflow/spark_jobs/python/spark_test.py. Error code is: 1.
Traceback (most recent call last):
  File "/usr/local/lib/python3.8/dist-packages/airflow/models/taskinstance.py", line 983, in _run_raw_task
    result = task_copy.execute(context=context)
  File "/usr/local/lib/python3.8/dist-packages/airflow/contrib/operators/spark_submit_operator.py", line 187, in execute
    self._hook.submit(self._application)
  File "/usr/local/lib/python3.8/dist-packages/airflow/contrib/hooks/spark_submit_hook.py", line 403, in submit
    raise AirflowException(
airflow.exceptions.AirflowException: Cannot execute: spark-submit --master localhost:4041 --name airflow-spark /home/bhakti/airflow/spark_jobs/python/spark_test.py. Error code is: 1.
[2020-07-22 14:12:19,478] {taskinstance.py:1189} INFO - Marking task as FAILED.dag_id=submit_data, task_id=spark_submit, execution_date=20200720T024100, start_date=20200722T084208, end_date=20200722T084219
[2020-07-22 14:12:23,551] {logging_mixin.py:112} INFO - [2020-07-22 14:12:23,551] {local_task_job.py:103} INFO - Task exited with return code 1
