[2020-07-23 14:38:47,493] {taskinstance.py:669} INFO - Dependencies all met for <TaskInstance: submit_data.spark_submit 2020-07-21T00:03:00+00:00 [queued]>
[2020-07-23 14:38:47,505] {taskinstance.py:669} INFO - Dependencies all met for <TaskInstance: submit_data.spark_submit 2020-07-21T00:03:00+00:00 [queued]>
[2020-07-23 14:38:47,505] {taskinstance.py:879} INFO - 
--------------------------------------------------------------------------------
[2020-07-23 14:38:47,505] {taskinstance.py:880} INFO - Starting attempt 1 of 1
[2020-07-23 14:38:47,505] {taskinstance.py:881} INFO - 
--------------------------------------------------------------------------------
[2020-07-23 14:38:47,762] {taskinstance.py:900} INFO - Executing <Task(SparkSubmitOperator): spark_submit> on 2020-07-21T00:03:00+00:00
[2020-07-23 14:38:47,767] {standard_task_runner.py:53} INFO - Started process 208023 to run task
[2020-07-23 14:38:48,010] {logging_mixin.py:112} INFO - Running %s on host %s <TaskInstance: submit_data.spark_submit 2020-07-21T00:03:00+00:00 [running]> bhakti-Vostro-3558
[2020-07-23 14:38:48,032] {logging_mixin.py:112} INFO - [2020-07-23 14:38:48,032] {base_hook.py:87} INFO - Using connection to: id: spark_local. Host: local, Port: None, Schema: None, Login: None, Password: None, extra: None
[2020-07-23 14:38:48,033] {logging_mixin.py:112} INFO - [2020-07-23 14:38:48,033] {spark_submit_hook.py:325} INFO - Spark-Submit cmd: spark-submit --master local --name airflow-spark /home/bhakti/airflow/spark_jobs/spark_test.py
[2020-07-23 14:38:49,812] {logging_mixin.py:112} INFO - [2020-07-23 14:38:49,811] {spark_submit_hook.py:479} INFO - 20/07/23 14:38:49 WARN Utils: Your hostname, bhakti-Vostro-3558 resolves to a loopback address: 127.0.1.1; using 192.168.43.94 instead (on interface wlp6s0)
[2020-07-23 14:38:49,812] {logging_mixin.py:112} INFO - [2020-07-23 14:38:49,812] {spark_submit_hook.py:479} INFO - 20/07/23 14:38:49 WARN Utils: Set SPARK_LOCAL_IP if you need to bind to another address
[2020-07-23 14:38:50,742] {logging_mixin.py:112} INFO - [2020-07-23 14:38:50,742] {spark_submit_hook.py:479} INFO - 20/07/23 14:38:50 WARN NativeCodeLoader: Unable to load native-hadoop library for your platform... using builtin-java classes where applicable
[2020-07-23 14:38:52,059] {logging_mixin.py:112} INFO - [2020-07-23 14:38:52,059] {spark_submit_hook.py:479} INFO - Using Spark's default log4j profile: org/apache/spark/log4j-defaults.properties
[2020-07-23 14:38:52,073] {logging_mixin.py:112} INFO - [2020-07-23 14:38:52,073] {spark_submit_hook.py:479} INFO - 20/07/23 14:38:52 INFO SparkContext: Running Spark version 3.0.0
[2020-07-23 14:38:52,141] {logging_mixin.py:112} INFO - [2020-07-23 14:38:52,140] {spark_submit_hook.py:479} INFO - 20/07/23 14:38:52 INFO ResourceUtils: ==============================================================
[2020-07-23 14:38:52,143] {logging_mixin.py:112} INFO - [2020-07-23 14:38:52,143] {spark_submit_hook.py:479} INFO - 20/07/23 14:38:52 INFO ResourceUtils: Resources for spark.driver:
[2020-07-23 14:38:52,144] {logging_mixin.py:112} INFO - [2020-07-23 14:38:52,144] {spark_submit_hook.py:479} INFO - 
[2020-07-23 14:38:52,144] {logging_mixin.py:112} INFO - [2020-07-23 14:38:52,144] {spark_submit_hook.py:479} INFO - 20/07/23 14:38:52 INFO ResourceUtils: ==============================================================
[2020-07-23 14:38:52,145] {logging_mixin.py:112} INFO - [2020-07-23 14:38:52,145] {spark_submit_hook.py:479} INFO - 20/07/23 14:38:52 INFO SparkContext: Submitted application: Spark_Test_Python
[2020-07-23 14:38:52,229] {logging_mixin.py:112} INFO - [2020-07-23 14:38:52,229] {spark_submit_hook.py:479} INFO - 20/07/23 14:38:52 INFO SecurityManager: Changing view acls to: bhakti
[2020-07-23 14:38:52,230] {logging_mixin.py:112} INFO - [2020-07-23 14:38:52,229] {spark_submit_hook.py:479} INFO - 20/07/23 14:38:52 INFO SecurityManager: Changing modify acls to: bhakti
[2020-07-23 14:38:52,230] {logging_mixin.py:112} INFO - [2020-07-23 14:38:52,230] {spark_submit_hook.py:479} INFO - 20/07/23 14:38:52 INFO SecurityManager: Changing view acls groups to:
[2020-07-23 14:38:52,230] {logging_mixin.py:112} INFO - [2020-07-23 14:38:52,230] {spark_submit_hook.py:479} INFO - 20/07/23 14:38:52 INFO SecurityManager: Changing modify acls groups to:
[2020-07-23 14:38:52,231] {logging_mixin.py:112} INFO - [2020-07-23 14:38:52,230] {spark_submit_hook.py:479} INFO - 20/07/23 14:38:52 INFO SecurityManager: SecurityManager: authentication disabled; ui acls disabled; users  with view permissions: Set(bhakti); groups with view permissions: Set(); users  with modify permissions: Set(bhakti); groups with modify permissions: Set()
[2020-07-23 14:38:52,712] {logging_mixin.py:112} INFO - [2020-07-23 14:38:52,712] {spark_submit_hook.py:479} INFO - 20/07/23 14:38:52 INFO Utils: Successfully started service 'sparkDriver' on port 42859.
[2020-07-23 14:38:52,760] {logging_mixin.py:112} INFO - [2020-07-23 14:38:52,759] {spark_submit_hook.py:479} INFO - 20/07/23 14:38:52 INFO SparkEnv: Registering MapOutputTracker
[2020-07-23 14:38:52,844] {logging_mixin.py:112} INFO - [2020-07-23 14:38:52,844] {spark_submit_hook.py:479} INFO - 20/07/23 14:38:52 INFO SparkEnv: Registering BlockManagerMaster
[2020-07-23 14:38:52,884] {logging_mixin.py:112} INFO - [2020-07-23 14:38:52,883] {spark_submit_hook.py:479} INFO - 20/07/23 14:38:52 INFO BlockManagerMasterEndpoint: Using org.apache.spark.storage.DefaultTopologyMapper for getting topology information
[2020-07-23 14:38:52,885] {logging_mixin.py:112} INFO - [2020-07-23 14:38:52,885] {spark_submit_hook.py:479} INFO - 20/07/23 14:38:52 INFO BlockManagerMasterEndpoint: BlockManagerMasterEndpoint up
[2020-07-23 14:38:52,893] {logging_mixin.py:112} INFO - [2020-07-23 14:38:52,893] {spark_submit_hook.py:479} INFO - 20/07/23 14:38:52 INFO SparkEnv: Registering BlockManagerMasterHeartbeat
[2020-07-23 14:38:52,919] {logging_mixin.py:112} INFO - [2020-07-23 14:38:52,919] {spark_submit_hook.py:479} INFO - 20/07/23 14:38:52 INFO DiskBlockManager: Created local directory at /tmp/blockmgr-ced07dd8-cc85-4043-a364-82827c63b0de
[2020-07-23 14:38:52,954] {logging_mixin.py:112} INFO - [2020-07-23 14:38:52,953] {spark_submit_hook.py:479} INFO - 20/07/23 14:38:52 INFO MemoryStore: MemoryStore started with capacity 366.3 MiB
[2020-07-23 14:38:52,979] {logging_mixin.py:112} INFO - [2020-07-23 14:38:52,979] {spark_submit_hook.py:479} INFO - 20/07/23 14:38:52 INFO SparkEnv: Registering OutputCommitCoordinator
[2020-07-23 14:38:53,325] {logging_mixin.py:112} INFO - [2020-07-23 14:38:53,324] {spark_submit_hook.py:479} INFO - 20/07/23 14:38:53 WARN Utils: Service 'SparkUI' could not bind on port 4040. Attempting port 4041.
[2020-07-23 14:38:53,325] {logging_mixin.py:112} INFO - [2020-07-23 14:38:53,325] {spark_submit_hook.py:479} INFO - 20/07/23 14:38:53 WARN Utils: Service 'SparkUI' could not bind on port 4041. Attempting port 4042.
[2020-07-23 14:38:53,326] {logging_mixin.py:112} INFO - [2020-07-23 14:38:53,326] {spark_submit_hook.py:479} INFO - 20/07/23 14:38:53 WARN Utils: Service 'SparkUI' could not bind on port 4042. Attempting port 4043.
[2020-07-23 14:38:53,327] {logging_mixin.py:112} INFO - [2020-07-23 14:38:53,327] {spark_submit_hook.py:479} INFO - 20/07/23 14:38:53 WARN Utils: Service 'SparkUI' could not bind on port 4043. Attempting port 4044.
[2020-07-23 14:38:53,328] {logging_mixin.py:112} INFO - [2020-07-23 14:38:53,327] {spark_submit_hook.py:479} INFO - 20/07/23 14:38:53 WARN Utils: Service 'SparkUI' could not bind on port 4044. Attempting port 4045.
[2020-07-23 14:38:53,339] {logging_mixin.py:112} INFO - [2020-07-23 14:38:53,338] {spark_submit_hook.py:479} INFO - 20/07/23 14:38:53 INFO Utils: Successfully started service 'SparkUI' on port 4045.
[2020-07-23 14:38:53,444] {logging_mixin.py:112} INFO - [2020-07-23 14:38:53,444] {spark_submit_hook.py:479} INFO - 20/07/23 14:38:53 INFO SparkUI: Bound SparkUI to 0.0.0.0, and started at http://192.168.43.94:4045
[2020-07-23 14:38:53,941] {logging_mixin.py:112} INFO - [2020-07-23 14:38:53,941] {spark_submit_hook.py:479} INFO - 20/07/23 14:38:53 INFO Executor: Starting executor ID driver on host 192.168.43.94
[2020-07-23 14:38:53,999] {logging_mixin.py:112} INFO - [2020-07-23 14:38:53,999] {spark_submit_hook.py:479} INFO - 20/07/23 14:38:53 INFO Utils: Successfully started service 'org.apache.spark.network.netty.NettyBlockTransferService' on port 43257.
[2020-07-23 14:38:54,000] {logging_mixin.py:112} INFO - [2020-07-23 14:38:54,000] {spark_submit_hook.py:479} INFO - 20/07/23 14:38:54 INFO NettyBlockTransferService: Server created on 192.168.43.94:43257
[2020-07-23 14:38:54,006] {logging_mixin.py:112} INFO - [2020-07-23 14:38:54,006] {spark_submit_hook.py:479} INFO - 20/07/23 14:38:54 INFO BlockManager: Using org.apache.spark.storage.RandomBlockReplicationPolicy for block replication policy
[2020-07-23 14:38:54,025] {logging_mixin.py:112} INFO - [2020-07-23 14:38:54,025] {spark_submit_hook.py:479} INFO - 20/07/23 14:38:54 INFO BlockManagerMaster: Registering BlockManager BlockManagerId(driver, 192.168.43.94, 43257, None)
[2020-07-23 14:38:54,026] {logging_mixin.py:112} INFO - [2020-07-23 14:38:54,026] {spark_submit_hook.py:479} INFO - 20/07/23 14:38:54 INFO BlockManagerMasterEndpoint: Registering block manager 192.168.43.94:43257 with 366.3 MiB RAM, BlockManagerId(driver, 192.168.43.94, 43257, None)
[2020-07-23 14:38:54,031] {logging_mixin.py:112} INFO - [2020-07-23 14:38:54,031] {spark_submit_hook.py:479} INFO - 20/07/23 14:38:54 INFO BlockManagerMaster: Registered BlockManager BlockManagerId(driver, 192.168.43.94, 43257, None)
[2020-07-23 14:38:54,035] {logging_mixin.py:112} INFO - [2020-07-23 14:38:54,034] {spark_submit_hook.py:479} INFO - 20/07/23 14:38:54 INFO BlockManager: Initialized BlockManager: BlockManagerId(driver, 192.168.43.94, 43257, None)
[2020-07-23 14:38:55,775] {logging_mixin.py:112} INFO - [2020-07-23 14:38:55,775] {spark_submit_hook.py:479} INFO - 20/07/23 14:38:55 INFO MemoryStore: Block broadcast_0 stored as values in memory (estimated size 241.5 KiB, free 366.1 MiB)
[2020-07-23 14:38:55,922] {logging_mixin.py:112} INFO - [2020-07-23 14:38:55,922] {spark_submit_hook.py:479} INFO - 20/07/23 14:38:55 INFO MemoryStore: Block broadcast_0_piece0 stored as bytes in memory (estimated size 23.4 KiB, free 366.0 MiB)
[2020-07-23 14:38:55,927] {logging_mixin.py:112} INFO - [2020-07-23 14:38:55,927] {spark_submit_hook.py:479} INFO - 20/07/23 14:38:55 INFO BlockManagerInfo: Added broadcast_0_piece0 in memory on 192.168.43.94:43257 (size: 23.4 KiB, free: 366.3 MiB)
[2020-07-23 14:38:55,947] {logging_mixin.py:112} INFO - [2020-07-23 14:38:55,947] {spark_submit_hook.py:479} INFO - 20/07/23 14:38:55 INFO SparkContext: Created broadcast 0 from textFile at NativeMethodAccessorImpl.java:0
[2020-07-23 14:38:56,405] {logging_mixin.py:112} INFO - [2020-07-23 14:38:56,405] {spark_submit_hook.py:479} INFO - 20/07/23 14:38:56 INFO FileInputFormat: Total input paths to process : 1
[2020-07-23 14:38:56,627] {logging_mixin.py:112} INFO - [2020-07-23 14:38:56,627] {spark_submit_hook.py:479} INFO - 20/07/23 14:38:56 INFO SparkContext: Starting job: collect at /home/bhakti/airflow/spark_jobs/spark_test.py:8
[2020-07-23 14:38:56,667] {logging_mixin.py:112} INFO - [2020-07-23 14:38:56,667] {spark_submit_hook.py:479} INFO - 20/07/23 14:38:56 INFO DAGScheduler: Got job 0 (collect at /home/bhakti/airflow/spark_jobs/spark_test.py:8) with 1 output partitions
[2020-07-23 14:38:56,668] {logging_mixin.py:112} INFO - [2020-07-23 14:38:56,667] {spark_submit_hook.py:479} INFO - 20/07/23 14:38:56 INFO DAGScheduler: Final stage: ResultStage 0 (collect at /home/bhakti/airflow/spark_jobs/spark_test.py:8)
[2020-07-23 14:38:56,668] {logging_mixin.py:112} INFO - [2020-07-23 14:38:56,668] {spark_submit_hook.py:479} INFO - 20/07/23 14:38:56 INFO DAGScheduler: Parents of final stage: List()
[2020-07-23 14:38:56,672] {logging_mixin.py:112} INFO - [2020-07-23 14:38:56,671] {spark_submit_hook.py:479} INFO - 20/07/23 14:38:56 INFO DAGScheduler: Missing parents: List()
[2020-07-23 14:38:56,690] {logging_mixin.py:112} INFO - [2020-07-23 14:38:56,689] {spark_submit_hook.py:479} INFO - 20/07/23 14:38:56 INFO DAGScheduler: Submitting ResultStage 0 (PythonRDD[2] at collect at /home/bhakti/airflow/spark_jobs/spark_test.py:8), which has no missing parents
[2020-07-23 14:38:56,790] {logging_mixin.py:112} INFO - [2020-07-23 14:38:56,789] {spark_submit_hook.py:479} INFO - 20/07/23 14:38:56 INFO MemoryStore: Block broadcast_1 stored as values in memory (estimated size 7.4 KiB, free 366.0 MiB)
[2020-07-23 14:38:56,806] {logging_mixin.py:112} INFO - [2020-07-23 14:38:56,805] {spark_submit_hook.py:479} INFO - 20/07/23 14:38:56 INFO MemoryStore: Block broadcast_1_piece0 stored as bytes in memory (estimated size 4.4 KiB, free 366.0 MiB)
[2020-07-23 14:38:56,806] {logging_mixin.py:112} INFO - [2020-07-23 14:38:56,806] {spark_submit_hook.py:479} INFO - 20/07/23 14:38:56 INFO BlockManagerInfo: Added broadcast_1_piece0 in memory on 192.168.43.94:43257 (size: 4.4 KiB, free: 366.3 MiB)
[2020-07-23 14:38:56,807] {logging_mixin.py:112} INFO - [2020-07-23 14:38:56,807] {spark_submit_hook.py:479} INFO - 20/07/23 14:38:56 INFO SparkContext: Created broadcast 1 from broadcast at DAGScheduler.scala:1200
[2020-07-23 14:38:56,858] {logging_mixin.py:112} INFO - [2020-07-23 14:38:56,857] {spark_submit_hook.py:479} INFO - 20/07/23 14:38:56 INFO DAGScheduler: Submitting 1 missing tasks from ResultStage 0 (PythonRDD[2] at collect at /home/bhakti/airflow/spark_jobs/spark_test.py:8) (first 15 tasks are for partitions Vector(0))
[2020-07-23 14:38:56,860] {logging_mixin.py:112} INFO - [2020-07-23 14:38:56,860] {spark_submit_hook.py:479} INFO - 20/07/23 14:38:56 INFO TaskSchedulerImpl: Adding task set 0.0 with 1 tasks
[2020-07-23 14:38:57,041] {logging_mixin.py:112} INFO - [2020-07-23 14:38:57,040] {spark_submit_hook.py:479} INFO - 20/07/23 14:38:57 INFO TaskSetManager: Starting task 0.0 in stage 0.0 (TID 0, 192.168.43.94, executor driver, partition 0, PROCESS_LOCAL, 7388 bytes)
[2020-07-23 14:38:57,074] {logging_mixin.py:112} INFO - [2020-07-23 14:38:57,074] {spark_submit_hook.py:479} INFO - 20/07/23 14:38:57 INFO Executor: Running task 0.0 in stage 0.0 (TID 0)
[2020-07-23 14:38:57,794] {logging_mixin.py:112} INFO - [2020-07-23 14:38:57,794] {spark_submit_hook.py:479} INFO - 20/07/23 14:38:57 INFO HadoopRDD: Input split: file:/home/bhakti/airflow/input_data/sample.csv:0+93
[2020-07-23 14:38:58,709] {logging_mixin.py:112} INFO - [2020-07-23 14:38:58,708] {spark_submit_hook.py:479} INFO - 20/07/23 14:38:58 INFO PythonRunner: Times: total = 871, boot = 829, init = 42, finish = 0
[2020-07-23 14:38:58,772] {logging_mixin.py:112} INFO - [2020-07-23 14:38:58,772] {spark_submit_hook.py:479} INFO - 20/07/23 14:38:58 INFO Executor: Finished task 0.0 in stage 0.0 (TID 0). 1822 bytes result sent to driver
[2020-07-23 14:38:58,791] {logging_mixin.py:112} INFO - [2020-07-23 14:38:58,791] {spark_submit_hook.py:479} INFO - 20/07/23 14:38:58 INFO TaskSetManager: Finished task 0.0 in stage 0.0 (TID 0) in 1796 ms on 192.168.43.94 (executor driver) (1/1)
[2020-07-23 14:38:58,797] {logging_mixin.py:112} INFO - [2020-07-23 14:38:58,797] {spark_submit_hook.py:479} INFO - 20/07/23 14:38:58 INFO TaskSchedulerImpl: Removed TaskSet 0.0, whose tasks have all completed, from pool
[2020-07-23 14:38:58,801] {logging_mixin.py:112} INFO - [2020-07-23 14:38:58,800] {spark_submit_hook.py:479} INFO - 20/07/23 14:38:58 INFO PythonAccumulatorV2: Connected to AccumulatorServer at host: 127.0.0.1 port: 51257
[2020-07-23 14:38:58,813] {logging_mixin.py:112} INFO - [2020-07-23 14:38:58,812] {spark_submit_hook.py:479} INFO - 20/07/23 14:38:58 INFO DAGScheduler: ResultStage 0 (collect at /home/bhakti/airflow/spark_jobs/spark_test.py:8) finished in 2.042 s
[2020-07-23 14:38:58,831] {logging_mixin.py:112} INFO - [2020-07-23 14:38:58,831] {spark_submit_hook.py:479} INFO - 20/07/23 14:38:58 INFO DAGScheduler: Job 0 is finished. Cancelling potential speculative or zombie tasks for this job
[2020-07-23 14:38:58,832] {logging_mixin.py:112} INFO - [2020-07-23 14:38:58,832] {spark_submit_hook.py:479} INFO - 20/07/23 14:38:58 INFO TaskSchedulerImpl: Killing all running tasks in stage 0: Stage finished
[2020-07-23 14:38:58,836] {logging_mixin.py:112} INFO - [2020-07-23 14:38:58,836] {spark_submit_hook.py:479} INFO - 20/07/23 14:38:58 INFO DAGScheduler: Job 0 finished: collect at /home/bhakti/airflow/spark_jobs/spark_test.py:8, took 2.207250 s
[2020-07-23 14:38:58,856] {logging_mixin.py:112} INFO - [2020-07-23 14:38:58,855] {spark_submit_hook.py:479} INFO - [('PERSON', 'JOINING_YEAR', 'COMPANY'), ('John', '2018', 'Google'), ('Sam', '2017', 'IBM'), ('Jeff', '2014', 'Yahoo'), ('Allen', '2015', 'Facebook')]
[2020-07-23 14:38:59,434] {logging_mixin.py:112} INFO - [2020-07-23 14:38:59,433] {spark_submit_hook.py:479} INFO - 20/07/23 14:38:59 INFO BlockManagerInfo: Removed broadcast_1_piece0 on 192.168.43.94:43257 in memory (size: 4.4 KiB, free: 366.3 MiB)
[2020-07-23 14:38:59,488] {logging_mixin.py:112} INFO - [2020-07-23 14:38:59,488] {spark_submit_hook.py:479} INFO - 20/07/23 14:38:59 INFO BlockManagerInfo: Removed broadcast_0_piece0 on 192.168.43.94:43257 in memory (size: 23.4 KiB, free: 366.3 MiB)
[2020-07-23 14:38:59,866] {logging_mixin.py:112} INFO - [2020-07-23 14:38:59,866] {spark_submit_hook.py:479} INFO - 20/07/23 14:38:59 INFO SharedState: Setting hive.metastore.warehouse.dir ('null') to the value of spark.sql.warehouse.dir ('file:/home/bhakti/airflow/spark-warehouse').
[2020-07-23 14:38:59,869] {logging_mixin.py:112} INFO - [2020-07-23 14:38:59,869] {spark_submit_hook.py:479} INFO - 20/07/23 14:38:59 INFO SharedState: Warehouse path is 'file:/home/bhakti/airflow/spark-warehouse'.
[2020-07-23 14:39:07,214] {logging_mixin.py:112} INFO - [2020-07-23 14:39:07,214] {spark_submit_hook.py:479} INFO - 20/07/23 14:39:07 INFO CodeGenerator: Code generated in 358.036336 ms
[2020-07-23 14:39:07,286] {logging_mixin.py:112} INFO - [2020-07-23 14:39:07,286] {spark_submit_hook.py:479} INFO - 20/07/23 14:39:07 INFO SparkContext: Starting job: showString at NativeMethodAccessorImpl.java:0
[2020-07-23 14:39:07,289] {logging_mixin.py:112} INFO - [2020-07-23 14:39:07,289] {spark_submit_hook.py:479} INFO - 20/07/23 14:39:07 INFO DAGScheduler: Got job 1 (showString at NativeMethodAccessorImpl.java:0) with 1 output partitions
[2020-07-23 14:39:07,289] {logging_mixin.py:112} INFO - [2020-07-23 14:39:07,289] {spark_submit_hook.py:479} INFO - 20/07/23 14:39:07 INFO DAGScheduler: Final stage: ResultStage 1 (showString at NativeMethodAccessorImpl.java:0)
[2020-07-23 14:39:07,290] {logging_mixin.py:112} INFO - [2020-07-23 14:39:07,290] {spark_submit_hook.py:479} INFO - 20/07/23 14:39:07 INFO DAGScheduler: Parents of final stage: List()
[2020-07-23 14:39:07,290] {logging_mixin.py:112} INFO - [2020-07-23 14:39:07,290] {spark_submit_hook.py:479} INFO - 20/07/23 14:39:07 INFO DAGScheduler: Missing parents: List()
[2020-07-23 14:39:07,293] {logging_mixin.py:112} INFO - [2020-07-23 14:39:07,292] {spark_submit_hook.py:479} INFO - 20/07/23 14:39:07 INFO DAGScheduler: Submitting ResultStage 1 (MapPartitionsRDD[9] at showString at NativeMethodAccessorImpl.java:0), which has no missing parents
[2020-07-23 14:39:07,329] {logging_mixin.py:112} INFO - [2020-07-23 14:39:07,329] {spark_submit_hook.py:479} INFO - 20/07/23 14:39:07 INFO MemoryStore: Block broadcast_2 stored as values in memory (estimated size 11.2 KiB, free 366.3 MiB)
[2020-07-23 14:39:07,334] {logging_mixin.py:112} INFO - [2020-07-23 14:39:07,333] {spark_submit_hook.py:479} INFO - 20/07/23 14:39:07 INFO MemoryStore: Block broadcast_2_piece0 stored as bytes in memory (estimated size 5.8 KiB, free 366.3 MiB)
[2020-07-23 14:39:07,336] {logging_mixin.py:112} INFO - [2020-07-23 14:39:07,336] {spark_submit_hook.py:479} INFO - 20/07/23 14:39:07 INFO BlockManagerInfo: Added broadcast_2_piece0 in memory on 192.168.43.94:43257 (size: 5.8 KiB, free: 366.3 MiB)
[2020-07-23 14:39:07,338] {logging_mixin.py:112} INFO - [2020-07-23 14:39:07,337] {spark_submit_hook.py:479} INFO - 20/07/23 14:39:07 INFO SparkContext: Created broadcast 2 from broadcast at DAGScheduler.scala:1200
[2020-07-23 14:39:07,340] {logging_mixin.py:112} INFO - [2020-07-23 14:39:07,340] {spark_submit_hook.py:479} INFO - 20/07/23 14:39:07 INFO DAGScheduler: Submitting 1 missing tasks from ResultStage 1 (MapPartitionsRDD[9] at showString at NativeMethodAccessorImpl.java:0) (first 15 tasks are for partitions Vector(0))
[2020-07-23 14:39:07,341] {logging_mixin.py:112} INFO - [2020-07-23 14:39:07,341] {spark_submit_hook.py:479} INFO - 20/07/23 14:39:07 INFO TaskSchedulerImpl: Adding task set 1.0 with 1 tasks
[2020-07-23 14:39:07,365] {logging_mixin.py:112} INFO - [2020-07-23 14:39:07,365] {spark_submit_hook.py:479} INFO - 20/07/23 14:39:07 INFO TaskSetManager: Starting task 0.0 in stage 1.0 (TID 1, 192.168.43.94, executor driver, partition 0, PROCESS_LOCAL, 7493 bytes)
[2020-07-23 14:39:07,368] {logging_mixin.py:112} INFO - [2020-07-23 14:39:07,367] {spark_submit_hook.py:479} INFO - 20/07/23 14:39:07 INFO Executor: Running task 0.0 in stage 1.0 (TID 1)
[2020-07-23 14:39:07,493] {logging_mixin.py:112} INFO - [2020-07-23 14:39:07,493] {spark_submit_hook.py:479} INFO - 20/07/23 14:39:07 INFO PythonRunner: Times: total = 4, boot = -8729, init = 8732, finish = 1
[2020-07-23 14:39:07,498] {logging_mixin.py:112} INFO - [2020-07-23 14:39:07,498] {spark_submit_hook.py:479} INFO - 20/07/23 14:39:07 INFO Executor: Finished task 0.0 in stage 1.0 (TID 1). 2235 bytes result sent to driver
[2020-07-23 14:39:07,502] {logging_mixin.py:112} INFO - [2020-07-23 14:39:07,501] {spark_submit_hook.py:479} INFO - 20/07/23 14:39:07 INFO TaskSetManager: Finished task 0.0 in stage 1.0 (TID 1) in 157 ms on 192.168.43.94 (executor driver) (1/1)
[2020-07-23 14:39:07,502] {logging_mixin.py:112} INFO - [2020-07-23 14:39:07,502] {spark_submit_hook.py:479} INFO - 20/07/23 14:39:07 INFO TaskSchedulerImpl: Removed TaskSet 1.0, whose tasks have all completed, from pool
[2020-07-23 14:39:07,505] {logging_mixin.py:112} INFO - [2020-07-23 14:39:07,505] {spark_submit_hook.py:479} INFO - 20/07/23 14:39:07 INFO DAGScheduler: ResultStage 1 (showString at NativeMethodAccessorImpl.java:0) finished in 0.208 s
[2020-07-23 14:39:07,506] {logging_mixin.py:112} INFO - [2020-07-23 14:39:07,506] {spark_submit_hook.py:479} INFO - 20/07/23 14:39:07 INFO DAGScheduler: Job 1 is finished. Cancelling potential speculative or zombie tasks for this job
[2020-07-23 14:39:07,506] {logging_mixin.py:112} INFO - [2020-07-23 14:39:07,506] {spark_submit_hook.py:479} INFO - 20/07/23 14:39:07 INFO TaskSchedulerImpl: Killing all running tasks in stage 1: Stage finished
[2020-07-23 14:39:07,511] {logging_mixin.py:112} INFO - [2020-07-23 14:39:07,511] {spark_submit_hook.py:479} INFO - 20/07/23 14:39:07 INFO DAGScheduler: Job 1 finished: showString at NativeMethodAccessorImpl.java:0, took 0.219017 s
[2020-07-23 14:39:07,600] {logging_mixin.py:112} INFO - [2020-07-23 14:39:07,600] {spark_submit_hook.py:479} INFO - 20/07/23 14:39:07 INFO CodeGenerator: Code generated in 59.967876 ms
[2020-07-23 14:39:07,630] {logging_mixin.py:112} INFO - [2020-07-23 14:39:07,629] {spark_submit_hook.py:479} INFO - +------+------------+--------+
[2020-07-23 14:39:07,630] {logging_mixin.py:112} INFO - [2020-07-23 14:39:07,630] {spark_submit_hook.py:479} INFO - |    _1|          _2|      _3|
[2020-07-23 14:39:07,631] {logging_mixin.py:112} INFO - [2020-07-23 14:39:07,630] {spark_submit_hook.py:479} INFO - +------+------------+--------+
[2020-07-23 14:39:07,631] {logging_mixin.py:112} INFO - [2020-07-23 14:39:07,631] {spark_submit_hook.py:479} INFO - |PERSON|JOINING_YEAR| COMPANY|
[2020-07-23 14:39:07,631] {logging_mixin.py:112} INFO - [2020-07-23 14:39:07,631] {spark_submit_hook.py:479} INFO - |  John|        2018|  Google|
[2020-07-23 14:39:07,632] {logging_mixin.py:112} INFO - [2020-07-23 14:39:07,631] {spark_submit_hook.py:479} INFO - |   Sam|        2017|     IBM|
[2020-07-23 14:39:07,632] {logging_mixin.py:112} INFO - [2020-07-23 14:39:07,632] {spark_submit_hook.py:479} INFO - |  Jeff|        2014|   Yahoo|
[2020-07-23 14:39:07,632] {logging_mixin.py:112} INFO - [2020-07-23 14:39:07,632] {spark_submit_hook.py:479} INFO - | Allen|        2015|Facebook|
[2020-07-23 14:39:07,632] {logging_mixin.py:112} INFO - [2020-07-23 14:39:07,632] {spark_submit_hook.py:479} INFO - +------+------------+--------+
[2020-07-23 14:39:07,633] {logging_mixin.py:112} INFO - [2020-07-23 14:39:07,633] {spark_submit_hook.py:479} INFO - 
[2020-07-23 14:39:07,722] {logging_mixin.py:112} INFO - [2020-07-23 14:39:07,722] {spark_submit_hook.py:479} INFO - 20/07/23 14:39:07 INFO SparkContext: Invoking stop() from shutdown hook
[2020-07-23 14:39:07,735] {logging_mixin.py:112} INFO - [2020-07-23 14:39:07,734] {spark_submit_hook.py:479} INFO - 20/07/23 14:39:07 INFO SparkUI: Stopped Spark web UI at http://192.168.43.94:4045
[2020-07-23 14:39:07,766] {logging_mixin.py:112} INFO - [2020-07-23 14:39:07,766] {spark_submit_hook.py:479} INFO - 20/07/23 14:39:07 INFO MapOutputTrackerMasterEndpoint: MapOutputTrackerMasterEndpoint stopped!
[2020-07-23 14:39:08,944] {logging_mixin.py:112} INFO - [2020-07-23 14:39:08,944] {spark_submit_hook.py:479} INFO - 20/07/23 14:39:08 INFO MemoryStore: MemoryStore cleared
[2020-07-23 14:39:08,945] {logging_mixin.py:112} INFO - [2020-07-23 14:39:08,945] {spark_submit_hook.py:479} INFO - 20/07/23 14:39:08 INFO BlockManager: BlockManager stopped
[2020-07-23 14:39:08,949] {logging_mixin.py:112} INFO - [2020-07-23 14:39:08,949] {spark_submit_hook.py:479} INFO - 20/07/23 14:39:08 INFO BlockManagerMaster: BlockManagerMaster stopped
[2020-07-23 14:39:08,955] {logging_mixin.py:112} INFO - [2020-07-23 14:39:08,955] {spark_submit_hook.py:479} INFO - 20/07/23 14:39:08 INFO OutputCommitCoordinator$OutputCommitCoordinatorEndpoint: OutputCommitCoordinator stopped!
[2020-07-23 14:39:08,961] {logging_mixin.py:112} INFO - [2020-07-23 14:39:08,961] {spark_submit_hook.py:479} INFO - 20/07/23 14:39:08 INFO SparkContext: Successfully stopped SparkContext
[2020-07-23 14:39:08,962] {logging_mixin.py:112} INFO - [2020-07-23 14:39:08,962] {spark_submit_hook.py:479} INFO - 20/07/23 14:39:08 INFO ShutdownHookManager: Shutdown hook called
[2020-07-23 14:39:08,964] {logging_mixin.py:112} INFO - [2020-07-23 14:39:08,964] {spark_submit_hook.py:479} INFO - 20/07/23 14:39:08 INFO ShutdownHookManager: Deleting directory /tmp/spark-a0618428-24e3-47f7-a5d1-4c9567236c88/pyspark-3e463e07-63f4-44b3-b19e-d3c25234ad66
[2020-07-23 14:39:08,972] {logging_mixin.py:112} INFO - [2020-07-23 14:39:08,972] {spark_submit_hook.py:479} INFO - 20/07/23 14:39:08 INFO ShutdownHookManager: Deleting directory /tmp/spark-9ddc9de2-03f7-434f-8226-e3eb9e9d82a2
[2020-07-23 14:39:08,974] {logging_mixin.py:112} INFO - [2020-07-23 14:39:08,974] {spark_submit_hook.py:479} INFO - 20/07/23 14:39:08 INFO ShutdownHookManager: Deleting directory /tmp/spark-a0618428-24e3-47f7-a5d1-4c9567236c88
[2020-07-23 14:39:09,040] {taskinstance.py:1052} INFO - Marking task as SUCCESS.dag_id=submit_data, task_id=spark_submit, execution_date=20200721T000300, start_date=20200723T090847, end_date=20200723T090909
[2020-07-23 14:39:10,986] {logging_mixin.py:112} INFO - [2020-07-23 14:39:10,985] {local_task_job.py:103} INFO - Task exited with return code 0
