[2020-07-22 17:45:19,196] {taskinstance.py:669} INFO - Dependencies all met for <TaskInstance: submit_data.spark_submit 2020-07-20T08:08:00+00:00 [queued]>
[2020-07-22 17:45:19,216] {taskinstance.py:669} INFO - Dependencies all met for <TaskInstance: submit_data.spark_submit 2020-07-20T08:08:00+00:00 [queued]>
[2020-07-22 17:45:19,216] {taskinstance.py:879} INFO - 
--------------------------------------------------------------------------------
[2020-07-22 17:45:19,216] {taskinstance.py:880} INFO - Starting attempt 1 of 1
[2020-07-22 17:45:19,216] {taskinstance.py:881} INFO - 
--------------------------------------------------------------------------------
[2020-07-22 17:45:19,356] {taskinstance.py:900} INFO - Executing <Task(SparkSubmitOperator): spark_submit> on 2020-07-20T08:08:00+00:00
[2020-07-22 17:45:19,361] {standard_task_runner.py:53} INFO - Started process 675772 to run task
[2020-07-22 17:45:19,522] {logging_mixin.py:112} INFO - Running %s on host %s <TaskInstance: submit_data.spark_submit 2020-07-20T08:08:00+00:00 [running]> bhakti-Vostro-3558
[2020-07-22 17:45:19,546] {logging_mixin.py:112} INFO - [2020-07-22 17:45:19,545] {base_hook.py:87} INFO - Using connection to: id: spark_local. Host: local, Port: None, Schema: None, Login: None, Password: None, extra: None
[2020-07-22 17:45:19,547] {logging_mixin.py:112} INFO - [2020-07-22 17:45:19,547] {spark_submit_hook.py:325} INFO - Spark-Submit cmd: spark-submit --master local --name airflow-spark /home/bhakti/airflow/spark_jobs/spark_test.py
[2020-07-22 17:45:21,521] {logging_mixin.py:112} INFO - [2020-07-22 17:45:21,520] {spark_submit_hook.py:479} INFO - 20/07/22 17:45:21 WARN Utils: Your hostname, bhakti-Vostro-3558 resolves to a loopback address: 127.0.1.1; using 192.168.43.94 instead (on interface wlp6s0)
[2020-07-22 17:45:21,522] {logging_mixin.py:112} INFO - [2020-07-22 17:45:21,521] {spark_submit_hook.py:479} INFO - 20/07/22 17:45:21 WARN Utils: Set SPARK_LOCAL_IP if you need to bind to another address
[2020-07-22 17:45:25,425] {logging_mixin.py:112} INFO - [2020-07-22 17:45:25,425] {spark_submit_hook.py:479} INFO - 20/07/22 17:45:25 WARN NativeCodeLoader: Unable to load native-hadoop library for your platform... using builtin-java classes where applicable
[2020-07-22 17:45:27,409] {logging_mixin.py:112} INFO - [2020-07-22 17:45:27,409] {spark_submit_hook.py:479} INFO - Using Spark's default log4j profile: org/apache/spark/log4j-defaults.properties
[2020-07-22 17:45:27,436] {logging_mixin.py:112} INFO - [2020-07-22 17:45:27,436] {spark_submit_hook.py:479} INFO - 20/07/22 17:45:27 INFO SparkContext: Running Spark version 3.0.0
[2020-07-22 17:45:27,548] {logging_mixin.py:112} INFO - [2020-07-22 17:45:27,548] {spark_submit_hook.py:479} INFO - 20/07/22 17:45:27 INFO ResourceUtils: ==============================================================
[2020-07-22 17:45:27,552] {logging_mixin.py:112} INFO - [2020-07-22 17:45:27,552] {spark_submit_hook.py:479} INFO - 20/07/22 17:45:27 INFO ResourceUtils: Resources for spark.driver:
[2020-07-22 17:45:27,552] {logging_mixin.py:112} INFO - [2020-07-22 17:45:27,552] {spark_submit_hook.py:479} INFO - 
[2020-07-22 17:45:27,553] {logging_mixin.py:112} INFO - [2020-07-22 17:45:27,553] {spark_submit_hook.py:479} INFO - 20/07/22 17:45:27 INFO ResourceUtils: ==============================================================
[2020-07-22 17:45:27,554] {logging_mixin.py:112} INFO - [2020-07-22 17:45:27,554] {spark_submit_hook.py:479} INFO - 20/07/22 17:45:27 INFO SparkContext: Submitted application: Spark_Test_Python
[2020-07-22 17:45:27,669] {logging_mixin.py:112} INFO - [2020-07-22 17:45:27,669] {spark_submit_hook.py:479} INFO - 20/07/22 17:45:27 INFO SecurityManager: Changing view acls to: bhakti
[2020-07-22 17:45:27,669] {logging_mixin.py:112} INFO - [2020-07-22 17:45:27,669] {spark_submit_hook.py:479} INFO - 20/07/22 17:45:27 INFO SecurityManager: Changing modify acls to: bhakti
[2020-07-22 17:45:27,670] {logging_mixin.py:112} INFO - [2020-07-22 17:45:27,669] {spark_submit_hook.py:479} INFO - 20/07/22 17:45:27 INFO SecurityManager: Changing view acls groups to:
[2020-07-22 17:45:27,670] {logging_mixin.py:112} INFO - [2020-07-22 17:45:27,670] {spark_submit_hook.py:479} INFO - 20/07/22 17:45:27 INFO SecurityManager: Changing modify acls groups to:
[2020-07-22 17:45:27,670] {logging_mixin.py:112} INFO - [2020-07-22 17:45:27,670] {spark_submit_hook.py:479} INFO - 20/07/22 17:45:27 INFO SecurityManager: SecurityManager: authentication disabled; ui acls disabled; users  with view permissions: Set(bhakti); groups with view permissions: Set(); users  with modify permissions: Set(bhakti); groups with modify permissions: Set()
[2020-07-22 17:45:28,612] {logging_mixin.py:112} INFO - [2020-07-22 17:45:28,612] {spark_submit_hook.py:479} INFO - 20/07/22 17:45:28 INFO Utils: Successfully started service 'sparkDriver' on port 40279.
[2020-07-22 17:45:28,794] {logging_mixin.py:112} INFO - [2020-07-22 17:45:28,794] {spark_submit_hook.py:479} INFO - 20/07/22 17:45:28 INFO SparkEnv: Registering MapOutputTracker
[2020-07-22 17:45:29,031] {logging_mixin.py:112} INFO - [2020-07-22 17:45:29,030] {spark_submit_hook.py:479} INFO - 20/07/22 17:45:29 INFO SparkEnv: Registering BlockManagerMaster
[2020-07-22 17:45:29,097] {logging_mixin.py:112} INFO - [2020-07-22 17:45:29,097] {spark_submit_hook.py:479} INFO - 20/07/22 17:45:29 INFO BlockManagerMasterEndpoint: Using org.apache.spark.storage.DefaultTopologyMapper for getting topology information
[2020-07-22 17:45:29,097] {logging_mixin.py:112} INFO - [2020-07-22 17:45:29,097] {spark_submit_hook.py:479} INFO - 20/07/22 17:45:29 INFO BlockManagerMasterEndpoint: BlockManagerMasterEndpoint up
[2020-07-22 17:45:29,098] {logging_mixin.py:112} INFO - [2020-07-22 17:45:29,098] {spark_submit_hook.py:479} INFO - 20/07/22 17:45:29 INFO SparkEnv: Registering BlockManagerMasterHeartbeat
[2020-07-22 17:45:29,165] {logging_mixin.py:112} INFO - [2020-07-22 17:45:29,165] {spark_submit_hook.py:479} INFO - 20/07/22 17:45:29 INFO DiskBlockManager: Created local directory at /tmp/blockmgr-7bc09921-d375-41a7-8bb4-f4a4da387464
[2020-07-22 17:45:29,223] {logging_mixin.py:112} INFO - [2020-07-22 17:45:29,223] {spark_submit_hook.py:479} INFO - 20/07/22 17:45:29 INFO MemoryStore: MemoryStore started with capacity 366.3 MiB
[2020-07-22 17:45:29,279] {logging_mixin.py:112} INFO - [2020-07-22 17:45:29,279] {spark_submit_hook.py:479} INFO - 20/07/22 17:45:29 INFO SparkEnv: Registering OutputCommitCoordinator
[2020-07-22 17:45:30,227] {logging_mixin.py:112} INFO - [2020-07-22 17:45:30,227] {spark_submit_hook.py:479} INFO - 20/07/22 17:45:30 WARN Utils: Service 'SparkUI' could not bind on port 4040. Attempting port 4041.
[2020-07-22 17:45:30,228] {logging_mixin.py:112} INFO - [2020-07-22 17:45:30,227] {spark_submit_hook.py:479} INFO - 20/07/22 17:45:30 WARN Utils: Service 'SparkUI' could not bind on port 4041. Attempting port 4042.
[2020-07-22 17:45:30,246] {logging_mixin.py:112} INFO - [2020-07-22 17:45:30,246] {spark_submit_hook.py:479} INFO - 20/07/22 17:45:30 INFO Utils: Successfully started service 'SparkUI' on port 4042.
[2020-07-22 17:45:30,484] {logging_mixin.py:112} INFO - [2020-07-22 17:45:30,484] {spark_submit_hook.py:479} INFO - 20/07/22 17:45:30 INFO SparkUI: Bound SparkUI to 0.0.0.0, and started at http://192.168.43.94:4042
[2020-07-22 17:45:31,399] {logging_mixin.py:112} INFO - [2020-07-22 17:45:31,398] {spark_submit_hook.py:479} INFO - 20/07/22 17:45:31 INFO Executor: Starting executor ID driver on host 192.168.43.94
[2020-07-22 17:45:31,460] {logging_mixin.py:112} INFO - [2020-07-22 17:45:31,460] {spark_submit_hook.py:479} INFO - 20/07/22 17:45:31 INFO Utils: Successfully started service 'org.apache.spark.network.netty.NettyBlockTransferService' on port 34111.
[2020-07-22 17:45:31,461] {logging_mixin.py:112} INFO - [2020-07-22 17:45:31,461] {spark_submit_hook.py:479} INFO - 20/07/22 17:45:31 INFO NettyBlockTransferService: Server created on 192.168.43.94:34111
[2020-07-22 17:45:31,465] {logging_mixin.py:112} INFO - [2020-07-22 17:45:31,465] {spark_submit_hook.py:479} INFO - 20/07/22 17:45:31 INFO BlockManager: Using org.apache.spark.storage.RandomBlockReplicationPolicy for block replication policy
[2020-07-22 17:45:31,487] {logging_mixin.py:112} INFO - [2020-07-22 17:45:31,486] {spark_submit_hook.py:479} INFO - 20/07/22 17:45:31 INFO BlockManagerMaster: Registering BlockManager BlockManagerId(driver, 192.168.43.94, 34111, None)
[2020-07-22 17:45:31,494] {logging_mixin.py:112} INFO - [2020-07-22 17:45:31,493] {spark_submit_hook.py:479} INFO - 20/07/22 17:45:31 INFO BlockManagerMasterEndpoint: Registering block manager 192.168.43.94:34111 with 366.3 MiB RAM, BlockManagerId(driver, 192.168.43.94, 34111, None)
[2020-07-22 17:45:31,500] {logging_mixin.py:112} INFO - [2020-07-22 17:45:31,500] {spark_submit_hook.py:479} INFO - 20/07/22 17:45:31 INFO BlockManagerMaster: Registered BlockManager BlockManagerId(driver, 192.168.43.94, 34111, None)
[2020-07-22 17:45:31,503] {logging_mixin.py:112} INFO - [2020-07-22 17:45:31,503] {spark_submit_hook.py:479} INFO - 20/07/22 17:45:31 INFO BlockManager: Initialized BlockManager: BlockManagerId(driver, 192.168.43.94, 34111, None)
[2020-07-22 17:45:34,476] {logging_mixin.py:112} INFO - [2020-07-22 17:45:34,476] {spark_submit_hook.py:479} INFO - 20/07/22 17:45:34 INFO MemoryStore: Block broadcast_0 stored as values in memory (estimated size 241.5 KiB, free 366.1 MiB)
[2020-07-22 17:45:34,668] {logging_mixin.py:112} INFO - [2020-07-22 17:45:34,667] {spark_submit_hook.py:479} INFO - 20/07/22 17:45:34 INFO MemoryStore: Block broadcast_0_piece0 stored as bytes in memory (estimated size 23.4 KiB, free 366.0 MiB)
[2020-07-22 17:45:34,675] {logging_mixin.py:112} INFO - [2020-07-22 17:45:34,675] {spark_submit_hook.py:479} INFO - 20/07/22 17:45:34 INFO BlockManagerInfo: Added broadcast_0_piece0 in memory on 192.168.43.94:34111 (size: 23.4 KiB, free: 366.3 MiB)
[2020-07-22 17:45:34,693] {logging_mixin.py:112} INFO - [2020-07-22 17:45:34,692] {spark_submit_hook.py:479} INFO - 20/07/22 17:45:34 INFO SparkContext: Created broadcast 0 from textFile at NativeMethodAccessorImpl.java:0
[2020-07-22 17:45:35,527] {logging_mixin.py:112} INFO - [2020-07-22 17:45:35,527] {spark_submit_hook.py:479} INFO - 20/07/22 17:45:35 INFO FileInputFormat: Total input paths to process : 1
[2020-07-22 17:45:35,811] {logging_mixin.py:112} INFO - [2020-07-22 17:45:35,811] {spark_submit_hook.py:479} INFO - 20/07/22 17:45:35 INFO SparkContext: Starting job: collect at /home/bhakti/airflow/spark_jobs/spark_test.py:8
[2020-07-22 17:45:35,897] {logging_mixin.py:112} INFO - [2020-07-22 17:45:35,896] {spark_submit_hook.py:479} INFO - 20/07/22 17:45:35 INFO DAGScheduler: Got job 0 (collect at /home/bhakti/airflow/spark_jobs/spark_test.py:8) with 1 output partitions
[2020-07-22 17:45:35,898] {logging_mixin.py:112} INFO - [2020-07-22 17:45:35,897] {spark_submit_hook.py:479} INFO - 20/07/22 17:45:35 INFO DAGScheduler: Final stage: ResultStage 0 (collect at /home/bhakti/airflow/spark_jobs/spark_test.py:8)
[2020-07-22 17:45:35,939] {logging_mixin.py:112} INFO - [2020-07-22 17:45:35,939] {spark_submit_hook.py:479} INFO - 20/07/22 17:45:35 INFO DAGScheduler: Parents of final stage: List()
[2020-07-22 17:45:35,939] {logging_mixin.py:112} INFO - [2020-07-22 17:45:35,939] {spark_submit_hook.py:479} INFO - 20/07/22 17:45:35 INFO DAGScheduler: Missing parents: List()
[2020-07-22 17:45:35,987] {logging_mixin.py:112} INFO - [2020-07-22 17:45:35,987] {spark_submit_hook.py:479} INFO - 20/07/22 17:45:35 INFO DAGScheduler: Submitting ResultStage 0 (PythonRDD[2] at collect at /home/bhakti/airflow/spark_jobs/spark_test.py:8), which has no missing parents
[2020-07-22 17:45:36,192] {logging_mixin.py:112} INFO - [2020-07-22 17:45:36,192] {spark_submit_hook.py:479} INFO - 20/07/22 17:45:36 INFO MemoryStore: Block broadcast_1 stored as values in memory (estimated size 7.4 KiB, free 366.0 MiB)
[2020-07-22 17:45:36,230] {logging_mixin.py:112} INFO - [2020-07-22 17:45:36,230] {spark_submit_hook.py:479} INFO - 20/07/22 17:45:36 INFO MemoryStore: Block broadcast_1_piece0 stored as bytes in memory (estimated size 4.4 KiB, free 366.0 MiB)
[2020-07-22 17:45:36,232] {logging_mixin.py:112} INFO - [2020-07-22 17:45:36,232] {spark_submit_hook.py:479} INFO - 20/07/22 17:45:36 INFO BlockManagerInfo: Added broadcast_1_piece0 in memory on 192.168.43.94:34111 (size: 4.4 KiB, free: 366.3 MiB)
[2020-07-22 17:45:36,244] {logging_mixin.py:112} INFO - [2020-07-22 17:45:36,244] {spark_submit_hook.py:479} INFO - 20/07/22 17:45:36 INFO SparkContext: Created broadcast 1 from broadcast at DAGScheduler.scala:1200
[2020-07-22 17:45:36,356] {logging_mixin.py:112} INFO - [2020-07-22 17:45:36,355] {spark_submit_hook.py:479} INFO - 20/07/22 17:45:36 INFO DAGScheduler: Submitting 1 missing tasks from ResultStage 0 (PythonRDD[2] at collect at /home/bhakti/airflow/spark_jobs/spark_test.py:8) (first 15 tasks are for partitions Vector(0))
[2020-07-22 17:45:36,358] {logging_mixin.py:112} INFO - [2020-07-22 17:45:36,357] {spark_submit_hook.py:479} INFO - 20/07/22 17:45:36 INFO TaskSchedulerImpl: Adding task set 0.0 with 1 tasks
[2020-07-22 17:45:36,606] {logging_mixin.py:112} INFO - [2020-07-22 17:45:36,606] {spark_submit_hook.py:479} INFO - 20/07/22 17:45:36 INFO TaskSetManager: Starting task 0.0 in stage 0.0 (TID 0, 192.168.43.94, executor driver, partition 0, PROCESS_LOCAL, 7388 bytes)
[2020-07-22 17:45:36,707] {logging_mixin.py:112} INFO - [2020-07-22 17:45:36,707] {spark_submit_hook.py:479} INFO - 20/07/22 17:45:36 INFO Executor: Running task 0.0 in stage 0.0 (TID 0)
[2020-07-22 17:45:37,846] {logging_mixin.py:112} INFO - [2020-07-22 17:45:37,845] {spark_submit_hook.py:479} INFO - 20/07/22 17:45:37 INFO HadoopRDD: Input split: file:/home/bhakti/airflow/input_data/sample.csv:0+93
[2020-07-22 17:45:39,291] {logging_mixin.py:112} INFO - [2020-07-22 17:45:39,290] {spark_submit_hook.py:479} INFO - 20/07/22 17:45:39 INFO PythonRunner: Times: total = 1402, boot = 1377, init = 25, finish = 0
[2020-07-22 17:45:39,358] {logging_mixin.py:112} INFO - [2020-07-22 17:45:39,358] {spark_submit_hook.py:479} INFO - 20/07/22 17:45:39 INFO Executor: Finished task 0.0 in stage 0.0 (TID 0). 1779 bytes result sent to driver
[2020-07-22 17:45:39,386] {logging_mixin.py:112} INFO - [2020-07-22 17:45:39,386] {spark_submit_hook.py:479} INFO - 20/07/22 17:45:39 INFO TaskSetManager: Finished task 0.0 in stage 0.0 (TID 0) in 2831 ms on 192.168.43.94 (executor driver) (1/1)
[2020-07-22 17:45:39,393] {logging_mixin.py:112} INFO - [2020-07-22 17:45:39,393] {spark_submit_hook.py:479} INFO - 20/07/22 17:45:39 INFO TaskSchedulerImpl: Removed TaskSet 0.0, whose tasks have all completed, from pool
[2020-07-22 17:45:39,404] {logging_mixin.py:112} INFO - [2020-07-22 17:45:39,403] {spark_submit_hook.py:479} INFO - 20/07/22 17:45:39 INFO PythonAccumulatorV2: Connected to AccumulatorServer at host: 127.0.0.1 port: 53005
[2020-07-22 17:45:39,423] {logging_mixin.py:112} INFO - [2020-07-22 17:45:39,423] {spark_submit_hook.py:479} INFO - 20/07/22 17:45:39 INFO DAGScheduler: ResultStage 0 (collect at /home/bhakti/airflow/spark_jobs/spark_test.py:8) finished in 3.321 s
[2020-07-22 17:45:39,438] {logging_mixin.py:112} INFO - [2020-07-22 17:45:39,437] {spark_submit_hook.py:479} INFO - 20/07/22 17:45:39 INFO DAGScheduler: Job 0 is finished. Cancelling potential speculative or zombie tasks for this job
[2020-07-22 17:45:39,439] {logging_mixin.py:112} INFO - [2020-07-22 17:45:39,438] {spark_submit_hook.py:479} INFO - 20/07/22 17:45:39 INFO TaskSchedulerImpl: Killing all running tasks in stage 0: Stage finished
[2020-07-22 17:45:39,444] {logging_mixin.py:112} INFO - [2020-07-22 17:45:39,444] {spark_submit_hook.py:479} INFO - 20/07/22 17:45:39 INFO DAGScheduler: Job 0 finished: collect at /home/bhakti/airflow/spark_jobs/spark_test.py:8, took 3.631617 s
[2020-07-22 17:45:39,480] {logging_mixin.py:112} INFO - [2020-07-22 17:45:39,480] {spark_submit_hook.py:479} INFO - [('PERSON', 'JOINING_YEAR', 'COMPANY'), ('John', '2018', 'Google'), ('Sam', '2017', 'IBM'), ('Jeff', '2014', 'Yahoo'), ('Allen', '2015', 'Facebook')]
[2020-07-22 17:45:40,733] {logging_mixin.py:112} INFO - [2020-07-22 17:45:40,732] {spark_submit_hook.py:479} INFO - 20/07/22 17:45:40 INFO BlockManagerInfo: Removed broadcast_0_piece0 on 192.168.43.94:34111 in memory (size: 23.4 KiB, free: 366.3 MiB)
[2020-07-22 17:45:40,816] {logging_mixin.py:112} INFO - [2020-07-22 17:45:40,816] {spark_submit_hook.py:479} INFO - 20/07/22 17:45:40 INFO BlockManagerInfo: Removed broadcast_1_piece0 on 192.168.43.94:34111 in memory (size: 4.4 KiB, free: 366.3 MiB)
[2020-07-22 17:45:41,010] {logging_mixin.py:112} INFO - [2020-07-22 17:45:41,009] {spark_submit_hook.py:479} INFO - 20/07/22 17:45:41 INFO SharedState: Setting hive.metastore.warehouse.dir ('null') to the value of spark.sql.warehouse.dir ('file:/home/bhakti/airflow/spark-warehouse').
[2020-07-22 17:45:41,011] {logging_mixin.py:112} INFO - [2020-07-22 17:45:41,011] {spark_submit_hook.py:479} INFO - 20/07/22 17:45:41 INFO SharedState: Warehouse path is 'file:/home/bhakti/airflow/spark-warehouse'.
[2020-07-22 17:45:46,759] {logging_mixin.py:112} INFO - [2020-07-22 17:45:46,759] {spark_submit_hook.py:479} INFO - 20/07/22 17:45:46 INFO CodeGenerator: Code generated in 332.213098 ms
[2020-07-22 17:45:46,824] {logging_mixin.py:112} INFO - [2020-07-22 17:45:46,823] {spark_submit_hook.py:479} INFO - 20/07/22 17:45:46 INFO SparkContext: Starting job: showString at NativeMethodAccessorImpl.java:0
[2020-07-22 17:45:46,827] {logging_mixin.py:112} INFO - [2020-07-22 17:45:46,826] {spark_submit_hook.py:479} INFO - 20/07/22 17:45:46 INFO DAGScheduler: Got job 1 (showString at NativeMethodAccessorImpl.java:0) with 1 output partitions
[2020-07-22 17:45:46,827] {logging_mixin.py:112} INFO - [2020-07-22 17:45:46,827] {spark_submit_hook.py:479} INFO - 20/07/22 17:45:46 INFO DAGScheduler: Final stage: ResultStage 1 (showString at NativeMethodAccessorImpl.java:0)
[2020-07-22 17:45:46,828] {logging_mixin.py:112} INFO - [2020-07-22 17:45:46,827] {spark_submit_hook.py:479} INFO - 20/07/22 17:45:46 INFO DAGScheduler: Parents of final stage: List()
[2020-07-22 17:45:46,828] {logging_mixin.py:112} INFO - [2020-07-22 17:45:46,828] {spark_submit_hook.py:479} INFO - 20/07/22 17:45:46 INFO DAGScheduler: Missing parents: List()
[2020-07-22 17:45:46,830] {logging_mixin.py:112} INFO - [2020-07-22 17:45:46,830] {spark_submit_hook.py:479} INFO - 20/07/22 17:45:46 INFO DAGScheduler: Submitting ResultStage 1 (MapPartitionsRDD[9] at showString at NativeMethodAccessorImpl.java:0), which has no missing parents
[2020-07-22 17:45:46,857] {logging_mixin.py:112} INFO - [2020-07-22 17:45:46,857] {spark_submit_hook.py:479} INFO - 20/07/22 17:45:46 INFO MemoryStore: Block broadcast_2 stored as values in memory (estimated size 11.2 KiB, free 366.3 MiB)
[2020-07-22 17:45:46,861] {logging_mixin.py:112} INFO - [2020-07-22 17:45:46,861] {spark_submit_hook.py:479} INFO - 20/07/22 17:45:46 INFO MemoryStore: Block broadcast_2_piece0 stored as bytes in memory (estimated size 5.8 KiB, free 366.3 MiB)
[2020-07-22 17:45:46,862] {logging_mixin.py:112} INFO - [2020-07-22 17:45:46,862] {spark_submit_hook.py:479} INFO - 20/07/22 17:45:46 INFO BlockManagerInfo: Added broadcast_2_piece0 in memory on 192.168.43.94:34111 (size: 5.8 KiB, free: 366.3 MiB)
[2020-07-22 17:45:46,863] {logging_mixin.py:112} INFO - [2020-07-22 17:45:46,863] {spark_submit_hook.py:479} INFO - 20/07/22 17:45:46 INFO SparkContext: Created broadcast 2 from broadcast at DAGScheduler.scala:1200
[2020-07-22 17:45:46,864] {logging_mixin.py:112} INFO - [2020-07-22 17:45:46,864] {spark_submit_hook.py:479} INFO - 20/07/22 17:45:46 INFO DAGScheduler: Submitting 1 missing tasks from ResultStage 1 (MapPartitionsRDD[9] at showString at NativeMethodAccessorImpl.java:0) (first 15 tasks are for partitions Vector(0))
[2020-07-22 17:45:46,865] {logging_mixin.py:112} INFO - [2020-07-22 17:45:46,865] {spark_submit_hook.py:479} INFO - 20/07/22 17:45:46 INFO TaskSchedulerImpl: Adding task set 1.0 with 1 tasks
[2020-07-22 17:45:46,884] {logging_mixin.py:112} INFO - [2020-07-22 17:45:46,883] {spark_submit_hook.py:479} INFO - 20/07/22 17:45:46 INFO TaskSetManager: Starting task 0.0 in stage 1.0 (TID 1, 192.168.43.94, executor driver, partition 0, PROCESS_LOCAL, 7493 bytes)
[2020-07-22 17:45:46,884] {logging_mixin.py:112} INFO - [2020-07-22 17:45:46,884] {spark_submit_hook.py:479} INFO - 20/07/22 17:45:46 INFO Executor: Running task 0.0 in stage 1.0 (TID 1)
[2020-07-22 17:45:46,974] {logging_mixin.py:112} INFO - [2020-07-22 17:45:46,974] {spark_submit_hook.py:479} INFO - 20/07/22 17:45:46 INFO PythonRunner: Times: total = 5, boot = -7641, init = 7646, finish = 0
[2020-07-22 17:45:46,981] {logging_mixin.py:112} INFO - [2020-07-22 17:45:46,981] {spark_submit_hook.py:479} INFO - 20/07/22 17:45:46 INFO Executor: Finished task 0.0 in stage 1.0 (TID 1). 2192 bytes result sent to driver
[2020-07-22 17:45:46,986] {logging_mixin.py:112} INFO - [2020-07-22 17:45:46,986] {spark_submit_hook.py:479} INFO - 20/07/22 17:45:46 INFO TaskSetManager: Finished task 0.0 in stage 1.0 (TID 1) in 120 ms on 192.168.43.94 (executor driver) (1/1)
[2020-07-22 17:45:46,987] {logging_mixin.py:112} INFO - [2020-07-22 17:45:46,986] {spark_submit_hook.py:479} INFO - 20/07/22 17:45:46 INFO TaskSchedulerImpl: Removed TaskSet 1.0, whose tasks have all completed, from pool
[2020-07-22 17:45:46,989] {logging_mixin.py:112} INFO - [2020-07-22 17:45:46,989] {spark_submit_hook.py:479} INFO - 20/07/22 17:45:46 INFO DAGScheduler: ResultStage 1 (showString at NativeMethodAccessorImpl.java:0) finished in 0.149 s
[2020-07-22 17:45:46,989] {logging_mixin.py:112} INFO - [2020-07-22 17:45:46,989] {spark_submit_hook.py:479} INFO - 20/07/22 17:45:46 INFO DAGScheduler: Job 1 is finished. Cancelling potential speculative or zombie tasks for this job
[2020-07-22 17:45:46,990] {logging_mixin.py:112} INFO - [2020-07-22 17:45:46,990] {spark_submit_hook.py:479} INFO - 20/07/22 17:45:46 INFO TaskSchedulerImpl: Killing all running tasks in stage 1: Stage finished
[2020-07-22 17:45:46,995] {logging_mixin.py:112} INFO - [2020-07-22 17:45:46,995] {spark_submit_hook.py:479} INFO - 20/07/22 17:45:46 INFO DAGScheduler: Job 1 finished: showString at NativeMethodAccessorImpl.java:0, took 0.165700 s
[2020-07-22 17:45:47,110] {logging_mixin.py:112} INFO - [2020-07-22 17:45:47,110] {spark_submit_hook.py:479} INFO - 20/07/22 17:45:47 INFO CodeGenerator: Code generated in 66.441428 ms
[2020-07-22 17:45:47,133] {logging_mixin.py:112} INFO - [2020-07-22 17:45:47,133] {spark_submit_hook.py:479} INFO - +------+------------+--------+
[2020-07-22 17:45:47,133] {logging_mixin.py:112} INFO - [2020-07-22 17:45:47,133] {spark_submit_hook.py:479} INFO - |    _1|          _2|      _3|
[2020-07-22 17:45:47,133] {logging_mixin.py:112} INFO - [2020-07-22 17:45:47,133] {spark_submit_hook.py:479} INFO - +------+------------+--------+
[2020-07-22 17:45:47,133] {logging_mixin.py:112} INFO - [2020-07-22 17:45:47,133] {spark_submit_hook.py:479} INFO - |PERSON|JOINING_YEAR| COMPANY|
[2020-07-22 17:45:47,134] {logging_mixin.py:112} INFO - [2020-07-22 17:45:47,133] {spark_submit_hook.py:479} INFO - |  John|        2018|  Google|
[2020-07-22 17:45:47,134] {logging_mixin.py:112} INFO - [2020-07-22 17:45:47,134] {spark_submit_hook.py:479} INFO - |   Sam|        2017|     IBM|
[2020-07-22 17:45:47,134] {logging_mixin.py:112} INFO - [2020-07-22 17:45:47,134] {spark_submit_hook.py:479} INFO - |  Jeff|        2014|   Yahoo|
[2020-07-22 17:45:47,134] {logging_mixin.py:112} INFO - [2020-07-22 17:45:47,134] {spark_submit_hook.py:479} INFO - | Allen|        2015|Facebook|
[2020-07-22 17:45:47,134] {logging_mixin.py:112} INFO - [2020-07-22 17:45:47,134] {spark_submit_hook.py:479} INFO - +------+------------+--------+
[2020-07-22 17:45:47,134] {logging_mixin.py:112} INFO - [2020-07-22 17:45:47,134] {spark_submit_hook.py:479} INFO - 
[2020-07-22 17:45:47,251] {logging_mixin.py:112} INFO - [2020-07-22 17:45:47,251] {spark_submit_hook.py:479} INFO - 20/07/22 17:45:47 INFO SparkContext: Invoking stop() from shutdown hook
[2020-07-22 17:45:47,260] {logging_mixin.py:112} INFO - [2020-07-22 17:45:47,260] {spark_submit_hook.py:479} INFO - 20/07/22 17:45:47 INFO SparkUI: Stopped Spark web UI at http://192.168.43.94:4042
[2020-07-22 17:45:47,278] {logging_mixin.py:112} INFO - [2020-07-22 17:45:47,277] {spark_submit_hook.py:479} INFO - 20/07/22 17:45:47 INFO MapOutputTrackerMasterEndpoint: MapOutputTrackerMasterEndpoint stopped!
[2020-07-22 17:45:47,300] {logging_mixin.py:112} INFO - [2020-07-22 17:45:47,300] {spark_submit_hook.py:479} INFO - 20/07/22 17:45:47 INFO MemoryStore: MemoryStore cleared
[2020-07-22 17:45:47,301] {logging_mixin.py:112} INFO - [2020-07-22 17:45:47,301] {spark_submit_hook.py:479} INFO - 20/07/22 17:45:47 INFO BlockManager: BlockManager stopped
[2020-07-22 17:45:47,306] {logging_mixin.py:112} INFO - [2020-07-22 17:45:47,305] {spark_submit_hook.py:479} INFO - 20/07/22 17:45:47 INFO BlockManagerMaster: BlockManagerMaster stopped
[2020-07-22 17:45:47,311] {logging_mixin.py:112} INFO - [2020-07-22 17:45:47,310] {spark_submit_hook.py:479} INFO - 20/07/22 17:45:47 INFO OutputCommitCoordinator$OutputCommitCoordinatorEndpoint: OutputCommitCoordinator stopped!
[2020-07-22 17:45:47,320] {logging_mixin.py:112} INFO - [2020-07-22 17:45:47,319] {spark_submit_hook.py:479} INFO - 20/07/22 17:45:47 INFO SparkContext: Successfully stopped SparkContext
[2020-07-22 17:45:47,320] {logging_mixin.py:112} INFO - [2020-07-22 17:45:47,320] {spark_submit_hook.py:479} INFO - 20/07/22 17:45:47 INFO ShutdownHookManager: Shutdown hook called
[2020-07-22 17:45:47,322] {logging_mixin.py:112} INFO - [2020-07-22 17:45:47,322] {spark_submit_hook.py:479} INFO - 20/07/22 17:45:47 INFO ShutdownHookManager: Deleting directory /tmp/spark-753f5e6a-56f6-4463-b0d0-a8e120d85d18
[2020-07-22 17:45:47,327] {logging_mixin.py:112} INFO - [2020-07-22 17:45:47,327] {spark_submit_hook.py:479} INFO - 20/07/22 17:45:47 INFO ShutdownHookManager: Deleting directory /tmp/spark-753f5e6a-56f6-4463-b0d0-a8e120d85d18/pyspark-5a8e1585-63cc-4a4c-8cd1-24d2cf60c58b
[2020-07-22 17:45:47,334] {logging_mixin.py:112} INFO - [2020-07-22 17:45:47,333] {spark_submit_hook.py:479} INFO - 20/07/22 17:45:47 INFO ShutdownHookManager: Deleting directory /tmp/spark-86ad3518-5c8f-4086-84e4-5676e7507482
[2020-07-22 17:45:47,411] {taskinstance.py:1052} INFO - Marking task as SUCCESS.dag_id=submit_data, task_id=spark_submit, execution_date=20200720T080800, start_date=20200722T121519, end_date=20200722T121547
[2020-07-22 17:45:49,747] {logging_mixin.py:112} INFO - [2020-07-22 17:45:49,747] {local_task_job.py:103} INFO - Task exited with return code 0
