[2020-07-22 16:22:39,815] {taskinstance.py:669} INFO - Dependencies all met for <TaskInstance: submit_data.spark_submit 2020-07-22T10:51:53.025506+00:00 [queued]>
[2020-07-22 16:22:39,826] {taskinstance.py:669} INFO - Dependencies all met for <TaskInstance: submit_data.spark_submit 2020-07-22T10:51:53.025506+00:00 [queued]>
[2020-07-22 16:22:39,826] {taskinstance.py:879} INFO - 
--------------------------------------------------------------------------------
[2020-07-22 16:22:39,826] {taskinstance.py:880} INFO - Starting attempt 1 of 1
[2020-07-22 16:22:39,826] {taskinstance.py:881} INFO - 
--------------------------------------------------------------------------------
[2020-07-22 16:22:39,972] {taskinstance.py:900} INFO - Executing <Task(SparkSubmitOperator): spark_submit> on 2020-07-22T10:51:53.025506+00:00
[2020-07-22 16:22:39,975] {standard_task_runner.py:53} INFO - Started process 572115 to run task
[2020-07-22 16:22:40,474] {logging_mixin.py:112} INFO - Running %s on host %s <TaskInstance: submit_data.spark_submit 2020-07-22T10:51:53.025506+00:00 [running]> bhakti-Vostro-3558
[2020-07-22 16:22:40,507] {logging_mixin.py:112} INFO - [2020-07-22 16:22:40,506] {base_hook.py:87} INFO - Using connection to: id: spark_local. Host: local, Port: None, Schema: None, Login: None, Password: None, extra: None
[2020-07-22 16:22:40,508] {logging_mixin.py:112} INFO - [2020-07-22 16:22:40,508] {spark_submit_hook.py:325} INFO - Spark-Submit cmd: spark-submit --master local --name airflow-spark /home/bhakti/airflow/spark_jobs/python/spark_test.py
[2020-07-22 16:22:43,340] {logging_mixin.py:112} INFO - [2020-07-22 16:22:43,339] {spark_submit_hook.py:479} INFO - 20/07/22 16:22:43 WARN Utils: Your hostname, bhakti-Vostro-3558 resolves to a loopback address: 127.0.1.1; using 192.168.43.94 instead (on interface wlp6s0)
[2020-07-22 16:22:43,340] {logging_mixin.py:112} INFO - [2020-07-22 16:22:43,340] {spark_submit_hook.py:479} INFO - 20/07/22 16:22:43 WARN Utils: Set SPARK_LOCAL_IP if you need to bind to another address
[2020-07-22 16:22:45,157] {logging_mixin.py:112} INFO - [2020-07-22 16:22:45,156] {spark_submit_hook.py:479} INFO - 20/07/22 16:22:45 WARN NativeCodeLoader: Unable to load native-hadoop library for your platform... using builtin-java classes where applicable
[2020-07-22 16:22:46,723] {logging_mixin.py:112} INFO - [2020-07-22 16:22:46,722] {spark_submit_hook.py:479} INFO - log4j:WARN No appenders could be found for logger (org.apache.spark.util.ShutdownHookManager).
[2020-07-22 16:22:46,723] {logging_mixin.py:112} INFO - [2020-07-22 16:22:46,723] {spark_submit_hook.py:479} INFO - log4j:WARN Please initialize the log4j system properly.
[2020-07-22 16:22:46,724] {logging_mixin.py:112} INFO - [2020-07-22 16:22:46,724] {spark_submit_hook.py:479} INFO - log4j:WARN See http://logging.apache.org/log4j/1.2/faq.html#noconfig for more info.
[2020-07-22 16:22:46,795] {taskinstance.py:1052} INFO - Marking task as SUCCESS.dag_id=submit_data, task_id=spark_submit, execution_date=20200722T105153, start_date=20200722T105239, end_date=20200722T105246
[2020-07-22 16:22:49,659] {logging_mixin.py:112} INFO - [2020-07-22 16:22:49,659] {local_task_job.py:103} INFO - Task exited with return code 0
