[2020-07-22 18:05:40,865] {taskinstance.py:669} INFO - Dependencies all met for <TaskInstance: submit_data.spark_submit 2020-07-20T08:39:00+00:00 [queued]>
[2020-07-22 18:05:40,886] {taskinstance.py:669} INFO - Dependencies all met for <TaskInstance: submit_data.spark_submit 2020-07-20T08:39:00+00:00 [queued]>
[2020-07-22 18:05:40,886] {taskinstance.py:879} INFO - 
--------------------------------------------------------------------------------
[2020-07-22 18:05:40,886] {taskinstance.py:880} INFO - Starting attempt 1 of 1
[2020-07-22 18:05:40,886] {taskinstance.py:881} INFO - 
--------------------------------------------------------------------------------
[2020-07-22 18:05:41,046] {taskinstance.py:900} INFO - Executing <Task(SparkSubmitOperator): spark_submit> on 2020-07-20T08:39:00+00:00
[2020-07-22 18:05:41,049] {standard_task_runner.py:53} INFO - Started process 702227 to run task
[2020-07-22 18:05:41,219] {logging_mixin.py:112} INFO - Running %s on host %s <TaskInstance: submit_data.spark_submit 2020-07-20T08:39:00+00:00 [running]> bhakti-Vostro-3558
[2020-07-22 18:05:41,247] {logging_mixin.py:112} INFO - [2020-07-22 18:05:41,246] {base_hook.py:87} INFO - Using connection to: id: spark_local. Host: local, Port: None, Schema: None, Login: None, Password: None, extra: None
[2020-07-22 18:05:41,249] {logging_mixin.py:112} INFO - [2020-07-22 18:05:41,249] {spark_submit_hook.py:325} INFO - Spark-Submit cmd: spark-submit --master local --name airflow-spark /home/bhakti/airflow/spark_jobs/spark_test.py
[2020-07-22 18:05:43,726] {logging_mixin.py:112} INFO - [2020-07-22 18:05:43,726] {spark_submit_hook.py:479} INFO - 20/07/22 18:05:43 WARN Utils: Your hostname, bhakti-Vostro-3558 resolves to a loopback address: 127.0.1.1; using 192.168.43.94 instead (on interface wlp6s0)
[2020-07-22 18:05:43,727] {logging_mixin.py:112} INFO - [2020-07-22 18:05:43,727] {spark_submit_hook.py:479} INFO - 20/07/22 18:05:43 WARN Utils: Set SPARK_LOCAL_IP if you need to bind to another address
[2020-07-22 18:05:45,126] {logging_mixin.py:112} INFO - [2020-07-22 18:05:45,126] {spark_submit_hook.py:479} INFO - 20/07/22 18:05:45 WARN NativeCodeLoader: Unable to load native-hadoop library for your platform... using builtin-java classes where applicable
[2020-07-22 18:05:46,907] {logging_mixin.py:112} INFO - [2020-07-22 18:05:46,907] {spark_submit_hook.py:479} INFO - Using Spark's default log4j profile: org/apache/spark/log4j-defaults.properties
[2020-07-22 18:05:46,929] {logging_mixin.py:112} INFO - [2020-07-22 18:05:46,929] {spark_submit_hook.py:479} INFO - 20/07/22 18:05:46 INFO SparkContext: Running Spark version 3.0.0
[2020-07-22 18:05:47,014] {logging_mixin.py:112} INFO - [2020-07-22 18:05:47,014] {spark_submit_hook.py:479} INFO - 20/07/22 18:05:47 INFO ResourceUtils: ==============================================================
[2020-07-22 18:05:47,017] {logging_mixin.py:112} INFO - [2020-07-22 18:05:47,016] {spark_submit_hook.py:479} INFO - 20/07/22 18:05:47 INFO ResourceUtils: Resources for spark.driver:
[2020-07-22 18:05:47,017] {logging_mixin.py:112} INFO - [2020-07-22 18:05:47,017] {spark_submit_hook.py:479} INFO - 
[2020-07-22 18:05:47,017] {logging_mixin.py:112} INFO - [2020-07-22 18:05:47,017] {spark_submit_hook.py:479} INFO - 20/07/22 18:05:47 INFO ResourceUtils: ==============================================================
[2020-07-22 18:05:47,018] {logging_mixin.py:112} INFO - [2020-07-22 18:05:47,018] {spark_submit_hook.py:479} INFO - 20/07/22 18:05:47 INFO SparkContext: Submitted application: Spark_Test_Python
[2020-07-22 18:05:47,112] {logging_mixin.py:112} INFO - [2020-07-22 18:05:47,112] {spark_submit_hook.py:479} INFO - 20/07/22 18:05:47 INFO SecurityManager: Changing view acls to: bhakti
[2020-07-22 18:05:47,113] {logging_mixin.py:112} INFO - [2020-07-22 18:05:47,112] {spark_submit_hook.py:479} INFO - 20/07/22 18:05:47 INFO SecurityManager: Changing modify acls to: bhakti
[2020-07-22 18:05:47,113] {logging_mixin.py:112} INFO - [2020-07-22 18:05:47,113] {spark_submit_hook.py:479} INFO - 20/07/22 18:05:47 INFO SecurityManager: Changing view acls groups to:
[2020-07-22 18:05:47,113] {logging_mixin.py:112} INFO - [2020-07-22 18:05:47,113] {spark_submit_hook.py:479} INFO - 20/07/22 18:05:47 INFO SecurityManager: Changing modify acls groups to:
[2020-07-22 18:05:47,114] {logging_mixin.py:112} INFO - [2020-07-22 18:05:47,113] {spark_submit_hook.py:479} INFO - 20/07/22 18:05:47 INFO SecurityManager: SecurityManager: authentication disabled; ui acls disabled; users  with view permissions: Set(bhakti); groups with view permissions: Set(); users  with modify permissions: Set(bhakti); groups with modify permissions: Set()
[2020-07-22 18:05:47,518] {logging_mixin.py:112} INFO - [2020-07-22 18:05:47,518] {spark_submit_hook.py:479} INFO - 20/07/22 18:05:47 INFO Utils: Successfully started service 'sparkDriver' on port 45223.
[2020-07-22 18:05:47,571] {logging_mixin.py:112} INFO - [2020-07-22 18:05:47,571] {spark_submit_hook.py:479} INFO - 20/07/22 18:05:47 INFO SparkEnv: Registering MapOutputTracker
[2020-07-22 18:05:47,636] {logging_mixin.py:112} INFO - [2020-07-22 18:05:47,636] {spark_submit_hook.py:479} INFO - 20/07/22 18:05:47 INFO SparkEnv: Registering BlockManagerMaster
[2020-07-22 18:05:47,670] {logging_mixin.py:112} INFO - [2020-07-22 18:05:47,670] {spark_submit_hook.py:479} INFO - 20/07/22 18:05:47 INFO BlockManagerMasterEndpoint: Using org.apache.spark.storage.DefaultTopologyMapper for getting topology information
[2020-07-22 18:05:47,672] {logging_mixin.py:112} INFO - [2020-07-22 18:05:47,672] {spark_submit_hook.py:479} INFO - 20/07/22 18:05:47 INFO BlockManagerMasterEndpoint: BlockManagerMasterEndpoint up
[2020-07-22 18:05:47,678] {logging_mixin.py:112} INFO - [2020-07-22 18:05:47,678] {spark_submit_hook.py:479} INFO - 20/07/22 18:05:47 INFO SparkEnv: Registering BlockManagerMasterHeartbeat
[2020-07-22 18:05:47,702] {logging_mixin.py:112} INFO - [2020-07-22 18:05:47,702] {spark_submit_hook.py:479} INFO - 20/07/22 18:05:47 INFO DiskBlockManager: Created local directory at /tmp/blockmgr-d7a1ef85-aee3-4fe4-9b71-8a3eddf5044c
[2020-07-22 18:05:47,736] {logging_mixin.py:112} INFO - [2020-07-22 18:05:47,736] {spark_submit_hook.py:479} INFO - 20/07/22 18:05:47 INFO MemoryStore: MemoryStore started with capacity 366.3 MiB
[2020-07-22 18:05:47,761] {logging_mixin.py:112} INFO - [2020-07-22 18:05:47,761] {spark_submit_hook.py:479} INFO - 20/07/22 18:05:47 INFO SparkEnv: Registering OutputCommitCoordinator
[2020-07-22 18:05:48,210] {logging_mixin.py:112} INFO - [2020-07-22 18:05:48,210] {spark_submit_hook.py:479} INFO - 20/07/22 18:05:48 INFO Utils: Successfully started service 'SparkUI' on port 4040.
[2020-07-22 18:05:48,309] {logging_mixin.py:112} INFO - [2020-07-22 18:05:48,309] {spark_submit_hook.py:479} INFO - 20/07/22 18:05:48 INFO SparkUI: Bound SparkUI to 0.0.0.0, and started at http://192.168.43.94:4040
[2020-07-22 18:05:48,763] {logging_mixin.py:112} INFO - [2020-07-22 18:05:48,763] {spark_submit_hook.py:479} INFO - 20/07/22 18:05:48 INFO Executor: Starting executor ID driver on host 192.168.43.94
[2020-07-22 18:05:48,820] {logging_mixin.py:112} INFO - [2020-07-22 18:05:48,820] {spark_submit_hook.py:479} INFO - 20/07/22 18:05:48 INFO Utils: Successfully started service 'org.apache.spark.network.netty.NettyBlockTransferService' on port 43479.
[2020-07-22 18:05:48,823] {logging_mixin.py:112} INFO - [2020-07-22 18:05:48,823] {spark_submit_hook.py:479} INFO - 20/07/22 18:05:48 INFO NettyBlockTransferService: Server created on 192.168.43.94:43479
[2020-07-22 18:05:48,825] {logging_mixin.py:112} INFO - [2020-07-22 18:05:48,825] {spark_submit_hook.py:479} INFO - 20/07/22 18:05:48 INFO BlockManager: Using org.apache.spark.storage.RandomBlockReplicationPolicy for block replication policy
[2020-07-22 18:05:48,839] {logging_mixin.py:112} INFO - [2020-07-22 18:05:48,839] {spark_submit_hook.py:479} INFO - 20/07/22 18:05:48 INFO BlockManagerMaster: Registering BlockManager BlockManagerId(driver, 192.168.43.94, 43479, None)
[2020-07-22 18:05:48,850] {logging_mixin.py:112} INFO - [2020-07-22 18:05:48,849] {spark_submit_hook.py:479} INFO - 20/07/22 18:05:48 INFO BlockManagerMasterEndpoint: Registering block manager 192.168.43.94:43479 with 366.3 MiB RAM, BlockManagerId(driver, 192.168.43.94, 43479, None)
[2020-07-22 18:05:48,855] {logging_mixin.py:112} INFO - [2020-07-22 18:05:48,854] {spark_submit_hook.py:479} INFO - 20/07/22 18:05:48 INFO BlockManagerMaster: Registered BlockManager BlockManagerId(driver, 192.168.43.94, 43479, None)
[2020-07-22 18:05:48,857] {logging_mixin.py:112} INFO - [2020-07-22 18:05:48,856] {spark_submit_hook.py:479} INFO - 20/07/22 18:05:48 INFO BlockManager: Initialized BlockManager: BlockManagerId(driver, 192.168.43.94, 43479, None)
[2020-07-22 18:05:50,278] {logging_mixin.py:112} INFO - [2020-07-22 18:05:50,278] {spark_submit_hook.py:479} INFO - 20/07/22 18:05:50 INFO MemoryStore: Block broadcast_0 stored as values in memory (estimated size 241.5 KiB, free 366.1 MiB)
[2020-07-22 18:05:50,409] {logging_mixin.py:112} INFO - [2020-07-22 18:05:50,409] {spark_submit_hook.py:479} INFO - 20/07/22 18:05:50 INFO MemoryStore: Block broadcast_0_piece0 stored as bytes in memory (estimated size 23.4 KiB, free 366.0 MiB)
[2020-07-22 18:05:50,415] {logging_mixin.py:112} INFO - [2020-07-22 18:05:50,414] {spark_submit_hook.py:479} INFO - 20/07/22 18:05:50 INFO BlockManagerInfo: Added broadcast_0_piece0 in memory on 192.168.43.94:43479 (size: 23.4 KiB, free: 366.3 MiB)
[2020-07-22 18:05:50,425] {logging_mixin.py:112} INFO - [2020-07-22 18:05:50,425] {spark_submit_hook.py:479} INFO - 20/07/22 18:05:50 INFO SparkContext: Created broadcast 0 from textFile at NativeMethodAccessorImpl.java:0
[2020-07-22 18:05:50,745] {logging_mixin.py:112} INFO - [2020-07-22 18:05:50,745] {spark_submit_hook.py:479} INFO - 20/07/22 18:05:50 INFO FileInputFormat: Total input paths to process : 1
[2020-07-22 18:05:50,891] {logging_mixin.py:112} INFO - [2020-07-22 18:05:50,891] {spark_submit_hook.py:479} INFO - 20/07/22 18:05:50 INFO SparkContext: Starting job: collect at /home/bhakti/airflow/spark_jobs/spark_test.py:8
[2020-07-22 18:05:50,922] {logging_mixin.py:112} INFO - [2020-07-22 18:05:50,922] {spark_submit_hook.py:479} INFO - 20/07/22 18:05:50 INFO DAGScheduler: Got job 0 (collect at /home/bhakti/airflow/spark_jobs/spark_test.py:8) with 1 output partitions
[2020-07-22 18:05:50,923] {logging_mixin.py:112} INFO - [2020-07-22 18:05:50,923] {spark_submit_hook.py:479} INFO - 20/07/22 18:05:50 INFO DAGScheduler: Final stage: ResultStage 0 (collect at /home/bhakti/airflow/spark_jobs/spark_test.py:8)
[2020-07-22 18:05:50,928] {logging_mixin.py:112} INFO - [2020-07-22 18:05:50,928] {spark_submit_hook.py:479} INFO - 20/07/22 18:05:50 INFO DAGScheduler: Parents of final stage: List()
[2020-07-22 18:05:50,937] {logging_mixin.py:112} INFO - [2020-07-22 18:05:50,937] {spark_submit_hook.py:479} INFO - 20/07/22 18:05:50 INFO DAGScheduler: Missing parents: List()
[2020-07-22 18:05:50,966] {logging_mixin.py:112} INFO - [2020-07-22 18:05:50,966] {spark_submit_hook.py:479} INFO - 20/07/22 18:05:50 INFO DAGScheduler: Submitting ResultStage 0 (PythonRDD[2] at collect at /home/bhakti/airflow/spark_jobs/spark_test.py:8), which has no missing parents
[2020-07-22 18:05:51,053] {logging_mixin.py:112} INFO - [2020-07-22 18:05:51,052] {spark_submit_hook.py:479} INFO - 20/07/22 18:05:51 INFO MemoryStore: Block broadcast_1 stored as values in memory (estimated size 7.4 KiB, free 366.0 MiB)
[2020-07-22 18:05:51,070] {logging_mixin.py:112} INFO - [2020-07-22 18:05:51,069] {spark_submit_hook.py:479} INFO - 20/07/22 18:05:51 INFO MemoryStore: Block broadcast_1_piece0 stored as bytes in memory (estimated size 4.4 KiB, free 366.0 MiB)
[2020-07-22 18:05:51,072] {logging_mixin.py:112} INFO - [2020-07-22 18:05:51,072] {spark_submit_hook.py:479} INFO - 20/07/22 18:05:51 INFO BlockManagerInfo: Added broadcast_1_piece0 in memory on 192.168.43.94:43479 (size: 4.4 KiB, free: 366.3 MiB)
[2020-07-22 18:05:51,090] {logging_mixin.py:112} INFO - [2020-07-22 18:05:51,089] {spark_submit_hook.py:479} INFO - 20/07/22 18:05:51 INFO SparkContext: Created broadcast 1 from broadcast at DAGScheduler.scala:1200
[2020-07-22 18:05:51,132] {logging_mixin.py:112} INFO - [2020-07-22 18:05:51,131] {spark_submit_hook.py:479} INFO - 20/07/22 18:05:51 INFO DAGScheduler: Submitting 1 missing tasks from ResultStage 0 (PythonRDD[2] at collect at /home/bhakti/airflow/spark_jobs/spark_test.py:8) (first 15 tasks are for partitions Vector(0))
[2020-07-22 18:05:51,134] {logging_mixin.py:112} INFO - [2020-07-22 18:05:51,134] {spark_submit_hook.py:479} INFO - 20/07/22 18:05:51 INFO TaskSchedulerImpl: Adding task set 0.0 with 1 tasks
[2020-07-22 18:05:51,234] {logging_mixin.py:112} INFO - [2020-07-22 18:05:51,233] {spark_submit_hook.py:479} INFO - 20/07/22 18:05:51 INFO TaskSetManager: Starting task 0.0 in stage 0.0 (TID 0, 192.168.43.94, executor driver, partition 0, PROCESS_LOCAL, 7388 bytes)
[2020-07-22 18:05:51,265] {logging_mixin.py:112} INFO - [2020-07-22 18:05:51,264] {spark_submit_hook.py:479} INFO - 20/07/22 18:05:51 INFO Executor: Running task 0.0 in stage 0.0 (TID 0)
[2020-07-22 18:05:51,767] {logging_mixin.py:112} INFO - [2020-07-22 18:05:51,767] {spark_submit_hook.py:479} INFO - 20/07/22 18:05:51 INFO HadoopRDD: Input split: file:/home/bhakti/airflow/input_data/sample.csv:0+93
[2020-07-22 18:05:52,706] {logging_mixin.py:112} INFO - [2020-07-22 18:05:52,705] {spark_submit_hook.py:479} INFO - 20/07/22 18:05:52 INFO PythonRunner: Times: total = 908, boot = 883, init = 25, finish = 0
[2020-07-22 18:05:52,759] {logging_mixin.py:112} INFO - [2020-07-22 18:05:52,758] {spark_submit_hook.py:479} INFO - 20/07/22 18:05:52 INFO Executor: Finished task 0.0 in stage 0.0 (TID 0). 1779 bytes result sent to driver
[2020-07-22 18:05:52,782] {logging_mixin.py:112} INFO - [2020-07-22 18:05:52,782] {spark_submit_hook.py:479} INFO - 20/07/22 18:05:52 INFO TaskSetManager: Finished task 0.0 in stage 0.0 (TID 0) in 1571 ms on 192.168.43.94 (executor driver) (1/1)
[2020-07-22 18:05:52,787] {logging_mixin.py:112} INFO - [2020-07-22 18:05:52,787] {spark_submit_hook.py:479} INFO - 20/07/22 18:05:52 INFO TaskSchedulerImpl: Removed TaskSet 0.0, whose tasks have all completed, from pool
[2020-07-22 18:05:52,794] {logging_mixin.py:112} INFO - [2020-07-22 18:05:52,793] {spark_submit_hook.py:479} INFO - 20/07/22 18:05:52 INFO PythonAccumulatorV2: Connected to AccumulatorServer at host: 127.0.0.1 port: 59093
[2020-07-22 18:05:52,806] {logging_mixin.py:112} INFO - [2020-07-22 18:05:52,805] {spark_submit_hook.py:479} INFO - 20/07/22 18:05:52 INFO DAGScheduler: ResultStage 0 (collect at /home/bhakti/airflow/spark_jobs/spark_test.py:8) finished in 1.776 s
[2020-07-22 18:05:52,827] {logging_mixin.py:112} INFO - [2020-07-22 18:05:52,827] {spark_submit_hook.py:479} INFO - 20/07/22 18:05:52 INFO DAGScheduler: Job 0 is finished. Cancelling potential speculative or zombie tasks for this job
[2020-07-22 18:05:52,828] {logging_mixin.py:112} INFO - [2020-07-22 18:05:52,828] {spark_submit_hook.py:479} INFO - 20/07/22 18:05:52 INFO TaskSchedulerImpl: Killing all running tasks in stage 0: Stage finished
[2020-07-22 18:05:52,839] {logging_mixin.py:112} INFO - [2020-07-22 18:05:52,839] {spark_submit_hook.py:479} INFO - 20/07/22 18:05:52 INFO DAGScheduler: Job 0 finished: collect at /home/bhakti/airflow/spark_jobs/spark_test.py:8, took 1.941140 s
[2020-07-22 18:05:52,858] {logging_mixin.py:112} INFO - [2020-07-22 18:05:52,857] {spark_submit_hook.py:479} INFO - [('PERSON', 'JOINING_YEAR', 'COMPANY'), ('John', '2018', 'Google'), ('Sam', '2017', 'IBM'), ('Jeff', '2014', 'Yahoo'), ('Allen', '2015', 'Facebook')]
[2020-07-22 18:05:53,664] {logging_mixin.py:112} INFO - [2020-07-22 18:05:53,664] {spark_submit_hook.py:479} INFO - 20/07/22 18:05:53 INFO BlockManagerInfo: Removed broadcast_1_piece0 on 192.168.43.94:43479 in memory (size: 4.4 KiB, free: 366.3 MiB)
[2020-07-22 18:05:53,681] {logging_mixin.py:112} INFO - [2020-07-22 18:05:53,681] {spark_submit_hook.py:479} INFO - 20/07/22 18:05:53 INFO BlockManagerInfo: Removed broadcast_0_piece0 on 192.168.43.94:43479 in memory (size: 23.4 KiB, free: 366.3 MiB)
[2020-07-22 18:05:53,805] {logging_mixin.py:112} INFO - [2020-07-22 18:05:53,804] {spark_submit_hook.py:479} INFO - 20/07/22 18:05:53 INFO SharedState: Setting hive.metastore.warehouse.dir ('null') to the value of spark.sql.warehouse.dir ('file:/home/bhakti/airflow/spark-warehouse').
[2020-07-22 18:05:53,805] {logging_mixin.py:112} INFO - [2020-07-22 18:05:53,805] {spark_submit_hook.py:479} INFO - 20/07/22 18:05:53 INFO SharedState: Warehouse path is 'file:/home/bhakti/airflow/spark-warehouse'.
[2020-07-22 18:05:58,321] {logging_mixin.py:112} INFO - [2020-07-22 18:05:58,321] {spark_submit_hook.py:479} INFO - 20/07/22 18:05:58 INFO CodeGenerator: Code generated in 391.321565 ms
[2020-07-22 18:05:58,384] {logging_mixin.py:112} INFO - [2020-07-22 18:05:58,384] {spark_submit_hook.py:479} INFO - 20/07/22 18:05:58 INFO SparkContext: Starting job: showString at NativeMethodAccessorImpl.java:0
[2020-07-22 18:05:58,387] {logging_mixin.py:112} INFO - [2020-07-22 18:05:58,386] {spark_submit_hook.py:479} INFO - 20/07/22 18:05:58 INFO DAGScheduler: Got job 1 (showString at NativeMethodAccessorImpl.java:0) with 1 output partitions
[2020-07-22 18:05:58,387] {logging_mixin.py:112} INFO - [2020-07-22 18:05:58,387] {spark_submit_hook.py:479} INFO - 20/07/22 18:05:58 INFO DAGScheduler: Final stage: ResultStage 1 (showString at NativeMethodAccessorImpl.java:0)
[2020-07-22 18:05:58,387] {logging_mixin.py:112} INFO - [2020-07-22 18:05:58,387] {spark_submit_hook.py:479} INFO - 20/07/22 18:05:58 INFO DAGScheduler: Parents of final stage: List()
[2020-07-22 18:05:58,388] {logging_mixin.py:112} INFO - [2020-07-22 18:05:58,388] {spark_submit_hook.py:479} INFO - 20/07/22 18:05:58 INFO DAGScheduler: Missing parents: List()
[2020-07-22 18:05:58,392] {logging_mixin.py:112} INFO - [2020-07-22 18:05:58,392] {spark_submit_hook.py:479} INFO - 20/07/22 18:05:58 INFO DAGScheduler: Submitting ResultStage 1 (MapPartitionsRDD[9] at showString at NativeMethodAccessorImpl.java:0), which has no missing parents
[2020-07-22 18:05:58,415] {logging_mixin.py:112} INFO - [2020-07-22 18:05:58,415] {spark_submit_hook.py:479} INFO - 20/07/22 18:05:58 INFO MemoryStore: Block broadcast_2 stored as values in memory (estimated size 11.2 KiB, free 366.3 MiB)
[2020-07-22 18:05:58,420] {logging_mixin.py:112} INFO - [2020-07-22 18:05:58,419] {spark_submit_hook.py:479} INFO - 20/07/22 18:05:58 INFO MemoryStore: Block broadcast_2_piece0 stored as bytes in memory (estimated size 5.8 KiB, free 366.3 MiB)
[2020-07-22 18:05:58,422] {logging_mixin.py:112} INFO - [2020-07-22 18:05:58,421] {spark_submit_hook.py:479} INFO - 20/07/22 18:05:58 INFO BlockManagerInfo: Added broadcast_2_piece0 in memory on 192.168.43.94:43479 (size: 5.8 KiB, free: 366.3 MiB)
[2020-07-22 18:05:58,423] {logging_mixin.py:112} INFO - [2020-07-22 18:05:58,423] {spark_submit_hook.py:479} INFO - 20/07/22 18:05:58 INFO SparkContext: Created broadcast 2 from broadcast at DAGScheduler.scala:1200
[2020-07-22 18:05:58,425] {logging_mixin.py:112} INFO - [2020-07-22 18:05:58,425] {spark_submit_hook.py:479} INFO - 20/07/22 18:05:58 INFO DAGScheduler: Submitting 1 missing tasks from ResultStage 1 (MapPartitionsRDD[9] at showString at NativeMethodAccessorImpl.java:0) (first 15 tasks are for partitions Vector(0))
[2020-07-22 18:05:58,426] {logging_mixin.py:112} INFO - [2020-07-22 18:05:58,426] {spark_submit_hook.py:479} INFO - 20/07/22 18:05:58 INFO TaskSchedulerImpl: Adding task set 1.0 with 1 tasks
[2020-07-22 18:05:58,447] {logging_mixin.py:112} INFO - [2020-07-22 18:05:58,447] {spark_submit_hook.py:479} INFO - 20/07/22 18:05:58 INFO TaskSetManager: Starting task 0.0 in stage 1.0 (TID 1, 192.168.43.94, executor driver, partition 0, PROCESS_LOCAL, 7493 bytes)
[2020-07-22 18:05:58,448] {logging_mixin.py:112} INFO - [2020-07-22 18:05:58,448] {spark_submit_hook.py:479} INFO - 20/07/22 18:05:58 INFO Executor: Running task 0.0 in stage 1.0 (TID 1)
[2020-07-22 18:05:58,542] {logging_mixin.py:112} INFO - [2020-07-22 18:05:58,542] {spark_submit_hook.py:479} INFO - 20/07/22 18:05:58 INFO PythonRunner: Times: total = 3, boot = -5789, init = 5791, finish = 1
[2020-07-22 18:05:58,546] {logging_mixin.py:112} INFO - [2020-07-22 18:05:58,546] {spark_submit_hook.py:479} INFO - 20/07/22 18:05:58 INFO Executor: Finished task 0.0 in stage 1.0 (TID 1). 2192 bytes result sent to driver
[2020-07-22 18:05:58,553] {logging_mixin.py:112} INFO - [2020-07-22 18:05:58,553] {spark_submit_hook.py:479} INFO - 20/07/22 18:05:58 INFO TaskSetManager: Finished task 0.0 in stage 1.0 (TID 1) in 126 ms on 192.168.43.94 (executor driver) (1/1)
[2020-07-22 18:05:58,555] {logging_mixin.py:112} INFO - [2020-07-22 18:05:58,555] {spark_submit_hook.py:479} INFO - 20/07/22 18:05:58 INFO TaskSchedulerImpl: Removed TaskSet 1.0, whose tasks have all completed, from pool
[2020-07-22 18:05:58,556] {logging_mixin.py:112} INFO - [2020-07-22 18:05:58,556] {spark_submit_hook.py:479} INFO - 20/07/22 18:05:58 INFO DAGScheduler: ResultStage 1 (showString at NativeMethodAccessorImpl.java:0) finished in 0.160 s
[2020-07-22 18:05:58,556] {logging_mixin.py:112} INFO - [2020-07-22 18:05:58,556] {spark_submit_hook.py:479} INFO - 20/07/22 18:05:58 INFO DAGScheduler: Job 1 is finished. Cancelling potential speculative or zombie tasks for this job
[2020-07-22 18:05:58,557] {logging_mixin.py:112} INFO - [2020-07-22 18:05:58,556] {spark_submit_hook.py:479} INFO - 20/07/22 18:05:58 INFO TaskSchedulerImpl: Killing all running tasks in stage 1: Stage finished
[2020-07-22 18:05:58,557] {logging_mixin.py:112} INFO - [2020-07-22 18:05:58,557] {spark_submit_hook.py:479} INFO - 20/07/22 18:05:58 INFO DAGScheduler: Job 1 finished: showString at NativeMethodAccessorImpl.java:0, took 0.172567 s
[2020-07-22 18:05:58,660] {logging_mixin.py:112} INFO - [2020-07-22 18:05:58,660] {spark_submit_hook.py:479} INFO - 20/07/22 18:05:58 INFO CodeGenerator: Code generated in 52.787009 ms
[2020-07-22 18:05:58,684] {logging_mixin.py:112} INFO - [2020-07-22 18:05:58,683] {spark_submit_hook.py:479} INFO - +------+------------+--------+
[2020-07-22 18:05:58,684] {logging_mixin.py:112} INFO - [2020-07-22 18:05:58,684] {spark_submit_hook.py:479} INFO - |    _1|          _2|      _3|
[2020-07-22 18:05:58,684] {logging_mixin.py:112} INFO - [2020-07-22 18:05:58,684] {spark_submit_hook.py:479} INFO - +------+------------+--------+
[2020-07-22 18:05:58,685] {logging_mixin.py:112} INFO - [2020-07-22 18:05:58,684] {spark_submit_hook.py:479} INFO - |PERSON|JOINING_YEAR| COMPANY|
[2020-07-22 18:05:58,685] {logging_mixin.py:112} INFO - [2020-07-22 18:05:58,685] {spark_submit_hook.py:479} INFO - |  John|        2018|  Google|
[2020-07-22 18:05:58,685] {logging_mixin.py:112} INFO - [2020-07-22 18:05:58,685] {spark_submit_hook.py:479} INFO - |   Sam|        2017|     IBM|
[2020-07-22 18:05:58,685] {logging_mixin.py:112} INFO - [2020-07-22 18:05:58,685] {spark_submit_hook.py:479} INFO - |  Jeff|        2014|   Yahoo|
[2020-07-22 18:05:58,686] {logging_mixin.py:112} INFO - [2020-07-22 18:05:58,685] {spark_submit_hook.py:479} INFO - | Allen|        2015|Facebook|
[2020-07-22 18:05:58,686] {logging_mixin.py:112} INFO - [2020-07-22 18:05:58,686] {spark_submit_hook.py:479} INFO - +------+------------+--------+
[2020-07-22 18:05:58,686] {logging_mixin.py:112} INFO - [2020-07-22 18:05:58,686] {spark_submit_hook.py:479} INFO - 
[2020-07-22 18:05:58,783] {logging_mixin.py:112} INFO - [2020-07-22 18:05:58,782] {spark_submit_hook.py:479} INFO - 20/07/22 18:05:58 INFO SparkContext: Invoking stop() from shutdown hook
[2020-07-22 18:05:58,794] {logging_mixin.py:112} INFO - [2020-07-22 18:05:58,793] {spark_submit_hook.py:479} INFO - 20/07/22 18:05:58 INFO SparkUI: Stopped Spark web UI at http://192.168.43.94:4040
[2020-07-22 18:05:58,822] {logging_mixin.py:112} INFO - [2020-07-22 18:05:58,821] {spark_submit_hook.py:479} INFO - 20/07/22 18:05:58 INFO MapOutputTrackerMasterEndpoint: MapOutputTrackerMasterEndpoint stopped!
[2020-07-22 18:05:58,840] {logging_mixin.py:112} INFO - [2020-07-22 18:05:58,840] {spark_submit_hook.py:479} INFO - 20/07/22 18:05:58 INFO MemoryStore: MemoryStore cleared
[2020-07-22 18:05:58,842] {logging_mixin.py:112} INFO - [2020-07-22 18:05:58,841] {spark_submit_hook.py:479} INFO - 20/07/22 18:05:58 INFO BlockManager: BlockManager stopped
[2020-07-22 18:05:58,893] {logging_mixin.py:112} INFO - [2020-07-22 18:05:58,892] {spark_submit_hook.py:479} INFO - 20/07/22 18:05:58 INFO BlockManagerMaster: BlockManagerMaster stopped
[2020-07-22 18:05:58,899] {logging_mixin.py:112} INFO - [2020-07-22 18:05:58,899] {spark_submit_hook.py:479} INFO - 20/07/22 18:05:58 INFO OutputCommitCoordinator$OutputCommitCoordinatorEndpoint: OutputCommitCoordinator stopped!
[2020-07-22 18:05:58,908] {logging_mixin.py:112} INFO - [2020-07-22 18:05:58,908] {spark_submit_hook.py:479} INFO - 20/07/22 18:05:58 INFO SparkContext: Successfully stopped SparkContext
[2020-07-22 18:05:58,909] {logging_mixin.py:112} INFO - [2020-07-22 18:05:58,908] {spark_submit_hook.py:479} INFO - 20/07/22 18:05:58 INFO ShutdownHookManager: Shutdown hook called
[2020-07-22 18:05:58,910] {logging_mixin.py:112} INFO - [2020-07-22 18:05:58,910] {spark_submit_hook.py:479} INFO - 20/07/22 18:05:58 INFO ShutdownHookManager: Deleting directory /tmp/spark-f847ddf8-ee0f-4a32-a1b5-04a42f3d1def
[2020-07-22 18:05:58,913] {logging_mixin.py:112} INFO - [2020-07-22 18:05:58,912] {spark_submit_hook.py:479} INFO - 20/07/22 18:05:58 INFO ShutdownHookManager: Deleting directory /tmp/spark-ad32bae6-ff10-4e23-a6ed-d87362ec0c3e
[2020-07-22 18:05:58,920] {logging_mixin.py:112} INFO - [2020-07-22 18:05:58,919] {spark_submit_hook.py:479} INFO - 20/07/22 18:05:58 INFO ShutdownHookManager: Deleting directory /tmp/spark-ad32bae6-ff10-4e23-a6ed-d87362ec0c3e/pyspark-00183a38-b670-4af3-8de9-d20c88ecae99
[2020-07-22 18:05:59,143] {taskinstance.py:1052} INFO - Marking task as SUCCESS.dag_id=submit_data, task_id=spark_submit, execution_date=20200720T083900, start_date=20200722T123540, end_date=20200722T123559
[2020-07-22 18:06:01,019] {logging_mixin.py:112} INFO - [2020-07-22 18:06:01,019] {local_task_job.py:103} INFO - Task exited with return code 0
