[2020-07-22 17:32:40,272] {taskinstance.py:669} INFO - Dependencies all met for <TaskInstance: submit_data.spark_submit 2020-07-20T07:49:00+00:00 [queued]>
[2020-07-22 17:32:40,289] {taskinstance.py:669} INFO - Dependencies all met for <TaskInstance: submit_data.spark_submit 2020-07-20T07:49:00+00:00 [queued]>
[2020-07-22 17:32:40,290] {taskinstance.py:879} INFO - 
--------------------------------------------------------------------------------
[2020-07-22 17:32:40,291] {taskinstance.py:880} INFO - Starting attempt 1 of 1
[2020-07-22 17:32:40,291] {taskinstance.py:881} INFO - 
--------------------------------------------------------------------------------
[2020-07-22 17:32:40,464] {taskinstance.py:900} INFO - Executing <Task(SparkSubmitOperator): spark_submit> on 2020-07-20T07:49:00+00:00
[2020-07-22 17:32:40,471] {standard_task_runner.py:53} INFO - Started process 659606 to run task
[2020-07-22 17:32:40,736] {logging_mixin.py:112} INFO - Running %s on host %s <TaskInstance: submit_data.spark_submit 2020-07-20T07:49:00+00:00 [running]> bhakti-Vostro-3558
[2020-07-22 17:32:40,783] {logging_mixin.py:112} INFO - [2020-07-22 17:32:40,782] {base_hook.py:87} INFO - Using connection to: id: spark_local. Host: local, Port: None, Schema: None, Login: None, Password: None, extra: None
[2020-07-22 17:32:40,785] {logging_mixin.py:112} INFO - [2020-07-22 17:32:40,784] {spark_submit_hook.py:325} INFO - Spark-Submit cmd: spark-submit --master local --name airflow-spark /home/bhakti/airflow/spark_jobs/spark_test.py
[2020-07-22 17:32:44,795] {logging_mixin.py:112} INFO - [2020-07-22 17:32:44,794] {spark_submit_hook.py:479} INFO - 20/07/22 17:32:44 WARN Utils: Your hostname, bhakti-Vostro-3558 resolves to a loopback address: 127.0.1.1; using 192.168.43.94 instead (on interface wlp6s0)
[2020-07-22 17:32:44,798] {logging_mixin.py:112} INFO - [2020-07-22 17:32:44,798] {spark_submit_hook.py:479} INFO - 20/07/22 17:32:44 WARN Utils: Set SPARK_LOCAL_IP if you need to bind to another address
[2020-07-22 17:32:46,708] {logging_mixin.py:112} INFO - [2020-07-22 17:32:46,707] {spark_submit_hook.py:479} INFO - 20/07/22 17:32:46 WARN NativeCodeLoader: Unable to load native-hadoop library for your platform... using builtin-java classes where applicable
[2020-07-22 17:32:50,144] {logging_mixin.py:112} INFO - [2020-07-22 17:32:50,144] {spark_submit_hook.py:479} INFO - Using Spark's default log4j profile: org/apache/spark/log4j-defaults.properties
[2020-07-22 17:32:50,169] {logging_mixin.py:112} INFO - [2020-07-22 17:32:50,169] {spark_submit_hook.py:479} INFO - 20/07/22 17:32:50 INFO SparkContext: Running Spark version 3.0.0
[2020-07-22 17:32:50,358] {logging_mixin.py:112} INFO - [2020-07-22 17:32:50,358] {spark_submit_hook.py:479} INFO - 20/07/22 17:32:50 INFO ResourceUtils: ==============================================================
[2020-07-22 17:32:50,361] {logging_mixin.py:112} INFO - [2020-07-22 17:32:50,361] {spark_submit_hook.py:479} INFO - 20/07/22 17:32:50 INFO ResourceUtils: Resources for spark.driver:
[2020-07-22 17:32:50,362] {logging_mixin.py:112} INFO - [2020-07-22 17:32:50,362] {spark_submit_hook.py:479} INFO - 
[2020-07-22 17:32:50,364] {logging_mixin.py:112} INFO - [2020-07-22 17:32:50,364] {spark_submit_hook.py:479} INFO - 20/07/22 17:32:50 INFO ResourceUtils: ==============================================================
[2020-07-22 17:32:50,374] {logging_mixin.py:112} INFO - [2020-07-22 17:32:50,373] {spark_submit_hook.py:479} INFO - 20/07/22 17:32:50 INFO SparkContext: Submitted application: Spark_Test_Python
[2020-07-22 17:32:50,618] {logging_mixin.py:112} INFO - [2020-07-22 17:32:50,618] {spark_submit_hook.py:479} INFO - 20/07/22 17:32:50 INFO SecurityManager: Changing view acls to: bhakti
[2020-07-22 17:32:50,619] {logging_mixin.py:112} INFO - [2020-07-22 17:32:50,619] {spark_submit_hook.py:479} INFO - 20/07/22 17:32:50 INFO SecurityManager: Changing modify acls to: bhakti
[2020-07-22 17:32:50,620] {logging_mixin.py:112} INFO - [2020-07-22 17:32:50,620] {spark_submit_hook.py:479} INFO - 20/07/22 17:32:50 INFO SecurityManager: Changing view acls groups to:
[2020-07-22 17:32:50,621] {logging_mixin.py:112} INFO - [2020-07-22 17:32:50,621] {spark_submit_hook.py:479} INFO - 20/07/22 17:32:50 INFO SecurityManager: Changing modify acls groups to:
[2020-07-22 17:32:50,635] {logging_mixin.py:112} INFO - [2020-07-22 17:32:50,635] {spark_submit_hook.py:479} INFO - 20/07/22 17:32:50 INFO SecurityManager: SecurityManager: authentication disabled; ui acls disabled; users  with view permissions: Set(bhakti); groups with view permissions: Set(); users  with modify permissions: Set(bhakti); groups with modify permissions: Set()
[2020-07-22 17:32:51,560] {logging_mixin.py:112} INFO - [2020-07-22 17:32:51,560] {spark_submit_hook.py:479} INFO - 20/07/22 17:32:51 INFO Utils: Successfully started service 'sparkDriver' on port 44771.
[2020-07-22 17:32:51,661] {logging_mixin.py:112} INFO - [2020-07-22 17:32:51,661] {spark_submit_hook.py:479} INFO - 20/07/22 17:32:51 INFO SparkEnv: Registering MapOutputTracker
[2020-07-22 17:32:51,737] {logging_mixin.py:112} INFO - [2020-07-22 17:32:51,737] {spark_submit_hook.py:479} INFO - 20/07/22 17:32:51 INFO SparkEnv: Registering BlockManagerMaster
[2020-07-22 17:32:51,778] {logging_mixin.py:112} INFO - [2020-07-22 17:32:51,778] {spark_submit_hook.py:479} INFO - 20/07/22 17:32:51 INFO BlockManagerMasterEndpoint: Using org.apache.spark.storage.DefaultTopologyMapper for getting topology information
[2020-07-22 17:32:51,779] {logging_mixin.py:112} INFO - [2020-07-22 17:32:51,779] {spark_submit_hook.py:479} INFO - 20/07/22 17:32:51 INFO BlockManagerMasterEndpoint: BlockManagerMasterEndpoint up
[2020-07-22 17:32:51,785] {logging_mixin.py:112} INFO - [2020-07-22 17:32:51,784] {spark_submit_hook.py:479} INFO - 20/07/22 17:32:51 INFO SparkEnv: Registering BlockManagerMasterHeartbeat
[2020-07-22 17:32:51,804] {logging_mixin.py:112} INFO - [2020-07-22 17:32:51,804] {spark_submit_hook.py:479} INFO - 20/07/22 17:32:51 INFO DiskBlockManager: Created local directory at /tmp/blockmgr-9a1e1a5c-b4b5-45a5-952b-9afc766b583b
[2020-07-22 17:32:51,839] {logging_mixin.py:112} INFO - [2020-07-22 17:32:51,839] {spark_submit_hook.py:479} INFO - 20/07/22 17:32:51 INFO MemoryStore: MemoryStore started with capacity 366.3 MiB
[2020-07-22 17:32:51,864] {logging_mixin.py:112} INFO - [2020-07-22 17:32:51,863] {spark_submit_hook.py:479} INFO - 20/07/22 17:32:51 INFO SparkEnv: Registering OutputCommitCoordinator
[2020-07-22 17:32:52,382] {logging_mixin.py:112} INFO - [2020-07-22 17:32:52,382] {spark_submit_hook.py:479} INFO - 20/07/22 17:32:52 WARN Utils: Service 'SparkUI' could not bind on port 4040. Attempting port 4041.
[2020-07-22 17:32:52,404] {logging_mixin.py:112} INFO - [2020-07-22 17:32:52,403] {spark_submit_hook.py:479} INFO - 20/07/22 17:32:52 INFO Utils: Successfully started service 'SparkUI' on port 4041.
[2020-07-22 17:32:52,558] {logging_mixin.py:112} INFO - [2020-07-22 17:32:52,557] {spark_submit_hook.py:479} INFO - 20/07/22 17:32:52 INFO SparkUI: Bound SparkUI to 0.0.0.0, and started at http://192.168.43.94:4041
[2020-07-22 17:32:53,146] {logging_mixin.py:112} INFO - [2020-07-22 17:32:53,145] {spark_submit_hook.py:479} INFO - 20/07/22 17:32:53 INFO Executor: Starting executor ID driver on host 192.168.43.94
[2020-07-22 17:32:53,235] {logging_mixin.py:112} INFO - [2020-07-22 17:32:53,235] {spark_submit_hook.py:479} INFO - 20/07/22 17:32:53 INFO Utils: Successfully started service 'org.apache.spark.network.netty.NettyBlockTransferService' on port 41853.
[2020-07-22 17:32:53,235] {logging_mixin.py:112} INFO - [2020-07-22 17:32:53,235] {spark_submit_hook.py:479} INFO - 20/07/22 17:32:53 INFO NettyBlockTransferService: Server created on 192.168.43.94:41853
[2020-07-22 17:32:53,237] {logging_mixin.py:112} INFO - [2020-07-22 17:32:53,237] {spark_submit_hook.py:479} INFO - 20/07/22 17:32:53 INFO BlockManager: Using org.apache.spark.storage.RandomBlockReplicationPolicy for block replication policy
[2020-07-22 17:32:53,259] {logging_mixin.py:112} INFO - [2020-07-22 17:32:53,259] {spark_submit_hook.py:479} INFO - 20/07/22 17:32:53 INFO BlockManagerMaster: Registering BlockManager BlockManagerId(driver, 192.168.43.94, 41853, None)
[2020-07-22 17:32:53,269] {logging_mixin.py:112} INFO - [2020-07-22 17:32:53,269] {spark_submit_hook.py:479} INFO - 20/07/22 17:32:53 INFO BlockManagerMasterEndpoint: Registering block manager 192.168.43.94:41853 with 366.3 MiB RAM, BlockManagerId(driver, 192.168.43.94, 41853, None)
[2020-07-22 17:32:53,280] {logging_mixin.py:112} INFO - [2020-07-22 17:32:53,280] {spark_submit_hook.py:479} INFO - 20/07/22 17:32:53 INFO BlockManagerMaster: Registered BlockManager BlockManagerId(driver, 192.168.43.94, 41853, None)
[2020-07-22 17:32:53,283] {logging_mixin.py:112} INFO - [2020-07-22 17:32:53,282] {spark_submit_hook.py:479} INFO - 20/07/22 17:32:53 INFO BlockManager: Initialized BlockManager: BlockManagerId(driver, 192.168.43.94, 41853, None)
[2020-07-22 17:32:54,795] {logging_mixin.py:112} INFO - [2020-07-22 17:32:54,795] {spark_submit_hook.py:479} INFO - 20/07/22 17:32:54 INFO MemoryStore: Block broadcast_0 stored as values in memory (estimated size 241.5 KiB, free 366.1 MiB)
[2020-07-22 17:32:54,945] {logging_mixin.py:112} INFO - [2020-07-22 17:32:54,944] {spark_submit_hook.py:479} INFO - 20/07/22 17:32:54 INFO MemoryStore: Block broadcast_0_piece0 stored as bytes in memory (estimated size 23.4 KiB, free 366.0 MiB)
[2020-07-22 17:32:54,951] {logging_mixin.py:112} INFO - [2020-07-22 17:32:54,951] {spark_submit_hook.py:479} INFO - 20/07/22 17:32:54 INFO BlockManagerInfo: Added broadcast_0_piece0 in memory on 192.168.43.94:41853 (size: 23.4 KiB, free: 366.3 MiB)
[2020-07-22 17:32:54,965] {logging_mixin.py:112} INFO - [2020-07-22 17:32:54,965] {spark_submit_hook.py:479} INFO - 20/07/22 17:32:54 INFO SparkContext: Created broadcast 0 from textFile at NativeMethodAccessorImpl.java:0
[2020-07-22 17:32:55,342] {logging_mixin.py:112} INFO - [2020-07-22 17:32:55,342] {spark_submit_hook.py:479} INFO - 20/07/22 17:32:55 INFO FileInputFormat: Total input paths to process : 1
[2020-07-22 17:32:55,479] {logging_mixin.py:112} INFO - [2020-07-22 17:32:55,479] {spark_submit_hook.py:479} INFO - 20/07/22 17:32:55 INFO SparkContext: Starting job: collect at /home/bhakti/airflow/spark_jobs/spark_test.py:8
[2020-07-22 17:32:55,507] {logging_mixin.py:112} INFO - [2020-07-22 17:32:55,507] {spark_submit_hook.py:479} INFO - 20/07/22 17:32:55 INFO DAGScheduler: Got job 0 (collect at /home/bhakti/airflow/spark_jobs/spark_test.py:8) with 1 output partitions
[2020-07-22 17:32:55,509] {logging_mixin.py:112} INFO - [2020-07-22 17:32:55,509] {spark_submit_hook.py:479} INFO - 20/07/22 17:32:55 INFO DAGScheduler: Final stage: ResultStage 0 (collect at /home/bhakti/airflow/spark_jobs/spark_test.py:8)
[2020-07-22 17:32:55,510] {logging_mixin.py:112} INFO - [2020-07-22 17:32:55,510] {spark_submit_hook.py:479} INFO - 20/07/22 17:32:55 INFO DAGScheduler: Parents of final stage: List()
[2020-07-22 17:32:55,514] {logging_mixin.py:112} INFO - [2020-07-22 17:32:55,514] {spark_submit_hook.py:479} INFO - 20/07/22 17:32:55 INFO DAGScheduler: Missing parents: List()
[2020-07-22 17:32:55,526] {logging_mixin.py:112} INFO - [2020-07-22 17:32:55,526] {spark_submit_hook.py:479} INFO - 20/07/22 17:32:55 INFO DAGScheduler: Submitting ResultStage 0 (PythonRDD[2] at collect at /home/bhakti/airflow/spark_jobs/spark_test.py:8), which has no missing parents
[2020-07-22 17:32:55,561] {logging_mixin.py:112} INFO - [2020-07-22 17:32:55,561] {spark_submit_hook.py:479} INFO - 20/07/22 17:32:55 INFO MemoryStore: Block broadcast_1 stored as values in memory (estimated size 7.4 KiB, free 366.0 MiB)
[2020-07-22 17:32:55,566] {logging_mixin.py:112} INFO - [2020-07-22 17:32:55,566] {spark_submit_hook.py:479} INFO - 20/07/22 17:32:55 INFO MemoryStore: Block broadcast_1_piece0 stored as bytes in memory (estimated size 4.4 KiB, free 366.0 MiB)
[2020-07-22 17:32:55,568] {logging_mixin.py:112} INFO - [2020-07-22 17:32:55,568] {spark_submit_hook.py:479} INFO - 20/07/22 17:32:55 INFO BlockManagerInfo: Added broadcast_1_piece0 in memory on 192.168.43.94:41853 (size: 4.4 KiB, free: 366.3 MiB)
[2020-07-22 17:32:55,570] {logging_mixin.py:112} INFO - [2020-07-22 17:32:55,570] {spark_submit_hook.py:479} INFO - 20/07/22 17:32:55 INFO SparkContext: Created broadcast 1 from broadcast at DAGScheduler.scala:1200
[2020-07-22 17:32:55,595] {logging_mixin.py:112} INFO - [2020-07-22 17:32:55,595] {spark_submit_hook.py:479} INFO - 20/07/22 17:32:55 INFO DAGScheduler: Submitting 1 missing tasks from ResultStage 0 (PythonRDD[2] at collect at /home/bhakti/airflow/spark_jobs/spark_test.py:8) (first 15 tasks are for partitions Vector(0))
[2020-07-22 17:32:55,597] {logging_mixin.py:112} INFO - [2020-07-22 17:32:55,597] {spark_submit_hook.py:479} INFO - 20/07/22 17:32:55 INFO TaskSchedulerImpl: Adding task set 0.0 with 1 tasks
[2020-07-22 17:32:55,689] {logging_mixin.py:112} INFO - [2020-07-22 17:32:55,688] {spark_submit_hook.py:479} INFO - 20/07/22 17:32:55 INFO TaskSetManager: Starting task 0.0 in stage 0.0 (TID 0, 192.168.43.94, executor driver, partition 0, PROCESS_LOCAL, 7388 bytes)
[2020-07-22 17:32:55,713] {logging_mixin.py:112} INFO - [2020-07-22 17:32:55,713] {spark_submit_hook.py:479} INFO - 20/07/22 17:32:55 INFO Executor: Running task 0.0 in stage 0.0 (TID 0)
[2020-07-22 17:32:56,328] {logging_mixin.py:112} INFO - [2020-07-22 17:32:56,328] {spark_submit_hook.py:479} INFO - 20/07/22 17:32:56 INFO HadoopRDD: Input split: file:/home/bhakti/airflow/input_data/sample.csv:0+93
[2020-07-22 17:32:57,256] {logging_mixin.py:112} INFO - [2020-07-22 17:32:57,256] {spark_submit_hook.py:479} INFO - 20/07/22 17:32:57 INFO PythonRunner: Times: total = 896, boot = 875, init = 20, finish = 1
[2020-07-22 17:32:57,296] {logging_mixin.py:112} INFO - [2020-07-22 17:32:57,296] {spark_submit_hook.py:479} INFO - 20/07/22 17:32:57 INFO Executor: Finished task 0.0 in stage 0.0 (TID 0). 1822 bytes result sent to driver
[2020-07-22 17:32:57,317] {logging_mixin.py:112} INFO - [2020-07-22 17:32:57,317] {spark_submit_hook.py:479} INFO - 20/07/22 17:32:57 INFO TaskSetManager: Finished task 0.0 in stage 0.0 (TID 0) in 1652 ms on 192.168.43.94 (executor driver) (1/1)
[2020-07-22 17:32:57,322] {logging_mixin.py:112} INFO - [2020-07-22 17:32:57,322] {spark_submit_hook.py:479} INFO - 20/07/22 17:32:57 INFO TaskSchedulerImpl: Removed TaskSet 0.0, whose tasks have all completed, from pool
[2020-07-22 17:32:57,326] {logging_mixin.py:112} INFO - [2020-07-22 17:32:57,326] {spark_submit_hook.py:479} INFO - 20/07/22 17:32:57 INFO PythonAccumulatorV2: Connected to AccumulatorServer at host: 127.0.0.1 port: 42673
[2020-07-22 17:32:57,335] {logging_mixin.py:112} INFO - [2020-07-22 17:32:57,335] {spark_submit_hook.py:479} INFO - 20/07/22 17:32:57 INFO DAGScheduler: ResultStage 0 (collect at /home/bhakti/airflow/spark_jobs/spark_test.py:8) finished in 1.781 s
[2020-07-22 17:32:57,346] {logging_mixin.py:112} INFO - [2020-07-22 17:32:57,346] {spark_submit_hook.py:479} INFO - 20/07/22 17:32:57 INFO DAGScheduler: Job 0 is finished. Cancelling potential speculative or zombie tasks for this job
[2020-07-22 17:32:57,347] {logging_mixin.py:112} INFO - [2020-07-22 17:32:57,347] {spark_submit_hook.py:479} INFO - 20/07/22 17:32:57 INFO TaskSchedulerImpl: Killing all running tasks in stage 0: Stage finished
[2020-07-22 17:32:57,355] {logging_mixin.py:112} INFO - [2020-07-22 17:32:57,354] {spark_submit_hook.py:479} INFO - 20/07/22 17:32:57 INFO DAGScheduler: Job 0 finished: collect at /home/bhakti/airflow/spark_jobs/spark_test.py:8, took 1.871600 s
[2020-07-22 17:32:57,378] {logging_mixin.py:112} INFO - [2020-07-22 17:32:57,377] {spark_submit_hook.py:479} INFO - [('PERSON', 'JOINING_YEAR', 'COMPANY'), ('John', '2018', 'Google'), ('Sam', '2017', 'IBM'), ('Jeff', '2014', 'Yahoo'), ('Allen', '2015', 'Facebook')]
[2020-07-22 17:32:58,175] {logging_mixin.py:112} INFO - [2020-07-22 17:32:58,175] {spark_submit_hook.py:479} INFO - 20/07/22 17:32:58 INFO BlockManagerInfo: Removed broadcast_0_piece0 on 192.168.43.94:41853 in memory (size: 23.4 KiB, free: 366.3 MiB)
[2020-07-22 17:32:58,215] {logging_mixin.py:112} INFO - [2020-07-22 17:32:58,214] {spark_submit_hook.py:479} INFO - 20/07/22 17:32:58 INFO BlockManagerInfo: Removed broadcast_1_piece0 on 192.168.43.94:41853 in memory (size: 4.4 KiB, free: 366.3 MiB)
[2020-07-22 17:32:58,372] {logging_mixin.py:112} INFO - [2020-07-22 17:32:58,372] {spark_submit_hook.py:479} INFO - 20/07/22 17:32:58 INFO SharedState: Setting hive.metastore.warehouse.dir ('null') to the value of spark.sql.warehouse.dir ('file:/home/bhakti/airflow/spark-warehouse').
[2020-07-22 17:32:58,373] {logging_mixin.py:112} INFO - [2020-07-22 17:32:58,373] {spark_submit_hook.py:479} INFO - 20/07/22 17:32:58 INFO SharedState: Warehouse path is 'file:/home/bhakti/airflow/spark-warehouse'.
[2020-07-22 17:33:06,718] {logging_mixin.py:112} INFO - [2020-07-22 17:33:06,717] {spark_submit_hook.py:479} INFO - 20/07/22 17:33:06 INFO CodeGenerator: Code generated in 724.165173 ms
[2020-07-22 17:33:06,843] {logging_mixin.py:112} INFO - [2020-07-22 17:33:06,843] {spark_submit_hook.py:479} INFO - 20/07/22 17:33:06 INFO SparkContext: Starting job: showString at NativeMethodAccessorImpl.java:0
[2020-07-22 17:33:06,847] {logging_mixin.py:112} INFO - [2020-07-22 17:33:06,847] {spark_submit_hook.py:479} INFO - 20/07/22 17:33:06 INFO DAGScheduler: Got job 1 (showString at NativeMethodAccessorImpl.java:0) with 1 output partitions
[2020-07-22 17:33:06,848] {logging_mixin.py:112} INFO - [2020-07-22 17:33:06,847] {spark_submit_hook.py:479} INFO - 20/07/22 17:33:06 INFO DAGScheduler: Final stage: ResultStage 1 (showString at NativeMethodAccessorImpl.java:0)
[2020-07-22 17:33:06,849] {logging_mixin.py:112} INFO - [2020-07-22 17:33:06,848] {spark_submit_hook.py:479} INFO - 20/07/22 17:33:06 INFO DAGScheduler: Parents of final stage: List()
[2020-07-22 17:33:06,851] {logging_mixin.py:112} INFO - [2020-07-22 17:33:06,850] {spark_submit_hook.py:479} INFO - 20/07/22 17:33:06 INFO DAGScheduler: Missing parents: List()
[2020-07-22 17:33:06,855] {logging_mixin.py:112} INFO - [2020-07-22 17:33:06,854] {spark_submit_hook.py:479} INFO - 20/07/22 17:33:06 INFO DAGScheduler: Submitting ResultStage 1 (MapPartitionsRDD[9] at showString at NativeMethodAccessorImpl.java:0), which has no missing parents
[2020-07-22 17:33:06,914] {logging_mixin.py:112} INFO - [2020-07-22 17:33:06,913] {spark_submit_hook.py:479} INFO - 20/07/22 17:33:06 INFO MemoryStore: Block broadcast_2 stored as values in memory (estimated size 11.2 KiB, free 366.3 MiB)
[2020-07-22 17:33:06,923] {logging_mixin.py:112} INFO - [2020-07-22 17:33:06,923] {spark_submit_hook.py:479} INFO - 20/07/22 17:33:06 INFO MemoryStore: Block broadcast_2_piece0 stored as bytes in memory (estimated size 5.8 KiB, free 366.3 MiB)
[2020-07-22 17:33:06,928] {logging_mixin.py:112} INFO - [2020-07-22 17:33:06,928] {spark_submit_hook.py:479} INFO - 20/07/22 17:33:06 INFO BlockManagerInfo: Added broadcast_2_piece0 in memory on 192.168.43.94:41853 (size: 5.8 KiB, free: 366.3 MiB)
[2020-07-22 17:33:06,929] {logging_mixin.py:112} INFO - [2020-07-22 17:33:06,929] {spark_submit_hook.py:479} INFO - 20/07/22 17:33:06 INFO SparkContext: Created broadcast 2 from broadcast at DAGScheduler.scala:1200
[2020-07-22 17:33:06,931] {logging_mixin.py:112} INFO - [2020-07-22 17:33:06,931] {spark_submit_hook.py:479} INFO - 20/07/22 17:33:06 INFO DAGScheduler: Submitting 1 missing tasks from ResultStage 1 (MapPartitionsRDD[9] at showString at NativeMethodAccessorImpl.java:0) (first 15 tasks are for partitions Vector(0))
[2020-07-22 17:33:06,932] {logging_mixin.py:112} INFO - [2020-07-22 17:33:06,931] {spark_submit_hook.py:479} INFO - 20/07/22 17:33:06 INFO TaskSchedulerImpl: Adding task set 1.0 with 1 tasks
[2020-07-22 17:33:06,961] {logging_mixin.py:112} INFO - [2020-07-22 17:33:06,961] {spark_submit_hook.py:479} INFO - 20/07/22 17:33:06 INFO TaskSetManager: Starting task 0.0 in stage 1.0 (TID 1, 192.168.43.94, executor driver, partition 0, PROCESS_LOCAL, 7493 bytes)
[2020-07-22 17:33:06,965] {logging_mixin.py:112} INFO - [2020-07-22 17:33:06,964] {spark_submit_hook.py:479} INFO - 20/07/22 17:33:06 INFO Executor: Running task 0.0 in stage 1.0 (TID 1)
[2020-07-22 17:33:07,152] {logging_mixin.py:112} INFO - [2020-07-22 17:33:07,151] {spark_submit_hook.py:479} INFO - 20/07/22 17:33:07 INFO PythonRunner: Times: total = 4, boot = -9816, init = 9820, finish = 0
[2020-07-22 17:33:07,160] {logging_mixin.py:112} INFO - [2020-07-22 17:33:07,160] {spark_submit_hook.py:479} INFO - 20/07/22 17:33:07 INFO Executor: Finished task 0.0 in stage 1.0 (TID 1). 2235 bytes result sent to driver
[2020-07-22 17:33:07,173] {logging_mixin.py:112} INFO - [2020-07-22 17:33:07,172] {spark_submit_hook.py:479} INFO - 20/07/22 17:33:07 INFO TaskSetManager: Finished task 0.0 in stage 1.0 (TID 1) in 237 ms on 192.168.43.94 (executor driver) (1/1)
[2020-07-22 17:33:07,173] {logging_mixin.py:112} INFO - [2020-07-22 17:33:07,173] {spark_submit_hook.py:479} INFO - 20/07/22 17:33:07 INFO TaskSchedulerImpl: Removed TaskSet 1.0, whose tasks have all completed, from pool
[2020-07-22 17:33:07,178] {logging_mixin.py:112} INFO - [2020-07-22 17:33:07,178] {spark_submit_hook.py:479} INFO - 20/07/22 17:33:07 INFO DAGScheduler: ResultStage 1 (showString at NativeMethodAccessorImpl.java:0) finished in 0.319 s
[2020-07-22 17:33:07,179] {logging_mixin.py:112} INFO - [2020-07-22 17:33:07,179] {spark_submit_hook.py:479} INFO - 20/07/22 17:33:07 INFO DAGScheduler: Job 1 is finished. Cancelling potential speculative or zombie tasks for this job
[2020-07-22 17:33:07,180] {logging_mixin.py:112} INFO - [2020-07-22 17:33:07,180] {spark_submit_hook.py:479} INFO - 20/07/22 17:33:07 INFO TaskSchedulerImpl: Killing all running tasks in stage 1: Stage finished
[2020-07-22 17:33:07,184] {logging_mixin.py:112} INFO - [2020-07-22 17:33:07,184] {spark_submit_hook.py:479} INFO - 20/07/22 17:33:07 INFO DAGScheduler: Job 1 finished: showString at NativeMethodAccessorImpl.java:0, took 0.337413 s
[2020-07-22 17:33:07,469] {logging_mixin.py:112} INFO - [2020-07-22 17:33:07,469] {spark_submit_hook.py:479} INFO - 20/07/22 17:33:07 INFO CodeGenerator: Code generated in 121.231709 ms
[2020-07-22 17:33:07,495] {logging_mixin.py:112} INFO - [2020-07-22 17:33:07,495] {spark_submit_hook.py:479} INFO - +------+------------+--------+
[2020-07-22 17:33:07,496] {logging_mixin.py:112} INFO - [2020-07-22 17:33:07,496] {spark_submit_hook.py:479} INFO - |    _1|          _2|      _3|
[2020-07-22 17:33:07,496] {logging_mixin.py:112} INFO - [2020-07-22 17:33:07,496] {spark_submit_hook.py:479} INFO - +------+------------+--------+
[2020-07-22 17:33:07,496] {logging_mixin.py:112} INFO - [2020-07-22 17:33:07,496] {spark_submit_hook.py:479} INFO - |PERSON|JOINING_YEAR| COMPANY|
[2020-07-22 17:33:07,497] {logging_mixin.py:112} INFO - [2020-07-22 17:33:07,496] {spark_submit_hook.py:479} INFO - |  John|        2018|  Google|
[2020-07-22 17:33:07,497] {logging_mixin.py:112} INFO - [2020-07-22 17:33:07,497] {spark_submit_hook.py:479} INFO - |   Sam|        2017|     IBM|
[2020-07-22 17:33:07,497] {logging_mixin.py:112} INFO - [2020-07-22 17:33:07,497] {spark_submit_hook.py:479} INFO - |  Jeff|        2014|   Yahoo|
[2020-07-22 17:33:07,497] {logging_mixin.py:112} INFO - [2020-07-22 17:33:07,497] {spark_submit_hook.py:479} INFO - | Allen|        2015|Facebook|
[2020-07-22 17:33:07,498] {logging_mixin.py:112} INFO - [2020-07-22 17:33:07,498] {spark_submit_hook.py:479} INFO - +------+------------+--------+
[2020-07-22 17:33:07,498] {logging_mixin.py:112} INFO - [2020-07-22 17:33:07,498] {spark_submit_hook.py:479} INFO - 
[2020-07-22 17:33:07,706] {logging_mixin.py:112} INFO - [2020-07-22 17:33:07,706] {spark_submit_hook.py:479} INFO - 20/07/22 17:33:07 INFO SparkContext: Invoking stop() from shutdown hook
[2020-07-22 17:33:07,727] {logging_mixin.py:112} INFO - [2020-07-22 17:33:07,727] {spark_submit_hook.py:479} INFO - 20/07/22 17:33:07 INFO SparkUI: Stopped Spark web UI at http://192.168.43.94:4041
[2020-07-22 17:33:07,762] {logging_mixin.py:112} INFO - [2020-07-22 17:33:07,762] {spark_submit_hook.py:479} INFO - 20/07/22 17:33:07 INFO MapOutputTrackerMasterEndpoint: MapOutputTrackerMasterEndpoint stopped!
[2020-07-22 17:33:07,789] {logging_mixin.py:112} INFO - [2020-07-22 17:33:07,789] {spark_submit_hook.py:479} INFO - 20/07/22 17:33:07 INFO MemoryStore: MemoryStore cleared
[2020-07-22 17:33:07,793] {logging_mixin.py:112} INFO - [2020-07-22 17:33:07,792] {spark_submit_hook.py:479} INFO - 20/07/22 17:33:07 INFO BlockManager: BlockManager stopped
[2020-07-22 17:33:07,798] {logging_mixin.py:112} INFO - [2020-07-22 17:33:07,798] {spark_submit_hook.py:479} INFO - 20/07/22 17:33:07 INFO BlockManagerMaster: BlockManagerMaster stopped
[2020-07-22 17:33:07,816] {logging_mixin.py:112} INFO - [2020-07-22 17:33:07,816] {spark_submit_hook.py:479} INFO - 20/07/22 17:33:07 INFO OutputCommitCoordinator$OutputCommitCoordinatorEndpoint: OutputCommitCoordinator stopped!
[2020-07-22 17:33:07,855] {logging_mixin.py:112} INFO - [2020-07-22 17:33:07,855] {spark_submit_hook.py:479} INFO - 20/07/22 17:33:07 INFO SparkContext: Successfully stopped SparkContext
[2020-07-22 17:33:07,856] {logging_mixin.py:112} INFO - [2020-07-22 17:33:07,856] {spark_submit_hook.py:479} INFO - 20/07/22 17:33:07 INFO ShutdownHookManager: Shutdown hook called
[2020-07-22 17:33:07,863] {logging_mixin.py:112} INFO - [2020-07-22 17:33:07,863] {spark_submit_hook.py:479} INFO - 20/07/22 17:33:07 INFO ShutdownHookManager: Deleting directory /tmp/spark-2e6c0fcf-ad78-4066-9d17-4f16d72d4069
[2020-07-22 17:33:07,873] {logging_mixin.py:112} INFO - [2020-07-22 17:33:07,873] {spark_submit_hook.py:479} INFO - 20/07/22 17:33:07 INFO ShutdownHookManager: Deleting directory /tmp/spark-2e6c0fcf-ad78-4066-9d17-4f16d72d4069/pyspark-a8ee8ea5-1bf6-4e0a-be43-da6543cafb0b
[2020-07-22 17:33:07,882] {logging_mixin.py:112} INFO - [2020-07-22 17:33:07,881] {spark_submit_hook.py:479} INFO - 20/07/22 17:33:07 INFO ShutdownHookManager: Deleting directory /tmp/spark-b4104c42-469f-42b7-8b69-e550e3046c16
[2020-07-22 17:33:08,015] {taskinstance.py:1052} INFO - Marking task as SUCCESS.dag_id=submit_data, task_id=spark_submit, execution_date=20200720T074900, start_date=20200722T120240, end_date=20200722T120308
[2020-07-22 17:33:10,795] {logging_mixin.py:112} INFO - [2020-07-22 17:33:10,795] {local_task_job.py:103} INFO - Task exited with return code 0
