[2020-07-28 16:37:18,195] {taskinstance.py:669} INFO - Dependencies all met for <TaskInstance: submit_data.spark_submit 2020-07-28T10:41:13.109943+00:00 [queued]>
[2020-07-28 16:37:18,204] {taskinstance.py:669} INFO - Dependencies all met for <TaskInstance: submit_data.spark_submit 2020-07-28T10:41:13.109943+00:00 [queued]>
[2020-07-28 16:37:18,204] {taskinstance.py:879} INFO - 
--------------------------------------------------------------------------------
[2020-07-28 16:37:18,204] {taskinstance.py:880} INFO - Starting attempt 1 of 1
[2020-07-28 16:37:18,204] {taskinstance.py:881} INFO - 
--------------------------------------------------------------------------------
[2020-07-28 16:37:18,431] {taskinstance.py:900} INFO - Executing <Task(SparkSubmitOperator): spark_submit> on 2020-07-28T10:41:13.109943+00:00
[2020-07-28 16:37:18,435] {standard_task_runner.py:53} INFO - Started process 115863 to run task
[2020-07-28 16:37:18,731] {logging_mixin.py:112} INFO - Running %s on host %s <TaskInstance: submit_data.spark_submit 2020-07-28T10:41:13.109943+00:00 [running]> bhakti-Vostro-3558
[2020-07-28 16:37:18,753] {logging_mixin.py:112} INFO - [2020-07-28 16:37:18,753] {base_hook.py:87} INFO - Using connection to: id: spark_local. Host: local, Port: None, Schema: None, Login: None, Password: None, extra: None
[2020-07-28 16:37:18,755] {logging_mixin.py:112} INFO - [2020-07-28 16:37:18,754] {spark_submit_hook.py:325} INFO - Spark-Submit cmd: spark-submit --master local --name airflow-spark /home/bhakti/airflow/spark_jobs/spark_test.py
[2020-07-28 16:37:20,808] {logging_mixin.py:112} INFO - [2020-07-28 16:37:20,807] {spark_submit_hook.py:479} INFO - 20/07/28 16:37:20 WARN Utils: Your hostname, bhakti-Vostro-3558 resolves to a loopback address: 127.0.1.1; using 192.168.43.94 instead (on interface wlp6s0)
[2020-07-28 16:37:20,810] {logging_mixin.py:112} INFO - [2020-07-28 16:37:20,810] {spark_submit_hook.py:479} INFO - 20/07/28 16:37:20 WARN Utils: Set SPARK_LOCAL_IP if you need to bind to another address
[2020-07-28 16:37:21,885] {logging_mixin.py:112} INFO - [2020-07-28 16:37:21,884] {spark_submit_hook.py:479} INFO - 20/07/28 16:37:21 WARN NativeCodeLoader: Unable to load native-hadoop library for your platform... using builtin-java classes where applicable
[2020-07-28 16:37:23,753] {logging_mixin.py:112} INFO - [2020-07-28 16:37:23,753] {spark_submit_hook.py:479} INFO - Using Spark's default log4j profile: org/apache/spark/log4j-defaults.properties
[2020-07-28 16:37:23,767] {logging_mixin.py:112} INFO - [2020-07-28 16:37:23,767] {spark_submit_hook.py:479} INFO - 20/07/28 16:37:23 INFO SparkContext: Running Spark version 3.0.0
[2020-07-28 16:37:23,853] {logging_mixin.py:112} INFO - [2020-07-28 16:37:23,853] {spark_submit_hook.py:479} INFO - 20/07/28 16:37:23 INFO ResourceUtils: ==============================================================
[2020-07-28 16:37:23,856] {logging_mixin.py:112} INFO - [2020-07-28 16:37:23,855] {spark_submit_hook.py:479} INFO - 20/07/28 16:37:23 INFO ResourceUtils: Resources for spark.driver:
[2020-07-28 16:37:23,856] {logging_mixin.py:112} INFO - [2020-07-28 16:37:23,856] {spark_submit_hook.py:479} INFO - 
[2020-07-28 16:37:23,857] {logging_mixin.py:112} INFO - [2020-07-28 16:37:23,856] {spark_submit_hook.py:479} INFO - 20/07/28 16:37:23 INFO ResourceUtils: ==============================================================
[2020-07-28 16:37:23,857] {logging_mixin.py:112} INFO - [2020-07-28 16:37:23,857] {spark_submit_hook.py:479} INFO - 20/07/28 16:37:23 INFO SparkContext: Submitted application: Spark_Test_Python
[2020-07-28 16:37:23,989] {logging_mixin.py:112} INFO - [2020-07-28 16:37:23,989] {spark_submit_hook.py:479} INFO - 20/07/28 16:37:23 INFO SecurityManager: Changing view acls to: bhakti
[2020-07-28 16:37:23,990] {logging_mixin.py:112} INFO - [2020-07-28 16:37:23,990] {spark_submit_hook.py:479} INFO - 20/07/28 16:37:23 INFO SecurityManager: Changing modify acls to: bhakti
[2020-07-28 16:37:23,990] {logging_mixin.py:112} INFO - [2020-07-28 16:37:23,990] {spark_submit_hook.py:479} INFO - 20/07/28 16:37:23 INFO SecurityManager: Changing view acls groups to:
[2020-07-28 16:37:23,991] {logging_mixin.py:112} INFO - [2020-07-28 16:37:23,991] {spark_submit_hook.py:479} INFO - 20/07/28 16:37:23 INFO SecurityManager: Changing modify acls groups to:
[2020-07-28 16:37:23,991] {logging_mixin.py:112} INFO - [2020-07-28 16:37:23,991] {spark_submit_hook.py:479} INFO - 20/07/28 16:37:23 INFO SecurityManager: SecurityManager: authentication disabled; ui acls disabled; users  with view permissions: Set(bhakti); groups with view permissions: Set(); users  with modify permissions: Set(bhakti); groups with modify permissions: Set()
[2020-07-28 16:37:24,784] {logging_mixin.py:112} INFO - [2020-07-28 16:37:24,783] {spark_submit_hook.py:479} INFO - 20/07/28 16:37:24 INFO Utils: Successfully started service 'sparkDriver' on port 44727.
[2020-07-28 16:37:24,848] {logging_mixin.py:112} INFO - [2020-07-28 16:37:24,848] {spark_submit_hook.py:479} INFO - 20/07/28 16:37:24 INFO SparkEnv: Registering MapOutputTracker
[2020-07-28 16:37:24,937] {logging_mixin.py:112} INFO - [2020-07-28 16:37:24,937] {spark_submit_hook.py:479} INFO - 20/07/28 16:37:24 INFO SparkEnv: Registering BlockManagerMaster
[2020-07-28 16:37:24,989] {logging_mixin.py:112} INFO - [2020-07-28 16:37:24,989] {spark_submit_hook.py:479} INFO - 20/07/28 16:37:24 INFO BlockManagerMasterEndpoint: Using org.apache.spark.storage.DefaultTopologyMapper for getting topology information
[2020-07-28 16:37:24,989] {logging_mixin.py:112} INFO - [2020-07-28 16:37:24,989] {spark_submit_hook.py:479} INFO - 20/07/28 16:37:24 INFO BlockManagerMasterEndpoint: BlockManagerMasterEndpoint up
[2020-07-28 16:37:25,006] {logging_mixin.py:112} INFO - [2020-07-28 16:37:25,006] {spark_submit_hook.py:479} INFO - 20/07/28 16:37:25 INFO SparkEnv: Registering BlockManagerMasterHeartbeat
[2020-07-28 16:37:25,039] {logging_mixin.py:112} INFO - [2020-07-28 16:37:25,038] {spark_submit_hook.py:479} INFO - 20/07/28 16:37:25 INFO DiskBlockManager: Created local directory at /tmp/blockmgr-59d431cb-4b40-457c-bef7-afbb1906fbf8
[2020-07-28 16:37:25,093] {logging_mixin.py:112} INFO - [2020-07-28 16:37:25,093] {spark_submit_hook.py:479} INFO - 20/07/28 16:37:25 INFO MemoryStore: MemoryStore started with capacity 366.3 MiB
[2020-07-28 16:37:25,150] {logging_mixin.py:112} INFO - [2020-07-28 16:37:25,150] {spark_submit_hook.py:479} INFO - 20/07/28 16:37:25 INFO SparkEnv: Registering OutputCommitCoordinator
[2020-07-28 16:37:25,783] {logging_mixin.py:112} INFO - [2020-07-28 16:37:25,783] {spark_submit_hook.py:479} INFO - 20/07/28 16:37:25 WARN Utils: Service 'SparkUI' could not bind on port 4040. Attempting port 4041.
[2020-07-28 16:37:25,784] {logging_mixin.py:112} INFO - [2020-07-28 16:37:25,784] {spark_submit_hook.py:479} INFO - 20/07/28 16:37:25 WARN Utils: Service 'SparkUI' could not bind on port 4041. Attempting port 4042.
[2020-07-28 16:37:25,785] {logging_mixin.py:112} INFO - [2020-07-28 16:37:25,785] {spark_submit_hook.py:479} INFO - 20/07/28 16:37:25 WARN Utils: Service 'SparkUI' could not bind on port 4042. Attempting port 4043.
[2020-07-28 16:37:25,808] {logging_mixin.py:112} INFO - [2020-07-28 16:37:25,808] {spark_submit_hook.py:479} INFO - 20/07/28 16:37:25 INFO Utils: Successfully started service 'SparkUI' on port 4043.
[2020-07-28 16:37:25,975] {logging_mixin.py:112} INFO - [2020-07-28 16:37:25,975] {spark_submit_hook.py:479} INFO - 20/07/28 16:37:25 INFO SparkUI: Bound SparkUI to 0.0.0.0, and started at http://192.168.43.94:4043
[2020-07-28 16:37:26,857] {logging_mixin.py:112} INFO - [2020-07-28 16:37:26,857] {spark_submit_hook.py:479} INFO - 20/07/28 16:37:26 INFO Executor: Starting executor ID driver on host 192.168.43.94
[2020-07-28 16:37:26,982] {logging_mixin.py:112} INFO - [2020-07-28 16:37:26,982] {spark_submit_hook.py:479} INFO - 20/07/28 16:37:26 INFO Utils: Successfully started service 'org.apache.spark.network.netty.NettyBlockTransferService' on port 41939.
[2020-07-28 16:37:26,983] {logging_mixin.py:112} INFO - [2020-07-28 16:37:26,983] {spark_submit_hook.py:479} INFO - 20/07/28 16:37:26 INFO NettyBlockTransferService: Server created on 192.168.43.94:41939
[2020-07-28 16:37:26,987] {logging_mixin.py:112} INFO - [2020-07-28 16:37:26,987] {spark_submit_hook.py:479} INFO - 20/07/28 16:37:26 INFO BlockManager: Using org.apache.spark.storage.RandomBlockReplicationPolicy for block replication policy
[2020-07-28 16:37:27,022] {logging_mixin.py:112} INFO - [2020-07-28 16:37:27,021] {spark_submit_hook.py:479} INFO - 20/07/28 16:37:27 INFO BlockManagerMaster: Registering BlockManager BlockManagerId(driver, 192.168.43.94, 41939, None)
[2020-07-28 16:37:27,041] {logging_mixin.py:112} INFO - [2020-07-28 16:37:27,041] {spark_submit_hook.py:479} INFO - 20/07/28 16:37:27 INFO BlockManagerMasterEndpoint: Registering block manager 192.168.43.94:41939 with 366.3 MiB RAM, BlockManagerId(driver, 192.168.43.94, 41939, None)
[2020-07-28 16:37:27,054] {logging_mixin.py:112} INFO - [2020-07-28 16:37:27,054] {spark_submit_hook.py:479} INFO - 20/07/28 16:37:27 INFO BlockManagerMaster: Registered BlockManager BlockManagerId(driver, 192.168.43.94, 41939, None)
[2020-07-28 16:37:27,057] {logging_mixin.py:112} INFO - [2020-07-28 16:37:27,057] {spark_submit_hook.py:479} INFO - 20/07/28 16:37:27 INFO BlockManager: Initialized BlockManager: BlockManagerId(driver, 192.168.43.94, 41939, None)
[2020-07-28 16:37:28,987] {logging_mixin.py:112} INFO - [2020-07-28 16:37:28,987] {spark_submit_hook.py:479} INFO - 20/07/28 16:37:28 INFO MemoryStore: Block broadcast_0 stored as values in memory (estimated size 241.5 KiB, free 366.1 MiB)
[2020-07-28 16:37:29,232] {logging_mixin.py:112} INFO - [2020-07-28 16:37:29,232] {spark_submit_hook.py:479} INFO - 20/07/28 16:37:29 INFO MemoryStore: Block broadcast_0_piece0 stored as bytes in memory (estimated size 23.4 KiB, free 366.0 MiB)
[2020-07-28 16:37:29,242] {logging_mixin.py:112} INFO - [2020-07-28 16:37:29,242] {spark_submit_hook.py:479} INFO - 20/07/28 16:37:29 INFO BlockManagerInfo: Added broadcast_0_piece0 in memory on 192.168.43.94:41939 (size: 23.4 KiB, free: 366.3 MiB)
[2020-07-28 16:37:29,296] {logging_mixin.py:112} INFO - [2020-07-28 16:37:29,296] {spark_submit_hook.py:479} INFO - 20/07/28 16:37:29 INFO SparkContext: Created broadcast 0 from textFile at NativeMethodAccessorImpl.java:0
[2020-07-28 16:37:29,782] {logging_mixin.py:112} INFO - [2020-07-28 16:37:29,781] {spark_submit_hook.py:479} INFO - 20/07/28 16:37:29 INFO FileInputFormat: Total input paths to process : 1
[2020-07-28 16:37:29,904] {logging_mixin.py:112} INFO - [2020-07-28 16:37:29,904] {spark_submit_hook.py:479} INFO - 20/07/28 16:37:29 INFO SparkContext: Starting job: collect at /home/bhakti/airflow/spark_jobs/spark_test.py:8
[2020-07-28 16:37:29,968] {logging_mixin.py:112} INFO - [2020-07-28 16:37:29,968] {spark_submit_hook.py:479} INFO - 20/07/28 16:37:29 INFO DAGScheduler: Got job 0 (collect at /home/bhakti/airflow/spark_jobs/spark_test.py:8) with 1 output partitions
[2020-07-28 16:37:29,975] {logging_mixin.py:112} INFO - [2020-07-28 16:37:29,975] {spark_submit_hook.py:479} INFO - 20/07/28 16:37:29 INFO DAGScheduler: Final stage: ResultStage 0 (collect at /home/bhakti/airflow/spark_jobs/spark_test.py:8)
[2020-07-28 16:37:29,976] {logging_mixin.py:112} INFO - [2020-07-28 16:37:29,976] {spark_submit_hook.py:479} INFO - 20/07/28 16:37:29 INFO DAGScheduler: Parents of final stage: List()
[2020-07-28 16:37:29,981] {logging_mixin.py:112} INFO - [2020-07-28 16:37:29,981] {spark_submit_hook.py:479} INFO - 20/07/28 16:37:29 INFO DAGScheduler: Missing parents: List()
[2020-07-28 16:37:29,997] {logging_mixin.py:112} INFO - [2020-07-28 16:37:29,997] {spark_submit_hook.py:479} INFO - 20/07/28 16:37:29 INFO DAGScheduler: Submitting ResultStage 0 (PythonRDD[2] at collect at /home/bhakti/airflow/spark_jobs/spark_test.py:8), which has no missing parents
[2020-07-28 16:37:30,038] {logging_mixin.py:112} INFO - [2020-07-28 16:37:30,038] {spark_submit_hook.py:479} INFO - 20/07/28 16:37:30 INFO MemoryStore: Block broadcast_1 stored as values in memory (estimated size 7.4 KiB, free 366.0 MiB)
[2020-07-28 16:37:30,047] {logging_mixin.py:112} INFO - [2020-07-28 16:37:30,046] {spark_submit_hook.py:479} INFO - 20/07/28 16:37:30 INFO MemoryStore: Block broadcast_1_piece0 stored as bytes in memory (estimated size 4.4 KiB, free 366.0 MiB)
[2020-07-28 16:37:30,049] {logging_mixin.py:112} INFO - [2020-07-28 16:37:30,049] {spark_submit_hook.py:479} INFO - 20/07/28 16:37:30 INFO BlockManagerInfo: Added broadcast_1_piece0 in memory on 192.168.43.94:41939 (size: 4.4 KiB, free: 366.3 MiB)
[2020-07-28 16:37:30,051] {logging_mixin.py:112} INFO - [2020-07-28 16:37:30,050] {spark_submit_hook.py:479} INFO - 20/07/28 16:37:30 INFO SparkContext: Created broadcast 1 from broadcast at DAGScheduler.scala:1200
[2020-07-28 16:37:30,076] {logging_mixin.py:112} INFO - [2020-07-28 16:37:30,076] {spark_submit_hook.py:479} INFO - 20/07/28 16:37:30 INFO DAGScheduler: Submitting 1 missing tasks from ResultStage 0 (PythonRDD[2] at collect at /home/bhakti/airflow/spark_jobs/spark_test.py:8) (first 15 tasks are for partitions Vector(0))
[2020-07-28 16:37:30,079] {logging_mixin.py:112} INFO - [2020-07-28 16:37:30,079] {spark_submit_hook.py:479} INFO - 20/07/28 16:37:30 INFO TaskSchedulerImpl: Adding task set 0.0 with 1 tasks
[2020-07-28 16:37:30,222] {logging_mixin.py:112} INFO - [2020-07-28 16:37:30,222] {spark_submit_hook.py:479} INFO - 20/07/28 16:37:30 INFO TaskSetManager: Starting task 0.0 in stage 0.0 (TID 0, 192.168.43.94, executor driver, partition 0, PROCESS_LOCAL, 7388 bytes)
[2020-07-28 16:37:30,260] {logging_mixin.py:112} INFO - [2020-07-28 16:37:30,260] {spark_submit_hook.py:479} INFO - 20/07/28 16:37:30 INFO Executor: Running task 0.0 in stage 0.0 (TID 0)
[2020-07-28 16:37:31,090] {logging_mixin.py:112} INFO - [2020-07-28 16:37:31,090] {spark_submit_hook.py:479} INFO - 20/07/28 16:37:31 INFO HadoopRDD: Input split: file:/home/bhakti/airflow/input_data/sample.csv:0+93
[2020-07-28 16:37:32,193] {logging_mixin.py:112} INFO - [2020-07-28 16:37:32,192] {spark_submit_hook.py:479} INFO - 20/07/28 16:37:32 INFO PythonRunner: Times: total = 1069, boot = 1048, init = 21, finish = 0
[2020-07-28 16:37:32,235] {logging_mixin.py:112} INFO - [2020-07-28 16:37:32,234] {spark_submit_hook.py:479} INFO - 20/07/28 16:37:32 INFO Executor: Finished task 0.0 in stage 0.0 (TID 0). 1822 bytes result sent to driver
[2020-07-28 16:37:32,249] {logging_mixin.py:112} INFO - [2020-07-28 16:37:32,249] {spark_submit_hook.py:479} INFO - 20/07/28 16:37:32 INFO TaskSetManager: Finished task 0.0 in stage 0.0 (TID 0) in 2081 ms on 192.168.43.94 (executor driver) (1/1)
[2020-07-28 16:37:32,253] {logging_mixin.py:112} INFO - [2020-07-28 16:37:32,253] {spark_submit_hook.py:479} INFO - 20/07/28 16:37:32 INFO TaskSchedulerImpl: Removed TaskSet 0.0, whose tasks have all completed, from pool
[2020-07-28 16:37:32,259] {logging_mixin.py:112} INFO - [2020-07-28 16:37:32,259] {spark_submit_hook.py:479} INFO - 20/07/28 16:37:32 INFO PythonAccumulatorV2: Connected to AccumulatorServer at host: 127.0.0.1 port: 37775
[2020-07-28 16:37:32,271] {logging_mixin.py:112} INFO - [2020-07-28 16:37:32,271] {spark_submit_hook.py:479} INFO - 20/07/28 16:37:32 INFO DAGScheduler: ResultStage 0 (collect at /home/bhakti/airflow/spark_jobs/spark_test.py:8) finished in 2.239 s
[2020-07-28 16:37:32,291] {logging_mixin.py:112} INFO - [2020-07-28 16:37:32,291] {spark_submit_hook.py:479} INFO - 20/07/28 16:37:32 INFO DAGScheduler: Job 0 is finished. Cancelling potential speculative or zombie tasks for this job
[2020-07-28 16:37:32,299] {logging_mixin.py:112} INFO - [2020-07-28 16:37:32,299] {spark_submit_hook.py:479} INFO - 20/07/28 16:37:32 INFO TaskSchedulerImpl: Killing all running tasks in stage 0: Stage finished
[2020-07-28 16:37:32,307] {logging_mixin.py:112} INFO - [2020-07-28 16:37:32,307] {spark_submit_hook.py:479} INFO - 20/07/28 16:37:32 INFO DAGScheduler: Job 0 finished: collect at /home/bhakti/airflow/spark_jobs/spark_test.py:8, took 2.400063 s
[2020-07-28 16:37:32,325] {logging_mixin.py:112} INFO - [2020-07-28 16:37:32,325] {spark_submit_hook.py:479} INFO - [('PERSON', 'JOINING_YEAR', 'COMPANY'), ('John', '2018', 'Google'), ('Sam', '2017', 'IBM'), ('Jeff', '2014', 'Yahoo'), ('Allen', '2015', 'Facebook')]
[2020-07-28 16:37:33,174] {logging_mixin.py:112} INFO - [2020-07-28 16:37:33,174] {spark_submit_hook.py:479} INFO - 20/07/28 16:37:33 INFO BlockManagerInfo: Removed broadcast_1_piece0 on 192.168.43.94:41939 in memory (size: 4.4 KiB, free: 366.3 MiB)
[2020-07-28 16:37:33,214] {logging_mixin.py:112} INFO - [2020-07-28 16:37:33,213] {spark_submit_hook.py:479} INFO - 20/07/28 16:37:33 INFO BlockManagerInfo: Removed broadcast_0_piece0 on 192.168.43.94:41939 in memory (size: 23.4 KiB, free: 366.3 MiB)
[2020-07-28 16:37:33,338] {logging_mixin.py:112} INFO - [2020-07-28 16:37:33,338] {spark_submit_hook.py:479} INFO - 20/07/28 16:37:33 INFO SharedState: Setting hive.metastore.warehouse.dir ('null') to the value of spark.sql.warehouse.dir ('file:/home/bhakti/airflow/spark-warehouse').
[2020-07-28 16:37:33,339] {logging_mixin.py:112} INFO - [2020-07-28 16:37:33,339] {spark_submit_hook.py:479} INFO - 20/07/28 16:37:33 INFO SharedState: Warehouse path is 'file:/home/bhakti/airflow/spark-warehouse'.
[2020-07-28 16:37:37,866] {logging_mixin.py:112} INFO - [2020-07-28 16:37:37,865] {spark_submit_hook.py:479} INFO - 20/07/28 16:37:37 INFO CodeGenerator: Code generated in 363.117161 ms
[2020-07-28 16:37:37,934] {logging_mixin.py:112} INFO - [2020-07-28 16:37:37,934] {spark_submit_hook.py:479} INFO - 20/07/28 16:37:37 INFO SparkContext: Starting job: showString at NativeMethodAccessorImpl.java:0
[2020-07-28 16:37:37,937] {logging_mixin.py:112} INFO - [2020-07-28 16:37:37,937] {spark_submit_hook.py:479} INFO - 20/07/28 16:37:37 INFO DAGScheduler: Got job 1 (showString at NativeMethodAccessorImpl.java:0) with 1 output partitions
[2020-07-28 16:37:37,938] {logging_mixin.py:112} INFO - [2020-07-28 16:37:37,937] {spark_submit_hook.py:479} INFO - 20/07/28 16:37:37 INFO DAGScheduler: Final stage: ResultStage 1 (showString at NativeMethodAccessorImpl.java:0)
[2020-07-28 16:37:37,938] {logging_mixin.py:112} INFO - [2020-07-28 16:37:37,938] {spark_submit_hook.py:479} INFO - 20/07/28 16:37:37 INFO DAGScheduler: Parents of final stage: List()
[2020-07-28 16:37:37,938] {logging_mixin.py:112} INFO - [2020-07-28 16:37:37,938] {spark_submit_hook.py:479} INFO - 20/07/28 16:37:37 INFO DAGScheduler: Missing parents: List()
[2020-07-28 16:37:37,940] {logging_mixin.py:112} INFO - [2020-07-28 16:37:37,940] {spark_submit_hook.py:479} INFO - 20/07/28 16:37:37 INFO DAGScheduler: Submitting ResultStage 1 (MapPartitionsRDD[9] at showString at NativeMethodAccessorImpl.java:0), which has no missing parents
[2020-07-28 16:37:37,974] {logging_mixin.py:112} INFO - [2020-07-28 16:37:37,973] {spark_submit_hook.py:479} INFO - 20/07/28 16:37:37 INFO MemoryStore: Block broadcast_2 stored as values in memory (estimated size 11.2 KiB, free 366.3 MiB)
[2020-07-28 16:37:37,982] {logging_mixin.py:112} INFO - [2020-07-28 16:37:37,981] {spark_submit_hook.py:479} INFO - 20/07/28 16:37:37 INFO MemoryStore: Block broadcast_2_piece0 stored as bytes in memory (estimated size 5.8 KiB, free 366.3 MiB)
[2020-07-28 16:37:37,983] {logging_mixin.py:112} INFO - [2020-07-28 16:37:37,983] {spark_submit_hook.py:479} INFO - 20/07/28 16:37:37 INFO BlockManagerInfo: Added broadcast_2_piece0 in memory on 192.168.43.94:41939 (size: 5.8 KiB, free: 366.3 MiB)
[2020-07-28 16:37:37,984] {logging_mixin.py:112} INFO - [2020-07-28 16:37:37,984] {spark_submit_hook.py:479} INFO - 20/07/28 16:37:37 INFO SparkContext: Created broadcast 2 from broadcast at DAGScheduler.scala:1200
[2020-07-28 16:37:37,986] {logging_mixin.py:112} INFO - [2020-07-28 16:37:37,985] {spark_submit_hook.py:479} INFO - 20/07/28 16:37:37 INFO DAGScheduler: Submitting 1 missing tasks from ResultStage 1 (MapPartitionsRDD[9] at showString at NativeMethodAccessorImpl.java:0) (first 15 tasks are for partitions Vector(0))
[2020-07-28 16:37:37,986] {logging_mixin.py:112} INFO - [2020-07-28 16:37:37,986] {spark_submit_hook.py:479} INFO - 20/07/28 16:37:37 INFO TaskSchedulerImpl: Adding task set 1.0 with 1 tasks
[2020-07-28 16:37:38,006] {logging_mixin.py:112} INFO - [2020-07-28 16:37:38,006] {spark_submit_hook.py:479} INFO - 20/07/28 16:37:38 INFO TaskSetManager: Starting task 0.0 in stage 1.0 (TID 1, 192.168.43.94, executor driver, partition 0, PROCESS_LOCAL, 7493 bytes)
[2020-07-28 16:37:38,007] {logging_mixin.py:112} INFO - [2020-07-28 16:37:38,006] {spark_submit_hook.py:479} INFO - 20/07/28 16:37:38 INFO Executor: Running task 0.0 in stage 1.0 (TID 1)
[2020-07-28 16:37:38,112] {logging_mixin.py:112} INFO - [2020-07-28 16:37:38,112] {spark_submit_hook.py:479} INFO - 20/07/28 16:37:38 INFO PythonRunner: Times: total = 3, boot = -5864, init = 5867, finish = 0
[2020-07-28 16:37:38,117] {logging_mixin.py:112} INFO - [2020-07-28 16:37:38,117] {spark_submit_hook.py:479} INFO - 20/07/28 16:37:38 INFO Executor: Finished task 0.0 in stage 1.0 (TID 1). 2192 bytes result sent to driver
[2020-07-28 16:37:38,121] {logging_mixin.py:112} INFO - [2020-07-28 16:37:38,121] {spark_submit_hook.py:479} INFO - 20/07/28 16:37:38 INFO TaskSetManager: Finished task 0.0 in stage 1.0 (TID 1) in 134 ms on 192.168.43.94 (executor driver) (1/1)
[2020-07-28 16:37:38,123] {logging_mixin.py:112} INFO - [2020-07-28 16:37:38,123] {spark_submit_hook.py:479} INFO - 20/07/28 16:37:38 INFO TaskSchedulerImpl: Removed TaskSet 1.0, whose tasks have all completed, from pool
[2020-07-28 16:37:38,126] {logging_mixin.py:112} INFO - [2020-07-28 16:37:38,126] {spark_submit_hook.py:479} INFO - 20/07/28 16:37:38 INFO DAGScheduler: ResultStage 1 (showString at NativeMethodAccessorImpl.java:0) finished in 0.180 s
[2020-07-28 16:37:38,127] {logging_mixin.py:112} INFO - [2020-07-28 16:37:38,126] {spark_submit_hook.py:479} INFO - 20/07/28 16:37:38 INFO DAGScheduler: Job 1 is finished. Cancelling potential speculative or zombie tasks for this job
[2020-07-28 16:37:38,127] {logging_mixin.py:112} INFO - [2020-07-28 16:37:38,127] {spark_submit_hook.py:479} INFO - 20/07/28 16:37:38 INFO TaskSchedulerImpl: Killing all running tasks in stage 1: Stage finished
[2020-07-28 16:37:38,127] {logging_mixin.py:112} INFO - [2020-07-28 16:37:38,127] {spark_submit_hook.py:479} INFO - 20/07/28 16:37:38 INFO DAGScheduler: Job 1 finished: showString at NativeMethodAccessorImpl.java:0, took 0.191950 s
[2020-07-28 16:37:38,212] {logging_mixin.py:112} INFO - [2020-07-28 16:37:38,212] {spark_submit_hook.py:479} INFO - 20/07/28 16:37:38 INFO CodeGenerator: Code generated in 45.017367 ms
[2020-07-28 16:37:38,242] {logging_mixin.py:112} INFO - [2020-07-28 16:37:38,242] {spark_submit_hook.py:479} INFO - +------+------------+--------+
[2020-07-28 16:37:38,243] {logging_mixin.py:112} INFO - [2020-07-28 16:37:38,242] {spark_submit_hook.py:479} INFO - |    _1|          _2|      _3|
[2020-07-28 16:37:38,243] {logging_mixin.py:112} INFO - [2020-07-28 16:37:38,243] {spark_submit_hook.py:479} INFO - +------+------------+--------+
[2020-07-28 16:37:38,244] {logging_mixin.py:112} INFO - [2020-07-28 16:37:38,243] {spark_submit_hook.py:479} INFO - |PERSON|JOINING_YEAR| COMPANY|
[2020-07-28 16:37:38,244] {logging_mixin.py:112} INFO - [2020-07-28 16:37:38,244] {spark_submit_hook.py:479} INFO - |  John|        2018|  Google|
[2020-07-28 16:37:38,244] {logging_mixin.py:112} INFO - [2020-07-28 16:37:38,244] {spark_submit_hook.py:479} INFO - |   Sam|        2017|     IBM|
[2020-07-28 16:37:38,245] {logging_mixin.py:112} INFO - [2020-07-28 16:37:38,244] {spark_submit_hook.py:479} INFO - |  Jeff|        2014|   Yahoo|
[2020-07-28 16:37:38,245] {logging_mixin.py:112} INFO - [2020-07-28 16:37:38,245] {spark_submit_hook.py:479} INFO - | Allen|        2015|Facebook|
[2020-07-28 16:37:38,245] {logging_mixin.py:112} INFO - [2020-07-28 16:37:38,245] {spark_submit_hook.py:479} INFO - +------+------------+--------+
[2020-07-28 16:37:38,245] {logging_mixin.py:112} INFO - [2020-07-28 16:37:38,245] {spark_submit_hook.py:479} INFO - 
[2020-07-28 16:37:38,359] {logging_mixin.py:112} INFO - [2020-07-28 16:37:38,359] {spark_submit_hook.py:479} INFO - 20/07/28 16:37:38 INFO SparkContext: Invoking stop() from shutdown hook
[2020-07-28 16:37:38,369] {logging_mixin.py:112} INFO - [2020-07-28 16:37:38,369] {spark_submit_hook.py:479} INFO - 20/07/28 16:37:38 INFO SparkUI: Stopped Spark web UI at http://192.168.43.94:4043
[2020-07-28 16:37:38,395] {logging_mixin.py:112} INFO - [2020-07-28 16:37:38,395] {spark_submit_hook.py:479} INFO - 20/07/28 16:37:38 INFO MapOutputTrackerMasterEndpoint: MapOutputTrackerMasterEndpoint stopped!
[2020-07-28 16:37:38,413] {logging_mixin.py:112} INFO - [2020-07-28 16:37:38,413] {spark_submit_hook.py:479} INFO - 20/07/28 16:37:38 INFO MemoryStore: MemoryStore cleared
[2020-07-28 16:37:38,414] {logging_mixin.py:112} INFO - [2020-07-28 16:37:38,413] {spark_submit_hook.py:479} INFO - 20/07/28 16:37:38 INFO BlockManager: BlockManager stopped
[2020-07-28 16:37:38,419] {logging_mixin.py:112} INFO - [2020-07-28 16:37:38,419] {spark_submit_hook.py:479} INFO - 20/07/28 16:37:38 INFO BlockManagerMaster: BlockManagerMaster stopped
[2020-07-28 16:37:38,425] {logging_mixin.py:112} INFO - [2020-07-28 16:37:38,425] {spark_submit_hook.py:479} INFO - 20/07/28 16:37:38 INFO OutputCommitCoordinator$OutputCommitCoordinatorEndpoint: OutputCommitCoordinator stopped!
[2020-07-28 16:37:38,434] {logging_mixin.py:112} INFO - [2020-07-28 16:37:38,433] {spark_submit_hook.py:479} INFO - 20/07/28 16:37:38 INFO SparkContext: Successfully stopped SparkContext
[2020-07-28 16:37:38,434] {logging_mixin.py:112} INFO - [2020-07-28 16:37:38,434] {spark_submit_hook.py:479} INFO - 20/07/28 16:37:38 INFO ShutdownHookManager: Shutdown hook called
[2020-07-28 16:37:38,436] {logging_mixin.py:112} INFO - [2020-07-28 16:37:38,436] {spark_submit_hook.py:479} INFO - 20/07/28 16:37:38 INFO ShutdownHookManager: Deleting directory /tmp/spark-af723fa3-a00c-4bb1-a6f5-a1c50479146b
[2020-07-28 16:37:38,440] {logging_mixin.py:112} INFO - [2020-07-28 16:37:38,440] {spark_submit_hook.py:479} INFO - 20/07/28 16:37:38 INFO ShutdownHookManager: Deleting directory /tmp/spark-af723fa3-a00c-4bb1-a6f5-a1c50479146b/pyspark-217f1eb4-a33c-4964-a344-6ca31ba68879
[2020-07-28 16:37:38,443] {logging_mixin.py:112} INFO - [2020-07-28 16:37:38,443] {spark_submit_hook.py:479} INFO - 20/07/28 16:37:38 INFO ShutdownHookManager: Deleting directory /tmp/spark-d5173a25-429f-44fa-8261-955fc3293f4f
[2020-07-28 16:37:38,507] {taskinstance.py:1052} INFO - Marking task as SUCCESS.dag_id=submit_data, task_id=spark_submit, execution_date=20200728T104113, start_date=20200728T110718, end_date=20200728T110738
[2020-07-28 16:37:44,293] {logging_mixin.py:112} INFO - [2020-07-28 16:37:44,292] {local_task_job.py:103} INFO - Task exited with return code 0
