[2020-07-22 12:55:52,102] {taskinstance.py:669} INFO - Dependencies all met for <TaskInstance: submit_data.spark_submit 2020-07-20T00:01:00+00:00 [queued]>
[2020-07-22 12:55:52,117] {taskinstance.py:669} INFO - Dependencies all met for <TaskInstance: submit_data.spark_submit 2020-07-20T00:01:00+00:00 [queued]>
[2020-07-22 12:55:52,118] {taskinstance.py:879} INFO - 
--------------------------------------------------------------------------------
[2020-07-22 12:55:52,118] {taskinstance.py:880} INFO - Starting attempt 1 of 1
[2020-07-22 12:55:52,118] {taskinstance.py:881} INFO - 
--------------------------------------------------------------------------------
[2020-07-22 12:55:52,276] {taskinstance.py:900} INFO - Executing <Task(SparkSubmitOperator): spark_submit> on 2020-07-20T00:01:00+00:00
[2020-07-22 12:55:52,279] {standard_task_runner.py:53} INFO - Started process 299050 to run task
[2020-07-22 12:55:52,467] {logging_mixin.py:112} INFO - Running %s on host %s <TaskInstance: submit_data.spark_submit 2020-07-20T00:01:00+00:00 [running]> bhakti-Vostro-3558
[2020-07-22 12:55:52,497] {logging_mixin.py:112} INFO - [2020-07-22 12:55:52,496] {base_hook.py:87} INFO - Using connection to: id: spark_local. Host: localhost, Port: 4040, Schema: None, Login: None, Password: None, extra: None
[2020-07-22 12:55:52,498] {logging_mixin.py:112} INFO - [2020-07-22 12:55:52,498] {spark_submit_hook.py:325} INFO - Spark-Submit cmd: spark-submit --master localhost:4040 --name airflow-spark /home/bhakti/airflow/spark_jobs/python/spark_test.py
[2020-07-22 12:55:55,244] {logging_mixin.py:112} INFO - [2020-07-22 12:55:55,244] {spark_submit_hook.py:479} INFO - 20/07/22 12:55:55 WARN Utils: Your hostname, bhakti-Vostro-3558 resolves to a loopback address: 127.0.1.1; using 192.168.43.94 instead (on interface wlp6s0)
[2020-07-22 12:55:55,246] {logging_mixin.py:112} INFO - [2020-07-22 12:55:55,246] {spark_submit_hook.py:479} INFO - 20/07/22 12:55:55 WARN Utils: Set SPARK_LOCAL_IP if you need to bind to another address
[2020-07-22 12:55:57,220] {logging_mixin.py:112} INFO - [2020-07-22 12:55:57,220] {spark_submit_hook.py:479} INFO - 20/07/22 12:55:57 WARN NativeCodeLoader: Unable to load native-hadoop library for your platform... using builtin-java classes where applicable
[2020-07-22 12:56:01,512] {logging_mixin.py:112} INFO - [2020-07-22 12:56:01,512] {spark_submit_hook.py:479} INFO - Spark_Test_Python
[2020-07-22 12:56:01,514] {logging_mixin.py:112} INFO - [2020-07-22 12:56:01,514] {spark_submit_hook.py:479} INFO - Number of arguments: 0 arguments.
[2020-07-22 12:56:01,515] {logging_mixin.py:112} INFO - [2020-07-22 12:56:01,515] {spark_submit_hook.py:479} INFO - Argument List: []
[2020-07-22 12:56:01,764] {logging_mixin.py:112} INFO - [2020-07-22 12:56:01,764] {spark_submit_hook.py:479} INFO - Using Spark's default log4j profile: org/apache/spark/log4j-defaults.properties
[2020-07-22 12:56:01,789] {logging_mixin.py:112} INFO - [2020-07-22 12:56:01,789] {spark_submit_hook.py:479} INFO - 20/07/22 12:56:01 INFO SparkContext: Running Spark version 3.0.0
[2020-07-22 12:56:01,900] {logging_mixin.py:112} INFO - [2020-07-22 12:56:01,899] {spark_submit_hook.py:479} INFO - 20/07/22 12:56:01 INFO ResourceUtils: ==============================================================
[2020-07-22 12:56:01,907] {logging_mixin.py:112} INFO - [2020-07-22 12:56:01,907] {spark_submit_hook.py:479} INFO - 20/07/22 12:56:01 INFO ResourceUtils: Resources for spark.driver:
[2020-07-22 12:56:01,908] {logging_mixin.py:112} INFO - [2020-07-22 12:56:01,907] {spark_submit_hook.py:479} INFO - 
[2020-07-22 12:56:01,908] {logging_mixin.py:112} INFO - [2020-07-22 12:56:01,908] {spark_submit_hook.py:479} INFO - 20/07/22 12:56:01 INFO ResourceUtils: ==============================================================
[2020-07-22 12:56:01,908] {logging_mixin.py:112} INFO - [2020-07-22 12:56:01,908] {spark_submit_hook.py:479} INFO - 20/07/22 12:56:01 INFO SparkContext: Submitted application: Spark_Test_Python
[2020-07-22 12:56:02,071] {logging_mixin.py:112} INFO - [2020-07-22 12:56:02,070] {spark_submit_hook.py:479} INFO - 20/07/22 12:56:02 INFO SecurityManager: Changing view acls to: bhakti
[2020-07-22 12:56:02,071] {logging_mixin.py:112} INFO - [2020-07-22 12:56:02,071] {spark_submit_hook.py:479} INFO - 20/07/22 12:56:02 INFO SecurityManager: Changing modify acls to: bhakti
[2020-07-22 12:56:02,072] {logging_mixin.py:112} INFO - [2020-07-22 12:56:02,071] {spark_submit_hook.py:479} INFO - 20/07/22 12:56:02 INFO SecurityManager: Changing view acls groups to:
[2020-07-22 12:56:02,072] {logging_mixin.py:112} INFO - [2020-07-22 12:56:02,072] {spark_submit_hook.py:479} INFO - 20/07/22 12:56:02 INFO SecurityManager: Changing modify acls groups to:
[2020-07-22 12:56:02,072] {logging_mixin.py:112} INFO - [2020-07-22 12:56:02,072] {spark_submit_hook.py:479} INFO - 20/07/22 12:56:02 INFO SecurityManager: SecurityManager: authentication disabled; ui acls disabled; users  with view permissions: Set(bhakti); groups with view permissions: Set(); users  with modify permissions: Set(bhakti); groups with modify permissions: Set()
[2020-07-22 12:56:02,845] {logging_mixin.py:112} INFO - [2020-07-22 12:56:02,844] {spark_submit_hook.py:479} INFO - 20/07/22 12:56:02 INFO Utils: Successfully started service 'sparkDriver' on port 43151.
[2020-07-22 12:56:02,921] {logging_mixin.py:112} INFO - [2020-07-22 12:56:02,921] {spark_submit_hook.py:479} INFO - 20/07/22 12:56:02 INFO SparkEnv: Registering MapOutputTracker
[2020-07-22 12:56:03,086] {logging_mixin.py:112} INFO - [2020-07-22 12:56:03,086] {spark_submit_hook.py:479} INFO - 20/07/22 12:56:03 INFO SparkEnv: Registering BlockManagerMaster
[2020-07-22 12:56:03,217] {logging_mixin.py:112} INFO - [2020-07-22 12:56:03,216] {spark_submit_hook.py:479} INFO - 20/07/22 12:56:03 INFO BlockManagerMasterEndpoint: Using org.apache.spark.storage.DefaultTopologyMapper for getting topology information
[2020-07-22 12:56:03,221] {logging_mixin.py:112} INFO - [2020-07-22 12:56:03,220] {spark_submit_hook.py:479} INFO - 20/07/22 12:56:03 INFO BlockManagerMasterEndpoint: BlockManagerMasterEndpoint up
[2020-07-22 12:56:03,249] {logging_mixin.py:112} INFO - [2020-07-22 12:56:03,249] {spark_submit_hook.py:479} INFO - 20/07/22 12:56:03 INFO SparkEnv: Registering BlockManagerMasterHeartbeat
[2020-07-22 12:56:03,296] {logging_mixin.py:112} INFO - [2020-07-22 12:56:03,295] {spark_submit_hook.py:479} INFO - 20/07/22 12:56:03 INFO DiskBlockManager: Created local directory at /tmp/blockmgr-f4905cef-b1eb-424a-93b9-a6c851e74221
[2020-07-22 12:56:03,396] {logging_mixin.py:112} INFO - [2020-07-22 12:56:03,396] {spark_submit_hook.py:479} INFO - 20/07/22 12:56:03 INFO MemoryStore: MemoryStore started with capacity 366.3 MiB
[2020-07-22 12:56:03,530] {logging_mixin.py:112} INFO - [2020-07-22 12:56:03,529] {spark_submit_hook.py:479} INFO - 20/07/22 12:56:03 INFO SparkEnv: Registering OutputCommitCoordinator
[2020-07-22 12:56:04,668] {logging_mixin.py:112} INFO - [2020-07-22 12:56:04,666] {spark_submit_hook.py:479} INFO - 20/07/22 12:56:04 WARN Utils: Service 'SparkUI' could not bind on port 4040. Attempting port 4041.
[2020-07-22 12:56:04,669] {logging_mixin.py:112} INFO - [2020-07-22 12:56:04,669] {spark_submit_hook.py:479} INFO - 20/07/22 12:56:04 WARN Utils: Service 'SparkUI' could not bind on port 4041. Attempting port 4042.
[2020-07-22 12:56:04,669] {logging_mixin.py:112} INFO - [2020-07-22 12:56:04,669] {spark_submit_hook.py:479} INFO - 20/07/22 12:56:04 WARN Utils: Service 'SparkUI' could not bind on port 4042. Attempting port 4043.
[2020-07-22 12:56:04,704] {logging_mixin.py:112} INFO - [2020-07-22 12:56:04,704] {spark_submit_hook.py:479} INFO - 20/07/22 12:56:04 INFO Utils: Successfully started service 'SparkUI' on port 4043.
[2020-07-22 12:56:04,884] {logging_mixin.py:112} INFO - [2020-07-22 12:56:04,884] {spark_submit_hook.py:479} INFO - 20/07/22 12:56:04 INFO SparkUI: Bound SparkUI to 0.0.0.0, and started at http://192.168.43.94:4043
[2020-07-22 12:56:05,231] {logging_mixin.py:112} INFO - [2020-07-22 12:56:05,231] {spark_submit_hook.py:479} INFO - 20/07/22 12:56:05 ERROR SparkContext: Error initializing SparkContext.
[2020-07-22 12:56:05,231] {logging_mixin.py:112} INFO - [2020-07-22 12:56:05,231] {spark_submit_hook.py:479} INFO - org.apache.spark.SparkException: Could not parse Master URL: 'localhost:4040'
[2020-07-22 12:56:05,232] {logging_mixin.py:112} INFO - [2020-07-22 12:56:05,232] {spark_submit_hook.py:479} INFO - at org.apache.spark.SparkContext$.org$apache$spark$SparkContext$$createTaskScheduler(SparkContext.scala:2924)
[2020-07-22 12:56:05,232] {logging_mixin.py:112} INFO - [2020-07-22 12:56:05,232] {spark_submit_hook.py:479} INFO - at org.apache.spark.SparkContext.<init>(SparkContext.scala:528)
[2020-07-22 12:56:05,232] {logging_mixin.py:112} INFO - [2020-07-22 12:56:05,232] {spark_submit_hook.py:479} INFO - at org.apache.spark.api.java.JavaSparkContext.<init>(JavaSparkContext.scala:58)
[2020-07-22 12:56:05,233] {logging_mixin.py:112} INFO - [2020-07-22 12:56:05,232] {spark_submit_hook.py:479} INFO - at sun.reflect.NativeConstructorAccessorImpl.newInstance0(Native Method)
[2020-07-22 12:56:05,233] {logging_mixin.py:112} INFO - [2020-07-22 12:56:05,233] {spark_submit_hook.py:479} INFO - at sun.reflect.NativeConstructorAccessorImpl.newInstance(NativeConstructorAccessorImpl.java:62)
[2020-07-22 12:56:05,233] {logging_mixin.py:112} INFO - [2020-07-22 12:56:05,233] {spark_submit_hook.py:479} INFO - at sun.reflect.DelegatingConstructorAccessorImpl.newInstance(DelegatingConstructorAccessorImpl.java:45)
[2020-07-22 12:56:05,233] {logging_mixin.py:112} INFO - [2020-07-22 12:56:05,233] {spark_submit_hook.py:479} INFO - at java.lang.reflect.Constructor.newInstance(Constructor.java:423)
[2020-07-22 12:56:05,234] {logging_mixin.py:112} INFO - [2020-07-22 12:56:05,234] {spark_submit_hook.py:479} INFO - at py4j.reflection.MethodInvoker.invoke(MethodInvoker.java:247)
[2020-07-22 12:56:05,234] {logging_mixin.py:112} INFO - [2020-07-22 12:56:05,234] {spark_submit_hook.py:479} INFO - at py4j.reflection.ReflectionEngine.invoke(ReflectionEngine.java:357)
[2020-07-22 12:56:05,234] {logging_mixin.py:112} INFO - [2020-07-22 12:56:05,234] {spark_submit_hook.py:479} INFO - at py4j.Gateway.invoke(Gateway.java:238)
[2020-07-22 12:56:05,234] {logging_mixin.py:112} INFO - [2020-07-22 12:56:05,234] {spark_submit_hook.py:479} INFO - at py4j.commands.ConstructorCommand.invokeConstructor(ConstructorCommand.java:80)
[2020-07-22 12:56:05,236] {logging_mixin.py:112} INFO - [2020-07-22 12:56:05,236] {spark_submit_hook.py:479} INFO - at py4j.commands.ConstructorCommand.execute(ConstructorCommand.java:69)
[2020-07-22 12:56:05,236] {logging_mixin.py:112} INFO - [2020-07-22 12:56:05,236] {spark_submit_hook.py:479} INFO - at py4j.GatewayConnection.run(GatewayConnection.java:238)
[2020-07-22 12:56:05,237] {logging_mixin.py:112} INFO - [2020-07-22 12:56:05,236] {spark_submit_hook.py:479} INFO - at java.lang.Thread.run(Thread.java:748)
[2020-07-22 12:56:05,293] {logging_mixin.py:112} INFO - [2020-07-22 12:56:05,293] {spark_submit_hook.py:479} INFO - 20/07/22 12:56:05 INFO SparkUI: Stopped Spark web UI at http://192.168.43.94:4043
[2020-07-22 12:56:05,428] {logging_mixin.py:112} INFO - [2020-07-22 12:56:05,428] {spark_submit_hook.py:479} INFO - 20/07/22 12:56:05 INFO MapOutputTrackerMasterEndpoint: MapOutputTrackerMasterEndpoint stopped!
[2020-07-22 12:56:05,457] {logging_mixin.py:112} INFO - [2020-07-22 12:56:05,457] {spark_submit_hook.py:479} INFO - 20/07/22 12:56:05 INFO MemoryStore: MemoryStore cleared
[2020-07-22 12:56:05,459] {logging_mixin.py:112} INFO - [2020-07-22 12:56:05,458] {spark_submit_hook.py:479} INFO - 20/07/22 12:56:05 INFO BlockManager: BlockManager stopped
[2020-07-22 12:56:05,517] {logging_mixin.py:112} INFO - [2020-07-22 12:56:05,517] {spark_submit_hook.py:479} INFO - 20/07/22 12:56:05 INFO BlockManagerMaster: BlockManagerMaster stopped
[2020-07-22 12:56:05,519] {logging_mixin.py:112} INFO - [2020-07-22 12:56:05,518] {spark_submit_hook.py:479} INFO - 20/07/22 12:56:05 WARN MetricsSystem: Stopping a MetricsSystem that is not running
[2020-07-22 12:56:05,544] {logging_mixin.py:112} INFO - [2020-07-22 12:56:05,544] {spark_submit_hook.py:479} INFO - 20/07/22 12:56:05 INFO OutputCommitCoordinator$OutputCommitCoordinatorEndpoint: OutputCommitCoordinator stopped!
[2020-07-22 12:56:05,788] {logging_mixin.py:112} INFO - [2020-07-22 12:56:05,788] {spark_submit_hook.py:479} INFO - 20/07/22 12:56:05 INFO SparkContext: Successfully stopped SparkContext
[2020-07-22 12:56:05,958] {logging_mixin.py:112} INFO - [2020-07-22 12:56:05,958] {spark_submit_hook.py:479} INFO - Traceback (most recent call last):
[2020-07-22 12:56:05,958] {logging_mixin.py:112} INFO - [2020-07-22 12:56:05,958] {spark_submit_hook.py:479} INFO - File "/home/bhakti/airflow/spark_jobs/python/spark_test.py", line 12, in <module>
[2020-07-22 12:56:05,959] {logging_mixin.py:112} INFO - [2020-07-22 12:56:05,958] {spark_submit_hook.py:479} INFO - sc = SparkContext(conf=conf)
[2020-07-22 12:56:05,959] {logging_mixin.py:112} INFO - [2020-07-22 12:56:05,959] {spark_submit_hook.py:479} INFO - File "/opt/spark/python/lib/pyspark.zip/pyspark/context.py", line 130, in __init__
[2020-07-22 12:56:05,959] {logging_mixin.py:112} INFO - [2020-07-22 12:56:05,959] {spark_submit_hook.py:479} INFO - File "/opt/spark/python/lib/pyspark.zip/pyspark/context.py", line 193, in _do_init
[2020-07-22 12:56:05,960] {logging_mixin.py:112} INFO - [2020-07-22 12:56:05,959] {spark_submit_hook.py:479} INFO - File "/opt/spark/python/lib/pyspark.zip/pyspark/context.py", line 310, in _initialize_context
[2020-07-22 12:56:05,960] {logging_mixin.py:112} INFO - [2020-07-22 12:56:05,960] {spark_submit_hook.py:479} INFO - File "/opt/spark/python/lib/py4j-0.10.9-src.zip/py4j/java_gateway.py", line 1568, in __call__
[2020-07-22 12:56:05,960] {logging_mixin.py:112} INFO - [2020-07-22 12:56:05,960] {spark_submit_hook.py:479} INFO - File "/opt/spark/python/lib/py4j-0.10.9-src.zip/py4j/protocol.py", line 326, in get_return_value
[2020-07-22 12:56:05,966] {logging_mixin.py:112} INFO - [2020-07-22 12:56:05,966] {spark_submit_hook.py:479} INFO - py4j.protocol.Py4JJavaError: An error occurred while calling None.org.apache.spark.api.java.JavaSparkContext.
[2020-07-22 12:56:05,967] {logging_mixin.py:112} INFO - [2020-07-22 12:56:05,966] {spark_submit_hook.py:479} INFO - : org.apache.spark.SparkException: Could not parse Master URL: 'localhost:4040'
[2020-07-22 12:56:05,967] {logging_mixin.py:112} INFO - [2020-07-22 12:56:05,967] {spark_submit_hook.py:479} INFO - at org.apache.spark.SparkContext$.org$apache$spark$SparkContext$$createTaskScheduler(SparkContext.scala:2924)
[2020-07-22 12:56:05,967] {logging_mixin.py:112} INFO - [2020-07-22 12:56:05,967] {spark_submit_hook.py:479} INFO - at org.apache.spark.SparkContext.<init>(SparkContext.scala:528)
[2020-07-22 12:56:05,967] {logging_mixin.py:112} INFO - [2020-07-22 12:56:05,967] {spark_submit_hook.py:479} INFO - at org.apache.spark.api.java.JavaSparkContext.<init>(JavaSparkContext.scala:58)
[2020-07-22 12:56:05,968] {logging_mixin.py:112} INFO - [2020-07-22 12:56:05,967] {spark_submit_hook.py:479} INFO - at sun.reflect.NativeConstructorAccessorImpl.newInstance0(Native Method)
[2020-07-22 12:56:05,968] {logging_mixin.py:112} INFO - [2020-07-22 12:56:05,968] {spark_submit_hook.py:479} INFO - at sun.reflect.NativeConstructorAccessorImpl.newInstance(NativeConstructorAccessorImpl.java:62)
[2020-07-22 12:56:05,968] {logging_mixin.py:112} INFO - [2020-07-22 12:56:05,968] {spark_submit_hook.py:479} INFO - at sun.reflect.DelegatingConstructorAccessorImpl.newInstance(DelegatingConstructorAccessorImpl.java:45)
[2020-07-22 12:56:05,968] {logging_mixin.py:112} INFO - [2020-07-22 12:56:05,968] {spark_submit_hook.py:479} INFO - at java.lang.reflect.Constructor.newInstance(Constructor.java:423)
[2020-07-22 12:56:05,969] {logging_mixin.py:112} INFO - [2020-07-22 12:56:05,968] {spark_submit_hook.py:479} INFO - at py4j.reflection.MethodInvoker.invoke(MethodInvoker.java:247)
[2020-07-22 12:56:05,969] {logging_mixin.py:112} INFO - [2020-07-22 12:56:05,969] {spark_submit_hook.py:479} INFO - at py4j.reflection.ReflectionEngine.invoke(ReflectionEngine.java:357)
[2020-07-22 12:56:05,969] {logging_mixin.py:112} INFO - [2020-07-22 12:56:05,969] {spark_submit_hook.py:479} INFO - at py4j.Gateway.invoke(Gateway.java:238)
[2020-07-22 12:56:05,969] {logging_mixin.py:112} INFO - [2020-07-22 12:56:05,969] {spark_submit_hook.py:479} INFO - at py4j.commands.ConstructorCommand.invokeConstructor(ConstructorCommand.java:80)
[2020-07-22 12:56:05,970] {logging_mixin.py:112} INFO - [2020-07-22 12:56:05,969] {spark_submit_hook.py:479} INFO - at py4j.commands.ConstructorCommand.execute(ConstructorCommand.java:69)
[2020-07-22 12:56:05,970] {logging_mixin.py:112} INFO - [2020-07-22 12:56:05,970] {spark_submit_hook.py:479} INFO - at py4j.GatewayConnection.run(GatewayConnection.java:238)
[2020-07-22 12:56:05,970] {logging_mixin.py:112} INFO - [2020-07-22 12:56:05,970] {spark_submit_hook.py:479} INFO - at java.lang.Thread.run(Thread.java:748)
[2020-07-22 12:56:05,970] {logging_mixin.py:112} INFO - [2020-07-22 12:56:05,970] {spark_submit_hook.py:479} INFO - 
[2020-07-22 12:56:06,205] {logging_mixin.py:112} INFO - [2020-07-22 12:56:06,205] {spark_submit_hook.py:479} INFO - 20/07/22 12:56:06 INFO ShutdownHookManager: Shutdown hook called
[2020-07-22 12:56:06,207] {logging_mixin.py:112} INFO - [2020-07-22 12:56:06,207] {spark_submit_hook.py:479} INFO - 20/07/22 12:56:06 INFO ShutdownHookManager: Deleting directory /tmp/spark-2c214cfd-f8c8-4288-8aa0-9709e62e6afa
[2020-07-22 12:56:06,224] {logging_mixin.py:112} INFO - [2020-07-22 12:56:06,224] {spark_submit_hook.py:479} INFO - 20/07/22 12:56:06 INFO ShutdownHookManager: Deleting directory /tmp/spark-d56fbb4e-f914-44a6-9c9a-7b248093ad98
[2020-07-22 12:56:06,551] {taskinstance.py:1145} ERROR - Cannot execute: spark-submit --master localhost:4040 --name airflow-spark /home/bhakti/airflow/spark_jobs/python/spark_test.py. Error code is: 1.
Traceback (most recent call last):
  File "/usr/local/lib/python3.8/dist-packages/airflow/models/taskinstance.py", line 983, in _run_raw_task
    result = task_copy.execute(context=context)
  File "/usr/local/lib/python3.8/dist-packages/airflow/contrib/operators/spark_submit_operator.py", line 187, in execute
    self._hook.submit(self._application)
  File "/usr/local/lib/python3.8/dist-packages/airflow/contrib/hooks/spark_submit_hook.py", line 403, in submit
    raise AirflowException(
airflow.exceptions.AirflowException: Cannot execute: spark-submit --master localhost:4040 --name airflow-spark /home/bhakti/airflow/spark_jobs/python/spark_test.py. Error code is: 1.
[2020-07-22 12:56:06,555] {taskinstance.py:1189} INFO - Marking task as FAILED.dag_id=submit_data, task_id=spark_submit, execution_date=20200720T000100, start_date=20200722T072552, end_date=20200722T072606
[2020-07-22 12:56:07,111] {logging_mixin.py:112} INFO - [2020-07-22 12:56:07,111] {local_task_job.py:103} INFO - Task exited with return code 1
