[2020-07-22 18:29:29,684] {taskinstance.py:669} INFO - Dependencies all met for <TaskInstance: submit_data.spark_submit 2020-07-20T09:15:00+00:00 [queued]>
[2020-07-22 18:29:29,703] {taskinstance.py:669} INFO - Dependencies all met for <TaskInstance: submit_data.spark_submit 2020-07-20T09:15:00+00:00 [queued]>
[2020-07-22 18:29:29,703] {taskinstance.py:879} INFO - 
--------------------------------------------------------------------------------
[2020-07-22 18:29:29,704] {taskinstance.py:880} INFO - Starting attempt 1 of 1
[2020-07-22 18:29:29,704] {taskinstance.py:881} INFO - 
--------------------------------------------------------------------------------
[2020-07-22 18:29:30,269] {taskinstance.py:900} INFO - Executing <Task(SparkSubmitOperator): spark_submit> on 2020-07-20T09:15:00+00:00
[2020-07-22 18:29:30,336] {standard_task_runner.py:53} INFO - Started process 733428 to run task
[2020-07-22 18:29:30,714] {logging_mixin.py:112} INFO - Running %s on host %s <TaskInstance: submit_data.spark_submit 2020-07-20T09:15:00+00:00 [running]> bhakti-Vostro-3558
[2020-07-22 18:29:30,753] {logging_mixin.py:112} INFO - [2020-07-22 18:29:30,753] {base_hook.py:87} INFO - Using connection to: id: spark_local. Host: local, Port: None, Schema: None, Login: None, Password: None, extra: None
[2020-07-22 18:29:30,755] {logging_mixin.py:112} INFO - [2020-07-22 18:29:30,755] {spark_submit_hook.py:325} INFO - Spark-Submit cmd: spark-submit --master local --name airflow-spark /home/bhakti/airflow/spark_jobs/spark_test.py
[2020-07-22 18:29:34,779] {logging_mixin.py:112} INFO - [2020-07-22 18:29:34,778] {spark_submit_hook.py:479} INFO - 20/07/22 18:29:34 WARN Utils: Your hostname, bhakti-Vostro-3558 resolves to a loopback address: 127.0.1.1; using 192.168.43.94 instead (on interface wlp6s0)
[2020-07-22 18:29:34,781] {logging_mixin.py:112} INFO - [2020-07-22 18:29:34,780] {spark_submit_hook.py:479} INFO - 20/07/22 18:29:34 WARN Utils: Set SPARK_LOCAL_IP if you need to bind to another address
[2020-07-22 18:29:36,930] {logging_mixin.py:112} INFO - [2020-07-22 18:29:36,930] {spark_submit_hook.py:479} INFO - 20/07/22 18:29:36 WARN NativeCodeLoader: Unable to load native-hadoop library for your platform... using builtin-java classes where applicable
[2020-07-22 18:29:39,794] {logging_mixin.py:112} INFO - [2020-07-22 18:29:39,794] {spark_submit_hook.py:479} INFO - Using Spark's default log4j profile: org/apache/spark/log4j-defaults.properties
[2020-07-22 18:29:39,840] {logging_mixin.py:112} INFO - [2020-07-22 18:29:39,839] {spark_submit_hook.py:479} INFO - 20/07/22 18:29:39 INFO SparkContext: Running Spark version 3.0.0
[2020-07-22 18:29:39,961] {logging_mixin.py:112} INFO - [2020-07-22 18:29:39,961] {spark_submit_hook.py:479} INFO - 20/07/22 18:29:39 INFO ResourceUtils: ==============================================================
[2020-07-22 18:29:39,965] {logging_mixin.py:112} INFO - [2020-07-22 18:29:39,964] {spark_submit_hook.py:479} INFO - 20/07/22 18:29:39 INFO ResourceUtils: Resources for spark.driver:
[2020-07-22 18:29:39,965] {logging_mixin.py:112} INFO - [2020-07-22 18:29:39,965] {spark_submit_hook.py:479} INFO - 
[2020-07-22 18:29:39,966] {logging_mixin.py:112} INFO - [2020-07-22 18:29:39,965] {spark_submit_hook.py:479} INFO - 20/07/22 18:29:39 INFO ResourceUtils: ==============================================================
[2020-07-22 18:29:39,967] {logging_mixin.py:112} INFO - [2020-07-22 18:29:39,967] {spark_submit_hook.py:479} INFO - 20/07/22 18:29:39 INFO SparkContext: Submitted application: Spark_Test_Python
[2020-07-22 18:29:40,125] {logging_mixin.py:112} INFO - [2020-07-22 18:29:40,124] {spark_submit_hook.py:479} INFO - 20/07/22 18:29:40 INFO SecurityManager: Changing view acls to: bhakti
[2020-07-22 18:29:40,125] {logging_mixin.py:112} INFO - [2020-07-22 18:29:40,125] {spark_submit_hook.py:479} INFO - 20/07/22 18:29:40 INFO SecurityManager: Changing modify acls to: bhakti
[2020-07-22 18:29:40,127] {logging_mixin.py:112} INFO - [2020-07-22 18:29:40,127] {spark_submit_hook.py:479} INFO - 20/07/22 18:29:40 INFO SecurityManager: Changing view acls groups to:
[2020-07-22 18:29:40,127] {logging_mixin.py:112} INFO - [2020-07-22 18:29:40,127] {spark_submit_hook.py:479} INFO - 20/07/22 18:29:40 INFO SecurityManager: Changing modify acls groups to:
[2020-07-22 18:29:40,128] {logging_mixin.py:112} INFO - [2020-07-22 18:29:40,128] {spark_submit_hook.py:479} INFO - 20/07/22 18:29:40 INFO SecurityManager: SecurityManager: authentication disabled; ui acls disabled; users  with view permissions: Set(bhakti); groups with view permissions: Set(); users  with modify permissions: Set(bhakti); groups with modify permissions: Set()
[2020-07-22 18:29:41,007] {logging_mixin.py:112} INFO - [2020-07-22 18:29:41,007] {spark_submit_hook.py:479} INFO - 20/07/22 18:29:41 INFO Utils: Successfully started service 'sparkDriver' on port 35223.
[2020-07-22 18:29:41,236] {logging_mixin.py:112} INFO - [2020-07-22 18:29:41,235] {spark_submit_hook.py:479} INFO - 20/07/22 18:29:41 INFO SparkEnv: Registering MapOutputTracker
[2020-07-22 18:29:41,359] {logging_mixin.py:112} INFO - [2020-07-22 18:29:41,359] {spark_submit_hook.py:479} INFO - 20/07/22 18:29:41 INFO SparkEnv: Registering BlockManagerMaster
[2020-07-22 18:29:41,444] {logging_mixin.py:112} INFO - [2020-07-22 18:29:41,444] {spark_submit_hook.py:479} INFO - 20/07/22 18:29:41 INFO BlockManagerMasterEndpoint: Using org.apache.spark.storage.DefaultTopologyMapper for getting topology information
[2020-07-22 18:29:41,448] {logging_mixin.py:112} INFO - [2020-07-22 18:29:41,447] {spark_submit_hook.py:479} INFO - 20/07/22 18:29:41 INFO BlockManagerMasterEndpoint: BlockManagerMasterEndpoint up
[2020-07-22 18:29:41,491] {logging_mixin.py:112} INFO - [2020-07-22 18:29:41,491] {spark_submit_hook.py:479} INFO - 20/07/22 18:29:41 INFO SparkEnv: Registering BlockManagerMasterHeartbeat
[2020-07-22 18:29:41,527] {logging_mixin.py:112} INFO - [2020-07-22 18:29:41,527] {spark_submit_hook.py:479} INFO - 20/07/22 18:29:41 INFO DiskBlockManager: Created local directory at /tmp/blockmgr-e41a5a24-8a3c-4e4e-9dfd-0b0e5909e0f6
[2020-07-22 18:29:41,587] {logging_mixin.py:112} INFO - [2020-07-22 18:29:41,587] {spark_submit_hook.py:479} INFO - 20/07/22 18:29:41 INFO MemoryStore: MemoryStore started with capacity 366.3 MiB
[2020-07-22 18:29:41,638] {logging_mixin.py:112} INFO - [2020-07-22 18:29:41,638] {spark_submit_hook.py:479} INFO - 20/07/22 18:29:41 INFO SparkEnv: Registering OutputCommitCoordinator
[2020-07-22 18:29:42,605] {logging_mixin.py:112} INFO - [2020-07-22 18:29:42,605] {spark_submit_hook.py:479} INFO - 20/07/22 18:29:42 INFO Utils: Successfully started service 'SparkUI' on port 4040.
[2020-07-22 18:29:42,708] {logging_mixin.py:112} INFO - [2020-07-22 18:29:42,707] {spark_submit_hook.py:479} INFO - 20/07/22 18:29:42 INFO SparkUI: Bound SparkUI to 0.0.0.0, and started at http://192.168.43.94:4040
[2020-07-22 18:29:43,491] {logging_mixin.py:112} INFO - [2020-07-22 18:29:43,491] {spark_submit_hook.py:479} INFO - 20/07/22 18:29:43 INFO Executor: Starting executor ID driver on host 192.168.43.94
[2020-07-22 18:29:43,571] {logging_mixin.py:112} INFO - [2020-07-22 18:29:43,571] {spark_submit_hook.py:479} INFO - 20/07/22 18:29:43 INFO Utils: Successfully started service 'org.apache.spark.network.netty.NettyBlockTransferService' on port 35791.
[2020-07-22 18:29:43,572] {logging_mixin.py:112} INFO - [2020-07-22 18:29:43,571] {spark_submit_hook.py:479} INFO - 20/07/22 18:29:43 INFO NettyBlockTransferService: Server created on 192.168.43.94:35791
[2020-07-22 18:29:43,583] {logging_mixin.py:112} INFO - [2020-07-22 18:29:43,583] {spark_submit_hook.py:479} INFO - 20/07/22 18:29:43 INFO BlockManager: Using org.apache.spark.storage.RandomBlockReplicationPolicy for block replication policy
[2020-07-22 18:29:43,595] {logging_mixin.py:112} INFO - [2020-07-22 18:29:43,595] {spark_submit_hook.py:479} INFO - 20/07/22 18:29:43 INFO BlockManagerMaster: Registering BlockManager BlockManagerId(driver, 192.168.43.94, 35791, None)
[2020-07-22 18:29:43,608] {logging_mixin.py:112} INFO - [2020-07-22 18:29:43,608] {spark_submit_hook.py:479} INFO - 20/07/22 18:29:43 INFO BlockManagerMasterEndpoint: Registering block manager 192.168.43.94:35791 with 366.3 MiB RAM, BlockManagerId(driver, 192.168.43.94, 35791, None)
[2020-07-22 18:29:43,614] {logging_mixin.py:112} INFO - [2020-07-22 18:29:43,614] {spark_submit_hook.py:479} INFO - 20/07/22 18:29:43 INFO BlockManagerMaster: Registered BlockManager BlockManagerId(driver, 192.168.43.94, 35791, None)
[2020-07-22 18:29:43,617] {logging_mixin.py:112} INFO - [2020-07-22 18:29:43,617] {spark_submit_hook.py:479} INFO - 20/07/22 18:29:43 INFO BlockManager: Initialized BlockManager: BlockManagerId(driver, 192.168.43.94, 35791, None)
[2020-07-22 18:29:45,916] {logging_mixin.py:112} INFO - [2020-07-22 18:29:45,915] {spark_submit_hook.py:479} INFO - 20/07/22 18:29:45 INFO MemoryStore: Block broadcast_0 stored as values in memory (estimated size 241.5 KiB, free 366.1 MiB)
[2020-07-22 18:29:46,483] {logging_mixin.py:112} INFO - [2020-07-22 18:29:46,483] {spark_submit_hook.py:479} INFO - 20/07/22 18:29:46 INFO MemoryStore: Block broadcast_0_piece0 stored as bytes in memory (estimated size 23.4 KiB, free 366.0 MiB)
[2020-07-22 18:29:46,489] {logging_mixin.py:112} INFO - [2020-07-22 18:29:46,489] {spark_submit_hook.py:479} INFO - 20/07/22 18:29:46 INFO BlockManagerInfo: Added broadcast_0_piece0 in memory on 192.168.43.94:35791 (size: 23.4 KiB, free: 366.3 MiB)
[2020-07-22 18:29:46,536] {logging_mixin.py:112} INFO - [2020-07-22 18:29:46,535] {spark_submit_hook.py:479} INFO - 20/07/22 18:29:46 INFO SparkContext: Created broadcast 0 from textFile at NativeMethodAccessorImpl.java:0
[2020-07-22 18:29:47,203] {logging_mixin.py:112} INFO - [2020-07-22 18:29:47,203] {spark_submit_hook.py:479} INFO - 20/07/22 18:29:47 INFO FileInputFormat: Total input paths to process : 1
[2020-07-22 18:29:47,763] {logging_mixin.py:112} INFO - [2020-07-22 18:29:47,763] {spark_submit_hook.py:479} INFO - 20/07/22 18:29:47 INFO SparkContext: Starting job: collect at /home/bhakti/airflow/spark_jobs/spark_test.py:8
[2020-07-22 18:29:47,826] {logging_mixin.py:112} INFO - [2020-07-22 18:29:47,825] {spark_submit_hook.py:479} INFO - 20/07/22 18:29:47 INFO DAGScheduler: Got job 0 (collect at /home/bhakti/airflow/spark_jobs/spark_test.py:8) with 1 output partitions
[2020-07-22 18:29:47,826] {logging_mixin.py:112} INFO - [2020-07-22 18:29:47,826] {spark_submit_hook.py:479} INFO - 20/07/22 18:29:47 INFO DAGScheduler: Final stage: ResultStage 0 (collect at /home/bhakti/airflow/spark_jobs/spark_test.py:8)
[2020-07-22 18:29:47,827] {logging_mixin.py:112} INFO - [2020-07-22 18:29:47,827] {spark_submit_hook.py:479} INFO - 20/07/22 18:29:47 INFO DAGScheduler: Parents of final stage: List()
[2020-07-22 18:29:47,837] {logging_mixin.py:112} INFO - [2020-07-22 18:29:47,837] {spark_submit_hook.py:479} INFO - 20/07/22 18:29:47 INFO DAGScheduler: Missing parents: List()
[2020-07-22 18:29:47,910] {logging_mixin.py:112} INFO - [2020-07-22 18:29:47,910] {spark_submit_hook.py:479} INFO - 20/07/22 18:29:47 INFO DAGScheduler: Submitting ResultStage 0 (PythonRDD[2] at collect at /home/bhakti/airflow/spark_jobs/spark_test.py:8), which has no missing parents
[2020-07-22 18:29:48,024] {logging_mixin.py:112} INFO - [2020-07-22 18:29:48,024] {spark_submit_hook.py:479} INFO - 20/07/22 18:29:48 INFO MemoryStore: Block broadcast_1 stored as values in memory (estimated size 7.4 KiB, free 366.0 MiB)
[2020-07-22 18:29:48,030] {logging_mixin.py:112} INFO - [2020-07-22 18:29:48,029] {spark_submit_hook.py:479} INFO - 20/07/22 18:29:48 INFO MemoryStore: Block broadcast_1_piece0 stored as bytes in memory (estimated size 4.4 KiB, free 366.0 MiB)
[2020-07-22 18:29:48,031] {logging_mixin.py:112} INFO - [2020-07-22 18:29:48,031] {spark_submit_hook.py:479} INFO - 20/07/22 18:29:48 INFO BlockManagerInfo: Added broadcast_1_piece0 in memory on 192.168.43.94:35791 (size: 4.4 KiB, free: 366.3 MiB)
[2020-07-22 18:29:48,033] {logging_mixin.py:112} INFO - [2020-07-22 18:29:48,033] {spark_submit_hook.py:479} INFO - 20/07/22 18:29:48 INFO SparkContext: Created broadcast 1 from broadcast at DAGScheduler.scala:1200
[2020-07-22 18:29:48,059] {logging_mixin.py:112} INFO - [2020-07-22 18:29:48,059] {spark_submit_hook.py:479} INFO - 20/07/22 18:29:48 INFO DAGScheduler: Submitting 1 missing tasks from ResultStage 0 (PythonRDD[2] at collect at /home/bhakti/airflow/spark_jobs/spark_test.py:8) (first 15 tasks are for partitions Vector(0))
[2020-07-22 18:29:48,062] {logging_mixin.py:112} INFO - [2020-07-22 18:29:48,062] {spark_submit_hook.py:479} INFO - 20/07/22 18:29:48 INFO TaskSchedulerImpl: Adding task set 0.0 with 1 tasks
[2020-07-22 18:29:48,402] {logging_mixin.py:112} INFO - [2020-07-22 18:29:48,401] {spark_submit_hook.py:479} INFO - 20/07/22 18:29:48 INFO TaskSetManager: Starting task 0.0 in stage 0.0 (TID 0, 192.168.43.94, executor driver, partition 0, PROCESS_LOCAL, 7388 bytes)
[2020-07-22 18:29:48,433] {logging_mixin.py:112} INFO - [2020-07-22 18:29:48,433] {spark_submit_hook.py:479} INFO - 20/07/22 18:29:48 INFO Executor: Running task 0.0 in stage 0.0 (TID 0)
[2020-07-22 18:29:49,648] {logging_mixin.py:112} INFO - [2020-07-22 18:29:49,648] {spark_submit_hook.py:479} INFO - 20/07/22 18:29:49 INFO HadoopRDD: Input split: file:/home/bhakti/airflow/input_data/sample.csv:0+93
[2020-07-22 18:29:50,753] {logging_mixin.py:112} INFO - [2020-07-22 18:29:50,752] {spark_submit_hook.py:479} INFO - 20/07/22 18:29:50 INFO PythonRunner: Times: total = 1038, boot = 1004, init = 34, finish = 0
[2020-07-22 18:29:50,855] {logging_mixin.py:112} INFO - [2020-07-22 18:29:50,854] {spark_submit_hook.py:479} INFO - 20/07/22 18:29:50 INFO Executor: Finished task 0.0 in stage 0.0 (TID 0). 1779 bytes result sent to driver
[2020-07-22 18:29:50,921] {logging_mixin.py:112} INFO - [2020-07-22 18:29:50,921] {spark_submit_hook.py:479} INFO - 20/07/22 18:29:50 INFO TaskSetManager: Finished task 0.0 in stage 0.0 (TID 0) in 2562 ms on 192.168.43.94 (executor driver) (1/1)
[2020-07-22 18:29:50,988] {logging_mixin.py:112} INFO - [2020-07-22 18:29:50,988] {spark_submit_hook.py:479} INFO - 20/07/22 18:29:50 INFO TaskSchedulerImpl: Removed TaskSet 0.0, whose tasks have all completed, from pool
[2020-07-22 18:29:50,989] {logging_mixin.py:112} INFO - [2020-07-22 18:29:50,989] {spark_submit_hook.py:479} INFO - 20/07/22 18:29:50 INFO PythonAccumulatorV2: Connected to AccumulatorServer at host: 127.0.0.1 port: 33647
[2020-07-22 18:29:51,041] {logging_mixin.py:112} INFO - [2020-07-22 18:29:51,041] {spark_submit_hook.py:479} INFO - 20/07/22 18:29:51 INFO DAGScheduler: ResultStage 0 (collect at /home/bhakti/airflow/spark_jobs/spark_test.py:8) finished in 3.014 s
[2020-07-22 18:29:51,083] {logging_mixin.py:112} INFO - [2020-07-22 18:29:51,083] {spark_submit_hook.py:479} INFO - 20/07/22 18:29:51 INFO DAGScheduler: Job 0 is finished. Cancelling potential speculative or zombie tasks for this job
[2020-07-22 18:29:51,084] {logging_mixin.py:112} INFO - [2020-07-22 18:29:51,083] {spark_submit_hook.py:479} INFO - 20/07/22 18:29:51 INFO TaskSchedulerImpl: Killing all running tasks in stage 0: Stage finished
[2020-07-22 18:29:51,101] {logging_mixin.py:112} INFO - [2020-07-22 18:29:51,100] {spark_submit_hook.py:479} INFO - 20/07/22 18:29:51 INFO DAGScheduler: Job 0 finished: collect at /home/bhakti/airflow/spark_jobs/spark_test.py:8, took 3.331001 s
[2020-07-22 18:29:51,161] {logging_mixin.py:112} INFO - [2020-07-22 18:29:51,160] {spark_submit_hook.py:479} INFO - [('PERSON', 'JOINING_YEAR', 'COMPANY'), ('John', '2018', 'Google'), ('Sam', '2017', 'IBM'), ('Jeff', '2014', 'Yahoo'), ('Allen', '2015', 'Facebook')]
[2020-07-22 18:29:52,333] {logging_mixin.py:112} INFO - [2020-07-22 18:29:52,333] {spark_submit_hook.py:479} INFO - 20/07/22 18:29:52 INFO BlockManagerInfo: Removed broadcast_1_piece0 on 192.168.43.94:35791 in memory (size: 4.4 KiB, free: 366.3 MiB)
[2020-07-22 18:29:53,374] {logging_mixin.py:112} INFO - [2020-07-22 18:29:53,374] {spark_submit_hook.py:479} INFO - 20/07/22 18:29:53 INFO SharedState: Setting hive.metastore.warehouse.dir ('null') to the value of spark.sql.warehouse.dir ('file:/home/bhakti/airflow/spark-warehouse').
[2020-07-22 18:29:53,379] {logging_mixin.py:112} INFO - [2020-07-22 18:29:53,378] {spark_submit_hook.py:479} INFO - 20/07/22 18:29:53 INFO SharedState: Warehouse path is 'file:/home/bhakti/airflow/spark-warehouse'.
[2020-07-22 18:30:00,574] {logging_mixin.py:112} INFO - [2020-07-22 18:30:00,573] {spark_submit_hook.py:479} INFO - 20/07/22 18:30:00 INFO CodeGenerator: Code generated in 436.483371 ms
[2020-07-22 18:30:00,657] {logging_mixin.py:112} INFO - [2020-07-22 18:30:00,656] {spark_submit_hook.py:479} INFO - 20/07/22 18:30:00 INFO SparkContext: Starting job: showString at NativeMethodAccessorImpl.java:0
[2020-07-22 18:30:00,663] {logging_mixin.py:112} INFO - [2020-07-22 18:30:00,662] {spark_submit_hook.py:479} INFO - 20/07/22 18:30:00 INFO DAGScheduler: Got job 1 (showString at NativeMethodAccessorImpl.java:0) with 1 output partitions
[2020-07-22 18:30:00,663] {logging_mixin.py:112} INFO - [2020-07-22 18:30:00,663] {spark_submit_hook.py:479} INFO - 20/07/22 18:30:00 INFO DAGScheduler: Final stage: ResultStage 1 (showString at NativeMethodAccessorImpl.java:0)
[2020-07-22 18:30:00,664] {logging_mixin.py:112} INFO - [2020-07-22 18:30:00,663] {spark_submit_hook.py:479} INFO - 20/07/22 18:30:00 INFO DAGScheduler: Parents of final stage: List()
[2020-07-22 18:30:00,664] {logging_mixin.py:112} INFO - [2020-07-22 18:30:00,664] {spark_submit_hook.py:479} INFO - 20/07/22 18:30:00 INFO DAGScheduler: Missing parents: List()
[2020-07-22 18:30:00,671] {logging_mixin.py:112} INFO - [2020-07-22 18:30:00,671] {spark_submit_hook.py:479} INFO - 20/07/22 18:30:00 INFO DAGScheduler: Submitting ResultStage 1 (MapPartitionsRDD[9] at showString at NativeMethodAccessorImpl.java:0), which has no missing parents
[2020-07-22 18:30:00,721] {logging_mixin.py:112} INFO - [2020-07-22 18:30:00,720] {spark_submit_hook.py:479} INFO - 20/07/22 18:30:00 INFO MemoryStore: Block broadcast_2 stored as values in memory (estimated size 11.2 KiB, free 366.0 MiB)
[2020-07-22 18:30:00,724] {logging_mixin.py:112} INFO - [2020-07-22 18:30:00,723] {spark_submit_hook.py:479} INFO - 20/07/22 18:30:00 INFO MemoryStore: Block broadcast_2_piece0 stored as bytes in memory (estimated size 5.8 KiB, free 366.0 MiB)
[2020-07-22 18:30:00,725] {logging_mixin.py:112} INFO - [2020-07-22 18:30:00,725] {spark_submit_hook.py:479} INFO - 20/07/22 18:30:00 INFO BlockManagerInfo: Added broadcast_2_piece0 in memory on 192.168.43.94:35791 (size: 5.8 KiB, free: 366.3 MiB)
[2020-07-22 18:30:00,726] {logging_mixin.py:112} INFO - [2020-07-22 18:30:00,726] {spark_submit_hook.py:479} INFO - 20/07/22 18:30:00 INFO SparkContext: Created broadcast 2 from broadcast at DAGScheduler.scala:1200
[2020-07-22 18:30:00,728] {logging_mixin.py:112} INFO - [2020-07-22 18:30:00,727] {spark_submit_hook.py:479} INFO - 20/07/22 18:30:00 INFO DAGScheduler: Submitting 1 missing tasks from ResultStage 1 (MapPartitionsRDD[9] at showString at NativeMethodAccessorImpl.java:0) (first 15 tasks are for partitions Vector(0))
[2020-07-22 18:30:00,728] {logging_mixin.py:112} INFO - [2020-07-22 18:30:00,728] {spark_submit_hook.py:479} INFO - 20/07/22 18:30:00 INFO TaskSchedulerImpl: Adding task set 1.0 with 1 tasks
[2020-07-22 18:30:00,748] {logging_mixin.py:112} INFO - [2020-07-22 18:30:00,747] {spark_submit_hook.py:479} INFO - 20/07/22 18:30:00 INFO TaskSetManager: Starting task 0.0 in stage 1.0 (TID 1, 192.168.43.94, executor driver, partition 0, PROCESS_LOCAL, 7493 bytes)
[2020-07-22 18:30:00,749] {logging_mixin.py:112} INFO - [2020-07-22 18:30:00,749] {spark_submit_hook.py:479} INFO - 20/07/22 18:30:00 INFO Executor: Running task 0.0 in stage 1.0 (TID 1)
[2020-07-22 18:30:00,879] {logging_mixin.py:112} INFO - [2020-07-22 18:30:00,879] {spark_submit_hook.py:479} INFO - 20/07/22 18:30:00 INFO PythonRunner: Times: total = 3, boot = -10094, init = 10097, finish = 0
[2020-07-22 18:30:00,885] {logging_mixin.py:112} INFO - [2020-07-22 18:30:00,885] {spark_submit_hook.py:479} INFO - 20/07/22 18:30:00 INFO Executor: Finished task 0.0 in stage 1.0 (TID 1). 2235 bytes result sent to driver
[2020-07-22 18:30:00,889] {logging_mixin.py:112} INFO - [2020-07-22 18:30:00,889] {spark_submit_hook.py:479} INFO - 20/07/22 18:30:00 INFO TaskSetManager: Finished task 0.0 in stage 1.0 (TID 1) in 159 ms on 192.168.43.94 (executor driver) (1/1)
[2020-07-22 18:30:00,890] {logging_mixin.py:112} INFO - [2020-07-22 18:30:00,890] {spark_submit_hook.py:479} INFO - 20/07/22 18:30:00 INFO TaskSchedulerImpl: Removed TaskSet 1.0, whose tasks have all completed, from pool
[2020-07-22 18:30:00,893] {logging_mixin.py:112} INFO - [2020-07-22 18:30:00,893] {spark_submit_hook.py:479} INFO - 20/07/22 18:30:00 INFO DAGScheduler: ResultStage 1 (showString at NativeMethodAccessorImpl.java:0) finished in 0.216 s
[2020-07-22 18:30:00,893] {logging_mixin.py:112} INFO - [2020-07-22 18:30:00,893] {spark_submit_hook.py:479} INFO - 20/07/22 18:30:00 INFO DAGScheduler: Job 1 is finished. Cancelling potential speculative or zombie tasks for this job
[2020-07-22 18:30:00,893] {logging_mixin.py:112} INFO - [2020-07-22 18:30:00,893] {spark_submit_hook.py:479} INFO - 20/07/22 18:30:00 INFO TaskSchedulerImpl: Killing all running tasks in stage 1: Stage finished
[2020-07-22 18:30:00,894] {logging_mixin.py:112} INFO - [2020-07-22 18:30:00,894] {spark_submit_hook.py:479} INFO - 20/07/22 18:30:00 INFO DAGScheduler: Job 1 finished: showString at NativeMethodAccessorImpl.java:0, took 0.237164 s
[2020-07-22 18:30:00,968] {logging_mixin.py:112} INFO - [2020-07-22 18:30:00,968] {spark_submit_hook.py:479} INFO - 20/07/22 18:30:00 INFO CodeGenerator: Code generated in 39.482705 ms
[2020-07-22 18:30:00,984] {logging_mixin.py:112} INFO - [2020-07-22 18:30:00,984] {spark_submit_hook.py:479} INFO - +------+------------+--------+
[2020-07-22 18:30:00,985] {logging_mixin.py:112} INFO - [2020-07-22 18:30:00,985] {spark_submit_hook.py:479} INFO - |    _1|          _2|      _3|
[2020-07-22 18:30:00,985] {logging_mixin.py:112} INFO - [2020-07-22 18:30:00,985] {spark_submit_hook.py:479} INFO - +------+------------+--------+
[2020-07-22 18:30:00,986] {logging_mixin.py:112} INFO - [2020-07-22 18:30:00,985] {spark_submit_hook.py:479} INFO - |PERSON|JOINING_YEAR| COMPANY|
[2020-07-22 18:30:00,986] {logging_mixin.py:112} INFO - [2020-07-22 18:30:00,986] {spark_submit_hook.py:479} INFO - |  John|        2018|  Google|
[2020-07-22 18:30:00,986] {logging_mixin.py:112} INFO - [2020-07-22 18:30:00,986] {spark_submit_hook.py:479} INFO - |   Sam|        2017|     IBM|
[2020-07-22 18:30:00,987] {logging_mixin.py:112} INFO - [2020-07-22 18:30:00,986] {spark_submit_hook.py:479} INFO - |  Jeff|        2014|   Yahoo|
[2020-07-22 18:30:00,987] {logging_mixin.py:112} INFO - [2020-07-22 18:30:00,987] {spark_submit_hook.py:479} INFO - | Allen|        2015|Facebook|
[2020-07-22 18:30:00,987] {logging_mixin.py:112} INFO - [2020-07-22 18:30:00,987] {spark_submit_hook.py:479} INFO - +------+------------+--------+
[2020-07-22 18:30:00,988] {logging_mixin.py:112} INFO - [2020-07-22 18:30:00,987] {spark_submit_hook.py:479} INFO - 
[2020-07-22 18:30:01,072] {logging_mixin.py:112} INFO - [2020-07-22 18:30:01,072] {spark_submit_hook.py:479} INFO - 20/07/22 18:30:01 INFO SparkContext: Invoking stop() from shutdown hook
[2020-07-22 18:30:01,083] {logging_mixin.py:112} INFO - [2020-07-22 18:30:01,082] {spark_submit_hook.py:479} INFO - 20/07/22 18:30:01 INFO SparkUI: Stopped Spark web UI at http://192.168.43.94:4040
[2020-07-22 18:30:01,107] {logging_mixin.py:112} INFO - [2020-07-22 18:30:01,106] {spark_submit_hook.py:479} INFO - 20/07/22 18:30:01 INFO MapOutputTrackerMasterEndpoint: MapOutputTrackerMasterEndpoint stopped!
[2020-07-22 18:30:01,125] {logging_mixin.py:112} INFO - [2020-07-22 18:30:01,125] {spark_submit_hook.py:479} INFO - 20/07/22 18:30:01 INFO MemoryStore: MemoryStore cleared
[2020-07-22 18:30:01,126] {logging_mixin.py:112} INFO - [2020-07-22 18:30:01,126] {spark_submit_hook.py:479} INFO - 20/07/22 18:30:01 INFO BlockManager: BlockManager stopped
[2020-07-22 18:30:01,132] {logging_mixin.py:112} INFO - [2020-07-22 18:30:01,131] {spark_submit_hook.py:479} INFO - 20/07/22 18:30:01 INFO BlockManagerMaster: BlockManagerMaster stopped
[2020-07-22 18:30:01,136] {logging_mixin.py:112} INFO - [2020-07-22 18:30:01,136] {spark_submit_hook.py:479} INFO - 20/07/22 18:30:01 INFO OutputCommitCoordinator$OutputCommitCoordinatorEndpoint: OutputCommitCoordinator stopped!
[2020-07-22 18:30:01,145] {logging_mixin.py:112} INFO - [2020-07-22 18:30:01,144] {spark_submit_hook.py:479} INFO - 20/07/22 18:30:01 INFO SparkContext: Successfully stopped SparkContext
[2020-07-22 18:30:01,145] {logging_mixin.py:112} INFO - [2020-07-22 18:30:01,145] {spark_submit_hook.py:479} INFO - 20/07/22 18:30:01 INFO ShutdownHookManager: Shutdown hook called
[2020-07-22 18:30:01,147] {logging_mixin.py:112} INFO - [2020-07-22 18:30:01,146] {spark_submit_hook.py:479} INFO - 20/07/22 18:30:01 INFO ShutdownHookManager: Deleting directory /tmp/spark-786d9811-5498-4c19-8cff-9516f4c33f86/pyspark-c7b4e8c5-e44a-4efb-9f92-948cc540edb1
[2020-07-22 18:30:01,150] {logging_mixin.py:112} INFO - [2020-07-22 18:30:01,150] {spark_submit_hook.py:479} INFO - 20/07/22 18:30:01 INFO ShutdownHookManager: Deleting directory /tmp/spark-786d9811-5498-4c19-8cff-9516f4c33f86
[2020-07-22 18:30:01,153] {logging_mixin.py:112} INFO - [2020-07-22 18:30:01,153] {spark_submit_hook.py:479} INFO - 20/07/22 18:30:01 INFO ShutdownHookManager: Deleting directory /tmp/spark-95e829f1-cc98-4ea5-86d1-279c1e810ab9
[2020-07-22 18:30:01,214] {taskinstance.py:1052} INFO - Marking task as SUCCESS.dag_id=submit_data, task_id=spark_submit, execution_date=20200720T091500, start_date=20200722T125929, end_date=20200722T130001
[2020-07-22 18:30:05,787] {logging_mixin.py:112} INFO - [2020-07-22 18:30:05,787] {local_task_job.py:103} INFO - Task exited with return code 0
