[2020-07-22 13:05:49,935] {taskinstance.py:669} INFO - Dependencies all met for <TaskInstance: submit_data.spark_submit 2020-07-20T00:21:00+00:00 [queued]>
[2020-07-22 13:05:49,959] {taskinstance.py:669} INFO - Dependencies all met for <TaskInstance: submit_data.spark_submit 2020-07-20T00:21:00+00:00 [queued]>
[2020-07-22 13:05:49,959] {taskinstance.py:879} INFO - 
--------------------------------------------------------------------------------
[2020-07-22 13:05:49,959] {taskinstance.py:880} INFO - Starting attempt 1 of 1
[2020-07-22 13:05:49,959] {taskinstance.py:881} INFO - 
--------------------------------------------------------------------------------
[2020-07-22 13:05:50,123] {taskinstance.py:900} INFO - Executing <Task(SparkSubmitOperator): spark_submit> on 2020-07-20T00:21:00+00:00
[2020-07-22 13:05:50,129] {standard_task_runner.py:53} INFO - Started process 312452 to run task
[2020-07-22 13:05:50,367] {logging_mixin.py:112} INFO - Running %s on host %s <TaskInstance: submit_data.spark_submit 2020-07-20T00:21:00+00:00 [running]> bhakti-Vostro-3558
[2020-07-22 13:05:50,409] {logging_mixin.py:112} INFO - [2020-07-22 13:05:50,409] {base_hook.py:87} INFO - Using connection to: id: spark_local. Host: localhost, Port: 4040, Schema: None, Login: None, Password: None, extra: None
[2020-07-22 13:05:50,411] {logging_mixin.py:112} INFO - [2020-07-22 13:05:50,411] {spark_submit_hook.py:325} INFO - Spark-Submit cmd: spark-submit --master localhost:4040 --name airflow-spark /home/bhakti/airflow/spark_jobs/python/spark_test.py
[2020-07-22 13:05:53,289] {logging_mixin.py:112} INFO - [2020-07-22 13:05:53,289] {spark_submit_hook.py:479} INFO - 20/07/22 13:05:53 WARN Utils: Your hostname, bhakti-Vostro-3558 resolves to a loopback address: 127.0.1.1; using 192.168.43.94 instead (on interface wlp6s0)
[2020-07-22 13:05:53,293] {logging_mixin.py:112} INFO - [2020-07-22 13:05:53,293] {spark_submit_hook.py:479} INFO - 20/07/22 13:05:53 WARN Utils: Set SPARK_LOCAL_IP if you need to bind to another address
[2020-07-22 13:05:54,782] {logging_mixin.py:112} INFO - [2020-07-22 13:05:54,781] {spark_submit_hook.py:479} INFO - 20/07/22 13:05:54 WARN NativeCodeLoader: Unable to load native-hadoop library for your platform... using builtin-java classes where applicable
[2020-07-22 13:05:56,721] {logging_mixin.py:112} INFO - [2020-07-22 13:05:56,721] {spark_submit_hook.py:479} INFO - Spark_Test_Python
[2020-07-22 13:05:56,721] {logging_mixin.py:112} INFO - [2020-07-22 13:05:56,721] {spark_submit_hook.py:479} INFO - Number of arguments: 0 arguments.
[2020-07-22 13:05:56,722] {logging_mixin.py:112} INFO - [2020-07-22 13:05:56,721] {spark_submit_hook.py:479} INFO - Argument List: []
[2020-07-22 13:05:56,822] {logging_mixin.py:112} INFO - [2020-07-22 13:05:56,822] {spark_submit_hook.py:479} INFO - Using Spark's default log4j profile: org/apache/spark/log4j-defaults.properties
[2020-07-22 13:05:56,836] {logging_mixin.py:112} INFO - [2020-07-22 13:05:56,835] {spark_submit_hook.py:479} INFO - 20/07/22 13:05:56 INFO SparkContext: Running Spark version 3.0.0
[2020-07-22 13:05:56,904] {logging_mixin.py:112} INFO - [2020-07-22 13:05:56,904] {spark_submit_hook.py:479} INFO - 20/07/22 13:05:56 INFO ResourceUtils: ==============================================================
[2020-07-22 13:05:56,907] {logging_mixin.py:112} INFO - [2020-07-22 13:05:56,907] {spark_submit_hook.py:479} INFO - 20/07/22 13:05:56 INFO ResourceUtils: Resources for spark.driver:
[2020-07-22 13:05:56,907] {logging_mixin.py:112} INFO - [2020-07-22 13:05:56,907] {spark_submit_hook.py:479} INFO - 
[2020-07-22 13:05:56,908] {logging_mixin.py:112} INFO - [2020-07-22 13:05:56,907] {spark_submit_hook.py:479} INFO - 20/07/22 13:05:56 INFO ResourceUtils: ==============================================================
[2020-07-22 13:05:56,908] {logging_mixin.py:112} INFO - [2020-07-22 13:05:56,908] {spark_submit_hook.py:479} INFO - 20/07/22 13:05:56 INFO SparkContext: Submitted application: Spark_Test_Python
[2020-07-22 13:05:57,006] {logging_mixin.py:112} INFO - [2020-07-22 13:05:57,006] {spark_submit_hook.py:479} INFO - 20/07/22 13:05:57 INFO SecurityManager: Changing view acls to: bhakti
[2020-07-22 13:05:57,006] {logging_mixin.py:112} INFO - [2020-07-22 13:05:57,006] {spark_submit_hook.py:479} INFO - 20/07/22 13:05:57 INFO SecurityManager: Changing modify acls to: bhakti
[2020-07-22 13:05:57,007] {logging_mixin.py:112} INFO - [2020-07-22 13:05:57,007] {spark_submit_hook.py:479} INFO - 20/07/22 13:05:57 INFO SecurityManager: Changing view acls groups to:
[2020-07-22 13:05:57,007] {logging_mixin.py:112} INFO - [2020-07-22 13:05:57,007] {spark_submit_hook.py:479} INFO - 20/07/22 13:05:57 INFO SecurityManager: Changing modify acls groups to:
[2020-07-22 13:05:57,008] {logging_mixin.py:112} INFO - [2020-07-22 13:05:57,007] {spark_submit_hook.py:479} INFO - 20/07/22 13:05:57 INFO SecurityManager: SecurityManager: authentication disabled; ui acls disabled; users  with view permissions: Set(bhakti); groups with view permissions: Set(); users  with modify permissions: Set(bhakti); groups with modify permissions: Set()
[2020-07-22 13:05:57,505] {logging_mixin.py:112} INFO - [2020-07-22 13:05:57,504] {spark_submit_hook.py:479} INFO - 20/07/22 13:05:57 INFO Utils: Successfully started service 'sparkDriver' on port 42221.
[2020-07-22 13:05:57,548] {logging_mixin.py:112} INFO - [2020-07-22 13:05:57,548] {spark_submit_hook.py:479} INFO - 20/07/22 13:05:57 INFO SparkEnv: Registering MapOutputTracker
[2020-07-22 13:05:57,605] {logging_mixin.py:112} INFO - [2020-07-22 13:05:57,605] {spark_submit_hook.py:479} INFO - 20/07/22 13:05:57 INFO SparkEnv: Registering BlockManagerMaster
[2020-07-22 13:05:57,642] {logging_mixin.py:112} INFO - [2020-07-22 13:05:57,642] {spark_submit_hook.py:479} INFO - 20/07/22 13:05:57 INFO BlockManagerMasterEndpoint: Using org.apache.spark.storage.DefaultTopologyMapper for getting topology information
[2020-07-22 13:05:57,644] {logging_mixin.py:112} INFO - [2020-07-22 13:05:57,643] {spark_submit_hook.py:479} INFO - 20/07/22 13:05:57 INFO BlockManagerMasterEndpoint: BlockManagerMasterEndpoint up
[2020-07-22 13:05:57,652] {logging_mixin.py:112} INFO - [2020-07-22 13:05:57,652] {spark_submit_hook.py:479} INFO - 20/07/22 13:05:57 INFO SparkEnv: Registering BlockManagerMasterHeartbeat
[2020-07-22 13:05:57,677] {logging_mixin.py:112} INFO - [2020-07-22 13:05:57,677] {spark_submit_hook.py:479} INFO - 20/07/22 13:05:57 INFO DiskBlockManager: Created local directory at /tmp/blockmgr-2715b850-030e-4963-a885-90b141466682
[2020-07-22 13:05:57,728] {logging_mixin.py:112} INFO - [2020-07-22 13:05:57,728] {spark_submit_hook.py:479} INFO - 20/07/22 13:05:57 INFO MemoryStore: MemoryStore started with capacity 366.3 MiB
[2020-07-22 13:05:57,763] {logging_mixin.py:112} INFO - [2020-07-22 13:05:57,762] {spark_submit_hook.py:479} INFO - 20/07/22 13:05:57 INFO SparkEnv: Registering OutputCommitCoordinator
[2020-07-22 13:05:58,132] {logging_mixin.py:112} INFO - [2020-07-22 13:05:58,131] {spark_submit_hook.py:479} INFO - 20/07/22 13:05:58 WARN Utils: Service 'SparkUI' could not bind on port 4040. Attempting port 4041.
[2020-07-22 13:05:58,132] {logging_mixin.py:112} INFO - [2020-07-22 13:05:58,132] {spark_submit_hook.py:479} INFO - 20/07/22 13:05:58 WARN Utils: Service 'SparkUI' could not bind on port 4041. Attempting port 4042.
[2020-07-22 13:05:58,133] {logging_mixin.py:112} INFO - [2020-07-22 13:05:58,132] {spark_submit_hook.py:479} INFO - 20/07/22 13:05:58 WARN Utils: Service 'SparkUI' could not bind on port 4042. Attempting port 4043.
[2020-07-22 13:05:58,133] {logging_mixin.py:112} INFO - [2020-07-22 13:05:58,133] {spark_submit_hook.py:479} INFO - 20/07/22 13:05:58 WARN Utils: Service 'SparkUI' could not bind on port 4043. Attempting port 4044.
[2020-07-22 13:05:58,144] {logging_mixin.py:112} INFO - [2020-07-22 13:05:58,144] {spark_submit_hook.py:479} INFO - 20/07/22 13:05:58 INFO Utils: Successfully started service 'SparkUI' on port 4044.
[2020-07-22 13:05:58,251] {logging_mixin.py:112} INFO - [2020-07-22 13:05:58,250] {spark_submit_hook.py:479} INFO - 20/07/22 13:05:58 INFO SparkUI: Bound SparkUI to 0.0.0.0, and started at http://192.168.43.94:4044
[2020-07-22 13:05:58,436] {logging_mixin.py:112} INFO - [2020-07-22 13:05:58,435] {spark_submit_hook.py:479} INFO - 20/07/22 13:05:58 ERROR SparkContext: Error initializing SparkContext.
[2020-07-22 13:05:58,436] {logging_mixin.py:112} INFO - [2020-07-22 13:05:58,436] {spark_submit_hook.py:479} INFO - org.apache.spark.SparkException: Could not parse Master URL: 'localhost:4040'
[2020-07-22 13:05:58,436] {logging_mixin.py:112} INFO - [2020-07-22 13:05:58,436] {spark_submit_hook.py:479} INFO - at org.apache.spark.SparkContext$.org$apache$spark$SparkContext$$createTaskScheduler(SparkContext.scala:2924)
[2020-07-22 13:05:58,437] {logging_mixin.py:112} INFO - [2020-07-22 13:05:58,436] {spark_submit_hook.py:479} INFO - at org.apache.spark.SparkContext.<init>(SparkContext.scala:528)
[2020-07-22 13:05:58,437] {logging_mixin.py:112} INFO - [2020-07-22 13:05:58,437] {spark_submit_hook.py:479} INFO - at org.apache.spark.api.java.JavaSparkContext.<init>(JavaSparkContext.scala:58)
[2020-07-22 13:05:58,437] {logging_mixin.py:112} INFO - [2020-07-22 13:05:58,437] {spark_submit_hook.py:479} INFO - at sun.reflect.NativeConstructorAccessorImpl.newInstance0(Native Method)
[2020-07-22 13:05:58,437] {logging_mixin.py:112} INFO - [2020-07-22 13:05:58,437] {spark_submit_hook.py:479} INFO - at sun.reflect.NativeConstructorAccessorImpl.newInstance(NativeConstructorAccessorImpl.java:62)
[2020-07-22 13:05:58,437] {logging_mixin.py:112} INFO - [2020-07-22 13:05:58,437] {spark_submit_hook.py:479} INFO - at sun.reflect.DelegatingConstructorAccessorImpl.newInstance(DelegatingConstructorAccessorImpl.java:45)
[2020-07-22 13:05:58,438] {logging_mixin.py:112} INFO - [2020-07-22 13:05:58,438] {spark_submit_hook.py:479} INFO - at java.lang.reflect.Constructor.newInstance(Constructor.java:423)
[2020-07-22 13:05:58,438] {logging_mixin.py:112} INFO - [2020-07-22 13:05:58,438] {spark_submit_hook.py:479} INFO - at py4j.reflection.MethodInvoker.invoke(MethodInvoker.java:247)
[2020-07-22 13:05:58,438] {logging_mixin.py:112} INFO - [2020-07-22 13:05:58,438] {spark_submit_hook.py:479} INFO - at py4j.reflection.ReflectionEngine.invoke(ReflectionEngine.java:357)
[2020-07-22 13:05:58,438] {logging_mixin.py:112} INFO - [2020-07-22 13:05:58,438] {spark_submit_hook.py:479} INFO - at py4j.Gateway.invoke(Gateway.java:238)
[2020-07-22 13:05:58,439] {logging_mixin.py:112} INFO - [2020-07-22 13:05:58,438] {spark_submit_hook.py:479} INFO - at py4j.commands.ConstructorCommand.invokeConstructor(ConstructorCommand.java:80)
[2020-07-22 13:05:58,439] {logging_mixin.py:112} INFO - [2020-07-22 13:05:58,439] {spark_submit_hook.py:479} INFO - at py4j.commands.ConstructorCommand.execute(ConstructorCommand.java:69)
[2020-07-22 13:05:58,439] {logging_mixin.py:112} INFO - [2020-07-22 13:05:58,439] {spark_submit_hook.py:479} INFO - at py4j.GatewayConnection.run(GatewayConnection.java:238)
[2020-07-22 13:05:58,439] {logging_mixin.py:112} INFO - [2020-07-22 13:05:58,439] {spark_submit_hook.py:479} INFO - at java.lang.Thread.run(Thread.java:748)
[2020-07-22 13:05:58,455] {logging_mixin.py:112} INFO - [2020-07-22 13:05:58,455] {spark_submit_hook.py:479} INFO - 20/07/22 13:05:58 INFO SparkUI: Stopped Spark web UI at http://192.168.43.94:4044
[2020-07-22 13:05:58,482] {logging_mixin.py:112} INFO - [2020-07-22 13:05:58,482] {spark_submit_hook.py:479} INFO - 20/07/22 13:05:58 INFO MapOutputTrackerMasterEndpoint: MapOutputTrackerMasterEndpoint stopped!
[2020-07-22 13:05:58,497] {logging_mixin.py:112} INFO - [2020-07-22 13:05:58,497] {spark_submit_hook.py:479} INFO - 20/07/22 13:05:58 INFO MemoryStore: MemoryStore cleared
[2020-07-22 13:05:58,498] {logging_mixin.py:112} INFO - [2020-07-22 13:05:58,498] {spark_submit_hook.py:479} INFO - 20/07/22 13:05:58 INFO BlockManager: BlockManager stopped
[2020-07-22 13:05:58,537] {logging_mixin.py:112} INFO - [2020-07-22 13:05:58,537] {spark_submit_hook.py:479} INFO - 20/07/22 13:05:58 INFO BlockManagerMaster: BlockManagerMaster stopped
[2020-07-22 13:05:58,538] {logging_mixin.py:112} INFO - [2020-07-22 13:05:58,538] {spark_submit_hook.py:479} INFO - 20/07/22 13:05:58 WARN MetricsSystem: Stopping a MetricsSystem that is not running
[2020-07-22 13:05:58,544] {logging_mixin.py:112} INFO - [2020-07-22 13:05:58,544] {spark_submit_hook.py:479} INFO - 20/07/22 13:05:58 INFO OutputCommitCoordinator$OutputCommitCoordinatorEndpoint: OutputCommitCoordinator stopped!
[2020-07-22 13:05:58,558] {logging_mixin.py:112} INFO - [2020-07-22 13:05:58,557] {spark_submit_hook.py:479} INFO - 20/07/22 13:05:58 INFO SparkContext: Successfully stopped SparkContext
[2020-07-22 13:05:58,620] {logging_mixin.py:112} INFO - [2020-07-22 13:05:58,620] {spark_submit_hook.py:479} INFO - Traceback (most recent call last):
[2020-07-22 13:05:58,620] {logging_mixin.py:112} INFO - [2020-07-22 13:05:58,620] {spark_submit_hook.py:479} INFO - File "/home/bhakti/airflow/spark_jobs/python/spark_test.py", line 12, in <module>
[2020-07-22 13:05:58,621] {logging_mixin.py:112} INFO - [2020-07-22 13:05:58,621] {spark_submit_hook.py:479} INFO - sc = SparkContext(conf=conf)
[2020-07-22 13:05:58,621] {logging_mixin.py:112} INFO - [2020-07-22 13:05:58,621] {spark_submit_hook.py:479} INFO - File "/opt/spark/python/lib/pyspark.zip/pyspark/context.py", line 130, in __init__
[2020-07-22 13:05:58,621] {logging_mixin.py:112} INFO - [2020-07-22 13:05:58,621] {spark_submit_hook.py:479} INFO - File "/opt/spark/python/lib/pyspark.zip/pyspark/context.py", line 193, in _do_init
[2020-07-22 13:05:58,622] {logging_mixin.py:112} INFO - [2020-07-22 13:05:58,621] {spark_submit_hook.py:479} INFO - File "/opt/spark/python/lib/pyspark.zip/pyspark/context.py", line 310, in _initialize_context
[2020-07-22 13:05:58,623] {logging_mixin.py:112} INFO - [2020-07-22 13:05:58,622] {spark_submit_hook.py:479} INFO - File "/opt/spark/python/lib/py4j-0.10.9-src.zip/py4j/java_gateway.py", line 1568, in __call__
[2020-07-22 13:05:58,623] {logging_mixin.py:112} INFO - [2020-07-22 13:05:58,623] {spark_submit_hook.py:479} INFO - File "/opt/spark/python/lib/py4j-0.10.9-src.zip/py4j/protocol.py", line 326, in get_return_value
[2020-07-22 13:05:58,624] {logging_mixin.py:112} INFO - [2020-07-22 13:05:58,624] {spark_submit_hook.py:479} INFO - py4j.protocol.Py4JJavaError: An error occurred while calling None.org.apache.spark.api.java.JavaSparkContext.
[2020-07-22 13:05:58,624] {logging_mixin.py:112} INFO - [2020-07-22 13:05:58,624] {spark_submit_hook.py:479} INFO - : org.apache.spark.SparkException: Could not parse Master URL: 'localhost:4040'
[2020-07-22 13:05:58,624] {logging_mixin.py:112} INFO - [2020-07-22 13:05:58,624] {spark_submit_hook.py:479} INFO - at org.apache.spark.SparkContext$.org$apache$spark$SparkContext$$createTaskScheduler(SparkContext.scala:2924)
[2020-07-22 13:05:58,624] {logging_mixin.py:112} INFO - [2020-07-22 13:05:58,624] {spark_submit_hook.py:479} INFO - at org.apache.spark.SparkContext.<init>(SparkContext.scala:528)
[2020-07-22 13:05:58,625] {logging_mixin.py:112} INFO - [2020-07-22 13:05:58,625] {spark_submit_hook.py:479} INFO - at org.apache.spark.api.java.JavaSparkContext.<init>(JavaSparkContext.scala:58)
[2020-07-22 13:05:58,625] {logging_mixin.py:112} INFO - [2020-07-22 13:05:58,625] {spark_submit_hook.py:479} INFO - at sun.reflect.NativeConstructorAccessorImpl.newInstance0(Native Method)
[2020-07-22 13:05:58,625] {logging_mixin.py:112} INFO - [2020-07-22 13:05:58,625] {spark_submit_hook.py:479} INFO - at sun.reflect.NativeConstructorAccessorImpl.newInstance(NativeConstructorAccessorImpl.java:62)
[2020-07-22 13:05:58,625] {logging_mixin.py:112} INFO - [2020-07-22 13:05:58,625] {spark_submit_hook.py:479} INFO - at sun.reflect.DelegatingConstructorAccessorImpl.newInstance(DelegatingConstructorAccessorImpl.java:45)
[2020-07-22 13:05:58,626] {logging_mixin.py:112} INFO - [2020-07-22 13:05:58,625] {spark_submit_hook.py:479} INFO - at java.lang.reflect.Constructor.newInstance(Constructor.java:423)
[2020-07-22 13:05:58,626] {logging_mixin.py:112} INFO - [2020-07-22 13:05:58,626] {spark_submit_hook.py:479} INFO - at py4j.reflection.MethodInvoker.invoke(MethodInvoker.java:247)
[2020-07-22 13:05:58,626] {logging_mixin.py:112} INFO - [2020-07-22 13:05:58,626] {spark_submit_hook.py:479} INFO - at py4j.reflection.ReflectionEngine.invoke(ReflectionEngine.java:357)
[2020-07-22 13:05:58,626] {logging_mixin.py:112} INFO - [2020-07-22 13:05:58,626] {spark_submit_hook.py:479} INFO - at py4j.Gateway.invoke(Gateway.java:238)
[2020-07-22 13:05:58,626] {logging_mixin.py:112} INFO - [2020-07-22 13:05:58,626] {spark_submit_hook.py:479} INFO - at py4j.commands.ConstructorCommand.invokeConstructor(ConstructorCommand.java:80)
[2020-07-22 13:05:58,627] {logging_mixin.py:112} INFO - [2020-07-22 13:05:58,627] {spark_submit_hook.py:479} INFO - at py4j.commands.ConstructorCommand.execute(ConstructorCommand.java:69)
[2020-07-22 13:05:58,627] {logging_mixin.py:112} INFO - [2020-07-22 13:05:58,627] {spark_submit_hook.py:479} INFO - at py4j.GatewayConnection.run(GatewayConnection.java:238)
[2020-07-22 13:05:58,627] {logging_mixin.py:112} INFO - [2020-07-22 13:05:58,627] {spark_submit_hook.py:479} INFO - at java.lang.Thread.run(Thread.java:748)
[2020-07-22 13:05:58,627] {logging_mixin.py:112} INFO - [2020-07-22 13:05:58,627] {spark_submit_hook.py:479} INFO - 
[2020-07-22 13:05:58,724] {logging_mixin.py:112} INFO - [2020-07-22 13:05:58,723] {spark_submit_hook.py:479} INFO - 20/07/22 13:05:58 INFO ShutdownHookManager: Shutdown hook called
[2020-07-22 13:05:58,725] {logging_mixin.py:112} INFO - [2020-07-22 13:05:58,725] {spark_submit_hook.py:479} INFO - 20/07/22 13:05:58 INFO ShutdownHookManager: Deleting directory /tmp/spark-6710dcea-6dfd-46f6-b240-920ee0ebc954
[2020-07-22 13:05:58,728] {logging_mixin.py:112} INFO - [2020-07-22 13:05:58,728] {spark_submit_hook.py:479} INFO - 20/07/22 13:05:58 INFO ShutdownHookManager: Deleting directory /tmp/spark-77e51eb7-b853-44f3-ba04-e2baeaac7ab6
[2020-07-22 13:05:58,820] {taskinstance.py:1145} ERROR - Cannot execute: spark-submit --master localhost:4040 --name airflow-spark /home/bhakti/airflow/spark_jobs/python/spark_test.py. Error code is: 1.
Traceback (most recent call last):
  File "/usr/local/lib/python3.8/dist-packages/airflow/models/taskinstance.py", line 983, in _run_raw_task
    result = task_copy.execute(context=context)
  File "/usr/local/lib/python3.8/dist-packages/airflow/contrib/operators/spark_submit_operator.py", line 187, in execute
    self._hook.submit(self._application)
  File "/usr/local/lib/python3.8/dist-packages/airflow/contrib/hooks/spark_submit_hook.py", line 403, in submit
    raise AirflowException(
airflow.exceptions.AirflowException: Cannot execute: spark-submit --master localhost:4040 --name airflow-spark /home/bhakti/airflow/spark_jobs/python/spark_test.py. Error code is: 1.
[2020-07-22 13:05:58,822] {taskinstance.py:1189} INFO - Marking task as FAILED.dag_id=submit_data, task_id=spark_submit, execution_date=20200720T002100, start_date=20200722T073549, end_date=20200722T073558
[2020-07-22 13:05:59,767] {logging_mixin.py:112} INFO - [2020-07-22 13:05:59,767] {local_task_job.py:103} INFO - Task exited with return code 1
