[2020-07-22 17:29:14,971] {taskinstance.py:669} INFO - Dependencies all met for <TaskInstance: submit_data.spark_submit 2020-07-20T07:44:00+00:00 [queued]>
[2020-07-22 17:29:14,984] {taskinstance.py:669} INFO - Dependencies all met for <TaskInstance: submit_data.spark_submit 2020-07-20T07:44:00+00:00 [queued]>
[2020-07-22 17:29:14,985] {taskinstance.py:879} INFO - 
--------------------------------------------------------------------------------
[2020-07-22 17:29:14,985] {taskinstance.py:880} INFO - Starting attempt 1 of 1
[2020-07-22 17:29:14,985] {taskinstance.py:881} INFO - 
--------------------------------------------------------------------------------
[2020-07-22 17:29:15,193] {taskinstance.py:900} INFO - Executing <Task(SparkSubmitOperator): spark_submit> on 2020-07-20T07:44:00+00:00
[2020-07-22 17:29:15,198] {standard_task_runner.py:53} INFO - Started process 655154 to run task
[2020-07-22 17:29:15,495] {logging_mixin.py:112} INFO - Running %s on host %s <TaskInstance: submit_data.spark_submit 2020-07-20T07:44:00+00:00 [running]> bhakti-Vostro-3558
[2020-07-22 17:29:15,529] {logging_mixin.py:112} INFO - [2020-07-22 17:29:15,528] {base_hook.py:87} INFO - Using connection to: id: spark_local. Host: local, Port: None, Schema: None, Login: None, Password: None, extra: None
[2020-07-22 17:29:15,530] {logging_mixin.py:112} INFO - [2020-07-22 17:29:15,529] {spark_submit_hook.py:325} INFO - Spark-Submit cmd: spark-submit --master local --name airflow-spark /home/bhakti/airflow/spark_jobs/spark_test.py
[2020-07-22 17:29:17,926] {logging_mixin.py:112} INFO - [2020-07-22 17:29:17,925] {spark_submit_hook.py:479} INFO - 20/07/22 17:29:17 WARN Utils: Your hostname, bhakti-Vostro-3558 resolves to a loopback address: 127.0.1.1; using 192.168.43.94 instead (on interface wlp6s0)
[2020-07-22 17:29:17,928] {logging_mixin.py:112} INFO - [2020-07-22 17:29:17,928] {spark_submit_hook.py:479} INFO - 20/07/22 17:29:17 WARN Utils: Set SPARK_LOCAL_IP if you need to bind to another address
[2020-07-22 17:29:19,235] {logging_mixin.py:112} INFO - [2020-07-22 17:29:19,235] {spark_submit_hook.py:479} INFO - 20/07/22 17:29:19 WARN NativeCodeLoader: Unable to load native-hadoop library for your platform... using builtin-java classes where applicable
[2020-07-22 17:29:20,986] {logging_mixin.py:112} INFO - [2020-07-22 17:29:20,986] {spark_submit_hook.py:479} INFO - Using Spark's default log4j profile: org/apache/spark/log4j-defaults.properties
[2020-07-22 17:29:21,000] {logging_mixin.py:112} INFO - [2020-07-22 17:29:20,999] {spark_submit_hook.py:479} INFO - 20/07/22 17:29:20 INFO SparkContext: Running Spark version 3.0.0
[2020-07-22 17:29:21,070] {logging_mixin.py:112} INFO - [2020-07-22 17:29:21,070] {spark_submit_hook.py:479} INFO - 20/07/22 17:29:21 INFO ResourceUtils: ==============================================================
[2020-07-22 17:29:21,073] {logging_mixin.py:112} INFO - [2020-07-22 17:29:21,073] {spark_submit_hook.py:479} INFO - 20/07/22 17:29:21 INFO ResourceUtils: Resources for spark.driver:
[2020-07-22 17:29:21,073] {logging_mixin.py:112} INFO - [2020-07-22 17:29:21,073] {spark_submit_hook.py:479} INFO - 
[2020-07-22 17:29:21,074] {logging_mixin.py:112} INFO - [2020-07-22 17:29:21,074] {spark_submit_hook.py:479} INFO - 20/07/22 17:29:21 INFO ResourceUtils: ==============================================================
[2020-07-22 17:29:21,075] {logging_mixin.py:112} INFO - [2020-07-22 17:29:21,074] {spark_submit_hook.py:479} INFO - 20/07/22 17:29:21 INFO SparkContext: Submitted application: Spark_Test_Python
[2020-07-22 17:29:21,158] {logging_mixin.py:112} INFO - [2020-07-22 17:29:21,158] {spark_submit_hook.py:479} INFO - 20/07/22 17:29:21 INFO SecurityManager: Changing view acls to: bhakti
[2020-07-22 17:29:21,159] {logging_mixin.py:112} INFO - [2020-07-22 17:29:21,159] {spark_submit_hook.py:479} INFO - 20/07/22 17:29:21 INFO SecurityManager: Changing modify acls to: bhakti
[2020-07-22 17:29:21,159] {logging_mixin.py:112} INFO - [2020-07-22 17:29:21,159] {spark_submit_hook.py:479} INFO - 20/07/22 17:29:21 INFO SecurityManager: Changing view acls groups to:
[2020-07-22 17:29:21,160] {logging_mixin.py:112} INFO - [2020-07-22 17:29:21,159] {spark_submit_hook.py:479} INFO - 20/07/22 17:29:21 INFO SecurityManager: Changing modify acls groups to:
[2020-07-22 17:29:21,160] {logging_mixin.py:112} INFO - [2020-07-22 17:29:21,160] {spark_submit_hook.py:479} INFO - 20/07/22 17:29:21 INFO SecurityManager: SecurityManager: authentication disabled; ui acls disabled; users  with view permissions: Set(bhakti); groups with view permissions: Set(); users  with modify permissions: Set(bhakti); groups with modify permissions: Set()
[2020-07-22 17:29:21,660] {logging_mixin.py:112} INFO - [2020-07-22 17:29:21,659] {spark_submit_hook.py:479} INFO - 20/07/22 17:29:21 INFO Utils: Successfully started service 'sparkDriver' on port 38055.
[2020-07-22 17:29:21,720] {logging_mixin.py:112} INFO - [2020-07-22 17:29:21,720] {spark_submit_hook.py:479} INFO - 20/07/22 17:29:21 INFO SparkEnv: Registering MapOutputTracker
[2020-07-22 17:29:21,789] {logging_mixin.py:112} INFO - [2020-07-22 17:29:21,789] {spark_submit_hook.py:479} INFO - 20/07/22 17:29:21 INFO SparkEnv: Registering BlockManagerMaster
[2020-07-22 17:29:21,836] {logging_mixin.py:112} INFO - [2020-07-22 17:29:21,835] {spark_submit_hook.py:479} INFO - 20/07/22 17:29:21 INFO BlockManagerMasterEndpoint: Using org.apache.spark.storage.DefaultTopologyMapper for getting topology information
[2020-07-22 17:29:21,837] {logging_mixin.py:112} INFO - [2020-07-22 17:29:21,837] {spark_submit_hook.py:479} INFO - 20/07/22 17:29:21 INFO BlockManagerMasterEndpoint: BlockManagerMasterEndpoint up
[2020-07-22 17:29:21,844] {logging_mixin.py:112} INFO - [2020-07-22 17:29:21,844] {spark_submit_hook.py:479} INFO - 20/07/22 17:29:21 INFO SparkEnv: Registering BlockManagerMasterHeartbeat
[2020-07-22 17:29:21,867] {logging_mixin.py:112} INFO - [2020-07-22 17:29:21,867] {spark_submit_hook.py:479} INFO - 20/07/22 17:29:21 INFO DiskBlockManager: Created local directory at /tmp/blockmgr-69c8ca2b-2bdb-455d-ac0d-a3aead8e441a
[2020-07-22 17:29:21,902] {logging_mixin.py:112} INFO - [2020-07-22 17:29:21,902] {spark_submit_hook.py:479} INFO - 20/07/22 17:29:21 INFO MemoryStore: MemoryStore started with capacity 366.3 MiB
[2020-07-22 17:29:21,929] {logging_mixin.py:112} INFO - [2020-07-22 17:29:21,928] {spark_submit_hook.py:479} INFO - 20/07/22 17:29:21 INFO SparkEnv: Registering OutputCommitCoordinator
[2020-07-22 17:29:22,289] {logging_mixin.py:112} INFO - [2020-07-22 17:29:22,289] {spark_submit_hook.py:479} INFO - 20/07/22 17:29:22 WARN Utils: Service 'SparkUI' could not bind on port 4040. Attempting port 4041.
[2020-07-22 17:29:22,290] {logging_mixin.py:112} INFO - [2020-07-22 17:29:22,290] {spark_submit_hook.py:479} INFO - 20/07/22 17:29:22 WARN Utils: Service 'SparkUI' could not bind on port 4041. Attempting port 4042.
[2020-07-22 17:29:22,290] {logging_mixin.py:112} INFO - [2020-07-22 17:29:22,290] {spark_submit_hook.py:479} INFO - 20/07/22 17:29:22 WARN Utils: Service 'SparkUI' could not bind on port 4042. Attempting port 4043.
[2020-07-22 17:29:22,291] {logging_mixin.py:112} INFO - [2020-07-22 17:29:22,290] {spark_submit_hook.py:479} INFO - 20/07/22 17:29:22 WARN Utils: Service 'SparkUI' could not bind on port 4043. Attempting port 4044.
[2020-07-22 17:29:22,291] {logging_mixin.py:112} INFO - [2020-07-22 17:29:22,291] {spark_submit_hook.py:479} INFO - 20/07/22 17:29:22 WARN Utils: Service 'SparkUI' could not bind on port 4044. Attempting port 4045.
[2020-07-22 17:29:22,302] {logging_mixin.py:112} INFO - [2020-07-22 17:29:22,302] {spark_submit_hook.py:479} INFO - 20/07/22 17:29:22 INFO Utils: Successfully started service 'SparkUI' on port 4045.
[2020-07-22 17:29:22,421] {logging_mixin.py:112} INFO - [2020-07-22 17:29:22,421] {spark_submit_hook.py:479} INFO - 20/07/22 17:29:22 INFO SparkUI: Bound SparkUI to 0.0.0.0, and started at http://192.168.43.94:4045
[2020-07-22 17:29:22,839] {logging_mixin.py:112} INFO - [2020-07-22 17:29:22,838] {spark_submit_hook.py:479} INFO - 20/07/22 17:29:22 INFO Executor: Starting executor ID driver on host 192.168.43.94
[2020-07-22 17:29:22,884] {logging_mixin.py:112} INFO - [2020-07-22 17:29:22,884] {spark_submit_hook.py:479} INFO - 20/07/22 17:29:22 INFO Utils: Successfully started service 'org.apache.spark.network.netty.NettyBlockTransferService' on port 34663.
[2020-07-22 17:29:22,885] {logging_mixin.py:112} INFO - [2020-07-22 17:29:22,885] {spark_submit_hook.py:479} INFO - 20/07/22 17:29:22 INFO NettyBlockTransferService: Server created on 192.168.43.94:34663
[2020-07-22 17:29:22,889] {logging_mixin.py:112} INFO - [2020-07-22 17:29:22,888] {spark_submit_hook.py:479} INFO - 20/07/22 17:29:22 INFO BlockManager: Using org.apache.spark.storage.RandomBlockReplicationPolicy for block replication policy
[2020-07-22 17:29:22,905] {logging_mixin.py:112} INFO - [2020-07-22 17:29:22,905] {spark_submit_hook.py:479} INFO - 20/07/22 17:29:22 INFO BlockManagerMaster: Registering BlockManager BlockManagerId(driver, 192.168.43.94, 34663, None)
[2020-07-22 17:29:22,917] {logging_mixin.py:112} INFO - [2020-07-22 17:29:22,917] {spark_submit_hook.py:479} INFO - 20/07/22 17:29:22 INFO BlockManagerMasterEndpoint: Registering block manager 192.168.43.94:34663 with 366.3 MiB RAM, BlockManagerId(driver, 192.168.43.94, 34663, None)
[2020-07-22 17:29:22,922] {logging_mixin.py:112} INFO - [2020-07-22 17:29:22,922] {spark_submit_hook.py:479} INFO - 20/07/22 17:29:22 INFO BlockManagerMaster: Registered BlockManager BlockManagerId(driver, 192.168.43.94, 34663, None)
[2020-07-22 17:29:22,925] {logging_mixin.py:112} INFO - [2020-07-22 17:29:22,924] {spark_submit_hook.py:479} INFO - 20/07/22 17:29:22 INFO BlockManager: Initialized BlockManager: BlockManagerId(driver, 192.168.43.94, 34663, None)
[2020-07-22 17:29:24,353] {logging_mixin.py:112} INFO - [2020-07-22 17:29:24,353] {spark_submit_hook.py:479} INFO - 20/07/22 17:29:24 INFO MemoryStore: Block broadcast_0 stored as values in memory (estimated size 241.5 KiB, free 366.1 MiB)
[2020-07-22 17:29:24,611] {logging_mixin.py:112} INFO - [2020-07-22 17:29:24,611] {spark_submit_hook.py:479} INFO - 20/07/22 17:29:24 INFO MemoryStore: Block broadcast_0_piece0 stored as bytes in memory (estimated size 23.4 KiB, free 366.0 MiB)
[2020-07-22 17:29:24,622] {logging_mixin.py:112} INFO - [2020-07-22 17:29:24,622] {spark_submit_hook.py:479} INFO - 20/07/22 17:29:24 INFO BlockManagerInfo: Added broadcast_0_piece0 in memory on 192.168.43.94:34663 (size: 23.4 KiB, free: 366.3 MiB)
[2020-07-22 17:29:24,645] {logging_mixin.py:112} INFO - [2020-07-22 17:29:24,645] {spark_submit_hook.py:479} INFO - 20/07/22 17:29:24 INFO SparkContext: Created broadcast 0 from textFile at NativeMethodAccessorImpl.java:0
[2020-07-22 17:29:25,025] {logging_mixin.py:112} INFO - [2020-07-22 17:29:25,025] {spark_submit_hook.py:479} INFO - 20/07/22 17:29:25 INFO FileInputFormat: Total input paths to process : 1
[2020-07-22 17:29:25,184] {logging_mixin.py:112} INFO - [2020-07-22 17:29:25,184] {spark_submit_hook.py:479} INFO - 20/07/22 17:29:25 INFO SparkContext: Starting job: collect at /home/bhakti/airflow/spark_jobs/spark_test.py:8
[2020-07-22 17:29:25,219] {logging_mixin.py:112} INFO - [2020-07-22 17:29:25,219] {spark_submit_hook.py:479} INFO - 20/07/22 17:29:25 INFO DAGScheduler: Got job 0 (collect at /home/bhakti/airflow/spark_jobs/spark_test.py:8) with 1 output partitions
[2020-07-22 17:29:25,220] {logging_mixin.py:112} INFO - [2020-07-22 17:29:25,219] {spark_submit_hook.py:479} INFO - 20/07/22 17:29:25 INFO DAGScheduler: Final stage: ResultStage 0 (collect at /home/bhakti/airflow/spark_jobs/spark_test.py:8)
[2020-07-22 17:29:25,220] {logging_mixin.py:112} INFO - [2020-07-22 17:29:25,220] {spark_submit_hook.py:479} INFO - 20/07/22 17:29:25 INFO DAGScheduler: Parents of final stage: List()
[2020-07-22 17:29:25,220] {logging_mixin.py:112} INFO - [2020-07-22 17:29:25,220] {spark_submit_hook.py:479} INFO - 20/07/22 17:29:25 INFO DAGScheduler: Missing parents: List()
[2020-07-22 17:29:25,231] {logging_mixin.py:112} INFO - [2020-07-22 17:29:25,231] {spark_submit_hook.py:479} INFO - 20/07/22 17:29:25 INFO DAGScheduler: Submitting ResultStage 0 (PythonRDD[2] at collect at /home/bhakti/airflow/spark_jobs/spark_test.py:8), which has no missing parents
[2020-07-22 17:29:25,278] {logging_mixin.py:112} INFO - [2020-07-22 17:29:25,278] {spark_submit_hook.py:479} INFO - 20/07/22 17:29:25 INFO MemoryStore: Block broadcast_1 stored as values in memory (estimated size 7.4 KiB, free 366.0 MiB)
[2020-07-22 17:29:25,296] {logging_mixin.py:112} INFO - [2020-07-22 17:29:25,296] {spark_submit_hook.py:479} INFO - 20/07/22 17:29:25 INFO MemoryStore: Block broadcast_1_piece0 stored as bytes in memory (estimated size 4.4 KiB, free 366.0 MiB)
[2020-07-22 17:29:25,299] {logging_mixin.py:112} INFO - [2020-07-22 17:29:25,299] {spark_submit_hook.py:479} INFO - 20/07/22 17:29:25 INFO BlockManagerInfo: Added broadcast_1_piece0 in memory on 192.168.43.94:34663 (size: 4.4 KiB, free: 366.3 MiB)
[2020-07-22 17:29:25,301] {logging_mixin.py:112} INFO - [2020-07-22 17:29:25,301] {spark_submit_hook.py:479} INFO - 20/07/22 17:29:25 INFO SparkContext: Created broadcast 1 from broadcast at DAGScheduler.scala:1200
[2020-07-22 17:29:25,336] {logging_mixin.py:112} INFO - [2020-07-22 17:29:25,336] {spark_submit_hook.py:479} INFO - 20/07/22 17:29:25 INFO DAGScheduler: Submitting 1 missing tasks from ResultStage 0 (PythonRDD[2] at collect at /home/bhakti/airflow/spark_jobs/spark_test.py:8) (first 15 tasks are for partitions Vector(0))
[2020-07-22 17:29:25,338] {logging_mixin.py:112} INFO - [2020-07-22 17:29:25,338] {spark_submit_hook.py:479} INFO - 20/07/22 17:29:25 INFO TaskSchedulerImpl: Adding task set 0.0 with 1 tasks
[2020-07-22 17:29:25,496] {logging_mixin.py:112} INFO - [2020-07-22 17:29:25,495] {spark_submit_hook.py:479} INFO - 20/07/22 17:29:25 INFO TaskSetManager: Starting task 0.0 in stage 0.0 (TID 0, 192.168.43.94, executor driver, partition 0, PROCESS_LOCAL, 7388 bytes)
[2020-07-22 17:29:25,554] {logging_mixin.py:112} INFO - [2020-07-22 17:29:25,554] {spark_submit_hook.py:479} INFO - 20/07/22 17:29:25 INFO Executor: Running task 0.0 in stage 0.0 (TID 0)
[2020-07-22 17:29:26,208] {logging_mixin.py:112} INFO - [2020-07-22 17:29:26,207] {spark_submit_hook.py:479} INFO - 20/07/22 17:29:26 INFO HadoopRDD: Input split: file:/home/bhakti/airflow/input_data/sample.csv:0+93
[2020-07-22 17:29:27,065] {logging_mixin.py:112} INFO - [2020-07-22 17:29:27,065] {spark_submit_hook.py:479} INFO - 20/07/22 17:29:27 INFO PythonRunner: Times: total = 826, boot = 804, init = 21, finish = 1
[2020-07-22 17:29:27,103] {logging_mixin.py:112} INFO - [2020-07-22 17:29:27,102] {spark_submit_hook.py:479} INFO - 20/07/22 17:29:27 INFO Executor: Finished task 0.0 in stage 0.0 (TID 0). 1779 bytes result sent to driver
[2020-07-22 17:29:27,119] {logging_mixin.py:112} INFO - [2020-07-22 17:29:27,119] {spark_submit_hook.py:479} INFO - 20/07/22 17:29:27 INFO TaskSetManager: Finished task 0.0 in stage 0.0 (TID 0) in 1683 ms on 192.168.43.94 (executor driver) (1/1)
[2020-07-22 17:29:27,125] {logging_mixin.py:112} INFO - [2020-07-22 17:29:27,125] {spark_submit_hook.py:479} INFO - 20/07/22 17:29:27 INFO TaskSchedulerImpl: Removed TaskSet 0.0, whose tasks have all completed, from pool
[2020-07-22 17:29:27,128] {logging_mixin.py:112} INFO - [2020-07-22 17:29:27,128] {spark_submit_hook.py:479} INFO - 20/07/22 17:29:27 INFO PythonAccumulatorV2: Connected to AccumulatorServer at host: 127.0.0.1 port: 45545
[2020-07-22 17:29:27,137] {logging_mixin.py:112} INFO - [2020-07-22 17:29:27,137] {spark_submit_hook.py:479} INFO - 20/07/22 17:29:27 INFO DAGScheduler: ResultStage 0 (collect at /home/bhakti/airflow/spark_jobs/spark_test.py:8) finished in 1.869 s
[2020-07-22 17:29:27,148] {logging_mixin.py:112} INFO - [2020-07-22 17:29:27,147] {spark_submit_hook.py:479} INFO - 20/07/22 17:29:27 INFO DAGScheduler: Job 0 is finished. Cancelling potential speculative or zombie tasks for this job
[2020-07-22 17:29:27,149] {logging_mixin.py:112} INFO - [2020-07-22 17:29:27,148] {spark_submit_hook.py:479} INFO - 20/07/22 17:29:27 INFO TaskSchedulerImpl: Killing all running tasks in stage 0: Stage finished
[2020-07-22 17:29:27,152] {logging_mixin.py:112} INFO - [2020-07-22 17:29:27,152] {spark_submit_hook.py:479} INFO - 20/07/22 17:29:27 INFO DAGScheduler: Job 0 finished: collect at /home/bhakti/airflow/spark_jobs/spark_test.py:8, took 1.966992 s
[2020-07-22 17:29:27,169] {logging_mixin.py:112} INFO - [2020-07-22 17:29:27,169] {spark_submit_hook.py:479} INFO - [('PERSON', 'JOINING_YEAR', 'COMPANY'), ('John', '2018', 'Google'), ('Sam', '2017', 'IBM'), ('Jeff', '2014', 'Yahoo'), ('Allen', '2015', 'Facebook')]
[2020-07-22 17:29:27,293] {logging_mixin.py:112} INFO - [2020-07-22 17:29:27,293] {spark_submit_hook.py:479} INFO - 20/07/22 17:29:27 INFO BlockManagerInfo: Removed broadcast_1_piece0 on 192.168.43.94:34663 in memory (size: 4.4 KiB, free: 366.3 MiB)
[2020-07-22 17:29:28,042] {logging_mixin.py:112} INFO - [2020-07-22 17:29:28,041] {spark_submit_hook.py:479} INFO - 20/07/22 17:29:28 INFO SharedState: Setting hive.metastore.warehouse.dir ('null') to the value of spark.sql.warehouse.dir ('file:/home/bhakti/airflow/spark-warehouse').
[2020-07-22 17:29:28,055] {logging_mixin.py:112} INFO - [2020-07-22 17:29:28,055] {spark_submit_hook.py:479} INFO - 20/07/22 17:29:28 INFO SharedState: Warehouse path is 'file:/home/bhakti/airflow/spark-warehouse'.
[2020-07-22 17:29:32,752] {logging_mixin.py:112} INFO - [2020-07-22 17:29:32,752] {spark_submit_hook.py:479} INFO - 20/07/22 17:29:32 INFO CodeGenerator: Code generated in 379.580912 ms
[2020-07-22 17:29:32,816] {logging_mixin.py:112} INFO - [2020-07-22 17:29:32,816] {spark_submit_hook.py:479} INFO - 20/07/22 17:29:32 INFO SparkContext: Starting job: showString at NativeMethodAccessorImpl.java:0
[2020-07-22 17:29:32,819] {logging_mixin.py:112} INFO - [2020-07-22 17:29:32,819] {spark_submit_hook.py:479} INFO - 20/07/22 17:29:32 INFO DAGScheduler: Got job 1 (showString at NativeMethodAccessorImpl.java:0) with 1 output partitions
[2020-07-22 17:29:32,820] {logging_mixin.py:112} INFO - [2020-07-22 17:29:32,820] {spark_submit_hook.py:479} INFO - 20/07/22 17:29:32 INFO DAGScheduler: Final stage: ResultStage 1 (showString at NativeMethodAccessorImpl.java:0)
[2020-07-22 17:29:32,820] {logging_mixin.py:112} INFO - [2020-07-22 17:29:32,820] {spark_submit_hook.py:479} INFO - 20/07/22 17:29:32 INFO DAGScheduler: Parents of final stage: List()
[2020-07-22 17:29:32,821] {logging_mixin.py:112} INFO - [2020-07-22 17:29:32,820] {spark_submit_hook.py:479} INFO - 20/07/22 17:29:32 INFO DAGScheduler: Missing parents: List()
[2020-07-22 17:29:32,828] {logging_mixin.py:112} INFO - [2020-07-22 17:29:32,828] {spark_submit_hook.py:479} INFO - 20/07/22 17:29:32 INFO DAGScheduler: Submitting ResultStage 1 (MapPartitionsRDD[9] at showString at NativeMethodAccessorImpl.java:0), which has no missing parents
[2020-07-22 17:29:32,853] {logging_mixin.py:112} INFO - [2020-07-22 17:29:32,853] {spark_submit_hook.py:479} INFO - 20/07/22 17:29:32 INFO MemoryStore: Block broadcast_2 stored as values in memory (estimated size 11.2 KiB, free 366.0 MiB)
[2020-07-22 17:29:32,858] {logging_mixin.py:112} INFO - [2020-07-22 17:29:32,858] {spark_submit_hook.py:479} INFO - 20/07/22 17:29:32 INFO MemoryStore: Block broadcast_2_piece0 stored as bytes in memory (estimated size 5.8 KiB, free 366.0 MiB)
[2020-07-22 17:29:32,861] {logging_mixin.py:112} INFO - [2020-07-22 17:29:32,860] {spark_submit_hook.py:479} INFO - 20/07/22 17:29:32 INFO BlockManagerInfo: Added broadcast_2_piece0 in memory on 192.168.43.94:34663 (size: 5.8 KiB, free: 366.3 MiB)
[2020-07-22 17:29:32,864] {logging_mixin.py:112} INFO - [2020-07-22 17:29:32,864] {spark_submit_hook.py:479} INFO - 20/07/22 17:29:32 INFO SparkContext: Created broadcast 2 from broadcast at DAGScheduler.scala:1200
[2020-07-22 17:29:32,866] {logging_mixin.py:112} INFO - [2020-07-22 17:29:32,866] {spark_submit_hook.py:479} INFO - 20/07/22 17:29:32 INFO DAGScheduler: Submitting 1 missing tasks from ResultStage 1 (MapPartitionsRDD[9] at showString at NativeMethodAccessorImpl.java:0) (first 15 tasks are for partitions Vector(0))
[2020-07-22 17:29:32,867] {logging_mixin.py:112} INFO - [2020-07-22 17:29:32,867] {spark_submit_hook.py:479} INFO - 20/07/22 17:29:32 INFO TaskSchedulerImpl: Adding task set 1.0 with 1 tasks
[2020-07-22 17:29:32,891] {logging_mixin.py:112} INFO - [2020-07-22 17:29:32,891] {spark_submit_hook.py:479} INFO - 20/07/22 17:29:32 INFO TaskSetManager: Starting task 0.0 in stage 1.0 (TID 1, 192.168.43.94, executor driver, partition 0, PROCESS_LOCAL, 7493 bytes)
[2020-07-22 17:29:32,893] {logging_mixin.py:112} INFO - [2020-07-22 17:29:32,892] {spark_submit_hook.py:479} INFO - 20/07/22 17:29:32 INFO Executor: Running task 0.0 in stage 1.0 (TID 1)
[2020-07-22 17:29:32,987] {logging_mixin.py:112} INFO - [2020-07-22 17:29:32,987] {spark_submit_hook.py:479} INFO - 20/07/22 17:29:32 INFO PythonRunner: Times: total = 4, boot = -5881, init = 5885, finish = 0
[2020-07-22 17:29:32,992] {logging_mixin.py:112} INFO - [2020-07-22 17:29:32,992] {spark_submit_hook.py:479} INFO - 20/07/22 17:29:32 INFO Executor: Finished task 0.0 in stage 1.0 (TID 1). 2235 bytes result sent to driver
[2020-07-22 17:29:32,999] {logging_mixin.py:112} INFO - [2020-07-22 17:29:32,998] {spark_submit_hook.py:479} INFO - 20/07/22 17:29:32 INFO TaskSetManager: Finished task 0.0 in stage 1.0 (TID 1) in 129 ms on 192.168.43.94 (executor driver) (1/1)
[2020-07-22 17:29:32,999] {logging_mixin.py:112} INFO - [2020-07-22 17:29:32,999] {spark_submit_hook.py:479} INFO - 20/07/22 17:29:32 INFO TaskSchedulerImpl: Removed TaskSet 1.0, whose tasks have all completed, from pool
[2020-07-22 17:29:33,003] {logging_mixin.py:112} INFO - [2020-07-22 17:29:33,003] {spark_submit_hook.py:479} INFO - 20/07/22 17:29:33 INFO DAGScheduler: ResultStage 1 (showString at NativeMethodAccessorImpl.java:0) finished in 0.170 s
[2020-07-22 17:29:33,003] {logging_mixin.py:112} INFO - [2020-07-22 17:29:33,003] {spark_submit_hook.py:479} INFO - 20/07/22 17:29:33 INFO DAGScheduler: Job 1 is finished. Cancelling potential speculative or zombie tasks for this job
[2020-07-22 17:29:33,003] {logging_mixin.py:112} INFO - [2020-07-22 17:29:33,003] {spark_submit_hook.py:479} INFO - 20/07/22 17:29:33 INFO TaskSchedulerImpl: Killing all running tasks in stage 1: Stage finished
[2020-07-22 17:29:33,006] {logging_mixin.py:112} INFO - [2020-07-22 17:29:33,006] {spark_submit_hook.py:479} INFO - 20/07/22 17:29:33 INFO DAGScheduler: Job 1 finished: showString at NativeMethodAccessorImpl.java:0, took 0.187781 s
[2020-07-22 17:29:33,082] {logging_mixin.py:112} INFO - [2020-07-22 17:29:33,082] {spark_submit_hook.py:479} INFO - 20/07/22 17:29:33 INFO CodeGenerator: Code generated in 39.606323 ms
[2020-07-22 17:29:33,108] {logging_mixin.py:112} INFO - [2020-07-22 17:29:33,108] {spark_submit_hook.py:479} INFO - +------+------------+--------+
[2020-07-22 17:29:33,108] {logging_mixin.py:112} INFO - [2020-07-22 17:29:33,108] {spark_submit_hook.py:479} INFO - |    _1|          _2|      _3|
[2020-07-22 17:29:33,109] {logging_mixin.py:112} INFO - [2020-07-22 17:29:33,108] {spark_submit_hook.py:479} INFO - +------+------------+--------+
[2020-07-22 17:29:33,109] {logging_mixin.py:112} INFO - [2020-07-22 17:29:33,109] {spark_submit_hook.py:479} INFO - |PERSON|JOINING_YEAR| COMPANY|
[2020-07-22 17:29:33,109] {logging_mixin.py:112} INFO - [2020-07-22 17:29:33,109] {spark_submit_hook.py:479} INFO - |  John|        2018|  Google|
[2020-07-22 17:29:33,109] {logging_mixin.py:112} INFO - [2020-07-22 17:29:33,109] {spark_submit_hook.py:479} INFO - |   Sam|        2017|     IBM|
[2020-07-22 17:29:33,110] {logging_mixin.py:112} INFO - [2020-07-22 17:29:33,110] {spark_submit_hook.py:479} INFO - |  Jeff|        2014|   Yahoo|
[2020-07-22 17:29:33,110] {logging_mixin.py:112} INFO - [2020-07-22 17:29:33,110] {spark_submit_hook.py:479} INFO - | Allen|        2015|Facebook|
[2020-07-22 17:29:33,110] {logging_mixin.py:112} INFO - [2020-07-22 17:29:33,110] {spark_submit_hook.py:479} INFO - +------+------------+--------+
[2020-07-22 17:29:33,110] {logging_mixin.py:112} INFO - [2020-07-22 17:29:33,110] {spark_submit_hook.py:479} INFO - 
[2020-07-22 17:29:33,208] {logging_mixin.py:112} INFO - [2020-07-22 17:29:33,208] {spark_submit_hook.py:479} INFO - 20/07/22 17:29:33 INFO SparkContext: Invoking stop() from shutdown hook
[2020-07-22 17:29:33,220] {logging_mixin.py:112} INFO - [2020-07-22 17:29:33,219] {spark_submit_hook.py:479} INFO - 20/07/22 17:29:33 INFO SparkUI: Stopped Spark web UI at http://192.168.43.94:4045
[2020-07-22 17:29:33,240] {logging_mixin.py:112} INFO - [2020-07-22 17:29:33,239] {spark_submit_hook.py:479} INFO - 20/07/22 17:29:33 INFO MapOutputTrackerMasterEndpoint: MapOutputTrackerMasterEndpoint stopped!
[2020-07-22 17:29:33,257] {logging_mixin.py:112} INFO - [2020-07-22 17:29:33,257] {spark_submit_hook.py:479} INFO - 20/07/22 17:29:33 INFO MemoryStore: MemoryStore cleared
[2020-07-22 17:29:33,259] {logging_mixin.py:112} INFO - [2020-07-22 17:29:33,259] {spark_submit_hook.py:479} INFO - 20/07/22 17:29:33 INFO BlockManager: BlockManager stopped
[2020-07-22 17:29:33,268] {logging_mixin.py:112} INFO - [2020-07-22 17:29:33,268] {spark_submit_hook.py:479} INFO - 20/07/22 17:29:33 INFO BlockManagerMaster: BlockManagerMaster stopped
[2020-07-22 17:29:33,274] {logging_mixin.py:112} INFO - [2020-07-22 17:29:33,274] {spark_submit_hook.py:479} INFO - 20/07/22 17:29:33 INFO OutputCommitCoordinator$OutputCommitCoordinatorEndpoint: OutputCommitCoordinator stopped!
[2020-07-22 17:29:33,282] {logging_mixin.py:112} INFO - [2020-07-22 17:29:33,282] {spark_submit_hook.py:479} INFO - 20/07/22 17:29:33 INFO SparkContext: Successfully stopped SparkContext
[2020-07-22 17:29:33,286] {logging_mixin.py:112} INFO - [2020-07-22 17:29:33,282] {spark_submit_hook.py:479} INFO - 20/07/22 17:29:33 INFO ShutdownHookManager: Shutdown hook called
[2020-07-22 17:29:33,287] {logging_mixin.py:112} INFO - [2020-07-22 17:29:33,286] {spark_submit_hook.py:479} INFO - 20/07/22 17:29:33 INFO ShutdownHookManager: Deleting directory /tmp/spark-04ec29e4-ef30-4789-9e8a-c74b348d8ccc/pyspark-f4a89b21-b1c0-4109-8209-4c2d697ccfc3
[2020-07-22 17:29:33,290] {logging_mixin.py:112} INFO - [2020-07-22 17:29:33,290] {spark_submit_hook.py:479} INFO - 20/07/22 17:29:33 INFO ShutdownHookManager: Deleting directory /tmp/spark-04ec29e4-ef30-4789-9e8a-c74b348d8ccc
[2020-07-22 17:29:33,301] {logging_mixin.py:112} INFO - [2020-07-22 17:29:33,301] {spark_submit_hook.py:479} INFO - 20/07/22 17:29:33 INFO ShutdownHookManager: Deleting directory /tmp/spark-0f41fdda-91e8-4356-843f-e90fbcf45778
[2020-07-22 17:29:33,523] {taskinstance.py:1052} INFO - Marking task as SUCCESS.dag_id=submit_data, task_id=spark_submit, execution_date=20200720T074400, start_date=20200722T115914, end_date=20200722T115933
[2020-07-22 17:29:35,096] {logging_mixin.py:112} INFO - [2020-07-22 17:29:35,095] {local_task_job.py:103} INFO - Task exited with return code 0
