[2020-07-22 12:58:08,981] {taskinstance.py:669} INFO - Dependencies all met for <TaskInstance: submit_data.spark_submit 2020-07-20T00:05:00+00:00 [queued]>
[2020-07-22 12:58:09,000] {taskinstance.py:669} INFO - Dependencies all met for <TaskInstance: submit_data.spark_submit 2020-07-20T00:05:00+00:00 [queued]>
[2020-07-22 12:58:09,000] {taskinstance.py:879} INFO - 
--------------------------------------------------------------------------------
[2020-07-22 12:58:09,001] {taskinstance.py:880} INFO - Starting attempt 1 of 1
[2020-07-22 12:58:09,001] {taskinstance.py:881} INFO - 
--------------------------------------------------------------------------------
[2020-07-22 12:58:09,198] {taskinstance.py:900} INFO - Executing <Task(SparkSubmitOperator): spark_submit> on 2020-07-20T00:05:00+00:00
[2020-07-22 12:58:09,202] {standard_task_runner.py:53} INFO - Started process 302027 to run task
[2020-07-22 12:58:09,694] {logging_mixin.py:112} INFO - Running %s on host %s <TaskInstance: submit_data.spark_submit 2020-07-20T00:05:00+00:00 [running]> bhakti-Vostro-3558
[2020-07-22 12:58:09,744] {logging_mixin.py:112} INFO - [2020-07-22 12:58:09,743] {base_hook.py:87} INFO - Using connection to: id: spark_local. Host: localhost, Port: 4040, Schema: None, Login: None, Password: None, extra: None
[2020-07-22 12:58:09,746] {logging_mixin.py:112} INFO - [2020-07-22 12:58:09,746] {spark_submit_hook.py:325} INFO - Spark-Submit cmd: spark-submit --master localhost:4040 --name airflow-spark /home/bhakti/airflow/spark_jobs/python/spark_test.py
[2020-07-22 12:58:17,868] {logging_mixin.py:112} INFO - [2020-07-22 12:58:17,867] {spark_submit_hook.py:479} INFO - 20/07/22 12:58:17 WARN Utils: Your hostname, bhakti-Vostro-3558 resolves to a loopback address: 127.0.1.1; using 192.168.43.94 instead (on interface wlp6s0)
[2020-07-22 12:58:17,870] {logging_mixin.py:112} INFO - [2020-07-22 12:58:17,870] {spark_submit_hook.py:479} INFO - 20/07/22 12:58:17 WARN Utils: Set SPARK_LOCAL_IP if you need to bind to another address
[2020-07-22 12:58:20,233] {logging_mixin.py:112} INFO - [2020-07-22 12:58:20,233] {spark_submit_hook.py:479} INFO - 20/07/22 12:58:20 WARN NativeCodeLoader: Unable to load native-hadoop library for your platform... using builtin-java classes where applicable
[2020-07-22 12:58:23,653] {logging_mixin.py:112} INFO - [2020-07-22 12:58:23,653] {spark_submit_hook.py:479} INFO - Spark_Test_Python
[2020-07-22 12:58:23,653] {logging_mixin.py:112} INFO - [2020-07-22 12:58:23,653] {spark_submit_hook.py:479} INFO - Number of arguments: 0 arguments.
[2020-07-22 12:58:23,654] {logging_mixin.py:112} INFO - [2020-07-22 12:58:23,654] {spark_submit_hook.py:479} INFO - Argument List: []
[2020-07-22 12:58:24,036] {logging_mixin.py:112} INFO - [2020-07-22 12:58:24,035] {spark_submit_hook.py:479} INFO - Using Spark's default log4j profile: org/apache/spark/log4j-defaults.properties
[2020-07-22 12:58:24,080] {logging_mixin.py:112} INFO - [2020-07-22 12:58:24,080] {spark_submit_hook.py:479} INFO - 20/07/22 12:58:24 INFO SparkContext: Running Spark version 3.0.0
[2020-07-22 12:58:24,300] {logging_mixin.py:112} INFO - [2020-07-22 12:58:24,300] {spark_submit_hook.py:479} INFO - 20/07/22 12:58:24 INFO ResourceUtils: ==============================================================
[2020-07-22 12:58:24,303] {logging_mixin.py:112} INFO - [2020-07-22 12:58:24,303] {spark_submit_hook.py:479} INFO - 20/07/22 12:58:24 INFO ResourceUtils: Resources for spark.driver:
[2020-07-22 12:58:24,303] {logging_mixin.py:112} INFO - [2020-07-22 12:58:24,303] {spark_submit_hook.py:479} INFO - 
[2020-07-22 12:58:24,304] {logging_mixin.py:112} INFO - [2020-07-22 12:58:24,304] {spark_submit_hook.py:479} INFO - 20/07/22 12:58:24 INFO ResourceUtils: ==============================================================
[2020-07-22 12:58:24,314] {logging_mixin.py:112} INFO - [2020-07-22 12:58:24,313] {spark_submit_hook.py:479} INFO - 20/07/22 12:58:24 INFO SparkContext: Submitted application: Spark_Test_Python
[2020-07-22 12:58:24,575] {logging_mixin.py:112} INFO - [2020-07-22 12:58:24,575] {spark_submit_hook.py:479} INFO - 20/07/22 12:58:24 INFO SecurityManager: Changing view acls to: bhakti
[2020-07-22 12:58:24,576] {logging_mixin.py:112} INFO - [2020-07-22 12:58:24,575] {spark_submit_hook.py:479} INFO - 20/07/22 12:58:24 INFO SecurityManager: Changing modify acls to: bhakti
[2020-07-22 12:58:24,576] {logging_mixin.py:112} INFO - [2020-07-22 12:58:24,576] {spark_submit_hook.py:479} INFO - 20/07/22 12:58:24 INFO SecurityManager: Changing view acls groups to:
[2020-07-22 12:58:24,577] {logging_mixin.py:112} INFO - [2020-07-22 12:58:24,577] {spark_submit_hook.py:479} INFO - 20/07/22 12:58:24 INFO SecurityManager: Changing modify acls groups to:
[2020-07-22 12:58:24,578] {logging_mixin.py:112} INFO - [2020-07-22 12:58:24,577] {spark_submit_hook.py:479} INFO - 20/07/22 12:58:24 INFO SecurityManager: SecurityManager: authentication disabled; ui acls disabled; users  with view permissions: Set(bhakti); groups with view permissions: Set(); users  with modify permissions: Set(bhakti); groups with modify permissions: Set()
[2020-07-22 12:58:25,395] {logging_mixin.py:112} INFO - [2020-07-22 12:58:25,395] {spark_submit_hook.py:479} INFO - 20/07/22 12:58:25 INFO Utils: Successfully started service 'sparkDriver' on port 35993.
[2020-07-22 12:58:25,526] {logging_mixin.py:112} INFO - [2020-07-22 12:58:25,526] {spark_submit_hook.py:479} INFO - 20/07/22 12:58:25 INFO SparkEnv: Registering MapOutputTracker
[2020-07-22 12:58:25,720] {logging_mixin.py:112} INFO - [2020-07-22 12:58:25,720] {spark_submit_hook.py:479} INFO - 20/07/22 12:58:25 INFO SparkEnv: Registering BlockManagerMaster
[2020-07-22 12:58:25,779] {logging_mixin.py:112} INFO - [2020-07-22 12:58:25,778] {spark_submit_hook.py:479} INFO - 20/07/22 12:58:25 INFO BlockManagerMasterEndpoint: Using org.apache.spark.storage.DefaultTopologyMapper for getting topology information
[2020-07-22 12:58:25,781] {logging_mixin.py:112} INFO - [2020-07-22 12:58:25,781] {spark_submit_hook.py:479} INFO - 20/07/22 12:58:25 INFO BlockManagerMasterEndpoint: BlockManagerMasterEndpoint up
[2020-07-22 12:58:25,792] {logging_mixin.py:112} INFO - [2020-07-22 12:58:25,792] {spark_submit_hook.py:479} INFO - 20/07/22 12:58:25 INFO SparkEnv: Registering BlockManagerMasterHeartbeat
[2020-07-22 12:58:25,828] {logging_mixin.py:112} INFO - [2020-07-22 12:58:25,828] {spark_submit_hook.py:479} INFO - 20/07/22 12:58:25 INFO DiskBlockManager: Created local directory at /tmp/blockmgr-89b20364-348a-43d8-ad9b-238dd6ba4391
[2020-07-22 12:58:26,012] {logging_mixin.py:112} INFO - [2020-07-22 12:58:26,012] {spark_submit_hook.py:479} INFO - 20/07/22 12:58:26 INFO MemoryStore: MemoryStore started with capacity 366.3 MiB
[2020-07-22 12:58:26,100] {logging_mixin.py:112} INFO - [2020-07-22 12:58:26,100] {spark_submit_hook.py:479} INFO - 20/07/22 12:58:26 INFO SparkEnv: Registering OutputCommitCoordinator
[2020-07-22 12:58:26,998] {logging_mixin.py:112} INFO - [2020-07-22 12:58:26,997] {spark_submit_hook.py:479} INFO - 20/07/22 12:58:26 WARN Utils: Service 'SparkUI' could not bind on port 4040. Attempting port 4041.
[2020-07-22 12:58:27,001] {logging_mixin.py:112} INFO - [2020-07-22 12:58:27,000] {spark_submit_hook.py:479} INFO - 20/07/22 12:58:27 WARN Utils: Service 'SparkUI' could not bind on port 4041. Attempting port 4042.
[2020-07-22 12:58:27,004] {logging_mixin.py:112} INFO - [2020-07-22 12:58:27,003] {spark_submit_hook.py:479} INFO - 20/07/22 12:58:27 WARN Utils: Service 'SparkUI' could not bind on port 4042. Attempting port 4043.
[2020-07-22 12:58:27,008] {logging_mixin.py:112} INFO - [2020-07-22 12:58:27,007] {spark_submit_hook.py:479} INFO - 20/07/22 12:58:27 WARN Utils: Service 'SparkUI' could not bind on port 4043. Attempting port 4044.
[2020-07-22 12:58:27,049] {logging_mixin.py:112} INFO - [2020-07-22 12:58:27,048] {spark_submit_hook.py:479} INFO - 20/07/22 12:58:27 INFO Utils: Successfully started service 'SparkUI' on port 4044.
[2020-07-22 12:58:27,271] {logging_mixin.py:112} INFO - [2020-07-22 12:58:27,270] {spark_submit_hook.py:479} INFO - 20/07/22 12:58:27 INFO SparkUI: Bound SparkUI to 0.0.0.0, and started at http://192.168.43.94:4044
[2020-07-22 12:58:27,514] {logging_mixin.py:112} INFO - [2020-07-22 12:58:27,514] {spark_submit_hook.py:479} INFO - 20/07/22 12:58:27 ERROR SparkContext: Error initializing SparkContext.
[2020-07-22 12:58:27,515] {logging_mixin.py:112} INFO - [2020-07-22 12:58:27,515] {spark_submit_hook.py:479} INFO - org.apache.spark.SparkException: Could not parse Master URL: 'localhost:4040'
[2020-07-22 12:58:27,515] {logging_mixin.py:112} INFO - [2020-07-22 12:58:27,515] {spark_submit_hook.py:479} INFO - at org.apache.spark.SparkContext$.org$apache$spark$SparkContext$$createTaskScheduler(SparkContext.scala:2924)
[2020-07-22 12:58:27,515] {logging_mixin.py:112} INFO - [2020-07-22 12:58:27,515] {spark_submit_hook.py:479} INFO - at org.apache.spark.SparkContext.<init>(SparkContext.scala:528)
[2020-07-22 12:58:27,515] {logging_mixin.py:112} INFO - [2020-07-22 12:58:27,515] {spark_submit_hook.py:479} INFO - at org.apache.spark.api.java.JavaSparkContext.<init>(JavaSparkContext.scala:58)
[2020-07-22 12:58:27,516] {logging_mixin.py:112} INFO - [2020-07-22 12:58:27,516] {spark_submit_hook.py:479} INFO - at sun.reflect.NativeConstructorAccessorImpl.newInstance0(Native Method)
[2020-07-22 12:58:27,516] {logging_mixin.py:112} INFO - [2020-07-22 12:58:27,516] {spark_submit_hook.py:479} INFO - at sun.reflect.NativeConstructorAccessorImpl.newInstance(NativeConstructorAccessorImpl.java:62)
[2020-07-22 12:58:27,516] {logging_mixin.py:112} INFO - [2020-07-22 12:58:27,516] {spark_submit_hook.py:479} INFO - at sun.reflect.DelegatingConstructorAccessorImpl.newInstance(DelegatingConstructorAccessorImpl.java:45)
[2020-07-22 12:58:27,516] {logging_mixin.py:112} INFO - [2020-07-22 12:58:27,516] {spark_submit_hook.py:479} INFO - at java.lang.reflect.Constructor.newInstance(Constructor.java:423)
[2020-07-22 12:58:27,517] {logging_mixin.py:112} INFO - [2020-07-22 12:58:27,516] {spark_submit_hook.py:479} INFO - at py4j.reflection.MethodInvoker.invoke(MethodInvoker.java:247)
[2020-07-22 12:58:27,517] {logging_mixin.py:112} INFO - [2020-07-22 12:58:27,517] {spark_submit_hook.py:479} INFO - at py4j.reflection.ReflectionEngine.invoke(ReflectionEngine.java:357)
[2020-07-22 12:58:27,517] {logging_mixin.py:112} INFO - [2020-07-22 12:58:27,517] {spark_submit_hook.py:479} INFO - at py4j.Gateway.invoke(Gateway.java:238)
[2020-07-22 12:58:27,517] {logging_mixin.py:112} INFO - [2020-07-22 12:58:27,517] {spark_submit_hook.py:479} INFO - at py4j.commands.ConstructorCommand.invokeConstructor(ConstructorCommand.java:80)
[2020-07-22 12:58:27,518] {logging_mixin.py:112} INFO - [2020-07-22 12:58:27,517] {spark_submit_hook.py:479} INFO - at py4j.commands.ConstructorCommand.execute(ConstructorCommand.java:69)
[2020-07-22 12:58:27,518] {logging_mixin.py:112} INFO - [2020-07-22 12:58:27,518] {spark_submit_hook.py:479} INFO - at py4j.GatewayConnection.run(GatewayConnection.java:238)
[2020-07-22 12:58:27,518] {logging_mixin.py:112} INFO - [2020-07-22 12:58:27,518] {spark_submit_hook.py:479} INFO - at java.lang.Thread.run(Thread.java:748)
[2020-07-22 12:58:27,539] {logging_mixin.py:112} INFO - [2020-07-22 12:58:27,539] {spark_submit_hook.py:479} INFO - 20/07/22 12:58:27 INFO SparkUI: Stopped Spark web UI at http://192.168.43.94:4044
[2020-07-22 12:58:27,588] {logging_mixin.py:112} INFO - [2020-07-22 12:58:27,588] {spark_submit_hook.py:479} INFO - 20/07/22 12:58:27 INFO MapOutputTrackerMasterEndpoint: MapOutputTrackerMasterEndpoint stopped!
[2020-07-22 12:58:27,637] {logging_mixin.py:112} INFO - [2020-07-22 12:58:27,636] {spark_submit_hook.py:479} INFO - 20/07/22 12:58:27 INFO MemoryStore: MemoryStore cleared
[2020-07-22 12:58:27,638] {logging_mixin.py:112} INFO - [2020-07-22 12:58:27,638] {spark_submit_hook.py:479} INFO - 20/07/22 12:58:27 INFO BlockManager: BlockManager stopped
[2020-07-22 12:58:27,673] {logging_mixin.py:112} INFO - [2020-07-22 12:58:27,673] {spark_submit_hook.py:479} INFO - 20/07/22 12:58:27 INFO BlockManagerMaster: BlockManagerMaster stopped
[2020-07-22 12:58:27,674] {logging_mixin.py:112} INFO - [2020-07-22 12:58:27,673] {spark_submit_hook.py:479} INFO - 20/07/22 12:58:27 WARN MetricsSystem: Stopping a MetricsSystem that is not running
[2020-07-22 12:58:27,681] {logging_mixin.py:112} INFO - [2020-07-22 12:58:27,681] {spark_submit_hook.py:479} INFO - 20/07/22 12:58:27 INFO OutputCommitCoordinator$OutputCommitCoordinatorEndpoint: OutputCommitCoordinator stopped!
[2020-07-22 12:58:28,084] {logging_mixin.py:112} INFO - [2020-07-22 12:58:28,084] {spark_submit_hook.py:479} INFO - 20/07/22 12:58:28 INFO SparkContext: Successfully stopped SparkContext
[2020-07-22 12:58:28,427] {logging_mixin.py:112} INFO - [2020-07-22 12:58:28,426] {spark_submit_hook.py:479} INFO - Traceback (most recent call last):
[2020-07-22 12:58:28,433] {logging_mixin.py:112} INFO - [2020-07-22 12:58:28,432] {spark_submit_hook.py:479} INFO - File "/home/bhakti/airflow/spark_jobs/python/spark_test.py", line 12, in <module>
[2020-07-22 12:58:28,435] {logging_mixin.py:112} INFO - [2020-07-22 12:58:28,434] {spark_submit_hook.py:479} INFO - sc = SparkContext(conf=conf)
[2020-07-22 12:58:28,435] {logging_mixin.py:112} INFO - [2020-07-22 12:58:28,435] {spark_submit_hook.py:479} INFO - File "/opt/spark/python/lib/pyspark.zip/pyspark/context.py", line 130, in __init__
[2020-07-22 12:58:28,436] {logging_mixin.py:112} INFO - [2020-07-22 12:58:28,435] {spark_submit_hook.py:479} INFO - File "/opt/spark/python/lib/pyspark.zip/pyspark/context.py", line 193, in _do_init
[2020-07-22 12:58:28,436] {logging_mixin.py:112} INFO - [2020-07-22 12:58:28,436] {spark_submit_hook.py:479} INFO - File "/opt/spark/python/lib/pyspark.zip/pyspark/context.py", line 310, in _initialize_context
[2020-07-22 12:58:28,436] {logging_mixin.py:112} INFO - [2020-07-22 12:58:28,436] {spark_submit_hook.py:479} INFO - File "/opt/spark/python/lib/py4j-0.10.9-src.zip/py4j/java_gateway.py", line 1568, in __call__
[2020-07-22 12:58:28,436] {logging_mixin.py:112} INFO - [2020-07-22 12:58:28,436] {spark_submit_hook.py:479} INFO - File "/opt/spark/python/lib/py4j-0.10.9-src.zip/py4j/protocol.py", line 326, in get_return_value
[2020-07-22 12:58:28,440] {logging_mixin.py:112} INFO - [2020-07-22 12:58:28,440] {spark_submit_hook.py:479} INFO - py4j.protocol.Py4JJavaError: An error occurred while calling None.org.apache.spark.api.java.JavaSparkContext.
[2020-07-22 12:58:28,441] {logging_mixin.py:112} INFO - [2020-07-22 12:58:28,440] {spark_submit_hook.py:479} INFO - : org.apache.spark.SparkException: Could not parse Master URL: 'localhost:4040'
[2020-07-22 12:58:28,441] {logging_mixin.py:112} INFO - [2020-07-22 12:58:28,441] {spark_submit_hook.py:479} INFO - at org.apache.spark.SparkContext$.org$apache$spark$SparkContext$$createTaskScheduler(SparkContext.scala:2924)
[2020-07-22 12:58:28,441] {logging_mixin.py:112} INFO - [2020-07-22 12:58:28,441] {spark_submit_hook.py:479} INFO - at org.apache.spark.SparkContext.<init>(SparkContext.scala:528)
[2020-07-22 12:58:28,442] {logging_mixin.py:112} INFO - [2020-07-22 12:58:28,441] {spark_submit_hook.py:479} INFO - at org.apache.spark.api.java.JavaSparkContext.<init>(JavaSparkContext.scala:58)
[2020-07-22 12:58:28,442] {logging_mixin.py:112} INFO - [2020-07-22 12:58:28,442] {spark_submit_hook.py:479} INFO - at sun.reflect.NativeConstructorAccessorImpl.newInstance0(Native Method)
[2020-07-22 12:58:28,442] {logging_mixin.py:112} INFO - [2020-07-22 12:58:28,442] {spark_submit_hook.py:479} INFO - at sun.reflect.NativeConstructorAccessorImpl.newInstance(NativeConstructorAccessorImpl.java:62)
[2020-07-22 12:58:28,444] {logging_mixin.py:112} INFO - [2020-07-22 12:58:28,442] {spark_submit_hook.py:479} INFO - at sun.reflect.DelegatingConstructorAccessorImpl.newInstance(DelegatingConstructorAccessorImpl.java:45)
[2020-07-22 12:58:28,444] {logging_mixin.py:112} INFO - [2020-07-22 12:58:28,444] {spark_submit_hook.py:479} INFO - at java.lang.reflect.Constructor.newInstance(Constructor.java:423)
[2020-07-22 12:58:28,444] {logging_mixin.py:112} INFO - [2020-07-22 12:58:28,444] {spark_submit_hook.py:479} INFO - at py4j.reflection.MethodInvoker.invoke(MethodInvoker.java:247)
[2020-07-22 12:58:28,445] {logging_mixin.py:112} INFO - [2020-07-22 12:58:28,444] {spark_submit_hook.py:479} INFO - at py4j.reflection.ReflectionEngine.invoke(ReflectionEngine.java:357)
[2020-07-22 12:58:28,445] {logging_mixin.py:112} INFO - [2020-07-22 12:58:28,445] {spark_submit_hook.py:479} INFO - at py4j.Gateway.invoke(Gateway.java:238)
[2020-07-22 12:58:28,445] {logging_mixin.py:112} INFO - [2020-07-22 12:58:28,445] {spark_submit_hook.py:479} INFO - at py4j.commands.ConstructorCommand.invokeConstructor(ConstructorCommand.java:80)
[2020-07-22 12:58:28,445] {logging_mixin.py:112} INFO - [2020-07-22 12:58:28,445] {spark_submit_hook.py:479} INFO - at py4j.commands.ConstructorCommand.execute(ConstructorCommand.java:69)
[2020-07-22 12:58:28,446] {logging_mixin.py:112} INFO - [2020-07-22 12:58:28,446] {spark_submit_hook.py:479} INFO - at py4j.GatewayConnection.run(GatewayConnection.java:238)
[2020-07-22 12:58:28,446] {logging_mixin.py:112} INFO - [2020-07-22 12:58:28,446] {spark_submit_hook.py:479} INFO - at java.lang.Thread.run(Thread.java:748)
[2020-07-22 12:58:28,446] {logging_mixin.py:112} INFO - [2020-07-22 12:58:28,446] {spark_submit_hook.py:479} INFO - 
[2020-07-22 12:58:28,620] {logging_mixin.py:112} INFO - [2020-07-22 12:58:28,619] {spark_submit_hook.py:479} INFO - 20/07/22 12:58:28 INFO ShutdownHookManager: Shutdown hook called
[2020-07-22 12:58:28,637] {logging_mixin.py:112} INFO - [2020-07-22 12:58:28,636] {spark_submit_hook.py:479} INFO - 20/07/22 12:58:28 INFO ShutdownHookManager: Deleting directory /tmp/spark-1b9402ed-86b9-4f1a-91e5-346400612777
[2020-07-22 12:58:28,650] {logging_mixin.py:112} INFO - [2020-07-22 12:58:28,650] {spark_submit_hook.py:479} INFO - 20/07/22 12:58:28 INFO ShutdownHookManager: Deleting directory /tmp/spark-f3ce35f7-4981-43db-8c7e-3cf54854e36b
[2020-07-22 12:58:28,752] {taskinstance.py:1145} ERROR - Cannot execute: spark-submit --master localhost:4040 --name airflow-spark /home/bhakti/airflow/spark_jobs/python/spark_test.py. Error code is: 1.
Traceback (most recent call last):
  File "/usr/local/lib/python3.8/dist-packages/airflow/models/taskinstance.py", line 983, in _run_raw_task
    result = task_copy.execute(context=context)
  File "/usr/local/lib/python3.8/dist-packages/airflow/contrib/operators/spark_submit_operator.py", line 187, in execute
    self._hook.submit(self._application)
  File "/usr/local/lib/python3.8/dist-packages/airflow/contrib/hooks/spark_submit_hook.py", line 403, in submit
    raise AirflowException(
airflow.exceptions.AirflowException: Cannot execute: spark-submit --master localhost:4040 --name airflow-spark /home/bhakti/airflow/spark_jobs/python/spark_test.py. Error code is: 1.
[2020-07-22 12:58:28,756] {taskinstance.py:1189} INFO - Marking task as FAILED.dag_id=submit_data, task_id=spark_submit, execution_date=20200720T000500, start_date=20200722T072808, end_date=20200722T072828
[2020-07-22 12:58:29,159] {logging_mixin.py:112} INFO - [2020-07-22 12:58:29,159] {local_task_job.py:103} INFO - Task exited with return code 1
