[2020-07-22 16:33:32,915] {taskinstance.py:669} INFO - Dependencies all met for <TaskInstance: submit_data.spark_submit 2020-07-22T11:02:29.899911+00:00 [queued]>
[2020-07-22 16:33:32,924] {taskinstance.py:669} INFO - Dependencies all met for <TaskInstance: submit_data.spark_submit 2020-07-22T11:02:29.899911+00:00 [queued]>
[2020-07-22 16:33:32,924] {taskinstance.py:879} INFO - 
--------------------------------------------------------------------------------
[2020-07-22 16:33:32,925] {taskinstance.py:880} INFO - Starting attempt 1 of 1
[2020-07-22 16:33:32,925] {taskinstance.py:881} INFO - 
--------------------------------------------------------------------------------
[2020-07-22 16:33:33,077] {taskinstance.py:900} INFO - Executing <Task(SparkSubmitOperator): spark_submit> on 2020-07-22T11:02:29.899911+00:00
[2020-07-22 16:33:33,088] {standard_task_runner.py:53} INFO - Started process 585703 to run task
[2020-07-22 16:33:33,332] {logging_mixin.py:112} INFO - Running %s on host %s <TaskInstance: submit_data.spark_submit 2020-07-22T11:02:29.899911+00:00 [running]> bhakti-Vostro-3558
[2020-07-22 16:33:33,351] {logging_mixin.py:112} INFO - [2020-07-22 16:33:33,351] {base_hook.py:87} INFO - Using connection to: id: spark_local. Host: local, Port: None, Schema: None, Login: None, Password: None, extra: None
[2020-07-22 16:33:33,352] {logging_mixin.py:112} INFO - [2020-07-22 16:33:33,352] {spark_submit_hook.py:325} INFO - Spark-Submit cmd: spark-submit --master local --name airflow-spark /home/bhakti/airflow/spark_jobs/python/spark_test.py
[2020-07-22 16:33:35,262] {logging_mixin.py:112} INFO - [2020-07-22 16:33:35,261] {spark_submit_hook.py:479} INFO - 20/07/22 16:33:35 WARN Utils: Your hostname, bhakti-Vostro-3558 resolves to a loopback address: 127.0.1.1; using 192.168.43.94 instead (on interface wlp6s0)
[2020-07-22 16:33:35,262] {logging_mixin.py:112} INFO - [2020-07-22 16:33:35,262] {spark_submit_hook.py:479} INFO - 20/07/22 16:33:35 WARN Utils: Set SPARK_LOCAL_IP if you need to bind to another address
[2020-07-22 16:33:36,166] {logging_mixin.py:112} INFO - [2020-07-22 16:33:36,166] {spark_submit_hook.py:479} INFO - 20/07/22 16:33:36 WARN NativeCodeLoader: Unable to load native-hadoop library for your platform... using builtin-java classes where applicable
[2020-07-22 16:33:37,572] {logging_mixin.py:112} INFO - [2020-07-22 16:33:37,572] {spark_submit_hook.py:479} INFO - Using Spark's default log4j profile: org/apache/spark/log4j-defaults.properties
[2020-07-22 16:33:37,588] {logging_mixin.py:112} INFO - [2020-07-22 16:33:37,588] {spark_submit_hook.py:479} INFO - 20/07/22 16:33:37 INFO SparkContext: Running Spark version 3.0.0
[2020-07-22 16:33:37,661] {logging_mixin.py:112} INFO - [2020-07-22 16:33:37,661] {spark_submit_hook.py:479} INFO - 20/07/22 16:33:37 INFO ResourceUtils: ==============================================================
[2020-07-22 16:33:37,663] {logging_mixin.py:112} INFO - [2020-07-22 16:33:37,663] {spark_submit_hook.py:479} INFO - 20/07/22 16:33:37 INFO ResourceUtils: Resources for spark.driver:
[2020-07-22 16:33:37,664] {logging_mixin.py:112} INFO - [2020-07-22 16:33:37,663] {spark_submit_hook.py:479} INFO - 
[2020-07-22 16:33:37,664] {logging_mixin.py:112} INFO - [2020-07-22 16:33:37,664] {spark_submit_hook.py:479} INFO - 20/07/22 16:33:37 INFO ResourceUtils: ==============================================================
[2020-07-22 16:33:37,665] {logging_mixin.py:112} INFO - [2020-07-22 16:33:37,665] {spark_submit_hook.py:479} INFO - 20/07/22 16:33:37 INFO SparkContext: Submitted application: Spark_Test_Python
[2020-07-22 16:33:37,768] {logging_mixin.py:112} INFO - [2020-07-22 16:33:37,768] {spark_submit_hook.py:479} INFO - 20/07/22 16:33:37 INFO SecurityManager: Changing view acls to: bhakti
[2020-07-22 16:33:37,769] {logging_mixin.py:112} INFO - [2020-07-22 16:33:37,769] {spark_submit_hook.py:479} INFO - 20/07/22 16:33:37 INFO SecurityManager: Changing modify acls to: bhakti
[2020-07-22 16:33:37,769] {logging_mixin.py:112} INFO - [2020-07-22 16:33:37,769] {spark_submit_hook.py:479} INFO - 20/07/22 16:33:37 INFO SecurityManager: Changing view acls groups to:
[2020-07-22 16:33:37,769] {logging_mixin.py:112} INFO - [2020-07-22 16:33:37,769] {spark_submit_hook.py:479} INFO - 20/07/22 16:33:37 INFO SecurityManager: Changing modify acls groups to:
[2020-07-22 16:33:37,770] {logging_mixin.py:112} INFO - [2020-07-22 16:33:37,769] {spark_submit_hook.py:479} INFO - 20/07/22 16:33:37 INFO SecurityManager: SecurityManager: authentication disabled; ui acls disabled; users  with view permissions: Set(bhakti); groups with view permissions: Set(); users  with modify permissions: Set(bhakti); groups with modify permissions: Set()
[2020-07-22 16:33:38,284] {logging_mixin.py:112} INFO - [2020-07-22 16:33:38,283] {spark_submit_hook.py:479} INFO - 20/07/22 16:33:38 INFO Utils: Successfully started service 'sparkDriver' on port 41803.
[2020-07-22 16:33:38,347] {logging_mixin.py:112} INFO - [2020-07-22 16:33:38,347] {spark_submit_hook.py:479} INFO - 20/07/22 16:33:38 INFO SparkEnv: Registering MapOutputTracker
[2020-07-22 16:33:38,422] {logging_mixin.py:112} INFO - [2020-07-22 16:33:38,422] {spark_submit_hook.py:479} INFO - 20/07/22 16:33:38 INFO SparkEnv: Registering BlockManagerMaster
[2020-07-22 16:33:38,471] {logging_mixin.py:112} INFO - [2020-07-22 16:33:38,470] {spark_submit_hook.py:479} INFO - 20/07/22 16:33:38 INFO BlockManagerMasterEndpoint: Using org.apache.spark.storage.DefaultTopologyMapper for getting topology information
[2020-07-22 16:33:38,472] {logging_mixin.py:112} INFO - [2020-07-22 16:33:38,472] {spark_submit_hook.py:479} INFO - 20/07/22 16:33:38 INFO BlockManagerMasterEndpoint: BlockManagerMasterEndpoint up
[2020-07-22 16:33:38,481] {logging_mixin.py:112} INFO - [2020-07-22 16:33:38,481] {spark_submit_hook.py:479} INFO - 20/07/22 16:33:38 INFO SparkEnv: Registering BlockManagerMasterHeartbeat
[2020-07-22 16:33:38,505] {logging_mixin.py:112} INFO - [2020-07-22 16:33:38,505] {spark_submit_hook.py:479} INFO - 20/07/22 16:33:38 INFO DiskBlockManager: Created local directory at /tmp/blockmgr-64724446-3c39-476b-82a1-f161a16ea93b
[2020-07-22 16:33:38,543] {logging_mixin.py:112} INFO - [2020-07-22 16:33:38,543] {spark_submit_hook.py:479} INFO - 20/07/22 16:33:38 INFO MemoryStore: MemoryStore started with capacity 366.3 MiB
[2020-07-22 16:33:38,571] {logging_mixin.py:112} INFO - [2020-07-22 16:33:38,571] {spark_submit_hook.py:479} INFO - 20/07/22 16:33:38 INFO SparkEnv: Registering OutputCommitCoordinator
[2020-07-22 16:33:38,936] {logging_mixin.py:112} INFO - [2020-07-22 16:33:38,935] {spark_submit_hook.py:479} INFO - 20/07/22 16:33:38 WARN Utils: Service 'SparkUI' could not bind on port 4040. Attempting port 4041.
[2020-07-22 16:33:38,947] {logging_mixin.py:112} INFO - [2020-07-22 16:33:38,946] {spark_submit_hook.py:479} INFO - 20/07/22 16:33:38 INFO Utils: Successfully started service 'SparkUI' on port 4041.
[2020-07-22 16:33:39,038] {logging_mixin.py:112} INFO - [2020-07-22 16:33:39,038] {spark_submit_hook.py:479} INFO - 20/07/22 16:33:39 INFO SparkUI: Bound SparkUI to 0.0.0.0, and started at http://192.168.43.94:4041
[2020-07-22 16:33:39,867] {logging_mixin.py:112} INFO - [2020-07-22 16:33:39,867] {spark_submit_hook.py:479} INFO - 20/07/22 16:33:39 INFO Executor: Starting executor ID driver on host 192.168.43.94
[2020-07-22 16:33:39,954] {logging_mixin.py:112} INFO - [2020-07-22 16:33:39,954] {spark_submit_hook.py:479} INFO - 20/07/22 16:33:39 INFO Utils: Successfully started service 'org.apache.spark.network.netty.NettyBlockTransferService' on port 43469.
[2020-07-22 16:33:39,956] {logging_mixin.py:112} INFO - [2020-07-22 16:33:39,955] {spark_submit_hook.py:479} INFO - 20/07/22 16:33:39 INFO NettyBlockTransferService: Server created on 192.168.43.94:43469
[2020-07-22 16:33:39,961] {logging_mixin.py:112} INFO - [2020-07-22 16:33:39,961] {spark_submit_hook.py:479} INFO - 20/07/22 16:33:39 INFO BlockManager: Using org.apache.spark.storage.RandomBlockReplicationPolicy for block replication policy
[2020-07-22 16:33:39,990] {logging_mixin.py:112} INFO - [2020-07-22 16:33:39,990] {spark_submit_hook.py:479} INFO - 20/07/22 16:33:39 INFO BlockManagerMaster: Registering BlockManager BlockManagerId(driver, 192.168.43.94, 43469, None)
[2020-07-22 16:33:40,026] {logging_mixin.py:112} INFO - [2020-07-22 16:33:40,025] {spark_submit_hook.py:479} INFO - 20/07/22 16:33:40 INFO BlockManagerMasterEndpoint: Registering block manager 192.168.43.94:43469 with 366.3 MiB RAM, BlockManagerId(driver, 192.168.43.94, 43469, None)
[2020-07-22 16:33:40,077] {logging_mixin.py:112} INFO - [2020-07-22 16:33:40,077] {spark_submit_hook.py:479} INFO - 20/07/22 16:33:40 INFO BlockManagerMaster: Registered BlockManager BlockManagerId(driver, 192.168.43.94, 43469, None)
[2020-07-22 16:33:40,080] {logging_mixin.py:112} INFO - [2020-07-22 16:33:40,080] {spark_submit_hook.py:479} INFO - 20/07/22 16:33:40 INFO BlockManager: Initialized BlockManager: BlockManagerId(driver, 192.168.43.94, 43469, None)
[2020-07-22 16:33:41,790] {logging_mixin.py:112} INFO - [2020-07-22 16:33:41,789] {spark_submit_hook.py:479} INFO - 20/07/22 16:33:41 INFO MemoryStore: Block broadcast_0 stored as values in memory (estimated size 241.5 KiB, free 366.1 MiB)
[2020-07-22 16:33:41,959] {logging_mixin.py:112} INFO - [2020-07-22 16:33:41,959] {spark_submit_hook.py:479} INFO - 20/07/22 16:33:41 INFO MemoryStore: Block broadcast_0_piece0 stored as bytes in memory (estimated size 23.4 KiB, free 366.0 MiB)
[2020-07-22 16:33:41,968] {logging_mixin.py:112} INFO - [2020-07-22 16:33:41,968] {spark_submit_hook.py:479} INFO - 20/07/22 16:33:41 INFO BlockManagerInfo: Added broadcast_0_piece0 in memory on 192.168.43.94:43469 (size: 23.4 KiB, free: 366.3 MiB)
[2020-07-22 16:33:41,987] {logging_mixin.py:112} INFO - [2020-07-22 16:33:41,987] {spark_submit_hook.py:479} INFO - 20/07/22 16:33:41 INFO SparkContext: Created broadcast 0 from textFile at NativeMethodAccessorImpl.java:0
[2020-07-22 16:33:42,700] {logging_mixin.py:112} INFO - [2020-07-22 16:33:42,700] {spark_submit_hook.py:479} INFO - 20/07/22 16:33:42 INFO FileInputFormat: Total input paths to process : 1
[2020-07-22 16:33:42,888] {logging_mixin.py:112} INFO - [2020-07-22 16:33:42,888] {spark_submit_hook.py:479} INFO - 20/07/22 16:33:42 INFO SparkContext: Starting job: collect at /home/bhakti/airflow/spark_jobs/python/spark_test.py:7
[2020-07-22 16:33:42,918] {logging_mixin.py:112} INFO - [2020-07-22 16:33:42,918] {spark_submit_hook.py:479} INFO - 20/07/22 16:33:42 INFO DAGScheduler: Got job 0 (collect at /home/bhakti/airflow/spark_jobs/python/spark_test.py:7) with 1 output partitions
[2020-07-22 16:33:42,919] {logging_mixin.py:112} INFO - [2020-07-22 16:33:42,919] {spark_submit_hook.py:479} INFO - 20/07/22 16:33:42 INFO DAGScheduler: Final stage: ResultStage 0 (collect at /home/bhakti/airflow/spark_jobs/python/spark_test.py:7)
[2020-07-22 16:33:42,920] {logging_mixin.py:112} INFO - [2020-07-22 16:33:42,920] {spark_submit_hook.py:479} INFO - 20/07/22 16:33:42 INFO DAGScheduler: Parents of final stage: List()
[2020-07-22 16:33:42,927] {logging_mixin.py:112} INFO - [2020-07-22 16:33:42,927] {spark_submit_hook.py:479} INFO - 20/07/22 16:33:42 INFO DAGScheduler: Missing parents: List()
[2020-07-22 16:33:42,954] {logging_mixin.py:112} INFO - [2020-07-22 16:33:42,953] {spark_submit_hook.py:479} INFO - 20/07/22 16:33:42 INFO DAGScheduler: Submitting ResultStage 0 (PythonRDD[2] at collect at /home/bhakti/airflow/spark_jobs/python/spark_test.py:7), which has no missing parents
[2020-07-22 16:33:43,032] {logging_mixin.py:112} INFO - [2020-07-22 16:33:43,031] {spark_submit_hook.py:479} INFO - 20/07/22 16:33:43 INFO MemoryStore: Block broadcast_1 stored as values in memory (estimated size 7.4 KiB, free 366.0 MiB)
[2020-07-22 16:33:43,048] {logging_mixin.py:112} INFO - [2020-07-22 16:33:43,048] {spark_submit_hook.py:479} INFO - 20/07/22 16:33:43 INFO MemoryStore: Block broadcast_1_piece0 stored as bytes in memory (estimated size 4.4 KiB, free 366.0 MiB)
[2020-07-22 16:33:43,050] {logging_mixin.py:112} INFO - [2020-07-22 16:33:43,050] {spark_submit_hook.py:479} INFO - 20/07/22 16:33:43 INFO BlockManagerInfo: Added broadcast_1_piece0 in memory on 192.168.43.94:43469 (size: 4.4 KiB, free: 366.3 MiB)
[2020-07-22 16:33:43,054] {logging_mixin.py:112} INFO - [2020-07-22 16:33:43,054] {spark_submit_hook.py:479} INFO - 20/07/22 16:33:43 INFO SparkContext: Created broadcast 1 from broadcast at DAGScheduler.scala:1200
[2020-07-22 16:33:43,097] {logging_mixin.py:112} INFO - [2020-07-22 16:33:43,097] {spark_submit_hook.py:479} INFO - 20/07/22 16:33:43 INFO DAGScheduler: Submitting 1 missing tasks from ResultStage 0 (PythonRDD[2] at collect at /home/bhakti/airflow/spark_jobs/python/spark_test.py:7) (first 15 tasks are for partitions Vector(0))
[2020-07-22 16:33:43,100] {logging_mixin.py:112} INFO - [2020-07-22 16:33:43,099] {spark_submit_hook.py:479} INFO - 20/07/22 16:33:43 INFO TaskSchedulerImpl: Adding task set 0.0 with 1 tasks
[2020-07-22 16:33:43,280] {logging_mixin.py:112} INFO - [2020-07-22 16:33:43,280] {spark_submit_hook.py:479} INFO - 20/07/22 16:33:43 INFO TaskSetManager: Starting task 0.0 in stage 0.0 (TID 0, 192.168.43.94, executor driver, partition 0, PROCESS_LOCAL, 7388 bytes)
[2020-07-22 16:33:43,334] {logging_mixin.py:112} INFO - [2020-07-22 16:33:43,333] {spark_submit_hook.py:479} INFO - 20/07/22 16:33:43 INFO Executor: Running task 0.0 in stage 0.0 (TID 0)
[2020-07-22 16:33:44,868] {logging_mixin.py:112} INFO - [2020-07-22 16:33:44,867] {spark_submit_hook.py:479} INFO - 20/07/22 16:33:44 INFO HadoopRDD: Input split: file:/home/bhakti/airflow/input_data/sample.csv:0+93
[2020-07-22 16:33:46,815] {logging_mixin.py:112} INFO - [2020-07-22 16:33:46,815] {spark_submit_hook.py:479} INFO - 20/07/22 16:33:46 INFO PythonRunner: Times: total = 1856, boot = 1816, init = 39, finish = 1
[2020-07-22 16:33:46,898] {logging_mixin.py:112} INFO - [2020-07-22 16:33:46,898] {spark_submit_hook.py:479} INFO - 20/07/22 16:33:46 INFO Executor: Finished task 0.0 in stage 0.0 (TID 0). 1732 bytes result sent to driver
[2020-07-22 16:33:47,014] {logging_mixin.py:112} INFO - [2020-07-22 16:33:47,013] {spark_submit_hook.py:479} INFO - 20/07/22 16:33:47 INFO TaskSetManager: Finished task 0.0 in stage 0.0 (TID 0) in 3775 ms on 192.168.43.94 (executor driver) (1/1)
[2020-07-22 16:33:47,020] {logging_mixin.py:112} INFO - [2020-07-22 16:33:47,020] {spark_submit_hook.py:479} INFO - 20/07/22 16:33:47 INFO TaskSchedulerImpl: Removed TaskSet 0.0, whose tasks have all completed, from pool
[2020-07-22 16:33:47,053] {logging_mixin.py:112} INFO - [2020-07-22 16:33:47,052] {spark_submit_hook.py:479} INFO - 20/07/22 16:33:47 INFO PythonAccumulatorV2: Connected to AccumulatorServer at host: 127.0.0.1 port: 40209
[2020-07-22 16:33:47,081] {logging_mixin.py:112} INFO - [2020-07-22 16:33:47,081] {spark_submit_hook.py:479} INFO - 20/07/22 16:33:47 INFO DAGScheduler: ResultStage 0 (collect at /home/bhakti/airflow/spark_jobs/python/spark_test.py:7) finished in 4.051 s
[2020-07-22 16:33:47,118] {logging_mixin.py:112} INFO - [2020-07-22 16:33:47,118] {spark_submit_hook.py:479} INFO - 20/07/22 16:33:47 INFO DAGScheduler: Job 0 is finished. Cancelling potential speculative or zombie tasks for this job
[2020-07-22 16:33:47,119] {logging_mixin.py:112} INFO - [2020-07-22 16:33:47,119] {spark_submit_hook.py:479} INFO - 20/07/22 16:33:47 INFO TaskSchedulerImpl: Killing all running tasks in stage 0: Stage finished
[2020-07-22 16:33:47,145] {logging_mixin.py:112} INFO - [2020-07-22 16:33:47,145] {spark_submit_hook.py:479} INFO - 20/07/22 16:33:47 INFO DAGScheduler: Job 0 finished: collect at /home/bhakti/airflow/spark_jobs/python/spark_test.py:7, took 4.254410 s
[2020-07-22 16:33:47,260] {logging_mixin.py:112} INFO - [2020-07-22 16:33:47,259] {spark_submit_hook.py:479} INFO - [('PERSON', 'JOINING_YEAR'), ('John', '2018'), ('Sam', '2017'), ('Jeff', '2014'), ('Allen', '2015')]
[2020-07-22 16:33:48,156] {logging_mixin.py:112} INFO - [2020-07-22 16:33:48,156] {spark_submit_hook.py:479} INFO - 20/07/22 16:33:48 INFO BlockManagerInfo: Removed broadcast_1_piece0 on 192.168.43.94:43469 in memory (size: 4.4 KiB, free: 366.3 MiB)
[2020-07-22 16:33:48,841] {logging_mixin.py:112} INFO - [2020-07-22 16:33:48,841] {spark_submit_hook.py:479} INFO - 20/07/22 16:33:48 INFO SharedState: Setting hive.metastore.warehouse.dir ('null') to the value of spark.sql.warehouse.dir ('file:/home/bhakti/airflow/spark-warehouse').
[2020-07-22 16:33:48,841] {logging_mixin.py:112} INFO - [2020-07-22 16:33:48,841] {spark_submit_hook.py:479} INFO - 20/07/22 16:33:48 INFO SharedState: Warehouse path is 'file:/home/bhakti/airflow/spark-warehouse'.
[2020-07-22 16:34:09,328] {logging_mixin.py:112} INFO - [2020-07-22 16:34:09,327] {spark_submit_hook.py:479} INFO - 20/07/22 16:34:09 INFO CodeGenerator: Code generated in 2792.939616 ms
[2020-07-22 16:34:09,592] {logging_mixin.py:112} INFO - [2020-07-22 16:34:09,591] {spark_submit_hook.py:479} INFO - 20/07/22 16:34:09 INFO SparkContext: Starting job: showString at NativeMethodAccessorImpl.java:0
[2020-07-22 16:34:09,611] {logging_mixin.py:112} INFO - [2020-07-22 16:34:09,611] {spark_submit_hook.py:479} INFO - 20/07/22 16:34:09 INFO DAGScheduler: Got job 1 (showString at NativeMethodAccessorImpl.java:0) with 1 output partitions
[2020-07-22 16:34:09,611] {logging_mixin.py:112} INFO - [2020-07-22 16:34:09,611] {spark_submit_hook.py:479} INFO - 20/07/22 16:34:09 INFO DAGScheduler: Final stage: ResultStage 1 (showString at NativeMethodAccessorImpl.java:0)
[2020-07-22 16:34:09,612] {logging_mixin.py:112} INFO - [2020-07-22 16:34:09,611] {spark_submit_hook.py:479} INFO - 20/07/22 16:34:09 INFO DAGScheduler: Parents of final stage: List()
[2020-07-22 16:34:09,615] {logging_mixin.py:112} INFO - [2020-07-22 16:34:09,614] {spark_submit_hook.py:479} INFO - 20/07/22 16:34:09 INFO DAGScheduler: Missing parents: List()
[2020-07-22 16:34:09,626] {logging_mixin.py:112} INFO - [2020-07-22 16:34:09,626] {spark_submit_hook.py:479} INFO - 20/07/22 16:34:09 INFO DAGScheduler: Submitting ResultStage 1 (MapPartitionsRDD[9] at showString at NativeMethodAccessorImpl.java:0), which has no missing parents
[2020-07-22 16:34:09,720] {logging_mixin.py:112} INFO - [2020-07-22 16:34:09,719] {spark_submit_hook.py:479} INFO - 20/07/22 16:34:09 INFO MemoryStore: Block broadcast_2 stored as values in memory (estimated size 10.9 KiB, free 366.0 MiB)
[2020-07-22 16:34:09,747] {logging_mixin.py:112} INFO - [2020-07-22 16:34:09,746] {spark_submit_hook.py:479} INFO - 20/07/22 16:34:09 INFO MemoryStore: Block broadcast_2_piece0 stored as bytes in memory (estimated size 5.8 KiB, free 366.0 MiB)
[2020-07-22 16:34:09,781] {logging_mixin.py:112} INFO - [2020-07-22 16:34:09,780] {spark_submit_hook.py:479} INFO - 20/07/22 16:34:09 INFO BlockManagerInfo: Added broadcast_2_piece0 in memory on 192.168.43.94:43469 (size: 5.8 KiB, free: 366.3 MiB)
[2020-07-22 16:34:09,793] {logging_mixin.py:112} INFO - [2020-07-22 16:34:09,792] {spark_submit_hook.py:479} INFO - 20/07/22 16:34:09 INFO SparkContext: Created broadcast 2 from broadcast at DAGScheduler.scala:1200
[2020-07-22 16:34:09,864] {logging_mixin.py:112} INFO - [2020-07-22 16:34:09,863] {spark_submit_hook.py:479} INFO - 20/07/22 16:34:09 INFO DAGScheduler: Submitting 1 missing tasks from ResultStage 1 (MapPartitionsRDD[9] at showString at NativeMethodAccessorImpl.java:0) (first 15 tasks are for partitions Vector(0))
[2020-07-22 16:34:09,864] {logging_mixin.py:112} INFO - [2020-07-22 16:34:09,864] {spark_submit_hook.py:479} INFO - 20/07/22 16:34:09 INFO TaskSchedulerImpl: Adding task set 1.0 with 1 tasks
[2020-07-22 16:34:09,985] {logging_mixin.py:112} INFO - [2020-07-22 16:34:09,985] {spark_submit_hook.py:479} INFO - 20/07/22 16:34:09 INFO TaskSetManager: Starting task 0.0 in stage 1.0 (TID 1, 192.168.43.94, executor driver, partition 0, PROCESS_LOCAL, 7449 bytes)
[2020-07-22 16:34:09,999] {logging_mixin.py:112} INFO - [2020-07-22 16:34:09,999] {spark_submit_hook.py:479} INFO - 20/07/22 16:34:09 INFO Executor: Running task 0.0 in stage 1.0 (TID 1)
[2020-07-22 16:34:10,640] {logging_mixin.py:112} INFO - [2020-07-22 16:34:10,639] {spark_submit_hook.py:479} INFO - 20/07/22 16:34:10 INFO PythonRunner: Times: total = 24, boot = -23678, init = 23702, finish = 0
[2020-07-22 16:34:10,647] {logging_mixin.py:112} INFO - [2020-07-22 16:34:10,646] {spark_submit_hook.py:479} INFO - 20/07/22 16:34:10 INFO Executor: Finished task 0.0 in stage 1.0 (TID 1). 2154 bytes result sent to driver
[2020-07-22 16:34:10,692] {logging_mixin.py:112} INFO - [2020-07-22 16:34:10,692] {spark_submit_hook.py:479} INFO - 20/07/22 16:34:10 INFO TaskSetManager: Finished task 0.0 in stage 1.0 (TID 1) in 819 ms on 192.168.43.94 (executor driver) (1/1)
[2020-07-22 16:34:10,698] {logging_mixin.py:112} INFO - [2020-07-22 16:34:10,697] {spark_submit_hook.py:479} INFO - 20/07/22 16:34:10 INFO TaskSchedulerImpl: Removed TaskSet 1.0, whose tasks have all completed, from pool
[2020-07-22 16:34:10,706] {logging_mixin.py:112} INFO - [2020-07-22 16:34:10,706] {spark_submit_hook.py:479} INFO - 20/07/22 16:34:10 INFO DAGScheduler: ResultStage 1 (showString at NativeMethodAccessorImpl.java:0) finished in 1.070 s
[2020-07-22 16:34:10,707] {logging_mixin.py:112} INFO - [2020-07-22 16:34:10,707] {spark_submit_hook.py:479} INFO - 20/07/22 16:34:10 INFO DAGScheduler: Job 1 is finished. Cancelling potential speculative or zombie tasks for this job
[2020-07-22 16:34:10,707] {logging_mixin.py:112} INFO - [2020-07-22 16:34:10,707] {spark_submit_hook.py:479} INFO - 20/07/22 16:34:10 INFO TaskSchedulerImpl: Killing all running tasks in stage 1: Stage finished
[2020-07-22 16:34:10,707] {logging_mixin.py:112} INFO - [2020-07-22 16:34:10,707] {spark_submit_hook.py:479} INFO - 20/07/22 16:34:10 INFO DAGScheduler: Job 1 finished: showString at NativeMethodAccessorImpl.java:0, took 1.100496 s
[2020-07-22 16:34:11,110] {logging_mixin.py:112} INFO - [2020-07-22 16:34:11,110] {spark_submit_hook.py:479} INFO - 20/07/22 16:34:11 INFO CodeGenerator: Code generated in 157.196285 ms
[2020-07-22 16:34:11,186] {logging_mixin.py:112} INFO - [2020-07-22 16:34:11,185] {spark_submit_hook.py:479} INFO - +------+------------+
[2020-07-22 16:34:11,186] {logging_mixin.py:112} INFO - [2020-07-22 16:34:11,186] {spark_submit_hook.py:479} INFO - |    _1|          _2|
[2020-07-22 16:34:11,186] {logging_mixin.py:112} INFO - [2020-07-22 16:34:11,186] {spark_submit_hook.py:479} INFO - +------+------------+
[2020-07-22 16:34:11,187] {logging_mixin.py:112} INFO - [2020-07-22 16:34:11,186] {spark_submit_hook.py:479} INFO - |PERSON|JOINING_YEAR|
[2020-07-22 16:34:11,187] {logging_mixin.py:112} INFO - [2020-07-22 16:34:11,187] {spark_submit_hook.py:479} INFO - |  John|        2018|
[2020-07-22 16:34:11,187] {logging_mixin.py:112} INFO - [2020-07-22 16:34:11,187] {spark_submit_hook.py:479} INFO - |   Sam|        2017|
[2020-07-22 16:34:11,187] {logging_mixin.py:112} INFO - [2020-07-22 16:34:11,187] {spark_submit_hook.py:479} INFO - |  Jeff|        2014|
[2020-07-22 16:34:11,188] {logging_mixin.py:112} INFO - [2020-07-22 16:34:11,188] {spark_submit_hook.py:479} INFO - | Allen|        2015|
[2020-07-22 16:34:11,188] {logging_mixin.py:112} INFO - [2020-07-22 16:34:11,188] {spark_submit_hook.py:479} INFO - +------+------------+
[2020-07-22 16:34:11,188] {logging_mixin.py:112} INFO - [2020-07-22 16:34:11,188] {spark_submit_hook.py:479} INFO - 
[2020-07-22 16:34:11,516] {logging_mixin.py:112} INFO - [2020-07-22 16:34:11,515] {spark_submit_hook.py:479} INFO - 20/07/22 16:34:11 INFO SparkContext: Invoking stop() from shutdown hook
[2020-07-22 16:34:11,579] {logging_mixin.py:112} INFO - [2020-07-22 16:34:11,579] {spark_submit_hook.py:479} INFO - 20/07/22 16:34:11 INFO SparkUI: Stopped Spark web UI at http://192.168.43.94:4041
[2020-07-22 16:34:11,644] {logging_mixin.py:112} INFO - [2020-07-22 16:34:11,644] {spark_submit_hook.py:479} INFO - 20/07/22 16:34:11 INFO MapOutputTrackerMasterEndpoint: MapOutputTrackerMasterEndpoint stopped!
[2020-07-22 16:34:11,710] {logging_mixin.py:112} INFO - [2020-07-22 16:34:11,710] {spark_submit_hook.py:479} INFO - 20/07/22 16:34:11 INFO MemoryStore: MemoryStore cleared
[2020-07-22 16:34:11,714] {logging_mixin.py:112} INFO - [2020-07-22 16:34:11,713] {spark_submit_hook.py:479} INFO - 20/07/22 16:34:11 INFO BlockManager: BlockManager stopped
[2020-07-22 16:34:11,724] {logging_mixin.py:112} INFO - [2020-07-22 16:34:11,724] {spark_submit_hook.py:479} INFO - 20/07/22 16:34:11 INFO BlockManagerMaster: BlockManagerMaster stopped
[2020-07-22 16:34:11,730] {logging_mixin.py:112} INFO - [2020-07-22 16:34:11,730] {spark_submit_hook.py:479} INFO - 20/07/22 16:34:11 INFO OutputCommitCoordinator$OutputCommitCoordinatorEndpoint: OutputCommitCoordinator stopped!
[2020-07-22 16:34:11,829] {logging_mixin.py:112} INFO - [2020-07-22 16:34:11,828] {spark_submit_hook.py:479} INFO - 20/07/22 16:34:11 INFO SparkContext: Successfully stopped SparkContext
[2020-07-22 16:34:11,829] {logging_mixin.py:112} INFO - [2020-07-22 16:34:11,829] {spark_submit_hook.py:479} INFO - 20/07/22 16:34:11 INFO ShutdownHookManager: Shutdown hook called
[2020-07-22 16:34:11,837] {logging_mixin.py:112} INFO - [2020-07-22 16:34:11,836] {spark_submit_hook.py:479} INFO - 20/07/22 16:34:11 INFO ShutdownHookManager: Deleting directory /tmp/spark-32b337da-2700-4686-b179-a0f37076d6b6
[2020-07-22 16:34:11,948] {logging_mixin.py:112} INFO - [2020-07-22 16:34:11,948] {spark_submit_hook.py:479} INFO - 20/07/22 16:34:11 INFO ShutdownHookManager: Deleting directory /tmp/spark-bf9ae7c6-fb67-4b90-91ec-f34cc93d2063/pyspark-0a690179-ca8e-44c9-93d0-435f25c8c577
[2020-07-22 16:34:11,976] {logging_mixin.py:112} INFO - [2020-07-22 16:34:11,976] {spark_submit_hook.py:479} INFO - 20/07/22 16:34:11 INFO ShutdownHookManager: Deleting directory /tmp/spark-bf9ae7c6-fb67-4b90-91ec-f34cc93d2063
[2020-07-22 16:34:12,781] {taskinstance.py:1052} INFO - Marking task as SUCCESS.dag_id=submit_data, task_id=spark_submit, execution_date=20200722T110229, start_date=20200722T110332, end_date=20200722T110412
[2020-07-22 16:34:13,691] {logging_mixin.py:112} INFO - [2020-07-22 16:34:13,691] {local_task_job.py:103} INFO - Task exited with return code 0
