[2020-07-22 13:29:55,085] {taskinstance.py:669} INFO - Dependencies all met for <TaskInstance: submit_data.spark_submit 2020-07-20T01:13:00+00:00 [queued]>
[2020-07-22 13:29:55,097] {taskinstance.py:669} INFO - Dependencies all met for <TaskInstance: submit_data.spark_submit 2020-07-20T01:13:00+00:00 [queued]>
[2020-07-22 13:29:55,097] {taskinstance.py:879} INFO - 
--------------------------------------------------------------------------------
[2020-07-22 13:29:55,097] {taskinstance.py:880} INFO - Starting attempt 1 of 1
[2020-07-22 13:29:55,097] {taskinstance.py:881} INFO - 
--------------------------------------------------------------------------------
[2020-07-22 13:29:55,272] {taskinstance.py:900} INFO - Executing <Task(SparkSubmitOperator): spark_submit> on 2020-07-20T01:13:00+00:00
[2020-07-22 13:29:55,275] {standard_task_runner.py:53} INFO - Started process 345486 to run task
[2020-07-22 13:29:55,496] {logging_mixin.py:112} INFO - Running %s on host %s <TaskInstance: submit_data.spark_submit 2020-07-20T01:13:00+00:00 [running]> bhakti-Vostro-3558
[2020-07-22 13:29:55,539] {logging_mixin.py:112} INFO - [2020-07-22 13:29:55,538] {base_hook.py:87} INFO - Using connection to: id: spark_local. Host: localhost, Port: 4040, Schema: None, Login: None, Password: None, extra: None
[2020-07-22 13:29:55,541] {logging_mixin.py:112} INFO - [2020-07-22 13:29:55,541] {spark_submit_hook.py:325} INFO - Spark-Submit cmd: spark-submit --master localhost:4040 --name airflow-spark /home/bhakti/airflow/spark_jobs/python/spark_test.py
[2020-07-22 13:29:58,530] {logging_mixin.py:112} INFO - [2020-07-22 13:29:58,530] {spark_submit_hook.py:479} INFO - 20/07/22 13:29:58 WARN Utils: Your hostname, bhakti-Vostro-3558 resolves to a loopback address: 127.0.1.1; using 192.168.43.94 instead (on interface wlp6s0)
[2020-07-22 13:29:58,536] {logging_mixin.py:112} INFO - [2020-07-22 13:29:58,536] {spark_submit_hook.py:479} INFO - 20/07/22 13:29:58 WARN Utils: Set SPARK_LOCAL_IP if you need to bind to another address
[2020-07-22 13:29:59,872] {logging_mixin.py:112} INFO - [2020-07-22 13:29:59,872] {spark_submit_hook.py:479} INFO - 20/07/22 13:29:59 WARN NativeCodeLoader: Unable to load native-hadoop library for your platform... using builtin-java classes where applicable
[2020-07-22 13:30:01,926] {logging_mixin.py:112} INFO - [2020-07-22 13:30:01,926] {spark_submit_hook.py:479} INFO - Spark_Test_Python
[2020-07-22 13:30:01,927] {logging_mixin.py:112} INFO - [2020-07-22 13:30:01,927] {spark_submit_hook.py:479} INFO - Number of arguments: 0 arguments.
[2020-07-22 13:30:01,927] {logging_mixin.py:112} INFO - [2020-07-22 13:30:01,927] {spark_submit_hook.py:479} INFO - Argument List: []
[2020-07-22 13:30:02,038] {logging_mixin.py:112} INFO - [2020-07-22 13:30:02,038] {spark_submit_hook.py:479} INFO - Using Spark's default log4j profile: org/apache/spark/log4j-defaults.properties
[2020-07-22 13:30:02,055] {logging_mixin.py:112} INFO - [2020-07-22 13:30:02,054] {spark_submit_hook.py:479} INFO - 20/07/22 13:30:02 INFO SparkContext: Running Spark version 3.0.0
[2020-07-22 13:30:02,121] {logging_mixin.py:112} INFO - [2020-07-22 13:30:02,121] {spark_submit_hook.py:479} INFO - 20/07/22 13:30:02 INFO ResourceUtils: ==============================================================
[2020-07-22 13:30:02,124] {logging_mixin.py:112} INFO - [2020-07-22 13:30:02,123] {spark_submit_hook.py:479} INFO - 20/07/22 13:30:02 INFO ResourceUtils: Resources for spark.driver:
[2020-07-22 13:30:02,125] {logging_mixin.py:112} INFO - [2020-07-22 13:30:02,124] {spark_submit_hook.py:479} INFO - 
[2020-07-22 13:30:02,125] {logging_mixin.py:112} INFO - [2020-07-22 13:30:02,125] {spark_submit_hook.py:479} INFO - 20/07/22 13:30:02 INFO ResourceUtils: ==============================================================
[2020-07-22 13:30:02,125] {logging_mixin.py:112} INFO - [2020-07-22 13:30:02,125] {spark_submit_hook.py:479} INFO - 20/07/22 13:30:02 INFO SparkContext: Submitted application: Spark_Test_Python
[2020-07-22 13:30:02,212] {logging_mixin.py:112} INFO - [2020-07-22 13:30:02,212] {spark_submit_hook.py:479} INFO - 20/07/22 13:30:02 INFO SecurityManager: Changing view acls to: bhakti
[2020-07-22 13:30:02,212] {logging_mixin.py:112} INFO - [2020-07-22 13:30:02,212] {spark_submit_hook.py:479} INFO - 20/07/22 13:30:02 INFO SecurityManager: Changing modify acls to: bhakti
[2020-07-22 13:30:02,212] {logging_mixin.py:112} INFO - [2020-07-22 13:30:02,212] {spark_submit_hook.py:479} INFO - 20/07/22 13:30:02 INFO SecurityManager: Changing view acls groups to:
[2020-07-22 13:30:02,213] {logging_mixin.py:112} INFO - [2020-07-22 13:30:02,213] {spark_submit_hook.py:479} INFO - 20/07/22 13:30:02 INFO SecurityManager: Changing modify acls groups to:
[2020-07-22 13:30:02,213] {logging_mixin.py:112} INFO - [2020-07-22 13:30:02,213] {spark_submit_hook.py:479} INFO - 20/07/22 13:30:02 INFO SecurityManager: SecurityManager: authentication disabled; ui acls disabled; users  with view permissions: Set(bhakti); groups with view permissions: Set(); users  with modify permissions: Set(bhakti); groups with modify permissions: Set()
[2020-07-22 13:30:02,692] {logging_mixin.py:112} INFO - [2020-07-22 13:30:02,692] {spark_submit_hook.py:479} INFO - 20/07/22 13:30:02 INFO Utils: Successfully started service 'sparkDriver' on port 38589.
[2020-07-22 13:30:02,740] {logging_mixin.py:112} INFO - [2020-07-22 13:30:02,740] {spark_submit_hook.py:479} INFO - 20/07/22 13:30:02 INFO SparkEnv: Registering MapOutputTracker
[2020-07-22 13:30:02,807] {logging_mixin.py:112} INFO - [2020-07-22 13:30:02,807] {spark_submit_hook.py:479} INFO - 20/07/22 13:30:02 INFO SparkEnv: Registering BlockManagerMaster
[2020-07-22 13:30:02,843] {logging_mixin.py:112} INFO - [2020-07-22 13:30:02,842] {spark_submit_hook.py:479} INFO - 20/07/22 13:30:02 INFO BlockManagerMasterEndpoint: Using org.apache.spark.storage.DefaultTopologyMapper for getting topology information
[2020-07-22 13:30:02,844] {logging_mixin.py:112} INFO - [2020-07-22 13:30:02,844] {spark_submit_hook.py:479} INFO - 20/07/22 13:30:02 INFO BlockManagerMasterEndpoint: BlockManagerMasterEndpoint up
[2020-07-22 13:30:02,854] {logging_mixin.py:112} INFO - [2020-07-22 13:30:02,854] {spark_submit_hook.py:479} INFO - 20/07/22 13:30:02 INFO SparkEnv: Registering BlockManagerMasterHeartbeat
[2020-07-22 13:30:02,880] {logging_mixin.py:112} INFO - [2020-07-22 13:30:02,880] {spark_submit_hook.py:479} INFO - 20/07/22 13:30:02 INFO DiskBlockManager: Created local directory at /tmp/blockmgr-8d257511-f762-41bb-b7e8-4e393464637b
[2020-07-22 13:30:02,914] {logging_mixin.py:112} INFO - [2020-07-22 13:30:02,913] {spark_submit_hook.py:479} INFO - 20/07/22 13:30:02 INFO MemoryStore: MemoryStore started with capacity 366.3 MiB
[2020-07-22 13:30:02,938] {logging_mixin.py:112} INFO - [2020-07-22 13:30:02,937] {spark_submit_hook.py:479} INFO - 20/07/22 13:30:02 INFO SparkEnv: Registering OutputCommitCoordinator
[2020-07-22 13:30:03,270] {logging_mixin.py:112} INFO - [2020-07-22 13:30:03,270] {spark_submit_hook.py:479} INFO - 20/07/22 13:30:03 WARN Utils: Service 'SparkUI' could not bind on port 4040. Attempting port 4041.
[2020-07-22 13:30:03,270] {logging_mixin.py:112} INFO - [2020-07-22 13:30:03,270] {spark_submit_hook.py:479} INFO - 20/07/22 13:30:03 WARN Utils: Service 'SparkUI' could not bind on port 4041. Attempting port 4042.
[2020-07-22 13:30:03,271] {logging_mixin.py:112} INFO - [2020-07-22 13:30:03,271] {spark_submit_hook.py:479} INFO - 20/07/22 13:30:03 WARN Utils: Service 'SparkUI' could not bind on port 4042. Attempting port 4043.
[2020-07-22 13:30:03,271] {logging_mixin.py:112} INFO - [2020-07-22 13:30:03,271] {spark_submit_hook.py:479} INFO - 20/07/22 13:30:03 WARN Utils: Service 'SparkUI' could not bind on port 4043. Attempting port 4044.
[2020-07-22 13:30:03,272] {logging_mixin.py:112} INFO - [2020-07-22 13:30:03,271] {spark_submit_hook.py:479} INFO - 20/07/22 13:30:03 WARN Utils: Service 'SparkUI' could not bind on port 4044. Attempting port 4045.
[2020-07-22 13:30:03,282] {logging_mixin.py:112} INFO - [2020-07-22 13:30:03,282] {spark_submit_hook.py:479} INFO - 20/07/22 13:30:03 INFO Utils: Successfully started service 'SparkUI' on port 4045.
[2020-07-22 13:30:03,372] {logging_mixin.py:112} INFO - [2020-07-22 13:30:03,371] {spark_submit_hook.py:479} INFO - 20/07/22 13:30:03 INFO SparkUI: Bound SparkUI to 0.0.0.0, and started at http://192.168.43.94:4045
[2020-07-22 13:30:03,510] {logging_mixin.py:112} INFO - [2020-07-22 13:30:03,510] {spark_submit_hook.py:479} INFO - 20/07/22 13:30:03 ERROR SparkContext: Error initializing SparkContext.
[2020-07-22 13:30:03,510] {logging_mixin.py:112} INFO - [2020-07-22 13:30:03,510] {spark_submit_hook.py:479} INFO - org.apache.spark.SparkException: Could not parse Master URL: 'localhost:4040'
[2020-07-22 13:30:03,511] {logging_mixin.py:112} INFO - [2020-07-22 13:30:03,510] {spark_submit_hook.py:479} INFO - at org.apache.spark.SparkContext$.org$apache$spark$SparkContext$$createTaskScheduler(SparkContext.scala:2924)
[2020-07-22 13:30:03,511] {logging_mixin.py:112} INFO - [2020-07-22 13:30:03,511] {spark_submit_hook.py:479} INFO - at org.apache.spark.SparkContext.<init>(SparkContext.scala:528)
[2020-07-22 13:30:03,511] {logging_mixin.py:112} INFO - [2020-07-22 13:30:03,511] {spark_submit_hook.py:479} INFO - at org.apache.spark.api.java.JavaSparkContext.<init>(JavaSparkContext.scala:58)
[2020-07-22 13:30:03,511] {logging_mixin.py:112} INFO - [2020-07-22 13:30:03,511] {spark_submit_hook.py:479} INFO - at sun.reflect.NativeConstructorAccessorImpl.newInstance0(Native Method)
[2020-07-22 13:30:03,512] {logging_mixin.py:112} INFO - [2020-07-22 13:30:03,511] {spark_submit_hook.py:479} INFO - at sun.reflect.NativeConstructorAccessorImpl.newInstance(NativeConstructorAccessorImpl.java:62)
[2020-07-22 13:30:03,512] {logging_mixin.py:112} INFO - [2020-07-22 13:30:03,512] {spark_submit_hook.py:479} INFO - at sun.reflect.DelegatingConstructorAccessorImpl.newInstance(DelegatingConstructorAccessorImpl.java:45)
[2020-07-22 13:30:03,512] {logging_mixin.py:112} INFO - [2020-07-22 13:30:03,512] {spark_submit_hook.py:479} INFO - at java.lang.reflect.Constructor.newInstance(Constructor.java:423)
[2020-07-22 13:30:03,512] {logging_mixin.py:112} INFO - [2020-07-22 13:30:03,512] {spark_submit_hook.py:479} INFO - at py4j.reflection.MethodInvoker.invoke(MethodInvoker.java:247)
[2020-07-22 13:30:03,512] {logging_mixin.py:112} INFO - [2020-07-22 13:30:03,512] {spark_submit_hook.py:479} INFO - at py4j.reflection.ReflectionEngine.invoke(ReflectionEngine.java:357)
[2020-07-22 13:30:03,513] {logging_mixin.py:112} INFO - [2020-07-22 13:30:03,513] {spark_submit_hook.py:479} INFO - at py4j.Gateway.invoke(Gateway.java:238)
[2020-07-22 13:30:03,513] {logging_mixin.py:112} INFO - [2020-07-22 13:30:03,513] {spark_submit_hook.py:479} INFO - at py4j.commands.ConstructorCommand.invokeConstructor(ConstructorCommand.java:80)
[2020-07-22 13:30:03,513] {logging_mixin.py:112} INFO - [2020-07-22 13:30:03,513] {spark_submit_hook.py:479} INFO - at py4j.commands.ConstructorCommand.execute(ConstructorCommand.java:69)
[2020-07-22 13:30:03,514] {logging_mixin.py:112} INFO - [2020-07-22 13:30:03,513] {spark_submit_hook.py:479} INFO - at py4j.GatewayConnection.run(GatewayConnection.java:238)
[2020-07-22 13:30:03,514] {logging_mixin.py:112} INFO - [2020-07-22 13:30:03,514] {spark_submit_hook.py:479} INFO - at java.lang.Thread.run(Thread.java:748)
[2020-07-22 13:30:03,524] {logging_mixin.py:112} INFO - [2020-07-22 13:30:03,523] {spark_submit_hook.py:479} INFO - 20/07/22 13:30:03 INFO SparkUI: Stopped Spark web UI at http://192.168.43.94:4045
[2020-07-22 13:30:03,547] {logging_mixin.py:112} INFO - [2020-07-22 13:30:03,547] {spark_submit_hook.py:479} INFO - 20/07/22 13:30:03 INFO MapOutputTrackerMasterEndpoint: MapOutputTrackerMasterEndpoint stopped!
[2020-07-22 13:30:03,607] {logging_mixin.py:112} INFO - [2020-07-22 13:30:03,607] {spark_submit_hook.py:479} INFO - 20/07/22 13:30:03 INFO MemoryStore: MemoryStore cleared
[2020-07-22 13:30:03,608] {logging_mixin.py:112} INFO - [2020-07-22 13:30:03,607] {spark_submit_hook.py:479} INFO - 20/07/22 13:30:03 INFO BlockManager: BlockManager stopped
[2020-07-22 13:30:03,636] {logging_mixin.py:112} INFO - [2020-07-22 13:30:03,636] {spark_submit_hook.py:479} INFO - 20/07/22 13:30:03 INFO BlockManagerMaster: BlockManagerMaster stopped
[2020-07-22 13:30:03,638] {logging_mixin.py:112} INFO - [2020-07-22 13:30:03,638] {spark_submit_hook.py:479} INFO - 20/07/22 13:30:03 WARN MetricsSystem: Stopping a MetricsSystem that is not running
[2020-07-22 13:30:03,647] {logging_mixin.py:112} INFO - [2020-07-22 13:30:03,647] {spark_submit_hook.py:479} INFO - 20/07/22 13:30:03 INFO OutputCommitCoordinator$OutputCommitCoordinatorEndpoint: OutputCommitCoordinator stopped!
[2020-07-22 13:30:03,668] {logging_mixin.py:112} INFO - [2020-07-22 13:30:03,667] {spark_submit_hook.py:479} INFO - 20/07/22 13:30:03 INFO SparkContext: Successfully stopped SparkContext
[2020-07-22 13:30:03,762] {logging_mixin.py:112} INFO - [2020-07-22 13:30:03,762] {spark_submit_hook.py:479} INFO - Traceback (most recent call last):
[2020-07-22 13:30:03,763] {logging_mixin.py:112} INFO - [2020-07-22 13:30:03,762] {spark_submit_hook.py:479} INFO - File "/home/bhakti/airflow/spark_jobs/python/spark_test.py", line 12, in <module>
[2020-07-22 13:30:03,763] {logging_mixin.py:112} INFO - [2020-07-22 13:30:03,763] {spark_submit_hook.py:479} INFO - sc = SparkContext(conf=conf)
[2020-07-22 13:30:03,763] {logging_mixin.py:112} INFO - [2020-07-22 13:30:03,763] {spark_submit_hook.py:479} INFO - File "/opt/spark/python/lib/pyspark.zip/pyspark/context.py", line 130, in __init__
[2020-07-22 13:30:03,763] {logging_mixin.py:112} INFO - [2020-07-22 13:30:03,763] {spark_submit_hook.py:479} INFO - File "/opt/spark/python/lib/pyspark.zip/pyspark/context.py", line 193, in _do_init
[2020-07-22 13:30:03,763] {logging_mixin.py:112} INFO - [2020-07-22 13:30:03,763] {spark_submit_hook.py:479} INFO - File "/opt/spark/python/lib/pyspark.zip/pyspark/context.py", line 310, in _initialize_context
[2020-07-22 13:30:03,764] {logging_mixin.py:112} INFO - [2020-07-22 13:30:03,764] {spark_submit_hook.py:479} INFO - File "/opt/spark/python/lib/py4j-0.10.9-src.zip/py4j/java_gateway.py", line 1568, in __call__
[2020-07-22 13:30:03,764] {logging_mixin.py:112} INFO - [2020-07-22 13:30:03,764] {spark_submit_hook.py:479} INFO - File "/opt/spark/python/lib/py4j-0.10.9-src.zip/py4j/protocol.py", line 326, in get_return_value
[2020-07-22 13:30:03,765] {logging_mixin.py:112} INFO - [2020-07-22 13:30:03,764] {spark_submit_hook.py:479} INFO - py4j.protocol.Py4JJavaError: An error occurred while calling None.org.apache.spark.api.java.JavaSparkContext.
[2020-07-22 13:30:03,765] {logging_mixin.py:112} INFO - [2020-07-22 13:30:03,765] {spark_submit_hook.py:479} INFO - : org.apache.spark.SparkException: Could not parse Master URL: 'localhost:4040'
[2020-07-22 13:30:03,765] {logging_mixin.py:112} INFO - [2020-07-22 13:30:03,765] {spark_submit_hook.py:479} INFO - at org.apache.spark.SparkContext$.org$apache$spark$SparkContext$$createTaskScheduler(SparkContext.scala:2924)
[2020-07-22 13:30:03,766] {logging_mixin.py:112} INFO - [2020-07-22 13:30:03,766] {spark_submit_hook.py:479} INFO - at org.apache.spark.SparkContext.<init>(SparkContext.scala:528)
[2020-07-22 13:30:03,766] {logging_mixin.py:112} INFO - [2020-07-22 13:30:03,766] {spark_submit_hook.py:479} INFO - at org.apache.spark.api.java.JavaSparkContext.<init>(JavaSparkContext.scala:58)
[2020-07-22 13:30:03,766] {logging_mixin.py:112} INFO - [2020-07-22 13:30:03,766] {spark_submit_hook.py:479} INFO - at sun.reflect.NativeConstructorAccessorImpl.newInstance0(Native Method)
[2020-07-22 13:30:03,767] {logging_mixin.py:112} INFO - [2020-07-22 13:30:03,766] {spark_submit_hook.py:479} INFO - at sun.reflect.NativeConstructorAccessorImpl.newInstance(NativeConstructorAccessorImpl.java:62)
[2020-07-22 13:30:03,767] {logging_mixin.py:112} INFO - [2020-07-22 13:30:03,767] {spark_submit_hook.py:479} INFO - at sun.reflect.DelegatingConstructorAccessorImpl.newInstance(DelegatingConstructorAccessorImpl.java:45)
[2020-07-22 13:30:03,767] {logging_mixin.py:112} INFO - [2020-07-22 13:30:03,767] {spark_submit_hook.py:479} INFO - at java.lang.reflect.Constructor.newInstance(Constructor.java:423)
[2020-07-22 13:30:03,767] {logging_mixin.py:112} INFO - [2020-07-22 13:30:03,767] {spark_submit_hook.py:479} INFO - at py4j.reflection.MethodInvoker.invoke(MethodInvoker.java:247)
[2020-07-22 13:30:03,768] {logging_mixin.py:112} INFO - [2020-07-22 13:30:03,767] {spark_submit_hook.py:479} INFO - at py4j.reflection.ReflectionEngine.invoke(ReflectionEngine.java:357)
[2020-07-22 13:30:03,768] {logging_mixin.py:112} INFO - [2020-07-22 13:30:03,768] {spark_submit_hook.py:479} INFO - at py4j.Gateway.invoke(Gateway.java:238)
[2020-07-22 13:30:03,768] {logging_mixin.py:112} INFO - [2020-07-22 13:30:03,768] {spark_submit_hook.py:479} INFO - at py4j.commands.ConstructorCommand.invokeConstructor(ConstructorCommand.java:80)
[2020-07-22 13:30:03,768] {logging_mixin.py:112} INFO - [2020-07-22 13:30:03,768] {spark_submit_hook.py:479} INFO - at py4j.commands.ConstructorCommand.execute(ConstructorCommand.java:69)
[2020-07-22 13:30:03,769] {logging_mixin.py:112} INFO - [2020-07-22 13:30:03,768] {spark_submit_hook.py:479} INFO - at py4j.GatewayConnection.run(GatewayConnection.java:238)
[2020-07-22 13:30:03,769] {logging_mixin.py:112} INFO - [2020-07-22 13:30:03,769] {spark_submit_hook.py:479} INFO - at java.lang.Thread.run(Thread.java:748)
[2020-07-22 13:30:03,769] {logging_mixin.py:112} INFO - [2020-07-22 13:30:03,769] {spark_submit_hook.py:479} INFO - 
[2020-07-22 13:30:03,880] {logging_mixin.py:112} INFO - [2020-07-22 13:30:03,880] {spark_submit_hook.py:479} INFO - 20/07/22 13:30:03 INFO ShutdownHookManager: Shutdown hook called
[2020-07-22 13:30:03,882] {logging_mixin.py:112} INFO - [2020-07-22 13:30:03,882] {spark_submit_hook.py:479} INFO - 20/07/22 13:30:03 INFO ShutdownHookManager: Deleting directory /tmp/spark-7a7eb783-e431-4377-bff2-6262e6919939
[2020-07-22 13:30:03,885] {logging_mixin.py:112} INFO - [2020-07-22 13:30:03,885] {spark_submit_hook.py:479} INFO - 20/07/22 13:30:03 INFO ShutdownHookManager: Deleting directory /tmp/spark-922fe455-a927-4992-8bb2-4a035de8e282
[2020-07-22 13:30:03,934] {taskinstance.py:1145} ERROR - Cannot execute: spark-submit --master localhost:4040 --name airflow-spark /home/bhakti/airflow/spark_jobs/python/spark_test.py. Error code is: 1.
Traceback (most recent call last):
  File "/usr/local/lib/python3.8/dist-packages/airflow/models/taskinstance.py", line 983, in _run_raw_task
    result = task_copy.execute(context=context)
  File "/usr/local/lib/python3.8/dist-packages/airflow/contrib/operators/spark_submit_operator.py", line 187, in execute
    self._hook.submit(self._application)
  File "/usr/local/lib/python3.8/dist-packages/airflow/contrib/hooks/spark_submit_hook.py", line 403, in submit
    raise AirflowException(
airflow.exceptions.AirflowException: Cannot execute: spark-submit --master localhost:4040 --name airflow-spark /home/bhakti/airflow/spark_jobs/python/spark_test.py. Error code is: 1.
[2020-07-22 13:30:03,937] {taskinstance.py:1189} INFO - Marking task as FAILED.dag_id=submit_data, task_id=spark_submit, execution_date=20200720T011300, start_date=20200722T075955, end_date=20200722T080003
[2020-07-22 13:30:04,944] {logging_mixin.py:112} INFO - [2020-07-22 13:30:04,943] {local_task_job.py:103} INFO - Task exited with return code 1
