[2020-07-22 13:55:14,555] {taskinstance.py:669} INFO - Dependencies all met for <TaskInstance: submit_data.spark_submit 2020-07-20T02:04:00+00:00 [queued]>
[2020-07-22 13:55:14,570] {taskinstance.py:669} INFO - Dependencies all met for <TaskInstance: submit_data.spark_submit 2020-07-20T02:04:00+00:00 [queued]>
[2020-07-22 13:55:14,570] {taskinstance.py:879} INFO - 
--------------------------------------------------------------------------------
[2020-07-22 13:55:14,570] {taskinstance.py:880} INFO - Starting attempt 1 of 1
[2020-07-22 13:55:14,570] {taskinstance.py:881} INFO - 
--------------------------------------------------------------------------------
[2020-07-22 13:55:14,744] {taskinstance.py:900} INFO - Executing <Task(SparkSubmitOperator): spark_submit> on 2020-07-20T02:04:00+00:00
[2020-07-22 13:55:14,747] {standard_task_runner.py:53} INFO - Started process 380586 to run task
[2020-07-22 13:55:14,954] {logging_mixin.py:112} INFO - Running %s on host %s <TaskInstance: submit_data.spark_submit 2020-07-20T02:04:00+00:00 [running]> bhakti-Vostro-3558
[2020-07-22 13:55:14,998] {logging_mixin.py:112} INFO - [2020-07-22 13:55:14,997] {base_hook.py:87} INFO - Using connection to: id: spark_local. Host: localhost, Port: 4040, Schema: None, Login: None, Password: None, extra: None
[2020-07-22 13:55:14,999] {logging_mixin.py:112} INFO - [2020-07-22 13:55:14,999] {spark_submit_hook.py:325} INFO - Spark-Submit cmd: spark-submit --master localhost:4040 --name airflow-spark /home/bhakti/airflow/spark_jobs/python/spark_test.py
[2020-07-22 13:55:18,016] {logging_mixin.py:112} INFO - [2020-07-22 13:55:18,016] {spark_submit_hook.py:479} INFO - 20/07/22 13:55:18 WARN Utils: Your hostname, bhakti-Vostro-3558 resolves to a loopback address: 127.0.1.1; using 192.168.43.94 instead (on interface wlp6s0)
[2020-07-22 13:55:18,018] {logging_mixin.py:112} INFO - [2020-07-22 13:55:18,018] {spark_submit_hook.py:479} INFO - 20/07/22 13:55:18 WARN Utils: Set SPARK_LOCAL_IP if you need to bind to another address
[2020-07-22 13:55:19,776] {logging_mixin.py:112} INFO - [2020-07-22 13:55:19,776] {spark_submit_hook.py:479} INFO - 20/07/22 13:55:19 WARN NativeCodeLoader: Unable to load native-hadoop library for your platform... using builtin-java classes where applicable
[2020-07-22 13:55:22,262] {logging_mixin.py:112} INFO - [2020-07-22 13:55:22,262] {spark_submit_hook.py:479} INFO - Spark_Test_Python
[2020-07-22 13:55:22,263] {logging_mixin.py:112} INFO - [2020-07-22 13:55:22,263] {spark_submit_hook.py:479} INFO - Number of arguments: 0 arguments.
[2020-07-22 13:55:22,263] {logging_mixin.py:112} INFO - [2020-07-22 13:55:22,263] {spark_submit_hook.py:479} INFO - Argument List: []
[2020-07-22 13:55:22,410] {logging_mixin.py:112} INFO - [2020-07-22 13:55:22,410] {spark_submit_hook.py:479} INFO - Using Spark's default log4j profile: org/apache/spark/log4j-defaults.properties
[2020-07-22 13:55:22,431] {logging_mixin.py:112} INFO - [2020-07-22 13:55:22,431] {spark_submit_hook.py:479} INFO - 20/07/22 13:55:22 INFO SparkContext: Running Spark version 3.0.0
[2020-07-22 13:55:22,527] {logging_mixin.py:112} INFO - [2020-07-22 13:55:22,527] {spark_submit_hook.py:479} INFO - 20/07/22 13:55:22 INFO ResourceUtils: ==============================================================
[2020-07-22 13:55:22,530] {logging_mixin.py:112} INFO - [2020-07-22 13:55:22,529] {spark_submit_hook.py:479} INFO - 20/07/22 13:55:22 INFO ResourceUtils: Resources for spark.driver:
[2020-07-22 13:55:22,530] {logging_mixin.py:112} INFO - [2020-07-22 13:55:22,530] {spark_submit_hook.py:479} INFO - 
[2020-07-22 13:55:22,531] {logging_mixin.py:112} INFO - [2020-07-22 13:55:22,530] {spark_submit_hook.py:479} INFO - 20/07/22 13:55:22 INFO ResourceUtils: ==============================================================
[2020-07-22 13:55:22,532] {logging_mixin.py:112} INFO - [2020-07-22 13:55:22,531] {spark_submit_hook.py:479} INFO - 20/07/22 13:55:22 INFO SparkContext: Submitted application: Spark_Test_Python
[2020-07-22 13:55:22,677] {logging_mixin.py:112} INFO - [2020-07-22 13:55:22,677] {spark_submit_hook.py:479} INFO - 20/07/22 13:55:22 INFO SecurityManager: Changing view acls to: bhakti
[2020-07-22 13:55:22,678] {logging_mixin.py:112} INFO - [2020-07-22 13:55:22,678] {spark_submit_hook.py:479} INFO - 20/07/22 13:55:22 INFO SecurityManager: Changing modify acls to: bhakti
[2020-07-22 13:55:22,679] {logging_mixin.py:112} INFO - [2020-07-22 13:55:22,679] {spark_submit_hook.py:479} INFO - 20/07/22 13:55:22 INFO SecurityManager: Changing view acls groups to:
[2020-07-22 13:55:22,679] {logging_mixin.py:112} INFO - [2020-07-22 13:55:22,679] {spark_submit_hook.py:479} INFO - 20/07/22 13:55:22 INFO SecurityManager: Changing modify acls groups to:
[2020-07-22 13:55:22,680] {logging_mixin.py:112} INFO - [2020-07-22 13:55:22,680] {spark_submit_hook.py:479} INFO - 20/07/22 13:55:22 INFO SecurityManager: SecurityManager: authentication disabled; ui acls disabled; users  with view permissions: Set(bhakti); groups with view permissions: Set(); users  with modify permissions: Set(bhakti); groups with modify permissions: Set()
[2020-07-22 13:55:23,168] {logging_mixin.py:112} INFO - [2020-07-22 13:55:23,167] {spark_submit_hook.py:479} INFO - 20/07/22 13:55:23 INFO Utils: Successfully started service 'sparkDriver' on port 39963.
[2020-07-22 13:55:23,212] {logging_mixin.py:112} INFO - [2020-07-22 13:55:23,212] {spark_submit_hook.py:479} INFO - 20/07/22 13:55:23 INFO SparkEnv: Registering MapOutputTracker
[2020-07-22 13:55:23,268] {logging_mixin.py:112} INFO - [2020-07-22 13:55:23,268] {spark_submit_hook.py:479} INFO - 20/07/22 13:55:23 INFO SparkEnv: Registering BlockManagerMaster
[2020-07-22 13:55:23,302] {logging_mixin.py:112} INFO - [2020-07-22 13:55:23,302] {spark_submit_hook.py:479} INFO - 20/07/22 13:55:23 INFO BlockManagerMasterEndpoint: Using org.apache.spark.storage.DefaultTopologyMapper for getting topology information
[2020-07-22 13:55:23,303] {logging_mixin.py:112} INFO - [2020-07-22 13:55:23,303] {spark_submit_hook.py:479} INFO - 20/07/22 13:55:23 INFO BlockManagerMasterEndpoint: BlockManagerMasterEndpoint up
[2020-07-22 13:55:23,318] {logging_mixin.py:112} INFO - [2020-07-22 13:55:23,318] {spark_submit_hook.py:479} INFO - 20/07/22 13:55:23 INFO SparkEnv: Registering BlockManagerMasterHeartbeat
[2020-07-22 13:55:23,340] {logging_mixin.py:112} INFO - [2020-07-22 13:55:23,339] {spark_submit_hook.py:479} INFO - 20/07/22 13:55:23 INFO DiskBlockManager: Created local directory at /tmp/blockmgr-3ffbc95a-cf5b-425c-ab1f-efe9f0a78e60
[2020-07-22 13:55:23,374] {logging_mixin.py:112} INFO - [2020-07-22 13:55:23,374] {spark_submit_hook.py:479} INFO - 20/07/22 13:55:23 INFO MemoryStore: MemoryStore started with capacity 366.3 MiB
[2020-07-22 13:55:23,399] {logging_mixin.py:112} INFO - [2020-07-22 13:55:23,399] {spark_submit_hook.py:479} INFO - 20/07/22 13:55:23 INFO SparkEnv: Registering OutputCommitCoordinator
[2020-07-22 13:55:23,805] {logging_mixin.py:112} INFO - [2020-07-22 13:55:23,804] {spark_submit_hook.py:479} INFO - 20/07/22 13:55:23 WARN Utils: Service 'SparkUI' could not bind on port 4040. Attempting port 4041.
[2020-07-22 13:55:23,805] {logging_mixin.py:112} INFO - [2020-07-22 13:55:23,805] {spark_submit_hook.py:479} INFO - 20/07/22 13:55:23 WARN Utils: Service 'SparkUI' could not bind on port 4041. Attempting port 4042.
[2020-07-22 13:55:23,819] {logging_mixin.py:112} INFO - [2020-07-22 13:55:23,819] {spark_submit_hook.py:479} INFO - 20/07/22 13:55:23 INFO Utils: Successfully started service 'SparkUI' on port 4042.
[2020-07-22 13:55:23,954] {logging_mixin.py:112} INFO - [2020-07-22 13:55:23,953] {spark_submit_hook.py:479} INFO - 20/07/22 13:55:23 INFO SparkUI: Bound SparkUI to 0.0.0.0, and started at http://192.168.43.94:4042
[2020-07-22 13:55:24,132] {logging_mixin.py:112} INFO - [2020-07-22 13:55:24,132] {spark_submit_hook.py:479} INFO - 20/07/22 13:55:24 ERROR SparkContext: Error initializing SparkContext.
[2020-07-22 13:55:24,133] {logging_mixin.py:112} INFO - [2020-07-22 13:55:24,133] {spark_submit_hook.py:479} INFO - org.apache.spark.SparkException: Could not parse Master URL: 'localhost:4040'
[2020-07-22 13:55:24,133] {logging_mixin.py:112} INFO - [2020-07-22 13:55:24,133] {spark_submit_hook.py:479} INFO - at org.apache.spark.SparkContext$.org$apache$spark$SparkContext$$createTaskScheduler(SparkContext.scala:2924)
[2020-07-22 13:55:24,134] {logging_mixin.py:112} INFO - [2020-07-22 13:55:24,133] {spark_submit_hook.py:479} INFO - at org.apache.spark.SparkContext.<init>(SparkContext.scala:528)
[2020-07-22 13:55:24,134] {logging_mixin.py:112} INFO - [2020-07-22 13:55:24,134] {spark_submit_hook.py:479} INFO - at org.apache.spark.api.java.JavaSparkContext.<init>(JavaSparkContext.scala:58)
[2020-07-22 13:55:24,134] {logging_mixin.py:112} INFO - [2020-07-22 13:55:24,134] {spark_submit_hook.py:479} INFO - at sun.reflect.NativeConstructorAccessorImpl.newInstance0(Native Method)
[2020-07-22 13:55:24,134] {logging_mixin.py:112} INFO - [2020-07-22 13:55:24,134] {spark_submit_hook.py:479} INFO - at sun.reflect.NativeConstructorAccessorImpl.newInstance(NativeConstructorAccessorImpl.java:62)
[2020-07-22 13:55:24,135] {logging_mixin.py:112} INFO - [2020-07-22 13:55:24,135] {spark_submit_hook.py:479} INFO - at sun.reflect.DelegatingConstructorAccessorImpl.newInstance(DelegatingConstructorAccessorImpl.java:45)
[2020-07-22 13:55:24,135] {logging_mixin.py:112} INFO - [2020-07-22 13:55:24,135] {spark_submit_hook.py:479} INFO - at java.lang.reflect.Constructor.newInstance(Constructor.java:423)
[2020-07-22 13:55:24,135] {logging_mixin.py:112} INFO - [2020-07-22 13:55:24,135] {spark_submit_hook.py:479} INFO - at py4j.reflection.MethodInvoker.invoke(MethodInvoker.java:247)
[2020-07-22 13:55:24,136] {logging_mixin.py:112} INFO - [2020-07-22 13:55:24,135] {spark_submit_hook.py:479} INFO - at py4j.reflection.ReflectionEngine.invoke(ReflectionEngine.java:357)
[2020-07-22 13:55:24,136] {logging_mixin.py:112} INFO - [2020-07-22 13:55:24,136] {spark_submit_hook.py:479} INFO - at py4j.Gateway.invoke(Gateway.java:238)
[2020-07-22 13:55:24,136] {logging_mixin.py:112} INFO - [2020-07-22 13:55:24,136] {spark_submit_hook.py:479} INFO - at py4j.commands.ConstructorCommand.invokeConstructor(ConstructorCommand.java:80)
[2020-07-22 13:55:24,136] {logging_mixin.py:112} INFO - [2020-07-22 13:55:24,136] {spark_submit_hook.py:479} INFO - at py4j.commands.ConstructorCommand.execute(ConstructorCommand.java:69)
[2020-07-22 13:55:24,137] {logging_mixin.py:112} INFO - [2020-07-22 13:55:24,136] {spark_submit_hook.py:479} INFO - at py4j.GatewayConnection.run(GatewayConnection.java:238)
[2020-07-22 13:55:24,137] {logging_mixin.py:112} INFO - [2020-07-22 13:55:24,137] {spark_submit_hook.py:479} INFO - at java.lang.Thread.run(Thread.java:748)
[2020-07-22 13:55:24,161] {logging_mixin.py:112} INFO - [2020-07-22 13:55:24,161] {spark_submit_hook.py:479} INFO - 20/07/22 13:55:24 INFO SparkUI: Stopped Spark web UI at http://192.168.43.94:4042
[2020-07-22 13:55:24,189] {logging_mixin.py:112} INFO - [2020-07-22 13:55:24,188] {spark_submit_hook.py:479} INFO - 20/07/22 13:55:24 INFO MapOutputTrackerMasterEndpoint: MapOutputTrackerMasterEndpoint stopped!
[2020-07-22 13:55:24,220] {logging_mixin.py:112} INFO - [2020-07-22 13:55:24,220] {spark_submit_hook.py:479} INFO - 20/07/22 13:55:24 INFO MemoryStore: MemoryStore cleared
[2020-07-22 13:55:24,221] {logging_mixin.py:112} INFO - [2020-07-22 13:55:24,221] {spark_submit_hook.py:479} INFO - 20/07/22 13:55:24 INFO BlockManager: BlockManager stopped
[2020-07-22 13:55:24,243] {logging_mixin.py:112} INFO - [2020-07-22 13:55:24,242] {spark_submit_hook.py:479} INFO - 20/07/22 13:55:24 INFO BlockManagerMaster: BlockManagerMaster stopped
[2020-07-22 13:55:24,244] {logging_mixin.py:112} INFO - [2020-07-22 13:55:24,243] {spark_submit_hook.py:479} INFO - 20/07/22 13:55:24 WARN MetricsSystem: Stopping a MetricsSystem that is not running
[2020-07-22 13:55:24,250] {logging_mixin.py:112} INFO - [2020-07-22 13:55:24,250] {spark_submit_hook.py:479} INFO - 20/07/22 13:55:24 INFO OutputCommitCoordinator$OutputCommitCoordinatorEndpoint: OutputCommitCoordinator stopped!
[2020-07-22 13:55:24,263] {logging_mixin.py:112} INFO - [2020-07-22 13:55:24,263] {spark_submit_hook.py:479} INFO - 20/07/22 13:55:24 INFO SparkContext: Successfully stopped SparkContext
[2020-07-22 13:55:24,359] {logging_mixin.py:112} INFO - [2020-07-22 13:55:24,358] {spark_submit_hook.py:479} INFO - Traceback (most recent call last):
[2020-07-22 13:55:24,359] {logging_mixin.py:112} INFO - [2020-07-22 13:55:24,359] {spark_submit_hook.py:479} INFO - File "/home/bhakti/airflow/spark_jobs/python/spark_test.py", line 12, in <module>
[2020-07-22 13:55:24,359] {logging_mixin.py:112} INFO - [2020-07-22 13:55:24,359] {spark_submit_hook.py:479} INFO - sc = SparkContext(conf=conf)
[2020-07-22 13:55:24,360] {logging_mixin.py:112} INFO - [2020-07-22 13:55:24,359] {spark_submit_hook.py:479} INFO - File "/opt/spark/python/lib/pyspark.zip/pyspark/context.py", line 130, in __init__
[2020-07-22 13:55:24,360] {logging_mixin.py:112} INFO - [2020-07-22 13:55:24,360] {spark_submit_hook.py:479} INFO - File "/opt/spark/python/lib/pyspark.zip/pyspark/context.py", line 193, in _do_init
[2020-07-22 13:55:24,360] {logging_mixin.py:112} INFO - [2020-07-22 13:55:24,360] {spark_submit_hook.py:479} INFO - File "/opt/spark/python/lib/pyspark.zip/pyspark/context.py", line 310, in _initialize_context
[2020-07-22 13:55:24,360] {logging_mixin.py:112} INFO - [2020-07-22 13:55:24,360] {spark_submit_hook.py:479} INFO - File "/opt/spark/python/lib/py4j-0.10.9-src.zip/py4j/java_gateway.py", line 1568, in __call__
[2020-07-22 13:55:24,361] {logging_mixin.py:112} INFO - [2020-07-22 13:55:24,361] {spark_submit_hook.py:479} INFO - File "/opt/spark/python/lib/py4j-0.10.9-src.zip/py4j/protocol.py", line 326, in get_return_value
[2020-07-22 13:55:24,361] {logging_mixin.py:112} INFO - [2020-07-22 13:55:24,361] {spark_submit_hook.py:479} INFO - py4j.protocol.Py4JJavaError: An error occurred while calling None.org.apache.spark.api.java.JavaSparkContext.
[2020-07-22 13:55:24,362] {logging_mixin.py:112} INFO - [2020-07-22 13:55:24,361] {spark_submit_hook.py:479} INFO - : org.apache.spark.SparkException: Could not parse Master URL: 'localhost:4040'
[2020-07-22 13:55:24,362] {logging_mixin.py:112} INFO - [2020-07-22 13:55:24,362] {spark_submit_hook.py:479} INFO - at org.apache.spark.SparkContext$.org$apache$spark$SparkContext$$createTaskScheduler(SparkContext.scala:2924)
[2020-07-22 13:55:24,362] {logging_mixin.py:112} INFO - [2020-07-22 13:55:24,362] {spark_submit_hook.py:479} INFO - at org.apache.spark.SparkContext.<init>(SparkContext.scala:528)
[2020-07-22 13:55:24,362] {logging_mixin.py:112} INFO - [2020-07-22 13:55:24,362] {spark_submit_hook.py:479} INFO - at org.apache.spark.api.java.JavaSparkContext.<init>(JavaSparkContext.scala:58)
[2020-07-22 13:55:24,362] {logging_mixin.py:112} INFO - [2020-07-22 13:55:24,362] {spark_submit_hook.py:479} INFO - at sun.reflect.NativeConstructorAccessorImpl.newInstance0(Native Method)
[2020-07-22 13:55:24,364] {logging_mixin.py:112} INFO - [2020-07-22 13:55:24,362] {spark_submit_hook.py:479} INFO - at sun.reflect.NativeConstructorAccessorImpl.newInstance(NativeConstructorAccessorImpl.java:62)
[2020-07-22 13:55:24,364] {logging_mixin.py:112} INFO - [2020-07-22 13:55:24,364] {spark_submit_hook.py:479} INFO - at sun.reflect.DelegatingConstructorAccessorImpl.newInstance(DelegatingConstructorAccessorImpl.java:45)
[2020-07-22 13:55:24,365] {logging_mixin.py:112} INFO - [2020-07-22 13:55:24,364] {spark_submit_hook.py:479} INFO - at java.lang.reflect.Constructor.newInstance(Constructor.java:423)
[2020-07-22 13:55:24,365] {logging_mixin.py:112} INFO - [2020-07-22 13:55:24,365] {spark_submit_hook.py:479} INFO - at py4j.reflection.MethodInvoker.invoke(MethodInvoker.java:247)
[2020-07-22 13:55:24,365] {logging_mixin.py:112} INFO - [2020-07-22 13:55:24,365] {spark_submit_hook.py:479} INFO - at py4j.reflection.ReflectionEngine.invoke(ReflectionEngine.java:357)
[2020-07-22 13:55:24,365] {logging_mixin.py:112} INFO - [2020-07-22 13:55:24,365] {spark_submit_hook.py:479} INFO - at py4j.Gateway.invoke(Gateway.java:238)
[2020-07-22 13:55:24,365] {logging_mixin.py:112} INFO - [2020-07-22 13:55:24,365] {spark_submit_hook.py:479} INFO - at py4j.commands.ConstructorCommand.invokeConstructor(ConstructorCommand.java:80)
[2020-07-22 13:55:24,366] {logging_mixin.py:112} INFO - [2020-07-22 13:55:24,365] {spark_submit_hook.py:479} INFO - at py4j.commands.ConstructorCommand.execute(ConstructorCommand.java:69)
[2020-07-22 13:55:24,366] {logging_mixin.py:112} INFO - [2020-07-22 13:55:24,366] {spark_submit_hook.py:479} INFO - at py4j.GatewayConnection.run(GatewayConnection.java:238)
[2020-07-22 13:55:24,366] {logging_mixin.py:112} INFO - [2020-07-22 13:55:24,366] {spark_submit_hook.py:479} INFO - at java.lang.Thread.run(Thread.java:748)
[2020-07-22 13:55:24,366] {logging_mixin.py:112} INFO - [2020-07-22 13:55:24,366] {spark_submit_hook.py:479} INFO - 
[2020-07-22 13:55:24,482] {logging_mixin.py:112} INFO - [2020-07-22 13:55:24,481] {spark_submit_hook.py:479} INFO - 20/07/22 13:55:24 INFO ShutdownHookManager: Shutdown hook called
[2020-07-22 13:55:24,484] {logging_mixin.py:112} INFO - [2020-07-22 13:55:24,483] {spark_submit_hook.py:479} INFO - 20/07/22 13:55:24 INFO ShutdownHookManager: Deleting directory /tmp/spark-cdf90ec7-bb67-4d65-894e-7109524a4a82
[2020-07-22 13:55:24,487] {logging_mixin.py:112} INFO - [2020-07-22 13:55:24,487] {spark_submit_hook.py:479} INFO - 20/07/22 13:55:24 INFO ShutdownHookManager: Deleting directory /tmp/spark-6c4e2648-3bff-41c8-99c1-379543285f44
[2020-07-22 13:55:24,596] {taskinstance.py:1145} ERROR - Cannot execute: spark-submit --master localhost:4040 --name airflow-spark /home/bhakti/airflow/spark_jobs/python/spark_test.py. Error code is: 1.
Traceback (most recent call last):
  File "/usr/local/lib/python3.8/dist-packages/airflow/models/taskinstance.py", line 983, in _run_raw_task
    result = task_copy.execute(context=context)
  File "/usr/local/lib/python3.8/dist-packages/airflow/contrib/operators/spark_submit_operator.py", line 187, in execute
    self._hook.submit(self._application)
  File "/usr/local/lib/python3.8/dist-packages/airflow/contrib/hooks/spark_submit_hook.py", line 403, in submit
    raise AirflowException(
airflow.exceptions.AirflowException: Cannot execute: spark-submit --master localhost:4040 --name airflow-spark /home/bhakti/airflow/spark_jobs/python/spark_test.py. Error code is: 1.
[2020-07-22 13:55:24,598] {taskinstance.py:1189} INFO - Marking task as FAILED.dag_id=submit_data, task_id=spark_submit, execution_date=20200720T020400, start_date=20200722T082514, end_date=20200722T082524
[2020-07-22 13:55:29,595] {logging_mixin.py:112} INFO - [2020-07-22 13:55:29,595] {local_task_job.py:103} INFO - Task exited with return code 1
