[2020-07-22 14:23:26,062] {taskinstance.py:669} INFO - Dependencies all met for <TaskInstance: submit_data.spark_submit 2020-07-20T03:07:00+00:00 [queued]>
[2020-07-22 14:23:26,087] {taskinstance.py:669} INFO - Dependencies all met for <TaskInstance: submit_data.spark_submit 2020-07-20T03:07:00+00:00 [queued]>
[2020-07-22 14:23:26,087] {taskinstance.py:879} INFO - 
--------------------------------------------------------------------------------
[2020-07-22 14:23:26,087] {taskinstance.py:880} INFO - Starting attempt 1 of 1
[2020-07-22 14:23:26,087] {taskinstance.py:881} INFO - 
--------------------------------------------------------------------------------
[2020-07-22 14:23:26,250] {taskinstance.py:900} INFO - Executing <Task(SparkSubmitOperator): spark_submit> on 2020-07-20T03:07:00+00:00
[2020-07-22 14:23:26,256] {standard_task_runner.py:53} INFO - Started process 419483 to run task
[2020-07-22 14:23:26,418] {logging_mixin.py:112} INFO - Running %s on host %s <TaskInstance: submit_data.spark_submit 2020-07-20T03:07:00+00:00 [running]> bhakti-Vostro-3558
[2020-07-22 14:23:26,498] {logging_mixin.py:112} INFO - [2020-07-22 14:23:26,496] {connection.py:342} ERROR - Extra data: line 1 column 15 (char 14)
Traceback (most recent call last):
  File "/usr/local/lib/python3.8/dist-packages/airflow/models/connection.py", line 340, in extra_dejson
    obj = json.loads(self.extra)
  File "/usr/lib/python3.8/json/__init__.py", line 357, in loads
    return _default_decoder.decode(s)
  File "/usr/lib/python3.8/json/decoder.py", line 340, in decode
    raise JSONDecodeError("Extra data", s, end)
json.decoder.JSONDecodeError: Extra data: line 1 column 15 (char 14)
[2020-07-22 14:23:26,498] {logging_mixin.py:112} INFO - [2020-07-22 14:23:26,498] {connection.py:343} ERROR - Failed parsing the json for conn_id spark_local
[2020-07-22 14:23:26,499] {logging_mixin.py:112} INFO - [2020-07-22 14:23:26,498] {base_hook.py:87} INFO - Using connection to: id: spark_local. Host: localhost, Port: 4041, Schema: None, Login: None, Password: None, extra: None
[2020-07-22 14:23:26,500] {logging_mixin.py:112} INFO - [2020-07-22 14:23:26,500] {connection.py:342} ERROR - Extra data: line 1 column 15 (char 14)
Traceback (most recent call last):
  File "/usr/local/lib/python3.8/dist-packages/airflow/models/connection.py", line 340, in extra_dejson
    obj = json.loads(self.extra)
  File "/usr/lib/python3.8/json/__init__.py", line 357, in loads
    return _default_decoder.decode(s)
  File "/usr/lib/python3.8/json/decoder.py", line 340, in decode
    raise JSONDecodeError("Extra data", s, end)
json.decoder.JSONDecodeError: Extra data: line 1 column 15 (char 14)
[2020-07-22 14:23:26,501] {logging_mixin.py:112} INFO - [2020-07-22 14:23:26,500] {connection.py:343} ERROR - Failed parsing the json for conn_id spark_local
[2020-07-22 14:23:26,502] {logging_mixin.py:112} INFO - [2020-07-22 14:23:26,502] {spark_submit_hook.py:325} INFO - Spark-Submit cmd: spark-submit --master localhost:4041 --name airflow-spark /home/bhakti/airflow/spark_jobs/python/spark_test.py
[2020-07-22 14:23:29,005] {logging_mixin.py:112} INFO - [2020-07-22 14:23:29,004] {spark_submit_hook.py:479} INFO - 20/07/22 14:23:29 WARN Utils: Your hostname, bhakti-Vostro-3558 resolves to a loopback address: 127.0.1.1; using 192.168.43.94 instead (on interface wlp6s0)
[2020-07-22 14:23:29,006] {logging_mixin.py:112} INFO - [2020-07-22 14:23:29,005] {spark_submit_hook.py:479} INFO - 20/07/22 14:23:29 WARN Utils: Set SPARK_LOCAL_IP if you need to bind to another address
[2020-07-22 14:23:30,346] {logging_mixin.py:112} INFO - [2020-07-22 14:23:30,346] {spark_submit_hook.py:479} INFO - 20/07/22 14:23:30 WARN NativeCodeLoader: Unable to load native-hadoop library for your platform... using builtin-java classes where applicable
[2020-07-22 14:23:31,652] {logging_mixin.py:112} INFO - [2020-07-22 14:23:31,651] {spark_submit_hook.py:479} INFO - Using Spark's default log4j profile: org/apache/spark/log4j-defaults.properties
[2020-07-22 14:23:31,668] {logging_mixin.py:112} INFO - [2020-07-22 14:23:31,668] {spark_submit_hook.py:479} INFO - 20/07/22 14:23:31 INFO SparkContext: Running Spark version 3.0.0
[2020-07-22 14:23:31,748] {logging_mixin.py:112} INFO - [2020-07-22 14:23:31,747] {spark_submit_hook.py:479} INFO - 20/07/22 14:23:31 INFO ResourceUtils: ==============================================================
[2020-07-22 14:23:31,751] {logging_mixin.py:112} INFO - [2020-07-22 14:23:31,751] {spark_submit_hook.py:479} INFO - 20/07/22 14:23:31 INFO ResourceUtils: Resources for spark.driver:
[2020-07-22 14:23:31,751] {logging_mixin.py:112} INFO - [2020-07-22 14:23:31,751] {spark_submit_hook.py:479} INFO - 
[2020-07-22 14:23:31,753] {logging_mixin.py:112} INFO - [2020-07-22 14:23:31,752] {spark_submit_hook.py:479} INFO - 20/07/22 14:23:31 INFO ResourceUtils: ==============================================================
[2020-07-22 14:23:31,753] {logging_mixin.py:112} INFO - [2020-07-22 14:23:31,753] {spark_submit_hook.py:479} INFO - 20/07/22 14:23:31 INFO SparkContext: Submitted application: Spark_Test_Python
[2020-07-22 14:23:31,860] {logging_mixin.py:112} INFO - [2020-07-22 14:23:31,859] {spark_submit_hook.py:479} INFO - 20/07/22 14:23:31 INFO SecurityManager: Changing view acls to: bhakti
[2020-07-22 14:23:31,860] {logging_mixin.py:112} INFO - [2020-07-22 14:23:31,860] {spark_submit_hook.py:479} INFO - 20/07/22 14:23:31 INFO SecurityManager: Changing modify acls to: bhakti
[2020-07-22 14:23:31,861] {logging_mixin.py:112} INFO - [2020-07-22 14:23:31,860] {spark_submit_hook.py:479} INFO - 20/07/22 14:23:31 INFO SecurityManager: Changing view acls groups to:
[2020-07-22 14:23:31,861] {logging_mixin.py:112} INFO - [2020-07-22 14:23:31,861] {spark_submit_hook.py:479} INFO - 20/07/22 14:23:31 INFO SecurityManager: Changing modify acls groups to:
[2020-07-22 14:23:31,861] {logging_mixin.py:112} INFO - [2020-07-22 14:23:31,861] {spark_submit_hook.py:479} INFO - 20/07/22 14:23:31 INFO SecurityManager: SecurityManager: authentication disabled; ui acls disabled; users  with view permissions: Set(bhakti); groups with view permissions: Set(); users  with modify permissions: Set(bhakti); groups with modify permissions: Set()
[2020-07-22 14:23:32,272] {logging_mixin.py:112} INFO - [2020-07-22 14:23:32,271] {spark_submit_hook.py:479} INFO - 20/07/22 14:23:32 INFO Utils: Successfully started service 'sparkDriver' on port 39931.
[2020-07-22 14:23:32,323] {logging_mixin.py:112} INFO - [2020-07-22 14:23:32,323] {spark_submit_hook.py:479} INFO - 20/07/22 14:23:32 INFO SparkEnv: Registering MapOutputTracker
[2020-07-22 14:23:32,389] {logging_mixin.py:112} INFO - [2020-07-22 14:23:32,389] {spark_submit_hook.py:479} INFO - 20/07/22 14:23:32 INFO SparkEnv: Registering BlockManagerMaster
[2020-07-22 14:23:32,431] {logging_mixin.py:112} INFO - [2020-07-22 14:23:32,431] {spark_submit_hook.py:479} INFO - 20/07/22 14:23:32 INFO BlockManagerMasterEndpoint: Using org.apache.spark.storage.DefaultTopologyMapper for getting topology information
[2020-07-22 14:23:32,433] {logging_mixin.py:112} INFO - [2020-07-22 14:23:32,432] {spark_submit_hook.py:479} INFO - 20/07/22 14:23:32 INFO BlockManagerMasterEndpoint: BlockManagerMasterEndpoint up
[2020-07-22 14:23:32,440] {logging_mixin.py:112} INFO - [2020-07-22 14:23:32,439] {spark_submit_hook.py:479} INFO - 20/07/22 14:23:32 INFO SparkEnv: Registering BlockManagerMasterHeartbeat
[2020-07-22 14:23:32,461] {logging_mixin.py:112} INFO - [2020-07-22 14:23:32,461] {spark_submit_hook.py:479} INFO - 20/07/22 14:23:32 INFO DiskBlockManager: Created local directory at /tmp/blockmgr-4903a71c-95e9-41ad-aa92-4730fee3be0b
[2020-07-22 14:23:32,497] {logging_mixin.py:112} INFO - [2020-07-22 14:23:32,497] {spark_submit_hook.py:479} INFO - 20/07/22 14:23:32 INFO MemoryStore: MemoryStore started with capacity 366.3 MiB
[2020-07-22 14:23:32,525] {logging_mixin.py:112} INFO - [2020-07-22 14:23:32,525] {spark_submit_hook.py:479} INFO - 20/07/22 14:23:32 INFO SparkEnv: Registering OutputCommitCoordinator
[2020-07-22 14:23:32,977] {logging_mixin.py:112} INFO - [2020-07-22 14:23:32,977] {spark_submit_hook.py:479} INFO - 20/07/22 14:23:32 WARN Utils: Service 'SparkUI' could not bind on port 4040. Attempting port 4041.
[2020-07-22 14:23:32,978] {logging_mixin.py:112} INFO - [2020-07-22 14:23:32,978] {spark_submit_hook.py:479} INFO - 20/07/22 14:23:32 WARN Utils: Service 'SparkUI' could not bind on port 4041. Attempting port 4042.
[2020-07-22 14:23:32,989] {logging_mixin.py:112} INFO - [2020-07-22 14:23:32,989] {spark_submit_hook.py:479} INFO - 20/07/22 14:23:32 INFO Utils: Successfully started service 'SparkUI' on port 4042.
[2020-07-22 14:23:33,077] {logging_mixin.py:112} INFO - [2020-07-22 14:23:33,077] {spark_submit_hook.py:479} INFO - 20/07/22 14:23:33 INFO SparkUI: Bound SparkUI to 0.0.0.0, and started at http://192.168.43.94:4042
[2020-07-22 14:23:33,246] {logging_mixin.py:112} INFO - [2020-07-22 14:23:33,245] {spark_submit_hook.py:479} INFO - 20/07/22 14:23:33 ERROR SparkContext: Error initializing SparkContext.
[2020-07-22 14:23:33,246] {logging_mixin.py:112} INFO - [2020-07-22 14:23:33,246] {spark_submit_hook.py:479} INFO - org.apache.spark.SparkException: Could not parse Master URL: 'localhost:4041'
[2020-07-22 14:23:33,246] {logging_mixin.py:112} INFO - [2020-07-22 14:23:33,246] {spark_submit_hook.py:479} INFO - at org.apache.spark.SparkContext$.org$apache$spark$SparkContext$$createTaskScheduler(SparkContext.scala:2924)
[2020-07-22 14:23:33,247] {logging_mixin.py:112} INFO - [2020-07-22 14:23:33,247] {spark_submit_hook.py:479} INFO - at org.apache.spark.SparkContext.<init>(SparkContext.scala:528)
[2020-07-22 14:23:33,247] {logging_mixin.py:112} INFO - [2020-07-22 14:23:33,247] {spark_submit_hook.py:479} INFO - at org.apache.spark.api.java.JavaSparkContext.<init>(JavaSparkContext.scala:58)
[2020-07-22 14:23:33,248] {logging_mixin.py:112} INFO - [2020-07-22 14:23:33,247] {spark_submit_hook.py:479} INFO - at sun.reflect.NativeConstructorAccessorImpl.newInstance0(Native Method)
[2020-07-22 14:23:33,248] {logging_mixin.py:112} INFO - [2020-07-22 14:23:33,248] {spark_submit_hook.py:479} INFO - at sun.reflect.NativeConstructorAccessorImpl.newInstance(NativeConstructorAccessorImpl.java:62)
[2020-07-22 14:23:33,248] {logging_mixin.py:112} INFO - [2020-07-22 14:23:33,248] {spark_submit_hook.py:479} INFO - at sun.reflect.DelegatingConstructorAccessorImpl.newInstance(DelegatingConstructorAccessorImpl.java:45)
[2020-07-22 14:23:33,249] {logging_mixin.py:112} INFO - [2020-07-22 14:23:33,248] {spark_submit_hook.py:479} INFO - at java.lang.reflect.Constructor.newInstance(Constructor.java:423)
[2020-07-22 14:23:33,249] {logging_mixin.py:112} INFO - [2020-07-22 14:23:33,249] {spark_submit_hook.py:479} INFO - at py4j.reflection.MethodInvoker.invoke(MethodInvoker.java:247)
[2020-07-22 14:23:33,249] {logging_mixin.py:112} INFO - [2020-07-22 14:23:33,249] {spark_submit_hook.py:479} INFO - at py4j.reflection.ReflectionEngine.invoke(ReflectionEngine.java:357)
[2020-07-22 14:23:33,250] {logging_mixin.py:112} INFO - [2020-07-22 14:23:33,249] {spark_submit_hook.py:479} INFO - at py4j.Gateway.invoke(Gateway.java:238)
[2020-07-22 14:23:33,250] {logging_mixin.py:112} INFO - [2020-07-22 14:23:33,250] {spark_submit_hook.py:479} INFO - at py4j.commands.ConstructorCommand.invokeConstructor(ConstructorCommand.java:80)
[2020-07-22 14:23:33,250] {logging_mixin.py:112} INFO - [2020-07-22 14:23:33,250] {spark_submit_hook.py:479} INFO - at py4j.commands.ConstructorCommand.execute(ConstructorCommand.java:69)
[2020-07-22 14:23:33,250] {logging_mixin.py:112} INFO - [2020-07-22 14:23:33,250] {spark_submit_hook.py:479} INFO - at py4j.GatewayConnection.run(GatewayConnection.java:238)
[2020-07-22 14:23:33,251] {logging_mixin.py:112} INFO - [2020-07-22 14:23:33,251] {spark_submit_hook.py:479} INFO - at java.lang.Thread.run(Thread.java:748)
[2020-07-22 14:23:33,271] {logging_mixin.py:112} INFO - [2020-07-22 14:23:33,270] {spark_submit_hook.py:479} INFO - 20/07/22 14:23:33 INFO SparkUI: Stopped Spark web UI at http://192.168.43.94:4042
[2020-07-22 14:23:33,301] {logging_mixin.py:112} INFO - [2020-07-22 14:23:33,301] {spark_submit_hook.py:479} INFO - 20/07/22 14:23:33 INFO MapOutputTrackerMasterEndpoint: MapOutputTrackerMasterEndpoint stopped!
[2020-07-22 14:23:33,314] {logging_mixin.py:112} INFO - [2020-07-22 14:23:33,314] {spark_submit_hook.py:479} INFO - 20/07/22 14:23:33 INFO MemoryStore: MemoryStore cleared
[2020-07-22 14:23:33,316] {logging_mixin.py:112} INFO - [2020-07-22 14:23:33,316] {spark_submit_hook.py:479} INFO - 20/07/22 14:23:33 INFO BlockManager: BlockManager stopped
[2020-07-22 14:23:33,333] {logging_mixin.py:112} INFO - [2020-07-22 14:23:33,332] {spark_submit_hook.py:479} INFO - 20/07/22 14:23:33 INFO BlockManagerMaster: BlockManagerMaster stopped
[2020-07-22 14:23:33,334] {logging_mixin.py:112} INFO - [2020-07-22 14:23:33,333] {spark_submit_hook.py:479} INFO - 20/07/22 14:23:33 WARN MetricsSystem: Stopping a MetricsSystem that is not running
[2020-07-22 14:23:33,341] {logging_mixin.py:112} INFO - [2020-07-22 14:23:33,340] {spark_submit_hook.py:479} INFO - 20/07/22 14:23:33 INFO OutputCommitCoordinator$OutputCommitCoordinatorEndpoint: OutputCommitCoordinator stopped!
[2020-07-22 14:23:33,351] {logging_mixin.py:112} INFO - [2020-07-22 14:23:33,351] {spark_submit_hook.py:479} INFO - 20/07/22 14:23:33 INFO SparkContext: Successfully stopped SparkContext
[2020-07-22 14:23:33,418] {logging_mixin.py:112} INFO - [2020-07-22 14:23:33,417] {spark_submit_hook.py:479} INFO - Traceback (most recent call last):
[2020-07-22 14:23:33,418] {logging_mixin.py:112} INFO - [2020-07-22 14:23:33,418] {spark_submit_hook.py:479} INFO - File "/home/bhakti/airflow/spark_jobs/python/spark_test.py", line 6, in <module>
[2020-07-22 14:23:33,418] {logging_mixin.py:112} INFO - [2020-07-22 14:23:33,418] {spark_submit_hook.py:479} INFO - sc = SparkContext(conf=conf)
[2020-07-22 14:23:33,419] {logging_mixin.py:112} INFO - [2020-07-22 14:23:33,419] {spark_submit_hook.py:479} INFO - File "/opt/spark/python/lib/pyspark.zip/pyspark/context.py", line 130, in __init__
[2020-07-22 14:23:33,419] {logging_mixin.py:112} INFO - [2020-07-22 14:23:33,419] {spark_submit_hook.py:479} INFO - File "/opt/spark/python/lib/pyspark.zip/pyspark/context.py", line 193, in _do_init
[2020-07-22 14:23:33,419] {logging_mixin.py:112} INFO - [2020-07-22 14:23:33,419] {spark_submit_hook.py:479} INFO - File "/opt/spark/python/lib/pyspark.zip/pyspark/context.py", line 310, in _initialize_context
[2020-07-22 14:23:33,419] {logging_mixin.py:112} INFO - [2020-07-22 14:23:33,419] {spark_submit_hook.py:479} INFO - File "/opt/spark/python/lib/py4j-0.10.9-src.zip/py4j/java_gateway.py", line 1568, in __call__
[2020-07-22 14:23:33,419] {logging_mixin.py:112} INFO - [2020-07-22 14:23:33,419] {spark_submit_hook.py:479} INFO - File "/opt/spark/python/lib/py4j-0.10.9-src.zip/py4j/protocol.py", line 326, in get_return_value
[2020-07-22 14:23:33,421] {logging_mixin.py:112} INFO - [2020-07-22 14:23:33,421] {spark_submit_hook.py:479} INFO - py4j.protocol.Py4JJavaError: An error occurred while calling None.org.apache.spark.api.java.JavaSparkContext.
[2020-07-22 14:23:33,422] {logging_mixin.py:112} INFO - [2020-07-22 14:23:33,422] {spark_submit_hook.py:479} INFO - : org.apache.spark.SparkException: Could not parse Master URL: 'localhost:4041'
[2020-07-22 14:23:33,422] {logging_mixin.py:112} INFO - [2020-07-22 14:23:33,422] {spark_submit_hook.py:479} INFO - at org.apache.spark.SparkContext$.org$apache$spark$SparkContext$$createTaskScheduler(SparkContext.scala:2924)
[2020-07-22 14:23:33,422] {logging_mixin.py:112} INFO - [2020-07-22 14:23:33,422] {spark_submit_hook.py:479} INFO - at org.apache.spark.SparkContext.<init>(SparkContext.scala:528)
[2020-07-22 14:23:33,423] {logging_mixin.py:112} INFO - [2020-07-22 14:23:33,423] {spark_submit_hook.py:479} INFO - at org.apache.spark.api.java.JavaSparkContext.<init>(JavaSparkContext.scala:58)
[2020-07-22 14:23:33,423] {logging_mixin.py:112} INFO - [2020-07-22 14:23:33,423] {spark_submit_hook.py:479} INFO - at sun.reflect.NativeConstructorAccessorImpl.newInstance0(Native Method)
[2020-07-22 14:23:33,423] {logging_mixin.py:112} INFO - [2020-07-22 14:23:33,423] {spark_submit_hook.py:479} INFO - at sun.reflect.NativeConstructorAccessorImpl.newInstance(NativeConstructorAccessorImpl.java:62)
[2020-07-22 14:23:33,423] {logging_mixin.py:112} INFO - [2020-07-22 14:23:33,423] {spark_submit_hook.py:479} INFO - at sun.reflect.DelegatingConstructorAccessorImpl.newInstance(DelegatingConstructorAccessorImpl.java:45)
[2020-07-22 14:23:33,424] {logging_mixin.py:112} INFO - [2020-07-22 14:23:33,424] {spark_submit_hook.py:479} INFO - at java.lang.reflect.Constructor.newInstance(Constructor.java:423)
[2020-07-22 14:23:33,424] {logging_mixin.py:112} INFO - [2020-07-22 14:23:33,424] {spark_submit_hook.py:479} INFO - at py4j.reflection.MethodInvoker.invoke(MethodInvoker.java:247)
[2020-07-22 14:23:33,424] {logging_mixin.py:112} INFO - [2020-07-22 14:23:33,424] {spark_submit_hook.py:479} INFO - at py4j.reflection.ReflectionEngine.invoke(ReflectionEngine.java:357)
[2020-07-22 14:23:33,424] {logging_mixin.py:112} INFO - [2020-07-22 14:23:33,424] {spark_submit_hook.py:479} INFO - at py4j.Gateway.invoke(Gateway.java:238)
[2020-07-22 14:23:33,424] {logging_mixin.py:112} INFO - [2020-07-22 14:23:33,424] {spark_submit_hook.py:479} INFO - at py4j.commands.ConstructorCommand.invokeConstructor(ConstructorCommand.java:80)
[2020-07-22 14:23:33,424] {logging_mixin.py:112} INFO - [2020-07-22 14:23:33,424] {spark_submit_hook.py:479} INFO - at py4j.commands.ConstructorCommand.execute(ConstructorCommand.java:69)
[2020-07-22 14:23:33,424] {logging_mixin.py:112} INFO - [2020-07-22 14:23:33,424] {spark_submit_hook.py:479} INFO - at py4j.GatewayConnection.run(GatewayConnection.java:238)
[2020-07-22 14:23:33,425] {logging_mixin.py:112} INFO - [2020-07-22 14:23:33,425] {spark_submit_hook.py:479} INFO - at java.lang.Thread.run(Thread.java:748)
[2020-07-22 14:23:33,427] {logging_mixin.py:112} INFO - [2020-07-22 14:23:33,427] {spark_submit_hook.py:479} INFO - 
[2020-07-22 14:23:33,567] {logging_mixin.py:112} INFO - [2020-07-22 14:23:33,566] {spark_submit_hook.py:479} INFO - 20/07/22 14:23:33 INFO ShutdownHookManager: Shutdown hook called
[2020-07-22 14:23:33,568] {logging_mixin.py:112} INFO - [2020-07-22 14:23:33,568] {spark_submit_hook.py:479} INFO - 20/07/22 14:23:33 INFO ShutdownHookManager: Deleting directory /tmp/spark-15a4f482-1d8a-4cef-8dcc-eb0de50f08fb
[2020-07-22 14:23:33,588] {logging_mixin.py:112} INFO - [2020-07-22 14:23:33,587] {spark_submit_hook.py:479} INFO - 20/07/22 14:23:33 INFO ShutdownHookManager: Deleting directory /tmp/spark-9a3e4b24-7d5a-40d7-9b83-7ae51f8d9366
[2020-07-22 14:23:33,651] {taskinstance.py:1145} ERROR - Cannot execute: spark-submit --master localhost:4041 --name airflow-spark /home/bhakti/airflow/spark_jobs/python/spark_test.py. Error code is: 1.
Traceback (most recent call last):
  File "/usr/local/lib/python3.8/dist-packages/airflow/models/taskinstance.py", line 983, in _run_raw_task
    result = task_copy.execute(context=context)
  File "/usr/local/lib/python3.8/dist-packages/airflow/contrib/operators/spark_submit_operator.py", line 187, in execute
    self._hook.submit(self._application)
  File "/usr/local/lib/python3.8/dist-packages/airflow/contrib/hooks/spark_submit_hook.py", line 403, in submit
    raise AirflowException(
airflow.exceptions.AirflowException: Cannot execute: spark-submit --master localhost:4041 --name airflow-spark /home/bhakti/airflow/spark_jobs/python/spark_test.py. Error code is: 1.
[2020-07-22 14:23:33,655] {taskinstance.py:1189} INFO - Marking task as FAILED.dag_id=submit_data, task_id=spark_submit, execution_date=20200720T030700, start_date=20200722T085326, end_date=20200722T085333
[2020-07-22 14:23:35,515] {logging_mixin.py:112} INFO - [2020-07-22 14:23:35,515] {local_task_job.py:103} INFO - Task exited with return code 1
