[2020-07-22 14:35:53,416] {taskinstance.py:669} INFO - Dependencies all met for <TaskInstance: submit_data.spark_submit 2020-07-20T03:31:00+00:00 [queued]>
[2020-07-22 14:35:53,435] {taskinstance.py:669} INFO - Dependencies all met for <TaskInstance: submit_data.spark_submit 2020-07-20T03:31:00+00:00 [queued]>
[2020-07-22 14:35:53,438] {taskinstance.py:879} INFO - 
--------------------------------------------------------------------------------
[2020-07-22 14:35:53,438] {taskinstance.py:880} INFO - Starting attempt 1 of 1
[2020-07-22 14:35:53,438] {taskinstance.py:881} INFO - 
--------------------------------------------------------------------------------
[2020-07-22 14:35:53,590] {taskinstance.py:900} INFO - Executing <Task(SparkSubmitOperator): spark_submit> on 2020-07-20T03:31:00+00:00
[2020-07-22 14:35:53,597] {standard_task_runner.py:53} INFO - Started process 436218 to run task
[2020-07-22 14:35:54,637] {logging_mixin.py:112} INFO - Running %s on host %s <TaskInstance: submit_data.spark_submit 2020-07-20T03:31:00+00:00 [running]> bhakti-Vostro-3558
[2020-07-22 14:35:54,733] {logging_mixin.py:112} INFO - [2020-07-22 14:35:54,733] {base_hook.py:87} INFO - Using connection to: id: spark_local. Host: local, Port: 4041, Schema: None, Login: None, Password: None, extra: None
[2020-07-22 14:35:54,748] {logging_mixin.py:112} INFO - [2020-07-22 14:35:54,748] {spark_submit_hook.py:325} INFO - Spark-Submit cmd: spark-submit --master local:4041 --name airflow-spark /home/bhakti/airflow/spark_jobs/python/spark_test.py
[2020-07-22 14:35:58,810] {logging_mixin.py:112} INFO - [2020-07-22 14:35:58,809] {spark_submit_hook.py:479} INFO - 20/07/22 14:35:58 WARN Utils: Your hostname, bhakti-Vostro-3558 resolves to a loopback address: 127.0.1.1; using 192.168.43.94 instead (on interface wlp6s0)
[2020-07-22 14:35:58,814] {logging_mixin.py:112} INFO - [2020-07-22 14:35:58,813] {spark_submit_hook.py:479} INFO - 20/07/22 14:35:58 WARN Utils: Set SPARK_LOCAL_IP if you need to bind to another address
[2020-07-22 14:36:01,130] {logging_mixin.py:112} INFO - [2020-07-22 14:36:01,129] {spark_submit_hook.py:479} INFO - 20/07/22 14:36:01 WARN NativeCodeLoader: Unable to load native-hadoop library for your platform... using builtin-java classes where applicable
[2020-07-22 14:36:03,431] {logging_mixin.py:112} INFO - [2020-07-22 14:36:03,431] {spark_submit_hook.py:479} INFO - Using Spark's default log4j profile: org/apache/spark/log4j-defaults.properties
[2020-07-22 14:36:03,457] {logging_mixin.py:112} INFO - [2020-07-22 14:36:03,456] {spark_submit_hook.py:479} INFO - 20/07/22 14:36:03 INFO SparkContext: Running Spark version 3.0.0
[2020-07-22 14:36:03,680] {logging_mixin.py:112} INFO - [2020-07-22 14:36:03,680] {spark_submit_hook.py:479} INFO - 20/07/22 14:36:03 INFO ResourceUtils: ==============================================================
[2020-07-22 14:36:03,685] {logging_mixin.py:112} INFO - [2020-07-22 14:36:03,685] {spark_submit_hook.py:479} INFO - 20/07/22 14:36:03 INFO ResourceUtils: Resources for spark.driver:
[2020-07-22 14:36:03,686] {logging_mixin.py:112} INFO - [2020-07-22 14:36:03,686] {spark_submit_hook.py:479} INFO - 
[2020-07-22 14:36:03,687] {logging_mixin.py:112} INFO - [2020-07-22 14:36:03,687] {spark_submit_hook.py:479} INFO - 20/07/22 14:36:03 INFO ResourceUtils: ==============================================================
[2020-07-22 14:36:03,697] {logging_mixin.py:112} INFO - [2020-07-22 14:36:03,696] {spark_submit_hook.py:479} INFO - 20/07/22 14:36:03 INFO SparkContext: Submitted application: Spark_Test_Python
[2020-07-22 14:36:03,979] {logging_mixin.py:112} INFO - [2020-07-22 14:36:03,979] {spark_submit_hook.py:479} INFO - 20/07/22 14:36:03 INFO SecurityManager: Changing view acls to: bhakti
[2020-07-22 14:36:03,979] {logging_mixin.py:112} INFO - [2020-07-22 14:36:03,979] {spark_submit_hook.py:479} INFO - 20/07/22 14:36:03 INFO SecurityManager: Changing modify acls to: bhakti
[2020-07-22 14:36:03,980] {logging_mixin.py:112} INFO - [2020-07-22 14:36:03,980] {spark_submit_hook.py:479} INFO - 20/07/22 14:36:03 INFO SecurityManager: Changing view acls groups to:
[2020-07-22 14:36:03,980] {logging_mixin.py:112} INFO - [2020-07-22 14:36:03,980] {spark_submit_hook.py:479} INFO - 20/07/22 14:36:03 INFO SecurityManager: Changing modify acls groups to:
[2020-07-22 14:36:03,980] {logging_mixin.py:112} INFO - [2020-07-22 14:36:03,980] {spark_submit_hook.py:479} INFO - 20/07/22 14:36:03 INFO SecurityManager: SecurityManager: authentication disabled; ui acls disabled; users  with view permissions: Set(bhakti); groups with view permissions: Set(); users  with modify permissions: Set(bhakti); groups with modify permissions: Set()
[2020-07-22 14:36:04,685] {logging_mixin.py:112} INFO - [2020-07-22 14:36:04,685] {spark_submit_hook.py:479} INFO - 20/07/22 14:36:04 INFO Utils: Successfully started service 'sparkDriver' on port 33435.
[2020-07-22 14:36:04,825] {logging_mixin.py:112} INFO - [2020-07-22 14:36:04,825] {spark_submit_hook.py:479} INFO - 20/07/22 14:36:04 INFO SparkEnv: Registering MapOutputTracker
[2020-07-22 14:36:04,991] {logging_mixin.py:112} INFO - [2020-07-22 14:36:04,991] {spark_submit_hook.py:479} INFO - 20/07/22 14:36:04 INFO SparkEnv: Registering BlockManagerMaster
[2020-07-22 14:36:05,070] {logging_mixin.py:112} INFO - [2020-07-22 14:36:05,069] {spark_submit_hook.py:479} INFO - 20/07/22 14:36:05 INFO BlockManagerMasterEndpoint: Using org.apache.spark.storage.DefaultTopologyMapper for getting topology information
[2020-07-22 14:36:05,071] {logging_mixin.py:112} INFO - [2020-07-22 14:36:05,070] {spark_submit_hook.py:479} INFO - 20/07/22 14:36:05 INFO BlockManagerMasterEndpoint: BlockManagerMasterEndpoint up
[2020-07-22 14:36:05,099] {logging_mixin.py:112} INFO - [2020-07-22 14:36:05,099] {spark_submit_hook.py:479} INFO - 20/07/22 14:36:05 INFO SparkEnv: Registering BlockManagerMasterHeartbeat
[2020-07-22 14:36:05,135] {logging_mixin.py:112} INFO - [2020-07-22 14:36:05,134] {spark_submit_hook.py:479} INFO - 20/07/22 14:36:05 INFO DiskBlockManager: Created local directory at /tmp/blockmgr-6d73575d-aa17-40df-b286-99fd5166654d
[2020-07-22 14:36:05,191] {logging_mixin.py:112} INFO - [2020-07-22 14:36:05,191] {spark_submit_hook.py:479} INFO - 20/07/22 14:36:05 INFO MemoryStore: MemoryStore started with capacity 366.3 MiB
[2020-07-22 14:36:05,223] {logging_mixin.py:112} INFO - [2020-07-22 14:36:05,223] {spark_submit_hook.py:479} INFO - 20/07/22 14:36:05 INFO SparkEnv: Registering OutputCommitCoordinator
[2020-07-22 14:36:05,630] {logging_mixin.py:112} INFO - [2020-07-22 14:36:05,629] {spark_submit_hook.py:479} INFO - 20/07/22 14:36:05 WARN Utils: Service 'SparkUI' could not bind on port 4040. Attempting port 4041.
[2020-07-22 14:36:05,630] {logging_mixin.py:112} INFO - [2020-07-22 14:36:05,630] {spark_submit_hook.py:479} INFO - 20/07/22 14:36:05 WARN Utils: Service 'SparkUI' could not bind on port 4041. Attempting port 4042.
[2020-07-22 14:36:05,644] {logging_mixin.py:112} INFO - [2020-07-22 14:36:05,644] {spark_submit_hook.py:479} INFO - 20/07/22 14:36:05 INFO Utils: Successfully started service 'SparkUI' on port 4042.
[2020-07-22 14:36:05,761] {logging_mixin.py:112} INFO - [2020-07-22 14:36:05,761] {spark_submit_hook.py:479} INFO - 20/07/22 14:36:05 INFO SparkUI: Bound SparkUI to 0.0.0.0, and started at http://192.168.43.94:4042
[2020-07-22 14:36:06,057] {logging_mixin.py:112} INFO - [2020-07-22 14:36:06,057] {spark_submit_hook.py:479} INFO - 20/07/22 14:36:06 ERROR SparkContext: Error initializing SparkContext.
[2020-07-22 14:36:06,057] {logging_mixin.py:112} INFO - [2020-07-22 14:36:06,057] {spark_submit_hook.py:479} INFO - org.apache.spark.SparkException: Could not parse Master URL: 'local:4041'
[2020-07-22 14:36:06,058] {logging_mixin.py:112} INFO - [2020-07-22 14:36:06,058] {spark_submit_hook.py:479} INFO - at org.apache.spark.SparkContext$.org$apache$spark$SparkContext$$createTaskScheduler(SparkContext.scala:2924)
[2020-07-22 14:36:06,058] {logging_mixin.py:112} INFO - [2020-07-22 14:36:06,058] {spark_submit_hook.py:479} INFO - at org.apache.spark.SparkContext.<init>(SparkContext.scala:528)
[2020-07-22 14:36:06,059] {logging_mixin.py:112} INFO - [2020-07-22 14:36:06,058] {spark_submit_hook.py:479} INFO - at org.apache.spark.api.java.JavaSparkContext.<init>(JavaSparkContext.scala:58)
[2020-07-22 14:36:06,059] {logging_mixin.py:112} INFO - [2020-07-22 14:36:06,059] {spark_submit_hook.py:479} INFO - at sun.reflect.NativeConstructorAccessorImpl.newInstance0(Native Method)
[2020-07-22 14:36:06,059] {logging_mixin.py:112} INFO - [2020-07-22 14:36:06,059] {spark_submit_hook.py:479} INFO - at sun.reflect.NativeConstructorAccessorImpl.newInstance(NativeConstructorAccessorImpl.java:62)
[2020-07-22 14:36:06,060] {logging_mixin.py:112} INFO - [2020-07-22 14:36:06,059] {spark_submit_hook.py:479} INFO - at sun.reflect.DelegatingConstructorAccessorImpl.newInstance(DelegatingConstructorAccessorImpl.java:45)
[2020-07-22 14:36:06,060] {logging_mixin.py:112} INFO - [2020-07-22 14:36:06,060] {spark_submit_hook.py:479} INFO - at java.lang.reflect.Constructor.newInstance(Constructor.java:423)
[2020-07-22 14:36:06,060] {logging_mixin.py:112} INFO - [2020-07-22 14:36:06,060] {spark_submit_hook.py:479} INFO - at py4j.reflection.MethodInvoker.invoke(MethodInvoker.java:247)
[2020-07-22 14:36:06,061] {logging_mixin.py:112} INFO - [2020-07-22 14:36:06,061] {spark_submit_hook.py:479} INFO - at py4j.reflection.ReflectionEngine.invoke(ReflectionEngine.java:357)
[2020-07-22 14:36:06,061] {logging_mixin.py:112} INFO - [2020-07-22 14:36:06,061] {spark_submit_hook.py:479} INFO - at py4j.Gateway.invoke(Gateway.java:238)
[2020-07-22 14:36:06,061] {logging_mixin.py:112} INFO - [2020-07-22 14:36:06,061] {spark_submit_hook.py:479} INFO - at py4j.commands.ConstructorCommand.invokeConstructor(ConstructorCommand.java:80)
[2020-07-22 14:36:06,062] {logging_mixin.py:112} INFO - [2020-07-22 14:36:06,061] {spark_submit_hook.py:479} INFO - at py4j.commands.ConstructorCommand.execute(ConstructorCommand.java:69)
[2020-07-22 14:36:06,062] {logging_mixin.py:112} INFO - [2020-07-22 14:36:06,062] {spark_submit_hook.py:479} INFO - at py4j.GatewayConnection.run(GatewayConnection.java:238)
[2020-07-22 14:36:06,062] {logging_mixin.py:112} INFO - [2020-07-22 14:36:06,062] {spark_submit_hook.py:479} INFO - at java.lang.Thread.run(Thread.java:748)
[2020-07-22 14:36:06,097] {logging_mixin.py:112} INFO - [2020-07-22 14:36:06,097] {spark_submit_hook.py:479} INFO - 20/07/22 14:36:06 INFO SparkUI: Stopped Spark web UI at http://192.168.43.94:4042
[2020-07-22 14:36:06,171] {logging_mixin.py:112} INFO - [2020-07-22 14:36:06,171] {spark_submit_hook.py:479} INFO - 20/07/22 14:36:06 INFO MapOutputTrackerMasterEndpoint: MapOutputTrackerMasterEndpoint stopped!
[2020-07-22 14:36:06,225] {logging_mixin.py:112} INFO - [2020-07-22 14:36:06,225] {spark_submit_hook.py:479} INFO - 20/07/22 14:36:06 INFO MemoryStore: MemoryStore cleared
[2020-07-22 14:36:06,248] {logging_mixin.py:112} INFO - [2020-07-22 14:36:06,248] {spark_submit_hook.py:479} INFO - 20/07/22 14:36:06 INFO BlockManager: BlockManager stopped
[2020-07-22 14:36:06,321] {logging_mixin.py:112} INFO - [2020-07-22 14:36:06,321] {spark_submit_hook.py:479} INFO - 20/07/22 14:36:06 INFO BlockManagerMaster: BlockManagerMaster stopped
[2020-07-22 14:36:06,322] {logging_mixin.py:112} INFO - [2020-07-22 14:36:06,322] {spark_submit_hook.py:479} INFO - 20/07/22 14:36:06 WARN MetricsSystem: Stopping a MetricsSystem that is not running
[2020-07-22 14:36:06,331] {logging_mixin.py:112} INFO - [2020-07-22 14:36:06,331] {spark_submit_hook.py:479} INFO - 20/07/22 14:36:06 INFO OutputCommitCoordinator$OutputCommitCoordinatorEndpoint: OutputCommitCoordinator stopped!
[2020-07-22 14:36:06,359] {logging_mixin.py:112} INFO - [2020-07-22 14:36:06,359] {spark_submit_hook.py:479} INFO - 20/07/22 14:36:06 INFO SparkContext: Successfully stopped SparkContext
[2020-07-22 14:36:06,502] {logging_mixin.py:112} INFO - [2020-07-22 14:36:06,502] {spark_submit_hook.py:479} INFO - Traceback (most recent call last):
[2020-07-22 14:36:06,502] {logging_mixin.py:112} INFO - [2020-07-22 14:36:06,502] {spark_submit_hook.py:479} INFO - File "/home/bhakti/airflow/spark_jobs/python/spark_test.py", line 6, in <module>
[2020-07-22 14:36:06,503] {logging_mixin.py:112} INFO - [2020-07-22 14:36:06,503] {spark_submit_hook.py:479} INFO - sc = SparkContext(conf=conf)
[2020-07-22 14:36:06,503] {logging_mixin.py:112} INFO - [2020-07-22 14:36:06,503] {spark_submit_hook.py:479} INFO - File "/opt/spark/python/lib/pyspark.zip/pyspark/context.py", line 130, in __init__
[2020-07-22 14:36:06,504] {logging_mixin.py:112} INFO - [2020-07-22 14:36:06,503] {spark_submit_hook.py:479} INFO - File "/opt/spark/python/lib/pyspark.zip/pyspark/context.py", line 193, in _do_init
[2020-07-22 14:36:06,504] {logging_mixin.py:112} INFO - [2020-07-22 14:36:06,504] {spark_submit_hook.py:479} INFO - File "/opt/spark/python/lib/pyspark.zip/pyspark/context.py", line 310, in _initialize_context
[2020-07-22 14:36:06,504] {logging_mixin.py:112} INFO - [2020-07-22 14:36:06,504] {spark_submit_hook.py:479} INFO - File "/opt/spark/python/lib/py4j-0.10.9-src.zip/py4j/java_gateway.py", line 1568, in __call__
[2020-07-22 14:36:06,504] {logging_mixin.py:112} INFO - [2020-07-22 14:36:06,504] {spark_submit_hook.py:479} INFO - File "/opt/spark/python/lib/py4j-0.10.9-src.zip/py4j/protocol.py", line 326, in get_return_value
[2020-07-22 14:36:06,510] {logging_mixin.py:112} INFO - [2020-07-22 14:36:06,509] {spark_submit_hook.py:479} INFO - py4j.protocol.Py4JJavaError: An error occurred while calling None.org.apache.spark.api.java.JavaSparkContext.
[2020-07-22 14:36:06,510] {logging_mixin.py:112} INFO - [2020-07-22 14:36:06,510] {spark_submit_hook.py:479} INFO - : org.apache.spark.SparkException: Could not parse Master URL: 'local:4041'
[2020-07-22 14:36:06,511] {logging_mixin.py:112} INFO - [2020-07-22 14:36:06,511] {spark_submit_hook.py:479} INFO - at org.apache.spark.SparkContext$.org$apache$spark$SparkContext$$createTaskScheduler(SparkContext.scala:2924)
[2020-07-22 14:36:06,511] {logging_mixin.py:112} INFO - [2020-07-22 14:36:06,511] {spark_submit_hook.py:479} INFO - at org.apache.spark.SparkContext.<init>(SparkContext.scala:528)
[2020-07-22 14:36:06,512] {logging_mixin.py:112} INFO - [2020-07-22 14:36:06,511] {spark_submit_hook.py:479} INFO - at org.apache.spark.api.java.JavaSparkContext.<init>(JavaSparkContext.scala:58)
[2020-07-22 14:36:06,526] {logging_mixin.py:112} INFO - [2020-07-22 14:36:06,512] {spark_submit_hook.py:479} INFO - at sun.reflect.NativeConstructorAccessorImpl.newInstance0(Native Method)
[2020-07-22 14:36:06,527] {logging_mixin.py:112} INFO - [2020-07-22 14:36:06,527] {spark_submit_hook.py:479} INFO - at sun.reflect.NativeConstructorAccessorImpl.newInstance(NativeConstructorAccessorImpl.java:62)
[2020-07-22 14:36:06,527] {logging_mixin.py:112} INFO - [2020-07-22 14:36:06,527] {spark_submit_hook.py:479} INFO - at sun.reflect.DelegatingConstructorAccessorImpl.newInstance(DelegatingConstructorAccessorImpl.java:45)
[2020-07-22 14:36:06,528] {logging_mixin.py:112} INFO - [2020-07-22 14:36:06,528] {spark_submit_hook.py:479} INFO - at java.lang.reflect.Constructor.newInstance(Constructor.java:423)
[2020-07-22 14:36:06,528] {logging_mixin.py:112} INFO - [2020-07-22 14:36:06,528] {spark_submit_hook.py:479} INFO - at py4j.reflection.MethodInvoker.invoke(MethodInvoker.java:247)
[2020-07-22 14:36:06,528] {logging_mixin.py:112} INFO - [2020-07-22 14:36:06,528] {spark_submit_hook.py:479} INFO - at py4j.reflection.ReflectionEngine.invoke(ReflectionEngine.java:357)
[2020-07-22 14:36:06,529] {logging_mixin.py:112} INFO - [2020-07-22 14:36:06,529] {spark_submit_hook.py:479} INFO - at py4j.Gateway.invoke(Gateway.java:238)
[2020-07-22 14:36:06,529] {logging_mixin.py:112} INFO - [2020-07-22 14:36:06,529] {spark_submit_hook.py:479} INFO - at py4j.commands.ConstructorCommand.invokeConstructor(ConstructorCommand.java:80)
[2020-07-22 14:36:06,529] {logging_mixin.py:112} INFO - [2020-07-22 14:36:06,529] {spark_submit_hook.py:479} INFO - at py4j.commands.ConstructorCommand.execute(ConstructorCommand.java:69)
[2020-07-22 14:36:06,530] {logging_mixin.py:112} INFO - [2020-07-22 14:36:06,529] {spark_submit_hook.py:479} INFO - at py4j.GatewayConnection.run(GatewayConnection.java:238)
[2020-07-22 14:36:06,530] {logging_mixin.py:112} INFO - [2020-07-22 14:36:06,530] {spark_submit_hook.py:479} INFO - at java.lang.Thread.run(Thread.java:748)
[2020-07-22 14:36:06,530] {logging_mixin.py:112} INFO - [2020-07-22 14:36:06,530] {spark_submit_hook.py:479} INFO - 
[2020-07-22 14:36:06,913] {logging_mixin.py:112} INFO - [2020-07-22 14:36:06,913] {spark_submit_hook.py:479} INFO - 20/07/22 14:36:06 INFO ShutdownHookManager: Shutdown hook called
[2020-07-22 14:36:06,915] {logging_mixin.py:112} INFO - [2020-07-22 14:36:06,914] {spark_submit_hook.py:479} INFO - 20/07/22 14:36:06 INFO ShutdownHookManager: Deleting directory /tmp/spark-a998db96-c52f-4111-9b02-23a1fd3649c2
[2020-07-22 14:36:06,929] {logging_mixin.py:112} INFO - [2020-07-22 14:36:06,928] {spark_submit_hook.py:479} INFO - 20/07/22 14:36:06 INFO ShutdownHookManager: Deleting directory /tmp/spark-da68e2f6-baf9-444e-bc70-b4bf54e0f489
[2020-07-22 14:36:07,313] {taskinstance.py:1145} ERROR - Cannot execute: spark-submit --master local:4041 --name airflow-spark /home/bhakti/airflow/spark_jobs/python/spark_test.py. Error code is: 1.
Traceback (most recent call last):
  File "/usr/local/lib/python3.8/dist-packages/airflow/models/taskinstance.py", line 983, in _run_raw_task
    result = task_copy.execute(context=context)
  File "/usr/local/lib/python3.8/dist-packages/airflow/contrib/operators/spark_submit_operator.py", line 187, in execute
    self._hook.submit(self._application)
  File "/usr/local/lib/python3.8/dist-packages/airflow/contrib/hooks/spark_submit_hook.py", line 403, in submit
    raise AirflowException(
airflow.exceptions.AirflowException: Cannot execute: spark-submit --master local:4041 --name airflow-spark /home/bhakti/airflow/spark_jobs/python/spark_test.py. Error code is: 1.
[2020-07-22 14:36:07,318] {taskinstance.py:1189} INFO - Marking task as FAILED.dag_id=submit_data, task_id=spark_submit, execution_date=20200720T033100, start_date=20200722T090553, end_date=20200722T090607
[2020-07-22 14:36:08,479] {logging_mixin.py:112} INFO - [2020-07-22 14:36:08,479] {local_task_job.py:103} INFO - Task exited with return code 1
