[2020-07-22 13:37:02,917] {taskinstance.py:669} INFO - Dependencies all met for <TaskInstance: submit_data.spark_submit 2020-07-20T01:27:00+00:00 [queued]>
[2020-07-22 13:37:02,931] {taskinstance.py:669} INFO - Dependencies all met for <TaskInstance: submit_data.spark_submit 2020-07-20T01:27:00+00:00 [queued]>
[2020-07-22 13:37:02,932] {taskinstance.py:879} INFO - 
--------------------------------------------------------------------------------
[2020-07-22 13:37:02,932] {taskinstance.py:880} INFO - Starting attempt 1 of 1
[2020-07-22 13:37:02,932] {taskinstance.py:881} INFO - 
--------------------------------------------------------------------------------
[2020-07-22 13:37:03,106] {taskinstance.py:900} INFO - Executing <Task(SparkSubmitOperator): spark_submit> on 2020-07-20T01:27:00+00:00
[2020-07-22 13:37:03,109] {standard_task_runner.py:53} INFO - Started process 355615 to run task
[2020-07-22 13:37:03,321] {logging_mixin.py:112} INFO - Running %s on host %s <TaskInstance: submit_data.spark_submit 2020-07-20T01:27:00+00:00 [running]> bhakti-Vostro-3558
[2020-07-22 13:37:03,386] {logging_mixin.py:112} INFO - [2020-07-22 13:37:03,385] {base_hook.py:87} INFO - Using connection to: id: spark_local. Host: localhost, Port: 4040, Schema: None, Login: None, Password: None, extra: None
[2020-07-22 13:37:03,388] {logging_mixin.py:112} INFO - [2020-07-22 13:37:03,388] {spark_submit_hook.py:325} INFO - Spark-Submit cmd: spark-submit --master localhost:4040 --name airflow-spark /home/bhakti/airflow/spark_jobs/python/spark_test.py
[2020-07-22 13:37:06,277] {logging_mixin.py:112} INFO - [2020-07-22 13:37:06,276] {spark_submit_hook.py:479} INFO - 20/07/22 13:37:06 WARN Utils: Your hostname, bhakti-Vostro-3558 resolves to a loopback address: 127.0.1.1; using 192.168.43.94 instead (on interface wlp6s0)
[2020-07-22 13:37:06,280] {logging_mixin.py:112} INFO - [2020-07-22 13:37:06,279] {spark_submit_hook.py:479} INFO - 20/07/22 13:37:06 WARN Utils: Set SPARK_LOCAL_IP if you need to bind to another address
[2020-07-22 13:37:08,330] {logging_mixin.py:112} INFO - [2020-07-22 13:37:08,329] {spark_submit_hook.py:479} INFO - 20/07/22 13:37:08 WARN NativeCodeLoader: Unable to load native-hadoop library for your platform... using builtin-java classes where applicable
[2020-07-22 13:37:10,594] {logging_mixin.py:112} INFO - [2020-07-22 13:37:10,593] {spark_submit_hook.py:479} INFO - Spark_Test_Python
[2020-07-22 13:37:10,594] {logging_mixin.py:112} INFO - [2020-07-22 13:37:10,594] {spark_submit_hook.py:479} INFO - Number of arguments: 0 arguments.
[2020-07-22 13:37:10,594] {logging_mixin.py:112} INFO - [2020-07-22 13:37:10,594] {spark_submit_hook.py:479} INFO - Argument List: []
[2020-07-22 13:37:10,711] {logging_mixin.py:112} INFO - [2020-07-22 13:37:10,711] {spark_submit_hook.py:479} INFO - Using Spark's default log4j profile: org/apache/spark/log4j-defaults.properties
[2020-07-22 13:37:10,729] {logging_mixin.py:112} INFO - [2020-07-22 13:37:10,729] {spark_submit_hook.py:479} INFO - 20/07/22 13:37:10 INFO SparkContext: Running Spark version 3.0.0
[2020-07-22 13:37:10,813] {logging_mixin.py:112} INFO - [2020-07-22 13:37:10,813] {spark_submit_hook.py:479} INFO - 20/07/22 13:37:10 INFO ResourceUtils: ==============================================================
[2020-07-22 13:37:10,817] {logging_mixin.py:112} INFO - [2020-07-22 13:37:10,816] {spark_submit_hook.py:479} INFO - 20/07/22 13:37:10 INFO ResourceUtils: Resources for spark.driver:
[2020-07-22 13:37:10,817] {logging_mixin.py:112} INFO - [2020-07-22 13:37:10,817] {spark_submit_hook.py:479} INFO - 
[2020-07-22 13:37:10,817] {logging_mixin.py:112} INFO - [2020-07-22 13:37:10,817] {spark_submit_hook.py:479} INFO - 20/07/22 13:37:10 INFO ResourceUtils: ==============================================================
[2020-07-22 13:37:10,818] {logging_mixin.py:112} INFO - [2020-07-22 13:37:10,818] {spark_submit_hook.py:479} INFO - 20/07/22 13:37:10 INFO SparkContext: Submitted application: Spark_Test_Python
[2020-07-22 13:37:10,939] {logging_mixin.py:112} INFO - [2020-07-22 13:37:10,939] {spark_submit_hook.py:479} INFO - 20/07/22 13:37:10 INFO SecurityManager: Changing view acls to: bhakti
[2020-07-22 13:37:10,940] {logging_mixin.py:112} INFO - [2020-07-22 13:37:10,940] {spark_submit_hook.py:479} INFO - 20/07/22 13:37:10 INFO SecurityManager: Changing modify acls to: bhakti
[2020-07-22 13:37:10,940] {logging_mixin.py:112} INFO - [2020-07-22 13:37:10,940] {spark_submit_hook.py:479} INFO - 20/07/22 13:37:10 INFO SecurityManager: Changing view acls groups to:
[2020-07-22 13:37:10,940] {logging_mixin.py:112} INFO - [2020-07-22 13:37:10,940] {spark_submit_hook.py:479} INFO - 20/07/22 13:37:10 INFO SecurityManager: Changing modify acls groups to:
[2020-07-22 13:37:10,940] {logging_mixin.py:112} INFO - [2020-07-22 13:37:10,940] {spark_submit_hook.py:479} INFO - 20/07/22 13:37:10 INFO SecurityManager: SecurityManager: authentication disabled; ui acls disabled; users  with view permissions: Set(bhakti); groups with view permissions: Set(); users  with modify permissions: Set(bhakti); groups with modify permissions: Set()
[2020-07-22 13:37:11,461] {logging_mixin.py:112} INFO - [2020-07-22 13:37:11,460] {spark_submit_hook.py:479} INFO - 20/07/22 13:37:11 INFO Utils: Successfully started service 'sparkDriver' on port 34931.
[2020-07-22 13:37:11,575] {logging_mixin.py:112} INFO - [2020-07-22 13:37:11,575] {spark_submit_hook.py:479} INFO - 20/07/22 13:37:11 INFO SparkEnv: Registering MapOutputTracker
[2020-07-22 13:37:11,726] {logging_mixin.py:112} INFO - [2020-07-22 13:37:11,726] {spark_submit_hook.py:479} INFO - 20/07/22 13:37:11 INFO SparkEnv: Registering BlockManagerMaster
[2020-07-22 13:37:11,763] {logging_mixin.py:112} INFO - [2020-07-22 13:37:11,763] {spark_submit_hook.py:479} INFO - 20/07/22 13:37:11 INFO BlockManagerMasterEndpoint: Using org.apache.spark.storage.DefaultTopologyMapper for getting topology information
[2020-07-22 13:37:11,764] {logging_mixin.py:112} INFO - [2020-07-22 13:37:11,764] {spark_submit_hook.py:479} INFO - 20/07/22 13:37:11 INFO BlockManagerMasterEndpoint: BlockManagerMasterEndpoint up
[2020-07-22 13:37:11,772] {logging_mixin.py:112} INFO - [2020-07-22 13:37:11,772] {spark_submit_hook.py:479} INFO - 20/07/22 13:37:11 INFO SparkEnv: Registering BlockManagerMasterHeartbeat
[2020-07-22 13:37:11,798] {logging_mixin.py:112} INFO - [2020-07-22 13:37:11,798] {spark_submit_hook.py:479} INFO - 20/07/22 13:37:11 INFO DiskBlockManager: Created local directory at /tmp/blockmgr-479fae8e-0fcf-4688-bbec-2bfd2e676db7
[2020-07-22 13:37:11,838] {logging_mixin.py:112} INFO - [2020-07-22 13:37:11,838] {spark_submit_hook.py:479} INFO - 20/07/22 13:37:11 INFO MemoryStore: MemoryStore started with capacity 366.3 MiB
[2020-07-22 13:37:11,863] {logging_mixin.py:112} INFO - [2020-07-22 13:37:11,863] {spark_submit_hook.py:479} INFO - 20/07/22 13:37:11 INFO SparkEnv: Registering OutputCommitCoordinator
[2020-07-22 13:37:12,237] {logging_mixin.py:112} INFO - [2020-07-22 13:37:12,236] {spark_submit_hook.py:479} INFO - 20/07/22 13:37:12 WARN Utils: Service 'SparkUI' could not bind on port 4040. Attempting port 4041.
[2020-07-22 13:37:12,237] {logging_mixin.py:112} INFO - [2020-07-22 13:37:12,237] {spark_submit_hook.py:479} INFO - 20/07/22 13:37:12 WARN Utils: Service 'SparkUI' could not bind on port 4041. Attempting port 4042.
[2020-07-22 13:37:12,248] {logging_mixin.py:112} INFO - [2020-07-22 13:37:12,248] {spark_submit_hook.py:479} INFO - 20/07/22 13:37:12 INFO Utils: Successfully started service 'SparkUI' on port 4042.
[2020-07-22 13:37:12,342] {logging_mixin.py:112} INFO - [2020-07-22 13:37:12,342] {spark_submit_hook.py:479} INFO - 20/07/22 13:37:12 INFO SparkUI: Bound SparkUI to 0.0.0.0, and started at http://192.168.43.94:4042
[2020-07-22 13:37:12,482] {logging_mixin.py:112} INFO - [2020-07-22 13:37:12,481] {spark_submit_hook.py:479} INFO - 20/07/22 13:37:12 ERROR SparkContext: Error initializing SparkContext.
[2020-07-22 13:37:12,482] {logging_mixin.py:112} INFO - [2020-07-22 13:37:12,482] {spark_submit_hook.py:479} INFO - org.apache.spark.SparkException: Could not parse Master URL: 'localhost:4040'
[2020-07-22 13:37:12,482] {logging_mixin.py:112} INFO - [2020-07-22 13:37:12,482] {spark_submit_hook.py:479} INFO - at org.apache.spark.SparkContext$.org$apache$spark$SparkContext$$createTaskScheduler(SparkContext.scala:2924)
[2020-07-22 13:37:12,483] {logging_mixin.py:112} INFO - [2020-07-22 13:37:12,482] {spark_submit_hook.py:479} INFO - at org.apache.spark.SparkContext.<init>(SparkContext.scala:528)
[2020-07-22 13:37:12,483] {logging_mixin.py:112} INFO - [2020-07-22 13:37:12,483] {spark_submit_hook.py:479} INFO - at org.apache.spark.api.java.JavaSparkContext.<init>(JavaSparkContext.scala:58)
[2020-07-22 13:37:12,483] {logging_mixin.py:112} INFO - [2020-07-22 13:37:12,483] {spark_submit_hook.py:479} INFO - at sun.reflect.NativeConstructorAccessorImpl.newInstance0(Native Method)
[2020-07-22 13:37:12,483] {logging_mixin.py:112} INFO - [2020-07-22 13:37:12,483] {spark_submit_hook.py:479} INFO - at sun.reflect.NativeConstructorAccessorImpl.newInstance(NativeConstructorAccessorImpl.java:62)
[2020-07-22 13:37:12,484] {logging_mixin.py:112} INFO - [2020-07-22 13:37:12,484] {spark_submit_hook.py:479} INFO - at sun.reflect.DelegatingConstructorAccessorImpl.newInstance(DelegatingConstructorAccessorImpl.java:45)
[2020-07-22 13:37:12,484] {logging_mixin.py:112} INFO - [2020-07-22 13:37:12,484] {spark_submit_hook.py:479} INFO - at java.lang.reflect.Constructor.newInstance(Constructor.java:423)
[2020-07-22 13:37:12,484] {logging_mixin.py:112} INFO - [2020-07-22 13:37:12,484] {spark_submit_hook.py:479} INFO - at py4j.reflection.MethodInvoker.invoke(MethodInvoker.java:247)
[2020-07-22 13:37:12,484] {logging_mixin.py:112} INFO - [2020-07-22 13:37:12,484] {spark_submit_hook.py:479} INFO - at py4j.reflection.ReflectionEngine.invoke(ReflectionEngine.java:357)
[2020-07-22 13:37:12,485] {logging_mixin.py:112} INFO - [2020-07-22 13:37:12,485] {spark_submit_hook.py:479} INFO - at py4j.Gateway.invoke(Gateway.java:238)
[2020-07-22 13:37:12,485] {logging_mixin.py:112} INFO - [2020-07-22 13:37:12,485] {spark_submit_hook.py:479} INFO - at py4j.commands.ConstructorCommand.invokeConstructor(ConstructorCommand.java:80)
[2020-07-22 13:37:12,485] {logging_mixin.py:112} INFO - [2020-07-22 13:37:12,485] {spark_submit_hook.py:479} INFO - at py4j.commands.ConstructorCommand.execute(ConstructorCommand.java:69)
[2020-07-22 13:37:12,485] {logging_mixin.py:112} INFO - [2020-07-22 13:37:12,485] {spark_submit_hook.py:479} INFO - at py4j.GatewayConnection.run(GatewayConnection.java:238)
[2020-07-22 13:37:12,486] {logging_mixin.py:112} INFO - [2020-07-22 13:37:12,485] {spark_submit_hook.py:479} INFO - at java.lang.Thread.run(Thread.java:748)
[2020-07-22 13:37:12,505] {logging_mixin.py:112} INFO - [2020-07-22 13:37:12,505] {spark_submit_hook.py:479} INFO - 20/07/22 13:37:12 INFO SparkUI: Stopped Spark web UI at http://192.168.43.94:4042
[2020-07-22 13:37:12,572] {logging_mixin.py:112} INFO - [2020-07-22 13:37:12,572] {spark_submit_hook.py:479} INFO - 20/07/22 13:37:12 INFO MapOutputTrackerMasterEndpoint: MapOutputTrackerMasterEndpoint stopped!
[2020-07-22 13:37:12,611] {logging_mixin.py:112} INFO - [2020-07-22 13:37:12,611] {spark_submit_hook.py:479} INFO - 20/07/22 13:37:12 INFO MemoryStore: MemoryStore cleared
[2020-07-22 13:37:12,612] {logging_mixin.py:112} INFO - [2020-07-22 13:37:12,612] {spark_submit_hook.py:479} INFO - 20/07/22 13:37:12 INFO BlockManager: BlockManager stopped
[2020-07-22 13:37:12,634] {logging_mixin.py:112} INFO - [2020-07-22 13:37:12,634] {spark_submit_hook.py:479} INFO - 20/07/22 13:37:12 INFO BlockManagerMaster: BlockManagerMaster stopped
[2020-07-22 13:37:12,635] {logging_mixin.py:112} INFO - [2020-07-22 13:37:12,635] {spark_submit_hook.py:479} INFO - 20/07/22 13:37:12 WARN MetricsSystem: Stopping a MetricsSystem that is not running
[2020-07-22 13:37:12,642] {logging_mixin.py:112} INFO - [2020-07-22 13:37:12,642] {spark_submit_hook.py:479} INFO - 20/07/22 13:37:12 INFO OutputCommitCoordinator$OutputCommitCoordinatorEndpoint: OutputCommitCoordinator stopped!
[2020-07-22 13:37:12,662] {logging_mixin.py:112} INFO - [2020-07-22 13:37:12,661] {spark_submit_hook.py:479} INFO - 20/07/22 13:37:12 INFO SparkContext: Successfully stopped SparkContext
[2020-07-22 13:37:12,769] {logging_mixin.py:112} INFO - [2020-07-22 13:37:12,768] {spark_submit_hook.py:479} INFO - Traceback (most recent call last):
[2020-07-22 13:37:12,769] {logging_mixin.py:112} INFO - [2020-07-22 13:37:12,769] {spark_submit_hook.py:479} INFO - File "/home/bhakti/airflow/spark_jobs/python/spark_test.py", line 12, in <module>
[2020-07-22 13:37:12,770] {logging_mixin.py:112} INFO - [2020-07-22 13:37:12,770] {spark_submit_hook.py:479} INFO - sc = SparkContext(conf=conf)
[2020-07-22 13:37:12,770] {logging_mixin.py:112} INFO - [2020-07-22 13:37:12,770] {spark_submit_hook.py:479} INFO - File "/opt/spark/python/lib/pyspark.zip/pyspark/context.py", line 130, in __init__
[2020-07-22 13:37:12,770] {logging_mixin.py:112} INFO - [2020-07-22 13:37:12,770] {spark_submit_hook.py:479} INFO - File "/opt/spark/python/lib/pyspark.zip/pyspark/context.py", line 193, in _do_init
[2020-07-22 13:37:12,771] {logging_mixin.py:112} INFO - [2020-07-22 13:37:12,771] {spark_submit_hook.py:479} INFO - File "/opt/spark/python/lib/pyspark.zip/pyspark/context.py", line 310, in _initialize_context
[2020-07-22 13:37:12,771] {logging_mixin.py:112} INFO - [2020-07-22 13:37:12,771] {spark_submit_hook.py:479} INFO - File "/opt/spark/python/lib/py4j-0.10.9-src.zip/py4j/java_gateway.py", line 1568, in __call__
[2020-07-22 13:37:12,771] {logging_mixin.py:112} INFO - [2020-07-22 13:37:12,771] {spark_submit_hook.py:479} INFO - File "/opt/spark/python/lib/py4j-0.10.9-src.zip/py4j/protocol.py", line 326, in get_return_value
[2020-07-22 13:37:12,776] {logging_mixin.py:112} INFO - [2020-07-22 13:37:12,776] {spark_submit_hook.py:479} INFO - py4j.protocol.Py4JJavaError: An error occurred while calling None.org.apache.spark.api.java.JavaSparkContext.
[2020-07-22 13:37:12,776] {logging_mixin.py:112} INFO - [2020-07-22 13:37:12,776] {spark_submit_hook.py:479} INFO - : org.apache.spark.SparkException: Could not parse Master URL: 'localhost:4040'
[2020-07-22 13:37:12,776] {logging_mixin.py:112} INFO - [2020-07-22 13:37:12,776] {spark_submit_hook.py:479} INFO - at org.apache.spark.SparkContext$.org$apache$spark$SparkContext$$createTaskScheduler(SparkContext.scala:2924)
[2020-07-22 13:37:12,777] {logging_mixin.py:112} INFO - [2020-07-22 13:37:12,777] {spark_submit_hook.py:479} INFO - at org.apache.spark.SparkContext.<init>(SparkContext.scala:528)
[2020-07-22 13:37:12,777] {logging_mixin.py:112} INFO - [2020-07-22 13:37:12,777] {spark_submit_hook.py:479} INFO - at org.apache.spark.api.java.JavaSparkContext.<init>(JavaSparkContext.scala:58)
[2020-07-22 13:37:12,777] {logging_mixin.py:112} INFO - [2020-07-22 13:37:12,777] {spark_submit_hook.py:479} INFO - at sun.reflect.NativeConstructorAccessorImpl.newInstance0(Native Method)
[2020-07-22 13:37:12,777] {logging_mixin.py:112} INFO - [2020-07-22 13:37:12,777] {spark_submit_hook.py:479} INFO - at sun.reflect.NativeConstructorAccessorImpl.newInstance(NativeConstructorAccessorImpl.java:62)
[2020-07-22 13:37:12,777] {logging_mixin.py:112} INFO - [2020-07-22 13:37:12,777] {spark_submit_hook.py:479} INFO - at sun.reflect.DelegatingConstructorAccessorImpl.newInstance(DelegatingConstructorAccessorImpl.java:45)
[2020-07-22 13:37:12,777] {logging_mixin.py:112} INFO - [2020-07-22 13:37:12,777] {spark_submit_hook.py:479} INFO - at java.lang.reflect.Constructor.newInstance(Constructor.java:423)
[2020-07-22 13:37:12,777] {logging_mixin.py:112} INFO - [2020-07-22 13:37:12,777] {spark_submit_hook.py:479} INFO - at py4j.reflection.MethodInvoker.invoke(MethodInvoker.java:247)
[2020-07-22 13:37:12,778] {logging_mixin.py:112} INFO - [2020-07-22 13:37:12,777] {spark_submit_hook.py:479} INFO - at py4j.reflection.ReflectionEngine.invoke(ReflectionEngine.java:357)
[2020-07-22 13:37:12,778] {logging_mixin.py:112} INFO - [2020-07-22 13:37:12,778] {spark_submit_hook.py:479} INFO - at py4j.Gateway.invoke(Gateway.java:238)
[2020-07-22 13:37:12,778] {logging_mixin.py:112} INFO - [2020-07-22 13:37:12,778] {spark_submit_hook.py:479} INFO - at py4j.commands.ConstructorCommand.invokeConstructor(ConstructorCommand.java:80)
[2020-07-22 13:37:12,778] {logging_mixin.py:112} INFO - [2020-07-22 13:37:12,778] {spark_submit_hook.py:479} INFO - at py4j.commands.ConstructorCommand.execute(ConstructorCommand.java:69)
[2020-07-22 13:37:12,778] {logging_mixin.py:112} INFO - [2020-07-22 13:37:12,778] {spark_submit_hook.py:479} INFO - at py4j.GatewayConnection.run(GatewayConnection.java:238)
[2020-07-22 13:37:12,778] {logging_mixin.py:112} INFO - [2020-07-22 13:37:12,778] {spark_submit_hook.py:479} INFO - at java.lang.Thread.run(Thread.java:748)
[2020-07-22 13:37:12,784] {logging_mixin.py:112} INFO - [2020-07-22 13:37:12,784] {spark_submit_hook.py:479} INFO - 
[2020-07-22 13:37:12,913] {logging_mixin.py:112} INFO - [2020-07-22 13:37:12,913] {spark_submit_hook.py:479} INFO - 20/07/22 13:37:12 INFO ShutdownHookManager: Shutdown hook called
[2020-07-22 13:37:12,916] {logging_mixin.py:112} INFO - [2020-07-22 13:37:12,915] {spark_submit_hook.py:479} INFO - 20/07/22 13:37:12 INFO ShutdownHookManager: Deleting directory /tmp/spark-75321af1-8d2a-4ff7-a8ab-bc0cf2c68d43
[2020-07-22 13:37:12,919] {logging_mixin.py:112} INFO - [2020-07-22 13:37:12,918] {spark_submit_hook.py:479} INFO - 20/07/22 13:37:12 INFO ShutdownHookManager: Deleting directory /tmp/spark-2e526641-7723-4cb8-a50d-803a071423a3
[2020-07-22 13:37:12,959] {taskinstance.py:1145} ERROR - Cannot execute: spark-submit --master localhost:4040 --name airflow-spark /home/bhakti/airflow/spark_jobs/python/spark_test.py. Error code is: 1.
Traceback (most recent call last):
  File "/usr/local/lib/python3.8/dist-packages/airflow/models/taskinstance.py", line 983, in _run_raw_task
    result = task_copy.execute(context=context)
  File "/usr/local/lib/python3.8/dist-packages/airflow/contrib/operators/spark_submit_operator.py", line 187, in execute
    self._hook.submit(self._application)
  File "/usr/local/lib/python3.8/dist-packages/airflow/contrib/hooks/spark_submit_hook.py", line 403, in submit
    raise AirflowException(
airflow.exceptions.AirflowException: Cannot execute: spark-submit --master localhost:4040 --name airflow-spark /home/bhakti/airflow/spark_jobs/python/spark_test.py. Error code is: 1.
[2020-07-22 13:37:12,962] {taskinstance.py:1189} INFO - Marking task as FAILED.dag_id=submit_data, task_id=spark_submit, execution_date=20200720T012700, start_date=20200722T080702, end_date=20200722T080712
[2020-07-22 13:37:17,907] {logging_mixin.py:112} INFO - [2020-07-22 13:37:17,907] {local_task_job.py:103} INFO - Task exited with return code 1
