[2020-07-22 13:01:35,998] {taskinstance.py:669} INFO - Dependencies all met for <TaskInstance: submit_data.spark_submit 2020-07-20T00:12:00+00:00 [queued]>
[2020-07-22 13:01:36,029] {taskinstance.py:669} INFO - Dependencies all met for <TaskInstance: submit_data.spark_submit 2020-07-20T00:12:00+00:00 [queued]>
[2020-07-22 13:01:36,030] {taskinstance.py:879} INFO - 
--------------------------------------------------------------------------------
[2020-07-22 13:01:36,031] {taskinstance.py:880} INFO - Starting attempt 1 of 1
[2020-07-22 13:01:36,031] {taskinstance.py:881} INFO - 
--------------------------------------------------------------------------------
[2020-07-22 13:01:36,211] {taskinstance.py:900} INFO - Executing <Task(SparkSubmitOperator): spark_submit> on 2020-07-20T00:12:00+00:00
[2020-07-22 13:01:36,218] {standard_task_runner.py:53} INFO - Started process 306692 to run task
[2020-07-22 13:01:36,949] {logging_mixin.py:112} INFO - Running %s on host %s <TaskInstance: submit_data.spark_submit 2020-07-20T00:12:00+00:00 [running]> bhakti-Vostro-3558
[2020-07-22 13:01:37,199] {logging_mixin.py:112} INFO - [2020-07-22 13:01:37,199] {base_hook.py:87} INFO - Using connection to: id: spark_local. Host: localhost, Port: 4040, Schema: None, Login: None, Password: None, extra: None
[2020-07-22 13:01:37,225] {logging_mixin.py:112} INFO - [2020-07-22 13:01:37,224] {spark_submit_hook.py:325} INFO - Spark-Submit cmd: spark-submit --master localhost:4040 --name airflow-spark /home/bhakti/airflow/spark_jobs/python/spark_test.py
[2020-07-22 13:01:40,568] {logging_mixin.py:112} INFO - [2020-07-22 13:01:40,568] {spark_submit_hook.py:479} INFO - 20/07/22 13:01:40 WARN Utils: Your hostname, bhakti-Vostro-3558 resolves to a loopback address: 127.0.1.1; using 192.168.43.94 instead (on interface wlp6s0)
[2020-07-22 13:01:40,569] {logging_mixin.py:112} INFO - [2020-07-22 13:01:40,569] {spark_submit_hook.py:479} INFO - 20/07/22 13:01:40 WARN Utils: Set SPARK_LOCAL_IP if you need to bind to another address
[2020-07-22 13:01:42,369] {logging_mixin.py:112} INFO - [2020-07-22 13:01:42,369] {spark_submit_hook.py:479} INFO - 20/07/22 13:01:42 WARN NativeCodeLoader: Unable to load native-hadoop library for your platform... using builtin-java classes where applicable
[2020-07-22 13:01:44,409] {logging_mixin.py:112} INFO - [2020-07-22 13:01:44,409] {spark_submit_hook.py:479} INFO - Spark_Test_Python
[2020-07-22 13:01:44,410] {logging_mixin.py:112} INFO - [2020-07-22 13:01:44,410] {spark_submit_hook.py:479} INFO - Number of arguments: 0 arguments.
[2020-07-22 13:01:44,410] {logging_mixin.py:112} INFO - [2020-07-22 13:01:44,410] {spark_submit_hook.py:479} INFO - Argument List: []
[2020-07-22 13:01:44,544] {logging_mixin.py:112} INFO - [2020-07-22 13:01:44,543] {spark_submit_hook.py:479} INFO - Using Spark's default log4j profile: org/apache/spark/log4j-defaults.properties
[2020-07-22 13:01:44,565] {logging_mixin.py:112} INFO - [2020-07-22 13:01:44,564] {spark_submit_hook.py:479} INFO - 20/07/22 13:01:44 INFO SparkContext: Running Spark version 3.0.0
[2020-07-22 13:01:44,669] {logging_mixin.py:112} INFO - [2020-07-22 13:01:44,669] {spark_submit_hook.py:479} INFO - 20/07/22 13:01:44 INFO ResourceUtils: ==============================================================
[2020-07-22 13:01:44,672] {logging_mixin.py:112} INFO - [2020-07-22 13:01:44,672] {spark_submit_hook.py:479} INFO - 20/07/22 13:01:44 INFO ResourceUtils: Resources for spark.driver:
[2020-07-22 13:01:44,672] {logging_mixin.py:112} INFO - [2020-07-22 13:01:44,672] {spark_submit_hook.py:479} INFO - 
[2020-07-22 13:01:44,678] {logging_mixin.py:112} INFO - [2020-07-22 13:01:44,678] {spark_submit_hook.py:479} INFO - 20/07/22 13:01:44 INFO ResourceUtils: ==============================================================
[2020-07-22 13:01:44,682] {logging_mixin.py:112} INFO - [2020-07-22 13:01:44,682] {spark_submit_hook.py:479} INFO - 20/07/22 13:01:44 INFO SparkContext: Submitted application: Spark_Test_Python
[2020-07-22 13:01:44,894] {logging_mixin.py:112} INFO - [2020-07-22 13:01:44,894] {spark_submit_hook.py:479} INFO - 20/07/22 13:01:44 INFO SecurityManager: Changing view acls to: bhakti
[2020-07-22 13:01:44,895] {logging_mixin.py:112} INFO - [2020-07-22 13:01:44,895] {spark_submit_hook.py:479} INFO - 20/07/22 13:01:44 INFO SecurityManager: Changing modify acls to: bhakti
[2020-07-22 13:01:44,895] {logging_mixin.py:112} INFO - [2020-07-22 13:01:44,895] {spark_submit_hook.py:479} INFO - 20/07/22 13:01:44 INFO SecurityManager: Changing view acls groups to:
[2020-07-22 13:01:44,896] {logging_mixin.py:112} INFO - [2020-07-22 13:01:44,896] {spark_submit_hook.py:479} INFO - 20/07/22 13:01:44 INFO SecurityManager: Changing modify acls groups to:
[2020-07-22 13:01:44,896] {logging_mixin.py:112} INFO - [2020-07-22 13:01:44,896] {spark_submit_hook.py:479} INFO - 20/07/22 13:01:44 INFO SecurityManager: SecurityManager: authentication disabled; ui acls disabled; users  with view permissions: Set(bhakti); groups with view permissions: Set(); users  with modify permissions: Set(bhakti); groups with modify permissions: Set()
[2020-07-22 13:01:45,554] {logging_mixin.py:112} INFO - [2020-07-22 13:01:45,553] {spark_submit_hook.py:479} INFO - 20/07/22 13:01:45 INFO Utils: Successfully started service 'sparkDriver' on port 33063.
[2020-07-22 13:01:45,648] {logging_mixin.py:112} INFO - [2020-07-22 13:01:45,647] {spark_submit_hook.py:479} INFO - 20/07/22 13:01:45 INFO SparkEnv: Registering MapOutputTracker
[2020-07-22 13:01:45,762] {logging_mixin.py:112} INFO - [2020-07-22 13:01:45,762] {spark_submit_hook.py:479} INFO - 20/07/22 13:01:45 INFO SparkEnv: Registering BlockManagerMaster
[2020-07-22 13:01:45,847] {logging_mixin.py:112} INFO - [2020-07-22 13:01:45,846] {spark_submit_hook.py:479} INFO - 20/07/22 13:01:45 INFO BlockManagerMasterEndpoint: Using org.apache.spark.storage.DefaultTopologyMapper for getting topology information
[2020-07-22 13:01:45,850] {logging_mixin.py:112} INFO - [2020-07-22 13:01:45,850] {spark_submit_hook.py:479} INFO - 20/07/22 13:01:45 INFO BlockManagerMasterEndpoint: BlockManagerMasterEndpoint up
[2020-07-22 13:01:45,861] {logging_mixin.py:112} INFO - [2020-07-22 13:01:45,861] {spark_submit_hook.py:479} INFO - 20/07/22 13:01:45 INFO SparkEnv: Registering BlockManagerMasterHeartbeat
[2020-07-22 13:01:45,909] {logging_mixin.py:112} INFO - [2020-07-22 13:01:45,909] {spark_submit_hook.py:479} INFO - 20/07/22 13:01:45 INFO DiskBlockManager: Created local directory at /tmp/blockmgr-68ac97f0-2cf9-4021-b4d0-0c6178704214
[2020-07-22 13:01:45,975] {logging_mixin.py:112} INFO - [2020-07-22 13:01:45,975] {spark_submit_hook.py:479} INFO - 20/07/22 13:01:45 INFO MemoryStore: MemoryStore started with capacity 366.3 MiB
[2020-07-22 13:01:46,032] {logging_mixin.py:112} INFO - [2020-07-22 13:01:46,031] {spark_submit_hook.py:479} INFO - 20/07/22 13:01:46 INFO SparkEnv: Registering OutputCommitCoordinator
[2020-07-22 13:01:47,033] {logging_mixin.py:112} INFO - [2020-07-22 13:01:47,032] {spark_submit_hook.py:479} INFO - 20/07/22 13:01:47 WARN Utils: Service 'SparkUI' could not bind on port 4040. Attempting port 4041.
[2020-07-22 13:01:47,046] {logging_mixin.py:112} INFO - [2020-07-22 13:01:47,046] {spark_submit_hook.py:479} INFO - 20/07/22 13:01:47 WARN Utils: Service 'SparkUI' could not bind on port 4041. Attempting port 4042.
[2020-07-22 13:01:47,047] {logging_mixin.py:112} INFO - [2020-07-22 13:01:47,047] {spark_submit_hook.py:479} INFO - 20/07/22 13:01:47 WARN Utils: Service 'SparkUI' could not bind on port 4042. Attempting port 4043.
[2020-07-22 13:01:47,049] {logging_mixin.py:112} INFO - [2020-07-22 13:01:47,048] {spark_submit_hook.py:479} INFO - 20/07/22 13:01:47 WARN Utils: Service 'SparkUI' could not bind on port 4043. Attempting port 4044.
[2020-07-22 13:01:47,050] {logging_mixin.py:112} INFO - [2020-07-22 13:01:47,050] {spark_submit_hook.py:479} INFO - 20/07/22 13:01:47 WARN Utils: Service 'SparkUI' could not bind on port 4044. Attempting port 4045.
[2020-07-22 13:01:47,059] {logging_mixin.py:112} INFO - [2020-07-22 13:01:47,051] {spark_submit_hook.py:479} INFO - 20/07/22 13:01:47 WARN Utils: Service 'SparkUI' could not bind on port 4045. Attempting port 4046.
[2020-07-22 13:01:47,087] {logging_mixin.py:112} INFO - [2020-07-22 13:01:47,087] {spark_submit_hook.py:479} INFO - 20/07/22 13:01:47 INFO Utils: Successfully started service 'SparkUI' on port 4046.
[2020-07-22 13:01:47,376] {logging_mixin.py:112} INFO - [2020-07-22 13:01:47,376] {spark_submit_hook.py:479} INFO - 20/07/22 13:01:47 INFO SparkUI: Bound SparkUI to 0.0.0.0, and started at http://192.168.43.94:4046
[2020-07-22 13:01:47,716] {logging_mixin.py:112} INFO - [2020-07-22 13:01:47,715] {spark_submit_hook.py:479} INFO - 20/07/22 13:01:47 ERROR SparkContext: Error initializing SparkContext.
[2020-07-22 13:01:47,716] {logging_mixin.py:112} INFO - [2020-07-22 13:01:47,716] {spark_submit_hook.py:479} INFO - org.apache.spark.SparkException: Could not parse Master URL: 'localhost:4040'
[2020-07-22 13:01:47,716] {logging_mixin.py:112} INFO - [2020-07-22 13:01:47,716] {spark_submit_hook.py:479} INFO - at org.apache.spark.SparkContext$.org$apache$spark$SparkContext$$createTaskScheduler(SparkContext.scala:2924)
[2020-07-22 13:01:47,717] {logging_mixin.py:112} INFO - [2020-07-22 13:01:47,716] {spark_submit_hook.py:479} INFO - at org.apache.spark.SparkContext.<init>(SparkContext.scala:528)
[2020-07-22 13:01:47,717] {logging_mixin.py:112} INFO - [2020-07-22 13:01:47,717] {spark_submit_hook.py:479} INFO - at org.apache.spark.api.java.JavaSparkContext.<init>(JavaSparkContext.scala:58)
[2020-07-22 13:01:47,717] {logging_mixin.py:112} INFO - [2020-07-22 13:01:47,717] {spark_submit_hook.py:479} INFO - at sun.reflect.NativeConstructorAccessorImpl.newInstance0(Native Method)
[2020-07-22 13:01:47,717] {logging_mixin.py:112} INFO - [2020-07-22 13:01:47,717] {spark_submit_hook.py:479} INFO - at sun.reflect.NativeConstructorAccessorImpl.newInstance(NativeConstructorAccessorImpl.java:62)
[2020-07-22 13:01:47,718] {logging_mixin.py:112} INFO - [2020-07-22 13:01:47,717] {spark_submit_hook.py:479} INFO - at sun.reflect.DelegatingConstructorAccessorImpl.newInstance(DelegatingConstructorAccessorImpl.java:45)
[2020-07-22 13:01:47,718] {logging_mixin.py:112} INFO - [2020-07-22 13:01:47,718] {spark_submit_hook.py:479} INFO - at java.lang.reflect.Constructor.newInstance(Constructor.java:423)
[2020-07-22 13:01:47,718] {logging_mixin.py:112} INFO - [2020-07-22 13:01:47,718] {spark_submit_hook.py:479} INFO - at py4j.reflection.MethodInvoker.invoke(MethodInvoker.java:247)
[2020-07-22 13:01:47,718] {logging_mixin.py:112} INFO - [2020-07-22 13:01:47,718] {spark_submit_hook.py:479} INFO - at py4j.reflection.ReflectionEngine.invoke(ReflectionEngine.java:357)
[2020-07-22 13:01:47,718] {logging_mixin.py:112} INFO - [2020-07-22 13:01:47,718] {spark_submit_hook.py:479} INFO - at py4j.Gateway.invoke(Gateway.java:238)
[2020-07-22 13:01:47,719] {logging_mixin.py:112} INFO - [2020-07-22 13:01:47,719] {spark_submit_hook.py:479} INFO - at py4j.commands.ConstructorCommand.invokeConstructor(ConstructorCommand.java:80)
[2020-07-22 13:01:47,719] {logging_mixin.py:112} INFO - [2020-07-22 13:01:47,719] {spark_submit_hook.py:479} INFO - at py4j.commands.ConstructorCommand.execute(ConstructorCommand.java:69)
[2020-07-22 13:01:47,719] {logging_mixin.py:112} INFO - [2020-07-22 13:01:47,719] {spark_submit_hook.py:479} INFO - at py4j.GatewayConnection.run(GatewayConnection.java:238)
[2020-07-22 13:01:47,719] {logging_mixin.py:112} INFO - [2020-07-22 13:01:47,719] {spark_submit_hook.py:479} INFO - at java.lang.Thread.run(Thread.java:748)
[2020-07-22 13:01:47,746] {logging_mixin.py:112} INFO - [2020-07-22 13:01:47,746] {spark_submit_hook.py:479} INFO - 20/07/22 13:01:47 INFO SparkUI: Stopped Spark web UI at http://192.168.43.94:4046
[2020-07-22 13:01:47,812] {logging_mixin.py:112} INFO - [2020-07-22 13:01:47,811] {spark_submit_hook.py:479} INFO - 20/07/22 13:01:47 INFO MapOutputTrackerMasterEndpoint: MapOutputTrackerMasterEndpoint stopped!
[2020-07-22 13:01:47,932] {logging_mixin.py:112} INFO - [2020-07-22 13:01:47,931] {spark_submit_hook.py:479} INFO - 20/07/22 13:01:47 INFO MemoryStore: MemoryStore cleared
[2020-07-22 13:01:47,946] {logging_mixin.py:112} INFO - [2020-07-22 13:01:47,944] {spark_submit_hook.py:479} INFO - 20/07/22 13:01:47 INFO BlockManager: BlockManager stopped
[2020-07-22 13:01:47,984] {logging_mixin.py:112} INFO - [2020-07-22 13:01:47,984] {spark_submit_hook.py:479} INFO - 20/07/22 13:01:47 INFO BlockManagerMaster: BlockManagerMaster stopped
[2020-07-22 13:01:47,985] {logging_mixin.py:112} INFO - [2020-07-22 13:01:47,985] {spark_submit_hook.py:479} INFO - 20/07/22 13:01:47 WARN MetricsSystem: Stopping a MetricsSystem that is not running
[2020-07-22 13:01:47,993] {logging_mixin.py:112} INFO - [2020-07-22 13:01:47,993] {spark_submit_hook.py:479} INFO - 20/07/22 13:01:47 INFO OutputCommitCoordinator$OutputCommitCoordinatorEndpoint: OutputCommitCoordinator stopped!
[2020-07-22 13:01:48,082] {logging_mixin.py:112} INFO - [2020-07-22 13:01:48,081] {spark_submit_hook.py:479} INFO - 20/07/22 13:01:48 INFO SparkContext: Successfully stopped SparkContext
[2020-07-22 13:01:48,158] {logging_mixin.py:112} INFO - [2020-07-22 13:01:48,158] {spark_submit_hook.py:479} INFO - Traceback (most recent call last):
[2020-07-22 13:01:48,158] {logging_mixin.py:112} INFO - [2020-07-22 13:01:48,158] {spark_submit_hook.py:479} INFO - File "/home/bhakti/airflow/spark_jobs/python/spark_test.py", line 12, in <module>
[2020-07-22 13:01:48,159] {logging_mixin.py:112} INFO - [2020-07-22 13:01:48,158] {spark_submit_hook.py:479} INFO - sc = SparkContext(conf=conf)
[2020-07-22 13:01:48,159] {logging_mixin.py:112} INFO - [2020-07-22 13:01:48,159] {spark_submit_hook.py:479} INFO - File "/opt/spark/python/lib/pyspark.zip/pyspark/context.py", line 130, in __init__
[2020-07-22 13:01:48,159] {logging_mixin.py:112} INFO - [2020-07-22 13:01:48,159] {spark_submit_hook.py:479} INFO - File "/opt/spark/python/lib/pyspark.zip/pyspark/context.py", line 193, in _do_init
[2020-07-22 13:01:48,160] {logging_mixin.py:112} INFO - [2020-07-22 13:01:48,159] {spark_submit_hook.py:479} INFO - File "/opt/spark/python/lib/pyspark.zip/pyspark/context.py", line 310, in _initialize_context
[2020-07-22 13:01:48,160] {logging_mixin.py:112} INFO - [2020-07-22 13:01:48,160] {spark_submit_hook.py:479} INFO - File "/opt/spark/python/lib/py4j-0.10.9-src.zip/py4j/java_gateway.py", line 1568, in __call__
[2020-07-22 13:01:48,160] {logging_mixin.py:112} INFO - [2020-07-22 13:01:48,160] {spark_submit_hook.py:479} INFO - File "/opt/spark/python/lib/py4j-0.10.9-src.zip/py4j/protocol.py", line 326, in get_return_value
[2020-07-22 13:01:48,161] {logging_mixin.py:112} INFO - [2020-07-22 13:01:48,160] {spark_submit_hook.py:479} INFO - py4j.protocol.Py4JJavaError: An error occurred while calling None.org.apache.spark.api.java.JavaSparkContext.
[2020-07-22 13:01:48,161] {logging_mixin.py:112} INFO - [2020-07-22 13:01:48,161] {spark_submit_hook.py:479} INFO - : org.apache.spark.SparkException: Could not parse Master URL: 'localhost:4040'
[2020-07-22 13:01:48,161] {logging_mixin.py:112} INFO - [2020-07-22 13:01:48,161] {spark_submit_hook.py:479} INFO - at org.apache.spark.SparkContext$.org$apache$spark$SparkContext$$createTaskScheduler(SparkContext.scala:2924)
[2020-07-22 13:01:48,161] {logging_mixin.py:112} INFO - [2020-07-22 13:01:48,161] {spark_submit_hook.py:479} INFO - at org.apache.spark.SparkContext.<init>(SparkContext.scala:528)
[2020-07-22 13:01:48,162] {logging_mixin.py:112} INFO - [2020-07-22 13:01:48,161] {spark_submit_hook.py:479} INFO - at org.apache.spark.api.java.JavaSparkContext.<init>(JavaSparkContext.scala:58)
[2020-07-22 13:01:48,162] {logging_mixin.py:112} INFO - [2020-07-22 13:01:48,162] {spark_submit_hook.py:479} INFO - at sun.reflect.NativeConstructorAccessorImpl.newInstance0(Native Method)
[2020-07-22 13:01:48,162] {logging_mixin.py:112} INFO - [2020-07-22 13:01:48,162] {spark_submit_hook.py:479} INFO - at sun.reflect.NativeConstructorAccessorImpl.newInstance(NativeConstructorAccessorImpl.java:62)
[2020-07-22 13:01:48,162] {logging_mixin.py:112} INFO - [2020-07-22 13:01:48,162] {spark_submit_hook.py:479} INFO - at sun.reflect.DelegatingConstructorAccessorImpl.newInstance(DelegatingConstructorAccessorImpl.java:45)
[2020-07-22 13:01:48,163] {logging_mixin.py:112} INFO - [2020-07-22 13:01:48,163] {spark_submit_hook.py:479} INFO - at java.lang.reflect.Constructor.newInstance(Constructor.java:423)
[2020-07-22 13:01:48,163] {logging_mixin.py:112} INFO - [2020-07-22 13:01:48,163] {spark_submit_hook.py:479} INFO - at py4j.reflection.MethodInvoker.invoke(MethodInvoker.java:247)
[2020-07-22 13:01:48,163] {logging_mixin.py:112} INFO - [2020-07-22 13:01:48,163] {spark_submit_hook.py:479} INFO - at py4j.reflection.ReflectionEngine.invoke(ReflectionEngine.java:357)
[2020-07-22 13:01:48,163] {logging_mixin.py:112} INFO - [2020-07-22 13:01:48,163] {spark_submit_hook.py:479} INFO - at py4j.Gateway.invoke(Gateway.java:238)
[2020-07-22 13:01:48,164] {logging_mixin.py:112} INFO - [2020-07-22 13:01:48,164] {spark_submit_hook.py:479} INFO - at py4j.commands.ConstructorCommand.invokeConstructor(ConstructorCommand.java:80)
[2020-07-22 13:01:48,164] {logging_mixin.py:112} INFO - [2020-07-22 13:01:48,164] {spark_submit_hook.py:479} INFO - at py4j.commands.ConstructorCommand.execute(ConstructorCommand.java:69)
[2020-07-22 13:01:48,164] {logging_mixin.py:112} INFO - [2020-07-22 13:01:48,164] {spark_submit_hook.py:479} INFO - at py4j.GatewayConnection.run(GatewayConnection.java:238)
[2020-07-22 13:01:48,164] {logging_mixin.py:112} INFO - [2020-07-22 13:01:48,164] {spark_submit_hook.py:479} INFO - at java.lang.Thread.run(Thread.java:748)
[2020-07-22 13:01:48,165] {logging_mixin.py:112} INFO - [2020-07-22 13:01:48,165] {spark_submit_hook.py:479} INFO - 
[2020-07-22 13:01:48,239] {logging_mixin.py:112} INFO - [2020-07-22 13:01:48,238] {spark_submit_hook.py:479} INFO - 20/07/22 13:01:48 INFO ShutdownHookManager: Shutdown hook called
[2020-07-22 13:01:48,240] {logging_mixin.py:112} INFO - [2020-07-22 13:01:48,240] {spark_submit_hook.py:479} INFO - 20/07/22 13:01:48 INFO ShutdownHookManager: Deleting directory /tmp/spark-8778429c-4dc2-41ed-bd62-d8d2ba66a818
[2020-07-22 13:01:48,244] {logging_mixin.py:112} INFO - [2020-07-22 13:01:48,243] {spark_submit_hook.py:479} INFO - 20/07/22 13:01:48 INFO ShutdownHookManager: Deleting directory /tmp/spark-efab50ef-09dd-4219-a655-47c63a14e568
[2020-07-22 13:01:48,300] {taskinstance.py:1145} ERROR - Cannot execute: spark-submit --master localhost:4040 --name airflow-spark /home/bhakti/airflow/spark_jobs/python/spark_test.py. Error code is: 1.
Traceback (most recent call last):
  File "/usr/local/lib/python3.8/dist-packages/airflow/models/taskinstance.py", line 983, in _run_raw_task
    result = task_copy.execute(context=context)
  File "/usr/local/lib/python3.8/dist-packages/airflow/contrib/operators/spark_submit_operator.py", line 187, in execute
    self._hook.submit(self._application)
  File "/usr/local/lib/python3.8/dist-packages/airflow/contrib/hooks/spark_submit_hook.py", line 403, in submit
    raise AirflowException(
airflow.exceptions.AirflowException: Cannot execute: spark-submit --master localhost:4040 --name airflow-spark /home/bhakti/airflow/spark_jobs/python/spark_test.py. Error code is: 1.
[2020-07-22 13:01:48,303] {taskinstance.py:1189} INFO - Marking task as FAILED.dag_id=submit_data, task_id=spark_submit, execution_date=20200720T001200, start_date=20200722T073135, end_date=20200722T073148
[2020-07-22 13:01:51,031] {logging_mixin.py:112} INFO - [2020-07-22 13:01:51,031] {local_task_job.py:103} INFO - Task exited with return code 1
