[2020-07-22 17:43:19,173] {taskinstance.py:669} INFO - Dependencies all met for <TaskInstance: submit_data.spark_submit 2020-07-20T08:05:00+00:00 [queued]>
[2020-07-22 17:43:19,198] {taskinstance.py:669} INFO - Dependencies all met for <TaskInstance: submit_data.spark_submit 2020-07-20T08:05:00+00:00 [queued]>
[2020-07-22 17:43:19,198] {taskinstance.py:879} INFO - 
--------------------------------------------------------------------------------
[2020-07-22 17:43:19,198] {taskinstance.py:880} INFO - Starting attempt 1 of 1
[2020-07-22 17:43:19,198] {taskinstance.py:881} INFO - 
--------------------------------------------------------------------------------
[2020-07-22 17:43:19,365] {taskinstance.py:900} INFO - Executing <Task(SparkSubmitOperator): spark_submit> on 2020-07-20T08:05:00+00:00
[2020-07-22 17:43:19,368] {standard_task_runner.py:53} INFO - Started process 673240 to run task
[2020-07-22 17:43:19,595] {logging_mixin.py:112} INFO - Running %s on host %s <TaskInstance: submit_data.spark_submit 2020-07-20T08:05:00+00:00 [running]> bhakti-Vostro-3558
[2020-07-22 17:43:19,654] {logging_mixin.py:112} INFO - [2020-07-22 17:43:19,653] {base_hook.py:87} INFO - Using connection to: id: spark_local. Host: local, Port: None, Schema: None, Login: None, Password: None, extra: None
[2020-07-22 17:43:19,657] {logging_mixin.py:112} INFO - [2020-07-22 17:43:19,657] {spark_submit_hook.py:325} INFO - Spark-Submit cmd: spark-submit --master local --name airflow-spark /home/bhakti/airflow/spark_jobs/spark_test.py
[2020-07-22 17:43:23,975] {logging_mixin.py:112} INFO - [2020-07-22 17:43:23,975] {spark_submit_hook.py:479} INFO - 20/07/22 17:43:23 WARN Utils: Your hostname, bhakti-Vostro-3558 resolves to a loopback address: 127.0.1.1; using 192.168.43.94 instead (on interface wlp6s0)
[2020-07-22 17:43:23,977] {logging_mixin.py:112} INFO - [2020-07-22 17:43:23,977] {spark_submit_hook.py:479} INFO - 20/07/22 17:43:23 WARN Utils: Set SPARK_LOCAL_IP if you need to bind to another address
[2020-07-22 17:43:26,837] {logging_mixin.py:112} INFO - [2020-07-22 17:43:26,836] {spark_submit_hook.py:479} INFO - 20/07/22 17:43:26 WARN NativeCodeLoader: Unable to load native-hadoop library for your platform... using builtin-java classes where applicable
[2020-07-22 17:43:29,376] {logging_mixin.py:112} INFO - [2020-07-22 17:43:29,376] {spark_submit_hook.py:479} INFO - Using Spark's default log4j profile: org/apache/spark/log4j-defaults.properties
[2020-07-22 17:43:29,388] {logging_mixin.py:112} INFO - [2020-07-22 17:43:29,388] {spark_submit_hook.py:479} INFO - 20/07/22 17:43:29 INFO SparkContext: Running Spark version 3.0.0
[2020-07-22 17:43:29,451] {logging_mixin.py:112} INFO - [2020-07-22 17:43:29,451] {spark_submit_hook.py:479} INFO - 20/07/22 17:43:29 INFO ResourceUtils: ==============================================================
[2020-07-22 17:43:29,454] {logging_mixin.py:112} INFO - [2020-07-22 17:43:29,454] {spark_submit_hook.py:479} INFO - 20/07/22 17:43:29 INFO ResourceUtils: Resources for spark.driver:
[2020-07-22 17:43:29,454] {logging_mixin.py:112} INFO - [2020-07-22 17:43:29,454] {spark_submit_hook.py:479} INFO - 
[2020-07-22 17:43:29,455] {logging_mixin.py:112} INFO - [2020-07-22 17:43:29,454] {spark_submit_hook.py:479} INFO - 20/07/22 17:43:29 INFO ResourceUtils: ==============================================================
[2020-07-22 17:43:29,456] {logging_mixin.py:112} INFO - [2020-07-22 17:43:29,455] {spark_submit_hook.py:479} INFO - 20/07/22 17:43:29 INFO SparkContext: Submitted application: Spark_Test_Python
[2020-07-22 17:43:29,544] {logging_mixin.py:112} INFO - [2020-07-22 17:43:29,544] {spark_submit_hook.py:479} INFO - 20/07/22 17:43:29 INFO SecurityManager: Changing view acls to: bhakti
[2020-07-22 17:43:29,545] {logging_mixin.py:112} INFO - [2020-07-22 17:43:29,544] {spark_submit_hook.py:479} INFO - 20/07/22 17:43:29 INFO SecurityManager: Changing modify acls to: bhakti
[2020-07-22 17:43:29,545] {logging_mixin.py:112} INFO - [2020-07-22 17:43:29,545] {spark_submit_hook.py:479} INFO - 20/07/22 17:43:29 INFO SecurityManager: Changing view acls groups to:
[2020-07-22 17:43:29,545] {logging_mixin.py:112} INFO - [2020-07-22 17:43:29,545] {spark_submit_hook.py:479} INFO - 20/07/22 17:43:29 INFO SecurityManager: Changing modify acls groups to:
[2020-07-22 17:43:29,546] {logging_mixin.py:112} INFO - [2020-07-22 17:43:29,545] {spark_submit_hook.py:479} INFO - 20/07/22 17:43:29 INFO SecurityManager: SecurityManager: authentication disabled; ui acls disabled; users  with view permissions: Set(bhakti); groups with view permissions: Set(); users  with modify permissions: Set(bhakti); groups with modify permissions: Set()
[2020-07-22 17:43:30,027] {logging_mixin.py:112} INFO - [2020-07-22 17:43:30,027] {spark_submit_hook.py:479} INFO - 20/07/22 17:43:30 INFO Utils: Successfully started service 'sparkDriver' on port 41985.
[2020-07-22 17:43:30,096] {logging_mixin.py:112} INFO - [2020-07-22 17:43:30,096] {spark_submit_hook.py:479} INFO - 20/07/22 17:43:30 INFO SparkEnv: Registering MapOutputTracker
[2020-07-22 17:43:30,175] {logging_mixin.py:112} INFO - [2020-07-22 17:43:30,174] {spark_submit_hook.py:479} INFO - 20/07/22 17:43:30 INFO SparkEnv: Registering BlockManagerMaster
[2020-07-22 17:43:30,215] {logging_mixin.py:112} INFO - [2020-07-22 17:43:30,215] {spark_submit_hook.py:479} INFO - 20/07/22 17:43:30 INFO BlockManagerMasterEndpoint: Using org.apache.spark.storage.DefaultTopologyMapper for getting topology information
[2020-07-22 17:43:30,218] {logging_mixin.py:112} INFO - [2020-07-22 17:43:30,217] {spark_submit_hook.py:479} INFO - 20/07/22 17:43:30 INFO BlockManagerMasterEndpoint: BlockManagerMasterEndpoint up
[2020-07-22 17:43:30,226] {logging_mixin.py:112} INFO - [2020-07-22 17:43:30,225] {spark_submit_hook.py:479} INFO - 20/07/22 17:43:30 INFO SparkEnv: Registering BlockManagerMasterHeartbeat
[2020-07-22 17:43:30,254] {logging_mixin.py:112} INFO - [2020-07-22 17:43:30,254] {spark_submit_hook.py:479} INFO - 20/07/22 17:43:30 INFO DiskBlockManager: Created local directory at /tmp/blockmgr-67895a91-ccbe-42f2-b1cc-514e6ac2a444
[2020-07-22 17:43:30,289] {logging_mixin.py:112} INFO - [2020-07-22 17:43:30,289] {spark_submit_hook.py:479} INFO - 20/07/22 17:43:30 INFO MemoryStore: MemoryStore started with capacity 366.3 MiB
[2020-07-22 17:43:30,314] {logging_mixin.py:112} INFO - [2020-07-22 17:43:30,314] {spark_submit_hook.py:479} INFO - 20/07/22 17:43:30 INFO SparkEnv: Registering OutputCommitCoordinator
[2020-07-22 17:43:30,654] {logging_mixin.py:112} INFO - [2020-07-22 17:43:30,654] {spark_submit_hook.py:479} INFO - 20/07/22 17:43:30 WARN Utils: Service 'SparkUI' could not bind on port 4040. Attempting port 4041.
[2020-07-22 17:43:30,655] {logging_mixin.py:112} INFO - [2020-07-22 17:43:30,655] {spark_submit_hook.py:479} INFO - 20/07/22 17:43:30 WARN Utils: Service 'SparkUI' could not bind on port 4041. Attempting port 4042.
[2020-07-22 17:43:30,655] {logging_mixin.py:112} INFO - [2020-07-22 17:43:30,655] {spark_submit_hook.py:479} INFO - 20/07/22 17:43:30 WARN Utils: Service 'SparkUI' could not bind on port 4042. Attempting port 4043.
[2020-07-22 17:43:30,656] {logging_mixin.py:112} INFO - [2020-07-22 17:43:30,656] {spark_submit_hook.py:479} INFO - 20/07/22 17:43:30 WARN Utils: Service 'SparkUI' could not bind on port 4043. Attempting port 4044.
[2020-07-22 17:43:30,656] {logging_mixin.py:112} INFO - [2020-07-22 17:43:30,656] {spark_submit_hook.py:479} INFO - 20/07/22 17:43:30 WARN Utils: Service 'SparkUI' could not bind on port 4044. Attempting port 4045.
[2020-07-22 17:43:30,668] {logging_mixin.py:112} INFO - [2020-07-22 17:43:30,668] {spark_submit_hook.py:479} INFO - 20/07/22 17:43:30 INFO Utils: Successfully started service 'SparkUI' on port 4045.
[2020-07-22 17:43:30,784] {logging_mixin.py:112} INFO - [2020-07-22 17:43:30,783] {spark_submit_hook.py:479} INFO - 20/07/22 17:43:30 INFO SparkUI: Bound SparkUI to 0.0.0.0, and started at http://192.168.43.94:4045
[2020-07-22 17:43:31,248] {logging_mixin.py:112} INFO - [2020-07-22 17:43:31,247] {spark_submit_hook.py:479} INFO - 20/07/22 17:43:31 INFO Executor: Starting executor ID driver on host 192.168.43.94
[2020-07-22 17:43:31,290] {logging_mixin.py:112} INFO - [2020-07-22 17:43:31,289] {spark_submit_hook.py:479} INFO - 20/07/22 17:43:31 INFO Utils: Successfully started service 'org.apache.spark.network.netty.NettyBlockTransferService' on port 33443.
[2020-07-22 17:43:31,290] {logging_mixin.py:112} INFO - [2020-07-22 17:43:31,290] {spark_submit_hook.py:479} INFO - 20/07/22 17:43:31 INFO NettyBlockTransferService: Server created on 192.168.43.94:33443
[2020-07-22 17:43:31,293] {logging_mixin.py:112} INFO - [2020-07-22 17:43:31,293] {spark_submit_hook.py:479} INFO - 20/07/22 17:43:31 INFO BlockManager: Using org.apache.spark.storage.RandomBlockReplicationPolicy for block replication policy
[2020-07-22 17:43:31,309] {logging_mixin.py:112} INFO - [2020-07-22 17:43:31,308] {spark_submit_hook.py:479} INFO - 20/07/22 17:43:31 INFO BlockManagerMaster: Registering BlockManager BlockManagerId(driver, 192.168.43.94, 33443, None)
[2020-07-22 17:43:31,328] {logging_mixin.py:112} INFO - [2020-07-22 17:43:31,328] {spark_submit_hook.py:479} INFO - 20/07/22 17:43:31 INFO BlockManagerMasterEndpoint: Registering block manager 192.168.43.94:33443 with 366.3 MiB RAM, BlockManagerId(driver, 192.168.43.94, 33443, None)
[2020-07-22 17:43:31,337] {logging_mixin.py:112} INFO - [2020-07-22 17:43:31,337] {spark_submit_hook.py:479} INFO - 20/07/22 17:43:31 INFO BlockManagerMaster: Registered BlockManager BlockManagerId(driver, 192.168.43.94, 33443, None)
[2020-07-22 17:43:31,340] {logging_mixin.py:112} INFO - [2020-07-22 17:43:31,340] {spark_submit_hook.py:479} INFO - 20/07/22 17:43:31 INFO BlockManager: Initialized BlockManager: BlockManagerId(driver, 192.168.43.94, 33443, None)
[2020-07-22 17:43:32,793] {logging_mixin.py:112} INFO - [2020-07-22 17:43:32,793] {spark_submit_hook.py:479} INFO - 20/07/22 17:43:32 INFO MemoryStore: Block broadcast_0 stored as values in memory (estimated size 241.5 KiB, free 366.1 MiB)
[2020-07-22 17:43:33,033] {logging_mixin.py:112} INFO - [2020-07-22 17:43:33,033] {spark_submit_hook.py:479} INFO - 20/07/22 17:43:33 INFO MemoryStore: Block broadcast_0_piece0 stored as bytes in memory (estimated size 23.4 KiB, free 366.0 MiB)
[2020-07-22 17:43:33,039] {logging_mixin.py:112} INFO - [2020-07-22 17:43:33,039] {spark_submit_hook.py:479} INFO - 20/07/22 17:43:33 INFO BlockManagerInfo: Added broadcast_0_piece0 in memory on 192.168.43.94:33443 (size: 23.4 KiB, free: 366.3 MiB)
[2020-07-22 17:43:33,051] {logging_mixin.py:112} INFO - [2020-07-22 17:43:33,051] {spark_submit_hook.py:479} INFO - 20/07/22 17:43:33 INFO SparkContext: Created broadcast 0 from textFile at NativeMethodAccessorImpl.java:0
[2020-07-22 17:43:33,360] {logging_mixin.py:112} INFO - [2020-07-22 17:43:33,360] {spark_submit_hook.py:479} INFO - 20/07/22 17:43:33 INFO FileInputFormat: Total input paths to process : 1
[2020-07-22 17:43:33,492] {logging_mixin.py:112} INFO - [2020-07-22 17:43:33,492] {spark_submit_hook.py:479} INFO - 20/07/22 17:43:33 INFO SparkContext: Starting job: collect at /home/bhakti/airflow/spark_jobs/spark_test.py:8
[2020-07-22 17:43:33,522] {logging_mixin.py:112} INFO - [2020-07-22 17:43:33,522] {spark_submit_hook.py:479} INFO - 20/07/22 17:43:33 INFO DAGScheduler: Got job 0 (collect at /home/bhakti/airflow/spark_jobs/spark_test.py:8) with 1 output partitions
[2020-07-22 17:43:33,523] {logging_mixin.py:112} INFO - [2020-07-22 17:43:33,522] {spark_submit_hook.py:479} INFO - 20/07/22 17:43:33 INFO DAGScheduler: Final stage: ResultStage 0 (collect at /home/bhakti/airflow/spark_jobs/spark_test.py:8)
[2020-07-22 17:43:33,523] {logging_mixin.py:112} INFO - [2020-07-22 17:43:33,523] {spark_submit_hook.py:479} INFO - 20/07/22 17:43:33 INFO DAGScheduler: Parents of final stage: List()
[2020-07-22 17:43:33,526] {logging_mixin.py:112} INFO - [2020-07-22 17:43:33,526] {spark_submit_hook.py:479} INFO - 20/07/22 17:43:33 INFO DAGScheduler: Missing parents: List()
[2020-07-22 17:43:33,536] {logging_mixin.py:112} INFO - [2020-07-22 17:43:33,536] {spark_submit_hook.py:479} INFO - 20/07/22 17:43:33 INFO DAGScheduler: Submitting ResultStage 0 (PythonRDD[2] at collect at /home/bhakti/airflow/spark_jobs/spark_test.py:8), which has no missing parents
[2020-07-22 17:43:33,581] {logging_mixin.py:112} INFO - [2020-07-22 17:43:33,580] {spark_submit_hook.py:479} INFO - 20/07/22 17:43:33 INFO MemoryStore: Block broadcast_1 stored as values in memory (estimated size 7.4 KiB, free 366.0 MiB)
[2020-07-22 17:43:33,587] {logging_mixin.py:112} INFO - [2020-07-22 17:43:33,586] {spark_submit_hook.py:479} INFO - 20/07/22 17:43:33 INFO MemoryStore: Block broadcast_1_piece0 stored as bytes in memory (estimated size 4.4 KiB, free 366.0 MiB)
[2020-07-22 17:43:33,589] {logging_mixin.py:112} INFO - [2020-07-22 17:43:33,589] {spark_submit_hook.py:479} INFO - 20/07/22 17:43:33 INFO BlockManagerInfo: Added broadcast_1_piece0 in memory on 192.168.43.94:33443 (size: 4.4 KiB, free: 366.3 MiB)
[2020-07-22 17:43:33,591] {logging_mixin.py:112} INFO - [2020-07-22 17:43:33,591] {spark_submit_hook.py:479} INFO - 20/07/22 17:43:33 INFO SparkContext: Created broadcast 1 from broadcast at DAGScheduler.scala:1200
[2020-07-22 17:43:33,614] {logging_mixin.py:112} INFO - [2020-07-22 17:43:33,614] {spark_submit_hook.py:479} INFO - 20/07/22 17:43:33 INFO DAGScheduler: Submitting 1 missing tasks from ResultStage 0 (PythonRDD[2] at collect at /home/bhakti/airflow/spark_jobs/spark_test.py:8) (first 15 tasks are for partitions Vector(0))
[2020-07-22 17:43:33,617] {logging_mixin.py:112} INFO - [2020-07-22 17:43:33,617] {spark_submit_hook.py:479} INFO - 20/07/22 17:43:33 INFO TaskSchedulerImpl: Adding task set 0.0 with 1 tasks
[2020-07-22 17:43:33,731] {logging_mixin.py:112} INFO - [2020-07-22 17:43:33,731] {spark_submit_hook.py:479} INFO - 20/07/22 17:43:33 INFO TaskSetManager: Starting task 0.0 in stage 0.0 (TID 0, 192.168.43.94, executor driver, partition 0, PROCESS_LOCAL, 7388 bytes)
[2020-07-22 17:43:33,756] {logging_mixin.py:112} INFO - [2020-07-22 17:43:33,755] {spark_submit_hook.py:479} INFO - 20/07/22 17:43:33 INFO Executor: Running task 0.0 in stage 0.0 (TID 0)
[2020-07-22 17:43:34,599] {logging_mixin.py:112} INFO - [2020-07-22 17:43:34,599] {spark_submit_hook.py:479} INFO - 20/07/22 17:43:34 INFO HadoopRDD: Input split: file:/home/bhakti/airflow/input_data/sample.csv:0+93
[2020-07-22 17:43:35,429] {logging_mixin.py:112} INFO - [2020-07-22 17:43:35,429] {spark_submit_hook.py:479} INFO - 20/07/22 17:43:35 INFO PythonRunner: Times: total = 791, boot = 771, init = 19, finish = 1
[2020-07-22 17:43:35,462] {logging_mixin.py:112} INFO - [2020-07-22 17:43:35,461] {spark_submit_hook.py:479} INFO - 20/07/22 17:43:35 INFO Executor: Finished task 0.0 in stage 0.0 (TID 0). 1779 bytes result sent to driver
[2020-07-22 17:43:35,478] {logging_mixin.py:112} INFO - [2020-07-22 17:43:35,478] {spark_submit_hook.py:479} INFO - 20/07/22 17:43:35 INFO TaskSetManager: Finished task 0.0 in stage 0.0 (TID 0) in 1773 ms on 192.168.43.94 (executor driver) (1/1)
[2020-07-22 17:43:35,482] {logging_mixin.py:112} INFO - [2020-07-22 17:43:35,481] {spark_submit_hook.py:479} INFO - 20/07/22 17:43:35 INFO TaskSchedulerImpl: Removed TaskSet 0.0, whose tasks have all completed, from pool
[2020-07-22 17:43:35,487] {logging_mixin.py:112} INFO - [2020-07-22 17:43:35,487] {spark_submit_hook.py:479} INFO - 20/07/22 17:43:35 INFO PythonAccumulatorV2: Connected to AccumulatorServer at host: 127.0.0.1 port: 43121
[2020-07-22 17:43:35,494] {logging_mixin.py:112} INFO - [2020-07-22 17:43:35,494] {spark_submit_hook.py:479} INFO - 20/07/22 17:43:35 INFO DAGScheduler: ResultStage 0 (collect at /home/bhakti/airflow/spark_jobs/spark_test.py:8) finished in 1.920 s
[2020-07-22 17:43:35,506] {logging_mixin.py:112} INFO - [2020-07-22 17:43:35,505] {spark_submit_hook.py:479} INFO - 20/07/22 17:43:35 INFO DAGScheduler: Job 0 is finished. Cancelling potential speculative or zombie tasks for this job
[2020-07-22 17:43:35,507] {logging_mixin.py:112} INFO - [2020-07-22 17:43:35,506] {spark_submit_hook.py:479} INFO - 20/07/22 17:43:35 INFO TaskSchedulerImpl: Killing all running tasks in stage 0: Stage finished
[2020-07-22 17:43:35,511] {logging_mixin.py:112} INFO - [2020-07-22 17:43:35,511] {spark_submit_hook.py:479} INFO - 20/07/22 17:43:35 INFO DAGScheduler: Job 0 finished: collect at /home/bhakti/airflow/spark_jobs/spark_test.py:8, took 2.017119 s
[2020-07-22 17:43:35,526] {logging_mixin.py:112} INFO - [2020-07-22 17:43:35,526] {spark_submit_hook.py:479} INFO - [('PERSON', 'JOINING_YEAR', 'COMPANY'), ('John', '2018', 'Google'), ('Sam', '2017', 'IBM'), ('Jeff', '2014', 'Yahoo'), ('Allen', '2015', 'Facebook')]
[2020-07-22 17:43:36,350] {logging_mixin.py:112} INFO - [2020-07-22 17:43:36,349] {spark_submit_hook.py:479} INFO - 20/07/22 17:43:36 INFO BlockManagerInfo: Removed broadcast_1_piece0 on 192.168.43.94:33443 in memory (size: 4.4 KiB, free: 366.3 MiB)
[2020-07-22 17:43:36,368] {logging_mixin.py:112} INFO - [2020-07-22 17:43:36,367] {spark_submit_hook.py:479} INFO - 20/07/22 17:43:36 INFO BlockManagerInfo: Removed broadcast_0_piece0 on 192.168.43.94:33443 in memory (size: 23.4 KiB, free: 366.3 MiB)
[2020-07-22 17:43:36,489] {logging_mixin.py:112} INFO - [2020-07-22 17:43:36,489] {spark_submit_hook.py:479} INFO - 20/07/22 17:43:36 INFO SharedState: Setting hive.metastore.warehouse.dir ('null') to the value of spark.sql.warehouse.dir ('file:/home/bhakti/airflow/spark-warehouse').
[2020-07-22 17:43:36,490] {logging_mixin.py:112} INFO - [2020-07-22 17:43:36,489] {spark_submit_hook.py:479} INFO - 20/07/22 17:43:36 INFO SharedState: Warehouse path is 'file:/home/bhakti/airflow/spark-warehouse'.
[2020-07-22 17:43:40,961] {logging_mixin.py:112} INFO - [2020-07-22 17:43:40,960] {spark_submit_hook.py:479} INFO - 20/07/22 17:43:40 INFO CodeGenerator: Code generated in 399.019826 ms
[2020-07-22 17:43:41,051] {logging_mixin.py:112} INFO - [2020-07-22 17:43:41,051] {spark_submit_hook.py:479} INFO - 20/07/22 17:43:41 INFO SparkContext: Starting job: showString at NativeMethodAccessorImpl.java:0
[2020-07-22 17:43:41,055] {logging_mixin.py:112} INFO - [2020-07-22 17:43:41,055] {spark_submit_hook.py:479} INFO - 20/07/22 17:43:41 INFO DAGScheduler: Got job 1 (showString at NativeMethodAccessorImpl.java:0) with 1 output partitions
[2020-07-22 17:43:41,056] {logging_mixin.py:112} INFO - [2020-07-22 17:43:41,056] {spark_submit_hook.py:479} INFO - 20/07/22 17:43:41 INFO DAGScheduler: Final stage: ResultStage 1 (showString at NativeMethodAccessorImpl.java:0)
[2020-07-22 17:43:41,056] {logging_mixin.py:112} INFO - [2020-07-22 17:43:41,056] {spark_submit_hook.py:479} INFO - 20/07/22 17:43:41 INFO DAGScheduler: Parents of final stage: List()
[2020-07-22 17:43:41,057] {logging_mixin.py:112} INFO - [2020-07-22 17:43:41,057] {spark_submit_hook.py:479} INFO - 20/07/22 17:43:41 INFO DAGScheduler: Missing parents: List()
[2020-07-22 17:43:41,062] {logging_mixin.py:112} INFO - [2020-07-22 17:43:41,062] {spark_submit_hook.py:479} INFO - 20/07/22 17:43:41 INFO DAGScheduler: Submitting ResultStage 1 (MapPartitionsRDD[9] at showString at NativeMethodAccessorImpl.java:0), which has no missing parents
[2020-07-22 17:43:41,104] {logging_mixin.py:112} INFO - [2020-07-22 17:43:41,104] {spark_submit_hook.py:479} INFO - 20/07/22 17:43:41 INFO MemoryStore: Block broadcast_2 stored as values in memory (estimated size 11.2 KiB, free 366.3 MiB)
[2020-07-22 17:43:41,108] {logging_mixin.py:112} INFO - [2020-07-22 17:43:41,108] {spark_submit_hook.py:479} INFO - 20/07/22 17:43:41 INFO MemoryStore: Block broadcast_2_piece0 stored as bytes in memory (estimated size 5.8 KiB, free 366.3 MiB)
[2020-07-22 17:43:41,110] {logging_mixin.py:112} INFO - [2020-07-22 17:43:41,110] {spark_submit_hook.py:479} INFO - 20/07/22 17:43:41 INFO BlockManagerInfo: Added broadcast_2_piece0 in memory on 192.168.43.94:33443 (size: 5.8 KiB, free: 366.3 MiB)
[2020-07-22 17:43:41,112] {logging_mixin.py:112} INFO - [2020-07-22 17:43:41,111] {spark_submit_hook.py:479} INFO - 20/07/22 17:43:41 INFO SparkContext: Created broadcast 2 from broadcast at DAGScheduler.scala:1200
[2020-07-22 17:43:41,113] {logging_mixin.py:112} INFO - [2020-07-22 17:43:41,113] {spark_submit_hook.py:479} INFO - 20/07/22 17:43:41 INFO DAGScheduler: Submitting 1 missing tasks from ResultStage 1 (MapPartitionsRDD[9] at showString at NativeMethodAccessorImpl.java:0) (first 15 tasks are for partitions Vector(0))
[2020-07-22 17:43:41,114] {logging_mixin.py:112} INFO - [2020-07-22 17:43:41,114] {spark_submit_hook.py:479} INFO - 20/07/22 17:43:41 INFO TaskSchedulerImpl: Adding task set 1.0 with 1 tasks
[2020-07-22 17:43:41,135] {logging_mixin.py:112} INFO - [2020-07-22 17:43:41,135] {spark_submit_hook.py:479} INFO - 20/07/22 17:43:41 INFO TaskSetManager: Starting task 0.0 in stage 1.0 (TID 1, 192.168.43.94, executor driver, partition 0, PROCESS_LOCAL, 7493 bytes)
[2020-07-22 17:43:41,136] {logging_mixin.py:112} INFO - [2020-07-22 17:43:41,136] {spark_submit_hook.py:479} INFO - 20/07/22 17:43:41 INFO Executor: Running task 0.0 in stage 1.0 (TID 1)
[2020-07-22 17:43:41,236] {logging_mixin.py:112} INFO - [2020-07-22 17:43:41,236] {spark_submit_hook.py:479} INFO - 20/07/22 17:43:41 INFO PythonRunner: Times: total = 8, boot = -5759, init = 5767, finish = 0
[2020-07-22 17:43:41,241] {logging_mixin.py:112} INFO - [2020-07-22 17:43:41,241] {spark_submit_hook.py:479} INFO - 20/07/22 17:43:41 INFO Executor: Finished task 0.0 in stage 1.0 (TID 1). 2235 bytes result sent to driver
[2020-07-22 17:43:41,245] {logging_mixin.py:112} INFO - [2020-07-22 17:43:41,244] {spark_submit_hook.py:479} INFO - 20/07/22 17:43:41 INFO TaskSetManager: Finished task 0.0 in stage 1.0 (TID 1) in 129 ms on 192.168.43.94 (executor driver) (1/1)
[2020-07-22 17:43:41,248] {logging_mixin.py:112} INFO - [2020-07-22 17:43:41,248] {spark_submit_hook.py:479} INFO - 20/07/22 17:43:41 INFO DAGScheduler: ResultStage 1 (showString at NativeMethodAccessorImpl.java:0) finished in 0.175 s
[2020-07-22 17:43:41,249] {logging_mixin.py:112} INFO - [2020-07-22 17:43:41,248] {spark_submit_hook.py:479} INFO - 20/07/22 17:43:41 INFO DAGScheduler: Job 1 is finished. Cancelling potential speculative or zombie tasks for this job
[2020-07-22 17:43:41,251] {logging_mixin.py:112} INFO - [2020-07-22 17:43:41,251] {spark_submit_hook.py:479} INFO - 20/07/22 17:43:41 INFO TaskSchedulerImpl: Removed TaskSet 1.0, whose tasks have all completed, from pool
[2020-07-22 17:43:41,252] {logging_mixin.py:112} INFO - [2020-07-22 17:43:41,252] {spark_submit_hook.py:479} INFO - 20/07/22 17:43:41 INFO TaskSchedulerImpl: Killing all running tasks in stage 1: Stage finished
[2020-07-22 17:43:41,259] {logging_mixin.py:112} INFO - [2020-07-22 17:43:41,254] {spark_submit_hook.py:479} INFO - 20/07/22 17:43:41 INFO DAGScheduler: Job 1 finished: showString at NativeMethodAccessorImpl.java:0, took 0.202259 s
[2020-07-22 17:43:41,335] {logging_mixin.py:112} INFO - [2020-07-22 17:43:41,334] {spark_submit_hook.py:479} INFO - 20/07/22 17:43:41 INFO CodeGenerator: Code generated in 43.578533 ms
[2020-07-22 17:43:41,357] {logging_mixin.py:112} INFO - [2020-07-22 17:43:41,356] {spark_submit_hook.py:479} INFO - +------+------------+--------+
[2020-07-22 17:43:41,357] {logging_mixin.py:112} INFO - [2020-07-22 17:43:41,357] {spark_submit_hook.py:479} INFO - |    _1|          _2|      _3|
[2020-07-22 17:43:41,357] {logging_mixin.py:112} INFO - [2020-07-22 17:43:41,357] {spark_submit_hook.py:479} INFO - +------+------------+--------+
[2020-07-22 17:43:41,358] {logging_mixin.py:112} INFO - [2020-07-22 17:43:41,357] {spark_submit_hook.py:479} INFO - |PERSON|JOINING_YEAR| COMPANY|
[2020-07-22 17:43:41,358] {logging_mixin.py:112} INFO - [2020-07-22 17:43:41,358] {spark_submit_hook.py:479} INFO - |  John|        2018|  Google|
[2020-07-22 17:43:41,358] {logging_mixin.py:112} INFO - [2020-07-22 17:43:41,358] {spark_submit_hook.py:479} INFO - |   Sam|        2017|     IBM|
[2020-07-22 17:43:41,358] {logging_mixin.py:112} INFO - [2020-07-22 17:43:41,358] {spark_submit_hook.py:479} INFO - |  Jeff|        2014|   Yahoo|
[2020-07-22 17:43:41,359] {logging_mixin.py:112} INFO - [2020-07-22 17:43:41,359] {spark_submit_hook.py:479} INFO - | Allen|        2015|Facebook|
[2020-07-22 17:43:41,359] {logging_mixin.py:112} INFO - [2020-07-22 17:43:41,359] {spark_submit_hook.py:479} INFO - +------+------------+--------+
[2020-07-22 17:43:41,359] {logging_mixin.py:112} INFO - [2020-07-22 17:43:41,359] {spark_submit_hook.py:479} INFO - 
[2020-07-22 17:43:41,462] {logging_mixin.py:112} INFO - [2020-07-22 17:43:41,462] {spark_submit_hook.py:479} INFO - 20/07/22 17:43:41 INFO SparkContext: Invoking stop() from shutdown hook
[2020-07-22 17:43:41,473] {logging_mixin.py:112} INFO - [2020-07-22 17:43:41,473] {spark_submit_hook.py:479} INFO - 20/07/22 17:43:41 INFO SparkUI: Stopped Spark web UI at http://192.168.43.94:4045
[2020-07-22 17:43:41,492] {logging_mixin.py:112} INFO - [2020-07-22 17:43:41,491] {spark_submit_hook.py:479} INFO - 20/07/22 17:43:41 INFO MapOutputTrackerMasterEndpoint: MapOutputTrackerMasterEndpoint stopped!
[2020-07-22 17:43:41,506] {logging_mixin.py:112} INFO - [2020-07-22 17:43:41,506] {spark_submit_hook.py:479} INFO - 20/07/22 17:43:41 INFO MemoryStore: MemoryStore cleared
[2020-07-22 17:43:41,507] {logging_mixin.py:112} INFO - [2020-07-22 17:43:41,506] {spark_submit_hook.py:479} INFO - 20/07/22 17:43:41 INFO BlockManager: BlockManager stopped
[2020-07-22 17:43:41,512] {logging_mixin.py:112} INFO - [2020-07-22 17:43:41,512] {spark_submit_hook.py:479} INFO - 20/07/22 17:43:41 INFO BlockManagerMaster: BlockManagerMaster stopped
[2020-07-22 17:43:41,517] {logging_mixin.py:112} INFO - [2020-07-22 17:43:41,516] {spark_submit_hook.py:479} INFO - 20/07/22 17:43:41 INFO OutputCommitCoordinator$OutputCommitCoordinatorEndpoint: OutputCommitCoordinator stopped!
[2020-07-22 17:43:41,527] {logging_mixin.py:112} INFO - [2020-07-22 17:43:41,527] {spark_submit_hook.py:479} INFO - 20/07/22 17:43:41 INFO SparkContext: Successfully stopped SparkContext
[2020-07-22 17:43:41,528] {logging_mixin.py:112} INFO - [2020-07-22 17:43:41,528] {spark_submit_hook.py:479} INFO - 20/07/22 17:43:41 INFO ShutdownHookManager: Shutdown hook called
[2020-07-22 17:43:41,531] {logging_mixin.py:112} INFO - [2020-07-22 17:43:41,531] {spark_submit_hook.py:479} INFO - 20/07/22 17:43:41 INFO ShutdownHookManager: Deleting directory /tmp/spark-3bd2bb34-6958-4e42-85f9-a33fb6110c02
[2020-07-22 17:43:41,534] {logging_mixin.py:112} INFO - [2020-07-22 17:43:41,533] {spark_submit_hook.py:479} INFO - 20/07/22 17:43:41 INFO ShutdownHookManager: Deleting directory /tmp/spark-ec148da0-990d-4b45-ac68-1776d2734ae1
[2020-07-22 17:43:41,540] {logging_mixin.py:112} INFO - [2020-07-22 17:43:41,539] {spark_submit_hook.py:479} INFO - 20/07/22 17:43:41 INFO ShutdownHookManager: Deleting directory /tmp/spark-3bd2bb34-6958-4e42-85f9-a33fb6110c02/pyspark-84b2c2eb-d1f2-4de9-8c79-5efff4881e19
[2020-07-22 17:43:41,641] {taskinstance.py:1052} INFO - Marking task as SUCCESS.dag_id=submit_data, task_id=spark_submit, execution_date=20200720T080500, start_date=20200722T121319, end_date=20200722T121341
[2020-07-22 17:43:44,399] {logging_mixin.py:112} INFO - [2020-07-22 17:43:44,399] {local_task_job.py:103} INFO - Task exited with return code 0
