[2020-07-23 14:54:50,473] {taskinstance.py:669} INFO - Dependencies all met for <TaskInstance: submit_data.spark_submit 2020-07-21T00:15:00+00:00 [queued]>
[2020-07-23 14:54:50,488] {taskinstance.py:669} INFO - Dependencies all met for <TaskInstance: submit_data.spark_submit 2020-07-21T00:15:00+00:00 [queued]>
[2020-07-23 14:54:50,488] {taskinstance.py:879} INFO - 
--------------------------------------------------------------------------------
[2020-07-23 14:54:50,488] {taskinstance.py:880} INFO - Starting attempt 1 of 1
[2020-07-23 14:54:50,488] {taskinstance.py:881} INFO - 
--------------------------------------------------------------------------------
[2020-07-23 14:54:50,653] {taskinstance.py:900} INFO - Executing <Task(SparkSubmitOperator): spark_submit> on 2020-07-21T00:15:00+00:00
[2020-07-23 14:54:50,658] {standard_task_runner.py:53} INFO - Started process 225320 to run task
[2020-07-23 14:54:50,872] {logging_mixin.py:112} INFO - Running %s on host %s <TaskInstance: submit_data.spark_submit 2020-07-21T00:15:00+00:00 [running]> bhakti-Vostro-3558
[2020-07-23 14:54:50,896] {logging_mixin.py:112} INFO - [2020-07-23 14:54:50,896] {base_hook.py:87} INFO - Using connection to: id: spark_local. Host: local, Port: None, Schema: None, Login: None, Password: None, extra: None
[2020-07-23 14:54:50,897] {logging_mixin.py:112} INFO - [2020-07-23 14:54:50,897] {spark_submit_hook.py:325} INFO - Spark-Submit cmd: spark-submit --master local --name airflow-spark /home/bhakti/airflow/spark_jobs/spark_test.py
[2020-07-23 14:54:54,571] {logging_mixin.py:112} INFO - [2020-07-23 14:54:54,570] {spark_submit_hook.py:479} INFO - 20/07/23 14:54:54 WARN Utils: Your hostname, bhakti-Vostro-3558 resolves to a loopback address: 127.0.1.1; using 192.168.43.94 instead (on interface wlp6s0)
[2020-07-23 14:54:54,575] {logging_mixin.py:112} INFO - [2020-07-23 14:54:54,574] {spark_submit_hook.py:479} INFO - 20/07/23 14:54:54 WARN Utils: Set SPARK_LOCAL_IP if you need to bind to another address
[2020-07-23 14:54:56,642] {logging_mixin.py:112} INFO - [2020-07-23 14:54:56,642] {spark_submit_hook.py:479} INFO - 20/07/23 14:54:56 WARN NativeCodeLoader: Unable to load native-hadoop library for your platform... using builtin-java classes where applicable
[2020-07-23 14:55:00,153] {logging_mixin.py:112} INFO - [2020-07-23 14:55:00,152] {spark_submit_hook.py:479} INFO - Using Spark's default log4j profile: org/apache/spark/log4j-defaults.properties
[2020-07-23 14:55:00,184] {logging_mixin.py:112} INFO - [2020-07-23 14:55:00,183] {spark_submit_hook.py:479} INFO - 20/07/23 14:55:00 INFO SparkContext: Running Spark version 3.0.0
[2020-07-23 14:55:00,290] {logging_mixin.py:112} INFO - [2020-07-23 14:55:00,290] {spark_submit_hook.py:479} INFO - 20/07/23 14:55:00 INFO ResourceUtils: ==============================================================
[2020-07-23 14:55:00,293] {logging_mixin.py:112} INFO - [2020-07-23 14:55:00,293] {spark_submit_hook.py:479} INFO - 20/07/23 14:55:00 INFO ResourceUtils: Resources for spark.driver:
[2020-07-23 14:55:00,294] {logging_mixin.py:112} INFO - [2020-07-23 14:55:00,293] {spark_submit_hook.py:479} INFO - 
[2020-07-23 14:55:00,294] {logging_mixin.py:112} INFO - [2020-07-23 14:55:00,294] {spark_submit_hook.py:479} INFO - 20/07/23 14:55:00 INFO ResourceUtils: ==============================================================
[2020-07-23 14:55:00,295] {logging_mixin.py:112} INFO - [2020-07-23 14:55:00,295] {spark_submit_hook.py:479} INFO - 20/07/23 14:55:00 INFO SparkContext: Submitted application: Spark_Test_Python
[2020-07-23 14:55:00,426] {logging_mixin.py:112} INFO - [2020-07-23 14:55:00,425] {spark_submit_hook.py:479} INFO - 20/07/23 14:55:00 INFO SecurityManager: Changing view acls to: bhakti
[2020-07-23 14:55:00,426] {logging_mixin.py:112} INFO - [2020-07-23 14:55:00,426] {spark_submit_hook.py:479} INFO - 20/07/23 14:55:00 INFO SecurityManager: Changing modify acls to: bhakti
[2020-07-23 14:55:00,426] {logging_mixin.py:112} INFO - [2020-07-23 14:55:00,426] {spark_submit_hook.py:479} INFO - 20/07/23 14:55:00 INFO SecurityManager: Changing view acls groups to:
[2020-07-23 14:55:00,427] {logging_mixin.py:112} INFO - [2020-07-23 14:55:00,427] {spark_submit_hook.py:479} INFO - 20/07/23 14:55:00 INFO SecurityManager: Changing modify acls groups to:
[2020-07-23 14:55:00,427] {logging_mixin.py:112} INFO - [2020-07-23 14:55:00,427] {spark_submit_hook.py:479} INFO - 20/07/23 14:55:00 INFO SecurityManager: SecurityManager: authentication disabled; ui acls disabled; users  with view permissions: Set(bhakti); groups with view permissions: Set(); users  with modify permissions: Set(bhakti); groups with modify permissions: Set()
[2020-07-23 14:55:01,044] {logging_mixin.py:112} INFO - [2020-07-23 14:55:01,043] {spark_submit_hook.py:479} INFO - 20/07/23 14:55:01 INFO Utils: Successfully started service 'sparkDriver' on port 45805.
[2020-07-23 14:55:01,104] {logging_mixin.py:112} INFO - [2020-07-23 14:55:01,104] {spark_submit_hook.py:479} INFO - 20/07/23 14:55:01 INFO SparkEnv: Registering MapOutputTracker
[2020-07-23 14:55:01,202] {logging_mixin.py:112} INFO - [2020-07-23 14:55:01,202] {spark_submit_hook.py:479} INFO - 20/07/23 14:55:01 INFO SparkEnv: Registering BlockManagerMaster
[2020-07-23 14:55:01,278] {logging_mixin.py:112} INFO - [2020-07-23 14:55:01,277] {spark_submit_hook.py:479} INFO - 20/07/23 14:55:01 INFO BlockManagerMasterEndpoint: Using org.apache.spark.storage.DefaultTopologyMapper for getting topology information
[2020-07-23 14:55:01,278] {logging_mixin.py:112} INFO - [2020-07-23 14:55:01,278] {spark_submit_hook.py:479} INFO - 20/07/23 14:55:01 INFO BlockManagerMasterEndpoint: BlockManagerMasterEndpoint up
[2020-07-23 14:55:01,289] {logging_mixin.py:112} INFO - [2020-07-23 14:55:01,289] {spark_submit_hook.py:479} INFO - 20/07/23 14:55:01 INFO SparkEnv: Registering BlockManagerMasterHeartbeat
[2020-07-23 14:55:01,323] {logging_mixin.py:112} INFO - [2020-07-23 14:55:01,323] {spark_submit_hook.py:479} INFO - 20/07/23 14:55:01 INFO DiskBlockManager: Created local directory at /tmp/blockmgr-7a345809-f6a5-4974-8874-a49210eb3478
[2020-07-23 14:55:01,376] {logging_mixin.py:112} INFO - [2020-07-23 14:55:01,376] {spark_submit_hook.py:479} INFO - 20/07/23 14:55:01 INFO MemoryStore: MemoryStore started with capacity 366.3 MiB
[2020-07-23 14:55:01,455] {logging_mixin.py:112} INFO - [2020-07-23 14:55:01,455] {spark_submit_hook.py:479} INFO - 20/07/23 14:55:01 INFO SparkEnv: Registering OutputCommitCoordinator
[2020-07-23 14:55:02,176] {logging_mixin.py:112} INFO - [2020-07-23 14:55:02,175] {spark_submit_hook.py:479} INFO - 20/07/23 14:55:02 WARN Utils: Service 'SparkUI' could not bind on port 4040. Attempting port 4041.
[2020-07-23 14:55:02,176] {logging_mixin.py:112} INFO - [2020-07-23 14:55:02,176] {spark_submit_hook.py:479} INFO - 20/07/23 14:55:02 WARN Utils: Service 'SparkUI' could not bind on port 4041. Attempting port 4042.
[2020-07-23 14:55:02,191] {logging_mixin.py:112} INFO - [2020-07-23 14:55:02,191] {spark_submit_hook.py:479} INFO - 20/07/23 14:55:02 INFO Utils: Successfully started service 'SparkUI' on port 4042.
[2020-07-23 14:55:02,296] {logging_mixin.py:112} INFO - [2020-07-23 14:55:02,296] {spark_submit_hook.py:479} INFO - 20/07/23 14:55:02 INFO SparkUI: Bound SparkUI to 0.0.0.0, and started at http://192.168.43.94:4042
[2020-07-23 14:55:02,803] {logging_mixin.py:112} INFO - [2020-07-23 14:55:02,802] {spark_submit_hook.py:479} INFO - 20/07/23 14:55:02 INFO Executor: Starting executor ID driver on host 192.168.43.94
[2020-07-23 14:55:02,863] {logging_mixin.py:112} INFO - [2020-07-23 14:55:02,862] {spark_submit_hook.py:479} INFO - 20/07/23 14:55:02 INFO Utils: Successfully started service 'org.apache.spark.network.netty.NettyBlockTransferService' on port 41371.
[2020-07-23 14:55:02,870] {logging_mixin.py:112} INFO - [2020-07-23 14:55:02,869] {spark_submit_hook.py:479} INFO - 20/07/23 14:55:02 INFO NettyBlockTransferService: Server created on 192.168.43.94:41371
[2020-07-23 14:55:02,870] {logging_mixin.py:112} INFO - [2020-07-23 14:55:02,870] {spark_submit_hook.py:479} INFO - 20/07/23 14:55:02 INFO BlockManager: Using org.apache.spark.storage.RandomBlockReplicationPolicy for block replication policy
[2020-07-23 14:55:02,890] {logging_mixin.py:112} INFO - [2020-07-23 14:55:02,890] {spark_submit_hook.py:479} INFO - 20/07/23 14:55:02 INFO BlockManagerMaster: Registering BlockManager BlockManagerId(driver, 192.168.43.94, 41371, None)
[2020-07-23 14:55:02,920] {logging_mixin.py:112} INFO - [2020-07-23 14:55:02,920] {spark_submit_hook.py:479} INFO - 20/07/23 14:55:02 INFO BlockManagerMasterEndpoint: Registering block manager 192.168.43.94:41371 with 366.3 MiB RAM, BlockManagerId(driver, 192.168.43.94, 41371, None)
[2020-07-23 14:55:02,927] {logging_mixin.py:112} INFO - [2020-07-23 14:55:02,927] {spark_submit_hook.py:479} INFO - 20/07/23 14:55:02 INFO BlockManagerMaster: Registered BlockManager BlockManagerId(driver, 192.168.43.94, 41371, None)
[2020-07-23 14:55:02,935] {logging_mixin.py:112} INFO - [2020-07-23 14:55:02,935] {spark_submit_hook.py:479} INFO - 20/07/23 14:55:02 INFO BlockManager: Initialized BlockManager: BlockManagerId(driver, 192.168.43.94, 41371, None)
[2020-07-23 14:55:05,155] {logging_mixin.py:112} INFO - [2020-07-23 14:55:05,155] {spark_submit_hook.py:479} INFO - 20/07/23 14:55:05 INFO MemoryStore: Block broadcast_0 stored as values in memory (estimated size 241.5 KiB, free 366.1 MiB)
[2020-07-23 14:55:05,305] {logging_mixin.py:112} INFO - [2020-07-23 14:55:05,305] {spark_submit_hook.py:479} INFO - 20/07/23 14:55:05 INFO MemoryStore: Block broadcast_0_piece0 stored as bytes in memory (estimated size 23.4 KiB, free 366.0 MiB)
[2020-07-23 14:55:05,313] {logging_mixin.py:112} INFO - [2020-07-23 14:55:05,312] {spark_submit_hook.py:479} INFO - 20/07/23 14:55:05 INFO BlockManagerInfo: Added broadcast_0_piece0 in memory on 192.168.43.94:41371 (size: 23.4 KiB, free: 366.3 MiB)
[2020-07-23 14:55:05,330] {logging_mixin.py:112} INFO - [2020-07-23 14:55:05,329] {spark_submit_hook.py:479} INFO - 20/07/23 14:55:05 INFO SparkContext: Created broadcast 0 from textFile at NativeMethodAccessorImpl.java:0
[2020-07-23 14:55:05,927] {logging_mixin.py:112} INFO - [2020-07-23 14:55:05,927] {spark_submit_hook.py:479} INFO - 20/07/23 14:55:05 INFO FileInputFormat: Total input paths to process : 1
[2020-07-23 14:55:06,187] {logging_mixin.py:112} INFO - [2020-07-23 14:55:06,186] {spark_submit_hook.py:479} INFO - 20/07/23 14:55:06 INFO SparkContext: Starting job: collect at /home/bhakti/airflow/spark_jobs/spark_test.py:8
[2020-07-23 14:55:06,226] {logging_mixin.py:112} INFO - [2020-07-23 14:55:06,226] {spark_submit_hook.py:479} INFO - 20/07/23 14:55:06 INFO DAGScheduler: Got job 0 (collect at /home/bhakti/airflow/spark_jobs/spark_test.py:8) with 1 output partitions
[2020-07-23 14:55:06,227] {logging_mixin.py:112} INFO - [2020-07-23 14:55:06,227] {spark_submit_hook.py:479} INFO - 20/07/23 14:55:06 INFO DAGScheduler: Final stage: ResultStage 0 (collect at /home/bhakti/airflow/spark_jobs/spark_test.py:8)
[2020-07-23 14:55:06,228] {logging_mixin.py:112} INFO - [2020-07-23 14:55:06,228] {spark_submit_hook.py:479} INFO - 20/07/23 14:55:06 INFO DAGScheduler: Parents of final stage: List()
[2020-07-23 14:55:06,239] {logging_mixin.py:112} INFO - [2020-07-23 14:55:06,239] {spark_submit_hook.py:479} INFO - 20/07/23 14:55:06 INFO DAGScheduler: Missing parents: List()
[2020-07-23 14:55:06,262] {logging_mixin.py:112} INFO - [2020-07-23 14:55:06,261] {spark_submit_hook.py:479} INFO - 20/07/23 14:55:06 INFO DAGScheduler: Submitting ResultStage 0 (PythonRDD[2] at collect at /home/bhakti/airflow/spark_jobs/spark_test.py:8), which has no missing parents
[2020-07-23 14:55:06,342] {logging_mixin.py:112} INFO - [2020-07-23 14:55:06,341] {spark_submit_hook.py:479} INFO - 20/07/23 14:55:06 INFO MemoryStore: Block broadcast_1 stored as values in memory (estimated size 7.4 KiB, free 366.0 MiB)
[2020-07-23 14:55:06,391] {logging_mixin.py:112} INFO - [2020-07-23 14:55:06,390] {spark_submit_hook.py:479} INFO - 20/07/23 14:55:06 INFO MemoryStore: Block broadcast_1_piece0 stored as bytes in memory (estimated size 4.4 KiB, free 366.0 MiB)
[2020-07-23 14:55:06,400] {logging_mixin.py:112} INFO - [2020-07-23 14:55:06,399] {spark_submit_hook.py:479} INFO - 20/07/23 14:55:06 INFO BlockManagerInfo: Added broadcast_1_piece0 in memory on 192.168.43.94:41371 (size: 4.4 KiB, free: 366.3 MiB)
[2020-07-23 14:55:06,403] {logging_mixin.py:112} INFO - [2020-07-23 14:55:06,403] {spark_submit_hook.py:479} INFO - 20/07/23 14:55:06 INFO SparkContext: Created broadcast 1 from broadcast at DAGScheduler.scala:1200
[2020-07-23 14:55:06,439] {logging_mixin.py:112} INFO - [2020-07-23 14:55:06,438] {spark_submit_hook.py:479} INFO - 20/07/23 14:55:06 INFO DAGScheduler: Submitting 1 missing tasks from ResultStage 0 (PythonRDD[2] at collect at /home/bhakti/airflow/spark_jobs/spark_test.py:8) (first 15 tasks are for partitions Vector(0))
[2020-07-23 14:55:06,442] {logging_mixin.py:112} INFO - [2020-07-23 14:55:06,441] {spark_submit_hook.py:479} INFO - 20/07/23 14:55:06 INFO TaskSchedulerImpl: Adding task set 0.0 with 1 tasks
[2020-07-23 14:55:06,689] {logging_mixin.py:112} INFO - [2020-07-23 14:55:06,689] {spark_submit_hook.py:479} INFO - 20/07/23 14:55:06 INFO TaskSetManager: Starting task 0.0 in stage 0.0 (TID 0, 192.168.43.94, executor driver, partition 0, PROCESS_LOCAL, 7388 bytes)
[2020-07-23 14:55:06,737] {logging_mixin.py:112} INFO - [2020-07-23 14:55:06,736] {spark_submit_hook.py:479} INFO - 20/07/23 14:55:06 INFO Executor: Running task 0.0 in stage 0.0 (TID 0)
[2020-07-23 14:55:07,472] {logging_mixin.py:112} INFO - [2020-07-23 14:55:07,472] {spark_submit_hook.py:479} INFO - 20/07/23 14:55:07 INFO HadoopRDD: Input split: file:/home/bhakti/airflow/input_data/sample.csv:0+93
[2020-07-23 14:55:08,629] {logging_mixin.py:112} INFO - [2020-07-23 14:55:08,629] {spark_submit_hook.py:479} INFO - 20/07/23 14:55:08 INFO PythonRunner: Times: total = 1089, boot = 1037, init = 52, finish = 0
[2020-07-23 14:55:08,674] {logging_mixin.py:112} INFO - [2020-07-23 14:55:08,673] {spark_submit_hook.py:479} INFO - 20/07/23 14:55:08 INFO Executor: Finished task 0.0 in stage 0.0 (TID 0). 1779 bytes result sent to driver
[2020-07-23 14:55:08,700] {logging_mixin.py:112} INFO - [2020-07-23 14:55:08,700] {spark_submit_hook.py:479} INFO - 20/07/23 14:55:08 INFO TaskSetManager: Finished task 0.0 in stage 0.0 (TID 0) in 2090 ms on 192.168.43.94 (executor driver) (1/1)
[2020-07-23 14:55:08,705] {logging_mixin.py:112} INFO - [2020-07-23 14:55:08,704] {spark_submit_hook.py:479} INFO - 20/07/23 14:55:08 INFO TaskSchedulerImpl: Removed TaskSet 0.0, whose tasks have all completed, from pool
[2020-07-23 14:55:08,713] {logging_mixin.py:112} INFO - [2020-07-23 14:55:08,713] {spark_submit_hook.py:479} INFO - 20/07/23 14:55:08 INFO PythonAccumulatorV2: Connected to AccumulatorServer at host: 127.0.0.1 port: 59791
[2020-07-23 14:55:08,726] {logging_mixin.py:112} INFO - [2020-07-23 14:55:08,726] {spark_submit_hook.py:479} INFO - 20/07/23 14:55:08 INFO DAGScheduler: ResultStage 0 (collect at /home/bhakti/airflow/spark_jobs/spark_test.py:8) finished in 2.387 s
[2020-07-23 14:55:08,742] {logging_mixin.py:112} INFO - [2020-07-23 14:55:08,741] {spark_submit_hook.py:479} INFO - 20/07/23 14:55:08 INFO DAGScheduler: Job 0 is finished. Cancelling potential speculative or zombie tasks for this job
[2020-07-23 14:55:08,742] {logging_mixin.py:112} INFO - [2020-07-23 14:55:08,742] {spark_submit_hook.py:479} INFO - 20/07/23 14:55:08 INFO TaskSchedulerImpl: Killing all running tasks in stage 0: Stage finished
[2020-07-23 14:55:08,754] {logging_mixin.py:112} INFO - [2020-07-23 14:55:08,754] {spark_submit_hook.py:479} INFO - 20/07/23 14:55:08 INFO DAGScheduler: Job 0 finished: collect at /home/bhakti/airflow/spark_jobs/spark_test.py:8, took 2.560669 s
[2020-07-23 14:55:08,780] {logging_mixin.py:112} INFO - [2020-07-23 14:55:08,779] {spark_submit_hook.py:479} INFO - [('PERSON', 'JOINING_YEAR', 'COMPANY'), ('John', '2018', 'Google'), ('Sam', '2017', 'IBM'), ('Jeff', '2014', 'Yahoo'), ('Allen', '2015', 'Facebook')]
[2020-07-23 14:55:09,774] {logging_mixin.py:112} INFO - [2020-07-23 14:55:09,774] {spark_submit_hook.py:479} INFO - 20/07/23 14:55:09 INFO BlockManagerInfo: Removed broadcast_1_piece0 on 192.168.43.94:41371 in memory (size: 4.4 KiB, free: 366.3 MiB)
[2020-07-23 14:55:09,820] {logging_mixin.py:112} INFO - [2020-07-23 14:55:09,820] {spark_submit_hook.py:479} INFO - 20/07/23 14:55:09 INFO BlockManagerInfo: Removed broadcast_0_piece0 on 192.168.43.94:41371 in memory (size: 23.4 KiB, free: 366.3 MiB)
[2020-07-23 14:55:10,007] {logging_mixin.py:112} INFO - [2020-07-23 14:55:10,006] {spark_submit_hook.py:479} INFO - 20/07/23 14:55:10 INFO SharedState: Setting hive.metastore.warehouse.dir ('null') to the value of spark.sql.warehouse.dir ('file:/home/bhakti/airflow/spark-warehouse').
[2020-07-23 14:55:10,008] {logging_mixin.py:112} INFO - [2020-07-23 14:55:10,008] {spark_submit_hook.py:479} INFO - 20/07/23 14:55:10 INFO SharedState: Warehouse path is 'file:/home/bhakti/airflow/spark-warehouse'.
[2020-07-23 14:55:15,838] {logging_mixin.py:112} INFO - [2020-07-23 14:55:15,838] {spark_submit_hook.py:479} INFO - 20/07/23 14:55:15 INFO CodeGenerator: Code generated in 615.490533 ms
[2020-07-23 14:55:16,058] {logging_mixin.py:112} INFO - [2020-07-23 14:55:16,058] {spark_submit_hook.py:479} INFO - 20/07/23 14:55:16 INFO SparkContext: Starting job: showString at NativeMethodAccessorImpl.java:0
[2020-07-23 14:55:16,066] {logging_mixin.py:112} INFO - [2020-07-23 14:55:16,063] {spark_submit_hook.py:479} INFO - 20/07/23 14:55:16 INFO DAGScheduler: Got job 1 (showString at NativeMethodAccessorImpl.java:0) with 1 output partitions
[2020-07-23 14:55:16,066] {logging_mixin.py:112} INFO - [2020-07-23 14:55:16,066] {spark_submit_hook.py:479} INFO - 20/07/23 14:55:16 INFO DAGScheduler: Final stage: ResultStage 1 (showString at NativeMethodAccessorImpl.java:0)
[2020-07-23 14:55:16,067] {logging_mixin.py:112} INFO - [2020-07-23 14:55:16,066] {spark_submit_hook.py:479} INFO - 20/07/23 14:55:16 INFO DAGScheduler: Parents of final stage: List()
[2020-07-23 14:55:16,067] {logging_mixin.py:112} INFO - [2020-07-23 14:55:16,067] {spark_submit_hook.py:479} INFO - 20/07/23 14:55:16 INFO DAGScheduler: Missing parents: List()
[2020-07-23 14:55:16,084] {logging_mixin.py:112} INFO - [2020-07-23 14:55:16,083] {spark_submit_hook.py:479} INFO - 20/07/23 14:55:16 INFO DAGScheduler: Submitting ResultStage 1 (MapPartitionsRDD[9] at showString at NativeMethodAccessorImpl.java:0), which has no missing parents
[2020-07-23 14:55:16,236] {logging_mixin.py:112} INFO - [2020-07-23 14:55:16,236] {spark_submit_hook.py:479} INFO - 20/07/23 14:55:16 INFO MemoryStore: Block broadcast_2 stored as values in memory (estimated size 11.2 KiB, free 366.3 MiB)
[2020-07-23 14:55:16,249] {logging_mixin.py:112} INFO - [2020-07-23 14:55:16,249] {spark_submit_hook.py:479} INFO - 20/07/23 14:55:16 INFO MemoryStore: Block broadcast_2_piece0 stored as bytes in memory (estimated size 5.8 KiB, free 366.3 MiB)
[2020-07-23 14:55:16,251] {logging_mixin.py:112} INFO - [2020-07-23 14:55:16,251] {spark_submit_hook.py:479} INFO - 20/07/23 14:55:16 INFO BlockManagerInfo: Added broadcast_2_piece0 in memory on 192.168.43.94:41371 (size: 5.8 KiB, free: 366.3 MiB)
[2020-07-23 14:55:16,253] {logging_mixin.py:112} INFO - [2020-07-23 14:55:16,253] {spark_submit_hook.py:479} INFO - 20/07/23 14:55:16 INFO SparkContext: Created broadcast 2 from broadcast at DAGScheduler.scala:1200
[2020-07-23 14:55:16,255] {logging_mixin.py:112} INFO - [2020-07-23 14:55:16,255] {spark_submit_hook.py:479} INFO - 20/07/23 14:55:16 INFO DAGScheduler: Submitting 1 missing tasks from ResultStage 1 (MapPartitionsRDD[9] at showString at NativeMethodAccessorImpl.java:0) (first 15 tasks are for partitions Vector(0))
[2020-07-23 14:55:16,256] {logging_mixin.py:112} INFO - [2020-07-23 14:55:16,255] {spark_submit_hook.py:479} INFO - 20/07/23 14:55:16 INFO TaskSchedulerImpl: Adding task set 1.0 with 1 tasks
[2020-07-23 14:55:16,293] {logging_mixin.py:112} INFO - [2020-07-23 14:55:16,293] {spark_submit_hook.py:479} INFO - 20/07/23 14:55:16 INFO TaskSetManager: Starting task 0.0 in stage 1.0 (TID 1, 192.168.43.94, executor driver, partition 0, PROCESS_LOCAL, 7493 bytes)
[2020-07-23 14:55:16,295] {logging_mixin.py:112} INFO - [2020-07-23 14:55:16,294] {spark_submit_hook.py:479} INFO - 20/07/23 14:55:16 INFO Executor: Running task 0.0 in stage 1.0 (TID 1)
[2020-07-23 14:55:16,497] {logging_mixin.py:112} INFO - [2020-07-23 14:55:16,496] {spark_submit_hook.py:479} INFO - 20/07/23 14:55:16 INFO PythonRunner: Times: total = 28, boot = -7761, init = 7788, finish = 1
[2020-07-23 14:55:16,503] {logging_mixin.py:112} INFO - [2020-07-23 14:55:16,502] {spark_submit_hook.py:479} INFO - 20/07/23 14:55:16 INFO Executor: Finished task 0.0 in stage 1.0 (TID 1). 2235 bytes result sent to driver
[2020-07-23 14:55:16,515] {logging_mixin.py:112} INFO - [2020-07-23 14:55:16,514] {spark_submit_hook.py:479} INFO - 20/07/23 14:55:16 INFO TaskSetManager: Finished task 0.0 in stage 1.0 (TID 1) in 254 ms on 192.168.43.94 (executor driver) (1/1)
[2020-07-23 14:55:16,515] {logging_mixin.py:112} INFO - [2020-07-23 14:55:16,515] {spark_submit_hook.py:479} INFO - 20/07/23 14:55:16 INFO TaskSchedulerImpl: Removed TaskSet 1.0, whose tasks have all completed, from pool
[2020-07-23 14:55:16,517] {logging_mixin.py:112} INFO - [2020-07-23 14:55:16,517] {spark_submit_hook.py:479} INFO - 20/07/23 14:55:16 INFO DAGScheduler: ResultStage 1 (showString at NativeMethodAccessorImpl.java:0) finished in 0.415 s
[2020-07-23 14:55:16,517] {logging_mixin.py:112} INFO - [2020-07-23 14:55:16,517] {spark_submit_hook.py:479} INFO - 20/07/23 14:55:16 INFO DAGScheduler: Job 1 is finished. Cancelling potential speculative or zombie tasks for this job
[2020-07-23 14:55:16,518] {logging_mixin.py:112} INFO - [2020-07-23 14:55:16,518] {spark_submit_hook.py:479} INFO - 20/07/23 14:55:16 INFO TaskSchedulerImpl: Killing all running tasks in stage 1: Stage finished
[2020-07-23 14:55:16,520] {logging_mixin.py:112} INFO - [2020-07-23 14:55:16,520] {spark_submit_hook.py:479} INFO - 20/07/23 14:55:16 INFO DAGScheduler: Job 1 finished: showString at NativeMethodAccessorImpl.java:0, took 0.460146 s
[2020-07-23 14:55:16,740] {logging_mixin.py:112} INFO - [2020-07-23 14:55:16,739] {spark_submit_hook.py:479} INFO - 20/07/23 14:55:16 INFO CodeGenerator: Code generated in 119.29035 ms
[2020-07-23 14:55:16,777] {logging_mixin.py:112} INFO - [2020-07-23 14:55:16,777] {spark_submit_hook.py:479} INFO - +------+------------+--------+
[2020-07-23 14:55:16,777] {logging_mixin.py:112} INFO - [2020-07-23 14:55:16,777] {spark_submit_hook.py:479} INFO - |    _1|          _2|      _3|
[2020-07-23 14:55:16,778] {logging_mixin.py:112} INFO - [2020-07-23 14:55:16,778] {spark_submit_hook.py:479} INFO - +------+------------+--------+
[2020-07-23 14:55:16,778] {logging_mixin.py:112} INFO - [2020-07-23 14:55:16,778] {spark_submit_hook.py:479} INFO - |PERSON|JOINING_YEAR| COMPANY|
[2020-07-23 14:55:16,779] {logging_mixin.py:112} INFO - [2020-07-23 14:55:16,778] {spark_submit_hook.py:479} INFO - |  John|        2018|  Google|
[2020-07-23 14:55:16,779] {logging_mixin.py:112} INFO - [2020-07-23 14:55:16,779] {spark_submit_hook.py:479} INFO - |   Sam|        2017|     IBM|
[2020-07-23 14:55:16,779] {logging_mixin.py:112} INFO - [2020-07-23 14:55:16,779] {spark_submit_hook.py:479} INFO - |  Jeff|        2014|   Yahoo|
[2020-07-23 14:55:16,780] {logging_mixin.py:112} INFO - [2020-07-23 14:55:16,779] {spark_submit_hook.py:479} INFO - | Allen|        2015|Facebook|
[2020-07-23 14:55:16,781] {logging_mixin.py:112} INFO - [2020-07-23 14:55:16,781] {spark_submit_hook.py:479} INFO - +------+------------+--------+
[2020-07-23 14:55:16,785] {logging_mixin.py:112} INFO - [2020-07-23 14:55:16,781] {spark_submit_hook.py:479} INFO - 
[2020-07-23 14:55:16,999] {logging_mixin.py:112} INFO - [2020-07-23 14:55:16,999] {spark_submit_hook.py:479} INFO - 20/07/23 14:55:16 INFO SparkContext: Invoking stop() from shutdown hook
[2020-07-23 14:55:17,038] {logging_mixin.py:112} INFO - [2020-07-23 14:55:17,037] {spark_submit_hook.py:479} INFO - 20/07/23 14:55:17 INFO SparkUI: Stopped Spark web UI at http://192.168.43.94:4042
[2020-07-23 14:55:17,121] {logging_mixin.py:112} INFO - [2020-07-23 14:55:17,121] {spark_submit_hook.py:479} INFO - 20/07/23 14:55:17 INFO MapOutputTrackerMasterEndpoint: MapOutputTrackerMasterEndpoint stopped!
[2020-07-23 14:55:17,166] {logging_mixin.py:112} INFO - [2020-07-23 14:55:17,166] {spark_submit_hook.py:479} INFO - 20/07/23 14:55:17 INFO MemoryStore: MemoryStore cleared
[2020-07-23 14:55:17,167] {logging_mixin.py:112} INFO - [2020-07-23 14:55:17,167] {spark_submit_hook.py:479} INFO - 20/07/23 14:55:17 INFO BlockManager: BlockManager stopped
[2020-07-23 14:55:17,183] {logging_mixin.py:112} INFO - [2020-07-23 14:55:17,183] {spark_submit_hook.py:479} INFO - 20/07/23 14:55:17 INFO BlockManagerMaster: BlockManagerMaster stopped
[2020-07-23 14:55:17,189] {logging_mixin.py:112} INFO - [2020-07-23 14:55:17,188] {spark_submit_hook.py:479} INFO - 20/07/23 14:55:17 INFO OutputCommitCoordinator$OutputCommitCoordinatorEndpoint: OutputCommitCoordinator stopped!
[2020-07-23 14:55:17,207] {logging_mixin.py:112} INFO - [2020-07-23 14:55:17,206] {spark_submit_hook.py:479} INFO - 20/07/23 14:55:17 INFO SparkContext: Successfully stopped SparkContext
[2020-07-23 14:55:17,211] {logging_mixin.py:112} INFO - [2020-07-23 14:55:17,210] {spark_submit_hook.py:479} INFO - 20/07/23 14:55:17 INFO ShutdownHookManager: Shutdown hook called
[2020-07-23 14:55:17,216] {logging_mixin.py:112} INFO - [2020-07-23 14:55:17,215] {spark_submit_hook.py:479} INFO - 20/07/23 14:55:17 INFO ShutdownHookManager: Deleting directory /tmp/spark-5bab5b02-dc36-4516-839e-820da0672112/pyspark-340c7cd9-82ad-45e7-bf8e-ef676bb4e236
[2020-07-23 14:55:17,224] {logging_mixin.py:112} INFO - [2020-07-23 14:55:17,223] {spark_submit_hook.py:479} INFO - 20/07/23 14:55:17 INFO ShutdownHookManager: Deleting directory /tmp/spark-5bab5b02-dc36-4516-839e-820da0672112
[2020-07-23 14:55:17,231] {logging_mixin.py:112} INFO - [2020-07-23 14:55:17,231] {spark_submit_hook.py:479} INFO - 20/07/23 14:55:17 INFO ShutdownHookManager: Deleting directory /tmp/spark-c28560f8-f45d-4592-99ab-4f381f828fcc
[2020-07-23 14:55:17,318] {taskinstance.py:1052} INFO - Marking task as SUCCESS.dag_id=submit_data, task_id=spark_submit, execution_date=20200721T001500, start_date=20200723T092450, end_date=20200723T092517
[2020-07-23 14:55:21,426] {logging_mixin.py:112} INFO - [2020-07-23 14:55:21,425] {local_task_job.py:103} INFO - Task exited with return code 0
