[2020-07-18 12:42:46,024] {taskinstance.py:669} INFO - Dependencies all met for <TaskInstance: storing_data.db1_to_csv 2020-07-18T07:12:32.264735+00:00 [queued]>
[2020-07-18 12:42:46,045] {taskinstance.py:669} INFO - Dependencies all met for <TaskInstance: storing_data.db1_to_csv 2020-07-18T07:12:32.264735+00:00 [queued]>
[2020-07-18 12:42:46,045] {taskinstance.py:879} INFO - 
--------------------------------------------------------------------------------
[2020-07-18 12:42:46,045] {taskinstance.py:880} INFO - Starting attempt 1 of 2
[2020-07-18 12:42:46,045] {taskinstance.py:881} INFO - 
--------------------------------------------------------------------------------
[2020-07-18 12:42:46,201] {taskinstance.py:900} INFO - Executing <Task(BashOperator): db1_to_csv> on 2020-07-18T07:12:32.264735+00:00
[2020-07-18 12:42:46,204] {standard_task_runner.py:53} INFO - Started process 31142 to run task
[2020-07-18 12:42:46,491] {logging_mixin.py:112} INFO - Running %s on host %s <TaskInstance: storing_data.db1_to_csv 2020-07-18T07:12:32.264735+00:00 [running]> bhakti-Vostro-3558
[2020-07-18 12:42:46,513] {bash_operator.py:82} INFO - Tmp dir root location: 
 /tmp
[2020-07-18 12:42:46,535] {bash_operator.py:103} INFO - Temporary script location: /tmp/airflowtmp9jf278e_/db1_to_csv6yxufngd
[2020-07-18 12:42:46,535] {bash_operator.py:115} INFO - Running command: #!/bin/bash -x
user=root
password=root
dbname=airflow_db1
host=mysql
port=3306
docker exec -it mysqlCon \
mysql -D$dbname -h$host -p$port -u$user -p$password -e'SELECT * FROM employees INTO OUTFILE "/input_files_mysql/sample3.csv" FIELDS TERMINATED BY "," LINES TERMINATED BY "\r\n";'
[2020-07-18 12:42:46,578] {bash_operator.py:122} INFO - Output:
[2020-07-18 12:42:47,366] {bash_operator.py:126} INFO - mysql: [Warning] Using a password on the command line interface can be insecure.
[2020-07-18 12:42:47,499] {bash_operator.py:128} INFO - Command exited with return code 0
[2020-07-18 12:42:47,510] {taskinstance.py:1052} INFO - Marking task as SUCCESS.dag_id=storing_data, task_id=db1_to_csv, execution_date=20200718T071232, start_date=20200718T071246, end_date=20200718T071247
[2020-07-18 12:42:55,879] {logging_mixin.py:112} INFO - [2020-07-18 12:42:55,878] {local_task_job.py:103} INFO - Task exited with return code 0
