[2020-07-22 16:27:21,383] {taskinstance.py:669} INFO - Dependencies all met for <TaskInstance: submit_data.spark_submit 2020-07-22T10:56:38.741278+00:00 [queued]>
[2020-07-22 16:27:21,395] {taskinstance.py:669} INFO - Dependencies all met for <TaskInstance: submit_data.spark_submit 2020-07-22T10:56:38.741278+00:00 [queued]>
[2020-07-22 16:27:21,395] {taskinstance.py:879} INFO - 
--------------------------------------------------------------------------------
[2020-07-22 16:27:21,395] {taskinstance.py:880} INFO - Starting attempt 1 of 1
[2020-07-22 16:27:21,396] {taskinstance.py:881} INFO - 
--------------------------------------------------------------------------------
[2020-07-22 16:27:21,550] {taskinstance.py:900} INFO - Executing <Task(SparkSubmitOperator): spark_submit> on 2020-07-22T10:56:38.741278+00:00
[2020-07-22 16:27:21,555] {standard_task_runner.py:53} INFO - Started process 577986 to run task
[2020-07-22 16:27:21,758] {logging_mixin.py:112} INFO - Running %s on host %s <TaskInstance: submit_data.spark_submit 2020-07-22T10:56:38.741278+00:00 [running]> bhakti-Vostro-3558
[2020-07-22 16:27:21,779] {logging_mixin.py:112} INFO - [2020-07-22 16:27:21,779] {base_hook.py:87} INFO - Using connection to: id: spark_local. Host: local, Port: None, Schema: None, Login: None, Password: None, extra: None
[2020-07-22 16:27:21,780] {logging_mixin.py:112} INFO - [2020-07-22 16:27:21,780] {spark_submit_hook.py:325} INFO - Spark-Submit cmd: spark-submit --master local --name airflow-spark /home/bhakti/airflow/spark_jobs/python/spark_test.py
[2020-07-22 16:27:24,076] {logging_mixin.py:112} INFO - [2020-07-22 16:27:24,075] {spark_submit_hook.py:479} INFO - 20/07/22 16:27:24 WARN Utils: Your hostname, bhakti-Vostro-3558 resolves to a loopback address: 127.0.1.1; using 192.168.43.94 instead (on interface wlp6s0)
[2020-07-22 16:27:24,083] {logging_mixin.py:112} INFO - [2020-07-22 16:27:24,082] {spark_submit_hook.py:479} INFO - 20/07/22 16:27:24 WARN Utils: Set SPARK_LOCAL_IP if you need to bind to another address
[2020-07-22 16:27:25,629] {logging_mixin.py:112} INFO - [2020-07-22 16:27:25,629] {spark_submit_hook.py:479} INFO - 20/07/22 16:27:25 WARN NativeCodeLoader: Unable to load native-hadoop library for your platform... using builtin-java classes where applicable
[2020-07-22 16:27:28,165] {logging_mixin.py:112} INFO - [2020-07-22 16:27:28,165] {spark_submit_hook.py:479} INFO - log4j:WARN No appenders could be found for logger (org.apache.spark.util.ShutdownHookManager).
[2020-07-22 16:27:28,166] {logging_mixin.py:112} INFO - [2020-07-22 16:27:28,165] {spark_submit_hook.py:479} INFO - log4j:WARN Please initialize the log4j system properly.
[2020-07-22 16:27:28,166] {logging_mixin.py:112} INFO - [2020-07-22 16:27:28,166] {spark_submit_hook.py:479} INFO - log4j:WARN See http://logging.apache.org/log4j/1.2/faq.html#noconfig for more info.
[2020-07-22 16:27:28,237] {taskinstance.py:1052} INFO - Marking task as SUCCESS.dag_id=submit_data, task_id=spark_submit, execution_date=20200722T105638, start_date=20200722T105721, end_date=20200722T105728
[2020-07-22 16:27:31,263] {logging_mixin.py:112} INFO - [2020-07-22 16:27:31,263] {local_task_job.py:103} INFO - Task exited with return code 0
