[2020-07-22 13:33:55,594] {taskinstance.py:669} INFO - Dependencies all met for <TaskInstance: submit_data.spark_submit 2020-07-20T01:21:00+00:00 [queued]>
[2020-07-22 13:33:55,611] {taskinstance.py:669} INFO - Dependencies all met for <TaskInstance: submit_data.spark_submit 2020-07-20T01:21:00+00:00 [queued]>
[2020-07-22 13:33:55,611] {taskinstance.py:879} INFO - 
--------------------------------------------------------------------------------
[2020-07-22 13:33:55,611] {taskinstance.py:880} INFO - Starting attempt 1 of 1
[2020-07-22 13:33:55,611] {taskinstance.py:881} INFO - 
--------------------------------------------------------------------------------
[2020-07-22 13:33:55,774] {taskinstance.py:900} INFO - Executing <Task(SparkSubmitOperator): spark_submit> on 2020-07-20T01:21:00+00:00
[2020-07-22 13:33:55,778] {standard_task_runner.py:53} INFO - Started process 351006 to run task
[2020-07-22 13:33:56,009] {logging_mixin.py:112} INFO - Running %s on host %s <TaskInstance: submit_data.spark_submit 2020-07-20T01:21:00+00:00 [running]> bhakti-Vostro-3558
[2020-07-22 13:33:56,061] {logging_mixin.py:112} INFO - [2020-07-22 13:33:56,060] {base_hook.py:87} INFO - Using connection to: id: spark_local. Host: localhost, Port: 4040, Schema: None, Login: None, Password: None, extra: None
[2020-07-22 13:33:56,062] {logging_mixin.py:112} INFO - [2020-07-22 13:33:56,062] {spark_submit_hook.py:325} INFO - Spark-Submit cmd: spark-submit --master localhost:4040 --name airflow-spark /home/bhakti/airflow/spark_jobs/python/spark_test.py
[2020-07-22 13:33:59,464] {logging_mixin.py:112} INFO - [2020-07-22 13:33:59,463] {spark_submit_hook.py:479} INFO - 20/07/22 13:33:59 WARN Utils: Your hostname, bhakti-Vostro-3558 resolves to a loopback address: 127.0.1.1; using 192.168.43.94 instead (on interface wlp6s0)
[2020-07-22 13:33:59,466] {logging_mixin.py:112} INFO - [2020-07-22 13:33:59,465] {spark_submit_hook.py:479} INFO - 20/07/22 13:33:59 WARN Utils: Set SPARK_LOCAL_IP if you need to bind to another address
[2020-07-22 13:34:04,634] {logging_mixin.py:112} INFO - [2020-07-22 13:34:04,634] {spark_submit_hook.py:479} INFO - 20/07/22 13:34:04 WARN NativeCodeLoader: Unable to load native-hadoop library for your platform... using builtin-java classes where applicable
[2020-07-22 13:34:06,759] {logging_mixin.py:112} INFO - [2020-07-22 13:34:06,759] {spark_submit_hook.py:479} INFO - Spark_Test_Python
[2020-07-22 13:34:06,760] {logging_mixin.py:112} INFO - [2020-07-22 13:34:06,759] {spark_submit_hook.py:479} INFO - Number of arguments: 0 arguments.
[2020-07-22 13:34:06,760] {logging_mixin.py:112} INFO - [2020-07-22 13:34:06,760] {spark_submit_hook.py:479} INFO - Argument List: []
[2020-07-22 13:34:06,901] {logging_mixin.py:112} INFO - [2020-07-22 13:34:06,900] {spark_submit_hook.py:479} INFO - Using Spark's default log4j profile: org/apache/spark/log4j-defaults.properties
[2020-07-22 13:34:06,921] {logging_mixin.py:112} INFO - [2020-07-22 13:34:06,921] {spark_submit_hook.py:479} INFO - 20/07/22 13:34:06 INFO SparkContext: Running Spark version 3.0.0
[2020-07-22 13:34:07,034] {logging_mixin.py:112} INFO - [2020-07-22 13:34:07,034] {spark_submit_hook.py:479} INFO - 20/07/22 13:34:07 INFO ResourceUtils: ==============================================================
[2020-07-22 13:34:07,038] {logging_mixin.py:112} INFO - [2020-07-22 13:34:07,037] {spark_submit_hook.py:479} INFO - 20/07/22 13:34:07 INFO ResourceUtils: Resources for spark.driver:
[2020-07-22 13:34:07,038] {logging_mixin.py:112} INFO - [2020-07-22 13:34:07,038] {spark_submit_hook.py:479} INFO - 
[2020-07-22 13:34:07,039] {logging_mixin.py:112} INFO - [2020-07-22 13:34:07,038] {spark_submit_hook.py:479} INFO - 20/07/22 13:34:07 INFO ResourceUtils: ==============================================================
[2020-07-22 13:34:07,040] {logging_mixin.py:112} INFO - [2020-07-22 13:34:07,040] {spark_submit_hook.py:479} INFO - 20/07/22 13:34:07 INFO SparkContext: Submitted application: Spark_Test_Python
[2020-07-22 13:34:07,362] {logging_mixin.py:112} INFO - [2020-07-22 13:34:07,362] {spark_submit_hook.py:479} INFO - 20/07/22 13:34:07 INFO SecurityManager: Changing view acls to: bhakti
[2020-07-22 13:34:07,362] {logging_mixin.py:112} INFO - [2020-07-22 13:34:07,362] {spark_submit_hook.py:479} INFO - 20/07/22 13:34:07 INFO SecurityManager: Changing modify acls to: bhakti
[2020-07-22 13:34:07,362] {logging_mixin.py:112} INFO - [2020-07-22 13:34:07,362] {spark_submit_hook.py:479} INFO - 20/07/22 13:34:07 INFO SecurityManager: Changing view acls groups to:
[2020-07-22 13:34:07,363] {logging_mixin.py:112} INFO - [2020-07-22 13:34:07,363] {spark_submit_hook.py:479} INFO - 20/07/22 13:34:07 INFO SecurityManager: Changing modify acls groups to:
[2020-07-22 13:34:07,363] {logging_mixin.py:112} INFO - [2020-07-22 13:34:07,363] {spark_submit_hook.py:479} INFO - 20/07/22 13:34:07 INFO SecurityManager: SecurityManager: authentication disabled; ui acls disabled; users  with view permissions: Set(bhakti); groups with view permissions: Set(); users  with modify permissions: Set(bhakti); groups with modify permissions: Set()
[2020-07-22 13:34:08,106] {logging_mixin.py:112} INFO - [2020-07-22 13:34:08,106] {spark_submit_hook.py:479} INFO - 20/07/22 13:34:08 INFO Utils: Successfully started service 'sparkDriver' on port 37065.
[2020-07-22 13:34:08,207] {logging_mixin.py:112} INFO - [2020-07-22 13:34:08,207] {spark_submit_hook.py:479} INFO - 20/07/22 13:34:08 INFO SparkEnv: Registering MapOutputTracker
[2020-07-22 13:34:08,344] {logging_mixin.py:112} INFO - [2020-07-22 13:34:08,344] {spark_submit_hook.py:479} INFO - 20/07/22 13:34:08 INFO SparkEnv: Registering BlockManagerMaster
[2020-07-22 13:34:08,437] {logging_mixin.py:112} INFO - [2020-07-22 13:34:08,437] {spark_submit_hook.py:479} INFO - 20/07/22 13:34:08 INFO BlockManagerMasterEndpoint: Using org.apache.spark.storage.DefaultTopologyMapper for getting topology information
[2020-07-22 13:34:08,456] {logging_mixin.py:112} INFO - [2020-07-22 13:34:08,456] {spark_submit_hook.py:479} INFO - 20/07/22 13:34:08 INFO BlockManagerMasterEndpoint: BlockManagerMasterEndpoint up
[2020-07-22 13:34:08,468] {logging_mixin.py:112} INFO - [2020-07-22 13:34:08,468] {spark_submit_hook.py:479} INFO - 20/07/22 13:34:08 INFO SparkEnv: Registering BlockManagerMasterHeartbeat
[2020-07-22 13:34:08,508] {logging_mixin.py:112} INFO - [2020-07-22 13:34:08,507] {spark_submit_hook.py:479} INFO - 20/07/22 13:34:08 INFO DiskBlockManager: Created local directory at /tmp/blockmgr-ca19463e-c3b8-4b70-a964-576c662b0fab
[2020-07-22 13:34:08,570] {logging_mixin.py:112} INFO - [2020-07-22 13:34:08,569] {spark_submit_hook.py:479} INFO - 20/07/22 13:34:08 INFO MemoryStore: MemoryStore started with capacity 366.3 MiB
[2020-07-22 13:34:08,613] {logging_mixin.py:112} INFO - [2020-07-22 13:34:08,613] {spark_submit_hook.py:479} INFO - 20/07/22 13:34:08 INFO SparkEnv: Registering OutputCommitCoordinator
[2020-07-22 13:34:09,346] {logging_mixin.py:112} INFO - [2020-07-22 13:34:09,346] {spark_submit_hook.py:479} INFO - 20/07/22 13:34:09 WARN Utils: Service 'SparkUI' could not bind on port 4040. Attempting port 4041.
[2020-07-22 13:34:09,348] {logging_mixin.py:112} INFO - [2020-07-22 13:34:09,348] {spark_submit_hook.py:479} INFO - 20/07/22 13:34:09 WARN Utils: Service 'SparkUI' could not bind on port 4041. Attempting port 4042.
[2020-07-22 13:34:09,350] {logging_mixin.py:112} INFO - [2020-07-22 13:34:09,350] {spark_submit_hook.py:479} INFO - 20/07/22 13:34:09 WARN Utils: Service 'SparkUI' could not bind on port 4042. Attempting port 4043.
[2020-07-22 13:34:09,351] {logging_mixin.py:112} INFO - [2020-07-22 13:34:09,351] {spark_submit_hook.py:479} INFO - 20/07/22 13:34:09 WARN Utils: Service 'SparkUI' could not bind on port 4043. Attempting port 4044.
[2020-07-22 13:34:09,352] {logging_mixin.py:112} INFO - [2020-07-22 13:34:09,352] {spark_submit_hook.py:479} INFO - 20/07/22 13:34:09 WARN Utils: Service 'SparkUI' could not bind on port 4044. Attempting port 4045.
[2020-07-22 13:34:09,373] {logging_mixin.py:112} INFO - [2020-07-22 13:34:09,372] {spark_submit_hook.py:479} INFO - 20/07/22 13:34:09 INFO Utils: Successfully started service 'SparkUI' on port 4045.
[2020-07-22 13:34:09,499] {logging_mixin.py:112} INFO - [2020-07-22 13:34:09,499] {spark_submit_hook.py:479} INFO - 20/07/22 13:34:09 INFO SparkUI: Bound SparkUI to 0.0.0.0, and started at http://192.168.43.94:4045
[2020-07-22 13:34:09,685] {logging_mixin.py:112} INFO - [2020-07-22 13:34:09,684] {spark_submit_hook.py:479} INFO - 20/07/22 13:34:09 ERROR SparkContext: Error initializing SparkContext.
[2020-07-22 13:34:09,685] {logging_mixin.py:112} INFO - [2020-07-22 13:34:09,685] {spark_submit_hook.py:479} INFO - org.apache.spark.SparkException: Could not parse Master URL: 'localhost:4040'
[2020-07-22 13:34:09,685] {logging_mixin.py:112} INFO - [2020-07-22 13:34:09,685] {spark_submit_hook.py:479} INFO - at org.apache.spark.SparkContext$.org$apache$spark$SparkContext$$createTaskScheduler(SparkContext.scala:2924)
[2020-07-22 13:34:09,686] {logging_mixin.py:112} INFO - [2020-07-22 13:34:09,686] {spark_submit_hook.py:479} INFO - at org.apache.spark.SparkContext.<init>(SparkContext.scala:528)
[2020-07-22 13:34:09,686] {logging_mixin.py:112} INFO - [2020-07-22 13:34:09,686] {spark_submit_hook.py:479} INFO - at org.apache.spark.api.java.JavaSparkContext.<init>(JavaSparkContext.scala:58)
[2020-07-22 13:34:09,686] {logging_mixin.py:112} INFO - [2020-07-22 13:34:09,686] {spark_submit_hook.py:479} INFO - at sun.reflect.NativeConstructorAccessorImpl.newInstance0(Native Method)
[2020-07-22 13:34:09,687] {logging_mixin.py:112} INFO - [2020-07-22 13:34:09,686] {spark_submit_hook.py:479} INFO - at sun.reflect.NativeConstructorAccessorImpl.newInstance(NativeConstructorAccessorImpl.java:62)
[2020-07-22 13:34:09,687] {logging_mixin.py:112} INFO - [2020-07-22 13:34:09,687] {spark_submit_hook.py:479} INFO - at sun.reflect.DelegatingConstructorAccessorImpl.newInstance(DelegatingConstructorAccessorImpl.java:45)
[2020-07-22 13:34:09,687] {logging_mixin.py:112} INFO - [2020-07-22 13:34:09,687] {spark_submit_hook.py:479} INFO - at java.lang.reflect.Constructor.newInstance(Constructor.java:423)
[2020-07-22 13:34:09,688] {logging_mixin.py:112} INFO - [2020-07-22 13:34:09,687] {spark_submit_hook.py:479} INFO - at py4j.reflection.MethodInvoker.invoke(MethodInvoker.java:247)
[2020-07-22 13:34:09,688] {logging_mixin.py:112} INFO - [2020-07-22 13:34:09,688] {spark_submit_hook.py:479} INFO - at py4j.reflection.ReflectionEngine.invoke(ReflectionEngine.java:357)
[2020-07-22 13:34:09,688] {logging_mixin.py:112} INFO - [2020-07-22 13:34:09,688] {spark_submit_hook.py:479} INFO - at py4j.Gateway.invoke(Gateway.java:238)
[2020-07-22 13:34:09,688] {logging_mixin.py:112} INFO - [2020-07-22 13:34:09,688] {spark_submit_hook.py:479} INFO - at py4j.commands.ConstructorCommand.invokeConstructor(ConstructorCommand.java:80)
[2020-07-22 13:34:09,689] {logging_mixin.py:112} INFO - [2020-07-22 13:34:09,688] {spark_submit_hook.py:479} INFO - at py4j.commands.ConstructorCommand.execute(ConstructorCommand.java:69)
[2020-07-22 13:34:09,689] {logging_mixin.py:112} INFO - [2020-07-22 13:34:09,689] {spark_submit_hook.py:479} INFO - at py4j.GatewayConnection.run(GatewayConnection.java:238)
[2020-07-22 13:34:09,689] {logging_mixin.py:112} INFO - [2020-07-22 13:34:09,689] {spark_submit_hook.py:479} INFO - at java.lang.Thread.run(Thread.java:748)
[2020-07-22 13:34:09,714] {logging_mixin.py:112} INFO - [2020-07-22 13:34:09,713] {spark_submit_hook.py:479} INFO - 20/07/22 13:34:09 INFO SparkUI: Stopped Spark web UI at http://192.168.43.94:4045
[2020-07-22 13:34:09,791] {logging_mixin.py:112} INFO - [2020-07-22 13:34:09,791] {spark_submit_hook.py:479} INFO - 20/07/22 13:34:09 INFO MapOutputTrackerMasterEndpoint: MapOutputTrackerMasterEndpoint stopped!
[2020-07-22 13:34:09,827] {logging_mixin.py:112} INFO - [2020-07-22 13:34:09,827] {spark_submit_hook.py:479} INFO - 20/07/22 13:34:09 INFO MemoryStore: MemoryStore cleared
[2020-07-22 13:34:09,828] {logging_mixin.py:112} INFO - [2020-07-22 13:34:09,828] {spark_submit_hook.py:479} INFO - 20/07/22 13:34:09 INFO BlockManager: BlockManager stopped
[2020-07-22 13:34:09,851] {logging_mixin.py:112} INFO - [2020-07-22 13:34:09,851] {spark_submit_hook.py:479} INFO - 20/07/22 13:34:09 INFO BlockManagerMaster: BlockManagerMaster stopped
[2020-07-22 13:34:09,852] {logging_mixin.py:112} INFO - [2020-07-22 13:34:09,852] {spark_submit_hook.py:479} INFO - 20/07/22 13:34:09 WARN MetricsSystem: Stopping a MetricsSystem that is not running
[2020-07-22 13:34:09,862] {logging_mixin.py:112} INFO - [2020-07-22 13:34:09,862] {spark_submit_hook.py:479} INFO - 20/07/22 13:34:09 INFO OutputCommitCoordinator$OutputCommitCoordinatorEndpoint: OutputCommitCoordinator stopped!
[2020-07-22 13:34:10,210] {logging_mixin.py:112} INFO - [2020-07-22 13:34:10,210] {spark_submit_hook.py:479} INFO - 20/07/22 13:34:10 INFO SparkContext: Successfully stopped SparkContext
[2020-07-22 13:34:10,402] {logging_mixin.py:112} INFO - [2020-07-22 13:34:10,401] {spark_submit_hook.py:479} INFO - Traceback (most recent call last):
[2020-07-22 13:34:10,402] {logging_mixin.py:112} INFO - [2020-07-22 13:34:10,402] {spark_submit_hook.py:479} INFO - File "/home/bhakti/airflow/spark_jobs/python/spark_test.py", line 12, in <module>
[2020-07-22 13:34:10,403] {logging_mixin.py:112} INFO - [2020-07-22 13:34:10,402] {spark_submit_hook.py:479} INFO - sc = SparkContext(conf=conf)
[2020-07-22 13:34:10,403] {logging_mixin.py:112} INFO - [2020-07-22 13:34:10,403] {spark_submit_hook.py:479} INFO - File "/opt/spark/python/lib/pyspark.zip/pyspark/context.py", line 130, in __init__
[2020-07-22 13:34:10,403] {logging_mixin.py:112} INFO - [2020-07-22 13:34:10,403] {spark_submit_hook.py:479} INFO - File "/opt/spark/python/lib/pyspark.zip/pyspark/context.py", line 193, in _do_init
[2020-07-22 13:34:10,404] {logging_mixin.py:112} INFO - [2020-07-22 13:34:10,403] {spark_submit_hook.py:479} INFO - File "/opt/spark/python/lib/pyspark.zip/pyspark/context.py", line 310, in _initialize_context
[2020-07-22 13:34:10,404] {logging_mixin.py:112} INFO - [2020-07-22 13:34:10,404] {spark_submit_hook.py:479} INFO - File "/opt/spark/python/lib/py4j-0.10.9-src.zip/py4j/java_gateway.py", line 1568, in __call__
[2020-07-22 13:34:10,404] {logging_mixin.py:112} INFO - [2020-07-22 13:34:10,404] {spark_submit_hook.py:479} INFO - File "/opt/spark/python/lib/py4j-0.10.9-src.zip/py4j/protocol.py", line 326, in get_return_value
[2020-07-22 13:34:10,405] {logging_mixin.py:112} INFO - [2020-07-22 13:34:10,405] {spark_submit_hook.py:479} INFO - py4j.protocol.Py4JJavaError: An error occurred while calling None.org.apache.spark.api.java.JavaSparkContext.
[2020-07-22 13:34:10,405] {logging_mixin.py:112} INFO - [2020-07-22 13:34:10,405] {spark_submit_hook.py:479} INFO - : org.apache.spark.SparkException: Could not parse Master URL: 'localhost:4040'
[2020-07-22 13:34:10,406] {logging_mixin.py:112} INFO - [2020-07-22 13:34:10,406] {spark_submit_hook.py:479} INFO - at org.apache.spark.SparkContext$.org$apache$spark$SparkContext$$createTaskScheduler(SparkContext.scala:2924)
[2020-07-22 13:34:10,406] {logging_mixin.py:112} INFO - [2020-07-22 13:34:10,406] {spark_submit_hook.py:479} INFO - at org.apache.spark.SparkContext.<init>(SparkContext.scala:528)
[2020-07-22 13:34:10,407] {logging_mixin.py:112} INFO - [2020-07-22 13:34:10,406] {spark_submit_hook.py:479} INFO - at org.apache.spark.api.java.JavaSparkContext.<init>(JavaSparkContext.scala:58)
[2020-07-22 13:34:10,407] {logging_mixin.py:112} INFO - [2020-07-22 13:34:10,407] {spark_submit_hook.py:479} INFO - at sun.reflect.NativeConstructorAccessorImpl.newInstance0(Native Method)
[2020-07-22 13:34:10,407] {logging_mixin.py:112} INFO - [2020-07-22 13:34:10,407] {spark_submit_hook.py:479} INFO - at sun.reflect.NativeConstructorAccessorImpl.newInstance(NativeConstructorAccessorImpl.java:62)
[2020-07-22 13:34:10,408] {logging_mixin.py:112} INFO - [2020-07-22 13:34:10,407] {spark_submit_hook.py:479} INFO - at sun.reflect.DelegatingConstructorAccessorImpl.newInstance(DelegatingConstructorAccessorImpl.java:45)
[2020-07-22 13:34:10,408] {logging_mixin.py:112} INFO - [2020-07-22 13:34:10,408] {spark_submit_hook.py:479} INFO - at java.lang.reflect.Constructor.newInstance(Constructor.java:423)
[2020-07-22 13:34:10,408] {logging_mixin.py:112} INFO - [2020-07-22 13:34:10,408] {spark_submit_hook.py:479} INFO - at py4j.reflection.MethodInvoker.invoke(MethodInvoker.java:247)
[2020-07-22 13:34:10,409] {logging_mixin.py:112} INFO - [2020-07-22 13:34:10,408] {spark_submit_hook.py:479} INFO - at py4j.reflection.ReflectionEngine.invoke(ReflectionEngine.java:357)
[2020-07-22 13:34:10,411] {logging_mixin.py:112} INFO - [2020-07-22 13:34:10,409] {spark_submit_hook.py:479} INFO - at py4j.Gateway.invoke(Gateway.java:238)
[2020-07-22 13:34:10,411] {logging_mixin.py:112} INFO - [2020-07-22 13:34:10,411] {spark_submit_hook.py:479} INFO - at py4j.commands.ConstructorCommand.invokeConstructor(ConstructorCommand.java:80)
[2020-07-22 13:34:10,412] {logging_mixin.py:112} INFO - [2020-07-22 13:34:10,412] {spark_submit_hook.py:479} INFO - at py4j.commands.ConstructorCommand.execute(ConstructorCommand.java:69)
[2020-07-22 13:34:10,412] {logging_mixin.py:112} INFO - [2020-07-22 13:34:10,412] {spark_submit_hook.py:479} INFO - at py4j.GatewayConnection.run(GatewayConnection.java:238)
[2020-07-22 13:34:10,413] {logging_mixin.py:112} INFO - [2020-07-22 13:34:10,413] {spark_submit_hook.py:479} INFO - at java.lang.Thread.run(Thread.java:748)
[2020-07-22 13:34:10,413] {logging_mixin.py:112} INFO - [2020-07-22 13:34:10,413] {spark_submit_hook.py:479} INFO - 
[2020-07-22 13:34:10,575] {logging_mixin.py:112} INFO - [2020-07-22 13:34:10,575] {spark_submit_hook.py:479} INFO - 20/07/22 13:34:10 INFO ShutdownHookManager: Shutdown hook called
[2020-07-22 13:34:10,577] {logging_mixin.py:112} INFO - [2020-07-22 13:34:10,577] {spark_submit_hook.py:479} INFO - 20/07/22 13:34:10 INFO ShutdownHookManager: Deleting directory /tmp/spark-b73b9ee1-00a4-417d-a819-874caec27d72
[2020-07-22 13:34:10,590] {logging_mixin.py:112} INFO - [2020-07-22 13:34:10,590] {spark_submit_hook.py:479} INFO - 20/07/22 13:34:10 INFO ShutdownHookManager: Deleting directory /tmp/spark-9fc3e152-9ca4-470e-ae52-2912cd55d401
[2020-07-22 13:34:10,755] {taskinstance.py:1145} ERROR - Cannot execute: spark-submit --master localhost:4040 --name airflow-spark /home/bhakti/airflow/spark_jobs/python/spark_test.py. Error code is: 1.
Traceback (most recent call last):
  File "/usr/local/lib/python3.8/dist-packages/airflow/models/taskinstance.py", line 983, in _run_raw_task
    result = task_copy.execute(context=context)
  File "/usr/local/lib/python3.8/dist-packages/airflow/contrib/operators/spark_submit_operator.py", line 187, in execute
    self._hook.submit(self._application)
  File "/usr/local/lib/python3.8/dist-packages/airflow/contrib/hooks/spark_submit_hook.py", line 403, in submit
    raise AirflowException(
airflow.exceptions.AirflowException: Cannot execute: spark-submit --master localhost:4040 --name airflow-spark /home/bhakti/airflow/spark_jobs/python/spark_test.py. Error code is: 1.
[2020-07-22 13:34:10,772] {taskinstance.py:1189} INFO - Marking task as FAILED.dag_id=submit_data, task_id=spark_submit, execution_date=20200720T012100, start_date=20200722T080355, end_date=20200722T080410
[2020-07-22 13:34:15,751] {logging_mixin.py:112} INFO - [2020-07-22 13:34:15,751] {local_task_job.py:103} INFO - Task exited with return code 1
