[2020-07-22 16:28:43,803] {taskinstance.py:669} INFO - Dependencies all met for <TaskInstance: submit_data.spark_submit 2020-07-20T06:24:00+00:00 [queued]>
[2020-07-22 16:28:43,813] {taskinstance.py:669} INFO - Dependencies all met for <TaskInstance: submit_data.spark_submit 2020-07-20T06:24:00+00:00 [queued]>
[2020-07-22 16:28:43,813] {taskinstance.py:879} INFO - 
--------------------------------------------------------------------------------
[2020-07-22 16:28:43,813] {taskinstance.py:880} INFO - Starting attempt 1 of 1
[2020-07-22 16:28:43,813] {taskinstance.py:881} INFO - 
--------------------------------------------------------------------------------
[2020-07-22 16:28:43,957] {taskinstance.py:900} INFO - Executing <Task(SparkSubmitOperator): spark_submit> on 2020-07-20T06:24:00+00:00
[2020-07-22 16:28:43,963] {standard_task_runner.py:53} INFO - Started process 579684 to run task
[2020-07-22 16:28:44,176] {logging_mixin.py:112} INFO - Running %s on host %s <TaskInstance: submit_data.spark_submit 2020-07-20T06:24:00+00:00 [running]> bhakti-Vostro-3558
[2020-07-22 16:28:44,213] {logging_mixin.py:112} INFO - [2020-07-22 16:28:44,212] {base_hook.py:87} INFO - Using connection to: id: spark_local. Host: local, Port: None, Schema: None, Login: None, Password: None, extra: None
[2020-07-22 16:28:44,215] {logging_mixin.py:112} INFO - [2020-07-22 16:28:44,215] {spark_submit_hook.py:325} INFO - Spark-Submit cmd: spark-submit --master local --name airflow-spark /home/bhakti/airflow/spark_jobs/python/spark_test.py
[2020-07-22 16:28:50,735] {logging_mixin.py:112} INFO - [2020-07-22 16:28:50,734] {spark_submit_hook.py:479} INFO - 20/07/22 16:28:50 WARN Utils: Your hostname, bhakti-Vostro-3558 resolves to a loopback address: 127.0.1.1; using 192.168.43.94 instead (on interface wlp6s0)
[2020-07-22 16:28:50,745] {logging_mixin.py:112} INFO - [2020-07-22 16:28:50,745] {spark_submit_hook.py:479} INFO - 20/07/22 16:28:50 WARN Utils: Set SPARK_LOCAL_IP if you need to bind to another address
[2020-07-22 16:28:53,520] {logging_mixin.py:112} INFO - [2020-07-22 16:28:53,520] {spark_submit_hook.py:479} INFO - 20/07/22 16:28:53 WARN NativeCodeLoader: Unable to load native-hadoop library for your platform... using builtin-java classes where applicable
[2020-07-22 16:28:57,199] {logging_mixin.py:112} INFO - [2020-07-22 16:28:57,199] {spark_submit_hook.py:479} INFO - log4j:WARN No appenders could be found for logger (org.apache.spark.util.ShutdownHookManager).
[2020-07-22 16:28:57,200] {logging_mixin.py:112} INFO - [2020-07-22 16:28:57,200] {spark_submit_hook.py:479} INFO - log4j:WARN Please initialize the log4j system properly.
[2020-07-22 16:28:57,201] {logging_mixin.py:112} INFO - [2020-07-22 16:28:57,201] {spark_submit_hook.py:479} INFO - log4j:WARN See http://logging.apache.org/log4j/1.2/faq.html#noconfig for more info.
[2020-07-22 16:28:57,292] {taskinstance.py:1052} INFO - Marking task as SUCCESS.dag_id=submit_data, task_id=spark_submit, execution_date=20200720T062400, start_date=20200722T105843, end_date=20200722T105857
[2020-07-22 16:28:58,799] {logging_mixin.py:112} INFO - [2020-07-22 16:28:58,799] {local_task_job.py:103} INFO - Task exited with return code 0
