[2020-07-23 14:48:02,447] {taskinstance.py:669} INFO - Dependencies all met for <TaskInstance: submit_data.spark_submit 2020-07-21T00:08:00+00:00 [queued]>
[2020-07-23 14:48:02,467] {taskinstance.py:669} INFO - Dependencies all met for <TaskInstance: submit_data.spark_submit 2020-07-21T00:08:00+00:00 [queued]>
[2020-07-23 14:48:02,468] {taskinstance.py:879} INFO - 
--------------------------------------------------------------------------------
[2020-07-23 14:48:02,468] {taskinstance.py:880} INFO - Starting attempt 1 of 1
[2020-07-23 14:48:02,468] {taskinstance.py:881} INFO - 
--------------------------------------------------------------------------------
[2020-07-23 14:48:02,700] {taskinstance.py:900} INFO - Executing <Task(SparkSubmitOperator): spark_submit> on 2020-07-21T00:08:00+00:00
[2020-07-23 14:48:02,706] {standard_task_runner.py:53} INFO - Started process 217107 to run task
[2020-07-23 14:48:02,882] {logging_mixin.py:112} INFO - Running %s on host %s <TaskInstance: submit_data.spark_submit 2020-07-21T00:08:00+00:00 [running]> bhakti-Vostro-3558
[2020-07-23 14:48:02,914] {logging_mixin.py:112} INFO - [2020-07-23 14:48:02,914] {base_hook.py:87} INFO - Using connection to: id: spark_local. Host: local, Port: None, Schema: None, Login: None, Password: None, extra: None
[2020-07-23 14:48:02,915] {logging_mixin.py:112} INFO - [2020-07-23 14:48:02,915] {spark_submit_hook.py:325} INFO - Spark-Submit cmd: spark-submit --master local --name airflow-spark /home/bhakti/airflow/spark_jobs/spark_test.py
[2020-07-23 14:48:05,405] {logging_mixin.py:112} INFO - [2020-07-23 14:48:05,404] {spark_submit_hook.py:479} INFO - 20/07/23 14:48:05 WARN Utils: Your hostname, bhakti-Vostro-3558 resolves to a loopback address: 127.0.1.1; using 192.168.43.94 instead (on interface wlp6s0)
[2020-07-23 14:48:05,405] {logging_mixin.py:112} INFO - [2020-07-23 14:48:05,405] {spark_submit_hook.py:479} INFO - 20/07/23 14:48:05 WARN Utils: Set SPARK_LOCAL_IP if you need to bind to another address
[2020-07-23 14:48:06,813] {logging_mixin.py:112} INFO - [2020-07-23 14:48:06,812] {spark_submit_hook.py:479} INFO - 20/07/23 14:48:06 WARN NativeCodeLoader: Unable to load native-hadoop library for your platform... using builtin-java classes where applicable
[2020-07-23 14:48:09,385] {logging_mixin.py:112} INFO - [2020-07-23 14:48:09,384] {spark_submit_hook.py:479} INFO - Using Spark's default log4j profile: org/apache/spark/log4j-defaults.properties
[2020-07-23 14:48:09,408] {logging_mixin.py:112} INFO - [2020-07-23 14:48:09,407] {spark_submit_hook.py:479} INFO - 20/07/23 14:48:09 INFO SparkContext: Running Spark version 3.0.0
[2020-07-23 14:48:09,550] {logging_mixin.py:112} INFO - [2020-07-23 14:48:09,549] {spark_submit_hook.py:479} INFO - 20/07/23 14:48:09 INFO ResourceUtils: ==============================================================
[2020-07-23 14:48:09,561] {logging_mixin.py:112} INFO - [2020-07-23 14:48:09,561] {spark_submit_hook.py:479} INFO - 20/07/23 14:48:09 INFO ResourceUtils: Resources for spark.driver:
[2020-07-23 14:48:09,562] {logging_mixin.py:112} INFO - [2020-07-23 14:48:09,562] {spark_submit_hook.py:479} INFO - 
[2020-07-23 14:48:09,562] {logging_mixin.py:112} INFO - [2020-07-23 14:48:09,562] {spark_submit_hook.py:479} INFO - 20/07/23 14:48:09 INFO ResourceUtils: ==============================================================
[2020-07-23 14:48:09,564] {logging_mixin.py:112} INFO - [2020-07-23 14:48:09,563] {spark_submit_hook.py:479} INFO - 20/07/23 14:48:09 INFO SparkContext: Submitted application: Spark_Test_Python
[2020-07-23 14:48:09,731] {logging_mixin.py:112} INFO - [2020-07-23 14:48:09,731] {spark_submit_hook.py:479} INFO - 20/07/23 14:48:09 INFO SecurityManager: Changing view acls to: bhakti
[2020-07-23 14:48:09,732] {logging_mixin.py:112} INFO - [2020-07-23 14:48:09,732] {spark_submit_hook.py:479} INFO - 20/07/23 14:48:09 INFO SecurityManager: Changing modify acls to: bhakti
[2020-07-23 14:48:09,733] {logging_mixin.py:112} INFO - [2020-07-23 14:48:09,732] {spark_submit_hook.py:479} INFO - 20/07/23 14:48:09 INFO SecurityManager: Changing view acls groups to:
[2020-07-23 14:48:09,735] {logging_mixin.py:112} INFO - [2020-07-23 14:48:09,735] {spark_submit_hook.py:479} INFO - 20/07/23 14:48:09 INFO SecurityManager: Changing modify acls groups to:
[2020-07-23 14:48:09,736] {logging_mixin.py:112} INFO - [2020-07-23 14:48:09,736] {spark_submit_hook.py:479} INFO - 20/07/23 14:48:09 INFO SecurityManager: SecurityManager: authentication disabled; ui acls disabled; users  with view permissions: Set(bhakti); groups with view permissions: Set(); users  with modify permissions: Set(bhakti); groups with modify permissions: Set()
[2020-07-23 14:48:10,530] {logging_mixin.py:112} INFO - [2020-07-23 14:48:10,530] {spark_submit_hook.py:479} INFO - 20/07/23 14:48:10 INFO Utils: Successfully started service 'sparkDriver' on port 40607.
[2020-07-23 14:48:10,645] {logging_mixin.py:112} INFO - [2020-07-23 14:48:10,645] {spark_submit_hook.py:479} INFO - 20/07/23 14:48:10 INFO SparkEnv: Registering MapOutputTracker
[2020-07-23 14:48:10,834] {logging_mixin.py:112} INFO - [2020-07-23 14:48:10,833] {spark_submit_hook.py:479} INFO - 20/07/23 14:48:10 INFO SparkEnv: Registering BlockManagerMaster
[2020-07-23 14:48:10,906] {logging_mixin.py:112} INFO - [2020-07-23 14:48:10,906] {spark_submit_hook.py:479} INFO - 20/07/23 14:48:10 INFO BlockManagerMasterEndpoint: Using org.apache.spark.storage.DefaultTopologyMapper for getting topology information
[2020-07-23 14:48:10,906] {logging_mixin.py:112} INFO - [2020-07-23 14:48:10,906] {spark_submit_hook.py:479} INFO - 20/07/23 14:48:10 INFO BlockManagerMasterEndpoint: BlockManagerMasterEndpoint up
[2020-07-23 14:48:10,944] {logging_mixin.py:112} INFO - [2020-07-23 14:48:10,943] {spark_submit_hook.py:479} INFO - 20/07/23 14:48:10 INFO SparkEnv: Registering BlockManagerMasterHeartbeat
[2020-07-23 14:48:10,982] {logging_mixin.py:112} INFO - [2020-07-23 14:48:10,981] {spark_submit_hook.py:479} INFO - 20/07/23 14:48:10 INFO DiskBlockManager: Created local directory at /tmp/blockmgr-d026a514-3267-4214-9fd1-dd8ae7309dcb
[2020-07-23 14:48:11,043] {logging_mixin.py:112} INFO - [2020-07-23 14:48:11,043] {spark_submit_hook.py:479} INFO - 20/07/23 14:48:11 INFO MemoryStore: MemoryStore started with capacity 366.3 MiB
[2020-07-23 14:48:11,095] {logging_mixin.py:112} INFO - [2020-07-23 14:48:11,095] {spark_submit_hook.py:479} INFO - 20/07/23 14:48:11 INFO SparkEnv: Registering OutputCommitCoordinator
[2020-07-23 14:48:12,202] {logging_mixin.py:112} INFO - [2020-07-23 14:48:12,202] {spark_submit_hook.py:479} INFO - 20/07/23 14:48:12 WARN Utils: Service 'SparkUI' could not bind on port 4040. Attempting port 4041.
[2020-07-23 14:48:12,227] {logging_mixin.py:112} INFO - [2020-07-23 14:48:12,227] {spark_submit_hook.py:479} INFO - 20/07/23 14:48:12 INFO Utils: Successfully started service 'SparkUI' on port 4041.
[2020-07-23 14:48:12,448] {logging_mixin.py:112} INFO - [2020-07-23 14:48:12,447] {spark_submit_hook.py:479} INFO - 20/07/23 14:48:12 INFO SparkUI: Bound SparkUI to 0.0.0.0, and started at http://192.168.43.94:4041
[2020-07-23 14:48:13,403] {logging_mixin.py:112} INFO - [2020-07-23 14:48:13,402] {spark_submit_hook.py:479} INFO - 20/07/23 14:48:13 INFO Executor: Starting executor ID driver on host 192.168.43.94
[2020-07-23 14:48:13,548] {logging_mixin.py:112} INFO - [2020-07-23 14:48:13,548] {spark_submit_hook.py:479} INFO - 20/07/23 14:48:13 INFO Utils: Successfully started service 'org.apache.spark.network.netty.NettyBlockTransferService' on port 45983.
[2020-07-23 14:48:13,549] {logging_mixin.py:112} INFO - [2020-07-23 14:48:13,549] {spark_submit_hook.py:479} INFO - 20/07/23 14:48:13 INFO NettyBlockTransferService: Server created on 192.168.43.94:45983
[2020-07-23 14:48:13,560] {logging_mixin.py:112} INFO - [2020-07-23 14:48:13,559] {spark_submit_hook.py:479} INFO - 20/07/23 14:48:13 INFO BlockManager: Using org.apache.spark.storage.RandomBlockReplicationPolicy for block replication policy
[2020-07-23 14:48:13,595] {logging_mixin.py:112} INFO - [2020-07-23 14:48:13,595] {spark_submit_hook.py:479} INFO - 20/07/23 14:48:13 INFO BlockManagerMaster: Registering BlockManager BlockManagerId(driver, 192.168.43.94, 45983, None)
[2020-07-23 14:48:13,604] {logging_mixin.py:112} INFO - [2020-07-23 14:48:13,604] {spark_submit_hook.py:479} INFO - 20/07/23 14:48:13 INFO BlockManagerMasterEndpoint: Registering block manager 192.168.43.94:45983 with 366.3 MiB RAM, BlockManagerId(driver, 192.168.43.94, 45983, None)
[2020-07-23 14:48:13,643] {logging_mixin.py:112} INFO - [2020-07-23 14:48:13,643] {spark_submit_hook.py:479} INFO - 20/07/23 14:48:13 INFO BlockManagerMaster: Registered BlockManager BlockManagerId(driver, 192.168.43.94, 45983, None)
[2020-07-23 14:48:13,644] {logging_mixin.py:112} INFO - [2020-07-23 14:48:13,644] {spark_submit_hook.py:479} INFO - 20/07/23 14:48:13 INFO BlockManager: Initialized BlockManager: BlockManagerId(driver, 192.168.43.94, 45983, None)
[2020-07-23 14:48:17,213] {logging_mixin.py:112} INFO - [2020-07-23 14:48:17,212] {spark_submit_hook.py:479} INFO - 20/07/23 14:48:17 INFO MemoryStore: Block broadcast_0 stored as values in memory (estimated size 241.5 KiB, free 366.1 MiB)
[2020-07-23 14:48:17,430] {logging_mixin.py:112} INFO - [2020-07-23 14:48:17,430] {spark_submit_hook.py:479} INFO - 20/07/23 14:48:17 INFO MemoryStore: Block broadcast_0_piece0 stored as bytes in memory (estimated size 23.4 KiB, free 366.0 MiB)
[2020-07-23 14:48:17,439] {logging_mixin.py:112} INFO - [2020-07-23 14:48:17,439] {spark_submit_hook.py:479} INFO - 20/07/23 14:48:17 INFO BlockManagerInfo: Added broadcast_0_piece0 in memory on 192.168.43.94:45983 (size: 23.4 KiB, free: 366.3 MiB)
[2020-07-23 14:48:17,453] {logging_mixin.py:112} INFO - [2020-07-23 14:48:17,453] {spark_submit_hook.py:479} INFO - 20/07/23 14:48:17 INFO SparkContext: Created broadcast 0 from textFile at NativeMethodAccessorImpl.java:0
[2020-07-23 14:48:18,339] {logging_mixin.py:112} INFO - [2020-07-23 14:48:18,339] {spark_submit_hook.py:479} INFO - 20/07/23 14:48:18 INFO FileInputFormat: Total input paths to process : 1
[2020-07-23 14:48:18,666] {logging_mixin.py:112} INFO - [2020-07-23 14:48:18,665] {spark_submit_hook.py:479} INFO - 20/07/23 14:48:18 INFO SparkContext: Starting job: collect at /home/bhakti/airflow/spark_jobs/spark_test.py:8
[2020-07-23 14:48:18,738] {logging_mixin.py:112} INFO - [2020-07-23 14:48:18,738] {spark_submit_hook.py:479} INFO - 20/07/23 14:48:18 INFO DAGScheduler: Got job 0 (collect at /home/bhakti/airflow/spark_jobs/spark_test.py:8) with 1 output partitions
[2020-07-23 14:48:18,739] {logging_mixin.py:112} INFO - [2020-07-23 14:48:18,739] {spark_submit_hook.py:479} INFO - 20/07/23 14:48:18 INFO DAGScheduler: Final stage: ResultStage 0 (collect at /home/bhakti/airflow/spark_jobs/spark_test.py:8)
[2020-07-23 14:48:18,744] {logging_mixin.py:112} INFO - [2020-07-23 14:48:18,743] {spark_submit_hook.py:479} INFO - 20/07/23 14:48:18 INFO DAGScheduler: Parents of final stage: List()
[2020-07-23 14:48:18,750] {logging_mixin.py:112} INFO - [2020-07-23 14:48:18,750] {spark_submit_hook.py:479} INFO - 20/07/23 14:48:18 INFO DAGScheduler: Missing parents: List()
[2020-07-23 14:48:18,844] {logging_mixin.py:112} INFO - [2020-07-23 14:48:18,844] {spark_submit_hook.py:479} INFO - 20/07/23 14:48:18 INFO DAGScheduler: Submitting ResultStage 0 (PythonRDD[2] at collect at /home/bhakti/airflow/spark_jobs/spark_test.py:8), which has no missing parents
[2020-07-23 14:48:19,023] {logging_mixin.py:112} INFO - [2020-07-23 14:48:19,023] {spark_submit_hook.py:479} INFO - 20/07/23 14:48:19 INFO MemoryStore: Block broadcast_1 stored as values in memory (estimated size 7.4 KiB, free 366.0 MiB)
[2020-07-23 14:48:19,046] {logging_mixin.py:112} INFO - [2020-07-23 14:48:19,046] {spark_submit_hook.py:479} INFO - 20/07/23 14:48:19 INFO MemoryStore: Block broadcast_1_piece0 stored as bytes in memory (estimated size 4.4 KiB, free 366.0 MiB)
[2020-07-23 14:48:19,051] {logging_mixin.py:112} INFO - [2020-07-23 14:48:19,051] {spark_submit_hook.py:479} INFO - 20/07/23 14:48:19 INFO BlockManagerInfo: Added broadcast_1_piece0 in memory on 192.168.43.94:45983 (size: 4.4 KiB, free: 366.3 MiB)
[2020-07-23 14:48:19,077] {logging_mixin.py:112} INFO - [2020-07-23 14:48:19,077] {spark_submit_hook.py:479} INFO - 20/07/23 14:48:19 INFO SparkContext: Created broadcast 1 from broadcast at DAGScheduler.scala:1200
[2020-07-23 14:48:19,134] {logging_mixin.py:112} INFO - [2020-07-23 14:48:19,134] {spark_submit_hook.py:479} INFO - 20/07/23 14:48:19 INFO DAGScheduler: Submitting 1 missing tasks from ResultStage 0 (PythonRDD[2] at collect at /home/bhakti/airflow/spark_jobs/spark_test.py:8) (first 15 tasks are for partitions Vector(0))
[2020-07-23 14:48:19,138] {logging_mixin.py:112} INFO - [2020-07-23 14:48:19,138] {spark_submit_hook.py:479} INFO - 20/07/23 14:48:19 INFO TaskSchedulerImpl: Adding task set 0.0 with 1 tasks
[2020-07-23 14:48:19,347] {logging_mixin.py:112} INFO - [2020-07-23 14:48:19,347] {spark_submit_hook.py:479} INFO - 20/07/23 14:48:19 INFO TaskSetManager: Starting task 0.0 in stage 0.0 (TID 0, 192.168.43.94, executor driver, partition 0, PROCESS_LOCAL, 7388 bytes)
[2020-07-23 14:48:19,409] {logging_mixin.py:112} INFO - [2020-07-23 14:48:19,409] {spark_submit_hook.py:479} INFO - 20/07/23 14:48:19 INFO Executor: Running task 0.0 in stage 0.0 (TID 0)
[2020-07-23 14:48:21,918] {logging_mixin.py:112} INFO - [2020-07-23 14:48:21,918] {spark_submit_hook.py:479} INFO - 20/07/23 14:48:21 INFO HadoopRDD: Input split: file:/home/bhakti/airflow/input_data/sample.csv:0+93
[2020-07-23 14:48:24,523] {logging_mixin.py:112} INFO - [2020-07-23 14:48:24,523] {spark_submit_hook.py:479} INFO - 20/07/23 14:48:24 INFO PythonRunner: Times: total = 2553, boot = 2530, init = 23, finish = 0
[2020-07-23 14:48:24,578] {logging_mixin.py:112} INFO - [2020-07-23 14:48:24,578] {spark_submit_hook.py:479} INFO - 20/07/23 14:48:24 INFO Executor: Finished task 0.0 in stage 0.0 (TID 0). 1822 bytes result sent to driver
[2020-07-23 14:48:24,604] {logging_mixin.py:112} INFO - [2020-07-23 14:48:24,603] {spark_submit_hook.py:479} INFO - 20/07/23 14:48:24 INFO TaskSetManager: Finished task 0.0 in stage 0.0 (TID 0) in 5315 ms on 192.168.43.94 (executor driver) (1/1)
[2020-07-23 14:48:24,608] {logging_mixin.py:112} INFO - [2020-07-23 14:48:24,608] {spark_submit_hook.py:479} INFO - 20/07/23 14:48:24 INFO TaskSchedulerImpl: Removed TaskSet 0.0, whose tasks have all completed, from pool
[2020-07-23 14:48:24,613] {logging_mixin.py:112} INFO - [2020-07-23 14:48:24,612] {spark_submit_hook.py:479} INFO - 20/07/23 14:48:24 INFO PythonAccumulatorV2: Connected to AccumulatorServer at host: 127.0.0.1 port: 55033
[2020-07-23 14:48:24,623] {logging_mixin.py:112} INFO - [2020-07-23 14:48:24,623] {spark_submit_hook.py:479} INFO - 20/07/23 14:48:24 INFO DAGScheduler: ResultStage 0 (collect at /home/bhakti/airflow/spark_jobs/spark_test.py:8) finished in 5.629 s
[2020-07-23 14:48:24,636] {logging_mixin.py:112} INFO - [2020-07-23 14:48:24,635] {spark_submit_hook.py:479} INFO - 20/07/23 14:48:24 INFO DAGScheduler: Job 0 is finished. Cancelling potential speculative or zombie tasks for this job
[2020-07-23 14:48:24,637] {logging_mixin.py:112} INFO - [2020-07-23 14:48:24,637] {spark_submit_hook.py:479} INFO - 20/07/23 14:48:24 INFO TaskSchedulerImpl: Killing all running tasks in stage 0: Stage finished
[2020-07-23 14:48:24,646] {logging_mixin.py:112} INFO - [2020-07-23 14:48:24,646] {spark_submit_hook.py:479} INFO - 20/07/23 14:48:24 INFO DAGScheduler: Job 0 finished: collect at /home/bhakti/airflow/spark_jobs/spark_test.py:8, took 5.974553 s
[2020-07-23 14:48:24,679] {logging_mixin.py:112} INFO - [2020-07-23 14:48:24,678] {spark_submit_hook.py:479} INFO - [('PERSON', 'JOINING_YEAR', 'COMPANY'), ('John', '2018', 'Google'), ('Sam', '2017', 'IBM'), ('Jeff', '2014', 'Yahoo'), ('Allen', '2015', 'Facebook')]
[2020-07-23 14:48:25,163] {logging_mixin.py:112} INFO - [2020-07-23 14:48:25,162] {spark_submit_hook.py:479} INFO - 20/07/23 14:48:25 INFO BlockManagerInfo: Removed broadcast_1_piece0 on 192.168.43.94:45983 in memory (size: 4.4 KiB, free: 366.3 MiB)
[2020-07-23 14:48:26,762] {logging_mixin.py:112} INFO - [2020-07-23 14:48:26,762] {spark_submit_hook.py:479} INFO - 20/07/23 14:48:26 INFO SharedState: Setting hive.metastore.warehouse.dir ('null') to the value of spark.sql.warehouse.dir ('file:/home/bhakti/airflow/spark-warehouse').
[2020-07-23 14:48:26,764] {logging_mixin.py:112} INFO - [2020-07-23 14:48:26,764] {spark_submit_hook.py:479} INFO - 20/07/23 14:48:26 INFO SharedState: Warehouse path is 'file:/home/bhakti/airflow/spark-warehouse'.
[2020-07-23 14:48:34,864] {logging_mixin.py:112} INFO - [2020-07-23 14:48:34,863] {spark_submit_hook.py:479} INFO - 20/07/23 14:48:34 INFO CodeGenerator: Code generated in 859.3454 ms
[2020-07-23 14:48:34,963] {logging_mixin.py:112} INFO - [2020-07-23 14:48:34,963] {spark_submit_hook.py:479} INFO - 20/07/23 14:48:34 INFO SparkContext: Starting job: showString at NativeMethodAccessorImpl.java:0
[2020-07-23 14:48:34,968] {logging_mixin.py:112} INFO - [2020-07-23 14:48:34,968] {spark_submit_hook.py:479} INFO - 20/07/23 14:48:34 INFO DAGScheduler: Got job 1 (showString at NativeMethodAccessorImpl.java:0) with 1 output partitions
[2020-07-23 14:48:34,970] {logging_mixin.py:112} INFO - [2020-07-23 14:48:34,970] {spark_submit_hook.py:479} INFO - 20/07/23 14:48:34 INFO DAGScheduler: Final stage: ResultStage 1 (showString at NativeMethodAccessorImpl.java:0)
[2020-07-23 14:48:34,970] {logging_mixin.py:112} INFO - [2020-07-23 14:48:34,970] {spark_submit_hook.py:479} INFO - 20/07/23 14:48:34 INFO DAGScheduler: Parents of final stage: List()
[2020-07-23 14:48:34,973] {logging_mixin.py:112} INFO - [2020-07-23 14:48:34,972] {spark_submit_hook.py:479} INFO - 20/07/23 14:48:34 INFO DAGScheduler: Missing parents: List()
[2020-07-23 14:48:34,975] {logging_mixin.py:112} INFO - [2020-07-23 14:48:34,975] {spark_submit_hook.py:479} INFO - 20/07/23 14:48:34 INFO DAGScheduler: Submitting ResultStage 1 (MapPartitionsRDD[9] at showString at NativeMethodAccessorImpl.java:0), which has no missing parents
[2020-07-23 14:48:35,065] {logging_mixin.py:112} INFO - [2020-07-23 14:48:35,065] {spark_submit_hook.py:479} INFO - 20/07/23 14:48:35 INFO MemoryStore: Block broadcast_2 stored as values in memory (estimated size 11.2 KiB, free 366.0 MiB)
[2020-07-23 14:48:35,071] {logging_mixin.py:112} INFO - [2020-07-23 14:48:35,071] {spark_submit_hook.py:479} INFO - 20/07/23 14:48:35 INFO MemoryStore: Block broadcast_2_piece0 stored as bytes in memory (estimated size 5.8 KiB, free 366.0 MiB)
[2020-07-23 14:48:35,076] {logging_mixin.py:112} INFO - [2020-07-23 14:48:35,076] {spark_submit_hook.py:479} INFO - 20/07/23 14:48:35 INFO BlockManagerInfo: Added broadcast_2_piece0 in memory on 192.168.43.94:45983 (size: 5.8 KiB, free: 366.3 MiB)
[2020-07-23 14:48:35,080] {logging_mixin.py:112} INFO - [2020-07-23 14:48:35,080] {spark_submit_hook.py:479} INFO - 20/07/23 14:48:35 INFO SparkContext: Created broadcast 2 from broadcast at DAGScheduler.scala:1200
[2020-07-23 14:48:35,083] {logging_mixin.py:112} INFO - [2020-07-23 14:48:35,083] {spark_submit_hook.py:479} INFO - 20/07/23 14:48:35 INFO DAGScheduler: Submitting 1 missing tasks from ResultStage 1 (MapPartitionsRDD[9] at showString at NativeMethodAccessorImpl.java:0) (first 15 tasks are for partitions Vector(0))
[2020-07-23 14:48:35,084] {logging_mixin.py:112} INFO - [2020-07-23 14:48:35,084] {spark_submit_hook.py:479} INFO - 20/07/23 14:48:35 INFO TaskSchedulerImpl: Adding task set 1.0 with 1 tasks
[2020-07-23 14:48:35,122] {logging_mixin.py:112} INFO - [2020-07-23 14:48:35,122] {spark_submit_hook.py:479} INFO - 20/07/23 14:48:35 INFO TaskSetManager: Starting task 0.0 in stage 1.0 (TID 1, 192.168.43.94, executor driver, partition 0, PROCESS_LOCAL, 7493 bytes)
[2020-07-23 14:48:35,126] {logging_mixin.py:112} INFO - [2020-07-23 14:48:35,125] {spark_submit_hook.py:479} INFO - 20/07/23 14:48:35 INFO Executor: Running task 0.0 in stage 1.0 (TID 1)
[2020-07-23 14:48:35,268] {logging_mixin.py:112} INFO - [2020-07-23 14:48:35,268] {spark_submit_hook.py:479} INFO - 20/07/23 14:48:35 INFO PythonRunner: Times: total = 4, boot = -10677, init = 10681, finish = 0
[2020-07-23 14:48:35,273] {logging_mixin.py:112} INFO - [2020-07-23 14:48:35,273] {spark_submit_hook.py:479} INFO - 20/07/23 14:48:35 INFO Executor: Finished task 0.0 in stage 1.0 (TID 1). 2235 bytes result sent to driver
[2020-07-23 14:48:35,277] {logging_mixin.py:112} INFO - [2020-07-23 14:48:35,276] {spark_submit_hook.py:479} INFO - 20/07/23 14:48:35 INFO TaskSetManager: Finished task 0.0 in stage 1.0 (TID 1) in 183 ms on 192.168.43.94 (executor driver) (1/1)
[2020-07-23 14:48:35,278] {logging_mixin.py:112} INFO - [2020-07-23 14:48:35,278] {spark_submit_hook.py:479} INFO - 20/07/23 14:48:35 INFO TaskSchedulerImpl: Removed TaskSet 1.0, whose tasks have all completed, from pool
[2020-07-23 14:48:35,285] {logging_mixin.py:112} INFO - [2020-07-23 14:48:35,285] {spark_submit_hook.py:479} INFO - 20/07/23 14:48:35 INFO DAGScheduler: ResultStage 1 (showString at NativeMethodAccessorImpl.java:0) finished in 0.304 s
[2020-07-23 14:48:35,286] {logging_mixin.py:112} INFO - [2020-07-23 14:48:35,285] {spark_submit_hook.py:479} INFO - 20/07/23 14:48:35 INFO DAGScheduler: Job 1 is finished. Cancelling potential speculative or zombie tasks for this job
[2020-07-23 14:48:35,286] {logging_mixin.py:112} INFO - [2020-07-23 14:48:35,286] {spark_submit_hook.py:479} INFO - 20/07/23 14:48:35 INFO TaskSchedulerImpl: Killing all running tasks in stage 1: Stage finished
[2020-07-23 14:48:35,287] {logging_mixin.py:112} INFO - [2020-07-23 14:48:35,287] {spark_submit_hook.py:479} INFO - 20/07/23 14:48:35 INFO DAGScheduler: Job 1 finished: showString at NativeMethodAccessorImpl.java:0, took 0.322471 s
[2020-07-23 14:48:35,408] {logging_mixin.py:112} INFO - [2020-07-23 14:48:35,408] {spark_submit_hook.py:479} INFO - 20/07/23 14:48:35 INFO CodeGenerator: Code generated in 68.849089 ms
[2020-07-23 14:48:35,437] {logging_mixin.py:112} INFO - [2020-07-23 14:48:35,437] {spark_submit_hook.py:479} INFO - +------+------------+--------+
[2020-07-23 14:48:35,438] {logging_mixin.py:112} INFO - [2020-07-23 14:48:35,437] {spark_submit_hook.py:479} INFO - |    _1|          _2|      _3|
[2020-07-23 14:48:35,438] {logging_mixin.py:112} INFO - [2020-07-23 14:48:35,438] {spark_submit_hook.py:479} INFO - +------+------------+--------+
[2020-07-23 14:48:35,438] {logging_mixin.py:112} INFO - [2020-07-23 14:48:35,438] {spark_submit_hook.py:479} INFO - |PERSON|JOINING_YEAR| COMPANY|
[2020-07-23 14:48:35,439] {logging_mixin.py:112} INFO - [2020-07-23 14:48:35,439] {spark_submit_hook.py:479} INFO - |  John|        2018|  Google|
[2020-07-23 14:48:35,439] {logging_mixin.py:112} INFO - [2020-07-23 14:48:35,439] {spark_submit_hook.py:479} INFO - |   Sam|        2017|     IBM|
[2020-07-23 14:48:35,440] {logging_mixin.py:112} INFO - [2020-07-23 14:48:35,439] {spark_submit_hook.py:479} INFO - |  Jeff|        2014|   Yahoo|
[2020-07-23 14:48:35,440] {logging_mixin.py:112} INFO - [2020-07-23 14:48:35,440] {spark_submit_hook.py:479} INFO - | Allen|        2015|Facebook|
[2020-07-23 14:48:35,440] {logging_mixin.py:112} INFO - [2020-07-23 14:48:35,440] {spark_submit_hook.py:479} INFO - +------+------------+--------+
[2020-07-23 14:48:35,443] {logging_mixin.py:112} INFO - [2020-07-23 14:48:35,440] {spark_submit_hook.py:479} INFO - 
[2020-07-23 14:48:35,565] {logging_mixin.py:112} INFO - [2020-07-23 14:48:35,565] {spark_submit_hook.py:479} INFO - 20/07/23 14:48:35 INFO SparkContext: Invoking stop() from shutdown hook
[2020-07-23 14:48:35,576] {logging_mixin.py:112} INFO - [2020-07-23 14:48:35,576] {spark_submit_hook.py:479} INFO - 20/07/23 14:48:35 INFO SparkUI: Stopped Spark web UI at http://192.168.43.94:4041
[2020-07-23 14:48:35,605] {logging_mixin.py:112} INFO - [2020-07-23 14:48:35,605] {spark_submit_hook.py:479} INFO - 20/07/23 14:48:35 INFO MapOutputTrackerMasterEndpoint: MapOutputTrackerMasterEndpoint stopped!
[2020-07-23 14:48:35,629] {logging_mixin.py:112} INFO - [2020-07-23 14:48:35,628] {spark_submit_hook.py:479} INFO - 20/07/23 14:48:35 INFO MemoryStore: MemoryStore cleared
[2020-07-23 14:48:35,630] {logging_mixin.py:112} INFO - [2020-07-23 14:48:35,629] {spark_submit_hook.py:479} INFO - 20/07/23 14:48:35 INFO BlockManager: BlockManager stopped
[2020-07-23 14:48:35,634] {logging_mixin.py:112} INFO - [2020-07-23 14:48:35,634] {spark_submit_hook.py:479} INFO - 20/07/23 14:48:35 INFO BlockManagerMaster: BlockManagerMaster stopped
[2020-07-23 14:48:35,640] {logging_mixin.py:112} INFO - [2020-07-23 14:48:35,639] {spark_submit_hook.py:479} INFO - 20/07/23 14:48:35 INFO OutputCommitCoordinator$OutputCommitCoordinatorEndpoint: OutputCommitCoordinator stopped!
[2020-07-23 14:48:35,651] {logging_mixin.py:112} INFO - [2020-07-23 14:48:35,651] {spark_submit_hook.py:479} INFO - 20/07/23 14:48:35 INFO SparkContext: Successfully stopped SparkContext
[2020-07-23 14:48:35,652] {logging_mixin.py:112} INFO - [2020-07-23 14:48:35,652] {spark_submit_hook.py:479} INFO - 20/07/23 14:48:35 INFO ShutdownHookManager: Shutdown hook called
[2020-07-23 14:48:35,653] {logging_mixin.py:112} INFO - [2020-07-23 14:48:35,653] {spark_submit_hook.py:479} INFO - 20/07/23 14:48:35 INFO ShutdownHookManager: Deleting directory /tmp/spark-bf3ef636-71a2-4a4f-bcb7-a67d7a117b8a
[2020-07-23 14:48:35,657] {logging_mixin.py:112} INFO - [2020-07-23 14:48:35,657] {spark_submit_hook.py:479} INFO - 20/07/23 14:48:35 INFO ShutdownHookManager: Deleting directory /tmp/spark-fbfbf177-7bdc-4d85-b409-b68b5b7cd793
[2020-07-23 14:48:35,661] {logging_mixin.py:112} INFO - [2020-07-23 14:48:35,661] {spark_submit_hook.py:479} INFO - 20/07/23 14:48:35 INFO ShutdownHookManager: Deleting directory /tmp/spark-bf3ef636-71a2-4a4f-bcb7-a67d7a117b8a/pyspark-c4e50d2f-3486-4115-b056-bb1abe96c402
[2020-07-23 14:48:35,732] {taskinstance.py:1052} INFO - Marking task as SUCCESS.dag_id=submit_data, task_id=spark_submit, execution_date=20200721T000800, start_date=20200723T091802, end_date=20200723T091835
[2020-07-23 14:48:39,962] {logging_mixin.py:112} INFO - [2020-07-23 14:48:39,962] {local_task_job.py:103} INFO - Task exited with return code 0
