[2020-07-22 14:06:10,691] {taskinstance.py:669} INFO - Dependencies all met for <TaskInstance: submit_data.spark_submit 2020-07-20T02:27:00+00:00 [queued]>
[2020-07-22 14:06:10,707] {taskinstance.py:669} INFO - Dependencies all met for <TaskInstance: submit_data.spark_submit 2020-07-20T02:27:00+00:00 [queued]>
[2020-07-22 14:06:10,707] {taskinstance.py:879} INFO - 
--------------------------------------------------------------------------------
[2020-07-22 14:06:10,707] {taskinstance.py:880} INFO - Starting attempt 1 of 1
[2020-07-22 14:06:10,708] {taskinstance.py:881} INFO - 
--------------------------------------------------------------------------------
[2020-07-22 14:06:10,906] {taskinstance.py:900} INFO - Executing <Task(SparkSubmitOperator): spark_submit> on 2020-07-20T02:27:00+00:00
[2020-07-22 14:06:10,911] {standard_task_runner.py:53} INFO - Started process 395331 to run task
[2020-07-22 14:06:11,165] {logging_mixin.py:112} INFO - Running %s on host %s <TaskInstance: submit_data.spark_submit 2020-07-20T02:27:00+00:00 [running]> bhakti-Vostro-3558
[2020-07-22 14:06:11,243] {logging_mixin.py:112} INFO - [2020-07-22 14:06:11,242] {connection.py:342} ERROR - Extra data: line 1 column 15 (char 14)
Traceback (most recent call last):
  File "/usr/local/lib/python3.8/dist-packages/airflow/models/connection.py", line 340, in extra_dejson
    obj = json.loads(self.extra)
  File "/usr/lib/python3.8/json/__init__.py", line 357, in loads
    return _default_decoder.decode(s)
  File "/usr/lib/python3.8/json/decoder.py", line 340, in decode
    raise JSONDecodeError("Extra data", s, end)
json.decoder.JSONDecodeError: Extra data: line 1 column 15 (char 14)
[2020-07-22 14:06:11,244] {logging_mixin.py:112} INFO - [2020-07-22 14:06:11,243] {connection.py:343} ERROR - Failed parsing the json for conn_id spark_local
[2020-07-22 14:06:11,244] {logging_mixin.py:112} INFO - [2020-07-22 14:06:11,244] {base_hook.py:87} INFO - Using connection to: id: spark_local. Host: localhost, Port: 4041, Schema: None, Login: None, Password: None, extra: None
[2020-07-22 14:06:11,245] {logging_mixin.py:112} INFO - [2020-07-22 14:06:11,245] {connection.py:342} ERROR - Extra data: line 1 column 15 (char 14)
Traceback (most recent call last):
  File "/usr/local/lib/python3.8/dist-packages/airflow/models/connection.py", line 340, in extra_dejson
    obj = json.loads(self.extra)
  File "/usr/lib/python3.8/json/__init__.py", line 357, in loads
    return _default_decoder.decode(s)
  File "/usr/lib/python3.8/json/decoder.py", line 340, in decode
    raise JSONDecodeError("Extra data", s, end)
json.decoder.JSONDecodeError: Extra data: line 1 column 15 (char 14)
[2020-07-22 14:06:11,246] {logging_mixin.py:112} INFO - [2020-07-22 14:06:11,246] {connection.py:343} ERROR - Failed parsing the json for conn_id spark_local
[2020-07-22 14:06:11,247] {logging_mixin.py:112} INFO - [2020-07-22 14:06:11,247] {spark_submit_hook.py:325} INFO - Spark-Submit cmd: spark-submit --master localhost:4041 --name airflow-spark /home/bhakti/airflow/spark_jobs/python/spark_test.py
[2020-07-22 14:06:13,834] {logging_mixin.py:112} INFO - [2020-07-22 14:06:13,834] {spark_submit_hook.py:479} INFO - 20/07/22 14:06:13 WARN Utils: Your hostname, bhakti-Vostro-3558 resolves to a loopback address: 127.0.1.1; using 192.168.43.94 instead (on interface wlp6s0)
[2020-07-22 14:06:13,837] {logging_mixin.py:112} INFO - [2020-07-22 14:06:13,836] {spark_submit_hook.py:479} INFO - 20/07/22 14:06:13 WARN Utils: Set SPARK_LOCAL_IP if you need to bind to another address
[2020-07-22 14:06:15,306] {logging_mixin.py:112} INFO - [2020-07-22 14:06:15,305] {spark_submit_hook.py:479} INFO - 20/07/22 14:06:15 WARN NativeCodeLoader: Unable to load native-hadoop library for your platform... using builtin-java classes where applicable
[2020-07-22 14:06:17,057] {logging_mixin.py:112} INFO - [2020-07-22 14:06:17,056] {spark_submit_hook.py:479} INFO - Using Spark's default log4j profile: org/apache/spark/log4j-defaults.properties
[2020-07-22 14:06:17,070] {logging_mixin.py:112} INFO - [2020-07-22 14:06:17,070] {spark_submit_hook.py:479} INFO - 20/07/22 14:06:17 INFO SparkContext: Running Spark version 3.0.0
[2020-07-22 14:06:17,133] {logging_mixin.py:112} INFO - [2020-07-22 14:06:17,133] {spark_submit_hook.py:479} INFO - 20/07/22 14:06:17 INFO ResourceUtils: ==============================================================
[2020-07-22 14:06:17,135] {logging_mixin.py:112} INFO - [2020-07-22 14:06:17,135] {spark_submit_hook.py:479} INFO - 20/07/22 14:06:17 INFO ResourceUtils: Resources for spark.driver:
[2020-07-22 14:06:17,136] {logging_mixin.py:112} INFO - [2020-07-22 14:06:17,135] {spark_submit_hook.py:479} INFO - 
[2020-07-22 14:06:17,136] {logging_mixin.py:112} INFO - [2020-07-22 14:06:17,136] {spark_submit_hook.py:479} INFO - 20/07/22 14:06:17 INFO ResourceUtils: ==============================================================
[2020-07-22 14:06:17,137] {logging_mixin.py:112} INFO - [2020-07-22 14:06:17,137] {spark_submit_hook.py:479} INFO - 20/07/22 14:06:17 INFO SparkContext: Submitted application: Spark_Test_Python
[2020-07-22 14:06:17,231] {logging_mixin.py:112} INFO - [2020-07-22 14:06:17,230] {spark_submit_hook.py:479} INFO - 20/07/22 14:06:17 INFO SecurityManager: Changing view acls to: bhakti
[2020-07-22 14:06:17,231] {logging_mixin.py:112} INFO - [2020-07-22 14:06:17,231] {spark_submit_hook.py:479} INFO - 20/07/22 14:06:17 INFO SecurityManager: Changing modify acls to: bhakti
[2020-07-22 14:06:17,231] {logging_mixin.py:112} INFO - [2020-07-22 14:06:17,231] {spark_submit_hook.py:479} INFO - 20/07/22 14:06:17 INFO SecurityManager: Changing view acls groups to:
[2020-07-22 14:06:17,232] {logging_mixin.py:112} INFO - [2020-07-22 14:06:17,232] {spark_submit_hook.py:479} INFO - 20/07/22 14:06:17 INFO SecurityManager: Changing modify acls groups to:
[2020-07-22 14:06:17,232] {logging_mixin.py:112} INFO - [2020-07-22 14:06:17,232] {spark_submit_hook.py:479} INFO - 20/07/22 14:06:17 INFO SecurityManager: SecurityManager: authentication disabled; ui acls disabled; users  with view permissions: Set(bhakti); groups with view permissions: Set(); users  with modify permissions: Set(bhakti); groups with modify permissions: Set()
[2020-07-22 14:06:17,658] {logging_mixin.py:112} INFO - [2020-07-22 14:06:17,658] {spark_submit_hook.py:479} INFO - 20/07/22 14:06:17 INFO Utils: Successfully started service 'sparkDriver' on port 36291.
[2020-07-22 14:06:17,710] {logging_mixin.py:112} INFO - [2020-07-22 14:06:17,710] {spark_submit_hook.py:479} INFO - 20/07/22 14:06:17 INFO SparkEnv: Registering MapOutputTracker
[2020-07-22 14:06:17,776] {logging_mixin.py:112} INFO - [2020-07-22 14:06:17,775] {spark_submit_hook.py:479} INFO - 20/07/22 14:06:17 INFO SparkEnv: Registering BlockManagerMaster
[2020-07-22 14:06:17,821] {logging_mixin.py:112} INFO - [2020-07-22 14:06:17,821] {spark_submit_hook.py:479} INFO - 20/07/22 14:06:17 INFO BlockManagerMasterEndpoint: Using org.apache.spark.storage.DefaultTopologyMapper for getting topology information
[2020-07-22 14:06:17,822] {logging_mixin.py:112} INFO - [2020-07-22 14:06:17,822] {spark_submit_hook.py:479} INFO - 20/07/22 14:06:17 INFO BlockManagerMasterEndpoint: BlockManagerMasterEndpoint up
[2020-07-22 14:06:17,829] {logging_mixin.py:112} INFO - [2020-07-22 14:06:17,829] {spark_submit_hook.py:479} INFO - 20/07/22 14:06:17 INFO SparkEnv: Registering BlockManagerMasterHeartbeat
[2020-07-22 14:06:17,851] {logging_mixin.py:112} INFO - [2020-07-22 14:06:17,851] {spark_submit_hook.py:479} INFO - 20/07/22 14:06:17 INFO DiskBlockManager: Created local directory at /tmp/blockmgr-173d08c6-65f9-4468-ba40-b5ebbe089a45
[2020-07-22 14:06:17,907] {logging_mixin.py:112} INFO - [2020-07-22 14:06:17,906] {spark_submit_hook.py:479} INFO - 20/07/22 14:06:17 INFO MemoryStore: MemoryStore started with capacity 366.3 MiB
[2020-07-22 14:06:17,942] {logging_mixin.py:112} INFO - [2020-07-22 14:06:17,942] {spark_submit_hook.py:479} INFO - 20/07/22 14:06:17 INFO SparkEnv: Registering OutputCommitCoordinator
[2020-07-22 14:06:18,279] {logging_mixin.py:112} INFO - [2020-07-22 14:06:18,279] {spark_submit_hook.py:479} INFO - 20/07/22 14:06:18 WARN Utils: Service 'SparkUI' could not bind on port 4040. Attempting port 4041.
[2020-07-22 14:06:18,279] {logging_mixin.py:112} INFO - [2020-07-22 14:06:18,279] {spark_submit_hook.py:479} INFO - 20/07/22 14:06:18 WARN Utils: Service 'SparkUI' could not bind on port 4041. Attempting port 4042.
[2020-07-22 14:06:18,291] {logging_mixin.py:112} INFO - [2020-07-22 14:06:18,290] {spark_submit_hook.py:479} INFO - 20/07/22 14:06:18 INFO Utils: Successfully started service 'SparkUI' on port 4042.
[2020-07-22 14:06:18,375] {logging_mixin.py:112} INFO - [2020-07-22 14:06:18,374] {spark_submit_hook.py:479} INFO - 20/07/22 14:06:18 INFO SparkUI: Bound SparkUI to 0.0.0.0, and started at http://192.168.43.94:4042
[2020-07-22 14:06:18,512] {logging_mixin.py:112} INFO - [2020-07-22 14:06:18,511] {spark_submit_hook.py:479} INFO - 20/07/22 14:06:18 ERROR SparkContext: Error initializing SparkContext.
[2020-07-22 14:06:18,512] {logging_mixin.py:112} INFO - [2020-07-22 14:06:18,512] {spark_submit_hook.py:479} INFO - org.apache.spark.SparkException: Could not parse Master URL: 'localhost:4041'
[2020-07-22 14:06:18,512] {logging_mixin.py:112} INFO - [2020-07-22 14:06:18,512] {spark_submit_hook.py:479} INFO - at org.apache.spark.SparkContext$.org$apache$spark$SparkContext$$createTaskScheduler(SparkContext.scala:2924)
[2020-07-22 14:06:18,513] {logging_mixin.py:112} INFO - [2020-07-22 14:06:18,512] {spark_submit_hook.py:479} INFO - at org.apache.spark.SparkContext.<init>(SparkContext.scala:528)
[2020-07-22 14:06:18,513] {logging_mixin.py:112} INFO - [2020-07-22 14:06:18,513] {spark_submit_hook.py:479} INFO - at org.apache.spark.api.java.JavaSparkContext.<init>(JavaSparkContext.scala:58)
[2020-07-22 14:06:18,513] {logging_mixin.py:112} INFO - [2020-07-22 14:06:18,513] {spark_submit_hook.py:479} INFO - at sun.reflect.NativeConstructorAccessorImpl.newInstance0(Native Method)
[2020-07-22 14:06:18,513] {logging_mixin.py:112} INFO - [2020-07-22 14:06:18,513] {spark_submit_hook.py:479} INFO - at sun.reflect.NativeConstructorAccessorImpl.newInstance(NativeConstructorAccessorImpl.java:62)
[2020-07-22 14:06:18,514] {logging_mixin.py:112} INFO - [2020-07-22 14:06:18,514] {spark_submit_hook.py:479} INFO - at sun.reflect.DelegatingConstructorAccessorImpl.newInstance(DelegatingConstructorAccessorImpl.java:45)
[2020-07-22 14:06:18,514] {logging_mixin.py:112} INFO - [2020-07-22 14:06:18,514] {spark_submit_hook.py:479} INFO - at java.lang.reflect.Constructor.newInstance(Constructor.java:423)
[2020-07-22 14:06:18,514] {logging_mixin.py:112} INFO - [2020-07-22 14:06:18,514] {spark_submit_hook.py:479} INFO - at py4j.reflection.MethodInvoker.invoke(MethodInvoker.java:247)
[2020-07-22 14:06:18,515] {logging_mixin.py:112} INFO - [2020-07-22 14:06:18,514] {spark_submit_hook.py:479} INFO - at py4j.reflection.ReflectionEngine.invoke(ReflectionEngine.java:357)
[2020-07-22 14:06:18,515] {logging_mixin.py:112} INFO - [2020-07-22 14:06:18,515] {spark_submit_hook.py:479} INFO - at py4j.Gateway.invoke(Gateway.java:238)
[2020-07-22 14:06:18,515] {logging_mixin.py:112} INFO - [2020-07-22 14:06:18,515] {spark_submit_hook.py:479} INFO - at py4j.commands.ConstructorCommand.invokeConstructor(ConstructorCommand.java:80)
[2020-07-22 14:06:18,516] {logging_mixin.py:112} INFO - [2020-07-22 14:06:18,515] {spark_submit_hook.py:479} INFO - at py4j.commands.ConstructorCommand.execute(ConstructorCommand.java:69)
[2020-07-22 14:06:18,516] {logging_mixin.py:112} INFO - [2020-07-22 14:06:18,516] {spark_submit_hook.py:479} INFO - at py4j.GatewayConnection.run(GatewayConnection.java:238)
[2020-07-22 14:06:18,516] {logging_mixin.py:112} INFO - [2020-07-22 14:06:18,516] {spark_submit_hook.py:479} INFO - at java.lang.Thread.run(Thread.java:748)
[2020-07-22 14:06:18,529] {logging_mixin.py:112} INFO - [2020-07-22 14:06:18,528] {spark_submit_hook.py:479} INFO - 20/07/22 14:06:18 INFO SparkUI: Stopped Spark web UI at http://192.168.43.94:4042
[2020-07-22 14:06:18,555] {logging_mixin.py:112} INFO - [2020-07-22 14:06:18,554] {spark_submit_hook.py:479} INFO - 20/07/22 14:06:18 INFO MapOutputTrackerMasterEndpoint: MapOutputTrackerMasterEndpoint stopped!
[2020-07-22 14:06:18,572] {logging_mixin.py:112} INFO - [2020-07-22 14:06:18,572] {spark_submit_hook.py:479} INFO - 20/07/22 14:06:18 INFO MemoryStore: MemoryStore cleared
[2020-07-22 14:06:18,573] {logging_mixin.py:112} INFO - [2020-07-22 14:06:18,573] {spark_submit_hook.py:479} INFO - 20/07/22 14:06:18 INFO BlockManager: BlockManager stopped
[2020-07-22 14:06:18,591] {logging_mixin.py:112} INFO - [2020-07-22 14:06:18,590] {spark_submit_hook.py:479} INFO - 20/07/22 14:06:18 INFO BlockManagerMaster: BlockManagerMaster stopped
[2020-07-22 14:06:18,591] {logging_mixin.py:112} INFO - [2020-07-22 14:06:18,591] {spark_submit_hook.py:479} INFO - 20/07/22 14:06:18 WARN MetricsSystem: Stopping a MetricsSystem that is not running
[2020-07-22 14:06:18,597] {logging_mixin.py:112} INFO - [2020-07-22 14:06:18,597] {spark_submit_hook.py:479} INFO - 20/07/22 14:06:18 INFO OutputCommitCoordinator$OutputCommitCoordinatorEndpoint: OutputCommitCoordinator stopped!
[2020-07-22 14:06:18,623] {logging_mixin.py:112} INFO - [2020-07-22 14:06:18,622] {spark_submit_hook.py:479} INFO - 20/07/22 14:06:18 INFO SparkContext: Successfully stopped SparkContext
[2020-07-22 14:06:18,683] {logging_mixin.py:112} INFO - [2020-07-22 14:06:18,683] {spark_submit_hook.py:479} INFO - Traceback (most recent call last):
[2020-07-22 14:06:18,683] {logging_mixin.py:112} INFO - [2020-07-22 14:06:18,683] {spark_submit_hook.py:479} INFO - File "/home/bhakti/airflow/spark_jobs/python/spark_test.py", line 6, in <module>
[2020-07-22 14:06:18,684] {logging_mixin.py:112} INFO - [2020-07-22 14:06:18,683] {spark_submit_hook.py:479} INFO - sc = SparkContext(conf=conf)
[2020-07-22 14:06:18,684] {logging_mixin.py:112} INFO - [2020-07-22 14:06:18,684] {spark_submit_hook.py:479} INFO - File "/opt/spark/python/lib/pyspark.zip/pyspark/context.py", line 130, in __init__
[2020-07-22 14:06:18,684] {logging_mixin.py:112} INFO - [2020-07-22 14:06:18,684] {spark_submit_hook.py:479} INFO - File "/opt/spark/python/lib/pyspark.zip/pyspark/context.py", line 193, in _do_init
[2020-07-22 14:06:18,685] {logging_mixin.py:112} INFO - [2020-07-22 14:06:18,684] {spark_submit_hook.py:479} INFO - File "/opt/spark/python/lib/pyspark.zip/pyspark/context.py", line 310, in _initialize_context
[2020-07-22 14:06:18,685] {logging_mixin.py:112} INFO - [2020-07-22 14:06:18,685] {spark_submit_hook.py:479} INFO - File "/opt/spark/python/lib/py4j-0.10.9-src.zip/py4j/java_gateway.py", line 1568, in __call__
[2020-07-22 14:06:18,685] {logging_mixin.py:112} INFO - [2020-07-22 14:06:18,685] {spark_submit_hook.py:479} INFO - File "/opt/spark/python/lib/py4j-0.10.9-src.zip/py4j/protocol.py", line 326, in get_return_value
[2020-07-22 14:06:18,685] {logging_mixin.py:112} INFO - [2020-07-22 14:06:18,685] {spark_submit_hook.py:479} INFO - py4j.protocol.Py4JJavaError: An error occurred while calling None.org.apache.spark.api.java.JavaSparkContext.
[2020-07-22 14:06:18,686] {logging_mixin.py:112} INFO - [2020-07-22 14:06:18,686] {spark_submit_hook.py:479} INFO - : org.apache.spark.SparkException: Could not parse Master URL: 'localhost:4041'
[2020-07-22 14:06:18,686] {logging_mixin.py:112} INFO - [2020-07-22 14:06:18,686] {spark_submit_hook.py:479} INFO - at org.apache.spark.SparkContext$.org$apache$spark$SparkContext$$createTaskScheduler(SparkContext.scala:2924)
[2020-07-22 14:06:18,686] {logging_mixin.py:112} INFO - [2020-07-22 14:06:18,686] {spark_submit_hook.py:479} INFO - at org.apache.spark.SparkContext.<init>(SparkContext.scala:528)
[2020-07-22 14:06:18,687] {logging_mixin.py:112} INFO - [2020-07-22 14:06:18,686] {spark_submit_hook.py:479} INFO - at org.apache.spark.api.java.JavaSparkContext.<init>(JavaSparkContext.scala:58)
[2020-07-22 14:06:18,687] {logging_mixin.py:112} INFO - [2020-07-22 14:06:18,687] {spark_submit_hook.py:479} INFO - at sun.reflect.NativeConstructorAccessorImpl.newInstance0(Native Method)
[2020-07-22 14:06:18,687] {logging_mixin.py:112} INFO - [2020-07-22 14:06:18,687] {spark_submit_hook.py:479} INFO - at sun.reflect.NativeConstructorAccessorImpl.newInstance(NativeConstructorAccessorImpl.java:62)
[2020-07-22 14:06:18,688] {logging_mixin.py:112} INFO - [2020-07-22 14:06:18,687] {spark_submit_hook.py:479} INFO - at sun.reflect.DelegatingConstructorAccessorImpl.newInstance(DelegatingConstructorAccessorImpl.java:45)
[2020-07-22 14:06:18,688] {logging_mixin.py:112} INFO - [2020-07-22 14:06:18,688] {spark_submit_hook.py:479} INFO - at java.lang.reflect.Constructor.newInstance(Constructor.java:423)
[2020-07-22 14:06:18,688] {logging_mixin.py:112} INFO - [2020-07-22 14:06:18,688] {spark_submit_hook.py:479} INFO - at py4j.reflection.MethodInvoker.invoke(MethodInvoker.java:247)
[2020-07-22 14:06:18,688] {logging_mixin.py:112} INFO - [2020-07-22 14:06:18,688] {spark_submit_hook.py:479} INFO - at py4j.reflection.ReflectionEngine.invoke(ReflectionEngine.java:357)
[2020-07-22 14:06:18,689] {logging_mixin.py:112} INFO - [2020-07-22 14:06:18,689] {spark_submit_hook.py:479} INFO - at py4j.Gateway.invoke(Gateway.java:238)
[2020-07-22 14:06:18,689] {logging_mixin.py:112} INFO - [2020-07-22 14:06:18,689] {spark_submit_hook.py:479} INFO - at py4j.commands.ConstructorCommand.invokeConstructor(ConstructorCommand.java:80)
[2020-07-22 14:06:18,689] {logging_mixin.py:112} INFO - [2020-07-22 14:06:18,689] {spark_submit_hook.py:479} INFO - at py4j.commands.ConstructorCommand.execute(ConstructorCommand.java:69)
[2020-07-22 14:06:18,690] {logging_mixin.py:112} INFO - [2020-07-22 14:06:18,689] {spark_submit_hook.py:479} INFO - at py4j.GatewayConnection.run(GatewayConnection.java:238)
[2020-07-22 14:06:18,690] {logging_mixin.py:112} INFO - [2020-07-22 14:06:18,690] {spark_submit_hook.py:479} INFO - at java.lang.Thread.run(Thread.java:748)
[2020-07-22 14:06:18,690] {logging_mixin.py:112} INFO - [2020-07-22 14:06:18,690] {spark_submit_hook.py:479} INFO - 
[2020-07-22 14:06:18,791] {logging_mixin.py:112} INFO - [2020-07-22 14:06:18,791] {spark_submit_hook.py:479} INFO - 20/07/22 14:06:18 INFO ShutdownHookManager: Shutdown hook called
[2020-07-22 14:06:18,793] {logging_mixin.py:112} INFO - [2020-07-22 14:06:18,792] {spark_submit_hook.py:479} INFO - 20/07/22 14:06:18 INFO ShutdownHookManager: Deleting directory /tmp/spark-e7abbe81-86d0-40dc-bd83-6696afe05f43
[2020-07-22 14:06:18,796] {logging_mixin.py:112} INFO - [2020-07-22 14:06:18,796] {spark_submit_hook.py:479} INFO - 20/07/22 14:06:18 INFO ShutdownHookManager: Deleting directory /tmp/spark-e7ec040b-e6d4-40e4-8769-eb2acafe0880
[2020-07-22 14:06:18,847] {taskinstance.py:1145} ERROR - Cannot execute: spark-submit --master localhost:4041 --name airflow-spark /home/bhakti/airflow/spark_jobs/python/spark_test.py. Error code is: 1.
Traceback (most recent call last):
  File "/usr/local/lib/python3.8/dist-packages/airflow/models/taskinstance.py", line 983, in _run_raw_task
    result = task_copy.execute(context=context)
  File "/usr/local/lib/python3.8/dist-packages/airflow/contrib/operators/spark_submit_operator.py", line 187, in execute
    self._hook.submit(self._application)
  File "/usr/local/lib/python3.8/dist-packages/airflow/contrib/hooks/spark_submit_hook.py", line 403, in submit
    raise AirflowException(
airflow.exceptions.AirflowException: Cannot execute: spark-submit --master localhost:4041 --name airflow-spark /home/bhakti/airflow/spark_jobs/python/spark_test.py. Error code is: 1.
[2020-07-22 14:06:18,850] {taskinstance.py:1189} INFO - Marking task as FAILED.dag_id=submit_data, task_id=spark_submit, execution_date=20200720T022700, start_date=20200722T083610, end_date=20200722T083618
[2020-07-22 14:06:20,529] {logging_mixin.py:112} INFO - [2020-07-22 14:06:20,528] {local_task_job.py:103} INFO - Task exited with return code 1
