[2020-07-22 17:35:32,475] {taskinstance.py:669} INFO - Dependencies all met for <TaskInstance: submit_data.spark_submit 2020-07-20T07:53:00+00:00 [queued]>
[2020-07-22 17:35:32,530] {taskinstance.py:669} INFO - Dependencies all met for <TaskInstance: submit_data.spark_submit 2020-07-20T07:53:00+00:00 [queued]>
[2020-07-22 17:35:32,531] {taskinstance.py:879} INFO - 
--------------------------------------------------------------------------------
[2020-07-22 17:35:32,531] {taskinstance.py:880} INFO - Starting attempt 1 of 1
[2020-07-22 17:35:32,531] {taskinstance.py:881} INFO - 
--------------------------------------------------------------------------------
[2020-07-22 17:35:32,664] {taskinstance.py:900} INFO - Executing <Task(SparkSubmitOperator): spark_submit> on 2020-07-20T07:53:00+00:00
[2020-07-22 17:35:32,669] {standard_task_runner.py:53} INFO - Started process 663206 to run task
[2020-07-22 17:35:32,913] {logging_mixin.py:112} INFO - Running %s on host %s <TaskInstance: submit_data.spark_submit 2020-07-20T07:53:00+00:00 [running]> bhakti-Vostro-3558
[2020-07-22 17:35:32,968] {logging_mixin.py:112} INFO - [2020-07-22 17:35:32,967] {base_hook.py:87} INFO - Using connection to: id: spark_local. Host: local, Port: None, Schema: None, Login: None, Password: None, extra: None
[2020-07-22 17:35:32,970] {logging_mixin.py:112} INFO - [2020-07-22 17:35:32,969] {spark_submit_hook.py:325} INFO - Spark-Submit cmd: spark-submit --master local --name airflow-spark /home/bhakti/airflow/spark_jobs/spark_test.py
[2020-07-22 17:35:35,475] {logging_mixin.py:112} INFO - [2020-07-22 17:35:35,475] {spark_submit_hook.py:479} INFO - 20/07/22 17:35:35 WARN Utils: Your hostname, bhakti-Vostro-3558 resolves to a loopback address: 127.0.1.1; using 192.168.43.94 instead (on interface wlp6s0)
[2020-07-22 17:35:35,479] {logging_mixin.py:112} INFO - [2020-07-22 17:35:35,479] {spark_submit_hook.py:479} INFO - 20/07/22 17:35:35 WARN Utils: Set SPARK_LOCAL_IP if you need to bind to another address
[2020-07-22 17:35:37,908] {logging_mixin.py:112} INFO - [2020-07-22 17:35:37,907] {spark_submit_hook.py:479} INFO - 20/07/22 17:35:37 WARN NativeCodeLoader: Unable to load native-hadoop library for your platform... using builtin-java classes where applicable
[2020-07-22 17:35:39,451] {logging_mixin.py:112} INFO - [2020-07-22 17:35:39,450] {spark_submit_hook.py:479} INFO - Using Spark's default log4j profile: org/apache/spark/log4j-defaults.properties
[2020-07-22 17:35:39,465] {logging_mixin.py:112} INFO - [2020-07-22 17:35:39,465] {spark_submit_hook.py:479} INFO - 20/07/22 17:35:39 INFO SparkContext: Running Spark version 3.0.0
[2020-07-22 17:35:39,528] {logging_mixin.py:112} INFO - [2020-07-22 17:35:39,528] {spark_submit_hook.py:479} INFO - 20/07/22 17:35:39 INFO ResourceUtils: ==============================================================
[2020-07-22 17:35:39,531] {logging_mixin.py:112} INFO - [2020-07-22 17:35:39,530] {spark_submit_hook.py:479} INFO - 20/07/22 17:35:39 INFO ResourceUtils: Resources for spark.driver:
[2020-07-22 17:35:39,531] {logging_mixin.py:112} INFO - [2020-07-22 17:35:39,531] {spark_submit_hook.py:479} INFO - 
[2020-07-22 17:35:39,531] {logging_mixin.py:112} INFO - [2020-07-22 17:35:39,531] {spark_submit_hook.py:479} INFO - 20/07/22 17:35:39 INFO ResourceUtils: ==============================================================
[2020-07-22 17:35:39,532] {logging_mixin.py:112} INFO - [2020-07-22 17:35:39,532] {spark_submit_hook.py:479} INFO - 20/07/22 17:35:39 INFO SparkContext: Submitted application: Spark_Test_Python
[2020-07-22 17:35:39,622] {logging_mixin.py:112} INFO - [2020-07-22 17:35:39,622] {spark_submit_hook.py:479} INFO - 20/07/22 17:35:39 INFO SecurityManager: Changing view acls to: bhakti
[2020-07-22 17:35:39,623] {logging_mixin.py:112} INFO - [2020-07-22 17:35:39,622] {spark_submit_hook.py:479} INFO - 20/07/22 17:35:39 INFO SecurityManager: Changing modify acls to: bhakti
[2020-07-22 17:35:39,623] {logging_mixin.py:112} INFO - [2020-07-22 17:35:39,623] {spark_submit_hook.py:479} INFO - 20/07/22 17:35:39 INFO SecurityManager: Changing view acls groups to:
[2020-07-22 17:35:39,623] {logging_mixin.py:112} INFO - [2020-07-22 17:35:39,623] {spark_submit_hook.py:479} INFO - 20/07/22 17:35:39 INFO SecurityManager: Changing modify acls groups to:
[2020-07-22 17:35:39,624] {logging_mixin.py:112} INFO - [2020-07-22 17:35:39,624] {spark_submit_hook.py:479} INFO - 20/07/22 17:35:39 INFO SecurityManager: SecurityManager: authentication disabled; ui acls disabled; users  with view permissions: Set(bhakti); groups with view permissions: Set(); users  with modify permissions: Set(bhakti); groups with modify permissions: Set()
[2020-07-22 17:35:40,235] {logging_mixin.py:112} INFO - [2020-07-22 17:35:40,234] {spark_submit_hook.py:479} INFO - 20/07/22 17:35:40 INFO Utils: Successfully started service 'sparkDriver' on port 33245.
[2020-07-22 17:35:40,293] {logging_mixin.py:112} INFO - [2020-07-22 17:35:40,293] {spark_submit_hook.py:479} INFO - 20/07/22 17:35:40 INFO SparkEnv: Registering MapOutputTracker
[2020-07-22 17:35:40,446] {logging_mixin.py:112} INFO - [2020-07-22 17:35:40,446] {spark_submit_hook.py:479} INFO - 20/07/22 17:35:40 INFO SparkEnv: Registering BlockManagerMaster
[2020-07-22 17:35:40,502] {logging_mixin.py:112} INFO - [2020-07-22 17:35:40,501] {spark_submit_hook.py:479} INFO - 20/07/22 17:35:40 INFO BlockManagerMasterEndpoint: Using org.apache.spark.storage.DefaultTopologyMapper for getting topology information
[2020-07-22 17:35:40,504] {logging_mixin.py:112} INFO - [2020-07-22 17:35:40,503] {spark_submit_hook.py:479} INFO - 20/07/22 17:35:40 INFO BlockManagerMasterEndpoint: BlockManagerMasterEndpoint up
[2020-07-22 17:35:40,513] {logging_mixin.py:112} INFO - [2020-07-22 17:35:40,513] {spark_submit_hook.py:479} INFO - 20/07/22 17:35:40 INFO SparkEnv: Registering BlockManagerMasterHeartbeat
[2020-07-22 17:35:40,589] {logging_mixin.py:112} INFO - [2020-07-22 17:35:40,589] {spark_submit_hook.py:479} INFO - 20/07/22 17:35:40 INFO DiskBlockManager: Created local directory at /tmp/blockmgr-25bc05eb-51a8-4b7c-b4c3-0ac0d6f78685
[2020-07-22 17:35:40,642] {logging_mixin.py:112} INFO - [2020-07-22 17:35:40,642] {spark_submit_hook.py:479} INFO - 20/07/22 17:35:40 INFO MemoryStore: MemoryStore started with capacity 366.3 MiB
[2020-07-22 17:35:40,682] {logging_mixin.py:112} INFO - [2020-07-22 17:35:40,681] {spark_submit_hook.py:479} INFO - 20/07/22 17:35:40 INFO SparkEnv: Registering OutputCommitCoordinator
[2020-07-22 17:35:41,350] {logging_mixin.py:112} INFO - [2020-07-22 17:35:41,350] {spark_submit_hook.py:479} INFO - 20/07/22 17:35:41 WARN Utils: Service 'SparkUI' could not bind on port 4040. Attempting port 4041.
[2020-07-22 17:35:41,351] {logging_mixin.py:112} INFO - [2020-07-22 17:35:41,351] {spark_submit_hook.py:479} INFO - 20/07/22 17:35:41 WARN Utils: Service 'SparkUI' could not bind on port 4041. Attempting port 4042.
[2020-07-22 17:35:41,364] {logging_mixin.py:112} INFO - [2020-07-22 17:35:41,363] {spark_submit_hook.py:479} INFO - 20/07/22 17:35:41 INFO Utils: Successfully started service 'SparkUI' on port 4042.
[2020-07-22 17:35:41,467] {logging_mixin.py:112} INFO - [2020-07-22 17:35:41,467] {spark_submit_hook.py:479} INFO - 20/07/22 17:35:41 INFO SparkUI: Bound SparkUI to 0.0.0.0, and started at http://192.168.43.94:4042
[2020-07-22 17:35:42,112] {logging_mixin.py:112} INFO - [2020-07-22 17:35:42,112] {spark_submit_hook.py:479} INFO - 20/07/22 17:35:42 INFO Executor: Starting executor ID driver on host 192.168.43.94
[2020-07-22 17:35:42,179] {logging_mixin.py:112} INFO - [2020-07-22 17:35:42,179] {spark_submit_hook.py:479} INFO - 20/07/22 17:35:42 INFO Utils: Successfully started service 'org.apache.spark.network.netty.NettyBlockTransferService' on port 33925.
[2020-07-22 17:35:42,180] {logging_mixin.py:112} INFO - [2020-07-22 17:35:42,180] {spark_submit_hook.py:479} INFO - 20/07/22 17:35:42 INFO NettyBlockTransferService: Server created on 192.168.43.94:33925
[2020-07-22 17:35:42,184] {logging_mixin.py:112} INFO - [2020-07-22 17:35:42,183] {spark_submit_hook.py:479} INFO - 20/07/22 17:35:42 INFO BlockManager: Using org.apache.spark.storage.RandomBlockReplicationPolicy for block replication policy
[2020-07-22 17:35:42,202] {logging_mixin.py:112} INFO - [2020-07-22 17:35:42,202] {spark_submit_hook.py:479} INFO - 20/07/22 17:35:42 INFO BlockManagerMaster: Registering BlockManager BlockManagerId(driver, 192.168.43.94, 33925, None)
[2020-07-22 17:35:42,223] {logging_mixin.py:112} INFO - [2020-07-22 17:35:42,223] {spark_submit_hook.py:479} INFO - 20/07/22 17:35:42 INFO BlockManagerMasterEndpoint: Registering block manager 192.168.43.94:33925 with 366.3 MiB RAM, BlockManagerId(driver, 192.168.43.94, 33925, None)
[2020-07-22 17:35:42,230] {logging_mixin.py:112} INFO - [2020-07-22 17:35:42,230] {spark_submit_hook.py:479} INFO - 20/07/22 17:35:42 INFO BlockManagerMaster: Registered BlockManager BlockManagerId(driver, 192.168.43.94, 33925, None)
[2020-07-22 17:35:42,233] {logging_mixin.py:112} INFO - [2020-07-22 17:35:42,233] {spark_submit_hook.py:479} INFO - 20/07/22 17:35:42 INFO BlockManager: Initialized BlockManager: BlockManagerId(driver, 192.168.43.94, 33925, None)
[2020-07-22 17:35:44,483] {logging_mixin.py:112} INFO - [2020-07-22 17:35:44,483] {spark_submit_hook.py:479} INFO - 20/07/22 17:35:44 INFO MemoryStore: Block broadcast_0 stored as values in memory (estimated size 241.5 KiB, free 366.1 MiB)
[2020-07-22 17:35:44,692] {logging_mixin.py:112} INFO - [2020-07-22 17:35:44,692] {spark_submit_hook.py:479} INFO - 20/07/22 17:35:44 INFO MemoryStore: Block broadcast_0_piece0 stored as bytes in memory (estimated size 23.4 KiB, free 366.0 MiB)
[2020-07-22 17:35:44,702] {logging_mixin.py:112} INFO - [2020-07-22 17:35:44,702] {spark_submit_hook.py:479} INFO - 20/07/22 17:35:44 INFO BlockManagerInfo: Added broadcast_0_piece0 in memory on 192.168.43.94:33925 (size: 23.4 KiB, free: 366.3 MiB)
[2020-07-22 17:35:44,724] {logging_mixin.py:112} INFO - [2020-07-22 17:35:44,724] {spark_submit_hook.py:479} INFO - 20/07/22 17:35:44 INFO SparkContext: Created broadcast 0 from textFile at NativeMethodAccessorImpl.java:0
[2020-07-22 17:35:45,280] {logging_mixin.py:112} INFO - [2020-07-22 17:35:45,280] {spark_submit_hook.py:479} INFO - 20/07/22 17:35:45 INFO FileInputFormat: Total input paths to process : 1
[2020-07-22 17:35:45,467] {logging_mixin.py:112} INFO - [2020-07-22 17:35:45,466] {spark_submit_hook.py:479} INFO - 20/07/22 17:35:45 INFO SparkContext: Starting job: collect at /home/bhakti/airflow/spark_jobs/spark_test.py:8
[2020-07-22 17:35:45,500] {logging_mixin.py:112} INFO - [2020-07-22 17:35:45,499] {spark_submit_hook.py:479} INFO - 20/07/22 17:35:45 INFO DAGScheduler: Got job 0 (collect at /home/bhakti/airflow/spark_jobs/spark_test.py:8) with 1 output partitions
[2020-07-22 17:35:45,501] {logging_mixin.py:112} INFO - [2020-07-22 17:35:45,500] {spark_submit_hook.py:479} INFO - 20/07/22 17:35:45 INFO DAGScheduler: Final stage: ResultStage 0 (collect at /home/bhakti/airflow/spark_jobs/spark_test.py:8)
[2020-07-22 17:35:45,514] {logging_mixin.py:112} INFO - [2020-07-22 17:35:45,513] {spark_submit_hook.py:479} INFO - 20/07/22 17:35:45 INFO DAGScheduler: Parents of final stage: List()
[2020-07-22 17:35:45,520] {logging_mixin.py:112} INFO - [2020-07-22 17:35:45,519] {spark_submit_hook.py:479} INFO - 20/07/22 17:35:45 INFO DAGScheduler: Missing parents: List()
[2020-07-22 17:35:45,551] {logging_mixin.py:112} INFO - [2020-07-22 17:35:45,551] {spark_submit_hook.py:479} INFO - 20/07/22 17:35:45 INFO DAGScheduler: Submitting ResultStage 0 (PythonRDD[2] at collect at /home/bhakti/airflow/spark_jobs/spark_test.py:8), which has no missing parents
[2020-07-22 17:35:45,590] {logging_mixin.py:112} INFO - [2020-07-22 17:35:45,590] {spark_submit_hook.py:479} INFO - 20/07/22 17:35:45 INFO MemoryStore: Block broadcast_1 stored as values in memory (estimated size 7.4 KiB, free 366.0 MiB)
[2020-07-22 17:35:45,603] {logging_mixin.py:112} INFO - [2020-07-22 17:35:45,602] {spark_submit_hook.py:479} INFO - 20/07/22 17:35:45 INFO MemoryStore: Block broadcast_1_piece0 stored as bytes in memory (estimated size 4.4 KiB, free 366.0 MiB)
[2020-07-22 17:35:45,604] {logging_mixin.py:112} INFO - [2020-07-22 17:35:45,604] {spark_submit_hook.py:479} INFO - 20/07/22 17:35:45 INFO BlockManagerInfo: Added broadcast_1_piece0 in memory on 192.168.43.94:33925 (size: 4.4 KiB, free: 366.3 MiB)
[2020-07-22 17:35:45,607] {logging_mixin.py:112} INFO - [2020-07-22 17:35:45,607] {spark_submit_hook.py:479} INFO - 20/07/22 17:35:45 INFO SparkContext: Created broadcast 1 from broadcast at DAGScheduler.scala:1200
[2020-07-22 17:35:45,632] {logging_mixin.py:112} INFO - [2020-07-22 17:35:45,632] {spark_submit_hook.py:479} INFO - 20/07/22 17:35:45 INFO DAGScheduler: Submitting 1 missing tasks from ResultStage 0 (PythonRDD[2] at collect at /home/bhakti/airflow/spark_jobs/spark_test.py:8) (first 15 tasks are for partitions Vector(0))
[2020-07-22 17:35:45,635] {logging_mixin.py:112} INFO - [2020-07-22 17:35:45,635] {spark_submit_hook.py:479} INFO - 20/07/22 17:35:45 INFO TaskSchedulerImpl: Adding task set 0.0 with 1 tasks
[2020-07-22 17:35:45,820] {logging_mixin.py:112} INFO - [2020-07-22 17:35:45,820] {spark_submit_hook.py:479} INFO - 20/07/22 17:35:45 INFO TaskSetManager: Starting task 0.0 in stage 0.0 (TID 0, 192.168.43.94, executor driver, partition 0, PROCESS_LOCAL, 7388 bytes)
[2020-07-22 17:35:45,882] {logging_mixin.py:112} INFO - [2020-07-22 17:35:45,882] {spark_submit_hook.py:479} INFO - 20/07/22 17:35:45 INFO Executor: Running task 0.0 in stage 0.0 (TID 0)
[2020-07-22 17:35:46,813] {logging_mixin.py:112} INFO - [2020-07-22 17:35:46,813] {spark_submit_hook.py:479} INFO - 20/07/22 17:35:46 INFO HadoopRDD: Input split: file:/home/bhakti/airflow/input_data/sample.csv:0+93
[2020-07-22 17:35:48,221] {logging_mixin.py:112} INFO - [2020-07-22 17:35:48,221] {spark_submit_hook.py:479} INFO - 20/07/22 17:35:48 INFO PythonRunner: Times: total = 1347, boot = 1319, init = 28, finish = 0
[2020-07-22 17:35:48,272] {logging_mixin.py:112} INFO - [2020-07-22 17:35:48,272] {spark_submit_hook.py:479} INFO - 20/07/22 17:35:48 INFO Executor: Finished task 0.0 in stage 0.0 (TID 0). 1822 bytes result sent to driver
[2020-07-22 17:35:48,301] {logging_mixin.py:112} INFO - [2020-07-22 17:35:48,301] {spark_submit_hook.py:479} INFO - 20/07/22 17:35:48 INFO TaskSetManager: Finished task 0.0 in stage 0.0 (TID 0) in 2529 ms on 192.168.43.94 (executor driver) (1/1)
[2020-07-22 17:35:48,312] {logging_mixin.py:112} INFO - [2020-07-22 17:35:48,312] {spark_submit_hook.py:479} INFO - 20/07/22 17:35:48 INFO TaskSchedulerImpl: Removed TaskSet 0.0, whose tasks have all completed, from pool
[2020-07-22 17:35:48,317] {logging_mixin.py:112} INFO - [2020-07-22 17:35:48,317] {spark_submit_hook.py:479} INFO - 20/07/22 17:35:48 INFO PythonAccumulatorV2: Connected to AccumulatorServer at host: 127.0.0.1 port: 43529
[2020-07-22 17:35:48,327] {logging_mixin.py:112} INFO - [2020-07-22 17:35:48,327] {spark_submit_hook.py:479} INFO - 20/07/22 17:35:48 INFO DAGScheduler: ResultStage 0 (collect at /home/bhakti/airflow/spark_jobs/spark_test.py:8) finished in 2.744 s
[2020-07-22 17:35:48,341] {logging_mixin.py:112} INFO - [2020-07-22 17:35:48,341] {spark_submit_hook.py:479} INFO - 20/07/22 17:35:48 INFO DAGScheduler: Job 0 is finished. Cancelling potential speculative or zombie tasks for this job
[2020-07-22 17:35:48,342] {logging_mixin.py:112} INFO - [2020-07-22 17:35:48,342] {spark_submit_hook.py:479} INFO - 20/07/22 17:35:48 INFO TaskSchedulerImpl: Killing all running tasks in stage 0: Stage finished
[2020-07-22 17:35:48,351] {logging_mixin.py:112} INFO - [2020-07-22 17:35:48,351] {spark_submit_hook.py:479} INFO - 20/07/22 17:35:48 INFO DAGScheduler: Job 0 finished: collect at /home/bhakti/airflow/spark_jobs/spark_test.py:8, took 2.878509 s
[2020-07-22 17:35:48,374] {logging_mixin.py:112} INFO - [2020-07-22 17:35:48,374] {spark_submit_hook.py:479} INFO - [('PERSON', 'JOINING_YEAR', 'COMPANY'), ('John', '2018', 'Google'), ('Sam', '2017', 'IBM'), ('Jeff', '2014', 'Yahoo'), ('Allen', '2015', 'Facebook')]
[2020-07-22 17:35:49,605] {logging_mixin.py:112} INFO - [2020-07-22 17:35:49,604] {spark_submit_hook.py:479} INFO - 20/07/22 17:35:49 INFO BlockManagerInfo: Removed broadcast_0_piece0 on 192.168.43.94:33925 in memory (size: 23.4 KiB, free: 366.3 MiB)
[2020-07-22 17:35:49,665] {logging_mixin.py:112} INFO - [2020-07-22 17:35:49,665] {spark_submit_hook.py:479} INFO - 20/07/22 17:35:49 INFO BlockManagerInfo: Removed broadcast_1_piece0 on 192.168.43.94:33925 in memory (size: 4.4 KiB, free: 366.3 MiB)
[2020-07-22 17:35:49,866] {logging_mixin.py:112} INFO - [2020-07-22 17:35:49,866] {spark_submit_hook.py:479} INFO - 20/07/22 17:35:49 INFO SharedState: Setting hive.metastore.warehouse.dir ('null') to the value of spark.sql.warehouse.dir ('file:/home/bhakti/airflow/spark-warehouse').
[2020-07-22 17:35:49,867] {logging_mixin.py:112} INFO - [2020-07-22 17:35:49,867] {spark_submit_hook.py:479} INFO - 20/07/22 17:35:49 INFO SharedState: Warehouse path is 'file:/home/bhakti/airflow/spark-warehouse'.
[2020-07-22 17:35:55,943] {logging_mixin.py:112} INFO - [2020-07-22 17:35:55,943] {spark_submit_hook.py:479} INFO - 20/07/22 17:35:55 INFO CodeGenerator: Code generated in 371.877334 ms
[2020-07-22 17:35:56,014] {logging_mixin.py:112} INFO - [2020-07-22 17:35:56,014] {spark_submit_hook.py:479} INFO - 20/07/22 17:35:56 INFO SparkContext: Starting job: showString at NativeMethodAccessorImpl.java:0
[2020-07-22 17:35:56,016] {logging_mixin.py:112} INFO - [2020-07-22 17:35:56,016] {spark_submit_hook.py:479} INFO - 20/07/22 17:35:56 INFO DAGScheduler: Got job 1 (showString at NativeMethodAccessorImpl.java:0) with 1 output partitions
[2020-07-22 17:35:56,017] {logging_mixin.py:112} INFO - [2020-07-22 17:35:56,017] {spark_submit_hook.py:479} INFO - 20/07/22 17:35:56 INFO DAGScheduler: Final stage: ResultStage 1 (showString at NativeMethodAccessorImpl.java:0)
[2020-07-22 17:35:56,017] {logging_mixin.py:112} INFO - [2020-07-22 17:35:56,017] {spark_submit_hook.py:479} INFO - 20/07/22 17:35:56 INFO DAGScheduler: Parents of final stage: List()
[2020-07-22 17:35:56,018] {logging_mixin.py:112} INFO - [2020-07-22 17:35:56,018] {spark_submit_hook.py:479} INFO - 20/07/22 17:35:56 INFO DAGScheduler: Missing parents: List()
[2020-07-22 17:35:56,020] {logging_mixin.py:112} INFO - [2020-07-22 17:35:56,020] {spark_submit_hook.py:479} INFO - 20/07/22 17:35:56 INFO DAGScheduler: Submitting ResultStage 1 (MapPartitionsRDD[9] at showString at NativeMethodAccessorImpl.java:0), which has no missing parents
[2020-07-22 17:35:56,049] {logging_mixin.py:112} INFO - [2020-07-22 17:35:56,049] {spark_submit_hook.py:479} INFO - 20/07/22 17:35:56 INFO MemoryStore: Block broadcast_2 stored as values in memory (estimated size 11.2 KiB, free 366.3 MiB)
[2020-07-22 17:35:56,054] {logging_mixin.py:112} INFO - [2020-07-22 17:35:56,053] {spark_submit_hook.py:479} INFO - 20/07/22 17:35:56 INFO MemoryStore: Block broadcast_2_piece0 stored as bytes in memory (estimated size 5.8 KiB, free 366.3 MiB)
[2020-07-22 17:35:56,056] {logging_mixin.py:112} INFO - [2020-07-22 17:35:56,055] {spark_submit_hook.py:479} INFO - 20/07/22 17:35:56 INFO BlockManagerInfo: Added broadcast_2_piece0 in memory on 192.168.43.94:33925 (size: 5.8 KiB, free: 366.3 MiB)
[2020-07-22 17:35:56,058] {logging_mixin.py:112} INFO - [2020-07-22 17:35:56,058] {spark_submit_hook.py:479} INFO - 20/07/22 17:35:56 INFO SparkContext: Created broadcast 2 from broadcast at DAGScheduler.scala:1200
[2020-07-22 17:35:56,060] {logging_mixin.py:112} INFO - [2020-07-22 17:35:56,060] {spark_submit_hook.py:479} INFO - 20/07/22 17:35:56 INFO DAGScheduler: Submitting 1 missing tasks from ResultStage 1 (MapPartitionsRDD[9] at showString at NativeMethodAccessorImpl.java:0) (first 15 tasks are for partitions Vector(0))
[2020-07-22 17:35:56,060] {logging_mixin.py:112} INFO - [2020-07-22 17:35:56,060] {spark_submit_hook.py:479} INFO - 20/07/22 17:35:56 INFO TaskSchedulerImpl: Adding task set 1.0 with 1 tasks
[2020-07-22 17:35:56,079] {logging_mixin.py:112} INFO - [2020-07-22 17:35:56,079] {spark_submit_hook.py:479} INFO - 20/07/22 17:35:56 INFO TaskSetManager: Starting task 0.0 in stage 1.0 (TID 1, 192.168.43.94, executor driver, partition 0, PROCESS_LOCAL, 7493 bytes)
[2020-07-22 17:35:56,080] {logging_mixin.py:112} INFO - [2020-07-22 17:35:56,080] {spark_submit_hook.py:479} INFO - 20/07/22 17:35:56 INFO Executor: Running task 0.0 in stage 1.0 (TID 1)
[2020-07-22 17:35:56,199] {logging_mixin.py:112} INFO - [2020-07-22 17:35:56,199] {spark_submit_hook.py:479} INFO - 20/07/22 17:35:56 INFO PythonRunner: Times: total = 4, boot = -7922, init = 7925, finish = 1
[2020-07-22 17:35:56,211] {logging_mixin.py:112} INFO - [2020-07-22 17:35:56,211] {spark_submit_hook.py:479} INFO - 20/07/22 17:35:56 INFO Executor: Finished task 0.0 in stage 1.0 (TID 1). 2235 bytes result sent to driver
[2020-07-22 17:35:56,217] {logging_mixin.py:112} INFO - [2020-07-22 17:35:56,217] {spark_submit_hook.py:479} INFO - 20/07/22 17:35:56 INFO TaskSetManager: Finished task 0.0 in stage 1.0 (TID 1) in 155 ms on 192.168.43.94 (executor driver) (1/1)
[2020-07-22 17:35:56,219] {logging_mixin.py:112} INFO - [2020-07-22 17:35:56,218] {spark_submit_hook.py:479} INFO - 20/07/22 17:35:56 INFO TaskSchedulerImpl: Removed TaskSet 1.0, whose tasks have all completed, from pool
[2020-07-22 17:35:56,227] {logging_mixin.py:112} INFO - [2020-07-22 17:35:56,226] {spark_submit_hook.py:479} INFO - 20/07/22 17:35:56 INFO DAGScheduler: ResultStage 1 (showString at NativeMethodAccessorImpl.java:0) finished in 0.197 s
[2020-07-22 17:35:56,227] {logging_mixin.py:112} INFO - [2020-07-22 17:35:56,227] {spark_submit_hook.py:479} INFO - 20/07/22 17:35:56 INFO DAGScheduler: Job 1 is finished. Cancelling potential speculative or zombie tasks for this job
[2020-07-22 17:35:56,228] {logging_mixin.py:112} INFO - [2020-07-22 17:35:56,228] {spark_submit_hook.py:479} INFO - 20/07/22 17:35:56 INFO TaskSchedulerImpl: Killing all running tasks in stage 1: Stage finished
[2020-07-22 17:35:56,229] {logging_mixin.py:112} INFO - [2020-07-22 17:35:56,229] {spark_submit_hook.py:479} INFO - 20/07/22 17:35:56 INFO DAGScheduler: Job 1 finished: showString at NativeMethodAccessorImpl.java:0, took 0.214208 s
[2020-07-22 17:35:56,360] {logging_mixin.py:112} INFO - [2020-07-22 17:35:56,360] {spark_submit_hook.py:479} INFO - 20/07/22 17:35:56 INFO CodeGenerator: Code generated in 64.475304 ms
[2020-07-22 17:35:56,395] {logging_mixin.py:112} INFO - [2020-07-22 17:35:56,394] {spark_submit_hook.py:479} INFO - +------+------------+--------+
[2020-07-22 17:35:56,395] {logging_mixin.py:112} INFO - [2020-07-22 17:35:56,395] {spark_submit_hook.py:479} INFO - |    _1|          _2|      _3|
[2020-07-22 17:35:56,395] {logging_mixin.py:112} INFO - [2020-07-22 17:35:56,395] {spark_submit_hook.py:479} INFO - +------+------------+--------+
[2020-07-22 17:35:56,396] {logging_mixin.py:112} INFO - [2020-07-22 17:35:56,396] {spark_submit_hook.py:479} INFO - |PERSON|JOINING_YEAR| COMPANY|
[2020-07-22 17:35:56,396] {logging_mixin.py:112} INFO - [2020-07-22 17:35:56,396] {spark_submit_hook.py:479} INFO - |  John|        2018|  Google|
[2020-07-22 17:35:56,396] {logging_mixin.py:112} INFO - [2020-07-22 17:35:56,396] {spark_submit_hook.py:479} INFO - |   Sam|        2017|     IBM|
[2020-07-22 17:35:56,397] {logging_mixin.py:112} INFO - [2020-07-22 17:35:56,396] {spark_submit_hook.py:479} INFO - |  Jeff|        2014|   Yahoo|
[2020-07-22 17:35:56,397] {logging_mixin.py:112} INFO - [2020-07-22 17:35:56,397] {spark_submit_hook.py:479} INFO - | Allen|        2015|Facebook|
[2020-07-22 17:35:56,397] {logging_mixin.py:112} INFO - [2020-07-22 17:35:56,397] {spark_submit_hook.py:479} INFO - +------+------------+--------+
[2020-07-22 17:35:56,398] {logging_mixin.py:112} INFO - [2020-07-22 17:35:56,397] {spark_submit_hook.py:479} INFO - 
[2020-07-22 17:35:56,538] {logging_mixin.py:112} INFO - [2020-07-22 17:35:56,537] {spark_submit_hook.py:479} INFO - 20/07/22 17:35:56 INFO SparkContext: Invoking stop() from shutdown hook
[2020-07-22 17:35:56,563] {logging_mixin.py:112} INFO - [2020-07-22 17:35:56,563] {spark_submit_hook.py:479} INFO - 20/07/22 17:35:56 INFO SparkUI: Stopped Spark web UI at http://192.168.43.94:4042
[2020-07-22 17:35:56,599] {logging_mixin.py:112} INFO - [2020-07-22 17:35:56,598] {spark_submit_hook.py:479} INFO - 20/07/22 17:35:56 INFO MapOutputTrackerMasterEndpoint: MapOutputTrackerMasterEndpoint stopped!
[2020-07-22 17:35:56,621] {logging_mixin.py:112} INFO - [2020-07-22 17:35:56,621] {spark_submit_hook.py:479} INFO - 20/07/22 17:35:56 INFO MemoryStore: MemoryStore cleared
[2020-07-22 17:35:56,623] {logging_mixin.py:112} INFO - [2020-07-22 17:35:56,623] {spark_submit_hook.py:479} INFO - 20/07/22 17:35:56 INFO BlockManager: BlockManager stopped
[2020-07-22 17:35:56,629] {logging_mixin.py:112} INFO - [2020-07-22 17:35:56,629] {spark_submit_hook.py:479} INFO - 20/07/22 17:35:56 INFO BlockManagerMaster: BlockManagerMaster stopped
[2020-07-22 17:35:56,636] {logging_mixin.py:112} INFO - [2020-07-22 17:35:56,636] {spark_submit_hook.py:479} INFO - 20/07/22 17:35:56 INFO OutputCommitCoordinator$OutputCommitCoordinatorEndpoint: OutputCommitCoordinator stopped!
[2020-07-22 17:35:56,661] {logging_mixin.py:112} INFO - [2020-07-22 17:35:56,661] {spark_submit_hook.py:479} INFO - 20/07/22 17:35:56 INFO SparkContext: Successfully stopped SparkContext
[2020-07-22 17:35:56,663] {logging_mixin.py:112} INFO - [2020-07-22 17:35:56,662] {spark_submit_hook.py:479} INFO - 20/07/22 17:35:56 INFO ShutdownHookManager: Shutdown hook called
[2020-07-22 17:35:56,666] {logging_mixin.py:112} INFO - [2020-07-22 17:35:56,665] {spark_submit_hook.py:479} INFO - 20/07/22 17:35:56 INFO ShutdownHookManager: Deleting directory /tmp/spark-1cdfe0c5-8eb3-4b59-a84c-7aab4d3780f3/pyspark-a4fa845f-1d4a-47af-b617-ec478b8996ae
[2020-07-22 17:35:56,674] {logging_mixin.py:112} INFO - [2020-07-22 17:35:56,674] {spark_submit_hook.py:479} INFO - 20/07/22 17:35:56 INFO ShutdownHookManager: Deleting directory /tmp/spark-1cdfe0c5-8eb3-4b59-a84c-7aab4d3780f3
[2020-07-22 17:35:56,678] {logging_mixin.py:112} INFO - [2020-07-22 17:35:56,678] {spark_submit_hook.py:479} INFO - 20/07/22 17:35:56 INFO ShutdownHookManager: Deleting directory /tmp/spark-717b5202-9558-40f5-b016-be53749eb50a
[2020-07-22 17:35:56,772] {taskinstance.py:1052} INFO - Marking task as SUCCESS.dag_id=submit_data, task_id=spark_submit, execution_date=20200720T075300, start_date=20200722T120532, end_date=20200722T120556
[2020-07-22 17:35:57,745] {logging_mixin.py:112} INFO - [2020-07-22 17:35:57,745] {local_task_job.py:103} INFO - Task exited with return code 0
