[2020-07-22 17:52:15,931] {taskinstance.py:669} INFO - Dependencies all met for <TaskInstance: submit_data.spark_submit 2020-07-20T08:18:00+00:00 [queued]>
[2020-07-22 17:52:15,944] {taskinstance.py:669} INFO - Dependencies all met for <TaskInstance: submit_data.spark_submit 2020-07-20T08:18:00+00:00 [queued]>
[2020-07-22 17:52:15,944] {taskinstance.py:879} INFO - 
--------------------------------------------------------------------------------
[2020-07-22 17:52:15,944] {taskinstance.py:880} INFO - Starting attempt 1 of 1
[2020-07-22 17:52:15,944] {taskinstance.py:881} INFO - 
--------------------------------------------------------------------------------
[2020-07-22 17:52:16,076] {taskinstance.py:900} INFO - Executing <Task(SparkSubmitOperator): spark_submit> on 2020-07-20T08:18:00+00:00
[2020-07-22 17:52:16,080] {standard_task_runner.py:53} INFO - Started process 684612 to run task
[2020-07-22 17:52:16,251] {logging_mixin.py:112} INFO - Running %s on host %s <TaskInstance: submit_data.spark_submit 2020-07-20T08:18:00+00:00 [running]> bhakti-Vostro-3558
[2020-07-22 17:52:16,286] {logging_mixin.py:112} INFO - [2020-07-22 17:52:16,286] {base_hook.py:87} INFO - Using connection to: id: spark_local. Host: local, Port: None, Schema: None, Login: None, Password: None, extra: None
[2020-07-22 17:52:16,287] {logging_mixin.py:112} INFO - [2020-07-22 17:52:16,287] {spark_submit_hook.py:325} INFO - Spark-Submit cmd: spark-submit --master local --name airflow-spark /home/bhakti/airflow/spark_jobs/spark_test.py
[2020-07-22 17:52:18,892] {logging_mixin.py:112} INFO - [2020-07-22 17:52:18,891] {spark_submit_hook.py:479} INFO - 20/07/22 17:52:18 WARN Utils: Your hostname, bhakti-Vostro-3558 resolves to a loopback address: 127.0.1.1; using 192.168.43.94 instead (on interface wlp6s0)
[2020-07-22 17:52:18,893] {logging_mixin.py:112} INFO - [2020-07-22 17:52:18,893] {spark_submit_hook.py:479} INFO - 20/07/22 17:52:18 WARN Utils: Set SPARK_LOCAL_IP if you need to bind to another address
[2020-07-22 17:52:20,533] {logging_mixin.py:112} INFO - [2020-07-22 17:52:20,533] {spark_submit_hook.py:479} INFO - 20/07/22 17:52:20 WARN NativeCodeLoader: Unable to load native-hadoop library for your platform... using builtin-java classes where applicable
[2020-07-22 17:52:22,681] {logging_mixin.py:112} INFO - [2020-07-22 17:52:22,681] {spark_submit_hook.py:479} INFO - Using Spark's default log4j profile: org/apache/spark/log4j-defaults.properties
[2020-07-22 17:52:22,709] {logging_mixin.py:112} INFO - [2020-07-22 17:52:22,709] {spark_submit_hook.py:479} INFO - 20/07/22 17:52:22 INFO SparkContext: Running Spark version 3.0.0
[2020-07-22 17:52:22,832] {logging_mixin.py:112} INFO - [2020-07-22 17:52:22,832] {spark_submit_hook.py:479} INFO - 20/07/22 17:52:22 INFO ResourceUtils: ==============================================================
[2020-07-22 17:52:22,836] {logging_mixin.py:112} INFO - [2020-07-22 17:52:22,836] {spark_submit_hook.py:479} INFO - 20/07/22 17:52:22 INFO ResourceUtils: Resources for spark.driver:
[2020-07-22 17:52:22,836] {logging_mixin.py:112} INFO - [2020-07-22 17:52:22,836] {spark_submit_hook.py:479} INFO - 
[2020-07-22 17:52:22,837] {logging_mixin.py:112} INFO - [2020-07-22 17:52:22,837] {spark_submit_hook.py:479} INFO - 20/07/22 17:52:22 INFO ResourceUtils: ==============================================================
[2020-07-22 17:52:22,838] {logging_mixin.py:112} INFO - [2020-07-22 17:52:22,838] {spark_submit_hook.py:479} INFO - 20/07/22 17:52:22 INFO SparkContext: Submitted application: Spark_Test_Python
[2020-07-22 17:52:22,968] {logging_mixin.py:112} INFO - [2020-07-22 17:52:22,968] {spark_submit_hook.py:479} INFO - 20/07/22 17:52:22 INFO SecurityManager: Changing view acls to: bhakti
[2020-07-22 17:52:22,968] {logging_mixin.py:112} INFO - [2020-07-22 17:52:22,968] {spark_submit_hook.py:479} INFO - 20/07/22 17:52:22 INFO SecurityManager: Changing modify acls to: bhakti
[2020-07-22 17:52:22,968] {logging_mixin.py:112} INFO - [2020-07-22 17:52:22,968] {spark_submit_hook.py:479} INFO - 20/07/22 17:52:22 INFO SecurityManager: Changing view acls groups to:
[2020-07-22 17:52:22,969] {logging_mixin.py:112} INFO - [2020-07-22 17:52:22,969] {spark_submit_hook.py:479} INFO - 20/07/22 17:52:22 INFO SecurityManager: Changing modify acls groups to:
[2020-07-22 17:52:22,969] {logging_mixin.py:112} INFO - [2020-07-22 17:52:22,969] {spark_submit_hook.py:479} INFO - 20/07/22 17:52:22 INFO SecurityManager: SecurityManager: authentication disabled; ui acls disabled; users  with view permissions: Set(bhakti); groups with view permissions: Set(); users  with modify permissions: Set(bhakti); groups with modify permissions: Set()
[2020-07-22 17:52:23,462] {logging_mixin.py:112} INFO - [2020-07-22 17:52:23,461] {spark_submit_hook.py:479} INFO - 20/07/22 17:52:23 INFO Utils: Successfully started service 'sparkDriver' on port 43105.
[2020-07-22 17:52:23,510] {logging_mixin.py:112} INFO - [2020-07-22 17:52:23,509] {spark_submit_hook.py:479} INFO - 20/07/22 17:52:23 INFO SparkEnv: Registering MapOutputTracker
[2020-07-22 17:52:23,574] {logging_mixin.py:112} INFO - [2020-07-22 17:52:23,574] {spark_submit_hook.py:479} INFO - 20/07/22 17:52:23 INFO SparkEnv: Registering BlockManagerMaster
[2020-07-22 17:52:23,622] {logging_mixin.py:112} INFO - [2020-07-22 17:52:23,622] {spark_submit_hook.py:479} INFO - 20/07/22 17:52:23 INFO BlockManagerMasterEndpoint: Using org.apache.spark.storage.DefaultTopologyMapper for getting topology information
[2020-07-22 17:52:23,624] {logging_mixin.py:112} INFO - [2020-07-22 17:52:23,624] {spark_submit_hook.py:479} INFO - 20/07/22 17:52:23 INFO BlockManagerMasterEndpoint: BlockManagerMasterEndpoint up
[2020-07-22 17:52:23,634] {logging_mixin.py:112} INFO - [2020-07-22 17:52:23,634] {spark_submit_hook.py:479} INFO - 20/07/22 17:52:23 INFO SparkEnv: Registering BlockManagerMasterHeartbeat
[2020-07-22 17:52:23,669] {logging_mixin.py:112} INFO - [2020-07-22 17:52:23,669] {spark_submit_hook.py:479} INFO - 20/07/22 17:52:23 INFO DiskBlockManager: Created local directory at /tmp/blockmgr-e8183d59-4b77-4da9-ac60-f16ae8544d19
[2020-07-22 17:52:23,733] {logging_mixin.py:112} INFO - [2020-07-22 17:52:23,733] {spark_submit_hook.py:479} INFO - 20/07/22 17:52:23 INFO MemoryStore: MemoryStore started with capacity 366.3 MiB
[2020-07-22 17:52:23,786] {logging_mixin.py:112} INFO - [2020-07-22 17:52:23,786] {spark_submit_hook.py:479} INFO - 20/07/22 17:52:23 INFO SparkEnv: Registering OutputCommitCoordinator
[2020-07-22 17:52:24,272] {logging_mixin.py:112} INFO - [2020-07-22 17:52:24,272] {spark_submit_hook.py:479} INFO - 20/07/22 17:52:24 WARN Utils: Service 'SparkUI' could not bind on port 4040. Attempting port 4041.
[2020-07-22 17:52:24,273] {logging_mixin.py:112} INFO - [2020-07-22 17:52:24,273] {spark_submit_hook.py:479} INFO - 20/07/22 17:52:24 WARN Utils: Service 'SparkUI' could not bind on port 4041. Attempting port 4042.
[2020-07-22 17:52:24,285] {logging_mixin.py:112} INFO - [2020-07-22 17:52:24,284] {spark_submit_hook.py:479} INFO - 20/07/22 17:52:24 INFO Utils: Successfully started service 'SparkUI' on port 4042.
[2020-07-22 17:52:24,419] {logging_mixin.py:112} INFO - [2020-07-22 17:52:24,418] {spark_submit_hook.py:479} INFO - 20/07/22 17:52:24 INFO SparkUI: Bound SparkUI to 0.0.0.0, and started at http://192.168.43.94:4042
[2020-07-22 17:52:24,867] {logging_mixin.py:112} INFO - [2020-07-22 17:52:24,866] {spark_submit_hook.py:479} INFO - 20/07/22 17:52:24 INFO Executor: Starting executor ID driver on host 192.168.43.94
[2020-07-22 17:52:24,904] {logging_mixin.py:112} INFO - [2020-07-22 17:52:24,904] {spark_submit_hook.py:479} INFO - 20/07/22 17:52:24 INFO Utils: Successfully started service 'org.apache.spark.network.netty.NettyBlockTransferService' on port 44467.
[2020-07-22 17:52:24,905] {logging_mixin.py:112} INFO - [2020-07-22 17:52:24,905] {spark_submit_hook.py:479} INFO - 20/07/22 17:52:24 INFO NettyBlockTransferService: Server created on 192.168.43.94:44467
[2020-07-22 17:52:24,907] {logging_mixin.py:112} INFO - [2020-07-22 17:52:24,907] {spark_submit_hook.py:479} INFO - 20/07/22 17:52:24 INFO BlockManager: Using org.apache.spark.storage.RandomBlockReplicationPolicy for block replication policy
[2020-07-22 17:52:24,919] {logging_mixin.py:112} INFO - [2020-07-22 17:52:24,918] {spark_submit_hook.py:479} INFO - 20/07/22 17:52:24 INFO BlockManagerMaster: Registering BlockManager BlockManagerId(driver, 192.168.43.94, 44467, None)
[2020-07-22 17:52:24,926] {logging_mixin.py:112} INFO - [2020-07-22 17:52:24,926] {spark_submit_hook.py:479} INFO - 20/07/22 17:52:24 INFO BlockManagerMasterEndpoint: Registering block manager 192.168.43.94:44467 with 366.3 MiB RAM, BlockManagerId(driver, 192.168.43.94, 44467, None)
[2020-07-22 17:52:24,931] {logging_mixin.py:112} INFO - [2020-07-22 17:52:24,931] {spark_submit_hook.py:479} INFO - 20/07/22 17:52:24 INFO BlockManagerMaster: Registered BlockManager BlockManagerId(driver, 192.168.43.94, 44467, None)
[2020-07-22 17:52:24,934] {logging_mixin.py:112} INFO - [2020-07-22 17:52:24,934] {spark_submit_hook.py:479} INFO - 20/07/22 17:52:24 INFO BlockManager: Initialized BlockManager: BlockManagerId(driver, 192.168.43.94, 44467, None)
[2020-07-22 17:52:26,296] {logging_mixin.py:112} INFO - [2020-07-22 17:52:26,295] {spark_submit_hook.py:479} INFO - 20/07/22 17:52:26 INFO MemoryStore: Block broadcast_0 stored as values in memory (estimated size 241.5 KiB, free 366.1 MiB)
[2020-07-22 17:52:26,420] {logging_mixin.py:112} INFO - [2020-07-22 17:52:26,420] {spark_submit_hook.py:479} INFO - 20/07/22 17:52:26 INFO MemoryStore: Block broadcast_0_piece0 stored as bytes in memory (estimated size 23.4 KiB, free 366.0 MiB)
[2020-07-22 17:52:26,425] {logging_mixin.py:112} INFO - [2020-07-22 17:52:26,425] {spark_submit_hook.py:479} INFO - 20/07/22 17:52:26 INFO BlockManagerInfo: Added broadcast_0_piece0 in memory on 192.168.43.94:44467 (size: 23.4 KiB, free: 366.3 MiB)
[2020-07-22 17:52:26,432] {logging_mixin.py:112} INFO - [2020-07-22 17:52:26,432] {spark_submit_hook.py:479} INFO - 20/07/22 17:52:26 INFO SparkContext: Created broadcast 0 from textFile at NativeMethodAccessorImpl.java:0
[2020-07-22 17:52:26,783] {logging_mixin.py:112} INFO - [2020-07-22 17:52:26,783] {spark_submit_hook.py:479} INFO - 20/07/22 17:52:26 INFO FileInputFormat: Total input paths to process : 1
[2020-07-22 17:52:26,981] {logging_mixin.py:112} INFO - [2020-07-22 17:52:26,981] {spark_submit_hook.py:479} INFO - 20/07/22 17:52:26 INFO SparkContext: Starting job: collect at /home/bhakti/airflow/spark_jobs/spark_test.py:8
[2020-07-22 17:52:27,021] {logging_mixin.py:112} INFO - [2020-07-22 17:52:27,021] {spark_submit_hook.py:479} INFO - 20/07/22 17:52:27 INFO DAGScheduler: Got job 0 (collect at /home/bhakti/airflow/spark_jobs/spark_test.py:8) with 1 output partitions
[2020-07-22 17:52:27,023] {logging_mixin.py:112} INFO - [2020-07-22 17:52:27,023] {spark_submit_hook.py:479} INFO - 20/07/22 17:52:27 INFO DAGScheduler: Final stage: ResultStage 0 (collect at /home/bhakti/airflow/spark_jobs/spark_test.py:8)
[2020-07-22 17:52:27,026] {logging_mixin.py:112} INFO - [2020-07-22 17:52:27,026] {spark_submit_hook.py:479} INFO - 20/07/22 17:52:27 INFO DAGScheduler: Parents of final stage: List()
[2020-07-22 17:52:27,030] {logging_mixin.py:112} INFO - [2020-07-22 17:52:27,030] {spark_submit_hook.py:479} INFO - 20/07/22 17:52:27 INFO DAGScheduler: Missing parents: List()
[2020-07-22 17:52:27,070] {logging_mixin.py:112} INFO - [2020-07-22 17:52:27,070] {spark_submit_hook.py:479} INFO - 20/07/22 17:52:27 INFO DAGScheduler: Submitting ResultStage 0 (PythonRDD[2] at collect at /home/bhakti/airflow/spark_jobs/spark_test.py:8), which has no missing parents
[2020-07-22 17:52:27,165] {logging_mixin.py:112} INFO - [2020-07-22 17:52:27,164] {spark_submit_hook.py:479} INFO - 20/07/22 17:52:27 INFO MemoryStore: Block broadcast_1 stored as values in memory (estimated size 7.4 KiB, free 366.0 MiB)
[2020-07-22 17:52:27,180] {logging_mixin.py:112} INFO - [2020-07-22 17:52:27,180] {spark_submit_hook.py:479} INFO - 20/07/22 17:52:27 INFO MemoryStore: Block broadcast_1_piece0 stored as bytes in memory (estimated size 4.4 KiB, free 366.0 MiB)
[2020-07-22 17:52:27,183] {logging_mixin.py:112} INFO - [2020-07-22 17:52:27,182] {spark_submit_hook.py:479} INFO - 20/07/22 17:52:27 INFO BlockManagerInfo: Added broadcast_1_piece0 in memory on 192.168.43.94:44467 (size: 4.4 KiB, free: 366.3 MiB)
[2020-07-22 17:52:27,187] {logging_mixin.py:112} INFO - [2020-07-22 17:52:27,186] {spark_submit_hook.py:479} INFO - 20/07/22 17:52:27 INFO SparkContext: Created broadcast 1 from broadcast at DAGScheduler.scala:1200
[2020-07-22 17:52:27,240] {logging_mixin.py:112} INFO - [2020-07-22 17:52:27,240] {spark_submit_hook.py:479} INFO - 20/07/22 17:52:27 INFO DAGScheduler: Submitting 1 missing tasks from ResultStage 0 (PythonRDD[2] at collect at /home/bhakti/airflow/spark_jobs/spark_test.py:8) (first 15 tasks are for partitions Vector(0))
[2020-07-22 17:52:27,242] {logging_mixin.py:112} INFO - [2020-07-22 17:52:27,242] {spark_submit_hook.py:479} INFO - 20/07/22 17:52:27 INFO TaskSchedulerImpl: Adding task set 0.0 with 1 tasks
[2020-07-22 17:52:27,399] {logging_mixin.py:112} INFO - [2020-07-22 17:52:27,399] {spark_submit_hook.py:479} INFO - 20/07/22 17:52:27 INFO TaskSetManager: Starting task 0.0 in stage 0.0 (TID 0, 192.168.43.94, executor driver, partition 0, PROCESS_LOCAL, 7388 bytes)
[2020-07-22 17:52:27,428] {logging_mixin.py:112} INFO - [2020-07-22 17:52:27,428] {spark_submit_hook.py:479} INFO - 20/07/22 17:52:27 INFO Executor: Running task 0.0 in stage 0.0 (TID 0)
[2020-07-22 17:52:28,126] {logging_mixin.py:112} INFO - [2020-07-22 17:52:28,126] {spark_submit_hook.py:479} INFO - 20/07/22 17:52:28 INFO HadoopRDD: Input split: file:/home/bhakti/airflow/input_data/sample.csv:0+93
[2020-07-22 17:52:28,955] {logging_mixin.py:112} INFO - [2020-07-22 17:52:28,955] {spark_submit_hook.py:479} INFO - 20/07/22 17:52:28 INFO PythonRunner: Times: total = 795, boot = 775, init = 20, finish = 0
[2020-07-22 17:52:28,991] {logging_mixin.py:112} INFO - [2020-07-22 17:52:28,991] {spark_submit_hook.py:479} INFO - 20/07/22 17:52:28 INFO Executor: Finished task 0.0 in stage 0.0 (TID 0). 1779 bytes result sent to driver
[2020-07-22 17:52:29,014] {logging_mixin.py:112} INFO - [2020-07-22 17:52:29,014] {spark_submit_hook.py:479} INFO - 20/07/22 17:52:29 INFO TaskSetManager: Finished task 0.0 in stage 0.0 (TID 0) in 1655 ms on 192.168.43.94 (executor driver) (1/1)
[2020-07-22 17:52:29,018] {logging_mixin.py:112} INFO - [2020-07-22 17:52:29,018] {spark_submit_hook.py:479} INFO - 20/07/22 17:52:29 INFO TaskSchedulerImpl: Removed TaskSet 0.0, whose tasks have all completed, from pool
[2020-07-22 17:52:29,022] {logging_mixin.py:112} INFO - [2020-07-22 17:52:29,022] {spark_submit_hook.py:479} INFO - 20/07/22 17:52:29 INFO PythonAccumulatorV2: Connected to AccumulatorServer at host: 127.0.0.1 port: 38481
[2020-07-22 17:52:29,043] {logging_mixin.py:112} INFO - [2020-07-22 17:52:29,043] {spark_submit_hook.py:479} INFO - 20/07/22 17:52:29 INFO DAGScheduler: ResultStage 0 (collect at /home/bhakti/airflow/spark_jobs/spark_test.py:8) finished in 1.882 s
[2020-07-22 17:52:29,058] {logging_mixin.py:112} INFO - [2020-07-22 17:52:29,058] {spark_submit_hook.py:479} INFO - 20/07/22 17:52:29 INFO DAGScheduler: Job 0 is finished. Cancelling potential speculative or zombie tasks for this job
[2020-07-22 17:52:29,059] {logging_mixin.py:112} INFO - [2020-07-22 17:52:29,059] {spark_submit_hook.py:479} INFO - 20/07/22 17:52:29 INFO TaskSchedulerImpl: Killing all running tasks in stage 0: Stage finished
[2020-07-22 17:52:29,063] {logging_mixin.py:112} INFO - [2020-07-22 17:52:29,063] {spark_submit_hook.py:479} INFO - 20/07/22 17:52:29 INFO DAGScheduler: Job 0 finished: collect at /home/bhakti/airflow/spark_jobs/spark_test.py:8, took 2.081225 s
[2020-07-22 17:52:29,083] {logging_mixin.py:112} INFO - [2020-07-22 17:52:29,082] {spark_submit_hook.py:479} INFO - [('PERSON', 'JOINING_YEAR', 'COMPANY'), ('John', '2018', 'Google'), ('Sam', '2017', 'IBM'), ('Jeff', '2014', 'Yahoo'), ('Allen', '2015', 'Facebook')]
[2020-07-22 17:52:29,867] {logging_mixin.py:112} INFO - [2020-07-22 17:52:29,866] {spark_submit_hook.py:479} INFO - 20/07/22 17:52:29 INFO BlockManagerInfo: Removed broadcast_0_piece0 on 192.168.43.94:44467 in memory (size: 23.4 KiB, free: 366.3 MiB)
[2020-07-22 17:52:29,924] {logging_mixin.py:112} INFO - [2020-07-22 17:52:29,924] {spark_submit_hook.py:479} INFO - 20/07/22 17:52:29 INFO BlockManagerInfo: Removed broadcast_1_piece0 on 192.168.43.94:44467 in memory (size: 4.4 KiB, free: 366.3 MiB)
[2020-07-22 17:52:30,030] {logging_mixin.py:112} INFO - [2020-07-22 17:52:30,030] {spark_submit_hook.py:479} INFO - 20/07/22 17:52:30 INFO SharedState: Setting hive.metastore.warehouse.dir ('null') to the value of spark.sql.warehouse.dir ('file:/home/bhakti/airflow/spark-warehouse').
[2020-07-22 17:52:30,031] {logging_mixin.py:112} INFO - [2020-07-22 17:52:30,031] {spark_submit_hook.py:479} INFO - 20/07/22 17:52:30 INFO SharedState: Warehouse path is 'file:/home/bhakti/airflow/spark-warehouse'.
[2020-07-22 17:52:34,292] {logging_mixin.py:112} INFO - [2020-07-22 17:52:34,292] {spark_submit_hook.py:479} INFO - 20/07/22 17:52:34 INFO CodeGenerator: Code generated in 375.496439 ms
[2020-07-22 17:52:34,357] {logging_mixin.py:112} INFO - [2020-07-22 17:52:34,357] {spark_submit_hook.py:479} INFO - 20/07/22 17:52:34 INFO SparkContext: Starting job: showString at NativeMethodAccessorImpl.java:0
[2020-07-22 17:52:34,360] {logging_mixin.py:112} INFO - [2020-07-22 17:52:34,360] {spark_submit_hook.py:479} INFO - 20/07/22 17:52:34 INFO DAGScheduler: Got job 1 (showString at NativeMethodAccessorImpl.java:0) with 1 output partitions
[2020-07-22 17:52:34,360] {logging_mixin.py:112} INFO - [2020-07-22 17:52:34,360] {spark_submit_hook.py:479} INFO - 20/07/22 17:52:34 INFO DAGScheduler: Final stage: ResultStage 1 (showString at NativeMethodAccessorImpl.java:0)
[2020-07-22 17:52:34,360] {logging_mixin.py:112} INFO - [2020-07-22 17:52:34,360] {spark_submit_hook.py:479} INFO - 20/07/22 17:52:34 INFO DAGScheduler: Parents of final stage: List()
[2020-07-22 17:52:34,361] {logging_mixin.py:112} INFO - [2020-07-22 17:52:34,361] {spark_submit_hook.py:479} INFO - 20/07/22 17:52:34 INFO DAGScheduler: Missing parents: List()
[2020-07-22 17:52:34,363] {logging_mixin.py:112} INFO - [2020-07-22 17:52:34,363] {spark_submit_hook.py:479} INFO - 20/07/22 17:52:34 INFO DAGScheduler: Submitting ResultStage 1 (MapPartitionsRDD[9] at showString at NativeMethodAccessorImpl.java:0), which has no missing parents
[2020-07-22 17:52:34,386] {logging_mixin.py:112} INFO - [2020-07-22 17:52:34,385] {spark_submit_hook.py:479} INFO - 20/07/22 17:52:34 INFO MemoryStore: Block broadcast_2 stored as values in memory (estimated size 11.2 KiB, free 366.3 MiB)
[2020-07-22 17:52:34,390] {logging_mixin.py:112} INFO - [2020-07-22 17:52:34,390] {spark_submit_hook.py:479} INFO - 20/07/22 17:52:34 INFO MemoryStore: Block broadcast_2_piece0 stored as bytes in memory (estimated size 5.8 KiB, free 366.3 MiB)
[2020-07-22 17:52:34,392] {logging_mixin.py:112} INFO - [2020-07-22 17:52:34,392] {spark_submit_hook.py:479} INFO - 20/07/22 17:52:34 INFO BlockManagerInfo: Added broadcast_2_piece0 in memory on 192.168.43.94:44467 (size: 5.8 KiB, free: 366.3 MiB)
[2020-07-22 17:52:34,394] {logging_mixin.py:112} INFO - [2020-07-22 17:52:34,394] {spark_submit_hook.py:479} INFO - 20/07/22 17:52:34 INFO SparkContext: Created broadcast 2 from broadcast at DAGScheduler.scala:1200
[2020-07-22 17:52:34,396] {logging_mixin.py:112} INFO - [2020-07-22 17:52:34,395] {spark_submit_hook.py:479} INFO - 20/07/22 17:52:34 INFO DAGScheduler: Submitting 1 missing tasks from ResultStage 1 (MapPartitionsRDD[9] at showString at NativeMethodAccessorImpl.java:0) (first 15 tasks are for partitions Vector(0))
[2020-07-22 17:52:34,396] {logging_mixin.py:112} INFO - [2020-07-22 17:52:34,396] {spark_submit_hook.py:479} INFO - 20/07/22 17:52:34 INFO TaskSchedulerImpl: Adding task set 1.0 with 1 tasks
[2020-07-22 17:52:34,416] {logging_mixin.py:112} INFO - [2020-07-22 17:52:34,416] {spark_submit_hook.py:479} INFO - 20/07/22 17:52:34 INFO TaskSetManager: Starting task 0.0 in stage 1.0 (TID 1, 192.168.43.94, executor driver, partition 0, PROCESS_LOCAL, 7493 bytes)
[2020-07-22 17:52:34,417] {logging_mixin.py:112} INFO - [2020-07-22 17:52:34,417] {spark_submit_hook.py:479} INFO - 20/07/22 17:52:34 INFO Executor: Running task 0.0 in stage 1.0 (TID 1)
[2020-07-22 17:52:34,512] {logging_mixin.py:112} INFO - [2020-07-22 17:52:34,512] {spark_submit_hook.py:479} INFO - 20/07/22 17:52:34 INFO PythonRunner: Times: total = 3, boot = -5517, init = 5520, finish = 0
[2020-07-22 17:52:34,518] {logging_mixin.py:112} INFO - [2020-07-22 17:52:34,518] {spark_submit_hook.py:479} INFO - 20/07/22 17:52:34 INFO Executor: Finished task 0.0 in stage 1.0 (TID 1). 2192 bytes result sent to driver
[2020-07-22 17:52:34,524] {logging_mixin.py:112} INFO - [2020-07-22 17:52:34,524] {spark_submit_hook.py:479} INFO - 20/07/22 17:52:34 INFO TaskSetManager: Finished task 0.0 in stage 1.0 (TID 1) in 125 ms on 192.168.43.94 (executor driver) (1/1)
[2020-07-22 17:52:34,524] {logging_mixin.py:112} INFO - [2020-07-22 17:52:34,524] {spark_submit_hook.py:479} INFO - 20/07/22 17:52:34 INFO TaskSchedulerImpl: Removed TaskSet 1.0, whose tasks have all completed, from pool
[2020-07-22 17:52:34,527] {logging_mixin.py:112} INFO - [2020-07-22 17:52:34,527] {spark_submit_hook.py:479} INFO - 20/07/22 17:52:34 INFO DAGScheduler: ResultStage 1 (showString at NativeMethodAccessorImpl.java:0) finished in 0.159 s
[2020-07-22 17:52:34,527] {logging_mixin.py:112} INFO - [2020-07-22 17:52:34,527] {spark_submit_hook.py:479} INFO - 20/07/22 17:52:34 INFO DAGScheduler: Job 1 is finished. Cancelling potential speculative or zombie tasks for this job
[2020-07-22 17:52:34,528] {logging_mixin.py:112} INFO - [2020-07-22 17:52:34,528] {spark_submit_hook.py:479} INFO - 20/07/22 17:52:34 INFO TaskSchedulerImpl: Killing all running tasks in stage 1: Stage finished
[2020-07-22 17:52:34,528] {logging_mixin.py:112} INFO - [2020-07-22 17:52:34,528] {spark_submit_hook.py:479} INFO - 20/07/22 17:52:34 INFO DAGScheduler: Job 1 finished: showString at NativeMethodAccessorImpl.java:0, took 0.169570 s
[2020-07-22 17:52:34,597] {logging_mixin.py:112} INFO - [2020-07-22 17:52:34,597] {spark_submit_hook.py:479} INFO - 20/07/22 17:52:34 INFO CodeGenerator: Code generated in 34.118361 ms
[2020-07-22 17:52:34,615] {logging_mixin.py:112} INFO - [2020-07-22 17:52:34,615] {spark_submit_hook.py:479} INFO - +------+------------+--------+
[2020-07-22 17:52:34,616] {logging_mixin.py:112} INFO - [2020-07-22 17:52:34,615] {spark_submit_hook.py:479} INFO - |    _1|          _2|      _3|
[2020-07-22 17:52:34,616] {logging_mixin.py:112} INFO - [2020-07-22 17:52:34,616] {spark_submit_hook.py:479} INFO - +------+------------+--------+
[2020-07-22 17:52:34,616] {logging_mixin.py:112} INFO - [2020-07-22 17:52:34,616] {spark_submit_hook.py:479} INFO - |PERSON|JOINING_YEAR| COMPANY|
[2020-07-22 17:52:34,616] {logging_mixin.py:112} INFO - [2020-07-22 17:52:34,616] {spark_submit_hook.py:479} INFO - |  John|        2018|  Google|
[2020-07-22 17:52:34,616] {logging_mixin.py:112} INFO - [2020-07-22 17:52:34,616] {spark_submit_hook.py:479} INFO - |   Sam|        2017|     IBM|
[2020-07-22 17:52:34,617] {logging_mixin.py:112} INFO - [2020-07-22 17:52:34,617] {spark_submit_hook.py:479} INFO - |  Jeff|        2014|   Yahoo|
[2020-07-22 17:52:34,617] {logging_mixin.py:112} INFO - [2020-07-22 17:52:34,617] {spark_submit_hook.py:479} INFO - | Allen|        2015|Facebook|
[2020-07-22 17:52:34,617] {logging_mixin.py:112} INFO - [2020-07-22 17:52:34,617] {spark_submit_hook.py:479} INFO - +------+------------+--------+
[2020-07-22 17:52:34,617] {logging_mixin.py:112} INFO - [2020-07-22 17:52:34,617] {spark_submit_hook.py:479} INFO - 
[2020-07-22 17:52:34,733] {logging_mixin.py:112} INFO - [2020-07-22 17:52:34,732] {spark_submit_hook.py:479} INFO - 20/07/22 17:52:34 INFO SparkContext: Invoking stop() from shutdown hook
[2020-07-22 17:52:34,734] {logging_mixin.py:112} INFO - [2020-07-22 17:52:34,734] {spark_submit_hook.py:479} INFO - 20/07/22 17:52:34 INFO BlockManagerInfo: Removed broadcast_2_piece0 on 192.168.43.94:44467 in memory (size: 5.8 KiB, free: 366.3 MiB)
[2020-07-22 17:52:34,745] {logging_mixin.py:112} INFO - [2020-07-22 17:52:34,745] {spark_submit_hook.py:479} INFO - 20/07/22 17:52:34 INFO SparkUI: Stopped Spark web UI at http://192.168.43.94:4042
[2020-07-22 17:52:34,764] {logging_mixin.py:112} INFO - [2020-07-22 17:52:34,763] {spark_submit_hook.py:479} INFO - 20/07/22 17:52:34 INFO MapOutputTrackerMasterEndpoint: MapOutputTrackerMasterEndpoint stopped!
[2020-07-22 17:52:34,776] {logging_mixin.py:112} INFO - [2020-07-22 17:52:34,776] {spark_submit_hook.py:479} INFO - 20/07/22 17:52:34 INFO MemoryStore: MemoryStore cleared
[2020-07-22 17:52:34,777] {logging_mixin.py:112} INFO - [2020-07-22 17:52:34,777] {spark_submit_hook.py:479} INFO - 20/07/22 17:52:34 INFO BlockManager: BlockManager stopped
[2020-07-22 17:52:34,783] {logging_mixin.py:112} INFO - [2020-07-22 17:52:34,783] {spark_submit_hook.py:479} INFO - 20/07/22 17:52:34 INFO BlockManagerMaster: BlockManagerMaster stopped
[2020-07-22 17:52:34,789] {logging_mixin.py:112} INFO - [2020-07-22 17:52:34,789] {spark_submit_hook.py:479} INFO - 20/07/22 17:52:34 INFO OutputCommitCoordinator$OutputCommitCoordinatorEndpoint: OutputCommitCoordinator stopped!
[2020-07-22 17:52:34,799] {logging_mixin.py:112} INFO - [2020-07-22 17:52:34,799] {spark_submit_hook.py:479} INFO - 20/07/22 17:52:34 INFO SparkContext: Successfully stopped SparkContext
[2020-07-22 17:52:34,800] {logging_mixin.py:112} INFO - [2020-07-22 17:52:34,799] {spark_submit_hook.py:479} INFO - 20/07/22 17:52:34 INFO ShutdownHookManager: Shutdown hook called
[2020-07-22 17:52:34,803] {logging_mixin.py:112} INFO - [2020-07-22 17:52:34,803] {spark_submit_hook.py:479} INFO - 20/07/22 17:52:34 INFO ShutdownHookManager: Deleting directory /tmp/spark-c1952740-8666-426f-bb27-f9c496a843b8
[2020-07-22 17:52:34,806] {logging_mixin.py:112} INFO - [2020-07-22 17:52:34,806] {spark_submit_hook.py:479} INFO - 20/07/22 17:52:34 INFO ShutdownHookManager: Deleting directory /tmp/spark-05a2cb83-4650-4ed7-a775-dca4237c34fe
[2020-07-22 17:52:34,813] {logging_mixin.py:112} INFO - [2020-07-22 17:52:34,812] {spark_submit_hook.py:479} INFO - 20/07/22 17:52:34 INFO ShutdownHookManager: Deleting directory /tmp/spark-05a2cb83-4650-4ed7-a775-dca4237c34fe/pyspark-07342154-afcd-4c64-9b2f-d809601d52ba
[2020-07-22 17:52:34,905] {taskinstance.py:1052} INFO - Marking task as SUCCESS.dag_id=submit_data, task_id=spark_submit, execution_date=20200720T081800, start_date=20200722T122215, end_date=20200722T122234
[2020-07-22 17:52:36,111] {logging_mixin.py:112} INFO - [2020-07-22 17:52:36,111] {local_task_job.py:103} INFO - Task exited with return code 0
