[2020-07-22 16:08:08,010] {taskinstance.py:669} INFO - Dependencies all met for <TaskInstance: submit_data.spark_submit 2020-07-20T05:55:00+00:00 [queued]>
[2020-07-22 16:08:08,075] {taskinstance.py:669} INFO - Dependencies all met for <TaskInstance: submit_data.spark_submit 2020-07-20T05:55:00+00:00 [queued]>
[2020-07-22 16:08:08,084] {taskinstance.py:879} INFO - 
--------------------------------------------------------------------------------
[2020-07-22 16:08:08,084] {taskinstance.py:880} INFO - Starting attempt 1 of 1
[2020-07-22 16:08:08,085] {taskinstance.py:881} INFO - 
--------------------------------------------------------------------------------
[2020-07-22 16:08:08,287] {taskinstance.py:900} INFO - Executing <Task(SparkSubmitOperator): spark_submit> on 2020-07-20T05:55:00+00:00
[2020-07-22 16:08:08,303] {standard_task_runner.py:53} INFO - Started process 555114 to run task
[2020-07-22 16:08:09,233] {logging_mixin.py:112} INFO - Running %s on host %s <TaskInstance: submit_data.spark_submit 2020-07-20T05:55:00+00:00 [running]> bhakti-Vostro-3558
[2020-07-22 16:08:09,278] {logging_mixin.py:112} INFO - [2020-07-22 16:08:09,277] {base_hook.py:87} INFO - Using connection to: id: spark_local. Host: local, Port: None, Schema: None, Login: None, Password: None, extra: None
[2020-07-22 16:08:09,280] {logging_mixin.py:112} INFO - [2020-07-22 16:08:09,279] {spark_submit_hook.py:325} INFO - Spark-Submit cmd: spark-submit --master local --name airflow-spark /home/bhakti/airflow/spark_jobs/python/spark_test.py
[2020-07-22 16:08:14,551] {logging_mixin.py:112} INFO - [2020-07-22 16:08:14,550] {spark_submit_hook.py:479} INFO - 20/07/22 16:08:14 WARN Utils: Your hostname, bhakti-Vostro-3558 resolves to a loopback address: 127.0.1.1; using 192.168.43.94 instead (on interface wlp6s0)
[2020-07-22 16:08:14,551] {logging_mixin.py:112} INFO - [2020-07-22 16:08:14,551] {spark_submit_hook.py:479} INFO - 20/07/22 16:08:14 WARN Utils: Set SPARK_LOCAL_IP if you need to bind to another address
[2020-07-22 16:08:16,641] {logging_mixin.py:112} INFO - [2020-07-22 16:08:16,641] {spark_submit_hook.py:479} INFO - 20/07/22 16:08:16 WARN NativeCodeLoader: Unable to load native-hadoop library for your platform... using builtin-java classes where applicable
[2020-07-22 16:08:20,963] {logging_mixin.py:112} INFO - [2020-07-22 16:08:20,962] {spark_submit_hook.py:479} INFO - Using Spark's default log4j profile: org/apache/spark/log4j-defaults.properties
[2020-07-22 16:08:20,982] {logging_mixin.py:112} INFO - [2020-07-22 16:08:20,981] {spark_submit_hook.py:479} INFO - 20/07/22 16:08:20 INFO SparkContext: Running Spark version 3.0.0
[2020-07-22 16:08:21,132] {logging_mixin.py:112} INFO - [2020-07-22 16:08:21,131] {spark_submit_hook.py:479} INFO - 20/07/22 16:08:21 INFO ResourceUtils: ==============================================================
[2020-07-22 16:08:21,142] {logging_mixin.py:112} INFO - [2020-07-22 16:08:21,141] {spark_submit_hook.py:479} INFO - 20/07/22 16:08:21 INFO ResourceUtils: Resources for spark.driver:
[2020-07-22 16:08:21,143] {logging_mixin.py:112} INFO - [2020-07-22 16:08:21,143] {spark_submit_hook.py:479} INFO - 
[2020-07-22 16:08:21,143] {logging_mixin.py:112} INFO - [2020-07-22 16:08:21,143] {spark_submit_hook.py:479} INFO - 20/07/22 16:08:21 INFO ResourceUtils: ==============================================================
[2020-07-22 16:08:21,147] {logging_mixin.py:112} INFO - [2020-07-22 16:08:21,146] {spark_submit_hook.py:479} INFO - 20/07/22 16:08:21 INFO SparkContext: Submitted application: Spark_Test_Python
[2020-07-22 16:08:21,307] {logging_mixin.py:112} INFO - [2020-07-22 16:08:21,306] {spark_submit_hook.py:479} INFO - 20/07/22 16:08:21 INFO SecurityManager: Changing view acls to: bhakti
[2020-07-22 16:08:21,307] {logging_mixin.py:112} INFO - [2020-07-22 16:08:21,307] {spark_submit_hook.py:479} INFO - 20/07/22 16:08:21 INFO SecurityManager: Changing modify acls to: bhakti
[2020-07-22 16:08:21,307] {logging_mixin.py:112} INFO - [2020-07-22 16:08:21,307] {spark_submit_hook.py:479} INFO - 20/07/22 16:08:21 INFO SecurityManager: Changing view acls groups to:
[2020-07-22 16:08:21,308] {logging_mixin.py:112} INFO - [2020-07-22 16:08:21,308] {spark_submit_hook.py:479} INFO - 20/07/22 16:08:21 INFO SecurityManager: Changing modify acls groups to:
[2020-07-22 16:08:21,308] {logging_mixin.py:112} INFO - [2020-07-22 16:08:21,308] {spark_submit_hook.py:479} INFO - 20/07/22 16:08:21 INFO SecurityManager: SecurityManager: authentication disabled; ui acls disabled; users  with view permissions: Set(bhakti); groups with view permissions: Set(); users  with modify permissions: Set(bhakti); groups with modify permissions: Set()
[2020-07-22 16:08:22,257] {logging_mixin.py:112} INFO - [2020-07-22 16:08:22,257] {spark_submit_hook.py:479} INFO - 20/07/22 16:08:22 INFO Utils: Successfully started service 'sparkDriver' on port 35197.
[2020-07-22 16:08:22,336] {logging_mixin.py:112} INFO - [2020-07-22 16:08:22,335] {spark_submit_hook.py:479} INFO - 20/07/22 16:08:22 INFO SparkEnv: Registering MapOutputTracker
[2020-07-22 16:08:22,468] {logging_mixin.py:112} INFO - [2020-07-22 16:08:22,467] {spark_submit_hook.py:479} INFO - 20/07/22 16:08:22 INFO SparkEnv: Registering BlockManagerMaster
[2020-07-22 16:08:22,534] {logging_mixin.py:112} INFO - [2020-07-22 16:08:22,533] {spark_submit_hook.py:479} INFO - 20/07/22 16:08:22 INFO BlockManagerMasterEndpoint: Using org.apache.spark.storage.DefaultTopologyMapper for getting topology information
[2020-07-22 16:08:22,536] {logging_mixin.py:112} INFO - [2020-07-22 16:08:22,535] {spark_submit_hook.py:479} INFO - 20/07/22 16:08:22 INFO BlockManagerMasterEndpoint: BlockManagerMasterEndpoint up
[2020-07-22 16:08:22,565] {logging_mixin.py:112} INFO - [2020-07-22 16:08:22,565] {spark_submit_hook.py:479} INFO - 20/07/22 16:08:22 INFO SparkEnv: Registering BlockManagerMasterHeartbeat
[2020-07-22 16:08:22,603] {logging_mixin.py:112} INFO - [2020-07-22 16:08:22,603] {spark_submit_hook.py:479} INFO - 20/07/22 16:08:22 INFO DiskBlockManager: Created local directory at /tmp/blockmgr-85f5e10b-2248-4b3d-b4a6-483ab37d49b6
[2020-07-22 16:08:22,656] {logging_mixin.py:112} INFO - [2020-07-22 16:08:22,656] {spark_submit_hook.py:479} INFO - 20/07/22 16:08:22 INFO MemoryStore: MemoryStore started with capacity 366.3 MiB
[2020-07-22 16:08:22,698] {logging_mixin.py:112} INFO - [2020-07-22 16:08:22,698] {spark_submit_hook.py:479} INFO - 20/07/22 16:08:22 INFO SparkEnv: Registering OutputCommitCoordinator
[2020-07-22 16:08:23,368] {logging_mixin.py:112} INFO - [2020-07-22 16:08:23,368] {spark_submit_hook.py:479} INFO - 20/07/22 16:08:23 WARN Utils: Service 'SparkUI' could not bind on port 4040. Attempting port 4041.
[2020-07-22 16:08:23,386] {logging_mixin.py:112} INFO - [2020-07-22 16:08:23,386] {spark_submit_hook.py:479} INFO - 20/07/22 16:08:23 INFO Utils: Successfully started service 'SparkUI' on port 4041.
[2020-07-22 16:08:23,513] {logging_mixin.py:112} INFO - [2020-07-22 16:08:23,513] {spark_submit_hook.py:479} INFO - 20/07/22 16:08:23 INFO SparkUI: Bound SparkUI to 0.0.0.0, and started at http://192.168.43.94:4041
[2020-07-22 16:08:24,535] {logging_mixin.py:112} INFO - [2020-07-22 16:08:24,535] {spark_submit_hook.py:479} INFO - 20/07/22 16:08:24 INFO Executor: Starting executor ID driver on host 192.168.43.94
[2020-07-22 16:08:24,638] {logging_mixin.py:112} INFO - [2020-07-22 16:08:24,637] {spark_submit_hook.py:479} INFO - 20/07/22 16:08:24 INFO Utils: Successfully started service 'org.apache.spark.network.netty.NettyBlockTransferService' on port 39793.
[2020-07-22 16:08:24,638] {logging_mixin.py:112} INFO - [2020-07-22 16:08:24,638] {spark_submit_hook.py:479} INFO - 20/07/22 16:08:24 INFO NettyBlockTransferService: Server created on 192.168.43.94:39793
[2020-07-22 16:08:24,641] {logging_mixin.py:112} INFO - [2020-07-22 16:08:24,641] {spark_submit_hook.py:479} INFO - 20/07/22 16:08:24 INFO BlockManager: Using org.apache.spark.storage.RandomBlockReplicationPolicy for block replication policy
[2020-07-22 16:08:24,666] {logging_mixin.py:112} INFO - [2020-07-22 16:08:24,666] {spark_submit_hook.py:479} INFO - 20/07/22 16:08:24 INFO BlockManagerMaster: Registering BlockManager BlockManagerId(driver, 192.168.43.94, 39793, None)
[2020-07-22 16:08:24,691] {logging_mixin.py:112} INFO - [2020-07-22 16:08:24,691] {spark_submit_hook.py:479} INFO - 20/07/22 16:08:24 INFO BlockManagerMasterEndpoint: Registering block manager 192.168.43.94:39793 with 366.3 MiB RAM, BlockManagerId(driver, 192.168.43.94, 39793, None)
[2020-07-22 16:08:24,698] {logging_mixin.py:112} INFO - [2020-07-22 16:08:24,697] {spark_submit_hook.py:479} INFO - 20/07/22 16:08:24 INFO BlockManagerMaster: Registered BlockManager BlockManagerId(driver, 192.168.43.94, 39793, None)
[2020-07-22 16:08:24,702] {logging_mixin.py:112} INFO - [2020-07-22 16:08:24,702] {spark_submit_hook.py:479} INFO - 20/07/22 16:08:24 INFO BlockManager: Initialized BlockManager: BlockManagerId(driver, 192.168.43.94, 39793, None)
[2020-07-22 16:08:28,079] {logging_mixin.py:112} INFO - [2020-07-22 16:08:28,079] {spark_submit_hook.py:479} INFO - 20/07/22 16:08:28 INFO MemoryStore: Block broadcast_0 stored as values in memory (estimated size 241.5 KiB, free 366.1 MiB)
[2020-07-22 16:08:28,424] {logging_mixin.py:112} INFO - [2020-07-22 16:08:28,423] {spark_submit_hook.py:479} INFO - 20/07/22 16:08:28 INFO MemoryStore: Block broadcast_0_piece0 stored as bytes in memory (estimated size 23.4 KiB, free 366.0 MiB)
[2020-07-22 16:08:28,431] {logging_mixin.py:112} INFO - [2020-07-22 16:08:28,430] {spark_submit_hook.py:479} INFO - 20/07/22 16:08:28 INFO BlockManagerInfo: Added broadcast_0_piece0 in memory on 192.168.43.94:39793 (size: 23.4 KiB, free: 366.3 MiB)
[2020-07-22 16:08:28,451] {logging_mixin.py:112} INFO - [2020-07-22 16:08:28,450] {spark_submit_hook.py:479} INFO - 20/07/22 16:08:28 INFO SparkContext: Created broadcast 0 from textFile at NativeMethodAccessorImpl.java:0
[2020-07-22 16:08:29,341] {logging_mixin.py:112} INFO - [2020-07-22 16:08:29,341] {spark_submit_hook.py:479} INFO - 20/07/22 16:08:29 INFO FileInputFormat: Total input paths to process : 1
[2020-07-22 16:08:30,090] {logging_mixin.py:112} INFO - [2020-07-22 16:08:30,090] {spark_submit_hook.py:479} INFO - 20/07/22 16:08:30 INFO SparkContext: Starting job: collect at /home/bhakti/airflow/spark_jobs/python/spark_test.py:5
[2020-07-22 16:08:30,206] {logging_mixin.py:112} INFO - [2020-07-22 16:08:30,206] {spark_submit_hook.py:479} INFO - 20/07/22 16:08:30 INFO DAGScheduler: Got job 0 (collect at /home/bhakti/airflow/spark_jobs/python/spark_test.py:5) with 1 output partitions
[2020-07-22 16:08:30,208] {logging_mixin.py:112} INFO - [2020-07-22 16:08:30,207] {spark_submit_hook.py:479} INFO - 20/07/22 16:08:30 INFO DAGScheduler: Final stage: ResultStage 0 (collect at /home/bhakti/airflow/spark_jobs/python/spark_test.py:5)
[2020-07-22 16:08:30,220] {logging_mixin.py:112} INFO - [2020-07-22 16:08:30,220] {spark_submit_hook.py:479} INFO - 20/07/22 16:08:30 INFO DAGScheduler: Parents of final stage: List()
[2020-07-22 16:08:30,240] {logging_mixin.py:112} INFO - [2020-07-22 16:08:30,240] {spark_submit_hook.py:479} INFO - 20/07/22 16:08:30 INFO DAGScheduler: Missing parents: List()
[2020-07-22 16:08:30,316] {logging_mixin.py:112} INFO - [2020-07-22 16:08:30,316] {spark_submit_hook.py:479} INFO - 20/07/22 16:08:30 INFO DAGScheduler: Submitting ResultStage 0 (PythonRDD[2] at collect at /home/bhakti/airflow/spark_jobs/python/spark_test.py:5), which has no missing parents
[2020-07-22 16:08:30,490] {logging_mixin.py:112} INFO - [2020-07-22 16:08:30,489] {spark_submit_hook.py:479} INFO - 20/07/22 16:08:30 INFO MemoryStore: Block broadcast_1 stored as values in memory (estimated size 7.4 KiB, free 366.0 MiB)
[2020-07-22 16:08:30,511] {logging_mixin.py:112} INFO - [2020-07-22 16:08:30,511] {spark_submit_hook.py:479} INFO - 20/07/22 16:08:30 INFO MemoryStore: Block broadcast_1_piece0 stored as bytes in memory (estimated size 4.4 KiB, free 366.0 MiB)
[2020-07-22 16:08:30,515] {logging_mixin.py:112} INFO - [2020-07-22 16:08:30,515] {spark_submit_hook.py:479} INFO - 20/07/22 16:08:30 INFO BlockManagerInfo: Added broadcast_1_piece0 in memory on 192.168.43.94:39793 (size: 4.4 KiB, free: 366.3 MiB)
[2020-07-22 16:08:30,515] {logging_mixin.py:112} INFO - [2020-07-22 16:08:30,515] {spark_submit_hook.py:479} INFO - 20/07/22 16:08:30 INFO SparkContext: Created broadcast 1 from broadcast at DAGScheduler.scala:1200
[2020-07-22 16:08:30,577] {logging_mixin.py:112} INFO - [2020-07-22 16:08:30,576] {spark_submit_hook.py:479} INFO - 20/07/22 16:08:30 INFO DAGScheduler: Submitting 1 missing tasks from ResultStage 0 (PythonRDD[2] at collect at /home/bhakti/airflow/spark_jobs/python/spark_test.py:5) (first 15 tasks are for partitions Vector(0))
[2020-07-22 16:08:30,579] {logging_mixin.py:112} INFO - [2020-07-22 16:08:30,578] {spark_submit_hook.py:479} INFO - 20/07/22 16:08:30 INFO TaskSchedulerImpl: Adding task set 0.0 with 1 tasks
[2020-07-22 16:08:30,828] {logging_mixin.py:112} INFO - [2020-07-22 16:08:30,828] {spark_submit_hook.py:479} INFO - 20/07/22 16:08:30 INFO TaskSetManager: Starting task 0.0 in stage 0.0 (TID 0, 192.168.43.94, executor driver, partition 0, PROCESS_LOCAL, 7388 bytes)
[2020-07-22 16:08:30,873] {logging_mixin.py:112} INFO - [2020-07-22 16:08:30,873] {spark_submit_hook.py:479} INFO - 20/07/22 16:08:30 INFO Executor: Running task 0.0 in stage 0.0 (TID 0)
[2020-07-22 16:08:32,364] {logging_mixin.py:112} INFO - [2020-07-22 16:08:32,363] {spark_submit_hook.py:479} INFO - 20/07/22 16:08:32 INFO HadoopRDD: Input split: file:/home/bhakti/airflow/input_data/sample.csv:0+93
[2020-07-22 16:08:34,558] {logging_mixin.py:112} INFO - [2020-07-22 16:08:34,557] {spark_submit_hook.py:479} INFO - 20/07/22 16:08:34 INFO PythonRunner: Times: total = 2003, boot = 1950, init = 53, finish = 0
[2020-07-22 16:08:34,629] {logging_mixin.py:112} INFO - [2020-07-22 16:08:34,629] {spark_submit_hook.py:479} INFO - 20/07/22 16:08:34 INFO Executor: Finished task 0.0 in stage 0.0 (TID 0). 1732 bytes result sent to driver
[2020-07-22 16:08:34,670] {logging_mixin.py:112} INFO - [2020-07-22 16:08:34,670] {spark_submit_hook.py:479} INFO - 20/07/22 16:08:34 INFO TaskSetManager: Finished task 0.0 in stage 0.0 (TID 0) in 3893 ms on 192.168.43.94 (executor driver) (1/1)
[2020-07-22 16:08:34,680] {logging_mixin.py:112} INFO - [2020-07-22 16:08:34,679] {spark_submit_hook.py:479} INFO - 20/07/22 16:08:34 INFO TaskSchedulerImpl: Removed TaskSet 0.0, whose tasks have all completed, from pool
[2020-07-22 16:08:34,691] {logging_mixin.py:112} INFO - [2020-07-22 16:08:34,690] {spark_submit_hook.py:479} INFO - 20/07/22 16:08:34 INFO PythonAccumulatorV2: Connected to AccumulatorServer at host: 127.0.0.1 port: 51051
[2020-07-22 16:08:34,724] {logging_mixin.py:112} INFO - [2020-07-22 16:08:34,724] {spark_submit_hook.py:479} INFO - 20/07/22 16:08:34 INFO DAGScheduler: ResultStage 0 (collect at /home/bhakti/airflow/spark_jobs/python/spark_test.py:5) finished in 4.268 s
[2020-07-22 16:08:34,752] {logging_mixin.py:112} INFO - [2020-07-22 16:08:34,752] {spark_submit_hook.py:479} INFO - 20/07/22 16:08:34 INFO DAGScheduler: Job 0 is finished. Cancelling potential speculative or zombie tasks for this job
[2020-07-22 16:08:34,753] {logging_mixin.py:112} INFO - [2020-07-22 16:08:34,753] {spark_submit_hook.py:479} INFO - 20/07/22 16:08:34 INFO TaskSchedulerImpl: Killing all running tasks in stage 0: Stage finished
[2020-07-22 16:08:34,761] {logging_mixin.py:112} INFO - [2020-07-22 16:08:34,760] {spark_submit_hook.py:479} INFO - 20/07/22 16:08:34 INFO DAGScheduler: Job 0 finished: collect at /home/bhakti/airflow/spark_jobs/python/spark_test.py:5, took 4.669505 s
[2020-07-22 16:08:34,791] {logging_mixin.py:112} INFO - [2020-07-22 16:08:34,791] {spark_submit_hook.py:479} INFO - [('PERSON', 'JOINING_YEAR'), ('John', '2018'), ('Sam', '2017'), ('Jeff', '2014'), ('Allen', '2015')]
[2020-07-22 16:08:34,948] {logging_mixin.py:112} INFO - [2020-07-22 16:08:34,948] {spark_submit_hook.py:479} INFO - 20/07/22 16:08:34 INFO SparkContext: Invoking stop() from shutdown hook
[2020-07-22 16:08:34,972] {logging_mixin.py:112} INFO - [2020-07-22 16:08:34,972] {spark_submit_hook.py:479} INFO - 20/07/22 16:08:34 INFO BlockManagerInfo: Removed broadcast_0_piece0 on 192.168.43.94:39793 in memory (size: 23.4 KiB, free: 366.3 MiB)
[2020-07-22 16:08:35,003] {logging_mixin.py:112} INFO - [2020-07-22 16:08:35,002] {spark_submit_hook.py:479} INFO - 20/07/22 16:08:34 INFO SparkUI: Stopped Spark web UI at http://192.168.43.94:4041
[2020-07-22 16:08:35,070] {logging_mixin.py:112} INFO - [2020-07-22 16:08:35,070] {spark_submit_hook.py:479} INFO - 20/07/22 16:08:35 INFO MapOutputTrackerMasterEndpoint: MapOutputTrackerMasterEndpoint stopped!
[2020-07-22 16:08:35,138] {logging_mixin.py:112} INFO - [2020-07-22 16:08:35,138] {spark_submit_hook.py:479} INFO - 20/07/22 16:08:35 INFO MemoryStore: MemoryStore cleared
[2020-07-22 16:08:35,140] {logging_mixin.py:112} INFO - [2020-07-22 16:08:35,139] {spark_submit_hook.py:479} INFO - 20/07/22 16:08:35 INFO BlockManager: BlockManager stopped
[2020-07-22 16:08:35,147] {logging_mixin.py:112} INFO - [2020-07-22 16:08:35,146] {spark_submit_hook.py:479} INFO - 20/07/22 16:08:35 INFO BlockManagerMaster: BlockManagerMaster stopped
[2020-07-22 16:08:35,153] {logging_mixin.py:112} INFO - [2020-07-22 16:08:35,153] {spark_submit_hook.py:479} INFO - 20/07/22 16:08:35 INFO OutputCommitCoordinator$OutputCommitCoordinatorEndpoint: OutputCommitCoordinator stopped!
[2020-07-22 16:08:35,191] {logging_mixin.py:112} INFO - [2020-07-22 16:08:35,190] {spark_submit_hook.py:479} INFO - 20/07/22 16:08:35 INFO SparkContext: Successfully stopped SparkContext
[2020-07-22 16:08:35,194] {logging_mixin.py:112} INFO - [2020-07-22 16:08:35,193] {spark_submit_hook.py:479} INFO - 20/07/22 16:08:35 INFO ShutdownHookManager: Shutdown hook called
[2020-07-22 16:08:35,194] {logging_mixin.py:112} INFO - [2020-07-22 16:08:35,194] {spark_submit_hook.py:479} INFO - 20/07/22 16:08:35 INFO ShutdownHookManager: Deleting directory /tmp/spark-105d4c47-1aa5-4fc1-b2a9-2b315394a2c9
[2020-07-22 16:08:35,204] {logging_mixin.py:112} INFO - [2020-07-22 16:08:35,204] {spark_submit_hook.py:479} INFO - 20/07/22 16:08:35 INFO ShutdownHookManager: Deleting directory /tmp/spark-dfc160c4-c7d9-4950-92ec-e7b78a6ea2ad/pyspark-5dc06db3-b640-4ef9-8508-812daa9b4769
[2020-07-22 16:08:35,230] {logging_mixin.py:112} INFO - [2020-07-22 16:08:35,230] {spark_submit_hook.py:479} INFO - 20/07/22 16:08:35 INFO ShutdownHookManager: Deleting directory /tmp/spark-dfc160c4-c7d9-4950-92ec-e7b78a6ea2ad
[2020-07-22 16:08:35,373] {taskinstance.py:1052} INFO - Marking task as SUCCESS.dag_id=submit_data, task_id=spark_submit, execution_date=20200720T055500, start_date=20200722T103808, end_date=20200722T103835
[2020-07-22 16:08:38,811] {logging_mixin.py:112} INFO - [2020-07-22 16:08:38,811] {local_task_job.py:103} INFO - Task exited with return code 0
