[2020-07-22 14:03:28,872] {taskinstance.py:669} INFO - Dependencies all met for <TaskInstance: submit_data.spark_submit 2020-07-20T02:21:00+00:00 [queued]>
[2020-07-22 14:03:28,888] {taskinstance.py:669} INFO - Dependencies all met for <TaskInstance: submit_data.spark_submit 2020-07-20T02:21:00+00:00 [queued]>
[2020-07-22 14:03:28,888] {taskinstance.py:879} INFO - 
--------------------------------------------------------------------------------
[2020-07-22 14:03:28,888] {taskinstance.py:880} INFO - Starting attempt 1 of 1
[2020-07-22 14:03:28,888] {taskinstance.py:881} INFO - 
--------------------------------------------------------------------------------
[2020-07-22 14:03:29,077] {taskinstance.py:900} INFO - Executing <Task(SparkSubmitOperator): spark_submit> on 2020-07-20T02:21:00+00:00
[2020-07-22 14:03:29,081] {standard_task_runner.py:53} INFO - Started process 391587 to run task
[2020-07-22 14:03:29,302] {logging_mixin.py:112} INFO - Running %s on host %s <TaskInstance: submit_data.spark_submit 2020-07-20T02:21:00+00:00 [running]> bhakti-Vostro-3558
[2020-07-22 14:03:29,432] {logging_mixin.py:112} INFO - [2020-07-22 14:03:29,429] {connection.py:342} ERROR - Extra data: line 1 column 15 (char 14)
Traceback (most recent call last):
  File "/usr/local/lib/python3.8/dist-packages/airflow/models/connection.py", line 340, in extra_dejson
    obj = json.loads(self.extra)
  File "/usr/lib/python3.8/json/__init__.py", line 357, in loads
    return _default_decoder.decode(s)
  File "/usr/lib/python3.8/json/decoder.py", line 340, in decode
    raise JSONDecodeError("Extra data", s, end)
json.decoder.JSONDecodeError: Extra data: line 1 column 15 (char 14)
[2020-07-22 14:03:29,432] {logging_mixin.py:112} INFO - [2020-07-22 14:03:29,432] {connection.py:343} ERROR - Failed parsing the json for conn_id spark_local
[2020-07-22 14:03:29,433] {logging_mixin.py:112} INFO - [2020-07-22 14:03:29,433] {base_hook.py:87} INFO - Using connection to: id: spark_local. Host: localhost, Port: 4041, Schema: None, Login: None, Password: None, extra: None
[2020-07-22 14:03:29,434] {logging_mixin.py:112} INFO - [2020-07-22 14:03:29,434] {connection.py:342} ERROR - Extra data: line 1 column 15 (char 14)
Traceback (most recent call last):
  File "/usr/local/lib/python3.8/dist-packages/airflow/models/connection.py", line 340, in extra_dejson
    obj = json.loads(self.extra)
  File "/usr/lib/python3.8/json/__init__.py", line 357, in loads
    return _default_decoder.decode(s)
  File "/usr/lib/python3.8/json/decoder.py", line 340, in decode
    raise JSONDecodeError("Extra data", s, end)
json.decoder.JSONDecodeError: Extra data: line 1 column 15 (char 14)
[2020-07-22 14:03:29,434] {logging_mixin.py:112} INFO - [2020-07-22 14:03:29,434] {connection.py:343} ERROR - Failed parsing the json for conn_id spark_local
[2020-07-22 14:03:29,436] {logging_mixin.py:112} INFO - [2020-07-22 14:03:29,435] {spark_submit_hook.py:325} INFO - Spark-Submit cmd: spark-submit --master localhost:4041 --name airflow-spark /home/bhakti/airflow/spark_jobs/python/spark_test.py
[2020-07-22 14:03:32,372] {logging_mixin.py:112} INFO - [2020-07-22 14:03:32,371] {spark_submit_hook.py:479} INFO - 20/07/22 14:03:32 WARN Utils: Your hostname, bhakti-Vostro-3558 resolves to a loopback address: 127.0.1.1; using 192.168.43.94 instead (on interface wlp6s0)
[2020-07-22 14:03:32,374] {logging_mixin.py:112} INFO - [2020-07-22 14:03:32,373] {spark_submit_hook.py:479} INFO - 20/07/22 14:03:32 WARN Utils: Set SPARK_LOCAL_IP if you need to bind to another address
[2020-07-22 14:03:34,035] {logging_mixin.py:112} INFO - [2020-07-22 14:03:34,035] {spark_submit_hook.py:479} INFO - 20/07/22 14:03:34 WARN NativeCodeLoader: Unable to load native-hadoop library for your platform... using builtin-java classes where applicable
[2020-07-22 14:03:35,980] {logging_mixin.py:112} INFO - [2020-07-22 14:03:35,979] {spark_submit_hook.py:479} INFO - Using Spark's default log4j profile: org/apache/spark/log4j-defaults.properties
[2020-07-22 14:03:35,993] {logging_mixin.py:112} INFO - [2020-07-22 14:03:35,993] {spark_submit_hook.py:479} INFO - 20/07/22 14:03:35 INFO SparkContext: Running Spark version 3.0.0
[2020-07-22 14:03:36,066] {logging_mixin.py:112} INFO - [2020-07-22 14:03:36,065] {spark_submit_hook.py:479} INFO - 20/07/22 14:03:36 INFO ResourceUtils: ==============================================================
[2020-07-22 14:03:36,069] {logging_mixin.py:112} INFO - [2020-07-22 14:03:36,069] {spark_submit_hook.py:479} INFO - 20/07/22 14:03:36 INFO ResourceUtils: Resources for spark.driver:
[2020-07-22 14:03:36,070] {logging_mixin.py:112} INFO - [2020-07-22 14:03:36,069] {spark_submit_hook.py:479} INFO - 
[2020-07-22 14:03:36,070] {logging_mixin.py:112} INFO - [2020-07-22 14:03:36,070] {spark_submit_hook.py:479} INFO - 20/07/22 14:03:36 INFO ResourceUtils: ==============================================================
[2020-07-22 14:03:36,072] {logging_mixin.py:112} INFO - [2020-07-22 14:03:36,071] {spark_submit_hook.py:479} INFO - 20/07/22 14:03:36 INFO SparkContext: Submitted application: Spark_Test_Python
[2020-07-22 14:03:36,190] {logging_mixin.py:112} INFO - [2020-07-22 14:03:36,190] {spark_submit_hook.py:479} INFO - 20/07/22 14:03:36 INFO SecurityManager: Changing view acls to: bhakti
[2020-07-22 14:03:36,190] {logging_mixin.py:112} INFO - [2020-07-22 14:03:36,190] {spark_submit_hook.py:479} INFO - 20/07/22 14:03:36 INFO SecurityManager: Changing modify acls to: bhakti
[2020-07-22 14:03:36,191] {logging_mixin.py:112} INFO - [2020-07-22 14:03:36,191] {spark_submit_hook.py:479} INFO - 20/07/22 14:03:36 INFO SecurityManager: Changing view acls groups to:
[2020-07-22 14:03:36,191] {logging_mixin.py:112} INFO - [2020-07-22 14:03:36,191] {spark_submit_hook.py:479} INFO - 20/07/22 14:03:36 INFO SecurityManager: Changing modify acls groups to:
[2020-07-22 14:03:36,191] {logging_mixin.py:112} INFO - [2020-07-22 14:03:36,191] {spark_submit_hook.py:479} INFO - 20/07/22 14:03:36 INFO SecurityManager: SecurityManager: authentication disabled; ui acls disabled; users  with view permissions: Set(bhakti); groups with view permissions: Set(); users  with modify permissions: Set(bhakti); groups with modify permissions: Set()
[2020-07-22 14:03:36,653] {logging_mixin.py:112} INFO - [2020-07-22 14:03:36,653] {spark_submit_hook.py:479} INFO - 20/07/22 14:03:36 INFO Utils: Successfully started service 'sparkDriver' on port 34447.
[2020-07-22 14:03:36,710] {logging_mixin.py:112} INFO - [2020-07-22 14:03:36,709] {spark_submit_hook.py:479} INFO - 20/07/22 14:03:36 INFO SparkEnv: Registering MapOutputTracker
[2020-07-22 14:03:36,778] {logging_mixin.py:112} INFO - [2020-07-22 14:03:36,778] {spark_submit_hook.py:479} INFO - 20/07/22 14:03:36 INFO SparkEnv: Registering BlockManagerMaster
[2020-07-22 14:03:36,819] {logging_mixin.py:112} INFO - [2020-07-22 14:03:36,819] {spark_submit_hook.py:479} INFO - 20/07/22 14:03:36 INFO BlockManagerMasterEndpoint: Using org.apache.spark.storage.DefaultTopologyMapper for getting topology information
[2020-07-22 14:03:36,821] {logging_mixin.py:112} INFO - [2020-07-22 14:03:36,821] {spark_submit_hook.py:479} INFO - 20/07/22 14:03:36 INFO BlockManagerMasterEndpoint: BlockManagerMasterEndpoint up
[2020-07-22 14:03:36,829] {logging_mixin.py:112} INFO - [2020-07-22 14:03:36,828] {spark_submit_hook.py:479} INFO - 20/07/22 14:03:36 INFO SparkEnv: Registering BlockManagerMasterHeartbeat
[2020-07-22 14:03:36,857] {logging_mixin.py:112} INFO - [2020-07-22 14:03:36,857] {spark_submit_hook.py:479} INFO - 20/07/22 14:03:36 INFO DiskBlockManager: Created local directory at /tmp/blockmgr-0f0bfa7f-1211-48ac-a9e0-e987d99d4fdd
[2020-07-22 14:03:36,900] {logging_mixin.py:112} INFO - [2020-07-22 14:03:36,900] {spark_submit_hook.py:479} INFO - 20/07/22 14:03:36 INFO MemoryStore: MemoryStore started with capacity 366.3 MiB
[2020-07-22 14:03:36,931] {logging_mixin.py:112} INFO - [2020-07-22 14:03:36,930] {spark_submit_hook.py:479} INFO - 20/07/22 14:03:36 INFO SparkEnv: Registering OutputCommitCoordinator
[2020-07-22 14:03:37,380] {logging_mixin.py:112} INFO - [2020-07-22 14:03:37,380] {spark_submit_hook.py:479} INFO - 20/07/22 14:03:37 WARN Utils: Service 'SparkUI' could not bind on port 4040. Attempting port 4041.
[2020-07-22 14:03:37,381] {logging_mixin.py:112} INFO - [2020-07-22 14:03:37,381] {spark_submit_hook.py:479} INFO - 20/07/22 14:03:37 WARN Utils: Service 'SparkUI' could not bind on port 4041. Attempting port 4042.
[2020-07-22 14:03:37,381] {logging_mixin.py:112} INFO - [2020-07-22 14:03:37,381] {spark_submit_hook.py:479} INFO - 20/07/22 14:03:37 WARN Utils: Service 'SparkUI' could not bind on port 4042. Attempting port 4043.
[2020-07-22 14:03:37,398] {logging_mixin.py:112} INFO - [2020-07-22 14:03:37,398] {spark_submit_hook.py:479} INFO - 20/07/22 14:03:37 INFO Utils: Successfully started service 'SparkUI' on port 4043.
[2020-07-22 14:03:37,506] {logging_mixin.py:112} INFO - [2020-07-22 14:03:37,506] {spark_submit_hook.py:479} INFO - 20/07/22 14:03:37 INFO SparkUI: Bound SparkUI to 0.0.0.0, and started at http://192.168.43.94:4043
[2020-07-22 14:03:37,694] {logging_mixin.py:112} INFO - [2020-07-22 14:03:37,694] {spark_submit_hook.py:479} INFO - 20/07/22 14:03:37 ERROR SparkContext: Error initializing SparkContext.
[2020-07-22 14:03:37,694] {logging_mixin.py:112} INFO - [2020-07-22 14:03:37,694] {spark_submit_hook.py:479} INFO - org.apache.spark.SparkException: Could not parse Master URL: 'localhost:4041'
[2020-07-22 14:03:37,694] {logging_mixin.py:112} INFO - [2020-07-22 14:03:37,694] {spark_submit_hook.py:479} INFO - at org.apache.spark.SparkContext$.org$apache$spark$SparkContext$$createTaskScheduler(SparkContext.scala:2924)
[2020-07-22 14:03:37,695] {logging_mixin.py:112} INFO - [2020-07-22 14:03:37,695] {spark_submit_hook.py:479} INFO - at org.apache.spark.SparkContext.<init>(SparkContext.scala:528)
[2020-07-22 14:03:37,695] {logging_mixin.py:112} INFO - [2020-07-22 14:03:37,695] {spark_submit_hook.py:479} INFO - at org.apache.spark.api.java.JavaSparkContext.<init>(JavaSparkContext.scala:58)
[2020-07-22 14:03:37,695] {logging_mixin.py:112} INFO - [2020-07-22 14:03:37,695] {spark_submit_hook.py:479} INFO - at sun.reflect.NativeConstructorAccessorImpl.newInstance0(Native Method)
[2020-07-22 14:03:37,695] {logging_mixin.py:112} INFO - [2020-07-22 14:03:37,695] {spark_submit_hook.py:479} INFO - at sun.reflect.NativeConstructorAccessorImpl.newInstance(NativeConstructorAccessorImpl.java:62)
[2020-07-22 14:03:37,696] {logging_mixin.py:112} INFO - [2020-07-22 14:03:37,696] {spark_submit_hook.py:479} INFO - at sun.reflect.DelegatingConstructorAccessorImpl.newInstance(DelegatingConstructorAccessorImpl.java:45)
[2020-07-22 14:03:37,696] {logging_mixin.py:112} INFO - [2020-07-22 14:03:37,696] {spark_submit_hook.py:479} INFO - at java.lang.reflect.Constructor.newInstance(Constructor.java:423)
[2020-07-22 14:03:37,696] {logging_mixin.py:112} INFO - [2020-07-22 14:03:37,696] {spark_submit_hook.py:479} INFO - at py4j.reflection.MethodInvoker.invoke(MethodInvoker.java:247)
[2020-07-22 14:03:37,696] {logging_mixin.py:112} INFO - [2020-07-22 14:03:37,696] {spark_submit_hook.py:479} INFO - at py4j.reflection.ReflectionEngine.invoke(ReflectionEngine.java:357)
[2020-07-22 14:03:37,697] {logging_mixin.py:112} INFO - [2020-07-22 14:03:37,697] {spark_submit_hook.py:479} INFO - at py4j.Gateway.invoke(Gateway.java:238)
[2020-07-22 14:03:37,697] {logging_mixin.py:112} INFO - [2020-07-22 14:03:37,697] {spark_submit_hook.py:479} INFO - at py4j.commands.ConstructorCommand.invokeConstructor(ConstructorCommand.java:80)
[2020-07-22 14:03:37,697] {logging_mixin.py:112} INFO - [2020-07-22 14:03:37,697] {spark_submit_hook.py:479} INFO - at py4j.commands.ConstructorCommand.execute(ConstructorCommand.java:69)
[2020-07-22 14:03:37,697] {logging_mixin.py:112} INFO - [2020-07-22 14:03:37,697] {spark_submit_hook.py:479} INFO - at py4j.GatewayConnection.run(GatewayConnection.java:238)
[2020-07-22 14:03:37,698] {logging_mixin.py:112} INFO - [2020-07-22 14:03:37,698] {spark_submit_hook.py:479} INFO - at java.lang.Thread.run(Thread.java:748)
[2020-07-22 14:03:37,738] {logging_mixin.py:112} INFO - [2020-07-22 14:03:37,738] {spark_submit_hook.py:479} INFO - 20/07/22 14:03:37 INFO SparkUI: Stopped Spark web UI at http://192.168.43.94:4043
[2020-07-22 14:03:37,774] {logging_mixin.py:112} INFO - [2020-07-22 14:03:37,774] {spark_submit_hook.py:479} INFO - 20/07/22 14:03:37 INFO MapOutputTrackerMasterEndpoint: MapOutputTrackerMasterEndpoint stopped!
[2020-07-22 14:03:37,795] {logging_mixin.py:112} INFO - [2020-07-22 14:03:37,795] {spark_submit_hook.py:479} INFO - 20/07/22 14:03:37 INFO MemoryStore: MemoryStore cleared
[2020-07-22 14:03:37,797] {logging_mixin.py:112} INFO - [2020-07-22 14:03:37,797] {spark_submit_hook.py:479} INFO - 20/07/22 14:03:37 INFO BlockManager: BlockManager stopped
[2020-07-22 14:03:37,833] {logging_mixin.py:112} INFO - [2020-07-22 14:03:37,833] {spark_submit_hook.py:479} INFO - 20/07/22 14:03:37 INFO BlockManagerMaster: BlockManagerMaster stopped
[2020-07-22 14:03:37,834] {logging_mixin.py:112} INFO - [2020-07-22 14:03:37,833] {spark_submit_hook.py:479} INFO - 20/07/22 14:03:37 WARN MetricsSystem: Stopping a MetricsSystem that is not running
[2020-07-22 14:03:37,840] {logging_mixin.py:112} INFO - [2020-07-22 14:03:37,840] {spark_submit_hook.py:479} INFO - 20/07/22 14:03:37 INFO OutputCommitCoordinator$OutputCommitCoordinatorEndpoint: OutputCommitCoordinator stopped!
[2020-07-22 14:03:37,858] {logging_mixin.py:112} INFO - [2020-07-22 14:03:37,858] {spark_submit_hook.py:479} INFO - 20/07/22 14:03:37 INFO SparkContext: Successfully stopped SparkContext
[2020-07-22 14:03:37,964] {logging_mixin.py:112} INFO - [2020-07-22 14:03:37,964] {spark_submit_hook.py:479} INFO - Traceback (most recent call last):
[2020-07-22 14:03:37,964] {logging_mixin.py:112} INFO - [2020-07-22 14:03:37,964] {spark_submit_hook.py:479} INFO - File "/home/bhakti/airflow/spark_jobs/python/spark_test.py", line 6, in <module>
[2020-07-22 14:03:37,965] {logging_mixin.py:112} INFO - [2020-07-22 14:03:37,965] {spark_submit_hook.py:479} INFO - sc = SparkContext(conf=conf)
[2020-07-22 14:03:37,965] {logging_mixin.py:112} INFO - [2020-07-22 14:03:37,965] {spark_submit_hook.py:479} INFO - File "/opt/spark/python/lib/pyspark.zip/pyspark/context.py", line 130, in __init__
[2020-07-22 14:03:37,965] {logging_mixin.py:112} INFO - [2020-07-22 14:03:37,965] {spark_submit_hook.py:479} INFO - File "/opt/spark/python/lib/pyspark.zip/pyspark/context.py", line 193, in _do_init
[2020-07-22 14:03:37,966] {logging_mixin.py:112} INFO - [2020-07-22 14:03:37,966] {spark_submit_hook.py:479} INFO - File "/opt/spark/python/lib/pyspark.zip/pyspark/context.py", line 310, in _initialize_context
[2020-07-22 14:03:37,966] {logging_mixin.py:112} INFO - [2020-07-22 14:03:37,966] {spark_submit_hook.py:479} INFO - File "/opt/spark/python/lib/py4j-0.10.9-src.zip/py4j/java_gateway.py", line 1568, in __call__
[2020-07-22 14:03:37,966] {logging_mixin.py:112} INFO - [2020-07-22 14:03:37,966] {spark_submit_hook.py:479} INFO - File "/opt/spark/python/lib/py4j-0.10.9-src.zip/py4j/protocol.py", line 326, in get_return_value
[2020-07-22 14:03:37,968] {logging_mixin.py:112} INFO - [2020-07-22 14:03:37,968] {spark_submit_hook.py:479} INFO - py4j.protocol.Py4JJavaError: An error occurred while calling None.org.apache.spark.api.java.JavaSparkContext.
[2020-07-22 14:03:37,969] {logging_mixin.py:112} INFO - [2020-07-22 14:03:37,968] {spark_submit_hook.py:479} INFO - : org.apache.spark.SparkException: Could not parse Master URL: 'localhost:4041'
[2020-07-22 14:03:37,969] {logging_mixin.py:112} INFO - [2020-07-22 14:03:37,969] {spark_submit_hook.py:479} INFO - at org.apache.spark.SparkContext$.org$apache$spark$SparkContext$$createTaskScheduler(SparkContext.scala:2924)
[2020-07-22 14:03:37,970] {logging_mixin.py:112} INFO - [2020-07-22 14:03:37,969] {spark_submit_hook.py:479} INFO - at org.apache.spark.SparkContext.<init>(SparkContext.scala:528)
[2020-07-22 14:03:37,970] {logging_mixin.py:112} INFO - [2020-07-22 14:03:37,970] {spark_submit_hook.py:479} INFO - at org.apache.spark.api.java.JavaSparkContext.<init>(JavaSparkContext.scala:58)
[2020-07-22 14:03:37,970] {logging_mixin.py:112} INFO - [2020-07-22 14:03:37,970] {spark_submit_hook.py:479} INFO - at sun.reflect.NativeConstructorAccessorImpl.newInstance0(Native Method)
[2020-07-22 14:03:37,971] {logging_mixin.py:112} INFO - [2020-07-22 14:03:37,971] {spark_submit_hook.py:479} INFO - at sun.reflect.NativeConstructorAccessorImpl.newInstance(NativeConstructorAccessorImpl.java:62)
[2020-07-22 14:03:37,971] {logging_mixin.py:112} INFO - [2020-07-22 14:03:37,971] {spark_submit_hook.py:479} INFO - at sun.reflect.DelegatingConstructorAccessorImpl.newInstance(DelegatingConstructorAccessorImpl.java:45)
[2020-07-22 14:03:37,971] {logging_mixin.py:112} INFO - [2020-07-22 14:03:37,971] {spark_submit_hook.py:479} INFO - at java.lang.reflect.Constructor.newInstance(Constructor.java:423)
[2020-07-22 14:03:37,972] {logging_mixin.py:112} INFO - [2020-07-22 14:03:37,971] {spark_submit_hook.py:479} INFO - at py4j.reflection.MethodInvoker.invoke(MethodInvoker.java:247)
[2020-07-22 14:03:37,972] {logging_mixin.py:112} INFO - [2020-07-22 14:03:37,972] {spark_submit_hook.py:479} INFO - at py4j.reflection.ReflectionEngine.invoke(ReflectionEngine.java:357)
[2020-07-22 14:03:37,972] {logging_mixin.py:112} INFO - [2020-07-22 14:03:37,972] {spark_submit_hook.py:479} INFO - at py4j.Gateway.invoke(Gateway.java:238)
[2020-07-22 14:03:37,972] {logging_mixin.py:112} INFO - [2020-07-22 14:03:37,972] {spark_submit_hook.py:479} INFO - at py4j.commands.ConstructorCommand.invokeConstructor(ConstructorCommand.java:80)
[2020-07-22 14:03:37,973] {logging_mixin.py:112} INFO - [2020-07-22 14:03:37,973] {spark_submit_hook.py:479} INFO - at py4j.commands.ConstructorCommand.execute(ConstructorCommand.java:69)
[2020-07-22 14:03:37,973] {logging_mixin.py:112} INFO - [2020-07-22 14:03:37,973] {spark_submit_hook.py:479} INFO - at py4j.GatewayConnection.run(GatewayConnection.java:238)
[2020-07-22 14:03:37,973] {logging_mixin.py:112} INFO - [2020-07-22 14:03:37,973] {spark_submit_hook.py:479} INFO - at java.lang.Thread.run(Thread.java:748)
[2020-07-22 14:03:37,973] {logging_mixin.py:112} INFO - [2020-07-22 14:03:37,973] {spark_submit_hook.py:479} INFO - 
[2020-07-22 14:03:38,132] {logging_mixin.py:112} INFO - [2020-07-22 14:03:38,132] {spark_submit_hook.py:479} INFO - 20/07/22 14:03:38 INFO ShutdownHookManager: Shutdown hook called
[2020-07-22 14:03:38,132] {logging_mixin.py:112} INFO - [2020-07-22 14:03:38,132] {spark_submit_hook.py:479} INFO - 20/07/22 14:03:38 INFO ShutdownHookManager: Deleting directory /tmp/spark-93d4ff0c-63ff-4243-bdc6-4d782cb02b5e
[2020-07-22 14:03:38,140] {logging_mixin.py:112} INFO - [2020-07-22 14:03:38,140] {spark_submit_hook.py:479} INFO - 20/07/22 14:03:38 INFO ShutdownHookManager: Deleting directory /tmp/spark-cbe3c966-e946-4bf4-b004-0d4fdd04f637
[2020-07-22 14:03:38,202] {taskinstance.py:1145} ERROR - Cannot execute: spark-submit --master localhost:4041 --name airflow-spark /home/bhakti/airflow/spark_jobs/python/spark_test.py. Error code is: 1.
Traceback (most recent call last):
  File "/usr/local/lib/python3.8/dist-packages/airflow/models/taskinstance.py", line 983, in _run_raw_task
    result = task_copy.execute(context=context)
  File "/usr/local/lib/python3.8/dist-packages/airflow/contrib/operators/spark_submit_operator.py", line 187, in execute
    self._hook.submit(self._application)
  File "/usr/local/lib/python3.8/dist-packages/airflow/contrib/hooks/spark_submit_hook.py", line 403, in submit
    raise AirflowException(
airflow.exceptions.AirflowException: Cannot execute: spark-submit --master localhost:4041 --name airflow-spark /home/bhakti/airflow/spark_jobs/python/spark_test.py. Error code is: 1.
[2020-07-22 14:03:38,204] {taskinstance.py:1189} INFO - Marking task as FAILED.dag_id=submit_data, task_id=spark_submit, execution_date=20200720T022100, start_date=20200722T083328, end_date=20200722T083338
[2020-07-22 14:03:38,715] {logging_mixin.py:112} INFO - [2020-07-22 14:03:38,715] {local_task_job.py:103} INFO - Task exited with return code 1
