[2020-07-22 14:05:46,365] {taskinstance.py:669} INFO - Dependencies all met for <TaskInstance: submit_data.spark_submit 2020-07-20T02:26:00+00:00 [queued]>
[2020-07-22 14:05:46,394] {taskinstance.py:669} INFO - Dependencies all met for <TaskInstance: submit_data.spark_submit 2020-07-20T02:26:00+00:00 [queued]>
[2020-07-22 14:05:46,395] {taskinstance.py:879} INFO - 
--------------------------------------------------------------------------------
[2020-07-22 14:05:46,395] {taskinstance.py:880} INFO - Starting attempt 1 of 1
[2020-07-22 14:05:46,395] {taskinstance.py:881} INFO - 
--------------------------------------------------------------------------------
[2020-07-22 14:05:46,648] {taskinstance.py:900} INFO - Executing <Task(SparkSubmitOperator): spark_submit> on 2020-07-20T02:26:00+00:00
[2020-07-22 14:05:46,651] {standard_task_runner.py:53} INFO - Started process 394709 to run task
[2020-07-22 14:05:46,894] {logging_mixin.py:112} INFO - Running %s on host %s <TaskInstance: submit_data.spark_submit 2020-07-20T02:26:00+00:00 [running]> bhakti-Vostro-3558
[2020-07-22 14:05:47,007] {logging_mixin.py:112} INFO - [2020-07-22 14:05:47,005] {connection.py:342} ERROR - Extra data: line 1 column 15 (char 14)
Traceback (most recent call last):
  File "/usr/local/lib/python3.8/dist-packages/airflow/models/connection.py", line 340, in extra_dejson
    obj = json.loads(self.extra)
  File "/usr/lib/python3.8/json/__init__.py", line 357, in loads
    return _default_decoder.decode(s)
  File "/usr/lib/python3.8/json/decoder.py", line 340, in decode
    raise JSONDecodeError("Extra data", s, end)
json.decoder.JSONDecodeError: Extra data: line 1 column 15 (char 14)
[2020-07-22 14:05:47,008] {logging_mixin.py:112} INFO - [2020-07-22 14:05:47,007] {connection.py:343} ERROR - Failed parsing the json for conn_id spark_local
[2020-07-22 14:05:47,008] {logging_mixin.py:112} INFO - [2020-07-22 14:05:47,008] {base_hook.py:87} INFO - Using connection to: id: spark_local. Host: localhost, Port: 4041, Schema: None, Login: None, Password: None, extra: None
[2020-07-22 14:05:47,009] {logging_mixin.py:112} INFO - [2020-07-22 14:05:47,009] {connection.py:342} ERROR - Extra data: line 1 column 15 (char 14)
Traceback (most recent call last):
  File "/usr/local/lib/python3.8/dist-packages/airflow/models/connection.py", line 340, in extra_dejson
    obj = json.loads(self.extra)
  File "/usr/lib/python3.8/json/__init__.py", line 357, in loads
    return _default_decoder.decode(s)
  File "/usr/lib/python3.8/json/decoder.py", line 340, in decode
    raise JSONDecodeError("Extra data", s, end)
json.decoder.JSONDecodeError: Extra data: line 1 column 15 (char 14)
[2020-07-22 14:05:47,010] {logging_mixin.py:112} INFO - [2020-07-22 14:05:47,010] {connection.py:343} ERROR - Failed parsing the json for conn_id spark_local
[2020-07-22 14:05:47,011] {logging_mixin.py:112} INFO - [2020-07-22 14:05:47,011] {spark_submit_hook.py:325} INFO - Spark-Submit cmd: spark-submit --master localhost:4041 --name airflow-spark /home/bhakti/airflow/spark_jobs/python/spark_test.py
[2020-07-22 14:05:49,598] {logging_mixin.py:112} INFO - [2020-07-22 14:05:49,597] {spark_submit_hook.py:479} INFO - 20/07/22 14:05:49 WARN Utils: Your hostname, bhakti-Vostro-3558 resolves to a loopback address: 127.0.1.1; using 192.168.43.94 instead (on interface wlp6s0)
[2020-07-22 14:05:49,600] {logging_mixin.py:112} INFO - [2020-07-22 14:05:49,600] {spark_submit_hook.py:479} INFO - 20/07/22 14:05:49 WARN Utils: Set SPARK_LOCAL_IP if you need to bind to another address
[2020-07-22 14:05:51,313] {logging_mixin.py:112} INFO - [2020-07-22 14:05:51,313] {spark_submit_hook.py:479} INFO - 20/07/22 14:05:51 WARN NativeCodeLoader: Unable to load native-hadoop library for your platform... using builtin-java classes where applicable
[2020-07-22 14:05:52,876] {logging_mixin.py:112} INFO - [2020-07-22 14:05:52,876] {spark_submit_hook.py:479} INFO - Using Spark's default log4j profile: org/apache/spark/log4j-defaults.properties
[2020-07-22 14:05:52,890] {logging_mixin.py:112} INFO - [2020-07-22 14:05:52,890] {spark_submit_hook.py:479} INFO - 20/07/22 14:05:52 INFO SparkContext: Running Spark version 3.0.0
[2020-07-22 14:05:52,956] {logging_mixin.py:112} INFO - [2020-07-22 14:05:52,956] {spark_submit_hook.py:479} INFO - 20/07/22 14:05:52 INFO ResourceUtils: ==============================================================
[2020-07-22 14:05:52,958] {logging_mixin.py:112} INFO - [2020-07-22 14:05:52,958] {spark_submit_hook.py:479} INFO - 20/07/22 14:05:52 INFO ResourceUtils: Resources for spark.driver:
[2020-07-22 14:05:52,959] {logging_mixin.py:112} INFO - [2020-07-22 14:05:52,959] {spark_submit_hook.py:479} INFO - 
[2020-07-22 14:05:52,959] {logging_mixin.py:112} INFO - [2020-07-22 14:05:52,959] {spark_submit_hook.py:479} INFO - 20/07/22 14:05:52 INFO ResourceUtils: ==============================================================
[2020-07-22 14:05:52,960] {logging_mixin.py:112} INFO - [2020-07-22 14:05:52,960] {spark_submit_hook.py:479} INFO - 20/07/22 14:05:52 INFO SparkContext: Submitted application: Spark_Test_Python
[2020-07-22 14:05:53,052] {logging_mixin.py:112} INFO - [2020-07-22 14:05:53,052] {spark_submit_hook.py:479} INFO - 20/07/22 14:05:53 INFO SecurityManager: Changing view acls to: bhakti
[2020-07-22 14:05:53,052] {logging_mixin.py:112} INFO - [2020-07-22 14:05:53,052] {spark_submit_hook.py:479} INFO - 20/07/22 14:05:53 INFO SecurityManager: Changing modify acls to: bhakti
[2020-07-22 14:05:53,053] {logging_mixin.py:112} INFO - [2020-07-22 14:05:53,052] {spark_submit_hook.py:479} INFO - 20/07/22 14:05:53 INFO SecurityManager: Changing view acls groups to:
[2020-07-22 14:05:53,053] {logging_mixin.py:112} INFO - [2020-07-22 14:05:53,053] {spark_submit_hook.py:479} INFO - 20/07/22 14:05:53 INFO SecurityManager: Changing modify acls groups to:
[2020-07-22 14:05:53,053] {logging_mixin.py:112} INFO - [2020-07-22 14:05:53,053] {spark_submit_hook.py:479} INFO - 20/07/22 14:05:53 INFO SecurityManager: SecurityManager: authentication disabled; ui acls disabled; users  with view permissions: Set(bhakti); groups with view permissions: Set(); users  with modify permissions: Set(bhakti); groups with modify permissions: Set()
[2020-07-22 14:05:53,508] {logging_mixin.py:112} INFO - [2020-07-22 14:05:53,508] {spark_submit_hook.py:479} INFO - 20/07/22 14:05:53 INFO Utils: Successfully started service 'sparkDriver' on port 41761.
[2020-07-22 14:05:53,572] {logging_mixin.py:112} INFO - [2020-07-22 14:05:53,572] {spark_submit_hook.py:479} INFO - 20/07/22 14:05:53 INFO SparkEnv: Registering MapOutputTracker
[2020-07-22 14:05:53,630] {logging_mixin.py:112} INFO - [2020-07-22 14:05:53,629] {spark_submit_hook.py:479} INFO - 20/07/22 14:05:53 INFO SparkEnv: Registering BlockManagerMaster
[2020-07-22 14:05:53,664] {logging_mixin.py:112} INFO - [2020-07-22 14:05:53,664] {spark_submit_hook.py:479} INFO - 20/07/22 14:05:53 INFO BlockManagerMasterEndpoint: Using org.apache.spark.storage.DefaultTopologyMapper for getting topology information
[2020-07-22 14:05:53,666] {logging_mixin.py:112} INFO - [2020-07-22 14:05:53,665] {spark_submit_hook.py:479} INFO - 20/07/22 14:05:53 INFO BlockManagerMasterEndpoint: BlockManagerMasterEndpoint up
[2020-07-22 14:05:53,675] {logging_mixin.py:112} INFO - [2020-07-22 14:05:53,675] {spark_submit_hook.py:479} INFO - 20/07/22 14:05:53 INFO SparkEnv: Registering BlockManagerMasterHeartbeat
[2020-07-22 14:05:53,698] {logging_mixin.py:112} INFO - [2020-07-22 14:05:53,697] {spark_submit_hook.py:479} INFO - 20/07/22 14:05:53 INFO DiskBlockManager: Created local directory at /tmp/blockmgr-e3a1909d-5177-43b1-b5bd-a7b8031675ad
[2020-07-22 14:05:53,737] {logging_mixin.py:112} INFO - [2020-07-22 14:05:53,737] {spark_submit_hook.py:479} INFO - 20/07/22 14:05:53 INFO MemoryStore: MemoryStore started with capacity 366.3 MiB
[2020-07-22 14:05:53,763] {logging_mixin.py:112} INFO - [2020-07-22 14:05:53,763] {spark_submit_hook.py:479} INFO - 20/07/22 14:05:53 INFO SparkEnv: Registering OutputCommitCoordinator
[2020-07-22 14:05:54,132] {logging_mixin.py:112} INFO - [2020-07-22 14:05:54,132] {spark_submit_hook.py:479} INFO - 20/07/22 14:05:54 WARN Utils: Service 'SparkUI' could not bind on port 4040. Attempting port 4041.
[2020-07-22 14:05:54,142] {logging_mixin.py:112} INFO - [2020-07-22 14:05:54,142] {spark_submit_hook.py:479} INFO - 20/07/22 14:05:54 INFO Utils: Successfully started service 'SparkUI' on port 4041.
[2020-07-22 14:05:54,234] {logging_mixin.py:112} INFO - [2020-07-22 14:05:54,233] {spark_submit_hook.py:479} INFO - 20/07/22 14:05:54 INFO SparkUI: Bound SparkUI to 0.0.0.0, and started at http://192.168.43.94:4041
[2020-07-22 14:05:54,367] {logging_mixin.py:112} INFO - [2020-07-22 14:05:54,367] {spark_submit_hook.py:479} INFO - 20/07/22 14:05:54 ERROR SparkContext: Error initializing SparkContext.
[2020-07-22 14:05:54,368] {logging_mixin.py:112} INFO - [2020-07-22 14:05:54,368] {spark_submit_hook.py:479} INFO - org.apache.spark.SparkException: Could not parse Master URL: 'localhost:4041'
[2020-07-22 14:05:54,368] {logging_mixin.py:112} INFO - [2020-07-22 14:05:54,368] {spark_submit_hook.py:479} INFO - at org.apache.spark.SparkContext$.org$apache$spark$SparkContext$$createTaskScheduler(SparkContext.scala:2924)
[2020-07-22 14:05:54,368] {logging_mixin.py:112} INFO - [2020-07-22 14:05:54,368] {spark_submit_hook.py:479} INFO - at org.apache.spark.SparkContext.<init>(SparkContext.scala:528)
[2020-07-22 14:05:54,369] {logging_mixin.py:112} INFO - [2020-07-22 14:05:54,368] {spark_submit_hook.py:479} INFO - at org.apache.spark.api.java.JavaSparkContext.<init>(JavaSparkContext.scala:58)
[2020-07-22 14:05:54,369] {logging_mixin.py:112} INFO - [2020-07-22 14:05:54,369] {spark_submit_hook.py:479} INFO - at sun.reflect.NativeConstructorAccessorImpl.newInstance0(Native Method)
[2020-07-22 14:05:54,369] {logging_mixin.py:112} INFO - [2020-07-22 14:05:54,369] {spark_submit_hook.py:479} INFO - at sun.reflect.NativeConstructorAccessorImpl.newInstance(NativeConstructorAccessorImpl.java:62)
[2020-07-22 14:05:54,369] {logging_mixin.py:112} INFO - [2020-07-22 14:05:54,369] {spark_submit_hook.py:479} INFO - at sun.reflect.DelegatingConstructorAccessorImpl.newInstance(DelegatingConstructorAccessorImpl.java:45)
[2020-07-22 14:05:54,369] {logging_mixin.py:112} INFO - [2020-07-22 14:05:54,369] {spark_submit_hook.py:479} INFO - at java.lang.reflect.Constructor.newInstance(Constructor.java:423)
[2020-07-22 14:05:54,370] {logging_mixin.py:112} INFO - [2020-07-22 14:05:54,370] {spark_submit_hook.py:479} INFO - at py4j.reflection.MethodInvoker.invoke(MethodInvoker.java:247)
[2020-07-22 14:05:54,370] {logging_mixin.py:112} INFO - [2020-07-22 14:05:54,370] {spark_submit_hook.py:479} INFO - at py4j.reflection.ReflectionEngine.invoke(ReflectionEngine.java:357)
[2020-07-22 14:05:54,370] {logging_mixin.py:112} INFO - [2020-07-22 14:05:54,370] {spark_submit_hook.py:479} INFO - at py4j.Gateway.invoke(Gateway.java:238)
[2020-07-22 14:05:54,370] {logging_mixin.py:112} INFO - [2020-07-22 14:05:54,370] {spark_submit_hook.py:479} INFO - at py4j.commands.ConstructorCommand.invokeConstructor(ConstructorCommand.java:80)
[2020-07-22 14:05:54,370] {logging_mixin.py:112} INFO - [2020-07-22 14:05:54,370] {spark_submit_hook.py:479} INFO - at py4j.commands.ConstructorCommand.execute(ConstructorCommand.java:69)
[2020-07-22 14:05:54,370] {logging_mixin.py:112} INFO - [2020-07-22 14:05:54,370] {spark_submit_hook.py:479} INFO - at py4j.GatewayConnection.run(GatewayConnection.java:238)
[2020-07-22 14:05:54,370] {logging_mixin.py:112} INFO - [2020-07-22 14:05:54,370] {spark_submit_hook.py:479} INFO - at java.lang.Thread.run(Thread.java:748)
[2020-07-22 14:05:54,384] {logging_mixin.py:112} INFO - [2020-07-22 14:05:54,384] {spark_submit_hook.py:479} INFO - 20/07/22 14:05:54 INFO SparkUI: Stopped Spark web UI at http://192.168.43.94:4041
[2020-07-22 14:05:54,412] {logging_mixin.py:112} INFO - [2020-07-22 14:05:54,412] {spark_submit_hook.py:479} INFO - 20/07/22 14:05:54 INFO MapOutputTrackerMasterEndpoint: MapOutputTrackerMasterEndpoint stopped!
[2020-07-22 14:05:54,429] {logging_mixin.py:112} INFO - [2020-07-22 14:05:54,429] {spark_submit_hook.py:479} INFO - 20/07/22 14:05:54 INFO MemoryStore: MemoryStore cleared
[2020-07-22 14:05:54,431] {logging_mixin.py:112} INFO - [2020-07-22 14:05:54,431] {spark_submit_hook.py:479} INFO - 20/07/22 14:05:54 INFO BlockManager: BlockManager stopped
[2020-07-22 14:05:54,448] {logging_mixin.py:112} INFO - [2020-07-22 14:05:54,448] {spark_submit_hook.py:479} INFO - 20/07/22 14:05:54 INFO BlockManagerMaster: BlockManagerMaster stopped
[2020-07-22 14:05:54,449] {logging_mixin.py:112} INFO - [2020-07-22 14:05:54,448] {spark_submit_hook.py:479} INFO - 20/07/22 14:05:54 WARN MetricsSystem: Stopping a MetricsSystem that is not running
[2020-07-22 14:05:54,456] {logging_mixin.py:112} INFO - [2020-07-22 14:05:54,455] {spark_submit_hook.py:479} INFO - 20/07/22 14:05:54 INFO OutputCommitCoordinator$OutputCommitCoordinatorEndpoint: OutputCommitCoordinator stopped!
[2020-07-22 14:05:54,505] {logging_mixin.py:112} INFO - [2020-07-22 14:05:54,504] {spark_submit_hook.py:479} INFO - 20/07/22 14:05:54 INFO SparkContext: Successfully stopped SparkContext
[2020-07-22 14:05:54,587] {logging_mixin.py:112} INFO - [2020-07-22 14:05:54,587] {spark_submit_hook.py:479} INFO - Traceback (most recent call last):
[2020-07-22 14:05:54,588] {logging_mixin.py:112} INFO - [2020-07-22 14:05:54,588] {spark_submit_hook.py:479} INFO - File "/home/bhakti/airflow/spark_jobs/python/spark_test.py", line 6, in <module>
[2020-07-22 14:05:54,588] {logging_mixin.py:112} INFO - [2020-07-22 14:05:54,588] {spark_submit_hook.py:479} INFO - sc = SparkContext(conf=conf)
[2020-07-22 14:05:54,588] {logging_mixin.py:112} INFO - [2020-07-22 14:05:54,588] {spark_submit_hook.py:479} INFO - File "/opt/spark/python/lib/pyspark.zip/pyspark/context.py", line 130, in __init__
[2020-07-22 14:05:54,589] {logging_mixin.py:112} INFO - [2020-07-22 14:05:54,588] {spark_submit_hook.py:479} INFO - File "/opt/spark/python/lib/pyspark.zip/pyspark/context.py", line 193, in _do_init
[2020-07-22 14:05:54,589] {logging_mixin.py:112} INFO - [2020-07-22 14:05:54,589] {spark_submit_hook.py:479} INFO - File "/opt/spark/python/lib/pyspark.zip/pyspark/context.py", line 310, in _initialize_context
[2020-07-22 14:05:54,589] {logging_mixin.py:112} INFO - [2020-07-22 14:05:54,589] {spark_submit_hook.py:479} INFO - File "/opt/spark/python/lib/py4j-0.10.9-src.zip/py4j/java_gateway.py", line 1568, in __call__
[2020-07-22 14:05:54,589] {logging_mixin.py:112} INFO - [2020-07-22 14:05:54,589] {spark_submit_hook.py:479} INFO - File "/opt/spark/python/lib/py4j-0.10.9-src.zip/py4j/protocol.py", line 326, in get_return_value
[2020-07-22 14:05:54,590] {logging_mixin.py:112} INFO - [2020-07-22 14:05:54,589] {spark_submit_hook.py:479} INFO - py4j.protocol.Py4JJavaError: An error occurred while calling None.org.apache.spark.api.java.JavaSparkContext.
[2020-07-22 14:05:54,590] {logging_mixin.py:112} INFO - [2020-07-22 14:05:54,590] {spark_submit_hook.py:479} INFO - : org.apache.spark.SparkException: Could not parse Master URL: 'localhost:4041'
[2020-07-22 14:05:54,590] {logging_mixin.py:112} INFO - [2020-07-22 14:05:54,590] {spark_submit_hook.py:479} INFO - at org.apache.spark.SparkContext$.org$apache$spark$SparkContext$$createTaskScheduler(SparkContext.scala:2924)
[2020-07-22 14:05:54,590] {logging_mixin.py:112} INFO - [2020-07-22 14:05:54,590] {spark_submit_hook.py:479} INFO - at org.apache.spark.SparkContext.<init>(SparkContext.scala:528)
[2020-07-22 14:05:54,590] {logging_mixin.py:112} INFO - [2020-07-22 14:05:54,590] {spark_submit_hook.py:479} INFO - at org.apache.spark.api.java.JavaSparkContext.<init>(JavaSparkContext.scala:58)
[2020-07-22 14:05:54,591] {logging_mixin.py:112} INFO - [2020-07-22 14:05:54,591] {spark_submit_hook.py:479} INFO - at sun.reflect.NativeConstructorAccessorImpl.newInstance0(Native Method)
[2020-07-22 14:05:54,591] {logging_mixin.py:112} INFO - [2020-07-22 14:05:54,591] {spark_submit_hook.py:479} INFO - at sun.reflect.NativeConstructorAccessorImpl.newInstance(NativeConstructorAccessorImpl.java:62)
[2020-07-22 14:05:54,591] {logging_mixin.py:112} INFO - [2020-07-22 14:05:54,591] {spark_submit_hook.py:479} INFO - at sun.reflect.DelegatingConstructorAccessorImpl.newInstance(DelegatingConstructorAccessorImpl.java:45)
[2020-07-22 14:05:54,591] {logging_mixin.py:112} INFO - [2020-07-22 14:05:54,591] {spark_submit_hook.py:479} INFO - at java.lang.reflect.Constructor.newInstance(Constructor.java:423)
[2020-07-22 14:05:54,592] {logging_mixin.py:112} INFO - [2020-07-22 14:05:54,591] {spark_submit_hook.py:479} INFO - at py4j.reflection.MethodInvoker.invoke(MethodInvoker.java:247)
[2020-07-22 14:05:54,592] {logging_mixin.py:112} INFO - [2020-07-22 14:05:54,592] {spark_submit_hook.py:479} INFO - at py4j.reflection.ReflectionEngine.invoke(ReflectionEngine.java:357)
[2020-07-22 14:05:54,592] {logging_mixin.py:112} INFO - [2020-07-22 14:05:54,592] {spark_submit_hook.py:479} INFO - at py4j.Gateway.invoke(Gateway.java:238)
[2020-07-22 14:05:54,592] {logging_mixin.py:112} INFO - [2020-07-22 14:05:54,592] {spark_submit_hook.py:479} INFO - at py4j.commands.ConstructorCommand.invokeConstructor(ConstructorCommand.java:80)
[2020-07-22 14:05:54,592] {logging_mixin.py:112} INFO - [2020-07-22 14:05:54,592] {spark_submit_hook.py:479} INFO - at py4j.commands.ConstructorCommand.execute(ConstructorCommand.java:69)
[2020-07-22 14:05:54,593] {logging_mixin.py:112} INFO - [2020-07-22 14:05:54,593] {spark_submit_hook.py:479} INFO - at py4j.GatewayConnection.run(GatewayConnection.java:238)
[2020-07-22 14:05:54,593] {logging_mixin.py:112} INFO - [2020-07-22 14:05:54,593] {spark_submit_hook.py:479} INFO - at java.lang.Thread.run(Thread.java:748)
[2020-07-22 14:05:54,594] {logging_mixin.py:112} INFO - [2020-07-22 14:05:54,594] {spark_submit_hook.py:479} INFO - 
[2020-07-22 14:05:54,716] {logging_mixin.py:112} INFO - [2020-07-22 14:05:54,716] {spark_submit_hook.py:479} INFO - 20/07/22 14:05:54 INFO ShutdownHookManager: Shutdown hook called
[2020-07-22 14:05:54,718] {logging_mixin.py:112} INFO - [2020-07-22 14:05:54,718] {spark_submit_hook.py:479} INFO - 20/07/22 14:05:54 INFO ShutdownHookManager: Deleting directory /tmp/spark-691e17bb-2305-4641-b1ca-2267cfc27240
[2020-07-22 14:05:54,721] {logging_mixin.py:112} INFO - [2020-07-22 14:05:54,721] {spark_submit_hook.py:479} INFO - 20/07/22 14:05:54 INFO ShutdownHookManager: Deleting directory /tmp/spark-bf5ad818-bfbd-4906-90aa-9349660af699
[2020-07-22 14:05:54,763] {taskinstance.py:1145} ERROR - Cannot execute: spark-submit --master localhost:4041 --name airflow-spark /home/bhakti/airflow/spark_jobs/python/spark_test.py. Error code is: 1.
Traceback (most recent call last):
  File "/usr/local/lib/python3.8/dist-packages/airflow/models/taskinstance.py", line 983, in _run_raw_task
    result = task_copy.execute(context=context)
  File "/usr/local/lib/python3.8/dist-packages/airflow/contrib/operators/spark_submit_operator.py", line 187, in execute
    self._hook.submit(self._application)
  File "/usr/local/lib/python3.8/dist-packages/airflow/contrib/hooks/spark_submit_hook.py", line 403, in submit
    raise AirflowException(
airflow.exceptions.AirflowException: Cannot execute: spark-submit --master localhost:4041 --name airflow-spark /home/bhakti/airflow/spark_jobs/python/spark_test.py. Error code is: 1.
[2020-07-22 14:05:54,765] {taskinstance.py:1189} INFO - Marking task as FAILED.dag_id=submit_data, task_id=spark_submit, execution_date=20200720T022600, start_date=20200722T083546, end_date=20200722T083554
[2020-07-22 14:05:56,227] {logging_mixin.py:112} INFO - [2020-07-22 14:05:56,227] {local_task_job.py:103} INFO - Task exited with return code 1
