[2020-07-23 15:40:56,703] {taskinstance.py:669} INFO - Dependencies all met for <TaskInstance: submit_data.spark_submit 2020-07-21T01:21:00+00:00 [queued]>
[2020-07-23 15:40:56,720] {taskinstance.py:669} INFO - Dependencies all met for <TaskInstance: submit_data.spark_submit 2020-07-21T01:21:00+00:00 [queued]>
[2020-07-23 15:40:56,721] {taskinstance.py:879} INFO - 
--------------------------------------------------------------------------------
[2020-07-23 15:40:56,721] {taskinstance.py:880} INFO - Starting attempt 1 of 1
[2020-07-23 15:40:56,721] {taskinstance.py:881} INFO - 
--------------------------------------------------------------------------------
[2020-07-23 15:40:56,922] {taskinstance.py:900} INFO - Executing <Task(SparkSubmitOperator): spark_submit> on 2020-07-21T01:21:00+00:00
[2020-07-23 15:40:56,926] {standard_task_runner.py:53} INFO - Started process 286377 to run task
[2020-07-23 15:40:57,128] {logging_mixin.py:112} INFO - Running %s on host %s <TaskInstance: submit_data.spark_submit 2020-07-21T01:21:00+00:00 [running]> bhakti-Vostro-3558
[2020-07-23 15:40:57,162] {logging_mixin.py:112} INFO - [2020-07-23 15:40:57,162] {base_hook.py:87} INFO - Using connection to: id: spark_local. Host: local, Port: None, Schema: None, Login: None, Password: None, extra: None
[2020-07-23 15:40:57,164] {logging_mixin.py:112} INFO - [2020-07-23 15:40:57,164] {spark_submit_hook.py:325} INFO - Spark-Submit cmd: spark-submit --master local --name airflow-spark /home/bhakti/airflow/spark_jobs/spark_test.py
[2020-07-23 15:40:59,341] {logging_mixin.py:112} INFO - [2020-07-23 15:40:59,340] {spark_submit_hook.py:479} INFO - 20/07/23 15:40:59 WARN Utils: Your hostname, bhakti-Vostro-3558 resolves to a loopback address: 127.0.1.1; using 192.168.43.94 instead (on interface wlp6s0)
[2020-07-23 15:40:59,342] {logging_mixin.py:112} INFO - [2020-07-23 15:40:59,341] {spark_submit_hook.py:479} INFO - 20/07/23 15:40:59 WARN Utils: Set SPARK_LOCAL_IP if you need to bind to another address
[2020-07-23 15:41:02,889] {logging_mixin.py:112} INFO - [2020-07-23 15:41:02,888] {spark_submit_hook.py:479} INFO - 20/07/23 15:41:02 WARN NativeCodeLoader: Unable to load native-hadoop library for your platform... using builtin-java classes where applicable
[2020-07-23 15:41:06,610] {logging_mixin.py:112} INFO - [2020-07-23 15:41:06,610] {spark_submit_hook.py:479} INFO - Using Spark's default log4j profile: org/apache/spark/log4j-defaults.properties
[2020-07-23 15:41:06,651] {logging_mixin.py:112} INFO - [2020-07-23 15:41:06,651] {spark_submit_hook.py:479} INFO - 20/07/23 15:41:06 INFO SparkContext: Running Spark version 3.0.0
[2020-07-23 15:41:06,856] {logging_mixin.py:112} INFO - [2020-07-23 15:41:06,856] {spark_submit_hook.py:479} INFO - 20/07/23 15:41:06 INFO ResourceUtils: ==============================================================
[2020-07-23 15:41:06,867] {logging_mixin.py:112} INFO - [2020-07-23 15:41:06,867] {spark_submit_hook.py:479} INFO - 20/07/23 15:41:06 INFO ResourceUtils: Resources for spark.driver:
[2020-07-23 15:41:06,868] {logging_mixin.py:112} INFO - [2020-07-23 15:41:06,867] {spark_submit_hook.py:479} INFO - 
[2020-07-23 15:41:06,869] {logging_mixin.py:112} INFO - [2020-07-23 15:41:06,869] {spark_submit_hook.py:479} INFO - 20/07/23 15:41:06 INFO ResourceUtils: ==============================================================
[2020-07-23 15:41:06,878] {logging_mixin.py:112} INFO - [2020-07-23 15:41:06,878] {spark_submit_hook.py:479} INFO - 20/07/23 15:41:06 INFO SparkContext: Submitted application: Spark_Test_Python
[2020-07-23 15:41:07,206] {logging_mixin.py:112} INFO - [2020-07-23 15:41:07,205] {spark_submit_hook.py:479} INFO - 20/07/23 15:41:07 INFO SecurityManager: Changing view acls to: bhakti
[2020-07-23 15:41:07,206] {logging_mixin.py:112} INFO - [2020-07-23 15:41:07,206] {spark_submit_hook.py:479} INFO - 20/07/23 15:41:07 INFO SecurityManager: Changing modify acls to: bhakti
[2020-07-23 15:41:07,210] {logging_mixin.py:112} INFO - [2020-07-23 15:41:07,210] {spark_submit_hook.py:479} INFO - 20/07/23 15:41:07 INFO SecurityManager: Changing view acls groups to:
[2020-07-23 15:41:07,210] {logging_mixin.py:112} INFO - [2020-07-23 15:41:07,210] {spark_submit_hook.py:479} INFO - 20/07/23 15:41:07 INFO SecurityManager: Changing modify acls groups to:
[2020-07-23 15:41:07,211] {logging_mixin.py:112} INFO - [2020-07-23 15:41:07,211] {spark_submit_hook.py:479} INFO - 20/07/23 15:41:07 INFO SecurityManager: SecurityManager: authentication disabled; ui acls disabled; users  with view permissions: Set(bhakti); groups with view permissions: Set(); users  with modify permissions: Set(bhakti); groups with modify permissions: Set()
[2020-07-23 15:41:08,337] {logging_mixin.py:112} INFO - [2020-07-23 15:41:08,337] {spark_submit_hook.py:479} INFO - 20/07/23 15:41:08 INFO Utils: Successfully started service 'sparkDriver' on port 35273.
[2020-07-23 15:41:08,508] {logging_mixin.py:112} INFO - [2020-07-23 15:41:08,508] {spark_submit_hook.py:479} INFO - 20/07/23 15:41:08 INFO SparkEnv: Registering MapOutputTracker
[2020-07-23 15:41:08,677] {logging_mixin.py:112} INFO - [2020-07-23 15:41:08,677] {spark_submit_hook.py:479} INFO - 20/07/23 15:41:08 INFO SparkEnv: Registering BlockManagerMaster
[2020-07-23 15:41:08,756] {logging_mixin.py:112} INFO - [2020-07-23 15:41:08,756] {spark_submit_hook.py:479} INFO - 20/07/23 15:41:08 INFO BlockManagerMasterEndpoint: Using org.apache.spark.storage.DefaultTopologyMapper for getting topology information
[2020-07-23 15:41:08,761] {logging_mixin.py:112} INFO - [2020-07-23 15:41:08,761] {spark_submit_hook.py:479} INFO - 20/07/23 15:41:08 INFO BlockManagerMasterEndpoint: BlockManagerMasterEndpoint up
[2020-07-23 15:41:08,785] {logging_mixin.py:112} INFO - [2020-07-23 15:41:08,784] {spark_submit_hook.py:479} INFO - 20/07/23 15:41:08 INFO SparkEnv: Registering BlockManagerMasterHeartbeat
[2020-07-23 15:41:08,874] {logging_mixin.py:112} INFO - [2020-07-23 15:41:08,874] {spark_submit_hook.py:479} INFO - 20/07/23 15:41:08 INFO DiskBlockManager: Created local directory at /tmp/blockmgr-ac1be729-0737-4581-aa08-7fddec993c4d
[2020-07-23 15:41:08,992] {logging_mixin.py:112} INFO - [2020-07-23 15:41:08,992] {spark_submit_hook.py:479} INFO - 20/07/23 15:41:08 INFO MemoryStore: MemoryStore started with capacity 366.3 MiB
[2020-07-23 15:41:09,042] {logging_mixin.py:112} INFO - [2020-07-23 15:41:09,042] {spark_submit_hook.py:479} INFO - 20/07/23 15:41:09 INFO SparkEnv: Registering OutputCommitCoordinator
[2020-07-23 15:41:09,784] {logging_mixin.py:112} INFO - [2020-07-23 15:41:09,784] {spark_submit_hook.py:479} INFO - 20/07/23 15:41:09 WARN Utils: Service 'SparkUI' could not bind on port 4040. Attempting port 4041.
[2020-07-23 15:41:09,785] {logging_mixin.py:112} INFO - [2020-07-23 15:41:09,785] {spark_submit_hook.py:479} INFO - 20/07/23 15:41:09 WARN Utils: Service 'SparkUI' could not bind on port 4041. Attempting port 4042.
[2020-07-23 15:41:09,786] {logging_mixin.py:112} INFO - [2020-07-23 15:41:09,786] {spark_submit_hook.py:479} INFO - 20/07/23 15:41:09 WARN Utils: Service 'SparkUI' could not bind on port 4042. Attempting port 4043.
[2020-07-23 15:41:09,786] {logging_mixin.py:112} INFO - [2020-07-23 15:41:09,786] {spark_submit_hook.py:479} INFO - 20/07/23 15:41:09 WARN Utils: Service 'SparkUI' could not bind on port 4043. Attempting port 4044.
[2020-07-23 15:41:09,788] {logging_mixin.py:112} INFO - [2020-07-23 15:41:09,788] {spark_submit_hook.py:479} INFO - 20/07/23 15:41:09 WARN Utils: Service 'SparkUI' could not bind on port 4044. Attempting port 4045.
[2020-07-23 15:41:09,790] {logging_mixin.py:112} INFO - [2020-07-23 15:41:09,790] {spark_submit_hook.py:479} INFO - 20/07/23 15:41:09 WARN Utils: Service 'SparkUI' could not bind on port 4045. Attempting port 4046.
[2020-07-23 15:41:09,791] {logging_mixin.py:112} INFO - [2020-07-23 15:41:09,790] {spark_submit_hook.py:479} INFO - 20/07/23 15:41:09 WARN Utils: Service 'SparkUI' could not bind on port 4046. Attempting port 4047.
[2020-07-23 15:41:09,812] {logging_mixin.py:112} INFO - [2020-07-23 15:41:09,812] {spark_submit_hook.py:479} INFO - 20/07/23 15:41:09 INFO Utils: Successfully started service 'SparkUI' on port 4047.
[2020-07-23 15:41:10,166] {logging_mixin.py:112} INFO - [2020-07-23 15:41:10,165] {spark_submit_hook.py:479} INFO - 20/07/23 15:41:10 INFO SparkUI: Bound SparkUI to 0.0.0.0, and started at http://192.168.43.94:4047
[2020-07-23 15:41:11,466] {logging_mixin.py:112} INFO - [2020-07-23 15:41:11,466] {spark_submit_hook.py:479} INFO - 20/07/23 15:41:11 INFO Executor: Starting executor ID driver on host 192.168.43.94
[2020-07-23 15:41:11,603] {logging_mixin.py:112} INFO - [2020-07-23 15:41:11,603] {spark_submit_hook.py:479} INFO - 20/07/23 15:41:11 INFO Utils: Successfully started service 'org.apache.spark.network.netty.NettyBlockTransferService' on port 33961.
[2020-07-23 15:41:11,604] {logging_mixin.py:112} INFO - [2020-07-23 15:41:11,604] {spark_submit_hook.py:479} INFO - 20/07/23 15:41:11 INFO NettyBlockTransferService: Server created on 192.168.43.94:33961
[2020-07-23 15:41:11,608] {logging_mixin.py:112} INFO - [2020-07-23 15:41:11,608] {spark_submit_hook.py:479} INFO - 20/07/23 15:41:11 INFO BlockManager: Using org.apache.spark.storage.RandomBlockReplicationPolicy for block replication policy
[2020-07-23 15:41:11,642] {logging_mixin.py:112} INFO - [2020-07-23 15:41:11,642] {spark_submit_hook.py:479} INFO - 20/07/23 15:41:11 INFO BlockManagerMaster: Registering BlockManager BlockManagerId(driver, 192.168.43.94, 33961, None)
[2020-07-23 15:41:11,643] {logging_mixin.py:112} INFO - [2020-07-23 15:41:11,642] {spark_submit_hook.py:479} INFO - 20/07/23 15:41:11 INFO BlockManagerMasterEndpoint: Registering block manager 192.168.43.94:33961 with 366.3 MiB RAM, BlockManagerId(driver, 192.168.43.94, 33961, None)
[2020-07-23 15:41:11,657] {logging_mixin.py:112} INFO - [2020-07-23 15:41:11,657] {spark_submit_hook.py:479} INFO - 20/07/23 15:41:11 INFO BlockManagerMaster: Registered BlockManager BlockManagerId(driver, 192.168.43.94, 33961, None)
[2020-07-23 15:41:11,658] {logging_mixin.py:112} INFO - [2020-07-23 15:41:11,658] {spark_submit_hook.py:479} INFO - 20/07/23 15:41:11 INFO BlockManager: Initialized BlockManager: BlockManagerId(driver, 192.168.43.94, 33961, None)
[2020-07-23 15:41:13,533] {logging_mixin.py:112} INFO - [2020-07-23 15:41:13,533] {spark_submit_hook.py:479} INFO - 20/07/23 15:41:13 INFO MemoryStore: Block broadcast_0 stored as values in memory (estimated size 241.5 KiB, free 366.1 MiB)
[2020-07-23 15:41:13,655] {logging_mixin.py:112} INFO - [2020-07-23 15:41:13,654] {spark_submit_hook.py:479} INFO - 20/07/23 15:41:13 INFO MemoryStore: Block broadcast_0_piece0 stored as bytes in memory (estimated size 23.4 KiB, free 366.0 MiB)
[2020-07-23 15:41:13,660] {logging_mixin.py:112} INFO - [2020-07-23 15:41:13,660] {spark_submit_hook.py:479} INFO - 20/07/23 15:41:13 INFO BlockManagerInfo: Added broadcast_0_piece0 in memory on 192.168.43.94:33961 (size: 23.4 KiB, free: 366.3 MiB)
[2020-07-23 15:41:13,677] {logging_mixin.py:112} INFO - [2020-07-23 15:41:13,677] {spark_submit_hook.py:479} INFO - 20/07/23 15:41:13 INFO SparkContext: Created broadcast 0 from textFile at NativeMethodAccessorImpl.java:0
[2020-07-23 15:41:14,211] {logging_mixin.py:112} INFO - [2020-07-23 15:41:14,210] {spark_submit_hook.py:479} INFO - 20/07/23 15:41:14 INFO FileInputFormat: Total input paths to process : 1
[2020-07-23 15:41:14,528] {logging_mixin.py:112} INFO - [2020-07-23 15:41:14,528] {spark_submit_hook.py:479} INFO - 20/07/23 15:41:14 INFO SparkContext: Starting job: collect at /home/bhakti/airflow/spark_jobs/spark_test.py:8
[2020-07-23 15:41:14,586] {logging_mixin.py:112} INFO - [2020-07-23 15:41:14,586] {spark_submit_hook.py:479} INFO - 20/07/23 15:41:14 INFO DAGScheduler: Got job 0 (collect at /home/bhakti/airflow/spark_jobs/spark_test.py:8) with 1 output partitions
[2020-07-23 15:41:14,587] {logging_mixin.py:112} INFO - [2020-07-23 15:41:14,587] {spark_submit_hook.py:479} INFO - 20/07/23 15:41:14 INFO DAGScheduler: Final stage: ResultStage 0 (collect at /home/bhakti/airflow/spark_jobs/spark_test.py:8)
[2020-07-23 15:41:14,588] {logging_mixin.py:112} INFO - [2020-07-23 15:41:14,588] {spark_submit_hook.py:479} INFO - 20/07/23 15:41:14 INFO DAGScheduler: Parents of final stage: List()
[2020-07-23 15:41:14,598] {logging_mixin.py:112} INFO - [2020-07-23 15:41:14,598] {spark_submit_hook.py:479} INFO - 20/07/23 15:41:14 INFO DAGScheduler: Missing parents: List()
[2020-07-23 15:41:14,621] {logging_mixin.py:112} INFO - [2020-07-23 15:41:14,621] {spark_submit_hook.py:479} INFO - 20/07/23 15:41:14 INFO DAGScheduler: Submitting ResultStage 0 (PythonRDD[2] at collect at /home/bhakti/airflow/spark_jobs/spark_test.py:8), which has no missing parents
[2020-07-23 15:41:14,698] {logging_mixin.py:112} INFO - [2020-07-23 15:41:14,698] {spark_submit_hook.py:479} INFO - 20/07/23 15:41:14 INFO MemoryStore: Block broadcast_1 stored as values in memory (estimated size 7.4 KiB, free 366.0 MiB)
[2020-07-23 15:41:14,704] {logging_mixin.py:112} INFO - [2020-07-23 15:41:14,704] {spark_submit_hook.py:479} INFO - 20/07/23 15:41:14 INFO MemoryStore: Block broadcast_1_piece0 stored as bytes in memory (estimated size 4.4 KiB, free 366.0 MiB)
[2020-07-23 15:41:14,706] {logging_mixin.py:112} INFO - [2020-07-23 15:41:14,706] {spark_submit_hook.py:479} INFO - 20/07/23 15:41:14 INFO BlockManagerInfo: Added broadcast_1_piece0 in memory on 192.168.43.94:33961 (size: 4.4 KiB, free: 366.3 MiB)
[2020-07-23 15:41:14,710] {logging_mixin.py:112} INFO - [2020-07-23 15:41:14,710] {spark_submit_hook.py:479} INFO - 20/07/23 15:41:14 INFO SparkContext: Created broadcast 1 from broadcast at DAGScheduler.scala:1200
[2020-07-23 15:41:14,752] {logging_mixin.py:112} INFO - [2020-07-23 15:41:14,751] {spark_submit_hook.py:479} INFO - 20/07/23 15:41:14 INFO DAGScheduler: Submitting 1 missing tasks from ResultStage 0 (PythonRDD[2] at collect at /home/bhakti/airflow/spark_jobs/spark_test.py:8) (first 15 tasks are for partitions Vector(0))
[2020-07-23 15:41:14,756] {logging_mixin.py:112} INFO - [2020-07-23 15:41:14,756] {spark_submit_hook.py:479} INFO - 20/07/23 15:41:14 INFO TaskSchedulerImpl: Adding task set 0.0 with 1 tasks
[2020-07-23 15:41:14,857] {logging_mixin.py:112} INFO - [2020-07-23 15:41:14,856] {spark_submit_hook.py:479} INFO - 20/07/23 15:41:14 INFO TaskSetManager: Starting task 0.0 in stage 0.0 (TID 0, 192.168.43.94, executor driver, partition 0, PROCESS_LOCAL, 7388 bytes)
[2020-07-23 15:41:14,882] {logging_mixin.py:112} INFO - [2020-07-23 15:41:14,881] {spark_submit_hook.py:479} INFO - 20/07/23 15:41:14 INFO Executor: Running task 0.0 in stage 0.0 (TID 0)
[2020-07-23 15:41:15,442] {logging_mixin.py:112} INFO - [2020-07-23 15:41:15,441] {spark_submit_hook.py:479} INFO - 20/07/23 15:41:15 INFO HadoopRDD: Input split: file:/home/bhakti/airflow/input_data/sample.csv:0+93
[2020-07-23 15:41:16,302] {logging_mixin.py:112} INFO - [2020-07-23 15:41:16,301] {spark_submit_hook.py:479} INFO - 20/07/23 15:41:16 INFO PythonRunner: Times: total = 817, boot = 798, init = 19, finish = 0
[2020-07-23 15:41:16,354] {logging_mixin.py:112} INFO - [2020-07-23 15:41:16,354] {spark_submit_hook.py:479} INFO - 20/07/23 15:41:16 INFO Executor: Finished task 0.0 in stage 0.0 (TID 0). 1779 bytes result sent to driver
[2020-07-23 15:41:16,382] {logging_mixin.py:112} INFO - [2020-07-23 15:41:16,382] {spark_submit_hook.py:479} INFO - 20/07/23 15:41:16 INFO TaskSetManager: Finished task 0.0 in stage 0.0 (TID 0) in 1550 ms on 192.168.43.94 (executor driver) (1/1)
[2020-07-23 15:41:16,389] {logging_mixin.py:112} INFO - [2020-07-23 15:41:16,389] {spark_submit_hook.py:479} INFO - 20/07/23 15:41:16 INFO TaskSchedulerImpl: Removed TaskSet 0.0, whose tasks have all completed, from pool
[2020-07-23 15:41:16,394] {logging_mixin.py:112} INFO - [2020-07-23 15:41:16,394] {spark_submit_hook.py:479} INFO - 20/07/23 15:41:16 INFO PythonAccumulatorV2: Connected to AccumulatorServer at host: 127.0.0.1 port: 56033
[2020-07-23 15:41:16,404] {logging_mixin.py:112} INFO - [2020-07-23 15:41:16,404] {spark_submit_hook.py:479} INFO - 20/07/23 15:41:16 INFO DAGScheduler: ResultStage 0 (collect at /home/bhakti/airflow/spark_jobs/spark_test.py:8) finished in 1.723 s
[2020-07-23 15:41:16,422] {logging_mixin.py:112} INFO - [2020-07-23 15:41:16,422] {spark_submit_hook.py:479} INFO - 20/07/23 15:41:16 INFO DAGScheduler: Job 0 is finished. Cancelling potential speculative or zombie tasks for this job
[2020-07-23 15:41:16,423] {logging_mixin.py:112} INFO - [2020-07-23 15:41:16,423] {spark_submit_hook.py:479} INFO - 20/07/23 15:41:16 INFO TaskSchedulerImpl: Killing all running tasks in stage 0: Stage finished
[2020-07-23 15:41:16,428] {logging_mixin.py:112} INFO - [2020-07-23 15:41:16,428] {spark_submit_hook.py:479} INFO - 20/07/23 15:41:16 INFO DAGScheduler: Job 0 finished: collect at /home/bhakti/airflow/spark_jobs/spark_test.py:8, took 1.898580 s
[2020-07-23 15:41:16,463] {logging_mixin.py:112} INFO - [2020-07-23 15:41:16,463] {spark_submit_hook.py:479} INFO - [('PERSON', 'JOINING_YEAR', 'COMPANY'), ('John', '2018', 'Google'), ('Sam', '2017', 'IBM'), ('Jeff', '2014', 'Yahoo'), ('Allen', '2015', 'Facebook')]
[2020-07-23 15:41:17,373] {logging_mixin.py:112} INFO - [2020-07-23 15:41:17,373] {spark_submit_hook.py:479} INFO - 20/07/23 15:41:17 INFO BlockManagerInfo: Removed broadcast_0_piece0 on 192.168.43.94:33961 in memory (size: 23.4 KiB, free: 366.3 MiB)
[2020-07-23 15:41:17,392] {logging_mixin.py:112} INFO - [2020-07-23 15:41:17,392] {spark_submit_hook.py:479} INFO - 20/07/23 15:41:17 INFO BlockManagerInfo: Removed broadcast_1_piece0 on 192.168.43.94:33961 in memory (size: 4.4 KiB, free: 366.3 MiB)
[2020-07-23 15:41:17,524] {logging_mixin.py:112} INFO - [2020-07-23 15:41:17,524] {spark_submit_hook.py:479} INFO - 20/07/23 15:41:17 INFO SharedState: Setting hive.metastore.warehouse.dir ('null') to the value of spark.sql.warehouse.dir ('file:/home/bhakti/airflow/spark-warehouse').
[2020-07-23 15:41:17,525] {logging_mixin.py:112} INFO - [2020-07-23 15:41:17,525] {spark_submit_hook.py:479} INFO - 20/07/23 15:41:17 INFO SharedState: Warehouse path is 'file:/home/bhakti/airflow/spark-warehouse'.
[2020-07-23 15:41:22,890] {logging_mixin.py:112} INFO - [2020-07-23 15:41:22,890] {spark_submit_hook.py:479} INFO - 20/07/23 15:41:22 INFO CodeGenerator: Code generated in 601.299951 ms
[2020-07-23 15:41:22,977] {logging_mixin.py:112} INFO - [2020-07-23 15:41:22,977] {spark_submit_hook.py:479} INFO - 20/07/23 15:41:22 INFO SparkContext: Starting job: showString at NativeMethodAccessorImpl.java:0
[2020-07-23 15:41:22,981] {logging_mixin.py:112} INFO - [2020-07-23 15:41:22,981] {spark_submit_hook.py:479} INFO - 20/07/23 15:41:22 INFO DAGScheduler: Got job 1 (showString at NativeMethodAccessorImpl.java:0) with 1 output partitions
[2020-07-23 15:41:22,982] {logging_mixin.py:112} INFO - [2020-07-23 15:41:22,981] {spark_submit_hook.py:479} INFO - 20/07/23 15:41:22 INFO DAGScheduler: Final stage: ResultStage 1 (showString at NativeMethodAccessorImpl.java:0)
[2020-07-23 15:41:22,982] {logging_mixin.py:112} INFO - [2020-07-23 15:41:22,982] {spark_submit_hook.py:479} INFO - 20/07/23 15:41:22 INFO DAGScheduler: Parents of final stage: List()
[2020-07-23 15:41:22,983] {logging_mixin.py:112} INFO - [2020-07-23 15:41:22,982] {spark_submit_hook.py:479} INFO - 20/07/23 15:41:22 INFO DAGScheduler: Missing parents: List()
[2020-07-23 15:41:22,985] {logging_mixin.py:112} INFO - [2020-07-23 15:41:22,985] {spark_submit_hook.py:479} INFO - 20/07/23 15:41:22 INFO DAGScheduler: Submitting ResultStage 1 (MapPartitionsRDD[9] at showString at NativeMethodAccessorImpl.java:0), which has no missing parents
[2020-07-23 15:41:23,011] {logging_mixin.py:112} INFO - [2020-07-23 15:41:23,010] {spark_submit_hook.py:479} INFO - 20/07/23 15:41:23 INFO MemoryStore: Block broadcast_2 stored as values in memory (estimated size 11.2 KiB, free 366.3 MiB)
[2020-07-23 15:41:23,015] {logging_mixin.py:112} INFO - [2020-07-23 15:41:23,015] {spark_submit_hook.py:479} INFO - 20/07/23 15:41:23 INFO MemoryStore: Block broadcast_2_piece0 stored as bytes in memory (estimated size 5.8 KiB, free 366.3 MiB)
[2020-07-23 15:41:23,017] {logging_mixin.py:112} INFO - [2020-07-23 15:41:23,017] {spark_submit_hook.py:479} INFO - 20/07/23 15:41:23 INFO BlockManagerInfo: Added broadcast_2_piece0 in memory on 192.168.43.94:33961 (size: 5.8 KiB, free: 366.3 MiB)
[2020-07-23 15:41:23,018] {logging_mixin.py:112} INFO - [2020-07-23 15:41:23,018] {spark_submit_hook.py:479} INFO - 20/07/23 15:41:23 INFO SparkContext: Created broadcast 2 from broadcast at DAGScheduler.scala:1200
[2020-07-23 15:41:23,021] {logging_mixin.py:112} INFO - [2020-07-23 15:41:23,021] {spark_submit_hook.py:479} INFO - 20/07/23 15:41:23 INFO DAGScheduler: Submitting 1 missing tasks from ResultStage 1 (MapPartitionsRDD[9] at showString at NativeMethodAccessorImpl.java:0) (first 15 tasks are for partitions Vector(0))
[2020-07-23 15:41:23,022] {logging_mixin.py:112} INFO - [2020-07-23 15:41:23,022] {spark_submit_hook.py:479} INFO - 20/07/23 15:41:23 INFO TaskSchedulerImpl: Adding task set 1.0 with 1 tasks
[2020-07-23 15:41:23,051] {logging_mixin.py:112} INFO - [2020-07-23 15:41:23,050] {spark_submit_hook.py:479} INFO - 20/07/23 15:41:23 INFO TaskSetManager: Starting task 0.0 in stage 1.0 (TID 1, 192.168.43.94, executor driver, partition 0, PROCESS_LOCAL, 7493 bytes)
[2020-07-23 15:41:23,055] {logging_mixin.py:112} INFO - [2020-07-23 15:41:23,055] {spark_submit_hook.py:479} INFO - 20/07/23 15:41:23 INFO Executor: Running task 0.0 in stage 1.0 (TID 1)
[2020-07-23 15:41:23,178] {logging_mixin.py:112} INFO - [2020-07-23 15:41:23,177] {spark_submit_hook.py:479} INFO - 20/07/23 15:41:23 INFO PythonRunner: Times: total = 4, boot = -6822, init = 6826, finish = 0
[2020-07-23 15:41:23,184] {logging_mixin.py:112} INFO - [2020-07-23 15:41:23,184] {spark_submit_hook.py:479} INFO - 20/07/23 15:41:23 INFO Executor: Finished task 0.0 in stage 1.0 (TID 1). 2235 bytes result sent to driver
[2020-07-23 15:41:23,194] {logging_mixin.py:112} INFO - [2020-07-23 15:41:23,193] {spark_submit_hook.py:479} INFO - 20/07/23 15:41:23 INFO TaskSetManager: Finished task 0.0 in stage 1.0 (TID 1) in 166 ms on 192.168.43.94 (executor driver) (1/1)
[2020-07-23 15:41:23,194] {logging_mixin.py:112} INFO - [2020-07-23 15:41:23,194] {spark_submit_hook.py:479} INFO - 20/07/23 15:41:23 INFO TaskSchedulerImpl: Removed TaskSet 1.0, whose tasks have all completed, from pool
[2020-07-23 15:41:23,201] {logging_mixin.py:112} INFO - [2020-07-23 15:41:23,201] {spark_submit_hook.py:479} INFO - 20/07/23 15:41:23 INFO DAGScheduler: ResultStage 1 (showString at NativeMethodAccessorImpl.java:0) finished in 0.211 s
[2020-07-23 15:41:23,201] {logging_mixin.py:112} INFO - [2020-07-23 15:41:23,201] {spark_submit_hook.py:479} INFO - 20/07/23 15:41:23 INFO DAGScheduler: Job 1 is finished. Cancelling potential speculative or zombie tasks for this job
[2020-07-23 15:41:23,202] {logging_mixin.py:112} INFO - [2020-07-23 15:41:23,202] {spark_submit_hook.py:479} INFO - 20/07/23 15:41:23 INFO TaskSchedulerImpl: Killing all running tasks in stage 1: Stage finished
[2020-07-23 15:41:23,202] {logging_mixin.py:112} INFO - [2020-07-23 15:41:23,202] {spark_submit_hook.py:479} INFO - 20/07/23 15:41:23 INFO DAGScheduler: Job 1 finished: showString at NativeMethodAccessorImpl.java:0, took 0.223392 s
[2020-07-23 15:41:23,322] {logging_mixin.py:112} INFO - [2020-07-23 15:41:23,321] {spark_submit_hook.py:479} INFO - 20/07/23 15:41:23 INFO CodeGenerator: Code generated in 70.670582 ms
[2020-07-23 15:41:23,351] {logging_mixin.py:112} INFO - [2020-07-23 15:41:23,350] {spark_submit_hook.py:479} INFO - +------+------------+--------+
[2020-07-23 15:41:23,351] {logging_mixin.py:112} INFO - [2020-07-23 15:41:23,351] {spark_submit_hook.py:479} INFO - |    _1|          _2|      _3|
[2020-07-23 15:41:23,351] {logging_mixin.py:112} INFO - [2020-07-23 15:41:23,351] {spark_submit_hook.py:479} INFO - +------+------------+--------+
[2020-07-23 15:41:23,352] {logging_mixin.py:112} INFO - [2020-07-23 15:41:23,351] {spark_submit_hook.py:479} INFO - |PERSON|JOINING_YEAR| COMPANY|
[2020-07-23 15:41:23,352] {logging_mixin.py:112} INFO - [2020-07-23 15:41:23,352] {spark_submit_hook.py:479} INFO - |  John|        2018|  Google|
[2020-07-23 15:41:23,352] {logging_mixin.py:112} INFO - [2020-07-23 15:41:23,352] {spark_submit_hook.py:479} INFO - |   Sam|        2017|     IBM|
[2020-07-23 15:41:23,352] {logging_mixin.py:112} INFO - [2020-07-23 15:41:23,352] {spark_submit_hook.py:479} INFO - |  Jeff|        2014|   Yahoo|
[2020-07-23 15:41:23,352] {logging_mixin.py:112} INFO - [2020-07-23 15:41:23,352] {spark_submit_hook.py:479} INFO - | Allen|        2015|Facebook|
[2020-07-23 15:41:23,352] {logging_mixin.py:112} INFO - [2020-07-23 15:41:23,352] {spark_submit_hook.py:479} INFO - +------+------------+--------+
[2020-07-23 15:41:23,352] {logging_mixin.py:112} INFO - [2020-07-23 15:41:23,352] {spark_submit_hook.py:479} INFO - 
[2020-07-23 15:41:23,454] {logging_mixin.py:112} INFO - [2020-07-23 15:41:23,454] {spark_submit_hook.py:479} INFO - 20/07/23 15:41:23 INFO SparkContext: Invoking stop() from shutdown hook
[2020-07-23 15:41:23,466] {logging_mixin.py:112} INFO - [2020-07-23 15:41:23,465] {spark_submit_hook.py:479} INFO - 20/07/23 15:41:23 INFO SparkUI: Stopped Spark web UI at http://192.168.43.94:4047
[2020-07-23 15:41:23,489] {logging_mixin.py:112} INFO - [2020-07-23 15:41:23,488] {spark_submit_hook.py:479} INFO - 20/07/23 15:41:23 INFO MapOutputTrackerMasterEndpoint: MapOutputTrackerMasterEndpoint stopped!
[2020-07-23 15:41:23,503] {logging_mixin.py:112} INFO - [2020-07-23 15:41:23,503] {spark_submit_hook.py:479} INFO - 20/07/23 15:41:23 INFO MemoryStore: MemoryStore cleared
[2020-07-23 15:41:23,504] {logging_mixin.py:112} INFO - [2020-07-23 15:41:23,503] {spark_submit_hook.py:479} INFO - 20/07/23 15:41:23 INFO BlockManager: BlockManager stopped
[2020-07-23 15:41:23,509] {logging_mixin.py:112} INFO - [2020-07-23 15:41:23,508] {spark_submit_hook.py:479} INFO - 20/07/23 15:41:23 INFO BlockManagerMaster: BlockManagerMaster stopped
[2020-07-23 15:41:23,513] {logging_mixin.py:112} INFO - [2020-07-23 15:41:23,513] {spark_submit_hook.py:479} INFO - 20/07/23 15:41:23 INFO OutputCommitCoordinator$OutputCommitCoordinatorEndpoint: OutputCommitCoordinator stopped!
[2020-07-23 15:41:23,527] {logging_mixin.py:112} INFO - [2020-07-23 15:41:23,526] {spark_submit_hook.py:479} INFO - 20/07/23 15:41:23 INFO SparkContext: Successfully stopped SparkContext
[2020-07-23 15:41:23,528] {logging_mixin.py:112} INFO - [2020-07-23 15:41:23,528] {spark_submit_hook.py:479} INFO - 20/07/23 15:41:23 INFO ShutdownHookManager: Shutdown hook called
[2020-07-23 15:41:23,530] {logging_mixin.py:112} INFO - [2020-07-23 15:41:23,529] {spark_submit_hook.py:479} INFO - 20/07/23 15:41:23 INFO ShutdownHookManager: Deleting directory /tmp/spark-e53abf1c-e629-4645-ae74-1ef65b6745d3
[2020-07-23 15:41:23,536] {logging_mixin.py:112} INFO - [2020-07-23 15:41:23,535] {spark_submit_hook.py:479} INFO - 20/07/23 15:41:23 INFO ShutdownHookManager: Deleting directory /tmp/spark-1da7c166-fbee-45d0-ac1c-a7ec47dc24de
[2020-07-23 15:41:23,540] {logging_mixin.py:112} INFO - [2020-07-23 15:41:23,539] {spark_submit_hook.py:479} INFO - 20/07/23 15:41:23 INFO ShutdownHookManager: Deleting directory /tmp/spark-1da7c166-fbee-45d0-ac1c-a7ec47dc24de/pyspark-e229e6a1-c855-49f6-9ea4-4d25de726de6
[2020-07-23 15:41:23,627] {taskinstance.py:1052} INFO - Marking task as SUCCESS.dag_id=submit_data, task_id=spark_submit, execution_date=20200721T012100, start_date=20200723T101056, end_date=20200723T101123
[2020-07-23 15:41:27,212] {logging_mixin.py:112} INFO - [2020-07-23 15:41:27,212] {local_task_job.py:103} INFO - Task exited with return code 0
