[2020-07-22 17:34:52,170] {taskinstance.py:669} INFO - Dependencies all met for <TaskInstance: submit_data.spark_submit 2020-07-20T07:52:00+00:00 [queued]>
[2020-07-22 17:34:52,184] {taskinstance.py:669} INFO - Dependencies all met for <TaskInstance: submit_data.spark_submit 2020-07-20T07:52:00+00:00 [queued]>
[2020-07-22 17:34:52,184] {taskinstance.py:879} INFO - 
--------------------------------------------------------------------------------
[2020-07-22 17:34:52,184] {taskinstance.py:880} INFO - Starting attempt 1 of 1
[2020-07-22 17:34:52,184] {taskinstance.py:881} INFO - 
--------------------------------------------------------------------------------
[2020-07-22 17:34:52,343] {taskinstance.py:900} INFO - Executing <Task(SparkSubmitOperator): spark_submit> on 2020-07-20T07:52:00+00:00
[2020-07-22 17:34:52,348] {standard_task_runner.py:53} INFO - Started process 662343 to run task
[2020-07-22 17:34:52,573] {logging_mixin.py:112} INFO - Running %s on host %s <TaskInstance: submit_data.spark_submit 2020-07-20T07:52:00+00:00 [running]> bhakti-Vostro-3558
[2020-07-22 17:34:52,612] {logging_mixin.py:112} INFO - [2020-07-22 17:34:52,611] {base_hook.py:87} INFO - Using connection to: id: spark_local. Host: local, Port: None, Schema: None, Login: None, Password: None, extra: None
[2020-07-22 17:34:52,614] {logging_mixin.py:112} INFO - [2020-07-22 17:34:52,613] {spark_submit_hook.py:325} INFO - Spark-Submit cmd: spark-submit --master local --name airflow-spark /home/bhakti/airflow/spark_jobs/spark_test.py
[2020-07-22 17:34:55,066] {logging_mixin.py:112} INFO - [2020-07-22 17:34:55,065] {spark_submit_hook.py:479} INFO - 20/07/22 17:34:55 WARN Utils: Your hostname, bhakti-Vostro-3558 resolves to a loopback address: 127.0.1.1; using 192.168.43.94 instead (on interface wlp6s0)
[2020-07-22 17:34:55,068] {logging_mixin.py:112} INFO - [2020-07-22 17:34:55,068] {spark_submit_hook.py:479} INFO - 20/07/22 17:34:55 WARN Utils: Set SPARK_LOCAL_IP if you need to bind to another address
[2020-07-22 17:34:57,138] {logging_mixin.py:112} INFO - [2020-07-22 17:34:57,138] {spark_submit_hook.py:479} INFO - 20/07/22 17:34:57 WARN NativeCodeLoader: Unable to load native-hadoop library for your platform... using builtin-java classes where applicable
[2020-07-22 17:34:59,499] {logging_mixin.py:112} INFO - [2020-07-22 17:34:59,499] {spark_submit_hook.py:479} INFO - Using Spark's default log4j profile: org/apache/spark/log4j-defaults.properties
[2020-07-22 17:34:59,521] {logging_mixin.py:112} INFO - [2020-07-22 17:34:59,521] {spark_submit_hook.py:479} INFO - 20/07/22 17:34:59 INFO SparkContext: Running Spark version 3.0.0
[2020-07-22 17:34:59,637] {logging_mixin.py:112} INFO - [2020-07-22 17:34:59,636] {spark_submit_hook.py:479} INFO - 20/07/22 17:34:59 INFO ResourceUtils: ==============================================================
[2020-07-22 17:34:59,639] {logging_mixin.py:112} INFO - [2020-07-22 17:34:59,639] {spark_submit_hook.py:479} INFO - 20/07/22 17:34:59 INFO ResourceUtils: Resources for spark.driver:
[2020-07-22 17:34:59,639] {logging_mixin.py:112} INFO - [2020-07-22 17:34:59,639] {spark_submit_hook.py:479} INFO - 
[2020-07-22 17:34:59,640] {logging_mixin.py:112} INFO - [2020-07-22 17:34:59,640] {spark_submit_hook.py:479} INFO - 20/07/22 17:34:59 INFO ResourceUtils: ==============================================================
[2020-07-22 17:34:59,643] {logging_mixin.py:112} INFO - [2020-07-22 17:34:59,643] {spark_submit_hook.py:479} INFO - 20/07/22 17:34:59 INFO SparkContext: Submitted application: Spark_Test_Python
[2020-07-22 17:34:59,787] {logging_mixin.py:112} INFO - [2020-07-22 17:34:59,787] {spark_submit_hook.py:479} INFO - 20/07/22 17:34:59 INFO SecurityManager: Changing view acls to: bhakti
[2020-07-22 17:34:59,787] {logging_mixin.py:112} INFO - [2020-07-22 17:34:59,787] {spark_submit_hook.py:479} INFO - 20/07/22 17:34:59 INFO SecurityManager: Changing modify acls to: bhakti
[2020-07-22 17:34:59,788] {logging_mixin.py:112} INFO - [2020-07-22 17:34:59,787] {spark_submit_hook.py:479} INFO - 20/07/22 17:34:59 INFO SecurityManager: Changing view acls groups to:
[2020-07-22 17:34:59,788] {logging_mixin.py:112} INFO - [2020-07-22 17:34:59,788] {spark_submit_hook.py:479} INFO - 20/07/22 17:34:59 INFO SecurityManager: Changing modify acls groups to:
[2020-07-22 17:34:59,788] {logging_mixin.py:112} INFO - [2020-07-22 17:34:59,788] {spark_submit_hook.py:479} INFO - 20/07/22 17:34:59 INFO SecurityManager: SecurityManager: authentication disabled; ui acls disabled; users  with view permissions: Set(bhakti); groups with view permissions: Set(); users  with modify permissions: Set(bhakti); groups with modify permissions: Set()
[2020-07-22 17:35:00,324] {logging_mixin.py:112} INFO - [2020-07-22 17:35:00,324] {spark_submit_hook.py:479} INFO - 20/07/22 17:35:00 INFO Utils: Successfully started service 'sparkDriver' on port 43411.
[2020-07-22 17:35:00,434] {logging_mixin.py:112} INFO - [2020-07-22 17:35:00,434] {spark_submit_hook.py:479} INFO - 20/07/22 17:35:00 INFO SparkEnv: Registering MapOutputTracker
[2020-07-22 17:35:00,518] {logging_mixin.py:112} INFO - [2020-07-22 17:35:00,518] {spark_submit_hook.py:479} INFO - 20/07/22 17:35:00 INFO SparkEnv: Registering BlockManagerMaster
[2020-07-22 17:35:00,568] {logging_mixin.py:112} INFO - [2020-07-22 17:35:00,567] {spark_submit_hook.py:479} INFO - 20/07/22 17:35:00 INFO BlockManagerMasterEndpoint: Using org.apache.spark.storage.DefaultTopologyMapper for getting topology information
[2020-07-22 17:35:00,569] {logging_mixin.py:112} INFO - [2020-07-22 17:35:00,569] {spark_submit_hook.py:479} INFO - 20/07/22 17:35:00 INFO BlockManagerMasterEndpoint: BlockManagerMasterEndpoint up
[2020-07-22 17:35:00,577] {logging_mixin.py:112} INFO - [2020-07-22 17:35:00,577] {spark_submit_hook.py:479} INFO - 20/07/22 17:35:00 INFO SparkEnv: Registering BlockManagerMasterHeartbeat
[2020-07-22 17:35:00,601] {logging_mixin.py:112} INFO - [2020-07-22 17:35:00,601] {spark_submit_hook.py:479} INFO - 20/07/22 17:35:00 INFO DiskBlockManager: Created local directory at /tmp/blockmgr-b623f675-3677-4d80-bef0-2e321ad04d11
[2020-07-22 17:35:00,641] {logging_mixin.py:112} INFO - [2020-07-22 17:35:00,641] {spark_submit_hook.py:479} INFO - 20/07/22 17:35:00 INFO MemoryStore: MemoryStore started with capacity 366.3 MiB
[2020-07-22 17:35:00,670] {logging_mixin.py:112} INFO - [2020-07-22 17:35:00,670] {spark_submit_hook.py:479} INFO - 20/07/22 17:35:00 INFO SparkEnv: Registering OutputCommitCoordinator
[2020-07-22 17:35:01,128] {logging_mixin.py:112} INFO - [2020-07-22 17:35:01,128] {spark_submit_hook.py:479} INFO - 20/07/22 17:35:01 WARN Utils: Service 'SparkUI' could not bind on port 4040. Attempting port 4041.
[2020-07-22 17:35:01,128] {logging_mixin.py:112} INFO - [2020-07-22 17:35:01,128] {spark_submit_hook.py:479} INFO - 20/07/22 17:35:01 WARN Utils: Service 'SparkUI' could not bind on port 4041. Attempting port 4042.
[2020-07-22 17:35:01,147] {logging_mixin.py:112} INFO - [2020-07-22 17:35:01,146] {spark_submit_hook.py:479} INFO - 20/07/22 17:35:01 INFO Utils: Successfully started service 'SparkUI' on port 4042.
[2020-07-22 17:35:01,328] {logging_mixin.py:112} INFO - [2020-07-22 17:35:01,328] {spark_submit_hook.py:479} INFO - 20/07/22 17:35:01 INFO SparkUI: Bound SparkUI to 0.0.0.0, and started at http://192.168.43.94:4042
[2020-07-22 17:35:02,098] {logging_mixin.py:112} INFO - [2020-07-22 17:35:02,098] {spark_submit_hook.py:479} INFO - 20/07/22 17:35:02 INFO Executor: Starting executor ID driver on host 192.168.43.94
[2020-07-22 17:35:02,179] {logging_mixin.py:112} INFO - [2020-07-22 17:35:02,179] {spark_submit_hook.py:479} INFO - 20/07/22 17:35:02 INFO Utils: Successfully started service 'org.apache.spark.network.netty.NettyBlockTransferService' on port 45647.
[2020-07-22 17:35:02,179] {logging_mixin.py:112} INFO - [2020-07-22 17:35:02,179] {spark_submit_hook.py:479} INFO - 20/07/22 17:35:02 INFO NettyBlockTransferService: Server created on 192.168.43.94:45647
[2020-07-22 17:35:02,182] {logging_mixin.py:112} INFO - [2020-07-22 17:35:02,182] {spark_submit_hook.py:479} INFO - 20/07/22 17:35:02 INFO BlockManager: Using org.apache.spark.storage.RandomBlockReplicationPolicy for block replication policy
[2020-07-22 17:35:02,203] {logging_mixin.py:112} INFO - [2020-07-22 17:35:02,203] {spark_submit_hook.py:479} INFO - 20/07/22 17:35:02 INFO BlockManagerMaster: Registering BlockManager BlockManagerId(driver, 192.168.43.94, 45647, None)
[2020-07-22 17:35:02,212] {logging_mixin.py:112} INFO - [2020-07-22 17:35:02,211] {spark_submit_hook.py:479} INFO - 20/07/22 17:35:02 INFO BlockManagerMasterEndpoint: Registering block manager 192.168.43.94:45647 with 366.3 MiB RAM, BlockManagerId(driver, 192.168.43.94, 45647, None)
[2020-07-22 17:35:02,219] {logging_mixin.py:112} INFO - [2020-07-22 17:35:02,219] {spark_submit_hook.py:479} INFO - 20/07/22 17:35:02 INFO BlockManagerMaster: Registered BlockManager BlockManagerId(driver, 192.168.43.94, 45647, None)
[2020-07-22 17:35:02,227] {logging_mixin.py:112} INFO - [2020-07-22 17:35:02,227] {spark_submit_hook.py:479} INFO - 20/07/22 17:35:02 INFO BlockManager: Initialized BlockManager: BlockManagerId(driver, 192.168.43.94, 45647, None)
[2020-07-22 17:35:04,892] {logging_mixin.py:112} INFO - [2020-07-22 17:35:04,892] {spark_submit_hook.py:479} INFO - 20/07/22 17:35:04 INFO MemoryStore: Block broadcast_0 stored as values in memory (estimated size 241.5 KiB, free 366.1 MiB)
[2020-07-22 17:35:05,124] {logging_mixin.py:112} INFO - [2020-07-22 17:35:05,123] {spark_submit_hook.py:479} INFO - 20/07/22 17:35:05 INFO MemoryStore: Block broadcast_0_piece0 stored as bytes in memory (estimated size 23.4 KiB, free 366.0 MiB)
[2020-07-22 17:35:05,131] {logging_mixin.py:112} INFO - [2020-07-22 17:35:05,131] {spark_submit_hook.py:479} INFO - 20/07/22 17:35:05 INFO BlockManagerInfo: Added broadcast_0_piece0 in memory on 192.168.43.94:45647 (size: 23.4 KiB, free: 366.3 MiB)
[2020-07-22 17:35:05,143] {logging_mixin.py:112} INFO - [2020-07-22 17:35:05,143] {spark_submit_hook.py:479} INFO - 20/07/22 17:35:05 INFO SparkContext: Created broadcast 0 from textFile at NativeMethodAccessorImpl.java:0
[2020-07-22 17:35:05,698] {logging_mixin.py:112} INFO - [2020-07-22 17:35:05,698] {spark_submit_hook.py:479} INFO - 20/07/22 17:35:05 INFO FileInputFormat: Total input paths to process : 1
[2020-07-22 17:35:05,852] {logging_mixin.py:112} INFO - [2020-07-22 17:35:05,851] {spark_submit_hook.py:479} INFO - 20/07/22 17:35:05 INFO SparkContext: Starting job: collect at /home/bhakti/airflow/spark_jobs/spark_test.py:8
[2020-07-22 17:35:05,881] {logging_mixin.py:112} INFO - [2020-07-22 17:35:05,881] {spark_submit_hook.py:479} INFO - 20/07/22 17:35:05 INFO DAGScheduler: Got job 0 (collect at /home/bhakti/airflow/spark_jobs/spark_test.py:8) with 1 output partitions
[2020-07-22 17:35:05,882] {logging_mixin.py:112} INFO - [2020-07-22 17:35:05,882] {spark_submit_hook.py:479} INFO - 20/07/22 17:35:05 INFO DAGScheduler: Final stage: ResultStage 0 (collect at /home/bhakti/airflow/spark_jobs/spark_test.py:8)
[2020-07-22 17:35:05,895] {logging_mixin.py:112} INFO - [2020-07-22 17:35:05,895] {spark_submit_hook.py:479} INFO - 20/07/22 17:35:05 INFO DAGScheduler: Parents of final stage: List()
[2020-07-22 17:35:05,898] {logging_mixin.py:112} INFO - [2020-07-22 17:35:05,898] {spark_submit_hook.py:479} INFO - 20/07/22 17:35:05 INFO DAGScheduler: Missing parents: List()
[2020-07-22 17:35:05,914] {logging_mixin.py:112} INFO - [2020-07-22 17:35:05,914] {spark_submit_hook.py:479} INFO - 20/07/22 17:35:05 INFO DAGScheduler: Submitting ResultStage 0 (PythonRDD[2] at collect at /home/bhakti/airflow/spark_jobs/spark_test.py:8), which has no missing parents
[2020-07-22 17:35:06,048] {logging_mixin.py:112} INFO - [2020-07-22 17:35:06,047] {spark_submit_hook.py:479} INFO - 20/07/22 17:35:06 INFO MemoryStore: Block broadcast_1 stored as values in memory (estimated size 7.4 KiB, free 366.0 MiB)
[2020-07-22 17:35:06,068] {logging_mixin.py:112} INFO - [2020-07-22 17:35:06,068] {spark_submit_hook.py:479} INFO - 20/07/22 17:35:06 INFO MemoryStore: Block broadcast_1_piece0 stored as bytes in memory (estimated size 4.4 KiB, free 366.0 MiB)
[2020-07-22 17:35:06,072] {logging_mixin.py:112} INFO - [2020-07-22 17:35:06,072] {spark_submit_hook.py:479} INFO - 20/07/22 17:35:06 INFO BlockManagerInfo: Added broadcast_1_piece0 in memory on 192.168.43.94:45647 (size: 4.4 KiB, free: 366.3 MiB)
[2020-07-22 17:35:06,086] {logging_mixin.py:112} INFO - [2020-07-22 17:35:06,086] {spark_submit_hook.py:479} INFO - 20/07/22 17:35:06 INFO SparkContext: Created broadcast 1 from broadcast at DAGScheduler.scala:1200
[2020-07-22 17:35:06,166] {logging_mixin.py:112} INFO - [2020-07-22 17:35:06,166] {spark_submit_hook.py:479} INFO - 20/07/22 17:35:06 INFO DAGScheduler: Submitting 1 missing tasks from ResultStage 0 (PythonRDD[2] at collect at /home/bhakti/airflow/spark_jobs/spark_test.py:8) (first 15 tasks are for partitions Vector(0))
[2020-07-22 17:35:06,175] {logging_mixin.py:112} INFO - [2020-07-22 17:35:06,175] {spark_submit_hook.py:479} INFO - 20/07/22 17:35:06 INFO TaskSchedulerImpl: Adding task set 0.0 with 1 tasks
[2020-07-22 17:35:06,521] {logging_mixin.py:112} INFO - [2020-07-22 17:35:06,521] {spark_submit_hook.py:479} INFO - 20/07/22 17:35:06 INFO TaskSetManager: Starting task 0.0 in stage 0.0 (TID 0, 192.168.43.94, executor driver, partition 0, PROCESS_LOCAL, 7388 bytes)
[2020-07-22 17:35:06,602] {logging_mixin.py:112} INFO - [2020-07-22 17:35:06,602] {spark_submit_hook.py:479} INFO - 20/07/22 17:35:06 INFO Executor: Running task 0.0 in stage 0.0 (TID 0)
[2020-07-22 17:35:08,133] {logging_mixin.py:112} INFO - [2020-07-22 17:35:08,133] {spark_submit_hook.py:479} INFO - 20/07/22 17:35:08 INFO HadoopRDD: Input split: file:/home/bhakti/airflow/input_data/sample.csv:0+93
[2020-07-22 17:35:09,280] {logging_mixin.py:112} INFO - [2020-07-22 17:35:09,280] {spark_submit_hook.py:479} INFO - 20/07/22 17:35:09 INFO PythonRunner: Times: total = 1057, boot = 1030, init = 27, finish = 0
[2020-07-22 17:35:09,321] {logging_mixin.py:112} INFO - [2020-07-22 17:35:09,321] {spark_submit_hook.py:479} INFO - 20/07/22 17:35:09 INFO Executor: Finished task 0.0 in stage 0.0 (TID 0). 1822 bytes result sent to driver
[2020-07-22 17:35:09,342] {logging_mixin.py:112} INFO - [2020-07-22 17:35:09,341] {spark_submit_hook.py:479} INFO - 20/07/22 17:35:09 INFO TaskSetManager: Finished task 0.0 in stage 0.0 (TID 0) in 2925 ms on 192.168.43.94 (executor driver) (1/1)
[2020-07-22 17:35:09,347] {logging_mixin.py:112} INFO - [2020-07-22 17:35:09,347] {spark_submit_hook.py:479} INFO - 20/07/22 17:35:09 INFO TaskSchedulerImpl: Removed TaskSet 0.0, whose tasks have all completed, from pool
[2020-07-22 17:35:09,363] {logging_mixin.py:112} INFO - [2020-07-22 17:35:09,363] {spark_submit_hook.py:479} INFO - 20/07/22 17:35:09 INFO PythonAccumulatorV2: Connected to AccumulatorServer at host: 127.0.0.1 port: 49921
[2020-07-22 17:35:09,394] {logging_mixin.py:112} INFO - [2020-07-22 17:35:09,394] {spark_submit_hook.py:479} INFO - 20/07/22 17:35:09 INFO DAGScheduler: ResultStage 0 (collect at /home/bhakti/airflow/spark_jobs/spark_test.py:8) finished in 3.395 s
[2020-07-22 17:35:09,415] {logging_mixin.py:112} INFO - [2020-07-22 17:35:09,415] {spark_submit_hook.py:479} INFO - 20/07/22 17:35:09 INFO DAGScheduler: Job 0 is finished. Cancelling potential speculative or zombie tasks for this job
[2020-07-22 17:35:09,415] {logging_mixin.py:112} INFO - [2020-07-22 17:35:09,415] {spark_submit_hook.py:479} INFO - 20/07/22 17:35:09 INFO TaskSchedulerImpl: Killing all running tasks in stage 0: Stage finished
[2020-07-22 17:35:09,431] {logging_mixin.py:112} INFO - [2020-07-22 17:35:09,431] {spark_submit_hook.py:479} INFO - 20/07/22 17:35:09 INFO DAGScheduler: Job 0 finished: collect at /home/bhakti/airflow/spark_jobs/spark_test.py:8, took 3.568426 s
[2020-07-22 17:35:09,463] {logging_mixin.py:112} INFO - [2020-07-22 17:35:09,463] {spark_submit_hook.py:479} INFO - [('PERSON', 'JOINING_YEAR', 'COMPANY'), ('John', '2018', 'Google'), ('Sam', '2017', 'IBM'), ('Jeff', '2014', 'Yahoo'), ('Allen', '2015', 'Facebook')]
[2020-07-22 17:35:10,594] {logging_mixin.py:112} INFO - [2020-07-22 17:35:10,593] {spark_submit_hook.py:479} INFO - 20/07/22 17:35:10 INFO BlockManagerInfo: Removed broadcast_0_piece0 on 192.168.43.94:45647 in memory (size: 23.4 KiB, free: 366.3 MiB)
[2020-07-22 17:35:10,628] {logging_mixin.py:112} INFO - [2020-07-22 17:35:10,628] {spark_submit_hook.py:479} INFO - 20/07/22 17:35:10 INFO BlockManagerInfo: Removed broadcast_1_piece0 on 192.168.43.94:45647 in memory (size: 4.4 KiB, free: 366.3 MiB)
[2020-07-22 17:35:10,726] {logging_mixin.py:112} INFO - [2020-07-22 17:35:10,726] {spark_submit_hook.py:479} INFO - 20/07/22 17:35:10 INFO SharedState: Setting hive.metastore.warehouse.dir ('null') to the value of spark.sql.warehouse.dir ('file:/home/bhakti/airflow/spark-warehouse').
[2020-07-22 17:35:10,727] {logging_mixin.py:112} INFO - [2020-07-22 17:35:10,727] {spark_submit_hook.py:479} INFO - 20/07/22 17:35:10 INFO SharedState: Warehouse path is 'file:/home/bhakti/airflow/spark-warehouse'.
[2020-07-22 17:35:15,643] {logging_mixin.py:112} INFO - [2020-07-22 17:35:15,643] {spark_submit_hook.py:479} INFO - 20/07/22 17:35:15 INFO CodeGenerator: Code generated in 393.446066 ms
[2020-07-22 17:35:15,730] {logging_mixin.py:112} INFO - [2020-07-22 17:35:15,729] {spark_submit_hook.py:479} INFO - 20/07/22 17:35:15 INFO SparkContext: Starting job: showString at NativeMethodAccessorImpl.java:0
[2020-07-22 17:35:15,733] {logging_mixin.py:112} INFO - [2020-07-22 17:35:15,732] {spark_submit_hook.py:479} INFO - 20/07/22 17:35:15 INFO DAGScheduler: Got job 1 (showString at NativeMethodAccessorImpl.java:0) with 1 output partitions
[2020-07-22 17:35:15,733] {logging_mixin.py:112} INFO - [2020-07-22 17:35:15,733] {spark_submit_hook.py:479} INFO - 20/07/22 17:35:15 INFO DAGScheduler: Final stage: ResultStage 1 (showString at NativeMethodAccessorImpl.java:0)
[2020-07-22 17:35:15,733] {logging_mixin.py:112} INFO - [2020-07-22 17:35:15,733] {spark_submit_hook.py:479} INFO - 20/07/22 17:35:15 INFO DAGScheduler: Parents of final stage: List()
[2020-07-22 17:35:15,734] {logging_mixin.py:112} INFO - [2020-07-22 17:35:15,734] {spark_submit_hook.py:479} INFO - 20/07/22 17:35:15 INFO DAGScheduler: Missing parents: List()
[2020-07-22 17:35:15,740] {logging_mixin.py:112} INFO - [2020-07-22 17:35:15,739] {spark_submit_hook.py:479} INFO - 20/07/22 17:35:15 INFO DAGScheduler: Submitting ResultStage 1 (MapPartitionsRDD[9] at showString at NativeMethodAccessorImpl.java:0), which has no missing parents
[2020-07-22 17:35:15,770] {logging_mixin.py:112} INFO - [2020-07-22 17:35:15,770] {spark_submit_hook.py:479} INFO - 20/07/22 17:35:15 INFO MemoryStore: Block broadcast_2 stored as values in memory (estimated size 11.2 KiB, free 366.3 MiB)
[2020-07-22 17:35:15,775] {logging_mixin.py:112} INFO - [2020-07-22 17:35:15,775] {spark_submit_hook.py:479} INFO - 20/07/22 17:35:15 INFO MemoryStore: Block broadcast_2_piece0 stored as bytes in memory (estimated size 5.8 KiB, free 366.3 MiB)
[2020-07-22 17:35:15,777] {logging_mixin.py:112} INFO - [2020-07-22 17:35:15,777] {spark_submit_hook.py:479} INFO - 20/07/22 17:35:15 INFO BlockManagerInfo: Added broadcast_2_piece0 in memory on 192.168.43.94:45647 (size: 5.8 KiB, free: 366.3 MiB)
[2020-07-22 17:35:15,780] {logging_mixin.py:112} INFO - [2020-07-22 17:35:15,780] {spark_submit_hook.py:479} INFO - 20/07/22 17:35:15 INFO SparkContext: Created broadcast 2 from broadcast at DAGScheduler.scala:1200
[2020-07-22 17:35:15,782] {logging_mixin.py:112} INFO - [2020-07-22 17:35:15,782] {spark_submit_hook.py:479} INFO - 20/07/22 17:35:15 INFO DAGScheduler: Submitting 1 missing tasks from ResultStage 1 (MapPartitionsRDD[9] at showString at NativeMethodAccessorImpl.java:0) (first 15 tasks are for partitions Vector(0))
[2020-07-22 17:35:15,783] {logging_mixin.py:112} INFO - [2020-07-22 17:35:15,783] {spark_submit_hook.py:479} INFO - 20/07/22 17:35:15 INFO TaskSchedulerImpl: Adding task set 1.0 with 1 tasks
[2020-07-22 17:35:15,839] {logging_mixin.py:112} INFO - [2020-07-22 17:35:15,838] {spark_submit_hook.py:479} INFO - 20/07/22 17:35:15 INFO TaskSetManager: Starting task 0.0 in stage 1.0 (TID 1, 192.168.43.94, executor driver, partition 0, PROCESS_LOCAL, 7493 bytes)
[2020-07-22 17:35:15,842] {logging_mixin.py:112} INFO - [2020-07-22 17:35:15,842] {spark_submit_hook.py:479} INFO - 20/07/22 17:35:15 INFO Executor: Running task 0.0 in stage 1.0 (TID 1)
[2020-07-22 17:35:16,006] {logging_mixin.py:112} INFO - [2020-07-22 17:35:16,005] {spark_submit_hook.py:479} INFO - 20/07/22 17:35:16 INFO PythonRunner: Times: total = 6, boot = -6669, init = 6674, finish = 1
[2020-07-22 17:35:16,011] {logging_mixin.py:112} INFO - [2020-07-22 17:35:16,011] {spark_submit_hook.py:479} INFO - 20/07/22 17:35:16 INFO Executor: Finished task 0.0 in stage 1.0 (TID 1). 2235 bytes result sent to driver
[2020-07-22 17:35:16,026] {logging_mixin.py:112} INFO - [2020-07-22 17:35:16,026] {spark_submit_hook.py:479} INFO - 20/07/22 17:35:16 INFO TaskSetManager: Finished task 0.0 in stage 1.0 (TID 1) in 238 ms on 192.168.43.94 (executor driver) (1/1)
[2020-07-22 17:35:16,028] {logging_mixin.py:112} INFO - [2020-07-22 17:35:16,027] {spark_submit_hook.py:479} INFO - 20/07/22 17:35:16 INFO TaskSchedulerImpl: Removed TaskSet 1.0, whose tasks have all completed, from pool
[2020-07-22 17:35:16,033] {logging_mixin.py:112} INFO - [2020-07-22 17:35:16,033] {spark_submit_hook.py:479} INFO - 20/07/22 17:35:16 INFO DAGScheduler: ResultStage 1 (showString at NativeMethodAccessorImpl.java:0) finished in 0.291 s
[2020-07-22 17:35:16,033] {logging_mixin.py:112} INFO - [2020-07-22 17:35:16,033] {spark_submit_hook.py:479} INFO - 20/07/22 17:35:16 INFO DAGScheduler: Job 1 is finished. Cancelling potential speculative or zombie tasks for this job
[2020-07-22 17:35:16,034] {logging_mixin.py:112} INFO - [2020-07-22 17:35:16,034] {spark_submit_hook.py:479} INFO - 20/07/22 17:35:16 INFO TaskSchedulerImpl: Killing all running tasks in stage 1: Stage finished
[2020-07-22 17:35:16,038] {logging_mixin.py:112} INFO - [2020-07-22 17:35:16,038] {spark_submit_hook.py:479} INFO - 20/07/22 17:35:16 INFO DAGScheduler: Job 1 finished: showString at NativeMethodAccessorImpl.java:0, took 0.304840 s
[2020-07-22 17:35:16,159] {logging_mixin.py:112} INFO - [2020-07-22 17:35:16,159] {spark_submit_hook.py:479} INFO - 20/07/22 17:35:16 INFO CodeGenerator: Code generated in 73.478565 ms
[2020-07-22 17:35:16,200] {logging_mixin.py:112} INFO - [2020-07-22 17:35:16,200] {spark_submit_hook.py:479} INFO - +------+------------+--------+
[2020-07-22 17:35:16,202] {logging_mixin.py:112} INFO - [2020-07-22 17:35:16,201] {spark_submit_hook.py:479} INFO - |    _1|          _2|      _3|
[2020-07-22 17:35:16,202] {logging_mixin.py:112} INFO - [2020-07-22 17:35:16,202] {spark_submit_hook.py:479} INFO - +------+------------+--------+
[2020-07-22 17:35:16,202] {logging_mixin.py:112} INFO - [2020-07-22 17:35:16,202] {spark_submit_hook.py:479} INFO - |PERSON|JOINING_YEAR| COMPANY|
[2020-07-22 17:35:16,202] {logging_mixin.py:112} INFO - [2020-07-22 17:35:16,202] {spark_submit_hook.py:479} INFO - |  John|        2018|  Google|
[2020-07-22 17:35:16,203] {logging_mixin.py:112} INFO - [2020-07-22 17:35:16,202] {spark_submit_hook.py:479} INFO - |   Sam|        2017|     IBM|
[2020-07-22 17:35:16,203] {logging_mixin.py:112} INFO - [2020-07-22 17:35:16,203] {spark_submit_hook.py:479} INFO - |  Jeff|        2014|   Yahoo|
[2020-07-22 17:35:16,203] {logging_mixin.py:112} INFO - [2020-07-22 17:35:16,203] {spark_submit_hook.py:479} INFO - | Allen|        2015|Facebook|
[2020-07-22 17:35:16,203] {logging_mixin.py:112} INFO - [2020-07-22 17:35:16,203] {spark_submit_hook.py:479} INFO - +------+------------+--------+
[2020-07-22 17:35:16,203] {logging_mixin.py:112} INFO - [2020-07-22 17:35:16,203] {spark_submit_hook.py:479} INFO - 
[2020-07-22 17:35:16,391] {logging_mixin.py:112} INFO - [2020-07-22 17:35:16,391] {spark_submit_hook.py:479} INFO - 20/07/22 17:35:16 INFO SparkContext: Invoking stop() from shutdown hook
[2020-07-22 17:35:16,403] {logging_mixin.py:112} INFO - [2020-07-22 17:35:16,403] {spark_submit_hook.py:479} INFO - 20/07/22 17:35:16 INFO SparkUI: Stopped Spark web UI at http://192.168.43.94:4042
[2020-07-22 17:35:16,444] {logging_mixin.py:112} INFO - [2020-07-22 17:35:16,443] {spark_submit_hook.py:479} INFO - 20/07/22 17:35:16 INFO MapOutputTrackerMasterEndpoint: MapOutputTrackerMasterEndpoint stopped!
[2020-07-22 17:35:16,497] {logging_mixin.py:112} INFO - [2020-07-22 17:35:16,497] {spark_submit_hook.py:479} INFO - 20/07/22 17:35:16 INFO MemoryStore: MemoryStore cleared
[2020-07-22 17:35:16,500] {logging_mixin.py:112} INFO - [2020-07-22 17:35:16,499] {spark_submit_hook.py:479} INFO - 20/07/22 17:35:16 INFO BlockManager: BlockManager stopped
[2020-07-22 17:35:16,520] {logging_mixin.py:112} INFO - [2020-07-22 17:35:16,520] {spark_submit_hook.py:479} INFO - 20/07/22 17:35:16 INFO BlockManagerMaster: BlockManagerMaster stopped
[2020-07-22 17:35:16,530] {logging_mixin.py:112} INFO - [2020-07-22 17:35:16,530] {spark_submit_hook.py:479} INFO - 20/07/22 17:35:16 INFO OutputCommitCoordinator$OutputCommitCoordinatorEndpoint: OutputCommitCoordinator stopped!
[2020-07-22 17:35:16,614] {logging_mixin.py:112} INFO - [2020-07-22 17:35:16,614] {spark_submit_hook.py:479} INFO - 20/07/22 17:35:16 INFO SparkContext: Successfully stopped SparkContext
[2020-07-22 17:35:16,617] {logging_mixin.py:112} INFO - [2020-07-22 17:35:16,617] {spark_submit_hook.py:479} INFO - 20/07/22 17:35:16 INFO ShutdownHookManager: Shutdown hook called
[2020-07-22 17:35:16,626] {logging_mixin.py:112} INFO - [2020-07-22 17:35:16,626] {spark_submit_hook.py:479} INFO - 20/07/22 17:35:16 INFO ShutdownHookManager: Deleting directory /tmp/spark-a3e45330-346d-4f62-9468-ba56a9158ea5
[2020-07-22 17:35:16,642] {logging_mixin.py:112} INFO - [2020-07-22 17:35:16,642] {spark_submit_hook.py:479} INFO - 20/07/22 17:35:16 INFO ShutdownHookManager: Deleting directory /tmp/spark-d0a6affc-d6e1-4f57-a9d9-ef8c5c1b8308
[2020-07-22 17:35:16,655] {logging_mixin.py:112} INFO - [2020-07-22 17:35:16,654] {spark_submit_hook.py:479} INFO - 20/07/22 17:35:16 INFO ShutdownHookManager: Deleting directory /tmp/spark-d0a6affc-d6e1-4f57-a9d9-ef8c5c1b8308/pyspark-ff97739c-7296-4588-9554-841fd2617007
[2020-07-22 17:35:17,246] {taskinstance.py:1052} INFO - Marking task as SUCCESS.dag_id=submit_data, task_id=spark_submit, execution_date=20200720T075200, start_date=20200722T120452, end_date=20200722T120517
[2020-07-22 17:35:17,456] {logging_mixin.py:112} INFO - [2020-07-22 17:35:17,455] {local_task_job.py:103} INFO - Task exited with return code 0
