[2020-07-22 14:53:26,750] {taskinstance.py:669} INFO - Dependencies all met for <TaskInstance: submit_data.spark_submit 2020-07-20T03:59:00+00:00 [queued]>
[2020-07-22 14:53:26,765] {taskinstance.py:669} INFO - Dependencies all met for <TaskInstance: submit_data.spark_submit 2020-07-20T03:59:00+00:00 [queued]>
[2020-07-22 14:53:26,766] {taskinstance.py:879} INFO - 
--------------------------------------------------------------------------------
[2020-07-22 14:53:26,766] {taskinstance.py:880} INFO - Starting attempt 1 of 1
[2020-07-22 14:53:26,766] {taskinstance.py:881} INFO - 
--------------------------------------------------------------------------------
[2020-07-22 14:53:26,943] {taskinstance.py:900} INFO - Executing <Task(SparkSubmitOperator): spark_submit> on 2020-07-20T03:59:00+00:00
[2020-07-22 14:53:26,948] {standard_task_runner.py:53} INFO - Started process 459823 to run task
[2020-07-22 14:53:27,228] {logging_mixin.py:112} INFO - Running %s on host %s <TaskInstance: submit_data.spark_submit 2020-07-20T03:59:00+00:00 [running]> bhakti-Vostro-3558
[2020-07-22 14:53:27,279] {logging_mixin.py:112} INFO - [2020-07-22 14:53:27,279] {base_hook.py:87} INFO - Using connection to: id: spark_local. Host: local, Port: None, Schema: None, Login: None, Password: None, extra: None
[2020-07-22 14:53:27,281] {logging_mixin.py:112} INFO - [2020-07-22 14:53:27,281] {spark_submit_hook.py:325} INFO - Spark-Submit cmd: spark-submit --master local --name airflow-spark /home/bhakti/airflow/spark_jobs/python/spark_test.py
[2020-07-22 14:53:33,338] {logging_mixin.py:112} INFO - [2020-07-22 14:53:33,338] {spark_submit_hook.py:479} INFO - 20/07/22 14:53:33 WARN Utils: Your hostname, bhakti-Vostro-3558 resolves to a loopback address: 127.0.1.1; using 192.168.43.94 instead (on interface wlp6s0)
[2020-07-22 14:53:33,342] {logging_mixin.py:112} INFO - [2020-07-22 14:53:33,342] {spark_submit_hook.py:479} INFO - 20/07/22 14:53:33 WARN Utils: Set SPARK_LOCAL_IP if you need to bind to another address
[2020-07-22 14:53:35,494] {logging_mixin.py:112} INFO - [2020-07-22 14:53:35,493] {spark_submit_hook.py:479} INFO - 20/07/22 14:53:35 WARN NativeCodeLoader: Unable to load native-hadoop library for your platform... using builtin-java classes where applicable
[2020-07-22 14:53:38,191] {logging_mixin.py:112} INFO - [2020-07-22 14:53:38,191] {spark_submit_hook.py:479} INFO - Using Spark's default log4j profile: org/apache/spark/log4j-defaults.properties
[2020-07-22 14:53:38,211] {logging_mixin.py:112} INFO - [2020-07-22 14:53:38,211] {spark_submit_hook.py:479} INFO - 20/07/22 14:53:38 INFO SparkContext: Running Spark version 3.0.0
[2020-07-22 14:53:38,318] {logging_mixin.py:112} INFO - [2020-07-22 14:53:38,318] {spark_submit_hook.py:479} INFO - 20/07/22 14:53:38 INFO ResourceUtils: ==============================================================
[2020-07-22 14:53:38,322] {logging_mixin.py:112} INFO - [2020-07-22 14:53:38,321] {spark_submit_hook.py:479} INFO - 20/07/22 14:53:38 INFO ResourceUtils: Resources for spark.driver:
[2020-07-22 14:53:38,322] {logging_mixin.py:112} INFO - [2020-07-22 14:53:38,322] {spark_submit_hook.py:479} INFO - 
[2020-07-22 14:53:38,322] {logging_mixin.py:112} INFO - [2020-07-22 14:53:38,322] {spark_submit_hook.py:479} INFO - 20/07/22 14:53:38 INFO ResourceUtils: ==============================================================
[2020-07-22 14:53:38,323] {logging_mixin.py:112} INFO - [2020-07-22 14:53:38,323] {spark_submit_hook.py:479} INFO - 20/07/22 14:53:38 INFO SparkContext: Submitted application: Spark_Test_Python
[2020-07-22 14:53:38,414] {logging_mixin.py:112} INFO - [2020-07-22 14:53:38,414] {spark_submit_hook.py:479} INFO - 20/07/22 14:53:38 INFO SecurityManager: Changing view acls to: bhakti
[2020-07-22 14:53:38,415] {logging_mixin.py:112} INFO - [2020-07-22 14:53:38,414] {spark_submit_hook.py:479} INFO - 20/07/22 14:53:38 INFO SecurityManager: Changing modify acls to: bhakti
[2020-07-22 14:53:38,415] {logging_mixin.py:112} INFO - [2020-07-22 14:53:38,415] {spark_submit_hook.py:479} INFO - 20/07/22 14:53:38 INFO SecurityManager: Changing view acls groups to:
[2020-07-22 14:53:38,416] {logging_mixin.py:112} INFO - [2020-07-22 14:53:38,416] {spark_submit_hook.py:479} INFO - 20/07/22 14:53:38 INFO SecurityManager: Changing modify acls groups to:
[2020-07-22 14:53:38,416] {logging_mixin.py:112} INFO - [2020-07-22 14:53:38,416] {spark_submit_hook.py:479} INFO - 20/07/22 14:53:38 INFO SecurityManager: SecurityManager: authentication disabled; ui acls disabled; users  with view permissions: Set(bhakti); groups with view permissions: Set(); users  with modify permissions: Set(bhakti); groups with modify permissions: Set()
[2020-07-22 14:53:38,911] {logging_mixin.py:112} INFO - [2020-07-22 14:53:38,910] {spark_submit_hook.py:479} INFO - 20/07/22 14:53:38 INFO Utils: Successfully started service 'sparkDriver' on port 38515.
[2020-07-22 14:53:39,060] {logging_mixin.py:112} INFO - [2020-07-22 14:53:39,059] {spark_submit_hook.py:479} INFO - 20/07/22 14:53:39 INFO SparkEnv: Registering MapOutputTracker
[2020-07-22 14:53:39,144] {logging_mixin.py:112} INFO - [2020-07-22 14:53:39,143] {spark_submit_hook.py:479} INFO - 20/07/22 14:53:39 INFO SparkEnv: Registering BlockManagerMaster
[2020-07-22 14:53:39,189] {logging_mixin.py:112} INFO - [2020-07-22 14:53:39,188] {spark_submit_hook.py:479} INFO - 20/07/22 14:53:39 INFO BlockManagerMasterEndpoint: Using org.apache.spark.storage.DefaultTopologyMapper for getting topology information
[2020-07-22 14:53:39,190] {logging_mixin.py:112} INFO - [2020-07-22 14:53:39,190] {spark_submit_hook.py:479} INFO - 20/07/22 14:53:39 INFO BlockManagerMasterEndpoint: BlockManagerMasterEndpoint up
[2020-07-22 14:53:39,201] {logging_mixin.py:112} INFO - [2020-07-22 14:53:39,201] {spark_submit_hook.py:479} INFO - 20/07/22 14:53:39 INFO SparkEnv: Registering BlockManagerMasterHeartbeat
[2020-07-22 14:53:39,247] {logging_mixin.py:112} INFO - [2020-07-22 14:53:39,246] {spark_submit_hook.py:479} INFO - 20/07/22 14:53:39 INFO DiskBlockManager: Created local directory at /tmp/blockmgr-82b5308e-2571-4903-9368-24eef7f673a1
[2020-07-22 14:53:39,314] {logging_mixin.py:112} INFO - [2020-07-22 14:53:39,314] {spark_submit_hook.py:479} INFO - 20/07/22 14:53:39 INFO MemoryStore: MemoryStore started with capacity 366.3 MiB
[2020-07-22 14:53:39,367] {logging_mixin.py:112} INFO - [2020-07-22 14:53:39,366] {spark_submit_hook.py:479} INFO - 20/07/22 14:53:39 INFO SparkEnv: Registering OutputCommitCoordinator
[2020-07-22 14:53:39,862] {logging_mixin.py:112} INFO - [2020-07-22 14:53:39,861] {spark_submit_hook.py:479} INFO - 20/07/22 14:53:39 WARN Utils: Service 'SparkUI' could not bind on port 4040. Attempting port 4041.
[2020-07-22 14:53:39,862] {logging_mixin.py:112} INFO - [2020-07-22 14:53:39,862] {spark_submit_hook.py:479} INFO - 20/07/22 14:53:39 WARN Utils: Service 'SparkUI' could not bind on port 4041. Attempting port 4042.
[2020-07-22 14:53:39,863] {logging_mixin.py:112} INFO - [2020-07-22 14:53:39,863] {spark_submit_hook.py:479} INFO - 20/07/22 14:53:39 WARN Utils: Service 'SparkUI' could not bind on port 4042. Attempting port 4043.
[2020-07-22 14:53:39,863] {logging_mixin.py:112} INFO - [2020-07-22 14:53:39,863] {spark_submit_hook.py:479} INFO - 20/07/22 14:53:39 WARN Utils: Service 'SparkUI' could not bind on port 4043. Attempting port 4044.
[2020-07-22 14:53:39,880] {logging_mixin.py:112} INFO - [2020-07-22 14:53:39,880] {spark_submit_hook.py:479} INFO - 20/07/22 14:53:39 INFO Utils: Successfully started service 'SparkUI' on port 4044.
[2020-07-22 14:53:39,997] {logging_mixin.py:112} INFO - [2020-07-22 14:53:39,997] {spark_submit_hook.py:479} INFO - 20/07/22 14:53:39 INFO SparkUI: Bound SparkUI to 0.0.0.0, and started at http://192.168.43.94:4044
[2020-07-22 14:53:41,055] {logging_mixin.py:112} INFO - [2020-07-22 14:53:41,054] {spark_submit_hook.py:479} INFO - 20/07/22 14:53:41 INFO Executor: Starting executor ID driver on host 192.168.43.94
[2020-07-22 14:53:41,158] {logging_mixin.py:112} INFO - [2020-07-22 14:53:41,158] {spark_submit_hook.py:479} INFO - 20/07/22 14:53:41 INFO Utils: Successfully started service 'org.apache.spark.network.netty.NettyBlockTransferService' on port 42691.
[2020-07-22 14:53:41,159] {logging_mixin.py:112} INFO - [2020-07-22 14:53:41,159] {spark_submit_hook.py:479} INFO - 20/07/22 14:53:41 INFO NettyBlockTransferService: Server created on 192.168.43.94:42691
[2020-07-22 14:53:41,162] {logging_mixin.py:112} INFO - [2020-07-22 14:53:41,162] {spark_submit_hook.py:479} INFO - 20/07/22 14:53:41 INFO BlockManager: Using org.apache.spark.storage.RandomBlockReplicationPolicy for block replication policy
[2020-07-22 14:53:41,180] {logging_mixin.py:112} INFO - [2020-07-22 14:53:41,180] {spark_submit_hook.py:479} INFO - 20/07/22 14:53:41 INFO BlockManagerMaster: Registering BlockManager BlockManagerId(driver, 192.168.43.94, 42691, None)
[2020-07-22 14:53:41,190] {logging_mixin.py:112} INFO - [2020-07-22 14:53:41,189] {spark_submit_hook.py:479} INFO - 20/07/22 14:53:41 INFO BlockManagerMasterEndpoint: Registering block manager 192.168.43.94:42691 with 366.3 MiB RAM, BlockManagerId(driver, 192.168.43.94, 42691, None)
[2020-07-22 14:53:41,202] {logging_mixin.py:112} INFO - [2020-07-22 14:53:41,202] {spark_submit_hook.py:479} INFO - 20/07/22 14:53:41 INFO BlockManagerMaster: Registered BlockManager BlockManagerId(driver, 192.168.43.94, 42691, None)
[2020-07-22 14:53:41,205] {logging_mixin.py:112} INFO - [2020-07-22 14:53:41,205] {spark_submit_hook.py:479} INFO - 20/07/22 14:53:41 INFO BlockManager: Initialized BlockManager: BlockManagerId(driver, 192.168.43.94, 42691, None)
[2020-07-22 14:53:42,223] {logging_mixin.py:112} INFO - [2020-07-22 14:53:42,223] {spark_submit_hook.py:479} INFO - Traceback (most recent call last):
[2020-07-22 14:53:42,224] {logging_mixin.py:112} INFO - [2020-07-22 14:53:42,223] {spark_submit_hook.py:479} INFO - File "/home/bhakti/airflow/spark_jobs/python/spark_test.py", line 6, in <module>
[2020-07-22 14:53:42,224] {logging_mixin.py:112} INFO - [2020-07-22 14:53:42,224] {spark_submit_hook.py:479} INFO - rdd = sc.parallelize([1, 2, 3, 4, 5])
[2020-07-22 14:53:42,224] {logging_mixin.py:112} INFO - [2020-07-22 14:53:42,224] {spark_submit_hook.py:479} INFO - File "/opt/spark/python/lib/pyspark.zip/pyspark/context.py", line 538, in parallelize
[2020-07-22 14:53:42,224] {logging_mixin.py:112} INFO - [2020-07-22 14:53:42,224] {spark_submit_hook.py:479} INFO - File "/opt/spark/python/lib/pyspark.zip/pyspark/context.py", line 570, in _serialize_to_jvm
[2020-07-22 14:53:42,225] {logging_mixin.py:112} INFO - [2020-07-22 14:53:42,224] {spark_submit_hook.py:479} INFO - File "/opt/spark/python/lib/pyspark.zip/pyspark/serializers.py", line 223, in dump_stream
[2020-07-22 14:53:42,225] {logging_mixin.py:112} INFO - [2020-07-22 14:53:42,225] {spark_submit_hook.py:479} INFO - TypeError: dump_stream() missing 1 required positional argument: 'stream'
[2020-07-22 14:53:42,326] {logging_mixin.py:112} INFO - [2020-07-22 14:53:42,326] {spark_submit_hook.py:479} INFO - 20/07/22 14:53:42 INFO SparkContext: Invoking stop() from shutdown hook
[2020-07-22 14:53:42,363] {logging_mixin.py:112} INFO - [2020-07-22 14:53:42,363] {spark_submit_hook.py:479} INFO - 20/07/22 14:53:42 INFO SparkUI: Stopped Spark web UI at http://192.168.43.94:4044
[2020-07-22 14:53:42,461] {logging_mixin.py:112} INFO - [2020-07-22 14:53:42,460] {spark_submit_hook.py:479} INFO - 20/07/22 14:53:42 INFO MapOutputTrackerMasterEndpoint: MapOutputTrackerMasterEndpoint stopped!
[2020-07-22 14:53:42,553] {logging_mixin.py:112} INFO - [2020-07-22 14:53:42,553] {spark_submit_hook.py:479} INFO - 20/07/22 14:53:42 INFO MemoryStore: MemoryStore cleared
[2020-07-22 14:53:42,556] {logging_mixin.py:112} INFO - [2020-07-22 14:53:42,555] {spark_submit_hook.py:479} INFO - 20/07/22 14:53:42 INFO BlockManager: BlockManager stopped
[2020-07-22 14:53:42,585] {logging_mixin.py:112} INFO - [2020-07-22 14:53:42,584] {spark_submit_hook.py:479} INFO - 20/07/22 14:53:42 INFO BlockManagerMaster: BlockManagerMaster stopped
[2020-07-22 14:53:42,599] {logging_mixin.py:112} INFO - [2020-07-22 14:53:42,599] {spark_submit_hook.py:479} INFO - 20/07/22 14:53:42 INFO OutputCommitCoordinator$OutputCommitCoordinatorEndpoint: OutputCommitCoordinator stopped!
[2020-07-22 14:53:42,636] {logging_mixin.py:112} INFO - [2020-07-22 14:53:42,636] {spark_submit_hook.py:479} INFO - 20/07/22 14:53:42 INFO SparkContext: Successfully stopped SparkContext
[2020-07-22 14:53:42,637] {logging_mixin.py:112} INFO - [2020-07-22 14:53:42,636] {spark_submit_hook.py:479} INFO - 20/07/22 14:53:42 INFO ShutdownHookManager: Shutdown hook called
[2020-07-22 14:53:42,638] {logging_mixin.py:112} INFO - [2020-07-22 14:53:42,638] {spark_submit_hook.py:479} INFO - 20/07/22 14:53:42 INFO ShutdownHookManager: Deleting directory /tmp/spark-4b1139b6-00ad-486d-805f-3997693b90aa
[2020-07-22 14:53:42,655] {logging_mixin.py:112} INFO - [2020-07-22 14:53:42,655] {spark_submit_hook.py:479} INFO - 20/07/22 14:53:42 INFO ShutdownHookManager: Deleting directory /tmp/spark-4b1139b6-00ad-486d-805f-3997693b90aa/pyspark-7da5c472-14b9-43f4-8f36-af325d0b0355
[2020-07-22 14:53:42,670] {logging_mixin.py:112} INFO - [2020-07-22 14:53:42,670] {spark_submit_hook.py:479} INFO - 20/07/22 14:53:42 INFO ShutdownHookManager: Deleting directory /tmp/spark-348ba341-fe85-4d58-8653-42906b58b41e
[2020-07-22 14:53:42,903] {taskinstance.py:1145} ERROR - Cannot execute: spark-submit --master local --name airflow-spark /home/bhakti/airflow/spark_jobs/python/spark_test.py. Error code is: 1.
Traceback (most recent call last):
  File "/usr/local/lib/python3.8/dist-packages/airflow/models/taskinstance.py", line 983, in _run_raw_task
    result = task_copy.execute(context=context)
  File "/usr/local/lib/python3.8/dist-packages/airflow/contrib/operators/spark_submit_operator.py", line 187, in execute
    self._hook.submit(self._application)
  File "/usr/local/lib/python3.8/dist-packages/airflow/contrib/hooks/spark_submit_hook.py", line 403, in submit
    raise AirflowException(
airflow.exceptions.AirflowException: Cannot execute: spark-submit --master local --name airflow-spark /home/bhakti/airflow/spark_jobs/python/spark_test.py. Error code is: 1.
[2020-07-22 14:53:42,906] {taskinstance.py:1189} INFO - Marking task as FAILED.dag_id=submit_data, task_id=spark_submit, execution_date=20200720T035900, start_date=20200722T092326, end_date=20200722T092342
[2020-07-22 14:53:47,115] {logging_mixin.py:112} INFO - [2020-07-22 14:53:47,115] {local_task_job.py:103} INFO - Task exited with return code 1
