[2020-07-22 14:13:01,947] {taskinstance.py:669} INFO - Dependencies all met for <TaskInstance: submit_data.spark_submit 2020-07-20T02:43:00+00:00 [queued]>
[2020-07-22 14:13:01,965] {taskinstance.py:669} INFO - Dependencies all met for <TaskInstance: submit_data.spark_submit 2020-07-20T02:43:00+00:00 [queued]>
[2020-07-22 14:13:01,965] {taskinstance.py:879} INFO - 
--------------------------------------------------------------------------------
[2020-07-22 14:13:01,965] {taskinstance.py:880} INFO - Starting attempt 1 of 1
[2020-07-22 14:13:01,965] {taskinstance.py:881} INFO - 
--------------------------------------------------------------------------------
[2020-07-22 14:13:02,137] {taskinstance.py:900} INFO - Executing <Task(SparkSubmitOperator): spark_submit> on 2020-07-20T02:43:00+00:00
[2020-07-22 14:13:02,141] {standard_task_runner.py:53} INFO - Started process 404876 to run task
[2020-07-22 14:13:02,362] {logging_mixin.py:112} INFO - Running %s on host %s <TaskInstance: submit_data.spark_submit 2020-07-20T02:43:00+00:00 [running]> bhakti-Vostro-3558
[2020-07-22 14:13:02,480] {logging_mixin.py:112} INFO - [2020-07-22 14:13:02,478] {connection.py:342} ERROR - Extra data: line 1 column 15 (char 14)
Traceback (most recent call last):
  File "/usr/local/lib/python3.8/dist-packages/airflow/models/connection.py", line 340, in extra_dejson
    obj = json.loads(self.extra)
  File "/usr/lib/python3.8/json/__init__.py", line 357, in loads
    return _default_decoder.decode(s)
  File "/usr/lib/python3.8/json/decoder.py", line 340, in decode
    raise JSONDecodeError("Extra data", s, end)
json.decoder.JSONDecodeError: Extra data: line 1 column 15 (char 14)
[2020-07-22 14:13:02,481] {logging_mixin.py:112} INFO - [2020-07-22 14:13:02,480] {connection.py:343} ERROR - Failed parsing the json for conn_id spark_local
[2020-07-22 14:13:02,481] {logging_mixin.py:112} INFO - [2020-07-22 14:13:02,481] {base_hook.py:87} INFO - Using connection to: id: spark_local. Host: localhost, Port: 4041, Schema: None, Login: None, Password: None, extra: None
[2020-07-22 14:13:02,483] {logging_mixin.py:112} INFO - [2020-07-22 14:13:02,482] {connection.py:342} ERROR - Extra data: line 1 column 15 (char 14)
Traceback (most recent call last):
  File "/usr/local/lib/python3.8/dist-packages/airflow/models/connection.py", line 340, in extra_dejson
    obj = json.loads(self.extra)
  File "/usr/lib/python3.8/json/__init__.py", line 357, in loads
    return _default_decoder.decode(s)
  File "/usr/lib/python3.8/json/decoder.py", line 340, in decode
    raise JSONDecodeError("Extra data", s, end)
json.decoder.JSONDecodeError: Extra data: line 1 column 15 (char 14)
[2020-07-22 14:13:02,483] {logging_mixin.py:112} INFO - [2020-07-22 14:13:02,483] {connection.py:343} ERROR - Failed parsing the json for conn_id spark_local
[2020-07-22 14:13:02,485] {logging_mixin.py:112} INFO - [2020-07-22 14:13:02,485] {spark_submit_hook.py:325} INFO - Spark-Submit cmd: spark-submit --master localhost:4041 --name airflow-spark /home/bhakti/airflow/spark_jobs/python/spark_test.py
[2020-07-22 14:13:05,069] {logging_mixin.py:112} INFO - [2020-07-22 14:13:05,069] {spark_submit_hook.py:479} INFO - 20/07/22 14:13:05 WARN Utils: Your hostname, bhakti-Vostro-3558 resolves to a loopback address: 127.0.1.1; using 192.168.43.94 instead (on interface wlp6s0)
[2020-07-22 14:13:05,071] {logging_mixin.py:112} INFO - [2020-07-22 14:13:05,071] {spark_submit_hook.py:479} INFO - 20/07/22 14:13:05 WARN Utils: Set SPARK_LOCAL_IP if you need to bind to another address
[2020-07-22 14:13:06,288] {logging_mixin.py:112} INFO - [2020-07-22 14:13:06,288] {spark_submit_hook.py:479} INFO - 20/07/22 14:13:06 WARN NativeCodeLoader: Unable to load native-hadoop library for your platform... using builtin-java classes where applicable
[2020-07-22 14:13:08,191] {logging_mixin.py:112} INFO - [2020-07-22 14:13:08,191] {spark_submit_hook.py:479} INFO - Using Spark's default log4j profile: org/apache/spark/log4j-defaults.properties
[2020-07-22 14:13:08,205] {logging_mixin.py:112} INFO - [2020-07-22 14:13:08,205] {spark_submit_hook.py:479} INFO - 20/07/22 14:13:08 INFO SparkContext: Running Spark version 3.0.0
[2020-07-22 14:13:08,294] {logging_mixin.py:112} INFO - [2020-07-22 14:13:08,293] {spark_submit_hook.py:479} INFO - 20/07/22 14:13:08 INFO ResourceUtils: ==============================================================
[2020-07-22 14:13:08,296] {logging_mixin.py:112} INFO - [2020-07-22 14:13:08,296] {spark_submit_hook.py:479} INFO - 20/07/22 14:13:08 INFO ResourceUtils: Resources for spark.driver:
[2020-07-22 14:13:08,296] {logging_mixin.py:112} INFO - [2020-07-22 14:13:08,296] {spark_submit_hook.py:479} INFO - 
[2020-07-22 14:13:08,297] {logging_mixin.py:112} INFO - [2020-07-22 14:13:08,297] {spark_submit_hook.py:479} INFO - 20/07/22 14:13:08 INFO ResourceUtils: ==============================================================
[2020-07-22 14:13:08,298] {logging_mixin.py:112} INFO - [2020-07-22 14:13:08,298] {spark_submit_hook.py:479} INFO - 20/07/22 14:13:08 INFO SparkContext: Submitted application: Spark_Test_Python
[2020-07-22 14:13:08,429] {logging_mixin.py:112} INFO - [2020-07-22 14:13:08,428] {spark_submit_hook.py:479} INFO - 20/07/22 14:13:08 INFO SecurityManager: Changing view acls to: bhakti
[2020-07-22 14:13:08,429] {logging_mixin.py:112} INFO - [2020-07-22 14:13:08,429] {spark_submit_hook.py:479} INFO - 20/07/22 14:13:08 INFO SecurityManager: Changing modify acls to: bhakti
[2020-07-22 14:13:08,429] {logging_mixin.py:112} INFO - [2020-07-22 14:13:08,429] {spark_submit_hook.py:479} INFO - 20/07/22 14:13:08 INFO SecurityManager: Changing view acls groups to:
[2020-07-22 14:13:08,430] {logging_mixin.py:112} INFO - [2020-07-22 14:13:08,430] {spark_submit_hook.py:479} INFO - 20/07/22 14:13:08 INFO SecurityManager: Changing modify acls groups to:
[2020-07-22 14:13:08,430] {logging_mixin.py:112} INFO - [2020-07-22 14:13:08,430] {spark_submit_hook.py:479} INFO - 20/07/22 14:13:08 INFO SecurityManager: SecurityManager: authentication disabled; ui acls disabled; users  with view permissions: Set(bhakti); groups with view permissions: Set(); users  with modify permissions: Set(bhakti); groups with modify permissions: Set()
[2020-07-22 14:13:08,953] {logging_mixin.py:112} INFO - [2020-07-22 14:13:08,953] {spark_submit_hook.py:479} INFO - 20/07/22 14:13:08 INFO Utils: Successfully started service 'sparkDriver' on port 46677.
[2020-07-22 14:13:09,042] {logging_mixin.py:112} INFO - [2020-07-22 14:13:09,042] {spark_submit_hook.py:479} INFO - 20/07/22 14:13:09 INFO SparkEnv: Registering MapOutputTracker
[2020-07-22 14:13:09,127] {logging_mixin.py:112} INFO - [2020-07-22 14:13:09,127] {spark_submit_hook.py:479} INFO - 20/07/22 14:13:09 INFO SparkEnv: Registering BlockManagerMaster
[2020-07-22 14:13:09,193] {logging_mixin.py:112} INFO - [2020-07-22 14:13:09,193] {spark_submit_hook.py:479} INFO - 20/07/22 14:13:09 INFO BlockManagerMasterEndpoint: Using org.apache.spark.storage.DefaultTopologyMapper for getting topology information
[2020-07-22 14:13:09,195] {logging_mixin.py:112} INFO - [2020-07-22 14:13:09,195] {spark_submit_hook.py:479} INFO - 20/07/22 14:13:09 INFO BlockManagerMasterEndpoint: BlockManagerMasterEndpoint up
[2020-07-22 14:13:09,204] {logging_mixin.py:112} INFO - [2020-07-22 14:13:09,203] {spark_submit_hook.py:479} INFO - 20/07/22 14:13:09 INFO SparkEnv: Registering BlockManagerMasterHeartbeat
[2020-07-22 14:13:09,238] {logging_mixin.py:112} INFO - [2020-07-22 14:13:09,238] {spark_submit_hook.py:479} INFO - 20/07/22 14:13:09 INFO DiskBlockManager: Created local directory at /tmp/blockmgr-ac80644f-f311-4e9b-9c37-a7970ce3021a
[2020-07-22 14:13:09,293] {logging_mixin.py:112} INFO - [2020-07-22 14:13:09,293] {spark_submit_hook.py:479} INFO - 20/07/22 14:13:09 INFO MemoryStore: MemoryStore started with capacity 366.3 MiB
[2020-07-22 14:13:09,323] {logging_mixin.py:112} INFO - [2020-07-22 14:13:09,322] {spark_submit_hook.py:479} INFO - 20/07/22 14:13:09 INFO SparkEnv: Registering OutputCommitCoordinator
[2020-07-22 14:13:09,726] {logging_mixin.py:112} INFO - [2020-07-22 14:13:09,726] {spark_submit_hook.py:479} INFO - 20/07/22 14:13:09 WARN Utils: Service 'SparkUI' could not bind on port 4040. Attempting port 4041.
[2020-07-22 14:13:09,727] {logging_mixin.py:112} INFO - [2020-07-22 14:13:09,727] {spark_submit_hook.py:479} INFO - 20/07/22 14:13:09 WARN Utils: Service 'SparkUI' could not bind on port 4041. Attempting port 4042.
[2020-07-22 14:13:09,741] {logging_mixin.py:112} INFO - [2020-07-22 14:13:09,740] {spark_submit_hook.py:479} INFO - 20/07/22 14:13:09 INFO Utils: Successfully started service 'SparkUI' on port 4042.
[2020-07-22 14:13:09,857] {logging_mixin.py:112} INFO - [2020-07-22 14:13:09,856] {spark_submit_hook.py:479} INFO - 20/07/22 14:13:09 INFO SparkUI: Bound SparkUI to 0.0.0.0, and started at http://192.168.43.94:4042
[2020-07-22 14:13:10,057] {logging_mixin.py:112} INFO - [2020-07-22 14:13:10,057] {spark_submit_hook.py:479} INFO - 20/07/22 14:13:10 ERROR SparkContext: Error initializing SparkContext.
[2020-07-22 14:13:10,057] {logging_mixin.py:112} INFO - [2020-07-22 14:13:10,057] {spark_submit_hook.py:479} INFO - org.apache.spark.SparkException: Could not parse Master URL: 'localhost:4041'
[2020-07-22 14:13:10,058] {logging_mixin.py:112} INFO - [2020-07-22 14:13:10,057] {spark_submit_hook.py:479} INFO - at org.apache.spark.SparkContext$.org$apache$spark$SparkContext$$createTaskScheduler(SparkContext.scala:2924)
[2020-07-22 14:13:10,058] {logging_mixin.py:112} INFO - [2020-07-22 14:13:10,058] {spark_submit_hook.py:479} INFO - at org.apache.spark.SparkContext.<init>(SparkContext.scala:528)
[2020-07-22 14:13:10,058] {logging_mixin.py:112} INFO - [2020-07-22 14:13:10,058] {spark_submit_hook.py:479} INFO - at org.apache.spark.api.java.JavaSparkContext.<init>(JavaSparkContext.scala:58)
[2020-07-22 14:13:10,058] {logging_mixin.py:112} INFO - [2020-07-22 14:13:10,058] {spark_submit_hook.py:479} INFO - at sun.reflect.NativeConstructorAccessorImpl.newInstance0(Native Method)
[2020-07-22 14:13:10,060] {logging_mixin.py:112} INFO - [2020-07-22 14:13:10,058] {spark_submit_hook.py:479} INFO - at sun.reflect.NativeConstructorAccessorImpl.newInstance(NativeConstructorAccessorImpl.java:62)
[2020-07-22 14:13:10,060] {logging_mixin.py:112} INFO - [2020-07-22 14:13:10,060] {spark_submit_hook.py:479} INFO - at sun.reflect.DelegatingConstructorAccessorImpl.newInstance(DelegatingConstructorAccessorImpl.java:45)
[2020-07-22 14:13:10,060] {logging_mixin.py:112} INFO - [2020-07-22 14:13:10,060] {spark_submit_hook.py:479} INFO - at java.lang.reflect.Constructor.newInstance(Constructor.java:423)
[2020-07-22 14:13:10,061] {logging_mixin.py:112} INFO - [2020-07-22 14:13:10,061] {spark_submit_hook.py:479} INFO - at py4j.reflection.MethodInvoker.invoke(MethodInvoker.java:247)
[2020-07-22 14:13:10,061] {logging_mixin.py:112} INFO - [2020-07-22 14:13:10,061] {spark_submit_hook.py:479} INFO - at py4j.reflection.ReflectionEngine.invoke(ReflectionEngine.java:357)
[2020-07-22 14:13:10,061] {logging_mixin.py:112} INFO - [2020-07-22 14:13:10,061] {spark_submit_hook.py:479} INFO - at py4j.Gateway.invoke(Gateway.java:238)
[2020-07-22 14:13:10,061] {logging_mixin.py:112} INFO - [2020-07-22 14:13:10,061] {spark_submit_hook.py:479} INFO - at py4j.commands.ConstructorCommand.invokeConstructor(ConstructorCommand.java:80)
[2020-07-22 14:13:10,062] {logging_mixin.py:112} INFO - [2020-07-22 14:13:10,062] {spark_submit_hook.py:479} INFO - at py4j.commands.ConstructorCommand.execute(ConstructorCommand.java:69)
[2020-07-22 14:13:10,062] {logging_mixin.py:112} INFO - [2020-07-22 14:13:10,062] {spark_submit_hook.py:479} INFO - at py4j.GatewayConnection.run(GatewayConnection.java:238)
[2020-07-22 14:13:10,062] {logging_mixin.py:112} INFO - [2020-07-22 14:13:10,062] {spark_submit_hook.py:479} INFO - at java.lang.Thread.run(Thread.java:748)
[2020-07-22 14:13:10,093] {logging_mixin.py:112} INFO - [2020-07-22 14:13:10,092] {spark_submit_hook.py:479} INFO - 20/07/22 14:13:10 INFO SparkUI: Stopped Spark web UI at http://192.168.43.94:4042
[2020-07-22 14:13:10,117] {logging_mixin.py:112} INFO - [2020-07-22 14:13:10,117] {spark_submit_hook.py:479} INFO - 20/07/22 14:13:10 INFO MapOutputTrackerMasterEndpoint: MapOutputTrackerMasterEndpoint stopped!
[2020-07-22 14:13:10,138] {logging_mixin.py:112} INFO - [2020-07-22 14:13:10,137] {spark_submit_hook.py:479} INFO - 20/07/22 14:13:10 INFO MemoryStore: MemoryStore cleared
[2020-07-22 14:13:10,138] {logging_mixin.py:112} INFO - [2020-07-22 14:13:10,138] {spark_submit_hook.py:479} INFO - 20/07/22 14:13:10 INFO BlockManager: BlockManager stopped
[2020-07-22 14:13:10,166] {logging_mixin.py:112} INFO - [2020-07-22 14:13:10,165] {spark_submit_hook.py:479} INFO - 20/07/22 14:13:10 INFO BlockManagerMaster: BlockManagerMaster stopped
[2020-07-22 14:13:10,166] {logging_mixin.py:112} INFO - [2020-07-22 14:13:10,166] {spark_submit_hook.py:479} INFO - 20/07/22 14:13:10 WARN MetricsSystem: Stopping a MetricsSystem that is not running
[2020-07-22 14:13:10,177] {logging_mixin.py:112} INFO - [2020-07-22 14:13:10,177] {spark_submit_hook.py:479} INFO - 20/07/22 14:13:10 INFO OutputCommitCoordinator$OutputCommitCoordinatorEndpoint: OutputCommitCoordinator stopped!
[2020-07-22 14:13:10,220] {logging_mixin.py:112} INFO - [2020-07-22 14:13:10,220] {spark_submit_hook.py:479} INFO - 20/07/22 14:13:10 INFO SparkContext: Successfully stopped SparkContext
[2020-07-22 14:13:10,312] {logging_mixin.py:112} INFO - [2020-07-22 14:13:10,312] {spark_submit_hook.py:479} INFO - Traceback (most recent call last):
[2020-07-22 14:13:10,313] {logging_mixin.py:112} INFO - [2020-07-22 14:13:10,313] {spark_submit_hook.py:479} INFO - File "/home/bhakti/airflow/spark_jobs/python/spark_test.py", line 6, in <module>
[2020-07-22 14:13:10,313] {logging_mixin.py:112} INFO - [2020-07-22 14:13:10,313] {spark_submit_hook.py:479} INFO - sc = SparkContext(conf=conf)
[2020-07-22 14:13:10,314] {logging_mixin.py:112} INFO - [2020-07-22 14:13:10,313] {spark_submit_hook.py:479} INFO - File "/opt/spark/python/lib/pyspark.zip/pyspark/context.py", line 130, in __init__
[2020-07-22 14:13:10,314] {logging_mixin.py:112} INFO - [2020-07-22 14:13:10,314] {spark_submit_hook.py:479} INFO - File "/opt/spark/python/lib/pyspark.zip/pyspark/context.py", line 193, in _do_init
[2020-07-22 14:13:10,314] {logging_mixin.py:112} INFO - [2020-07-22 14:13:10,314] {spark_submit_hook.py:479} INFO - File "/opt/spark/python/lib/pyspark.zip/pyspark/context.py", line 310, in _initialize_context
[2020-07-22 14:13:10,314] {logging_mixin.py:112} INFO - [2020-07-22 14:13:10,314] {spark_submit_hook.py:479} INFO - File "/opt/spark/python/lib/py4j-0.10.9-src.zip/py4j/java_gateway.py", line 1568, in __call__
[2020-07-22 14:13:10,316] {logging_mixin.py:112} INFO - [2020-07-22 14:13:10,315] {spark_submit_hook.py:479} INFO - File "/opt/spark/python/lib/py4j-0.10.9-src.zip/py4j/protocol.py", line 326, in get_return_value
[2020-07-22 14:13:10,316] {logging_mixin.py:112} INFO - [2020-07-22 14:13:10,316] {spark_submit_hook.py:479} INFO - py4j.protocol.Py4JJavaError: An error occurred while calling None.org.apache.spark.api.java.JavaSparkContext.
[2020-07-22 14:13:10,317] {logging_mixin.py:112} INFO - [2020-07-22 14:13:10,317] {spark_submit_hook.py:479} INFO - : org.apache.spark.SparkException: Could not parse Master URL: 'localhost:4041'
[2020-07-22 14:13:10,317] {logging_mixin.py:112} INFO - [2020-07-22 14:13:10,317] {spark_submit_hook.py:479} INFO - at org.apache.spark.SparkContext$.org$apache$spark$SparkContext$$createTaskScheduler(SparkContext.scala:2924)
[2020-07-22 14:13:10,318] {logging_mixin.py:112} INFO - [2020-07-22 14:13:10,317] {spark_submit_hook.py:479} INFO - at org.apache.spark.SparkContext.<init>(SparkContext.scala:528)
[2020-07-22 14:13:10,318] {logging_mixin.py:112} INFO - [2020-07-22 14:13:10,318] {spark_submit_hook.py:479} INFO - at org.apache.spark.api.java.JavaSparkContext.<init>(JavaSparkContext.scala:58)
[2020-07-22 14:13:10,318] {logging_mixin.py:112} INFO - [2020-07-22 14:13:10,318] {spark_submit_hook.py:479} INFO - at sun.reflect.NativeConstructorAccessorImpl.newInstance0(Native Method)
[2020-07-22 14:13:10,319] {logging_mixin.py:112} INFO - [2020-07-22 14:13:10,318] {spark_submit_hook.py:479} INFO - at sun.reflect.NativeConstructorAccessorImpl.newInstance(NativeConstructorAccessorImpl.java:62)
[2020-07-22 14:13:10,319] {logging_mixin.py:112} INFO - [2020-07-22 14:13:10,319] {spark_submit_hook.py:479} INFO - at sun.reflect.DelegatingConstructorAccessorImpl.newInstance(DelegatingConstructorAccessorImpl.java:45)
[2020-07-22 14:13:10,319] {logging_mixin.py:112} INFO - [2020-07-22 14:13:10,319] {spark_submit_hook.py:479} INFO - at java.lang.reflect.Constructor.newInstance(Constructor.java:423)
[2020-07-22 14:13:10,320] {logging_mixin.py:112} INFO - [2020-07-22 14:13:10,319] {spark_submit_hook.py:479} INFO - at py4j.reflection.MethodInvoker.invoke(MethodInvoker.java:247)
[2020-07-22 14:13:10,320] {logging_mixin.py:112} INFO - [2020-07-22 14:13:10,320] {spark_submit_hook.py:479} INFO - at py4j.reflection.ReflectionEngine.invoke(ReflectionEngine.java:357)
[2020-07-22 14:13:10,320] {logging_mixin.py:112} INFO - [2020-07-22 14:13:10,320] {spark_submit_hook.py:479} INFO - at py4j.Gateway.invoke(Gateway.java:238)
[2020-07-22 14:13:10,320] {logging_mixin.py:112} INFO - [2020-07-22 14:13:10,320] {spark_submit_hook.py:479} INFO - at py4j.commands.ConstructorCommand.invokeConstructor(ConstructorCommand.java:80)
[2020-07-22 14:13:10,321] {logging_mixin.py:112} INFO - [2020-07-22 14:13:10,320] {spark_submit_hook.py:479} INFO - at py4j.commands.ConstructorCommand.execute(ConstructorCommand.java:69)
[2020-07-22 14:13:10,321] {logging_mixin.py:112} INFO - [2020-07-22 14:13:10,321] {spark_submit_hook.py:479} INFO - at py4j.GatewayConnection.run(GatewayConnection.java:238)
[2020-07-22 14:13:10,321] {logging_mixin.py:112} INFO - [2020-07-22 14:13:10,321] {spark_submit_hook.py:479} INFO - at java.lang.Thread.run(Thread.java:748)
[2020-07-22 14:13:10,321] {logging_mixin.py:112} INFO - [2020-07-22 14:13:10,321] {spark_submit_hook.py:479} INFO - 
[2020-07-22 14:13:10,458] {logging_mixin.py:112} INFO - [2020-07-22 14:13:10,457] {spark_submit_hook.py:479} INFO - 20/07/22 14:13:10 INFO ShutdownHookManager: Shutdown hook called
[2020-07-22 14:13:10,458] {logging_mixin.py:112} INFO - [2020-07-22 14:13:10,458] {spark_submit_hook.py:479} INFO - 20/07/22 14:13:10 INFO ShutdownHookManager: Deleting directory /tmp/spark-c6ae542d-155f-4d67-b78c-07a36e6966c1
[2020-07-22 14:13:10,461] {logging_mixin.py:112} INFO - [2020-07-22 14:13:10,460] {spark_submit_hook.py:479} INFO - 20/07/22 14:13:10 INFO ShutdownHookManager: Deleting directory /tmp/spark-e09d2859-125f-4d7c-92bc-3f6aa88845fc
[2020-07-22 14:13:10,540] {taskinstance.py:1145} ERROR - Cannot execute: spark-submit --master localhost:4041 --name airflow-spark /home/bhakti/airflow/spark_jobs/python/spark_test.py. Error code is: 1.
Traceback (most recent call last):
  File "/usr/local/lib/python3.8/dist-packages/airflow/models/taskinstance.py", line 983, in _run_raw_task
    result = task_copy.execute(context=context)
  File "/usr/local/lib/python3.8/dist-packages/airflow/contrib/operators/spark_submit_operator.py", line 187, in execute
    self._hook.submit(self._application)
  File "/usr/local/lib/python3.8/dist-packages/airflow/contrib/hooks/spark_submit_hook.py", line 403, in submit
    raise AirflowException(
airflow.exceptions.AirflowException: Cannot execute: spark-submit --master localhost:4041 --name airflow-spark /home/bhakti/airflow/spark_jobs/python/spark_test.py. Error code is: 1.
[2020-07-22 14:13:10,542] {taskinstance.py:1189} INFO - Marking task as FAILED.dag_id=submit_data, task_id=spark_submit, execution_date=20200720T024300, start_date=20200722T084301, end_date=20200722T084310
[2020-07-22 14:13:11,795] {logging_mixin.py:112} INFO - [2020-07-22 14:13:11,795] {local_task_job.py:103} INFO - Task exited with return code 1
