[2020-07-22 17:43:59,825] {taskinstance.py:669} INFO - Dependencies all met for <TaskInstance: submit_data.spark_submit 2020-07-20T08:06:00+00:00 [queued]>
[2020-07-22 17:43:59,841] {taskinstance.py:669} INFO - Dependencies all met for <TaskInstance: submit_data.spark_submit 2020-07-20T08:06:00+00:00 [queued]>
[2020-07-22 17:43:59,842] {taskinstance.py:879} INFO - 
--------------------------------------------------------------------------------
[2020-07-22 17:43:59,842] {taskinstance.py:880} INFO - Starting attempt 1 of 1
[2020-07-22 17:43:59,842] {taskinstance.py:881} INFO - 
--------------------------------------------------------------------------------
[2020-07-22 17:43:59,988] {taskinstance.py:900} INFO - Executing <Task(SparkSubmitOperator): spark_submit> on 2020-07-20T08:06:00+00:00
[2020-07-22 17:43:59,992] {standard_task_runner.py:53} INFO - Started process 674088 to run task
[2020-07-22 17:44:00,277] {logging_mixin.py:112} INFO - Running %s on host %s <TaskInstance: submit_data.spark_submit 2020-07-20T08:06:00+00:00 [running]> bhakti-Vostro-3558
[2020-07-22 17:44:00,350] {logging_mixin.py:112} INFO - [2020-07-22 17:44:00,349] {base_hook.py:87} INFO - Using connection to: id: spark_local. Host: local, Port: None, Schema: None, Login: None, Password: None, extra: None
[2020-07-22 17:44:00,352] {logging_mixin.py:112} INFO - [2020-07-22 17:44:00,351] {spark_submit_hook.py:325} INFO - Spark-Submit cmd: spark-submit --master local --name airflow-spark /home/bhakti/airflow/spark_jobs/spark_test.py
[2020-07-22 17:44:03,967] {logging_mixin.py:112} INFO - [2020-07-22 17:44:03,966] {spark_submit_hook.py:479} INFO - 20/07/22 17:44:03 WARN Utils: Your hostname, bhakti-Vostro-3558 resolves to a loopback address: 127.0.1.1; using 192.168.43.94 instead (on interface wlp6s0)
[2020-07-22 17:44:03,967] {logging_mixin.py:112} INFO - [2020-07-22 17:44:03,967] {spark_submit_hook.py:479} INFO - 20/07/22 17:44:03 WARN Utils: Set SPARK_LOCAL_IP if you need to bind to another address
[2020-07-22 17:44:06,627] {logging_mixin.py:112} INFO - [2020-07-22 17:44:06,627] {spark_submit_hook.py:479} INFO - 20/07/22 17:44:06 WARN NativeCodeLoader: Unable to load native-hadoop library for your platform... using builtin-java classes where applicable
[2020-07-22 17:44:08,912] {logging_mixin.py:112} INFO - [2020-07-22 17:44:08,912] {spark_submit_hook.py:479} INFO - Using Spark's default log4j profile: org/apache/spark/log4j-defaults.properties
[2020-07-22 17:44:08,936] {logging_mixin.py:112} INFO - [2020-07-22 17:44:08,936] {spark_submit_hook.py:479} INFO - 20/07/22 17:44:08 INFO SparkContext: Running Spark version 3.0.0
[2020-07-22 17:44:09,013] {logging_mixin.py:112} INFO - [2020-07-22 17:44:09,013] {spark_submit_hook.py:479} INFO - 20/07/22 17:44:09 INFO ResourceUtils: ==============================================================
[2020-07-22 17:44:09,016] {logging_mixin.py:112} INFO - [2020-07-22 17:44:09,015] {spark_submit_hook.py:479} INFO - 20/07/22 17:44:09 INFO ResourceUtils: Resources for spark.driver:
[2020-07-22 17:44:09,016] {logging_mixin.py:112} INFO - [2020-07-22 17:44:09,016] {spark_submit_hook.py:479} INFO - 
[2020-07-22 17:44:09,017] {logging_mixin.py:112} INFO - [2020-07-22 17:44:09,016] {spark_submit_hook.py:479} INFO - 20/07/22 17:44:09 INFO ResourceUtils: ==============================================================
[2020-07-22 17:44:09,018] {logging_mixin.py:112} INFO - [2020-07-22 17:44:09,018] {spark_submit_hook.py:479} INFO - 20/07/22 17:44:09 INFO SparkContext: Submitted application: Spark_Test_Python
[2020-07-22 17:44:09,151] {logging_mixin.py:112} INFO - [2020-07-22 17:44:09,150] {spark_submit_hook.py:479} INFO - 20/07/22 17:44:09 INFO SecurityManager: Changing view acls to: bhakti
[2020-07-22 17:44:09,152] {logging_mixin.py:112} INFO - [2020-07-22 17:44:09,151] {spark_submit_hook.py:479} INFO - 20/07/22 17:44:09 INFO SecurityManager: Changing modify acls to: bhakti
[2020-07-22 17:44:09,153] {logging_mixin.py:112} INFO - [2020-07-22 17:44:09,153] {spark_submit_hook.py:479} INFO - 20/07/22 17:44:09 INFO SecurityManager: Changing view acls groups to:
[2020-07-22 17:44:09,154] {logging_mixin.py:112} INFO - [2020-07-22 17:44:09,154] {spark_submit_hook.py:479} INFO - 20/07/22 17:44:09 INFO SecurityManager: Changing modify acls groups to:
[2020-07-22 17:44:09,155] {logging_mixin.py:112} INFO - [2020-07-22 17:44:09,155] {spark_submit_hook.py:479} INFO - 20/07/22 17:44:09 INFO SecurityManager: SecurityManager: authentication disabled; ui acls disabled; users  with view permissions: Set(bhakti); groups with view permissions: Set(); users  with modify permissions: Set(bhakti); groups with modify permissions: Set()
[2020-07-22 17:44:09,871] {logging_mixin.py:112} INFO - [2020-07-22 17:44:09,871] {spark_submit_hook.py:479} INFO - 20/07/22 17:44:09 INFO Utils: Successfully started service 'sparkDriver' on port 45035.
[2020-07-22 17:44:09,939] {logging_mixin.py:112} INFO - [2020-07-22 17:44:09,939] {spark_submit_hook.py:479} INFO - 20/07/22 17:44:09 INFO SparkEnv: Registering MapOutputTracker
[2020-07-22 17:44:10,039] {logging_mixin.py:112} INFO - [2020-07-22 17:44:10,039] {spark_submit_hook.py:479} INFO - 20/07/22 17:44:10 INFO SparkEnv: Registering BlockManagerMaster
[2020-07-22 17:44:10,089] {logging_mixin.py:112} INFO - [2020-07-22 17:44:10,089] {spark_submit_hook.py:479} INFO - 20/07/22 17:44:10 INFO BlockManagerMasterEndpoint: Using org.apache.spark.storage.DefaultTopologyMapper for getting topology information
[2020-07-22 17:44:10,093] {logging_mixin.py:112} INFO - [2020-07-22 17:44:10,093] {spark_submit_hook.py:479} INFO - 20/07/22 17:44:10 INFO BlockManagerMasterEndpoint: BlockManagerMasterEndpoint up
[2020-07-22 17:44:10,103] {logging_mixin.py:112} INFO - [2020-07-22 17:44:10,103] {spark_submit_hook.py:479} INFO - 20/07/22 17:44:10 INFO SparkEnv: Registering BlockManagerMasterHeartbeat
[2020-07-22 17:44:10,152] {logging_mixin.py:112} INFO - [2020-07-22 17:44:10,152] {spark_submit_hook.py:479} INFO - 20/07/22 17:44:10 INFO DiskBlockManager: Created local directory at /tmp/blockmgr-882ce82b-b280-4b68-9750-d38c4730388e
[2020-07-22 17:44:10,207] {logging_mixin.py:112} INFO - [2020-07-22 17:44:10,207] {spark_submit_hook.py:479} INFO - 20/07/22 17:44:10 INFO MemoryStore: MemoryStore started with capacity 366.3 MiB
[2020-07-22 17:44:10,266] {logging_mixin.py:112} INFO - [2020-07-22 17:44:10,266] {spark_submit_hook.py:479} INFO - 20/07/22 17:44:10 INFO SparkEnv: Registering OutputCommitCoordinator
[2020-07-22 17:44:10,935] {logging_mixin.py:112} INFO - [2020-07-22 17:44:10,935] {spark_submit_hook.py:479} INFO - 20/07/22 17:44:10 WARN Utils: Service 'SparkUI' could not bind on port 4040. Attempting port 4041.
[2020-07-22 17:44:10,935] {logging_mixin.py:112} INFO - [2020-07-22 17:44:10,935] {spark_submit_hook.py:479} INFO - 20/07/22 17:44:10 WARN Utils: Service 'SparkUI' could not bind on port 4041. Attempting port 4042.
[2020-07-22 17:44:10,939] {logging_mixin.py:112} INFO - [2020-07-22 17:44:10,939] {spark_submit_hook.py:479} INFO - 20/07/22 17:44:10 WARN Utils: Service 'SparkUI' could not bind on port 4042. Attempting port 4043.
[2020-07-22 17:44:10,939] {logging_mixin.py:112} INFO - [2020-07-22 17:44:10,939] {spark_submit_hook.py:479} INFO - 20/07/22 17:44:10 WARN Utils: Service 'SparkUI' could not bind on port 4043. Attempting port 4044.
[2020-07-22 17:44:10,940] {logging_mixin.py:112} INFO - [2020-07-22 17:44:10,940] {spark_submit_hook.py:479} INFO - 20/07/22 17:44:10 WARN Utils: Service 'SparkUI' could not bind on port 4044. Attempting port 4045.
[2020-07-22 17:44:10,940] {logging_mixin.py:112} INFO - [2020-07-22 17:44:10,940] {spark_submit_hook.py:479} INFO - 20/07/22 17:44:10 WARN Utils: Service 'SparkUI' could not bind on port 4045. Attempting port 4046.
[2020-07-22 17:44:10,988] {logging_mixin.py:112} INFO - [2020-07-22 17:44:10,988] {spark_submit_hook.py:479} INFO - 20/07/22 17:44:10 INFO Utils: Successfully started service 'SparkUI' on port 4046.
[2020-07-22 17:44:11,203] {logging_mixin.py:112} INFO - [2020-07-22 17:44:11,202] {spark_submit_hook.py:479} INFO - 20/07/22 17:44:11 INFO SparkUI: Bound SparkUI to 0.0.0.0, and started at http://192.168.43.94:4046
[2020-07-22 17:44:12,073] {logging_mixin.py:112} INFO - [2020-07-22 17:44:12,073] {spark_submit_hook.py:479} INFO - 20/07/22 17:44:12 INFO Executor: Starting executor ID driver on host 192.168.43.94
[2020-07-22 17:44:12,213] {logging_mixin.py:112} INFO - [2020-07-22 17:44:12,213] {spark_submit_hook.py:479} INFO - 20/07/22 17:44:12 INFO Utils: Successfully started service 'org.apache.spark.network.netty.NettyBlockTransferService' on port 37271.
[2020-07-22 17:44:12,214] {logging_mixin.py:112} INFO - [2020-07-22 17:44:12,214] {spark_submit_hook.py:479} INFO - 20/07/22 17:44:12 INFO NettyBlockTransferService: Server created on 192.168.43.94:37271
[2020-07-22 17:44:12,218] {logging_mixin.py:112} INFO - [2020-07-22 17:44:12,217] {spark_submit_hook.py:479} INFO - 20/07/22 17:44:12 INFO BlockManager: Using org.apache.spark.storage.RandomBlockReplicationPolicy for block replication policy
[2020-07-22 17:44:12,250] {logging_mixin.py:112} INFO - [2020-07-22 17:44:12,250] {spark_submit_hook.py:479} INFO - 20/07/22 17:44:12 INFO BlockManagerMaster: Registering BlockManager BlockManagerId(driver, 192.168.43.94, 37271, None)
[2020-07-22 17:44:12,266] {logging_mixin.py:112} INFO - [2020-07-22 17:44:12,265] {spark_submit_hook.py:479} INFO - 20/07/22 17:44:12 INFO BlockManagerMasterEndpoint: Registering block manager 192.168.43.94:37271 with 366.3 MiB RAM, BlockManagerId(driver, 192.168.43.94, 37271, None)
[2020-07-22 17:44:12,281] {logging_mixin.py:112} INFO - [2020-07-22 17:44:12,281] {spark_submit_hook.py:479} INFO - 20/07/22 17:44:12 INFO BlockManagerMaster: Registered BlockManager BlockManagerId(driver, 192.168.43.94, 37271, None)
[2020-07-22 17:44:12,282] {logging_mixin.py:112} INFO - [2020-07-22 17:44:12,281] {spark_submit_hook.py:479} INFO - 20/07/22 17:44:12 INFO BlockManager: Initialized BlockManager: BlockManagerId(driver, 192.168.43.94, 37271, None)
[2020-07-22 17:44:14,087] {logging_mixin.py:112} INFO - [2020-07-22 17:44:14,086] {spark_submit_hook.py:479} INFO - 20/07/22 17:44:14 INFO MemoryStore: Block broadcast_0 stored as values in memory (estimated size 241.5 KiB, free 366.1 MiB)
[2020-07-22 17:44:14,272] {logging_mixin.py:112} INFO - [2020-07-22 17:44:14,271] {spark_submit_hook.py:479} INFO - 20/07/22 17:44:14 INFO MemoryStore: Block broadcast_0_piece0 stored as bytes in memory (estimated size 23.4 KiB, free 366.0 MiB)
[2020-07-22 17:44:14,277] {logging_mixin.py:112} INFO - [2020-07-22 17:44:14,276] {spark_submit_hook.py:479} INFO - 20/07/22 17:44:14 INFO BlockManagerInfo: Added broadcast_0_piece0 in memory on 192.168.43.94:37271 (size: 23.4 KiB, free: 366.3 MiB)
[2020-07-22 17:44:14,284] {logging_mixin.py:112} INFO - [2020-07-22 17:44:14,284] {spark_submit_hook.py:479} INFO - 20/07/22 17:44:14 INFO SparkContext: Created broadcast 0 from textFile at NativeMethodAccessorImpl.java:0
[2020-07-22 17:44:14,663] {logging_mixin.py:112} INFO - [2020-07-22 17:44:14,663] {spark_submit_hook.py:479} INFO - 20/07/22 17:44:14 INFO FileInputFormat: Total input paths to process : 1
[2020-07-22 17:44:14,860] {logging_mixin.py:112} INFO - [2020-07-22 17:44:14,859] {spark_submit_hook.py:479} INFO - 20/07/22 17:44:14 INFO SparkContext: Starting job: collect at /home/bhakti/airflow/spark_jobs/spark_test.py:8
[2020-07-22 17:44:14,894] {logging_mixin.py:112} INFO - [2020-07-22 17:44:14,894] {spark_submit_hook.py:479} INFO - 20/07/22 17:44:14 INFO DAGScheduler: Got job 0 (collect at /home/bhakti/airflow/spark_jobs/spark_test.py:8) with 1 output partitions
[2020-07-22 17:44:14,895] {logging_mixin.py:112} INFO - [2020-07-22 17:44:14,895] {spark_submit_hook.py:479} INFO - 20/07/22 17:44:14 INFO DAGScheduler: Final stage: ResultStage 0 (collect at /home/bhakti/airflow/spark_jobs/spark_test.py:8)
[2020-07-22 17:44:14,896] {logging_mixin.py:112} INFO - [2020-07-22 17:44:14,896] {spark_submit_hook.py:479} INFO - 20/07/22 17:44:14 INFO DAGScheduler: Parents of final stage: List()
[2020-07-22 17:44:14,902] {logging_mixin.py:112} INFO - [2020-07-22 17:44:14,901] {spark_submit_hook.py:479} INFO - 20/07/22 17:44:14 INFO DAGScheduler: Missing parents: List()
[2020-07-22 17:44:14,934] {logging_mixin.py:112} INFO - [2020-07-22 17:44:14,933] {spark_submit_hook.py:479} INFO - 20/07/22 17:44:14 INFO DAGScheduler: Submitting ResultStage 0 (PythonRDD[2] at collect at /home/bhakti/airflow/spark_jobs/spark_test.py:8), which has no missing parents
[2020-07-22 17:44:15,079] {logging_mixin.py:112} INFO - [2020-07-22 17:44:15,079] {spark_submit_hook.py:479} INFO - 20/07/22 17:44:15 INFO MemoryStore: Block broadcast_1 stored as values in memory (estimated size 7.4 KiB, free 366.0 MiB)
[2020-07-22 17:44:15,098] {logging_mixin.py:112} INFO - [2020-07-22 17:44:15,097] {spark_submit_hook.py:479} INFO - 20/07/22 17:44:15 INFO MemoryStore: Block broadcast_1_piece0 stored as bytes in memory (estimated size 4.4 KiB, free 366.0 MiB)
[2020-07-22 17:44:15,099] {logging_mixin.py:112} INFO - [2020-07-22 17:44:15,099] {spark_submit_hook.py:479} INFO - 20/07/22 17:44:15 INFO BlockManagerInfo: Added broadcast_1_piece0 in memory on 192.168.43.94:37271 (size: 4.4 KiB, free: 366.3 MiB)
[2020-07-22 17:44:15,102] {logging_mixin.py:112} INFO - [2020-07-22 17:44:15,102] {spark_submit_hook.py:479} INFO - 20/07/22 17:44:15 INFO SparkContext: Created broadcast 1 from broadcast at DAGScheduler.scala:1200
[2020-07-22 17:44:15,125] {logging_mixin.py:112} INFO - [2020-07-22 17:44:15,125] {spark_submit_hook.py:479} INFO - 20/07/22 17:44:15 INFO DAGScheduler: Submitting 1 missing tasks from ResultStage 0 (PythonRDD[2] at collect at /home/bhakti/airflow/spark_jobs/spark_test.py:8) (first 15 tasks are for partitions Vector(0))
[2020-07-22 17:44:15,127] {logging_mixin.py:112} INFO - [2020-07-22 17:44:15,127] {spark_submit_hook.py:479} INFO - 20/07/22 17:44:15 INFO TaskSchedulerImpl: Adding task set 0.0 with 1 tasks
[2020-07-22 17:44:15,245] {logging_mixin.py:112} INFO - [2020-07-22 17:44:15,244] {spark_submit_hook.py:479} INFO - 20/07/22 17:44:15 INFO TaskSetManager: Starting task 0.0 in stage 0.0 (TID 0, 192.168.43.94, executor driver, partition 0, PROCESS_LOCAL, 7388 bytes)
[2020-07-22 17:44:15,272] {logging_mixin.py:112} INFO - [2020-07-22 17:44:15,272] {spark_submit_hook.py:479} INFO - 20/07/22 17:44:15 INFO Executor: Running task 0.0 in stage 0.0 (TID 0)
[2020-07-22 17:44:15,932] {logging_mixin.py:112} INFO - [2020-07-22 17:44:15,932] {spark_submit_hook.py:479} INFO - 20/07/22 17:44:15 INFO HadoopRDD: Input split: file:/home/bhakti/airflow/input_data/sample.csv:0+93
[2020-07-22 17:44:16,760] {logging_mixin.py:112} INFO - [2020-07-22 17:44:16,759] {spark_submit_hook.py:479} INFO - 20/07/22 17:44:16 INFO PythonRunner: Times: total = 790, boot = 771, init = 18, finish = 1
[2020-07-22 17:44:16,796] {logging_mixin.py:112} INFO - [2020-07-22 17:44:16,796] {spark_submit_hook.py:479} INFO - 20/07/22 17:44:16 INFO Executor: Finished task 0.0 in stage 0.0 (TID 0). 1779 bytes result sent to driver
[2020-07-22 17:44:16,821] {logging_mixin.py:112} INFO - [2020-07-22 17:44:16,821] {spark_submit_hook.py:479} INFO - 20/07/22 17:44:16 INFO TaskSetManager: Finished task 0.0 in stage 0.0 (TID 0) in 1601 ms on 192.168.43.94 (executor driver) (1/1)
[2020-07-22 17:44:16,835] {logging_mixin.py:112} INFO - [2020-07-22 17:44:16,835] {spark_submit_hook.py:479} INFO - 20/07/22 17:44:16 INFO TaskSchedulerImpl: Removed TaskSet 0.0, whose tasks have all completed, from pool
[2020-07-22 17:44:16,839] {logging_mixin.py:112} INFO - [2020-07-22 17:44:16,838] {spark_submit_hook.py:479} INFO - 20/07/22 17:44:16 INFO PythonAccumulatorV2: Connected to AccumulatorServer at host: 127.0.0.1 port: 46797
[2020-07-22 17:44:16,849] {logging_mixin.py:112} INFO - [2020-07-22 17:44:16,848] {spark_submit_hook.py:479} INFO - 20/07/22 17:44:16 INFO DAGScheduler: ResultStage 0 (collect at /home/bhakti/airflow/spark_jobs/spark_test.py:8) finished in 1.822 s
[2020-07-22 17:44:16,862] {logging_mixin.py:112} INFO - [2020-07-22 17:44:16,862] {spark_submit_hook.py:479} INFO - 20/07/22 17:44:16 INFO DAGScheduler: Job 0 is finished. Cancelling potential speculative or zombie tasks for this job
[2020-07-22 17:44:16,863] {logging_mixin.py:112} INFO - [2020-07-22 17:44:16,863] {spark_submit_hook.py:479} INFO - 20/07/22 17:44:16 INFO TaskSchedulerImpl: Killing all running tasks in stage 0: Stage finished
[2020-07-22 17:44:16,867] {logging_mixin.py:112} INFO - [2020-07-22 17:44:16,867] {spark_submit_hook.py:479} INFO - 20/07/22 17:44:16 INFO DAGScheduler: Job 0 finished: collect at /home/bhakti/airflow/spark_jobs/spark_test.py:8, took 2.006386 s
[2020-07-22 17:44:16,884] {logging_mixin.py:112} INFO - [2020-07-22 17:44:16,884] {spark_submit_hook.py:479} INFO - [('PERSON', 'JOINING_YEAR', 'COMPANY'), ('John', '2018', 'Google'), ('Sam', '2017', 'IBM'), ('Jeff', '2014', 'Yahoo'), ('Allen', '2015', 'Facebook')]
[2020-07-22 17:44:17,223] {logging_mixin.py:112} INFO - [2020-07-22 17:44:17,223] {spark_submit_hook.py:479} INFO - 20/07/22 17:44:17 INFO BlockManagerInfo: Removed broadcast_1_piece0 on 192.168.43.94:37271 in memory (size: 4.4 KiB, free: 366.3 MiB)
[2020-07-22 17:44:17,813] {logging_mixin.py:112} INFO - [2020-07-22 17:44:17,812] {spark_submit_hook.py:479} INFO - 20/07/22 17:44:17 INFO SharedState: Setting hive.metastore.warehouse.dir ('null') to the value of spark.sql.warehouse.dir ('file:/home/bhakti/airflow/spark-warehouse').
[2020-07-22 17:44:17,813] {logging_mixin.py:112} INFO - [2020-07-22 17:44:17,813] {spark_submit_hook.py:479} INFO - 20/07/22 17:44:17 INFO SharedState: Warehouse path is 'file:/home/bhakti/airflow/spark-warehouse'.
[2020-07-22 17:44:22,108] {logging_mixin.py:112} INFO - [2020-07-22 17:44:22,107] {spark_submit_hook.py:479} INFO - 20/07/22 17:44:22 INFO CodeGenerator: Code generated in 319.241365 ms
[2020-07-22 17:44:22,175] {logging_mixin.py:112} INFO - [2020-07-22 17:44:22,175] {spark_submit_hook.py:479} INFO - 20/07/22 17:44:22 INFO SparkContext: Starting job: showString at NativeMethodAccessorImpl.java:0
[2020-07-22 17:44:22,178] {logging_mixin.py:112} INFO - [2020-07-22 17:44:22,178] {spark_submit_hook.py:479} INFO - 20/07/22 17:44:22 INFO DAGScheduler: Got job 1 (showString at NativeMethodAccessorImpl.java:0) with 1 output partitions
[2020-07-22 17:44:22,179] {logging_mixin.py:112} INFO - [2020-07-22 17:44:22,178] {spark_submit_hook.py:479} INFO - 20/07/22 17:44:22 INFO DAGScheduler: Final stage: ResultStage 1 (showString at NativeMethodAccessorImpl.java:0)
[2020-07-22 17:44:22,179] {logging_mixin.py:112} INFO - [2020-07-22 17:44:22,179] {spark_submit_hook.py:479} INFO - 20/07/22 17:44:22 INFO DAGScheduler: Parents of final stage: List()
[2020-07-22 17:44:22,180] {logging_mixin.py:112} INFO - [2020-07-22 17:44:22,180] {spark_submit_hook.py:479} INFO - 20/07/22 17:44:22 INFO DAGScheduler: Missing parents: List()
[2020-07-22 17:44:22,182] {logging_mixin.py:112} INFO - [2020-07-22 17:44:22,181] {spark_submit_hook.py:479} INFO - 20/07/22 17:44:22 INFO DAGScheduler: Submitting ResultStage 1 (MapPartitionsRDD[9] at showString at NativeMethodAccessorImpl.java:0), which has no missing parents
[2020-07-22 17:44:22,208] {logging_mixin.py:112} INFO - [2020-07-22 17:44:22,208] {spark_submit_hook.py:479} INFO - 20/07/22 17:44:22 INFO MemoryStore: Block broadcast_2 stored as values in memory (estimated size 11.2 KiB, free 366.0 MiB)
[2020-07-22 17:44:22,214] {logging_mixin.py:112} INFO - [2020-07-22 17:44:22,213] {spark_submit_hook.py:479} INFO - 20/07/22 17:44:22 INFO MemoryStore: Block broadcast_2_piece0 stored as bytes in memory (estimated size 5.8 KiB, free 366.0 MiB)
[2020-07-22 17:44:22,215] {logging_mixin.py:112} INFO - [2020-07-22 17:44:22,215] {spark_submit_hook.py:479} INFO - 20/07/22 17:44:22 INFO BlockManagerInfo: Added broadcast_2_piece0 in memory on 192.168.43.94:37271 (size: 5.8 KiB, free: 366.3 MiB)
[2020-07-22 17:44:22,218] {logging_mixin.py:112} INFO - [2020-07-22 17:44:22,217] {spark_submit_hook.py:479} INFO - 20/07/22 17:44:22 INFO SparkContext: Created broadcast 2 from broadcast at DAGScheduler.scala:1200
[2020-07-22 17:44:22,219] {logging_mixin.py:112} INFO - [2020-07-22 17:44:22,219] {spark_submit_hook.py:479} INFO - 20/07/22 17:44:22 INFO DAGScheduler: Submitting 1 missing tasks from ResultStage 1 (MapPartitionsRDD[9] at showString at NativeMethodAccessorImpl.java:0) (first 15 tasks are for partitions Vector(0))
[2020-07-22 17:44:22,220] {logging_mixin.py:112} INFO - [2020-07-22 17:44:22,220] {spark_submit_hook.py:479} INFO - 20/07/22 17:44:22 INFO TaskSchedulerImpl: Adding task set 1.0 with 1 tasks
[2020-07-22 17:44:22,243] {logging_mixin.py:112} INFO - [2020-07-22 17:44:22,243] {spark_submit_hook.py:479} INFO - 20/07/22 17:44:22 INFO TaskSetManager: Starting task 0.0 in stage 1.0 (TID 1, 192.168.43.94, executor driver, partition 0, PROCESS_LOCAL, 7493 bytes)
[2020-07-22 17:44:22,244] {logging_mixin.py:112} INFO - [2020-07-22 17:44:22,243] {spark_submit_hook.py:479} INFO - 20/07/22 17:44:22 INFO Executor: Running task 0.0 in stage 1.0 (TID 1)
[2020-07-22 17:44:22,364] {logging_mixin.py:112} INFO - [2020-07-22 17:44:22,363] {spark_submit_hook.py:479} INFO - 20/07/22 17:44:22 INFO PythonRunner: Times: total = 6, boot = -5548, init = 5554, finish = 0
[2020-07-22 17:44:22,371] {logging_mixin.py:112} INFO - [2020-07-22 17:44:22,370] {spark_submit_hook.py:479} INFO - 20/07/22 17:44:22 INFO Executor: Finished task 0.0 in stage 1.0 (TID 1). 2235 bytes result sent to driver
[2020-07-22 17:44:22,374] {logging_mixin.py:112} INFO - [2020-07-22 17:44:22,373] {spark_submit_hook.py:479} INFO - 20/07/22 17:44:22 INFO TaskSetManager: Finished task 0.0 in stage 1.0 (TID 1) in 152 ms on 192.168.43.94 (executor driver) (1/1)
[2020-07-22 17:44:22,374] {logging_mixin.py:112} INFO - [2020-07-22 17:44:22,374] {spark_submit_hook.py:479} INFO - 20/07/22 17:44:22 INFO TaskSchedulerImpl: Removed TaskSet 1.0, whose tasks have all completed, from pool
[2020-07-22 17:44:22,378] {logging_mixin.py:112} INFO - [2020-07-22 17:44:22,378] {spark_submit_hook.py:479} INFO - 20/07/22 17:44:22 INFO DAGScheduler: ResultStage 1 (showString at NativeMethodAccessorImpl.java:0) finished in 0.191 s
[2020-07-22 17:44:22,379] {logging_mixin.py:112} INFO - [2020-07-22 17:44:22,378] {spark_submit_hook.py:479} INFO - 20/07/22 17:44:22 INFO DAGScheduler: Job 1 is finished. Cancelling potential speculative or zombie tasks for this job
[2020-07-22 17:44:22,382] {logging_mixin.py:112} INFO - [2020-07-22 17:44:22,382] {spark_submit_hook.py:479} INFO - 20/07/22 17:44:22 INFO TaskSchedulerImpl: Killing all running tasks in stage 1: Stage finished
[2020-07-22 17:44:22,383] {logging_mixin.py:112} INFO - [2020-07-22 17:44:22,383] {spark_submit_hook.py:479} INFO - 20/07/22 17:44:22 INFO DAGScheduler: Job 1 finished: showString at NativeMethodAccessorImpl.java:0, took 0.204285 s
[2020-07-22 17:44:22,454] {logging_mixin.py:112} INFO - [2020-07-22 17:44:22,454] {spark_submit_hook.py:479} INFO - 20/07/22 17:44:22 INFO CodeGenerator: Code generated in 38.778149 ms
[2020-07-22 17:44:22,475] {logging_mixin.py:112} INFO - [2020-07-22 17:44:22,474] {spark_submit_hook.py:479} INFO - +------+------------+--------+
[2020-07-22 17:44:22,475] {logging_mixin.py:112} INFO - [2020-07-22 17:44:22,475] {spark_submit_hook.py:479} INFO - |    _1|          _2|      _3|
[2020-07-22 17:44:22,475] {logging_mixin.py:112} INFO - [2020-07-22 17:44:22,475] {spark_submit_hook.py:479} INFO - +------+------------+--------+
[2020-07-22 17:44:22,476] {logging_mixin.py:112} INFO - [2020-07-22 17:44:22,476] {spark_submit_hook.py:479} INFO - |PERSON|JOINING_YEAR| COMPANY|
[2020-07-22 17:44:22,476] {logging_mixin.py:112} INFO - [2020-07-22 17:44:22,476] {spark_submit_hook.py:479} INFO - |  John|        2018|  Google|
[2020-07-22 17:44:22,476] {logging_mixin.py:112} INFO - [2020-07-22 17:44:22,476] {spark_submit_hook.py:479} INFO - |   Sam|        2017|     IBM|
[2020-07-22 17:44:22,477] {logging_mixin.py:112} INFO - [2020-07-22 17:44:22,476] {spark_submit_hook.py:479} INFO - |  Jeff|        2014|   Yahoo|
[2020-07-22 17:44:22,477] {logging_mixin.py:112} INFO - [2020-07-22 17:44:22,477] {spark_submit_hook.py:479} INFO - | Allen|        2015|Facebook|
[2020-07-22 17:44:22,477] {logging_mixin.py:112} INFO - [2020-07-22 17:44:22,477] {spark_submit_hook.py:479} INFO - +------+------------+--------+
[2020-07-22 17:44:22,477] {logging_mixin.py:112} INFO - [2020-07-22 17:44:22,477] {spark_submit_hook.py:479} INFO - 
[2020-07-22 17:44:22,574] {logging_mixin.py:112} INFO - [2020-07-22 17:44:22,573] {spark_submit_hook.py:479} INFO - 20/07/22 17:44:22 INFO SparkContext: Invoking stop() from shutdown hook
[2020-07-22 17:44:22,584] {logging_mixin.py:112} INFO - [2020-07-22 17:44:22,584] {spark_submit_hook.py:479} INFO - 20/07/22 17:44:22 INFO SparkUI: Stopped Spark web UI at http://192.168.43.94:4046
[2020-07-22 17:44:22,625] {logging_mixin.py:112} INFO - [2020-07-22 17:44:22,624] {spark_submit_hook.py:479} INFO - 20/07/22 17:44:22 INFO MapOutputTrackerMasterEndpoint: MapOutputTrackerMasterEndpoint stopped!
[2020-07-22 17:44:22,667] {logging_mixin.py:112} INFO - [2020-07-22 17:44:22,666] {spark_submit_hook.py:479} INFO - 20/07/22 17:44:22 INFO MemoryStore: MemoryStore cleared
[2020-07-22 17:44:22,669] {logging_mixin.py:112} INFO - [2020-07-22 17:44:22,669] {spark_submit_hook.py:479} INFO - 20/07/22 17:44:22 INFO BlockManager: BlockManager stopped
[2020-07-22 17:44:22,671] {logging_mixin.py:112} INFO - [2020-07-22 17:44:22,671] {spark_submit_hook.py:479} INFO - 20/07/22 17:44:22 INFO BlockManagerMaster: BlockManagerMaster stopped
[2020-07-22 17:44:22,678] {logging_mixin.py:112} INFO - [2020-07-22 17:44:22,677] {spark_submit_hook.py:479} INFO - 20/07/22 17:44:22 INFO OutputCommitCoordinator$OutputCommitCoordinatorEndpoint: OutputCommitCoordinator stopped!
[2020-07-22 17:44:22,692] {logging_mixin.py:112} INFO - [2020-07-22 17:44:22,692] {spark_submit_hook.py:479} INFO - 20/07/22 17:44:22 INFO SparkContext: Successfully stopped SparkContext
[2020-07-22 17:44:22,693] {logging_mixin.py:112} INFO - [2020-07-22 17:44:22,693] {spark_submit_hook.py:479} INFO - 20/07/22 17:44:22 INFO ShutdownHookManager: Shutdown hook called
[2020-07-22 17:44:22,695] {logging_mixin.py:112} INFO - [2020-07-22 17:44:22,694] {spark_submit_hook.py:479} INFO - 20/07/22 17:44:22 INFO ShutdownHookManager: Deleting directory /tmp/spark-fb891e9f-ec87-41b6-853b-552c7ddaf865
[2020-07-22 17:44:22,698] {logging_mixin.py:112} INFO - [2020-07-22 17:44:22,698] {spark_submit_hook.py:479} INFO - 20/07/22 17:44:22 INFO ShutdownHookManager: Deleting directory /tmp/spark-522c876e-4aff-4cee-9826-b727db02e663
[2020-07-22 17:44:22,701] {logging_mixin.py:112} INFO - [2020-07-22 17:44:22,701] {spark_submit_hook.py:479} INFO - 20/07/22 17:44:22 INFO ShutdownHookManager: Deleting directory /tmp/spark-fb891e9f-ec87-41b6-853b-552c7ddaf865/pyspark-55de8536-a3e6-4394-86e2-8cca4931ebee
[2020-07-22 17:44:22,770] {taskinstance.py:1052} INFO - Marking task as SUCCESS.dag_id=submit_data, task_id=spark_submit, execution_date=20200720T080600, start_date=20200722T121359, end_date=20200722T121422
[2020-07-22 17:44:25,035] {logging_mixin.py:112} INFO - [2020-07-22 17:44:25,035] {local_task_job.py:103} INFO - Task exited with return code 0
