[2020-07-23 16:01:31,806] {taskinstance.py:669} INFO - Dependencies all met for <TaskInstance: submit_data.spark_submit 2020-07-21T01:50:00+00:00 [queued]>
[2020-07-23 16:01:31,819] {taskinstance.py:669} INFO - Dependencies all met for <TaskInstance: submit_data.spark_submit 2020-07-21T01:50:00+00:00 [queued]>
[2020-07-23 16:01:31,819] {taskinstance.py:879} INFO - 
--------------------------------------------------------------------------------
[2020-07-23 16:01:31,819] {taskinstance.py:880} INFO - Starting attempt 1 of 1
[2020-07-23 16:01:31,819] {taskinstance.py:881} INFO - 
--------------------------------------------------------------------------------
[2020-07-23 16:01:32,023] {taskinstance.py:900} INFO - Executing <Task(SparkSubmitOperator): spark_submit> on 2020-07-21T01:50:00+00:00
[2020-07-23 16:01:32,030] {standard_task_runner.py:53} INFO - Started process 313478 to run task
[2020-07-23 16:01:32,232] {logging_mixin.py:112} INFO - Running %s on host %s <TaskInstance: submit_data.spark_submit 2020-07-21T01:50:00+00:00 [running]> bhakti-Vostro-3558
[2020-07-23 16:01:32,256] {logging_mixin.py:112} INFO - [2020-07-23 16:01:32,255] {base_hook.py:87} INFO - Using connection to: id: spark_local. Host: local, Port: None, Schema: None, Login: None, Password: None, extra: None
[2020-07-23 16:01:32,257] {logging_mixin.py:112} INFO - [2020-07-23 16:01:32,257] {spark_submit_hook.py:325} INFO - Spark-Submit cmd: spark-submit --master local --name airflow-spark /home/bhakti/airflow/spark_jobs/spark_test.py
[2020-07-23 16:01:34,754] {logging_mixin.py:112} INFO - [2020-07-23 16:01:34,754] {spark_submit_hook.py:479} INFO - 20/07/23 16:01:34 WARN Utils: Your hostname, bhakti-Vostro-3558 resolves to a loopback address: 127.0.1.1; using 192.168.43.94 instead (on interface wlp6s0)
[2020-07-23 16:01:34,756] {logging_mixin.py:112} INFO - [2020-07-23 16:01:34,756] {spark_submit_hook.py:479} INFO - 20/07/23 16:01:34 WARN Utils: Set SPARK_LOCAL_IP if you need to bind to another address
[2020-07-23 16:01:36,490] {logging_mixin.py:112} INFO - [2020-07-23 16:01:36,490] {spark_submit_hook.py:479} INFO - 20/07/23 16:01:36 WARN NativeCodeLoader: Unable to load native-hadoop library for your platform... using builtin-java classes where applicable
[2020-07-23 16:01:38,234] {logging_mixin.py:112} INFO - [2020-07-23 16:01:38,233] {spark_submit_hook.py:479} INFO - Using Spark's default log4j profile: org/apache/spark/log4j-defaults.properties
[2020-07-23 16:01:38,260] {logging_mixin.py:112} INFO - [2020-07-23 16:01:38,260] {spark_submit_hook.py:479} INFO - 20/07/23 16:01:38 INFO SparkContext: Running Spark version 3.0.0
[2020-07-23 16:01:38,356] {logging_mixin.py:112} INFO - [2020-07-23 16:01:38,355] {spark_submit_hook.py:479} INFO - 20/07/23 16:01:38 INFO ResourceUtils: ==============================================================
[2020-07-23 16:01:38,361] {logging_mixin.py:112} INFO - [2020-07-23 16:01:38,360] {spark_submit_hook.py:479} INFO - 20/07/23 16:01:38 INFO ResourceUtils: Resources for spark.driver:
[2020-07-23 16:01:38,361] {logging_mixin.py:112} INFO - [2020-07-23 16:01:38,361] {spark_submit_hook.py:479} INFO - 
[2020-07-23 16:01:38,363] {logging_mixin.py:112} INFO - [2020-07-23 16:01:38,363] {spark_submit_hook.py:479} INFO - 20/07/23 16:01:38 INFO ResourceUtils: ==============================================================
[2020-07-23 16:01:38,364] {logging_mixin.py:112} INFO - [2020-07-23 16:01:38,364] {spark_submit_hook.py:479} INFO - 20/07/23 16:01:38 INFO SparkContext: Submitted application: Spark_Test_Python
[2020-07-23 16:01:38,470] {logging_mixin.py:112} INFO - [2020-07-23 16:01:38,470] {spark_submit_hook.py:479} INFO - 20/07/23 16:01:38 INFO SecurityManager: Changing view acls to: bhakti
[2020-07-23 16:01:38,471] {logging_mixin.py:112} INFO - [2020-07-23 16:01:38,471] {spark_submit_hook.py:479} INFO - 20/07/23 16:01:38 INFO SecurityManager: Changing modify acls to: bhakti
[2020-07-23 16:01:38,471] {logging_mixin.py:112} INFO - [2020-07-23 16:01:38,471] {spark_submit_hook.py:479} INFO - 20/07/23 16:01:38 INFO SecurityManager: Changing view acls groups to:
[2020-07-23 16:01:38,472] {logging_mixin.py:112} INFO - [2020-07-23 16:01:38,471] {spark_submit_hook.py:479} INFO - 20/07/23 16:01:38 INFO SecurityManager: Changing modify acls groups to:
[2020-07-23 16:01:38,472] {logging_mixin.py:112} INFO - [2020-07-23 16:01:38,472] {spark_submit_hook.py:479} INFO - 20/07/23 16:01:38 INFO SecurityManager: SecurityManager: authentication disabled; ui acls disabled; users  with view permissions: Set(bhakti); groups with view permissions: Set(); users  with modify permissions: Set(bhakti); groups with modify permissions: Set()
[2020-07-23 16:01:39,099] {logging_mixin.py:112} INFO - [2020-07-23 16:01:39,099] {spark_submit_hook.py:479} INFO - 20/07/23 16:01:39 INFO Utils: Successfully started service 'sparkDriver' on port 41435.
[2020-07-23 16:01:39,310] {logging_mixin.py:112} INFO - [2020-07-23 16:01:39,309] {spark_submit_hook.py:479} INFO - 20/07/23 16:01:39 INFO SparkEnv: Registering MapOutputTracker
[2020-07-23 16:01:39,532] {logging_mixin.py:112} INFO - [2020-07-23 16:01:39,532] {spark_submit_hook.py:479} INFO - 20/07/23 16:01:39 INFO SparkEnv: Registering BlockManagerMaster
[2020-07-23 16:01:39,584] {logging_mixin.py:112} INFO - [2020-07-23 16:01:39,584] {spark_submit_hook.py:479} INFO - 20/07/23 16:01:39 INFO BlockManagerMasterEndpoint: Using org.apache.spark.storage.DefaultTopologyMapper for getting topology information
[2020-07-23 16:01:39,588] {logging_mixin.py:112} INFO - [2020-07-23 16:01:39,587] {spark_submit_hook.py:479} INFO - 20/07/23 16:01:39 INFO BlockManagerMasterEndpoint: BlockManagerMasterEndpoint up
[2020-07-23 16:01:39,600] {logging_mixin.py:112} INFO - [2020-07-23 16:01:39,599] {spark_submit_hook.py:479} INFO - 20/07/23 16:01:39 INFO SparkEnv: Registering BlockManagerMasterHeartbeat
[2020-07-23 16:01:39,621] {logging_mixin.py:112} INFO - [2020-07-23 16:01:39,621] {spark_submit_hook.py:479} INFO - 20/07/23 16:01:39 INFO DiskBlockManager: Created local directory at /tmp/blockmgr-7242c4a4-e97f-450b-a0e3-cd2efb577f4a
[2020-07-23 16:01:39,663] {logging_mixin.py:112} INFO - [2020-07-23 16:01:39,663] {spark_submit_hook.py:479} INFO - 20/07/23 16:01:39 INFO MemoryStore: MemoryStore started with capacity 366.3 MiB
[2020-07-23 16:01:39,689] {logging_mixin.py:112} INFO - [2020-07-23 16:01:39,688] {spark_submit_hook.py:479} INFO - 20/07/23 16:01:39 INFO SparkEnv: Registering OutputCommitCoordinator
[2020-07-23 16:01:40,187] {logging_mixin.py:112} INFO - [2020-07-23 16:01:40,186] {spark_submit_hook.py:479} INFO - 20/07/23 16:01:40 WARN Utils: Service 'SparkUI' could not bind on port 4040. Attempting port 4041.
[2020-07-23 16:01:40,193] {logging_mixin.py:112} INFO - [2020-07-23 16:01:40,187] {spark_submit_hook.py:479} INFO - 20/07/23 16:01:40 WARN Utils: Service 'SparkUI' could not bind on port 4041. Attempting port 4042.
[2020-07-23 16:01:40,194] {logging_mixin.py:112} INFO - [2020-07-23 16:01:40,194] {spark_submit_hook.py:479} INFO - 20/07/23 16:01:40 WARN Utils: Service 'SparkUI' could not bind on port 4042. Attempting port 4043.
[2020-07-23 16:01:40,222] {logging_mixin.py:112} INFO - [2020-07-23 16:01:40,222] {spark_submit_hook.py:479} INFO - 20/07/23 16:01:40 INFO Utils: Successfully started service 'SparkUI' on port 4043.
[2020-07-23 16:01:40,469] {logging_mixin.py:112} INFO - [2020-07-23 16:01:40,468] {spark_submit_hook.py:479} INFO - 20/07/23 16:01:40 INFO SparkUI: Bound SparkUI to 0.0.0.0, and started at http://192.168.43.94:4043
[2020-07-23 16:01:41,355] {logging_mixin.py:112} INFO - [2020-07-23 16:01:41,355] {spark_submit_hook.py:479} INFO - 20/07/23 16:01:41 INFO Executor: Starting executor ID driver on host 192.168.43.94
[2020-07-23 16:01:41,500] {logging_mixin.py:112} INFO - [2020-07-23 16:01:41,499] {spark_submit_hook.py:479} INFO - 20/07/23 16:01:41 INFO Utils: Successfully started service 'org.apache.spark.network.netty.NettyBlockTransferService' on port 41823.
[2020-07-23 16:01:41,501] {logging_mixin.py:112} INFO - [2020-07-23 16:01:41,501] {spark_submit_hook.py:479} INFO - 20/07/23 16:01:41 INFO NettyBlockTransferService: Server created on 192.168.43.94:41823
[2020-07-23 16:01:41,504] {logging_mixin.py:112} INFO - [2020-07-23 16:01:41,504] {spark_submit_hook.py:479} INFO - 20/07/23 16:01:41 INFO BlockManager: Using org.apache.spark.storage.RandomBlockReplicationPolicy for block replication policy
[2020-07-23 16:01:41,522] {logging_mixin.py:112} INFO - [2020-07-23 16:01:41,522] {spark_submit_hook.py:479} INFO - 20/07/23 16:01:41 INFO BlockManagerMaster: Registering BlockManager BlockManagerId(driver, 192.168.43.94, 41823, None)
[2020-07-23 16:01:41,534] {logging_mixin.py:112} INFO - [2020-07-23 16:01:41,534] {spark_submit_hook.py:479} INFO - 20/07/23 16:01:41 INFO BlockManagerMasterEndpoint: Registering block manager 192.168.43.94:41823 with 366.3 MiB RAM, BlockManagerId(driver, 192.168.43.94, 41823, None)
[2020-07-23 16:01:41,541] {logging_mixin.py:112} INFO - [2020-07-23 16:01:41,541] {spark_submit_hook.py:479} INFO - 20/07/23 16:01:41 INFO BlockManagerMaster: Registered BlockManager BlockManagerId(driver, 192.168.43.94, 41823, None)
[2020-07-23 16:01:41,544] {logging_mixin.py:112} INFO - [2020-07-23 16:01:41,543] {spark_submit_hook.py:479} INFO - 20/07/23 16:01:41 INFO BlockManager: Initialized BlockManager: BlockManagerId(driver, 192.168.43.94, 41823, None)
[2020-07-23 16:01:44,695] {logging_mixin.py:112} INFO - [2020-07-23 16:01:44,694] {spark_submit_hook.py:479} INFO - 20/07/23 16:01:44 INFO MemoryStore: Block broadcast_0 stored as values in memory (estimated size 241.5 KiB, free 366.1 MiB)
[2020-07-23 16:01:45,047] {logging_mixin.py:112} INFO - [2020-07-23 16:01:45,047] {spark_submit_hook.py:479} INFO - 20/07/23 16:01:45 INFO MemoryStore: Block broadcast_0_piece0 stored as bytes in memory (estimated size 23.4 KiB, free 366.0 MiB)
[2020-07-23 16:01:45,066] {logging_mixin.py:112} INFO - [2020-07-23 16:01:45,066] {spark_submit_hook.py:479} INFO - 20/07/23 16:01:45 INFO BlockManagerInfo: Added broadcast_0_piece0 in memory on 192.168.43.94:41823 (size: 23.4 KiB, free: 366.3 MiB)
[2020-07-23 16:01:45,099] {logging_mixin.py:112} INFO - [2020-07-23 16:01:45,099] {spark_submit_hook.py:479} INFO - 20/07/23 16:01:45 INFO SparkContext: Created broadcast 0 from textFile at NativeMethodAccessorImpl.java:0
[2020-07-23 16:01:45,692] {logging_mixin.py:112} INFO - [2020-07-23 16:01:45,692] {spark_submit_hook.py:479} INFO - 20/07/23 16:01:45 INFO FileInputFormat: Total input paths to process : 1
[2020-07-23 16:01:45,885] {logging_mixin.py:112} INFO - [2020-07-23 16:01:45,885] {spark_submit_hook.py:479} INFO - 20/07/23 16:01:45 INFO SparkContext: Starting job: collect at /home/bhakti/airflow/spark_jobs/spark_test.py:8
[2020-07-23 16:01:45,995] {logging_mixin.py:112} INFO - [2020-07-23 16:01:45,994] {spark_submit_hook.py:479} INFO - 20/07/23 16:01:45 INFO DAGScheduler: Got job 0 (collect at /home/bhakti/airflow/spark_jobs/spark_test.py:8) with 1 output partitions
[2020-07-23 16:01:46,007] {logging_mixin.py:112} INFO - [2020-07-23 16:01:46,007] {spark_submit_hook.py:479} INFO - 20/07/23 16:01:45 INFO DAGScheduler: Final stage: ResultStage 0 (collect at /home/bhakti/airflow/spark_jobs/spark_test.py:8)
[2020-07-23 16:01:46,009] {logging_mixin.py:112} INFO - [2020-07-23 16:01:46,008] {spark_submit_hook.py:479} INFO - 20/07/23 16:01:46 INFO DAGScheduler: Parents of final stage: List()
[2020-07-23 16:01:46,018] {logging_mixin.py:112} INFO - [2020-07-23 16:01:46,017] {spark_submit_hook.py:479} INFO - 20/07/23 16:01:46 INFO DAGScheduler: Missing parents: List()
[2020-07-23 16:01:46,043] {logging_mixin.py:112} INFO - [2020-07-23 16:01:46,043] {spark_submit_hook.py:479} INFO - 20/07/23 16:01:46 INFO DAGScheduler: Submitting ResultStage 0 (PythonRDD[2] at collect at /home/bhakti/airflow/spark_jobs/spark_test.py:8), which has no missing parents
[2020-07-23 16:01:46,176] {logging_mixin.py:112} INFO - [2020-07-23 16:01:46,175] {spark_submit_hook.py:479} INFO - 20/07/23 16:01:46 INFO MemoryStore: Block broadcast_1 stored as values in memory (estimated size 7.4 KiB, free 366.0 MiB)
[2020-07-23 16:01:46,194] {logging_mixin.py:112} INFO - [2020-07-23 16:01:46,193] {spark_submit_hook.py:479} INFO - 20/07/23 16:01:46 INFO MemoryStore: Block broadcast_1_piece0 stored as bytes in memory (estimated size 4.4 KiB, free 366.0 MiB)
[2020-07-23 16:01:46,196] {logging_mixin.py:112} INFO - [2020-07-23 16:01:46,196] {spark_submit_hook.py:479} INFO - 20/07/23 16:01:46 INFO BlockManagerInfo: Added broadcast_1_piece0 in memory on 192.168.43.94:41823 (size: 4.4 KiB, free: 366.3 MiB)
[2020-07-23 16:01:46,203] {logging_mixin.py:112} INFO - [2020-07-23 16:01:46,202] {spark_submit_hook.py:479} INFO - 20/07/23 16:01:46 INFO SparkContext: Created broadcast 1 from broadcast at DAGScheduler.scala:1200
[2020-07-23 16:01:46,287] {logging_mixin.py:112} INFO - [2020-07-23 16:01:46,287] {spark_submit_hook.py:479} INFO - 20/07/23 16:01:46 INFO DAGScheduler: Submitting 1 missing tasks from ResultStage 0 (PythonRDD[2] at collect at /home/bhakti/airflow/spark_jobs/spark_test.py:8) (first 15 tasks are for partitions Vector(0))
[2020-07-23 16:01:46,287] {logging_mixin.py:112} INFO - [2020-07-23 16:01:46,287] {spark_submit_hook.py:479} INFO - 20/07/23 16:01:46 INFO TaskSchedulerImpl: Adding task set 0.0 with 1 tasks
[2020-07-23 16:01:46,657] {logging_mixin.py:112} INFO - [2020-07-23 16:01:46,657] {spark_submit_hook.py:479} INFO - 20/07/23 16:01:46 INFO TaskSetManager: Starting task 0.0 in stage 0.0 (TID 0, 192.168.43.94, executor driver, partition 0, PROCESS_LOCAL, 7388 bytes)
[2020-07-23 16:01:46,844] {logging_mixin.py:112} INFO - [2020-07-23 16:01:46,844] {spark_submit_hook.py:479} INFO - 20/07/23 16:01:46 INFO Executor: Running task 0.0 in stage 0.0 (TID 0)
[2020-07-23 16:01:48,131] {logging_mixin.py:112} INFO - [2020-07-23 16:01:48,130] {spark_submit_hook.py:479} INFO - 20/07/23 16:01:48 INFO HadoopRDD: Input split: file:/home/bhakti/airflow/input_data/sample.csv:0+93
[2020-07-23 16:01:49,695] {logging_mixin.py:112} INFO - [2020-07-23 16:01:49,694] {spark_submit_hook.py:479} INFO - 20/07/23 16:01:49 INFO PythonRunner: Times: total = 1490, boot = 1447, init = 42, finish = 1
[2020-07-23 16:01:49,801] {logging_mixin.py:112} INFO - [2020-07-23 16:01:49,801] {spark_submit_hook.py:479} INFO - 20/07/23 16:01:49 INFO Executor: Finished task 0.0 in stage 0.0 (TID 0). 1779 bytes result sent to driver
[2020-07-23 16:01:49,858] {logging_mixin.py:112} INFO - [2020-07-23 16:01:49,857] {spark_submit_hook.py:479} INFO - 20/07/23 16:01:49 INFO TaskSetManager: Finished task 0.0 in stage 0.0 (TID 0) in 3386 ms on 192.168.43.94 (executor driver) (1/1)
[2020-07-23 16:01:49,881] {logging_mixin.py:112} INFO - [2020-07-23 16:01:49,880] {spark_submit_hook.py:479} INFO - 20/07/23 16:01:49 INFO TaskSchedulerImpl: Removed TaskSet 0.0, whose tasks have all completed, from pool
[2020-07-23 16:01:49,882] {logging_mixin.py:112} INFO - [2020-07-23 16:01:49,881] {spark_submit_hook.py:479} INFO - 20/07/23 16:01:49 INFO PythonAccumulatorV2: Connected to AccumulatorServer at host: 127.0.0.1 port: 35657
[2020-07-23 16:01:49,930] {logging_mixin.py:112} INFO - [2020-07-23 16:01:49,929] {spark_submit_hook.py:479} INFO - 20/07/23 16:01:49 INFO DAGScheduler: ResultStage 0 (collect at /home/bhakti/airflow/spark_jobs/spark_test.py:8) finished in 3.806 s
[2020-07-23 16:01:49,961] {logging_mixin.py:112} INFO - [2020-07-23 16:01:49,961] {spark_submit_hook.py:479} INFO - 20/07/23 16:01:49 INFO DAGScheduler: Job 0 is finished. Cancelling potential speculative or zombie tasks for this job
[2020-07-23 16:01:49,962] {logging_mixin.py:112} INFO - [2020-07-23 16:01:49,962] {spark_submit_hook.py:479} INFO - 20/07/23 16:01:49 INFO TaskSchedulerImpl: Killing all running tasks in stage 0: Stage finished
[2020-07-23 16:01:49,975] {logging_mixin.py:112} INFO - [2020-07-23 16:01:49,974] {spark_submit_hook.py:479} INFO - 20/07/23 16:01:49 INFO DAGScheduler: Job 0 finished: collect at /home/bhakti/airflow/spark_jobs/spark_test.py:8, took 4.081864 s
[2020-07-23 16:01:50,005] {logging_mixin.py:112} INFO - [2020-07-23 16:01:50,005] {spark_submit_hook.py:479} INFO - [('PERSON', 'JOINING_YEAR', 'COMPANY'), ('John', '2018', 'Google'), ('Sam', '2017', 'IBM'), ('Jeff', '2014', 'Yahoo'), ('Allen', '2015', 'Facebook')]
[2020-07-23 16:01:51,325] {logging_mixin.py:112} INFO - [2020-07-23 16:01:51,324] {spark_submit_hook.py:479} INFO - 20/07/23 16:01:51 INFO BlockManagerInfo: Removed broadcast_0_piece0 on 192.168.43.94:41823 in memory (size: 23.4 KiB, free: 366.3 MiB)
[2020-07-23 16:01:51,366] {logging_mixin.py:112} INFO - [2020-07-23 16:01:51,366] {spark_submit_hook.py:479} INFO - 20/07/23 16:01:51 INFO BlockManagerInfo: Removed broadcast_1_piece0 on 192.168.43.94:41823 in memory (size: 4.4 KiB, free: 366.3 MiB)
[2020-07-23 16:01:51,506] {logging_mixin.py:112} INFO - [2020-07-23 16:01:51,505] {spark_submit_hook.py:479} INFO - 20/07/23 16:01:51 INFO SharedState: Setting hive.metastore.warehouse.dir ('null') to the value of spark.sql.warehouse.dir ('file:/home/bhakti/airflow/spark-warehouse').
[2020-07-23 16:01:51,506] {logging_mixin.py:112} INFO - [2020-07-23 16:01:51,506] {spark_submit_hook.py:479} INFO - 20/07/23 16:01:51 INFO SharedState: Warehouse path is 'file:/home/bhakti/airflow/spark-warehouse'.
[2020-07-23 16:01:58,666] {logging_mixin.py:112} INFO - [2020-07-23 16:01:58,666] {spark_submit_hook.py:479} INFO - 20/07/23 16:01:58 INFO CodeGenerator: Code generated in 575.242508 ms
[2020-07-23 16:01:58,780] {logging_mixin.py:112} INFO - [2020-07-23 16:01:58,779] {spark_submit_hook.py:479} INFO - 20/07/23 16:01:58 INFO SparkContext: Starting job: showString at NativeMethodAccessorImpl.java:0
[2020-07-23 16:01:58,788] {logging_mixin.py:112} INFO - [2020-07-23 16:01:58,787] {spark_submit_hook.py:479} INFO - 20/07/23 16:01:58 INFO DAGScheduler: Got job 1 (showString at NativeMethodAccessorImpl.java:0) with 1 output partitions
[2020-07-23 16:01:58,788] {logging_mixin.py:112} INFO - [2020-07-23 16:01:58,788] {spark_submit_hook.py:479} INFO - 20/07/23 16:01:58 INFO DAGScheduler: Final stage: ResultStage 1 (showString at NativeMethodAccessorImpl.java:0)
[2020-07-23 16:01:58,789] {logging_mixin.py:112} INFO - [2020-07-23 16:01:58,788] {spark_submit_hook.py:479} INFO - 20/07/23 16:01:58 INFO DAGScheduler: Parents of final stage: List()
[2020-07-23 16:01:58,789] {logging_mixin.py:112} INFO - [2020-07-23 16:01:58,789] {spark_submit_hook.py:479} INFO - 20/07/23 16:01:58 INFO DAGScheduler: Missing parents: List()
[2020-07-23 16:01:58,798] {logging_mixin.py:112} INFO - [2020-07-23 16:01:58,798] {spark_submit_hook.py:479} INFO - 20/07/23 16:01:58 INFO DAGScheduler: Submitting ResultStage 1 (MapPartitionsRDD[9] at showString at NativeMethodAccessorImpl.java:0), which has no missing parents
[2020-07-23 16:01:58,865] {logging_mixin.py:112} INFO - [2020-07-23 16:01:58,865] {spark_submit_hook.py:479} INFO - 20/07/23 16:01:58 INFO MemoryStore: Block broadcast_2 stored as values in memory (estimated size 11.2 KiB, free 366.3 MiB)
[2020-07-23 16:01:58,879] {logging_mixin.py:112} INFO - [2020-07-23 16:01:58,879] {spark_submit_hook.py:479} INFO - 20/07/23 16:01:58 INFO MemoryStore: Block broadcast_2_piece0 stored as bytes in memory (estimated size 5.8 KiB, free 366.3 MiB)
[2020-07-23 16:01:58,882] {logging_mixin.py:112} INFO - [2020-07-23 16:01:58,881] {spark_submit_hook.py:479} INFO - 20/07/23 16:01:58 INFO BlockManagerInfo: Added broadcast_2_piece0 in memory on 192.168.43.94:41823 (size: 5.8 KiB, free: 366.3 MiB)
[2020-07-23 16:01:58,884] {logging_mixin.py:112} INFO - [2020-07-23 16:01:58,883] {spark_submit_hook.py:479} INFO - 20/07/23 16:01:58 INFO SparkContext: Created broadcast 2 from broadcast at DAGScheduler.scala:1200
[2020-07-23 16:01:58,886] {logging_mixin.py:112} INFO - [2020-07-23 16:01:58,886] {spark_submit_hook.py:479} INFO - 20/07/23 16:01:58 INFO DAGScheduler: Submitting 1 missing tasks from ResultStage 1 (MapPartitionsRDD[9] at showString at NativeMethodAccessorImpl.java:0) (first 15 tasks are for partitions Vector(0))
[2020-07-23 16:01:58,887] {logging_mixin.py:112} INFO - [2020-07-23 16:01:58,887] {spark_submit_hook.py:479} INFO - 20/07/23 16:01:58 INFO TaskSchedulerImpl: Adding task set 1.0 with 1 tasks
[2020-07-23 16:01:58,916] {logging_mixin.py:112} INFO - [2020-07-23 16:01:58,916] {spark_submit_hook.py:479} INFO - 20/07/23 16:01:58 INFO TaskSetManager: Starting task 0.0 in stage 1.0 (TID 1, 192.168.43.94, executor driver, partition 0, PROCESS_LOCAL, 7493 bytes)
[2020-07-23 16:01:58,917] {logging_mixin.py:112} INFO - [2020-07-23 16:01:58,917] {spark_submit_hook.py:479} INFO - 20/07/23 16:01:58 INFO Executor: Running task 0.0 in stage 1.0 (TID 1)
[2020-07-23 16:01:59,129] {logging_mixin.py:112} INFO - [2020-07-23 16:01:59,129] {spark_submit_hook.py:479} INFO - 20/07/23 16:01:59 INFO PythonRunner: Times: total = 25, boot = -9354, init = 9379, finish = 0
[2020-07-23 16:01:59,140] {logging_mixin.py:112} INFO - [2020-07-23 16:01:59,140] {spark_submit_hook.py:479} INFO - 20/07/23 16:01:59 INFO Executor: Finished task 0.0 in stage 1.0 (TID 1). 2235 bytes result sent to driver
[2020-07-23 16:01:59,146] {logging_mixin.py:112} INFO - [2020-07-23 16:01:59,145] {spark_submit_hook.py:479} INFO - 20/07/23 16:01:59 INFO TaskSetManager: Finished task 0.0 in stage 1.0 (TID 1) in 256 ms on 192.168.43.94 (executor driver) (1/1)
[2020-07-23 16:01:59,146] {logging_mixin.py:112} INFO - [2020-07-23 16:01:59,146] {spark_submit_hook.py:479} INFO - 20/07/23 16:01:59 INFO TaskSchedulerImpl: Removed TaskSet 1.0, whose tasks have all completed, from pool
[2020-07-23 16:01:59,151] {logging_mixin.py:112} INFO - [2020-07-23 16:01:59,151] {spark_submit_hook.py:479} INFO - 20/07/23 16:01:59 INFO DAGScheduler: ResultStage 1 (showString at NativeMethodAccessorImpl.java:0) finished in 0.343 s
[2020-07-23 16:01:59,152] {logging_mixin.py:112} INFO - [2020-07-23 16:01:59,152] {spark_submit_hook.py:479} INFO - 20/07/23 16:01:59 INFO DAGScheduler: Job 1 is finished. Cancelling potential speculative or zombie tasks for this job
[2020-07-23 16:01:59,152] {logging_mixin.py:112} INFO - [2020-07-23 16:01:59,152] {spark_submit_hook.py:479} INFO - 20/07/23 16:01:59 INFO TaskSchedulerImpl: Killing all running tasks in stage 1: Stage finished
[2020-07-23 16:01:59,152] {logging_mixin.py:112} INFO - [2020-07-23 16:01:59,152] {spark_submit_hook.py:479} INFO - 20/07/23 16:01:59 INFO DAGScheduler: Job 1 finished: showString at NativeMethodAccessorImpl.java:0, took 0.370467 s
[2020-07-23 16:01:59,319] {logging_mixin.py:112} INFO - [2020-07-23 16:01:59,318] {spark_submit_hook.py:479} INFO - 20/07/23 16:01:59 INFO CodeGenerator: Code generated in 109.486802 ms
[2020-07-23 16:01:59,342] {logging_mixin.py:112} INFO - [2020-07-23 16:01:59,342] {spark_submit_hook.py:479} INFO - +------+------------+--------+
[2020-07-23 16:01:59,343] {logging_mixin.py:112} INFO - [2020-07-23 16:01:59,342] {spark_submit_hook.py:479} INFO - |    _1|          _2|      _3|
[2020-07-23 16:01:59,343] {logging_mixin.py:112} INFO - [2020-07-23 16:01:59,343] {spark_submit_hook.py:479} INFO - +------+------------+--------+
[2020-07-23 16:01:59,343] {logging_mixin.py:112} INFO - [2020-07-23 16:01:59,343] {spark_submit_hook.py:479} INFO - |PERSON|JOINING_YEAR| COMPANY|
[2020-07-23 16:01:59,343] {logging_mixin.py:112} INFO - [2020-07-23 16:01:59,343] {spark_submit_hook.py:479} INFO - |  John|        2018|  Google|
[2020-07-23 16:01:59,344] {logging_mixin.py:112} INFO - [2020-07-23 16:01:59,343] {spark_submit_hook.py:479} INFO - |   Sam|        2017|     IBM|
[2020-07-23 16:01:59,344] {logging_mixin.py:112} INFO - [2020-07-23 16:01:59,344] {spark_submit_hook.py:479} INFO - |  Jeff|        2014|   Yahoo|
[2020-07-23 16:01:59,344] {logging_mixin.py:112} INFO - [2020-07-23 16:01:59,344] {spark_submit_hook.py:479} INFO - | Allen|        2015|Facebook|
[2020-07-23 16:01:59,344] {logging_mixin.py:112} INFO - [2020-07-23 16:01:59,344] {spark_submit_hook.py:479} INFO - +------+------------+--------+
[2020-07-23 16:01:59,345] {logging_mixin.py:112} INFO - [2020-07-23 16:01:59,344] {spark_submit_hook.py:479} INFO - 
[2020-07-23 16:01:59,493] {logging_mixin.py:112} INFO - [2020-07-23 16:01:59,493] {spark_submit_hook.py:479} INFO - 20/07/23 16:01:59 INFO SparkContext: Invoking stop() from shutdown hook
[2020-07-23 16:01:59,493] {logging_mixin.py:112} INFO - [2020-07-23 16:01:59,493] {spark_submit_hook.py:479} INFO - 20/07/23 16:01:59 INFO BlockManagerInfo: Removed broadcast_2_piece0 on 192.168.43.94:41823 in memory (size: 5.8 KiB, free: 366.3 MiB)
[2020-07-23 16:01:59,513] {logging_mixin.py:112} INFO - [2020-07-23 16:01:59,513] {spark_submit_hook.py:479} INFO - 20/07/23 16:01:59 INFO SparkUI: Stopped Spark web UI at http://192.168.43.94:4043
[2020-07-23 16:01:59,534] {logging_mixin.py:112} INFO - [2020-07-23 16:01:59,534] {spark_submit_hook.py:479} INFO - 20/07/23 16:01:59 INFO MapOutputTrackerMasterEndpoint: MapOutputTrackerMasterEndpoint stopped!
[2020-07-23 16:01:59,560] {logging_mixin.py:112} INFO - [2020-07-23 16:01:59,560] {spark_submit_hook.py:479} INFO - 20/07/23 16:01:59 INFO MemoryStore: MemoryStore cleared
[2020-07-23 16:01:59,561] {logging_mixin.py:112} INFO - [2020-07-23 16:01:59,561] {spark_submit_hook.py:479} INFO - 20/07/23 16:01:59 INFO BlockManager: BlockManager stopped
[2020-07-23 16:01:59,574] {logging_mixin.py:112} INFO - [2020-07-23 16:01:59,574] {spark_submit_hook.py:479} INFO - 20/07/23 16:01:59 INFO BlockManagerMaster: BlockManagerMaster stopped
[2020-07-23 16:01:59,592] {logging_mixin.py:112} INFO - [2020-07-23 16:01:59,592] {spark_submit_hook.py:479} INFO - 20/07/23 16:01:59 INFO OutputCommitCoordinator$OutputCommitCoordinatorEndpoint: OutputCommitCoordinator stopped!
[2020-07-23 16:01:59,638] {logging_mixin.py:112} INFO - [2020-07-23 16:01:59,638] {spark_submit_hook.py:479} INFO - 20/07/23 16:01:59 INFO SparkContext: Successfully stopped SparkContext
[2020-07-23 16:01:59,638] {logging_mixin.py:112} INFO - [2020-07-23 16:01:59,638] {spark_submit_hook.py:479} INFO - 20/07/23 16:01:59 INFO ShutdownHookManager: Shutdown hook called
[2020-07-23 16:01:59,639] {logging_mixin.py:112} INFO - [2020-07-23 16:01:59,639] {spark_submit_hook.py:479} INFO - 20/07/23 16:01:59 INFO ShutdownHookManager: Deleting directory /tmp/spark-64b22145-be68-4117-b01b-63b4d968c0de
[2020-07-23 16:01:59,646] {logging_mixin.py:112} INFO - [2020-07-23 16:01:59,646] {spark_submit_hook.py:479} INFO - 20/07/23 16:01:59 INFO ShutdownHookManager: Deleting directory /tmp/spark-e2642f99-2fd9-4724-a7de-84176420541a
[2020-07-23 16:01:59,648] {logging_mixin.py:112} INFO - [2020-07-23 16:01:59,647] {spark_submit_hook.py:479} INFO - 20/07/23 16:01:59 INFO ShutdownHookManager: Deleting directory /tmp/spark-e2642f99-2fd9-4724-a7de-84176420541a/pyspark-f91499db-7a74-4a9c-b434-cbff81903947
[2020-07-23 16:01:59,726] {taskinstance.py:1052} INFO - Marking task as SUCCESS.dag_id=submit_data, task_id=spark_submit, execution_date=20200721T015000, start_date=20200723T103131, end_date=20200723T103159
[2020-07-23 16:02:02,334] {logging_mixin.py:112} INFO - [2020-07-23 16:02:02,333] {local_task_job.py:103} INFO - Task exited with return code 0
