[2020-07-22 16:19:14,011] {taskinstance.py:669} INFO - Dependencies all met for <TaskInstance: submit_data.spark_submit 2020-07-20T06:08:00+00:00 [queued]>
[2020-07-22 16:19:14,026] {taskinstance.py:669} INFO - Dependencies all met for <TaskInstance: submit_data.spark_submit 2020-07-20T06:08:00+00:00 [queued]>
[2020-07-22 16:19:14,027] {taskinstance.py:879} INFO - 
--------------------------------------------------------------------------------
[2020-07-22 16:19:14,027] {taskinstance.py:880} INFO - Starting attempt 1 of 1
[2020-07-22 16:19:14,027] {taskinstance.py:881} INFO - 
--------------------------------------------------------------------------------
[2020-07-22 16:19:14,265] {taskinstance.py:900} INFO - Executing <Task(SparkSubmitOperator): spark_submit> on 2020-07-20T06:08:00+00:00
[2020-07-22 16:19:14,270] {standard_task_runner.py:53} INFO - Started process 568043 to run task
[2020-07-22 16:19:14,477] {logging_mixin.py:112} INFO - Running %s on host %s <TaskInstance: submit_data.spark_submit 2020-07-20T06:08:00+00:00 [running]> bhakti-Vostro-3558
[2020-07-22 16:19:14,503] {logging_mixin.py:112} INFO - [2020-07-22 16:19:14,502] {base_hook.py:87} INFO - Using connection to: id: spark_local. Host: local, Port: None, Schema: None, Login: None, Password: None, extra: None
[2020-07-22 16:19:14,504] {logging_mixin.py:112} INFO - [2020-07-22 16:19:14,503] {spark_submit_hook.py:325} INFO - Spark-Submit cmd: spark-submit --master local --name airflow-spark /home/bhakti/airflow/spark_jobs/python/spark_test.py
[2020-07-22 16:19:17,800] {logging_mixin.py:112} INFO - [2020-07-22 16:19:17,799] {spark_submit_hook.py:479} INFO - 20/07/22 16:19:17 WARN Utils: Your hostname, bhakti-Vostro-3558 resolves to a loopback address: 127.0.1.1; using 192.168.43.94 instead (on interface wlp6s0)
[2020-07-22 16:19:17,805] {logging_mixin.py:112} INFO - [2020-07-22 16:19:17,805] {spark_submit_hook.py:479} INFO - 20/07/22 16:19:17 WARN Utils: Set SPARK_LOCAL_IP if you need to bind to another address
[2020-07-22 16:19:19,783] {logging_mixin.py:112} INFO - [2020-07-22 16:19:19,782] {spark_submit_hook.py:479} INFO - 20/07/22 16:19:19 WARN NativeCodeLoader: Unable to load native-hadoop library for your platform... using builtin-java classes where applicable
[2020-07-22 16:19:22,304] {logging_mixin.py:112} INFO - [2020-07-22 16:19:22,304] {spark_submit_hook.py:479} INFO - Using Spark's default log4j profile: org/apache/spark/log4j-defaults.properties
[2020-07-22 16:19:22,319] {logging_mixin.py:112} INFO - [2020-07-22 16:19:22,319] {spark_submit_hook.py:479} INFO - 20/07/22 16:19:22 INFO SparkContext: Running Spark version 3.0.0
[2020-07-22 16:19:22,387] {logging_mixin.py:112} INFO - [2020-07-22 16:19:22,386] {spark_submit_hook.py:479} INFO - 20/07/22 16:19:22 INFO ResourceUtils: ==============================================================
[2020-07-22 16:19:22,389] {logging_mixin.py:112} INFO - [2020-07-22 16:19:22,389] {spark_submit_hook.py:479} INFO - 20/07/22 16:19:22 INFO ResourceUtils: Resources for spark.driver:
[2020-07-22 16:19:22,390] {logging_mixin.py:112} INFO - [2020-07-22 16:19:22,389] {spark_submit_hook.py:479} INFO - 
[2020-07-22 16:19:22,390] {logging_mixin.py:112} INFO - [2020-07-22 16:19:22,390] {spark_submit_hook.py:479} INFO - 20/07/22 16:19:22 INFO ResourceUtils: ==============================================================
[2020-07-22 16:19:22,391] {logging_mixin.py:112} INFO - [2020-07-22 16:19:22,391] {spark_submit_hook.py:479} INFO - 20/07/22 16:19:22 INFO SparkContext: Submitted application: Spark_Test_Python
[2020-07-22 16:19:22,489] {logging_mixin.py:112} INFO - [2020-07-22 16:19:22,489] {spark_submit_hook.py:479} INFO - 20/07/22 16:19:22 INFO SecurityManager: Changing view acls to: bhakti
[2020-07-22 16:19:22,489] {logging_mixin.py:112} INFO - [2020-07-22 16:19:22,489] {spark_submit_hook.py:479} INFO - 20/07/22 16:19:22 INFO SecurityManager: Changing modify acls to: bhakti
[2020-07-22 16:19:22,490] {logging_mixin.py:112} INFO - [2020-07-22 16:19:22,489] {spark_submit_hook.py:479} INFO - 20/07/22 16:19:22 INFO SecurityManager: Changing view acls groups to:
[2020-07-22 16:19:22,490] {logging_mixin.py:112} INFO - [2020-07-22 16:19:22,490] {spark_submit_hook.py:479} INFO - 20/07/22 16:19:22 INFO SecurityManager: Changing modify acls groups to:
[2020-07-22 16:19:22,490] {logging_mixin.py:112} INFO - [2020-07-22 16:19:22,490] {spark_submit_hook.py:479} INFO - 20/07/22 16:19:22 INFO SecurityManager: SecurityManager: authentication disabled; ui acls disabled; users  with view permissions: Set(bhakti); groups with view permissions: Set(); users  with modify permissions: Set(bhakti); groups with modify permissions: Set()
[2020-07-22 16:19:22,976] {logging_mixin.py:112} INFO - [2020-07-22 16:19:22,976] {spark_submit_hook.py:479} INFO - 20/07/22 16:19:22 INFO Utils: Successfully started service 'sparkDriver' on port 36897.
[2020-07-22 16:19:23,035] {logging_mixin.py:112} INFO - [2020-07-22 16:19:23,035] {spark_submit_hook.py:479} INFO - 20/07/22 16:19:23 INFO SparkEnv: Registering MapOutputTracker
[2020-07-22 16:19:23,111] {logging_mixin.py:112} INFO - [2020-07-22 16:19:23,111] {spark_submit_hook.py:479} INFO - 20/07/22 16:19:23 INFO SparkEnv: Registering BlockManagerMaster
[2020-07-22 16:19:23,166] {logging_mixin.py:112} INFO - [2020-07-22 16:19:23,166] {spark_submit_hook.py:479} INFO - 20/07/22 16:19:23 INFO BlockManagerMasterEndpoint: Using org.apache.spark.storage.DefaultTopologyMapper for getting topology information
[2020-07-22 16:19:23,168] {logging_mixin.py:112} INFO - [2020-07-22 16:19:23,168] {spark_submit_hook.py:479} INFO - 20/07/22 16:19:23 INFO BlockManagerMasterEndpoint: BlockManagerMasterEndpoint up
[2020-07-22 16:19:23,176] {logging_mixin.py:112} INFO - [2020-07-22 16:19:23,176] {spark_submit_hook.py:479} INFO - 20/07/22 16:19:23 INFO SparkEnv: Registering BlockManagerMasterHeartbeat
[2020-07-22 16:19:23,207] {logging_mixin.py:112} INFO - [2020-07-22 16:19:23,207] {spark_submit_hook.py:479} INFO - 20/07/22 16:19:23 INFO DiskBlockManager: Created local directory at /tmp/blockmgr-36e58eaf-2f1b-421d-bf09-6081e5b69c21
[2020-07-22 16:19:23,254] {logging_mixin.py:112} INFO - [2020-07-22 16:19:23,254] {spark_submit_hook.py:479} INFO - 20/07/22 16:19:23 INFO MemoryStore: MemoryStore started with capacity 366.3 MiB
[2020-07-22 16:19:23,291] {logging_mixin.py:112} INFO - [2020-07-22 16:19:23,290] {spark_submit_hook.py:479} INFO - 20/07/22 16:19:23 INFO SparkEnv: Registering OutputCommitCoordinator
[2020-07-22 16:19:23,657] {logging_mixin.py:112} INFO - [2020-07-22 16:19:23,657] {spark_submit_hook.py:479} INFO - 20/07/22 16:19:23 WARN Utils: Service 'SparkUI' could not bind on port 4040. Attempting port 4041.
[2020-07-22 16:19:23,658] {logging_mixin.py:112} INFO - [2020-07-22 16:19:23,658] {spark_submit_hook.py:479} INFO - 20/07/22 16:19:23 WARN Utils: Service 'SparkUI' could not bind on port 4041. Attempting port 4042.
[2020-07-22 16:19:23,668] {logging_mixin.py:112} INFO - [2020-07-22 16:19:23,668] {spark_submit_hook.py:479} INFO - 20/07/22 16:19:23 INFO Utils: Successfully started service 'SparkUI' on port 4042.
[2020-07-22 16:19:23,754] {logging_mixin.py:112} INFO - [2020-07-22 16:19:23,754] {spark_submit_hook.py:479} INFO - 20/07/22 16:19:23 INFO SparkUI: Bound SparkUI to 0.0.0.0, and started at http://192.168.43.94:4042
[2020-07-22 16:19:24,131] {logging_mixin.py:112} INFO - [2020-07-22 16:19:24,131] {spark_submit_hook.py:479} INFO - 20/07/22 16:19:24 INFO Executor: Starting executor ID driver on host 192.168.43.94
[2020-07-22 16:19:24,191] {logging_mixin.py:112} INFO - [2020-07-22 16:19:24,191] {spark_submit_hook.py:479} INFO - 20/07/22 16:19:24 INFO Utils: Successfully started service 'org.apache.spark.network.netty.NettyBlockTransferService' on port 41477.
[2020-07-22 16:19:24,192] {logging_mixin.py:112} INFO - [2020-07-22 16:19:24,192] {spark_submit_hook.py:479} INFO - 20/07/22 16:19:24 INFO NettyBlockTransferService: Server created on 192.168.43.94:41477
[2020-07-22 16:19:24,194] {logging_mixin.py:112} INFO - [2020-07-22 16:19:24,194] {spark_submit_hook.py:479} INFO - 20/07/22 16:19:24 INFO BlockManager: Using org.apache.spark.storage.RandomBlockReplicationPolicy for block replication policy
[2020-07-22 16:19:24,210] {logging_mixin.py:112} INFO - [2020-07-22 16:19:24,210] {spark_submit_hook.py:479} INFO - 20/07/22 16:19:24 INFO BlockManagerMaster: Registering BlockManager BlockManagerId(driver, 192.168.43.94, 41477, None)
[2020-07-22 16:19:24,228] {logging_mixin.py:112} INFO - [2020-07-22 16:19:24,228] {spark_submit_hook.py:479} INFO - 20/07/22 16:19:24 INFO BlockManagerMasterEndpoint: Registering block manager 192.168.43.94:41477 with 366.3 MiB RAM, BlockManagerId(driver, 192.168.43.94, 41477, None)
[2020-07-22 16:19:24,234] {logging_mixin.py:112} INFO - [2020-07-22 16:19:24,233] {spark_submit_hook.py:479} INFO - 20/07/22 16:19:24 INFO BlockManagerMaster: Registered BlockManager BlockManagerId(driver, 192.168.43.94, 41477, None)
[2020-07-22 16:19:24,242] {logging_mixin.py:112} INFO - [2020-07-22 16:19:24,241] {spark_submit_hook.py:479} INFO - 20/07/22 16:19:24 INFO BlockManager: Initialized BlockManager: BlockManagerId(driver, 192.168.43.94, 41477, None)
[2020-07-22 16:19:26,591] {logging_mixin.py:112} INFO - [2020-07-22 16:19:26,591] {spark_submit_hook.py:479} INFO - 20/07/22 16:19:26 INFO MemoryStore: Block broadcast_0 stored as values in memory (estimated size 241.5 KiB, free 366.1 MiB)
[2020-07-22 16:19:26,725] {logging_mixin.py:112} INFO - [2020-07-22 16:19:26,725] {spark_submit_hook.py:479} INFO - 20/07/22 16:19:26 INFO MemoryStore: Block broadcast_0_piece0 stored as bytes in memory (estimated size 23.4 KiB, free 366.0 MiB)
[2020-07-22 16:19:26,730] {logging_mixin.py:112} INFO - [2020-07-22 16:19:26,730] {spark_submit_hook.py:479} INFO - 20/07/22 16:19:26 INFO BlockManagerInfo: Added broadcast_0_piece0 in memory on 192.168.43.94:41477 (size: 23.4 KiB, free: 366.3 MiB)
[2020-07-22 16:19:26,758] {logging_mixin.py:112} INFO - [2020-07-22 16:19:26,758] {spark_submit_hook.py:479} INFO - 20/07/22 16:19:26 INFO SparkContext: Created broadcast 0 from textFile at NativeMethodAccessorImpl.java:0
[2020-07-22 16:19:27,293] {logging_mixin.py:112} INFO - [2020-07-22 16:19:27,293] {spark_submit_hook.py:479} INFO - 20/07/22 16:19:27 INFO FileInputFormat: Total input paths to process : 1
[2020-07-22 16:19:27,654] {logging_mixin.py:112} INFO - [2020-07-22 16:19:27,654] {spark_submit_hook.py:479} INFO - 20/07/22 16:19:27 INFO SparkContext: Starting job: collect at /home/bhakti/airflow/spark_jobs/python/spark_test.py:5
[2020-07-22 16:19:27,700] {logging_mixin.py:112} INFO - [2020-07-22 16:19:27,700] {spark_submit_hook.py:479} INFO - 20/07/22 16:19:27 INFO DAGScheduler: Got job 0 (collect at /home/bhakti/airflow/spark_jobs/python/spark_test.py:5) with 1 output partitions
[2020-07-22 16:19:27,702] {logging_mixin.py:112} INFO - [2020-07-22 16:19:27,701] {spark_submit_hook.py:479} INFO - 20/07/22 16:19:27 INFO DAGScheduler: Final stage: ResultStage 0 (collect at /home/bhakti/airflow/spark_jobs/python/spark_test.py:5)
[2020-07-22 16:19:27,716] {logging_mixin.py:112} INFO - [2020-07-22 16:19:27,716] {spark_submit_hook.py:479} INFO - 20/07/22 16:19:27 INFO DAGScheduler: Parents of final stage: List()
[2020-07-22 16:19:27,730] {logging_mixin.py:112} INFO - [2020-07-22 16:19:27,729] {spark_submit_hook.py:479} INFO - 20/07/22 16:19:27 INFO DAGScheduler: Missing parents: List()
[2020-07-22 16:19:27,745] {logging_mixin.py:112} INFO - [2020-07-22 16:19:27,745] {spark_submit_hook.py:479} INFO - 20/07/22 16:19:27 INFO DAGScheduler: Submitting ResultStage 0 (PythonRDD[2] at collect at /home/bhakti/airflow/spark_jobs/python/spark_test.py:5), which has no missing parents
[2020-07-22 16:19:27,903] {logging_mixin.py:112} INFO - [2020-07-22 16:19:27,902] {spark_submit_hook.py:479} INFO - 20/07/22 16:19:27 INFO MemoryStore: Block broadcast_1 stored as values in memory (estimated size 7.4 KiB, free 366.0 MiB)
[2020-07-22 16:19:27,929] {logging_mixin.py:112} INFO - [2020-07-22 16:19:27,928] {spark_submit_hook.py:479} INFO - 20/07/22 16:19:27 INFO MemoryStore: Block broadcast_1_piece0 stored as bytes in memory (estimated size 4.4 KiB, free 366.0 MiB)
[2020-07-22 16:19:27,939] {logging_mixin.py:112} INFO - [2020-07-22 16:19:27,938] {spark_submit_hook.py:479} INFO - 20/07/22 16:19:27 INFO BlockManagerInfo: Added broadcast_1_piece0 in memory on 192.168.43.94:41477 (size: 4.4 KiB, free: 366.3 MiB)
[2020-07-22 16:19:27,941] {logging_mixin.py:112} INFO - [2020-07-22 16:19:27,940] {spark_submit_hook.py:479} INFO - 20/07/22 16:19:27 INFO SparkContext: Created broadcast 1 from broadcast at DAGScheduler.scala:1200
[2020-07-22 16:19:27,998] {logging_mixin.py:112} INFO - [2020-07-22 16:19:27,997] {spark_submit_hook.py:479} INFO - 20/07/22 16:19:27 INFO DAGScheduler: Submitting 1 missing tasks from ResultStage 0 (PythonRDD[2] at collect at /home/bhakti/airflow/spark_jobs/python/spark_test.py:5) (first 15 tasks are for partitions Vector(0))
[2020-07-22 16:19:28,001] {logging_mixin.py:112} INFO - [2020-07-22 16:19:28,000] {spark_submit_hook.py:479} INFO - 20/07/22 16:19:28 INFO TaskSchedulerImpl: Adding task set 0.0 with 1 tasks
[2020-07-22 16:19:28,238] {logging_mixin.py:112} INFO - [2020-07-22 16:19:28,237] {spark_submit_hook.py:479} INFO - 20/07/22 16:19:28 INFO TaskSetManager: Starting task 0.0 in stage 0.0 (TID 0, 192.168.43.94, executor driver, partition 0, PROCESS_LOCAL, 7388 bytes)
[2020-07-22 16:19:28,305] {logging_mixin.py:112} INFO - [2020-07-22 16:19:28,305] {spark_submit_hook.py:479} INFO - 20/07/22 16:19:28 INFO Executor: Running task 0.0 in stage 0.0 (TID 0)
[2020-07-22 16:19:29,508] {logging_mixin.py:112} INFO - [2020-07-22 16:19:29,508] {spark_submit_hook.py:479} INFO - 20/07/22 16:19:29 INFO HadoopRDD: Input split: file:/home/bhakti/airflow/input_data/sample.csv:0+93
[2020-07-22 16:19:30,762] {logging_mixin.py:112} INFO - [2020-07-22 16:19:30,762] {spark_submit_hook.py:479} INFO - 20/07/22 16:19:30 INFO PythonRunner: Times: total = 1207, boot = 1176, init = 31, finish = 0
[2020-07-22 16:19:30,821] {logging_mixin.py:112} INFO - [2020-07-22 16:19:30,821] {spark_submit_hook.py:479} INFO - 20/07/22 16:19:30 INFO Executor: Finished task 0.0 in stage 0.0 (TID 0). 1818 bytes result sent to driver
[2020-07-22 16:19:30,853] {logging_mixin.py:112} INFO - [2020-07-22 16:19:30,853] {spark_submit_hook.py:479} INFO - 20/07/22 16:19:30 INFO TaskSetManager: Finished task 0.0 in stage 0.0 (TID 0) in 2703 ms on 192.168.43.94 (executor driver) (1/1)
[2020-07-22 16:19:30,858] {logging_mixin.py:112} INFO - [2020-07-22 16:19:30,858] {spark_submit_hook.py:479} INFO - 20/07/22 16:19:30 INFO TaskSchedulerImpl: Removed TaskSet 0.0, whose tasks have all completed, from pool
[2020-07-22 16:19:30,865] {logging_mixin.py:112} INFO - [2020-07-22 16:19:30,865] {spark_submit_hook.py:479} INFO - 20/07/22 16:19:30 INFO PythonAccumulatorV2: Connected to AccumulatorServer at host: 127.0.0.1 port: 52043
[2020-07-22 16:19:30,876] {logging_mixin.py:112} INFO - [2020-07-22 16:19:30,876] {spark_submit_hook.py:479} INFO - 20/07/22 16:19:30 INFO DAGScheduler: ResultStage 0 (collect at /home/bhakti/airflow/spark_jobs/python/spark_test.py:5) finished in 3.000 s
[2020-07-22 16:19:30,894] {logging_mixin.py:112} INFO - [2020-07-22 16:19:30,894] {spark_submit_hook.py:479} INFO - 20/07/22 16:19:30 INFO DAGScheduler: Job 0 is finished. Cancelling potential speculative or zombie tasks for this job
[2020-07-22 16:19:30,894] {logging_mixin.py:112} INFO - [2020-07-22 16:19:30,894] {spark_submit_hook.py:479} INFO - 20/07/22 16:19:30 INFO TaskSchedulerImpl: Killing all running tasks in stage 0: Stage finished
[2020-07-22 16:19:30,898] {logging_mixin.py:112} INFO - [2020-07-22 16:19:30,898] {spark_submit_hook.py:479} INFO - 20/07/22 16:19:30 INFO DAGScheduler: Job 0 finished: collect at /home/bhakti/airflow/spark_jobs/python/spark_test.py:5, took 3.241209 s
[2020-07-22 16:19:30,954] {logging_mixin.py:112} INFO - [2020-07-22 16:19:30,954] {spark_submit_hook.py:479} INFO - [('PERSON', 'JOINING_YEAR'), ('John', '2018'), ('Sam', '2017'), ('Jeff', '2014'), ('Allen', '2015')]
[2020-07-22 16:19:31,578] {logging_mixin.py:112} INFO - [2020-07-22 16:19:31,578] {spark_submit_hook.py:479} INFO - 20/07/22 16:19:31 INFO SharedState: Setting hive.metastore.warehouse.dir ('null') to the value of spark.sql.warehouse.dir ('file:/home/bhakti/airflow/spark-warehouse').
[2020-07-22 16:19:31,599] {logging_mixin.py:112} INFO - [2020-07-22 16:19:31,599] {spark_submit_hook.py:479} INFO - 20/07/22 16:19:31 INFO SharedState: Warehouse path is 'file:/home/bhakti/airflow/spark-warehouse'.
[2020-07-22 16:19:31,629] {logging_mixin.py:112} INFO - [2020-07-22 16:19:31,629] {spark_submit_hook.py:479} INFO - 20/07/22 16:19:31 INFO BlockManagerInfo: Removed broadcast_1_piece0 on 192.168.43.94:41477 in memory (size: 4.4 KiB, free: 366.3 MiB)
[2020-07-22 16:19:40,430] {logging_mixin.py:112} INFO - [2020-07-22 16:19:40,430] {spark_submit_hook.py:479} INFO - 20/07/22 16:19:40 INFO CodeGenerator: Code generated in 450.432775 ms
[2020-07-22 16:19:40,531] {logging_mixin.py:112} INFO - [2020-07-22 16:19:40,531] {spark_submit_hook.py:479} INFO - 20/07/22 16:19:40 INFO SparkContext: Starting job: showString at NativeMethodAccessorImpl.java:0
[2020-07-22 16:19:40,536] {logging_mixin.py:112} INFO - [2020-07-22 16:19:40,536] {spark_submit_hook.py:479} INFO - 20/07/22 16:19:40 INFO DAGScheduler: Got job 1 (showString at NativeMethodAccessorImpl.java:0) with 1 output partitions
[2020-07-22 16:19:40,536] {logging_mixin.py:112} INFO - [2020-07-22 16:19:40,536] {spark_submit_hook.py:479} INFO - 20/07/22 16:19:40 INFO DAGScheduler: Final stage: ResultStage 1 (showString at NativeMethodAccessorImpl.java:0)
[2020-07-22 16:19:40,537] {logging_mixin.py:112} INFO - [2020-07-22 16:19:40,536] {spark_submit_hook.py:479} INFO - 20/07/22 16:19:40 INFO DAGScheduler: Parents of final stage: List()
[2020-07-22 16:19:40,537] {logging_mixin.py:112} INFO - [2020-07-22 16:19:40,537] {spark_submit_hook.py:479} INFO - 20/07/22 16:19:40 INFO DAGScheduler: Missing parents: List()
[2020-07-22 16:19:40,545] {logging_mixin.py:112} INFO - [2020-07-22 16:19:40,544] {spark_submit_hook.py:479} INFO - 20/07/22 16:19:40 INFO DAGScheduler: Submitting ResultStage 1 (MapPartitionsRDD[9] at showString at NativeMethodAccessorImpl.java:0), which has no missing parents
[2020-07-22 16:19:40,592] {logging_mixin.py:112} INFO - [2020-07-22 16:19:40,592] {spark_submit_hook.py:479} INFO - 20/07/22 16:19:40 INFO MemoryStore: Block broadcast_2 stored as values in memory (estimated size 10.9 KiB, free 366.0 MiB)
[2020-07-22 16:19:40,598] {logging_mixin.py:112} INFO - [2020-07-22 16:19:40,598] {spark_submit_hook.py:479} INFO - 20/07/22 16:19:40 INFO MemoryStore: Block broadcast_2_piece0 stored as bytes in memory (estimated size 5.8 KiB, free 366.0 MiB)
[2020-07-22 16:19:40,601] {logging_mixin.py:112} INFO - [2020-07-22 16:19:40,601] {spark_submit_hook.py:479} INFO - 20/07/22 16:19:40 INFO BlockManagerInfo: Added broadcast_2_piece0 in memory on 192.168.43.94:41477 (size: 5.8 KiB, free: 366.3 MiB)
[2020-07-22 16:19:40,606] {logging_mixin.py:112} INFO - [2020-07-22 16:19:40,606] {spark_submit_hook.py:479} INFO - 20/07/22 16:19:40 INFO SparkContext: Created broadcast 2 from broadcast at DAGScheduler.scala:1200
[2020-07-22 16:19:40,609] {logging_mixin.py:112} INFO - [2020-07-22 16:19:40,609] {spark_submit_hook.py:479} INFO - 20/07/22 16:19:40 INFO DAGScheduler: Submitting 1 missing tasks from ResultStage 1 (MapPartitionsRDD[9] at showString at NativeMethodAccessorImpl.java:0) (first 15 tasks are for partitions Vector(0))
[2020-07-22 16:19:40,610] {logging_mixin.py:112} INFO - [2020-07-22 16:19:40,610] {spark_submit_hook.py:479} INFO - 20/07/22 16:19:40 INFO TaskSchedulerImpl: Adding task set 1.0 with 1 tasks
[2020-07-22 16:19:40,646] {logging_mixin.py:112} INFO - [2020-07-22 16:19:40,646] {spark_submit_hook.py:479} INFO - 20/07/22 16:19:40 INFO TaskSetManager: Starting task 0.0 in stage 1.0 (TID 1, 192.168.43.94, executor driver, partition 0, PROCESS_LOCAL, 7449 bytes)
[2020-07-22 16:19:40,646] {logging_mixin.py:112} INFO - [2020-07-22 16:19:40,646] {spark_submit_hook.py:479} INFO - 20/07/22 16:19:40 INFO Executor: Running task 0.0 in stage 1.0 (TID 1)
[2020-07-22 16:19:40,790] {logging_mixin.py:112} INFO - [2020-07-22 16:19:40,790] {spark_submit_hook.py:479} INFO - 20/07/22 16:19:40 INFO PythonRunner: Times: total = 3, boot = -9975, init = 9978, finish = 0
[2020-07-22 16:19:40,796] {logging_mixin.py:112} INFO - [2020-07-22 16:19:40,795] {spark_submit_hook.py:479} INFO - 20/07/22 16:19:40 INFO Executor: Finished task 0.0 in stage 1.0 (TID 1). 2154 bytes result sent to driver
[2020-07-22 16:19:40,800] {logging_mixin.py:112} INFO - [2020-07-22 16:19:40,800] {spark_submit_hook.py:479} INFO - 20/07/22 16:19:40 INFO TaskSetManager: Finished task 0.0 in stage 1.0 (TID 1) in 187 ms on 192.168.43.94 (executor driver) (1/1)
[2020-07-22 16:19:40,802] {logging_mixin.py:112} INFO - [2020-07-22 16:19:40,802] {spark_submit_hook.py:479} INFO - 20/07/22 16:19:40 INFO DAGScheduler: ResultStage 1 (showString at NativeMethodAccessorImpl.java:0) finished in 0.251 s
[2020-07-22 16:19:40,803] {logging_mixin.py:112} INFO - [2020-07-22 16:19:40,803] {spark_submit_hook.py:479} INFO - 20/07/22 16:19:40 INFO DAGScheduler: Job 1 is finished. Cancelling potential speculative or zombie tasks for this job
[2020-07-22 16:19:40,804] {logging_mixin.py:112} INFO - [2020-07-22 16:19:40,803] {spark_submit_hook.py:479} INFO - 20/07/22 16:19:40 INFO TaskSchedulerImpl: Removed TaskSet 1.0, whose tasks have all completed, from pool
[2020-07-22 16:19:40,813] {logging_mixin.py:112} INFO - [2020-07-22 16:19:40,804] {spark_submit_hook.py:479} INFO - 20/07/22 16:19:40 INFO TaskSchedulerImpl: Killing all running tasks in stage 1: Stage finished
[2020-07-22 16:19:40,813] {logging_mixin.py:112} INFO - [2020-07-22 16:19:40,813] {spark_submit_hook.py:479} INFO - 20/07/22 16:19:40 INFO DAGScheduler: Job 1 finished: showString at NativeMethodAccessorImpl.java:0, took 0.273336 s
[2020-07-22 16:19:40,905] {logging_mixin.py:112} INFO - [2020-07-22 16:19:40,904] {spark_submit_hook.py:479} INFO - 20/07/22 16:19:40 INFO CodeGenerator: Code generated in 43.455104 ms
[2020-07-22 16:19:40,932] {logging_mixin.py:112} INFO - [2020-07-22 16:19:40,932] {spark_submit_hook.py:479} INFO - +------+------------+
[2020-07-22 16:19:40,933] {logging_mixin.py:112} INFO - [2020-07-22 16:19:40,932] {spark_submit_hook.py:479} INFO - |    _1|          _2|
[2020-07-22 16:19:40,933] {logging_mixin.py:112} INFO - [2020-07-22 16:19:40,933] {spark_submit_hook.py:479} INFO - +------+------------+
[2020-07-22 16:19:40,933] {logging_mixin.py:112} INFO - [2020-07-22 16:19:40,933] {spark_submit_hook.py:479} INFO - |PERSON|JOINING_YEAR|
[2020-07-22 16:19:40,933] {logging_mixin.py:112} INFO - [2020-07-22 16:19:40,933] {spark_submit_hook.py:479} INFO - |  John|        2018|
[2020-07-22 16:19:40,934] {logging_mixin.py:112} INFO - [2020-07-22 16:19:40,934] {spark_submit_hook.py:479} INFO - |   Sam|        2017|
[2020-07-22 16:19:40,934] {logging_mixin.py:112} INFO - [2020-07-22 16:19:40,934] {spark_submit_hook.py:479} INFO - |  Jeff|        2014|
[2020-07-22 16:19:40,934] {logging_mixin.py:112} INFO - [2020-07-22 16:19:40,934] {spark_submit_hook.py:479} INFO - | Allen|        2015|
[2020-07-22 16:19:40,935] {logging_mixin.py:112} INFO - [2020-07-22 16:19:40,934] {spark_submit_hook.py:479} INFO - +------+------------+
[2020-07-22 16:19:40,935] {logging_mixin.py:112} INFO - [2020-07-22 16:19:40,935] {spark_submit_hook.py:479} INFO - 
[2020-07-22 16:19:41,062] {logging_mixin.py:112} INFO - [2020-07-22 16:19:41,062] {spark_submit_hook.py:479} INFO - 20/07/22 16:19:41 INFO SparkContext: Invoking stop() from shutdown hook
[2020-07-22 16:19:41,072] {logging_mixin.py:112} INFO - [2020-07-22 16:19:41,072] {spark_submit_hook.py:479} INFO - 20/07/22 16:19:41 INFO SparkUI: Stopped Spark web UI at http://192.168.43.94:4042
[2020-07-22 16:19:41,093] {logging_mixin.py:112} INFO - [2020-07-22 16:19:41,093] {spark_submit_hook.py:479} INFO - 20/07/22 16:19:41 INFO MapOutputTrackerMasterEndpoint: MapOutputTrackerMasterEndpoint stopped!
[2020-07-22 16:19:41,106] {logging_mixin.py:112} INFO - [2020-07-22 16:19:41,106] {spark_submit_hook.py:479} INFO - 20/07/22 16:19:41 INFO MemoryStore: MemoryStore cleared
[2020-07-22 16:19:41,107] {logging_mixin.py:112} INFO - [2020-07-22 16:19:41,107] {spark_submit_hook.py:479} INFO - 20/07/22 16:19:41 INFO BlockManager: BlockManager stopped
[2020-07-22 16:19:41,113] {logging_mixin.py:112} INFO - [2020-07-22 16:19:41,113] {spark_submit_hook.py:479} INFO - 20/07/22 16:19:41 INFO BlockManagerMaster: BlockManagerMaster stopped
[2020-07-22 16:19:41,118] {logging_mixin.py:112} INFO - [2020-07-22 16:19:41,118] {spark_submit_hook.py:479} INFO - 20/07/22 16:19:41 INFO OutputCommitCoordinator$OutputCommitCoordinatorEndpoint: OutputCommitCoordinator stopped!
[2020-07-22 16:19:41,127] {logging_mixin.py:112} INFO - [2020-07-22 16:19:41,126] {spark_submit_hook.py:479} INFO - 20/07/22 16:19:41 INFO SparkContext: Successfully stopped SparkContext
[2020-07-22 16:19:41,128] {logging_mixin.py:112} INFO - [2020-07-22 16:19:41,127] {spark_submit_hook.py:479} INFO - 20/07/22 16:19:41 INFO ShutdownHookManager: Shutdown hook called
[2020-07-22 16:19:41,129] {logging_mixin.py:112} INFO - [2020-07-22 16:19:41,129] {spark_submit_hook.py:479} INFO - 20/07/22 16:19:41 INFO ShutdownHookManager: Deleting directory /tmp/spark-69227c13-8b80-43a2-a770-da776c35b27b
[2020-07-22 16:19:41,132] {logging_mixin.py:112} INFO - [2020-07-22 16:19:41,132] {spark_submit_hook.py:479} INFO - 20/07/22 16:19:41 INFO ShutdownHookManager: Deleting directory /tmp/spark-188250a4-16b4-4370-8242-8517183826b1/pyspark-53feb5b1-e9e2-4496-bb79-2b0eb56006b2
[2020-07-22 16:19:41,142] {logging_mixin.py:112} INFO - [2020-07-22 16:19:41,141] {spark_submit_hook.py:479} INFO - 20/07/22 16:19:41 INFO ShutdownHookManager: Deleting directory /tmp/spark-188250a4-16b4-4370-8242-8517183826b1
[2020-07-22 16:19:41,241] {taskinstance.py:1052} INFO - Marking task as SUCCESS.dag_id=submit_data, task_id=spark_submit, execution_date=20200720T060800, start_date=20200722T104914, end_date=20200722T104941
[2020-07-22 16:19:44,355] {logging_mixin.py:112} INFO - [2020-07-22 16:19:44,355] {local_task_job.py:103} INFO - Task exited with return code 0
