[2020-07-22 14:34:29,804] {taskinstance.py:669} INFO - Dependencies all met for <TaskInstance: submit_data.spark_submit 2020-07-20T03:29:00+00:00 [queued]>
[2020-07-22 14:34:29,823] {taskinstance.py:669} INFO - Dependencies all met for <TaskInstance: submit_data.spark_submit 2020-07-20T03:29:00+00:00 [queued]>
[2020-07-22 14:34:29,824] {taskinstance.py:879} INFO - 
--------------------------------------------------------------------------------
[2020-07-22 14:34:29,824] {taskinstance.py:880} INFO - Starting attempt 1 of 1
[2020-07-22 14:34:29,824] {taskinstance.py:881} INFO - 
--------------------------------------------------------------------------------
[2020-07-22 14:34:29,996] {taskinstance.py:900} INFO - Executing <Task(SparkSubmitOperator): spark_submit> on 2020-07-20T03:29:00+00:00
[2020-07-22 14:34:30,001] {standard_task_runner.py:53} INFO - Started process 434475 to run task
[2020-07-22 14:34:30,281] {logging_mixin.py:112} INFO - Running %s on host %s <TaskInstance: submit_data.spark_submit 2020-07-20T03:29:00+00:00 [running]> bhakti-Vostro-3558
[2020-07-22 14:34:30,358] {logging_mixin.py:112} INFO - [2020-07-22 14:34:30,357] {base_hook.py:87} INFO - Using connection to: id: spark_local. Host: local, Port: 4041, Schema: None, Login: None, Password: None, extra: None
[2020-07-22 14:34:30,360] {logging_mixin.py:112} INFO - [2020-07-22 14:34:30,359] {spark_submit_hook.py:325} INFO - Spark-Submit cmd: spark-submit --master local:4041 --name airflow-spark /home/bhakti/airflow/spark_jobs/python/spark_test.py
[2020-07-22 14:34:35,553] {logging_mixin.py:112} INFO - [2020-07-22 14:34:35,553] {spark_submit_hook.py:479} INFO - 20/07/22 14:34:35 WARN Utils: Your hostname, bhakti-Vostro-3558 resolves to a loopback address: 127.0.1.1; using 192.168.43.94 instead (on interface wlp6s0)
[2020-07-22 14:34:35,554] {logging_mixin.py:112} INFO - [2020-07-22 14:34:35,554] {spark_submit_hook.py:479} INFO - 20/07/22 14:34:35 WARN Utils: Set SPARK_LOCAL_IP if you need to bind to another address
[2020-07-22 14:34:38,020] {logging_mixin.py:112} INFO - [2020-07-22 14:34:38,020] {spark_submit_hook.py:479} INFO - 20/07/22 14:34:38 WARN NativeCodeLoader: Unable to load native-hadoop library for your platform... using builtin-java classes where applicable
[2020-07-22 14:34:43,548] {logging_mixin.py:112} INFO - [2020-07-22 14:34:43,548] {spark_submit_hook.py:479} INFO - Using Spark's default log4j profile: org/apache/spark/log4j-defaults.properties
[2020-07-22 14:34:43,592] {logging_mixin.py:112} INFO - [2020-07-22 14:34:43,592] {spark_submit_hook.py:479} INFO - 20/07/22 14:34:43 INFO SparkContext: Running Spark version 3.0.0
[2020-07-22 14:34:43,793] {logging_mixin.py:112} INFO - [2020-07-22 14:34:43,792] {spark_submit_hook.py:479} INFO - 20/07/22 14:34:43 INFO ResourceUtils: ==============================================================
[2020-07-22 14:34:43,795] {logging_mixin.py:112} INFO - [2020-07-22 14:34:43,795] {spark_submit_hook.py:479} INFO - 20/07/22 14:34:43 INFO ResourceUtils: Resources for spark.driver:
[2020-07-22 14:34:43,796] {logging_mixin.py:112} INFO - [2020-07-22 14:34:43,795] {spark_submit_hook.py:479} INFO - 
[2020-07-22 14:34:43,796] {logging_mixin.py:112} INFO - [2020-07-22 14:34:43,796] {spark_submit_hook.py:479} INFO - 20/07/22 14:34:43 INFO ResourceUtils: ==============================================================
[2020-07-22 14:34:43,797] {logging_mixin.py:112} INFO - [2020-07-22 14:34:43,797] {spark_submit_hook.py:479} INFO - 20/07/22 14:34:43 INFO SparkContext: Submitted application: Spark_Test_Python
[2020-07-22 14:34:43,917] {logging_mixin.py:112} INFO - [2020-07-22 14:34:43,916] {spark_submit_hook.py:479} INFO - 20/07/22 14:34:43 INFO SecurityManager: Changing view acls to: bhakti
[2020-07-22 14:34:43,917] {logging_mixin.py:112} INFO - [2020-07-22 14:34:43,917] {spark_submit_hook.py:479} INFO - 20/07/22 14:34:43 INFO SecurityManager: Changing modify acls to: bhakti
[2020-07-22 14:34:43,918] {logging_mixin.py:112} INFO - [2020-07-22 14:34:43,917] {spark_submit_hook.py:479} INFO - 20/07/22 14:34:43 INFO SecurityManager: Changing view acls groups to:
[2020-07-22 14:34:43,918] {logging_mixin.py:112} INFO - [2020-07-22 14:34:43,918] {spark_submit_hook.py:479} INFO - 20/07/22 14:34:43 INFO SecurityManager: Changing modify acls groups to:
[2020-07-22 14:34:43,918] {logging_mixin.py:112} INFO - [2020-07-22 14:34:43,918] {spark_submit_hook.py:479} INFO - 20/07/22 14:34:43 INFO SecurityManager: SecurityManager: authentication disabled; ui acls disabled; users  with view permissions: Set(bhakti); groups with view permissions: Set(); users  with modify permissions: Set(bhakti); groups with modify permissions: Set()
[2020-07-22 14:34:44,722] {logging_mixin.py:112} INFO - [2020-07-22 14:34:44,722] {spark_submit_hook.py:479} INFO - 20/07/22 14:34:44 INFO Utils: Successfully started service 'sparkDriver' on port 42667.
[2020-07-22 14:34:44,779] {logging_mixin.py:112} INFO - [2020-07-22 14:34:44,779] {spark_submit_hook.py:479} INFO - 20/07/22 14:34:44 INFO SparkEnv: Registering MapOutputTracker
[2020-07-22 14:34:44,862] {logging_mixin.py:112} INFO - [2020-07-22 14:34:44,861] {spark_submit_hook.py:479} INFO - 20/07/22 14:34:44 INFO SparkEnv: Registering BlockManagerMaster
[2020-07-22 14:34:44,920] {logging_mixin.py:112} INFO - [2020-07-22 14:34:44,919] {spark_submit_hook.py:479} INFO - 20/07/22 14:34:44 INFO BlockManagerMasterEndpoint: Using org.apache.spark.storage.DefaultTopologyMapper for getting topology information
[2020-07-22 14:34:44,921] {logging_mixin.py:112} INFO - [2020-07-22 14:34:44,921] {spark_submit_hook.py:479} INFO - 20/07/22 14:34:44 INFO BlockManagerMasterEndpoint: BlockManagerMasterEndpoint up
[2020-07-22 14:34:44,950] {logging_mixin.py:112} INFO - [2020-07-22 14:34:44,950] {spark_submit_hook.py:479} INFO - 20/07/22 14:34:44 INFO SparkEnv: Registering BlockManagerMasterHeartbeat
[2020-07-22 14:34:44,975] {logging_mixin.py:112} INFO - [2020-07-22 14:34:44,975] {spark_submit_hook.py:479} INFO - 20/07/22 14:34:44 INFO DiskBlockManager: Created local directory at /tmp/blockmgr-2860cde8-b182-40b9-8616-000c83ee4a9e
[2020-07-22 14:34:45,009] {logging_mixin.py:112} INFO - [2020-07-22 14:34:45,009] {spark_submit_hook.py:479} INFO - 20/07/22 14:34:45 INFO MemoryStore: MemoryStore started with capacity 366.3 MiB
[2020-07-22 14:34:45,039] {logging_mixin.py:112} INFO - [2020-07-22 14:34:45,039] {spark_submit_hook.py:479} INFO - 20/07/22 14:34:45 INFO SparkEnv: Registering OutputCommitCoordinator
[2020-07-22 14:34:45,388] {logging_mixin.py:112} INFO - [2020-07-22 14:34:45,388] {spark_submit_hook.py:479} INFO - 20/07/22 14:34:45 WARN Utils: Service 'SparkUI' could not bind on port 4040. Attempting port 4041.
[2020-07-22 14:34:45,402] {logging_mixin.py:112} INFO - [2020-07-22 14:34:45,401] {spark_submit_hook.py:479} INFO - 20/07/22 14:34:45 INFO Utils: Successfully started service 'SparkUI' on port 4041.
[2020-07-22 14:34:45,554] {logging_mixin.py:112} INFO - [2020-07-22 14:34:45,553] {spark_submit_hook.py:479} INFO - 20/07/22 14:34:45 INFO SparkUI: Bound SparkUI to 0.0.0.0, and started at http://192.168.43.94:4041
[2020-07-22 14:34:45,718] {logging_mixin.py:112} INFO - [2020-07-22 14:34:45,717] {spark_submit_hook.py:479} INFO - 20/07/22 14:34:45 ERROR SparkContext: Error initializing SparkContext.
[2020-07-22 14:34:45,718] {logging_mixin.py:112} INFO - [2020-07-22 14:34:45,718] {spark_submit_hook.py:479} INFO - org.apache.spark.SparkException: Could not parse Master URL: 'local:4041'
[2020-07-22 14:34:45,719] {logging_mixin.py:112} INFO - [2020-07-22 14:34:45,718] {spark_submit_hook.py:479} INFO - at org.apache.spark.SparkContext$.org$apache$spark$SparkContext$$createTaskScheduler(SparkContext.scala:2924)
[2020-07-22 14:34:45,719] {logging_mixin.py:112} INFO - [2020-07-22 14:34:45,719] {spark_submit_hook.py:479} INFO - at org.apache.spark.SparkContext.<init>(SparkContext.scala:528)
[2020-07-22 14:34:45,719] {logging_mixin.py:112} INFO - [2020-07-22 14:34:45,719] {spark_submit_hook.py:479} INFO - at org.apache.spark.api.java.JavaSparkContext.<init>(JavaSparkContext.scala:58)
[2020-07-22 14:34:45,720] {logging_mixin.py:112} INFO - [2020-07-22 14:34:45,719] {spark_submit_hook.py:479} INFO - at sun.reflect.NativeConstructorAccessorImpl.newInstance0(Native Method)
[2020-07-22 14:34:45,720] {logging_mixin.py:112} INFO - [2020-07-22 14:34:45,720] {spark_submit_hook.py:479} INFO - at sun.reflect.NativeConstructorAccessorImpl.newInstance(NativeConstructorAccessorImpl.java:62)
[2020-07-22 14:34:45,720] {logging_mixin.py:112} INFO - [2020-07-22 14:34:45,720] {spark_submit_hook.py:479} INFO - at sun.reflect.DelegatingConstructorAccessorImpl.newInstance(DelegatingConstructorAccessorImpl.java:45)
[2020-07-22 14:34:45,720] {logging_mixin.py:112} INFO - [2020-07-22 14:34:45,720] {spark_submit_hook.py:479} INFO - at java.lang.reflect.Constructor.newInstance(Constructor.java:423)
[2020-07-22 14:34:45,721] {logging_mixin.py:112} INFO - [2020-07-22 14:34:45,720] {spark_submit_hook.py:479} INFO - at py4j.reflection.MethodInvoker.invoke(MethodInvoker.java:247)
[2020-07-22 14:34:45,721] {logging_mixin.py:112} INFO - [2020-07-22 14:34:45,721] {spark_submit_hook.py:479} INFO - at py4j.reflection.ReflectionEngine.invoke(ReflectionEngine.java:357)
[2020-07-22 14:34:45,721] {logging_mixin.py:112} INFO - [2020-07-22 14:34:45,721] {spark_submit_hook.py:479} INFO - at py4j.Gateway.invoke(Gateway.java:238)
[2020-07-22 14:34:45,721] {logging_mixin.py:112} INFO - [2020-07-22 14:34:45,721] {spark_submit_hook.py:479} INFO - at py4j.commands.ConstructorCommand.invokeConstructor(ConstructorCommand.java:80)
[2020-07-22 14:34:45,722] {logging_mixin.py:112} INFO - [2020-07-22 14:34:45,722] {spark_submit_hook.py:479} INFO - at py4j.commands.ConstructorCommand.execute(ConstructorCommand.java:69)
[2020-07-22 14:34:45,722] {logging_mixin.py:112} INFO - [2020-07-22 14:34:45,722] {spark_submit_hook.py:479} INFO - at py4j.GatewayConnection.run(GatewayConnection.java:238)
[2020-07-22 14:34:45,722] {logging_mixin.py:112} INFO - [2020-07-22 14:34:45,722] {spark_submit_hook.py:479} INFO - at java.lang.Thread.run(Thread.java:748)
[2020-07-22 14:34:45,734] {logging_mixin.py:112} INFO - [2020-07-22 14:34:45,733] {spark_submit_hook.py:479} INFO - 20/07/22 14:34:45 INFO SparkUI: Stopped Spark web UI at http://192.168.43.94:4041
[2020-07-22 14:34:45,756] {logging_mixin.py:112} INFO - [2020-07-22 14:34:45,756] {spark_submit_hook.py:479} INFO - 20/07/22 14:34:45 INFO MapOutputTrackerMasterEndpoint: MapOutputTrackerMasterEndpoint stopped!
[2020-07-22 14:34:45,770] {logging_mixin.py:112} INFO - [2020-07-22 14:34:45,769] {spark_submit_hook.py:479} INFO - 20/07/22 14:34:45 INFO MemoryStore: MemoryStore cleared
[2020-07-22 14:34:45,771] {logging_mixin.py:112} INFO - [2020-07-22 14:34:45,770] {spark_submit_hook.py:479} INFO - 20/07/22 14:34:45 INFO BlockManager: BlockManager stopped
[2020-07-22 14:34:45,786] {logging_mixin.py:112} INFO - [2020-07-22 14:34:45,785] {spark_submit_hook.py:479} INFO - 20/07/22 14:34:45 INFO BlockManagerMaster: BlockManagerMaster stopped
[2020-07-22 14:34:45,787] {logging_mixin.py:112} INFO - [2020-07-22 14:34:45,786] {spark_submit_hook.py:479} INFO - 20/07/22 14:34:45 WARN MetricsSystem: Stopping a MetricsSystem that is not running
[2020-07-22 14:34:45,792] {logging_mixin.py:112} INFO - [2020-07-22 14:34:45,791] {spark_submit_hook.py:479} INFO - 20/07/22 14:34:45 INFO OutputCommitCoordinator$OutputCommitCoordinatorEndpoint: OutputCommitCoordinator stopped!
[2020-07-22 14:34:45,804] {logging_mixin.py:112} INFO - [2020-07-22 14:34:45,804] {spark_submit_hook.py:479} INFO - 20/07/22 14:34:45 INFO SparkContext: Successfully stopped SparkContext
[2020-07-22 14:34:45,871] {logging_mixin.py:112} INFO - [2020-07-22 14:34:45,870] {spark_submit_hook.py:479} INFO - Traceback (most recent call last):
[2020-07-22 14:34:45,871] {logging_mixin.py:112} INFO - [2020-07-22 14:34:45,871] {spark_submit_hook.py:479} INFO - File "/home/bhakti/airflow/spark_jobs/python/spark_test.py", line 6, in <module>
[2020-07-22 14:34:45,871] {logging_mixin.py:112} INFO - [2020-07-22 14:34:45,871] {spark_submit_hook.py:479} INFO - sc = SparkContext(conf=conf)
[2020-07-22 14:34:45,872] {logging_mixin.py:112} INFO - [2020-07-22 14:34:45,871] {spark_submit_hook.py:479} INFO - File "/opt/spark/python/lib/pyspark.zip/pyspark/context.py", line 130, in __init__
[2020-07-22 14:34:45,872] {logging_mixin.py:112} INFO - [2020-07-22 14:34:45,872] {spark_submit_hook.py:479} INFO - File "/opt/spark/python/lib/pyspark.zip/pyspark/context.py", line 193, in _do_init
[2020-07-22 14:34:45,872] {logging_mixin.py:112} INFO - [2020-07-22 14:34:45,872] {spark_submit_hook.py:479} INFO - File "/opt/spark/python/lib/pyspark.zip/pyspark/context.py", line 310, in _initialize_context
[2020-07-22 14:34:45,872] {logging_mixin.py:112} INFO - [2020-07-22 14:34:45,872] {spark_submit_hook.py:479} INFO - File "/opt/spark/python/lib/py4j-0.10.9-src.zip/py4j/java_gateway.py", line 1568, in __call__
[2020-07-22 14:34:45,873] {logging_mixin.py:112} INFO - [2020-07-22 14:34:45,872] {spark_submit_hook.py:479} INFO - File "/opt/spark/python/lib/py4j-0.10.9-src.zip/py4j/protocol.py", line 326, in get_return_value
[2020-07-22 14:34:45,873] {logging_mixin.py:112} INFO - [2020-07-22 14:34:45,873] {spark_submit_hook.py:479} INFO - py4j.protocol.Py4JJavaError: An error occurred while calling None.org.apache.spark.api.java.JavaSparkContext.
[2020-07-22 14:34:45,873] {logging_mixin.py:112} INFO - [2020-07-22 14:34:45,873] {spark_submit_hook.py:479} INFO - : org.apache.spark.SparkException: Could not parse Master URL: 'local:4041'
[2020-07-22 14:34:45,874] {logging_mixin.py:112} INFO - [2020-07-22 14:34:45,873] {spark_submit_hook.py:479} INFO - at org.apache.spark.SparkContext$.org$apache$spark$SparkContext$$createTaskScheduler(SparkContext.scala:2924)
[2020-07-22 14:34:45,875] {logging_mixin.py:112} INFO - [2020-07-22 14:34:45,874] {spark_submit_hook.py:479} INFO - at org.apache.spark.SparkContext.<init>(SparkContext.scala:528)
[2020-07-22 14:34:45,875] {logging_mixin.py:112} INFO - [2020-07-22 14:34:45,875] {spark_submit_hook.py:479} INFO - at org.apache.spark.api.java.JavaSparkContext.<init>(JavaSparkContext.scala:58)
[2020-07-22 14:34:45,876] {logging_mixin.py:112} INFO - [2020-07-22 14:34:45,876] {spark_submit_hook.py:479} INFO - at sun.reflect.NativeConstructorAccessorImpl.newInstance0(Native Method)
[2020-07-22 14:34:45,876] {logging_mixin.py:112} INFO - [2020-07-22 14:34:45,876] {spark_submit_hook.py:479} INFO - at sun.reflect.NativeConstructorAccessorImpl.newInstance(NativeConstructorAccessorImpl.java:62)
[2020-07-22 14:34:45,877] {logging_mixin.py:112} INFO - [2020-07-22 14:34:45,876] {spark_submit_hook.py:479} INFO - at sun.reflect.DelegatingConstructorAccessorImpl.newInstance(DelegatingConstructorAccessorImpl.java:45)
[2020-07-22 14:34:45,877] {logging_mixin.py:112} INFO - [2020-07-22 14:34:45,877] {spark_submit_hook.py:479} INFO - at java.lang.reflect.Constructor.newInstance(Constructor.java:423)
[2020-07-22 14:34:45,877] {logging_mixin.py:112} INFO - [2020-07-22 14:34:45,877] {spark_submit_hook.py:479} INFO - at py4j.reflection.MethodInvoker.invoke(MethodInvoker.java:247)
[2020-07-22 14:34:45,878] {logging_mixin.py:112} INFO - [2020-07-22 14:34:45,877] {spark_submit_hook.py:479} INFO - at py4j.reflection.ReflectionEngine.invoke(ReflectionEngine.java:357)
[2020-07-22 14:34:45,878] {logging_mixin.py:112} INFO - [2020-07-22 14:34:45,878] {spark_submit_hook.py:479} INFO - at py4j.Gateway.invoke(Gateway.java:238)
[2020-07-22 14:34:45,878] {logging_mixin.py:112} INFO - [2020-07-22 14:34:45,878] {spark_submit_hook.py:479} INFO - at py4j.commands.ConstructorCommand.invokeConstructor(ConstructorCommand.java:80)
[2020-07-22 14:34:45,878] {logging_mixin.py:112} INFO - [2020-07-22 14:34:45,878] {spark_submit_hook.py:479} INFO - at py4j.commands.ConstructorCommand.execute(ConstructorCommand.java:69)
[2020-07-22 14:34:45,878] {logging_mixin.py:112} INFO - [2020-07-22 14:34:45,878] {spark_submit_hook.py:479} INFO - at py4j.GatewayConnection.run(GatewayConnection.java:238)
[2020-07-22 14:34:45,879] {logging_mixin.py:112} INFO - [2020-07-22 14:34:45,879] {spark_submit_hook.py:479} INFO - at java.lang.Thread.run(Thread.java:748)
[2020-07-22 14:34:45,879] {logging_mixin.py:112} INFO - [2020-07-22 14:34:45,879] {spark_submit_hook.py:479} INFO - 
[2020-07-22 14:34:45,985] {logging_mixin.py:112} INFO - [2020-07-22 14:34:45,985] {spark_submit_hook.py:479} INFO - 20/07/22 14:34:45 INFO ShutdownHookManager: Shutdown hook called
[2020-07-22 14:34:45,986] {logging_mixin.py:112} INFO - [2020-07-22 14:34:45,986] {spark_submit_hook.py:479} INFO - 20/07/22 14:34:45 INFO ShutdownHookManager: Deleting directory /tmp/spark-69054050-07f0-4009-9263-bf715b7578e3
[2020-07-22 14:34:45,989] {logging_mixin.py:112} INFO - [2020-07-22 14:34:45,989] {spark_submit_hook.py:479} INFO - 20/07/22 14:34:45 INFO ShutdownHookManager: Deleting directory /tmp/spark-ca5141c8-5876-4c8d-b290-08c6fbb27878
[2020-07-22 14:34:46,029] {taskinstance.py:1145} ERROR - Cannot execute: spark-submit --master local:4041 --name airflow-spark /home/bhakti/airflow/spark_jobs/python/spark_test.py. Error code is: 1.
Traceback (most recent call last):
  File "/usr/local/lib/python3.8/dist-packages/airflow/models/taskinstance.py", line 983, in _run_raw_task
    result = task_copy.execute(context=context)
  File "/usr/local/lib/python3.8/dist-packages/airflow/contrib/operators/spark_submit_operator.py", line 187, in execute
    self._hook.submit(self._application)
  File "/usr/local/lib/python3.8/dist-packages/airflow/contrib/hooks/spark_submit_hook.py", line 403, in submit
    raise AirflowException(
airflow.exceptions.AirflowException: Cannot execute: spark-submit --master local:4041 --name airflow-spark /home/bhakti/airflow/spark_jobs/python/spark_test.py. Error code is: 1.
[2020-07-22 14:34:46,031] {taskinstance.py:1189} INFO - Marking task as FAILED.dag_id=submit_data, task_id=spark_submit, execution_date=20200720T032900, start_date=20200722T090429, end_date=20200722T090446
[2020-07-22 14:34:50,012] {logging_mixin.py:112} INFO - [2020-07-22 14:34:50,011] {local_task_job.py:103} INFO - Task exited with return code 1
