[2020-07-22 15:07:16,812] {taskinstance.py:669} INFO - Dependencies all met for <TaskInstance: submit_data.spark_submit 2020-07-22T09:36:15.319988+00:00 [queued]>
[2020-07-22 15:07:16,834] {taskinstance.py:669} INFO - Dependencies all met for <TaskInstance: submit_data.spark_submit 2020-07-22T09:36:15.319988+00:00 [queued]>
[2020-07-22 15:07:16,834] {taskinstance.py:879} INFO - 
--------------------------------------------------------------------------------
[2020-07-22 15:07:16,834] {taskinstance.py:880} INFO - Starting attempt 1 of 1
[2020-07-22 15:07:16,834] {taskinstance.py:881} INFO - 
--------------------------------------------------------------------------------
[2020-07-22 15:07:16,987] {taskinstance.py:900} INFO - Executing <Task(SparkSubmitOperator): spark_submit> on 2020-07-22T09:36:15.319988+00:00
[2020-07-22 15:07:16,990] {standard_task_runner.py:53} INFO - Started process 477493 to run task
[2020-07-22 15:07:17,136] {logging_mixin.py:112} INFO - Running %s on host %s <TaskInstance: submit_data.spark_submit 2020-07-22T09:36:15.319988+00:00 [running]> bhakti-Vostro-3558
[2020-07-22 15:07:17,157] {logging_mixin.py:112} INFO - [2020-07-22 15:07:17,157] {base_hook.py:87} INFO - Using connection to: id: spark_local. Host: local, Port: None, Schema: None, Login: None, Password: None, extra: None
[2020-07-22 15:07:17,158] {logging_mixin.py:112} INFO - [2020-07-22 15:07:17,158] {spark_submit_hook.py:325} INFO - Spark-Submit cmd: spark-submit --master local --name airflow-spark /home/bhakti/airflow/spark_jobs/python/spark_test.py
[2020-07-22 15:07:19,820] {logging_mixin.py:112} INFO - [2020-07-22 15:07:19,820] {spark_submit_hook.py:479} INFO - 20/07/22 15:07:19 WARN Utils: Your hostname, bhakti-Vostro-3558 resolves to a loopback address: 127.0.1.1; using 192.168.43.94 instead (on interface wlp6s0)
[2020-07-22 15:07:19,826] {logging_mixin.py:112} INFO - [2020-07-22 15:07:19,826] {spark_submit_hook.py:479} INFO - 20/07/22 15:07:19 WARN Utils: Set SPARK_LOCAL_IP if you need to bind to another address
[2020-07-22 15:07:20,826] {logging_mixin.py:112} INFO - [2020-07-22 15:07:20,826] {spark_submit_hook.py:479} INFO - 20/07/22 15:07:20 WARN NativeCodeLoader: Unable to load native-hadoop library for your platform... using builtin-java classes where applicable
[2020-07-22 15:07:22,127] {logging_mixin.py:112} INFO - [2020-07-22 15:07:22,127] {spark_submit_hook.py:479} INFO - Using Spark's default log4j profile: org/apache/spark/log4j-defaults.properties
[2020-07-22 15:07:22,141] {logging_mixin.py:112} INFO - [2020-07-22 15:07:22,141] {spark_submit_hook.py:479} INFO - 20/07/22 15:07:22 INFO SparkContext: Running Spark version 3.0.0
[2020-07-22 15:07:22,207] {logging_mixin.py:112} INFO - [2020-07-22 15:07:22,206] {spark_submit_hook.py:479} INFO - 20/07/22 15:07:22 INFO ResourceUtils: ==============================================================
[2020-07-22 15:07:22,209] {logging_mixin.py:112} INFO - [2020-07-22 15:07:22,209] {spark_submit_hook.py:479} INFO - 20/07/22 15:07:22 INFO ResourceUtils: Resources for spark.driver:
[2020-07-22 15:07:22,209] {logging_mixin.py:112} INFO - [2020-07-22 15:07:22,209] {spark_submit_hook.py:479} INFO - 
[2020-07-22 15:07:22,210] {logging_mixin.py:112} INFO - [2020-07-22 15:07:22,209] {spark_submit_hook.py:479} INFO - 20/07/22 15:07:22 INFO ResourceUtils: ==============================================================
[2020-07-22 15:07:22,211] {logging_mixin.py:112} INFO - [2020-07-22 15:07:22,210] {spark_submit_hook.py:479} INFO - 20/07/22 15:07:22 INFO SparkContext: Submitted application: Spark_Test_Python
[2020-07-22 15:07:22,313] {logging_mixin.py:112} INFO - [2020-07-22 15:07:22,313] {spark_submit_hook.py:479} INFO - 20/07/22 15:07:22 INFO SecurityManager: Changing view acls to: bhakti
[2020-07-22 15:07:22,314] {logging_mixin.py:112} INFO - [2020-07-22 15:07:22,313] {spark_submit_hook.py:479} INFO - 20/07/22 15:07:22 INFO SecurityManager: Changing modify acls to: bhakti
[2020-07-22 15:07:22,314] {logging_mixin.py:112} INFO - [2020-07-22 15:07:22,314] {spark_submit_hook.py:479} INFO - 20/07/22 15:07:22 INFO SecurityManager: Changing view acls groups to:
[2020-07-22 15:07:22,314] {logging_mixin.py:112} INFO - [2020-07-22 15:07:22,314] {spark_submit_hook.py:479} INFO - 20/07/22 15:07:22 INFO SecurityManager: Changing modify acls groups to:
[2020-07-22 15:07:22,315] {logging_mixin.py:112} INFO - [2020-07-22 15:07:22,315] {spark_submit_hook.py:479} INFO - 20/07/22 15:07:22 INFO SecurityManager: SecurityManager: authentication disabled; ui acls disabled; users  with view permissions: Set(bhakti); groups with view permissions: Set(); users  with modify permissions: Set(bhakti); groups with modify permissions: Set()
[2020-07-22 15:07:22,792] {logging_mixin.py:112} INFO - [2020-07-22 15:07:22,792] {spark_submit_hook.py:479} INFO - 20/07/22 15:07:22 INFO Utils: Successfully started service 'sparkDriver' on port 38991.
[2020-07-22 15:07:22,846] {logging_mixin.py:112} INFO - [2020-07-22 15:07:22,846] {spark_submit_hook.py:479} INFO - 20/07/22 15:07:22 INFO SparkEnv: Registering MapOutputTracker
[2020-07-22 15:07:22,901] {logging_mixin.py:112} INFO - [2020-07-22 15:07:22,900] {spark_submit_hook.py:479} INFO - 20/07/22 15:07:22 INFO SparkEnv: Registering BlockManagerMaster
[2020-07-22 15:07:22,937] {logging_mixin.py:112} INFO - [2020-07-22 15:07:22,937] {spark_submit_hook.py:479} INFO - 20/07/22 15:07:22 INFO BlockManagerMasterEndpoint: Using org.apache.spark.storage.DefaultTopologyMapper for getting topology information
[2020-07-22 15:07:22,939] {logging_mixin.py:112} INFO - [2020-07-22 15:07:22,938] {spark_submit_hook.py:479} INFO - 20/07/22 15:07:22 INFO BlockManagerMasterEndpoint: BlockManagerMasterEndpoint up
[2020-07-22 15:07:22,945] {logging_mixin.py:112} INFO - [2020-07-22 15:07:22,945] {spark_submit_hook.py:479} INFO - 20/07/22 15:07:22 INFO SparkEnv: Registering BlockManagerMasterHeartbeat
[2020-07-22 15:07:22,972] {logging_mixin.py:112} INFO - [2020-07-22 15:07:22,972] {spark_submit_hook.py:479} INFO - 20/07/22 15:07:22 INFO DiskBlockManager: Created local directory at /tmp/blockmgr-7827a23a-ee92-4556-bb5a-3abf1b21c02d
[2020-07-22 15:07:23,008] {logging_mixin.py:112} INFO - [2020-07-22 15:07:23,008] {spark_submit_hook.py:479} INFO - 20/07/22 15:07:23 INFO MemoryStore: MemoryStore started with capacity 366.3 MiB
[2020-07-22 15:07:23,035] {logging_mixin.py:112} INFO - [2020-07-22 15:07:23,035] {spark_submit_hook.py:479} INFO - 20/07/22 15:07:23 INFO SparkEnv: Registering OutputCommitCoordinator
[2020-07-22 15:07:23,431] {logging_mixin.py:112} INFO - [2020-07-22 15:07:23,431] {spark_submit_hook.py:479} INFO - 20/07/22 15:07:23 WARN Utils: Service 'SparkUI' could not bind on port 4040. Attempting port 4041.
[2020-07-22 15:07:23,446] {logging_mixin.py:112} INFO - [2020-07-22 15:07:23,446] {spark_submit_hook.py:479} INFO - 20/07/22 15:07:23 INFO Utils: Successfully started service 'SparkUI' on port 4041.
[2020-07-22 15:07:23,548] {logging_mixin.py:112} INFO - [2020-07-22 15:07:23,548] {spark_submit_hook.py:479} INFO - 20/07/22 15:07:23 INFO SparkUI: Bound SparkUI to 0.0.0.0, and started at http://192.168.43.94:4041
[2020-07-22 15:07:24,060] {logging_mixin.py:112} INFO - [2020-07-22 15:07:24,060] {spark_submit_hook.py:479} INFO - 20/07/22 15:07:24 INFO Executor: Starting executor ID driver on host 192.168.43.94
[2020-07-22 15:07:24,112] {logging_mixin.py:112} INFO - [2020-07-22 15:07:24,112] {spark_submit_hook.py:479} INFO - 20/07/22 15:07:24 INFO Utils: Successfully started service 'org.apache.spark.network.netty.NettyBlockTransferService' on port 34049.
[2020-07-22 15:07:24,113] {logging_mixin.py:112} INFO - [2020-07-22 15:07:24,113] {spark_submit_hook.py:479} INFO - 20/07/22 15:07:24 INFO NettyBlockTransferService: Server created on 192.168.43.94:34049
[2020-07-22 15:07:24,116] {logging_mixin.py:112} INFO - [2020-07-22 15:07:24,116] {spark_submit_hook.py:479} INFO - 20/07/22 15:07:24 INFO BlockManager: Using org.apache.spark.storage.RandomBlockReplicationPolicy for block replication policy
[2020-07-22 15:07:24,133] {logging_mixin.py:112} INFO - [2020-07-22 15:07:24,132] {spark_submit_hook.py:479} INFO - 20/07/22 15:07:24 INFO BlockManagerMaster: Registering BlockManager BlockManagerId(driver, 192.168.43.94, 34049, None)
[2020-07-22 15:07:24,144] {logging_mixin.py:112} INFO - [2020-07-22 15:07:24,143] {spark_submit_hook.py:479} INFO - 20/07/22 15:07:24 INFO BlockManagerMasterEndpoint: Registering block manager 192.168.43.94:34049 with 366.3 MiB RAM, BlockManagerId(driver, 192.168.43.94, 34049, None)
[2020-07-22 15:07:24,149] {logging_mixin.py:112} INFO - [2020-07-22 15:07:24,149] {spark_submit_hook.py:479} INFO - 20/07/22 15:07:24 INFO BlockManagerMaster: Registered BlockManager BlockManagerId(driver, 192.168.43.94, 34049, None)
[2020-07-22 15:07:24,152] {logging_mixin.py:112} INFO - [2020-07-22 15:07:24,151] {spark_submit_hook.py:479} INFO - 20/07/22 15:07:24 INFO BlockManager: Initialized BlockManager: BlockManagerId(driver, 192.168.43.94, 34049, None)
[2020-07-22 15:07:25,627] {logging_mixin.py:112} INFO - [2020-07-22 15:07:25,627] {spark_submit_hook.py:479} INFO - 20/07/22 15:07:25 INFO MemoryStore: Block broadcast_0 stored as values in memory (estimated size 241.5 KiB, free 366.1 MiB)
[2020-07-22 15:07:25,777] {logging_mixin.py:112} INFO - [2020-07-22 15:07:25,776] {spark_submit_hook.py:479} INFO - 20/07/22 15:07:25 INFO MemoryStore: Block broadcast_0_piece0 stored as bytes in memory (estimated size 23.4 KiB, free 366.0 MiB)
[2020-07-22 15:07:25,781] {logging_mixin.py:112} INFO - [2020-07-22 15:07:25,781] {spark_submit_hook.py:479} INFO - 20/07/22 15:07:25 INFO BlockManagerInfo: Added broadcast_0_piece0 in memory on 192.168.43.94:34049 (size: 23.4 KiB, free: 366.3 MiB)
[2020-07-22 15:07:25,790] {logging_mixin.py:112} INFO - [2020-07-22 15:07:25,789] {spark_submit_hook.py:479} INFO - 20/07/22 15:07:25 INFO SparkContext: Created broadcast 0 from textFile at NativeMethodAccessorImpl.java:0
[2020-07-22 15:07:26,110] {logging_mixin.py:112} INFO - [2020-07-22 15:07:26,110] {spark_submit_hook.py:479} INFO - 20/07/22 15:07:26 INFO FileInputFormat: Total input paths to process : 1
[2020-07-22 15:07:26,247] {logging_mixin.py:112} INFO - [2020-07-22 15:07:26,247] {spark_submit_hook.py:479} INFO - 20/07/22 15:07:26 INFO SparkContext: Starting job: collect at /home/bhakti/airflow/spark_jobs/python/spark_test.py:10
[2020-07-22 15:07:26,274] {logging_mixin.py:112} INFO - [2020-07-22 15:07:26,274] {spark_submit_hook.py:479} INFO - 20/07/22 15:07:26 INFO DAGScheduler: Got job 0 (collect at /home/bhakti/airflow/spark_jobs/python/spark_test.py:10) with 1 output partitions
[2020-07-22 15:07:26,275] {logging_mixin.py:112} INFO - [2020-07-22 15:07:26,275] {spark_submit_hook.py:479} INFO - 20/07/22 15:07:26 INFO DAGScheduler: Final stage: ResultStage 0 (collect at /home/bhakti/airflow/spark_jobs/python/spark_test.py:10)
[2020-07-22 15:07:26,276] {logging_mixin.py:112} INFO - [2020-07-22 15:07:26,276] {spark_submit_hook.py:479} INFO - 20/07/22 15:07:26 INFO DAGScheduler: Parents of final stage: List()
[2020-07-22 15:07:26,279] {logging_mixin.py:112} INFO - [2020-07-22 15:07:26,279] {spark_submit_hook.py:479} INFO - 20/07/22 15:07:26 INFO DAGScheduler: Missing parents: List()
[2020-07-22 15:07:26,295] {logging_mixin.py:112} INFO - [2020-07-22 15:07:26,294] {spark_submit_hook.py:479} INFO - 20/07/22 15:07:26 INFO DAGScheduler: Submitting ResultStage 0 (PythonRDD[2] at collect at /home/bhakti/airflow/spark_jobs/python/spark_test.py:10), which has no missing parents
[2020-07-22 15:07:26,346] {logging_mixin.py:112} INFO - [2020-07-22 15:07:26,346] {spark_submit_hook.py:479} INFO - 20/07/22 15:07:26 INFO MemoryStore: Block broadcast_1 stored as values in memory (estimated size 7.4 KiB, free 366.0 MiB)
[2020-07-22 15:07:26,363] {logging_mixin.py:112} INFO - [2020-07-22 15:07:26,363] {spark_submit_hook.py:479} INFO - 20/07/22 15:07:26 INFO MemoryStore: Block broadcast_1_piece0 stored as bytes in memory (estimated size 4.4 KiB, free 366.0 MiB)
[2020-07-22 15:07:26,367] {logging_mixin.py:112} INFO - [2020-07-22 15:07:26,367] {spark_submit_hook.py:479} INFO - 20/07/22 15:07:26 INFO BlockManagerInfo: Added broadcast_1_piece0 in memory on 192.168.43.94:34049 (size: 4.4 KiB, free: 366.3 MiB)
[2020-07-22 15:07:26,373] {logging_mixin.py:112} INFO - [2020-07-22 15:07:26,373] {spark_submit_hook.py:479} INFO - 20/07/22 15:07:26 INFO SparkContext: Created broadcast 1 from broadcast at DAGScheduler.scala:1200
[2020-07-22 15:07:26,449] {logging_mixin.py:112} INFO - [2020-07-22 15:07:26,447] {spark_submit_hook.py:479} INFO - 20/07/22 15:07:26 INFO DAGScheduler: Submitting 1 missing tasks from ResultStage 0 (PythonRDD[2] at collect at /home/bhakti/airflow/spark_jobs/python/spark_test.py:10) (first 15 tasks are for partitions Vector(0))
[2020-07-22 15:07:26,454] {logging_mixin.py:112} INFO - [2020-07-22 15:07:26,454] {spark_submit_hook.py:479} INFO - 20/07/22 15:07:26 INFO TaskSchedulerImpl: Adding task set 0.0 with 1 tasks
[2020-07-22 15:07:26,618] {logging_mixin.py:112} INFO - [2020-07-22 15:07:26,617] {spark_submit_hook.py:479} INFO - 20/07/22 15:07:26 INFO TaskSetManager: Starting task 0.0 in stage 0.0 (TID 0, 192.168.43.94, executor driver, partition 0, PROCESS_LOCAL, 7388 bytes)
[2020-07-22 15:07:26,660] {logging_mixin.py:112} INFO - [2020-07-22 15:07:26,660] {spark_submit_hook.py:479} INFO - 20/07/22 15:07:26 INFO Executor: Running task 0.0 in stage 0.0 (TID 0)
[2020-07-22 15:07:27,205] {logging_mixin.py:112} INFO - [2020-07-22 15:07:27,205] {spark_submit_hook.py:479} INFO - 20/07/22 15:07:27 INFO HadoopRDD: Input split: file:/home/bhakti/airflow/input_data/sample.csv:0+93
[2020-07-22 15:07:28,174] {logging_mixin.py:112} INFO - [2020-07-22 15:07:28,174] {spark_submit_hook.py:479} INFO - 20/07/22 15:07:28 INFO PythonRunner: Times: total = 934, boot = 910, init = 24, finish = 0
[2020-07-22 15:07:28,221] {logging_mixin.py:112} INFO - [2020-07-22 15:07:28,221] {spark_submit_hook.py:479} INFO - 20/07/22 15:07:28 INFO Executor: Finished task 0.0 in stage 0.0 (TID 0). 1732 bytes result sent to driver
[2020-07-22 15:07:28,241] {logging_mixin.py:112} INFO - [2020-07-22 15:07:28,241] {spark_submit_hook.py:479} INFO - 20/07/22 15:07:28 INFO TaskSetManager: Finished task 0.0 in stage 0.0 (TID 0) in 1654 ms on 192.168.43.94 (executor driver) (1/1)
[2020-07-22 15:07:28,246] {logging_mixin.py:112} INFO - [2020-07-22 15:07:28,245] {spark_submit_hook.py:479} INFO - 20/07/22 15:07:28 INFO TaskSchedulerImpl: Removed TaskSet 0.0, whose tasks have all completed, from pool
[2020-07-22 15:07:28,251] {logging_mixin.py:112} INFO - [2020-07-22 15:07:28,250] {spark_submit_hook.py:479} INFO - 20/07/22 15:07:28 INFO PythonAccumulatorV2: Connected to AccumulatorServer at host: 127.0.0.1 port: 33917
[2020-07-22 15:07:28,259] {logging_mixin.py:112} INFO - [2020-07-22 15:07:28,259] {spark_submit_hook.py:479} INFO - 20/07/22 15:07:28 INFO DAGScheduler: ResultStage 0 (collect at /home/bhakti/airflow/spark_jobs/python/spark_test.py:10) finished in 1.933 s
[2020-07-22 15:07:28,270] {logging_mixin.py:112} INFO - [2020-07-22 15:07:28,270] {spark_submit_hook.py:479} INFO - 20/07/22 15:07:28 INFO DAGScheduler: Job 0 is finished. Cancelling potential speculative or zombie tasks for this job
[2020-07-22 15:07:28,271] {logging_mixin.py:112} INFO - [2020-07-22 15:07:28,271] {spark_submit_hook.py:479} INFO - 20/07/22 15:07:28 INFO TaskSchedulerImpl: Killing all running tasks in stage 0: Stage finished
[2020-07-22 15:07:28,276] {logging_mixin.py:112} INFO - [2020-07-22 15:07:28,276] {spark_submit_hook.py:479} INFO - 20/07/22 15:07:28 INFO DAGScheduler: Job 0 finished: collect at /home/bhakti/airflow/spark_jobs/python/spark_test.py:10, took 2.028098 s
[2020-07-22 15:07:28,373] {logging_mixin.py:112} INFO - [2020-07-22 15:07:28,372] {spark_submit_hook.py:479} INFO - 20/07/22 15:07:28 INFO SparkContext: Invoking stop() from shutdown hook
[2020-07-22 15:07:28,398] {logging_mixin.py:112} INFO - [2020-07-22 15:07:28,398] {spark_submit_hook.py:479} INFO - 20/07/22 15:07:28 INFO SparkUI: Stopped Spark web UI at http://192.168.43.94:4041
[2020-07-22 15:07:28,573] {logging_mixin.py:112} INFO - [2020-07-22 15:07:28,572] {spark_submit_hook.py:479} INFO - 20/07/22 15:07:28 INFO BlockManagerInfo: Removed broadcast_1_piece0 on 192.168.43.94:34049 in memory (size: 4.4 KiB, free: 366.3 MiB)
[2020-07-22 15:07:28,621] {logging_mixin.py:112} INFO - [2020-07-22 15:07:28,620] {spark_submit_hook.py:479} INFO - 20/07/22 15:07:28 INFO MapOutputTrackerMasterEndpoint: MapOutputTrackerMasterEndpoint stopped!
[2020-07-22 15:07:28,652] {logging_mixin.py:112} INFO - [2020-07-22 15:07:28,652] {spark_submit_hook.py:479} INFO - 20/07/22 15:07:28 INFO MemoryStore: MemoryStore cleared
[2020-07-22 15:07:28,653] {logging_mixin.py:112} INFO - [2020-07-22 15:07:28,653] {spark_submit_hook.py:479} INFO - 20/07/22 15:07:28 INFO BlockManager: BlockManager stopped
[2020-07-22 15:07:28,664] {logging_mixin.py:112} INFO - [2020-07-22 15:07:28,664] {spark_submit_hook.py:479} INFO - 20/07/22 15:07:28 INFO BlockManagerMaster: BlockManagerMaster stopped
[2020-07-22 15:07:28,674] {logging_mixin.py:112} INFO - [2020-07-22 15:07:28,674] {spark_submit_hook.py:479} INFO - 20/07/22 15:07:28 INFO OutputCommitCoordinator$OutputCommitCoordinatorEndpoint: OutputCommitCoordinator stopped!
[2020-07-22 15:07:28,694] {logging_mixin.py:112} INFO - [2020-07-22 15:07:28,693] {spark_submit_hook.py:479} INFO - 20/07/22 15:07:28 INFO SparkContext: Successfully stopped SparkContext
[2020-07-22 15:07:28,697] {logging_mixin.py:112} INFO - [2020-07-22 15:07:28,696] {spark_submit_hook.py:479} INFO - 20/07/22 15:07:28 INFO ShutdownHookManager: Shutdown hook called
[2020-07-22 15:07:28,697] {logging_mixin.py:112} INFO - [2020-07-22 15:07:28,697] {spark_submit_hook.py:479} INFO - 20/07/22 15:07:28 INFO ShutdownHookManager: Deleting directory /tmp/spark-4bbc1c58-867d-4290-91fb-a4c611471d2e/pyspark-7d4c56ff-bbd4-4379-91c2-1396f42ddd19
[2020-07-22 15:07:28,702] {logging_mixin.py:112} INFO - [2020-07-22 15:07:28,701] {spark_submit_hook.py:479} INFO - 20/07/22 15:07:28 INFO ShutdownHookManager: Deleting directory /tmp/spark-4bbc1c58-867d-4290-91fb-a4c611471d2e
[2020-07-22 15:07:28,705] {logging_mixin.py:112} INFO - [2020-07-22 15:07:28,704] {spark_submit_hook.py:479} INFO - 20/07/22 15:07:28 INFO ShutdownHookManager: Deleting directory /tmp/spark-214d8f98-8752-498a-a06d-69c67caa5b26
[2020-07-22 15:07:28,817] {taskinstance.py:1052} INFO - Marking task as SUCCESS.dag_id=submit_data, task_id=spark_submit, execution_date=20200722T093615, start_date=20200722T093716, end_date=20200722T093728
[2020-07-22 15:07:31,791] {logging_mixin.py:112} INFO - [2020-07-22 15:07:31,791] {local_task_job.py:103} INFO - Task exited with return code 0
