[2020-07-22 18:30:20,726] {taskinstance.py:669} INFO - Dependencies all met for <TaskInstance: submit_data.spark_submit 2020-07-20T09:16:00+00:00 [queued]>
[2020-07-22 18:30:20,736] {taskinstance.py:669} INFO - Dependencies all met for <TaskInstance: submit_data.spark_submit 2020-07-20T09:16:00+00:00 [queued]>
[2020-07-22 18:30:20,737] {taskinstance.py:879} INFO - 
--------------------------------------------------------------------------------
[2020-07-22 18:30:20,737] {taskinstance.py:880} INFO - Starting attempt 1 of 1
[2020-07-22 18:30:20,737] {taskinstance.py:881} INFO - 
--------------------------------------------------------------------------------
[2020-07-22 18:30:20,906] {taskinstance.py:900} INFO - Executing <Task(SparkSubmitOperator): spark_submit> on 2020-07-20T09:16:00+00:00
[2020-07-22 18:30:20,914] {standard_task_runner.py:53} INFO - Started process 734355 to run task
[2020-07-22 18:30:21,184] {logging_mixin.py:112} INFO - Running %s on host %s <TaskInstance: submit_data.spark_submit 2020-07-20T09:16:00+00:00 [running]> bhakti-Vostro-3558
[2020-07-22 18:30:21,223] {logging_mixin.py:112} INFO - [2020-07-22 18:30:21,222] {base_hook.py:87} INFO - Using connection to: id: spark_local. Host: local, Port: None, Schema: None, Login: None, Password: None, extra: None
[2020-07-22 18:30:21,224] {logging_mixin.py:112} INFO - [2020-07-22 18:30:21,224] {spark_submit_hook.py:325} INFO - Spark-Submit cmd: spark-submit --master local --name airflow-spark /home/bhakti/airflow/spark_jobs/spark_test.py
[2020-07-22 18:30:25,271] {logging_mixin.py:112} INFO - [2020-07-22 18:30:25,270] {spark_submit_hook.py:479} INFO - 20/07/22 18:30:25 WARN Utils: Your hostname, bhakti-Vostro-3558 resolves to a loopback address: 127.0.1.1; using 192.168.43.94 instead (on interface wlp6s0)
[2020-07-22 18:30:25,271] {logging_mixin.py:112} INFO - [2020-07-22 18:30:25,271] {spark_submit_hook.py:479} INFO - 20/07/22 18:30:25 WARN Utils: Set SPARK_LOCAL_IP if you need to bind to another address
[2020-07-22 18:30:27,553] {logging_mixin.py:112} INFO - [2020-07-22 18:30:27,553] {spark_submit_hook.py:479} INFO - 20/07/22 18:30:27 WARN NativeCodeLoader: Unable to load native-hadoop library for your platform... using builtin-java classes where applicable
[2020-07-22 18:30:29,764] {logging_mixin.py:112} INFO - [2020-07-22 18:30:29,763] {spark_submit_hook.py:479} INFO - Using Spark's default log4j profile: org/apache/spark/log4j-defaults.properties
[2020-07-22 18:30:29,780] {logging_mixin.py:112} INFO - [2020-07-22 18:30:29,780] {spark_submit_hook.py:479} INFO - 20/07/22 18:30:29 INFO SparkContext: Running Spark version 3.0.0
[2020-07-22 18:30:29,866] {logging_mixin.py:112} INFO - [2020-07-22 18:30:29,866] {spark_submit_hook.py:479} INFO - 20/07/22 18:30:29 INFO ResourceUtils: ==============================================================
[2020-07-22 18:30:29,870] {logging_mixin.py:112} INFO - [2020-07-22 18:30:29,870] {spark_submit_hook.py:479} INFO - 20/07/22 18:30:29 INFO ResourceUtils: Resources for spark.driver:
[2020-07-22 18:30:29,870] {logging_mixin.py:112} INFO - [2020-07-22 18:30:29,870] {spark_submit_hook.py:479} INFO - 
[2020-07-22 18:30:29,871] {logging_mixin.py:112} INFO - [2020-07-22 18:30:29,871] {spark_submit_hook.py:479} INFO - 20/07/22 18:30:29 INFO ResourceUtils: ==============================================================
[2020-07-22 18:30:29,872] {logging_mixin.py:112} INFO - [2020-07-22 18:30:29,872] {spark_submit_hook.py:479} INFO - 20/07/22 18:30:29 INFO SparkContext: Submitted application: Spark_Test_Python
[2020-07-22 18:30:29,970] {logging_mixin.py:112} INFO - [2020-07-22 18:30:29,970] {spark_submit_hook.py:479} INFO - 20/07/22 18:30:29 INFO SecurityManager: Changing view acls to: bhakti
[2020-07-22 18:30:29,970] {logging_mixin.py:112} INFO - [2020-07-22 18:30:29,970] {spark_submit_hook.py:479} INFO - 20/07/22 18:30:29 INFO SecurityManager: Changing modify acls to: bhakti
[2020-07-22 18:30:29,971] {logging_mixin.py:112} INFO - [2020-07-22 18:30:29,970] {spark_submit_hook.py:479} INFO - 20/07/22 18:30:29 INFO SecurityManager: Changing view acls groups to:
[2020-07-22 18:30:29,971] {logging_mixin.py:112} INFO - [2020-07-22 18:30:29,971] {spark_submit_hook.py:479} INFO - 20/07/22 18:30:29 INFO SecurityManager: Changing modify acls groups to:
[2020-07-22 18:30:29,971] {logging_mixin.py:112} INFO - [2020-07-22 18:30:29,971] {spark_submit_hook.py:479} INFO - 20/07/22 18:30:29 INFO SecurityManager: SecurityManager: authentication disabled; ui acls disabled; users  with view permissions: Set(bhakti); groups with view permissions: Set(); users  with modify permissions: Set(bhakti); groups with modify permissions: Set()
[2020-07-22 18:30:30,478] {logging_mixin.py:112} INFO - [2020-07-22 18:30:30,478] {spark_submit_hook.py:479} INFO - 20/07/22 18:30:30 INFO Utils: Successfully started service 'sparkDriver' on port 42267.
[2020-07-22 18:30:30,522] {logging_mixin.py:112} INFO - [2020-07-22 18:30:30,522] {spark_submit_hook.py:479} INFO - 20/07/22 18:30:30 INFO SparkEnv: Registering MapOutputTracker
[2020-07-22 18:30:30,590] {logging_mixin.py:112} INFO - [2020-07-22 18:30:30,590] {spark_submit_hook.py:479} INFO - 20/07/22 18:30:30 INFO SparkEnv: Registering BlockManagerMaster
[2020-07-22 18:30:30,642] {logging_mixin.py:112} INFO - [2020-07-22 18:30:30,642] {spark_submit_hook.py:479} INFO - 20/07/22 18:30:30 INFO BlockManagerMasterEndpoint: Using org.apache.spark.storage.DefaultTopologyMapper for getting topology information
[2020-07-22 18:30:30,643] {logging_mixin.py:112} INFO - [2020-07-22 18:30:30,643] {spark_submit_hook.py:479} INFO - 20/07/22 18:30:30 INFO BlockManagerMasterEndpoint: BlockManagerMasterEndpoint up
[2020-07-22 18:30:30,656] {logging_mixin.py:112} INFO - [2020-07-22 18:30:30,655] {spark_submit_hook.py:479} INFO - 20/07/22 18:30:30 INFO SparkEnv: Registering BlockManagerMasterHeartbeat
[2020-07-22 18:30:30,705] {logging_mixin.py:112} INFO - [2020-07-22 18:30:30,704] {spark_submit_hook.py:479} INFO - 20/07/22 18:30:30 INFO DiskBlockManager: Created local directory at /tmp/blockmgr-f8825506-2227-464a-82e5-725c60b906b7
[2020-07-22 18:30:30,798] {logging_mixin.py:112} INFO - [2020-07-22 18:30:30,797] {spark_submit_hook.py:479} INFO - 20/07/22 18:30:30 INFO MemoryStore: MemoryStore started with capacity 366.3 MiB
[2020-07-22 18:30:30,840] {logging_mixin.py:112} INFO - [2020-07-22 18:30:30,840] {spark_submit_hook.py:479} INFO - 20/07/22 18:30:30 INFO SparkEnv: Registering OutputCommitCoordinator
[2020-07-22 18:30:31,357] {logging_mixin.py:112} INFO - [2020-07-22 18:30:31,357] {spark_submit_hook.py:479} INFO - 20/07/22 18:30:31 INFO Utils: Successfully started service 'SparkUI' on port 4040.
[2020-07-22 18:30:31,489] {logging_mixin.py:112} INFO - [2020-07-22 18:30:31,488] {spark_submit_hook.py:479} INFO - 20/07/22 18:30:31 INFO SparkUI: Bound SparkUI to 0.0.0.0, and started at http://192.168.43.94:4040
[2020-07-22 18:30:32,029] {logging_mixin.py:112} INFO - [2020-07-22 18:30:32,029] {spark_submit_hook.py:479} INFO - 20/07/22 18:30:32 INFO Executor: Starting executor ID driver on host 192.168.43.94
[2020-07-22 18:30:32,106] {logging_mixin.py:112} INFO - [2020-07-22 18:30:32,106] {spark_submit_hook.py:479} INFO - 20/07/22 18:30:32 INFO Utils: Successfully started service 'org.apache.spark.network.netty.NettyBlockTransferService' on port 44015.
[2020-07-22 18:30:32,107] {logging_mixin.py:112} INFO - [2020-07-22 18:30:32,107] {spark_submit_hook.py:479} INFO - 20/07/22 18:30:32 INFO NettyBlockTransferService: Server created on 192.168.43.94:44015
[2020-07-22 18:30:32,111] {logging_mixin.py:112} INFO - [2020-07-22 18:30:32,111] {spark_submit_hook.py:479} INFO - 20/07/22 18:30:32 INFO BlockManager: Using org.apache.spark.storage.RandomBlockReplicationPolicy for block replication policy
[2020-07-22 18:30:32,133] {logging_mixin.py:112} INFO - [2020-07-22 18:30:32,133] {spark_submit_hook.py:479} INFO - 20/07/22 18:30:32 INFO BlockManagerMaster: Registering BlockManager BlockManagerId(driver, 192.168.43.94, 44015, None)
[2020-07-22 18:30:32,143] {logging_mixin.py:112} INFO - [2020-07-22 18:30:32,143] {spark_submit_hook.py:479} INFO - 20/07/22 18:30:32 INFO BlockManagerMasterEndpoint: Registering block manager 192.168.43.94:44015 with 366.3 MiB RAM, BlockManagerId(driver, 192.168.43.94, 44015, None)
[2020-07-22 18:30:32,154] {logging_mixin.py:112} INFO - [2020-07-22 18:30:32,154] {spark_submit_hook.py:479} INFO - 20/07/22 18:30:32 INFO BlockManagerMaster: Registered BlockManager BlockManagerId(driver, 192.168.43.94, 44015, None)
[2020-07-22 18:30:32,155] {logging_mixin.py:112} INFO - [2020-07-22 18:30:32,155] {spark_submit_hook.py:479} INFO - 20/07/22 18:30:32 INFO BlockManager: Initialized BlockManager: BlockManagerId(driver, 192.168.43.94, 44015, None)
[2020-07-22 18:30:34,050] {logging_mixin.py:112} INFO - [2020-07-22 18:30:34,050] {spark_submit_hook.py:479} INFO - 20/07/22 18:30:34 INFO MemoryStore: Block broadcast_0 stored as values in memory (estimated size 241.5 KiB, free 366.1 MiB)
[2020-07-22 18:30:34,315] {logging_mixin.py:112} INFO - [2020-07-22 18:30:34,315] {spark_submit_hook.py:479} INFO - 20/07/22 18:30:34 INFO MemoryStore: Block broadcast_0_piece0 stored as bytes in memory (estimated size 23.4 KiB, free 366.0 MiB)
[2020-07-22 18:30:34,317] {logging_mixin.py:112} INFO - [2020-07-22 18:30:34,316] {spark_submit_hook.py:479} INFO - 20/07/22 18:30:34 INFO BlockManagerInfo: Added broadcast_0_piece0 in memory on 192.168.43.94:44015 (size: 23.4 KiB, free: 366.3 MiB)
[2020-07-22 18:30:34,339] {logging_mixin.py:112} INFO - [2020-07-22 18:30:34,338] {spark_submit_hook.py:479} INFO - 20/07/22 18:30:34 INFO SparkContext: Created broadcast 0 from textFile at NativeMethodAccessorImpl.java:0
[2020-07-22 18:30:34,670] {logging_mixin.py:112} INFO - [2020-07-22 18:30:34,669] {spark_submit_hook.py:479} INFO - 20/07/22 18:30:34 INFO FileInputFormat: Total input paths to process : 1
[2020-07-22 18:30:34,822] {logging_mixin.py:112} INFO - [2020-07-22 18:30:34,821] {spark_submit_hook.py:479} INFO - 20/07/22 18:30:34 INFO SparkContext: Starting job: collect at /home/bhakti/airflow/spark_jobs/spark_test.py:8
[2020-07-22 18:30:34,854] {logging_mixin.py:112} INFO - [2020-07-22 18:30:34,854] {spark_submit_hook.py:479} INFO - 20/07/22 18:30:34 INFO DAGScheduler: Got job 0 (collect at /home/bhakti/airflow/spark_jobs/spark_test.py:8) with 1 output partitions
[2020-07-22 18:30:34,855] {logging_mixin.py:112} INFO - [2020-07-22 18:30:34,855] {spark_submit_hook.py:479} INFO - 20/07/22 18:30:34 INFO DAGScheduler: Final stage: ResultStage 0 (collect at /home/bhakti/airflow/spark_jobs/spark_test.py:8)
[2020-07-22 18:30:34,856] {logging_mixin.py:112} INFO - [2020-07-22 18:30:34,856] {spark_submit_hook.py:479} INFO - 20/07/22 18:30:34 INFO DAGScheduler: Parents of final stage: List()
[2020-07-22 18:30:34,860] {logging_mixin.py:112} INFO - [2020-07-22 18:30:34,859] {spark_submit_hook.py:479} INFO - 20/07/22 18:30:34 INFO DAGScheduler: Missing parents: List()
[2020-07-22 18:30:34,879] {logging_mixin.py:112} INFO - [2020-07-22 18:30:34,878] {spark_submit_hook.py:479} INFO - 20/07/22 18:30:34 INFO DAGScheduler: Submitting ResultStage 0 (PythonRDD[2] at collect at /home/bhakti/airflow/spark_jobs/spark_test.py:8), which has no missing parents
[2020-07-22 18:30:34,990] {logging_mixin.py:112} INFO - [2020-07-22 18:30:34,990] {spark_submit_hook.py:479} INFO - 20/07/22 18:30:34 INFO MemoryStore: Block broadcast_1 stored as values in memory (estimated size 7.4 KiB, free 366.0 MiB)
[2020-07-22 18:30:35,009] {logging_mixin.py:112} INFO - [2020-07-22 18:30:35,008] {spark_submit_hook.py:479} INFO - 20/07/22 18:30:34 INFO MemoryStore: Block broadcast_1_piece0 stored as bytes in memory (estimated size 4.4 KiB, free 366.0 MiB)
[2020-07-22 18:30:35,014] {logging_mixin.py:112} INFO - [2020-07-22 18:30:35,013] {spark_submit_hook.py:479} INFO - 20/07/22 18:30:35 INFO BlockManagerInfo: Added broadcast_1_piece0 in memory on 192.168.43.94:44015 (size: 4.4 KiB, free: 366.3 MiB)
[2020-07-22 18:30:35,028] {logging_mixin.py:112} INFO - [2020-07-22 18:30:35,028] {spark_submit_hook.py:479} INFO - 20/07/22 18:30:35 INFO SparkContext: Created broadcast 1 from broadcast at DAGScheduler.scala:1200
[2020-07-22 18:30:35,105] {logging_mixin.py:112} INFO - [2020-07-22 18:30:35,105] {spark_submit_hook.py:479} INFO - 20/07/22 18:30:35 INFO DAGScheduler: Submitting 1 missing tasks from ResultStage 0 (PythonRDD[2] at collect at /home/bhakti/airflow/spark_jobs/spark_test.py:8) (first 15 tasks are for partitions Vector(0))
[2020-07-22 18:30:35,105] {logging_mixin.py:112} INFO - [2020-07-22 18:30:35,105] {spark_submit_hook.py:479} INFO - 20/07/22 18:30:35 INFO TaskSchedulerImpl: Adding task set 0.0 with 1 tasks
[2020-07-22 18:30:35,261] {logging_mixin.py:112} INFO - [2020-07-22 18:30:35,260] {spark_submit_hook.py:479} INFO - 20/07/22 18:30:35 INFO TaskSetManager: Starting task 0.0 in stage 0.0 (TID 0, 192.168.43.94, executor driver, partition 0, PROCESS_LOCAL, 7388 bytes)
[2020-07-22 18:30:35,324] {logging_mixin.py:112} INFO - [2020-07-22 18:30:35,324] {spark_submit_hook.py:479} INFO - 20/07/22 18:30:35 INFO Executor: Running task 0.0 in stage 0.0 (TID 0)
[2020-07-22 18:30:36,950] {logging_mixin.py:112} INFO - [2020-07-22 18:30:36,950] {spark_submit_hook.py:479} INFO - 20/07/22 18:30:36 INFO HadoopRDD: Input split: file:/home/bhakti/airflow/input_data/sample.csv:0+93
[2020-07-22 18:30:37,733] {logging_mixin.py:112} INFO - [2020-07-22 18:30:37,733] {spark_submit_hook.py:479} INFO - 20/07/22 18:30:37 INFO PythonRunner: Times: total = 744, boot = 725, init = 19, finish = 0
[2020-07-22 18:30:37,769] {logging_mixin.py:112} INFO - [2020-07-22 18:30:37,769] {spark_submit_hook.py:479} INFO - 20/07/22 18:30:37 INFO Executor: Finished task 0.0 in stage 0.0 (TID 0). 1779 bytes result sent to driver
[2020-07-22 18:30:37,795] {logging_mixin.py:112} INFO - [2020-07-22 18:30:37,795] {spark_submit_hook.py:479} INFO - 20/07/22 18:30:37 INFO TaskSetManager: Finished task 0.0 in stage 0.0 (TID 0) in 2577 ms on 192.168.43.94 (executor driver) (1/1)
[2020-07-22 18:30:37,830] {logging_mixin.py:112} INFO - [2020-07-22 18:30:37,830] {spark_submit_hook.py:479} INFO - 20/07/22 18:30:37 INFO PythonAccumulatorV2: Connected to AccumulatorServer at host: 127.0.0.1 port: 52215
[2020-07-22 18:30:37,832] {logging_mixin.py:112} INFO - [2020-07-22 18:30:37,832] {spark_submit_hook.py:479} INFO - 20/07/22 18:30:37 INFO TaskSchedulerImpl: Removed TaskSet 0.0, whose tasks have all completed, from pool
[2020-07-22 18:30:37,846] {logging_mixin.py:112} INFO - [2020-07-22 18:30:37,846] {spark_submit_hook.py:479} INFO - 20/07/22 18:30:37 INFO DAGScheduler: ResultStage 0 (collect at /home/bhakti/airflow/spark_jobs/spark_test.py:8) finished in 2.900 s
[2020-07-22 18:30:37,880] {logging_mixin.py:112} INFO - [2020-07-22 18:30:37,879] {spark_submit_hook.py:479} INFO - 20/07/22 18:30:37 INFO DAGScheduler: Job 0 is finished. Cancelling potential speculative or zombie tasks for this job
[2020-07-22 18:30:37,881] {logging_mixin.py:112} INFO - [2020-07-22 18:30:37,881] {spark_submit_hook.py:479} INFO - 20/07/22 18:30:37 INFO TaskSchedulerImpl: Killing all running tasks in stage 0: Stage finished
[2020-07-22 18:30:37,894] {logging_mixin.py:112} INFO - [2020-07-22 18:30:37,894] {spark_submit_hook.py:479} INFO - 20/07/22 18:30:37 INFO DAGScheduler: Job 0 finished: collect at /home/bhakti/airflow/spark_jobs/spark_test.py:8, took 3.071111 s
[2020-07-22 18:30:37,932] {logging_mixin.py:112} INFO - [2020-07-22 18:30:37,931] {spark_submit_hook.py:479} INFO - [('PERSON', 'JOINING_YEAR', 'COMPANY'), ('John', '2018', 'Google'), ('Sam', '2017', 'IBM'), ('Jeff', '2014', 'Yahoo'), ('Allen', '2015', 'Facebook')]
[2020-07-22 18:30:38,894] {logging_mixin.py:112} INFO - [2020-07-22 18:30:38,893] {spark_submit_hook.py:479} INFO - 20/07/22 18:30:38 INFO BlockManagerInfo: Removed broadcast_0_piece0 on 192.168.43.94:44015 in memory (size: 23.4 KiB, free: 366.3 MiB)
[2020-07-22 18:30:38,924] {logging_mixin.py:112} INFO - [2020-07-22 18:30:38,923] {spark_submit_hook.py:479} INFO - 20/07/22 18:30:38 INFO BlockManagerInfo: Removed broadcast_1_piece0 on 192.168.43.94:44015 in memory (size: 4.4 KiB, free: 366.3 MiB)
[2020-07-22 18:30:39,109] {logging_mixin.py:112} INFO - [2020-07-22 18:30:39,108] {spark_submit_hook.py:479} INFO - 20/07/22 18:30:39 INFO SharedState: Setting hive.metastore.warehouse.dir ('null') to the value of spark.sql.warehouse.dir ('file:/home/bhakti/airflow/spark-warehouse').
[2020-07-22 18:30:39,110] {logging_mixin.py:112} INFO - [2020-07-22 18:30:39,110] {spark_submit_hook.py:479} INFO - 20/07/22 18:30:39 INFO SharedState: Warehouse path is 'file:/home/bhakti/airflow/spark-warehouse'.
[2020-07-22 18:30:45,095] {logging_mixin.py:112} INFO - [2020-07-22 18:30:45,095] {spark_submit_hook.py:479} INFO - 20/07/22 18:30:45 INFO CodeGenerator: Code generated in 501.778324 ms
[2020-07-22 18:30:45,193] {logging_mixin.py:112} INFO - [2020-07-22 18:30:45,193] {spark_submit_hook.py:479} INFO - 20/07/22 18:30:45 INFO SparkContext: Starting job: showString at NativeMethodAccessorImpl.java:0
[2020-07-22 18:30:45,197] {logging_mixin.py:112} INFO - [2020-07-22 18:30:45,197] {spark_submit_hook.py:479} INFO - 20/07/22 18:30:45 INFO DAGScheduler: Got job 1 (showString at NativeMethodAccessorImpl.java:0) with 1 output partitions
[2020-07-22 18:30:45,198] {logging_mixin.py:112} INFO - [2020-07-22 18:30:45,198] {spark_submit_hook.py:479} INFO - 20/07/22 18:30:45 INFO DAGScheduler: Final stage: ResultStage 1 (showString at NativeMethodAccessorImpl.java:0)
[2020-07-22 18:30:45,198] {logging_mixin.py:112} INFO - [2020-07-22 18:30:45,198] {spark_submit_hook.py:479} INFO - 20/07/22 18:30:45 INFO DAGScheduler: Parents of final stage: List()
[2020-07-22 18:30:45,200] {logging_mixin.py:112} INFO - [2020-07-22 18:30:45,200] {spark_submit_hook.py:479} INFO - 20/07/22 18:30:45 INFO DAGScheduler: Missing parents: List()
[2020-07-22 18:30:45,209] {logging_mixin.py:112} INFO - [2020-07-22 18:30:45,208] {spark_submit_hook.py:479} INFO - 20/07/22 18:30:45 INFO DAGScheduler: Submitting ResultStage 1 (MapPartitionsRDD[9] at showString at NativeMethodAccessorImpl.java:0), which has no missing parents
[2020-07-22 18:30:45,241] {logging_mixin.py:112} INFO - [2020-07-22 18:30:45,241] {spark_submit_hook.py:479} INFO - 20/07/22 18:30:45 INFO MemoryStore: Block broadcast_2 stored as values in memory (estimated size 11.2 KiB, free 366.3 MiB)
[2020-07-22 18:30:45,246] {logging_mixin.py:112} INFO - [2020-07-22 18:30:45,245] {spark_submit_hook.py:479} INFO - 20/07/22 18:30:45 INFO MemoryStore: Block broadcast_2_piece0 stored as bytes in memory (estimated size 5.8 KiB, free 366.3 MiB)
[2020-07-22 18:30:45,248] {logging_mixin.py:112} INFO - [2020-07-22 18:30:45,248] {spark_submit_hook.py:479} INFO - 20/07/22 18:30:45 INFO BlockManagerInfo: Added broadcast_2_piece0 in memory on 192.168.43.94:44015 (size: 5.8 KiB, free: 366.3 MiB)
[2020-07-22 18:30:45,250] {logging_mixin.py:112} INFO - [2020-07-22 18:30:45,250] {spark_submit_hook.py:479} INFO - 20/07/22 18:30:45 INFO SparkContext: Created broadcast 2 from broadcast at DAGScheduler.scala:1200
[2020-07-22 18:30:45,256] {logging_mixin.py:112} INFO - [2020-07-22 18:30:45,256] {spark_submit_hook.py:479} INFO - 20/07/22 18:30:45 INFO DAGScheduler: Submitting 1 missing tasks from ResultStage 1 (MapPartitionsRDD[9] at showString at NativeMethodAccessorImpl.java:0) (first 15 tasks are for partitions Vector(0))
[2020-07-22 18:30:45,256] {logging_mixin.py:112} INFO - [2020-07-22 18:30:45,256] {spark_submit_hook.py:479} INFO - 20/07/22 18:30:45 INFO TaskSchedulerImpl: Adding task set 1.0 with 1 tasks
[2020-07-22 18:30:45,294] {logging_mixin.py:112} INFO - [2020-07-22 18:30:45,294] {spark_submit_hook.py:479} INFO - 20/07/22 18:30:45 INFO TaskSetManager: Starting task 0.0 in stage 1.0 (TID 1, 192.168.43.94, executor driver, partition 0, PROCESS_LOCAL, 7493 bytes)
[2020-07-22 18:30:45,300] {logging_mixin.py:112} INFO - [2020-07-22 18:30:45,300] {spark_submit_hook.py:479} INFO - 20/07/22 18:30:45 INFO Executor: Running task 0.0 in stage 1.0 (TID 1)
[2020-07-22 18:30:45,482] {logging_mixin.py:112} INFO - [2020-07-22 18:30:45,481] {spark_submit_hook.py:479} INFO - 20/07/22 18:30:45 INFO PythonRunner: Times: total = 19, boot = -7677, init = 7696, finish = 0
[2020-07-22 18:30:45,487] {logging_mixin.py:112} INFO - [2020-07-22 18:30:45,487] {spark_submit_hook.py:479} INFO - 20/07/22 18:30:45 INFO Executor: Finished task 0.0 in stage 1.0 (TID 1). 2235 bytes result sent to driver
[2020-07-22 18:30:45,491] {logging_mixin.py:112} INFO - [2020-07-22 18:30:45,491] {spark_submit_hook.py:479} INFO - 20/07/22 18:30:45 INFO TaskSetManager: Finished task 0.0 in stage 1.0 (TID 1) in 230 ms on 192.168.43.94 (executor driver) (1/1)
[2020-07-22 18:30:45,492] {logging_mixin.py:112} INFO - [2020-07-22 18:30:45,492] {spark_submit_hook.py:479} INFO - 20/07/22 18:30:45 INFO TaskSchedulerImpl: Removed TaskSet 1.0, whose tasks have all completed, from pool
[2020-07-22 18:30:45,497] {logging_mixin.py:112} INFO - [2020-07-22 18:30:45,496] {spark_submit_hook.py:479} INFO - 20/07/22 18:30:45 INFO DAGScheduler: ResultStage 1 (showString at NativeMethodAccessorImpl.java:0) finished in 0.276 s
[2020-07-22 18:30:45,497] {logging_mixin.py:112} INFO - [2020-07-22 18:30:45,497] {spark_submit_hook.py:479} INFO - 20/07/22 18:30:45 INFO DAGScheduler: Job 1 is finished. Cancelling potential speculative or zombie tasks for this job
[2020-07-22 18:30:45,498] {logging_mixin.py:112} INFO - [2020-07-22 18:30:45,498] {spark_submit_hook.py:479} INFO - 20/07/22 18:30:45 INFO TaskSchedulerImpl: Killing all running tasks in stage 1: Stage finished
[2020-07-22 18:30:45,498] {logging_mixin.py:112} INFO - [2020-07-22 18:30:45,498] {spark_submit_hook.py:479} INFO - 20/07/22 18:30:45 INFO DAGScheduler: Job 1 finished: showString at NativeMethodAccessorImpl.java:0, took 0.302634 s
[2020-07-22 18:30:45,677] {logging_mixin.py:112} INFO - [2020-07-22 18:30:45,677] {spark_submit_hook.py:479} INFO - 20/07/22 18:30:45 INFO CodeGenerator: Code generated in 76.085274 ms
[2020-07-22 18:30:45,725] {logging_mixin.py:112} INFO - [2020-07-22 18:30:45,725] {spark_submit_hook.py:479} INFO - +------+------------+--------+
[2020-07-22 18:30:45,726] {logging_mixin.py:112} INFO - [2020-07-22 18:30:45,725] {spark_submit_hook.py:479} INFO - |    _1|          _2|      _3|
[2020-07-22 18:30:45,726] {logging_mixin.py:112} INFO - [2020-07-22 18:30:45,726] {spark_submit_hook.py:479} INFO - +------+------------+--------+
[2020-07-22 18:30:45,726] {logging_mixin.py:112} INFO - [2020-07-22 18:30:45,726] {spark_submit_hook.py:479} INFO - |PERSON|JOINING_YEAR| COMPANY|
[2020-07-22 18:30:45,727] {logging_mixin.py:112} INFO - [2020-07-22 18:30:45,726] {spark_submit_hook.py:479} INFO - |  John|        2018|  Google|
[2020-07-22 18:30:45,727] {logging_mixin.py:112} INFO - [2020-07-22 18:30:45,727] {spark_submit_hook.py:479} INFO - |   Sam|        2017|     IBM|
[2020-07-22 18:30:45,728] {logging_mixin.py:112} INFO - [2020-07-22 18:30:45,727] {spark_submit_hook.py:479} INFO - |  Jeff|        2014|   Yahoo|
[2020-07-22 18:30:45,729] {logging_mixin.py:112} INFO - [2020-07-22 18:30:45,728] {spark_submit_hook.py:479} INFO - | Allen|        2015|Facebook|
[2020-07-22 18:30:45,729] {logging_mixin.py:112} INFO - [2020-07-22 18:30:45,729] {spark_submit_hook.py:479} INFO - +------+------------+--------+
[2020-07-22 18:30:45,730] {logging_mixin.py:112} INFO - [2020-07-22 18:30:45,729] {spark_submit_hook.py:479} INFO - 
[2020-07-22 18:30:45,871] {logging_mixin.py:112} INFO - [2020-07-22 18:30:45,870] {spark_submit_hook.py:479} INFO - 20/07/22 18:30:45 INFO SparkContext: Invoking stop() from shutdown hook
[2020-07-22 18:30:45,888] {logging_mixin.py:112} INFO - [2020-07-22 18:30:45,887] {spark_submit_hook.py:479} INFO - 20/07/22 18:30:45 INFO SparkUI: Stopped Spark web UI at http://192.168.43.94:4040
[2020-07-22 18:30:45,914] {logging_mixin.py:112} INFO - [2020-07-22 18:30:45,913] {spark_submit_hook.py:479} INFO - 20/07/22 18:30:45 INFO MapOutputTrackerMasterEndpoint: MapOutputTrackerMasterEndpoint stopped!
[2020-07-22 18:30:45,944] {logging_mixin.py:112} INFO - [2020-07-22 18:30:45,944] {spark_submit_hook.py:479} INFO - 20/07/22 18:30:45 INFO MemoryStore: MemoryStore cleared
[2020-07-22 18:30:45,945] {logging_mixin.py:112} INFO - [2020-07-22 18:30:45,945] {spark_submit_hook.py:479} INFO - 20/07/22 18:30:45 INFO BlockManager: BlockManager stopped
[2020-07-22 18:30:45,952] {logging_mixin.py:112} INFO - [2020-07-22 18:30:45,951] {spark_submit_hook.py:479} INFO - 20/07/22 18:30:45 INFO BlockManagerMaster: BlockManagerMaster stopped
[2020-07-22 18:30:45,958] {logging_mixin.py:112} INFO - [2020-07-22 18:30:45,958] {spark_submit_hook.py:479} INFO - 20/07/22 18:30:45 INFO OutputCommitCoordinator$OutputCommitCoordinatorEndpoint: OutputCommitCoordinator stopped!
[2020-07-22 18:30:45,968] {logging_mixin.py:112} INFO - [2020-07-22 18:30:45,968] {spark_submit_hook.py:479} INFO - 20/07/22 18:30:45 INFO SparkContext: Successfully stopped SparkContext
[2020-07-22 18:30:45,969] {logging_mixin.py:112} INFO - [2020-07-22 18:30:45,969] {spark_submit_hook.py:479} INFO - 20/07/22 18:30:45 INFO ShutdownHookManager: Shutdown hook called
[2020-07-22 18:30:45,971] {logging_mixin.py:112} INFO - [2020-07-22 18:30:45,971] {spark_submit_hook.py:479} INFO - 20/07/22 18:30:45 INFO ShutdownHookManager: Deleting directory /tmp/spark-cf9f1d0e-7573-4af3-ab2c-3c4c71f51205
[2020-07-22 18:30:45,974] {logging_mixin.py:112} INFO - [2020-07-22 18:30:45,974] {spark_submit_hook.py:479} INFO - 20/07/22 18:30:45 INFO ShutdownHookManager: Deleting directory /tmp/spark-4dfc9395-bc57-43c3-afb7-84554c95b2b2
[2020-07-22 18:30:45,979] {logging_mixin.py:112} INFO - [2020-07-22 18:30:45,978] {spark_submit_hook.py:479} INFO - 20/07/22 18:30:45 INFO ShutdownHookManager: Deleting directory /tmp/spark-4dfc9395-bc57-43c3-afb7-84554c95b2b2/pyspark-866a2d0f-64de-4abc-a494-5cadcb520dc3
[2020-07-22 18:30:46,283] {taskinstance.py:1052} INFO - Marking task as SUCCESS.dag_id=submit_data, task_id=spark_submit, execution_date=20200720T091600, start_date=20200722T130020, end_date=20200722T130046
[2020-07-22 18:30:51,257] {logging_mixin.py:112} INFO - [2020-07-22 18:30:51,257] {local_task_job.py:103} INFO - Task exited with return code 0
