[2020-07-22 18:20:24,971] {taskinstance.py:669} INFO - Dependencies all met for <TaskInstance: submit_data.spark_submit 2020-07-20T09:02:00+00:00 [queued]>
[2020-07-22 18:20:24,989] {taskinstance.py:669} INFO - Dependencies all met for <TaskInstance: submit_data.spark_submit 2020-07-20T09:02:00+00:00 [queued]>
[2020-07-22 18:20:24,990] {taskinstance.py:879} INFO - 
--------------------------------------------------------------------------------
[2020-07-22 18:20:24,990] {taskinstance.py:880} INFO - Starting attempt 1 of 1
[2020-07-22 18:20:24,990] {taskinstance.py:881} INFO - 
--------------------------------------------------------------------------------
[2020-07-22 18:20:25,168] {taskinstance.py:900} INFO - Executing <Task(SparkSubmitOperator): spark_submit> on 2020-07-20T09:02:00+00:00
[2020-07-22 18:20:25,171] {standard_task_runner.py:53} INFO - Started process 721704 to run task
[2020-07-22 18:20:25,397] {logging_mixin.py:112} INFO - Running %s on host %s <TaskInstance: submit_data.spark_submit 2020-07-20T09:02:00+00:00 [running]> bhakti-Vostro-3558
[2020-07-22 18:20:25,452] {logging_mixin.py:112} INFO - [2020-07-22 18:20:25,452] {base_hook.py:87} INFO - Using connection to: id: spark_local. Host: local, Port: None, Schema: None, Login: None, Password: None, extra: None
[2020-07-22 18:20:25,454] {logging_mixin.py:112} INFO - [2020-07-22 18:20:25,454] {spark_submit_hook.py:325} INFO - Spark-Submit cmd: spark-submit --master local --name airflow-spark /home/bhakti/airflow/spark_jobs/spark_test.py
[2020-07-22 18:20:28,349] {logging_mixin.py:112} INFO - [2020-07-22 18:20:28,349] {spark_submit_hook.py:479} INFO - 20/07/22 18:20:28 WARN Utils: Your hostname, bhakti-Vostro-3558 resolves to a loopback address: 127.0.1.1; using 192.168.43.94 instead (on interface wlp6s0)
[2020-07-22 18:20:28,352] {logging_mixin.py:112} INFO - [2020-07-22 18:20:28,352] {spark_submit_hook.py:479} INFO - 20/07/22 18:20:28 WARN Utils: Set SPARK_LOCAL_IP if you need to bind to another address
[2020-07-22 18:20:30,135] {logging_mixin.py:112} INFO - [2020-07-22 18:20:30,134] {spark_submit_hook.py:479} INFO - 20/07/22 18:20:30 WARN NativeCodeLoader: Unable to load native-hadoop library for your platform... using builtin-java classes where applicable
[2020-07-22 18:20:32,126] {logging_mixin.py:112} INFO - [2020-07-22 18:20:32,126] {spark_submit_hook.py:479} INFO - Using Spark's default log4j profile: org/apache/spark/log4j-defaults.properties
[2020-07-22 18:20:32,142] {logging_mixin.py:112} INFO - [2020-07-22 18:20:32,142] {spark_submit_hook.py:479} INFO - 20/07/22 18:20:32 INFO SparkContext: Running Spark version 3.0.0
[2020-07-22 18:20:32,216] {logging_mixin.py:112} INFO - [2020-07-22 18:20:32,216] {spark_submit_hook.py:479} INFO - 20/07/22 18:20:32 INFO ResourceUtils: ==============================================================
[2020-07-22 18:20:32,218] {logging_mixin.py:112} INFO - [2020-07-22 18:20:32,218] {spark_submit_hook.py:479} INFO - 20/07/22 18:20:32 INFO ResourceUtils: Resources for spark.driver:
[2020-07-22 18:20:32,219] {logging_mixin.py:112} INFO - [2020-07-22 18:20:32,219] {spark_submit_hook.py:479} INFO - 
[2020-07-22 18:20:32,219] {logging_mixin.py:112} INFO - [2020-07-22 18:20:32,219] {spark_submit_hook.py:479} INFO - 20/07/22 18:20:32 INFO ResourceUtils: ==============================================================
[2020-07-22 18:20:32,220] {logging_mixin.py:112} INFO - [2020-07-22 18:20:32,220] {spark_submit_hook.py:479} INFO - 20/07/22 18:20:32 INFO SparkContext: Submitted application: Spark_Test_Python
[2020-07-22 18:20:32,314] {logging_mixin.py:112} INFO - [2020-07-22 18:20:32,314] {spark_submit_hook.py:479} INFO - 20/07/22 18:20:32 INFO SecurityManager: Changing view acls to: bhakti
[2020-07-22 18:20:32,315] {logging_mixin.py:112} INFO - [2020-07-22 18:20:32,314] {spark_submit_hook.py:479} INFO - 20/07/22 18:20:32 INFO SecurityManager: Changing modify acls to: bhakti
[2020-07-22 18:20:32,315] {logging_mixin.py:112} INFO - [2020-07-22 18:20:32,315] {spark_submit_hook.py:479} INFO - 20/07/22 18:20:32 INFO SecurityManager: Changing view acls groups to:
[2020-07-22 18:20:32,315] {logging_mixin.py:112} INFO - [2020-07-22 18:20:32,315] {spark_submit_hook.py:479} INFO - 20/07/22 18:20:32 INFO SecurityManager: Changing modify acls groups to:
[2020-07-22 18:20:32,316] {logging_mixin.py:112} INFO - [2020-07-22 18:20:32,315] {spark_submit_hook.py:479} INFO - 20/07/22 18:20:32 INFO SecurityManager: SecurityManager: authentication disabled; ui acls disabled; users  with view permissions: Set(bhakti); groups with view permissions: Set(); users  with modify permissions: Set(bhakti); groups with modify permissions: Set()
[2020-07-22 18:20:32,803] {logging_mixin.py:112} INFO - [2020-07-22 18:20:32,803] {spark_submit_hook.py:479} INFO - 20/07/22 18:20:32 INFO Utils: Successfully started service 'sparkDriver' on port 37721.
[2020-07-22 18:20:32,847] {logging_mixin.py:112} INFO - [2020-07-22 18:20:32,847] {spark_submit_hook.py:479} INFO - 20/07/22 18:20:32 INFO SparkEnv: Registering MapOutputTracker
[2020-07-22 18:20:32,909] {logging_mixin.py:112} INFO - [2020-07-22 18:20:32,909] {spark_submit_hook.py:479} INFO - 20/07/22 18:20:32 INFO SparkEnv: Registering BlockManagerMaster
[2020-07-22 18:20:32,952] {logging_mixin.py:112} INFO - [2020-07-22 18:20:32,951] {spark_submit_hook.py:479} INFO - 20/07/22 18:20:32 INFO BlockManagerMasterEndpoint: Using org.apache.spark.storage.DefaultTopologyMapper for getting topology information
[2020-07-22 18:20:32,961] {logging_mixin.py:112} INFO - [2020-07-22 18:20:32,960] {spark_submit_hook.py:479} INFO - 20/07/22 18:20:32 INFO BlockManagerMasterEndpoint: BlockManagerMasterEndpoint up
[2020-07-22 18:20:32,987] {logging_mixin.py:112} INFO - [2020-07-22 18:20:32,986] {spark_submit_hook.py:479} INFO - 20/07/22 18:20:32 INFO SparkEnv: Registering BlockManagerMasterHeartbeat
[2020-07-22 18:20:33,017] {logging_mixin.py:112} INFO - [2020-07-22 18:20:33,016] {spark_submit_hook.py:479} INFO - 20/07/22 18:20:33 INFO DiskBlockManager: Created local directory at /tmp/blockmgr-5dc33a90-6534-4d06-bc8a-ec3baa594092
[2020-07-22 18:20:33,061] {logging_mixin.py:112} INFO - [2020-07-22 18:20:33,061] {spark_submit_hook.py:479} INFO - 20/07/22 18:20:33 INFO MemoryStore: MemoryStore started with capacity 366.3 MiB
[2020-07-22 18:20:33,094] {logging_mixin.py:112} INFO - [2020-07-22 18:20:33,094] {spark_submit_hook.py:479} INFO - 20/07/22 18:20:33 INFO SparkEnv: Registering OutputCommitCoordinator
[2020-07-22 18:20:33,502] {logging_mixin.py:112} INFO - [2020-07-22 18:20:33,501] {spark_submit_hook.py:479} INFO - 20/07/22 18:20:33 INFO Utils: Successfully started service 'SparkUI' on port 4040.
[2020-07-22 18:20:33,624] {logging_mixin.py:112} INFO - [2020-07-22 18:20:33,624] {spark_submit_hook.py:479} INFO - 20/07/22 18:20:33 INFO SparkUI: Bound SparkUI to 0.0.0.0, and started at http://192.168.43.94:4040
[2020-07-22 18:20:34,025] {logging_mixin.py:112} INFO - [2020-07-22 18:20:34,025] {spark_submit_hook.py:479} INFO - 20/07/22 18:20:34 INFO Executor: Starting executor ID driver on host 192.168.43.94
[2020-07-22 18:20:34,070] {logging_mixin.py:112} INFO - [2020-07-22 18:20:34,070] {spark_submit_hook.py:479} INFO - 20/07/22 18:20:34 INFO Utils: Successfully started service 'org.apache.spark.network.netty.NettyBlockTransferService' on port 45381.
[2020-07-22 18:20:34,071] {logging_mixin.py:112} INFO - [2020-07-22 18:20:34,071] {spark_submit_hook.py:479} INFO - 20/07/22 18:20:34 INFO NettyBlockTransferService: Server created on 192.168.43.94:45381
[2020-07-22 18:20:34,074] {logging_mixin.py:112} INFO - [2020-07-22 18:20:34,074] {spark_submit_hook.py:479} INFO - 20/07/22 18:20:34 INFO BlockManager: Using org.apache.spark.storage.RandomBlockReplicationPolicy for block replication policy
[2020-07-22 18:20:34,087] {logging_mixin.py:112} INFO - [2020-07-22 18:20:34,086] {spark_submit_hook.py:479} INFO - 20/07/22 18:20:34 INFO BlockManagerMaster: Registering BlockManager BlockManagerId(driver, 192.168.43.94, 45381, None)
[2020-07-22 18:20:34,095] {logging_mixin.py:112} INFO - [2020-07-22 18:20:34,095] {spark_submit_hook.py:479} INFO - 20/07/22 18:20:34 INFO BlockManagerMasterEndpoint: Registering block manager 192.168.43.94:45381 with 366.3 MiB RAM, BlockManagerId(driver, 192.168.43.94, 45381, None)
[2020-07-22 18:20:34,101] {logging_mixin.py:112} INFO - [2020-07-22 18:20:34,101] {spark_submit_hook.py:479} INFO - 20/07/22 18:20:34 INFO BlockManagerMaster: Registered BlockManager BlockManagerId(driver, 192.168.43.94, 45381, None)
[2020-07-22 18:20:34,104] {logging_mixin.py:112} INFO - [2020-07-22 18:20:34,104] {spark_submit_hook.py:479} INFO - 20/07/22 18:20:34 INFO BlockManager: Initialized BlockManager: BlockManagerId(driver, 192.168.43.94, 45381, None)
[2020-07-22 18:20:35,631] {logging_mixin.py:112} INFO - [2020-07-22 18:20:35,631] {spark_submit_hook.py:479} INFO - 20/07/22 18:20:35 INFO MemoryStore: Block broadcast_0 stored as values in memory (estimated size 241.5 KiB, free 366.1 MiB)
[2020-07-22 18:20:35,859] {logging_mixin.py:112} INFO - [2020-07-22 18:20:35,859] {spark_submit_hook.py:479} INFO - 20/07/22 18:20:35 INFO MemoryStore: Block broadcast_0_piece0 stored as bytes in memory (estimated size 23.4 KiB, free 366.0 MiB)
[2020-07-22 18:20:35,869] {logging_mixin.py:112} INFO - [2020-07-22 18:20:35,869] {spark_submit_hook.py:479} INFO - 20/07/22 18:20:35 INFO BlockManagerInfo: Added broadcast_0_piece0 in memory on 192.168.43.94:45381 (size: 23.4 KiB, free: 366.3 MiB)
[2020-07-22 18:20:35,879] {logging_mixin.py:112} INFO - [2020-07-22 18:20:35,879] {spark_submit_hook.py:479} INFO - 20/07/22 18:20:35 INFO SparkContext: Created broadcast 0 from textFile at NativeMethodAccessorImpl.java:0
[2020-07-22 18:20:36,286] {logging_mixin.py:112} INFO - [2020-07-22 18:20:36,286] {spark_submit_hook.py:479} INFO - 20/07/22 18:20:36 INFO FileInputFormat: Total input paths to process : 1
[2020-07-22 18:20:36,453] {logging_mixin.py:112} INFO - [2020-07-22 18:20:36,453] {spark_submit_hook.py:479} INFO - 20/07/22 18:20:36 INFO SparkContext: Starting job: collect at /home/bhakti/airflow/spark_jobs/spark_test.py:8
[2020-07-22 18:20:36,491] {logging_mixin.py:112} INFO - [2020-07-22 18:20:36,490] {spark_submit_hook.py:479} INFO - 20/07/22 18:20:36 INFO DAGScheduler: Got job 0 (collect at /home/bhakti/airflow/spark_jobs/spark_test.py:8) with 1 output partitions
[2020-07-22 18:20:36,492] {logging_mixin.py:112} INFO - [2020-07-22 18:20:36,491] {spark_submit_hook.py:479} INFO - 20/07/22 18:20:36 INFO DAGScheduler: Final stage: ResultStage 0 (collect at /home/bhakti/airflow/spark_jobs/spark_test.py:8)
[2020-07-22 18:20:36,492] {logging_mixin.py:112} INFO - [2020-07-22 18:20:36,492] {spark_submit_hook.py:479} INFO - 20/07/22 18:20:36 INFO DAGScheduler: Parents of final stage: List()
[2020-07-22 18:20:36,496] {logging_mixin.py:112} INFO - [2020-07-22 18:20:36,496] {spark_submit_hook.py:479} INFO - 20/07/22 18:20:36 INFO DAGScheduler: Missing parents: List()
[2020-07-22 18:20:36,520] {logging_mixin.py:112} INFO - [2020-07-22 18:20:36,520] {spark_submit_hook.py:479} INFO - 20/07/22 18:20:36 INFO DAGScheduler: Submitting ResultStage 0 (PythonRDD[2] at collect at /home/bhakti/airflow/spark_jobs/spark_test.py:8), which has no missing parents
[2020-07-22 18:20:36,607] {logging_mixin.py:112} INFO - [2020-07-22 18:20:36,607] {spark_submit_hook.py:479} INFO - 20/07/22 18:20:36 INFO MemoryStore: Block broadcast_1 stored as values in memory (estimated size 7.4 KiB, free 366.0 MiB)
[2020-07-22 18:20:36,644] {logging_mixin.py:112} INFO - [2020-07-22 18:20:36,644] {spark_submit_hook.py:479} INFO - 20/07/22 18:20:36 INFO MemoryStore: Block broadcast_1_piece0 stored as bytes in memory (estimated size 4.4 KiB, free 366.0 MiB)
[2020-07-22 18:20:36,647] {logging_mixin.py:112} INFO - [2020-07-22 18:20:36,647] {spark_submit_hook.py:479} INFO - 20/07/22 18:20:36 INFO BlockManagerInfo: Added broadcast_1_piece0 in memory on 192.168.43.94:45381 (size: 4.4 KiB, free: 366.3 MiB)
[2020-07-22 18:20:36,651] {logging_mixin.py:112} INFO - [2020-07-22 18:20:36,650] {spark_submit_hook.py:479} INFO - 20/07/22 18:20:36 INFO SparkContext: Created broadcast 1 from broadcast at DAGScheduler.scala:1200
[2020-07-22 18:20:36,734] {logging_mixin.py:112} INFO - [2020-07-22 18:20:36,734] {spark_submit_hook.py:479} INFO - 20/07/22 18:20:36 INFO DAGScheduler: Submitting 1 missing tasks from ResultStage 0 (PythonRDD[2] at collect at /home/bhakti/airflow/spark_jobs/spark_test.py:8) (first 15 tasks are for partitions Vector(0))
[2020-07-22 18:20:36,744] {logging_mixin.py:112} INFO - [2020-07-22 18:20:36,743] {spark_submit_hook.py:479} INFO - 20/07/22 18:20:36 INFO TaskSchedulerImpl: Adding task set 0.0 with 1 tasks
[2020-07-22 18:20:36,981] {logging_mixin.py:112} INFO - [2020-07-22 18:20:36,981] {spark_submit_hook.py:479} INFO - 20/07/22 18:20:36 INFO TaskSetManager: Starting task 0.0 in stage 0.0 (TID 0, 192.168.43.94, executor driver, partition 0, PROCESS_LOCAL, 7388 bytes)
[2020-07-22 18:20:37,010] {logging_mixin.py:112} INFO - [2020-07-22 18:20:37,010] {spark_submit_hook.py:479} INFO - 20/07/22 18:20:37 INFO Executor: Running task 0.0 in stage 0.0 (TID 0)
[2020-07-22 18:20:37,666] {logging_mixin.py:112} INFO - [2020-07-22 18:20:37,666] {spark_submit_hook.py:479} INFO - 20/07/22 18:20:37 INFO HadoopRDD: Input split: file:/home/bhakti/airflow/input_data/sample.csv:0+93
[2020-07-22 18:20:38,543] {logging_mixin.py:112} INFO - [2020-07-22 18:20:38,542] {spark_submit_hook.py:479} INFO - 20/07/22 18:20:38 INFO PythonRunner: Times: total = 829, boot = 812, init = 17, finish = 0
[2020-07-22 18:20:38,573] {logging_mixin.py:112} INFO - [2020-07-22 18:20:38,573] {spark_submit_hook.py:479} INFO - 20/07/22 18:20:38 INFO Executor: Finished task 0.0 in stage 0.0 (TID 0). 1779 bytes result sent to driver
[2020-07-22 18:20:38,592] {logging_mixin.py:112} INFO - [2020-07-22 18:20:38,592] {spark_submit_hook.py:479} INFO - 20/07/22 18:20:38 INFO TaskSetManager: Finished task 0.0 in stage 0.0 (TID 0) in 1657 ms on 192.168.43.94 (executor driver) (1/1)
[2020-07-22 18:20:38,598] {logging_mixin.py:112} INFO - [2020-07-22 18:20:38,598] {spark_submit_hook.py:479} INFO - 20/07/22 18:20:38 INFO TaskSchedulerImpl: Removed TaskSet 0.0, whose tasks have all completed, from pool
[2020-07-22 18:20:38,615] {logging_mixin.py:112} INFO - [2020-07-22 18:20:38,615] {spark_submit_hook.py:479} INFO - 20/07/22 18:20:38 INFO PythonAccumulatorV2: Connected to AccumulatorServer at host: 127.0.0.1 port: 47089
[2020-07-22 18:20:38,633] {logging_mixin.py:112} INFO - [2020-07-22 18:20:38,632] {spark_submit_hook.py:479} INFO - 20/07/22 18:20:38 INFO DAGScheduler: ResultStage 0 (collect at /home/bhakti/airflow/spark_jobs/spark_test.py:8) finished in 2.038 s
[2020-07-22 18:20:38,653] {logging_mixin.py:112} INFO - [2020-07-22 18:20:38,653] {spark_submit_hook.py:479} INFO - 20/07/22 18:20:38 INFO DAGScheduler: Job 0 is finished. Cancelling potential speculative or zombie tasks for this job
[2020-07-22 18:20:38,654] {logging_mixin.py:112} INFO - [2020-07-22 18:20:38,654] {spark_submit_hook.py:479} INFO - 20/07/22 18:20:38 INFO TaskSchedulerImpl: Killing all running tasks in stage 0: Stage finished
[2020-07-22 18:20:38,662] {logging_mixin.py:112} INFO - [2020-07-22 18:20:38,662] {spark_submit_hook.py:479} INFO - 20/07/22 18:20:38 INFO DAGScheduler: Job 0 finished: collect at /home/bhakti/airflow/spark_jobs/spark_test.py:8, took 2.204187 s
[2020-07-22 18:20:38,687] {logging_mixin.py:112} INFO - [2020-07-22 18:20:38,687] {spark_submit_hook.py:479} INFO - [('PERSON', 'JOINING_YEAR', 'COMPANY'), ('John', '2018', 'Google'), ('Sam', '2017', 'IBM'), ('Jeff', '2014', 'Yahoo'), ('Allen', '2015', 'Facebook')]
[2020-07-22 18:20:39,254] {logging_mixin.py:112} INFO - [2020-07-22 18:20:39,254] {spark_submit_hook.py:479} INFO - 20/07/22 18:20:39 INFO BlockManagerInfo: Removed broadcast_1_piece0 on 192.168.43.94:45381 in memory (size: 4.4 KiB, free: 366.3 MiB)
[2020-07-22 18:20:40,039] {logging_mixin.py:112} INFO - [2020-07-22 18:20:40,039] {spark_submit_hook.py:479} INFO - 20/07/22 18:20:40 INFO SharedState: Setting hive.metastore.warehouse.dir ('null') to the value of spark.sql.warehouse.dir ('file:/home/bhakti/airflow/spark-warehouse').
[2020-07-22 18:20:40,041] {logging_mixin.py:112} INFO - [2020-07-22 18:20:40,041] {spark_submit_hook.py:479} INFO - 20/07/22 18:20:40 INFO SharedState: Warehouse path is 'file:/home/bhakti/airflow/spark-warehouse'.
[2020-07-22 18:20:45,040] {logging_mixin.py:112} INFO - [2020-07-22 18:20:45,040] {spark_submit_hook.py:479} INFO - 20/07/22 18:20:45 INFO CodeGenerator: Code generated in 436.847078 ms
[2020-07-22 18:20:45,124] {logging_mixin.py:112} INFO - [2020-07-22 18:20:45,123] {spark_submit_hook.py:479} INFO - 20/07/22 18:20:45 INFO SparkContext: Starting job: showString at NativeMethodAccessorImpl.java:0
[2020-07-22 18:20:45,126] {logging_mixin.py:112} INFO - [2020-07-22 18:20:45,126] {spark_submit_hook.py:479} INFO - 20/07/22 18:20:45 INFO DAGScheduler: Got job 1 (showString at NativeMethodAccessorImpl.java:0) with 1 output partitions
[2020-07-22 18:20:45,127] {logging_mixin.py:112} INFO - [2020-07-22 18:20:45,126] {spark_submit_hook.py:479} INFO - 20/07/22 18:20:45 INFO DAGScheduler: Final stage: ResultStage 1 (showString at NativeMethodAccessorImpl.java:0)
[2020-07-22 18:20:45,127] {logging_mixin.py:112} INFO - [2020-07-22 18:20:45,127] {spark_submit_hook.py:479} INFO - 20/07/22 18:20:45 INFO DAGScheduler: Parents of final stage: List()
[2020-07-22 18:20:45,127] {logging_mixin.py:112} INFO - [2020-07-22 18:20:45,127] {spark_submit_hook.py:479} INFO - 20/07/22 18:20:45 INFO DAGScheduler: Missing parents: List()
[2020-07-22 18:20:45,136] {logging_mixin.py:112} INFO - [2020-07-22 18:20:45,136] {spark_submit_hook.py:479} INFO - 20/07/22 18:20:45 INFO DAGScheduler: Submitting ResultStage 1 (MapPartitionsRDD[9] at showString at NativeMethodAccessorImpl.java:0), which has no missing parents
[2020-07-22 18:20:45,168] {logging_mixin.py:112} INFO - [2020-07-22 18:20:45,167] {spark_submit_hook.py:479} INFO - 20/07/22 18:20:45 INFO MemoryStore: Block broadcast_2 stored as values in memory (estimated size 11.2 KiB, free 366.0 MiB)
[2020-07-22 18:20:45,172] {logging_mixin.py:112} INFO - [2020-07-22 18:20:45,172] {spark_submit_hook.py:479} INFO - 20/07/22 18:20:45 INFO MemoryStore: Block broadcast_2_piece0 stored as bytes in memory (estimated size 5.8 KiB, free 366.0 MiB)
[2020-07-22 18:20:45,174] {logging_mixin.py:112} INFO - [2020-07-22 18:20:45,173] {spark_submit_hook.py:479} INFO - 20/07/22 18:20:45 INFO BlockManagerInfo: Added broadcast_2_piece0 in memory on 192.168.43.94:45381 (size: 5.8 KiB, free: 366.3 MiB)
[2020-07-22 18:20:45,176] {logging_mixin.py:112} INFO - [2020-07-22 18:20:45,175] {spark_submit_hook.py:479} INFO - 20/07/22 18:20:45 INFO SparkContext: Created broadcast 2 from broadcast at DAGScheduler.scala:1200
[2020-07-22 18:20:45,178] {logging_mixin.py:112} INFO - [2020-07-22 18:20:45,178] {spark_submit_hook.py:479} INFO - 20/07/22 18:20:45 INFO DAGScheduler: Submitting 1 missing tasks from ResultStage 1 (MapPartitionsRDD[9] at showString at NativeMethodAccessorImpl.java:0) (first 15 tasks are for partitions Vector(0))
[2020-07-22 18:20:45,179] {logging_mixin.py:112} INFO - [2020-07-22 18:20:45,179] {spark_submit_hook.py:479} INFO - 20/07/22 18:20:45 INFO TaskSchedulerImpl: Adding task set 1.0 with 1 tasks
[2020-07-22 18:20:45,206] {logging_mixin.py:112} INFO - [2020-07-22 18:20:45,205] {spark_submit_hook.py:479} INFO - 20/07/22 18:20:45 INFO TaskSetManager: Starting task 0.0 in stage 1.0 (TID 1, 192.168.43.94, executor driver, partition 0, PROCESS_LOCAL, 7493 bytes)
[2020-07-22 18:20:45,207] {logging_mixin.py:112} INFO - [2020-07-22 18:20:45,207] {spark_submit_hook.py:479} INFO - 20/07/22 18:20:45 INFO Executor: Running task 0.0 in stage 1.0 (TID 1)
[2020-07-22 18:20:45,304] {logging_mixin.py:112} INFO - [2020-07-22 18:20:45,303] {spark_submit_hook.py:479} INFO - 20/07/22 18:20:45 INFO PythonRunner: Times: total = 2, boot = -6719, init = 6721, finish = 0
[2020-07-22 18:20:45,309] {logging_mixin.py:112} INFO - [2020-07-22 18:20:45,309] {spark_submit_hook.py:479} INFO - 20/07/22 18:20:45 INFO Executor: Finished task 0.0 in stage 1.0 (TID 1). 2235 bytes result sent to driver
[2020-07-22 18:20:45,314] {logging_mixin.py:112} INFO - [2020-07-22 18:20:45,314] {spark_submit_hook.py:479} INFO - 20/07/22 18:20:45 INFO TaskSetManager: Finished task 0.0 in stage 1.0 (TID 1) in 132 ms on 192.168.43.94 (executor driver) (1/1)
[2020-07-22 18:20:45,315] {logging_mixin.py:112} INFO - [2020-07-22 18:20:45,315] {spark_submit_hook.py:479} INFO - 20/07/22 18:20:45 INFO TaskSchedulerImpl: Removed TaskSet 1.0, whose tasks have all completed, from pool
[2020-07-22 18:20:45,319] {logging_mixin.py:112} INFO - [2020-07-22 18:20:45,319] {spark_submit_hook.py:479} INFO - 20/07/22 18:20:45 INFO DAGScheduler: ResultStage 1 (showString at NativeMethodAccessorImpl.java:0) finished in 0.177 s
[2020-07-22 18:20:45,320] {logging_mixin.py:112} INFO - [2020-07-22 18:20:45,320] {spark_submit_hook.py:479} INFO - 20/07/22 18:20:45 INFO DAGScheduler: Job 1 is finished. Cancelling potential speculative or zombie tasks for this job
[2020-07-22 18:20:45,320] {logging_mixin.py:112} INFO - [2020-07-22 18:20:45,320] {spark_submit_hook.py:479} INFO - 20/07/22 18:20:45 INFO TaskSchedulerImpl: Killing all running tasks in stage 1: Stage finished
[2020-07-22 18:20:45,320] {logging_mixin.py:112} INFO - [2020-07-22 18:20:45,320] {spark_submit_hook.py:479} INFO - 20/07/22 18:20:45 INFO DAGScheduler: Job 1 finished: showString at NativeMethodAccessorImpl.java:0, took 0.194209 s
[2020-07-22 18:20:45,409] {logging_mixin.py:112} INFO - [2020-07-22 18:20:45,408] {spark_submit_hook.py:479} INFO - 20/07/22 18:20:45 INFO CodeGenerator: Code generated in 45.324647 ms
[2020-07-22 18:20:45,432] {logging_mixin.py:112} INFO - [2020-07-22 18:20:45,432] {spark_submit_hook.py:479} INFO - +------+------------+--------+
[2020-07-22 18:20:45,432] {logging_mixin.py:112} INFO - [2020-07-22 18:20:45,432] {spark_submit_hook.py:479} INFO - |    _1|          _2|      _3|
[2020-07-22 18:20:45,433] {logging_mixin.py:112} INFO - [2020-07-22 18:20:45,432] {spark_submit_hook.py:479} INFO - +------+------------+--------+
[2020-07-22 18:20:45,433] {logging_mixin.py:112} INFO - [2020-07-22 18:20:45,433] {spark_submit_hook.py:479} INFO - |PERSON|JOINING_YEAR| COMPANY|
[2020-07-22 18:20:45,433] {logging_mixin.py:112} INFO - [2020-07-22 18:20:45,433] {spark_submit_hook.py:479} INFO - |  John|        2018|  Google|
[2020-07-22 18:20:45,433] {logging_mixin.py:112} INFO - [2020-07-22 18:20:45,433] {spark_submit_hook.py:479} INFO - |   Sam|        2017|     IBM|
[2020-07-22 18:20:45,434] {logging_mixin.py:112} INFO - [2020-07-22 18:20:45,434] {spark_submit_hook.py:479} INFO - |  Jeff|        2014|   Yahoo|
[2020-07-22 18:20:45,434] {logging_mixin.py:112} INFO - [2020-07-22 18:20:45,434] {spark_submit_hook.py:479} INFO - | Allen|        2015|Facebook|
[2020-07-22 18:20:45,434] {logging_mixin.py:112} INFO - [2020-07-22 18:20:45,434] {spark_submit_hook.py:479} INFO - +------+------------+--------+
[2020-07-22 18:20:45,434] {logging_mixin.py:112} INFO - [2020-07-22 18:20:45,434] {spark_submit_hook.py:479} INFO - 
[2020-07-22 18:20:45,612] {logging_mixin.py:112} INFO - [2020-07-22 18:20:45,612] {spark_submit_hook.py:479} INFO - 20/07/22 18:20:45 INFO SparkContext: Invoking stop() from shutdown hook
[2020-07-22 18:20:45,634] {logging_mixin.py:112} INFO - [2020-07-22 18:20:45,634] {spark_submit_hook.py:479} INFO - 20/07/22 18:20:45 INFO SparkUI: Stopped Spark web UI at http://192.168.43.94:4040
[2020-07-22 18:20:45,674] {logging_mixin.py:112} INFO - [2020-07-22 18:20:45,674] {spark_submit_hook.py:479} INFO - 20/07/22 18:20:45 INFO MapOutputTrackerMasterEndpoint: MapOutputTrackerMasterEndpoint stopped!
[2020-07-22 18:20:45,690] {logging_mixin.py:112} INFO - [2020-07-22 18:20:45,690] {spark_submit_hook.py:479} INFO - 20/07/22 18:20:45 INFO MemoryStore: MemoryStore cleared
[2020-07-22 18:20:45,692] {logging_mixin.py:112} INFO - [2020-07-22 18:20:45,691] {spark_submit_hook.py:479} INFO - 20/07/22 18:20:45 INFO BlockManager: BlockManager stopped
[2020-07-22 18:20:45,708] {logging_mixin.py:112} INFO - [2020-07-22 18:20:45,708] {spark_submit_hook.py:479} INFO - 20/07/22 18:20:45 INFO BlockManagerMaster: BlockManagerMaster stopped
[2020-07-22 18:20:45,716] {logging_mixin.py:112} INFO - [2020-07-22 18:20:45,716] {spark_submit_hook.py:479} INFO - 20/07/22 18:20:45 INFO OutputCommitCoordinator$OutputCommitCoordinatorEndpoint: OutputCommitCoordinator stopped!
[2020-07-22 18:20:45,752] {logging_mixin.py:112} INFO - [2020-07-22 18:20:45,752] {spark_submit_hook.py:479} INFO - 20/07/22 18:20:45 INFO SparkContext: Successfully stopped SparkContext
[2020-07-22 18:20:45,754] {logging_mixin.py:112} INFO - [2020-07-22 18:20:45,754] {spark_submit_hook.py:479} INFO - 20/07/22 18:20:45 INFO ShutdownHookManager: Shutdown hook called
[2020-07-22 18:20:45,756] {logging_mixin.py:112} INFO - [2020-07-22 18:20:45,756] {spark_submit_hook.py:479} INFO - 20/07/22 18:20:45 INFO ShutdownHookManager: Deleting directory /tmp/spark-a9ec6daa-3468-4587-81af-ac9338c54e66
[2020-07-22 18:20:45,771] {logging_mixin.py:112} INFO - [2020-07-22 18:20:45,771] {spark_submit_hook.py:479} INFO - 20/07/22 18:20:45 INFO ShutdownHookManager: Deleting directory /tmp/spark-4dc1705e-e510-485a-a4e9-5e6e9c46a193
[2020-07-22 18:20:45,780] {logging_mixin.py:112} INFO - [2020-07-22 18:20:45,780] {spark_submit_hook.py:479} INFO - 20/07/22 18:20:45 INFO ShutdownHookManager: Deleting directory /tmp/spark-a9ec6daa-3468-4587-81af-ac9338c54e66/pyspark-7d8e2064-7f61-4de2-a335-0d4795f9fc0b
[2020-07-22 18:20:45,886] {taskinstance.py:1052} INFO - Marking task as SUCCESS.dag_id=submit_data, task_id=spark_submit, execution_date=20200720T090200, start_date=20200722T125024, end_date=20200722T125045
[2020-07-22 18:20:50,355] {logging_mixin.py:112} INFO - [2020-07-22 18:20:50,355] {local_task_job.py:103} INFO - Task exited with return code 0
