[2020-07-22 15:51:28,806] {taskinstance.py:669} INFO - Dependencies all met for <TaskInstance: submit_data.spark_submit 2020-07-20T05:30:00+00:00 [queued]>
[2020-07-22 15:51:28,829] {taskinstance.py:669} INFO - Dependencies all met for <TaskInstance: submit_data.spark_submit 2020-07-20T05:30:00+00:00 [queued]>
[2020-07-22 15:51:28,829] {taskinstance.py:879} INFO - 
--------------------------------------------------------------------------------
[2020-07-22 15:51:28,830] {taskinstance.py:880} INFO - Starting attempt 1 of 1
[2020-07-22 15:51:28,830] {taskinstance.py:881} INFO - 
--------------------------------------------------------------------------------
[2020-07-22 15:51:28,959] {taskinstance.py:900} INFO - Executing <Task(SparkSubmitOperator): spark_submit> on 2020-07-20T05:30:00+00:00
[2020-07-22 15:51:28,963] {standard_task_runner.py:53} INFO - Started process 534301 to run task
[2020-07-22 15:51:29,316] {logging_mixin.py:112} INFO - Running %s on host %s <TaskInstance: submit_data.spark_submit 2020-07-20T05:30:00+00:00 [running]> bhakti-Vostro-3558
[2020-07-22 15:51:29,383] {logging_mixin.py:112} INFO - [2020-07-22 15:51:29,382] {base_hook.py:87} INFO - Using connection to: id: spark_local. Host: local, Port: None, Schema: None, Login: None, Password: None, extra: None
[2020-07-22 15:51:29,385] {logging_mixin.py:112} INFO - [2020-07-22 15:51:29,385] {spark_submit_hook.py:325} INFO - Spark-Submit cmd: spark-submit --master local --name airflow-spark /home/bhakti/airflow/spark_jobs/python/spark_test.py
[2020-07-22 15:51:35,265] {logging_mixin.py:112} INFO - [2020-07-22 15:51:35,265] {spark_submit_hook.py:479} INFO - 20/07/22 15:51:35 WARN Utils: Your hostname, bhakti-Vostro-3558 resolves to a loopback address: 127.0.1.1; using 192.168.43.94 instead (on interface wlp6s0)
[2020-07-22 15:51:35,272] {logging_mixin.py:112} INFO - [2020-07-22 15:51:35,271] {spark_submit_hook.py:479} INFO - 20/07/22 15:51:35 WARN Utils: Set SPARK_LOCAL_IP if you need to bind to another address
[2020-07-22 15:51:38,117] {logging_mixin.py:112} INFO - [2020-07-22 15:51:38,117] {spark_submit_hook.py:479} INFO - 20/07/22 15:51:38 WARN NativeCodeLoader: Unable to load native-hadoop library for your platform... using builtin-java classes where applicable
[2020-07-22 15:51:40,650] {logging_mixin.py:112} INFO - [2020-07-22 15:51:40,649] {spark_submit_hook.py:479} INFO - Using Spark's default log4j profile: org/apache/spark/log4j-defaults.properties
[2020-07-22 15:51:40,665] {logging_mixin.py:112} INFO - [2020-07-22 15:51:40,665] {spark_submit_hook.py:479} INFO - 20/07/22 15:51:40 INFO SparkContext: Running Spark version 3.0.0
[2020-07-22 15:51:40,768] {logging_mixin.py:112} INFO - [2020-07-22 15:51:40,768] {spark_submit_hook.py:479} INFO - 20/07/22 15:51:40 INFO ResourceUtils: ==============================================================
[2020-07-22 15:51:40,771] {logging_mixin.py:112} INFO - [2020-07-22 15:51:40,771] {spark_submit_hook.py:479} INFO - 20/07/22 15:51:40 INFO ResourceUtils: Resources for spark.driver:
[2020-07-22 15:51:40,772] {logging_mixin.py:112} INFO - [2020-07-22 15:51:40,772] {spark_submit_hook.py:479} INFO - 
[2020-07-22 15:51:40,773] {logging_mixin.py:112} INFO - [2020-07-22 15:51:40,772] {spark_submit_hook.py:479} INFO - 20/07/22 15:51:40 INFO ResourceUtils: ==============================================================
[2020-07-22 15:51:40,774] {logging_mixin.py:112} INFO - [2020-07-22 15:51:40,774] {spark_submit_hook.py:479} INFO - 20/07/22 15:51:40 INFO SparkContext: Submitted application: Spark_Test_Python
[2020-07-22 15:51:40,912] {logging_mixin.py:112} INFO - [2020-07-22 15:51:40,912] {spark_submit_hook.py:479} INFO - 20/07/22 15:51:40 INFO SecurityManager: Changing view acls to: bhakti
[2020-07-22 15:51:40,913] {logging_mixin.py:112} INFO - [2020-07-22 15:51:40,912] {spark_submit_hook.py:479} INFO - 20/07/22 15:51:40 INFO SecurityManager: Changing modify acls to: bhakti
[2020-07-22 15:51:40,913] {logging_mixin.py:112} INFO - [2020-07-22 15:51:40,913] {spark_submit_hook.py:479} INFO - 20/07/22 15:51:40 INFO SecurityManager: Changing view acls groups to:
[2020-07-22 15:51:40,914] {logging_mixin.py:112} INFO - [2020-07-22 15:51:40,914] {spark_submit_hook.py:479} INFO - 20/07/22 15:51:40 INFO SecurityManager: Changing modify acls groups to:
[2020-07-22 15:51:40,914] {logging_mixin.py:112} INFO - [2020-07-22 15:51:40,914] {spark_submit_hook.py:479} INFO - 20/07/22 15:51:40 INFO SecurityManager: SecurityManager: authentication disabled; ui acls disabled; users  with view permissions: Set(bhakti); groups with view permissions: Set(); users  with modify permissions: Set(bhakti); groups with modify permissions: Set()
[2020-07-22 15:51:41,343] {logging_mixin.py:112} INFO - [2020-07-22 15:51:41,343] {spark_submit_hook.py:479} INFO - 20/07/22 15:51:41 INFO Utils: Successfully started service 'sparkDriver' on port 34177.
[2020-07-22 15:51:41,478] {logging_mixin.py:112} INFO - [2020-07-22 15:51:41,478] {spark_submit_hook.py:479} INFO - 20/07/22 15:51:41 INFO SparkEnv: Registering MapOutputTracker
[2020-07-22 15:51:41,603] {logging_mixin.py:112} INFO - [2020-07-22 15:51:41,602] {spark_submit_hook.py:479} INFO - 20/07/22 15:51:41 INFO SparkEnv: Registering BlockManagerMaster
[2020-07-22 15:51:41,650] {logging_mixin.py:112} INFO - [2020-07-22 15:51:41,649] {spark_submit_hook.py:479} INFO - 20/07/22 15:51:41 INFO BlockManagerMasterEndpoint: Using org.apache.spark.storage.DefaultTopologyMapper for getting topology information
[2020-07-22 15:51:41,651] {logging_mixin.py:112} INFO - [2020-07-22 15:51:41,651] {spark_submit_hook.py:479} INFO - 20/07/22 15:51:41 INFO BlockManagerMasterEndpoint: BlockManagerMasterEndpoint up
[2020-07-22 15:51:41,661] {logging_mixin.py:112} INFO - [2020-07-22 15:51:41,661] {spark_submit_hook.py:479} INFO - 20/07/22 15:51:41 INFO SparkEnv: Registering BlockManagerMasterHeartbeat
[2020-07-22 15:51:41,691] {logging_mixin.py:112} INFO - [2020-07-22 15:51:41,690] {spark_submit_hook.py:479} INFO - 20/07/22 15:51:41 INFO DiskBlockManager: Created local directory at /tmp/blockmgr-86ed3f4d-c565-4a45-8a2c-67bdf85804f5
[2020-07-22 15:51:41,756] {logging_mixin.py:112} INFO - [2020-07-22 15:51:41,756] {spark_submit_hook.py:479} INFO - 20/07/22 15:51:41 INFO MemoryStore: MemoryStore started with capacity 366.3 MiB
[2020-07-22 15:51:41,817] {logging_mixin.py:112} INFO - [2020-07-22 15:51:41,817] {spark_submit_hook.py:479} INFO - 20/07/22 15:51:41 INFO SparkEnv: Registering OutputCommitCoordinator
[2020-07-22 15:51:42,276] {logging_mixin.py:112} INFO - [2020-07-22 15:51:42,276] {spark_submit_hook.py:479} INFO - 20/07/22 15:51:42 WARN Utils: Service 'SparkUI' could not bind on port 4040. Attempting port 4041.
[2020-07-22 15:51:42,277] {logging_mixin.py:112} INFO - [2020-07-22 15:51:42,276] {spark_submit_hook.py:479} INFO - 20/07/22 15:51:42 WARN Utils: Service 'SparkUI' could not bind on port 4041. Attempting port 4042.
[2020-07-22 15:51:42,277] {logging_mixin.py:112} INFO - [2020-07-22 15:51:42,277] {spark_submit_hook.py:479} INFO - 20/07/22 15:51:42 WARN Utils: Service 'SparkUI' could not bind on port 4042. Attempting port 4043.
[2020-07-22 15:51:42,278] {logging_mixin.py:112} INFO - [2020-07-22 15:51:42,278] {spark_submit_hook.py:479} INFO - 20/07/22 15:51:42 WARN Utils: Service 'SparkUI' could not bind on port 4043. Attempting port 4044.
[2020-07-22 15:51:42,290] {logging_mixin.py:112} INFO - [2020-07-22 15:51:42,290] {spark_submit_hook.py:479} INFO - 20/07/22 15:51:42 INFO Utils: Successfully started service 'SparkUI' on port 4044.
[2020-07-22 15:51:42,476] {logging_mixin.py:112} INFO - [2020-07-22 15:51:42,476] {spark_submit_hook.py:479} INFO - 20/07/22 15:51:42 INFO SparkUI: Bound SparkUI to 0.0.0.0, and started at http://192.168.43.94:4044
[2020-07-22 15:51:43,024] {logging_mixin.py:112} INFO - [2020-07-22 15:51:43,024] {spark_submit_hook.py:479} INFO - 20/07/22 15:51:43 INFO Executor: Starting executor ID driver on host 192.168.43.94
[2020-07-22 15:51:43,103] {logging_mixin.py:112} INFO - [2020-07-22 15:51:43,103] {spark_submit_hook.py:479} INFO - 20/07/22 15:51:43 INFO Utils: Successfully started service 'org.apache.spark.network.netty.NettyBlockTransferService' on port 43949.
[2020-07-22 15:51:43,104] {logging_mixin.py:112} INFO - [2020-07-22 15:51:43,104] {spark_submit_hook.py:479} INFO - 20/07/22 15:51:43 INFO NettyBlockTransferService: Server created on 192.168.43.94:43949
[2020-07-22 15:51:43,108] {logging_mixin.py:112} INFO - [2020-07-22 15:51:43,107] {spark_submit_hook.py:479} INFO - 20/07/22 15:51:43 INFO BlockManager: Using org.apache.spark.storage.RandomBlockReplicationPolicy for block replication policy
[2020-07-22 15:51:43,138] {logging_mixin.py:112} INFO - [2020-07-22 15:51:43,137] {spark_submit_hook.py:479} INFO - 20/07/22 15:51:43 INFO BlockManagerMaster: Registering BlockManager BlockManagerId(driver, 192.168.43.94, 43949, None)
[2020-07-22 15:51:43,162] {logging_mixin.py:112} INFO - [2020-07-22 15:51:43,162] {spark_submit_hook.py:479} INFO - 20/07/22 15:51:43 INFO BlockManagerMasterEndpoint: Registering block manager 192.168.43.94:43949 with 366.3 MiB RAM, BlockManagerId(driver, 192.168.43.94, 43949, None)
[2020-07-22 15:51:43,170] {logging_mixin.py:112} INFO - [2020-07-22 15:51:43,170] {spark_submit_hook.py:479} INFO - 20/07/22 15:51:43 INFO BlockManagerMaster: Registered BlockManager BlockManagerId(driver, 192.168.43.94, 43949, None)
[2020-07-22 15:51:43,175] {logging_mixin.py:112} INFO - [2020-07-22 15:51:43,174] {spark_submit_hook.py:479} INFO - 20/07/22 15:51:43 INFO BlockManager: Initialized BlockManager: BlockManagerId(driver, 192.168.43.94, 43949, None)
[2020-07-22 15:51:44,952] {logging_mixin.py:112} INFO - [2020-07-22 15:51:44,951] {spark_submit_hook.py:479} INFO - 20/07/22 15:51:44 INFO MemoryStore: Block broadcast_0 stored as values in memory (estimated size 241.5 KiB, free 366.1 MiB)
[2020-07-22 15:51:45,061] {logging_mixin.py:112} INFO - [2020-07-22 15:51:45,060] {spark_submit_hook.py:479} INFO - 20/07/22 15:51:45 INFO MemoryStore: Block broadcast_0_piece0 stored as bytes in memory (estimated size 23.4 KiB, free 366.0 MiB)
[2020-07-22 15:51:45,065] {logging_mixin.py:112} INFO - [2020-07-22 15:51:45,065] {spark_submit_hook.py:479} INFO - 20/07/22 15:51:45 INFO BlockManagerInfo: Added broadcast_0_piece0 in memory on 192.168.43.94:43949 (size: 23.4 KiB, free: 366.3 MiB)
[2020-07-22 15:51:45,074] {logging_mixin.py:112} INFO - [2020-07-22 15:51:45,074] {spark_submit_hook.py:479} INFO - 20/07/22 15:51:45 INFO SparkContext: Created broadcast 0 from textFile at NativeMethodAccessorImpl.java:0
[2020-07-22 15:51:45,406] {logging_mixin.py:112} INFO - [2020-07-22 15:51:45,406] {spark_submit_hook.py:479} INFO - 20/07/22 15:51:45 INFO FileInputFormat: Total input paths to process : 1
[2020-07-22 15:51:45,604] {logging_mixin.py:112} INFO - [2020-07-22 15:51:45,603] {spark_submit_hook.py:479} INFO - 20/07/22 15:51:45 INFO SparkContext: Starting job: collect at /home/bhakti/airflow/spark_jobs/python/spark_test.py:5
[2020-07-22 15:51:45,684] {logging_mixin.py:112} INFO - [2020-07-22 15:51:45,683] {spark_submit_hook.py:479} INFO - 20/07/22 15:51:45 INFO DAGScheduler: Got job 0 (collect at /home/bhakti/airflow/spark_jobs/python/spark_test.py:5) with 1 output partitions
[2020-07-22 15:51:45,685] {logging_mixin.py:112} INFO - [2020-07-22 15:51:45,684] {spark_submit_hook.py:479} INFO - 20/07/22 15:51:45 INFO DAGScheduler: Final stage: ResultStage 0 (collect at /home/bhakti/airflow/spark_jobs/python/spark_test.py:5)
[2020-07-22 15:51:45,686] {logging_mixin.py:112} INFO - [2020-07-22 15:51:45,685] {spark_submit_hook.py:479} INFO - 20/07/22 15:51:45 INFO DAGScheduler: Parents of final stage: List()
[2020-07-22 15:51:45,703] {logging_mixin.py:112} INFO - [2020-07-22 15:51:45,702] {spark_submit_hook.py:479} INFO - 20/07/22 15:51:45 INFO DAGScheduler: Missing parents: List()
[2020-07-22 15:51:45,721] {logging_mixin.py:112} INFO - [2020-07-22 15:51:45,720] {spark_submit_hook.py:479} INFO - 20/07/22 15:51:45 INFO DAGScheduler: Submitting ResultStage 0 (PythonRDD[2] at collect at /home/bhakti/airflow/spark_jobs/python/spark_test.py:5), which has no missing parents
[2020-07-22 15:51:45,853] {logging_mixin.py:112} INFO - [2020-07-22 15:51:45,852] {spark_submit_hook.py:479} INFO - 20/07/22 15:51:45 INFO MemoryStore: Block broadcast_1 stored as values in memory (estimated size 7.4 KiB, free 366.0 MiB)
[2020-07-22 15:51:45,866] {logging_mixin.py:112} INFO - [2020-07-22 15:51:45,865] {spark_submit_hook.py:479} INFO - 20/07/22 15:51:45 INFO MemoryStore: Block broadcast_1_piece0 stored as bytes in memory (estimated size 4.4 KiB, free 366.0 MiB)
[2020-07-22 15:51:45,867] {logging_mixin.py:112} INFO - [2020-07-22 15:51:45,866] {spark_submit_hook.py:479} INFO - 20/07/22 15:51:45 INFO BlockManagerInfo: Added broadcast_1_piece0 in memory on 192.168.43.94:43949 (size: 4.4 KiB, free: 366.3 MiB)
[2020-07-22 15:51:45,880] {logging_mixin.py:112} INFO - [2020-07-22 15:51:45,879] {spark_submit_hook.py:479} INFO - 20/07/22 15:51:45 INFO SparkContext: Created broadcast 1 from broadcast at DAGScheduler.scala:1200
[2020-07-22 15:51:45,944] {logging_mixin.py:112} INFO - [2020-07-22 15:51:45,944] {spark_submit_hook.py:479} INFO - 20/07/22 15:51:45 INFO DAGScheduler: Submitting 1 missing tasks from ResultStage 0 (PythonRDD[2] at collect at /home/bhakti/airflow/spark_jobs/python/spark_test.py:5) (first 15 tasks are for partitions Vector(0))
[2020-07-22 15:51:45,946] {logging_mixin.py:112} INFO - [2020-07-22 15:51:45,946] {spark_submit_hook.py:479} INFO - 20/07/22 15:51:45 INFO TaskSchedulerImpl: Adding task set 0.0 with 1 tasks
[2020-07-22 15:51:46,106] {logging_mixin.py:112} INFO - [2020-07-22 15:51:46,106] {spark_submit_hook.py:479} INFO - 20/07/22 15:51:46 INFO TaskSetManager: Starting task 0.0 in stage 0.0 (TID 0, 192.168.43.94, executor driver, partition 0, PROCESS_LOCAL, 7388 bytes)
[2020-07-22 15:51:46,157] {logging_mixin.py:112} INFO - [2020-07-22 15:51:46,157] {spark_submit_hook.py:479} INFO - 20/07/22 15:51:46 INFO Executor: Running task 0.0 in stage 0.0 (TID 0)
[2020-07-22 15:51:47,169] {logging_mixin.py:112} INFO - [2020-07-22 15:51:47,169] {spark_submit_hook.py:479} INFO - 20/07/22 15:51:47 INFO HadoopRDD: Input split: file:/home/bhakti/airflow/input_data/sample.csv:0+93
[2020-07-22 15:51:48,009] {logging_mixin.py:112} INFO - [2020-07-22 15:51:48,009] {spark_submit_hook.py:479} INFO - 20/07/22 15:51:48 INFO PythonRunner: Times: total = 809, boot = 789, init = 19, finish = 1
[2020-07-22 15:51:48,054] {logging_mixin.py:112} INFO - [2020-07-22 15:51:48,054] {spark_submit_hook.py:479} INFO - 20/07/22 15:51:48 INFO Executor: Finished task 0.0 in stage 0.0 (TID 0). 1775 bytes result sent to driver
[2020-07-22 15:51:48,075] {logging_mixin.py:112} INFO - [2020-07-22 15:51:48,075] {spark_submit_hook.py:479} INFO - 20/07/22 15:51:48 INFO TaskSetManager: Finished task 0.0 in stage 0.0 (TID 0) in 2019 ms on 192.168.43.94 (executor driver) (1/1)
[2020-07-22 15:51:48,081] {logging_mixin.py:112} INFO - [2020-07-22 15:51:48,080] {spark_submit_hook.py:479} INFO - 20/07/22 15:51:48 INFO TaskSchedulerImpl: Removed TaskSet 0.0, whose tasks have all completed, from pool
[2020-07-22 15:51:48,089] {logging_mixin.py:112} INFO - [2020-07-22 15:51:48,089] {spark_submit_hook.py:479} INFO - 20/07/22 15:51:48 INFO PythonAccumulatorV2: Connected to AccumulatorServer at host: 127.0.0.1 port: 53425
[2020-07-22 15:51:48,103] {logging_mixin.py:112} INFO - [2020-07-22 15:51:48,102] {spark_submit_hook.py:479} INFO - 20/07/22 15:51:48 INFO DAGScheduler: ResultStage 0 (collect at /home/bhakti/airflow/spark_jobs/python/spark_test.py:5) finished in 2.297 s
[2020-07-22 15:51:48,115] {logging_mixin.py:112} INFO - [2020-07-22 15:51:48,115] {spark_submit_hook.py:479} INFO - 20/07/22 15:51:48 INFO DAGScheduler: Job 0 is finished. Cancelling potential speculative or zombie tasks for this job
[2020-07-22 15:51:48,116] {logging_mixin.py:112} INFO - [2020-07-22 15:51:48,116] {spark_submit_hook.py:479} INFO - 20/07/22 15:51:48 INFO TaskSchedulerImpl: Killing all running tasks in stage 0: Stage finished
[2020-07-22 15:51:48,121] {logging_mixin.py:112} INFO - [2020-07-22 15:51:48,120] {spark_submit_hook.py:479} INFO - 20/07/22 15:51:48 INFO DAGScheduler: Job 0 finished: collect at /home/bhakti/airflow/spark_jobs/python/spark_test.py:5, took 2.515588 s
[2020-07-22 15:51:48,141] {logging_mixin.py:112} INFO - [2020-07-22 15:51:48,141] {spark_submit_hook.py:479} INFO - [('PERSON', 'JOINING_YEAR'), ('John', '2018'), ('Sam', '2017'), ('Jeff', '2014'), ('Allen', '2015')]
[2020-07-22 15:51:48,238] {logging_mixin.py:112} INFO - [2020-07-22 15:51:48,237] {spark_submit_hook.py:479} INFO - 20/07/22 15:51:48 INFO SparkContext: Invoking stop() from shutdown hook
[2020-07-22 15:51:48,256] {logging_mixin.py:112} INFO - [2020-07-22 15:51:48,256] {spark_submit_hook.py:479} INFO - 20/07/22 15:51:48 INFO SparkUI: Stopped Spark web UI at http://192.168.43.94:4044
[2020-07-22 15:51:48,289] {logging_mixin.py:112} INFO - [2020-07-22 15:51:48,289] {spark_submit_hook.py:479} INFO - 20/07/22 15:51:48 INFO MapOutputTrackerMasterEndpoint: MapOutputTrackerMasterEndpoint stopped!
[2020-07-22 15:51:48,321] {logging_mixin.py:112} INFO - [2020-07-22 15:51:48,320] {spark_submit_hook.py:479} INFO - 20/07/22 15:51:48 INFO MemoryStore: MemoryStore cleared
[2020-07-22 15:51:48,322] {logging_mixin.py:112} INFO - [2020-07-22 15:51:48,321] {spark_submit_hook.py:479} INFO - 20/07/22 15:51:48 INFO BlockManager: BlockManager stopped
[2020-07-22 15:51:48,339] {logging_mixin.py:112} INFO - [2020-07-22 15:51:48,339] {spark_submit_hook.py:479} INFO - 20/07/22 15:51:48 INFO BlockManagerMaster: BlockManagerMaster stopped
[2020-07-22 15:51:48,345] {logging_mixin.py:112} INFO - [2020-07-22 15:51:48,345] {spark_submit_hook.py:479} INFO - 20/07/22 15:51:48 INFO OutputCommitCoordinator$OutputCommitCoordinatorEndpoint: OutputCommitCoordinator stopped!
[2020-07-22 15:51:48,352] {logging_mixin.py:112} INFO - [2020-07-22 15:51:48,352] {spark_submit_hook.py:479} INFO - 20/07/22 15:51:48 INFO SparkContext: Successfully stopped SparkContext
[2020-07-22 15:51:48,352] {logging_mixin.py:112} INFO - [2020-07-22 15:51:48,352] {spark_submit_hook.py:479} INFO - 20/07/22 15:51:48 INFO ShutdownHookManager: Shutdown hook called
[2020-07-22 15:51:48,354] {logging_mixin.py:112} INFO - [2020-07-22 15:51:48,353] {spark_submit_hook.py:479} INFO - 20/07/22 15:51:48 INFO ShutdownHookManager: Deleting directory /tmp/spark-caa048db-13c1-4a15-8987-fb943efd22f4/pyspark-a4baa391-1ecf-4242-b897-4b7a3bfdbaeb
[2020-07-22 15:51:48,357] {logging_mixin.py:112} INFO - [2020-07-22 15:51:48,356] {spark_submit_hook.py:479} INFO - 20/07/22 15:51:48 INFO ShutdownHookManager: Deleting directory /tmp/spark-caa048db-13c1-4a15-8987-fb943efd22f4
[2020-07-22 15:51:48,360] {logging_mixin.py:112} INFO - [2020-07-22 15:51:48,360] {spark_submit_hook.py:479} INFO - 20/07/22 15:51:48 INFO ShutdownHookManager: Deleting directory /tmp/spark-9bdcfc2f-c71b-4e9e-9519-bd990c857e1e
[2020-07-22 15:51:48,430] {taskinstance.py:1052} INFO - Marking task as SUCCESS.dag_id=submit_data, task_id=spark_submit, execution_date=20200720T053000, start_date=20200722T102128, end_date=20200722T102148
[2020-07-22 15:51:48,882] {logging_mixin.py:112} INFO - [2020-07-22 15:51:48,881] {local_task_job.py:103} INFO - Task exited with return code 0
