[2020-07-13 17:09:13,261] {taskinstance.py:669} INFO - Dependencies all met for <TaskInstance: employees_dag.check_file_exists 2020-07-13T11:35:51.903068+00:00 [queued]>
[2020-07-13 17:09:13,270] {taskinstance.py:669} INFO - Dependencies all met for <TaskInstance: employees_dag.check_file_exists 2020-07-13T11:35:51.903068+00:00 [queued]>
[2020-07-13 17:09:13,270] {taskinstance.py:879} INFO - 
--------------------------------------------------------------------------------
[2020-07-13 17:09:13,270] {taskinstance.py:880} INFO - Starting attempt 3 of 3
[2020-07-13 17:09:13,270] {taskinstance.py:881} INFO - 
--------------------------------------------------------------------------------
[2020-07-13 17:09:13,456] {taskinstance.py:900} INFO - Executing <Task(BashOperator): check_file_exists> on 2020-07-13T11:35:51.903068+00:00
[2020-07-13 17:09:13,461] {standard_task_runner.py:53} INFO - Started process 30874 to run task
[2020-07-13 17:09:13,625] {logging_mixin.py:112} INFO - Running %s on host %s <TaskInstance: employees_dag.check_file_exists 2020-07-13T11:35:51.903068+00:00 [running]> bhakti-Vostro-3558
[2020-07-13 17:09:13,640] {bash_operator.py:82} INFO - Tmp dir root location: 
 /tmp
[2020-07-13 17:09:13,641] {bash_operator.py:103} INFO - Temporary script location: /tmp/airflowtmpcs3wbrft/check_file_exists3i784xvi
[2020-07-13 17:09:13,641] {bash_operator.py:115} INFO - Running command: python3 shasum ~/home/bhakti/airflow/input_data/sample.csv
[2020-07-13 17:09:13,648] {bash_operator.py:122} INFO - Output:
[2020-07-13 17:09:13,676] {bash_operator.py:126} INFO - python3: can't open file 'shasum': [Errno 2] No such file or directory
[2020-07-13 17:09:13,680] {bash_operator.py:128} INFO - Command exited with return code 2
[2020-07-13 17:09:13,688] {taskinstance.py:1145} ERROR - Bash command failed
Traceback (most recent call last):
  File "/usr/local/lib/python3.8/dist-packages/airflow/models/taskinstance.py", line 983, in _run_raw_task
    result = task_copy.execute(context=context)
  File "/usr/local/lib/python3.8/dist-packages/airflow/operators/bash_operator.py", line 134, in execute
    raise AirflowException("Bash command failed")
airflow.exceptions.AirflowException: Bash command failed
[2020-07-13 17:09:13,691] {taskinstance.py:1174} INFO - All retries failed; marking task as FAILED.dag_id=employees_dag, task_id=check_file_exists, execution_date=20200713T113551, start_date=20200713T113913, end_date=20200713T113913
[2020-07-13 17:09:23,146] {logging_mixin.py:112} INFO - [2020-07-13 17:09:23,145] {local_task_job.py:103} INFO - Task exited with return code 1
