[2020-07-22 16:07:05,473] {taskinstance.py:669} INFO - Dependencies all met for <TaskInstance: submit_data.spark_submit 2020-07-20T05:53:00+00:00 [queued]>
[2020-07-22 16:07:05,491] {taskinstance.py:669} INFO - Dependencies all met for <TaskInstance: submit_data.spark_submit 2020-07-20T05:53:00+00:00 [queued]>
[2020-07-22 16:07:05,491] {taskinstance.py:879} INFO - 
--------------------------------------------------------------------------------
[2020-07-22 16:07:05,491] {taskinstance.py:880} INFO - Starting attempt 1 of 1
[2020-07-22 16:07:05,491] {taskinstance.py:881} INFO - 
--------------------------------------------------------------------------------
[2020-07-22 16:07:05,828] {taskinstance.py:900} INFO - Executing <Task(SparkSubmitOperator): spark_submit> on 2020-07-20T05:53:00+00:00
[2020-07-22 16:07:05,831] {standard_task_runner.py:53} INFO - Started process 553872 to run task
[2020-07-22 16:07:06,051] {logging_mixin.py:112} INFO - Running %s on host %s <TaskInstance: submit_data.spark_submit 2020-07-20T05:53:00+00:00 [running]> bhakti-Vostro-3558
[2020-07-22 16:07:06,113] {logging_mixin.py:112} INFO - [2020-07-22 16:07:06,112] {base_hook.py:87} INFO - Using connection to: id: spark_local. Host: local, Port: None, Schema: None, Login: None, Password: None, extra: None
[2020-07-22 16:07:06,115] {logging_mixin.py:112} INFO - [2020-07-22 16:07:06,115] {spark_submit_hook.py:325} INFO - Spark-Submit cmd: spark-submit --master local --name airflow-spark /home/bhakti/airflow/spark_jobs/python/spark_test.py
[2020-07-22 16:07:10,108] {logging_mixin.py:112} INFO - [2020-07-22 16:07:10,107] {spark_submit_hook.py:479} INFO - 20/07/22 16:07:10 WARN Utils: Your hostname, bhakti-Vostro-3558 resolves to a loopback address: 127.0.1.1; using 192.168.43.94 instead (on interface wlp6s0)
[2020-07-22 16:07:10,119] {logging_mixin.py:112} INFO - [2020-07-22 16:07:10,114] {spark_submit_hook.py:479} INFO - 20/07/22 16:07:10 WARN Utils: Set SPARK_LOCAL_IP if you need to bind to another address
[2020-07-22 16:07:13,023] {logging_mixin.py:112} INFO - [2020-07-22 16:07:13,023] {spark_submit_hook.py:479} INFO - 20/07/22 16:07:13 WARN NativeCodeLoader: Unable to load native-hadoop library for your platform... using builtin-java classes where applicable
[2020-07-22 16:07:14,379] {logging_mixin.py:112} INFO - [2020-07-22 16:07:14,379] {spark_submit_hook.py:479} INFO - File "/home/bhakti/airflow/spark_jobs/python/spark_test.py", line 13
[2020-07-22 16:07:14,386] {logging_mixin.py:112} INFO - [2020-07-22 16:07:14,386] {spark_submit_hook.py:479} INFO - .collect()\
[2020-07-22 16:07:14,387] {logging_mixin.py:112} INFO - [2020-07-22 16:07:14,387] {spark_submit_hook.py:479} INFO - ^
[2020-07-22 16:07:14,388] {logging_mixin.py:112} INFO - [2020-07-22 16:07:14,387] {spark_submit_hook.py:479} INFO - SyntaxError: unexpected EOF while parsing
[2020-07-22 16:07:14,464] {logging_mixin.py:112} INFO - [2020-07-22 16:07:14,464] {spark_submit_hook.py:479} INFO - log4j:WARN No appenders could be found for logger (org.apache.spark.util.ShutdownHookManager).
[2020-07-22 16:07:14,465] {logging_mixin.py:112} INFO - [2020-07-22 16:07:14,465] {spark_submit_hook.py:479} INFO - log4j:WARN Please initialize the log4j system properly.
[2020-07-22 16:07:14,465] {logging_mixin.py:112} INFO - [2020-07-22 16:07:14,465] {spark_submit_hook.py:479} INFO - log4j:WARN See http://logging.apache.org/log4j/1.2/faq.html#noconfig for more info.
[2020-07-22 16:07:14,544] {taskinstance.py:1145} ERROR - Cannot execute: spark-submit --master local --name airflow-spark /home/bhakti/airflow/spark_jobs/python/spark_test.py. Error code is: 1.
Traceback (most recent call last):
  File "/usr/local/lib/python3.8/dist-packages/airflow/models/taskinstance.py", line 983, in _run_raw_task
    result = task_copy.execute(context=context)
  File "/usr/local/lib/python3.8/dist-packages/airflow/contrib/operators/spark_submit_operator.py", line 187, in execute
    self._hook.submit(self._application)
  File "/usr/local/lib/python3.8/dist-packages/airflow/contrib/hooks/spark_submit_hook.py", line 403, in submit
    raise AirflowException(
airflow.exceptions.AirflowException: Cannot execute: spark-submit --master local --name airflow-spark /home/bhakti/airflow/spark_jobs/python/spark_test.py. Error code is: 1.
[2020-07-22 16:07:14,559] {taskinstance.py:1189} INFO - Marking task as FAILED.dag_id=submit_data, task_id=spark_submit, execution_date=20200720T055300, start_date=20200722T103705, end_date=20200722T103714
[2020-07-22 16:07:15,339] {logging_mixin.py:112} INFO - [2020-07-22 16:07:15,339] {local_task_job.py:103} INFO - Task exited with return code 1
