[2020-07-22 18:26:48,893] {taskinstance.py:669} INFO - Dependencies all met for <TaskInstance: submit_data.spark_submit 2020-07-20T09:12:00+00:00 [queued]>
[2020-07-22 18:26:48,918] {taskinstance.py:669} INFO - Dependencies all met for <TaskInstance: submit_data.spark_submit 2020-07-20T09:12:00+00:00 [queued]>
[2020-07-22 18:26:48,918] {taskinstance.py:879} INFO - 
--------------------------------------------------------------------------------
[2020-07-22 18:26:48,918] {taskinstance.py:880} INFO - Starting attempt 1 of 1
[2020-07-22 18:26:48,918] {taskinstance.py:881} INFO - 
--------------------------------------------------------------------------------
[2020-07-22 18:26:49,358] {taskinstance.py:900} INFO - Executing <Task(SparkSubmitOperator): spark_submit> on 2020-07-20T09:12:00+00:00
[2020-07-22 18:26:49,364] {standard_task_runner.py:53} INFO - Started process 729327 to run task
[2020-07-22 18:26:49,565] {logging_mixin.py:112} INFO - Running %s on host %s <TaskInstance: submit_data.spark_submit 2020-07-20T09:12:00+00:00 [running]> bhakti-Vostro-3558
[2020-07-22 18:26:49,600] {logging_mixin.py:112} INFO - [2020-07-22 18:26:49,599] {base_hook.py:87} INFO - Using connection to: id: spark_local. Host: local, Port: None, Schema: None, Login: None, Password: None, extra: None
[2020-07-22 18:26:49,602] {logging_mixin.py:112} INFO - [2020-07-22 18:26:49,601] {spark_submit_hook.py:325} INFO - Spark-Submit cmd: spark-submit --master local --name airflow-spark /home/bhakti/airflow/spark_jobs/spark_test.py
[2020-07-22 18:26:53,691] {logging_mixin.py:112} INFO - [2020-07-22 18:26:53,691] {spark_submit_hook.py:479} INFO - 20/07/22 18:26:53 WARN Utils: Your hostname, bhakti-Vostro-3558 resolves to a loopback address: 127.0.1.1; using 192.168.43.94 instead (on interface wlp6s0)
[2020-07-22 18:26:53,695] {logging_mixin.py:112} INFO - [2020-07-22 18:26:53,695] {spark_submit_hook.py:479} INFO - 20/07/22 18:26:53 WARN Utils: Set SPARK_LOCAL_IP if you need to bind to another address
[2020-07-22 18:26:56,003] {logging_mixin.py:112} INFO - [2020-07-22 18:26:56,003] {spark_submit_hook.py:479} INFO - 20/07/22 18:26:56 WARN NativeCodeLoader: Unable to load native-hadoop library for your platform... using builtin-java classes where applicable
[2020-07-22 18:27:00,825] {logging_mixin.py:112} INFO - [2020-07-22 18:27:00,825] {spark_submit_hook.py:479} INFO - Using Spark's default log4j profile: org/apache/spark/log4j-defaults.properties
[2020-07-22 18:27:00,910] {logging_mixin.py:112} INFO - [2020-07-22 18:27:00,910] {spark_submit_hook.py:479} INFO - 20/07/22 18:27:00 INFO SparkContext: Running Spark version 3.0.0
[2020-07-22 18:27:01,070] {logging_mixin.py:112} INFO - [2020-07-22 18:27:01,070] {spark_submit_hook.py:479} INFO - 20/07/22 18:27:01 INFO ResourceUtils: ==============================================================
[2020-07-22 18:27:01,074] {logging_mixin.py:112} INFO - [2020-07-22 18:27:01,073] {spark_submit_hook.py:479} INFO - 20/07/22 18:27:01 INFO ResourceUtils: Resources for spark.driver:
[2020-07-22 18:27:01,074] {logging_mixin.py:112} INFO - [2020-07-22 18:27:01,074] {spark_submit_hook.py:479} INFO - 
[2020-07-22 18:27:01,075] {logging_mixin.py:112} INFO - [2020-07-22 18:27:01,074] {spark_submit_hook.py:479} INFO - 20/07/22 18:27:01 INFO ResourceUtils: ==============================================================
[2020-07-22 18:27:01,075] {logging_mixin.py:112} INFO - [2020-07-22 18:27:01,075] {spark_submit_hook.py:479} INFO - 20/07/22 18:27:01 INFO SparkContext: Submitted application: Spark_Test_Python
[2020-07-22 18:27:01,255] {logging_mixin.py:112} INFO - [2020-07-22 18:27:01,255] {spark_submit_hook.py:479} INFO - 20/07/22 18:27:01 INFO SecurityManager: Changing view acls to: bhakti
[2020-07-22 18:27:01,255] {logging_mixin.py:112} INFO - [2020-07-22 18:27:01,255] {spark_submit_hook.py:479} INFO - 20/07/22 18:27:01 INFO SecurityManager: Changing modify acls to: bhakti
[2020-07-22 18:27:01,257] {logging_mixin.py:112} INFO - [2020-07-22 18:27:01,257] {spark_submit_hook.py:479} INFO - 20/07/22 18:27:01 INFO SecurityManager: Changing view acls groups to:
[2020-07-22 18:27:01,258] {logging_mixin.py:112} INFO - [2020-07-22 18:27:01,257] {spark_submit_hook.py:479} INFO - 20/07/22 18:27:01 INFO SecurityManager: Changing modify acls groups to:
[2020-07-22 18:27:01,259] {logging_mixin.py:112} INFO - [2020-07-22 18:27:01,258] {spark_submit_hook.py:479} INFO - 20/07/22 18:27:01 INFO SecurityManager: SecurityManager: authentication disabled; ui acls disabled; users  with view permissions: Set(bhakti); groups with view permissions: Set(); users  with modify permissions: Set(bhakti); groups with modify permissions: Set()
[2020-07-22 18:27:02,183] {logging_mixin.py:112} INFO - [2020-07-22 18:27:02,182] {spark_submit_hook.py:479} INFO - 20/07/22 18:27:02 INFO Utils: Successfully started service 'sparkDriver' on port 34027.
[2020-07-22 18:27:02,251] {logging_mixin.py:112} INFO - [2020-07-22 18:27:02,251] {spark_submit_hook.py:479} INFO - 20/07/22 18:27:02 INFO SparkEnv: Registering MapOutputTracker
[2020-07-22 18:27:02,329] {logging_mixin.py:112} INFO - [2020-07-22 18:27:02,329] {spark_submit_hook.py:479} INFO - 20/07/22 18:27:02 INFO SparkEnv: Registering BlockManagerMaster
[2020-07-22 18:27:02,385] {logging_mixin.py:112} INFO - [2020-07-22 18:27:02,385] {spark_submit_hook.py:479} INFO - 20/07/22 18:27:02 INFO BlockManagerMasterEndpoint: Using org.apache.spark.storage.DefaultTopologyMapper for getting topology information
[2020-07-22 18:27:02,387] {logging_mixin.py:112} INFO - [2020-07-22 18:27:02,387] {spark_submit_hook.py:479} INFO - 20/07/22 18:27:02 INFO BlockManagerMasterEndpoint: BlockManagerMasterEndpoint up
[2020-07-22 18:27:02,398] {logging_mixin.py:112} INFO - [2020-07-22 18:27:02,398] {spark_submit_hook.py:479} INFO - 20/07/22 18:27:02 INFO SparkEnv: Registering BlockManagerMasterHeartbeat
[2020-07-22 18:27:02,420] {logging_mixin.py:112} INFO - [2020-07-22 18:27:02,419] {spark_submit_hook.py:479} INFO - 20/07/22 18:27:02 INFO DiskBlockManager: Created local directory at /tmp/blockmgr-a01ca2a0-70d7-45b4-8ced-68fe8c96df16
[2020-07-22 18:27:02,458] {logging_mixin.py:112} INFO - [2020-07-22 18:27:02,457] {spark_submit_hook.py:479} INFO - 20/07/22 18:27:02 INFO MemoryStore: MemoryStore started with capacity 366.3 MiB
[2020-07-22 18:27:02,485] {logging_mixin.py:112} INFO - [2020-07-22 18:27:02,485] {spark_submit_hook.py:479} INFO - 20/07/22 18:27:02 INFO SparkEnv: Registering OutputCommitCoordinator
[2020-07-22 18:27:02,888] {logging_mixin.py:112} INFO - [2020-07-22 18:27:02,888] {spark_submit_hook.py:479} INFO - 20/07/22 18:27:02 INFO Utils: Successfully started service 'SparkUI' on port 4040.
[2020-07-22 18:27:02,968] {logging_mixin.py:112} INFO - [2020-07-22 18:27:02,968] {spark_submit_hook.py:479} INFO - 20/07/22 18:27:02 INFO SparkUI: Bound SparkUI to 0.0.0.0, and started at http://192.168.43.94:4040
[2020-07-22 18:27:03,556] {logging_mixin.py:112} INFO - [2020-07-22 18:27:03,556] {spark_submit_hook.py:479} INFO - 20/07/22 18:27:03 INFO Executor: Starting executor ID driver on host 192.168.43.94
[2020-07-22 18:27:03,609] {logging_mixin.py:112} INFO - [2020-07-22 18:27:03,609] {spark_submit_hook.py:479} INFO - 20/07/22 18:27:03 INFO Utils: Successfully started service 'org.apache.spark.network.netty.NettyBlockTransferService' on port 42463.
[2020-07-22 18:27:03,610] {logging_mixin.py:112} INFO - [2020-07-22 18:27:03,610] {spark_submit_hook.py:479} INFO - 20/07/22 18:27:03 INFO NettyBlockTransferService: Server created on 192.168.43.94:42463
[2020-07-22 18:27:03,613] {logging_mixin.py:112} INFO - [2020-07-22 18:27:03,613] {spark_submit_hook.py:479} INFO - 20/07/22 18:27:03 INFO BlockManager: Using org.apache.spark.storage.RandomBlockReplicationPolicy for block replication policy
[2020-07-22 18:27:03,629] {logging_mixin.py:112} INFO - [2020-07-22 18:27:03,629] {spark_submit_hook.py:479} INFO - 20/07/22 18:27:03 INFO BlockManagerMaster: Registering BlockManager BlockManagerId(driver, 192.168.43.94, 42463, None)
[2020-07-22 18:27:03,638] {logging_mixin.py:112} INFO - [2020-07-22 18:27:03,638] {spark_submit_hook.py:479} INFO - 20/07/22 18:27:03 INFO BlockManagerMasterEndpoint: Registering block manager 192.168.43.94:42463 with 366.3 MiB RAM, BlockManagerId(driver, 192.168.43.94, 42463, None)
[2020-07-22 18:27:03,643] {logging_mixin.py:112} INFO - [2020-07-22 18:27:03,643] {spark_submit_hook.py:479} INFO - 20/07/22 18:27:03 INFO BlockManagerMaster: Registered BlockManager BlockManagerId(driver, 192.168.43.94, 42463, None)
[2020-07-22 18:27:03,645] {logging_mixin.py:112} INFO - [2020-07-22 18:27:03,645] {spark_submit_hook.py:479} INFO - 20/07/22 18:27:03 INFO BlockManager: Initialized BlockManager: BlockManagerId(driver, 192.168.43.94, 42463, None)
[2020-07-22 18:27:05,333] {logging_mixin.py:112} INFO - [2020-07-22 18:27:05,332] {spark_submit_hook.py:479} INFO - 20/07/22 18:27:05 INFO MemoryStore: Block broadcast_0 stored as values in memory (estimated size 241.5 KiB, free 366.1 MiB)
[2020-07-22 18:27:05,498] {logging_mixin.py:112} INFO - [2020-07-22 18:27:05,498] {spark_submit_hook.py:479} INFO - 20/07/22 18:27:05 INFO MemoryStore: Block broadcast_0_piece0 stored as bytes in memory (estimated size 23.4 KiB, free 366.0 MiB)
[2020-07-22 18:27:05,505] {logging_mixin.py:112} INFO - [2020-07-22 18:27:05,504] {spark_submit_hook.py:479} INFO - 20/07/22 18:27:05 INFO BlockManagerInfo: Added broadcast_0_piece0 in memory on 192.168.43.94:42463 (size: 23.4 KiB, free: 366.3 MiB)
[2020-07-22 18:27:05,529] {logging_mixin.py:112} INFO - [2020-07-22 18:27:05,529] {spark_submit_hook.py:479} INFO - 20/07/22 18:27:05 INFO SparkContext: Created broadcast 0 from textFile at NativeMethodAccessorImpl.java:0
[2020-07-22 18:27:05,972] {logging_mixin.py:112} INFO - [2020-07-22 18:27:05,972] {spark_submit_hook.py:479} INFO - 20/07/22 18:27:05 INFO FileInputFormat: Total input paths to process : 1
[2020-07-22 18:27:06,197] {logging_mixin.py:112} INFO - [2020-07-22 18:27:06,196] {spark_submit_hook.py:479} INFO - 20/07/22 18:27:06 INFO SparkContext: Starting job: collect at /home/bhakti/airflow/spark_jobs/spark_test.py:8
[2020-07-22 18:27:06,273] {logging_mixin.py:112} INFO - [2020-07-22 18:27:06,273] {spark_submit_hook.py:479} INFO - 20/07/22 18:27:06 INFO DAGScheduler: Got job 0 (collect at /home/bhakti/airflow/spark_jobs/spark_test.py:8) with 1 output partitions
[2020-07-22 18:27:06,273] {logging_mixin.py:112} INFO - [2020-07-22 18:27:06,273] {spark_submit_hook.py:479} INFO - 20/07/22 18:27:06 INFO DAGScheduler: Final stage: ResultStage 0 (collect at /home/bhakti/airflow/spark_jobs/spark_test.py:8)
[2020-07-22 18:27:06,274] {logging_mixin.py:112} INFO - [2020-07-22 18:27:06,274] {spark_submit_hook.py:479} INFO - 20/07/22 18:27:06 INFO DAGScheduler: Parents of final stage: List()
[2020-07-22 18:27:06,279] {logging_mixin.py:112} INFO - [2020-07-22 18:27:06,279] {spark_submit_hook.py:479} INFO - 20/07/22 18:27:06 INFO DAGScheduler: Missing parents: List()
[2020-07-22 18:27:06,326] {logging_mixin.py:112} INFO - [2020-07-22 18:27:06,325] {spark_submit_hook.py:479} INFO - 20/07/22 18:27:06 INFO DAGScheduler: Submitting ResultStage 0 (PythonRDD[2] at collect at /home/bhakti/airflow/spark_jobs/spark_test.py:8), which has no missing parents
[2020-07-22 18:27:06,426] {logging_mixin.py:112} INFO - [2020-07-22 18:27:06,426] {spark_submit_hook.py:479} INFO - 20/07/22 18:27:06 INFO MemoryStore: Block broadcast_1 stored as values in memory (estimated size 7.4 KiB, free 366.0 MiB)
[2020-07-22 18:27:06,435] {logging_mixin.py:112} INFO - [2020-07-22 18:27:06,434] {spark_submit_hook.py:479} INFO - 20/07/22 18:27:06 INFO MemoryStore: Block broadcast_1_piece0 stored as bytes in memory (estimated size 4.4 KiB, free 366.0 MiB)
[2020-07-22 18:27:06,437] {logging_mixin.py:112} INFO - [2020-07-22 18:27:06,437] {spark_submit_hook.py:479} INFO - 20/07/22 18:27:06 INFO BlockManagerInfo: Added broadcast_1_piece0 in memory on 192.168.43.94:42463 (size: 4.4 KiB, free: 366.3 MiB)
[2020-07-22 18:27:06,439] {logging_mixin.py:112} INFO - [2020-07-22 18:27:06,439] {spark_submit_hook.py:479} INFO - 20/07/22 18:27:06 INFO SparkContext: Created broadcast 1 from broadcast at DAGScheduler.scala:1200
[2020-07-22 18:27:06,510] {logging_mixin.py:112} INFO - [2020-07-22 18:27:06,510] {spark_submit_hook.py:479} INFO - 20/07/22 18:27:06 INFO DAGScheduler: Submitting 1 missing tasks from ResultStage 0 (PythonRDD[2] at collect at /home/bhakti/airflow/spark_jobs/spark_test.py:8) (first 15 tasks are for partitions Vector(0))
[2020-07-22 18:27:06,512] {logging_mixin.py:112} INFO - [2020-07-22 18:27:06,512] {spark_submit_hook.py:479} INFO - 20/07/22 18:27:06 INFO TaskSchedulerImpl: Adding task set 0.0 with 1 tasks
[2020-07-22 18:27:06,661] {logging_mixin.py:112} INFO - [2020-07-22 18:27:06,661] {spark_submit_hook.py:479} INFO - 20/07/22 18:27:06 INFO TaskSetManager: Starting task 0.0 in stage 0.0 (TID 0, 192.168.43.94, executor driver, partition 0, PROCESS_LOCAL, 7388 bytes)
[2020-07-22 18:27:06,721] {logging_mixin.py:112} INFO - [2020-07-22 18:27:06,721] {spark_submit_hook.py:479} INFO - 20/07/22 18:27:06 INFO Executor: Running task 0.0 in stage 0.0 (TID 0)
[2020-07-22 18:27:07,901] {logging_mixin.py:112} INFO - [2020-07-22 18:27:07,900] {spark_submit_hook.py:479} INFO - 20/07/22 18:27:07 INFO HadoopRDD: Input split: file:/home/bhakti/airflow/input_data/sample.csv:0+93
[2020-07-22 18:27:09,316] {logging_mixin.py:112} INFO - [2020-07-22 18:27:09,315] {spark_submit_hook.py:479} INFO - 20/07/22 18:27:09 INFO PythonRunner: Times: total = 1339, boot = 1309, init = 29, finish = 1
[2020-07-22 18:27:09,376] {logging_mixin.py:112} INFO - [2020-07-22 18:27:09,376] {spark_submit_hook.py:479} INFO - 20/07/22 18:27:09 INFO Executor: Finished task 0.0 in stage 0.0 (TID 0). 1779 bytes result sent to driver
[2020-07-22 18:27:09,398] {logging_mixin.py:112} INFO - [2020-07-22 18:27:09,398] {spark_submit_hook.py:479} INFO - 20/07/22 18:27:09 INFO TaskSetManager: Finished task 0.0 in stage 0.0 (TID 0) in 2775 ms on 192.168.43.94 (executor driver) (1/1)
[2020-07-22 18:27:09,411] {logging_mixin.py:112} INFO - [2020-07-22 18:27:09,411] {spark_submit_hook.py:479} INFO - 20/07/22 18:27:09 INFO TaskSchedulerImpl: Removed TaskSet 0.0, whose tasks have all completed, from pool
[2020-07-22 18:27:09,414] {logging_mixin.py:112} INFO - [2020-07-22 18:27:09,413] {spark_submit_hook.py:479} INFO - 20/07/22 18:27:09 INFO PythonAccumulatorV2: Connected to AccumulatorServer at host: 127.0.0.1 port: 46835
[2020-07-22 18:27:09,431] {logging_mixin.py:112} INFO - [2020-07-22 18:27:09,430] {spark_submit_hook.py:479} INFO - 20/07/22 18:27:09 INFO DAGScheduler: ResultStage 0 (collect at /home/bhakti/airflow/spark_jobs/spark_test.py:8) finished in 3.014 s
[2020-07-22 18:27:09,440] {logging_mixin.py:112} INFO - [2020-07-22 18:27:09,440] {spark_submit_hook.py:479} INFO - 20/07/22 18:27:09 INFO DAGScheduler: Job 0 is finished. Cancelling potential speculative or zombie tasks for this job
[2020-07-22 18:27:09,442] {logging_mixin.py:112} INFO - [2020-07-22 18:27:09,441] {spark_submit_hook.py:479} INFO - 20/07/22 18:27:09 INFO TaskSchedulerImpl: Killing all running tasks in stage 0: Stage finished
[2020-07-22 18:27:09,446] {logging_mixin.py:112} INFO - [2020-07-22 18:27:09,446] {spark_submit_hook.py:479} INFO - 20/07/22 18:27:09 INFO DAGScheduler: Job 0 finished: collect at /home/bhakti/airflow/spark_jobs/spark_test.py:8, took 3.248439 s
[2020-07-22 18:27:09,483] {logging_mixin.py:112} INFO - [2020-07-22 18:27:09,483] {spark_submit_hook.py:479} INFO - [('PERSON', 'JOINING_YEAR', 'COMPANY'), ('John', '2018', 'Google'), ('Sam', '2017', 'IBM'), ('Jeff', '2014', 'Yahoo'), ('Allen', '2015', 'Facebook')]
[2020-07-22 18:27:10,010] {logging_mixin.py:112} INFO - [2020-07-22 18:27:10,010] {spark_submit_hook.py:479} INFO - 20/07/22 18:27:10 INFO BlockManagerInfo: Removed broadcast_1_piece0 on 192.168.43.94:42463 in memory (size: 4.4 KiB, free: 366.3 MiB)
[2020-07-22 18:27:11,390] {logging_mixin.py:112} INFO - [2020-07-22 18:27:11,390] {spark_submit_hook.py:479} INFO - 20/07/22 18:27:11 INFO SharedState: Setting hive.metastore.warehouse.dir ('null') to the value of spark.sql.warehouse.dir ('file:/home/bhakti/airflow/spark-warehouse').
[2020-07-22 18:27:11,391] {logging_mixin.py:112} INFO - [2020-07-22 18:27:11,390] {spark_submit_hook.py:479} INFO - 20/07/22 18:27:11 INFO SharedState: Warehouse path is 'file:/home/bhakti/airflow/spark-warehouse'.
[2020-07-22 18:27:24,128] {logging_mixin.py:112} INFO - [2020-07-22 18:27:24,127] {spark_submit_hook.py:479} INFO - 20/07/22 18:27:24 INFO CodeGenerator: Code generated in 911.004276 ms
[2020-07-22 18:27:24,259] {logging_mixin.py:112} INFO - [2020-07-22 18:27:24,259] {spark_submit_hook.py:479} INFO - 20/07/22 18:27:24 INFO SparkContext: Starting job: showString at NativeMethodAccessorImpl.java:0
[2020-07-22 18:27:24,263] {logging_mixin.py:112} INFO - [2020-07-22 18:27:24,263] {spark_submit_hook.py:479} INFO - 20/07/22 18:27:24 INFO DAGScheduler: Got job 1 (showString at NativeMethodAccessorImpl.java:0) with 1 output partitions
[2020-07-22 18:27:24,263] {logging_mixin.py:112} INFO - [2020-07-22 18:27:24,263] {spark_submit_hook.py:479} INFO - 20/07/22 18:27:24 INFO DAGScheduler: Final stage: ResultStage 1 (showString at NativeMethodAccessorImpl.java:0)
[2020-07-22 18:27:24,264] {logging_mixin.py:112} INFO - [2020-07-22 18:27:24,264] {spark_submit_hook.py:479} INFO - 20/07/22 18:27:24 INFO DAGScheduler: Parents of final stage: List()
[2020-07-22 18:27:24,277] {logging_mixin.py:112} INFO - [2020-07-22 18:27:24,276] {spark_submit_hook.py:479} INFO - 20/07/22 18:27:24 INFO DAGScheduler: Missing parents: List()
[2020-07-22 18:27:24,291] {logging_mixin.py:112} INFO - [2020-07-22 18:27:24,290] {spark_submit_hook.py:479} INFO - 20/07/22 18:27:24 INFO DAGScheduler: Submitting ResultStage 1 (MapPartitionsRDD[9] at showString at NativeMethodAccessorImpl.java:0), which has no missing parents
[2020-07-22 18:27:24,366] {logging_mixin.py:112} INFO - [2020-07-22 18:27:24,365] {spark_submit_hook.py:479} INFO - 20/07/22 18:27:24 INFO MemoryStore: Block broadcast_2 stored as values in memory (estimated size 11.2 KiB, free 366.0 MiB)
[2020-07-22 18:27:24,377] {logging_mixin.py:112} INFO - [2020-07-22 18:27:24,377] {spark_submit_hook.py:479} INFO - 20/07/22 18:27:24 INFO MemoryStore: Block broadcast_2_piece0 stored as bytes in memory (estimated size 5.8 KiB, free 366.0 MiB)
[2020-07-22 18:27:24,379] {logging_mixin.py:112} INFO - [2020-07-22 18:27:24,379] {spark_submit_hook.py:479} INFO - 20/07/22 18:27:24 INFO BlockManagerInfo: Added broadcast_2_piece0 in memory on 192.168.43.94:42463 (size: 5.8 KiB, free: 366.3 MiB)
[2020-07-22 18:27:24,383] {logging_mixin.py:112} INFO - [2020-07-22 18:27:24,383] {spark_submit_hook.py:479} INFO - 20/07/22 18:27:24 INFO SparkContext: Created broadcast 2 from broadcast at DAGScheduler.scala:1200
[2020-07-22 18:27:24,391] {logging_mixin.py:112} INFO - [2020-07-22 18:27:24,391] {spark_submit_hook.py:479} INFO - 20/07/22 18:27:24 INFO DAGScheduler: Submitting 1 missing tasks from ResultStage 1 (MapPartitionsRDD[9] at showString at NativeMethodAccessorImpl.java:0) (first 15 tasks are for partitions Vector(0))
[2020-07-22 18:27:24,391] {logging_mixin.py:112} INFO - [2020-07-22 18:27:24,391] {spark_submit_hook.py:479} INFO - 20/07/22 18:27:24 INFO TaskSchedulerImpl: Adding task set 1.0 with 1 tasks
[2020-07-22 18:27:24,444] {logging_mixin.py:112} INFO - [2020-07-22 18:27:24,444] {spark_submit_hook.py:479} INFO - 20/07/22 18:27:24 INFO TaskSetManager: Starting task 0.0 in stage 1.0 (TID 1, 192.168.43.94, executor driver, partition 0, PROCESS_LOCAL, 7493 bytes)
[2020-07-22 18:27:24,459] {logging_mixin.py:112} INFO - [2020-07-22 18:27:24,459] {spark_submit_hook.py:479} INFO - 20/07/22 18:27:24 INFO Executor: Running task 0.0 in stage 1.0 (TID 1)
[2020-07-22 18:27:24,652] {logging_mixin.py:112} INFO - [2020-07-22 18:27:24,651] {spark_submit_hook.py:479} INFO - 20/07/22 18:27:24 INFO PythonRunner: Times: total = 4, boot = -15264, init = 15268, finish = 0
[2020-07-22 18:27:24,682] {logging_mixin.py:112} INFO - [2020-07-22 18:27:24,681] {spark_submit_hook.py:479} INFO - 20/07/22 18:27:24 INFO Executor: Finished task 0.0 in stage 1.0 (TID 1). 2235 bytes result sent to driver
[2020-07-22 18:27:24,694] {logging_mixin.py:112} INFO - [2020-07-22 18:27:24,694] {spark_submit_hook.py:479} INFO - 20/07/22 18:27:24 INFO TaskSetManager: Finished task 0.0 in stage 1.0 (TID 1) in 305 ms on 192.168.43.94 (executor driver) (1/1)
[2020-07-22 18:27:24,695] {logging_mixin.py:112} INFO - [2020-07-22 18:27:24,694] {spark_submit_hook.py:479} INFO - 20/07/22 18:27:24 INFO TaskSchedulerImpl: Removed TaskSet 1.0, whose tasks have all completed, from pool
[2020-07-22 18:27:24,697] {logging_mixin.py:112} INFO - [2020-07-22 18:27:24,697] {spark_submit_hook.py:479} INFO - 20/07/22 18:27:24 INFO DAGScheduler: ResultStage 1 (showString at NativeMethodAccessorImpl.java:0) finished in 0.396 s
[2020-07-22 18:27:24,698] {logging_mixin.py:112} INFO - [2020-07-22 18:27:24,697] {spark_submit_hook.py:479} INFO - 20/07/22 18:27:24 INFO DAGScheduler: Job 1 is finished. Cancelling potential speculative or zombie tasks for this job
[2020-07-22 18:27:24,698] {logging_mixin.py:112} INFO - [2020-07-22 18:27:24,698] {spark_submit_hook.py:479} INFO - 20/07/22 18:27:24 INFO TaskSchedulerImpl: Killing all running tasks in stage 1: Stage finished
[2020-07-22 18:27:24,698] {logging_mixin.py:112} INFO - [2020-07-22 18:27:24,698] {spark_submit_hook.py:479} INFO - 20/07/22 18:27:24 INFO DAGScheduler: Job 1 finished: showString at NativeMethodAccessorImpl.java:0, took 0.438277 s
[2020-07-22 18:27:24,834] {logging_mixin.py:112} INFO - [2020-07-22 18:27:24,833] {spark_submit_hook.py:479} INFO - 20/07/22 18:27:24 INFO CodeGenerator: Code generated in 99.124915 ms
[2020-07-22 18:27:24,857] {logging_mixin.py:112} INFO - [2020-07-22 18:27:24,857] {spark_submit_hook.py:479} INFO - +------+------------+--------+
[2020-07-22 18:27:24,858] {logging_mixin.py:112} INFO - [2020-07-22 18:27:24,858] {spark_submit_hook.py:479} INFO - |    _1|          _2|      _3|
[2020-07-22 18:27:24,858] {logging_mixin.py:112} INFO - [2020-07-22 18:27:24,858] {spark_submit_hook.py:479} INFO - +------+------------+--------+
[2020-07-22 18:27:24,859] {logging_mixin.py:112} INFO - [2020-07-22 18:27:24,858] {spark_submit_hook.py:479} INFO - |PERSON|JOINING_YEAR| COMPANY|
[2020-07-22 18:27:24,859] {logging_mixin.py:112} INFO - [2020-07-22 18:27:24,859] {spark_submit_hook.py:479} INFO - |  John|        2018|  Google|
[2020-07-22 18:27:24,859] {logging_mixin.py:112} INFO - [2020-07-22 18:27:24,859] {spark_submit_hook.py:479} INFO - |   Sam|        2017|     IBM|
[2020-07-22 18:27:24,860] {logging_mixin.py:112} INFO - [2020-07-22 18:27:24,860] {spark_submit_hook.py:479} INFO - |  Jeff|        2014|   Yahoo|
[2020-07-22 18:27:24,860] {logging_mixin.py:112} INFO - [2020-07-22 18:27:24,860] {spark_submit_hook.py:479} INFO - | Allen|        2015|Facebook|
[2020-07-22 18:27:24,860] {logging_mixin.py:112} INFO - [2020-07-22 18:27:24,860] {spark_submit_hook.py:479} INFO - +------+------------+--------+
[2020-07-22 18:27:24,861] {logging_mixin.py:112} INFO - [2020-07-22 18:27:24,860] {spark_submit_hook.py:479} INFO - 
[2020-07-22 18:27:24,980] {logging_mixin.py:112} INFO - [2020-07-22 18:27:24,979] {spark_submit_hook.py:479} INFO - 20/07/22 18:27:24 INFO SparkContext: Invoking stop() from shutdown hook
[2020-07-22 18:27:24,992] {logging_mixin.py:112} INFO - [2020-07-22 18:27:24,992] {spark_submit_hook.py:479} INFO - 20/07/22 18:27:24 INFO SparkUI: Stopped Spark web UI at http://192.168.43.94:4040
[2020-07-22 18:27:25,024] {logging_mixin.py:112} INFO - [2020-07-22 18:27:25,024] {spark_submit_hook.py:479} INFO - 20/07/22 18:27:25 INFO MapOutputTrackerMasterEndpoint: MapOutputTrackerMasterEndpoint stopped!
[2020-07-22 18:27:25,052] {logging_mixin.py:112} INFO - [2020-07-22 18:27:25,052] {spark_submit_hook.py:479} INFO - 20/07/22 18:27:25 INFO MemoryStore: MemoryStore cleared
[2020-07-22 18:27:25,054] {logging_mixin.py:112} INFO - [2020-07-22 18:27:25,054] {spark_submit_hook.py:479} INFO - 20/07/22 18:27:25 INFO BlockManager: BlockManager stopped
[2020-07-22 18:27:25,062] {logging_mixin.py:112} INFO - [2020-07-22 18:27:25,061] {spark_submit_hook.py:479} INFO - 20/07/22 18:27:25 INFO BlockManagerMaster: BlockManagerMaster stopped
[2020-07-22 18:27:25,086] {logging_mixin.py:112} INFO - [2020-07-22 18:27:25,085] {spark_submit_hook.py:479} INFO - 20/07/22 18:27:25 INFO OutputCommitCoordinator$OutputCommitCoordinatorEndpoint: OutputCommitCoordinator stopped!
[2020-07-22 18:27:25,101] {logging_mixin.py:112} INFO - [2020-07-22 18:27:25,101] {spark_submit_hook.py:479} INFO - 20/07/22 18:27:25 INFO SparkContext: Successfully stopped SparkContext
[2020-07-22 18:27:25,105] {logging_mixin.py:112} INFO - [2020-07-22 18:27:25,105] {spark_submit_hook.py:479} INFO - 20/07/22 18:27:25 INFO ShutdownHookManager: Shutdown hook called
[2020-07-22 18:27:25,107] {logging_mixin.py:112} INFO - [2020-07-22 18:27:25,106] {spark_submit_hook.py:479} INFO - 20/07/22 18:27:25 INFO ShutdownHookManager: Deleting directory /tmp/spark-a480f77f-44bc-4e4a-bdc2-d0d94ab4c4d8
[2020-07-22 18:27:25,117] {logging_mixin.py:112} INFO - [2020-07-22 18:27:25,116] {spark_submit_hook.py:479} INFO - 20/07/22 18:27:25 INFO ShutdownHookManager: Deleting directory /tmp/spark-a480f77f-44bc-4e4a-bdc2-d0d94ab4c4d8/pyspark-58a3abbd-ed72-4a5c-a9db-b9d483833437
[2020-07-22 18:27:25,121] {logging_mixin.py:112} INFO - [2020-07-22 18:27:25,121] {spark_submit_hook.py:479} INFO - 20/07/22 18:27:25 INFO ShutdownHookManager: Deleting directory /tmp/spark-6968608b-22da-4817-9dd8-a40830861943
[2020-07-22 18:27:25,347] {taskinstance.py:1052} INFO - Marking task as SUCCESS.dag_id=submit_data, task_id=spark_submit, execution_date=20200720T091200, start_date=20200722T125648, end_date=20200722T125725
[2020-07-22 18:27:30,257] {logging_mixin.py:112} INFO - [2020-07-22 18:27:30,256] {local_task_job.py:103} INFO - Task exited with return code 0
