[2020-07-22 18:12:44,267] {taskinstance.py:669} INFO - Dependencies all met for <TaskInstance: submit_data.spark_submit 2020-07-20T08:50:00+00:00 [queued]>
[2020-07-22 18:12:44,278] {taskinstance.py:669} INFO - Dependencies all met for <TaskInstance: submit_data.spark_submit 2020-07-20T08:50:00+00:00 [queued]>
[2020-07-22 18:12:44,278] {taskinstance.py:879} INFO - 
--------------------------------------------------------------------------------
[2020-07-22 18:12:44,278] {taskinstance.py:880} INFO - Starting attempt 1 of 1
[2020-07-22 18:12:44,279] {taskinstance.py:881} INFO - 
--------------------------------------------------------------------------------
[2020-07-22 18:12:44,445] {taskinstance.py:900} INFO - Executing <Task(SparkSubmitOperator): spark_submit> on 2020-07-20T08:50:00+00:00
[2020-07-22 18:12:44,448] {standard_task_runner.py:53} INFO - Started process 711560 to run task
[2020-07-22 18:12:44,635] {logging_mixin.py:112} INFO - Running %s on host %s <TaskInstance: submit_data.spark_submit 2020-07-20T08:50:00+00:00 [running]> bhakti-Vostro-3558
[2020-07-22 18:12:44,666] {logging_mixin.py:112} INFO - [2020-07-22 18:12:44,665] {base_hook.py:87} INFO - Using connection to: id: spark_local. Host: local, Port: None, Schema: None, Login: None, Password: None, extra: None
[2020-07-22 18:12:44,667] {logging_mixin.py:112} INFO - [2020-07-22 18:12:44,667] {spark_submit_hook.py:325} INFO - Spark-Submit cmd: spark-submit --master local --name airflow-spark /home/bhakti/airflow/spark_jobs/spark_test.py
[2020-07-22 18:12:47,486] {logging_mixin.py:112} INFO - [2020-07-22 18:12:47,485] {spark_submit_hook.py:479} INFO - 20/07/22 18:12:47 WARN Utils: Your hostname, bhakti-Vostro-3558 resolves to a loopback address: 127.0.1.1; using 192.168.43.94 instead (on interface wlp6s0)
[2020-07-22 18:12:47,489] {logging_mixin.py:112} INFO - [2020-07-22 18:12:47,489] {spark_submit_hook.py:479} INFO - 20/07/22 18:12:47 WARN Utils: Set SPARK_LOCAL_IP if you need to bind to another address
[2020-07-22 18:12:49,543] {logging_mixin.py:112} INFO - [2020-07-22 18:12:49,542] {spark_submit_hook.py:479} INFO - 20/07/22 18:12:49 WARN NativeCodeLoader: Unable to load native-hadoop library for your platform... using builtin-java classes where applicable
[2020-07-22 18:12:51,715] {logging_mixin.py:112} INFO - [2020-07-22 18:12:51,715] {spark_submit_hook.py:479} INFO - Using Spark's default log4j profile: org/apache/spark/log4j-defaults.properties
[2020-07-22 18:12:51,734] {logging_mixin.py:112} INFO - [2020-07-22 18:12:51,733] {spark_submit_hook.py:479} INFO - 20/07/22 18:12:51 INFO SparkContext: Running Spark version 3.0.0
[2020-07-22 18:12:51,809] {logging_mixin.py:112} INFO - [2020-07-22 18:12:51,809] {spark_submit_hook.py:479} INFO - 20/07/22 18:12:51 INFO ResourceUtils: ==============================================================
[2020-07-22 18:12:51,813] {logging_mixin.py:112} INFO - [2020-07-22 18:12:51,813] {spark_submit_hook.py:479} INFO - 20/07/22 18:12:51 INFO ResourceUtils: Resources for spark.driver:
[2020-07-22 18:12:51,814] {logging_mixin.py:112} INFO - [2020-07-22 18:12:51,814] {spark_submit_hook.py:479} INFO - 
[2020-07-22 18:12:51,814] {logging_mixin.py:112} INFO - [2020-07-22 18:12:51,814] {spark_submit_hook.py:479} INFO - 20/07/22 18:12:51 INFO ResourceUtils: ==============================================================
[2020-07-22 18:12:51,816] {logging_mixin.py:112} INFO - [2020-07-22 18:12:51,815] {spark_submit_hook.py:479} INFO - 20/07/22 18:12:51 INFO SparkContext: Submitted application: Spark_Test_Python
[2020-07-22 18:12:51,918] {logging_mixin.py:112} INFO - [2020-07-22 18:12:51,917] {spark_submit_hook.py:479} INFO - 20/07/22 18:12:51 INFO SecurityManager: Changing view acls to: bhakti
[2020-07-22 18:12:51,918] {logging_mixin.py:112} INFO - [2020-07-22 18:12:51,918] {spark_submit_hook.py:479} INFO - 20/07/22 18:12:51 INFO SecurityManager: Changing modify acls to: bhakti
[2020-07-22 18:12:51,918] {logging_mixin.py:112} INFO - [2020-07-22 18:12:51,918] {spark_submit_hook.py:479} INFO - 20/07/22 18:12:51 INFO SecurityManager: Changing view acls groups to:
[2020-07-22 18:12:51,919] {logging_mixin.py:112} INFO - [2020-07-22 18:12:51,919] {spark_submit_hook.py:479} INFO - 20/07/22 18:12:51 INFO SecurityManager: Changing modify acls groups to:
[2020-07-22 18:12:51,920] {logging_mixin.py:112} INFO - [2020-07-22 18:12:51,919] {spark_submit_hook.py:479} INFO - 20/07/22 18:12:51 INFO SecurityManager: SecurityManager: authentication disabled; ui acls disabled; users  with view permissions: Set(bhakti); groups with view permissions: Set(); users  with modify permissions: Set(bhakti); groups with modify permissions: Set()
[2020-07-22 18:12:52,515] {logging_mixin.py:112} INFO - [2020-07-22 18:12:52,514] {spark_submit_hook.py:479} INFO - 20/07/22 18:12:52 INFO Utils: Successfully started service 'sparkDriver' on port 39423.
[2020-07-22 18:12:52,564] {logging_mixin.py:112} INFO - [2020-07-22 18:12:52,564] {spark_submit_hook.py:479} INFO - 20/07/22 18:12:52 INFO SparkEnv: Registering MapOutputTracker
[2020-07-22 18:12:52,621] {logging_mixin.py:112} INFO - [2020-07-22 18:12:52,621] {spark_submit_hook.py:479} INFO - 20/07/22 18:12:52 INFO SparkEnv: Registering BlockManagerMaster
[2020-07-22 18:12:52,665] {logging_mixin.py:112} INFO - [2020-07-22 18:12:52,664] {spark_submit_hook.py:479} INFO - 20/07/22 18:12:52 INFO BlockManagerMasterEndpoint: Using org.apache.spark.storage.DefaultTopologyMapper for getting topology information
[2020-07-22 18:12:52,666] {logging_mixin.py:112} INFO - [2020-07-22 18:12:52,666] {spark_submit_hook.py:479} INFO - 20/07/22 18:12:52 INFO BlockManagerMasterEndpoint: BlockManagerMasterEndpoint up
[2020-07-22 18:12:52,675] {logging_mixin.py:112} INFO - [2020-07-22 18:12:52,675] {spark_submit_hook.py:479} INFO - 20/07/22 18:12:52 INFO SparkEnv: Registering BlockManagerMasterHeartbeat
[2020-07-22 18:12:52,704] {logging_mixin.py:112} INFO - [2020-07-22 18:12:52,704] {spark_submit_hook.py:479} INFO - 20/07/22 18:12:52 INFO DiskBlockManager: Created local directory at /tmp/blockmgr-dcb929a5-662f-432c-a5f5-1d81693291d7
[2020-07-22 18:12:52,757] {logging_mixin.py:112} INFO - [2020-07-22 18:12:52,757] {spark_submit_hook.py:479} INFO - 20/07/22 18:12:52 INFO MemoryStore: MemoryStore started with capacity 366.3 MiB
[2020-07-22 18:12:52,793] {logging_mixin.py:112} INFO - [2020-07-22 18:12:52,793] {spark_submit_hook.py:479} INFO - 20/07/22 18:12:52 INFO SparkEnv: Registering OutputCommitCoordinator
[2020-07-22 18:12:53,306] {logging_mixin.py:112} INFO - [2020-07-22 18:12:53,306] {spark_submit_hook.py:479} INFO - 20/07/22 18:12:53 INFO Utils: Successfully started service 'SparkUI' on port 4040.
[2020-07-22 18:12:53,455] {logging_mixin.py:112} INFO - [2020-07-22 18:12:53,455] {spark_submit_hook.py:479} INFO - 20/07/22 18:12:53 INFO SparkUI: Bound SparkUI to 0.0.0.0, and started at http://192.168.43.94:4040
[2020-07-22 18:12:53,889] {logging_mixin.py:112} INFO - [2020-07-22 18:12:53,889] {spark_submit_hook.py:479} INFO - 20/07/22 18:12:53 INFO Executor: Starting executor ID driver on host 192.168.43.94
[2020-07-22 18:12:53,949] {logging_mixin.py:112} INFO - [2020-07-22 18:12:53,948] {spark_submit_hook.py:479} INFO - 20/07/22 18:12:53 INFO Utils: Successfully started service 'org.apache.spark.network.netty.NettyBlockTransferService' on port 38935.
[2020-07-22 18:12:53,950] {logging_mixin.py:112} INFO - [2020-07-22 18:12:53,949] {spark_submit_hook.py:479} INFO - 20/07/22 18:12:53 INFO NettyBlockTransferService: Server created on 192.168.43.94:38935
[2020-07-22 18:12:53,953] {logging_mixin.py:112} INFO - [2020-07-22 18:12:53,953] {spark_submit_hook.py:479} INFO - 20/07/22 18:12:53 INFO BlockManager: Using org.apache.spark.storage.RandomBlockReplicationPolicy for block replication policy
[2020-07-22 18:12:53,977] {logging_mixin.py:112} INFO - [2020-07-22 18:12:53,977] {spark_submit_hook.py:479} INFO - 20/07/22 18:12:53 INFO BlockManagerMaster: Registering BlockManager BlockManagerId(driver, 192.168.43.94, 38935, None)
[2020-07-22 18:12:54,016] {logging_mixin.py:112} INFO - [2020-07-22 18:12:54,016] {spark_submit_hook.py:479} INFO - 20/07/22 18:12:53 INFO BlockManagerMasterEndpoint: Registering block manager 192.168.43.94:38935 with 366.3 MiB RAM, BlockManagerId(driver, 192.168.43.94, 38935, None)
[2020-07-22 18:12:54,025] {logging_mixin.py:112} INFO - [2020-07-22 18:12:54,025] {spark_submit_hook.py:479} INFO - 20/07/22 18:12:54 INFO BlockManagerMaster: Registered BlockManager BlockManagerId(driver, 192.168.43.94, 38935, None)
[2020-07-22 18:12:54,029] {logging_mixin.py:112} INFO - [2020-07-22 18:12:54,029] {spark_submit_hook.py:479} INFO - 20/07/22 18:12:54 INFO BlockManager: Initialized BlockManager: BlockManagerId(driver, 192.168.43.94, 38935, None)
[2020-07-22 18:12:55,771] {logging_mixin.py:112} INFO - [2020-07-22 18:12:55,771] {spark_submit_hook.py:479} INFO - 20/07/22 18:12:55 INFO MemoryStore: Block broadcast_0 stored as values in memory (estimated size 241.5 KiB, free 366.1 MiB)
[2020-07-22 18:12:55,923] {logging_mixin.py:112} INFO - [2020-07-22 18:12:55,922] {spark_submit_hook.py:479} INFO - 20/07/22 18:12:55 INFO MemoryStore: Block broadcast_0_piece0 stored as bytes in memory (estimated size 23.4 KiB, free 366.0 MiB)
[2020-07-22 18:12:55,950] {logging_mixin.py:112} INFO - [2020-07-22 18:12:55,950] {spark_submit_hook.py:479} INFO - 20/07/22 18:12:55 INFO BlockManagerInfo: Added broadcast_0_piece0 in memory on 192.168.43.94:38935 (size: 23.4 KiB, free: 366.3 MiB)
[2020-07-22 18:12:55,961] {logging_mixin.py:112} INFO - [2020-07-22 18:12:55,960] {spark_submit_hook.py:479} INFO - 20/07/22 18:12:55 INFO SparkContext: Created broadcast 0 from textFile at NativeMethodAccessorImpl.java:0
[2020-07-22 18:12:56,336] {logging_mixin.py:112} INFO - [2020-07-22 18:12:56,336] {spark_submit_hook.py:479} INFO - 20/07/22 18:12:56 INFO FileInputFormat: Total input paths to process : 1
[2020-07-22 18:12:56,476] {logging_mixin.py:112} INFO - [2020-07-22 18:12:56,475] {spark_submit_hook.py:479} INFO - 20/07/22 18:12:56 INFO SparkContext: Starting job: collect at /home/bhakti/airflow/spark_jobs/spark_test.py:8
[2020-07-22 18:12:56,512] {logging_mixin.py:112} INFO - [2020-07-22 18:12:56,511] {spark_submit_hook.py:479} INFO - 20/07/22 18:12:56 INFO DAGScheduler: Got job 0 (collect at /home/bhakti/airflow/spark_jobs/spark_test.py:8) with 1 output partitions
[2020-07-22 18:12:56,512] {logging_mixin.py:112} INFO - [2020-07-22 18:12:56,512] {spark_submit_hook.py:479} INFO - 20/07/22 18:12:56 INFO DAGScheduler: Final stage: ResultStage 0 (collect at /home/bhakti/airflow/spark_jobs/spark_test.py:8)
[2020-07-22 18:12:56,513] {logging_mixin.py:112} INFO - [2020-07-22 18:12:56,513] {spark_submit_hook.py:479} INFO - 20/07/22 18:12:56 INFO DAGScheduler: Parents of final stage: List()
[2020-07-22 18:12:56,517] {logging_mixin.py:112} INFO - [2020-07-22 18:12:56,517] {spark_submit_hook.py:479} INFO - 20/07/22 18:12:56 INFO DAGScheduler: Missing parents: List()
[2020-07-22 18:12:56,530] {logging_mixin.py:112} INFO - [2020-07-22 18:12:56,530] {spark_submit_hook.py:479} INFO - 20/07/22 18:12:56 INFO DAGScheduler: Submitting ResultStage 0 (PythonRDD[2] at collect at /home/bhakti/airflow/spark_jobs/spark_test.py:8), which has no missing parents
[2020-07-22 18:12:56,587] {logging_mixin.py:112} INFO - [2020-07-22 18:12:56,586] {spark_submit_hook.py:479} INFO - 20/07/22 18:12:56 INFO MemoryStore: Block broadcast_1 stored as values in memory (estimated size 7.4 KiB, free 366.0 MiB)
[2020-07-22 18:12:56,595] {logging_mixin.py:112} INFO - [2020-07-22 18:12:56,594] {spark_submit_hook.py:479} INFO - 20/07/22 18:12:56 INFO MemoryStore: Block broadcast_1_piece0 stored as bytes in memory (estimated size 4.4 KiB, free 366.0 MiB)
[2020-07-22 18:12:56,596] {logging_mixin.py:112} INFO - [2020-07-22 18:12:56,596] {spark_submit_hook.py:479} INFO - 20/07/22 18:12:56 INFO BlockManagerInfo: Added broadcast_1_piece0 in memory on 192.168.43.94:38935 (size: 4.4 KiB, free: 366.3 MiB)
[2020-07-22 18:12:56,601] {logging_mixin.py:112} INFO - [2020-07-22 18:12:56,600] {spark_submit_hook.py:479} INFO - 20/07/22 18:12:56 INFO SparkContext: Created broadcast 1 from broadcast at DAGScheduler.scala:1200
[2020-07-22 18:12:56,647] {logging_mixin.py:112} INFO - [2020-07-22 18:12:56,647] {spark_submit_hook.py:479} INFO - 20/07/22 18:12:56 INFO DAGScheduler: Submitting 1 missing tasks from ResultStage 0 (PythonRDD[2] at collect at /home/bhakti/airflow/spark_jobs/spark_test.py:8) (first 15 tasks are for partitions Vector(0))
[2020-07-22 18:12:56,651] {logging_mixin.py:112} INFO - [2020-07-22 18:12:56,651] {spark_submit_hook.py:479} INFO - 20/07/22 18:12:56 INFO TaskSchedulerImpl: Adding task set 0.0 with 1 tasks
[2020-07-22 18:12:56,815] {logging_mixin.py:112} INFO - [2020-07-22 18:12:56,815] {spark_submit_hook.py:479} INFO - 20/07/22 18:12:56 INFO TaskSetManager: Starting task 0.0 in stage 0.0 (TID 0, 192.168.43.94, executor driver, partition 0, PROCESS_LOCAL, 7388 bytes)
[2020-07-22 18:12:56,859] {logging_mixin.py:112} INFO - [2020-07-22 18:12:56,858] {spark_submit_hook.py:479} INFO - 20/07/22 18:12:56 INFO Executor: Running task 0.0 in stage 0.0 (TID 0)
[2020-07-22 18:12:57,900] {logging_mixin.py:112} INFO - [2020-07-22 18:12:57,899] {spark_submit_hook.py:479} INFO - 20/07/22 18:12:57 INFO HadoopRDD: Input split: file:/home/bhakti/airflow/input_data/sample.csv:0+93
[2020-07-22 18:12:58,854] {logging_mixin.py:112} INFO - [2020-07-22 18:12:58,854] {spark_submit_hook.py:479} INFO - 20/07/22 18:12:58 INFO PythonRunner: Times: total = 904, boot = 883, init = 21, finish = 0
[2020-07-22 18:12:58,897] {logging_mixin.py:112} INFO - [2020-07-22 18:12:58,897] {spark_submit_hook.py:479} INFO - 20/07/22 18:12:58 INFO Executor: Finished task 0.0 in stage 0.0 (TID 0). 1779 bytes result sent to driver
[2020-07-22 18:12:58,915] {logging_mixin.py:112} INFO - [2020-07-22 18:12:58,914] {spark_submit_hook.py:479} INFO - 20/07/22 18:12:58 INFO TaskSetManager: Finished task 0.0 in stage 0.0 (TID 0) in 2151 ms on 192.168.43.94 (executor driver) (1/1)
[2020-07-22 18:12:58,919] {logging_mixin.py:112} INFO - [2020-07-22 18:12:58,919] {spark_submit_hook.py:479} INFO - 20/07/22 18:12:58 INFO TaskSchedulerImpl: Removed TaskSet 0.0, whose tasks have all completed, from pool
[2020-07-22 18:12:58,925] {logging_mixin.py:112} INFO - [2020-07-22 18:12:58,924] {spark_submit_hook.py:479} INFO - 20/07/22 18:12:58 INFO PythonAccumulatorV2: Connected to AccumulatorServer at host: 127.0.0.1 port: 39455
[2020-07-22 18:12:58,935] {logging_mixin.py:112} INFO - [2020-07-22 18:12:58,935] {spark_submit_hook.py:479} INFO - 20/07/22 18:12:58 INFO DAGScheduler: ResultStage 0 (collect at /home/bhakti/airflow/spark_jobs/spark_test.py:8) finished in 2.358 s
[2020-07-22 18:12:58,949] {logging_mixin.py:112} INFO - [2020-07-22 18:12:58,948] {spark_submit_hook.py:479} INFO - 20/07/22 18:12:58 INFO DAGScheduler: Job 0 is finished. Cancelling potential speculative or zombie tasks for this job
[2020-07-22 18:12:58,950] {logging_mixin.py:112} INFO - [2020-07-22 18:12:58,950] {spark_submit_hook.py:479} INFO - 20/07/22 18:12:58 INFO TaskSchedulerImpl: Killing all running tasks in stage 0: Stage finished
[2020-07-22 18:12:58,955] {logging_mixin.py:112} INFO - [2020-07-22 18:12:58,955] {spark_submit_hook.py:479} INFO - 20/07/22 18:12:58 INFO DAGScheduler: Job 0 finished: collect at /home/bhakti/airflow/spark_jobs/spark_test.py:8, took 2.477539 s
[2020-07-22 18:12:58,973] {logging_mixin.py:112} INFO - [2020-07-22 18:12:58,973] {spark_submit_hook.py:479} INFO - [('PERSON', 'JOINING_YEAR', 'COMPANY'), ('John', '2018', 'Google'), ('Sam', '2017', 'IBM'), ('Jeff', '2014', 'Yahoo'), ('Allen', '2015', 'Facebook')]
[2020-07-22 18:12:59,919] {logging_mixin.py:112} INFO - [2020-07-22 18:12:59,919] {spark_submit_hook.py:479} INFO - 20/07/22 18:12:59 INFO BlockManagerInfo: Removed broadcast_1_piece0 on 192.168.43.94:38935 in memory (size: 4.4 KiB, free: 366.3 MiB)
[2020-07-22 18:12:59,981] {logging_mixin.py:112} INFO - [2020-07-22 18:12:59,981] {spark_submit_hook.py:479} INFO - 20/07/22 18:12:59 INFO BlockManagerInfo: Removed broadcast_0_piece0 on 192.168.43.94:38935 in memory (size: 23.4 KiB, free: 366.3 MiB)
[2020-07-22 18:13:00,104] {logging_mixin.py:112} INFO - [2020-07-22 18:13:00,104] {spark_submit_hook.py:479} INFO - 20/07/22 18:13:00 INFO SharedState: Setting hive.metastore.warehouse.dir ('null') to the value of spark.sql.warehouse.dir ('file:/home/bhakti/airflow/spark-warehouse').
[2020-07-22 18:13:00,107] {logging_mixin.py:112} INFO - [2020-07-22 18:13:00,107] {spark_submit_hook.py:479} INFO - 20/07/22 18:13:00 INFO SharedState: Warehouse path is 'file:/home/bhakti/airflow/spark-warehouse'.
[2020-07-22 18:13:04,719] {logging_mixin.py:112} INFO - [2020-07-22 18:13:04,719] {spark_submit_hook.py:479} INFO - 20/07/22 18:13:04 INFO CodeGenerator: Code generated in 342.942643 ms
[2020-07-22 18:13:04,795] {logging_mixin.py:112} INFO - [2020-07-22 18:13:04,795] {spark_submit_hook.py:479} INFO - 20/07/22 18:13:04 INFO SparkContext: Starting job: showString at NativeMethodAccessorImpl.java:0
[2020-07-22 18:13:04,799] {logging_mixin.py:112} INFO - [2020-07-22 18:13:04,799] {spark_submit_hook.py:479} INFO - 20/07/22 18:13:04 INFO DAGScheduler: Got job 1 (showString at NativeMethodAccessorImpl.java:0) with 1 output partitions
[2020-07-22 18:13:04,799] {logging_mixin.py:112} INFO - [2020-07-22 18:13:04,799] {spark_submit_hook.py:479} INFO - 20/07/22 18:13:04 INFO DAGScheduler: Final stage: ResultStage 1 (showString at NativeMethodAccessorImpl.java:0)
[2020-07-22 18:13:04,800] {logging_mixin.py:112} INFO - [2020-07-22 18:13:04,799] {spark_submit_hook.py:479} INFO - 20/07/22 18:13:04 INFO DAGScheduler: Parents of final stage: List()
[2020-07-22 18:13:04,802] {logging_mixin.py:112} INFO - [2020-07-22 18:13:04,802] {spark_submit_hook.py:479} INFO - 20/07/22 18:13:04 INFO DAGScheduler: Missing parents: List()
[2020-07-22 18:13:04,808] {logging_mixin.py:112} INFO - [2020-07-22 18:13:04,808] {spark_submit_hook.py:479} INFO - 20/07/22 18:13:04 INFO DAGScheduler: Submitting ResultStage 1 (MapPartitionsRDD[9] at showString at NativeMethodAccessorImpl.java:0), which has no missing parents
[2020-07-22 18:13:04,837] {logging_mixin.py:112} INFO - [2020-07-22 18:13:04,837] {spark_submit_hook.py:479} INFO - 20/07/22 18:13:04 INFO MemoryStore: Block broadcast_2 stored as values in memory (estimated size 11.2 KiB, free 366.3 MiB)
[2020-07-22 18:13:04,841] {logging_mixin.py:112} INFO - [2020-07-22 18:13:04,841] {spark_submit_hook.py:479} INFO - 20/07/22 18:13:04 INFO MemoryStore: Block broadcast_2_piece0 stored as bytes in memory (estimated size 5.8 KiB, free 366.3 MiB)
[2020-07-22 18:13:04,843] {logging_mixin.py:112} INFO - [2020-07-22 18:13:04,843] {spark_submit_hook.py:479} INFO - 20/07/22 18:13:04 INFO BlockManagerInfo: Added broadcast_2_piece0 in memory on 192.168.43.94:38935 (size: 5.8 KiB, free: 366.3 MiB)
[2020-07-22 18:13:04,845] {logging_mixin.py:112} INFO - [2020-07-22 18:13:04,844] {spark_submit_hook.py:479} INFO - 20/07/22 18:13:04 INFO SparkContext: Created broadcast 2 from broadcast at DAGScheduler.scala:1200
[2020-07-22 18:13:04,846] {logging_mixin.py:112} INFO - [2020-07-22 18:13:04,846] {spark_submit_hook.py:479} INFO - 20/07/22 18:13:04 INFO DAGScheduler: Submitting 1 missing tasks from ResultStage 1 (MapPartitionsRDD[9] at showString at NativeMethodAccessorImpl.java:0) (first 15 tasks are for partitions Vector(0))
[2020-07-22 18:13:04,847] {logging_mixin.py:112} INFO - [2020-07-22 18:13:04,847] {spark_submit_hook.py:479} INFO - 20/07/22 18:13:04 INFO TaskSchedulerImpl: Adding task set 1.0 with 1 tasks
[2020-07-22 18:13:04,870] {logging_mixin.py:112} INFO - [2020-07-22 18:13:04,869] {spark_submit_hook.py:479} INFO - 20/07/22 18:13:04 INFO TaskSetManager: Starting task 0.0 in stage 1.0 (TID 1, 192.168.43.94, executor driver, partition 0, PROCESS_LOCAL, 7493 bytes)
[2020-07-22 18:13:04,870] {logging_mixin.py:112} INFO - [2020-07-22 18:13:04,870] {spark_submit_hook.py:479} INFO - 20/07/22 18:13:04 INFO Executor: Running task 0.0 in stage 1.0 (TID 1)
[2020-07-22 18:13:04,971] {logging_mixin.py:112} INFO - [2020-07-22 18:13:04,971] {spark_submit_hook.py:479} INFO - 20/07/22 18:13:04 INFO PythonRunner: Times: total = 5, boot = -6071, init = 6075, finish = 1
[2020-07-22 18:13:04,976] {logging_mixin.py:112} INFO - [2020-07-22 18:13:04,975] {spark_submit_hook.py:479} INFO - 20/07/22 18:13:04 INFO Executor: Finished task 0.0 in stage 1.0 (TID 1). 2235 bytes result sent to driver
[2020-07-22 18:13:04,982] {logging_mixin.py:112} INFO - [2020-07-22 18:13:04,982] {spark_submit_hook.py:479} INFO - 20/07/22 18:13:04 INFO TaskSetManager: Finished task 0.0 in stage 1.0 (TID 1) in 134 ms on 192.168.43.94 (executor driver) (1/1)
[2020-07-22 18:13:04,984] {logging_mixin.py:112} INFO - [2020-07-22 18:13:04,984] {spark_submit_hook.py:479} INFO - 20/07/22 18:13:04 INFO TaskSchedulerImpl: Removed TaskSet 1.0, whose tasks have all completed, from pool
[2020-07-22 18:13:04,986] {logging_mixin.py:112} INFO - [2020-07-22 18:13:04,985] {spark_submit_hook.py:479} INFO - 20/07/22 18:13:04 INFO DAGScheduler: ResultStage 1 (showString at NativeMethodAccessorImpl.java:0) finished in 0.173 s
[2020-07-22 18:13:04,987] {logging_mixin.py:112} INFO - [2020-07-22 18:13:04,987] {spark_submit_hook.py:479} INFO - 20/07/22 18:13:04 INFO DAGScheduler: Job 1 is finished. Cancelling potential speculative or zombie tasks for this job
[2020-07-22 18:13:04,988] {logging_mixin.py:112} INFO - [2020-07-22 18:13:04,987] {spark_submit_hook.py:479} INFO - 20/07/22 18:13:04 INFO TaskSchedulerImpl: Killing all running tasks in stage 1: Stage finished
[2020-07-22 18:13:04,990] {logging_mixin.py:112} INFO - [2020-07-22 18:13:04,989] {spark_submit_hook.py:479} INFO - 20/07/22 18:13:04 INFO DAGScheduler: Job 1 finished: showString at NativeMethodAccessorImpl.java:0, took 0.193119 s
[2020-07-22 18:13:05,070] {logging_mixin.py:112} INFO - [2020-07-22 18:13:05,069] {spark_submit_hook.py:479} INFO - 20/07/22 18:13:05 INFO CodeGenerator: Code generated in 38.631069 ms
[2020-07-22 18:13:05,094] {logging_mixin.py:112} INFO - [2020-07-22 18:13:05,094] {spark_submit_hook.py:479} INFO - +------+------------+--------+
[2020-07-22 18:13:05,095] {logging_mixin.py:112} INFO - [2020-07-22 18:13:05,095] {spark_submit_hook.py:479} INFO - |    _1|          _2|      _3|
[2020-07-22 18:13:05,095] {logging_mixin.py:112} INFO - [2020-07-22 18:13:05,095] {spark_submit_hook.py:479} INFO - +------+------------+--------+
[2020-07-22 18:13:05,096] {logging_mixin.py:112} INFO - [2020-07-22 18:13:05,096] {spark_submit_hook.py:479} INFO - |PERSON|JOINING_YEAR| COMPANY|
[2020-07-22 18:13:05,096] {logging_mixin.py:112} INFO - [2020-07-22 18:13:05,096] {spark_submit_hook.py:479} INFO - |  John|        2018|  Google|
[2020-07-22 18:13:05,096] {logging_mixin.py:112} INFO - [2020-07-22 18:13:05,096] {spark_submit_hook.py:479} INFO - |   Sam|        2017|     IBM|
[2020-07-22 18:13:05,097] {logging_mixin.py:112} INFO - [2020-07-22 18:13:05,097] {spark_submit_hook.py:479} INFO - |  Jeff|        2014|   Yahoo|
[2020-07-22 18:13:05,097] {logging_mixin.py:112} INFO - [2020-07-22 18:13:05,097] {spark_submit_hook.py:479} INFO - | Allen|        2015|Facebook|
[2020-07-22 18:13:05,097] {logging_mixin.py:112} INFO - [2020-07-22 18:13:05,097] {spark_submit_hook.py:479} INFO - +------+------------+--------+
[2020-07-22 18:13:05,098] {logging_mixin.py:112} INFO - [2020-07-22 18:13:05,097] {spark_submit_hook.py:479} INFO - 
[2020-07-22 18:13:05,285] {logging_mixin.py:112} INFO - [2020-07-22 18:13:05,284] {spark_submit_hook.py:479} INFO - 20/07/22 18:13:05 INFO SparkContext: Invoking stop() from shutdown hook
[2020-07-22 18:13:05,303] {logging_mixin.py:112} INFO - [2020-07-22 18:13:05,302] {spark_submit_hook.py:479} INFO - 20/07/22 18:13:05 INFO SparkUI: Stopped Spark web UI at http://192.168.43.94:4040
[2020-07-22 18:13:05,335] {logging_mixin.py:112} INFO - [2020-07-22 18:13:05,335] {spark_submit_hook.py:479} INFO - 20/07/22 18:13:05 INFO MapOutputTrackerMasterEndpoint: MapOutputTrackerMasterEndpoint stopped!
[2020-07-22 18:13:05,358] {logging_mixin.py:112} INFO - [2020-07-22 18:13:05,357] {spark_submit_hook.py:479} INFO - 20/07/22 18:13:05 INFO MemoryStore: MemoryStore cleared
[2020-07-22 18:13:05,358] {logging_mixin.py:112} INFO - [2020-07-22 18:13:05,358] {spark_submit_hook.py:479} INFO - 20/07/22 18:13:05 INFO BlockManager: BlockManager stopped
[2020-07-22 18:13:05,366] {logging_mixin.py:112} INFO - [2020-07-22 18:13:05,365] {spark_submit_hook.py:479} INFO - 20/07/22 18:13:05 INFO BlockManagerMaster: BlockManagerMaster stopped
[2020-07-22 18:13:05,372] {logging_mixin.py:112} INFO - [2020-07-22 18:13:05,372] {spark_submit_hook.py:479} INFO - 20/07/22 18:13:05 INFO OutputCommitCoordinator$OutputCommitCoordinatorEndpoint: OutputCommitCoordinator stopped!
[2020-07-22 18:13:05,380] {logging_mixin.py:112} INFO - [2020-07-22 18:13:05,380] {spark_submit_hook.py:479} INFO - 20/07/22 18:13:05 INFO SparkContext: Successfully stopped SparkContext
[2020-07-22 18:13:05,381] {logging_mixin.py:112} INFO - [2020-07-22 18:13:05,381] {spark_submit_hook.py:479} INFO - 20/07/22 18:13:05 INFO ShutdownHookManager: Shutdown hook called
[2020-07-22 18:13:05,383] {logging_mixin.py:112} INFO - [2020-07-22 18:13:05,383] {spark_submit_hook.py:479} INFO - 20/07/22 18:13:05 INFO ShutdownHookManager: Deleting directory /tmp/spark-31d8f93a-3aa2-4068-b158-bdf3093ee43f
[2020-07-22 18:13:05,387] {logging_mixin.py:112} INFO - [2020-07-22 18:13:05,387] {spark_submit_hook.py:479} INFO - 20/07/22 18:13:05 INFO ShutdownHookManager: Deleting directory /tmp/spark-a4235efa-08ae-4c5b-a747-86a8b6a611f4
[2020-07-22 18:13:05,391] {logging_mixin.py:112} INFO - [2020-07-22 18:13:05,391] {spark_submit_hook.py:479} INFO - 20/07/22 18:13:05 INFO ShutdownHookManager: Deleting directory /tmp/spark-31d8f93a-3aa2-4068-b158-bdf3093ee43f/pyspark-4d39df3c-bf23-4fdd-abde-0d04f1d92f37
[2020-07-22 18:13:05,515] {taskinstance.py:1052} INFO - Marking task as SUCCESS.dag_id=submit_data, task_id=spark_submit, execution_date=20200720T085000, start_date=20200722T124244, end_date=20200722T124305
[2020-07-22 18:13:09,739] {logging_mixin.py:112} INFO - [2020-07-22 18:13:09,739] {local_task_job.py:103} INFO - Task exited with return code 0
