[2020-07-22 17:38:18,638] {taskinstance.py:669} INFO - Dependencies all met for <TaskInstance: submit_data.spark_submit 2020-07-20T07:57:00+00:00 [queued]>
[2020-07-22 17:38:18,655] {taskinstance.py:669} INFO - Dependencies all met for <TaskInstance: submit_data.spark_submit 2020-07-20T07:57:00+00:00 [queued]>
[2020-07-22 17:38:18,656] {taskinstance.py:879} INFO - 
--------------------------------------------------------------------------------
[2020-07-22 17:38:18,656] {taskinstance.py:880} INFO - Starting attempt 1 of 1
[2020-07-22 17:38:18,656] {taskinstance.py:881} INFO - 
--------------------------------------------------------------------------------
[2020-07-22 17:38:18,841] {taskinstance.py:900} INFO - Executing <Task(SparkSubmitOperator): spark_submit> on 2020-07-20T07:57:00+00:00
[2020-07-22 17:38:18,844] {standard_task_runner.py:53} INFO - Started process 666728 to run task
[2020-07-22 17:38:19,021] {logging_mixin.py:112} INFO - Running %s on host %s <TaskInstance: submit_data.spark_submit 2020-07-20T07:57:00+00:00 [running]> bhakti-Vostro-3558
[2020-07-22 17:38:19,075] {logging_mixin.py:112} INFO - [2020-07-22 17:38:19,075] {base_hook.py:87} INFO - Using connection to: id: spark_local. Host: local, Port: None, Schema: None, Login: None, Password: None, extra: None
[2020-07-22 17:38:19,077] {logging_mixin.py:112} INFO - [2020-07-22 17:38:19,077] {spark_submit_hook.py:325} INFO - Spark-Submit cmd: spark-submit --master local --name airflow-spark /home/bhakti/airflow/spark_jobs/spark_test.py
[2020-07-22 17:38:21,931] {logging_mixin.py:112} INFO - [2020-07-22 17:38:21,930] {spark_submit_hook.py:479} INFO - 20/07/22 17:38:21 WARN Utils: Your hostname, bhakti-Vostro-3558 resolves to a loopback address: 127.0.1.1; using 192.168.43.94 instead (on interface wlp6s0)
[2020-07-22 17:38:21,933] {logging_mixin.py:112} INFO - [2020-07-22 17:38:21,932] {spark_submit_hook.py:479} INFO - 20/07/22 17:38:21 WARN Utils: Set SPARK_LOCAL_IP if you need to bind to another address
[2020-07-22 17:38:23,284] {logging_mixin.py:112} INFO - [2020-07-22 17:38:23,283] {spark_submit_hook.py:479} INFO - 20/07/22 17:38:23 WARN NativeCodeLoader: Unable to load native-hadoop library for your platform... using builtin-java classes where applicable
[2020-07-22 17:38:25,917] {logging_mixin.py:112} INFO - [2020-07-22 17:38:25,917] {spark_submit_hook.py:479} INFO - Using Spark's default log4j profile: org/apache/spark/log4j-defaults.properties
[2020-07-22 17:38:25,939] {logging_mixin.py:112} INFO - [2020-07-22 17:38:25,939] {spark_submit_hook.py:479} INFO - 20/07/22 17:38:25 INFO SparkContext: Running Spark version 3.0.0
[2020-07-22 17:38:26,031] {logging_mixin.py:112} INFO - [2020-07-22 17:38:26,031] {spark_submit_hook.py:479} INFO - 20/07/22 17:38:26 INFO ResourceUtils: ==============================================================
[2020-07-22 17:38:26,034] {logging_mixin.py:112} INFO - [2020-07-22 17:38:26,033] {spark_submit_hook.py:479} INFO - 20/07/22 17:38:26 INFO ResourceUtils: Resources for spark.driver:
[2020-07-22 17:38:26,034] {logging_mixin.py:112} INFO - [2020-07-22 17:38:26,034] {spark_submit_hook.py:479} INFO - 
[2020-07-22 17:38:26,034] {logging_mixin.py:112} INFO - [2020-07-22 17:38:26,034] {spark_submit_hook.py:479} INFO - 20/07/22 17:38:26 INFO ResourceUtils: ==============================================================
[2020-07-22 17:38:26,036] {logging_mixin.py:112} INFO - [2020-07-22 17:38:26,035] {spark_submit_hook.py:479} INFO - 20/07/22 17:38:26 INFO SparkContext: Submitted application: Spark_Test_Python
[2020-07-22 17:38:26,122] {logging_mixin.py:112} INFO - [2020-07-22 17:38:26,122] {spark_submit_hook.py:479} INFO - 20/07/22 17:38:26 INFO SecurityManager: Changing view acls to: bhakti
[2020-07-22 17:38:26,123] {logging_mixin.py:112} INFO - [2020-07-22 17:38:26,123] {spark_submit_hook.py:479} INFO - 20/07/22 17:38:26 INFO SecurityManager: Changing modify acls to: bhakti
[2020-07-22 17:38:26,123] {logging_mixin.py:112} INFO - [2020-07-22 17:38:26,123] {spark_submit_hook.py:479} INFO - 20/07/22 17:38:26 INFO SecurityManager: Changing view acls groups to:
[2020-07-22 17:38:26,124] {logging_mixin.py:112} INFO - [2020-07-22 17:38:26,123] {spark_submit_hook.py:479} INFO - 20/07/22 17:38:26 INFO SecurityManager: Changing modify acls groups to:
[2020-07-22 17:38:26,124] {logging_mixin.py:112} INFO - [2020-07-22 17:38:26,124] {spark_submit_hook.py:479} INFO - 20/07/22 17:38:26 INFO SecurityManager: SecurityManager: authentication disabled; ui acls disabled; users  with view permissions: Set(bhakti); groups with view permissions: Set(); users  with modify permissions: Set(bhakti); groups with modify permissions: Set()
[2020-07-22 17:38:26,553] {logging_mixin.py:112} INFO - [2020-07-22 17:38:26,553] {spark_submit_hook.py:479} INFO - 20/07/22 17:38:26 INFO Utils: Successfully started service 'sparkDriver' on port 43641.
[2020-07-22 17:38:26,607] {logging_mixin.py:112} INFO - [2020-07-22 17:38:26,607] {spark_submit_hook.py:479} INFO - 20/07/22 17:38:26 INFO SparkEnv: Registering MapOutputTracker
[2020-07-22 17:38:26,664] {logging_mixin.py:112} INFO - [2020-07-22 17:38:26,664] {spark_submit_hook.py:479} INFO - 20/07/22 17:38:26 INFO SparkEnv: Registering BlockManagerMaster
[2020-07-22 17:38:26,702] {logging_mixin.py:112} INFO - [2020-07-22 17:38:26,702] {spark_submit_hook.py:479} INFO - 20/07/22 17:38:26 INFO BlockManagerMasterEndpoint: Using org.apache.spark.storage.DefaultTopologyMapper for getting topology information
[2020-07-22 17:38:26,703] {logging_mixin.py:112} INFO - [2020-07-22 17:38:26,703] {spark_submit_hook.py:479} INFO - 20/07/22 17:38:26 INFO BlockManagerMasterEndpoint: BlockManagerMasterEndpoint up
[2020-07-22 17:38:26,710] {logging_mixin.py:112} INFO - [2020-07-22 17:38:26,710] {spark_submit_hook.py:479} INFO - 20/07/22 17:38:26 INFO SparkEnv: Registering BlockManagerMasterHeartbeat
[2020-07-22 17:38:26,733] {logging_mixin.py:112} INFO - [2020-07-22 17:38:26,733] {spark_submit_hook.py:479} INFO - 20/07/22 17:38:26 INFO DiskBlockManager: Created local directory at /tmp/blockmgr-3241f287-1807-4d61-a79f-3ddfa836c13b
[2020-07-22 17:38:26,777] {logging_mixin.py:112} INFO - [2020-07-22 17:38:26,777] {spark_submit_hook.py:479} INFO - 20/07/22 17:38:26 INFO MemoryStore: MemoryStore started with capacity 366.3 MiB
[2020-07-22 17:38:26,820] {logging_mixin.py:112} INFO - [2020-07-22 17:38:26,819] {spark_submit_hook.py:479} INFO - 20/07/22 17:38:26 INFO SparkEnv: Registering OutputCommitCoordinator
[2020-07-22 17:38:27,268] {logging_mixin.py:112} INFO - [2020-07-22 17:38:27,267] {spark_submit_hook.py:479} INFO - 20/07/22 17:38:27 WARN Utils: Service 'SparkUI' could not bind on port 4040. Attempting port 4041.
[2020-07-22 17:38:27,281] {logging_mixin.py:112} INFO - [2020-07-22 17:38:27,281] {spark_submit_hook.py:479} INFO - 20/07/22 17:38:27 INFO Utils: Successfully started service 'SparkUI' on port 4041.
[2020-07-22 17:38:27,388] {logging_mixin.py:112} INFO - [2020-07-22 17:38:27,388] {spark_submit_hook.py:479} INFO - 20/07/22 17:38:27 INFO SparkUI: Bound SparkUI to 0.0.0.0, and started at http://192.168.43.94:4041
[2020-07-22 17:38:27,813] {logging_mixin.py:112} INFO - [2020-07-22 17:38:27,812] {spark_submit_hook.py:479} INFO - 20/07/22 17:38:27 INFO Executor: Starting executor ID driver on host 192.168.43.94
[2020-07-22 17:38:27,896] {logging_mixin.py:112} INFO - [2020-07-22 17:38:27,896] {spark_submit_hook.py:479} INFO - 20/07/22 17:38:27 INFO Utils: Successfully started service 'org.apache.spark.network.netty.NettyBlockTransferService' on port 44529.
[2020-07-22 17:38:27,898] {logging_mixin.py:112} INFO - [2020-07-22 17:38:27,897] {spark_submit_hook.py:479} INFO - 20/07/22 17:38:27 INFO NettyBlockTransferService: Server created on 192.168.43.94:44529
[2020-07-22 17:38:27,901] {logging_mixin.py:112} INFO - [2020-07-22 17:38:27,901] {spark_submit_hook.py:479} INFO - 20/07/22 17:38:27 INFO BlockManager: Using org.apache.spark.storage.RandomBlockReplicationPolicy for block replication policy
[2020-07-22 17:38:27,927] {logging_mixin.py:112} INFO - [2020-07-22 17:38:27,927] {spark_submit_hook.py:479} INFO - 20/07/22 17:38:27 INFO BlockManagerMaster: Registering BlockManager BlockManagerId(driver, 192.168.43.94, 44529, None)
[2020-07-22 17:38:27,943] {logging_mixin.py:112} INFO - [2020-07-22 17:38:27,943] {spark_submit_hook.py:479} INFO - 20/07/22 17:38:27 INFO BlockManagerMasterEndpoint: Registering block manager 192.168.43.94:44529 with 366.3 MiB RAM, BlockManagerId(driver, 192.168.43.94, 44529, None)
[2020-07-22 17:38:27,953] {logging_mixin.py:112} INFO - [2020-07-22 17:38:27,953] {spark_submit_hook.py:479} INFO - 20/07/22 17:38:27 INFO BlockManagerMaster: Registered BlockManager BlockManagerId(driver, 192.168.43.94, 44529, None)
[2020-07-22 17:38:27,958] {logging_mixin.py:112} INFO - [2020-07-22 17:38:27,957] {spark_submit_hook.py:479} INFO - 20/07/22 17:38:27 INFO BlockManager: Initialized BlockManager: BlockManagerId(driver, 192.168.43.94, 44529, None)
[2020-07-22 17:38:29,644] {logging_mixin.py:112} INFO - [2020-07-22 17:38:29,643] {spark_submit_hook.py:479} INFO - 20/07/22 17:38:29 INFO MemoryStore: Block broadcast_0 stored as values in memory (estimated size 241.5 KiB, free 366.1 MiB)
[2020-07-22 17:38:29,779] {logging_mixin.py:112} INFO - [2020-07-22 17:38:29,779] {spark_submit_hook.py:479} INFO - 20/07/22 17:38:29 INFO MemoryStore: Block broadcast_0_piece0 stored as bytes in memory (estimated size 23.4 KiB, free 366.0 MiB)
[2020-07-22 17:38:29,785] {logging_mixin.py:112} INFO - [2020-07-22 17:38:29,785] {spark_submit_hook.py:479} INFO - 20/07/22 17:38:29 INFO BlockManagerInfo: Added broadcast_0_piece0 in memory on 192.168.43.94:44529 (size: 23.4 KiB, free: 366.3 MiB)
[2020-07-22 17:38:29,831] {logging_mixin.py:112} INFO - [2020-07-22 17:38:29,831] {spark_submit_hook.py:479} INFO - 20/07/22 17:38:29 INFO SparkContext: Created broadcast 0 from textFile at NativeMethodAccessorImpl.java:0
[2020-07-22 17:38:30,240] {logging_mixin.py:112} INFO - [2020-07-22 17:38:30,240] {spark_submit_hook.py:479} INFO - 20/07/22 17:38:30 INFO FileInputFormat: Total input paths to process : 1
[2020-07-22 17:38:30,377] {logging_mixin.py:112} INFO - [2020-07-22 17:38:30,377] {spark_submit_hook.py:479} INFO - 20/07/22 17:38:30 INFO SparkContext: Starting job: collect at /home/bhakti/airflow/spark_jobs/spark_test.py:8
[2020-07-22 17:38:30,414] {logging_mixin.py:112} INFO - [2020-07-22 17:38:30,414] {spark_submit_hook.py:479} INFO - 20/07/22 17:38:30 INFO DAGScheduler: Got job 0 (collect at /home/bhakti/airflow/spark_jobs/spark_test.py:8) with 1 output partitions
[2020-07-22 17:38:30,415] {logging_mixin.py:112} INFO - [2020-07-22 17:38:30,415] {spark_submit_hook.py:479} INFO - 20/07/22 17:38:30 INFO DAGScheduler: Final stage: ResultStage 0 (collect at /home/bhakti/airflow/spark_jobs/spark_test.py:8)
[2020-07-22 17:38:30,416] {logging_mixin.py:112} INFO - [2020-07-22 17:38:30,416] {spark_submit_hook.py:479} INFO - 20/07/22 17:38:30 INFO DAGScheduler: Parents of final stage: List()
[2020-07-22 17:38:30,419] {logging_mixin.py:112} INFO - [2020-07-22 17:38:30,419] {spark_submit_hook.py:479} INFO - 20/07/22 17:38:30 INFO DAGScheduler: Missing parents: List()
[2020-07-22 17:38:30,435] {logging_mixin.py:112} INFO - [2020-07-22 17:38:30,434] {spark_submit_hook.py:479} INFO - 20/07/22 17:38:30 INFO DAGScheduler: Submitting ResultStage 0 (PythonRDD[2] at collect at /home/bhakti/airflow/spark_jobs/spark_test.py:8), which has no missing parents
[2020-07-22 17:38:30,475] {logging_mixin.py:112} INFO - [2020-07-22 17:38:30,475] {spark_submit_hook.py:479} INFO - 20/07/22 17:38:30 INFO MemoryStore: Block broadcast_1 stored as values in memory (estimated size 7.4 KiB, free 366.0 MiB)
[2020-07-22 17:38:30,481] {logging_mixin.py:112} INFO - [2020-07-22 17:38:30,481] {spark_submit_hook.py:479} INFO - 20/07/22 17:38:30 INFO MemoryStore: Block broadcast_1_piece0 stored as bytes in memory (estimated size 4.4 KiB, free 366.0 MiB)
[2020-07-22 17:38:30,484] {logging_mixin.py:112} INFO - [2020-07-22 17:38:30,483] {spark_submit_hook.py:479} INFO - 20/07/22 17:38:30 INFO BlockManagerInfo: Added broadcast_1_piece0 in memory on 192.168.43.94:44529 (size: 4.4 KiB, free: 366.3 MiB)
[2020-07-22 17:38:30,489] {logging_mixin.py:112} INFO - [2020-07-22 17:38:30,489] {spark_submit_hook.py:479} INFO - 20/07/22 17:38:30 INFO SparkContext: Created broadcast 1 from broadcast at DAGScheduler.scala:1200
[2020-07-22 17:38:30,514] {logging_mixin.py:112} INFO - [2020-07-22 17:38:30,513] {spark_submit_hook.py:479} INFO - 20/07/22 17:38:30 INFO DAGScheduler: Submitting 1 missing tasks from ResultStage 0 (PythonRDD[2] at collect at /home/bhakti/airflow/spark_jobs/spark_test.py:8) (first 15 tasks are for partitions Vector(0))
[2020-07-22 17:38:30,516] {logging_mixin.py:112} INFO - [2020-07-22 17:38:30,516] {spark_submit_hook.py:479} INFO - 20/07/22 17:38:30 INFO TaskSchedulerImpl: Adding task set 0.0 with 1 tasks
[2020-07-22 17:38:30,621] {logging_mixin.py:112} INFO - [2020-07-22 17:38:30,621] {spark_submit_hook.py:479} INFO - 20/07/22 17:38:30 INFO TaskSetManager: Starting task 0.0 in stage 0.0 (TID 0, 192.168.43.94, executor driver, partition 0, PROCESS_LOCAL, 7388 bytes)
[2020-07-22 17:38:30,641] {logging_mixin.py:112} INFO - [2020-07-22 17:38:30,640] {spark_submit_hook.py:479} INFO - 20/07/22 17:38:30 INFO Executor: Running task 0.0 in stage 0.0 (TID 0)
[2020-07-22 17:38:31,323] {logging_mixin.py:112} INFO - [2020-07-22 17:38:31,322] {spark_submit_hook.py:479} INFO - 20/07/22 17:38:31 INFO HadoopRDD: Input split: file:/home/bhakti/airflow/input_data/sample.csv:0+93
[2020-07-22 17:38:32,164] {logging_mixin.py:112} INFO - [2020-07-22 17:38:32,163] {spark_submit_hook.py:479} INFO - 20/07/22 17:38:32 INFO PythonRunner: Times: total = 794, boot = 773, init = 21, finish = 0
[2020-07-22 17:38:32,202] {logging_mixin.py:112} INFO - [2020-07-22 17:38:32,202] {spark_submit_hook.py:479} INFO - 20/07/22 17:38:32 INFO Executor: Finished task 0.0 in stage 0.0 (TID 0). 1822 bytes result sent to driver
[2020-07-22 17:38:32,230] {logging_mixin.py:112} INFO - [2020-07-22 17:38:32,230] {spark_submit_hook.py:479} INFO - 20/07/22 17:38:32 INFO TaskSetManager: Finished task 0.0 in stage 0.0 (TID 0) in 1630 ms on 192.168.43.94 (executor driver) (1/1)
[2020-07-22 17:38:32,234] {logging_mixin.py:112} INFO - [2020-07-22 17:38:32,234] {spark_submit_hook.py:479} INFO - 20/07/22 17:38:32 INFO TaskSchedulerImpl: Removed TaskSet 0.0, whose tasks have all completed, from pool
[2020-07-22 17:38:32,239] {logging_mixin.py:112} INFO - [2020-07-22 17:38:32,239] {spark_submit_hook.py:479} INFO - 20/07/22 17:38:32 INFO PythonAccumulatorV2: Connected to AccumulatorServer at host: 127.0.0.1 port: 54135
[2020-07-22 17:38:32,247] {logging_mixin.py:112} INFO - [2020-07-22 17:38:32,246] {spark_submit_hook.py:479} INFO - 20/07/22 17:38:32 INFO DAGScheduler: ResultStage 0 (collect at /home/bhakti/airflow/spark_jobs/spark_test.py:8) finished in 1.780 s
[2020-07-22 17:38:32,262] {logging_mixin.py:112} INFO - [2020-07-22 17:38:32,262] {spark_submit_hook.py:479} INFO - 20/07/22 17:38:32 INFO DAGScheduler: Job 0 is finished. Cancelling potential speculative or zombie tasks for this job
[2020-07-22 17:38:32,263] {logging_mixin.py:112} INFO - [2020-07-22 17:38:32,263] {spark_submit_hook.py:479} INFO - 20/07/22 17:38:32 INFO TaskSchedulerImpl: Killing all running tasks in stage 0: Stage finished
[2020-07-22 17:38:32,271] {logging_mixin.py:112} INFO - [2020-07-22 17:38:32,270] {spark_submit_hook.py:479} INFO - 20/07/22 17:38:32 INFO DAGScheduler: Job 0 finished: collect at /home/bhakti/airflow/spark_jobs/spark_test.py:8, took 1.889587 s
[2020-07-22 17:38:32,284] {logging_mixin.py:112} INFO - [2020-07-22 17:38:32,283] {spark_submit_hook.py:479} INFO - [('PERSON', 'JOINING_YEAR', 'COMPANY'), ('John', '2018', 'Google'), ('Sam', '2017', 'IBM'), ('Jeff', '2014', 'Yahoo'), ('Allen', '2015', 'Facebook')]
[2020-07-22 17:38:33,037] {logging_mixin.py:112} INFO - [2020-07-22 17:38:33,036] {spark_submit_hook.py:479} INFO - 20/07/22 17:38:33 INFO BlockManagerInfo: Removed broadcast_0_piece0 on 192.168.43.94:44529 in memory (size: 23.4 KiB, free: 366.3 MiB)
[2020-07-22 17:38:33,069] {logging_mixin.py:112} INFO - [2020-07-22 17:38:33,069] {spark_submit_hook.py:479} INFO - 20/07/22 17:38:33 INFO BlockManagerInfo: Removed broadcast_1_piece0 on 192.168.43.94:44529 in memory (size: 4.4 KiB, free: 366.3 MiB)
[2020-07-22 17:38:33,286] {logging_mixin.py:112} INFO - [2020-07-22 17:38:33,286] {spark_submit_hook.py:479} INFO - 20/07/22 17:38:33 INFO SharedState: Setting hive.metastore.warehouse.dir ('null') to the value of spark.sql.warehouse.dir ('file:/home/bhakti/airflow/spark-warehouse').
[2020-07-22 17:38:33,287] {logging_mixin.py:112} INFO - [2020-07-22 17:38:33,287] {spark_submit_hook.py:479} INFO - 20/07/22 17:38:33 INFO SharedState: Warehouse path is 'file:/home/bhakti/airflow/spark-warehouse'.
[2020-07-22 17:38:40,196] {logging_mixin.py:112} INFO - [2020-07-22 17:38:40,195] {spark_submit_hook.py:479} INFO - 20/07/22 17:38:40 INFO CodeGenerator: Code generated in 632.951137 ms
[2020-07-22 17:38:40,326] {logging_mixin.py:112} INFO - [2020-07-22 17:38:40,326] {spark_submit_hook.py:479} INFO - 20/07/22 17:38:40 INFO SparkContext: Starting job: showString at NativeMethodAccessorImpl.java:0
[2020-07-22 17:38:40,331] {logging_mixin.py:112} INFO - [2020-07-22 17:38:40,331] {spark_submit_hook.py:479} INFO - 20/07/22 17:38:40 INFO DAGScheduler: Got job 1 (showString at NativeMethodAccessorImpl.java:0) with 1 output partitions
[2020-07-22 17:38:40,331] {logging_mixin.py:112} INFO - [2020-07-22 17:38:40,331] {spark_submit_hook.py:479} INFO - 20/07/22 17:38:40 INFO DAGScheduler: Final stage: ResultStage 1 (showString at NativeMethodAccessorImpl.java:0)
[2020-07-22 17:38:40,332] {logging_mixin.py:112} INFO - [2020-07-22 17:38:40,332] {spark_submit_hook.py:479} INFO - 20/07/22 17:38:40 INFO DAGScheduler: Parents of final stage: List()
[2020-07-22 17:38:40,334] {logging_mixin.py:112} INFO - [2020-07-22 17:38:40,333] {spark_submit_hook.py:479} INFO - 20/07/22 17:38:40 INFO DAGScheduler: Missing parents: List()
[2020-07-22 17:38:40,336] {logging_mixin.py:112} INFO - [2020-07-22 17:38:40,335] {spark_submit_hook.py:479} INFO - 20/07/22 17:38:40 INFO DAGScheduler: Submitting ResultStage 1 (MapPartitionsRDD[9] at showString at NativeMethodAccessorImpl.java:0), which has no missing parents
[2020-07-22 17:38:40,410] {logging_mixin.py:112} INFO - [2020-07-22 17:38:40,410] {spark_submit_hook.py:479} INFO - 20/07/22 17:38:40 INFO MemoryStore: Block broadcast_2 stored as values in memory (estimated size 11.2 KiB, free 366.3 MiB)
[2020-07-22 17:38:40,425] {logging_mixin.py:112} INFO - [2020-07-22 17:38:40,424] {spark_submit_hook.py:479} INFO - 20/07/22 17:38:40 INFO MemoryStore: Block broadcast_2_piece0 stored as bytes in memory (estimated size 5.8 KiB, free 366.3 MiB)
[2020-07-22 17:38:40,430] {logging_mixin.py:112} INFO - [2020-07-22 17:38:40,430] {spark_submit_hook.py:479} INFO - 20/07/22 17:38:40 INFO BlockManagerInfo: Added broadcast_2_piece0 in memory on 192.168.43.94:44529 (size: 5.8 KiB, free: 366.3 MiB)
[2020-07-22 17:38:40,432] {logging_mixin.py:112} INFO - [2020-07-22 17:38:40,431] {spark_submit_hook.py:479} INFO - 20/07/22 17:38:40 INFO SparkContext: Created broadcast 2 from broadcast at DAGScheduler.scala:1200
[2020-07-22 17:38:40,434] {logging_mixin.py:112} INFO - [2020-07-22 17:38:40,434] {spark_submit_hook.py:479} INFO - 20/07/22 17:38:40 INFO DAGScheduler: Submitting 1 missing tasks from ResultStage 1 (MapPartitionsRDD[9] at showString at NativeMethodAccessorImpl.java:0) (first 15 tasks are for partitions Vector(0))
[2020-07-22 17:38:40,435] {logging_mixin.py:112} INFO - [2020-07-22 17:38:40,435] {spark_submit_hook.py:479} INFO - 20/07/22 17:38:40 INFO TaskSchedulerImpl: Adding task set 1.0 with 1 tasks
[2020-07-22 17:38:40,471] {logging_mixin.py:112} INFO - [2020-07-22 17:38:40,471] {spark_submit_hook.py:479} INFO - 20/07/22 17:38:40 INFO TaskSetManager: Starting task 0.0 in stage 1.0 (TID 1, 192.168.43.94, executor driver, partition 0, PROCESS_LOCAL, 7493 bytes)
[2020-07-22 17:38:40,474] {logging_mixin.py:112} INFO - [2020-07-22 17:38:40,474] {spark_submit_hook.py:479} INFO - 20/07/22 17:38:40 INFO Executor: Running task 0.0 in stage 1.0 (TID 1)
[2020-07-22 17:38:40,674] {logging_mixin.py:112} INFO - [2020-07-22 17:38:40,674] {spark_submit_hook.py:479} INFO - 20/07/22 17:38:40 INFO PythonRunner: Times: total = 23, boot = -8430, init = 8453, finish = 0
[2020-07-22 17:38:40,687] {logging_mixin.py:112} INFO - [2020-07-22 17:38:40,686] {spark_submit_hook.py:479} INFO - 20/07/22 17:38:40 INFO Executor: Finished task 0.0 in stage 1.0 (TID 1). 2235 bytes result sent to driver
[2020-07-22 17:38:40,706] {logging_mixin.py:112} INFO - [2020-07-22 17:38:40,706] {spark_submit_hook.py:479} INFO - 20/07/22 17:38:40 INFO TaskSetManager: Finished task 0.0 in stage 1.0 (TID 1) in 264 ms on 192.168.43.94 (executor driver) (1/1)
[2020-07-22 17:38:40,707] {logging_mixin.py:112} INFO - [2020-07-22 17:38:40,706] {spark_submit_hook.py:479} INFO - 20/07/22 17:38:40 INFO TaskSchedulerImpl: Removed TaskSet 1.0, whose tasks have all completed, from pool
[2020-07-22 17:38:40,714] {logging_mixin.py:112} INFO - [2020-07-22 17:38:40,714] {spark_submit_hook.py:479} INFO - 20/07/22 17:38:40 INFO DAGScheduler: ResultStage 1 (showString at NativeMethodAccessorImpl.java:0) finished in 0.368 s
[2020-07-22 17:38:40,714] {logging_mixin.py:112} INFO - [2020-07-22 17:38:40,714] {spark_submit_hook.py:479} INFO - 20/07/22 17:38:40 INFO DAGScheduler: Job 1 is finished. Cancelling potential speculative or zombie tasks for this job
[2020-07-22 17:38:40,715] {logging_mixin.py:112} INFO - [2020-07-22 17:38:40,715] {spark_submit_hook.py:479} INFO - 20/07/22 17:38:40 INFO TaskSchedulerImpl: Killing all running tasks in stage 1: Stage finished
[2020-07-22 17:38:40,715] {logging_mixin.py:112} INFO - [2020-07-22 17:38:40,715] {spark_submit_hook.py:479} INFO - 20/07/22 17:38:40 INFO DAGScheduler: Job 1 finished: showString at NativeMethodAccessorImpl.java:0, took 0.382002 s
[2020-07-22 17:38:40,847] {logging_mixin.py:112} INFO - [2020-07-22 17:38:40,847] {spark_submit_hook.py:479} INFO - 20/07/22 17:38:40 INFO CodeGenerator: Code generated in 76.89013 ms
[2020-07-22 17:38:40,878] {logging_mixin.py:112} INFO - [2020-07-22 17:38:40,878] {spark_submit_hook.py:479} INFO - +------+------------+--------+
[2020-07-22 17:38:40,878] {logging_mixin.py:112} INFO - [2020-07-22 17:38:40,878] {spark_submit_hook.py:479} INFO - |    _1|          _2|      _3|
[2020-07-22 17:38:40,878] {logging_mixin.py:112} INFO - [2020-07-22 17:38:40,878] {spark_submit_hook.py:479} INFO - +------+------------+--------+
[2020-07-22 17:38:40,879] {logging_mixin.py:112} INFO - [2020-07-22 17:38:40,879] {spark_submit_hook.py:479} INFO - |PERSON|JOINING_YEAR| COMPANY|
[2020-07-22 17:38:40,879] {logging_mixin.py:112} INFO - [2020-07-22 17:38:40,879] {spark_submit_hook.py:479} INFO - |  John|        2018|  Google|
[2020-07-22 17:38:40,879] {logging_mixin.py:112} INFO - [2020-07-22 17:38:40,879] {spark_submit_hook.py:479} INFO - |   Sam|        2017|     IBM|
[2020-07-22 17:38:40,879] {logging_mixin.py:112} INFO - [2020-07-22 17:38:40,879] {spark_submit_hook.py:479} INFO - |  Jeff|        2014|   Yahoo|
[2020-07-22 17:38:40,879] {logging_mixin.py:112} INFO - [2020-07-22 17:38:40,879] {spark_submit_hook.py:479} INFO - | Allen|        2015|Facebook|
[2020-07-22 17:38:40,879] {logging_mixin.py:112} INFO - [2020-07-22 17:38:40,879] {spark_submit_hook.py:479} INFO - +------+------------+--------+
[2020-07-22 17:38:40,880] {logging_mixin.py:112} INFO - [2020-07-22 17:38:40,879] {spark_submit_hook.py:479} INFO - 
[2020-07-22 17:38:41,009] {logging_mixin.py:112} INFO - [2020-07-22 17:38:41,009] {spark_submit_hook.py:479} INFO - 20/07/22 17:38:41 INFO SparkContext: Invoking stop() from shutdown hook
[2020-07-22 17:38:41,059] {logging_mixin.py:112} INFO - [2020-07-22 17:38:41,059] {spark_submit_hook.py:479} INFO - 20/07/22 17:38:41 INFO SparkUI: Stopped Spark web UI at http://192.168.43.94:4041
[2020-07-22 17:38:41,101] {logging_mixin.py:112} INFO - [2020-07-22 17:38:41,100] {spark_submit_hook.py:479} INFO - 20/07/22 17:38:41 INFO MapOutputTrackerMasterEndpoint: MapOutputTrackerMasterEndpoint stopped!
[2020-07-22 17:38:41,162] {logging_mixin.py:112} INFO - [2020-07-22 17:38:41,162] {spark_submit_hook.py:479} INFO - 20/07/22 17:38:41 INFO MemoryStore: MemoryStore cleared
[2020-07-22 17:38:41,179] {logging_mixin.py:112} INFO - [2020-07-22 17:38:41,179] {spark_submit_hook.py:479} INFO - 20/07/22 17:38:41 INFO BlockManager: BlockManager stopped
[2020-07-22 17:38:41,195] {logging_mixin.py:112} INFO - [2020-07-22 17:38:41,194] {spark_submit_hook.py:479} INFO - 20/07/22 17:38:41 INFO BlockManagerMaster: BlockManagerMaster stopped
[2020-07-22 17:38:41,201] {logging_mixin.py:112} INFO - [2020-07-22 17:38:41,200] {spark_submit_hook.py:479} INFO - 20/07/22 17:38:41 INFO OutputCommitCoordinator$OutputCommitCoordinatorEndpoint: OutputCommitCoordinator stopped!
[2020-07-22 17:38:41,219] {logging_mixin.py:112} INFO - [2020-07-22 17:38:41,219] {spark_submit_hook.py:479} INFO - 20/07/22 17:38:41 INFO SparkContext: Successfully stopped SparkContext
[2020-07-22 17:38:41,224] {logging_mixin.py:112} INFO - [2020-07-22 17:38:41,224] {spark_submit_hook.py:479} INFO - 20/07/22 17:38:41 INFO ShutdownHookManager: Shutdown hook called
[2020-07-22 17:38:41,224] {logging_mixin.py:112} INFO - [2020-07-22 17:38:41,224] {spark_submit_hook.py:479} INFO - 20/07/22 17:38:41 INFO ShutdownHookManager: Deleting directory /tmp/spark-76712cf5-5b69-48ec-bcf6-6467371b71d7
[2020-07-22 17:38:41,227] {logging_mixin.py:112} INFO - [2020-07-22 17:38:41,227] {spark_submit_hook.py:479} INFO - 20/07/22 17:38:41 INFO ShutdownHookManager: Deleting directory /tmp/spark-a0068ab3-c3e9-4328-a5f9-b5f2163837dc/pyspark-5201c404-2ff5-4ab0-af3b-a6220f2da39d
[2020-07-22 17:38:41,235] {logging_mixin.py:112} INFO - [2020-07-22 17:38:41,234] {spark_submit_hook.py:479} INFO - 20/07/22 17:38:41 INFO ShutdownHookManager: Deleting directory /tmp/spark-a0068ab3-c3e9-4328-a5f9-b5f2163837dc
[2020-07-22 17:38:41,358] {taskinstance.py:1052} INFO - Marking task as SUCCESS.dag_id=submit_data, task_id=spark_submit, execution_date=20200720T075700, start_date=20200722T120818, end_date=20200722T120841
[2020-07-22 17:38:43,888] {logging_mixin.py:112} INFO - [2020-07-22 17:38:43,887] {local_task_job.py:103} INFO - Task exited with return code 0
