[2020-07-22 16:53:28,797] {taskinstance.py:669} INFO - Dependencies all met for <TaskInstance: submit_data.spark_submit 2020-07-20T06:54:00+00:00 [queued]>
[2020-07-22 16:53:28,823] {taskinstance.py:669} INFO - Dependencies all met for <TaskInstance: submit_data.spark_submit 2020-07-20T06:54:00+00:00 [queued]>
[2020-07-22 16:53:28,824] {taskinstance.py:879} INFO - 
--------------------------------------------------------------------------------
[2020-07-22 16:53:28,824] {taskinstance.py:880} INFO - Starting attempt 1 of 1
[2020-07-22 16:53:28,824] {taskinstance.py:881} INFO - 
--------------------------------------------------------------------------------
[2020-07-22 16:53:28,988] {taskinstance.py:900} INFO - Executing <Task(SparkSubmitOperator): spark_submit> on 2020-07-20T06:54:00+00:00
[2020-07-22 16:53:28,992] {standard_task_runner.py:53} INFO - Started process 609834 to run task
[2020-07-22 16:53:29,443] {logging_mixin.py:112} INFO - Running %s on host %s <TaskInstance: submit_data.spark_submit 2020-07-20T06:54:00+00:00 [running]> bhakti-Vostro-3558
[2020-07-22 16:53:29,578] {logging_mixin.py:112} INFO - [2020-07-22 16:53:29,578] {base_hook.py:87} INFO - Using connection to: id: spark_local. Host: local, Port: None, Schema: None, Login: None, Password: None, extra: None
[2020-07-22 16:53:29,580] {logging_mixin.py:112} INFO - [2020-07-22 16:53:29,579] {spark_submit_hook.py:325} INFO - Spark-Submit cmd: spark-submit --master local --name airflow-spark /home/bhakti/airflow/spark_jobs/python/spark_test.py
[2020-07-22 16:53:34,506] {logging_mixin.py:112} INFO - [2020-07-22 16:53:34,506] {spark_submit_hook.py:479} INFO - 20/07/22 16:53:34 WARN Utils: Your hostname, bhakti-Vostro-3558 resolves to a loopback address: 127.0.1.1; using 192.168.43.94 instead (on interface wlp6s0)
[2020-07-22 16:53:34,508] {logging_mixin.py:112} INFO - [2020-07-22 16:53:34,508] {spark_submit_hook.py:479} INFO - 20/07/22 16:53:34 WARN Utils: Set SPARK_LOCAL_IP if you need to bind to another address
[2020-07-22 16:53:36,849] {logging_mixin.py:112} INFO - [2020-07-22 16:53:36,848] {spark_submit_hook.py:479} INFO - 20/07/22 16:53:36 WARN NativeCodeLoader: Unable to load native-hadoop library for your platform... using builtin-java classes where applicable
[2020-07-22 16:53:42,607] {logging_mixin.py:112} INFO - [2020-07-22 16:53:42,607] {spark_submit_hook.py:479} INFO - Using Spark's default log4j profile: org/apache/spark/log4j-defaults.properties
[2020-07-22 16:53:42,625] {logging_mixin.py:112} INFO - [2020-07-22 16:53:42,625] {spark_submit_hook.py:479} INFO - 20/07/22 16:53:42 INFO SparkContext: Running Spark version 3.0.0
[2020-07-22 16:53:42,759] {logging_mixin.py:112} INFO - [2020-07-22 16:53:42,758] {spark_submit_hook.py:479} INFO - 20/07/22 16:53:42 INFO ResourceUtils: ==============================================================
[2020-07-22 16:53:42,763] {logging_mixin.py:112} INFO - [2020-07-22 16:53:42,762] {spark_submit_hook.py:479} INFO - 20/07/22 16:53:42 INFO ResourceUtils: Resources for spark.driver:
[2020-07-22 16:53:42,763] {logging_mixin.py:112} INFO - [2020-07-22 16:53:42,763] {spark_submit_hook.py:479} INFO - 
[2020-07-22 16:53:42,764] {logging_mixin.py:112} INFO - [2020-07-22 16:53:42,763] {spark_submit_hook.py:479} INFO - 20/07/22 16:53:42 INFO ResourceUtils: ==============================================================
[2020-07-22 16:53:42,765] {logging_mixin.py:112} INFO - [2020-07-22 16:53:42,764] {spark_submit_hook.py:479} INFO - 20/07/22 16:53:42 INFO SparkContext: Submitted application: Spark_Test_Python
[2020-07-22 16:53:42,871] {logging_mixin.py:112} INFO - [2020-07-22 16:53:42,871] {spark_submit_hook.py:479} INFO - 20/07/22 16:53:42 INFO SecurityManager: Changing view acls to: bhakti
[2020-07-22 16:53:42,871] {logging_mixin.py:112} INFO - [2020-07-22 16:53:42,871] {spark_submit_hook.py:479} INFO - 20/07/22 16:53:42 INFO SecurityManager: Changing modify acls to: bhakti
[2020-07-22 16:53:42,872] {logging_mixin.py:112} INFO - [2020-07-22 16:53:42,872] {spark_submit_hook.py:479} INFO - 20/07/22 16:53:42 INFO SecurityManager: Changing view acls groups to:
[2020-07-22 16:53:42,872] {logging_mixin.py:112} INFO - [2020-07-22 16:53:42,872] {spark_submit_hook.py:479} INFO - 20/07/22 16:53:42 INFO SecurityManager: Changing modify acls groups to:
[2020-07-22 16:53:42,873] {logging_mixin.py:112} INFO - [2020-07-22 16:53:42,872] {spark_submit_hook.py:479} INFO - 20/07/22 16:53:42 INFO SecurityManager: SecurityManager: authentication disabled; ui acls disabled; users  with view permissions: Set(bhakti); groups with view permissions: Set(); users  with modify permissions: Set(bhakti); groups with modify permissions: Set()
[2020-07-22 16:53:43,632] {logging_mixin.py:112} INFO - [2020-07-22 16:53:43,632] {spark_submit_hook.py:479} INFO - 20/07/22 16:53:43 INFO Utils: Successfully started service 'sparkDriver' on port 41455.
[2020-07-22 16:53:43,682] {logging_mixin.py:112} INFO - [2020-07-22 16:53:43,682] {spark_submit_hook.py:479} INFO - 20/07/22 16:53:43 INFO SparkEnv: Registering MapOutputTracker
[2020-07-22 16:53:43,763] {logging_mixin.py:112} INFO - [2020-07-22 16:53:43,763] {spark_submit_hook.py:479} INFO - 20/07/22 16:53:43 INFO SparkEnv: Registering BlockManagerMaster
[2020-07-22 16:53:43,810] {logging_mixin.py:112} INFO - [2020-07-22 16:53:43,809] {spark_submit_hook.py:479} INFO - 20/07/22 16:53:43 INFO BlockManagerMasterEndpoint: Using org.apache.spark.storage.DefaultTopologyMapper for getting topology information
[2020-07-22 16:53:43,812] {logging_mixin.py:112} INFO - [2020-07-22 16:53:43,811] {spark_submit_hook.py:479} INFO - 20/07/22 16:53:43 INFO BlockManagerMasterEndpoint: BlockManagerMasterEndpoint up
[2020-07-22 16:53:43,821] {logging_mixin.py:112} INFO - [2020-07-22 16:53:43,821] {spark_submit_hook.py:479} INFO - 20/07/22 16:53:43 INFO SparkEnv: Registering BlockManagerMasterHeartbeat
[2020-07-22 16:53:43,851] {logging_mixin.py:112} INFO - [2020-07-22 16:53:43,851] {spark_submit_hook.py:479} INFO - 20/07/22 16:53:43 INFO DiskBlockManager: Created local directory at /tmp/blockmgr-ae58a11d-4ff2-4bb6-bf27-b9355269c0e8
[2020-07-22 16:53:43,888] {logging_mixin.py:112} INFO - [2020-07-22 16:53:43,888] {spark_submit_hook.py:479} INFO - 20/07/22 16:53:43 INFO MemoryStore: MemoryStore started with capacity 366.3 MiB
[2020-07-22 16:53:43,921] {logging_mixin.py:112} INFO - [2020-07-22 16:53:43,921] {spark_submit_hook.py:479} INFO - 20/07/22 16:53:43 INFO SparkEnv: Registering OutputCommitCoordinator
[2020-07-22 16:53:44,359] {logging_mixin.py:112} INFO - [2020-07-22 16:53:44,359] {spark_submit_hook.py:479} INFO - 20/07/22 16:53:44 WARN Utils: Service 'SparkUI' could not bind on port 4040. Attempting port 4041.
[2020-07-22 16:53:44,361] {logging_mixin.py:112} INFO - [2020-07-22 16:53:44,361] {spark_submit_hook.py:479} INFO - 20/07/22 16:53:44 WARN Utils: Service 'SparkUI' could not bind on port 4041. Attempting port 4042.
[2020-07-22 16:53:44,378] {logging_mixin.py:112} INFO - [2020-07-22 16:53:44,377] {spark_submit_hook.py:479} INFO - 20/07/22 16:53:44 INFO Utils: Successfully started service 'SparkUI' on port 4042.
[2020-07-22 16:53:44,624] {logging_mixin.py:112} INFO - [2020-07-22 16:53:44,624] {spark_submit_hook.py:479} INFO - 20/07/22 16:53:44 INFO SparkUI: Bound SparkUI to 0.0.0.0, and started at http://192.168.43.94:4042
[2020-07-22 16:53:45,466] {logging_mixin.py:112} INFO - [2020-07-22 16:53:45,466] {spark_submit_hook.py:479} INFO - 20/07/22 16:53:45 INFO Executor: Starting executor ID driver on host 192.168.43.94
[2020-07-22 16:53:45,667] {logging_mixin.py:112} INFO - [2020-07-22 16:53:45,667] {spark_submit_hook.py:479} INFO - 20/07/22 16:53:45 INFO Utils: Successfully started service 'org.apache.spark.network.netty.NettyBlockTransferService' on port 40917.
[2020-07-22 16:53:45,667] {logging_mixin.py:112} INFO - [2020-07-22 16:53:45,667] {spark_submit_hook.py:479} INFO - 20/07/22 16:53:45 INFO NettyBlockTransferService: Server created on 192.168.43.94:40917
[2020-07-22 16:53:45,668] {logging_mixin.py:112} INFO - [2020-07-22 16:53:45,667] {spark_submit_hook.py:479} INFO - 20/07/22 16:53:45 INFO BlockManager: Using org.apache.spark.storage.RandomBlockReplicationPolicy for block replication policy
[2020-07-22 16:53:45,701] {logging_mixin.py:112} INFO - [2020-07-22 16:53:45,701] {spark_submit_hook.py:479} INFO - 20/07/22 16:53:45 INFO BlockManagerMaster: Registering BlockManager BlockManagerId(driver, 192.168.43.94, 40917, None)
[2020-07-22 16:53:45,750] {logging_mixin.py:112} INFO - [2020-07-22 16:53:45,750] {spark_submit_hook.py:479} INFO - 20/07/22 16:53:45 INFO BlockManagerMasterEndpoint: Registering block manager 192.168.43.94:40917 with 366.3 MiB RAM, BlockManagerId(driver, 192.168.43.94, 40917, None)
[2020-07-22 16:53:45,798] {logging_mixin.py:112} INFO - [2020-07-22 16:53:45,797] {spark_submit_hook.py:479} INFO - 20/07/22 16:53:45 INFO BlockManagerMaster: Registered BlockManager BlockManagerId(driver, 192.168.43.94, 40917, None)
[2020-07-22 16:53:45,837] {logging_mixin.py:112} INFO - [2020-07-22 16:53:45,836] {spark_submit_hook.py:479} INFO - 20/07/22 16:53:45 INFO BlockManager: Initialized BlockManager: BlockManagerId(driver, 192.168.43.94, 40917, None)
[2020-07-22 16:53:50,587] {logging_mixin.py:112} INFO - [2020-07-22 16:53:50,586] {spark_submit_hook.py:479} INFO - 20/07/22 16:53:50 INFO MemoryStore: Block broadcast_0 stored as values in memory (estimated size 241.5 KiB, free 366.1 MiB)
[2020-07-22 16:53:51,027] {logging_mixin.py:112} INFO - [2020-07-22 16:53:51,027] {spark_submit_hook.py:479} INFO - 20/07/22 16:53:51 INFO MemoryStore: Block broadcast_0_piece0 stored as bytes in memory (estimated size 23.4 KiB, free 366.0 MiB)
[2020-07-22 16:53:51,037] {logging_mixin.py:112} INFO - [2020-07-22 16:53:51,036] {spark_submit_hook.py:479} INFO - 20/07/22 16:53:51 INFO BlockManagerInfo: Added broadcast_0_piece0 in memory on 192.168.43.94:40917 (size: 23.4 KiB, free: 366.3 MiB)
[2020-07-22 16:53:51,069] {logging_mixin.py:112} INFO - [2020-07-22 16:53:51,069] {spark_submit_hook.py:479} INFO - 20/07/22 16:53:51 INFO SparkContext: Created broadcast 0 from textFile at NativeMethodAccessorImpl.java:0
[2020-07-22 16:53:52,047] {logging_mixin.py:112} INFO - [2020-07-22 16:53:52,047] {spark_submit_hook.py:479} INFO - 20/07/22 16:53:52 INFO FileInputFormat: Total input paths to process : 1
[2020-07-22 16:53:52,302] {logging_mixin.py:112} INFO - [2020-07-22 16:53:52,301] {spark_submit_hook.py:479} INFO - 20/07/22 16:53:52 INFO SparkContext: Starting job: collect at /home/bhakti/airflow/spark_jobs/python/spark_test.py:8
[2020-07-22 16:53:52,446] {logging_mixin.py:112} INFO - [2020-07-22 16:53:52,446] {spark_submit_hook.py:479} INFO - 20/07/22 16:53:52 INFO DAGScheduler: Got job 0 (collect at /home/bhakti/airflow/spark_jobs/python/spark_test.py:8) with 1 output partitions
[2020-07-22 16:53:52,447] {logging_mixin.py:112} INFO - [2020-07-22 16:53:52,447] {spark_submit_hook.py:479} INFO - 20/07/22 16:53:52 INFO DAGScheduler: Final stage: ResultStage 0 (collect at /home/bhakti/airflow/spark_jobs/python/spark_test.py:8)
[2020-07-22 16:53:52,519] {logging_mixin.py:112} INFO - [2020-07-22 16:53:52,519] {spark_submit_hook.py:479} INFO - 20/07/22 16:53:52 INFO DAGScheduler: Parents of final stage: List()
[2020-07-22 16:53:52,524] {logging_mixin.py:112} INFO - [2020-07-22 16:53:52,524] {spark_submit_hook.py:479} INFO - 20/07/22 16:53:52 INFO DAGScheduler: Missing parents: List()
[2020-07-22 16:53:52,607] {logging_mixin.py:112} INFO - [2020-07-22 16:53:52,606] {spark_submit_hook.py:479} INFO - 20/07/22 16:53:52 INFO DAGScheduler: Submitting ResultStage 0 (PythonRDD[2] at collect at /home/bhakti/airflow/spark_jobs/python/spark_test.py:8), which has no missing parents
[2020-07-22 16:53:52,894] {logging_mixin.py:112} INFO - [2020-07-22 16:53:52,894] {spark_submit_hook.py:479} INFO - 20/07/22 16:53:52 INFO MemoryStore: Block broadcast_1 stored as values in memory (estimated size 7.4 KiB, free 366.0 MiB)
[2020-07-22 16:53:52,970] {logging_mixin.py:112} INFO - [2020-07-22 16:53:52,969] {spark_submit_hook.py:479} INFO - 20/07/22 16:53:52 INFO MemoryStore: Block broadcast_1_piece0 stored as bytes in memory (estimated size 4.4 KiB, free 366.0 MiB)
[2020-07-22 16:53:52,970] {logging_mixin.py:112} INFO - [2020-07-22 16:53:52,970] {spark_submit_hook.py:479} INFO - 20/07/22 16:53:52 INFO BlockManagerInfo: Added broadcast_1_piece0 in memory on 192.168.43.94:40917 (size: 4.4 KiB, free: 366.3 MiB)
[2020-07-22 16:53:52,999] {logging_mixin.py:112} INFO - [2020-07-22 16:53:52,999] {spark_submit_hook.py:479} INFO - 20/07/22 16:53:52 INFO SparkContext: Created broadcast 1 from broadcast at DAGScheduler.scala:1200
[2020-07-22 16:53:53,127] {logging_mixin.py:112} INFO - [2020-07-22 16:53:53,127] {spark_submit_hook.py:479} INFO - 20/07/22 16:53:53 INFO DAGScheduler: Submitting 1 missing tasks from ResultStage 0 (PythonRDD[2] at collect at /home/bhakti/airflow/spark_jobs/python/spark_test.py:8) (first 15 tasks are for partitions Vector(0))
[2020-07-22 16:53:53,145] {logging_mixin.py:112} INFO - [2020-07-22 16:53:53,145] {spark_submit_hook.py:479} INFO - 20/07/22 16:53:53 INFO TaskSchedulerImpl: Adding task set 0.0 with 1 tasks
[2020-07-22 16:53:53,733] {logging_mixin.py:112} INFO - [2020-07-22 16:53:53,733] {spark_submit_hook.py:479} INFO - 20/07/22 16:53:53 INFO TaskSetManager: Starting task 0.0 in stage 0.0 (TID 0, 192.168.43.94, executor driver, partition 0, PROCESS_LOCAL, 7388 bytes)
[2020-07-22 16:53:53,904] {logging_mixin.py:112} INFO - [2020-07-22 16:53:53,904] {spark_submit_hook.py:479} INFO - 20/07/22 16:53:53 INFO Executor: Running task 0.0 in stage 0.0 (TID 0)
[2020-07-22 16:53:55,406] {logging_mixin.py:112} INFO - [2020-07-22 16:53:55,406] {spark_submit_hook.py:479} INFO - 20/07/22 16:53:55 INFO HadoopRDD: Input split: file:/home/bhakti/airflow/input_data/sample.csv:0+93
[2020-07-22 16:53:58,262] {logging_mixin.py:112} INFO - [2020-07-22 16:53:58,262] {spark_submit_hook.py:479} INFO - 20/07/22 16:53:58 INFO PythonRunner: Times: total = 2808, boot = 2653, init = 155, finish = 0
[2020-07-22 16:53:58,429] {logging_mixin.py:112} INFO - [2020-07-22 16:53:58,428] {spark_submit_hook.py:479} INFO - 20/07/22 16:53:58 INFO Executor: Finished task 0.0 in stage 0.0 (TID 0). 1732 bytes result sent to driver
[2020-07-22 16:53:58,494] {logging_mixin.py:112} INFO - [2020-07-22 16:53:58,493] {spark_submit_hook.py:479} INFO - 20/07/22 16:53:58 INFO TaskSetManager: Finished task 0.0 in stage 0.0 (TID 0) in 4958 ms on 192.168.43.94 (executor driver) (1/1)
[2020-07-22 16:53:58,508] {logging_mixin.py:112} INFO - [2020-07-22 16:53:58,508] {spark_submit_hook.py:479} INFO - 20/07/22 16:53:58 INFO PythonAccumulatorV2: Connected to AccumulatorServer at host: 127.0.0.1 port: 46389
[2020-07-22 16:53:58,520] {logging_mixin.py:112} INFO - [2020-07-22 16:53:58,520] {spark_submit_hook.py:479} INFO - 20/07/22 16:53:58 INFO TaskSchedulerImpl: Removed TaskSet 0.0, whose tasks have all completed, from pool
[2020-07-22 16:53:58,560] {logging_mixin.py:112} INFO - [2020-07-22 16:53:58,560] {spark_submit_hook.py:479} INFO - 20/07/22 16:53:58 INFO DAGScheduler: ResultStage 0 (collect at /home/bhakti/airflow/spark_jobs/python/spark_test.py:8) finished in 5.714 s
[2020-07-22 16:53:58,670] {logging_mixin.py:112} INFO - [2020-07-22 16:53:58,670] {spark_submit_hook.py:479} INFO - 20/07/22 16:53:58 INFO DAGScheduler: Job 0 is finished. Cancelling potential speculative or zombie tasks for this job
[2020-07-22 16:53:58,690] {logging_mixin.py:112} INFO - [2020-07-22 16:53:58,690] {spark_submit_hook.py:479} INFO - 20/07/22 16:53:58 INFO TaskSchedulerImpl: Killing all running tasks in stage 0: Stage finished
[2020-07-22 16:53:58,778] {logging_mixin.py:112} INFO - [2020-07-22 16:53:58,778] {spark_submit_hook.py:479} INFO - 20/07/22 16:53:58 INFO DAGScheduler: Job 0 finished: collect at /home/bhakti/airflow/spark_jobs/python/spark_test.py:8, took 6.468506 s
[2020-07-22 16:53:58,820] {logging_mixin.py:112} INFO - [2020-07-22 16:53:58,820] {spark_submit_hook.py:479} INFO - [('PERSON', 'JOINING_YEAR'), ('John', '2018'), ('Sam', '2017'), ('Jeff', '2014'), ('Allen', '2015')]
[2020-07-22 16:53:59,308] {logging_mixin.py:112} INFO - [2020-07-22 16:53:59,308] {spark_submit_hook.py:479} INFO - 20/07/22 16:53:59 INFO BlockManagerInfo: Removed broadcast_1_piece0 on 192.168.43.94:40917 in memory (size: 4.4 KiB, free: 366.3 MiB)
[2020-07-22 16:54:02,539] {logging_mixin.py:112} INFO - [2020-07-22 16:54:02,538] {spark_submit_hook.py:479} INFO - 20/07/22 16:54:02 INFO SharedState: Setting hive.metastore.warehouse.dir ('null') to the value of spark.sql.warehouse.dir ('file:/home/bhakti/airflow/spark-warehouse').
[2020-07-22 16:54:02,540] {logging_mixin.py:112} INFO - [2020-07-22 16:54:02,540] {spark_submit_hook.py:479} INFO - 20/07/22 16:54:02 INFO SharedState: Warehouse path is 'file:/home/bhakti/airflow/spark-warehouse'.
[2020-07-22 16:54:19,640] {logging_mixin.py:112} INFO - [2020-07-22 16:54:19,640] {spark_submit_hook.py:479} INFO - 20/07/22 16:54:19 INFO CodeGenerator: Code generated in 1243.146694 ms
[2020-07-22 16:54:19,740] {logging_mixin.py:112} INFO - [2020-07-22 16:54:19,740] {spark_submit_hook.py:479} INFO - 20/07/22 16:54:19 INFO SparkContext: Starting job: showString at NativeMethodAccessorImpl.java:0
[2020-07-22 16:54:19,745] {logging_mixin.py:112} INFO - [2020-07-22 16:54:19,744] {spark_submit_hook.py:479} INFO - 20/07/22 16:54:19 INFO DAGScheduler: Got job 1 (showString at NativeMethodAccessorImpl.java:0) with 1 output partitions
[2020-07-22 16:54:19,745] {logging_mixin.py:112} INFO - [2020-07-22 16:54:19,745] {spark_submit_hook.py:479} INFO - 20/07/22 16:54:19 INFO DAGScheduler: Final stage: ResultStage 1 (showString at NativeMethodAccessorImpl.java:0)
[2020-07-22 16:54:19,745] {logging_mixin.py:112} INFO - [2020-07-22 16:54:19,745] {spark_submit_hook.py:479} INFO - 20/07/22 16:54:19 INFO DAGScheduler: Parents of final stage: List()
[2020-07-22 16:54:19,745] {logging_mixin.py:112} INFO - [2020-07-22 16:54:19,745] {spark_submit_hook.py:479} INFO - 20/07/22 16:54:19 INFO DAGScheduler: Missing parents: List()
[2020-07-22 16:54:19,754] {logging_mixin.py:112} INFO - [2020-07-22 16:54:19,754] {spark_submit_hook.py:479} INFO - 20/07/22 16:54:19 INFO DAGScheduler: Submitting ResultStage 1 (MapPartitionsRDD[9] at showString at NativeMethodAccessorImpl.java:0), which has no missing parents
[2020-07-22 16:54:19,814] {logging_mixin.py:112} INFO - [2020-07-22 16:54:19,814] {spark_submit_hook.py:479} INFO - 20/07/22 16:54:19 INFO MemoryStore: Block broadcast_2 stored as values in memory (estimated size 10.9 KiB, free 366.0 MiB)
[2020-07-22 16:54:19,819] {logging_mixin.py:112} INFO - [2020-07-22 16:54:19,819] {spark_submit_hook.py:479} INFO - 20/07/22 16:54:19 INFO MemoryStore: Block broadcast_2_piece0 stored as bytes in memory (estimated size 5.8 KiB, free 366.0 MiB)
[2020-07-22 16:54:19,823] {logging_mixin.py:112} INFO - [2020-07-22 16:54:19,823] {spark_submit_hook.py:479} INFO - 20/07/22 16:54:19 INFO BlockManagerInfo: Added broadcast_2_piece0 in memory on 192.168.43.94:40917 (size: 5.8 KiB, free: 366.3 MiB)
[2020-07-22 16:54:19,825] {logging_mixin.py:112} INFO - [2020-07-22 16:54:19,825] {spark_submit_hook.py:479} INFO - 20/07/22 16:54:19 INFO SparkContext: Created broadcast 2 from broadcast at DAGScheduler.scala:1200
[2020-07-22 16:54:19,827] {logging_mixin.py:112} INFO - [2020-07-22 16:54:19,827] {spark_submit_hook.py:479} INFO - 20/07/22 16:54:19 INFO DAGScheduler: Submitting 1 missing tasks from ResultStage 1 (MapPartitionsRDD[9] at showString at NativeMethodAccessorImpl.java:0) (first 15 tasks are for partitions Vector(0))
[2020-07-22 16:54:19,828] {logging_mixin.py:112} INFO - [2020-07-22 16:54:19,828] {spark_submit_hook.py:479} INFO - 20/07/22 16:54:19 INFO TaskSchedulerImpl: Adding task set 1.0 with 1 tasks
[2020-07-22 16:54:19,853] {logging_mixin.py:112} INFO - [2020-07-22 16:54:19,853] {spark_submit_hook.py:479} INFO - 20/07/22 16:54:19 INFO TaskSetManager: Starting task 0.0 in stage 1.0 (TID 1, 192.168.43.94, executor driver, partition 0, PROCESS_LOCAL, 7449 bytes)
[2020-07-22 16:54:19,854] {logging_mixin.py:112} INFO - [2020-07-22 16:54:19,854] {spark_submit_hook.py:479} INFO - 20/07/22 16:54:19 INFO Executor: Running task 0.0 in stage 1.0 (TID 1)
[2020-07-22 16:54:20,120] {logging_mixin.py:112} INFO - [2020-07-22 16:54:20,120] {spark_submit_hook.py:479} INFO - 20/07/22 16:54:20 INFO PythonRunner: Times: total = 84, boot = -21615, init = 21699, finish = 0
[2020-07-22 16:54:20,160] {logging_mixin.py:112} INFO - [2020-07-22 16:54:20,159] {spark_submit_hook.py:479} INFO - 20/07/22 16:54:20 INFO Executor: Finished task 0.0 in stage 1.0 (TID 1). 2154 bytes result sent to driver
[2020-07-22 16:54:20,187] {logging_mixin.py:112} INFO - [2020-07-22 16:54:20,187] {spark_submit_hook.py:479} INFO - 20/07/22 16:54:20 INFO TaskSetManager: Finished task 0.0 in stage 1.0 (TID 1) in 356 ms on 192.168.43.94 (executor driver) (1/1)
[2020-07-22 16:54:20,205] {logging_mixin.py:112} INFO - [2020-07-22 16:54:20,205] {spark_submit_hook.py:479} INFO - 20/07/22 16:54:20 INFO TaskSchedulerImpl: Removed TaskSet 1.0, whose tasks have all completed, from pool
[2020-07-22 16:54:20,205] {logging_mixin.py:112} INFO - [2020-07-22 16:54:20,205] {spark_submit_hook.py:479} INFO - 20/07/22 16:54:20 INFO DAGScheduler: ResultStage 1 (showString at NativeMethodAccessorImpl.java:0) finished in 0.432 s
[2020-07-22 16:54:20,206] {logging_mixin.py:112} INFO - [2020-07-22 16:54:20,206] {spark_submit_hook.py:479} INFO - 20/07/22 16:54:20 INFO DAGScheduler: Job 1 is finished. Cancelling potential speculative or zombie tasks for this job
[2020-07-22 16:54:20,206] {logging_mixin.py:112} INFO - [2020-07-22 16:54:20,206] {spark_submit_hook.py:479} INFO - 20/07/22 16:54:20 INFO TaskSchedulerImpl: Killing all running tasks in stage 1: Stage finished
[2020-07-22 16:54:20,207] {logging_mixin.py:112} INFO - [2020-07-22 16:54:20,206] {spark_submit_hook.py:479} INFO - 20/07/22 16:54:20 INFO DAGScheduler: Job 1 finished: showString at NativeMethodAccessorImpl.java:0, took 0.450818 s
[2020-07-22 16:54:20,349] {logging_mixin.py:112} INFO - [2020-07-22 16:54:20,349] {spark_submit_hook.py:479} INFO - 20/07/22 16:54:20 INFO CodeGenerator: Code generated in 97.47289 ms
[2020-07-22 16:54:20,384] {logging_mixin.py:112} INFO - [2020-07-22 16:54:20,383] {spark_submit_hook.py:479} INFO - +------+------------+
[2020-07-22 16:54:20,384] {logging_mixin.py:112} INFO - [2020-07-22 16:54:20,384] {spark_submit_hook.py:479} INFO - |    _1|          _2|
[2020-07-22 16:54:20,384] {logging_mixin.py:112} INFO - [2020-07-22 16:54:20,384] {spark_submit_hook.py:479} INFO - +------+------------+
[2020-07-22 16:54:20,385] {logging_mixin.py:112} INFO - [2020-07-22 16:54:20,384] {spark_submit_hook.py:479} INFO - |PERSON|JOINING_YEAR|
[2020-07-22 16:54:20,385] {logging_mixin.py:112} INFO - [2020-07-22 16:54:20,385] {spark_submit_hook.py:479} INFO - |  John|        2018|
[2020-07-22 16:54:20,385] {logging_mixin.py:112} INFO - [2020-07-22 16:54:20,385] {spark_submit_hook.py:479} INFO - |   Sam|        2017|
[2020-07-22 16:54:20,385] {logging_mixin.py:112} INFO - [2020-07-22 16:54:20,385] {spark_submit_hook.py:479} INFO - |  Jeff|        2014|
[2020-07-22 16:54:20,386] {logging_mixin.py:112} INFO - [2020-07-22 16:54:20,385] {spark_submit_hook.py:479} INFO - | Allen|        2015|
[2020-07-22 16:54:20,386] {logging_mixin.py:112} INFO - [2020-07-22 16:54:20,386] {spark_submit_hook.py:479} INFO - +------+------------+
[2020-07-22 16:54:20,386] {logging_mixin.py:112} INFO - [2020-07-22 16:54:20,386] {spark_submit_hook.py:479} INFO - 
[2020-07-22 16:54:20,561] {logging_mixin.py:112} INFO - [2020-07-22 16:54:20,561] {spark_submit_hook.py:479} INFO - 20/07/22 16:54:20 INFO SparkContext: Invoking stop() from shutdown hook
[2020-07-22 16:54:20,588] {logging_mixin.py:112} INFO - [2020-07-22 16:54:20,588] {spark_submit_hook.py:479} INFO - 20/07/22 16:54:20 INFO SparkUI: Stopped Spark web UI at http://192.168.43.94:4042
[2020-07-22 16:54:20,621] {logging_mixin.py:112} INFO - [2020-07-22 16:54:20,621] {spark_submit_hook.py:479} INFO - 20/07/22 16:54:20 INFO MapOutputTrackerMasterEndpoint: MapOutputTrackerMasterEndpoint stopped!
[2020-07-22 16:54:20,681] {logging_mixin.py:112} INFO - [2020-07-22 16:54:20,681] {spark_submit_hook.py:479} INFO - 20/07/22 16:54:20 INFO MemoryStore: MemoryStore cleared
[2020-07-22 16:54:20,688] {logging_mixin.py:112} INFO - [2020-07-22 16:54:20,687] {spark_submit_hook.py:479} INFO - 20/07/22 16:54:20 INFO BlockManager: BlockManager stopped
[2020-07-22 16:54:20,693] {logging_mixin.py:112} INFO - [2020-07-22 16:54:20,693] {spark_submit_hook.py:479} INFO - 20/07/22 16:54:20 INFO BlockManagerMaster: BlockManagerMaster stopped
[2020-07-22 16:54:20,701] {logging_mixin.py:112} INFO - [2020-07-22 16:54:20,701] {spark_submit_hook.py:479} INFO - 20/07/22 16:54:20 INFO OutputCommitCoordinator$OutputCommitCoordinatorEndpoint: OutputCommitCoordinator stopped!
[2020-07-22 16:54:20,711] {logging_mixin.py:112} INFO - [2020-07-22 16:54:20,710] {spark_submit_hook.py:479} INFO - 20/07/22 16:54:20 INFO SparkContext: Successfully stopped SparkContext
[2020-07-22 16:54:20,711] {logging_mixin.py:112} INFO - [2020-07-22 16:54:20,711] {spark_submit_hook.py:479} INFO - 20/07/22 16:54:20 INFO ShutdownHookManager: Shutdown hook called
[2020-07-22 16:54:20,715] {logging_mixin.py:112} INFO - [2020-07-22 16:54:20,715] {spark_submit_hook.py:479} INFO - 20/07/22 16:54:20 INFO ShutdownHookManager: Deleting directory /tmp/spark-09d817d8-4476-4eae-85e4-6cc1bbe8192c
[2020-07-22 16:54:20,722] {logging_mixin.py:112} INFO - [2020-07-22 16:54:20,722] {spark_submit_hook.py:479} INFO - 20/07/22 16:54:20 INFO ShutdownHookManager: Deleting directory /tmp/spark-e1df3bad-b124-48c6-bedc-2747bea3de62
[2020-07-22 16:54:20,729] {logging_mixin.py:112} INFO - [2020-07-22 16:54:20,729] {spark_submit_hook.py:479} INFO - 20/07/22 16:54:20 INFO ShutdownHookManager: Deleting directory /tmp/spark-e1df3bad-b124-48c6-bedc-2747bea3de62/pyspark-38130a27-4dfb-4309-a939-6d7010ff4349
[2020-07-22 16:54:20,962] {taskinstance.py:1052} INFO - Marking task as SUCCESS.dag_id=submit_data, task_id=spark_submit, execution_date=20200720T065400, start_date=20200722T112328, end_date=20200722T112420
[2020-07-22 16:54:25,335] {logging_mixin.py:112} INFO - [2020-07-22 16:54:25,335] {local_task_job.py:103} INFO - Task exited with return code 0
