[2020-08-26 12:23:12,352] {taskinstance.py:669} INFO - Dependencies all met for <TaskInstance: MYSQLDAG.csv_to_second_db 2020-08-07T00:00:00+00:00 [queued]>
[2020-08-26 12:23:12,367] {taskinstance.py:669} INFO - Dependencies all met for <TaskInstance: MYSQLDAG.csv_to_second_db 2020-08-07T00:00:00+00:00 [queued]>
[2020-08-26 12:23:12,367] {taskinstance.py:879} INFO - 
--------------------------------------------------------------------------------
[2020-08-26 12:23:12,367] {taskinstance.py:880} INFO - Starting attempt 1 of 2
[2020-08-26 12:23:12,367] {taskinstance.py:881} INFO - 
--------------------------------------------------------------------------------
[2020-08-26 12:23:12,590] {taskinstance.py:900} INFO - Executing <Task(BashOperator): csv_to_second_db> on 2020-08-07T00:00:00+00:00
[2020-08-26 12:23:12,596] {standard_task_runner.py:53} INFO - Started process 97210 to run task
[2020-08-26 12:23:13,006] {logging_mixin.py:112} INFO - Running %s on host %s <TaskInstance: MYSQLDAG.csv_to_second_db 2020-08-07T00:00:00+00:00 [running]> bhakti-Vostro-3558
[2020-08-26 12:23:13,023] {bash_operator.py:82} INFO - Tmp dir root location: 
 /tmp
[2020-08-26 12:23:13,025] {bash_operator.py:103} INFO - Temporary script location: /tmp/airflowtmp3s8wktoz/csv_to_second_dbbhf4ty4a
[2020-08-26 12:23:13,025] {bash_operator.py:115} INFO - Running command: #!/bin/bash -x
user=root
password=root
dbname=airflow_db2
host=mysql
port=3306
if [ $password != " " ]
then
docker exec -it mysqlCon \
mysql -D$dbname -h$host -p$port -u$user -p$password -e'CREATE TABLE IF NOT EXISTS employees2(PERSON TEXT,JOINING_YEAR BIGINT, COMPANY TEXT);' -e'LOAD DATA INFILE "/input_files_mysql/sample1.csv" INTO TABLE employees2 FIELDS TERMINATED BY "," LINES TERMINATED BY "\n" IGNORE 1 ROWS;'
echo "Task run successfully"
fi
[2020-08-26 12:23:13,032] {bash_operator.py:122} INFO - Output:
[2020-08-26 12:23:13,546] {bash_operator.py:126} INFO - mysql: [Warning] Using a password on the command line interface can be insecure.
[2020-08-26 12:23:13,712] {bash_operator.py:126} INFO - Task run successfully
[2020-08-26 12:23:13,712] {bash_operator.py:128} INFO - Command exited with return code 0
[2020-08-26 12:23:13,724] {taskinstance.py:1052} INFO - Marking task as SUCCESS.dag_id=MYSQLDAG, task_id=csv_to_second_db, execution_date=20200807T000000, start_date=20200826T065312, end_date=20200826T065313
[2020-08-26 12:23:22,007] {logging_mixin.py:112} INFO - [2020-08-26 12:23:22,006] {local_task_job.py:103} INFO - Task exited with return code 0
