[2020-07-23 16:31:08,239] {taskinstance.py:669} INFO - Dependencies all met for <TaskInstance: submit_data.spark_submit 2020-07-21T02:24:00+00:00 [queued]>
[2020-07-23 16:31:08,251] {taskinstance.py:669} INFO - Dependencies all met for <TaskInstance: submit_data.spark_submit 2020-07-21T02:24:00+00:00 [queued]>
[2020-07-23 16:31:08,251] {taskinstance.py:879} INFO - 
--------------------------------------------------------------------------------
[2020-07-23 16:31:08,251] {taskinstance.py:880} INFO - Starting attempt 1 of 1
[2020-07-23 16:31:08,251] {taskinstance.py:881} INFO - 
--------------------------------------------------------------------------------
[2020-07-23 16:31:08,423] {taskinstance.py:900} INFO - Executing <Task(SparkSubmitOperator): spark_submit> on 2020-07-21T02:24:00+00:00
[2020-07-23 16:31:08,426] {standard_task_runner.py:53} INFO - Started process 350446 to run task
[2020-07-23 16:31:08,686] {logging_mixin.py:112} INFO - Running %s on host %s <TaskInstance: submit_data.spark_submit 2020-07-21T02:24:00+00:00 [running]> bhakti-Vostro-3558
[2020-07-23 16:31:08,711] {logging_mixin.py:112} INFO - [2020-07-23 16:31:08,711] {base_hook.py:87} INFO - Using connection to: id: spark_local. Host: local, Port: None, Schema: None, Login: None, Password: None, extra: None
[2020-07-23 16:31:08,712] {logging_mixin.py:112} INFO - [2020-07-23 16:31:08,712] {spark_submit_hook.py:325} INFO - Spark-Submit cmd: spark-submit --master local --name airflow-spark /home/bhakti/airflow/spark_jobs/spark_test.py
[2020-07-23 16:31:10,560] {logging_mixin.py:112} INFO - [2020-07-23 16:31:10,559] {spark_submit_hook.py:479} INFO - 20/07/23 16:31:10 WARN Utils: Your hostname, bhakti-Vostro-3558 resolves to a loopback address: 127.0.1.1; using 192.168.43.94 instead (on interface wlp6s0)
[2020-07-23 16:31:10,567] {logging_mixin.py:112} INFO - [2020-07-23 16:31:10,566] {spark_submit_hook.py:479} INFO - 20/07/23 16:31:10 WARN Utils: Set SPARK_LOCAL_IP if you need to bind to another address
[2020-07-23 16:31:12,175] {logging_mixin.py:112} INFO - [2020-07-23 16:31:12,175] {spark_submit_hook.py:479} INFO - 20/07/23 16:31:12 WARN NativeCodeLoader: Unable to load native-hadoop library for your platform... using builtin-java classes where applicable
[2020-07-23 16:31:13,986] {logging_mixin.py:112} INFO - [2020-07-23 16:31:13,986] {spark_submit_hook.py:479} INFO - Using Spark's default log4j profile: org/apache/spark/log4j-defaults.properties
[2020-07-23 16:31:14,012] {logging_mixin.py:112} INFO - [2020-07-23 16:31:14,012] {spark_submit_hook.py:479} INFO - 20/07/23 16:31:14 INFO SparkContext: Running Spark version 3.0.0
[2020-07-23 16:31:14,118] {logging_mixin.py:112} INFO - [2020-07-23 16:31:14,118] {spark_submit_hook.py:479} INFO - 20/07/23 16:31:14 INFO ResourceUtils: ==============================================================
[2020-07-23 16:31:14,122] {logging_mixin.py:112} INFO - [2020-07-23 16:31:14,122] {spark_submit_hook.py:479} INFO - 20/07/23 16:31:14 INFO ResourceUtils: Resources for spark.driver:
[2020-07-23 16:31:14,122] {logging_mixin.py:112} INFO - [2020-07-23 16:31:14,122] {spark_submit_hook.py:479} INFO - 
[2020-07-23 16:31:14,123] {logging_mixin.py:112} INFO - [2020-07-23 16:31:14,123] {spark_submit_hook.py:479} INFO - 20/07/23 16:31:14 INFO ResourceUtils: ==============================================================
[2020-07-23 16:31:14,125] {logging_mixin.py:112} INFO - [2020-07-23 16:31:14,124] {spark_submit_hook.py:479} INFO - 20/07/23 16:31:14 INFO SparkContext: Submitted application: Spark_Test_Python
[2020-07-23 16:31:14,260] {logging_mixin.py:112} INFO - [2020-07-23 16:31:14,260] {spark_submit_hook.py:479} INFO - 20/07/23 16:31:14 INFO SecurityManager: Changing view acls to: bhakti
[2020-07-23 16:31:14,261] {logging_mixin.py:112} INFO - [2020-07-23 16:31:14,261] {spark_submit_hook.py:479} INFO - 20/07/23 16:31:14 INFO SecurityManager: Changing modify acls to: bhakti
[2020-07-23 16:31:14,263] {logging_mixin.py:112} INFO - [2020-07-23 16:31:14,262] {spark_submit_hook.py:479} INFO - 20/07/23 16:31:14 INFO SecurityManager: Changing view acls groups to:
[2020-07-23 16:31:14,264] {logging_mixin.py:112} INFO - [2020-07-23 16:31:14,264] {spark_submit_hook.py:479} INFO - 20/07/23 16:31:14 INFO SecurityManager: Changing modify acls groups to:
[2020-07-23 16:31:14,265] {logging_mixin.py:112} INFO - [2020-07-23 16:31:14,265] {spark_submit_hook.py:479} INFO - 20/07/23 16:31:14 INFO SecurityManager: SecurityManager: authentication disabled; ui acls disabled; users  with view permissions: Set(bhakti); groups with view permissions: Set(); users  with modify permissions: Set(bhakti); groups with modify permissions: Set()
[2020-07-23 16:31:14,891] {logging_mixin.py:112} INFO - [2020-07-23 16:31:14,891] {spark_submit_hook.py:479} INFO - 20/07/23 16:31:14 INFO Utils: Successfully started service 'sparkDriver' on port 33413.
[2020-07-23 16:31:14,936] {logging_mixin.py:112} INFO - [2020-07-23 16:31:14,936] {spark_submit_hook.py:479} INFO - 20/07/23 16:31:14 INFO SparkEnv: Registering MapOutputTracker
[2020-07-23 16:31:15,010] {logging_mixin.py:112} INFO - [2020-07-23 16:31:15,010] {spark_submit_hook.py:479} INFO - 20/07/23 16:31:15 INFO SparkEnv: Registering BlockManagerMaster
[2020-07-23 16:31:15,047] {logging_mixin.py:112} INFO - [2020-07-23 16:31:15,046] {spark_submit_hook.py:479} INFO - 20/07/23 16:31:15 INFO BlockManagerMasterEndpoint: Using org.apache.spark.storage.DefaultTopologyMapper for getting topology information
[2020-07-23 16:31:15,048] {logging_mixin.py:112} INFO - [2020-07-23 16:31:15,048] {spark_submit_hook.py:479} INFO - 20/07/23 16:31:15 INFO BlockManagerMasterEndpoint: BlockManagerMasterEndpoint up
[2020-07-23 16:31:15,059] {logging_mixin.py:112} INFO - [2020-07-23 16:31:15,058] {spark_submit_hook.py:479} INFO - 20/07/23 16:31:15 INFO SparkEnv: Registering BlockManagerMasterHeartbeat
[2020-07-23 16:31:15,085] {logging_mixin.py:112} INFO - [2020-07-23 16:31:15,085] {spark_submit_hook.py:479} INFO - 20/07/23 16:31:15 INFO DiskBlockManager: Created local directory at /tmp/blockmgr-f8663781-8a0f-4f32-8b6b-52f026aac4c8
[2020-07-23 16:31:15,122] {logging_mixin.py:112} INFO - [2020-07-23 16:31:15,122] {spark_submit_hook.py:479} INFO - 20/07/23 16:31:15 INFO MemoryStore: MemoryStore started with capacity 366.3 MiB
[2020-07-23 16:31:15,150] {logging_mixin.py:112} INFO - [2020-07-23 16:31:15,150] {spark_submit_hook.py:479} INFO - 20/07/23 16:31:15 INFO SparkEnv: Registering OutputCommitCoordinator
[2020-07-23 16:31:15,521] {logging_mixin.py:112} INFO - [2020-07-23 16:31:15,521] {spark_submit_hook.py:479} INFO - 20/07/23 16:31:15 WARN Utils: Service 'SparkUI' could not bind on port 4040. Attempting port 4041.
[2020-07-23 16:31:15,522] {logging_mixin.py:112} INFO - [2020-07-23 16:31:15,521] {spark_submit_hook.py:479} INFO - 20/07/23 16:31:15 WARN Utils: Service 'SparkUI' could not bind on port 4041. Attempting port 4042.
[2020-07-23 16:31:15,522] {logging_mixin.py:112} INFO - [2020-07-23 16:31:15,522] {spark_submit_hook.py:479} INFO - 20/07/23 16:31:15 WARN Utils: Service 'SparkUI' could not bind on port 4042. Attempting port 4043.
[2020-07-23 16:31:15,533] {logging_mixin.py:112} INFO - [2020-07-23 16:31:15,533] {spark_submit_hook.py:479} INFO - 20/07/23 16:31:15 INFO Utils: Successfully started service 'SparkUI' on port 4043.
[2020-07-23 16:31:15,638] {logging_mixin.py:112} INFO - [2020-07-23 16:31:15,637] {spark_submit_hook.py:479} INFO - 20/07/23 16:31:15 INFO SparkUI: Bound SparkUI to 0.0.0.0, and started at http://192.168.43.94:4043
[2020-07-23 16:31:16,187] {logging_mixin.py:112} INFO - [2020-07-23 16:31:16,187] {spark_submit_hook.py:479} INFO - 20/07/23 16:31:16 INFO Executor: Starting executor ID driver on host 192.168.43.94
[2020-07-23 16:31:16,239] {logging_mixin.py:112} INFO - [2020-07-23 16:31:16,239] {spark_submit_hook.py:479} INFO - 20/07/23 16:31:16 INFO Utils: Successfully started service 'org.apache.spark.network.netty.NettyBlockTransferService' on port 39389.
[2020-07-23 16:31:16,240] {logging_mixin.py:112} INFO - [2020-07-23 16:31:16,240] {spark_submit_hook.py:479} INFO - 20/07/23 16:31:16 INFO NettyBlockTransferService: Server created on 192.168.43.94:39389
[2020-07-23 16:31:16,243] {logging_mixin.py:112} INFO - [2020-07-23 16:31:16,242] {spark_submit_hook.py:479} INFO - 20/07/23 16:31:16 INFO BlockManager: Using org.apache.spark.storage.RandomBlockReplicationPolicy for block replication policy
[2020-07-23 16:31:16,254] {logging_mixin.py:112} INFO - [2020-07-23 16:31:16,254] {spark_submit_hook.py:479} INFO - 20/07/23 16:31:16 INFO BlockManagerMaster: Registering BlockManager BlockManagerId(driver, 192.168.43.94, 39389, None)
[2020-07-23 16:31:16,264] {logging_mixin.py:112} INFO - [2020-07-23 16:31:16,263] {spark_submit_hook.py:479} INFO - 20/07/23 16:31:16 INFO BlockManagerMasterEndpoint: Registering block manager 192.168.43.94:39389 with 366.3 MiB RAM, BlockManagerId(driver, 192.168.43.94, 39389, None)
[2020-07-23 16:31:16,269] {logging_mixin.py:112} INFO - [2020-07-23 16:31:16,268] {spark_submit_hook.py:479} INFO - 20/07/23 16:31:16 INFO BlockManagerMaster: Registered BlockManager BlockManagerId(driver, 192.168.43.94, 39389, None)
[2020-07-23 16:31:16,271] {logging_mixin.py:112} INFO - [2020-07-23 16:31:16,270] {spark_submit_hook.py:479} INFO - 20/07/23 16:31:16 INFO BlockManager: Initialized BlockManager: BlockManagerId(driver, 192.168.43.94, 39389, None)
[2020-07-23 16:31:17,672] {logging_mixin.py:112} INFO - [2020-07-23 16:31:17,672] {spark_submit_hook.py:479} INFO - 20/07/23 16:31:17 INFO MemoryStore: Block broadcast_0 stored as values in memory (estimated size 241.5 KiB, free 366.1 MiB)
[2020-07-23 16:31:17,918] {logging_mixin.py:112} INFO - [2020-07-23 16:31:17,917] {spark_submit_hook.py:479} INFO - 20/07/23 16:31:17 INFO MemoryStore: Block broadcast_0_piece0 stored as bytes in memory (estimated size 23.4 KiB, free 366.0 MiB)
[2020-07-23 16:31:17,921] {logging_mixin.py:112} INFO - [2020-07-23 16:31:17,921] {spark_submit_hook.py:479} INFO - 20/07/23 16:31:17 INFO BlockManagerInfo: Added broadcast_0_piece0 in memory on 192.168.43.94:39389 (size: 23.4 KiB, free: 366.3 MiB)
[2020-07-23 16:31:17,936] {logging_mixin.py:112} INFO - [2020-07-23 16:31:17,936] {spark_submit_hook.py:479} INFO - 20/07/23 16:31:17 INFO SparkContext: Created broadcast 0 from textFile at NativeMethodAccessorImpl.java:0
[2020-07-23 16:31:18,413] {logging_mixin.py:112} INFO - [2020-07-23 16:31:18,412] {spark_submit_hook.py:479} INFO - 20/07/23 16:31:18 INFO FileInputFormat: Total input paths to process : 1
[2020-07-23 16:31:18,552] {logging_mixin.py:112} INFO - [2020-07-23 16:31:18,552] {spark_submit_hook.py:479} INFO - 20/07/23 16:31:18 INFO SparkContext: Starting job: collect at /home/bhakti/airflow/spark_jobs/spark_test.py:8
[2020-07-23 16:31:18,586] {logging_mixin.py:112} INFO - [2020-07-23 16:31:18,586] {spark_submit_hook.py:479} INFO - 20/07/23 16:31:18 INFO DAGScheduler: Got job 0 (collect at /home/bhakti/airflow/spark_jobs/spark_test.py:8) with 1 output partitions
[2020-07-23 16:31:18,587] {logging_mixin.py:112} INFO - [2020-07-23 16:31:18,587] {spark_submit_hook.py:479} INFO - 20/07/23 16:31:18 INFO DAGScheduler: Final stage: ResultStage 0 (collect at /home/bhakti/airflow/spark_jobs/spark_test.py:8)
[2020-07-23 16:31:18,588] {logging_mixin.py:112} INFO - [2020-07-23 16:31:18,588] {spark_submit_hook.py:479} INFO - 20/07/23 16:31:18 INFO DAGScheduler: Parents of final stage: List()
[2020-07-23 16:31:18,592] {logging_mixin.py:112} INFO - [2020-07-23 16:31:18,592] {spark_submit_hook.py:479} INFO - 20/07/23 16:31:18 INFO DAGScheduler: Missing parents: List()
[2020-07-23 16:31:18,619] {logging_mixin.py:112} INFO - [2020-07-23 16:31:18,619] {spark_submit_hook.py:479} INFO - 20/07/23 16:31:18 INFO DAGScheduler: Submitting ResultStage 0 (PythonRDD[2] at collect at /home/bhakti/airflow/spark_jobs/spark_test.py:8), which has no missing parents
[2020-07-23 16:31:18,714] {logging_mixin.py:112} INFO - [2020-07-23 16:31:18,713] {spark_submit_hook.py:479} INFO - 20/07/23 16:31:18 INFO MemoryStore: Block broadcast_1 stored as values in memory (estimated size 7.4 KiB, free 366.0 MiB)
[2020-07-23 16:31:18,734] {logging_mixin.py:112} INFO - [2020-07-23 16:31:18,733] {spark_submit_hook.py:479} INFO - 20/07/23 16:31:18 INFO MemoryStore: Block broadcast_1_piece0 stored as bytes in memory (estimated size 4.4 KiB, free 366.0 MiB)
[2020-07-23 16:31:18,734] {logging_mixin.py:112} INFO - [2020-07-23 16:31:18,734] {spark_submit_hook.py:479} INFO - 20/07/23 16:31:18 INFO BlockManagerInfo: Added broadcast_1_piece0 in memory on 192.168.43.94:39389 (size: 4.4 KiB, free: 366.3 MiB)
[2020-07-23 16:31:18,734] {logging_mixin.py:112} INFO - [2020-07-23 16:31:18,734] {spark_submit_hook.py:479} INFO - 20/07/23 16:31:18 INFO SparkContext: Created broadcast 1 from broadcast at DAGScheduler.scala:1200
[2020-07-23 16:31:18,787] {logging_mixin.py:112} INFO - [2020-07-23 16:31:18,786] {spark_submit_hook.py:479} INFO - 20/07/23 16:31:18 INFO DAGScheduler: Submitting 1 missing tasks from ResultStage 0 (PythonRDD[2] at collect at /home/bhakti/airflow/spark_jobs/spark_test.py:8) (first 15 tasks are for partitions Vector(0))
[2020-07-23 16:31:18,789] {logging_mixin.py:112} INFO - [2020-07-23 16:31:18,789] {spark_submit_hook.py:479} INFO - 20/07/23 16:31:18 INFO TaskSchedulerImpl: Adding task set 0.0 with 1 tasks
[2020-07-23 16:31:18,945] {logging_mixin.py:112} INFO - [2020-07-23 16:31:18,944] {spark_submit_hook.py:479} INFO - 20/07/23 16:31:18 INFO TaskSetManager: Starting task 0.0 in stage 0.0 (TID 0, 192.168.43.94, executor driver, partition 0, PROCESS_LOCAL, 7388 bytes)
[2020-07-23 16:31:18,997] {logging_mixin.py:112} INFO - [2020-07-23 16:31:18,996] {spark_submit_hook.py:479} INFO - 20/07/23 16:31:18 INFO Executor: Running task 0.0 in stage 0.0 (TID 0)
[2020-07-23 16:31:19,631] {logging_mixin.py:112} INFO - [2020-07-23 16:31:19,631] {spark_submit_hook.py:479} INFO - 20/07/23 16:31:19 INFO HadoopRDD: Input split: file:/home/bhakti/airflow/input_data/sample.csv:0+93
[2020-07-23 16:31:20,576] {logging_mixin.py:112} INFO - [2020-07-23 16:31:20,575] {spark_submit_hook.py:479} INFO - 20/07/23 16:31:20 INFO PythonRunner: Times: total = 894, boot = 877, init = 17, finish = 0
[2020-07-23 16:31:20,613] {logging_mixin.py:112} INFO - [2020-07-23 16:31:20,612] {spark_submit_hook.py:479} INFO - 20/07/23 16:31:20 INFO Executor: Finished task 0.0 in stage 0.0 (TID 0). 1779 bytes result sent to driver
[2020-07-23 16:31:20,631] {logging_mixin.py:112} INFO - [2020-07-23 16:31:20,630] {spark_submit_hook.py:479} INFO - 20/07/23 16:31:20 INFO TaskSetManager: Finished task 0.0 in stage 0.0 (TID 0) in 1718 ms on 192.168.43.94 (executor driver) (1/1)
[2020-07-23 16:31:20,634] {logging_mixin.py:112} INFO - [2020-07-23 16:31:20,634] {spark_submit_hook.py:479} INFO - 20/07/23 16:31:20 INFO TaskSchedulerImpl: Removed TaskSet 0.0, whose tasks have all completed, from pool
[2020-07-23 16:31:20,639] {logging_mixin.py:112} INFO - [2020-07-23 16:31:20,639] {spark_submit_hook.py:479} INFO - 20/07/23 16:31:20 INFO PythonAccumulatorV2: Connected to AccumulatorServer at host: 127.0.0.1 port: 38163
[2020-07-23 16:31:20,647] {logging_mixin.py:112} INFO - [2020-07-23 16:31:20,646] {spark_submit_hook.py:479} INFO - 20/07/23 16:31:20 INFO DAGScheduler: ResultStage 0 (collect at /home/bhakti/airflow/spark_jobs/spark_test.py:8) finished in 1.975 s
[2020-07-23 16:31:20,660] {logging_mixin.py:112} INFO - [2020-07-23 16:31:20,660] {spark_submit_hook.py:479} INFO - 20/07/23 16:31:20 INFO DAGScheduler: Job 0 is finished. Cancelling potential speculative or zombie tasks for this job
[2020-07-23 16:31:20,661] {logging_mixin.py:112} INFO - [2020-07-23 16:31:20,661] {spark_submit_hook.py:479} INFO - 20/07/23 16:31:20 INFO TaskSchedulerImpl: Killing all running tasks in stage 0: Stage finished
[2020-07-23 16:31:20,673] {logging_mixin.py:112} INFO - [2020-07-23 16:31:20,672] {spark_submit_hook.py:479} INFO - 20/07/23 16:31:20 INFO DAGScheduler: Job 0 finished: collect at /home/bhakti/airflow/spark_jobs/spark_test.py:8, took 2.111971 s
[2020-07-23 16:31:20,718] {logging_mixin.py:112} INFO - [2020-07-23 16:31:20,718] {spark_submit_hook.py:479} INFO - [('PERSON', 'JOINING_YEAR', 'COMPANY'), ('John', '2018', 'Google'), ('Sam', '2017', 'IBM'), ('Jeff', '2014', 'Yahoo'), ('Allen', '2015', 'Facebook')]
[2020-07-23 16:31:20,859] {logging_mixin.py:112} INFO - [2020-07-23 16:31:20,858] {spark_submit_hook.py:479} INFO - 20/07/23 16:31:20 INFO BlockManagerInfo: Removed broadcast_1_piece0 on 192.168.43.94:39389 in memory (size: 4.4 KiB, free: 366.3 MiB)
[2020-07-23 16:31:21,693] {logging_mixin.py:112} INFO - [2020-07-23 16:31:21,692] {spark_submit_hook.py:479} INFO - 20/07/23 16:31:21 INFO SharedState: Setting hive.metastore.warehouse.dir ('null') to the value of spark.sql.warehouse.dir ('file:/home/bhakti/airflow/spark-warehouse').
[2020-07-23 16:31:21,694] {logging_mixin.py:112} INFO - [2020-07-23 16:31:21,694] {spark_submit_hook.py:479} INFO - 20/07/23 16:31:21 INFO SharedState: Warehouse path is 'file:/home/bhakti/airflow/spark-warehouse'.
[2020-07-23 16:31:26,430] {logging_mixin.py:112} INFO - [2020-07-23 16:31:26,430] {spark_submit_hook.py:479} INFO - 20/07/23 16:31:26 INFO CodeGenerator: Code generated in 431.421282 ms
[2020-07-23 16:31:26,520] {logging_mixin.py:112} INFO - [2020-07-23 16:31:26,520] {spark_submit_hook.py:479} INFO - 20/07/23 16:31:26 INFO SparkContext: Starting job: showString at NativeMethodAccessorImpl.java:0
[2020-07-23 16:31:26,523] {logging_mixin.py:112} INFO - [2020-07-23 16:31:26,523] {spark_submit_hook.py:479} INFO - 20/07/23 16:31:26 INFO DAGScheduler: Got job 1 (showString at NativeMethodAccessorImpl.java:0) with 1 output partitions
[2020-07-23 16:31:26,523] {logging_mixin.py:112} INFO - [2020-07-23 16:31:26,523] {spark_submit_hook.py:479} INFO - 20/07/23 16:31:26 INFO DAGScheduler: Final stage: ResultStage 1 (showString at NativeMethodAccessorImpl.java:0)
[2020-07-23 16:31:26,524] {logging_mixin.py:112} INFO - [2020-07-23 16:31:26,523] {spark_submit_hook.py:479} INFO - 20/07/23 16:31:26 INFO DAGScheduler: Parents of final stage: List()
[2020-07-23 16:31:26,524] {logging_mixin.py:112} INFO - [2020-07-23 16:31:26,524] {spark_submit_hook.py:479} INFO - 20/07/23 16:31:26 INFO DAGScheduler: Missing parents: List()
[2020-07-23 16:31:26,538] {logging_mixin.py:112} INFO - [2020-07-23 16:31:26,538] {spark_submit_hook.py:479} INFO - 20/07/23 16:31:26 INFO DAGScheduler: Submitting ResultStage 1 (MapPartitionsRDD[9] at showString at NativeMethodAccessorImpl.java:0), which has no missing parents
[2020-07-23 16:31:26,558] {logging_mixin.py:112} INFO - [2020-07-23 16:31:26,558] {spark_submit_hook.py:479} INFO - 20/07/23 16:31:26 INFO MemoryStore: Block broadcast_2 stored as values in memory (estimated size 11.2 KiB, free 366.0 MiB)
[2020-07-23 16:31:26,561] {logging_mixin.py:112} INFO - [2020-07-23 16:31:26,561] {spark_submit_hook.py:479} INFO - 20/07/23 16:31:26 INFO MemoryStore: Block broadcast_2_piece0 stored as bytes in memory (estimated size 5.8 KiB, free 366.0 MiB)
[2020-07-23 16:31:26,562] {logging_mixin.py:112} INFO - [2020-07-23 16:31:26,562] {spark_submit_hook.py:479} INFO - 20/07/23 16:31:26 INFO BlockManagerInfo: Added broadcast_2_piece0 in memory on 192.168.43.94:39389 (size: 5.8 KiB, free: 366.3 MiB)
[2020-07-23 16:31:26,563] {logging_mixin.py:112} INFO - [2020-07-23 16:31:26,563] {spark_submit_hook.py:479} INFO - 20/07/23 16:31:26 INFO SparkContext: Created broadcast 2 from broadcast at DAGScheduler.scala:1200
[2020-07-23 16:31:26,565] {logging_mixin.py:112} INFO - [2020-07-23 16:31:26,565] {spark_submit_hook.py:479} INFO - 20/07/23 16:31:26 INFO DAGScheduler: Submitting 1 missing tasks from ResultStage 1 (MapPartitionsRDD[9] at showString at NativeMethodAccessorImpl.java:0) (first 15 tasks are for partitions Vector(0))
[2020-07-23 16:31:26,566] {logging_mixin.py:112} INFO - [2020-07-23 16:31:26,565] {spark_submit_hook.py:479} INFO - 20/07/23 16:31:26 INFO TaskSchedulerImpl: Adding task set 1.0 with 1 tasks
[2020-07-23 16:31:26,587] {logging_mixin.py:112} INFO - [2020-07-23 16:31:26,587] {spark_submit_hook.py:479} INFO - 20/07/23 16:31:26 INFO TaskSetManager: Starting task 0.0 in stage 1.0 (TID 1, 192.168.43.94, executor driver, partition 0, PROCESS_LOCAL, 7493 bytes)
[2020-07-23 16:31:26,588] {logging_mixin.py:112} INFO - [2020-07-23 16:31:26,587] {spark_submit_hook.py:479} INFO - 20/07/23 16:31:26 INFO Executor: Running task 0.0 in stage 1.0 (TID 1)
[2020-07-23 16:31:26,679] {logging_mixin.py:112} INFO - [2020-07-23 16:31:26,678] {spark_submit_hook.py:479} INFO - 20/07/23 16:31:26 INFO PythonRunner: Times: total = 4, boot = -6056, init = 6060, finish = 0
[2020-07-23 16:31:26,684] {logging_mixin.py:112} INFO - [2020-07-23 16:31:26,684] {spark_submit_hook.py:479} INFO - 20/07/23 16:31:26 INFO Executor: Finished task 0.0 in stage 1.0 (TID 1). 2235 bytes result sent to driver
[2020-07-23 16:31:26,688] {logging_mixin.py:112} INFO - [2020-07-23 16:31:26,687] {spark_submit_hook.py:479} INFO - 20/07/23 16:31:26 INFO TaskSetManager: Finished task 0.0 in stage 1.0 (TID 1) in 120 ms on 192.168.43.94 (executor driver) (1/1)
[2020-07-23 16:31:26,689] {logging_mixin.py:112} INFO - [2020-07-23 16:31:26,688] {spark_submit_hook.py:479} INFO - 20/07/23 16:31:26 INFO TaskSchedulerImpl: Removed TaskSet 1.0, whose tasks have all completed, from pool
[2020-07-23 16:31:26,690] {logging_mixin.py:112} INFO - [2020-07-23 16:31:26,690] {spark_submit_hook.py:479} INFO - 20/07/23 16:31:26 INFO DAGScheduler: ResultStage 1 (showString at NativeMethodAccessorImpl.java:0) finished in 0.147 s
[2020-07-23 16:31:26,691] {logging_mixin.py:112} INFO - [2020-07-23 16:31:26,690] {spark_submit_hook.py:479} INFO - 20/07/23 16:31:26 INFO DAGScheduler: Job 1 is finished. Cancelling potential speculative or zombie tasks for this job
[2020-07-23 16:31:26,691] {logging_mixin.py:112} INFO - [2020-07-23 16:31:26,691] {spark_submit_hook.py:479} INFO - 20/07/23 16:31:26 INFO TaskSchedulerImpl: Killing all running tasks in stage 1: Stage finished
[2020-07-23 16:31:26,692] {logging_mixin.py:112} INFO - [2020-07-23 16:31:26,692] {spark_submit_hook.py:479} INFO - 20/07/23 16:31:26 INFO DAGScheduler: Job 1 finished: showString at NativeMethodAccessorImpl.java:0, took 0.171563 s
[2020-07-23 16:31:26,767] {logging_mixin.py:112} INFO - [2020-07-23 16:31:26,767] {spark_submit_hook.py:479} INFO - 20/07/23 16:31:26 INFO CodeGenerator: Code generated in 41.747364 ms
[2020-07-23 16:31:26,799] {logging_mixin.py:112} INFO - [2020-07-23 16:31:26,798] {spark_submit_hook.py:479} INFO - +------+------------+--------+
[2020-07-23 16:31:26,799] {logging_mixin.py:112} INFO - [2020-07-23 16:31:26,799] {spark_submit_hook.py:479} INFO - |    _1|          _2|      _3|
[2020-07-23 16:31:26,800] {logging_mixin.py:112} INFO - [2020-07-23 16:31:26,799] {spark_submit_hook.py:479} INFO - +------+------------+--------+
[2020-07-23 16:31:26,800] {logging_mixin.py:112} INFO - [2020-07-23 16:31:26,800] {spark_submit_hook.py:479} INFO - |PERSON|JOINING_YEAR| COMPANY|
[2020-07-23 16:31:26,800] {logging_mixin.py:112} INFO - [2020-07-23 16:31:26,800] {spark_submit_hook.py:479} INFO - |  John|        2018|  Google|
[2020-07-23 16:31:26,801] {logging_mixin.py:112} INFO - [2020-07-23 16:31:26,801] {spark_submit_hook.py:479} INFO - |   Sam|        2017|     IBM|
[2020-07-23 16:31:26,801] {logging_mixin.py:112} INFO - [2020-07-23 16:31:26,801] {spark_submit_hook.py:479} INFO - |  Jeff|        2014|   Yahoo|
[2020-07-23 16:31:26,801] {logging_mixin.py:112} INFO - [2020-07-23 16:31:26,801] {spark_submit_hook.py:479} INFO - | Allen|        2015|Facebook|
[2020-07-23 16:31:26,802] {logging_mixin.py:112} INFO - [2020-07-23 16:31:26,802] {spark_submit_hook.py:479} INFO - +------+------------+--------+
[2020-07-23 16:31:26,802] {logging_mixin.py:112} INFO - [2020-07-23 16:31:26,802] {spark_submit_hook.py:479} INFO - 
[2020-07-23 16:31:26,917] {logging_mixin.py:112} INFO - [2020-07-23 16:31:26,917] {spark_submit_hook.py:479} INFO - 20/07/23 16:31:26 INFO SparkContext: Invoking stop() from shutdown hook
[2020-07-23 16:31:26,930] {logging_mixin.py:112} INFO - [2020-07-23 16:31:26,929] {spark_submit_hook.py:479} INFO - 20/07/23 16:31:26 INFO SparkUI: Stopped Spark web UI at http://192.168.43.94:4043
[2020-07-23 16:31:26,953] {logging_mixin.py:112} INFO - [2020-07-23 16:31:26,953] {spark_submit_hook.py:479} INFO - 20/07/23 16:31:26 INFO MapOutputTrackerMasterEndpoint: MapOutputTrackerMasterEndpoint stopped!
[2020-07-23 16:31:26,967] {logging_mixin.py:112} INFO - [2020-07-23 16:31:26,967] {spark_submit_hook.py:479} INFO - 20/07/23 16:31:26 INFO MemoryStore: MemoryStore cleared
[2020-07-23 16:31:26,968] {logging_mixin.py:112} INFO - [2020-07-23 16:31:26,968] {spark_submit_hook.py:479} INFO - 20/07/23 16:31:26 INFO BlockManager: BlockManager stopped
[2020-07-23 16:31:26,976] {logging_mixin.py:112} INFO - [2020-07-23 16:31:26,976] {spark_submit_hook.py:479} INFO - 20/07/23 16:31:26 INFO BlockManagerMaster: BlockManagerMaster stopped
[2020-07-23 16:31:26,985] {logging_mixin.py:112} INFO - [2020-07-23 16:31:26,985] {spark_submit_hook.py:479} INFO - 20/07/23 16:31:26 INFO OutputCommitCoordinator$OutputCommitCoordinatorEndpoint: OutputCommitCoordinator stopped!
[2020-07-23 16:31:26,998] {logging_mixin.py:112} INFO - [2020-07-23 16:31:26,998] {spark_submit_hook.py:479} INFO - 20/07/23 16:31:26 INFO SparkContext: Successfully stopped SparkContext
[2020-07-23 16:31:26,999] {logging_mixin.py:112} INFO - [2020-07-23 16:31:26,998] {spark_submit_hook.py:479} INFO - 20/07/23 16:31:26 INFO ShutdownHookManager: Shutdown hook called
[2020-07-23 16:31:27,001] {logging_mixin.py:112} INFO - [2020-07-23 16:31:27,000] {spark_submit_hook.py:479} INFO - 20/07/23 16:31:27 INFO ShutdownHookManager: Deleting directory /tmp/spark-100803db-3c27-4d9b-b8c5-3d30f866f7c3
[2020-07-23 16:31:27,005] {logging_mixin.py:112} INFO - [2020-07-23 16:31:27,005] {spark_submit_hook.py:479} INFO - 20/07/23 16:31:27 INFO ShutdownHookManager: Deleting directory /tmp/spark-6ade7c7a-c133-433c-820d-07c2dc854e84
[2020-07-23 16:31:27,009] {logging_mixin.py:112} INFO - [2020-07-23 16:31:27,009] {spark_submit_hook.py:479} INFO - 20/07/23 16:31:27 INFO ShutdownHookManager: Deleting directory /tmp/spark-6ade7c7a-c133-433c-820d-07c2dc854e84/pyspark-ed88b6fa-b9ba-4b0f-a581-c74de301f860
[2020-07-23 16:31:27,064] {taskinstance.py:1052} INFO - Marking task as SUCCESS.dag_id=submit_data, task_id=spark_submit, execution_date=20200721T022400, start_date=20200723T110108, end_date=20200723T110127
[2020-07-23 16:31:28,442] {logging_mixin.py:112} INFO - [2020-07-23 16:31:28,441] {local_task_job.py:103} INFO - Task exited with return code 0
