[2020-07-23 16:05:11,527] {taskinstance.py:669} INFO - Dependencies all met for <TaskInstance: submit_data.spark_submit 2020-07-21T01:55:00+00:00 [queued]>
[2020-07-23 16:05:11,546] {taskinstance.py:669} INFO - Dependencies all met for <TaskInstance: submit_data.spark_submit 2020-07-21T01:55:00+00:00 [queued]>
[2020-07-23 16:05:11,546] {taskinstance.py:879} INFO - 
--------------------------------------------------------------------------------
[2020-07-23 16:05:11,546] {taskinstance.py:880} INFO - Starting attempt 1 of 1
[2020-07-23 16:05:11,546] {taskinstance.py:881} INFO - 
--------------------------------------------------------------------------------
[2020-07-23 16:05:11,720] {taskinstance.py:900} INFO - Executing <Task(SparkSubmitOperator): spark_submit> on 2020-07-21T01:55:00+00:00
[2020-07-23 16:05:11,725] {standard_task_runner.py:53} INFO - Started process 318378 to run task
[2020-07-23 16:05:11,928] {logging_mixin.py:112} INFO - Running %s on host %s <TaskInstance: submit_data.spark_submit 2020-07-21T01:55:00+00:00 [running]> bhakti-Vostro-3558
[2020-07-23 16:05:11,974] {logging_mixin.py:112} INFO - [2020-07-23 16:05:11,973] {base_hook.py:87} INFO - Using connection to: id: spark_local. Host: local, Port: None, Schema: None, Login: None, Password: None, extra: None
[2020-07-23 16:05:11,975] {logging_mixin.py:112} INFO - [2020-07-23 16:05:11,975] {spark_submit_hook.py:325} INFO - Spark-Submit cmd: spark-submit --master local --name airflow-spark /home/bhakti/airflow/spark_jobs/spark_test.py
[2020-07-23 16:05:15,038] {logging_mixin.py:112} INFO - [2020-07-23 16:05:15,038] {spark_submit_hook.py:479} INFO - 20/07/23 16:05:15 WARN Utils: Your hostname, bhakti-Vostro-3558 resolves to a loopback address: 127.0.1.1; using 192.168.43.94 instead (on interface wlp6s0)
[2020-07-23 16:05:15,040] {logging_mixin.py:112} INFO - [2020-07-23 16:05:15,040] {spark_submit_hook.py:479} INFO - 20/07/23 16:05:15 WARN Utils: Set SPARK_LOCAL_IP if you need to bind to another address
[2020-07-23 16:05:16,378] {logging_mixin.py:112} INFO - [2020-07-23 16:05:16,378] {spark_submit_hook.py:479} INFO - 20/07/23 16:05:16 WARN NativeCodeLoader: Unable to load native-hadoop library for your platform... using builtin-java classes where applicable
[2020-07-23 16:05:19,189] {logging_mixin.py:112} INFO - [2020-07-23 16:05:19,189] {spark_submit_hook.py:479} INFO - Using Spark's default log4j profile: org/apache/spark/log4j-defaults.properties
[2020-07-23 16:05:19,218] {logging_mixin.py:112} INFO - [2020-07-23 16:05:19,217] {spark_submit_hook.py:479} INFO - 20/07/23 16:05:19 INFO SparkContext: Running Spark version 3.0.0
[2020-07-23 16:05:19,376] {logging_mixin.py:112} INFO - [2020-07-23 16:05:19,376] {spark_submit_hook.py:479} INFO - 20/07/23 16:05:19 INFO ResourceUtils: ==============================================================
[2020-07-23 16:05:19,387] {logging_mixin.py:112} INFO - [2020-07-23 16:05:19,387] {spark_submit_hook.py:479} INFO - 20/07/23 16:05:19 INFO ResourceUtils: Resources for spark.driver:
[2020-07-23 16:05:19,388] {logging_mixin.py:112} INFO - [2020-07-23 16:05:19,388] {spark_submit_hook.py:479} INFO - 
[2020-07-23 16:05:19,389] {logging_mixin.py:112} INFO - [2020-07-23 16:05:19,389] {spark_submit_hook.py:479} INFO - 20/07/23 16:05:19 INFO ResourceUtils: ==============================================================
[2020-07-23 16:05:19,391] {logging_mixin.py:112} INFO - [2020-07-23 16:05:19,391] {spark_submit_hook.py:479} INFO - 20/07/23 16:05:19 INFO SparkContext: Submitted application: Spark_Test_Python
[2020-07-23 16:05:19,592] {logging_mixin.py:112} INFO - [2020-07-23 16:05:19,592] {spark_submit_hook.py:479} INFO - 20/07/23 16:05:19 INFO SecurityManager: Changing view acls to: bhakti
[2020-07-23 16:05:19,593] {logging_mixin.py:112} INFO - [2020-07-23 16:05:19,593] {spark_submit_hook.py:479} INFO - 20/07/23 16:05:19 INFO SecurityManager: Changing modify acls to: bhakti
[2020-07-23 16:05:19,596] {logging_mixin.py:112} INFO - [2020-07-23 16:05:19,596] {spark_submit_hook.py:479} INFO - 20/07/23 16:05:19 INFO SecurityManager: Changing view acls groups to:
[2020-07-23 16:05:19,598] {logging_mixin.py:112} INFO - [2020-07-23 16:05:19,598] {spark_submit_hook.py:479} INFO - 20/07/23 16:05:19 INFO SecurityManager: Changing modify acls groups to:
[2020-07-23 16:05:19,599] {logging_mixin.py:112} INFO - [2020-07-23 16:05:19,599] {spark_submit_hook.py:479} INFO - 20/07/23 16:05:19 INFO SecurityManager: SecurityManager: authentication disabled; ui acls disabled; users  with view permissions: Set(bhakti); groups with view permissions: Set(); users  with modify permissions: Set(bhakti); groups with modify permissions: Set()
[2020-07-23 16:05:20,345] {logging_mixin.py:112} INFO - [2020-07-23 16:05:20,345] {spark_submit_hook.py:479} INFO - 20/07/23 16:05:20 INFO Utils: Successfully started service 'sparkDriver' on port 41247.
[2020-07-23 16:05:20,415] {logging_mixin.py:112} INFO - [2020-07-23 16:05:20,414] {spark_submit_hook.py:479} INFO - 20/07/23 16:05:20 INFO SparkEnv: Registering MapOutputTracker
[2020-07-23 16:05:20,625] {logging_mixin.py:112} INFO - [2020-07-23 16:05:20,625] {spark_submit_hook.py:479} INFO - 20/07/23 16:05:20 INFO SparkEnv: Registering BlockManagerMaster
[2020-07-23 16:05:20,726] {logging_mixin.py:112} INFO - [2020-07-23 16:05:20,725] {spark_submit_hook.py:479} INFO - 20/07/23 16:05:20 INFO BlockManagerMasterEndpoint: Using org.apache.spark.storage.DefaultTopologyMapper for getting topology information
[2020-07-23 16:05:20,727] {logging_mixin.py:112} INFO - [2020-07-23 16:05:20,727] {spark_submit_hook.py:479} INFO - 20/07/23 16:05:20 INFO BlockManagerMasterEndpoint: BlockManagerMasterEndpoint up
[2020-07-23 16:05:20,751] {logging_mixin.py:112} INFO - [2020-07-23 16:05:20,751] {spark_submit_hook.py:479} INFO - 20/07/23 16:05:20 INFO SparkEnv: Registering BlockManagerMasterHeartbeat
[2020-07-23 16:05:20,780] {logging_mixin.py:112} INFO - [2020-07-23 16:05:20,780] {spark_submit_hook.py:479} INFO - 20/07/23 16:05:20 INFO DiskBlockManager: Created local directory at /tmp/blockmgr-f1cbc0de-99d3-41d2-b3b7-24b1b655f0ac
[2020-07-23 16:05:20,852] {logging_mixin.py:112} INFO - [2020-07-23 16:05:20,852] {spark_submit_hook.py:479} INFO - 20/07/23 16:05:20 INFO MemoryStore: MemoryStore started with capacity 366.3 MiB
[2020-07-23 16:05:20,888] {logging_mixin.py:112} INFO - [2020-07-23 16:05:20,888] {spark_submit_hook.py:479} INFO - 20/07/23 16:05:20 INFO SparkEnv: Registering OutputCommitCoordinator
[2020-07-23 16:05:21,807] {logging_mixin.py:112} INFO - [2020-07-23 16:05:21,806] {spark_submit_hook.py:479} INFO - 20/07/23 16:05:21 WARN Utils: Service 'SparkUI' could not bind on port 4040. Attempting port 4041.
[2020-07-23 16:05:21,807] {logging_mixin.py:112} INFO - [2020-07-23 16:05:21,807] {spark_submit_hook.py:479} INFO - 20/07/23 16:05:21 WARN Utils: Service 'SparkUI' could not bind on port 4041. Attempting port 4042.
[2020-07-23 16:05:21,809] {logging_mixin.py:112} INFO - [2020-07-23 16:05:21,809] {spark_submit_hook.py:479} INFO - 20/07/23 16:05:21 WARN Utils: Service 'SparkUI' could not bind on port 4042. Attempting port 4043.
[2020-07-23 16:05:21,810] {logging_mixin.py:112} INFO - [2020-07-23 16:05:21,810] {spark_submit_hook.py:479} INFO - 20/07/23 16:05:21 WARN Utils: Service 'SparkUI' could not bind on port 4043. Attempting port 4044.
[2020-07-23 16:05:21,811] {logging_mixin.py:112} INFO - [2020-07-23 16:05:21,811] {spark_submit_hook.py:479} INFO - 20/07/23 16:05:21 WARN Utils: Service 'SparkUI' could not bind on port 4044. Attempting port 4045.
[2020-07-23 16:05:21,829] {logging_mixin.py:112} INFO - [2020-07-23 16:05:21,828] {spark_submit_hook.py:479} INFO - 20/07/23 16:05:21 INFO Utils: Successfully started service 'SparkUI' on port 4045.
[2020-07-23 16:05:21,959] {logging_mixin.py:112} INFO - [2020-07-23 16:05:21,958] {spark_submit_hook.py:479} INFO - 20/07/23 16:05:21 INFO SparkUI: Bound SparkUI to 0.0.0.0, and started at http://192.168.43.94:4045
[2020-07-23 16:05:23,282] {logging_mixin.py:112} INFO - [2020-07-23 16:05:23,282] {spark_submit_hook.py:479} INFO - 20/07/23 16:05:23 INFO Executor: Starting executor ID driver on host 192.168.43.94
[2020-07-23 16:05:23,443] {logging_mixin.py:112} INFO - [2020-07-23 16:05:23,443] {spark_submit_hook.py:479} INFO - 20/07/23 16:05:23 INFO Utils: Successfully started service 'org.apache.spark.network.netty.NettyBlockTransferService' on port 36193.
[2020-07-23 16:05:23,444] {logging_mixin.py:112} INFO - [2020-07-23 16:05:23,444] {spark_submit_hook.py:479} INFO - 20/07/23 16:05:23 INFO NettyBlockTransferService: Server created on 192.168.43.94:36193
[2020-07-23 16:05:23,448] {logging_mixin.py:112} INFO - [2020-07-23 16:05:23,447] {spark_submit_hook.py:479} INFO - 20/07/23 16:05:23 INFO BlockManager: Using org.apache.spark.storage.RandomBlockReplicationPolicy for block replication policy
[2020-07-23 16:05:23,485] {logging_mixin.py:112} INFO - [2020-07-23 16:05:23,484] {spark_submit_hook.py:479} INFO - 20/07/23 16:05:23 INFO BlockManagerMaster: Registering BlockManager BlockManagerId(driver, 192.168.43.94, 36193, None)
[2020-07-23 16:05:23,500] {logging_mixin.py:112} INFO - [2020-07-23 16:05:23,500] {spark_submit_hook.py:479} INFO - 20/07/23 16:05:23 INFO BlockManagerMasterEndpoint: Registering block manager 192.168.43.94:36193 with 366.3 MiB RAM, BlockManagerId(driver, 192.168.43.94, 36193, None)
[2020-07-23 16:05:23,543] {logging_mixin.py:112} INFO - [2020-07-23 16:05:23,543] {spark_submit_hook.py:479} INFO - 20/07/23 16:05:23 INFO BlockManagerMaster: Registered BlockManager BlockManagerId(driver, 192.168.43.94, 36193, None)
[2020-07-23 16:05:23,563] {logging_mixin.py:112} INFO - [2020-07-23 16:05:23,563] {spark_submit_hook.py:479} INFO - 20/07/23 16:05:23 INFO BlockManager: Initialized BlockManager: BlockManagerId(driver, 192.168.43.94, 36193, None)
[2020-07-23 16:05:27,854] {logging_mixin.py:112} INFO - [2020-07-23 16:05:27,854] {spark_submit_hook.py:479} INFO - 20/07/23 16:05:27 INFO MemoryStore: Block broadcast_0 stored as values in memory (estimated size 241.5 KiB, free 366.1 MiB)
[2020-07-23 16:05:28,236] {logging_mixin.py:112} INFO - [2020-07-23 16:05:28,236] {spark_submit_hook.py:479} INFO - 20/07/23 16:05:28 INFO MemoryStore: Block broadcast_0_piece0 stored as bytes in memory (estimated size 23.4 KiB, free 366.0 MiB)
[2020-07-23 16:05:28,242] {logging_mixin.py:112} INFO - [2020-07-23 16:05:28,241] {spark_submit_hook.py:479} INFO - 20/07/23 16:05:28 INFO BlockManagerInfo: Added broadcast_0_piece0 in memory on 192.168.43.94:36193 (size: 23.4 KiB, free: 366.3 MiB)
[2020-07-23 16:05:28,276] {logging_mixin.py:112} INFO - [2020-07-23 16:05:28,275] {spark_submit_hook.py:479} INFO - 20/07/23 16:05:28 INFO SparkContext: Created broadcast 0 from textFile at NativeMethodAccessorImpl.java:0
[2020-07-23 16:05:29,380] {logging_mixin.py:112} INFO - [2020-07-23 16:05:29,380] {spark_submit_hook.py:479} INFO - 20/07/23 16:05:29 INFO FileInputFormat: Total input paths to process : 1
[2020-07-23 16:05:30,036] {logging_mixin.py:112} INFO - [2020-07-23 16:05:30,036] {spark_submit_hook.py:479} INFO - 20/07/23 16:05:30 INFO SparkContext: Starting job: collect at /home/bhakti/airflow/spark_jobs/spark_test.py:8
[2020-07-23 16:05:30,138] {logging_mixin.py:112} INFO - [2020-07-23 16:05:30,137] {spark_submit_hook.py:479} INFO - 20/07/23 16:05:30 INFO DAGScheduler: Got job 0 (collect at /home/bhakti/airflow/spark_jobs/spark_test.py:8) with 1 output partitions
[2020-07-23 16:05:30,150] {logging_mixin.py:112} INFO - [2020-07-23 16:05:30,145] {spark_submit_hook.py:479} INFO - 20/07/23 16:05:30 INFO DAGScheduler: Final stage: ResultStage 0 (collect at /home/bhakti/airflow/spark_jobs/spark_test.py:8)
[2020-07-23 16:05:30,154] {logging_mixin.py:112} INFO - [2020-07-23 16:05:30,153] {spark_submit_hook.py:479} INFO - 20/07/23 16:05:30 INFO DAGScheduler: Parents of final stage: List()
[2020-07-23 16:05:30,185] {logging_mixin.py:112} INFO - [2020-07-23 16:05:30,183] {spark_submit_hook.py:479} INFO - 20/07/23 16:05:30 INFO DAGScheduler: Missing parents: List()
[2020-07-23 16:05:30,235] {logging_mixin.py:112} INFO - [2020-07-23 16:05:30,235] {spark_submit_hook.py:479} INFO - 20/07/23 16:05:30 INFO DAGScheduler: Submitting ResultStage 0 (PythonRDD[2] at collect at /home/bhakti/airflow/spark_jobs/spark_test.py:8), which has no missing parents
[2020-07-23 16:05:30,540] {logging_mixin.py:112} INFO - [2020-07-23 16:05:30,539] {spark_submit_hook.py:479} INFO - 20/07/23 16:05:30 INFO MemoryStore: Block broadcast_1 stored as values in memory (estimated size 7.4 KiB, free 366.0 MiB)
[2020-07-23 16:05:30,564] {logging_mixin.py:112} INFO - [2020-07-23 16:05:30,564] {spark_submit_hook.py:479} INFO - 20/07/23 16:05:30 INFO MemoryStore: Block broadcast_1_piece0 stored as bytes in memory (estimated size 4.4 KiB, free 366.0 MiB)
[2020-07-23 16:05:30,571] {logging_mixin.py:112} INFO - [2020-07-23 16:05:30,570] {spark_submit_hook.py:479} INFO - 20/07/23 16:05:30 INFO BlockManagerInfo: Added broadcast_1_piece0 in memory on 192.168.43.94:36193 (size: 4.4 KiB, free: 366.3 MiB)
[2020-07-23 16:05:30,591] {logging_mixin.py:112} INFO - [2020-07-23 16:05:30,590] {spark_submit_hook.py:479} INFO - 20/07/23 16:05:30 INFO SparkContext: Created broadcast 1 from broadcast at DAGScheduler.scala:1200
[2020-07-23 16:05:30,742] {logging_mixin.py:112} INFO - [2020-07-23 16:05:30,742] {spark_submit_hook.py:479} INFO - 20/07/23 16:05:30 INFO DAGScheduler: Submitting 1 missing tasks from ResultStage 0 (PythonRDD[2] at collect at /home/bhakti/airflow/spark_jobs/spark_test.py:8) (first 15 tasks are for partitions Vector(0))
[2020-07-23 16:05:30,779] {logging_mixin.py:112} INFO - [2020-07-23 16:05:30,770] {spark_submit_hook.py:479} INFO - 20/07/23 16:05:30 INFO TaskSchedulerImpl: Adding task set 0.0 with 1 tasks
[2020-07-23 16:05:31,467] {logging_mixin.py:112} INFO - [2020-07-23 16:05:31,467] {spark_submit_hook.py:479} INFO - 20/07/23 16:05:31 INFO TaskSetManager: Starting task 0.0 in stage 0.0 (TID 0, 192.168.43.94, executor driver, partition 0, PROCESS_LOCAL, 7388 bytes)
[2020-07-23 16:05:31,628] {logging_mixin.py:112} INFO - [2020-07-23 16:05:31,627] {spark_submit_hook.py:479} INFO - 20/07/23 16:05:31 INFO Executor: Running task 0.0 in stage 0.0 (TID 0)
[2020-07-23 16:05:34,161] {logging_mixin.py:112} INFO - [2020-07-23 16:05:34,160] {spark_submit_hook.py:479} INFO - 20/07/23 16:05:34 INFO HadoopRDD: Input split: file:/home/bhakti/airflow/input_data/sample.csv:0+93
[2020-07-23 16:05:36,425] {logging_mixin.py:112} INFO - [2020-07-23 16:05:36,425] {spark_submit_hook.py:479} INFO - 20/07/23 16:05:36 INFO PythonRunner: Times: total = 2104, boot = 2048, init = 56, finish = 0
[2020-07-23 16:05:36,498] {logging_mixin.py:112} INFO - [2020-07-23 16:05:36,498] {spark_submit_hook.py:479} INFO - 20/07/23 16:05:36 INFO Executor: Finished task 0.0 in stage 0.0 (TID 0). 1822 bytes result sent to driver
[2020-07-23 16:05:36,522] {logging_mixin.py:112} INFO - [2020-07-23 16:05:36,522] {spark_submit_hook.py:479} INFO - 20/07/23 16:05:36 INFO TaskSetManager: Finished task 0.0 in stage 0.0 (TID 0) in 5220 ms on 192.168.43.94 (executor driver) (1/1)
[2020-07-23 16:05:36,532] {logging_mixin.py:112} INFO - [2020-07-23 16:05:36,531] {spark_submit_hook.py:479} INFO - 20/07/23 16:05:36 INFO TaskSchedulerImpl: Removed TaskSet 0.0, whose tasks have all completed, from pool
[2020-07-23 16:05:36,541] {logging_mixin.py:112} INFO - [2020-07-23 16:05:36,540] {spark_submit_hook.py:479} INFO - 20/07/23 16:05:36 INFO PythonAccumulatorV2: Connected to AccumulatorServer at host: 127.0.0.1 port: 40595
[2020-07-23 16:05:36,579] {logging_mixin.py:112} INFO - [2020-07-23 16:05:36,578] {spark_submit_hook.py:479} INFO - 20/07/23 16:05:36 INFO DAGScheduler: ResultStage 0 (collect at /home/bhakti/airflow/spark_jobs/spark_test.py:8) finished in 6.189 s
[2020-07-23 16:05:36,644] {logging_mixin.py:112} INFO - [2020-07-23 16:05:36,643] {spark_submit_hook.py:479} INFO - 20/07/23 16:05:36 INFO DAGScheduler: Job 0 is finished. Cancelling potential speculative or zombie tasks for this job
[2020-07-23 16:05:36,650] {logging_mixin.py:112} INFO - [2020-07-23 16:05:36,650] {spark_submit_hook.py:479} INFO - 20/07/23 16:05:36 INFO TaskSchedulerImpl: Killing all running tasks in stage 0: Stage finished
[2020-07-23 16:05:36,688] {logging_mixin.py:112} INFO - [2020-07-23 16:05:36,688] {spark_submit_hook.py:479} INFO - 20/07/23 16:05:36 INFO DAGScheduler: Job 0 finished: collect at /home/bhakti/airflow/spark_jobs/spark_test.py:8, took 6.647875 s
[2020-07-23 16:05:36,763] {logging_mixin.py:112} INFO - [2020-07-23 16:05:36,762] {spark_submit_hook.py:479} INFO - [('PERSON', 'JOINING_YEAR', 'COMPANY'), ('John', '2018', 'Google'), ('Sam', '2017', 'IBM'), ('Jeff', '2014', 'Yahoo'), ('Allen', '2015', 'Facebook')]
[2020-07-23 16:05:38,191] {logging_mixin.py:112} INFO - [2020-07-23 16:05:38,190] {spark_submit_hook.py:479} INFO - 20/07/23 16:05:38 INFO BlockManagerInfo: Removed broadcast_1_piece0 on 192.168.43.94:36193 in memory (size: 4.4 KiB, free: 366.3 MiB)
[2020-07-23 16:05:40,175] {logging_mixin.py:112} INFO - [2020-07-23 16:05:40,174] {spark_submit_hook.py:479} INFO - 20/07/23 16:05:40 INFO SharedState: Setting hive.metastore.warehouse.dir ('null') to the value of spark.sql.warehouse.dir ('file:/home/bhakti/airflow/spark-warehouse').
[2020-07-23 16:05:40,175] {logging_mixin.py:112} INFO - [2020-07-23 16:05:40,175] {spark_submit_hook.py:479} INFO - 20/07/23 16:05:40 INFO SharedState: Warehouse path is 'file:/home/bhakti/airflow/spark-warehouse'.
[2020-07-23 16:06:04,854] {logging_mixin.py:112} INFO - [2020-07-23 16:06:04,852] {spark_submit_hook.py:479} INFO - 20/07/23 16:06:04 INFO CodeGenerator: Code generated in 2143.889887 ms
[2020-07-23 16:06:05,234] {logging_mixin.py:112} INFO - [2020-07-23 16:06:05,234] {spark_submit_hook.py:479} INFO - 20/07/23 16:06:05 INFO SparkContext: Starting job: showString at NativeMethodAccessorImpl.java:0
[2020-07-23 16:06:05,250] {logging_mixin.py:112} INFO - [2020-07-23 16:06:05,249] {spark_submit_hook.py:479} INFO - 20/07/23 16:06:05 INFO DAGScheduler: Got job 1 (showString at NativeMethodAccessorImpl.java:0) with 1 output partitions
[2020-07-23 16:06:05,254] {logging_mixin.py:112} INFO - [2020-07-23 16:06:05,254] {spark_submit_hook.py:479} INFO - 20/07/23 16:06:05 INFO DAGScheduler: Final stage: ResultStage 1 (showString at NativeMethodAccessorImpl.java:0)
[2020-07-23 16:06:05,255] {logging_mixin.py:112} INFO - [2020-07-23 16:06:05,254] {spark_submit_hook.py:479} INFO - 20/07/23 16:06:05 INFO DAGScheduler: Parents of final stage: List()
[2020-07-23 16:06:05,257] {logging_mixin.py:112} INFO - [2020-07-23 16:06:05,256] {spark_submit_hook.py:479} INFO - 20/07/23 16:06:05 INFO DAGScheduler: Missing parents: List()
[2020-07-23 16:06:05,264] {logging_mixin.py:112} INFO - [2020-07-23 16:06:05,263] {spark_submit_hook.py:479} INFO - 20/07/23 16:06:05 INFO DAGScheduler: Submitting ResultStage 1 (MapPartitionsRDD[9] at showString at NativeMethodAccessorImpl.java:0), which has no missing parents
[2020-07-23 16:06:05,455] {logging_mixin.py:112} INFO - [2020-07-23 16:06:05,454] {spark_submit_hook.py:479} INFO - 20/07/23 16:06:05 INFO MemoryStore: Block broadcast_2 stored as values in memory (estimated size 11.2 KiB, free 366.0 MiB)
[2020-07-23 16:06:05,494] {logging_mixin.py:112} INFO - [2020-07-23 16:06:05,493] {spark_submit_hook.py:479} INFO - 20/07/23 16:06:05 INFO MemoryStore: Block broadcast_2_piece0 stored as bytes in memory (estimated size 5.8 KiB, free 366.0 MiB)
[2020-07-23 16:06:05,510] {logging_mixin.py:112} INFO - [2020-07-23 16:06:05,507] {spark_submit_hook.py:479} INFO - 20/07/23 16:06:05 INFO BlockManagerInfo: Added broadcast_2_piece0 in memory on 192.168.43.94:36193 (size: 5.8 KiB, free: 366.3 MiB)
[2020-07-23 16:06:05,524] {logging_mixin.py:112} INFO - [2020-07-23 16:06:05,524] {spark_submit_hook.py:479} INFO - 20/07/23 16:06:05 INFO SparkContext: Created broadcast 2 from broadcast at DAGScheduler.scala:1200
[2020-07-23 16:06:05,541] {logging_mixin.py:112} INFO - [2020-07-23 16:06:05,538] {spark_submit_hook.py:479} INFO - 20/07/23 16:06:05 INFO DAGScheduler: Submitting 1 missing tasks from ResultStage 1 (MapPartitionsRDD[9] at showString at NativeMethodAccessorImpl.java:0) (first 15 tasks are for partitions Vector(0))
[2020-07-23 16:06:05,552] {logging_mixin.py:112} INFO - [2020-07-23 16:06:05,551] {spark_submit_hook.py:479} INFO - 20/07/23 16:06:05 INFO TaskSchedulerImpl: Adding task set 1.0 with 1 tasks
[2020-07-23 16:06:05,683] {logging_mixin.py:112} INFO - [2020-07-23 16:06:05,683] {spark_submit_hook.py:479} INFO - 20/07/23 16:06:05 INFO TaskSetManager: Starting task 0.0 in stage 1.0 (TID 1, 192.168.43.94, executor driver, partition 0, PROCESS_LOCAL, 7493 bytes)
[2020-07-23 16:06:05,695] {logging_mixin.py:112} INFO - [2020-07-23 16:06:05,694] {spark_submit_hook.py:479} INFO - 20/07/23 16:06:05 INFO Executor: Running task 0.0 in stage 1.0 (TID 1)
[2020-07-23 16:06:06,346] {logging_mixin.py:112} INFO - [2020-07-23 16:06:06,345] {spark_submit_hook.py:479} INFO - 20/07/23 16:06:06 INFO PythonRunner: Times: total = 18, boot = -29785, init = 29802, finish = 1
[2020-07-23 16:06:06,396] {logging_mixin.py:112} INFO - [2020-07-23 16:06:06,395] {spark_submit_hook.py:479} INFO - 20/07/23 16:06:06 INFO Executor: Finished task 0.0 in stage 1.0 (TID 1). 2235 bytes result sent to driver
[2020-07-23 16:06:06,415] {logging_mixin.py:112} INFO - [2020-07-23 16:06:06,415] {spark_submit_hook.py:479} INFO - 20/07/23 16:06:06 INFO TaskSetManager: Finished task 0.0 in stage 1.0 (TID 1) in 853 ms on 192.168.43.94 (executor driver) (1/1)
[2020-07-23 16:06:06,427] {logging_mixin.py:112} INFO - [2020-07-23 16:06:06,426] {spark_submit_hook.py:479} INFO - 20/07/23 16:06:06 INFO TaskSchedulerImpl: Removed TaskSet 1.0, whose tasks have all completed, from pool
[2020-07-23 16:06:06,443] {logging_mixin.py:112} INFO - [2020-07-23 16:06:06,443] {spark_submit_hook.py:479} INFO - 20/07/23 16:06:06 INFO DAGScheduler: ResultStage 1 (showString at NativeMethodAccessorImpl.java:0) finished in 1.147 s
[2020-07-23 16:06:06,452] {logging_mixin.py:112} INFO - [2020-07-23 16:06:06,450] {spark_submit_hook.py:479} INFO - 20/07/23 16:06:06 INFO DAGScheduler: Job 1 is finished. Cancelling potential speculative or zombie tasks for this job
[2020-07-23 16:06:06,452] {logging_mixin.py:112} INFO - [2020-07-23 16:06:06,452] {spark_submit_hook.py:479} INFO - 20/07/23 16:06:06 INFO TaskSchedulerImpl: Killing all running tasks in stage 1: Stage finished
[2020-07-23 16:06:06,463] {logging_mixin.py:112} INFO - [2020-07-23 16:06:06,463] {spark_submit_hook.py:479} INFO - 20/07/23 16:06:06 INFO DAGScheduler: Job 1 finished: showString at NativeMethodAccessorImpl.java:0, took 1.221126 s
[2020-07-23 16:06:06,934] {logging_mixin.py:112} INFO - [2020-07-23 16:06:06,933] {spark_submit_hook.py:479} INFO - 20/07/23 16:06:06 INFO CodeGenerator: Code generated in 271.937864 ms
[2020-07-23 16:06:07,070] {logging_mixin.py:112} INFO - [2020-07-23 16:06:07,069] {spark_submit_hook.py:479} INFO - +------+------------+--------+
[2020-07-23 16:06:07,070] {logging_mixin.py:112} INFO - [2020-07-23 16:06:07,070] {spark_submit_hook.py:479} INFO - |    _1|          _2|      _3|
[2020-07-23 16:06:07,070] {logging_mixin.py:112} INFO - [2020-07-23 16:06:07,070] {spark_submit_hook.py:479} INFO - +------+------------+--------+
[2020-07-23 16:06:07,071] {logging_mixin.py:112} INFO - [2020-07-23 16:06:07,070] {spark_submit_hook.py:479} INFO - |PERSON|JOINING_YEAR| COMPANY|
[2020-07-23 16:06:07,071] {logging_mixin.py:112} INFO - [2020-07-23 16:06:07,071] {spark_submit_hook.py:479} INFO - |  John|        2018|  Google|
[2020-07-23 16:06:07,071] {logging_mixin.py:112} INFO - [2020-07-23 16:06:07,071] {spark_submit_hook.py:479} INFO - |   Sam|        2017|     IBM|
[2020-07-23 16:06:07,071] {logging_mixin.py:112} INFO - [2020-07-23 16:06:07,071] {spark_submit_hook.py:479} INFO - |  Jeff|        2014|   Yahoo|
[2020-07-23 16:06:07,072] {logging_mixin.py:112} INFO - [2020-07-23 16:06:07,071] {spark_submit_hook.py:479} INFO - | Allen|        2015|Facebook|
[2020-07-23 16:06:07,072] {logging_mixin.py:112} INFO - [2020-07-23 16:06:07,072] {spark_submit_hook.py:479} INFO - +------+------------+--------+
[2020-07-23 16:06:07,072] {logging_mixin.py:112} INFO - [2020-07-23 16:06:07,072] {spark_submit_hook.py:479} INFO - 
[2020-07-23 16:06:07,362] {logging_mixin.py:112} INFO - [2020-07-23 16:06:07,361] {spark_submit_hook.py:479} INFO - 20/07/23 16:06:07 INFO SparkContext: Invoking stop() from shutdown hook
[2020-07-23 16:06:07,412] {logging_mixin.py:112} INFO - [2020-07-23 16:06:07,412] {spark_submit_hook.py:479} INFO - 20/07/23 16:06:07 INFO SparkUI: Stopped Spark web UI at http://192.168.43.94:4045
[2020-07-23 16:06:07,473] {logging_mixin.py:112} INFO - [2020-07-23 16:06:07,473] {spark_submit_hook.py:479} INFO - 20/07/23 16:06:07 INFO MapOutputTrackerMasterEndpoint: MapOutputTrackerMasterEndpoint stopped!
[2020-07-23 16:06:07,528] {logging_mixin.py:112} INFO - [2020-07-23 16:06:07,528] {spark_submit_hook.py:479} INFO - 20/07/23 16:06:07 INFO MemoryStore: MemoryStore cleared
[2020-07-23 16:06:07,550] {logging_mixin.py:112} INFO - [2020-07-23 16:06:07,550] {spark_submit_hook.py:479} INFO - 20/07/23 16:06:07 INFO BlockManager: BlockManager stopped
[2020-07-23 16:06:07,562] {logging_mixin.py:112} INFO - [2020-07-23 16:06:07,562] {spark_submit_hook.py:479} INFO - 20/07/23 16:06:07 INFO BlockManagerMaster: BlockManagerMaster stopped
[2020-07-23 16:06:07,578] {logging_mixin.py:112} INFO - [2020-07-23 16:06:07,578] {spark_submit_hook.py:479} INFO - 20/07/23 16:06:07 INFO OutputCommitCoordinator$OutputCommitCoordinatorEndpoint: OutputCommitCoordinator stopped!
[2020-07-23 16:06:07,710] {logging_mixin.py:112} INFO - [2020-07-23 16:06:07,709] {spark_submit_hook.py:479} INFO - 20/07/23 16:06:07 INFO SparkContext: Successfully stopped SparkContext
[2020-07-23 16:06:07,712] {logging_mixin.py:112} INFO - [2020-07-23 16:06:07,711] {spark_submit_hook.py:479} INFO - 20/07/23 16:06:07 INFO ShutdownHookManager: Shutdown hook called
[2020-07-23 16:06:07,713] {logging_mixin.py:112} INFO - [2020-07-23 16:06:07,712] {spark_submit_hook.py:479} INFO - 20/07/23 16:06:07 INFO ShutdownHookManager: Deleting directory /tmp/spark-41490291-4574-4144-8b74-a7002458858c
[2020-07-23 16:06:07,726] {logging_mixin.py:112} INFO - [2020-07-23 16:06:07,725] {spark_submit_hook.py:479} INFO - 20/07/23 16:06:07 INFO ShutdownHookManager: Deleting directory /tmp/spark-822709f8-a721-4f9b-87f3-5f01686b57b8/pyspark-43a37d87-27bc-42ba-9f47-19e8eb09ca00
[2020-07-23 16:06:07,733] {logging_mixin.py:112} INFO - [2020-07-23 16:06:07,732] {spark_submit_hook.py:479} INFO - 20/07/23 16:06:07 INFO ShutdownHookManager: Deleting directory /tmp/spark-822709f8-a721-4f9b-87f3-5f01686b57b8
[2020-07-23 16:06:07,823] {taskinstance.py:1052} INFO - Marking task as SUCCESS.dag_id=submit_data, task_id=spark_submit, execution_date=20200721T015500, start_date=20200723T103511, end_date=20200723T103607
[2020-07-23 16:06:08,199] {logging_mixin.py:112} INFO - [2020-07-23 16:06:08,198] {local_task_job.py:103} INFO - Task exited with return code 0
